Cloning into 'fstarlang_binaries'...
Already on 'master'
Cloning into 'mitls-fstar'...
Already on 'master'
Cloning into 'vale'...
Already on 'master'
Cloning into 'FStar'...
Checking out files:  21% (595/2816)   Checking out files:  22% (620/2816)   Checking out files:  23% (648/2816)   Checking out files:  24% (676/2816)   Checking out files:  25% (704/2816)   Checking out files:  26% (733/2816)   Checking out files:  27% (761/2816)   Checking out files:  28% (789/2816)   Checking out files:  29% (817/2816)   Checking out files:  30% (845/2816)   Checking out files:  31% (873/2816)   Checking out files:  32% (902/2816)   Checking out files:  33% (930/2816)   Checking out files:  34% (958/2816)   Checking out files:  35% (986/2816)   Checking out files:  36% (1014/2816)   Checking out files:  37% (1042/2816)   Checking out files:  38% (1071/2816)   Checking out files:  39% (1099/2816)   Checking out files:  40% (1127/2816)   Checking out files:  41% (1155/2816)   Checking out files:  41% (1172/2816)   Checking out files:  42% (1183/2816)   Checking out files:  43% (1211/2816)   Checking out files:  44% (1240/2816)   Checking out files:  45% (1268/2816)   Checking out files:  46% (1296/2816)   Checking out files:  47% (1324/2816)   Checking out files:  48% (1352/2816)   Checking out files:  49% (1380/2816)   Checking out files:  50% (1408/2816)   Checking out files:  51% (1437/2816)   Checking out files:  52% (1465/2816)   Checking out files:  53% (1493/2816)   Checking out files:  54% (1521/2816)   Checking out files:  55% (1549/2816)   Checking out files:  56% (1577/2816)   Checking out files:  57% (1606/2816)   Checking out files:  58% (1634/2816)   Checking out files:  59% (1662/2816)   Checking out files:  60% (1690/2816)   Checking out files:  61% (1718/2816)   Checking out files:  62% (1746/2816)   Checking out files:  62% (1751/2816)   Checking out files:  63% (1775/2816)   Checking out files:  64% (1803/2816)   Checking out files:  65% (1831/2816)   Checking out files:  66% (1859/2816)   Checking out files:  67% (1887/2816)   Checking out files:  68% (1915/2816)   Checking out files:  69% (1944/2816)   Checking out files:  70% (1972/2816)   Checking out files:  71% (2000/2816)   Checking out files:  72% (2028/2816)   Checking out files:  73% (2056/2816)   Checking out files:  74% (2084/2816)   Checking out files:  75% (2112/2816)   Checking out files:  76% (2141/2816)   Checking out files:  77% (2169/2816)   Checking out files:  78% (2197/2816)   Checking out files:  79% (2225/2816)   Checking out files:  80% (2253/2816)   Checking out files:  80% (2272/2816)   Checking out files:  81% (2281/2816)   Checking out files:  82% (2310/2816)   Checking out files:  83% (2338/2816)   Checking out files:  84% (2366/2816)   Checking out files:  85% (2394/2816)   Checking out files:  86% (2422/2816)   Checking out files:  87% (2450/2816)   Checking out files:  88% (2479/2816)   Checking out files:  89% (2507/2816)   Checking out files:  90% (2535/2816)   Checking out files:  91% (2563/2816)   Checking out files:  92% (2591/2816)   Checking out files:  93% (2619/2816)   Checking out files:  94% (2648/2816)   Checking out files:  95% (2676/2816)   Checking out files:  96% (2704/2816)   Checking out files:  97% (2732/2816)   Checking out files:  98% (2760/2816)   Checking out files:  99% (2788/2816)   Checking out files: 100% (2816/2816)   Checking out files: 100% (2816/2816), done.
Already on 'master'
Cloning into 'MLCrypto'...
Submodule 'openssl' (https://github.com/openssl/openssl) registered for path 'openssl'
Cloning into '/cygdrive/c/build/agent1/_work/5/s/MLCrypto/openssl'...
Submodule 'boringssl' (https://boringssl.googlesource.com/boringssl) registered for path 'openssl/boringssl'
Submodule 'krb5' (https://github.com/krb5/krb5) registered for path 'openssl/krb5'
Submodule 'pyca.cryptography' (https://github.com/pyca/cryptography.git) registered for path 'openssl/pyca-cryptography'
Cloning into '/cygdrive/c/build/agent1/_work/5/s/MLCrypto/openssl/boringssl'...
Cloning into '/cygdrive/c/build/agent1/_work/5/s/MLCrypto/openssl/krb5'...
Cloning into '/cygdrive/c/build/agent1/_work/5/s/MLCrypto/openssl/pyca-cryptography'...
Already on 'master'
Cloning into 'hacl-star'...
Checking out files:  11% (623/5288)   Checking out files:  12% (635/5288)   Checking out files:  13% (688/5288)   Checking out files:  14% (741/5288)   Checking out files:  15% (794/5288)   Checking out files:  16% (847/5288)   Checking out files:  17% (899/5288)   Checking out files:  18% (952/5288)   Checking out files:  19% (1005/5288)   Checking out files:  20% (1058/5288)   Checking out files:  21% (1111/5288)   Checking out files:  22% (1164/5288)   Checking out files:  23% (1217/5288)   Checking out files:  24% (1270/5288)   Checking out files:  24% (1280/5288)   Checking out files:  25% (1322/5288)   Checking out files:  26% (1375/5288)   Checking out files:  27% (1428/5288)   Checking out files:  28% (1481/5288)   Checking out files:  29% (1534/5288)   Checking out files:  30% (1587/5288)   Checking out files:  31% (1640/5288)   Checking out files:  32% (1693/5288)   Checking out files:  33% (1746/5288)   Checking out files:  34% (1798/5288)   Checking out files:  35% (1851/5288)   Checking out files:  36% (1904/5288)   Checking out files:  36% (1948/5288)   Checking out files:  37% (1957/5288)   Checking out files:  38% (2010/5288)   Checking out files:  39% (2063/5288)   Checking out files:  40% (2116/5288)   Checking out files:  41% (2169/5288)   Checking out files:  42% (2221/5288)   Checking out files:  43% (2274/5288)   Checking out files:  44% (2327/5288)   Checking out files:  45% (2380/5288)   Checking out files:  46% (2433/5288)   Checking out files:  47% (2486/5288)   Checking out files:  48% (2539/5288)   Checking out files:  49% (2592/5288)   Checking out files:  49% (2605/5288)   Checking out files:  50% (2644/5288)   Checking out files:  51% (2697/5288)   Checking out files:  52% (2750/5288)   Checking out files:  53% (2803/5288)   Checking out files:  54% (2856/5288)   Checking out files:  55% (2909/5288)   Checking out files:  56% (2962/5288)   Checking out files:  57% (3015/5288)   Checking out files:  58% (3068/5288)   Checking out files:  59% (3120/5288)   Checking out files:  60% (3173/5288)   Checking out files:  61% (3226/5288)   Checking out files:  61% (3263/5288)   Checking out files:  62% (3279/5288)   Checking out files:  63% (3332/5288)   Checking out files:  64% (3385/5288)   Checking out files:  65% (3438/5288)   Checking out files:  66% (3491/5288)   Checking out files:  67% (3543/5288)   Checking out files:  68% (3596/5288)   Checking out files:  69% (3649/5288)   Checking out files:  70% (3702/5288)   Checking out files:  71% (3755/5288)   Checking out files:  72% (3808/5288)   Checking out files:  73% (3861/5288)   Checking out files:  74% (3914/5288)   Checking out files:  74% (3941/5288)   Checking out files:  75% (3966/5288)   Checking out files:  76% (4019/5288)   Checking out files:  77% (4072/5288)   Checking out files:  78% (4125/5288)   Checking out files:  79% (4178/5288)   Checking out files:  80% (4231/5288)   Checking out files:  81% (4284/5288)   Checking out files:  82% (4337/5288)   Checking out files:  83% (4390/5288)   Checking out files:  84% (4442/5288)   Checking out files:  85% (4495/5288)   Checking out files:  86% (4548/5288)   Checking out files:  87% (4601/5288)   Checking out files:  87% (4602/5288)   Checking out files:  88% (4654/5288)   Checking out files:  89% (4707/5288)   Checking out files:  90% (4760/5288)   Checking out files:  91% (4813/5288)   Checking out files:  92% (4865/5288)   Checking out files:  93% (4918/5288)   Checking out files:  94% (4971/5288)   Checking out files:  95% (5024/5288)   Checking out files:  96% (5077/5288)   Checking out files:  97% (5130/5288)   Checking out files:  98% (5183/5288)   Checking out files:  99% (5236/5288)   Checking out files: 100% (5288/5288)   Checking out files: 100% (5288/5288), done.
Submodule 'other_providers/libsodium' (https://github.com/jedisct1/libsodium.git) registered for path 'other_providers/libsodium'
Submodule 'other_providers/openssl' (https://github.com/openssl/openssl.git) registered for path 'other_providers/openssl'
Submodule 'other_providers/vale' (https://github.com/project-everest/vale.git) registered for path 'other_providers/vale'
Cloning into '/cygdrive/c/build/agent1/_work/5/s/hacl-star/other_providers/libsodium'...
Cloning into '/cygdrive/c/build/agent1/_work/5/s/hacl-star/other_providers/openssl'...
Cloning into '/cygdrive/c/build/agent1/_work/5/s/hacl-star/other_providers/vale'...
Submodule 'boringssl' (https://boringssl.googlesource.com/boringssl) registered for path 'other_providers/openssl/boringssl'
Submodule 'krb5' (https://github.com/krb5/krb5) registered for path 'other_providers/openssl/krb5'
Submodule 'pyca.cryptography' (https://github.com/pyca/cryptography.git) registered for path 'other_providers/openssl/pyca-cryptography'
Cloning into '/cygdrive/c/build/agent1/_work/5/s/hacl-star/other_providers/openssl/boringssl'...
Cloning into '/cygdrive/c/build/agent1/_work/5/s/hacl-star/other_providers/openssl/krb5'...
Cloning into '/cygdrive/c/build/agent1/_work/5/s/hacl-star/other_providers/openssl/pyca-cryptography'...
warning: unable to rmdir other_providers/libsodium: Directory not empty
warning: unable to rmdir other_providers/vale: Directory not empty
Switched to a new branch 'fstar-master'
warning: unable to rmdir krb5: Directory not empty
Cloning into 'kremlin'...
Already on 'fstar-master'
warning: unable to rmdir other_providers/libsodium: Directory not empty
warning: unable to rmdir other_providers/vale: Directory not empty
Warning: you are using the standard library and/or the %inline keyword. We
recommend switching on --infer in order to avoid obscure type error messages.
prims.fst(0,0-0,0): (Warning 241) Absent cache file prims.fst.checked.lax; will recheck prims.fst and all subsequent files
FStar.Pervasives.Native.fst(0,0-0,0): (Warning 241) Absent cache file FStar.Pervasives.Native.fst.checked.lax; will recheck FStar.Pervasives.Native.fst and all subsequent files
FStar.Pervasives.fst(0,0-0,0): (Warning 241) Absent cache file FStar.Pervasives.fst.checked.lax; will recheck FStar.Pervasives.fst and all subsequent files
FStar.Squash.fsti(0,0-0,0): (Warning 241) Absent cache file FStar.Squash.fsti.checked.lax; will recheck FStar.Squash.fsti and all subsequent files
FStar.Ghost.fsti(0,0-0,0): (Warning 241) Absent cache file FStar.Ghost.fsti.checked.lax; will recheck FStar.Ghost.fsti and all subsequent files
FStar.Classical.fsti(0,0-0,0): (Warning 241) Absent cache file FStar.Classical.fsti.checked.lax; will recheck FStar.Classical.fsti and all subsequent files
FStar.StrongExcludedMiddle.fst(0,0-0,0): (Warning 241) Absent cache file FStar.StrongExcludedMiddle.fst.checked.lax; will recheck FStar.StrongExcludedMiddle.fst and all subsequent files
FStar.Mul.fst(0,0-0,0): (Warning 241) Absent cache file FStar.Mul.fst.checked.lax; will recheck FStar.Mul.fst and all subsequent files
FStar.Preorder.fst(0,0-0,0): (Warning 241) Absent cache file FStar.Preorder.fst.checked.lax; will recheck FStar.Preorder.fst and all subsequent files
FStar.FunctionalExtensionality.fst(0,0-0,0): (Warning 241) Absent cache file FStar.FunctionalExtensionality.fst.checked.lax; will recheck FStar.FunctionalExtensionality.fst and all subsequent files
FStar.PropositionalExtensionality.fst(0,0-0,0): (Warning 241) Absent cache file FStar.PropositionalExtensionality.fst.checked.lax; will recheck FStar.PropositionalExtensionality.fst and all subsequent files
FStar.Exn.fst(0,0-0,0): (Warning 241) Absent cache file FStar.Exn.fst.checked.lax; will recheck FStar.Exn.fst and all subsequent files
FStar.DependentMap.fst(0,0-0,0): (Warning 241) Absent cache file FStar.DependentMap.fst.checked.lax; will recheck FStar.DependentMap.fst and all subsequent files
FStar.MarkovsPrinciple.fst(0,0-0,0): (Warning 241) Absent cache file FStar.MarkovsPrinciple.fst.checked.lax; will recheck FStar.MarkovsPrinciple.fst and all subsequent files
FStar.Float.fsti(0,0-0,0): (Warning 241) Absent cache file FStar.Float.fsti.checked.lax; will recheck FStar.Float.fsti and all subsequent files
FStar.IndefiniteDescription.fst(0,0-0,0): (Warning 241) Absent cache file FStar.IndefiniteDescription.fst.checked.lax; will recheck FStar.IndefiniteDescription.fst and all subsequent files
FStar.WellFounded.fst(0,0-0,0): (Warning 241) Absent cache file FStar.WellFounded.fst.checked.lax; will recheck FStar.WellFounded.fst and all subsequent files
FStar.SquashEffect.fst(0,0-0,0): (Warning 241) Absent cache file FStar.SquashEffect.fst.checked.lax; will recheck FStar.SquashEffect.fst and all subsequent files
FStar.Constructive.fst(0,0-0,0): (Warning 241) Absent cache file FStar.Constructive.fst.checked.lax; will recheck FStar.Constructive.fst and all subsequent files
FStar.Squash.fst(0,0-0,0): (Warning 241) Absent cache file FStar.Squash.fst.checked.lax; will recheck FStar.Squash.fst and all subsequent files
FStar.ErasedLogic.fst(0,0-0,0): (Warning 241) Absent cache file FStar.ErasedLogic.fst.checked.lax; will recheck FStar.ErasedLogic.fst and all subsequent files
FStar.Classical.fst(0,0-0,0): (Warning 241) Absent cache file FStar.Classical.fst.checked.lax; will recheck FStar.Classical.fst and all subsequent files
FStar.Math.Lib.fst(0,0-0,0): (Warning 241) Absent cache file FStar.Math.Lib.fst.checked.lax; will recheck FStar.Math.Lib.fst and all subsequent files
FStar.Int.fst(0,0-0,0): (Warning 241) Absent cache file FStar.Int.fst.checked.lax; will recheck FStar.Int.fst and all subsequent files
FStar.List.Tot.Base.fst(0,0-0,0): (Warning 241) Absent cache file FStar.List.Tot.Base.fst.checked.lax; will recheck FStar.List.Tot.Base.fst and all subsequent files
FStar.PredicateExtensionality.fst(0,0-0,0): (Warning 241) Absent cache file FStar.PredicateExtensionality.fst.checked.lax; will recheck FStar.PredicateExtensionality.fst and all subsequent files
FStar.Monotonic.Witnessed.fsti(0,0-0,0): (Warning 241) Absent cache file FStar.Monotonic.Witnessed.fsti.checked.lax; will recheck FStar.Monotonic.Witnessed.fsti and all subsequent files
FStar.Set.fst(0,0-0,0): (Warning 241) Absent cache file FStar.Set.fst.checked.lax; will recheck FStar.Set.fst and all subsequent files
FStar.Algebra.CommMonoid.fst(0,0-0,0): (Warning 241) Absent cache file FStar.Algebra.CommMonoid.fst.checked.lax; will recheck FStar.Algebra.CommMonoid.fst and all subsequent files
FStar.Algebra.Monoid.fst(0,0-0,0): (Warning 241) Absent cache file FStar.Algebra.Monoid.fst.checked.lax; will recheck FStar.Algebra.Monoid.fst and all subsequent files
FStar.Universe.fst(0,0-0,0): (Warning 241) Absent cache file FStar.Universe.fst.checked.lax; will recheck FStar.Universe.fst and all subsequent files
FStar.SquashProperties.fst(0,0-0,0): (Warning 241) Absent cache file FStar.SquashProperties.fst.checked.lax; will recheck FStar.SquashProperties.fst and all subsequent files
FStar.List.Pure.Base.fst(0,0-0,0): (Warning 241) Absent cache file FStar.List.Pure.Base.fst.checked.lax; will recheck FStar.List.Pure.Base.fst and all subsequent files
FStar.TSet.fst(0,0-0,0): (Warning 241) Absent cache file FStar.TSet.fst.checked.lax; will recheck FStar.TSet.fst and all subsequent files
FStar.Map.fst(0,0-0,0): (Warning 241) Absent cache file FStar.Map.fst.checked.lax; will recheck FStar.Map.fst and all subsequent files
FStar.Monotonic.Witnessed.fst(0,0-0,0): (Warning 241) Absent cache file FStar.Monotonic.Witnessed.fst.checked.lax; will recheck FStar.Monotonic.Witnessed.fst and all subsequent files
FStar.Math.Lemmas.fst(0,0-0,0): (Warning 241) Absent cache file FStar.Math.Lemmas.fst.checked.lax; will recheck FStar.Math.Lemmas.fst and all subsequent files
FStar.List.Tot.Properties.fst(0,0-0,0): (Warning 241) Absent cache file FStar.List.Tot.Properties.fst.checked.lax; will recheck FStar.List.Tot.Properties.fst and all subsequent files
FStar.Monotonic.Heap.fsti(0,0-0,0): (Warning 241) Absent cache file FStar.Monotonic.Heap.fsti.checked.lax; will recheck FStar.Monotonic.Heap.fsti and all subsequent files
FStar.List.Tot.fst(0,0-0,0): (Warning 241) Absent cache file FStar.List.Tot.fst.checked.lax; will recheck FStar.List.Tot.fst and all subsequent files
FStar.List.Pure.Properties.fst(0,0-0,0): (Warning 241) Absent cache file FStar.List.Pure.Properties.fst.checked.lax; will recheck FStar.List.Pure.Properties.fst and all subsequent files
FStar.Heap.fst(0,0-0,0): (Warning 241) Absent cache file FStar.Heap.fst.checked.lax; will recheck FStar.Heap.fst and all subsequent files
FStar.ST.fst(0,0-0,0): (Warning 241) Absent cache file FStar.ST.fst.checked.lax; will recheck FStar.ST.fst and all subsequent files
FStar.List.Pure.fst(0,0-0,0): (Warning 241) Absent cache file FStar.List.Pure.fst.checked.lax; will recheck FStar.List.Pure.fst and all subsequent files
FStar.Relational.Relational.fst(0,0-0,0): (Warning 241) Absent cache file FStar.Relational.Relational.fst.checked.lax; will recheck FStar.Relational.Relational.fst and all subsequent files
FStar.Axiomatic.Array.fst(0,0-0,0): (Warning 241) Absent cache file FStar.Axiomatic.Array.fst.checked.lax; will recheck FStar.Axiomatic.Array.fst and all subsequent files
FStar.Monotonic.HyperHeap.fst(0,0-0,0): (Warning 241) Absent cache file FStar.Monotonic.HyperHeap.fst.checked.lax; will recheck FStar.Monotonic.HyperHeap.fst and all subsequent files
FStar.TwoLevelHeap.fst(0,0-0,0): (Warning 241) Absent cache file FStar.TwoLevelHeap.fst.checked.lax; will recheck FStar.TwoLevelHeap.fst and all subsequent files
FStar.Seq.Base.fst(0,0-0,0): (Warning 241) Absent cache file FStar.Seq.Base.fst.checked.lax; will recheck FStar.Seq.Base.fst and all subsequent files
FStar.Reader.fst(0,0-0,0): (Warning 241) Absent cache file FStar.Reader.fst.checked.lax; will recheck FStar.Reader.fst and all subsequent files
FStar.All.fst(0,0-0,0): (Warning 241) Absent cache file FStar.All.fst.checked.lax; will recheck FStar.All.fst and all subsequent files
FStar.OrdSet.fst(0,0-0,0): (Warning 241) Absent cache file FStar.OrdSet.fst.checked.lax; will recheck FStar.OrdSet.fst and all subsequent files
FStar.Ref.fst(0,0-0,0): (Warning 241) Absent cache file FStar.Ref.fst.checked.lax; will recheck FStar.Ref.fst and all subsequent files
FStar.MRef.fst(0,0-0,0): (Warning 241) Absent cache file FStar.MRef.fst.checked.lax; will recheck FStar.MRef.fst and all subsequent files
FStar.OrdSetProps.fst(0,0-0,0): (Warning 241) Absent cache file FStar.OrdSetProps.fst.checked.lax; will recheck FStar.OrdSetProps.fst and all subsequent files
FStar.IO.fst(0,0-0,0): (Warning 241) Absent cache file FStar.IO.fst.checked.lax; will recheck FStar.IO.fst and all subsequent files
FStar.OrdMap.fst(0,0-0,0): (Warning 241) Absent cache file FStar.OrdMap.fst.checked.lax; will recheck FStar.OrdMap.fst and all subsequent files
FStar.Relational.Comp.fst(0,0-0,0): (Warning 241) Absent cache file FStar.Relational.Comp.fst.checked.lax; will recheck FStar.Relational.Comp.fst and all subsequent files
FStar.List.fst(0,0-0,0): (Warning 241) Absent cache file FStar.List.fst.checked.lax; will recheck FStar.List.fst and all subsequent files
FStar.Monotonic.HyperStack.fst(0,0-0,0): (Warning 241) Absent cache file FStar.Monotonic.HyperStack.fst.checked.lax; will recheck FStar.Monotonic.HyperStack.fst and all subsequent files
FStar.Error.fst(0,0-0,0): (Warning 241) Absent cache file FStar.Error.fst.checked.lax; will recheck FStar.Error.fst and all subsequent files
FStar.Relational.State.fst(0,0-0,0): (Warning 241) Absent cache file FStar.Relational.State.fst.checked.lax; will recheck FStar.Relational.State.fst and all subsequent files
FStar.OrdMapProps.fst(0,0-0,0): (Warning 241) Absent cache file FStar.OrdMapProps.fst.checked.lax; will recheck FStar.OrdMapProps.fst and all subsequent files
FStar.Seq.Properties.fst(0,0-0,0): (Warning 241) Absent cache file FStar.Seq.Properties.fst.checked.lax; will recheck FStar.Seq.Properties.fst and all subsequent files
FStar.HyperStack.fst(0,0-0,0): (Warning 241) Absent cache file FStar.HyperStack.fst.checked.lax; will recheck FStar.HyperStack.fst and all subsequent files
FStar.Seq.fst(0,0-0,0): (Warning 241) Absent cache file FStar.Seq.fst.checked.lax; will recheck FStar.Seq.fst and all subsequent files
FStar.HyperStack.ST.fst(0,0-0,0): (Warning 241) Absent cache file FStar.HyperStack.ST.fst.checked.lax; will recheck FStar.HyperStack.ST.fst and all subsequent files
FStar.Fin.fst(0,0-0,0): (Warning 241) Absent cache file FStar.Fin.fst.checked.lax; will recheck FStar.Fin.fst and all subsequent files
FStar.Seq.Sorted.fst(0,0-0,0): (Warning 241) Absent cache file FStar.Seq.Sorted.fst.checked.lax; will recheck FStar.Seq.Sorted.fst and all subsequent files
FStar.BitVector.fst(0,0-0,0): (Warning 241) Absent cache file FStar.BitVector.fst.checked.lax; will recheck FStar.BitVector.fst and all subsequent files
FStar.Array.fst(0,0-0,0): (Warning 241) Absent cache file FStar.Array.fst.checked.lax; will recheck FStar.Array.fst and all subsequent files
FStar.Monotonic.Map.fst(0,0-0,0): (Warning 241) Absent cache file FStar.Monotonic.Map.fst.checked.lax; will recheck FStar.Monotonic.Map.fst and all subsequent files
FStar.Monotonic.Seq.fst(0,0-0,0): (Warning 241) Absent cache file FStar.Monotonic.Seq.fst.checked.lax; will recheck FStar.Monotonic.Seq.fst and all subsequent files
FStar.Monotonic.DependentMap.fst(0,0-0,0): (Warning 241) Absent cache file FStar.Monotonic.DependentMap.fst.checked.lax; will recheck FStar.Monotonic.DependentMap.fst and all subsequent files
FStar.UInt.fst(0,0-0,0): (Warning 241) Absent cache file FStar.UInt.fst.checked.lax; will recheck FStar.UInt.fst and all subsequent files
FStar.UInt32.fst(0,0-0,0): (Warning 241) Absent cache file FStar.UInt32.fst.checked.lax; will recheck FStar.UInt32.fst and all subsequent files
FStar.BV.fst(0,0-0,0): (Warning 241) Absent cache file FStar.BV.fst.checked.lax; will recheck FStar.BV.fst and all subsequent files
FStar.Int31.fst(0,0-0,0): (Warning 241) Absent cache file FStar.Int31.fst.checked.lax; will recheck FStar.Int31.fst and all subsequent files
FStar.Char.fsti(0,0-0,0): (Warning 241) Absent cache file FStar.Char.fsti.checked.lax; will recheck FStar.Char.fsti and all subsequent files
FStar.Int32.fst(0,0-0,0): (Warning 241) Absent cache file FStar.Int32.fst.checked.lax; will recheck FStar.Int32.fst and all subsequent files
FStar.Int64.fst(0,0-0,0): (Warning 241) Absent cache file FStar.Int64.fst.checked.lax; will recheck FStar.Int64.fst and all subsequent files
FStar.Int16.fst(0,0-0,0): (Warning 241) Absent cache file FStar.Int16.fst.checked.lax; will recheck FStar.Int16.fst and all subsequent files
FStar.Int8.fst(0,0-0,0): (Warning 241) Absent cache file FStar.Int8.fst.checked.lax; will recheck FStar.Int8.fst and all subsequent files
FStar.UInt64.fst(0,0-0,0): (Warning 241) Absent cache file FStar.UInt64.fst.checked.lax; will recheck FStar.UInt64.fst and all subsequent files
FStar.UInt16.fst(0,0-0,0): (Warning 241) Absent cache file FStar.UInt16.fst.checked.lax; will recheck FStar.UInt16.fst and all subsequent files
FStar.UInt8.fst(0,0-0,0): (Warning 241) Absent cache file FStar.UInt8.fst.checked.lax; will recheck FStar.UInt8.fst and all subsequent files
FStar.Int63.fst(0,0-0,0): (Warning 241) Absent cache file FStar.Int63.fst.checked.lax; will recheck FStar.Int63.fst and all subsequent files
FStar.UInt31.fst(0,0-0,0): (Warning 241) Absent cache file FStar.UInt31.fst.checked.lax; will recheck FStar.UInt31.fst and all subsequent files
FStar.UInt63.fst(0,0-0,0): (Warning 241) Absent cache file FStar.UInt63.fst.checked.lax; will recheck FStar.UInt63.fst and all subsequent files
FStar.Int128.fst(0,0-0,0): (Warning 241) Absent cache file FStar.Int128.fst.checked.lax; will recheck FStar.Int128.fst and all subsequent files
FStar.String.fsti(0,0-0,0): (Warning 241) Absent cache file FStar.String.fsti.checked.lax; will recheck FStar.String.fsti and all subsequent files
FStar.UInt128.fsti(0,0-0,0): (Warning 241) Absent cache file FStar.UInt128.fsti.checked.lax; will recheck FStar.UInt128.fsti and all subsequent files
FStar.Int.Cast.fst(0,0-0,0): (Warning 241) Absent cache file FStar.Int.Cast.fst.checked.lax; will recheck FStar.Int.Cast.fst and all subsequent files
FStar.Int.Cast.Full.fst(0,0-0,0): (Warning 241) Absent cache file FStar.Int.Cast.Full.fst.checked.lax; will recheck FStar.Int.Cast.Full.fst and all subsequent files
FStar.Integers.fst(0,0-0,0): (Warning 241) Absent cache file FStar.Integers.fst.checked.lax; will recheck FStar.Integers.fst and all subsequent files
FStar.Buffer.fst(0,0-0,0): (Warning 241) Absent cache file FStar.Buffer.fst.checked.lax; will recheck FStar.Buffer.fst and all subsequent files
FStar.Pointer.Base.fsti(0,0-0,0): (Warning 241) Absent cache file FStar.Pointer.Base.fsti.checked.lax; will recheck FStar.Pointer.Base.fsti and all subsequent files
FStar.UInt128.fst(0,0-0,0): (Warning 241) Absent cache file FStar.UInt128.fst.checked.lax; will recheck FStar.UInt128.fst and all subsequent files
FStar.Buffer.Quantifiers.fst(0,0-0,0): (Warning 241) Absent cache file FStar.Buffer.Quantifiers.fst.checked.lax; will recheck FStar.Buffer.Quantifiers.fst and all subsequent files
FStar.Pointer.Derived1.fsti(0,0-0,0): (Warning 241) Absent cache file FStar.Pointer.Derived1.fsti.checked.lax; will recheck FStar.Pointer.Derived1.fsti and all subsequent files
FStar.Modifies.fst(0,0-0,0): (Warning 241) Absent cache file FStar.Modifies.fst.checked.lax; will recheck FStar.Modifies.fst and all subsequent files
FStar.Pointer.Derived3.fsti(0,0-0,0): (Warning 241) Absent cache file FStar.Pointer.Derived3.fsti.checked.lax; will recheck FStar.Pointer.Derived3.fsti and all subsequent files
FStar.Pointer.Derived2.fsti(0,0-0,0): (Warning 241) Absent cache file FStar.Pointer.Derived2.fsti.checked.lax; will recheck FStar.Pointer.Derived2.fsti and all subsequent files
FStar.Pointer.fst(0,0-0,0): (Warning 241) Absent cache file FStar.Pointer.fst.checked.lax; will recheck FStar.Pointer.fst and all subsequent files
FStar.Pointer.Base.fst(0,0-0,0): (Warning 241) Absent cache file FStar.Pointer.Base.fst.checked.lax; will recheck FStar.Pointer.Base.fst and all subsequent files
FStar.Reflection.Const.fst(0,0-0,0): (Warning 241) Absent cache file FStar.Reflection.Const.fst.checked.lax; will recheck FStar.Reflection.Const.fst and all subsequent files
FStar.Order.fst(0,0-0,0): (Warning 241) Absent cache file FStar.Order.fst.checked.lax; will recheck FStar.Order.fst and all subsequent files
FStar.Reflection.Types.fsti(0,0-0,0): (Warning 241) Absent cache file FStar.Reflection.Types.fsti.checked.lax; will recheck FStar.Reflection.Types.fsti and all subsequent files
FStar.Range.fsti(0,0-0,0): (Warning 241) Absent cache file FStar.Range.fsti.checked.lax; will recheck FStar.Range.fsti and all subsequent files
FStar.Tactics.Types.fsti(0,0-0,0): (Warning 241) Absent cache file FStar.Tactics.Types.fsti.checked.lax; will recheck FStar.Tactics.Types.fsti and all subsequent files
FStar.Reflection.Data.fst(0,0-0,0): (Warning 241) Absent cache file FStar.Reflection.Data.fst.checked.lax; will recheck FStar.Reflection.Data.fst and all subsequent files
FStar.BV.fsti(0,0-0,0): (Warning 241) Absent cache file FStar.BV.fsti.checked.lax; will recheck FStar.BV.fsti and all subsequent files
FStar.Tactics.Result.fst(0,0-0,0): (Warning 241) Absent cache file FStar.Tactics.Result.fst.checked.lax; will recheck FStar.Tactics.Result.fst and all subsequent files
FStar.Reflection.Basic.fst(0,0-0,0): (Warning 241) Absent cache file FStar.Reflection.Basic.fst.checked.lax; will recheck FStar.Reflection.Basic.fst and all subsequent files
FStar.Tactics.Effect.fst(0,0-0,0): (Warning 241) Absent cache file FStar.Tactics.Effect.fst.checked.lax; will recheck FStar.Tactics.Effect.fst and all subsequent files
FStar.Tactics.Util.fst(0,0-0,0): (Warning 241) Absent cache file FStar.Tactics.Util.fst.checked.lax; will recheck FStar.Tactics.Util.fst and all subsequent files
FStar.Tactics.Builtins.fst(0,0-0,0): (Warning 241) Absent cache file FStar.Tactics.Builtins.fst.checked.lax; will recheck FStar.Tactics.Builtins.fst and all subsequent files
FStar.Reflection.Derived.fst(0,0-0,0): (Warning 241) Absent cache file FStar.Reflection.Derived.fst.checked.lax; will recheck FStar.Reflection.Derived.fst and all subsequent files
FStar.Reflection.Derived.Lemmas.fst(0,0-0,0): (Warning 241) Absent cache file FStar.Reflection.Derived.Lemmas.fst.checked.lax; will recheck FStar.Reflection.Derived.Lemmas.fst and all subsequent files
FStar.Reflection.Formula.fst(0,0-0,0): (Warning 241) Absent cache file FStar.Reflection.Formula.fst.checked.lax; will recheck FStar.Reflection.Formula.fst and all subsequent files
FStar.Reflection.fst(0,0-0,0): (Warning 241) Absent cache file FStar.Reflection.fst.checked.lax; will recheck FStar.Reflection.fst and all subsequent files
FStar.Tactics.Derived.fst(0,0-0,0): (Warning 241) Absent cache file FStar.Tactics.Derived.fst.checked.lax; will recheck FStar.Tactics.Derived.fst and all subsequent files
FStar.Tactics.Logic.fst(0,0-0,0): (Warning 241) Absent cache file FStar.Tactics.Logic.fst.checked.lax; will recheck FStar.Tactics.Logic.fst and all subsequent files
FStar.Tactics.fst(0,0-0,0): (Warning 241) Absent cache file FStar.Tactics.fst.checked.lax; will recheck FStar.Tactics.fst and all subsequent files
FStar.Tactics.Simplifier.fst(0,0-0,0): (Warning 241) Absent cache file FStar.Tactics.Simplifier.fst.checked.lax; will recheck FStar.Tactics.Simplifier.fst and all subsequent files
FStar.Reflection.Arith.fst(0,0-0,0): (Warning 241) Absent cache file FStar.Reflection.Arith.fst.checked.lax; will recheck FStar.Reflection.Arith.fst and all subsequent files
FStar.Tactics.PatternMatching.fst(0,0-0,0): (Warning 241) Absent cache file FStar.Tactics.PatternMatching.fst.checked.lax; will recheck FStar.Tactics.PatternMatching.fst and all subsequent files
FStar.Tactics.Canon.fst(0,0-0,0): (Warning 241) Absent cache file FStar.Tactics.Canon.fst.checked.lax; will recheck FStar.Tactics.Canon.fst and all subsequent files
FStar.Tactics.BV.fst(0,0-0,0): (Warning 241) Absent cache file FStar.Tactics.BV.fst.checked.lax; will recheck FStar.Tactics.BV.fst and all subsequent files
FStar.Tactics.Arith.fst(0,0-0,0): (Warning 241) Absent cache file FStar.Tactics.Arith.fst.checked.lax; will recheck FStar.Tactics.Arith.fst and all subsequent files
crypto/asn1/x_int64.c: In function 'uint64_print':
crypto/asn1/x_int64.c:105:32: warning: unknown conversion type character 'j' in format [-Wformat=]
return BIO_printf(out, "%jd\n", **(int64_t **)pval);
^
crypto/asn1/x_int64.c:105:32: warning: too many arguments for format [-Wformat-extra-args]
crypto/asn1/x_int64.c:106:28: warning: unknown conversion type character 'j' in format [-Wformat=]
return BIO_printf(out, "%ju\n", **(uint64_t **)pval);
^
crypto/asn1/x_int64.c:106:28: warning: too many arguments for format [-Wformat-extra-args]
crypto/bio/b_sock2.c: In function 'BIO_socket':
crypto/bio/b_sock2.c:45:16: warning: overflow in implicit constant conversion [-Woverflow]
return INVALID_SOCKET;
^
crypto/bio/b_sock2.c:51:16: warning: overflow in implicit constant conversion [-Woverflow]
return INVALID_SOCKET;
^
crypto/bio/b_sock2.c: In function 'BIO_accept_ex':
crypto/bio/b_sock2.c:263:16: warning: overflow in implicit constant conversion [-Woverflow]
return INVALID_SOCKET;
^
crypto/bio/b_sock2.c:268:16: warning: overflow in implicit constant conversion [-Woverflow]
return INVALID_SOCKET;
^
crypto/bio/b_sock.c: In function 'BIO_get_accept_socket':
crypto/bio/b_sock.c:202:13: warning: overflow in implicit constant conversion [-Woverflow]
int s = INVALID_SOCKET;
^
crypto/bio/b_sock.c:207:16: warning: overflow in implicit constant conversion [-Woverflow]
return INVALID_SOCKET;
^
crypto/bio/b_sock.c:210:16: warning: overflow in implicit constant conversion [-Woverflow]
return INVALID_SOCKET;
^
crypto/bio/b_sock.c:217:13: warning: overflow in implicit constant conversion [-Woverflow]
s = INVALID_SOCKET;
^
crypto/bio/b_sock.c:224:13: warning: overflow in implicit constant conversion [-Woverflow]
s = INVALID_SOCKET;
^
In file included from crypto/bn/bn_print.c:15:0:
crypto/bn/bn_print.c: In function 'BN_bn2dec':
crypto/bn/bn_lcl.h:94:27: warning: unknown conversion type character 'l' in format [-Wformat=]
#  define BN_DEC_FMT1     "%llu"
^
crypto/bn/bn_print.c:104:57: note: in expansion of macro 'BN_DEC_FMT1'
n = BIO_snprintf(p, tbytes - (size_t)(p - buf), BN_DEC_FMT1, *lp);
^
crypto/bn/bn_lcl.h:94:27: warning: too many arguments for format [-Wformat-extra-args]
#  define BN_DEC_FMT1     "%llu"
^
crypto/bn/bn_print.c:104:57: note: in expansion of macro 'BN_DEC_FMT1'
n = BIO_snprintf(p, tbytes - (size_t)(p - buf), BN_DEC_FMT1, *lp);
^
crypto/bn/bn_lcl.h:95:27: warning: unknown conversion type character 'l' in format [-Wformat=]
#  define BN_DEC_FMT2     "%019llu"
^
crypto/bn/bn_print.c:110:61: note: in expansion of macro 'BN_DEC_FMT2'
n = BIO_snprintf(p, tbytes - (size_t)(p - buf), BN_DEC_FMT2, *lp);
^
crypto/bn/bn_lcl.h:95:27: warning: too many arguments for format [-Wformat-extra-args]
#  define BN_DEC_FMT2     "%019llu"
^
crypto/bn/bn_print.c:110:61: note: in expansion of macro 'BN_DEC_FMT2'
n = BIO_snprintf(p, tbytes - (size_t)(p - buf), BN_DEC_FMT2, *lp);
^
crypto/bn/bn_print.c: In function 'BN_options':
crypto/bn/bn_print.c:340:42: warning: unknown conversion type character 'z' in format [-Wformat=]
BIO_snprintf(data, sizeof(data), "bn(%zu,%zu)",
^
crypto/bn/bn_print.c:340:42: warning: unknown conversion type character 'z' in format [-Wformat=]
crypto/bn/bn_print.c:340:42: warning: too many arguments for format [-Wformat-extra-args]
crypto/threads_win.c: In function 'CRYPTO_atomic_add':
crypto/threads_win.c:132:35: warning: passing argument 1 of '_InterlockedExchangeAdd' from incompatible pointer type [-Wincompatible-pointer-types]
*ret = InterlockedExchangeAdd(val, amount) + amount;
^
In file included from /usr/x86_64-w64-mingw32/sys-root/mingw/include/winnt.h:27:0,
from /usr/x86_64-w64-mingw32/sys-root/mingw/include/minwindef.h:163,
from /usr/x86_64-w64-mingw32/sys-root/mingw/include/windef.h:8,
from /usr/x86_64-w64-mingw32/sys-root/mingw/include/windows.h:69,
from crypto/threads_win.c:11:
/usr/x86_64-w64-mingw32/sys-root/mingw/include/psdk_inc/intrin-impl.h:1026:10: note: expected 'volatile long int *' but argument is of type 'int *'
__LONG32 _InterlockedExchangeAdd(__LONG32 volatile *Addend, __LONG32 Value) {
^
crypto/threads_win.c: In function 'CRYPTO_atomic_read':
crypto/threads_win.c:138:39: warning: passing argument 1 of '_InterlockedCompareExchange' from incompatible pointer type [-Wincompatible-pointer-types]
*ret = InterlockedCompareExchange(val, 0, 0);
^
In file included from /usr/x86_64-w64-mingw32/sys-root/mingw/include/winnt.h:27:0,
from /usr/x86_64-w64-mingw32/sys-root/mingw/include/minwindef.h:163,
from /usr/x86_64-w64-mingw32/sys-root/mingw/include/windef.h:8,
from /usr/x86_64-w64-mingw32/sys-root/mingw/include/windows.h:69,
from crypto/threads_win.c:11:
/usr/x86_64-w64-mingw32/sys-root/mingw/include/psdk_inc/intrin-impl.h:1037:10: note: expected 'volatile long int *' but argument is of type 'int *'
__LONG32 _InterlockedCompareExchange(__LONG32 volatile *Destination, __LONG32 ExChange, __LONG32 Comperand) {
^
crypto/threads_win.c: In function 'CRYPTO_atomic_write':
crypto/threads_win.c:144:25: warning: passing argument 1 of '_InterlockedExchange' from incompatible pointer type [-Wincompatible-pointer-types]
InterlockedExchange(val, n);
^
In file included from /usr/x86_64-w64-mingw32/sys-root/mingw/include/winnt.h:27:0,
from /usr/x86_64-w64-mingw32/sys-root/mingw/include/minwindef.h:163,
from /usr/x86_64-w64-mingw32/sys-root/mingw/include/windef.h:8,
from /usr/x86_64-w64-mingw32/sys-root/mingw/include/windows.h:69,
from crypto/threads_win.c:11:
/usr/x86_64-w64-mingw32/sys-root/mingw/include/psdk_inc/intrin-impl.h:1088:10: note: expected 'volatile long int *' but argument is of type 'int *'
__LONG32 _InterlockedExchange(__LONG32 volatile *Target, __LONG32 Value) {
^
test/testutil/tests.c: In function 'test_size_t_eq':
test/testutil/tests.c:196:27: warning: unknown conversion type character 'z' in format [-Wformat=]
"[" fmt "] compared to [" fmt "]",            \
^
test/testutil/tests.c:202:5: note: in expansion of macro 'DEFINE_COMPARISON'
DEFINE_COMPARISON(type, name, eq, ==, fmt)                          \
^
test/testutil/tests.c:215:1: note: in expansion of macro 'DEFINE_COMPARISONS'
DEFINE_COMPARISONS(size_t, size_t, "%zu")
^
test/testutil/tests.c:196:27: warning: unknown conversion type character 'z' in format [-Wformat=]
"[" fmt "] compared to [" fmt "]",            \
^
test/testutil/tests.c:202:5: note: in expansion of macro 'DEFINE_COMPARISON'
DEFINE_COMPARISON(type, name, eq, ==, fmt)                          \
^
test/testutil/tests.c:215:1: note: in expansion of macro 'DEFINE_COMPARISONS'
DEFINE_COMPARISONS(size_t, size_t, "%zu")
^
test/testutil/tests.c:196:27: warning: too many arguments for format [-Wformat-extra-args]
"[" fmt "] compared to [" fmt "]",            \
^
test/testutil/tests.c:202:5: note: in expansion of macro 'DEFINE_COMPARISON'
DEFINE_COMPARISON(type, name, eq, ==, fmt)                          \
^
test/testutil/tests.c:215:1: note: in expansion of macro 'DEFINE_COMPARISONS'
DEFINE_COMPARISONS(size_t, size_t, "%zu")
^
test/testutil/tests.c: In function 'test_size_t_ne':
test/testutil/tests.c:196:27: warning: unknown conversion type character 'z' in format [-Wformat=]
"[" fmt "] compared to [" fmt "]",            \
^
test/testutil/tests.c:203:5: note: in expansion of macro 'DEFINE_COMPARISON'
DEFINE_COMPARISON(type, name, ne, !=, fmt)                          \
^
test/testutil/tests.c:215:1: note: in expansion of macro 'DEFINE_COMPARISONS'
DEFINE_COMPARISONS(size_t, size_t, "%zu")
^
test/testutil/tests.c:196:27: warning: unknown conversion type character 'z' in format [-Wformat=]
"[" fmt "] compared to [" fmt "]",            \
^
test/testutil/tests.c:203:5: note: in expansion of macro 'DEFINE_COMPARISON'
DEFINE_COMPARISON(type, name, ne, !=, fmt)                          \
^
test/testutil/tests.c:215:1: note: in expansion of macro 'DEFINE_COMPARISONS'
DEFINE_COMPARISONS(size_t, size_t, "%zu")
^
test/testutil/tests.c:196:27: warning: too many arguments for format [-Wformat-extra-args]
"[" fmt "] compared to [" fmt "]",            \
^
test/testutil/tests.c:203:5: note: in expansion of macro 'DEFINE_COMPARISON'
DEFINE_COMPARISON(type, name, ne, !=, fmt)                          \
^
test/testutil/tests.c:215:1: note: in expansion of macro 'DEFINE_COMPARISONS'
DEFINE_COMPARISONS(size_t, size_t, "%zu")
^
test/testutil/tests.c: In function 'test_size_t_lt':
test/testutil/tests.c:196:27: warning: unknown conversion type character 'z' in format [-Wformat=]
"[" fmt "] compared to [" fmt "]",            \
^
test/testutil/tests.c:204:5: note: in expansion of macro 'DEFINE_COMPARISON'
DEFINE_COMPARISON(type, name, lt, <, fmt)                           \
^
test/testutil/tests.c:215:1: note: in expansion of macro 'DEFINE_COMPARISONS'
DEFINE_COMPARISONS(size_t, size_t, "%zu")
^
test/testutil/tests.c:196:27: warning: unknown conversion type character 'z' in format [-Wformat=]
"[" fmt "] compared to [" fmt "]",            \
^
test/testutil/tests.c:204:5: note: in expansion of macro 'DEFINE_COMPARISON'
DEFINE_COMPARISON(type, name, lt, <, fmt)                           \
^
test/testutil/tests.c:215:1: note: in expansion of macro 'DEFINE_COMPARISONS'
DEFINE_COMPARISONS(size_t, size_t, "%zu")
^
test/testutil/tests.c:196:27: warning: too many arguments for format [-Wformat-extra-args]
"[" fmt "] compared to [" fmt "]",            \
^
test/testutil/tests.c:204:5: note: in expansion of macro 'DEFINE_COMPARISON'
DEFINE_COMPARISON(type, name, lt, <, fmt)                           \
^
test/testutil/tests.c:215:1: note: in expansion of macro 'DEFINE_COMPARISONS'
DEFINE_COMPARISONS(size_t, size_t, "%zu")
^
test/testutil/tests.c: In function 'test_size_t_le':
test/testutil/tests.c:196:27: warning: unknown conversion type character 'z' in format [-Wformat=]
"[" fmt "] compared to [" fmt "]",            \
^
test/testutil/tests.c:205:5: note: in expansion of macro 'DEFINE_COMPARISON'
DEFINE_COMPARISON(type, name, le, <=, fmt)                          \
^
test/testutil/tests.c:215:1: note: in expansion of macro 'DEFINE_COMPARISONS'
DEFINE_COMPARISONS(size_t, size_t, "%zu")
^
test/testutil/tests.c:196:27: warning: unknown conversion type character 'z' in format [-Wformat=]
"[" fmt "] compared to [" fmt "]",            \
^
test/testutil/tests.c:205:5: note: in expansion of macro 'DEFINE_COMPARISON'
DEFINE_COMPARISON(type, name, le, <=, fmt)                          \
^
test/testutil/tests.c:215:1: note: in expansion of macro 'DEFINE_COMPARISONS'
DEFINE_COMPARISONS(size_t, size_t, "%zu")
^
test/testutil/tests.c:196:27: warning: too many arguments for format [-Wformat-extra-args]
"[" fmt "] compared to [" fmt "]",            \
^
test/testutil/tests.c:205:5: note: in expansion of macro 'DEFINE_COMPARISON'
DEFINE_COMPARISON(type, name, le, <=, fmt)                          \
^
test/testutil/tests.c:215:1: note: in expansion of macro 'DEFINE_COMPARISONS'
DEFINE_COMPARISONS(size_t, size_t, "%zu")
^
test/testutil/tests.c: In function 'test_size_t_gt':
test/testutil/tests.c:196:27: warning: unknown conversion type character 'z' in format [-Wformat=]
"[" fmt "] compared to [" fmt "]",            \
^
test/testutil/tests.c:206:5: note: in expansion of macro 'DEFINE_COMPARISON'
DEFINE_COMPARISON(type, name, gt, >, fmt)                           \
^
test/testutil/tests.c:215:1: note: in expansion of macro 'DEFINE_COMPARISONS'
DEFINE_COMPARISONS(size_t, size_t, "%zu")
^
test/testutil/tests.c:196:27: warning: unknown conversion type character 'z' in format [-Wformat=]
"[" fmt "] compared to [" fmt "]",            \
^
test/testutil/tests.c:206:5: note: in expansion of macro 'DEFINE_COMPARISON'
DEFINE_COMPARISON(type, name, gt, >, fmt)                           \
^
test/testutil/tests.c:215:1: note: in expansion of macro 'DEFINE_COMPARISONS'
DEFINE_COMPARISONS(size_t, size_t, "%zu")
^
test/testutil/tests.c:196:27: warning: too many arguments for format [-Wformat-extra-args]
"[" fmt "] compared to [" fmt "]",            \
^
test/testutil/tests.c:206:5: note: in expansion of macro 'DEFINE_COMPARISON'
DEFINE_COMPARISON(type, name, gt, >, fmt)                           \
^
test/testutil/tests.c:215:1: note: in expansion of macro 'DEFINE_COMPARISONS'
DEFINE_COMPARISONS(size_t, size_t, "%zu")
^
test/testutil/tests.c: In function 'test_size_t_ge':
test/testutil/tests.c:196:27: warning: unknown conversion type character 'z' in format [-Wformat=]
"[" fmt "] compared to [" fmt "]",            \
^
test/testutil/tests.c:207:5: note: in expansion of macro 'DEFINE_COMPARISON'
DEFINE_COMPARISON(type, name, ge, >=, fmt)
^
test/testutil/tests.c:215:1: note: in expansion of macro 'DEFINE_COMPARISONS'
DEFINE_COMPARISONS(size_t, size_t, "%zu")
^
test/testutil/tests.c:196:27: warning: unknown conversion type character 'z' in format [-Wformat=]
"[" fmt "] compared to [" fmt "]",            \
^
test/testutil/tests.c:207:5: note: in expansion of macro 'DEFINE_COMPARISON'
DEFINE_COMPARISON(type, name, ge, >=, fmt)
^
test/testutil/tests.c:215:1: note: in expansion of macro 'DEFINE_COMPARISONS'
DEFINE_COMPARISONS(size_t, size_t, "%zu")
^
test/testutil/tests.c:196:27: warning: too many arguments for format [-Wformat-extra-args]
"[" fmt "] compared to [" fmt "]",            \
^
test/testutil/tests.c:207:5: note: in expansion of macro 'DEFINE_COMPARISON'
DEFINE_COMPARISON(type, name, ge, >=, fmt)
^
test/testutil/tests.c:215:1: note: in expansion of macro 'DEFINE_COMPARISONS'
DEFINE_COMPARISONS(size_t, size_t, "%zu")
^
ar: creating libssl.a
ar: creating test/libtestutil.a
ar: creating libcrypto.a
openssl_stub.c: In function ‘ocaml_load_chain’:
openssl_stub.c:2187:16: warning: variable ‘first’ set but not used [-Wunused-but-set-variable]
X509 *x509, *first = NULL;
^
make: *** No rule to make target 'x25519-c/Curve25519.c'.  Stop.
ffi.c:1:0: warning: -fPIC ignored for target (all code is position independent)
#include <stdio.h>
^
ffi.c: In function ‘FFI_mitls_quic_process_caml’:
ffi.c:984:13: warning: unused variable ‘errorcode’ [-Wunused-variable]
int errorcode = Int_val(Field(result, 1));
^
ffi.c:1:0: warning: -fPIC ignored for target (all code is position independent)
#include <stdio.h>
^
ffi.c: In function ‘FFI_mitls_quic_process_caml’:
ffi.c:984:13: warning: unused variable ‘errorcode’ [-Wunused-variable]
int errorcode = Int_val(Field(result, 1));
^
ffi.c:1:0: warning: -fPIC ignored for target (all code is position independent)
#include <stdio.h>
^
ffi.c: In function ‘FFI_mitls_quic_process_caml’:
ffi.c:984:13: warning: unused variable ‘errorcode’ [-Wunused-variable]
int errorcode = Int_val(Field(result, 1));
^
ffi.c:1:0: warning: -fPIC ignored for target (all code is position independent)
#include <stdio.h>
^
ffi.c: In function ‘FFI_mitls_quic_process_caml’:
ffi.c:984:13: warning: unused variable ‘errorcode’ [-Wunused-variable]
int errorcode = Int_val(Field(result, 1));
^
ffi.c:1:0: warning: -fPIC ignored for target (all code is position independent)
#include <stdio.h>
^
ffi.c: In function ‘FFI_mitls_quic_process_caml’:
ffi.c:984:13: warning: unused variable ‘errorcode’ [-Wunused-variable]
int errorcode = Int_val(Field(result, 1));
^
ffi.c:1:0: warning: -fPIC ignored for target (all code is position independent)
#include <stdio.h>
^
ffi.c: In function ‘FFI_mitls_quic_process_caml’:
ffi.c:984:13: warning: unused variable ‘errorcode’ [-Wunused-variable]
int errorcode = Int_val(Field(result, 1));
^
Makefile.OCaml:43: *** LOWC_HOME is C:/build/agent1/_work/5/s/hacl-star/secure_api/out/runtime_switch and I cannot find C:/build/agent1/_work/5/s/hacl-star/secure_api/out/runtime_switch/LowC.cmxa -- please run make in secure_api!.  Stop.
make: *** [Makefile:10: ocaml-all] Error 2
make: *** Waiting for unfinished jobs....
Makefile.Kremlin:86: *** HACL_HOME is C:/build/agent1/_work/5/s/hacl-star and I cannot find C:/build/agent1/_work/5/s/hacl-star/code/curve25519/x25519-c/Curve25519.h -- please run make extract-c -C C:/build/agent1/_work/5/s/hacl-star/code/curve25519/x25519-c/.. -- thanks.  Stop.
make: *** [Makefile:13: kremlin-all] Error 2
C:/build/agent1/_work/5/s/FStar/ulib/FStar.Pervasives.Native.fst(0,0-0,0): (Warning 241) Absent cache file cache\Model\FStar.Pervasives.Native.fst.checked; will recheck C:/build/agent1/_work/5/s/FStar/ulib/FStar.Pervasives.Native.fst and all subsequent files
C:/build/agent1/_work/5/s/FStar/ulib/FStar.Pervasives.fst(0,0-0,0): (Warning 241) Absent cache file cache\Model\FStar.Pervasives.fst.checked; will recheck C:/build/agent1/_work/5/s/FStar/ulib/FStar.Pervasives.fst and all subsequent files
C:/build/agent1/_work/5/s/FStar/ulib/FStar.FunctionalExtensionality.fst(0,0-0,0): (Warning 241) Absent cache file cache\Model\FStar.FunctionalExtensionality.fst.checked; will recheck C:/build/agent1/_work/5/s/FStar/ulib/FStar.FunctionalExtensionality.fst and all subsequent files
C:/build/agent1/_work/5/s/FStar/ulib/FStar.Preorder.fst(0,0-0,0): (Warning 241) Absent cache file cache\Model\FStar.Preorder.fst.checked; will recheck C:/build/agent1/_work/5/s/FStar/ulib/FStar.Preorder.fst and all subsequent files
C:/build/agent1/_work/5/s/FStar/ulib/FStar.Squash.fsti(0,0-0,0): (Warning 241) Absent cache file cache\Model\FStar.Squash.fsti.checked; will recheck C:/build/agent1/_work/5/s/FStar/ulib/FStar.Squash.fsti and all subsequent files
C:/build/agent1/_work/5/s/FStar/ulib/FStar.StrongExcludedMiddle.fst(0,0-0,0): (Warning 241) Absent cache file cache\Model\FStar.StrongExcludedMiddle.fst.checked; will recheck C:/build/agent1/_work/5/s/FStar/ulib/FStar.StrongExcludedMiddle.fst and all subsequent files
C:/build/agent1/_work/5/s/FStar/ulib/FStar.PropositionalExtensionality.fst(0,0-0,0): (Warning 241) Absent cache file cache\Model\FStar.PropositionalExtensionality.fst.checked; will recheck C:/build/agent1/_work/5/s/FStar/ulib/FStar.PropositionalExtensionality.fst and all subsequent files
C:/build/agent1/_work/5/s/FStar/ulib/FStar.Classical.fsti(0,0-0,0): (Warning 241) Absent cache file cache\Model\FStar.Classical.fsti.checked; will recheck C:/build/agent1/_work/5/s/FStar/ulib/FStar.Classical.fsti and all subsequent files
C:/build/agent1/_work/5/s/FStar/ulib/FStar.Mul.fst(0,0-0,0): (Warning 241) Absent cache file cache\Model\FStar.Mul.fst.checked; will recheck C:/build/agent1/_work/5/s/FStar/ulib/FStar.Mul.fst and all subsequent files
C:/build/agent1/_work/5/s/FStar/ulib/FStar.Ghost.fsti(0,0-0,0): (Warning 241) Absent cache file cache\Model\FStar.Ghost.fsti.checked; will recheck C:/build/agent1/_work/5/s/FStar/ulib/FStar.Ghost.fsti and all subsequent files
C:/build/agent1/_work/5/s/FStar/ulib/FStar.Float.fsti(0,0-0,0): (Warning 241) Absent cache file cache\Model\FStar.Float.fsti.checked; will recheck C:/build/agent1/_work/5/s/FStar/ulib/FStar.Float.fsti and all subsequent files
C:/build/agent1/_work/5/s/FStar/ulib/FStar.Exn.fst(0,0-0,0): (Warning 241) Absent cache file cache\Model\FStar.Exn.fst.checked; will recheck C:/build/agent1/_work/5/s/FStar/ulib/FStar.Exn.fst and all subsequent files
C:/build/agent1/_work/5/s/FStar/ulib/FStar.Date.fsti(0,0-0,0): (Warning 241) Absent cache file cache\Model\FStar.Date.fsti.checked; will recheck C:/build/agent1/_work/5/s/FStar/ulib/FStar.Date.fsti and all subsequent files
C:/build/agent1/_work/5/s/FStar/ulib/FStar.DependentMap.fst(0,0-0,0): (Warning 241) Absent cache file cache\Model\FStar.DependentMap.fst.checked; will recheck C:/build/agent1/_work/5/s/FStar/ulib/FStar.DependentMap.fst and all subsequent files
C:/build/agent1/_work/5/s/FStar/ulib/FStar.Reflection.Types.fsti(0,0-0,0): (Warning 241) Absent cache file cache\Model\FStar.Reflection.Types.fsti.checked; will recheck C:/build/agent1/_work/5/s/FStar/ulib/FStar.Reflection.Types.fsti and all subsequent files
C:/build/agent1/_work/5/s/FStar/ulib/FStar.Range.fsti(0,0-0,0): (Warning 241) Absent cache file cache\Model\FStar.Range.fsti.checked; will recheck C:/build/agent1/_work/5/s/FStar/ulib/FStar.Range.fsti and all subsequent files
C:/build/agent1/_work/5/s/FStar/ulib/FStar.Order.fst(0,0-0,0): (Warning 241) Absent cache file cache\Model\FStar.Order.fst.checked; will recheck C:/build/agent1/_work/5/s/FStar/ulib/FStar.Order.fst and all subsequent files
C:/build/agent1/_work/5/s/FStar/ulib/FStar.Reflection.Const.fst(0,0-0,0): (Warning 241) Absent cache file cache\Model\FStar.Reflection.Const.fst.checked; will recheck C:/build/agent1/_work/5/s/FStar/ulib/FStar.Reflection.Const.fst and all subsequent files
C:/build/agent1/_work/5/s/FStar/ulib/FStar.PredicateExtensionality.fst(0,0-0,0): (Warning 241) Absent cache file cache\Model\FStar.PredicateExtensionality.fst.checked; will recheck C:/build/agent1/_work/5/s/FStar/ulib/FStar.PredicateExtensionality.fst and all subsequent files
C:/build/agent1/_work/5/s/FStar/ulib/FStar.Monotonic.Witnessed.fsti(0,0-0,0): (Warning 241) Absent cache file cache\Model\FStar.Monotonic.Witnessed.fsti.checked; will recheck C:/build/agent1/_work/5/s/FStar/ulib/FStar.Monotonic.Witnessed.fsti and all subsequent files
C:/build/agent1/_work/5/s/FStar/ulib/FStar.ErasedLogic.fst(0,0-0,0): (Warning 241) Absent cache file cache\Model\FStar.ErasedLogic.fst.checked; will recheck C:/build/agent1/_work/5/s/FStar/ulib/FStar.ErasedLogic.fst and all subsequent files
C:/build/agent1/_work/5/s/FStar/ulib/FStar.Squash.fst(0,0-0,0): (Warning 241) Absent cache file cache\Model\FStar.Squash.fst.checked; will recheck C:/build/agent1/_work/5/s/FStar/ulib/FStar.Squash.fst and all subsequent files
C:/build/agent1/_work/5/s/FStar/ulib/FStar.Set.fst(0,0-0,0): (Warning 241) Absent cache file cache\Model\FStar.Set.fst.checked; will recheck C:/build/agent1/_work/5/s/FStar/ulib/FStar.Set.fst and all subsequent files
C:/build/agent1/_work/5/s/FStar/ulib/FStar.Int.fst(0,0-0,0): (Warning 241) Absent cache file cache\Model\FStar.Int.fst.checked; will recheck C:/build/agent1/_work/5/s/FStar/ulib/FStar.Int.fst and all subsequent files
C:/build/agent1/_work/5/s/FStar/ulib/FStar.Tactics.Types.fsti(0,0-0,0): (Warning 241) Absent cache file cache\Model\FStar.Tactics.Types.fsti.checked; will recheck C:/build/agent1/_work/5/s/FStar/ulib/FStar.Tactics.Types.fsti and all subsequent files
C:/build/agent1/_work/5/s/FStar/ulib/FStar.Math.Lib.fst(0,0-0,0): (Warning 241) Absent cache file cache\Model\FStar.Math.Lib.fst.checked; will recheck C:/build/agent1/_work/5/s/FStar/ulib/FStar.Math.Lib.fst and all subsequent files
C:/build/agent1/_work/5/s/FStar/ulib/FStar.Monotonic.Witnessed.fst(0,0-0,0): (Warning 241) Absent cache file cache\Model\FStar.Monotonic.Witnessed.fst.checked; will recheck C:/build/agent1/_work/5/s/FStar/ulib/FStar.Monotonic.Witnessed.fst and all subsequent files
C:/build/agent1/_work/5/s/FStar/ulib/FStar.Classical.fst(0,0-0,0): (Warning 241) Absent cache file cache\Model\FStar.Classical.fst.checked; will recheck C:/build/agent1/_work/5/s/FStar/ulib/FStar.Classical.fst and all subsequent files
C:/build/agent1/_work/5/s/FStar/ulib/FStar.Reflection.Data.fst(0,0-0,0): (Warning 241) Absent cache file cache\Model\FStar.Reflection.Data.fst.checked; will recheck C:/build/agent1/_work/5/s/FStar/ulib/FStar.Reflection.Data.fst and all subsequent files
C:/build/agent1/_work/5/s/FStar/ulib/FStar.Tactics.Result.fst(0,0-0,0): (Warning 241) Absent cache file cache\Model\FStar.Tactics.Result.fst.checked; will recheck C:/build/agent1/_work/5/s/FStar/ulib/FStar.Tactics.Result.fst and all subsequent files
C:/build/agent1/_work/5/s/FStar/ulib/FStar.List.Tot.Base.fst(0,0-0,0): (Warning 241) Absent cache file cache\Model\FStar.List.Tot.Base.fst.checked; will recheck C:/build/agent1/_work/5/s/FStar/ulib/FStar.List.Tot.Base.fst and all subsequent files
C:/build/agent1/_work/5/s/FStar/ulib/FStar.Map.fst(0,0-0,0): (Warning 241) Absent cache file cache\Model\FStar.Map.fst.checked; will recheck C:/build/agent1/_work/5/s/FStar/ulib/FStar.Map.fst and all subsequent files
C:/build/agent1/_work/5/s/FStar/ulib/FStar.TSet.fst(0,0-0,0): (Warning 241) Absent cache file cache\Model\FStar.TSet.fst.checked; will recheck C:/build/agent1/_work/5/s/FStar/ulib/FStar.TSet.fst and all subsequent files
C:/build/agent1/_work/5/s/FStar/ulib/FStar.Reflection.Basic.fst(0,0-0,0): (Warning 241) Absent cache file cache\Model\FStar.Reflection.Basic.fst.checked; will recheck C:/build/agent1/_work/5/s/FStar/ulib/FStar.Reflection.Basic.fst and all subsequent files
C:/build/agent1/_work/5/s/FStar/ulib/FStar.Tactics.Effect.fst(0,0-0,0): (Warning 241) Absent cache file cache\Model\FStar.Tactics.Effect.fst.checked; will recheck C:/build/agent1/_work/5/s/FStar/ulib/FStar.Tactics.Effect.fst and all subsequent files
C:/build/agent1/_work/5/s/FStar/ulib/FStar.Monotonic.Heap.fsti(0,0-0,0): (Warning 241) Absent cache file cache\Model\FStar.Monotonic.Heap.fsti.checked; will recheck C:/build/agent1/_work/5/s/FStar/ulib/FStar.Monotonic.Heap.fsti and all subsequent files
C:/build/agent1/_work/5/s/FStar/ulib/FStar.Tactics.Builtins.fst(0,0-0,0): (Warning 241) Absent cache file cache\Model\FStar.Tactics.Builtins.fst.checked; will recheck C:/build/agent1/_work/5/s/FStar/ulib/FStar.Tactics.Builtins.fst and all subsequent files
C:/build/agent1/_work/5/s/FStar/ulib/FStar.Heap.fst(0,0-0,0): (Warning 241) Absent cache file cache\Model\FStar.Heap.fst.checked; will recheck C:/build/agent1/_work/5/s/FStar/ulib/FStar.Heap.fst and all subsequent files
C:/build/agent1/_work/5/s/FStar/ulib/FStar.Math.Lemmas.fst(0,0-0,0): (Warning 241) Absent cache file cache\Model\FStar.Math.Lemmas.fst.checked; will recheck C:/build/agent1/_work/5/s/FStar/ulib/FStar.Math.Lemmas.fst and all subsequent files
C:/build/agent1/_work/5/s/FStar/ulib/FStar.Monotonic.Heap.fst(0,0-0,0): (Warning 241) Absent cache file cache\Model\FStar.Monotonic.Heap.fst.checked; will recheck C:/build/agent1/_work/5/s/FStar/ulib/FStar.Monotonic.Heap.fst and all subsequent files
C:/build/agent1/_work/5/s/FStar/ulib/FStar.ST.fst(0,0-0,0): (Warning 241) Absent cache file cache\Model\FStar.ST.fst.checked; will recheck C:/build/agent1/_work/5/s/FStar/ulib/FStar.ST.fst and all subsequent files
C:/build/agent1/_work/5/s/FStar/ulib/FStar.List.Tot.Properties.fst(0,0-0,0): (Warning 241) Absent cache file cache\Model\FStar.List.Tot.Properties.fst.checked; will recheck C:/build/agent1/_work/5/s/FStar/ulib/FStar.List.Tot.Properties.fst and all subsequent files
C:/build/agent1/_work/5/s/FStar/ulib/FStar.List.Tot.fst(0,0-0,0): (Warning 241) Absent cache file cache\Model\FStar.List.Tot.fst.checked; will recheck C:/build/agent1/_work/5/s/FStar/ulib/FStar.List.Tot.fst and all subsequent files
C:/build/agent1/_work/5/s/FStar/ulib/FStar.All.fst(0,0-0,0): (Warning 241) Absent cache file cache\Model\FStar.All.fst.checked; will recheck C:/build/agent1/_work/5/s/FStar/ulib/FStar.All.fst and all subsequent files
C:/build/agent1/_work/5/s/FStar/ulib/FStar.Tactics.Util.fst(0,0-0,0): (Warning 241) Absent cache file cache\Model\FStar.Tactics.Util.fst.checked; will recheck C:/build/agent1/_work/5/s/FStar/ulib/FStar.Tactics.Util.fst and all subsequent files
C:/build/agent1/_work/5/s/FStar/ulib/FStar.Dyn.fsti(0,0-0,0): (Warning 241) Absent cache file cache\Model\FStar.Dyn.fsti.checked; will recheck C:/build/agent1/_work/5/s/FStar/ulib/FStar.Dyn.fsti and all subsequent files
C:/build/agent1/_work/5/s/FStar/ulib/FStar.IO.fst(0,0-0,0): (Warning 241) Absent cache file cache\Model\FStar.IO.fst.checked; will recheck C:/build/agent1/_work/5/s/FStar/ulib/FStar.IO.fst and all subsequent files
C:/build/agent1/_work/5/s/FStar/ulib/FStar.Option.fst(0,0-0,0): (Warning 241) Absent cache file cache\Model\FStar.Option.fst.checked; will recheck C:/build/agent1/_work/5/s/FStar/ulib/FStar.Option.fst and all subsequent files
C:/build/agent1/_work/5/s/FStar/ulib/FStar.Monotonic.HyperHeap.fst(0,0-0,0): (Warning 241) Absent cache file cache\Model\FStar.Monotonic.HyperHeap.fst.checked; will recheck C:/build/agent1/_work/5/s/FStar/ulib/FStar.Monotonic.HyperHeap.fst and all subsequent files
C:/build/agent1/_work/5/s/FStar/ulib/FStar.List.fst(0,0-0,0): (Warning 241) Absent cache file cache\Model\FStar.List.fst.checked; will recheck C:/build/agent1/_work/5/s/FStar/ulib/FStar.List.fst and all subsequent files
C:/build/agent1/_work/5/s/FStar/ulib/FStar.Seq.Base.fst(0,0-0,0): (Warning 241) Absent cache file cache\Model\FStar.Seq.Base.fst.checked; will recheck C:/build/agent1/_work/5/s/FStar/ulib/FStar.Seq.Base.fst and all subsequent files
C:/build/agent1/_work/5/s/FStar/ulib/FStar.Error.fst(0,0-0,0): (Warning 241) Absent cache file cache\Model\FStar.Error.fst.checked; will recheck C:/build/agent1/_work/5/s/FStar/ulib/FStar.Error.fst and all subsequent files
List.Helpers.fst(13,14-13,16): (Warning 252) (Hint-replay failed): Subtyping check failed; expected type m:
Prims.list a
{ forall (u11092: FStar.Pervasives.Native.option (x: Prims.unit{Prims.hasEq a})).
FStar.List.Tot.Base.mem_filter_spec (f env) m u11092 }; got type Prims.list a (see also List.Helpers.fst(11,33-11,75))
C:/build/agent1/_work/5/s/FStar/ulib/FStar.Monotonic.HyperStack.fst(0,0-0,0): (Warning 241) Absent cache file cache\Model\FStar.Monotonic.HyperStack.fst.checked; will recheck C:/build/agent1/_work/5/s/FStar/ulib/FStar.Monotonic.HyperStack.fst and all subsequent files
C:/build/agent1/_work/5/s/FStar/ulib/FStar.HyperStack.fst(0,0-0,0): (Warning 241) Absent cache file cache\Model\FStar.HyperStack.fst.checked; will recheck C:/build/agent1/_work/5/s/FStar/ulib/FStar.HyperStack.fst and all subsequent files
C:/build/agent1/_work/5/s/FStar/ulib/FStar.HyperStack.ST.fst(0,0-0,0): (Warning 241) Absent cache file cache\Model\FStar.HyperStack.ST.fst.checked; will recheck C:/build/agent1/_work/5/s/FStar/ulib/FStar.HyperStack.ST.fst and all subsequent files
C:/build/agent1/_work/5/s/FStar/ulib/FStar.Seq.Properties.fst(0,0-0,0): (Warning 241) Absent cache file cache\Model\FStar.Seq.Properties.fst.checked; will recheck C:/build/agent1/_work/5/s/FStar/ulib/FStar.Seq.Properties.fst and all subsequent files
C:/build/agent1/_work/5/s/FStar/ulib/FStar.Seq.fst(0,0-0,0): (Warning 241) Absent cache file cache\Model\FStar.Seq.fst.checked; will recheck C:/build/agent1/_work/5/s/FStar/ulib/FStar.Seq.fst and all subsequent files
C:/build/agent1/_work/5/s/FStar/ulib/FStar.HyperStack.All.fst(0,0-0,0): (Warning 241) Absent cache file cache\Model\FStar.HyperStack.All.fst.checked; will recheck C:/build/agent1/_work/5/s/FStar/ulib/FStar.HyperStack.All.fst and all subsequent files
C:/build/agent1/_work/5/s/FStar/ulib/FStar.Monotonic.DependentMap.fsti(0,0-0,0): (Warning 241) Absent cache file cache\Model\FStar.Monotonic.DependentMap.fsti.checked; will recheck C:/build/agent1/_work/5/s/FStar/ulib/FStar.Monotonic.DependentMap.fsti and all subsequent files
C:/build/agent1/_work/5/s/FStar/ulib/FStar.Monotonic.DependentMap.fst(0,0-0,0): (Warning 241) Absent cache file cache\Model\FStar.Monotonic.DependentMap.fst.checked; will recheck C:/build/agent1/_work/5/s/FStar/ulib/FStar.Monotonic.DependentMap.fst and all subsequent files
C:/build/agent1/_work/5/s/FStar/ulib/FStar.HyperStack.IO.fst(0,0-0,0): (Warning 241) Absent cache file cache\Model\FStar.HyperStack.IO.fst.checked; will recheck C:/build/agent1/_work/5/s/FStar/ulib/FStar.HyperStack.IO.fst and all subsequent files
C:/build/agent1/_work/5/s/FStar/ulib/FStar.BitVector.fst(0,0-0,0): (Warning 241) Absent cache file cache\Model\FStar.BitVector.fst.checked; will recheck C:/build/agent1/_work/5/s/FStar/ulib/FStar.BitVector.fst and all subsequent files
C:/build/agent1/_work/5/s/FStar/ulib/FStar.Monotonic.Seq.fst(0,0-0,0): (Warning 241) Absent cache file cache\Model\FStar.Monotonic.Seq.fst.checked; will recheck C:/build/agent1/_work/5/s/FStar/ulib/FStar.Monotonic.Seq.fst and all subsequent files
C:/build/agent1/_work/5/s/FStar/ulib/FStar.UInt.fst(0,0-0,0): (Warning 241) Absent cache file cache\Model\FStar.UInt.fst.checked; will recheck C:/build/agent1/_work/5/s/FStar/ulib/FStar.UInt.fst and all subsequent files
C:/build/agent1/_work/5/s/FStar/ulib/FStar.UInt32.fst(0,0-0,0): (Warning 241) Absent cache file cache\Model\FStar.UInt32.fst.checked; will recheck C:/build/agent1/_work/5/s/FStar/ulib/FStar.UInt32.fst and all subsequent files
C:/build/agent1/_work/5/s/FStar/ulib/FStar.Char.fsti(0,0-0,0): (Warning 241) Absent cache file cache\Model\FStar.Char.fsti.checked; will recheck C:/build/agent1/_work/5/s/FStar/ulib/FStar.Char.fsti and all subsequent files
C:/build/agent1/_work/5/s/FStar/ulib/FStar.Int31.fst(0,0-0,0): (Warning 241) Absent cache file cache\Model\FStar.Int31.fst.checked; will recheck C:/build/agent1/_work/5/s/FStar/ulib/FStar.Int31.fst and all subsequent files
C:/build/agent1/_work/5/s/FStar/ulib/FStar.UInt8.fst(0,0-0,0): (Warning 241) Absent cache file cache\Model\FStar.UInt8.fst.checked; will recheck C:/build/agent1/_work/5/s/FStar/ulib/FStar.UInt8.fst and all subsequent files
C:/build/agent1/_work/5/s/FStar/ulib/FStar.Int8.fst(0,0-0,0): (Warning 241) Absent cache file cache\Model\FStar.Int8.fst.checked; will recheck C:/build/agent1/_work/5/s/FStar/ulib/FStar.Int8.fst and all subsequent files
C:/build/agent1/_work/5/s/FStar/ulib/FStar.UInt16.fst(0,0-0,0): (Warning 241) Absent cache file cache\Model\FStar.UInt16.fst.checked; will recheck C:/build/agent1/_work/5/s/FStar/ulib/FStar.UInt16.fst and all subsequent files
C:/build/agent1/_work/5/s/FStar/ulib/FStar.Int32.fst(0,0-0,0): (Warning 241) Absent cache file cache\Model\FStar.Int32.fst.checked; will recheck C:/build/agent1/_work/5/s/FStar/ulib/FStar.Int32.fst and all subsequent files
C:/build/agent1/_work/5/s/FStar/ulib/FStar.Int64.fst(0,0-0,0): (Warning 241) Absent cache file cache\Model\FStar.Int64.fst.checked; will recheck C:/build/agent1/_work/5/s/FStar/ulib/FStar.Int64.fst and all subsequent files
C:/build/agent1/_work/5/s/FStar/ulib/FStar.Int16.fst(0,0-0,0): (Warning 241) Absent cache file cache\Model\FStar.Int16.fst.checked; will recheck C:/build/agent1/_work/5/s/FStar/ulib/FStar.Int16.fst and all subsequent files
C:/build/agent1/_work/5/s/FStar/ulib/FStar.Int63.fst(0,0-0,0): (Warning 241) Absent cache file cache\Model\FStar.Int63.fst.checked; will recheck C:/build/agent1/_work/5/s/FStar/ulib/FStar.Int63.fst and all subsequent files
C:/build/agent1/_work/5/s/FStar/ulib/FStar.UInt64.fst(0,0-0,0): (Warning 241) Absent cache file cache\Model\FStar.UInt64.fst.checked; will recheck C:/build/agent1/_work/5/s/FStar/ulib/FStar.UInt64.fst and all subsequent files
C:/build/agent1/_work/5/s/FStar/ulib/FStar.UInt63.fst(0,0-0,0): (Warning 241) Absent cache file cache\Model\FStar.UInt63.fst.checked; will recheck C:/build/agent1/_work/5/s/FStar/ulib/FStar.UInt63.fst and all subsequent files
C:/build/agent1/_work/5/s/FStar/ulib/FStar.UInt31.fst(0,0-0,0): (Warning 241) Absent cache file cache\Model\FStar.UInt31.fst.checked; will recheck C:/build/agent1/_work/5/s/FStar/ulib/FStar.UInt31.fst and all subsequent files
C:/build/agent1/_work/5/s/FStar/ulib/FStar.String.fsti(0,0-0,0): (Warning 241) Absent cache file cache\Model\FStar.String.fsti.checked; will recheck C:/build/agent1/_work/5/s/FStar/ulib/FStar.String.fsti and all subsequent files
C:/build/agent1/_work/5/s/FStar/ulib/FStar.Int128.fst(0,0-0,0): (Warning 241) Absent cache file cache\Model\FStar.Int128.fst.checked; will recheck C:/build/agent1/_work/5/s/FStar/ulib/FStar.Int128.fst and all subsequent files
C:/build/agent1/_work/5/s/FStar/ulib/FStar.UInt128.fsti(0,0-0,0): (Warning 241) Absent cache file cache\Model\FStar.UInt128.fsti.checked; will recheck C:/build/agent1/_work/5/s/FStar/ulib/FStar.UInt128.fsti and all subsequent files
C:/build/agent1/_work/5/s/kremlin/kremlib/FStar.Kremlin.Endianness.fst(0,0-0,0): (Warning 241) Absent cache file cache\Model\FStar.Kremlin.Endianness.fst.checked; will recheck C:/build/agent1/_work/5/s/kremlin/kremlib/FStar.Kremlin.Endianness.fst and all subsequent files
Unable to open hints file: C:\build\agent1\_work\5\s\kremlin\kremlib\FStar.Kremlin.Endianness.fst.hints; ran without hints
C:/build/agent1/_work/5/s/FStar/ulib/FStar.Int.Cast.fst(0,0-0,0): (Warning 241) Absent cache file cache\Model\FStar.Int.Cast.fst.checked; will recheck C:/build/agent1/_work/5/s/FStar/ulib/FStar.Int.Cast.fst and all subsequent files
C:/build/agent1/_work/5/s/FStar/ulib/FStar.Bytes.fsti(0,0-0,0): (Warning 241) Absent cache file cache\Model\FStar.Bytes.fsti.checked; will recheck C:/build/agent1/_work/5/s/FStar/ulib/FStar.Bytes.fsti and all subsequent files
C:/build/agent1/_work/5/s/FStar/ulib/FStar.Reflection.Derived.fst(0,0-0,0): (Warning 241) Absent cache file cache\Model\FStar.Reflection.Derived.fst.checked; will recheck C:/build/agent1/_work/5/s/FStar/ulib/FStar.Reflection.Derived.fst and all subsequent files
C:/build/agent1/_work/5/s/FStar/ulib/FStar.Int.Cast.Full.fst(0,0-0,0): (Warning 241) Absent cache file cache\Model\FStar.Int.Cast.Full.fst.checked; will recheck C:/build/agent1/_work/5/s/FStar/ulib/FStar.Int.Cast.Full.fst and all subsequent files
C:/build/agent1/_work/5/s/FStar/ulib/FStar.Tcp.fsti(0,0-0,0): (Warning 241) Absent cache file cache\Model\FStar.Tcp.fsti.checked; will recheck C:/build/agent1/_work/5/s/FStar/ulib/FStar.Tcp.fsti and all subsequent files
C:/build/agent1/_work/5/s/FStar/ulib/FStar.Reflection.Derived.Lemmas.fst(0,0-0,0): (Warning 241) Absent cache file cache\Model\FStar.Reflection.Derived.Lemmas.fst.checked; will recheck C:/build/agent1/_work/5/s/FStar/ulib/FStar.Reflection.Derived.Lemmas.fst and all subsequent files
C:/build/agent1/_work/5/s/FStar/ulib/FStar.Buffer.fst(0,0-0,0): (Warning 241) Absent cache file cache\Model\FStar.Buffer.fst.checked; will recheck C:/build/agent1/_work/5/s/FStar/ulib/FStar.Buffer.fst and all subsequent files
C:/build/agent1/_work/5/s/hacl-star/code/lib/FStar.Endianness.fst(0,0-0,0): (Warning 241) Absent cache file cache\Model\FStar.Endianness.fst.checked; will recheck C:/build/agent1/_work/5/s/hacl-star/code/lib/FStar.Endianness.fst and all subsequent files
C:/build/agent1/_work/5/s/FStar/ulib/FStar.Reflection.Formula.fst(0,0-0,0): (Warning 241) Absent cache file cache\Model\FStar.Reflection.Formula.fst.checked; will recheck C:/build/agent1/_work/5/s/FStar/ulib/FStar.Reflection.Formula.fst and all subsequent files
C:/build/agent1/_work/5/s/FStar/ulib/FStar.Reflection.fst(0,0-0,0): (Warning 241) Absent cache file cache\Model\FStar.Reflection.fst.checked; will recheck C:/build/agent1/_work/5/s/FStar/ulib/FStar.Reflection.fst and all subsequent files
FStar.Test.fst(0,0-0,0): (Warning 241) Absent cache file cache\Model\FStar.Test.fst.checked; will recheck FStar.Test.fst and all subsequent files
Unable to open hints file: C:\build\agent1\_work\5\s\mitls-fstar\src\tls\FStar.Test.fst.hints; ran without hints
C:/build/agent1/_work/5/s/FStar/ulib/FStar.Integers.fst(0,0-0,0): (Warning 241) Absent cache file cache\Model\FStar.Integers.fst.checked; will recheck C:/build/agent1/_work/5/s/FStar/ulib/FStar.Integers.fst and all subsequent files
C:/build/agent1/_work/5/s/FStar/ulib/FStar.UInt128.fst(0,0-0,0): (Warning 241) Absent cache file cache\Model\FStar.UInt128.fst.checked; will recheck C:/build/agent1/_work/5/s/FStar/ulib/FStar.UInt128.fst and all subsequent files
C:/build/agent1/_work/5/s/FStar/ulib/FStar.Tactics.Derived.fst(0,0-0,0): (Warning 241) Absent cache file cache\Model\FStar.Tactics.Derived.fst.checked; will recheck C:/build/agent1/_work/5/s/FStar/ulib/FStar.Tactics.Derived.fst and all subsequent files
Unable to open hints file: hints/C.Endianness.fst.hints; ran without hints
C:/build/agent1/_work/5/s/FStar/ulib/FStar.Tactics.Logic.fst(0,0-0,0): (Warning 241) Absent cache file cache\Model\FStar.Tactics.Logic.fst.checked; will recheck C:/build/agent1/_work/5/s/FStar/ulib/FStar.Tactics.Logic.fst and all subsequent files
C:/build/agent1/_work/5/s/FStar/ulib/FStar.Printf.fst(0,0-0,0): (Warning 241) Absent cache file cache\Model\FStar.Printf.fst.checked; will recheck C:/build/agent1/_work/5/s/FStar/ulib/FStar.Printf.fst and all subsequent files
C:/build/agent1/_work/5/s/mitls-fstar/src/lowparse/LowParse.BigEndian.fst(30,2-32,2): (Warning 252) could not prove post-condition (see also C:/build/agent1/_work/5/s/mitls-fstar/src/lowparse/LowParse.BigEndian.fst(31,2-31,71))
C:/build/agent1/_work/5/s/mitls-fstar/src/lowparse/LowParse.BigEndian.fst(30,2-32,2): (Warning 252) could not prove post-condition (see also C:/build/agent1/_work/5/s/mitls-fstar/src/lowparse/LowParse.BigEndian.fst(31,2-31,71))
C:/build/agent1/_work/5/s/mitls-fstar/src/lowparse/LowParse.BigEndian.fst(36,2-42,2): (Warning 252) could not prove post-condition (see also C:/build/agent1/_work/5/s/mitls-fstar/src/lowparse/LowParse.BigEndian.fst(37,2-41,5))
C:/build/agent1/_work/5/s/mitls-fstar/src/lowparse/LowParse.BigEndian.fst(36,2-42,2): (Warning 252) could not prove post-condition (see also C:/build/agent1/_work/5/s/mitls-fstar/src/lowparse/LowParse.BigEndian.fst(37,2-41,5))
C:/build/agent1/_work/5/s/mitls-fstar/src/lowparse/LowParse.BigEndian.fst(46,2-53,2): (Warning 252) could not prove post-condition (see also C:/build/agent1/_work/5/s/mitls-fstar/src/lowparse/LowParse.BigEndian.fst(47,2-52,6))
C:/build/agent1/_work/5/s/mitls-fstar/src/lowparse/LowParse.BigEndian.fst(46,2-53,2): (Warning 252) could not prove post-condition (see also C:/build/agent1/_work/5/s/mitls-fstar/src/lowparse/LowParse.BigEndian.fst(47,2-52,6))
C:/build/agent1/_work/5/s/mitls-fstar/src/lowparse/LowParse.BigEndian.fst(46,2-53,2): (Warning 252) could not prove post-condition (see also C:/build/agent1/_work/5/s/mitls-fstar/src/lowparse/LowParse.BigEndian.fst(47,2-52,6))
C:/build/agent1/_work/5/s/FStar/ulib/FStar.Tactics.fst(0,0-0,0): (Warning 241) Absent cache file cache\Model\FStar.Tactics.fst.checked; will recheck C:/build/agent1/_work/5/s/FStar/ulib/FStar.Tactics.fst and all subsequent files
C:/build/agent1/_work/5/s/mitls-fstar/src/lowparse/LowParse.SLow.Base.fst(135,2-137,2): (Warning 252) could not prove post-condition (see also C:/build/agent1/_work/5/s/mitls-fstar/src/lowparse/LowParse.SLow.Base.fst(136,2-136,56))
C:/build/agent1/_work/5/s/mitls-fstar/src/lowparse/LowParse.SLow.Base.fst(147,2-154,2): (Warning 252) could not prove post-condition (see also C:/build/agent1/_work/5/s/mitls-fstar/src/lowparse/LowParse.SLow.Base.fst(152,4-152,44))
C:/build/agent1/_work/5/s/mitls-fstar/src/lowparse/LowParse.SLow.Base.fst(181,2-204,2): (Warning 252) could not prove post-condition (see also C:/build/agent1/_work/5/s/mitls-fstar/src/lowparse/LowParse.SLow.Base.fst(199,4-199,26))
C:/build/agent1/_work/5/s/kremlin/kremlib/C.Loops.fst(221,0-237,69): (Warning 252) (Hint-replay failed): assertion failed (see also C:/build/agent1/_work/5/s/FStar/ulib/FStar.Seq.Base.fst(214,16-214,37))
C:/build/agent1/_work/5/s/kremlin/kremlib/C.Loops.fst(298,0-314,60): (Warning 252) (Hint-replay failed): assertion failed (see also C:/build/agent1/_work/5/s/FStar/ulib/FStar.Seq.Base.fst(214,16-214,37))
C:/build/agent1/_work/5/s/mitls-fstar/src/lowparse/LowParse.Spec.Combinators.fst(218,0-263,13): (Warning 252) assertion failed (see also C:/build/agent1/_work/5/s/mitls-fstar/src/lowparse/LowParse.Spec.Combinators.fst(238,10-238,23))
C:/build/agent1/_work/5/s/mitls-fstar/src/lowparse/LowParse.Spec.Combinators.fst(360,0-409,13): (Warning 252) assertion failed (see also C:/build/agent1/_work/5/s/mitls-fstar/src/lowparse/LowParse.Spec.Combinators.fst(380,10-380,23))
C:/build/agent1/_work/5/s/mitls-fstar/src/lowparse/LowParse.Spec.Int.Aux.fst(27,2-35,2): (Warning 252) (Hint-replay failed): could not prove post-condition (see also C:/build/agent1/_work/5/s/mitls-fstar/src/lowparse/LowParse.Spec.Int.Aux.fst(33,4-33,41))
C:/build/agent1/_work/5/s/mitls-fstar/src/lowparse/LowParse.Spec.VLData.fst(137,24-137,59): (Warning 252) (Hint-replay failed): Subtyping check failed; expected type Prims.nat; got type Prims.int (see also C:/build/agent1/_work/5/s/FStar/ulib/prims.fst(403,17-403,23))
C:/build/agent1/_work/5/s/mitls-fstar/src/lowparse/LowParse.Spec.VLData.fst(277,21-277,40): (Warning 252) (Hint-replay failed): Subtyping check failed; expected type Prims.nat; got type Prims.int (see also C:/build/agent1/_work/5/s/FStar/ulib/prims.fst(403,17-403,23))
C:/build/agent1/_work/5/s/mitls-fstar/src/lowparse/LowParse.Spec.VLData.fst(445,2-448,2): (Warning 252) (Hint-replay failed): assertion failed (see also C:/build/agent1/_work/5/s/mitls-fstar/src/lowparse/LowParse.Spec.VLData.fst(457,9-457,60))
TLSConstants.fst(859,33-859,35): (Warning 252) (Hint-replay failed): Subtyping check failed; expected type b: FStar.Bytes.bytes{%[ FStar.Bytes.length b ] << %[ FStar.Bytes.length b ]}; got type FStar.Bytes.bytes (see also TLSConstants.fst(857,2-867,5))
Unexpected error; please file a bug report, ideally with a minimized version of the source program that triggered the error.
Failure("Bound term variable not found (after unmangling): ser#45855 in environment: ...,Failure, sz#46836, prf#46837, input#46838, any_result#46990")
make[1]: *** [Makefile.common:130: cache/Model/LowParse.Spec.Bytes.fst.checked] Error 1
make[1]: *** Waiting for unfinished jobs....
C:/build/agent1/_work/5/s/hacl-star/secure_api/utils/Crypto.Symmetric.Bytes.fst(353,2-369,54): (Warning 252) (Hint-replay failed): assertion failed (see also C:/build/agent1/_work/5/s/FStar/ulib/FStar.HyperStack.ST.fst(73,86-73,91))
C:/build/agent1/_work/5/s/hacl-star/secure_api/utils/Crypto.Symmetric.Bytes.fst(353,2-369,54): (Warning 252) (Hint-replay failed): could not prove post-condition (see also C:/build/agent1/_work/5/s/hacl-star/secure_api/utils/Crypto.Symmetric.Bytes.fst(351,4-351,55))
C:/build/agent1/_work/5/s/hacl-star/secure_api/utils/Crypto.Symmetric.Bytes.fst(378,2-394,54): (Warning 252) (Hint-replay failed): assertion failed (see also C:/build/agent1/_work/5/s/FStar/ulib/FStar.HyperStack.ST.fst(73,86-73,91))
C:/build/agent1/_work/5/s/hacl-star/secure_api/utils/Crypto.Symmetric.Bytes.fst(378,2-394,54): (Warning 252) (Hint-replay failed): could not prove post-condition (see also C:/build/agent1/_work/5/s/hacl-star/secure_api/utils/Crypto.Symmetric.Bytes.fst(376,4-376,52))
Nonce.fst(42,30-42,32): (Warning 252) (Hint-replay failed): Failed to verify implicit argument: r:
FStar.HyperStack.ST.ex_rid
{r <> FStar.Monotonic.HyperHeap.root \/ r <> FStar.Monotonic.HyperHeap.root} (Introduced at Nonce.fst(42,30-42,32) for Instantiating implicit argument in application resolved at Nonce.fst(31,27-31,14)) :: Subtyping check failed; expected type a: Type0{Prims.hasEq a}; got type Type0 (see also C:/build/agent1/_work/5/s/FStar/ulib/prims.fst(308,29-308,36))
PSK.fst(72,54-72,68): (Warning 252) (Hint-replay failed): Subtyping check failed; expected type Prims.eqtype; got type Type0 (see also C:/build/agent1/_work/5/s/FStar/ulib/prims.fst(27,21-27,28))
PSK.fst(72,54-72,68): (Warning 252) (Hint-replay failed): Subtyping check failed; expected type Prims.eqtype; got type Type0 (see also C:/build/agent1/_work/5/s/FStar/ulib/prims.fst(27,21-27,28))
PSK.fst(79,2-79,11): (Warning 252) (Hint-replay failed): Failed to verify implicit argument: TLSConstants.psk_identifier (Introduced at PSK.fst(79,2-79,11) for Instantiating implicit argument in application resolved at PSK.fst(78,45-78,59)) :: Subtyping check failed; expected type Prims.eqtype; got type Type0 (see also C:/build/agent1/_work/5/s/FStar/ulib/prims.fst(27,21-27,28))
PSK.fst(78,45-78,59): (Warning 252) (Hint-replay failed): Subtyping check failed; expected type Prims.eqtype; got type Type0 (see also C:/build/agent1/_work/5/s/FStar/ulib/prims.fst(27,21-27,28))
PSK.fst(82,13-82,24): (Warning 252) (Hint-replay failed): Failed to verify implicit argument: TLSConstants.psk_identifier (Introduced at PSK.fst(82,13-82,24) for Instantiating implicit argument in application resolved at PSK.fst(78,45-78,59)) :: Subtyping check failed; expected type Prims.eqtype; got type Type0 (see also C:/build/agent1/_work/5/s/FStar/ulib/prims.fst(27,21-27,28))
PSK.fst(85,8-85,15): (Warning 252) (Hint-replay failed): Failed to verify implicit argument: TLSConstants.psk_identifier (Introduced at PSK.fst(85,8-85,15) for Instantiating implicit argument in application resolved at PSK.fst(78,45-78,59)) :: Subtyping check failed; expected type Prims.eqtype; got type Type0 (see also C:/build/agent1/_work/5/s/FStar/ulib/prims.fst(27,21-27,28))
PSK.fst(85,17-85,23): (Warning 252) (Hint-replay failed): Failed to verify implicit argument: FStar.Monotonic.DependentMap.grows (Introduced at PSK.fst(85,17-85,23) for Instantiating implicit argument in application resolved at C:/build/agent1/_work/5/s/FStar/ulib/FStar.Monotonic.DependentMap.fsti(71,28-71,33)) :: Subtyping check failed; expected type Prims.eqtype; got type Type0 (see also C:/build/agent1/_work/5/s/FStar/ulib/prims.fst(27,21-27,28))
PSK.fst(85,17-85,23): (Warning 252) (Hint-replay failed): Failed to verify implicit argument: FStar.Monotonic.DependentMap.imap TLSConstants.psk_identifier
PSK.app_psk_entry
PSK.psk_table_invariant (Introduced at PSK.fst(85,17-85,23) for Instantiating implicit argument in application resolved at C:/build/agent1/_work/5/s/FStar/ulib/FStar.Monotonic.DependentMap.fsti(71,13-71,27)) :: Subtyping check failed; expected type Prims.eqtype; got type Type0 (see also C:/build/agent1/_work/5/s/FStar/ulib/prims.fst(27,21-27,28))
PSK.fst(95,2-95,8): (Warning 252) (Hint-replay failed): Failed to verify implicit argument: FStar.Monotonic.DependentMap.grows (Introduced at PSK.fst(95,2-95,8) for Instantiating implicit argument in application resolved at C:/build/agent1/_work/5/s/FStar/ulib/FStar.Monotonic.DependentMap.fsti(71,28-71,33)) :: Subtyping check failed; expected type Prims.eqtype; got type Type0 (see also C:/build/agent1/_work/5/s/FStar/ulib/prims.fst(27,21-27,28))
PSK.fst(95,2-95,8): (Warning 252) (Hint-replay failed): Failed to verify implicit argument: FStar.Monotonic.DependentMap.imap TLSConstants.psk_identifier
PSK.app_psk_entry
PSK.psk_table_invariant (Introduced at PSK.fst(95,2-95,8) for Instantiating implicit argument in application resolved at C:/build/agent1/_work/5/s/FStar/ulib/FStar.Monotonic.DependentMap.fsti(71,13-71,27)) :: Subtyping check failed; expected type Prims.eqtype; got type Type0 (see also C:/build/agent1/_work/5/s/FStar/ulib/prims.fst(27,21-27,28))
PSK.fst(96,11-96,22): (Warning 252) (Hint-replay failed): Failed to verify implicit argument: TLSConstants.psk_identifier (Introduced at PSK.fst(96,11-96,22) for Instantiating implicit argument in application resolved at PSK.fst(78,45-78,59)) :: Subtyping check failed; expected type Prims.eqtype; got type Type0 (see also C:/build/agent1/_work/5/s/FStar/ulib/prims.fst(27,21-27,28))
PSK.fst(97,8-97,18): (Warning 252) (Hint-replay failed): Failed to verify implicit argument: TLSConstants.psk_identifier (Introduced at PSK.fst(97,8-97,18) for Instantiating implicit argument in application resolved at PSK.fst(78,45-78,59)) :: Subtyping check failed; expected type Prims.eqtype; got type Type0 (see also C:/build/agent1/_work/5/s/FStar/ulib/prims.fst(27,21-27,28))
PSK.fst(104,2-104,8): (Warning 252) (Hint-replay failed): Failed to verify implicit argument: FStar.Monotonic.DependentMap.grows (Introduced at PSK.fst(104,2-104,8) for Instantiating implicit argument in application resolved at C:/build/agent1/_work/5/s/FStar/ulib/FStar.Monotonic.DependentMap.fsti(71,28-71,33)) :: Subtyping check failed; expected type Prims.eqtype; got type Type0 (see also C:/build/agent1/_work/5/s/FStar/ulib/prims.fst(27,21-27,28))
PSK.fst(104,2-104,8): (Warning 252) (Hint-replay failed): Failed to verify implicit argument: FStar.Monotonic.DependentMap.imap TLSConstants.psk_identifier
PSK.app_psk_entry
PSK.psk_table_invariant (Introduced at PSK.fst(104,2-104,8) for Instantiating implicit argument in application resolved at C:/build/agent1/_work/5/s/FStar/ulib/FStar.Monotonic.DependentMap.fsti(71,13-71,27)) :: Subtyping check failed; expected type Prims.eqtype; got type Type0 (see also C:/build/agent1/_work/5/s/FStar/ulib/prims.fst(27,21-27,28))
PSK.fst(105,11-105,22): (Warning 252) (Hint-replay failed): Failed to verify implicit argument: TLSConstants.psk_identifier (Introduced at PSK.fst(105,11-105,22) for Instantiating implicit argument in application resolved at PSK.fst(78,45-78,59)) :: Subtyping check failed; expected type Prims.eqtype; got type Type0 (see also C:/build/agent1/_work/5/s/FStar/ulib/prims.fst(27,21-27,28))
PSK.fst(106,8-106,18): (Warning 252) (Hint-replay failed): Failed to verify implicit argument: TLSConstants.psk_identifier (Introduced at PSK.fst(106,8-106,18) for Instantiating implicit argument in application resolved at PSK.fst(78,45-78,59)) :: Subtyping check failed; expected type Prims.eqtype; got type Type0 (see also C:/build/agent1/_work/5/s/FStar/ulib/prims.fst(27,21-27,28))
PSK.fst(115,2-115,8): (Warning 252) (Hint-replay failed): Failed to verify implicit argument: FStar.Monotonic.DependentMap.grows (Introduced at PSK.fst(115,2-115,8) for Instantiating implicit argument in application resolved at C:/build/agent1/_work/5/s/FStar/ulib/FStar.Monotonic.DependentMap.fsti(71,28-71,33)) :: Subtyping check failed; expected type Prims.eqtype; got type Type0 (see also C:/build/agent1/_work/5/s/FStar/ulib/prims.fst(27,21-27,28))
PSK.fst(115,2-115,8): (Warning 252) (Hint-replay failed): Failed to verify implicit argument: FStar.Monotonic.DependentMap.imap TLSConstants.psk_identifier
PSK.app_psk_entry
PSK.psk_table_invariant (Introduced at PSK.fst(115,2-115,8) for Instantiating implicit argument in application resolved at C:/build/agent1/_work/5/s/FStar/ulib/FStar.Monotonic.DependentMap.fsti(71,13-71,27)) :: Subtyping check failed; expected type Prims.eqtype; got type Type0 (see also C:/build/agent1/_work/5/s/FStar/ulib/prims.fst(27,21-27,28))
PSK.fst(116,8-116,18): (Warning 252) (Hint-replay failed): Failed to verify implicit argument: TLSConstants.psk_identifier (Introduced at PSK.fst(116,8-116,18) for Instantiating implicit argument in application resolved at PSK.fst(78,45-78,59)) :: Subtyping check failed; expected type Prims.eqtype; got type Type0 (see also C:/build/agent1/_work/5/s/FStar/ulib/prims.fst(27,21-27,28))
PSK.fst(118,11-118,22): (Warning 252) (Hint-replay failed): Failed to verify implicit argument: FStar.Monotonic.DependentMap.grows (Introduced at PSK.fst(118,11-118,22) for Instantiating implicit argument in application resolved at C:/build/agent1/_work/5/s/FStar/ulib/FStar.Monotonic.DependentMap.fsti(71,28-71,33)) :: Subtyping check failed; expected type Prims.eqtype; got type Type0 (see also C:/build/agent1/_work/5/s/FStar/ulib/prims.fst(27,21-27,28))
PSK.fst(118,11-118,22): (Warning 252) (Hint-replay failed): Failed to verify implicit argument: FStar.Monotonic.DependentMap.imap TLSConstants.psk_identifier
PSK.app_psk_entry
PSK.psk_table_invariant (Introduced at PSK.fst(118,11-118,22) for Instantiating implicit argument in application resolved at C:/build/agent1/_work/5/s/FStar/ulib/FStar.Monotonic.DependentMap.fsti(71,13-71,27)) :: Subtyping check failed; expected type Prims.eqtype; got type Type0 (see also C:/build/agent1/_work/5/s/FStar/ulib/prims.fst(27,21-27,28))
PSK.fst(118,38-118,49): (Warning 252) (Hint-replay failed): Failed to verify implicit argument: TLSConstants.psk_identifier (Introduced at PSK.fst(118,38-118,49) for Instantiating implicit argument in application resolved at PSK.fst(78,45-78,59)) :: Subtyping check failed; expected type Prims.eqtype; got type Type0 (see also C:/build/agent1/_work/5/s/FStar/ulib/prims.fst(27,21-27,28))
PSK.fst(119,4-119,14): (Warning 252) (Hint-replay failed): Failed to verify implicit argument: FStar.Monotonic.DependentMap.grows (Introduced at PSK.fst(119,4-119,14) for Instantiating implicit argument in application resolved at C:/build/agent1/_work/5/s/FStar/ulib/FStar.Monotonic.DependentMap.fsti(71,28-71,33)) :: Subtyping check failed; expected type Prims.eqtype; got type Type0 (see also C:/build/agent1/_work/5/s/FStar/ulib/prims.fst(27,21-27,28))
PSK.fst(119,4-119,14): (Warning 252) (Hint-replay failed): Failed to verify implicit argument: FStar.Monotonic.DependentMap.imap TLSConstants.psk_identifier
PSK.app_psk_entry
PSK.psk_table_invariant (Introduced at PSK.fst(119,4-119,14) for Instantiating implicit argument in application resolved at C:/build/agent1/_work/5/s/FStar/ulib/FStar.Monotonic.DependentMap.fsti(71,13-71,27)) :: Subtyping check failed; expected type Prims.eqtype; got type Type0 (see also C:/build/agent1/_work/5/s/FStar/ulib/prims.fst(27,21-27,28))
PSK.fst(119,30-119,41): (Warning 252) (Hint-replay failed): Failed to verify implicit argument: TLSConstants.psk_identifier (Introduced at PSK.fst(119,30-119,41) for Instantiating implicit argument in application resolved at PSK.fst(78,45-78,59)) :: Subtyping check failed; expected type Prims.eqtype; got type Type0 (see also C:/build/agent1/_work/5/s/FStar/ulib/prims.fst(27,21-27,28))
PSK.fst(124,3-124,14): (Warning 252) (Hint-replay failed): Failed to verify implicit argument: TLSConstants.psk_identifier (Introduced at PSK.fst(124,3-124,14) for Instantiating implicit argument in application resolved at PSK.fst(78,45-78,59)) :: Subtyping check failed; expected type Prims.eqtype; got type Type0 (see also C:/build/agent1/_work/5/s/FStar/ulib/prims.fst(27,21-27,28))
PSK.fst(125,17-125,29): (Warning 252) (Hint-replay failed): Failed to verify implicit argument: TLSConstants.psk_identifier (Introduced at PSK.fst(125,17-125,29) for Instantiating implicit argument in application resolved at PSK.fst(78,45-78,59)) :: Subtyping check failed; expected type Prims.eqtype; got type Type0 (see also C:/build/agent1/_work/5/s/FStar/ulib/prims.fst(27,21-27,28))
PSK.fst(134,4-134,13): (Warning 252) (Hint-replay failed): Failed to verify implicit argument: TLSConstants.psk_identifier (Introduced at PSK.fst(134,4-134,13) for Instantiating implicit argument in application resolved at PSK.fst(78,45-78,59)) :: Subtyping check failed; expected type Prims.eqtype; got type Type0 (see also C:/build/agent1/_work/5/s/FStar/ulib/prims.fst(27,21-27,28))
PSK.fst(137,8-137,18): (Warning 252) (Hint-replay failed): Failed to verify implicit argument: TLSConstants.psk_identifier (Introduced at PSK.fst(137,8-137,18) for Instantiating implicit argument in application resolved at PSK.fst(78,45-78,59)) :: Subtyping check failed; expected type Prims.eqtype; got type Type0 (see also C:/build/agent1/_work/5/s/FStar/ulib/prims.fst(27,21-27,28))
PSK.fst(144,4-151,2): (Warning 252) (Hint-replay failed): assertion failed (see also PSK.fst(159,5-159,53))
PSK.fst(145,22-145,31): (Warning 252) (Hint-replay failed): Failed to verify implicit argument: TLSConstants.psk_identifier (Introduced at PSK.fst(145,22-145,31) for Instantiating implicit argument in application resolved at PSK.fst(78,45-78,59)) :: Subtyping check failed; expected type Prims.eqtype; got type Type0 (see also C:/build/agent1/_work/5/s/FStar/ulib/prims.fst(27,21-27,28))
PSK.fst(151,2-151,8): (Warning 252) (Hint-replay failed): Failed to verify implicit argument: FStar.Monotonic.DependentMap.grows (Introduced at PSK.fst(151,2-151,8) for Instantiating implicit argument in application resolved at C:/build/agent1/_work/5/s/FStar/ulib/FStar.Monotonic.DependentMap.fsti(71,28-71,33)) :: Subtyping check failed; expected type Prims.eqtype; got type Type0 (see also C:/build/agent1/_work/5/s/FStar/ulib/prims.fst(27,21-27,28))
PSK.fst(151,2-151,8): (Warning 252) (Hint-replay failed): Failed to verify implicit argument: FStar.Monotonic.DependentMap.imap TLSConstants.psk_identifier
PSK.app_psk_entry
PSK.psk_table_invariant (Introduced at PSK.fst(151,2-151,8) for Instantiating implicit argument in application resolved at C:/build/agent1/_work/5/s/FStar/ulib/FStar.Monotonic.DependentMap.fsti(71,13-71,27)) :: Subtyping check failed; expected type Prims.eqtype; got type Type0 (see also C:/build/agent1/_work/5/s/FStar/ulib/prims.fst(27,21-27,28))
PSK.fst(156,2-156,12): (Warning 252) (Hint-replay failed): Failed to verify implicit argument: TLSConstants.psk_identifier (Introduced at PSK.fst(156,2-156,12) for Instantiating implicit argument in application resolved at PSK.fst(78,45-78,59)) :: Subtyping check failed; expected type Prims.eqtype; got type Type0 (see also C:/build/agent1/_work/5/s/FStar/ulib/prims.fst(27,21-27,28))
PSK.fst(157,2-157,21): (Warning 252) (Hint-replay failed): Failed to verify implicit argument: TLSConstants.psk_identifier (Introduced at PSK.fst(157,2-157,21) for Instantiating implicit argument in application resolved at PSK.fst(78,45-78,59)) :: Subtyping check failed; expected type Prims.eqtype; got type Type0 (see also C:/build/agent1/_work/5/s/FStar/ulib/prims.fst(27,21-27,28))
PSK.fst(159,6-159,13): (Warning 252) (Hint-replay failed): Failed to verify implicit argument: TLSConstants.psk_identifier (Introduced at PSK.fst(159,6-159,13) for Instantiating implicit argument in application resolved at PSK.fst(78,45-78,59)) :: Subtyping check failed; expected type Prims.eqtype; got type Type0 (see also C:/build/agent1/_work/5/s/FStar/ulib/prims.fst(27,21-27,28))
PSK.fst(159,15-159,21): (Warning 252) (Hint-replay failed): Failed to verify implicit argument: FStar.Monotonic.DependentMap.grows (Introduced at PSK.fst(159,15-159,21) for Instantiating implicit argument in application resolved at C:/build/agent1/_work/5/s/FStar/ulib/FStar.Monotonic.DependentMap.fsti(71,28-71,33)) :: Subtyping check failed; expected type Prims.eqtype; got type Type0 (see also C:/build/agent1/_work/5/s/FStar/ulib/prims.fst(27,21-27,28))
PSK.fst(159,15-159,21): (Warning 252) (Hint-replay failed): Failed to verify implicit argument: FStar.Monotonic.DependentMap.imap TLSConstants.psk_identifier
PSK.app_psk_entry
PSK.psk_table_invariant (Introduced at PSK.fst(159,15-159,21) for Instantiating implicit argument in application resolved at C:/build/agent1/_work/5/s/FStar/ulib/FStar.Monotonic.DependentMap.fsti(71,13-71,27)) :: Subtyping check failed; expected type Prims.eqtype; got type Type0 (see also C:/build/agent1/_work/5/s/FStar/ulib/prims.fst(27,21-27,28))
PSK.fst(160,9-160,20): (Warning 252) (Hint-replay failed): Failed to verify implicit argument: FStar.Monotonic.DependentMap.grows (Introduced at PSK.fst(160,9-160,20) for Instantiating implicit argument in application resolved at C:/build/agent1/_work/5/s/FStar/ulib/FStar.Monotonic.DependentMap.fsti(71,28-71,33)) :: Subtyping check failed; expected type Prims.eqtype; got type Type0 (see also C:/build/agent1/_work/5/s/FStar/ulib/prims.fst(27,21-27,28))
PSK.fst(160,9-160,20): (Warning 252) (Hint-replay failed): Failed to verify implicit argument: FStar.Monotonic.DependentMap.imap TLSConstants.psk_identifier
PSK.app_psk_entry
PSK.psk_table_invariant (Introduced at PSK.fst(160,9-160,20) for Instantiating implicit argument in application resolved at C:/build/agent1/_work/5/s/FStar/ulib/FStar.Monotonic.DependentMap.fsti(71,13-71,27)) :: Subtyping check failed; expected type Prims.eqtype; got type Type0 (see also C:/build/agent1/_work/5/s/FStar/ulib/prims.fst(27,21-27,28))
PSK.fst(160,36-160,47): (Warning 252) (Hint-replay failed): Failed to verify implicit argument: TLSConstants.psk_identifier (Introduced at PSK.fst(160,36-160,47) for Instantiating implicit argument in application resolved at PSK.fst(78,45-78,59)) :: Subtyping check failed; expected type Prims.eqtype; got type Type0 (see also C:/build/agent1/_work/5/s/FStar/ulib/prims.fst(27,21-27,28))
PSK.fst(161,2-161,12): (Warning 252) (Hint-replay failed): Failed to verify implicit argument: FStar.Monotonic.DependentMap.grows (Introduced at PSK.fst(161,2-161,12) for Instantiating implicit argument in application resolved at C:/build/agent1/_work/5/s/FStar/ulib/FStar.Monotonic.DependentMap.fsti(71,28-71,33)) :: Subtyping check failed; expected type Prims.eqtype; got type Type0 (see also C:/build/agent1/_work/5/s/FStar/ulib/prims.fst(27,21-27,28))
PSK.fst(161,2-161,12): (Warning 252) (Hint-replay failed): Failed to verify implicit argument: FStar.Monotonic.DependentMap.imap TLSConstants.psk_identifier
PSK.app_psk_entry
PSK.psk_table_invariant (Introduced at PSK.fst(161,2-161,12) for Instantiating implicit argument in application resolved at C:/build/agent1/_work/5/s/FStar/ulib/FStar.Monotonic.DependentMap.fsti(71,13-71,27)) :: Subtyping check failed; expected type Prims.eqtype; got type Type0 (see also C:/build/agent1/_work/5/s/FStar/ulib/prims.fst(27,21-27,28))
PSK.fst(161,28-161,39): (Warning 252) (Hint-replay failed): Failed to verify implicit argument: TLSConstants.psk_identifier (Introduced at PSK.fst(161,28-161,39) for Instantiating implicit argument in application resolved at PSK.fst(78,45-78,59)) :: Subtyping check failed; expected type Prims.eqtype; got type Type0 (see also C:/build/agent1/_work/5/s/FStar/ulib/prims.fst(27,21-27,28))
PSK.fst(162,9-162,20): (Warning 252) (Hint-replay failed): Failed to verify implicit argument: FStar.Monotonic.DependentMap.grows (Introduced at PSK.fst(162,9-162,20) for Instantiating implicit argument in application resolved at C:/build/agent1/_work/5/s/FStar/ulib/FStar.Monotonic.DependentMap.fsti(71,28-71,33)) :: Subtyping check failed; expected type Prims.eqtype; got type Type0 (see also C:/build/agent1/_work/5/s/FStar/ulib/prims.fst(27,21-27,28))
PSK.fst(162,9-162,20): (Warning 252) (Hint-replay failed): Failed to verify implicit argument: FStar.Monotonic.DependentMap.imap TLSConstants.psk_identifier
PSK.app_psk_entry
PSK.psk_table_invariant (Introduced at PSK.fst(162,9-162,20) for Instantiating implicit argument in application resolved at C:/build/agent1/_work/5/s/FStar/ulib/FStar.Monotonic.DependentMap.fsti(71,13-71,27)) :: Subtyping check failed; expected type Prims.eqtype; got type Type0 (see also C:/build/agent1/_work/5/s/FStar/ulib/prims.fst(27,21-27,28))
PSK.fst(163,2-163,12): (Warning 252) (Hint-replay failed): Failed to verify implicit argument: FStar.Monotonic.DependentMap.grows (Introduced at PSK.fst(163,2-163,12) for Instantiating implicit argument in application resolved at C:/build/agent1/_work/5/s/FStar/ulib/FStar.Monotonic.DependentMap.fsti(71,28-71,33)) :: Subtyping check failed; expected type Prims.eqtype; got type Type0 (see also C:/build/agent1/_work/5/s/FStar/ulib/prims.fst(27,21-27,28))
PSK.fst(163,2-163,12): (Warning 252) (Hint-replay failed): Failed to verify implicit argument: FStar.Monotonic.DependentMap.imap TLSConstants.psk_identifier
PSK.app_psk_entry
PSK.psk_table_invariant (Introduced at PSK.fst(163,2-163,12) for Instantiating implicit argument in application resolved at C:/build/agent1/_work/5/s/FStar/ulib/FStar.Monotonic.DependentMap.fsti(71,13-71,27)) :: Subtyping check failed; expected type Prims.eqtype; got type Type0 (see also C:/build/agent1/_work/5/s/FStar/ulib/prims.fst(27,21-27,28))
PSK.fst(166,4-173,2): (Warning 252) (Hint-replay failed): assertion failed (see also PSK.fst(178,5-178,53))
PSK.fst(167,22-167,31): (Warning 252) (Hint-replay failed): Failed to verify implicit argument: TLSConstants.psk_identifier (Introduced at PSK.fst(167,22-167,31) for Instantiating implicit argument in application resolved at PSK.fst(78,45-78,59)) :: Subtyping check failed; expected type Prims.eqtype; got type Type0 (see also C:/build/agent1/_work/5/s/FStar/ulib/prims.fst(27,21-27,28))
PSK.fst(173,2-173,8): (Warning 252) (Hint-replay failed): Failed to verify implicit argument: FStar.Monotonic.DependentMap.grows (Introduced at PSK.fst(173,2-173,8) for Instantiating implicit argument in application resolved at C:/build/agent1/_work/5/s/FStar/ulib/FStar.Monotonic.DependentMap.fsti(71,28-71,33)) :: Subtyping check failed; expected type Prims.eqtype; got type Type0 (see also C:/build/agent1/_work/5/s/FStar/ulib/prims.fst(27,21-27,28))
PSK.fst(173,2-173,8): (Warning 252) (Hint-replay failed): Failed to verify implicit argument: FStar.Monotonic.DependentMap.imap TLSConstants.psk_identifier
PSK.app_psk_entry
PSK.psk_table_invariant (Introduced at PSK.fst(173,2-173,8) for Instantiating implicit argument in application resolved at C:/build/agent1/_work/5/s/FStar/ulib/FStar.Monotonic.DependentMap.fsti(71,13-71,27)) :: Subtyping check failed; expected type Prims.eqtype; got type Type0 (see also C:/build/agent1/_work/5/s/FStar/ulib/prims.fst(27,21-27,28))
PSK.fst(175,2-175,12): (Warning 252) (Hint-replay failed): Failed to verify implicit argument: TLSConstants.psk_identifier (Introduced at PSK.fst(175,2-175,12) for Instantiating implicit argument in application resolved at PSK.fst(78,45-78,59)) :: Subtyping check failed; expected type Prims.eqtype; got type Type0 (see also C:/build/agent1/_work/5/s/FStar/ulib/prims.fst(27,21-27,28))
PSK.fst(176,2-176,21): (Warning 252) (Hint-replay failed): Failed to verify implicit argument: TLSConstants.psk_identifier (Introduced at PSK.fst(176,2-176,21) for Instantiating implicit argument in application resolved at PSK.fst(78,45-78,59)) :: Subtyping check failed; expected type Prims.eqtype; got type Type0 (see also C:/build/agent1/_work/5/s/FStar/ulib/prims.fst(27,21-27,28))
PSK.fst(178,6-178,13): (Warning 252) (Hint-replay failed): Failed to verify implicit argument: TLSConstants.psk_identifier (Introduced at PSK.fst(178,6-178,13) for Instantiating implicit argument in application resolved at PSK.fst(78,45-78,59)) :: Subtyping check failed; expected type Prims.eqtype; got type Type0 (see also C:/build/agent1/_work/5/s/FStar/ulib/prims.fst(27,21-27,28))
PSK.fst(178,15-178,21): (Warning 252) (Hint-replay failed): Failed to verify implicit argument: FStar.Monotonic.DependentMap.grows (Introduced at PSK.fst(178,15-178,21) for Instantiating implicit argument in application resolved at C:/build/agent1/_work/5/s/FStar/ulib/FStar.Monotonic.DependentMap.fsti(71,28-71,33)) :: Subtyping check failed; expected type Prims.eqtype; got type Type0 (see also C:/build/agent1/_work/5/s/FStar/ulib/prims.fst(27,21-27,28))
PSK.fst(178,15-178,21): (Warning 252) (Hint-replay failed): Failed to verify implicit argument: FStar.Monotonic.DependentMap.imap TLSConstants.psk_identifier
PSK.app_psk_entry
PSK.psk_table_invariant (Introduced at PSK.fst(178,15-178,21) for Instantiating implicit argument in application resolved at C:/build/agent1/_work/5/s/FStar/ulib/FStar.Monotonic.DependentMap.fsti(71,13-71,27)) :: Subtyping check failed; expected type Prims.eqtype; got type Type0 (see also C:/build/agent1/_work/5/s/FStar/ulib/prims.fst(27,21-27,28))
PSK.fst(182,3-182,14): (Warning 252) (Hint-replay failed): Failed to verify implicit argument: TLSConstants.psk_identifier (Introduced at PSK.fst(182,3-182,14) for Instantiating implicit argument in application resolved at PSK.fst(78,45-78,59)) :: Subtyping check failed; expected type Prims.eqtype; got type Type0 (see also C:/build/agent1/_work/5/s/FStar/ulib/prims.fst(27,21-27,28))
PSK.fst(183,19-183,31): (Warning 252) (Hint-replay failed): Failed to verify implicit argument: TLSConstants.psk_identifier (Introduced at PSK.fst(183,19-183,31) for Instantiating implicit argument in application resolved at PSK.fst(78,45-78,59)) :: Subtyping check failed; expected type Prims.eqtype; got type Type0 (see also C:/build/agent1/_work/5/s/FStar/ulib/prims.fst(27,21-27,28))
PSK.fst(190,3-190,14): (Warning 252) (Hint-replay failed): Failed to verify implicit argument: TLSConstants.psk_identifier (Introduced at PSK.fst(190,3-190,14) for Instantiating implicit argument in application resolved at PSK.fst(78,45-78,59)) :: Subtyping check failed; expected type Prims.eqtype; got type Type0 (see also C:/build/agent1/_work/5/s/FStar/ulib/prims.fst(27,21-27,28))
PSK.fst(191,19-191,31): (Warning 252) (Hint-replay failed): Failed to verify implicit argument: TLSConstants.psk_identifier (Introduced at PSK.fst(191,19-191,31) for Instantiating implicit argument in application resolved at PSK.fst(78,45-78,59)) :: Subtyping check failed; expected type Prims.eqtype; got type Type0 (see also C:/build/agent1/_work/5/s/FStar/ulib/prims.fst(27,21-27,28))
PSK.fst(196,58-201,2): (Warning 252) (Hint-replay failed): assertion failed (see also PSK.fst(211,9-211,42))
PSK.fst(201,2-201,8): (Warning 252) (Hint-replay failed): Failed to verify implicit argument: FStar.Monotonic.DependentMap.grows (Introduced at PSK.fst(201,2-201,8) for Instantiating implicit argument in application resolved at C:/build/agent1/_work/5/s/FStar/ulib/FStar.Monotonic.DependentMap.fsti(71,28-71,33)) :: Subtyping check failed; expected type Prims.eqtype; got type Type0 (see also C:/build/agent1/_work/5/s/FStar/ulib/prims.fst(27,21-27,28))
PSK.fst(201,2-201,8): (Warning 252) (Hint-replay failed): Failed to verify implicit argument: FStar.Monotonic.DependentMap.imap TLSConstants.psk_identifier
PSK.app_psk_entry
PSK.psk_table_invariant (Introduced at PSK.fst(201,2-201,8) for Instantiating implicit argument in application resolved at C:/build/agent1/_work/5/s/FStar/ulib/FStar.Monotonic.DependentMap.fsti(71,13-71,27)) :: Subtyping check failed; expected type Prims.eqtype; got type Type0 (see also C:/build/agent1/_work/5/s/FStar/ulib/prims.fst(27,21-27,28))
PSK.fst(202,11-202,22): (Warning 252) (Hint-replay failed): Failed to verify implicit argument: TLSConstants.psk_identifier (Introduced at PSK.fst(202,11-202,22) for Instantiating implicit argument in application resolved at PSK.fst(78,45-78,59)) :: Subtyping check failed; expected type Prims.eqtype; got type Type0 (see also C:/build/agent1/_work/5/s/FStar/ulib/prims.fst(27,21-27,28))
PSK.fst(203,8-203,18): (Warning 252) (Hint-replay failed): Failed to verify implicit argument: TLSConstants.psk_identifier (Introduced at PSK.fst(203,8-203,18) for Instantiating implicit argument in application resolved at PSK.fst(78,45-78,59)) :: Subtyping check failed; expected type Prims.eqtype; got type Type0 (see also C:/build/agent1/_work/5/s/FStar/ulib/prims.fst(27,21-27,28))
PSK.fst(206,8-206,20): (Warning 252) (Hint-replay failed): Failed to verify implicit argument: TLSConstants.psk_identifier (Introduced at PSK.fst(206,8-206,20) for Instantiating implicit argument in application resolved at PSK.fst(78,45-78,59)) :: Subtyping check failed; expected type Prims.eqtype; got type Type0 (see also C:/build/agent1/_work/5/s/FStar/ulib/prims.fst(27,21-27,28))
PSK.fst(207,39-207,40): (Warning 252) (Hint-replay failed): Failed to verify implicit argument: PSK.app_psk_entry i (Introduced at PSK.fst(207,39-207,40) for Instantiating implicit argument in application resolved at C:/build/agent1/_work/5/s/FStar/ulib/FStar.Monotonic.DependentMap.fsti(109,9-109,14)) :: Subtyping check failed; expected type a: Type0{Prims.hasEq a}; got type Type0 (see also C:/build/agent1/_work/5/s/FStar/ulib/prims.fst(305,29-305,36))
PSK.fst(207,8-207,20): (Warning 252) (Hint-replay failed): Failed to verify implicit argument: TLSConstants.psk_identifier (Introduced at PSK.fst(207,8-207,20) for Instantiating implicit argument in application resolved at PSK.fst(78,45-78,59)) :: Subtyping check failed; expected type Prims.eqtype; got type Type0 (see also C:/build/agent1/_work/5/s/FStar/ulib/prims.fst(27,21-27,28))
PSK.fst(212,13-212,24): (Warning 252) (Hint-replay failed): Failed to verify implicit argument: FStar.Monotonic.DependentMap.grows (Introduced at PSK.fst(212,13-212,24) for Instantiating implicit argument in application resolved at C:/build/agent1/_work/5/s/FStar/ulib/FStar.Monotonic.DependentMap.fsti(71,28-71,33)) :: Subtyping check failed; expected type Prims.eqtype; got type Type0 (see also C:/build/agent1/_work/5/s/FStar/ulib/prims.fst(27,21-27,28))
PSK.fst(212,13-212,24): (Warning 252) (Hint-replay failed): Failed to verify implicit argument: FStar.Monotonic.DependentMap.imap TLSConstants.psk_identifier
PSK.app_psk_entry
PSK.psk_table_invariant (Introduced at PSK.fst(212,13-212,24) for Instantiating implicit argument in application resolved at C:/build/agent1/_work/5/s/FStar/ulib/FStar.Monotonic.DependentMap.fsti(71,13-71,27)) :: Subtyping check failed; expected type Prims.eqtype; got type Type0 (see also C:/build/agent1/_work/5/s/FStar/ulib/prims.fst(27,21-27,28))
PSK.fst(213,6-213,16): (Warning 252) (Hint-replay failed): Failed to verify implicit argument: FStar.Monotonic.DependentMap.grows (Introduced at PSK.fst(213,6-213,16) for Instantiating implicit argument in application resolved at C:/build/agent1/_work/5/s/FStar/ulib/FStar.Monotonic.DependentMap.fsti(71,28-71,33)) :: Subtyping check failed; expected type Prims.eqtype; got type Type0 (see also C:/build/agent1/_work/5/s/FStar/ulib/prims.fst(27,21-27,28))
PSK.fst(213,6-213,16): (Warning 252) (Hint-replay failed): Failed to verify implicit argument: FStar.Monotonic.DependentMap.imap TLSConstants.psk_identifier
PSK.app_psk_entry
PSK.psk_table_invariant (Introduced at PSK.fst(213,6-213,16) for Instantiating implicit argument in application resolved at C:/build/agent1/_work/5/s/FStar/ulib/FStar.Monotonic.DependentMap.fsti(71,13-71,27)) :: Subtyping check failed; expected type Prims.eqtype; got type Type0 (see also C:/build/agent1/_work/5/s/FStar/ulib/prims.fst(27,21-27,28))
make: *** [Makefile:16: model-all] Error 2
% Total    % Received % Xferd  Average Speed   Time    Time     Time  Current
Dload  Upload   Total   Spent    Left  Speed
  0     0    0     0    0     0      0      0 --:--:-- --:--:-- --:--:--     0100  1443    0     2  100  1441      2   1441  0:00:01 --:--:--  0:00:01  5749
