This is /home/everbld/everest-ci/ci
Working directory: /cygdrive/c/build/agent2/_work/12/s
About to run: ./everest --yes -windows -j 16 test
BUILD_SOURCEBRANCHNAME: verify
BUILD_DEFINITIONNAME: Everest-CI-Windows-fnouint128
BUILD_BUILDID: 19821
DEFINITIONNAME:
Z3 is /home/everbld/everest/z3-4.5.1.1f29cebd4df6-x64-win/bin/z3
# Switching to the everest directory ... now in /cygdrive/c/build/agent2/_work/12/s

exported FSTAR_HOME=C:/build/agent2/_work/12/s/FStar
exported OPENSSL_HOME=C:/build/agent2/_work/12/s/MLCrypto/openssl
exported KREMLIN_HOME=C:/build/agent2/_work/12/s/kremlin
exported VALE_HOME=C:/build/agent2/_work/12/s/vale
exported HACL_HOME=C:/build/agent2/_work/12/s/hacl-star
exported MLCRYPTO_HOME=C:/build/agent2/_work/12/s/MLCrypto
exported PATH=/cygdrive/c/build/agent2/_work/12/s/MLCrypto/openssl:/cygdrive/c/build/agent2/_work/12/s/FStar/bin:/cygdrive/c/build/agent2/_work/12/s/kremlin:/home/everbld/.opam/4.05.0+mingw64c/bin:/home/everbld/everest/nuget/bin:/home/everbld/everest/z3-4.5.1.1f29cebd4df6-x64-win/bin:/cygdrive/c/PROGRA~2/MICROS~1.0/VC/bin/amd64:/cygdrive/c/PROGRA~2/MICROS~1.0/VC/bin:/cygdrive/c/PROGRA~2/MICROS~4/F#/4.0/FRAMEW~1/v4.0/:/usr/x86_64-w64-mingw32/sys-root/mingw/bin:/usr/local/bin:/usr/bin:/cygdrive/c/build/agent2/externals/git/cmd:/cygdrive/c/Python36/Scripts:/cygdrive/c/Python36:/cygdrive/c/Docker/Resources/bin:/cygdrive/c/windows/system32:/cygdrive/c/windows:/cygdrive/c/windows/System32/Wbem:/cygdrive/c/windows/System32/WindowsPowerShell/v1.0:/cygdrive/c/Users/everbld/AppData/Local/Microsoft/WindowsApps:/cygdrive/c/Program Files/Docker/Docker/resources/bin:%USERPROFILE%/.dnx/bin:/cygdrive/c/Program Files/Microsoft DNX/Dnvm:/cygdrive/c/Program Files/Microsoft SQL Server/120/Tools/Binn:/cygdrive/c/Program Files/Microsoft SQL Server/130/Tools/Binn:/cygdrive/c/Program Files/dotnet:/cygdrive/c/Program Files/nodejs:/usr/bin:/cygdrive/c/Program Files/Git/mingw64/bin:/cygdrive/c/Users/everbld/AppData/Roaming/npm:/cygdrive/c/build/agent2/bin:/cygdrive/c/build/agent2/bin
+ hacl-star/secure_api/out/vale_aes_concrete_id/krml-test.exe
================================================================================
Running tests (commands shown below)
test()
[test] expected output cipher is d31a8d34648e60db7b86afbc53ef7ec2a4aded51296e08fea9e2b5a736ee62d63dbea45e8ca9671282fafb69da92728b1a71de0a9e060b2905d6a5b67ecd3b3692ddbd7f2d778b8c9803aee328091b58fab324e4fad675945585808b4831d7bc3ff4def08e4b7a9de576d26586cec64b61161ae10b594f09e26a7e902ecbd0600691
+ hacl-star/secure_api/out/hacl_aes_concrete_id/krml-test.exe
[test] computed output cipher is d31a8d34648e60db7b86afbc53ef7ec2a4aded51296e08fea9e2b5a736ee62d63dbea45e8ca9671282fafb69da92728b1a71de0a9e060b2905d6a5b67ecd3b3692ddbd7f2d778b8c9803aee328091b58fab324e4fad675945585808b4831d7bc3ff4def08e4b7a9de576d26586cec64b61161ae10b594f09e26a7e902ecbd0600691
[test] cipher is a success
[test] expected output decryption is 4c616469657320616e642047656e746c656d656e206f662074686520636c617373206f66202739393a204966204920636f756c64206f6666657220796f75206f6e6c79206f6e652074697020666f7220746865206675747572652c2073756e73637265656e20776f756c642062652069742e
[test] computed output decryption is 4c616469657320616e642047656e746c656d656e206f662074686520636c617373206f66202739393a204966204920636f756c64206f6666657220796f75206f6e6c79206f6e652074697020666f7220746865206675747572652c2073756e73637265656e20776f756c642062652069742e
[test] decryption is a success
test_aes_gcm_0()
[test] expected output cipher is 58e2fccefa7e3061367f1d57a4e7455a
[test] computed output cipher is 58e2fccefa7e3061367f1d57a4e7455a
[test] cipher is a success
[test] expected output decryption is 
[test] computed output decryption is 
[test] decryption is a success
test_aes_gcm_1()
[test] expected output cipher is 530f8afbc74536b9a963b4f1c4cb738b
[test] computed output cipher is 530f8afbc74536b9a963b4f1c4cb738b
[test] cipher is a success
[test] expected output decryption is 
[test] computed output decryption is 
[test] decryption is a success
test_aes_gcm_2()
+ make -C hacl-star/secure_api -f Makefile.extract test
[test] expected output cipher is cea7403d4d606b6e074ec5d3baf39d18d0d1c8a799996bf0265b98b5d48ab919
[test] computed output cipher is cea7403d4d606b6e074ec5d3baf39d18d0d1c8a799996bf0265b98b5d48ab919
[test] cipher is a success
[test] expected output decryption is 00000000000000000000000000000000
[test] computed output decryption is 00000000000000000000000000000000
[test] decryption is a success
test_aes_gcm_3()
[test] expected output cipher is 522dc1f099567d07f47f37a32a84427d643a8cdcbfe5c0c97598a2bd2555d1aa8cb08e48590dbb3da7b08b1056828838c5f61e6393ba7a0abcc9f662898015adb094dac5d93471bdec1a502270e3cc6c
[test] computed output cipher is 522dc1f099567d07f47f37a32a84427d643a8cdcbfe5c0c97598a2bd2555d1aa8cb08e48590dbb3da7b08b1056828838c5f61e6393ba7a0abcc9f662898015adb094dac5d93471bdec1a502270e3cc6c
[test] cipher is a success
[test] expected output decryption is d9313225f88406e5a55909c5aff5269a86a7a9531534f7da2e4c303d8a318a721c3c0c95956809532fcf0e2449a6b525b16aedf5aa0de657ba637b391aafd255
[test] computed output decryption is d9313225f88406e5a55909c5aff5269a86a7a9531534f7da2e4c303d8a318a721c3c0c95956809532fcf0e2449a6b525b16aedf5aa0de657ba637b391aafd255
[test] decryption is a success
test_aes_gcm_4()
[test] expected output cipher is 522dc1f099567d07f47f37a32a84427d643a8cdcbfe5c0c97598a2bd2555d1aa8cb08e48590dbb3da7b08b1056828838c5f61e6393ba7a0abcc9f66276fc6ece0f4e1768cddf8853bb2d551b
[test] computed output cipher is 522dc1f099567d07f47f37a32a84427d643a8cdcbfe5c0c97598a2bd2555d1aa8cb08e48590dbb3da7b08b1056828838c5f61e6393ba7a0abcc9f66276fc6ece0f4e1768cddf8853bb2d551b
[test] cipher is a success
[test] expected output decryption is d9313225f88406e5a55909c5aff5269a86a7a9531534f7da2e4c303d8a318a721c3c0c95956809532fcf0e2449a6b525b16aedf5aa0de657ba637b39
[test] computed output decryption is d9313225f88406e5a55909c5aff5269a86a7a9531534f7da2e4c303d8a318a721c3c0c95956809532fcf0e2449a6b525b16aedf5aa0de657ba637b39
[test] decryption is a success
test()
[test] expected output cipher is d31a8d34648e60db7b86afbc53ef7ec2a4aded51296e08fea9e2b5a736ee62d63dbea45e8ca9671282fafb69da92728b1a71de0a9e060b2905d6a5b67ecd3b3692ddbd7f2d778b8c9803aee328091b58fab324e4fad675945585808b4831d7bc3ff4def08e4b7a9de576d26586cec64b61161ae10b594f09e26a7e902ecbd0600691
[test] computed output cipher is d31a8d34648e60db7b86afbc53ef7ec2a4aded51296e08fea9e2b5a736ee62d63dbea45e8ca9671282fafb69da92728b1a71de0a9e060b2905d6a5b67ecd3b3692ddbd7f2d778b8c9803aee328091b58fab324e4fad675945585808b4831d7bc3ff4def08e4b7a9de576d26586cec64b61161ae10b594f09e26a7e902ecbd0600691
[test] cipher is a success
[test] expected output decryption is 4c616469657320616e642047656e746c656d656e206f662074686520636c617373206f66202739393a204966204920636f756c64206f6666657220796f75206f6e6c79206f6e652074697020666f7220746865206675747572652c2073756e73637265656e20776f756c642062652069742e
[test] computed output decryption is 4c616469657320616e642047656e746c656d656e206f662074686520636c617373206f66202739393a204966204920636f756c64206f6666657220796f75206f6e6c79206f6e652074697020666f7220746865206675747572652c2073756e73637265656e20776f756c642062652069742e
[test] decryption is a success
test_aes_gcm_0()
[test] expected output cipher is 58e2fccefa7e3061367f1d57a4e7455a
[test] computed output cipher is 58e2fccefa7e3061367f1d57a4e7455a
[test] cipher is a success
[test] expected output decryption is 
[test] computed output decryption is 
[test] decryption is a success
test_aes_gcm_1()
[test] expected output cipher is 530f8afbc74536b9a963b4f1c4cb738b
[test] computed output cipher is 530f8afbc74536b9a963b4f1c4cb738b
[test] cipher is a success
[test] expected output decryption is 
[test] computed output decryption is 
[test] decryption is a success
test_aes_gcm_2()
[test] expected output cipher is cea7403d4d606b6e074ec5d3baf39d18d0d1c8a799996bf0265b98b5d48ab919
[test] computed output cipher is cea7403d4d606b6e074ec5d3baf39d18d0d1c8a799996bf0265b98b5d48ab919
[test] cipher is a success
[test] expected output decryption is 00000000000000000000000000000000
[test] computed output decryption is 00000000000000000000000000000000
[test] decryption is a success
test_aes_gcm_3()
[test] expected output cipher is 522dc1f099567d07f47f37a32a84427d643a8cdcbfe5c0c97598a2bd2555d1aa8cb08e48590dbb3da7b08b1056828838c5f61e6393ba7a0abcc9f662898015adb094dac5d93471bdec1a502270e3cc6c
[test] computed output cipher is 522dc1f099567d07f47f37a32a84427d643a8cdcbfe5c0c97598a2bd2555d1aa8cb08e48590dbb3da7b08b1056828838c5f61e6393ba7a0abcc9f662898015adb094dac5d93471bdec1a502270e3cc6c
[test] cipher is a success
[test] expected output decryption is d9313225f88406e5a55909c5aff5269a86a7a9531534f7da2e4c303d8a318a721c3c0c95956809532fcf0e2449a6b525b16aedf5aa0de657ba637b391aafd255
[test] computed output decryption is d9313225f88406e5a55909c5aff5269a86a7a9531534f7da2e4c303d8a318a721c3c0c95956809532fcf0e2449a6b525b16aedf5aa0de657ba637b391aafd255
[test] decryption is a success
test_aes_gcm_4()
[test] expected output cipher is 522dc1f099567d07f47f37a32a84427d643a8cdcbfe5c0c97598a2bd2555d1aa8cb08e48590dbb3da7b08b1056828838c5f61e6393ba7a0abcc9f66276fc6ece0f4e1768cddf8853bb2d551b
[test] computed output cipher is 522dc1f099567d07f47f37a32a84427d643a8cdcbfe5c0c97598a2bd2555d1aa8cb08e48590dbb3da7b08b1056828838c5f61e6393ba7a0abcc9f66276fc6ece0f4e1768cddf8853bb2d551b
[test] cipher is a success
[test] expected output decryption is d9313225f88406e5a55909c5aff5269a86a7a9531534f7da2e4c303d8a318a721c3c0c95956809532fcf0e2449a6b525b16aedf5aa0de657ba637b39
[test] computed output decryption is d9313225f88406e5a55909c5aff5269a86a7a9531534f7da2e4c303d8a318a721c3c0c95956809532fcf0e2449a6b525b16aedf5aa0de657ba637b39
[test] decryption is a success
make: Entering directory '/cygdrive/c/build/agent2/_work/12/s/hacl-star/secure_api'
./../secure_api/out/runtime_switch/krml-test.exe
test()
[test] expected output cipher is d31a8d34648e60db7b86afbc53ef7ec2a4aded51296e08fea9e2b5a736ee62d63dbea45e8ca9671282fafb69da92728b1a71de0a9e060b2905d6a5b67ecd3b3692ddbd7f2d778b8c9803aee328091b58fab324e4fad675945585808b4831d7bc3ff4def08e4b7a9de576d26586cec64b61161ae10b594f09e26a7e902ecbd0600691
[test] computed output cipher is d31a8d34648e60db7b86afbc53ef7ec2a4aded51296e08fea9e2b5a736ee62d63dbea45e8ca9671282fafb69da92728b1a71de0a9e060b2905d6a5b67ecd3b3692ddbd7f2d778b8c9803aee328091b58fab324e4fad675945585808b4831d7bc3ff4def08e4b7a9de576d26586cec64b61161ae10b594f09e26a7e902ecbd0600691
[test] cipher is a success
[test] expected output decryption is 4c616469657320616e642047656e746c656d656e206f662074686520636c617373206f66202739393a204966204920636f756c64206f6666657220796f75206f6e6c79206f6e652074697020666f7220746865206675747572652c2073756e73637265656e20776f756c642062652069742e
[test] computed output decryption is 4c616469657320616e642047656e746c656d656e206f662074686520636c617373206f66202739393a204966204920636f756c64206f6666657220796f75206f6e6c79206f6e652074697020666f7220746865206675747572652c2073756e73637265656e20776f756c642062652069742e
[test] decryption is a success
test_aes_gcm_0()
[test] expected output cipher is 58e2fccefa7e3061367f1d57a4e7455a
[test] computed output cipher is 58e2fccefa7e3061367f1d57a4e7455a
[test] cipher is a success
[test] expected output decryption is 
[test] computed output decryption is 
[test] decryption is a success
test_aes_gcm_1()
[test] expected output cipher is 530f8afbc74536b9a963b4f1c4cb738b
[test] computed output cipher is 530f8afbc74536b9a963b4f1c4cb738b
[test] cipher is a success
[test] expected output decryption is 
[test] computed output decryption is 
[test] decryption is a success
test_aes_gcm_2()
[test] expected output cipher is cea7403d4d606b6e074ec5d3baf39d18d0d1c8a799996bf0265b98b5d48ab919
[test] computed output cipher is cea7403d4d606b6e074ec5d3baf39d18d0d1c8a799996bf0265b98b5d48ab919
[test] cipher is a success
[test] expected output decryption is 00000000000000000000000000000000
[test] computed output decryption is 00000000000000000000000000000000
[test] decryption is a success
test_aes_gcm_3()
[test] expected output cipher is 522dc1f099567d07f47f37a32a84427d643a8cdcbfe5c0c97598a2bd2555d1aa8cb08e48590dbb3da7b08b1056828838c5f61e6393ba7a0abcc9f662898015adb094dac5d93471bdec1a502270e3cc6c
[test] computed output cipher is 522dc1f099567d07f47f37a32a84427d643a8cdcbfe5c0c97598a2bd2555d1aa8cb08e48590dbb3da7b08b1056828838c5f61e6393ba7a0abcc9f662898015adb094dac5d93471bdec1a502270e3cc6c
[test] cipher is a success
[test] expected output decryption is d9313225f88406e5a55909c5aff5269a86a7a9531534f7da2e4c303d8a318a721c3c0c95956809532fcf0e2449a6b525b16aedf5aa0de657ba637b391aafd255
[test] computed output decryption is d9313225f88406e5a55909c5aff5269a86a7a9531534f7da2e4c303d8a318a721c3c0c95956809532fcf0e2449a6b525b16aedf5aa0de657ba637b391aafd255
[test] decryption is a success
test_aes_gcm_4()
[test] expected output cipher is 522dc1f099567d07f47f37a32a84427d643a8cdcbfe5c0c97598a2bd2555d1aa8cb08e48590dbb3da7b08b1056828838c5f61e6393ba7a0abcc9f66276fc6ece0f4e1768cddf8853bb2d551b
[test] computed output cipher is 522dc1f099567d07f47f37a32a84427d643a8cdcbfe5c0c97598a2bd2555d1aa8cb08e48590dbb3da7b08b1056828838c5f61e6393ba7a0abcc9f66276fc6ece0f4e1768cddf8853bb2d551b
[test] cipher is a success
[test] expected output decryption is d9313225f88406e5a55909c5aff5269a86a7a9531534f7da2e4c303d8a318a721c3c0c95956809532fcf0e2449a6b525b16aedf5aa0de657ba637b39
[test] computed output decryption is d9313225f88406e5a55909c5aff5269a86a7a9531534f7da2e4c303d8a318a721c3c0c95956809532fcf0e2449a6b525b16aedf5aa0de657ba637b39
[test] decryption is a success
make -C C:/build/agent2/_work/12/s/MLCrypto
make[1]: Entering directory '/cygdrive/c/build/agent2/_work/12/s/MLCrypto'
make[1]: Nothing to be done for 'all'.
make[1]: Leaving directory '/cygdrive/c/build/agent2/_work/12/s/MLCrypto'
OCAMLPATH="C:/build/agent2/_work/12/s/FStar/bin" ocamlfind opt -package fstarlib,zarith -g -I C:/build/agent2/_work/12/s/FStar/ulib/ml -c LowCProvider/LowCProvider.ml -I LowCProvider -I ../secure_api/out/runtime_switch -I ../secure_api/out/runtime_switch/extracted -I C:/build/agent2/_work/12/s/MLCrypto -o LowCProvider/LowCProvider.cmx
OCAMLPATH="C:/build/agent2/_work/12/s/FStar/bin" ocamlfind mklib -package fstarlib,zarith -g -I C:/build/agent2/_work/12/s/FStar/ulib/ml -I ../secure_api/out/runtime_switch/extracted ../secure_api/out/runtime_switch/uint128/uint128_wrapper.o LowCProvider/LowCProvider.cmx LowCProvider/HaclProvider.cmx LowCProvider/lowc_stub.o ../secure_api/out/runtime_switch/crypto/Crypto_AEAD_Main_Crypto_Indexing.o ../secure_api/out/runtime_switch/crypto/Crypto_HKDF_Crypto_HMAC.o ../secure_api/out/runtime_switch/crypto/Crypto_Symmetric_Bytes.o ../code/curve25519/x25519-c/Curve25519.o ../code/curve25519/x25519-c/FStar.o vale/asm/sha256_main_i.o vale/asm/sha256-x86_64.o vale/asm/Vale_Hash_SHA2_256.o vale/asm/vale_aes_glue.o vale/asm/aes-x86_64.o -o ../secure_api/out/runtime_switch/LowC
OCAMLPATH="C:/build/agent2/_work/12/s/FStar/bin" ocamlfind opt -package fstarlib,zarith -g -I C:/build/agent2/_work/12/s/FStar/ulib/ml -c LowCProvider/Tests.ml -I LowCProvider -I ../secure_api/out/runtime_switch -I ../secure_api/out/runtime_switch/extracted -I C:/build/agent2/_work/12/s/MLCrypto -o LowCProvider/Tests.cmx
OCAMLPATH="C:/build/agent2/_work/12/s/FStar/bin" ocamlfind opt -package fstarlib,zarith -g -I C:/build/agent2/_work/12/s/FStar/ulib/ml -I ../secure_api/out/runtime_switch/extracted -I LowCProvider \
-ccopt -L../secure_api/out/runtime_switch -linkpkg ../secure_api/out/runtime_switch/copied/kremstr.o C:/build/agent2/_work/12/s/MLCrypto/CryptoTypes.cmx ../secure_api/out/runtime_switch/LowC.cmxa LowCProvider/Tests.cmx -o ../secure_api/out/runtime_switch/LowCTests.exe
./../secure_api/out/runtime_switch/LowCTests.exe
Tests started
Test 1 OK

Test 2 OK

Test 3 OK

Test 4 OK

Test 5 OK

Test 6 OK

Output cipher:	ed3dc05f9d4877f5db78c69c3a8a3d8e8602646a0b2febe4fca07a426a9ace4163cb26eddbb5b0d5f56d7038512ac73d667397d129c3044e0eb8052e
Output tag:	e6f0c7f7b8920ba02a3942df2b8b2a04
cipher:		AES-128-GCM
key:		"feffe9928665731c6d6a8f9467308308"
iv:		"cafebabefacedbad"
aad:		"feedfacedeadbeeffeedfacedeadbeefabaddad2"
tag:		"3612d2e79e3b0785561be14aaca2fccb"
plaintext:	"d9313225f88406e5a55909c5aff5269a86a7a9531534f7da2e4c303d8a318a721c3c0c95956809532fcf0e2449a6b525b16aedf5aa0de657ba637b39"
ciphertext:	"61353b4c2806934a777ff51fa22a4755699b2a714fcdc6f83766e5f97b6c742373806900e49f24b22b097544d4896b424989b5e1ebac0f07c23f4598"

Test 7 failed, but this is expected because |IV| <> 12 bytes and we don't do IV expansion.
Please disregard.

Output cipher:	8076eba01a51d7702d398c6dc3adaaadfe061c23a7ffc3c4623ea2be7a08d982b8f331d21ac6b8db541df43510561a3fff90b942215b7fb6fbcea43d
Output tag:	1606863da7ad74443b3a89fd2489363d
cipher:		AES-128-GCM
key:		"feffe9928665731c6d6a8f9467308308"
iv:		"9313225df88406e555909c5aff5269aa6a7a9538534f7da1e4c303d2a318a728c3c0c95156809539fcf0e2429a6b525416aedbf5a0de6a57a637b39b"
+ cd mitls-fstar/src/tls
aad:		"feedfacedeadbeeffeedfacedeadbeefabaddad2"
+ make -j 16 test
tag:		"619cc5aefffe0bfa462af43c1699d050"
plaintext:	"d9313225f88406e5a55909c5aff5269a86a7a9531534f7da2e4c303d8a318a721c3c0c95956809532fcf0e2449a6b525b16aedf5aa0de657ba637b39"
ciphertext:	"8ce24998625615b603a033aca13fb894be9112a5c3a211a8ba262a3cca7e2ca701e4a9a4fba43c90ccdcb281d48c7c6fd62875d2aca417034c34aee5"

Test 8 failed, but this is expected because |IV| <> 12 bytes and we don't do IV expansion.
Please disregard.

Test 9 OK

Test 10 OK

Test 11 OK

Test 12 OK

Output cipher:	677a374b4dd797f8ea0252a721fa83784f68c4877cf4e60f8c1f56972e9c20f789efb32096dd6336c6e5ef833b041251fdf04ce41fbcf2fea0d1e83c
Output tag:	91b8ee617f7c50dab5bc75abff3bc1c3
cipher:		AES-256-GCM
key:		"feffe9928665731c6d6a8f9467308308feffe9928665731c6d6a8f9467308308"
iv:		"cafebabefacedbad"
aad:		"feedfacedeadbeeffeedfacedeadbeefabaddad2"
tag:		"3a337dbf46a792c45e454913fe2ea8f2"
plaintext:	"d9313225f88406e5a55909c5aff5269a86a7a9531534f7da2e4c303d8a318a721c3c0c95956809532fcf0e2449a6b525b16aedf5aa0de657ba637b39"
ciphertext:	"c3762df1ca787d32ae47c13bf19844cbaf1ae14d0b976afac52ff7d79bba9de0feb582d33934a4f0954cc2363bc73f7862ac430e64abe499f47c9b1f"

Test 13 failed, but this is expected because |IV| <> 12 bytes and we don't do IV expansion.
Please disregard.

Output cipher:	cf3b9ab7a70a2ac55a7bcf74cda369c5b32e7870a937cb4d7679ef877de6403b7126c8ca2d6c620755e8ff330af0e7fa003585282b2d7a3d8f785bcc
Output tag:	881390e147e8fc6b2923305b6413a594
cipher:		AES-256-GCM
key:		"feffe9928665731c6d6a8f9467308308feffe9928665731c6d6a8f9467308308"
iv:		"9313225df88406e555909c5aff5269aa6a7a9538534f7da1e4c303d2a318a728c3c0c95156809539fcf0e2429a6b525416aedbf5a0de6a57a637b39b"
aad:		"feedfacedeadbeeffeedfacedeadbeefabaddad2"
tag:		"a44a8266ee1c8eb0c8b5d4cf5ae9f19a"
plaintext:	"d9313225f88406e5a55909c5aff5269a86a7a9531534f7da2e4c303d8a318a721c3c0c95956809532fcf0e2449a6b525b16aedf5aa0de657ba637b39"
ciphertext:	"5a8def2f0c9e53f1f75d7853659e2a20eeb2b22aafde6419a058ab4f6f746bf40fc0c3b780f244452da3ebf1c5d82cdea2418997200ef82e44ae7e3f"

Test 14 failed, but this is expected because |IV| <> 12 bytes and we don't do IV expansion.
Please disregard.

Test 15 OK

Test 16 OK

Test 17 OK

Test 18 OK

Output cipher:	eff01b40f151144abb70955cedcbe564afd7d338ce2c3eb2ac13b1228ef785edc5bf4b7501cdc522a855c4e5843a3a0af67e4c8285f641951d9dcb727fb5d53bffe8165999884aa1626b20328a233f189b48820f19d2cf1551f21d0ae749227f1d47344d687533456994f11584dfd15d4791ceedf45f3774821bcd340d4b18ec8ed70e7ce40859ec159363caab3eaa87261cbda3733c01bbd39f03f21d3c4f1b3af2cadd75c67fbe96929c20a13077991908a0d23adbcecd49ed2ed71dd8f659
Output tag:	1f200ef9ef5218a0a69331c8304f873d
cipher:		AES-128-GCM
key:		"00000000000000000000000000000000"
iv:		"ffffffff000000000000000000000000000000000000000000000000000000000000000000000000000000000000000000000000000000000000000000000000"
aad:		""
tag:		"566f8ef683078bfdeeffa869d751a017"
plaintext:	"000000000000000000000000000000000000000000000000000000000000000000000000000000000000000000000000000000000000000000000000000000000000000000000000000000000000000000000000000000000000000000000000000000000000000000000000000000000000000000000000000000000000000000000000000000000000000000000000000000000000000000000000000000000000000000000000000000000000000000000000000000000000000000000000"
ciphertext:	"56b3373ca9ef6e4a2b64fe1e9a17b61425f10d47a75a5fce13efc6bc784af24f4141bdd48cf7c770887afd573cca5418a9aeffcd7c5ceddfc6a78397b9a85b499da558257267caab2ad0b23ca476a53cb17fb41c4b8b475cb4f3f7165094c229c9e8c4dc0a2a5ff1903e501511221376a1cdb8364c5061a20cae74bc4acd76ceb0abc9fd3217ef9f8c90be402ddf6d8697f4f880dff15bfb7a6b28241ec8fe183c2d59e3f9dfff653c7126f0acb9e64211f42bae12af462b1070bef1ab5e3606"

Test 19 failed, but this is expected because |IV| <> 12 bytes and we don't do IV expansion.
Please disregard.

Output cipher:	eff01b40f151144abb70955cedcbe564afd7d338ce2c3eb2ac13b1228ef785edc5bf4b7501cdc522a855c4e5843a3a0af67e4c8285f641951d9dcb727fb5d53bffe8165999884aa1626b20328a233f189b48820f19d2cf1551f21d0ae749227f1d47344d687533456994f11584dfd15d4791ceedf45f3774821bcd340d4b18ec8ed70e7ce40859ec159363caab3eaa87261cbda3733c01bbd39f03f21d3c4f1b3af2cadd75c67fbe96929c20a13077991908a0d23adbcecd49ed2ed71dd8f65954f4ff316fe216dd9e29b1ea55824efb884af85d0e6743d586acfc3088f200284dcb744dcf6fe40745827d98067e32af9b279d8f8354d7e47b8bb6736de3b66479f0d1ee5cb7796d966955cc6dea4ae5e4205b07040a0d9ec6594c2c6d2350a4
Output tag:	99b156f6881899ee456476976e9f5414
cipher:		AES-128-GCM
key:		"00000000000000000000000000000000"
iv:		"ffffffff000000000000000000000000000000000000000000000000000000000000000000000000000000000000000000000000000000000000000000000000"
aad:		""
tag:		"8b307f6b33286d0ab026a9ed3fe1e85f"
plaintext:	"000000000000000000000000000000000000000000000000000000000000000000000000000000000000000000000000000000000000000000000000000000000000000000000000000000000000000000000000000000000000000000000000000000000000000000000000000000000000000000000000000000000000000000000000000000000000000000000000000000000000000000000000000000000000000000000000000000000000000000000000000000000000000000000000000000000000000000000000000000000000000000000000000000000000000000000000000000000000000000000000000000000000000000000000000000000000000000000000000000000000000000000000000000000000000000000000"
ciphertext:	"56b3373ca9ef6e4a2b64fe1e9a17b61425f10d47a75a5fce13efc6bc784af24f4141bdd48cf7c770887afd573cca5418a9aeffcd7c5ceddfc6a78397b9a85b499da558257267caab2ad0b23ca476a53cb17fb41c4b8b475cb4f3f7165094c229c9e8c4dc0a2a5ff1903e501511221376a1cdb8364c5061a20cae74bc4acd76ceb0abc9fd3217ef9f8c90be402ddf6d8697f4f880dff15bfb7a6b28241ec8fe183c2d59e3f9dfff653c7126f0acb9e64211f42bae12af462b1070bef1ab5e3606872ca10dee15b3249b1a1b958f23134c4bccb7d03200bce420a2f8eb66dcf3644d1423c1b5699003c13ecef4bf38a3b60eedc34033bac1902783dc6d89e2e774188a439c7ebcc0672dbda4ddcfb2794613b0be41315ef778708a70ee7d75165c"

Test 20 failed, but this is expected because |IV| <> 12 bytes and we don't do IV expansion.
Please disregard.

Test 21 OK

AEAD: 21/21 tests passed
./../secure_api/out/runtime_switch/quicprovider-test.exe
==== coverage ====
SHA256('') =
e3b0c44298fc1c149afbf4c8996fb92427ae41e4649b934ca495991b7852b855

SHA384('') = 
38b060a751ac96384cd9327eb1b1e36a21fdb71114be07434c0cc7bf63f6e1da
274edebfe76f65fbd51ad2f14898b95b

SHA512('') = 
cf83e1357eefb8bdf1542850d66d8007d620e4050b5715dc83f4a921d36ce9ce
47d0d13c5d85f2b0ff8318d2877eec2f63b931bd47417a81a538327af927da3e

HMAC-SHA256('Jefe', 'what do ya want for nothing?') = 
5bdcc146bf60754e6a042426089575c75a003f089d2739839dec58b964ec3843

HMAC-SHA384('Jefe', 'what do ya want for nothing?') = 
af45d2e376484031617f78d2b58a6b1b9c7ef464f5a01b47e42ec3736322445e
8e2240ca5e69e2c78b3239ecfab21649

HMAC-SHA512('Jefe', 'what do ya want for nothing?') = 
164b7a7bfcf819e2e395fbe73b56e0a387bd64222e831fd610270cd7ea250554
9758bf75c05a994a6d034f65f8f0e6fdcaeab1a34d4a6b4b636e070a38bce737

prk = HKDF-EXTRACT-SHA256('0x000102030405060708090a0b0c', '0x0b0b0b0b0b0b0b0b0b0b0b0b0b0b0b0b0b0b0b0b0b0b')
077709362c2e32df0ddc3f0dc47bba6390b6c73bb50f9c3122ec844ad7c2b3e5
077709362c2e32df0ddc3f0dc47bba6390b6c73bb50f9c3122ec844ad7c2b3e5

okm = HKDF-EXPAND-SHA256(prk, '0xf0f1f2f3f4f5f6f7f8f9', 42)
3cb25f25faacd57a90434f64d0362f2a2d2d0a90cf1a5a4c5db02d56ecc4c5bf
34007208d5b887185865

AES-128-GCM encrypt test:
5936f46d6c7eb7008dbbfb0d40b491fce5328aedcbc0c5272457d347363fd36d
f238bd17971e982f4449350d
DECRYPT SUCCES: 
7768617420646f2079612077616e7420666f72206e6f7468696e673f

CHACHA20-POLY1305 encrypt test:
a62fe99f3d6001a4f4214a986f04b1f42ea1e5dcea3236ecf35adb5d8cc57db2
df5e18b278c8c904fcddf440
DECRYPT SUCCES: 
7768617420646f2079612077616e7420666f72206e6f7468696e673f
==== PASS:  coverage ====


==== test_crypto(TLS_hash_SHA256,TLS_aead_AES_128_GCM) ====
PASS
==== test_crypto(TLS_hash_SHA384,TLS_aead_AES_128_GCM) ====
PASS
==== test_crypto(TLS_hash_SHA512,TLS_aead_AES_128_GCM) ====
PASS
==== test_crypto(TLS_hash_SHA256,TLS_aead_AES_256_GCM) ====
PASS
==== test_crypto(TLS_hash_SHA384,TLS_aead_AES_256_GCM) ====
PASS
==== test_crypto(TLS_hash_SHA512,TLS_aead_AES_256_GCM) ====
PASS
==== test_crypto(TLS_hash_SHA256,TLS_aead_CHACHA20_POLY1305) ====
PASS
==== test_crypto(TLS_hash_SHA384,TLS_aead_CHACHA20_POLY1305) ====
PASS
==== test_crypto(TLS_hash_SHA512,TLS_aead_CHACHA20_POLY1305) ====
PASS
==== test_handshake_secrets() ====
==== PASS: test_handshake_secrets ==== 
==== ALL TESTS PASS ====
make: Leaving directory '/cygdrive/c/build/agent2/_work/12/s/hacl-star/secure_api'
rm -f cache/OCaml/.depend cache/Kremlin/.depend cache/Model/.depend
make -f Makefile.Model test
make -f Makefile.Kremlin test
make -f Makefile.OCaml test
make -C ../../apps/quicMinusNet test -k
make[1]: Entering directory '/cygdrive/c/build/agent2/_work/12/s/mitls-fstar/apps/quicMinusNet'
make[1]: *** [Makefile:71: test] Error 252
./quic.exe
server create
make: *** [Makefile:19: quic-test] Error 2
make[1]: Leaving directory '/cygdrive/c/build/agent2/_work/12/s/mitls-fstar/apps/quicMinusNet'
make: *** Waiting for unfinished jobs....
make[1]: Entering directory '/cygdrive/c/build/agent2/_work/12/s/mitls-fstar/src/tls'
C:/build/agent2/_work/12/s/FStar/bin/fstar.exe --cache_dir cache/Model --cache_checked_modules --print_z3_statistics --use_hints --query_stats --cache_dir cache/Model --odir extract/Model --extract Nothing --dep full --include C:/build/agent2/_work/12/s/FStar/contrib/CoreCrypto/fst/ --include C:/build/agent2/_work/12/s/hacl-star/secure_api --include C:/build/agent2/_work/12/s/hacl-star/secure_api/utils --include C:/build/agent2/_work/12/s/hacl-star/secure_api/concrete_specializations --include C:/build/agent2/_work/12/s/hacl-star/secure_api/LowCProvider/fst --include C:/build/agent2/_work/12/s/hacl-star/code/curve25519/api --include C:/build/agent2/_work/12/s/hacl-star/code/lib --include C:/build/agent2/_work/12/s/kremlin/kremlib --include ../../libs/ffi --include ../../src/lowparse --include ../../src/tls/ideal-flags --include ../../src/tls/concrete-flags/generic --include ./concrete-flags/Debug TLS.fst QUIC.fst Test.Main.fst   > cache/Model/.depend
make[1]: Leaving directory '/cygdrive/c/build/agent2/_work/12/s/mitls-fstar/src/tls'
make[1]: Entering directory '/cygdrive/c/build/agent2/_work/12/s/mitls-fstar/src/tls'
C:/build/agent2/_work/12/s/FStar/bin/fstar.exe --cache_dir cache/Kremlin --cache_checked_modules --print_z3_statistics --use_hints --query_stats --cache_dir cache/Kremlin --odir extract/Kremlin --extract '* -DHDB -LowCProvider -FFICallbacks -BufferBytes' --dep full --include C:/build/agent2/_work/12/s/FStar/contrib/CoreCrypto/fst/ --include C:/build/agent2/_work/12/s/hacl-star/secure_api --include C:/build/agent2/_work/12/s/hacl-star/secure_api/utils --include C:/build/agent2/_work/12/s/hacl-star/secure_api/concrete_specializations --include C:/build/agent2/_work/12/s/hacl-star/secure_api/LowCProvider/fst --include C:/build/agent2/_work/12/s/hacl-star/code/curve25519/api --include C:/build/agent2/_work/12/s/hacl-star/code/lib --include C:/build/agent2/_work/12/s/kremlin/kremlib --include ../../libs/ffi --include ../../src/lowparse --include ../../src/tls/concrete-flags --include ../../src/tls/concrete-flags/Kremlin --include ./concrete-flags/Debug TLS.fst QUIC.fst Test.Main.fst  > cache/Kremlin/.depend
make[1]: Leaving directory '/cygdrive/c/build/agent2/_work/12/s/mitls-fstar/src/tls'
make[1]: Entering directory '/cygdrive/c/build/agent2/_work/12/s/mitls-fstar/src/tls'
C:/build/agent2/_work/12/s/FStar/bin/fstar.exe --cache_dir cache/OCaml --cache_checked_modules --print_z3_statistics --use_hints --query_stats --cache_dir cache/OCaml --odir extract/OCaml --extract '* -Prims -FStar +FStar.Test +FStar.Kremlin.Endianness -CoreCrypto -CryptoTypes -DHDB -LowCProvider -HaclProvider -FFICallbacks -Crypto.AEAD -Crypto.Symmetric -Crypto.Plain -Spec.Loops -Buffer.Utils -C +C.Loops -LowParse.SLow.Tac -BufferBytes' --dep full --include C:/build/agent2/_work/12/s/FStar/contrib/CoreCrypto/fst/ --include C:/build/agent2/_work/12/s/hacl-star/secure_api --include C:/build/agent2/_work/12/s/hacl-star/secure_api/utils --include C:/build/agent2/_work/12/s/hacl-star/secure_api/concrete_specializations --include C:/build/agent2/_work/12/s/hacl-star/secure_api/LowCProvider/fst --include C:/build/agent2/_work/12/s/hacl-star/code/curve25519/api --include C:/build/agent2/_work/12/s/hacl-star/code/lib --include C:/build/agent2/_work/12/s/kremlin/kremlib --include ../../libs/ffi --include ../../src/lowparse --include ../../src/tls/concrete-flags --include ../../src/tls/concrete-flags/OCaml --include ./concrete-flags/Debug TLS.fst QUIC.fst Test.Main.fst  > cache/OCaml/.depend
make[1]: Leaving directory '/cygdrive/c/build/agent2/_work/12/s/mitls-fstar/src/tls'
make[1]: Entering directory '/cygdrive/c/build/agent2/_work/12/s/mitls-fstar/src/tls'
echo No verification-specific tests as of yet.
No verification-specific tests as of yet.
make[1]: Leaving directory '/cygdrive/c/build/agent2/_work/12/s/mitls-fstar/src/tls'
make -C extract/Kremlin-Internal-Test test
make[2]: Entering directory '/cygdrive/c/build/agent2/_work/12/s/mitls-fstar/src/tls/extract/Kremlin-Internal-Test'
cp ../../../../data/CAFile.pem .
make[2]: Leaving directory '/cygdrive/c/build/agent2/_work/12/s/mitls-fstar/src/tls/extract/Kremlin-Internal-Test'
make[2]: Entering directory '/cygdrive/c/build/agent2/_work/12/s/mitls-fstar/src/tls/extract/Kremlin-Internal-Test'
cp ../../../../data/server-ecdsa.crt .
make[2]: Leaving directory '/cygdrive/c/build/agent2/_work/12/s/mitls-fstar/src/tls/extract/Kremlin-Internal-Test'
make[2]: Entering directory '/cygdrive/c/build/agent2/_work/12/s/mitls-fstar/src/tls/extract/Kremlin-Internal-Test'
cp ../../../../data/server-ecdsa.key .
make[2]: Leaving directory '/cygdrive/c/build/agent2/_work/12/s/mitls-fstar/src/tls/extract/Kremlin-Internal-Test'
make[1]: Entering directory '/cygdrive/c/build/agent2/_work/12/s/mitls-fstar/src/tls'
cp ../../data/CAFile.pem .
make[1]: Leaving directory '/cygdrive/c/build/agent2/_work/12/s/mitls-fstar/src/tls'
make[1]: Entering directory '/cygdrive/c/build/agent2/_work/12/s/mitls-fstar/src/tls'
cp ../../data/server-ecdsa.crt .
make[1]: Leaving directory '/cygdrive/c/build/agent2/_work/12/s/mitls-fstar/src/tls'
make[1]: Entering directory '/cygdrive/c/build/agent2/_work/12/s/mitls-fstar/src/tls'
cp ../../data/server-ecdsa.key .
make[1]: Leaving directory '/cygdrive/c/build/agent2/_work/12/s/mitls-fstar/src/tls'
make[2]: Entering directory '/cygdrive/c/build/agent2/_work/12/s/mitls-fstar/src/tls/extract/Kremlin-Internal-Test'
./test.exe
✔ RNG initialization
b1 = 1234567890abcdef1234567890abcdef
b2 = cafedecafbabedeadbeeffeec0ffee33
b12= 1234567890abcdef1234567890abcdefcafedecafbabedeadbeeffeec0ffee33
b3 = 1234567890abcdef1234567890abcdefcafedecafbabedeadbeeffeec0ffee33
✔ BufferBytes
✔ TLSConstants
✔ AEAD
AEP| LowProvider: COERCE(K=feffe9928665731c6d6a8f9467308308feffe9928665731c6d6a8f9467308308)
Test.StAE: c0 size=33 data=000000000000000017b5db7a6412522a62d32d2b5a94a9348c80cbc7b20bdcfa5c.
Test.StAE: c1 size=28 data=0000000000000001a93cd0e67431db38a93a169cd79b29c82f69d7e4.
Test.StAE: start.
Test.StAE: decryption fails on wrong cipher.
Test.StAE: decryption fails on wrong sequence number.
Test.StAE: decryption fails on wrong CT.
Test.StAE: first decryption succeeds.
Test.StAE: second decryption succeeds.
AEP| LowProvider: COERCE(K=feffe9928665731c6d6a8f9467308308feffe9928665731c6d6a8f9467308308)
Test.StAE: c0 size=26 data=d12a84f232589f6bc797322d5f5d3f43e95bc07640538c50dded.
Test.StAE: c1 size=21 data=2adba81a76d2814ee2aba4406c861ecbc19825461a.
Test.StAE: start.
Test.StAE: decryption fails on wrong cipher.
Test.StAE: decryption fails on wrong sequence number.
Test.StAE: TLS 1.3 does not intend to provide outer CT authentication.
Test.StAE: first decryption succeeds.
Test.StAE: second decryption succeeds.
✔ StAE
Test.CommonDH: Testing P256.
CDH| Keygen (initiator) on P256
CDH| Keygen (responder) on P256
CDH| DH initiator on P256
CDH| DH initiator on P256
Test.CommonDH: Testing P384.
CDH| Keygen (initiator) on P384
CDH| Keygen (responder) on P384
CDH| DH initiator on P384
CDH| DH initiator on P384
Test.CommonDH: Testing P521.
CDH| Keygen (initiator) on P521
CDH| Keygen (responder) on P521
CDH| DH initiator on P521
CDH| DH initiator on P521
Test.CommonDH: Testing X255519.
CDH| Keygen (initiator) on X255519
CDH| Keygen (responder) on X255519
CDH| DH initiator on X255519
CDH| DH initiator on X255519
Test.CommonDH: Testing FFDHE2048.
CDH| Keygen (initiator) on FFDHE2048
CDH| Keygen (responder) on FFDHE2048
CDH| DH initiator on FFDHE2048
CDH| DH initiator on FFDHE2048
Test.CommonDH: Testing FFDHE3072.
CDH| Keygen (initiator) on FFDHE3072
CDH| Keygen (responder) on FFDHE3072
CDH| DH initiator on FFDHE3072
CDH| DH initiator on FFDHE3072
Test.CommonDH: Testing FFDHE4096.
CDH| Keygen (initiator) on FFDHE4096
CDH| Keygen (responder) on FFDHE4096
CDH| DH initiator on FFDHE4096
CDH| DH initiator on FFDHE4096
Test.CommonDH: Testing FFDHE6144.
CDH| Keygen (initiator) on FFDHE6144
CDH| Keygen (responder) on FFDHE6144
CDH| DH initiator on FFDHE6144
CDH| DH initiator on FFDHE6144
Test.CommonDH: Testing FFDHE8192.
CDH| Keygen (initiator) on FFDHE8192
CDH| Keygen (responder) on FFDHE8192
CDH| DH initiator on FFDHE8192
CDH| DH initiator on FFDHE8192
✔ CommonDH
make[2]: Leaving directory '/cygdrive/c/build/agent2/_work/12/s/mitls-fstar/src/tls/extract/Kremlin-Internal-Test'
make[1]: Entering directory '/cygdrive/c/build/agent2/_work/12/s/mitls-fstar/src/tls'
OCAMLPATH="C:/build/agent2/_work/12/s/FStar/bin" ocamlfind opt -package fstarlib,zarith,ctypes,ctypes.foreign -g -I C:/build/agent2/_work/12/s/FStar/ulib/ml -I extract/OCaml -I C:/build/agent2/_work/12/s/MLCrypto -I ../../libs/ffi -I C:/build/agent2/_work/12/s/hacl-star/secure_api/LowCProvider -I C:/build/agent2/_work/12/s/hacl-star/secure_api/out/runtime_switch/ -I C:/build/agent2/_work/12/s/kremlin/_build/kremlib -I test -I extract/mlstubs -I . -cclib -L../pki -cclib -lmipki -linkall -linkpkg -g extract/OCaml/BufferBytes.cmx extract/OCaml/Crypto_AEAD_Main.cmx C:/build/agent2/_work/12/s/kremlin/_build/kremlib/C.cmx C:/build/agent2/_work/12/s/MLCrypto/CoreCrypto.cmxa C:/build/agent2/_work/12/s/hacl-star/secure_api/out/runtime_switch/LowC.cmxa ../../libs/ffi/FFICallbacks.cmxa extract/OCaml/Hashing_Spec.cmx extract/OCaml/Flags.cmx extract/OCaml/TLSError.cmx extract/OCaml/Mem.cmx extract/OCaml/Hashing_OpenSSL.cmx extract/OCaml/Hashing.cmx extract/OCaml/LowParse_Bytes32.cmx extract/OCaml/LowParse_Bytes.cmx extract/OCaml/LowParse_Spec_Base.cmx extract/OCaml/LowParse_Spec_Combinators.cmx extract/OCaml/LowParse_SLow_Base.cmx extract/OCaml/LowParse_SLow_Combinators.cmx extract/OCaml/LowParse_Spec_Enum.cmx extract/OCaml/LowParse_SLow_Enum.cmx extract/OCaml/LowParse_Spec_Sum.cmx extract/OCaml/LowParse_SLow_Sum.cmx extract/OCaml/LowParse_Math.cmx extract/OCaml/FStar_Kremlin_Endianness.cmx extract/OCaml/LowParse_BigEndian.cmx extract/OCaml/LowParse_BigEndianImpl.cmx extract/OCaml/LowParse_Spec_FLData.cmx extract/OCaml/LowParse_SLow_FLData.cmx extract/OCaml/LowParse_Spec_VLData.cmx extract/OCaml/LowParse_SLow_VLData.cmx extract/OCaml/LowParse_Spec_Bytes.cmx extract/OCaml/LowParse_SLow_Bytes.cmx extract/OCaml/LowParse_Spec_List.cmx extract/OCaml/LowParse_Spec_Array.cmx extract/OCaml/C_Loops.cmx extract/OCaml/LowParse_SLow_List.cmx extract/OCaml/LowParse_SLow_Array.cmx extract/OCaml/LowParse_Spec_Int_Aux.cmx extract/OCaml/LowParse_Spec_Int.cmx extract/OCaml/LowParse_Spec_Int_Unique.cmx extract/OCaml/LowParse_SLow_Int_Aux.cmx extract/OCaml/LowParse_SLow_Int.cmx extract/OCaml/LowParse_SLow.cmx extract/OCaml/Format_NamedGroup.cmx extract/OCaml/Format_Constants.cmx extract/OCaml/Format_UncompressedPointRepresentation.cmx extract/OCaml/Format_KeyShareEntry.cmx extract/OCaml/Format_ECCurveType.cmx extract/OCaml/TLS_Curve25519.cmx extract/OCaml/Parse.cmx extract/OCaml/ECGroup.cmx extract/OCaml/DHGroup.cmx extract/OCaml/DebugFlags.cmx extract/OCaml/Format_NamedGroupList.cmx extract/OCaml/CommonDH.cmx extract/OCaml/LowParseWrappers.cmx extract/OCaml/QD_TLS_protocolVersion.cmx extract/OCaml/TLSConstants.cmx extract/OCaml/PKI.cmx extract/OCaml/Nonce.cmx extract/OCaml/RSAKey.cmx extract/OCaml/PMS.cmx extract/OCaml/List_Helpers.cmx extract/OCaml/PSK.cmx extract/OCaml/Extensions.cmx extract/OCaml/Cert.cmx extract/OCaml/TLSInfoFlags.cmx extract/OCaml/TLSInfo.cmx extract/OCaml/Crypto_Indexing.cmx extract/OCaml/Flag.cmx extract/OCaml/Specializations_Providers_AEAD.cmx extract/OCaml/AEADOpenssl.cmx extract/OCaml/AEADProvider.cmx extract/OCaml/Range.cmx extract/OCaml/Hashing_CRF.cmx extract/OCaml/HandshakeMessages.cmx extract/OCaml/HandshakeLog.cmx extract/OCaml/HMAC.cmx extract/OCaml/Old_HMAC_UFCMA.cmx extract/OCaml/Test_BufferBytes.cmx extract/OCaml/TLSPRF.cmx extract/OCaml/DataStream.cmx extract/OCaml/Alert.cmx extract/OCaml/Content.cmx extract/OCaml/StreamPlain.cmx extract/OCaml/StreamAE.cmx extract/OCaml/StatefulPlain.cmx extract/OCaml/LHAEPlain.cmx extract/OCaml/AEAD_GCM.cmx extract/OCaml/StatefulLHAE.cmx extract/OCaml/StAE.cmx extract/OCaml/Ticket.cmx extract/OCaml/Old_HKDF.cmx extract/OCaml/Old_KeySchedule.cmx extract/OCaml/FStar_Test.cmx extract/OCaml/Test_CommonDH.cmx extract/OCaml/Negotiation.cmx extract/OCaml/Old_Epochs.cmx extract/OCaml/Old_Handshake.cmx extract/OCaml/Transport.cmx extract/OCaml/Record.cmx extract/OCaml/Connection.cmx extract/OCaml/StreamDeltas.cmx extract/OCaml/TLS.cmx extract/OCaml/FFI.cmx extract/OCaml/QUIC.cmx extract/OCaml/Test_StAE.cmx extract/OCaml/Test_TLSConstants.cmx extract/OCaml/Test_Handshake.cmx extract/OCaml/Test_AEAD.cmx extract/OCaml/Test_Main.cmx extract/OCaml/FFIRegister.cmx extract/copied/kremstr.o test/mitls.cmx -o mitls.exe -thread
make[1]: Leaving directory '/cygdrive/c/build/agent2/_work/12/s/mitls-fstar/src/tls'
make[1]: Entering directory '/cygdrive/c/build/agent2/_work/12/s/mitls-fstar/src/tls'
./mitls.exe
✔ RNG initialization
b1 = 1234567890abcdef1234567890abcdef
b2 = cafedecafbabedeadbeeffeec0ffee33
b12= 1234567890abcdef1234567890abcdefcafedecafbabedeadbeeffeec0ffee33
b3 = 1234567890abcdef1234567890abcdefcafedecafbabedeadbeeffeec0ffee33
✔ BufferBytes
✔ TLSConstants
✔ AEAD
AEP| LowCProvider: COERCE(K=feffe9928665731c6d6a8f9467308308feffe9928665731c6d6a8f9467308308)
Test.StAE: c0 size=33 data=000000000000000017b5db7a6412522a62d32d2b5a94a9348c80cbc7b20bdcfa5c.
Test.StAE: c1 size=28 data=0000000000000001a93cd0e67431db38a93a169cd79b29c82f69d7e4.
Test.StAE: start.
Test.StAE: decryption fails on wrong cipher.
Test.StAE: decryption fails on wrong sequence number.
Test.StAE: decryption fails on wrong CT.
Test.StAE: first decryption succeeds.
Test.StAE: second decryption succeeds.
AEP| LowCProvider: COERCE(K=feffe9928665731c6d6a8f9467308308feffe9928665731c6d6a8f9467308308)
Test.StAE: c0 size=26 data=d12a84f232589f6bc797322d5f5d3f43e95bc07640538c50dded.
Test.StAE: c1 size=21 data=2adba81a76d2814ee2aba4406c861ecbc19825461a.
Test.StAE: start.
Test.StAE: decryption fails on wrong cipher.
Test.StAE: decryption fails on wrong sequence number.
Test.StAE: TLS 1.3 does not intend to provide outer CT authentication.
Test.StAE: first decryption succeeds.
Test.StAE: second decryption succeeds.
✔ StAE
Test.CommonDH: Testing P256.
CDH| Keygen (initiator) on P256
CDH| Keygen (responder) on P256
CDH| DH initiator on P256
CDH| DH initiator on P256
Test.CommonDH: Testing P384.
CDH| Keygen (initiator) on P384
CDH| Keygen (responder) on P384
CDH| DH initiator on P384
CDH| DH initiator on P384
Test.CommonDH: Testing P521.
CDH| Keygen (initiator) on P521
CDH| Keygen (responder) on P521
CDH| DH initiator on P521
CDH| DH initiator on P521
Test.CommonDH: Testing X255519.
CDH| Keygen (initiator) on X255519
CDH| Keygen (responder) on X255519
CDH| DH initiator on X255519
CDH| DH initiator on X255519
Test.CommonDH: Testing FFDHE2048.
CDH| Keygen (initiator) on FFDHE2048
CDH| Keygen (responder) on FFDHE2048
CDH| DH initiator on FFDHE2048
CDH| DH initiator on FFDHE2048
Test.CommonDH: Testing FFDHE3072.
CDH| Keygen (initiator) on FFDHE3072
CDH| Keygen (responder) on FFDHE3072
CDH| DH initiator on FFDHE3072
CDH| DH initiator on FFDHE3072
Test.CommonDH: Testing FFDHE4096.
CDH| Keygen (initiator) on FFDHE4096
CDH| Keygen (responder) on FFDHE4096
CDH| DH initiator on FFDHE4096
CDH| DH initiator on FFDHE4096
Test.CommonDH: Testing FFDHE6144.
CDH| Keygen (initiator) on FFDHE6144
CDH| Keygen (responder) on FFDHE6144
CDH| DH initiator on FFDHE6144
CDH| DH initiator on FFDHE6144
Test.CommonDH: Testing FFDHE8192.
CDH| Keygen (initiator) on FFDHE8192
CDH| Keygen (responder) on FFDHE8192
CDH| DH initiator on FFDHE8192
CDH| DH initiator on FFDHE8192
✔ CommonDH
make[1]: Leaving directory '/cygdrive/c/build/agent2/_work/12/s/mitls-fstar/src/tls'
