Cloning into 'fstarlang_binaries'...
Already on 'master'
Cloning into 'mitls-fstar'...
Switched to a new branch 'protz_uint128'
Cloning into 'vale'...
Already on 'master'
Cloning into 'FStar'...
Checking out files:  19% (546/2847)   Checking out files:  20% (570/2847)   Checking out files:  21% (598/2847)   Checking out files:  22% (627/2847)   Checking out files:  23% (655/2847)   Checking out files:  24% (684/2847)   Checking out files:  25% (712/2847)   Checking out files:  26% (741/2847)   Checking out files:  27% (769/2847)   Checking out files:  28% (798/2847)   Checking out files:  29% (826/2847)   Checking out files:  30% (855/2847)   Checking out files:  31% (883/2847)   Checking out files:  32% (912/2847)   Checking out files:  33% (940/2847)   Checking out files:  34% (968/2847)   Checking out files:  35% (997/2847)   Checking out files:  36% (1025/2847)   Checking out files:  37% (1054/2847)   Checking out files:  38% (1082/2847)   Checking out files:  38% (1096/2847)   Checking out files:  39% (1111/2847)   Checking out files:  40% (1139/2847)   Checking out files:  41% (1168/2847)   Checking out files:  42% (1196/2847)   Checking out files:  43% (1225/2847)   Checking out files:  44% (1253/2847)   Checking out files:  45% (1282/2847)   Checking out files:  46% (1310/2847)   Checking out files:  47% (1339/2847)   Checking out files:  48% (1367/2847)   Checking out files:  49% (1396/2847)   Checking out files:  50% (1424/2847)   Checking out files:  51% (1452/2847)   Checking out files:  52% (1481/2847)   Checking out files:  53% (1509/2847)   Checking out files:  54% (1538/2847)   Checking out files:  55% (1566/2847)   Checking out files:  56% (1595/2847)   Checking out files:  57% (1623/2847)   Checking out files:  58% (1652/2847)   Checking out files:  59% (1680/2847)   Checking out files:  60% (1709/2847)   Checking out files:  61% (1737/2847)   Checking out files:  62% (1766/2847)   Checking out files:  63% (1794/2847)   Checking out files:  64% (1823/2847)   Checking out files:  65% (1851/2847)   Checking out files:  66% (1880/2847)   Checking out files:  67% (1908/2847)   Checking out files:  68% (1936/2847)   Checking out files:  69% (1965/2847)   Checking out files:  70% (1993/2847)   Checking out files:  71% (2022/2847)   Checking out files:  72% (2050/2847)   Checking out files:  73% (2079/2847)   Checking out files:  73% (2103/2847)   Checking out files:  74% (2107/2847)   Checking out files:  75% (2136/2847)   Checking out files:  76% (2164/2847)   Checking out files:  77% (2193/2847)   Checking out files:  78% (2221/2847)   Checking out files:  79% (2250/2847)   Checking out files:  80% (2278/2847)   Checking out files:  81% (2307/2847)   Checking out files:  82% (2335/2847)   Checking out files:  83% (2364/2847)   Checking out files:  84% (2392/2847)   Checking out files:  85% (2420/2847)   Checking out files:  86% (2449/2847)   Checking out files:  87% (2477/2847)   Checking out files:  88% (2506/2847)   Checking out files:  89% (2534/2847)   Checking out files:  90% (2563/2847)   Checking out files:  91% (2591/2847)   Checking out files:  92% (2620/2847)   Checking out files:  92% (2626/2847)   Checking out files:  93% (2648/2847)   Checking out files:  94% (2677/2847)   Checking out files:  95% (2705/2847)   Checking out files:  96% (2734/2847)   Checking out files:  97% (2762/2847)   Checking out files:  98% (2791/2847)   Checking out files:  99% (2819/2847)   Checking out files: 100% (2847/2847)   Checking out files: 100% (2847/2847), done.
Switched to a new branch 'protz_uint128'
Cloning into 'MLCrypto'...
Submodule 'openssl' (https://github.com/openssl/openssl) registered for path 'openssl'
Cloning into '/cygdrive/c/build/agent1/_work/6/s/MLCrypto/openssl'...
Submodule 'boringssl' (https://boringssl.googlesource.com/boringssl) registered for path 'openssl/boringssl'
Submodule 'krb5' (https://github.com/krb5/krb5) registered for path 'openssl/krb5'
Submodule 'pyca.cryptography' (https://github.com/pyca/cryptography.git) registered for path 'openssl/pyca-cryptography'
Cloning into '/cygdrive/c/build/agent1/_work/6/s/MLCrypto/openssl/boringssl'...
Cloning into '/cygdrive/c/build/agent1/_work/6/s/MLCrypto/openssl/krb5'...
Cloning into '/cygdrive/c/build/agent1/_work/6/s/MLCrypto/openssl/pyca-cryptography'...
Already on 'master'
Cloning into 'hacl-star'...
Checking out files:   9% (506/5288)   Checking out files:  10% (529/5288)   Checking out files:  11% (582/5288)   Checking out files:  12% (635/5288)   Checking out files:  13% (688/5288)   Checking out files:  14% (741/5288)   Checking out files:  15% (794/5288)   Checking out files:  16% (847/5288)   Checking out files:  17% (899/5288)   Checking out files:  18% (952/5288)   Checking out files:  19% (1005/5288)   Checking out files:  19% (1049/5288)   Checking out files:  20% (1058/5288)   Checking out files:  21% (1111/5288)   Checking out files:  22% (1164/5288)   Checking out files:  23% (1217/5288)   Checking out files:  24% (1270/5288)   Checking out files:  25% (1322/5288)   Checking out files:  26% (1375/5288)   Checking out files:  27% (1428/5288)   Checking out files:  28% (1481/5288)   Checking out files:  29% (1534/5288)   Checking out files:  30% (1587/5288)   Checking out files:  30% (1611/5288)   Checking out files:  31% (1640/5288)   Checking out files:  32% (1693/5288)   Checking out files:  33% (1746/5288)   Checking out files:  34% (1798/5288)   Checking out files:  35% (1851/5288)   Checking out files:  36% (1904/5288)   Checking out files:  37% (1957/5288)   Checking out files:  38% (2010/5288)   Checking out files:  39% (2063/5288)   Checking out files:  40% (2116/5288)   Checking out files:  41% (2169/5288)   Checking out files:  41% (2184/5288)   Checking out files:  42% (2221/5288)   Checking out files:  43% (2274/5288)   Checking out files:  44% (2327/5288)   Checking out files:  45% (2380/5288)   Checking out files:  46% (2433/5288)   Checking out files:  47% (2486/5288)   Checking out files:  48% (2539/5288)   Checking out files:  49% (2592/5288)   Checking out files:  50% (2644/5288)   Checking out files:  51% (2697/5288)   Checking out files:  52% (2750/5288)   Checking out files:  52% (2770/5288)   Checking out files:  53% (2803/5288)   Checking out files:  54% (2856/5288)   Checking out files:  55% (2909/5288)   Checking out files:  56% (2962/5288)   Checking out files:  57% (3015/5288)   Checking out files:  58% (3068/5288)   Checking out files:  59% (3120/5288)   Checking out files:  60% (3173/5288)   Checking out files:  61% (3226/5288)   Checking out files:  62% (3279/5288)   Checking out files:  63% (3332/5288)   Checking out files:  63% (3354/5288)   Checking out files:  64% (3385/5288)   Checking out files:  65% (3438/5288)   Checking out files:  66% (3491/5288)   Checking out files:  67% (3543/5288)   Checking out files:  68% (3596/5288)   Checking out files:  69% (3649/5288)   Checking out files:  70% (3702/5288)   Checking out files:  71% (3755/5288)   Checking out files:  72% (3808/5288)   Checking out files:  73% (3861/5288)   Checking out files:  74% (3914/5288)   Checking out files:  74% (3937/5288)   Checking out files:  75% (3966/5288)   Checking out files:  76% (4019/5288)   Checking out files:  77% (4072/5288)   Checking out files:  78% (4125/5288)   Checking out files:  79% (4178/5288)   Checking out files:  80% (4231/5288)   Checking out files:  81% (4284/5288)   Checking out files:  82% (4337/5288)   Checking out files:  83% (4390/5288)   Checking out files:  84% (4442/5288)   Checking out files:  85% (4495/5288)   Checking out files:  85% (4525/5288)   Checking out files:  86% (4548/5288)   Checking out files:  87% (4601/5288)   Checking out files:  88% (4654/5288)   Checking out files:  89% (4707/5288)   Checking out files:  90% (4760/5288)   Checking out files:  91% (4813/5288)   Checking out files:  92% (4865/5288)   Checking out files:  93% (4918/5288)   Checking out files:  94% (4971/5288)   Checking out files:  95% (5024/5288)   Checking out files:  96% (5077/5288)   Checking out files:  97% (5130/5288)   Checking out files:  97% (5133/5288)   Checking out files:  98% (5183/5288)   Checking out files:  99% (5236/5288)   Checking out files: 100% (5288/5288)   Checking out files: 100% (5288/5288), done.
Submodule 'other_providers/libsodium' (https://github.com/jedisct1/libsodium.git) registered for path 'other_providers/libsodium'
Submodule 'other_providers/openssl' (https://github.com/openssl/openssl.git) registered for path 'other_providers/openssl'
Submodule 'other_providers/vale' (https://github.com/project-everest/vale.git) registered for path 'other_providers/vale'
Cloning into '/cygdrive/c/build/agent1/_work/6/s/hacl-star/other_providers/libsodium'...
Cloning into '/cygdrive/c/build/agent1/_work/6/s/hacl-star/other_providers/openssl'...
Cloning into '/cygdrive/c/build/agent1/_work/6/s/hacl-star/other_providers/vale'...
Submodule 'boringssl' (https://boringssl.googlesource.com/boringssl) registered for path 'other_providers/openssl/boringssl'
Submodule 'krb5' (https://github.com/krb5/krb5) registered for path 'other_providers/openssl/krb5'
Submodule 'pyca.cryptography' (https://github.com/pyca/cryptography.git) registered for path 'other_providers/openssl/pyca-cryptography'
Cloning into '/cygdrive/c/build/agent1/_work/6/s/hacl-star/other_providers/openssl/boringssl'...
Cloning into '/cygdrive/c/build/agent1/_work/6/s/hacl-star/other_providers/openssl/krb5'...
Cloning into '/cygdrive/c/build/agent1/_work/6/s/hacl-star/other_providers/openssl/pyca-cryptography'...
warning: unable to rmdir other_providers/libsodium: Directory not empty
warning: unable to rmdir other_providers/vale: Directory not empty
Switched to a new branch 'protz_uint128'
warning: unable to rmdir krb5: Directory not empty
Cloning into 'kremlin'...
Switched to a new branch 'protz_uint128'
Warning: you are using the standard library and/or the %inline keyword. We
recommend switching on --infer in order to avoid obscure type error messages.
FStar.List.Tot.Properties.fst(855,2-855,37): (Warning 252) (Hint-replay failed): could not prove post-condition (see also FStar.List.Tot.Properties.fst(853,12-853,18))
FStar.List.Tot.Properties.fst(855,2-855,37): (Warning 252) could not prove post-condition (see also FStar.List.Tot.Properties.fst(853,12-853,18))
FStar.List.Tot.Properties.fst(884,2-885,24): (Warning 252) (Hint-replay failed): could not prove post-condition (see also FStar.List.Tot.Properties.fst(883,12-883,18))
FStar.OrdSet.fst(48,16-48,18): (Warning 252) (Hint-replay failed): Subtyping check failed; expected type a: Type{Prims.hasEq a}; got type Type (see also prims.fst(310,29-310,36))
FStar.Monotonic.HyperStack.fst(344,4-344,33): (Warning 252) (Hint-replay failed): assertion failed (see also FStar.Monotonic.HyperStack.fst(38,12-41,66))
FStar.Monotonic.HyperStack.fst(344,4-344,33): (Warning 252) (Hint-replay failed): assertion failed (see also FStar.Monotonic.HyperStack.fst(38,12-41,66))
FStar.Seq.Properties.fst(471,2-474,29): (Warning 252) (Hint-replay failed): could not prove post-condition (see also FStar.Seq.Properties.fst(469,20-469,28))
FStar.Fin.fst(36,2-51,18): (Warning 252) (Hint-replay failed): could not prove post-condition (see also FStar.Fin.fst(33,41-33,68))
FStar.Fin.fst(36,2-51,18): (Warning 252) (Hint-replay failed): could not prove post-condition (see also FStar.Fin.fst(33,41-33,68))
LowStar.Modifies.fsti(611,2-611,42): (Warning 252) (Hint-replay failed): assertion failed (see also LowStar.Modifies.fsti(584,48-584,82))
LowStar.Modifies.fsti(625,2-625,38): (Warning 252) (Hint-replay failed): assertion failed (see also LowStar.Modifies.fsti(594,48-594,78))
LowStar.Modifies.fsti(668,2-668,38): (Warning 252) (Hint-replay failed): assertion failed (see also LowStar.Modifies.fsti(632,48-632,89))
LowStar.Modifies.fsti(683,2-683,49): (Warning 252) (Hint-replay failed): assertion failed (see also LowStar.Modifies.fsti(643,48-643,82))
LowStar.Modifies.fsti(697,2-697,45): (Warning 252) (Hint-replay failed): assertion failed (see also LowStar.Modifies.fsti(653,48-653,78))
LowStar.Buffer.fst(514,2-518,3): (Warning 252) (Hint-replay failed): could not prove post-condition (see also LowStar.Buffer.fsti(788,4-788,46))
LowStar.Buffer.fst(521,2-528,3): (Warning 252) (Hint-replay failed): could not prove post-condition (see also LowStar.Buffer.fsti(812,4-812,35))
LowStar.Buffer.fst(531,2-538,3): (Warning 252) (Hint-replay failed): could not prove post-condition (see also LowStar.Buffer.fsti(825,4-825,35))
LowStar.Modifies.fsti(611,2-611,42): (Warning 252) (Hint-replay failed): assertion failed (see also LowStar.Modifies.fsti(584,48-584,82))
LowStar.Modifies.fsti(625,2-625,38): (Warning 252) (Hint-replay failed): assertion failed (see also LowStar.Modifies.fsti(594,48-594,78))
LowStar.Modifies.fst(157,43-157,80): (Warning 252) (Hint-replay failed): Subtyping check failed; expected type 
l1: LowStar.Modifies.loc ->
l2: LowStar.Modifies.loc ->
h: FStar.Monotonic.HyperStack.mem ->
h': FStar.Monotonic.HyperStack.mem ->
x: FStar.Monotonic.HyperHeap.rid ->
Prims.Lemma Prims.unit; got type 
l1: FStar.ModifiesGen.loc LowStar.Modifies.cls ->
l2: FStar.ModifiesGen.loc LowStar.Modifies.cls ->
h: FStar.Monotonic.HyperStack.mem ->
h': FStar.Monotonic.HyperStack.mem ->
r: FStar.Monotonic.HyperHeap.rid ->
Prims.Lemma Prims.unit (see also FStar.ModifiesGen.fsti(658,104-658,145))
LowStar.Modifies.fst(159,54-159,101): (Warning 252) (Hint-replay failed): Subtyping check failed; expected type 
l1: LowStar.Modifies.loc ->
l2: LowStar.Modifies.loc ->
h: FStar.Monotonic.HyperStack.mem ->
h': FStar.Monotonic.HyperStack.mem ->
x: FStar.Monotonic.HyperStack.mreference t pre ->
Prims.Lemma Prims.unit; got type 
l1: FStar.ModifiesGen.loc LowStar.Modifies.cls ->
l2: FStar.ModifiesGen.loc LowStar.Modifies.cls ->
h: FStar.Monotonic.HyperStack.mem ->
h': FStar.Monotonic.HyperStack.mem ->
r: FStar.Monotonic.HyperStack.mreference t pre ->
Prims.Lemma Prims.unit (see also FStar.ModifiesGen.fsti(669,104-669,138))
LowStar.Modifies.fst(162,5-162,44): (Warning 252) (Hint-replay failed): assertion failed (see also FStar.ModifiesGen.fsti(680,104-680,135))
LowStar.Modifies.fsti(668,2-668,38): (Warning 252) (Hint-replay failed): assertion failed (see also LowStar.Modifies.fsti(632,48-632,89))
LowStar.Modifies.fsti(683,2-683,49): (Warning 252) (Hint-replay failed): assertion failed (see also LowStar.Modifies.fsti(643,48-643,82))
LowStar.Modifies.fsti(697,2-697,45): (Warning 252) (Hint-replay failed): assertion failed (see also LowStar.Modifies.fsti(653,48-653,78))
LowStar.Modifies.fst(227,2-227,23): (Warning 252) (Hint-replay failed): assertion failed (see also LowStar.Modifies.fsti(353,59-353,77))
FStar.Pointer.Derived1.fst(118,2-118,8): (Warning 252) (Hint-replay failed): assertion failed (see also FStar.Pointer.Derived1.fst(118,9-118,104))
FStar.Pointer.Derived1.fst(168,2-168,8): (Warning 252) (Hint-replay failed): assertion failed (see also FStar.Pointer.Derived1.fst(168,9-168,91))
FStar.Pointer.Derived1.fst(171,2-171,23): (Warning 252) (Hint-replay failed): assertion failed (see also FStar.Pointer.Base.fsti(1493,5-1493,45))
FStar.Buffer.fst(740,4-740,6): (Warning 252) (Hint-replay failed): could not prove post-condition (see also FStar.Buffer.fst(738,12-738,35))
FStar.Buffer.fst(765,4-765,6): (Warning 252) (Hint-replay failed): could not prove post-condition (see also FStar.Buffer.fst(763,12-763,37))
FStar.Buffer.fst(1301,4-1301,6): (Warning 252) (Hint-replay failed): could not prove post-condition (see also FStar.Buffer.fst(1299,13-1299,31))
FStar.Modifies.fsti(470,2-470,42): (Warning 252) (Hint-replay failed): assertion failed (see also FStar.Modifies.fsti(443,48-443,82))
FStar.Modifies.fsti(484,2-484,38): (Warning 252) (Hint-replay failed): assertion failed (see also FStar.Modifies.fsti(453,48-453,78))
FStar.Modifies.fsti(527,2-527,38): (Warning 252) (Hint-replay failed): assertion failed (see also FStar.Modifies.fsti(491,48-491,89))
FStar.Modifies.fsti(542,2-542,49): (Warning 252) (Hint-replay failed): assertion failed (see also FStar.Modifies.fsti(502,48-502,82))
FStar.Modifies.fsti(556,2-556,45): (Warning 252) (Hint-replay failed): assertion failed (see also FStar.Modifies.fsti(512,48-512,78))
FStar.Modifies.fst(114,2-114,4): (Warning 252) (Hint-replay failed): could not prove post-condition (see also FStar.Modifies.fst(113,11-113,41))
FStar.Modifies.fsti(470,2-470,42): (Warning 252) (Hint-replay failed): assertion failed (see also FStar.Modifies.fsti(443,48-443,82))
FStar.Modifies.fsti(484,2-484,38): (Warning 252) (Hint-replay failed): assertion failed (see also FStar.Modifies.fsti(453,48-453,78))
FStar.Modifies.fst(285,43-285,80): (Warning 252) (Hint-replay failed): Subtyping check failed; expected type 
l1: FStar.Modifies.loc ->
l2: FStar.Modifies.loc ->
h: FStar.Monotonic.HyperStack.mem ->
h': FStar.Monotonic.HyperStack.mem ->
x: FStar.Monotonic.HyperHeap.rid ->
Prims.Lemma Prims.unit; got type 
l1: FStar.ModifiesGen.loc FStar.Modifies.cls ->
l2: FStar.ModifiesGen.loc FStar.Modifies.cls ->
h: FStar.Monotonic.HyperStack.mem ->
h': FStar.Monotonic.HyperStack.mem ->
r: FStar.Monotonic.HyperHeap.rid ->
Prims.Lemma Prims.unit (see also FStar.ModifiesGen.fsti(658,104-658,145))
FStar.Modifies.fst(287,54-287,101): (Warning 252) (Hint-replay failed): Subtyping check failed; expected type 
l1: FStar.Modifies.loc ->
l2: FStar.Modifies.loc ->
h: FStar.Monotonic.HyperStack.mem ->
h': FStar.Monotonic.HyperStack.mem ->
x: FStar.Monotonic.HyperStack.mreference t pre ->
Prims.Lemma Prims.unit; got type 
l1: FStar.ModifiesGen.loc FStar.Modifies.cls ->
l2: FStar.ModifiesGen.loc FStar.Modifies.cls ->
h: FStar.Monotonic.HyperStack.mem ->
h': FStar.Monotonic.HyperStack.mem ->
r: FStar.Monotonic.HyperStack.mreference t pre ->
Prims.Lemma Prims.unit (see also FStar.ModifiesGen.fsti(669,104-669,138))
FStar.Modifies.fst(290,5-290,44): (Warning 252) (Hint-replay failed): assertion failed (see also FStar.ModifiesGen.fsti(680,104-680,135))
FStar.Modifies.fsti(527,2-527,38): (Warning 252) (Hint-replay failed): assertion failed (see also FStar.Modifies.fsti(491,48-491,89))
FStar.Modifies.fsti(542,2-542,49): (Warning 252) (Hint-replay failed): assertion failed (see also FStar.Modifies.fsti(502,48-502,82))
FStar.Modifies.fsti(556,2-556,45): (Warning 252) (Hint-replay failed): assertion failed (see also FStar.Modifies.fsti(512,48-512,78))
FStar.ModifiesGen.fst(373,33-373,35): (Warning 252) (Hint-replay failed): could not prove post-condition (see also FStar.ModifiesGen.fsti(244,2-244,27))
FStar.ModifiesGen.fst(389,68-389,70): (Warning 252) (Hint-replay failed): could not prove post-condition (see also FStar.ModifiesGen.fsti(264,11-264,85))
FStar.ModifiesGen.fst(391,66-391,68): (Warning 252) (Hint-replay failed): could not prove post-condition (see also FStar.ModifiesGen.fsti(275,11-275,81))
FStar.ModifiesGen.fst(393,87-393,89): (Warning 252) (Hint-replay failed): could not prove post-condition (see also FStar.ModifiesGen.fsti(285,11-285,105))
FStar.ModifiesGen.fst(395,84-395,86): (Warning 252) (Hint-replay failed): could not prove post-condition (see also FStar.ModifiesGen.fsti(293,11-293,103))
FStar.ModifiesGen.fst(404,91-404,93): (Warning 252) (Hint-replay failed): could not prove post-condition (see also FStar.ModifiesGen.fsti(311,11-311,111))
FStar.ModifiesGen.fst(494,35-494,37): (Warning 252) (Hint-replay failed): could not prove post-condition (see also FStar.ModifiesGen.fsti(332,11-332,36))
FStar.ModifiesGen.fst(538,2-538,173): (Warning 252) (Hint-replay failed): could not prove post-condition (see also FStar.ModifiesGen.fsti(379,11-379,113))
FStar.ModifiesGen.fst(540,91-540,93): (Warning 252) (Hint-replay failed): could not prove post-condition (see also FStar.ModifiesGen.fsti(390,11-390,67))
FStar.ModifiesGen.fst(544,78-544,80): (Warning 252) (Hint-replay failed): could not prove post-condition (see also FStar.ModifiesGen.fsti(414,24-414,42))
FStar.ModifiesGen.fst(561,73-561,75): (Warning 252) (Hint-replay failed): could not prove post-condition (see also FStar.ModifiesGen.fsti(430,2-430,70))
FStar.ModifiesGen.fst(563,73-563,75): (Warning 252) (Hint-replay failed): could not prove post-condition (see also FStar.ModifiesGen.fsti(433,2-433,79))
FStar.ModifiesGen.fst(573,92-573,94): (Warning 252) (Hint-replay failed): could not prove post-condition (see also FStar.ModifiesGen.fsti(438,2-438,91))
FStar.ModifiesGen.fst(575,72-575,74): (Warning 252) (Hint-replay failed): could not prove post-condition (see also FStar.ModifiesGen.fsti(443,2-443,78))
FStar.ModifiesGen.fst(577,94-577,96): (Warning 252) (Hint-replay failed): could not prove post-condition (see also FStar.ModifiesGen.fsti(448,2-448,95))
FStar.ModifiesGen.fst(579,78-579,80): (Warning 252) (Hint-replay failed): could not prove post-condition (see also FStar.ModifiesGen.fsti(453,2-453,73))
FStar.ModifiesGen.fst(789,20-789,25): (Warning 252) (Hint-replay failed): assertion failed (see also FStar.ModifiesGen.fsti(550,15-550,55))
FStar.ModifiesGen.fst(804,55-804,57): (Warning 252) (Hint-replay failed): could not prove post-condition (see also FStar.ModifiesGen.fsti(593,4-593,20))
FStar.ModifiesGen.fst(806,47-806,49): (Warning 252) (Hint-replay failed): could not prove post-condition (see also FStar.ModifiesGen.fsti(609,11-611,3))
FStar.ModifiesGen.fst(822,2-822,8): (Warning 252) (Hint-replay failed): assertion failed (see also FStar.ModifiesGen.fst(822,57-822,140))
FStar.ModifiesGen.fst(828,79-828,81): (Warning 252) (Hint-replay failed): could not prove post-condition (see also FStar.ModifiesGen.fsti(670,11-670,45))
FStar.ModifiesGen.fst(844,2-844,23): (Warning 252) (Hint-replay failed): assertion failed (see also FStar.ModifiesGen.fsti(626,33-626,51))
FStar.ModifiesGen.fst(924,2-924,55): (Warning 252) (Hint-replay failed): could not prove post-condition (see also FStar.ModifiesGen.fst(923,2-923,45))
FStar.ModifiesGen.fst(940,2-940,55): (Warning 252) (Hint-replay failed): could not prove post-condition (see also FStar.ModifiesGen.fst(939,2-939,66))
FStar.ModifiesGen.fst(954,2-954,20): (Warning 252) (Hint-replay failed): assertion failed (see also FStar.ModifiesGen.fsti(223,35-223,53))
FStar.ModifiesGen.fst(1063,2-1068,99): (Warning 252) (Hint-replay failed): could not prove post-condition (see also FStar.ModifiesGen.fsti(793,2-793,59))
FStar.ModifiesGen.fst(1104,9-1104,85): (Warning 252) (Hint-replay failed): assertion failed
FStar.ModifiesGen.fst(1153,9-1153,40): (Warning 252) (Hint-replay failed): Subtyping check failed; expected type y: FStar.Set.set Prims.nat {FStar.Set.subset (non_live_addrs' r') y}; got type FStar.Set.set Prims.nat (see also FStar.ModifiesGen.fst(1151,82-1151,115))
FStar.ModifiesGen.fst(1231,2-1231,104): (Warning 252) (Hint-replay failed): could not prove post-condition (see also FStar.ModifiesGen.fst(1230,11-1230,83))
FStar.ModifiesGen.fst(1263,12-1263,33): (Warning 252) (Hint-replay failed): assertion failed (see also FStar.ModifiesGen.fst(1142,13-1142,53))
FStar.ModifiesGen.fst(1290,4-1290,10): (Warning 252) (Hint-replay failed): assertion failed (see also FStar.ModifiesGen.fst(1290,11-1290,53))
FStar.ModifiesGen.fst(1538,2-1538,8): (Warning 252) (Hint-replay failed): assertion failed (see also FStar.ModifiesGen.fst(1538,9-1538,39))
FStar.ModifiesGen.fst(1600,2-1600,8): (Warning 252) (Hint-replay failed): assertion failed (see also FStar.ModifiesGen.fst(1600,9-1600,40))
FStar.ModifiesGen.fst(1660,2-1668,39): (Warning 252) (Hint-replay failed): could not prove post-condition (see also FStar.ModifiesGen.fst(1659,11-1659,42))
FStar.ModifiesGen.fst(1738,4-1738,10): (Warning 252) (Hint-replay failed): assertion failed (see also FStar.ModifiesGen.fst(1747,8-1747,36))
FStar.ModifiesGen.fst(1738,4-1738,10): (Warning 252) assertion failed (see also FStar.ModifiesGen.fst(1747,8-1747,36))
FStar.ModifiesGen.fst(1830,2-1830,8): (Warning 252) (Hint-replay failed): assertion failed (see also FStar.ModifiesGen.fst(1830,9-1830,167))
Not extracting type definition FStar.Ghost.erased to KreMLin (assumed type)
Not extracting type definition FStar.Monotonic.Witnessed.get to KreMLin (assumed type)
Not extracting type definition FStar.Monotonic.Witnessed.set to KreMLin (assumed type)
Not extracting type definition FStar.Date.dateTime to KreMLin (assumed type)
Not extracting type definition FStar.Date.timeSpan to KreMLin (assumed type)
Not extracting FStar.Exn.raise to KreMLin (polymorphic assumes are not supported)
Not extracting FStar.ST.gst_witness to KreMLin (polymorphic assumes are not supported)
Not extracting FStar.ST.gst_recall to KreMLin (polymorphic assumes are not supported)
Not extracting FStar.All.pipe_right to KreMLin (polymorphic assumes are not supported)
Not extracting FStar.All.pipe_left to KreMLin (polymorphic assumes are not supported)
Not extracting FStar.All.exit to KreMLin (polymorphic assumes are not supported)
Not extracting FStar.All.try_with to KreMLin (polymorphic assumes are not supported)
Not extracting exception Failure to KreMLin (exceptions unsupported)
Not extracting FStar.All.failwith to KreMLin (polymorphic assumes are not supported)
Not extracting type definition FStar.Dyn.dyn to KreMLin (assumed type)
Not extracting FStar.Dyn.mkdyn to KreMLin (polymorphic assumes are not supported)
Not extracting FStar.Dyn.undyn to KreMLin (polymorphic assumes are not supported)
Not extracting FStar.HyperStack.ST.gst_witness to KreMLin (polymorphic assumes are not supported)
Not extracting FStar.HyperStack.ST.gst_recall to KreMLin (polymorphic assumes are not supported)
Not extracting FStar.HyperStack.All.pipe_right to KreMLin (polymorphic assumes are not supported)
Not extracting FStar.HyperStack.All.pipe_left to KreMLin (polymorphic assumes are not supported)
Not extracting FStar.HyperStack.All.failwith to KreMLin (polymorphic assumes are not supported)
Not extracting FStar.HyperStack.All.exit to KreMLin (polymorphic assumes are not supported)
Not extracting FStar.HyperStack.All.try_with to KreMLin (polymorphic assumes are not supported)
Not extracting type definition FStar.Float.float to KreMLin (assumed type)
<dummy>(0,0-0,0): (Warning 250) Error while extracting FStar.List.filter_map to KreMLin (Failure("Internal error: name not found filter_map_acc\n"))

<dummy>(0,0-0,0): (Warning 250) Error while extracting FStar.List.index to KreMLin (Failure("Internal error: name not found index1\n"))

Not extracting type definition FStar.Char.char to KreMLin (assumed type)
Not extracting exception EOF to KreMLin (exceptions unsupported)
Not extracting type definition FStar.IO.fd_read to KreMLin (assumed type)
Not extracting type definition FStar.IO.fd_write to KreMLin (assumed type)
Not extracting FStar.IO.print_any to KreMLin (polymorphic assumes are not supported)
Not extracting type definition FStar.Bytes.bytes to KreMLin (assumed type)
Unable to open hints file: C:\build\agent1\_work\6\s\kremlin\kremlib\Spec.Loops.fst.hints; ran without hints
Unable to open hints file: C:\build\agent1\_work\6\s\kremlin\kremlib\C.Nullity.fsti.hints; ran without hints
Not extracting C.Nullity.is_null to KreMLin (polymorphic assumes are not supported)
Not extracting C.Nullity.null to KreMLin (polymorphic assumes are not supported)
Unable to open hints file: C:\build\agent1\_work\6\s\kremlin\kremlib\FStar.Kremlin.Endianness.fst.hints; ran without hints
Unable to open hints file: C:\build\agent1\_work\6\s\kremlin\kremlib\C.Endianness.fst.hints; ran without hints
Unable to open hints file: C:\build\agent1\_work\6\s\kremlin\kremlib\C.fst.hints; ran without hints
Not extracting type definition C.channel to KreMLin (assumed type)
Not extracting type definition C.intptr_t to KreMLin (assumed type)
Not extracting type definition C.char to KreMLin (assumed type)
Not extracting type definition C.int to KreMLin (assumed type)
Not extracting type definition C.clock_t to KreMLin (assumed type)
Unable to open hints file: C:\build\agent1\_work\6\s\kremlin\kremlib\C.String.fst.hints; ran without hints
Unable to open hints file: C:\build\agent1\_work\6\s\kremlin\kremlib\C.Failure.fst.hints; ran without hints
Unable to open hints file: C:\build\agent1\_work\6\s\kremlin\kremlib\TestLib.fsti.hints; ran without hints
Not extracting type definition TestLib.cycles to KreMLin (assumed type)
Unable to open hints file: C:\build\agent1\_work\6\s\kremlin\kremlib\C.Loops.fst.hints; ran without hints
Cannot re-check FStar.IO.uu___is_EOF as valid Low* and will not extract it.  If FStar.IO.uu___is_EOF is not meant to be extracted, consider marking it as Ghost, noextract, or using a bundle. If it is meant to be extracted, use -dast for further debugging.

Warning 4: in top-level declaration FStar.IO.uu___is_EOF, in file FStar_IO: Malformed input:
Reference to undefined type: Prims.exn
Cannot re-check FStar.Int.div_eucl as valid Low* and will not extract it.  If FStar.Int.div_eucl is not meant to be extracted, consider marking it as Ghost, noextract, or using a bundle. If it is meant to be extracted, use -dast for further debugging.

Warning 4: in top-level declaration FStar.Int.div_eucl, in file FStar_Int: Malformed input:
subtype mismatch, krml_checked_int_t -> krml_checked_int_t (a.k.a. krml_checked_int_t -> krml_checked_int_t) vs krml_checked_int_t (a.k.a. krml_checked_int_t)
Cannot re-check FStar.All.uu___is_Failure as valid Low* and will not extract it.  If FStar.All.uu___is_Failure is not meant to be extracted, consider marking it as Ghost, noextract, or using a bundle. If it is meant to be extracted, use -dast for further debugging.

Warning 4: in top-level declaration FStar.All.uu___is_Failure, in file FStar_All: Malformed input:
Reference to undefined type: Prims.exn
Cannot re-check FStar.All.__proj__Failure__item__uu___ as valid Low* and will not extract it.  If FStar.All.__proj__Failure__item__uu___ is not meant to be extracted, consider marking it as Ghost, noextract, or using a bundle. If it is meant to be extracted, use -dast for further debugging.

Warning 4: in top-level declaration FStar.All.__proj__Failure__item__uu___, in file FStar_All: Malformed input:
Reference to undefined type: Prims.exn
Cannot re-check FStar.Monotonic.Heap.ref_of' as valid Low* and will not extract it.  If FStar.Monotonic.Heap.ref_of' is not meant to be extracted, consider marking it as Ghost, noextract, or using a bundle. If it is meant to be extracted, use -dast for further debugging.

Warning 4: after the definition of uu____7824, in top-level declaration FStar.Monotonic.Heap.ref_of', in file FStar_Monotonic_Heap: Malformed input:
Not a record any*
Cannot re-check FStar.Math.Lib.div as valid Low* and will not extract it.  If FStar.Math.Lib.div is not meant to be extracted, consider marking it as Ghost, noextract, or using a bundle. If it is meant to be extracted, use -dast for further debugging.

Warning 4: in top-level declaration FStar.Math.Lib.div, in file FStar_Math_Lib: Malformed input:
subtype mismatch, krml_checked_int_t -> krml_checked_int_t (a.k.a. krml_checked_int_t -> krml_checked_int_t) vs krml_checked_int_t (a.k.a. krml_checked_int_t)
Warning 9: : Some globals did not compile to C values and must be initialized before starting main(). You did not provide a main function, so users of your library MUST MAKE SURE they call kremlinit_globals(); (see kremlinit.c). Once you have fixed this, use -warn-error +9 to make this warning non-fatal.
Warning 7: : After inlining, Prims.list__bool (going into FStar_BitVector) calls Prims.list__Prims_string_tags (going into FStar_Pervasives_Native) -- removing the static qualifier from Prims.list__Prims_string_tags
Warning 7: : After inlining, FStar.Int.Cast.Full.uint64_to_uint128 (going into FStar_Int_Cast_Full) calls FStar.UInt128.uint128 (going into FStar_UInt128) -- removing the static qualifier from FStar.UInt128.uint128
Warning 7: : After inlining, FStar.Pervasives.Native.option__() (going into FStar_Monotonic_Heap) calls FStar.Pervasives.Native.option__Prims_string_tags (going into FStar_Bytes) -- removing the static qualifier from FStar.Pervasives.Native.option__Prims_string_tags
Warning 7: : After inlining, FStar.ST.gst_get (going into FStar_ST) calls FStar.Monotonic.Heap.heap_rec (going into FStar_Monotonic_Heap) -- removing the static qualifier from FStar.Monotonic.Heap.heap_rec
Warning 7: : After inlining, kremlinit.globals (going into kremlinit) calls FStar.Pervasives.Native.norm_step_tags (going into FStar_Pervasives_Native) -- removing the static qualifier from FStar.Pervasives.Native.norm_step_tags
Warning 7: : After inlining, kremlinit.globals (going into kremlinit) calls FStar.Monotonic.Heap.aref' (going into FStar_Monotonic_Heap) -- removing the static qualifier from FStar.Monotonic.Heap.aref'
Warning 11: in top-level declaration kremlinit_globals: this expression is not Low*; the enclosing function cannot be translated into C*: fun (mutable r(0, ): Prims_int) :FStar_Pervasives_Native_option__FStar_Pervasives_dtuple4_____FStar_Pervasives_Native_option_____bool_any { { tag = FStar_Pervasives_Native_None; } }
cc1: error: -fPIC ignored for target (all code is position independent) [-Werror]
cc1: all warnings being treated as errors
cc1: error: -fPIC ignored for target (all code is position independent) [-Werror]
cc1: all warnings being treated as errors
cc1: error: -fPIC ignored for target (all code is position independent) [-Werror]
cc1: all warnings being treated as errors
cc1: error: -fPIC ignored for target (all code is position independent) [-Werror]
cc1: all warnings being treated as errors
cc1: error: -fPIC ignored for target (all code is position independent) [-Werror]
cc1: all warnings being treated as errors
cc1: error: -fPIC ignored for target (all code is position independent) [-Werror]
cc1: all warnings being treated as errors
cc1: error: -fPIC ignored for target (all code is position independent) [-Werror]
cc1: all warnings being treated as errors
cc1: error: -fPIC ignored for target (all code is position independent) [-Werror]
cc1: all warnings being treated as errors
cc1: error: -fPIC ignored for target (all code is position independent) [-Werror]
cc1: all warnings being treated as errors
cc1: error: -fPIC ignored for target (all code is position independent) [-Werror]
cc1: all warnings being treated as errors
cc1: error: -fPIC ignored for target (all code is position independent) [-Werror]
cc1: all warnings being treated as errors
cc1: error: -fPIC ignored for target (all code is position independent) [-Werror]
cc1: all warnings being treated as errors
cc1: error: -fPIC ignored for target (all code is position independent) [-Werror]
cc1: all warnings being treated as errors
cc1: error: -fPIC ignored for target (all code is position independent) [-Werror]
cc1: all warnings being treated as errors
cc1: error: -fPIC ignored for target (all code is position independent) [-Werror]
cc1: all warnings being treated as errors
cc1: error: -fPIC ignored for target (all code is position independent) [-Werror]
cc1: all warnings being treated as errors
cc1: error: -fPIC ignored for target (all code is position independent) [-Werror]
cc1: all warnings being treated as errors
cc1: error: -fPIC ignored for target (all code is position independent) [-Werror]
cc1: all warnings being treated as errors
cc1: error: -fPIC ignored for target (all code is position independent) [-Werror]
cc1: all warnings being treated as errors
cc1: error: -fPIC ignored for target (all code is position independent) [-Werror]
cc1: all warnings being treated as errors
c/fstar_uint16.c:1:0: error: -fPIC ignored for target (all code is position independent) [-Werror]
#include "FStar_UInt16.h"
^
In file included from ../include/kremlin/internal/target.h:5:0,
from ../include/kremlib.h:19,
from extracted/Prims.h:13,
from extracted/FStar_UInt16.h:11,
from c/fstar_uint16.c:1:
extracted/C.h:35:16: error: expected identifier or ‘(’ before ‘&’ token
extern channel stdout;
^
extracted/C.h:37:16: error: expected identifier or ‘(’ before ‘&’ token
extern channel stderr;
^
cc1: all warnings being treated as errors
make[2]: *** [<builtin>: c/fstar_uint16.o] Error 1
make[2]: *** Waiting for unfinished jobs....
c/fstar_uint128.c:1:0: error: -fPIC ignored for target (all code is position independent) [-Werror]
/******************************************************************************/
^
In file included from ../include/kremlin/internal/target.h:5:0,
from ../include/kremlib.h:19,
from extracted/Prims.h:13,
from extracted/FStar_UInt128.h:11,
from c/fstar_uint128.c:14:
extracted/C.h:35:16: error: expected identifier or ‘(’ before ‘&’ token
extern channel stdout;
^
extracted/C.h:37:16: error: expected identifier or ‘(’ before ‘&’ token
extern channel stderr;
^
cc1: all warnings being treated as errors
make[2]: *** [<builtin>: c/fstar_uint128.o] Error 1
c/fstar_dyn.c:1:0: error: -fPIC ignored for target (all code is position independent) [-Werror]
#include "FStar_Dyn.h"
^
In file included from ../include/kremlin/internal/target.h:5:0,
from ../include/kremlib.h:19,
from extracted/Prims.h:13,
from extracted/FStar_Dyn.h:11,
from c/fstar_dyn.c:1:
extracted/C.h:35:16: error: expected identifier or ‘(’ before ‘&’ token
extern channel stdout;
^
extracted/C.h:37:16: error: expected identifier or ‘(’ before ‘&’ token
extern channel stderr;
^
cc1: all warnings being treated as errors
make[2]: *** [<builtin>: c/fstar_dyn.o] Error 1
c/fstar_string.c:1:0: error: -fPIC ignored for target (all code is position independent) [-Werror]
#include "Prims.h"
^
In file included from ../include/kremlin/internal/target.h:5:0,
from ../include/kremlib.h:19,
from extracted/Prims.h:13,
from c/fstar_string.c:1:
extracted/C.h:35:16: error: expected identifier or ‘(’ before ‘&’ token
extern channel stdout;
^
extracted/C.h:37:16: error: expected identifier or ‘(’ before ‘&’ token
extern channel stderr;
^
cc1: all warnings being treated as errors
make[2]: *** [<builtin>: c/fstar_string.o] Error 1
c/fstar_io.c:1:0: error: -fPIC ignored for target (all code is position independent) [-Werror]
#include "FStar_IO.h"
^
In file included from ../include/kremlin/internal/target.h:5:0,
from ../include/kremlib.h:19,
from extracted/Prims.h:13,
from extracted/FStar_IO.h:11,
from c/fstar_io.c:1:
extracted/C.h:35:16: error: expected identifier or ‘(’ before ‘&’ token
extern channel stdout;
^
extracted/C.h:37:16: error: expected identifier or ‘(’ before ‘&’ token
extern channel stderr;
^
cc1: all warnings being treated as errors
make[2]: *** [<builtin>: c/fstar_io.o] Error 1
c/fstar_int16.c:1:0: error: -fPIC ignored for target (all code is position independent) [-Werror]
#include "FStar_Int16.h"
^
In file included from ../include/kremlin/internal/target.h:5:0,
from ../include/kremlib.h:19,
from extracted/Prims.h:13,
from extracted/FStar_Int16.h:11,
from c/fstar_int16.c:1:
extracted/C.h:35:16: error: expected identifier or ‘(’ before ‘&’ token
extern channel stdout;
^
extracted/C.h:37:16: error: expected identifier or ‘(’ before ‘&’ token
extern channel stderr;
^
cc1: all warnings being treated as errors
make[2]: *** [<builtin>: c/fstar_int16.o] Error 1
c/fstar_bytes.c:1:0: error: -fPIC ignored for target (all code is position independent) [-Werror]
/******************************************************************************/
^
In file included from ../include/kremlin/internal/target.h:5:0,
from ../include/kremlib.h:19,
from extracted/Prims.h:13,
from extracted/FStar_Bytes.h:11,
from c/fstar_bytes.c:6:
extracted/C.h:35:16: error: expected identifier or ‘(’ before ‘&’ token
extern channel stdout;
^
extracted/C.h:37:16: error: expected identifier or ‘(’ before ‘&’ token
extern channel stderr;
^
In file included from ../include/kremlib.h:19:0,
from extracted/Prims.h:13,
from extracted/FStar_Bytes.h:11,
from c/fstar_bytes.c:6:
c/fstar_bytes.c: In function ‘FStar_Bytes_bytes_of_hex’:
c/fstar_bytes.c:294:11: error: unknown conversion type character ‘z’ in format [-Werror=format=]
"bytes_of_hex: run-time error while scanning at index "
^
../include/kremlin/internal/target.h:25:50: note: in definition of macro ‘KRML_HOST_EPRINTF’
#  define KRML_HOST_EPRINTF(...) fprintf(stderr, __VA_ARGS__)
^
c/fstar_bytes.c:294:11: error: format ‘%s’ expects argument of type ‘char *’, but argument 3 has type ‘size_t {aka long long unsigned int}’ [-Werror=format=]
"bytes_of_hex: run-time error while scanning at index "
^
../include/kremlin/internal/target.h:25:50: note: in definition of macro ‘KRML_HOST_EPRINTF’
#  define KRML_HOST_EPRINTF(...) fprintf(stderr, __VA_ARGS__)
^
c/fstar_bytes.c:294:11: error: too many arguments for format [-Werror=format-extra-args]
"bytes_of_hex: run-time error while scanning at index "
^
../include/kremlin/internal/target.h:25:50: note: in definition of macro ‘KRML_HOST_EPRINTF’
#  define KRML_HOST_EPRINTF(...) fprintf(stderr, __VA_ARGS__)
^
c/fstar_bytes.c:294:11: error: unknown conversion type character ‘z’ in format [-Werror=format=]
"bytes_of_hex: run-time error while scanning at index "
^
../include/kremlin/internal/target.h:25:50: note: in definition of macro ‘KRML_HOST_EPRINTF’
#  define KRML_HOST_EPRINTF(...) fprintf(stderr, __VA_ARGS__)
^
c/fstar_bytes.c:294:11: error: format ‘%s’ expects argument of type ‘char *’, but argument 3 has type ‘size_t {aka long long unsigned int}’ [-Werror=format=]
"bytes_of_hex: run-time error while scanning at index "
^
../include/kremlin/internal/target.h:25:50: note: in definition of macro ‘KRML_HOST_EPRINTF’
#  define KRML_HOST_EPRINTF(...) fprintf(stderr, __VA_ARGS__)
^
c/fstar_bytes.c:294:11: error: too many arguments for format [-Werror=format-extra-args]
"bytes_of_hex: run-time error while scanning at index "
^
../include/kremlin/internal/target.h:25:50: note: in definition of macro ‘KRML_HOST_EPRINTF’
#  define KRML_HOST_EPRINTF(...) fprintf(stderr, __VA_ARGS__)
^
cc1: all warnings being treated as errors
make[2]: *** [<builtin>: c/fstar_bytes.o] Error 1
c/fstar_uint32.c:1:0: error: -fPIC ignored for target (all code is position independent) [-Werror]
#include "FStar_UInt32.h"
^
In file included from ../include/kremlin/internal/target.h:5:0,
from ../include/kremlib.h:19,
from extracted/Prims.h:13,
from extracted/FStar_UInt32.h:11,
from c/fstar_uint32.c:1:
extracted/C.h:35:16: error: expected identifier or ‘(’ before ‘&’ token
extern channel stdout;
^
extracted/C.h:37:16: error: expected identifier or ‘(’ before ‘&’ token
extern channel stderr;
^
cc1: all warnings being treated as errors
make[2]: *** [<builtin>: c/fstar_uint32.o] Error 1
c/fstar_uint64.c:1:0: error: -fPIC ignored for target (all code is position independent) [-Werror]
#include "FStar_UInt64.h"
^
cc1: all warnings being treated as errors
make[2]: *** [<builtin>: c/fstar_uint64.o] Error 1
c/c_string.c:1:0: error: -fPIC ignored for target (all code is position independent) [-Werror]
#include "C_String.h"
^
cc1: all warnings being treated as errors
make[2]: *** [<builtin>: c/c_string.o] Error 1
c/c.c:1:0: error: -fPIC ignored for target (all code is position independent) [-Werror]
#include <stdlib.h>
^
In file included from ../include/kremlin/internal/target.h:5:0,
from ../include/kremlib.h:19,
from extracted/Prims.h:13,
from extracted/C.h:11,
from c/c.c:4:
extracted/C.h:35:16: error: expected identifier or ‘(’ before ‘&’ token
extern channel stdout;
^
extracted/C.h:37:16: error: expected identifier or ‘(’ before ‘&’ token
extern channel stderr;
^
cc1: all warnings being treated as errors
make[2]: *** [<builtin>: c/c.o] Error 1
c/testlib.c:1:0: error: -fPIC ignored for target (all code is position independent) [-Werror]
#include "TestLib.h"
^
cc1: all warnings being treated as errors
make[2]: *** [<builtin>: c/testlib.o] Error 1
c/fstar_int32.c:1:0: error: -fPIC ignored for target (all code is position independent) [-Werror]
#include "FStar_Int32.h"
^
In file included from ../include/kremlin/internal/target.h:5:0,
from ../include/kremlib.h:19,
from extracted/Prims.h:13,
from extracted/FStar_Int32.h:11,
from c/fstar_int32.c:1:
extracted/C.h:35:16: error: expected identifier or ‘(’ before ‘&’ token
extern channel stdout;
^
extracted/C.h:37:16: error: expected identifier or ‘(’ before ‘&’ token
extern channel stderr;
^
cc1: all warnings being treated as errors
make[2]: *** [<builtin>: c/fstar_int32.o] Error 1
make[1]: *** [Makefile:8: all] Error 2
make: *** [Makefile:22: kremlib] Error 2
