Cloning into 'fstarlang_binaries'...
Already on 'master'
Cloning into 'mitls-fstar'...
Already on 'master'
Cloning into 'vale'...
Already on 'master'
Cloning into 'FStar'...
Checking out files:  26% (733/2817)   Checking out files:  27% (761/2817)   Checking out files:  28% (789/2817)   Checking out files:  29% (817/2817)   Checking out files:  30% (846/2817)   Checking out files:  31% (874/2817)   Checking out files:  32% (902/2817)   Checking out files:  33% (930/2817)   Checking out files:  34% (958/2817)   Checking out files:  35% (986/2817)   Checking out files:  36% (1015/2817)   Checking out files:  37% (1043/2817)   Checking out files:  38% (1071/2817)   Checking out files:  39% (1099/2817)   Checking out files:  40% (1127/2817)   Checking out files:  41% (1155/2817)   Checking out files:  42% (1184/2817)   Checking out files:  43% (1212/2817)   Checking out files:  44% (1240/2817)   Checking out files:  45% (1268/2817)   Checking out files:  46% (1296/2817)   Checking out files:  47% (1324/2817)   Checking out files:  48% (1353/2817)   Checking out files:  49% (1381/2817)   Checking out files:  50% (1409/2817)   Checking out files:  50% (1410/2817)   Checking out files:  51% (1437/2817)   Checking out files:  52% (1465/2817)   Checking out files:  53% (1494/2817)   Checking out files:  54% (1522/2817)   Checking out files:  55% (1550/2817)   Checking out files:  56% (1578/2817)   Checking out files:  57% (1606/2817)   Checking out files:  58% (1634/2817)   Checking out files:  59% (1663/2817)   Checking out files:  60% (1691/2817)   Checking out files:  61% (1719/2817)   Checking out files:  62% (1747/2817)   Checking out files:  63% (1775/2817)   Checking out files:  64% (1803/2817)   Checking out files:  65% (1832/2817)   Checking out files:  66% (1860/2817)   Checking out files:  67% (1888/2817)   Checking out files:  68% (1916/2817)   Checking out files:  69% (1944/2817)   Checking out files:  70% (1972/2817)   Checking out files:  71% (2001/2817)   Checking out files:  72% (2029/2817)   Checking out files:  73% (2057/2817)   Checking out files:  74% (2085/2817)   Checking out files:  74% (2093/2817)   Checking out files:  75% (2113/2817)   Checking out files:  76% (2141/2817)   Checking out files:  77% (2170/2817)   Checking out files:  78% (2198/2817)   Checking out files:  79% (2226/2817)   Checking out files:  80% (2254/2817)   Checking out files:  81% (2282/2817)   Checking out files:  82% (2310/2817)   Checking out files:  83% (2339/2817)   Checking out files:  84% (2367/2817)   Checking out files:  85% (2395/2817)   Checking out files:  86% (2423/2817)   Checking out files:  87% (2451/2817)   Checking out files:  88% (2479/2817)   Checking out files:  89% (2508/2817)   Checking out files:  90% (2536/2817)   Checking out files:  91% (2564/2817)   Checking out files:  92% (2592/2817)   Checking out files:  93% (2620/2817)   Checking out files:  94% (2648/2817)   Checking out files:  95% (2677/2817)   Checking out files:  96% (2705/2817)   Checking out files:  96% (2723/2817)   Checking out files:  97% (2733/2817)   Checking out files:  98% (2761/2817)   Checking out files:  99% (2789/2817)   Checking out files: 100% (2817/2817)   Checking out files: 100% (2817/2817), done.
Already on 'master'
Cloning into 'MLCrypto'...
Submodule 'openssl' (https://github.com/openssl/openssl) registered for path 'openssl'
Cloning into '/cygdrive/c/build/agent1/_work/5/s/MLCrypto/openssl'...
Submodule 'boringssl' (https://boringssl.googlesource.com/boringssl) registered for path 'openssl/boringssl'
Submodule 'krb5' (https://github.com/krb5/krb5) registered for path 'openssl/krb5'
Submodule 'pyca.cryptography' (https://github.com/pyca/cryptography.git) registered for path 'openssl/pyca-cryptography'
Cloning into '/cygdrive/c/build/agent1/_work/5/s/MLCrypto/openssl/boringssl'...
Cloning into '/cygdrive/c/build/agent1/_work/5/s/MLCrypto/openssl/krb5'...
Cloning into '/cygdrive/c/build/agent1/_work/5/s/MLCrypto/openssl/pyca-cryptography'...
Already on 'master'
Cloning into 'hacl-star'...
Checking out files:  12% (656/5288)   Checking out files:  13% (688/5288)   Checking out files:  14% (741/5288)   Checking out files:  15% (794/5288)   Checking out files:  16% (847/5288)   Checking out files:  17% (899/5288)   Checking out files:  18% (952/5288)   Checking out files:  19% (1005/5288)   Checking out files:  20% (1058/5288)   Checking out files:  21% (1111/5288)   Checking out files:  22% (1164/5288)   Checking out files:  23% (1217/5288)   Checking out files:  24% (1270/5288)   Checking out files:  25% (1322/5288)   Checking out files:  26% (1375/5288)   Checking out files:  26% (1378/5288)   Checking out files:  27% (1428/5288)   Checking out files:  28% (1481/5288)   Checking out files:  29% (1534/5288)   Checking out files:  30% (1587/5288)   Checking out files:  31% (1640/5288)   Checking out files:  32% (1693/5288)   Checking out files:  33% (1746/5288)   Checking out files:  34% (1798/5288)   Checking out files:  35% (1851/5288)   Checking out files:  36% (1904/5288)   Checking out files:  37% (1957/5288)   Checking out files:  38% (2010/5288)   Checking out files:  38% (2061/5288)   Checking out files:  39% (2063/5288)   Checking out files:  40% (2116/5288)   Checking out files:  41% (2169/5288)   Checking out files:  42% (2221/5288)   Checking out files:  43% (2274/5288)   Checking out files:  44% (2327/5288)   Checking out files:  45% (2380/5288)   Checking out files:  46% (2433/5288)   Checking out files:  47% (2486/5288)   Checking out files:  48% (2539/5288)   Checking out files:  49% (2592/5288)   Checking out files:  50% (2644/5288)   Checking out files:  51% (2697/5288)   Checking out files:  51% (2733/5288)   Checking out files:  52% (2750/5288)   Checking out files:  53% (2803/5288)   Checking out files:  54% (2856/5288)   Checking out files:  55% (2909/5288)   Checking out files:  56% (2962/5288)   Checking out files:  57% (3015/5288)   Checking out files:  58% (3068/5288)   Checking out files:  59% (3120/5288)   Checking out files:  60% (3173/5288)   Checking out files:  61% (3226/5288)   Checking out files:  62% (3279/5288)   Checking out files:  63% (3332/5288)   Checking out files:  64% (3385/5288)   Checking out files:  64% (3388/5288)   Checking out files:  65% (3438/5288)   Checking out files:  66% (3491/5288)   Checking out files:  67% (3543/5288)   Checking out files:  68% (3596/5288)   Checking out files:  69% (3649/5288)   Checking out files:  70% (3702/5288)   Checking out files:  71% (3755/5288)   Checking out files:  72% (3808/5288)   Checking out files:  73% (3861/5288)   Checking out files:  74% (3914/5288)   Checking out files:  75% (3966/5288)   Checking out files:  76% (4019/5288)   Checking out files:  77% (4072/5288)   Checking out files:  77% (4082/5288)   Checking out files:  78% (4125/5288)   Checking out files:  79% (4178/5288)   Checking out files:  80% (4231/5288)   Checking out files:  81% (4284/5288)   Checking out files:  82% (4337/5288)   Checking out files:  83% (4390/5288)   Checking out files:  84% (4442/5288)   Checking out files:  85% (4495/5288)   Checking out files:  86% (4548/5288)   Checking out files:  87% (4601/5288)   Checking out files:  88% (4654/5288)   Checking out files:  89% (4707/5288)   Checking out files:  90% (4760/5288)   Checking out files:  90% (4762/5288)   Checking out files:  91% (4813/5288)   Checking out files:  92% (4865/5288)   Checking out files:  93% (4918/5288)   Checking out files:  94% (4971/5288)   Checking out files:  95% (5024/5288)   Checking out files:  96% (5077/5288)   Checking out files:  97% (5130/5288)   Checking out files:  98% (5183/5288)   Checking out files:  99% (5236/5288)   Checking out files: 100% (5288/5288)   Checking out files: 100% (5288/5288), done.
Submodule 'other_providers/libsodium' (https://github.com/jedisct1/libsodium.git) registered for path 'other_providers/libsodium'
Submodule 'other_providers/openssl' (https://github.com/openssl/openssl.git) registered for path 'other_providers/openssl'
Submodule 'other_providers/vale' (https://github.com/project-everest/vale.git) registered for path 'other_providers/vale'
Cloning into '/cygdrive/c/build/agent1/_work/5/s/hacl-star/other_providers/libsodium'...
Cloning into '/cygdrive/c/build/agent1/_work/5/s/hacl-star/other_providers/openssl'...
Cloning into '/cygdrive/c/build/agent1/_work/5/s/hacl-star/other_providers/vale'...
Submodule 'boringssl' (https://boringssl.googlesource.com/boringssl) registered for path 'other_providers/openssl/boringssl'
Submodule 'krb5' (https://github.com/krb5/krb5) registered for path 'other_providers/openssl/krb5'
Submodule 'pyca.cryptography' (https://github.com/pyca/cryptography.git) registered for path 'other_providers/openssl/pyca-cryptography'
Cloning into '/cygdrive/c/build/agent1/_work/5/s/hacl-star/other_providers/openssl/boringssl'...
Cloning into '/cygdrive/c/build/agent1/_work/5/s/hacl-star/other_providers/openssl/krb5'...
Cloning into '/cygdrive/c/build/agent1/_work/5/s/hacl-star/other_providers/openssl/pyca-cryptography'...
warning: unable to rmdir other_providers/libsodium: Directory not empty
warning: unable to rmdir other_providers/vale: Directory not empty
Switched to a new branch 'fstar-master'
warning: unable to rmdir krb5: Directory not empty
Cloning into 'kremlin'...
Already on 'fstar-master'
warning: unable to rmdir other_providers/libsodium: Directory not empty
warning: unable to rmdir other_providers/vale: Directory not empty
Warning: you are using the standard library and/or the %inline keyword. We
recommend switching on --infer in order to avoid obscure type error messages.
crypto/asn1/x_int64.c: In function 'uint64_print':
crypto/asn1/x_int64.c:105:32: warning: unknown conversion type character 'j' in format [-Wformat=]
return BIO_printf(out, "%jd\n", **(int64_t **)pval);
^
crypto/asn1/x_int64.c:105:32: warning: too many arguments for format [-Wformat-extra-args]
crypto/asn1/x_int64.c:106:28: warning: unknown conversion type character 'j' in format [-Wformat=]
return BIO_printf(out, "%ju\n", **(uint64_t **)pval);
^
crypto/asn1/x_int64.c:106:28: warning: too many arguments for format [-Wformat-extra-args]
crypto/bio/b_sock2.c: In function 'BIO_socket':
crypto/bio/b_sock2.c:45:16: warning: overflow in implicit constant conversion [-Woverflow]
return INVALID_SOCKET;
^
crypto/bio/b_sock2.c:51:16: warning: overflow in implicit constant conversion [-Woverflow]
return INVALID_SOCKET;
^
crypto/bio/b_sock2.c: In function 'BIO_accept_ex':
crypto/bio/b_sock2.c:263:16: warning: overflow in implicit constant conversion [-Woverflow]
return INVALID_SOCKET;
^
crypto/bio/b_sock2.c:268:16: warning: overflow in implicit constant conversion [-Woverflow]
return INVALID_SOCKET;
^
crypto/bio/b_sock.c: In function 'BIO_get_accept_socket':
crypto/bio/b_sock.c:202:13: warning: overflow in implicit constant conversion [-Woverflow]
int s = INVALID_SOCKET;
^
crypto/bio/b_sock.c:207:16: warning: overflow in implicit constant conversion [-Woverflow]
return INVALID_SOCKET;
^
crypto/bio/b_sock.c:210:16: warning: overflow in implicit constant conversion [-Woverflow]
return INVALID_SOCKET;
^
crypto/bio/b_sock.c:217:13: warning: overflow in implicit constant conversion [-Woverflow]
s = INVALID_SOCKET;
^
crypto/bio/b_sock.c:224:13: warning: overflow in implicit constant conversion [-Woverflow]
s = INVALID_SOCKET;
^
In file included from crypto/bn/bn_print.c:15:0:
crypto/bn/bn_print.c: In function 'BN_bn2dec':
crypto/bn/bn_lcl.h:94:27: warning: unknown conversion type character 'l' in format [-Wformat=]
#  define BN_DEC_FMT1     "%llu"
^
crypto/bn/bn_print.c:104:57: note: in expansion of macro 'BN_DEC_FMT1'
n = BIO_snprintf(p, tbytes - (size_t)(p - buf), BN_DEC_FMT1, *lp);
^
crypto/bn/bn_lcl.h:94:27: warning: too many arguments for format [-Wformat-extra-args]
#  define BN_DEC_FMT1     "%llu"
^
crypto/bn/bn_print.c:104:57: note: in expansion of macro 'BN_DEC_FMT1'
n = BIO_snprintf(p, tbytes - (size_t)(p - buf), BN_DEC_FMT1, *lp);
^
crypto/bn/bn_lcl.h:95:27: warning: unknown conversion type character 'l' in format [-Wformat=]
#  define BN_DEC_FMT2     "%019llu"
^
crypto/bn/bn_print.c:110:61: note: in expansion of macro 'BN_DEC_FMT2'
n = BIO_snprintf(p, tbytes - (size_t)(p - buf), BN_DEC_FMT2, *lp);
^
crypto/bn/bn_lcl.h:95:27: warning: too many arguments for format [-Wformat-extra-args]
#  define BN_DEC_FMT2     "%019llu"
^
crypto/bn/bn_print.c:110:61: note: in expansion of macro 'BN_DEC_FMT2'
n = BIO_snprintf(p, tbytes - (size_t)(p - buf), BN_DEC_FMT2, *lp);
^
crypto/bn/bn_print.c: In function 'BN_options':
crypto/bn/bn_print.c:340:42: warning: unknown conversion type character 'z' in format [-Wformat=]
BIO_snprintf(data, sizeof(data), "bn(%zu,%zu)",
^
crypto/bn/bn_print.c:340:42: warning: unknown conversion type character 'z' in format [-Wformat=]
crypto/bn/bn_print.c:340:42: warning: too many arguments for format [-Wformat-extra-args]
crypto/threads_win.c: In function 'CRYPTO_atomic_add':
crypto/threads_win.c:132:35: warning: passing argument 1 of '_InterlockedExchangeAdd' from incompatible pointer type [-Wincompatible-pointer-types]
*ret = InterlockedExchangeAdd(val, amount) + amount;
^
In file included from /usr/x86_64-w64-mingw32/sys-root/mingw/include/winnt.h:27:0,
from /usr/x86_64-w64-mingw32/sys-root/mingw/include/minwindef.h:163,
from /usr/x86_64-w64-mingw32/sys-root/mingw/include/windef.h:8,
from /usr/x86_64-w64-mingw32/sys-root/mingw/include/windows.h:69,
from crypto/threads_win.c:11:
/usr/x86_64-w64-mingw32/sys-root/mingw/include/psdk_inc/intrin-impl.h:1026:10: note: expected 'volatile long int *' but argument is of type 'int *'
__LONG32 _InterlockedExchangeAdd(__LONG32 volatile *Addend, __LONG32 Value) {
^
crypto/threads_win.c: In function 'CRYPTO_atomic_read':
crypto/threads_win.c:138:39: warning: passing argument 1 of '_InterlockedCompareExchange' from incompatible pointer type [-Wincompatible-pointer-types]
*ret = InterlockedCompareExchange(val, 0, 0);
^
In file included from /usr/x86_64-w64-mingw32/sys-root/mingw/include/winnt.h:27:0,
from /usr/x86_64-w64-mingw32/sys-root/mingw/include/minwindef.h:163,
from /usr/x86_64-w64-mingw32/sys-root/mingw/include/windef.h:8,
from /usr/x86_64-w64-mingw32/sys-root/mingw/include/windows.h:69,
from crypto/threads_win.c:11:
/usr/x86_64-w64-mingw32/sys-root/mingw/include/psdk_inc/intrin-impl.h:1037:10: note: expected 'volatile long int *' but argument is of type 'int *'
__LONG32 _InterlockedCompareExchange(__LONG32 volatile *Destination, __LONG32 ExChange, __LONG32 Comperand) {
^
crypto/threads_win.c: In function 'CRYPTO_atomic_write':
crypto/threads_win.c:144:25: warning: passing argument 1 of '_InterlockedExchange' from incompatible pointer type [-Wincompatible-pointer-types]
InterlockedExchange(val, n);
^
In file included from /usr/x86_64-w64-mingw32/sys-root/mingw/include/winnt.h:27:0,
from /usr/x86_64-w64-mingw32/sys-root/mingw/include/minwindef.h:163,
from /usr/x86_64-w64-mingw32/sys-root/mingw/include/windef.h:8,
from /usr/x86_64-w64-mingw32/sys-root/mingw/include/windows.h:69,
from crypto/threads_win.c:11:
/usr/x86_64-w64-mingw32/sys-root/mingw/include/psdk_inc/intrin-impl.h:1088:10: note: expected 'volatile long int *' but argument is of type 'int *'
__LONG32 _InterlockedExchange(__LONG32 volatile *Target, __LONG32 Value) {
^
test/testutil/tests.c: In function 'test_size_t_eq':
test/testutil/tests.c:196:27: warning: unknown conversion type character 'z' in format [-Wformat=]
"[" fmt "] compared to [" fmt "]",            \
^
test/testutil/tests.c:202:5: note: in expansion of macro 'DEFINE_COMPARISON'
DEFINE_COMPARISON(type, name, eq, ==, fmt)                          \
^
test/testutil/tests.c:215:1: note: in expansion of macro 'DEFINE_COMPARISONS'
DEFINE_COMPARISONS(size_t, size_t, "%zu")
^
test/testutil/tests.c:196:27: warning: unknown conversion type character 'z' in format [-Wformat=]
"[" fmt "] compared to [" fmt "]",            \
^
test/testutil/tests.c:202:5: note: in expansion of macro 'DEFINE_COMPARISON'
DEFINE_COMPARISON(type, name, eq, ==, fmt)                          \
^
test/testutil/tests.c:215:1: note: in expansion of macro 'DEFINE_COMPARISONS'
DEFINE_COMPARISONS(size_t, size_t, "%zu")
^
test/testutil/tests.c:196:27: warning: too many arguments for format [-Wformat-extra-args]
"[" fmt "] compared to [" fmt "]",            \
^
test/testutil/tests.c:202:5: note: in expansion of macro 'DEFINE_COMPARISON'
DEFINE_COMPARISON(type, name, eq, ==, fmt)                          \
^
test/testutil/tests.c:215:1: note: in expansion of macro 'DEFINE_COMPARISONS'
DEFINE_COMPARISONS(size_t, size_t, "%zu")
^
test/testutil/tests.c: In function 'test_size_t_ne':
test/testutil/tests.c:196:27: warning: unknown conversion type character 'z' in format [-Wformat=]
"[" fmt "] compared to [" fmt "]",            \
^
test/testutil/tests.c:203:5: note: in expansion of macro 'DEFINE_COMPARISON'
DEFINE_COMPARISON(type, name, ne, !=, fmt)                          \
^
test/testutil/tests.c:215:1: note: in expansion of macro 'DEFINE_COMPARISONS'
DEFINE_COMPARISONS(size_t, size_t, "%zu")
^
test/testutil/tests.c:196:27: warning: unknown conversion type character 'z' in format [-Wformat=]
"[" fmt "] compared to [" fmt "]",            \
^
test/testutil/tests.c:203:5: note: in expansion of macro 'DEFINE_COMPARISON'
DEFINE_COMPARISON(type, name, ne, !=, fmt)                          \
^
test/testutil/tests.c:215:1: note: in expansion of macro 'DEFINE_COMPARISONS'
DEFINE_COMPARISONS(size_t, size_t, "%zu")
^
test/testutil/tests.c:196:27: warning: too many arguments for format [-Wformat-extra-args]
"[" fmt "] compared to [" fmt "]",            \
^
test/testutil/tests.c:203:5: note: in expansion of macro 'DEFINE_COMPARISON'
DEFINE_COMPARISON(type, name, ne, !=, fmt)                          \
^
test/testutil/tests.c:215:1: note: in expansion of macro 'DEFINE_COMPARISONS'
DEFINE_COMPARISONS(size_t, size_t, "%zu")
^
test/testutil/tests.c: In function 'test_size_t_lt':
test/testutil/tests.c:196:27: warning: unknown conversion type character 'z' in format [-Wformat=]
"[" fmt "] compared to [" fmt "]",            \
^
test/testutil/tests.c:204:5: note: in expansion of macro 'DEFINE_COMPARISON'
DEFINE_COMPARISON(type, name, lt, <, fmt)                           \
^
test/testutil/tests.c:215:1: note: in expansion of macro 'DEFINE_COMPARISONS'
DEFINE_COMPARISONS(size_t, size_t, "%zu")
^
test/testutil/tests.c:196:27: warning: unknown conversion type character 'z' in format [-Wformat=]
"[" fmt "] compared to [" fmt "]",            \
^
test/testutil/tests.c:204:5: note: in expansion of macro 'DEFINE_COMPARISON'
DEFINE_COMPARISON(type, name, lt, <, fmt)                           \
^
test/testutil/tests.c:215:1: note: in expansion of macro 'DEFINE_COMPARISONS'
DEFINE_COMPARISONS(size_t, size_t, "%zu")
^
test/testutil/tests.c:196:27: warning: too many arguments for format [-Wformat-extra-args]
"[" fmt "] compared to [" fmt "]",            \
^
test/testutil/tests.c:204:5: note: in expansion of macro 'DEFINE_COMPARISON'
DEFINE_COMPARISON(type, name, lt, <, fmt)                           \
^
test/testutil/tests.c:215:1: note: in expansion of macro 'DEFINE_COMPARISONS'
DEFINE_COMPARISONS(size_t, size_t, "%zu")
^
test/testutil/tests.c: In function 'test_size_t_le':
test/testutil/tests.c:196:27: warning: unknown conversion type character 'z' in format [-Wformat=]
"[" fmt "] compared to [" fmt "]",            \
^
test/testutil/tests.c:205:5: note: in expansion of macro 'DEFINE_COMPARISON'
DEFINE_COMPARISON(type, name, le, <=, fmt)                          \
^
test/testutil/tests.c:215:1: note: in expansion of macro 'DEFINE_COMPARISONS'
DEFINE_COMPARISONS(size_t, size_t, "%zu")
^
test/testutil/tests.c:196:27: warning: unknown conversion type character 'z' in format [-Wformat=]
"[" fmt "] compared to [" fmt "]",            \
^
test/testutil/tests.c:205:5: note: in expansion of macro 'DEFINE_COMPARISON'
DEFINE_COMPARISON(type, name, le, <=, fmt)                          \
^
test/testutil/tests.c:215:1: note: in expansion of macro 'DEFINE_COMPARISONS'
DEFINE_COMPARISONS(size_t, size_t, "%zu")
^
test/testutil/tests.c:196:27: warning: too many arguments for format [-Wformat-extra-args]
"[" fmt "] compared to [" fmt "]",            \
^
test/testutil/tests.c:205:5: note: in expansion of macro 'DEFINE_COMPARISON'
DEFINE_COMPARISON(type, name, le, <=, fmt)                          \
^
test/testutil/tests.c:215:1: note: in expansion of macro 'DEFINE_COMPARISONS'
DEFINE_COMPARISONS(size_t, size_t, "%zu")
^
test/testutil/tests.c: In function 'test_size_t_gt':
test/testutil/tests.c:196:27: warning: unknown conversion type character 'z' in format [-Wformat=]
"[" fmt "] compared to [" fmt "]",            \
^
test/testutil/tests.c:206:5: note: in expansion of macro 'DEFINE_COMPARISON'
DEFINE_COMPARISON(type, name, gt, >, fmt)                           \
^
test/testutil/tests.c:215:1: note: in expansion of macro 'DEFINE_COMPARISONS'
DEFINE_COMPARISONS(size_t, size_t, "%zu")
^
test/testutil/tests.c:196:27: warning: unknown conversion type character 'z' in format [-Wformat=]
"[" fmt "] compared to [" fmt "]",            \
^
test/testutil/tests.c:206:5: note: in expansion of macro 'DEFINE_COMPARISON'
DEFINE_COMPARISON(type, name, gt, >, fmt)                           \
^
test/testutil/tests.c:215:1: note: in expansion of macro 'DEFINE_COMPARISONS'
DEFINE_COMPARISONS(size_t, size_t, "%zu")
^
test/testutil/tests.c:196:27: warning: too many arguments for format [-Wformat-extra-args]
"[" fmt "] compared to [" fmt "]",            \
^
test/testutil/tests.c:206:5: note: in expansion of macro 'DEFINE_COMPARISON'
DEFINE_COMPARISON(type, name, gt, >, fmt)                           \
^
test/testutil/tests.c:215:1: note: in expansion of macro 'DEFINE_COMPARISONS'
DEFINE_COMPARISONS(size_t, size_t, "%zu")
^
test/testutil/tests.c: In function 'test_size_t_ge':
test/testutil/tests.c:196:27: warning: unknown conversion type character 'z' in format [-Wformat=]
"[" fmt "] compared to [" fmt "]",            \
^
test/testutil/tests.c:207:5: note: in expansion of macro 'DEFINE_COMPARISON'
DEFINE_COMPARISON(type, name, ge, >=, fmt)
^
test/testutil/tests.c:215:1: note: in expansion of macro 'DEFINE_COMPARISONS'
DEFINE_COMPARISONS(size_t, size_t, "%zu")
^
test/testutil/tests.c:196:27: warning: unknown conversion type character 'z' in format [-Wformat=]
"[" fmt "] compared to [" fmt "]",            \
^
test/testutil/tests.c:207:5: note: in expansion of macro 'DEFINE_COMPARISON'
DEFINE_COMPARISON(type, name, ge, >=, fmt)
^
test/testutil/tests.c:215:1: note: in expansion of macro 'DEFINE_COMPARISONS'
DEFINE_COMPARISONS(size_t, size_t, "%zu")
^
test/testutil/tests.c:196:27: warning: too many arguments for format [-Wformat-extra-args]
"[" fmt "] compared to [" fmt "]",            \
^
test/testutil/tests.c:207:5: note: in expansion of macro 'DEFINE_COMPARISON'
DEFINE_COMPARISON(type, name, ge, >=, fmt)
^
test/testutil/tests.c:215:1: note: in expansion of macro 'DEFINE_COMPARISONS'
DEFINE_COMPARISONS(size_t, size_t, "%zu")
^
ar: creating libssl.a
ar: creating test/libtestutil.a
ar: creating libcrypto.a
openssl_stub.c: In function ‘ocaml_load_chain’:
openssl_stub.c:2187:16: warning: variable ‘first’ set but not used [-Wunused-but-set-variable]
X509 *x509, *first = NULL;
^
make: *** No rule to make target 'x25519-c/Curve25519.c'.  Stop.
ffi.c:1:0: warning: -fPIC ignored for target (all code is position independent)
#include <stdio.h>
^
ffi.c: In function ‘FFI_mitls_quic_process_caml’:
ffi.c:984:13: warning: unused variable ‘errorcode’ [-Wunused-variable]
int errorcode = Int_val(Field(result, 1));
^
ffi.c:1:0: warning: -fPIC ignored for target (all code is position independent)
#include <stdio.h>
^
ffi.c: In function ‘FFI_mitls_quic_process_caml’:
ffi.c:984:13: warning: unused variable ‘errorcode’ [-Wunused-variable]
int errorcode = Int_val(Field(result, 1));
^
ffi.c:1:0: warning: -fPIC ignored for target (all code is position independent)
#include <stdio.h>
^
ffi.c: In function ‘FFI_mitls_quic_process_caml’:
ffi.c:984:13: warning: unused variable ‘errorcode’ [-Wunused-variable]
int errorcode = Int_val(Field(result, 1));
^
ffi.c:1:0: warning: -fPIC ignored for target (all code is position independent)
#include <stdio.h>
^
ffi.c: In function ‘FFI_mitls_quic_process_caml’:
ffi.c:984:13: warning: unused variable ‘errorcode’ [-Wunused-variable]
int errorcode = Int_val(Field(result, 1));
^
ffi.c:1:0: warning: -fPIC ignored for target (all code is position independent)
#include <stdio.h>
^
ffi.c: In function ‘FFI_mitls_quic_process_caml’:
ffi.c:984:13: warning: unused variable ‘errorcode’ [-Wunused-variable]
int errorcode = Int_val(Field(result, 1));
^
ffi.c:1:0: warning: -fPIC ignored for target (all code is position independent)
#include <stdio.h>
^
ffi.c: In function ‘FFI_mitls_quic_process_caml’:
ffi.c:984:13: warning: unused variable ‘errorcode’ [-Wunused-variable]
int errorcode = Int_val(Field(result, 1));
^
Makefile.OCaml:43: *** LOWC_HOME is C:/build/agent1/_work/5/s/hacl-star/secure_api/out/runtime_switch and I cannot find C:/build/agent1/_work/5/s/hacl-star/secure_api/out/runtime_switch/LowC.cmxa -- please run make in secure_api!.  Stop.
make: *** [Makefile:10: ocaml-all] Error 2
make: *** Waiting for unfinished jobs....
Makefile.Kremlin:86: *** HACL_HOME is C:/build/agent1/_work/5/s/hacl-star and I cannot find C:/build/agent1/_work/5/s/hacl-star/code/curve25519/x25519-c/Curve25519.h -- please run make extract-c -C C:/build/agent1/_work/5/s/hacl-star/code/curve25519/x25519-c/.. -- thanks.  Stop.
make: *** [Makefile:13: kremlin-all] Error 2
StatefulPlain.fst(80,0-80,5): (Warning 307) logic qualifier is deprecated, please remove it from the source program. In case your program verifies with the qualifier annotated but not without it, please try to minimize the example and file a github issue
StatefulPlain.fst(85,0-85,5): (Warning 307) logic qualifier is deprecated, please remove it from the source program. In case your program verifies with the qualifier annotated but not without it, please try to minimize the example and file a github issue
List.Helpers.fst(13,14-13,16): (Warning 252) (Hint-replay failed): Subtyping check failed; expected type m:
Prims.list a
{ forall (u12013: FStar.Pervasives.Native.option (x: Prims.unit{Prims.hasEq a})).
FStar.List.Tot.Base.mem_filter_spec (f env) m u12013 }; got type Prims.list a (see also List.Helpers.fst(11,33-11,75))
List.Helpers.fst(24,79-24,81): (Warning 252) (Hint-replay failed): Subtyping check failed; expected type l: Prims.list a {%[ env; l ] << %[ env; l ]}; got type Prims.list a (see also List.Helpers.fst(21,6-22,6))
List.Helpers.fst(37,42-37,44): (Warning 252) (Hint-replay failed): Subtyping check failed; expected type l: Prims.list a {%[ env; l ] << %[ env; l ]}; got type Prims.list a (see also List.Helpers.fst(32,6-33,6))
List.Helpers.fst(49,50-49,52): (Warning 252) (Hint-replay failed): Subtyping check failed; expected type l: Prims.list a {%[ env; l ] << %[ env; l ]}; got type Prims.list a (see also List.Helpers.fst(46,4-47,4))
C:/build/agent1/_work/5/s/kremlin/kremlib/Spec.Loops.fst(12,8-12,15): (Warning 252) (Hint-replay failed): Subtyping check failed; expected type a: Type0{Prims.hasEq a}; got type Type0 (see also C:/build/agent1/_work/5/s/FStar/ulib/prims.fst(310,29-310,36))
C:/build/agent1/_work/5/s/kremlin/kremlib/Spec.Loops.fst(25,124-25,125): (Warning 252) (Hint-replay failed): Subtyping check failed; expected type i: Prims.nat{i < FStar.Seq.Base.length s'}; got type Prims.nat (see also C:/build/agent1/_work/5/s/FStar/ulib/FStar.Seq.Base.fst(30,49-30,61))
C:/build/agent1/_work/5/s/kremlin/kremlib/Spec.Loops.fst(25,124-25,125): (Warning 252) (Hint-replay failed): Subtyping check failed; expected type i: Prims.nat{i < FStar.Seq.Base.length s'}; got type Prims.nat (see also C:/build/agent1/_work/5/s/FStar/ulib/FStar.Seq.Base.fst(30,49-30,61))
C:/build/agent1/_work/5/s/FStar/ulib/prims.fst(408,13-408,16): (Warning 252) (Hint-replay failed): Subtyping check failed; expected type a: Type0{Prims.hasEq a}; got type Type0 (see also C:/build/agent1/_work/5/s/FStar/ulib/prims.fst(310,29-310,36))
C:/build/agent1/_work/5/s/FStar/ulib/prims.fst(408,13-408,16): (Warning 252) (Hint-replay failed): Subtyping check failed; expected type a: Type0{Prims.hasEq a}; got type Type0 (see also C:/build/agent1/_work/5/s/FStar/ulib/prims.fst(310,29-310,36))
C:/build/agent1/_work/5/s/kremlin/kremlib/Spec.Loops.fst(46,8-46,22): (Warning 252) (Hint-replay failed): Subtyping check failed; expected type a: Type0{Prims.hasEq a}; got type Type0 (see also C:/build/agent1/_work/5/s/FStar/ulib/prims.fst(310,29-310,36))
C:/build/agent1/_work/5/s/kremlin/kremlib/Spec.Loops.fst(53,11-53,14): (Warning 252) (Hint-replay failed): Subtyping check failed; expected type a: Type0{Prims.hasEq a}; got type Type0 (see also C:/build/agent1/_work/5/s/FStar/ulib/prims.fst(310,29-310,36))
C:/build/agent1/_work/5/s/kremlin/kremlib/Spec.Loops.fst(65,50-65,57): (Warning 252) (Hint-replay failed): Subtyping check failed; expected type Prims.nat; got type Prims.int (see also C:/build/agent1/_work/5/s/FStar/ulib/prims.fst(408,17-408,23))
C:/build/agent1/_work/5/s/kremlin/kremlib/Spec.Loops.fst(66,42-66,44): (Warning 252) (Hint-replay failed): could not prove post-condition (see also C:/build/agent1/_work/5/s/kremlin/kremlib/Spec.Loops.fst(65,32-65,106))
C:/build/agent1/_work/5/s/FStar/ulib/prims.fst(408,13-408,16): (Warning 252) (Hint-replay failed): Subtyping check failed; expected type a: Type0{Prims.hasEq a}; got type Type0 (see also C:/build/agent1/_work/5/s/FStar/ulib/prims.fst(310,29-310,36))
Unable to open hints file: C:\build\agent1\_work\5\s\kremlin\kremlib\FStar.Kremlin.Endianness.fst.hints; ran without hints
Unable to open hints file: C:\build\agent1\_work\5\s\mitls-fstar\src\tls\FStar.Test.fst.hints; ran without hints
C:/build/agent1/_work/5/s/mitls-fstar/src/lowparse/LowParse.BigEndian.fst(30,2-32,2): (Warning 252) could not prove post-condition (see also C:/build/agent1/_work/5/s/mitls-fstar/src/lowparse/LowParse.BigEndian.fst(31,2-31,71))
C:/build/agent1/_work/5/s/mitls-fstar/src/lowparse/LowParse.BigEndian.fst(30,2-32,2): (Warning 252) could not prove post-condition (see also C:/build/agent1/_work/5/s/mitls-fstar/src/lowparse/LowParse.BigEndian.fst(31,2-31,71))
C:/build/agent1/_work/5/s/mitls-fstar/src/lowparse/LowParse.BigEndian.fst(36,2-42,2): (Warning 252) could not prove post-condition (see also C:/build/agent1/_work/5/s/mitls-fstar/src/lowparse/LowParse.BigEndian.fst(37,2-41,5))
C:/build/agent1/_work/5/s/mitls-fstar/src/lowparse/LowParse.BigEndian.fst(36,2-42,2): (Warning 252) could not prove post-condition (see also C:/build/agent1/_work/5/s/mitls-fstar/src/lowparse/LowParse.BigEndian.fst(37,2-41,5))
C:/build/agent1/_work/5/s/mitls-fstar/src/lowparse/LowParse.BigEndian.fst(46,2-53,2): (Warning 252) could not prove post-condition (see also C:/build/agent1/_work/5/s/mitls-fstar/src/lowparse/LowParse.BigEndian.fst(47,2-52,6))
C:/build/agent1/_work/5/s/mitls-fstar/src/lowparse/LowParse.BigEndian.fst(46,2-53,2): (Warning 252) could not prove post-condition (see also C:/build/agent1/_work/5/s/mitls-fstar/src/lowparse/LowParse.BigEndian.fst(47,2-52,6))
C:/build/agent1/_work/5/s/mitls-fstar/src/lowparse/LowParse.BigEndian.fst(46,2-53,2): (Warning 252) could not prove post-condition (see also C:/build/agent1/_work/5/s/mitls-fstar/src/lowparse/LowParse.BigEndian.fst(47,2-52,6))
Unable to open hints file: hints/C.Endianness.fst.hints; ran without hints
C:/build/agent1/_work/5/s/mitls-fstar/src/lowparse/LowParse.SLow.Base.fst(135,2-137,2): (Warning 252) could not prove post-condition (see also C:/build/agent1/_work/5/s/mitls-fstar/src/lowparse/LowParse.SLow.Base.fst(136,2-136,56))
C:/build/agent1/_work/5/s/mitls-fstar/src/lowparse/LowParse.SLow.Base.fst(147,2-154,2): (Warning 252) could not prove post-condition (see also C:/build/agent1/_work/5/s/mitls-fstar/src/lowparse/LowParse.SLow.Base.fst(152,4-152,44))
C:/build/agent1/_work/5/s/mitls-fstar/src/lowparse/LowParse.SLow.Base.fst(181,2-204,2): (Warning 252) could not prove post-condition (see also C:/build/agent1/_work/5/s/mitls-fstar/src/lowparse/LowParse.SLow.Base.fst(199,4-199,26))
Parse.fst(174,24-174,36): (Warning 252) (Hint-replay failed): Subtyping check failed; expected type Prims.nat; got type FStar.UInt.uint_t FStar.UInt16.n (see also C:/build/agent1/_work/5/s/FStar/ulib/prims.fst(408,17-408,23))
Parse.fst(181,19-181,20): (Warning 252) (Hint-replay failed): Subtyping check failed; expected type FStar.UInt.uint_t FStar.UInt16.n; got type FStar.Bytes.uint_k (FStar.UInt32.v (FStar.Bytes.len b)) (see also C:/build/agent1/_work/5/s/FStar/ulib/FStar.UInt.fst(52,28-52,36))
Parse.fst(185,24-185,36): (Warning 252) (Hint-replay failed): Subtyping check failed; expected type Prims.nat; got type FStar.UInt.uint_t FStar.UInt32.n (see also C:/build/agent1/_work/5/s/FStar/ulib/prims.fst(408,17-408,23))
Parse.fst(191,19-191,20): (Warning 252) (Hint-replay failed): Subtyping check failed; expected type FStar.UInt.uint_t FStar.UInt32.n; got type FStar.Bytes.uint_k (FStar.UInt32.v (FStar.Bytes.len b)) (see also C:/build/agent1/_work/5/s/FStar/ulib/FStar.UInt.fst(52,28-52,36))
C:/build/agent1/_work/5/s/mitls-fstar/src/lowparse/LowParse.Spec.Combinators.fst(219,4-219,33): (Warning 252) assertion failed (see also C:/build/agent1/_work/5/s/mitls-fstar/src/lowparse/LowParse.Spec.Combinators.fst(238,10-238,23))
C:/build/agent1/_work/5/s/mitls-fstar/src/lowparse/LowParse.Spec.Combinators.fst(361,4-361,33): (Warning 252) assertion failed (see also C:/build/agent1/_work/5/s/mitls-fstar/src/lowparse/LowParse.Spec.Combinators.fst(380,10-380,23))
C:/build/agent1/_work/5/s/mitls-fstar/src/lowparse/LowParse.Spec.Int.Aux.fst(27,2-35,2): (Warning 252) (Hint-replay failed): could not prove post-condition (see also C:/build/agent1/_work/5/s/mitls-fstar/src/lowparse/LowParse.Spec.Int.Aux.fst(33,4-33,41))
C:/build/agent1/_work/5/s/mitls-fstar/src/lowparse/LowParse.Spec.Int.Aux.fst(51,5-51,15): (Warning 252) (Hint-replay failed): Subtyping check failed; expected type a: Type0{Prims.hasEq a}; got type Type0 (see also C:/build/agent1/_work/5/s/FStar/ulib/prims.fst(310,29-310,36))
C:/build/agent1/_work/5/s/mitls-fstar/src/lowparse/LowParse.Spec.Int.Aux.fst(118,5-118,15): (Warning 252) (Hint-replay failed): Subtyping check failed; expected type a: Type0{Prims.hasEq a}; got type Type0 (see also C:/build/agent1/_work/5/s/FStar/ulib/prims.fst(310,29-310,36))
C:/build/agent1/_work/5/s/kremlin/kremlib/C.Loops.fst(51,8-51,11): (Warning 252) (Hint-replay failed): Subtyping check failed; expected type Prims.nat; got type Prims.int (see also C:/build/agent1/_work/5/s/FStar/ulib/prims.fst(408,17-408,23))
C:/build/agent1/_work/5/s/kremlin/kremlib/C.Loops.fst(69,8-69,13): (Warning 252) (Hint-replay failed): Subtyping check failed; expected type Prims.nat; got type Prims.int (see also C:/build/agent1/_work/5/s/FStar/ulib/prims.fst(408,17-408,23))
C:/build/agent1/_work/5/s/kremlin/kremlib/C.Loops.fst(92,8-92,19): (Warning 252) (Hint-replay failed): Subtyping check failed; expected type Prims.nat; got type Prims.int (see also C:/build/agent1/_work/5/s/FStar/ulib/prims.fst(408,17-408,23))
C:/build/agent1/_work/5/s/kremlin/kremlib/C.Loops.fst(118,8-118,25): (Warning 252) (Hint-replay failed): Subtyping check failed; expected type Prims.nat; got type Prims.int (see also C:/build/agent1/_work/5/s/FStar/ulib/prims.fst(408,17-408,23))
C:/build/agent1/_work/5/s/kremlin/kremlib/C.Loops.fst(190,8-190,33): (Warning 252) (Hint-replay failed): Subtyping check failed; expected type Prims.nat; got type Prims.int (see also C:/build/agent1/_work/5/s/FStar/ulib/prims.fst(408,17-408,23))
C:/build/agent1/_work/5/s/FStar/ulib/FStar.UInt.fst(52,28-52,36): (Warning 252) (Hint-replay failed): Subtyping check failed; expected type a: Type0{Prims.hasEq a}; got type Type0 (see also C:/build/agent1/_work/5/s/FStar/ulib/prims.fst(310,29-310,36))
C:/build/agent1/_work/5/s/kremlin/kremlib/C.Loops.fst(221,4-221,7): (Warning 252) (Hint-replay failed): Subtyping check failed; expected type a: Type0{Prims.hasEq a}; got type Type0 (see also C:/build/agent1/_work/5/s/FStar/ulib/prims.fst(310,29-310,36))
C:/build/agent1/_work/5/s/FStar/ulib/FStar.UInt.fst(52,28-52,36): (Warning 252) (Hint-replay failed): Subtyping check failed; expected type a: Type0{Prims.hasEq a}; got type Type0 (see also C:/build/agent1/_work/5/s/FStar/ulib/prims.fst(310,29-310,36))
C:/build/agent1/_work/5/s/kremlin/kremlib/C.Loops.fst(261,4-261,8): (Warning 252) (Hint-replay failed): Subtyping check failed; expected type a: Type0{Prims.hasEq a}; got type Type0 (see also C:/build/agent1/_work/5/s/FStar/ulib/prims.fst(310,29-310,36))
C:/build/agent1/_work/5/s/kremlin/kremlib/C.Loops.fst(296,15-296,22): (Warning 252) (Hint-replay failed): Subtyping check failed; expected type a: Type0{Prims.hasEq a}; got type Type0 (see also C:/build/agent1/_work/5/s/FStar/ulib/prims.fst(310,29-310,36))
C:/build/agent1/_work/5/s/kremlin/kremlib/C.Loops.fst(298,4-298,16): (Warning 252) (Hint-replay failed): Subtyping check failed; expected type a: Type0{Prims.hasEq a}; got type Type0 (see also C:/build/agent1/_work/5/s/FStar/ulib/prims.fst(310,29-310,36))
C:/build/agent1/_work/5/s/FStar/ulib/FStar.UInt.fst(52,28-52,36): (Warning 252) (Hint-replay failed): Subtyping check failed; expected type a: Type0{Prims.hasEq a}; got type Type0 (see also C:/build/agent1/_work/5/s/FStar/ulib/prims.fst(310,29-310,36))
C:/build/agent1/_work/5/s/kremlin/kremlib/C.Loops.fst(337,4-337,17): (Warning 252) (Hint-replay failed): Subtyping check failed; expected type a: Type0{Prims.hasEq a}; got type Type0 (see also C:/build/agent1/_work/5/s/FStar/ulib/prims.fst(310,29-310,36))
C:/build/agent1/_work/5/s/kremlin/kremlib/C.Loops.fst(372,69-372,75): (Warning 252) (Hint-replay failed): Subtyping check failed; expected type a: Type0{Prims.hasEq a}; got type Type0 (see also C:/build/agent1/_work/5/s/FStar/ulib/prims.fst(310,29-310,36))
C:/build/agent1/_work/5/s/kremlin/kremlib/C.Loops.fst(388,4-388,10): (Warning 252) (Hint-replay failed): Subtyping check failed; expected type a: Type0{Prims.hasEq a}; got type Type0 (see also C:/build/agent1/_work/5/s/FStar/ulib/prims.fst(310,29-310,36))
C:/build/agent1/_work/5/s/kremlin/kremlib/C.Loops.fst(415,96-415,102): (Warning 252) (Hint-replay failed): Subtyping check failed; expected type a: Type0{Prims.hasEq a}; got type Type0 (see also C:/build/agent1/_work/5/s/FStar/ulib/prims.fst(310,29-310,36))
C:/build/agent1/_work/5/s/kremlin/kremlib/C.Loops.fst(430,4-430,16): (Warning 252) (Hint-replay failed): Subtyping check failed; expected type a: Type0{Prims.hasEq a}; got type Type0 (see also C:/build/agent1/_work/5/s/FStar/ulib/prims.fst(310,29-310,36))
C:/build/agent1/_work/5/s/mitls-fstar/src/lowparse/LowParse.Spec.VLData.fst(40,5-40,27): (Warning 252) (Hint-replay failed): Subtyping check failed; expected type a: Type0{Prims.hasEq a}; got type Type0 (see also C:/build/agent1/_work/5/s/FStar/ulib/prims.fst(310,29-310,36))
C:/build/agent1/_work/5/s/mitls-fstar/src/lowparse/LowParse.Spec.VLData.fst(44,33-44,47): (Warning 252) Subtyping check failed; expected type FStar.UInt.uint_t FStar.UInt32.n; got type Prims.nat (see also C:/build/agent1/_work/5/s/FStar/ulib/FStar.UInt.fst(52,28-52,36))
C:/build/agent1/_work/5/s/mitls-fstar/src/lowparse/LowParse.Spec.VLData.fst(44,33-44,47): (Warning 252) Subtyping check failed; expected type FStar.UInt.uint_t FStar.UInt32.n; got type Prims.nat (see also C:/build/agent1/_work/5/s/FStar/ulib/FStar.UInt.fst(52,28-52,36))
C:/build/agent1/_work/5/s/mitls-fstar/src/lowparse/LowParse.Spec.VLData.fst(137,24-137,59): (Warning 252) (Hint-replay failed): Subtyping check failed; expected type Prims.nat; got type Prims.int (see also C:/build/agent1/_work/5/s/FStar/ulib/prims.fst(408,17-408,23))
C:/build/agent1/_work/5/s/mitls-fstar/src/lowparse/LowParse.Spec.VLData.fst(277,21-277,40): (Warning 252) (Hint-replay failed): Subtyping check failed; expected type Prims.nat; got type Prims.int (see also C:/build/agent1/_work/5/s/FStar/ulib/prims.fst(408,17-408,23))
C:/build/agent1/_work/5/s/mitls-fstar/src/lowparse/LowParse.Spec.VLData.fst(445,2-448,2): (Warning 252) (Hint-replay failed): assertion failed (see also C:/build/agent1/_work/5/s/mitls-fstar/src/lowparse/LowParse.Spec.VLData.fst(457,9-457,60))
C:/build/agent1/_work/5/s/mitls-fstar/src/lowparse/LowParse.Spec.VLData.fst(641,2-644,2): (Warning 252) (Hint-replay failed): assertion failed (see also C:/build/agent1/_work/5/s/mitls-fstar/src/lowparse/LowParse.Spec.VLData.fst(656,9-656,22))
C:/build/agent1/_work/5/s/mitls-fstar/src/lowparse/LowParse.Spec.VLData.fst(676,2-677,2): (Warning 252) (Hint-replay failed): assertion failed (see also C:/build/agent1/_work/5/s/mitls-fstar/src/lowparse/LowParse.Spec.VLData.fst(275,13-275,23))
C:/build/agent1/_work/5/s/FStar/ulib/FStar.UInt.fst(52,24-52,27): (Warning 252) (Hint-replay failed): Subtyping check failed; expected type a: Type0{Prims.hasEq a}; got type Type0 (see also C:/build/agent1/_work/5/s/FStar/ulib/prims.fst(310,29-310,36))
C:/build/agent1/_work/5/s/FStar/ulib/FStar.UInt.fst(52,24-52,27): (Warning 252) (Hint-replay failed): Subtyping check failed; expected type a: Type0{Prims.hasEq a}; got type Type0 (see also C:/build/agent1/_work/5/s/FStar/ulib/prims.fst(310,29-310,36))
C:/build/agent1/_work/5/s/hacl-star/secure_api/utils/Buffer.Utils.fst(74,29-74,30): (Warning 252) (Hint-replay failed): Subtyping check failed; expected type i: Prims.nat{i < FStar.Buffer.length b}; got type Prims.int (see also C:/build/agent1/_work/5/s/FStar/ulib/FStar.Buffer.fst(71,33-71,45))
C:/build/agent1/_work/5/s/hacl-star/secure_api/utils/Buffer.Utils.fst(83,12-83,27): (Warning 252) (Hint-replay failed): Subtyping check failed; expected type a: Type0{Prims.hasEq a}; got type Type0 (see also C:/build/agent1/_work/5/s/FStar/ulib/prims.fst(310,29-310,36))
C:/build/agent1/_work/5/s/hacl-star/secure_api/utils/Buffer.Utils.fst(118,15-118,30): (Warning 252) (Hint-replay failed): Subtyping check failed; expected type a: Type0{Prims.hasEq a}; got type Type0 (see also C:/build/agent1/_work/5/s/FStar/ulib/prims.fst(310,29-310,36))
C:/build/agent1/_work/5/s/hacl-star/secure_api/utils/Buffer.Utils.fst(155,27-155,28): (Warning 252) (Hint-replay failed): Subtyping check failed; expected type i: Prims.nat{i < FStar.Buffer.length output}; got type Prims.int (see also C:/build/agent1/_work/5/s/FStar/ulib/FStar.Buffer.fst(71,33-71,45))
C:/build/agent1/_work/5/s/hacl-star/secure_api/utils/Buffer.Utils.fst(160,2-160,33): (Warning 252) (Hint-replay failed): assertion failed (see also C:/build/agent1/_work/5/s/FStar/ulib/FStar.Buffer.fst(1128,34-1128,48))
C:/build/agent1/_work/5/s/hacl-star/secure_api/utils/Buffer.Utils.fst(175,40-175,47): (Warning 252) (Hint-replay failed): Subtyping check failed; expected type Prims.nat; got type FStar.UInt.uint_t FStar.UInt32.n (see also C:/build/agent1/_work/5/s/FStar/ulib/prims.fst(408,17-408,23))
C:/build/agent1/_work/5/s/hacl-star/secure_api/utils/Buffer.Utils.fst(179,88-179,89): (Warning 252) (Hint-replay failed): Subtyping check failed; expected type i: Prims.nat{i < FStar.Seq.Base.length (FStar.Buffer.as_seq h1 b)}; got type j: Prims.nat{j < i} (see also C:/build/agent1/_work/5/s/FStar/ulib/FStar.Seq.Base.fst(30,49-30,61))
C:/build/agent1/_work/5/s/mitls-fstar/src/lowparse/LowParse.Spec.Bytes.fst(124,63-124,78): (Warning 252) (Hint-replay failed): Subtyping check failed; expected type LowParse.Spec.Base.parser_kind; got type LowParse.Spec.Base.parser_kind' (see also C:/build/agent1/_work/5/s/mitls-fstar/src/lowparse/LowParse.Spec.Base.fst(391,31-391,78))
C:/build/agent1/_work/5/s/mitls-fstar/src/lowparse/LowParse.Spec.Bytes.fst(148,96-148,111): (Warning 252) (Hint-replay failed): Subtyping check failed; expected type LowParse.Spec.Base.parser_kind; got type LowParse.Spec.Base.parser_kind' (see also C:/build/agent1/_work/5/s/mitls-fstar/src/lowparse/LowParse.Spec.Base.fst(391,31-391,78))
C:/build/agent1/_work/5/s/mitls-fstar/src/lowparse/LowParse.Spec.Bytes.fst(168,51-168,66): (Warning 252) (Hint-replay failed): Subtyping check failed; expected type LowParse.Spec.Base.parser_kind; got type LowParse.Spec.Base.parser_kind' (see also C:/build/agent1/_work/5/s/mitls-fstar/src/lowparse/LowParse.Spec.Base.fst(391,31-391,78))
C:/build/agent1/_work/5/s/mitls-fstar/src/lowparse/LowParse.Spec.Bytes.fst(176,15-176,37): (Warning 252) (Hint-replay failed): Subtyping check failed; expected type LowParse.Spec.Base.parser_kind; got type LowParse.Spec.Base.parser_kind' (see also C:/build/agent1/_work/5/s/mitls-fstar/src/lowparse/LowParse.Spec.Base.fst(391,31-391,78))
C:/build/agent1/_work/5/s/mitls-fstar/src/lowparse/LowParse.Spec.Bytes.fst(181,2-182,2): (Warning 252) (Hint-replay failed): assertion failed (see also C:/build/agent1/_work/5/s/mitls-fstar/src/lowparse/LowParse.Spec.VLData.fst(275,13-275,23))
C:/build/agent1/_work/5/s/mitls-fstar/src/lowparse/LowParse.Spec.Bytes.fst(189,5-189,27): (Warning 252) (Hint-replay failed): Subtyping check failed; expected type LowParse.Spec.Base.parser_kind; got type LowParse.Spec.Base.parser_kind' (see also C:/build/agent1/_work/5/s/mitls-fstar/src/lowparse/LowParse.Spec.Base.fst(391,31-391,78))
C:/build/agent1/_work/5/s/mitls-fstar/src/lowparse/LowParse.SLow.VLData.fst(195,11-195,13): (Warning 252) (Hint-replay failed): Subtyping check failed; expected type LowParse.Spec.VLData.parse_bounded_vldata_strong_t min max s; got type t (see also C:/build/agent1/_work/5/s/mitls-fstar/src/lowparse/LowParse.Spec.VLData.fst(431,10-431,54))
C:/build/agent1/_work/5/s/mitls-fstar/src/lowparse/LowParse.SLow.VLData.fst(227,21-227,23): (Warning 252) (Hint-replay failed): Subtyping check failed; expected type LowParse.Spec.VLData.parse_bounded_vldata_strong_t min max s; got type t (see also C:/build/agent1/_work/5/s/mitls-fstar/src/lowparse/LowParse.Spec.VLData.fst(431,10-431,54))
C:/build/agent1/_work/5/s/mitls-fstar/src/lowparse/LowParse.SLow.VLData.fst(332,14-332,21): (Warning 252) (Hint-replay failed): Subtyping check failed; expected type a: Type0{Prims.hasEq a}; got type Type0 (see also C:/build/agent1/_work/5/s/FStar/ulib/prims.fst(310,29-310,36))
C:/build/agent1/_work/5/s/mitls-fstar/src/lowparse/LowParse.SLow.VLData.fst(363,2-364,2): (Warning 252) (Hint-replay failed): assertion failed (see also C:/build/agent1/_work/5/s/mitls-fstar/src/lowparse/LowParse.SLow.VLData.fst(369,20-369,36))
TLSConstants.fst(33,37-33,39): (Warning 252) (Hint-replay failed): Subtyping check failed; expected type al: Prims.list a {%[ al ] << %[ al ]}; got type Prims.list a (see also TLSConstants.fst(29,34-30,4))
C:/build/agent1/_work/5/s/FStar/ulib/FStar.Bytes.fsti(40,16-40,20): (Warning 252) (Hint-replay failed): Subtyping check failed; expected type a: Type0{Prims.hasEq a}; got type Type0 (see also C:/build/agent1/_work/5/s/FStar/ulib/prims.fst(310,29-310,36))
TLSConstants.fst(105,4-105,27): (Warning 252) (Hint-replay failed): Subtyping check failed; expected type a: Type0{Prims.hasEq a}; got type Type0 (see also C:/build/agent1/_work/5/s/FStar/ulib/prims.fst(313,29-313,36))
TLSConstants.fst(219,4-219,12): (Warning 252) (Hint-replay failed): Subtyping check failed; expected type a: Type0{Prims.hasEq a}; got type Type0 (see also C:/build/agent1/_work/5/s/FStar/ulib/prims.fst(313,29-313,36))
TLSConstants.fst(290,14-290,26): (Warning 252) (Hint-replay failed): Subtyping check failed; expected type Prims.nat; got type FStar.UInt.uint_t 32 (see also C:/build/agent1/_work/5/s/FStar/ulib/prims.fst(408,17-408,23))
TLSConstants.fst(290,14-290,26): (Warning 252) (Hint-replay failed): Subtyping check failed; expected type Prims.nat; got type FStar.UInt.uint_t FStar.UInt32.n (see also C:/build/agent1/_work/5/s/FStar/ulib/prims.fst(408,17-408,23))
TLSConstants.fst(289,19-297,39): (Warning 252) (Hint-replay failed): Failed to prove that the type 'TLSConstants.signatureScheme' supports decidable equality because of this argument; add either the 'noeq' or 'unopteq' qualifier (see also TLSConstants.fst(265,0-297,39))
TLSConstants.fst(290,14-290,26): (Warning 252) (Hint-replay failed): Subtyping check failed; expected type Prims.nat; got type FStar.UInt.uint_t FStar.UInt32.n (see also C:/build/agent1/_work/5/s/FStar/ulib/prims.fst(408,17-408,23))
TLSConstants.fst(330,4-330,15): (Warning 252) (Hint-replay failed): Subtyping check failed; expected type a: Type0{Prims.hasEq a}; got type Type0 (see also C:/build/agent1/_work/5/s/FStar/ulib/prims.fst(313,29-313,36))
C:/build/agent1/_work/5/s/FStar/ulib/FStar.Bytes.fsti(40,16-40,20): (Warning 252) (Hint-replay failed): Subtyping check failed; expected type a: Type0{Prims.hasEq a}; got type Type0 (see also C:/build/agent1/_work/5/s/FStar/ulib/prims.fst(313,29-313,36))
TLSConstants.fst(438,4-438,22): (Warning 252) (Hint-replay failed): Subtyping check failed; expected type a: Type0{Prims.hasEq a}; got type Type0 (see also C:/build/agent1/_work/5/s/FStar/ulib/prims.fst(313,29-313,36))
TLSConstants.fst(462,8-462,25): (Warning 252) (Hint-replay failed): Subtyping check failed; expected type a: Type0{Prims.hasEq a}; got type Type0 (see also C:/build/agent1/_work/5/s/FStar/ulib/prims.fst(310,29-310,36))
TLSConstants.fst(822,59-822,60): (Warning 252) (Hint-replay failed): Subtyping check failed; expected type c: TLSConstants.cipherSuite{TLSConstants.validCipherSuite c}; got type TLSConstants.cipherSuite (see also TLSConstants.fst(696,65-696,83))
TLSConstants.fst(859,33-859,35): (Warning 252) (Hint-replay failed): Subtyping check failed; expected type b: FStar.Bytes.bytes{%[ FStar.Bytes.length b ] << %[ FStar.Bytes.length b ]}; got type FStar.Bytes.bytes (see also TLSConstants.fst(857,2-867,5))
C:/build/agent1/_work/5/s/mitls-fstar/src/lowparse/LowParse.Spec.Array.fst(42,30-42,44): (Warning 252) (Hint-replay failed): Subtyping check failed; expected type LowParse.Spec.Base.parser_kind; got type LowParse.Spec.Base.parser_kind' (see also C:/build/agent1/_work/5/s/mitls-fstar/src/lowparse/LowParse.Spec.Base.fst(391,31-391,78))
C:/build/agent1/_work/5/s/mitls-fstar/src/lowparse/LowParse.Spec.Array.fst(67,29-67,43): (Warning 252) (Hint-replay failed): Subtyping check failed; expected type LowParse.Spec.Base.parser_kind; got type LowParse.Spec.Base.parser_kind' (see also C:/build/agent1/_work/5/s/mitls-fstar/src/lowparse/LowParse.Spec.Base.fst(391,31-391,78))
C:/build/agent1/_work/5/s/mitls-fstar/src/lowparse/LowParse.Spec.Array.fst(86,18-86,39): (Warning 252) (Hint-replay failed): Subtyping check failed; expected type LowParse.Spec.Base.parser_kind; got type LowParse.Spec.Base.parser_kind' (see also C:/build/agent1/_work/5/s/mitls-fstar/src/lowparse/LowParse.Spec.Base.fst(391,31-391,78))
C:/build/agent1/_work/5/s/mitls-fstar/src/lowparse/LowParse.Spec.Array.fst(106,2-106,21): (Warning 252) (Hint-replay failed): Subtyping check failed; expected type LowParse.Spec.Base.parser_kind; got type LowParse.Spec.Base.parser_kind' (see also C:/build/agent1/_work/5/s/mitls-fstar/src/lowparse/LowParse.Spec.Base.fst(391,31-391,78))
C:/build/agent1/_work/5/s/mitls-fstar/src/lowparse/LowParse.Spec.Array.fst(122,30-122,44): (Warning 252) (Hint-replay failed): Subtyping check failed; expected type LowParse.Spec.Base.parser_kind; got type LowParse.Spec.Base.parser_kind' (see also C:/build/agent1/_work/5/s/mitls-fstar/src/lowparse/LowParse.Spec.Base.fst(391,31-391,78))
C:/build/agent1/_work/5/s/mitls-fstar/src/lowparse/LowParse.Spec.Array.fst(139,30-139,44): (Warning 252) (Hint-replay failed): Subtyping check failed; expected type LowParse.Spec.Base.parser_kind; got type LowParse.Spec.Base.parser_kind' (see also C:/build/agent1/_work/5/s/mitls-fstar/src/lowparse/LowParse.Spec.Base.fst(391,31-391,78))
C:/build/agent1/_work/5/s/mitls-fstar/src/lowparse/LowParse.Spec.Array.fst(177,5-177,28): (Warning 252) (Hint-replay failed): Subtyping check failed; expected type LowParse.Spec.Base.parser_kind; got type LowParse.Spec.Base.parser_kind' (see also C:/build/agent1/_work/5/s/mitls-fstar/src/lowparse/LowParse.Spec.Base.fst(391,31-391,78))
C:/build/agent1/_work/5/s/mitls-fstar/src/lowparse/LowParse.Spec.Array.fst(225,78-225,92): (Warning 252) (Hint-replay failed): Subtyping check failed; expected type LowParse.Spec.Base.parser_kind; got type LowParse.Spec.Base.parser_kind' (see also C:/build/agent1/_work/5/s/mitls-fstar/src/lowparse/LowParse.Spec.Base.fst(391,31-391,78))
C:/build/agent1/_work/5/s/mitls-fstar/src/lowparse/LowParse.Spec.Array.fst(254,77-254,91): (Warning 252) (Hint-replay failed): Subtyping check failed; expected type LowParse.Spec.Base.parser_kind; got type LowParse.Spec.Base.parser_kind' (see also C:/build/agent1/_work/5/s/mitls-fstar/src/lowparse/LowParse.Spec.Base.fst(391,31-391,78))
C:/build/agent1/_work/5/s/mitls-fstar/src/lowparse/LowParse.Spec.Array.fst(275,18-275,47): (Warning 252) (Hint-replay failed): Subtyping check failed; expected type LowParse.Spec.Base.parser_kind; got type LowParse.Spec.Base.parser_kind' (see also C:/build/agent1/_work/5/s/mitls-fstar/src/lowparse/LowParse.Spec.Base.fst(391,31-391,78))
C:/build/agent1/_work/5/s/mitls-fstar/src/lowparse/LowParse.Spec.Array.fst(295,2-295,29): (Warning 252) (Hint-replay failed): Subtyping check failed; expected type LowParse.Spec.Base.parser_kind; got type LowParse.Spec.Base.parser_kind' (see also C:/build/agent1/_work/5/s/mitls-fstar/src/lowparse/LowParse.Spec.Base.fst(391,31-391,78))
C:/build/agent1/_work/5/s/mitls-fstar/src/lowparse/LowParse.Spec.Array.fst(315,78-315,92): (Warning 252) (Hint-replay failed): Subtyping check failed; expected type LowParse.Spec.Base.parser_kind; got type LowParse.Spec.Base.parser_kind' (see also C:/build/agent1/_work/5/s/mitls-fstar/src/lowparse/LowParse.Spec.Base.fst(391,31-391,78))
C:/build/agent1/_work/5/s/mitls-fstar/src/lowparse/LowParse.Spec.Array.fst(338,78-338,92): (Warning 252) (Hint-replay failed): Subtyping check failed; expected type LowParse.Spec.Base.parser_kind; got type LowParse.Spec.Base.parser_kind' (see also C:/build/agent1/_work/5/s/mitls-fstar/src/lowparse/LowParse.Spec.Base.fst(391,31-391,78))
C:/build/agent1/_work/5/s/mitls-fstar/src/lowparse/LowParse.Spec.Array.fst(382,5-382,36): (Warning 252) (Hint-replay failed): Subtyping check failed; expected type LowParse.Spec.Base.parser_kind; got type LowParse.Spec.Base.parser_kind' (see also C:/build/agent1/_work/5/s/mitls-fstar/src/lowparse/LowParse.Spec.Base.fst(391,31-391,78))
C:/build/agent1/_work/5/s/mitls-fstar/src/lowparse/LowParse.SLow.Bytes.fst(49,62-49,77): (Warning 252) (Hint-replay failed): Subtyping check failed; expected type LowParse.Spec.Base.parser_kind; got type LowParse.Spec.Base.parser_kind' (see also C:/build/agent1/_work/5/s/mitls-fstar/src/lowparse/LowParse.Spec.Base.fst(391,31-391,78))
C:/build/agent1/_work/5/s/mitls-fstar/src/lowparse/LowParse.SLow.Bytes.fst(55,49-55,68): (Warning 252) (Hint-replay failed): Subtyping check failed; expected type LowParse.Spec.Base.parser_kind; got type LowParse.Spec.Base.parser_kind' (see also C:/build/agent1/_work/5/s/mitls-fstar/src/lowparse/LowParse.Spec.Base.fst(391,31-391,78))
C:/build/agent1/_work/5/s/mitls-fstar/src/lowparse/LowParse.SLow.Bytes.fst(63,2-64,2): (Warning 252) (Hint-replay failed): assertion failed (see also C:/build/agent1/_work/5/s/mitls-fstar/src/lowparse/LowParse.Spec.VLData.fst(275,13-275,23))
C:/build/agent1/_work/5/s/mitls-fstar/src/lowparse/LowParse.SLow.Bytes.fst(82,5-82,20): (Warning 252) (Hint-replay failed): Subtyping check failed; expected type LowParse.Spec.Base.parser_kind; got type LowParse.Spec.Base.parser_kind' (see also C:/build/agent1/_work/5/s/mitls-fstar/src/lowparse/LowParse.Spec.Base.fst(391,31-391,78))
C:/build/agent1/_work/5/s/mitls-fstar/src/lowparse/LowParse.SLow.Bytes.fst(94,40-94,59): (Warning 252) (Hint-replay failed): Subtyping check failed; expected type LowParse.Spec.Base.parser_kind; got type LowParse.Spec.Base.parser_kind' (see also C:/build/agent1/_work/5/s/mitls-fstar/src/lowparse/LowParse.Spec.Base.fst(391,31-391,78))
C:/build/agent1/_work/5/s/mitls-fstar/src/lowparse/LowParse.SLow.Bytes.fst(108,5-108,20): (Warning 252) (Hint-replay failed): Subtyping check failed; expected type LowParse.Spec.Base.parser_kind; got type LowParse.Spec.Base.parser_kind' (see also C:/build/agent1/_work/5/s/mitls-fstar/src/lowparse/LowParse.Spec.Base.fst(391,31-391,78))
C:/build/agent1/_work/5/s/mitls-fstar/src/lowparse/LowParse.SLow.Array.fst(28,14-28,29): (Warning 252) (Hint-replay failed): Subtyping check failed; expected type LowParse.Spec.Base.parser_kind; got type LowParse.Spec.Base.parser_kind' (see also C:/build/agent1/_work/5/s/mitls-fstar/src/lowparse/LowParse.Spec.Base.fst(391,31-391,78))
C:/build/agent1/_work/5/s/mitls-fstar/src/lowparse/LowParse.SLow.Array.fst(60,5-60,30): (Warning 252) (Hint-replay failed): Subtyping check failed; expected type LowParse.Spec.Base.parser_kind; got type LowParse.Spec.Base.parser_kind' (see also C:/build/agent1/_work/5/s/mitls-fstar/src/lowparse/LowParse.Spec.Base.fst(391,31-391,78))
C:/build/agent1/_work/5/s/mitls-fstar/src/lowparse/LowParse.SLow.Array.fst(92,14-92,31): (Warning 252) (Hint-replay failed): Subtyping check failed; expected type LowParse.Spec.Base.parser_kind; got type LowParse.Spec.Base.parser_kind' (see also C:/build/agent1/_work/5/s/mitls-fstar/src/lowparse/LowParse.Spec.Base.fst(391,31-391,78))
C:/build/agent1/_work/5/s/mitls-fstar/src/lowparse/LowParse.SLow.Array.fst(130,5-130,38): (Warning 252) (Hint-replay failed): Subtyping check failed; expected type LowParse.Spec.Base.parser_kind; got type LowParse.Spec.Base.parser_kind' (see also C:/build/agent1/_work/5/s/mitls-fstar/src/lowparse/LowParse.Spec.Base.fst(391,31-391,78))
C:/build/agent1/_work/5/s/mitls-fstar/src/lowparse/LowParse.SLow.Array.fst(167,5-167,33): (Warning 252) (Hint-replay failed): Subtyping check failed; expected type LowParse.Spec.Base.parser_kind; got type LowParse.Spec.Base.parser_kind' (see also C:/build/agent1/_work/5/s/mitls-fstar/src/lowparse/LowParse.Spec.Base.fst(391,31-391,78))
Nonce.fst(31,27-31,14): (Warning 252) (Hint-replay failed): Subtyping check failed; expected type a: Type0{Prims.hasEq a}; got type Type0 (see also C:/build/agent1/_work/5/s/FStar/ulib/prims.fst(313,29-313,36))
Nonce.fst(53,46-53,52): (Warning 252) (Hint-replay failed): Subtyping check failed; expected type Prims.eqtype; got type Type0 (see also C:/build/agent1/_work/5/s/FStar/ulib/prims.fst(27,21-27,28))
Nonce.fst(57,43-57,49): (Warning 252) (Hint-replay failed): Subtyping check failed; expected type Prims.eqtype; got type Type0 (see also C:/build/agent1/_work/5/s/FStar/ulib/prims.fst(27,21-27,28))
Nonce.fst(61,31-61,37): (Warning 252) (Hint-replay failed): Subtyping check failed; expected type Prims.eqtype; got type Type0 (see also C:/build/agent1/_work/5/s/FStar/ulib/prims.fst(27,21-27,28))
Nonce.fst(67,30-67,45): (Warning 252) (Hint-replay failed): Subtyping check failed; expected type Prims.eqtype; got type Type0 (see also C:/build/agent1/_work/5/s/FStar/ulib/prims.fst(27,21-27,28))
Nonce.fst(74,18-74,33): (Warning 252) (Hint-replay failed): Subtyping check failed; expected type Prims.eqtype; got type Type0 (see also C:/build/agent1/_work/5/s/FStar/ulib/prims.fst(27,21-27,28))
Nonce.fst(89,36-89,51): (Warning 252) (Hint-replay failed): Subtyping check failed; expected type Prims.eqtype; got type Type0 (see also C:/build/agent1/_work/5/s/FStar/ulib/prims.fst(27,21-27,28))
Nonce.fst(97,2-105,8): (Warning 252) (Hint-replay failed): assertion failed (see also C:/build/agent1/_work/5/s/FStar/ulib/FStar.Bytes.fsti(138,19-138,60))
Nonce.fst(118,31-118,46): (Warning 252) (Hint-replay failed): Subtyping check failed; expected type Prims.eqtype; got type Type0 (see also C:/build/agent1/_work/5/s/FStar/ulib/prims.fst(27,21-27,28))
PSK.fst(24,36-24,44): (Warning 252) (Hint-replay failed): Subtyping check failed; expected type Prims.eqtype; got type Type0 (see also C:/build/agent1/_work/5/s/FStar/ulib/prims.fst(27,21-27,28))
PSK.fst(34,6-34,11): (Warning 252) (Hint-replay failed): assertion failed (see also C:/build/agent1/_work/5/s/FStar/ulib/FStar.Monotonic.DependentMap.fsti(157,27-157,75))
PSK.fst(72,54-72,68): (Warning 252) (Hint-replay failed): Subtyping check failed; expected type Prims.eqtype; got type Type0 (see also C:/build/agent1/_work/5/s/FStar/ulib/prims.fst(27,21-27,28))
PSK.fst(78,45-78,59): (Warning 252) (Hint-replay failed): Subtyping check failed; expected type Prims.eqtype; got type Type0 (see also C:/build/agent1/_work/5/s/FStar/ulib/prims.fst(27,21-27,28))
PSK.fst(82,25-82,38): (Warning 252) (Hint-replay failed): Subtyping check failed; expected type Prims.eqtype; got type Type0 (see also C:/build/agent1/_work/5/s/FStar/ulib/prims.fst(27,21-27,28))
PSK.fst(85,17-85,23): (Warning 252) (Hint-replay failed): Subtyping check failed; expected type Prims.eqtype; got type Type0 (see also C:/build/agent1/_work/5/s/FStar/ulib/prims.fst(27,21-27,28))
PSK.fst(95,9-95,22): (Warning 252) (Hint-replay failed): Subtyping check failed; expected type Prims.eqtype; got type Type0 (see also C:/build/agent1/_work/5/s/FStar/ulib/prims.fst(27,21-27,28))
PSK.fst(104,9-104,22): (Warning 252) (Hint-replay failed): Subtyping check failed; expected type Prims.eqtype; got type Type0 (see also C:/build/agent1/_work/5/s/FStar/ulib/prims.fst(27,21-27,28))
PSK.fst(115,9-115,22): (Warning 252) (Hint-replay failed): Subtyping check failed; expected type Prims.eqtype; got type Type0 (see also C:/build/agent1/_work/5/s/FStar/ulib/prims.fst(27,21-27,28))
PSK.fst(124,15-124,28): (Warning 252) (Hint-replay failed): Subtyping check failed; expected type Prims.eqtype; got type Type0 (see also C:/build/agent1/_work/5/s/FStar/ulib/prims.fst(27,21-27,28))
PSK.fst(134,14-134,27): (Warning 252) (Hint-replay failed): Subtyping check failed; expected type Prims.eqtype; got type Type0 (see also C:/build/agent1/_work/5/s/FStar/ulib/prims.fst(27,21-27,28))
PSK.fst(137,19-137,32): (Warning 252) (Hint-replay failed): Subtyping check failed; expected type Prims.eqtype; got type Type0 (see also C:/build/agent1/_work/5/s/FStar/ulib/prims.fst(27,21-27,28))
PSK.fst(154,21-154,23): (Warning 252) (Hint-replay failed): Subtyping check failed; expected type a: Type0{Prims.hasEq a}; got type Type0 (see also C:/build/agent1/_work/5/s/FStar/ulib/prims.fst(310,29-310,36))
PSK.fst(166,4-173,2): (Warning 252) (Hint-replay failed): assertion failed (see also PSK.fst(178,5-178,53))
PSK.fst(182,15-182,28): (Warning 252) (Hint-replay failed): Subtyping check failed; expected type Prims.eqtype; got type Type0 (see also C:/build/agent1/_work/5/s/FStar/ulib/prims.fst(27,21-27,28))
PSK.fst(190,15-190,28): (Warning 252) (Hint-replay failed): Subtyping check failed; expected type Prims.eqtype; got type Type0 (see also C:/build/agent1/_work/5/s/FStar/ulib/prims.fst(27,21-27,28))
PSK.fst(201,9-201,22): (Warning 252) (Hint-replay failed): Subtyping check failed; expected type Prims.eqtype; got type Type0 (see also C:/build/agent1/_work/5/s/FStar/ulib/prims.fst(27,21-27,28))
PSK.fst(245,18-245,26): (Warning 252) (Hint-replay failed): Subtyping check failed; expected type a: Type0{Prims.hasEq a}; got type Type0 (see also C:/build/agent1/_work/5/s/FStar/ulib/prims.fst(310,29-310,36))
C:/build/agent1/_work/5/s/FStar/ulib/FStar.UInt.fst(52,24-52,27): (Warning 252) (Hint-replay failed): Subtyping check failed; expected type a: Type0{Prims.hasEq a}; got type Type0 (see also C:/build/agent1/_work/5/s/FStar/ulib/prims.fst(310,29-310,36))
C:/build/agent1/_work/5/s/FStar/ulib/FStar.UInt.fst(52,24-52,27): (Warning 252) (Hint-replay failed): Subtyping check failed; expected type a: Type0{Prims.hasEq a}; got type Type0 (see also C:/build/agent1/_work/5/s/FStar/ulib/prims.fst(310,29-310,36))
Cert.fst(160,17-160,18): (Warning 252) (Hint-replay failed): Subtyping check failed; expected type a: Type0{Prims.hasEq a}; got type Type0 (see also C:/build/agent1/_work/5/s/FStar/ulib/prims.fst(310,29-310,36))
C:/build/agent1/_work/5/s/hacl-star/secure_api/utils/Crypto.Symmetric.Bytes.fst(67,49-67,52): (Warning 252) (Hint-replay failed): Subtyping check failed; expected type a: Type0{Prims.hasEq a}; got type Type0 (see also C:/build/agent1/_work/5/s/FStar/ulib/prims.fst(310,29-310,36))
C:/build/agent1/_work/5/s/hacl-star/secure_api/utils/Crypto.Symmetric.Bytes.fst(76,4-76,13): (Warning 252) (Hint-replay failed): Subtyping check failed; expected type Prims.nat; got type FStar.UInt.uint_t FStar.UInt32.n (see also C:/build/agent1/_work/5/s/FStar/ulib/prims.fst(408,17-408,23))
C:/build/agent1/_work/5/s/hacl-star/secure_api/utils/Crypto.Symmetric.Bytes.fst(88,9-88,12): (Warning 252) (Hint-replay failed): Subtyping check failed; expected type a: Type0{Prims.hasEq a}; got type Type0 (see also C:/build/agent1/_work/5/s/FStar/ulib/prims.fst(310,29-310,36))
C:/build/agent1/_work/5/s/hacl-star/secure_api/utils/Crypto.Symmetric.Bytes.fst(293,5-293,8): (Warning 252) (Hint-replay failed): Subtyping check failed; expected type a: Type0{Prims.hasEq a}; got type Type0 (see also C:/build/agent1/_work/5/s/FStar/ulib/prims.fst(310,29-310,36))
C:/build/agent1/_work/5/s/hacl-star/secure_api/utils/Crypto.Symmetric.Bytes.fst(316,5-316,8): (Warning 252) (Hint-replay failed): Subtyping check failed; expected type a: Type0{Prims.hasEq a}; got type Type0 (see also C:/build/agent1/_work/5/s/FStar/ulib/prims.fst(310,29-310,36))
C:/build/agent1/_work/5/s/hacl-star/secure_api/utils/Crypto.Symmetric.Bytes.fst(333,5-333,8): (Warning 252) (Hint-replay failed): Subtyping check failed; expected type a: Type0{Prims.hasEq a}; got type Type0 (see also C:/build/agent1/_work/5/s/FStar/ulib/prims.fst(310,29-310,36))
C:/build/agent1/_work/5/s/hacl-star/secure_api/utils/Crypto.Symmetric.Bytes.fst(333,2-340,51): (Warning 252) assertion failed (see also C:/build/agent1/_work/5/s/FStar/ulib/FStar.UInt64.fst(84,12-84,32))
C:/build/agent1/_work/5/s/hacl-star/secure_api/utils/Crypto.Symmetric.Bytes.fst(333,2-340,51): (Warning 252) assertion failed (see also C:/build/agent1/_work/5/s/FStar/ulib/FStar.UInt64.fst(84,12-84,32))
C:/build/agent1/_work/5/s/hacl-star/secure_api/utils/Crypto.Symmetric.Bytes.fst(347,62-347,69): (Warning 252) (Hint-replay failed): Subtyping check failed; expected type Prims.nat; got type FStar.UInt.uint_t FStar.UInt32.n (see also C:/build/agent1/_work/5/s/FStar/ulib/prims.fst(408,17-408,23))
C:/build/agent1/_work/5/s/hacl-star/secure_api/utils/Crypto.Symmetric.Bytes.fst(353,5-353,8): (Warning 252) (Hint-replay failed): Subtyping check failed; expected type a: Type0{Prims.hasEq a}; got type Type0 (see also C:/build/agent1/_work/5/s/FStar/ulib/prims.fst(310,29-310,36))
C:/build/agent1/_work/5/s/hacl-star/secure_api/utils/Crypto.Symmetric.Bytes.fst(372,61-372,68): (Warning 252) (Hint-replay failed): Subtyping check failed; expected type Prims.nat; got type FStar.UInt.uint_t FStar.UInt32.n (see also C:/build/agent1/_work/5/s/FStar/ulib/prims.fst(408,17-408,23))
C:/build/agent1/_work/5/s/hacl-star/secure_api/utils/Crypto.Symmetric.Bytes.fst(378,5-378,8): (Warning 252) (Hint-replay failed): Subtyping check failed; expected type a: Type0{Prims.hasEq a}; got type Type0 (see also C:/build/agent1/_work/5/s/FStar/ulib/prims.fst(310,29-310,36))
C:/build/agent1/_work/5/s/hacl-star/secure_api/utils/Crypto.Symmetric.Bytes.fst(407,5-407,8): (Warning 252) (Hint-replay failed): Subtyping check failed; expected type a: Type0{Prims.hasEq a}; got type Type0 (see also C:/build/agent1/_work/5/s/FStar/ulib/prims.fst(313,29-313,36))
C:/build/agent1/_work/5/s/hacl-star/secure_api/utils/Crypto.Symmetric.Bytes.fst(427,5-427,8): (Warning 252) (Hint-replay failed): Subtyping check failed; expected type a: Type0{Prims.hasEq a}; got type Type0 (see also C:/build/agent1/_work/5/s/FStar/ulib/prims.fst(313,29-313,36))
C:/build/agent1/_work/5/s/hacl-star/secure_api/utils/Crypto.Symmetric.Bytes.fst(446,5-446,8): (Warning 252) (Hint-replay failed): Subtyping check failed; expected type a: Type0{Prims.hasEq a}; got type Type0 (see also C:/build/agent1/_work/5/s/FStar/ulib/prims.fst(310,29-310,36))
C:/build/agent1/_work/5/s/hacl-star/secure_api/utils/Crypto.Symmetric.Bytes.fst(471,5-471,8): (Warning 252) (Hint-replay failed): Subtyping check failed; expected type a: Type0{Prims.hasEq a}; got type Type0 (see also C:/build/agent1/_work/5/s/FStar/ulib/prims.fst(310,29-310,36))
C:/build/agent1/_work/5/s/hacl-star/secure_api/utils/Crypto.Symmetric.Bytes.fst(495,26-495,38): (Warning 252) (Hint-replay failed): Subtyping check failed; expected type Prims.nat; got type Prims.int (see also C:/build/agent1/_work/5/s/FStar/ulib/prims.fst(408,17-408,23))
C:/build/agent1/_work/5/s/hacl-star/secure_api/utils/Crypto.Symmetric.Bytes.fst(517,11-517,14): (Warning 252) (Hint-replay failed): Subtyping check failed; expected type a: Type0{Prims.hasEq a}; got type Type0 (see also C:/build/agent1/_work/5/s/FStar/ulib/prims.fst(310,29-310,36))
C:/build/agent1/_work/5/s/hacl-star/secure_api/utils/Crypto.Symmetric.Bytes.fst(533,44-533,51): (Warning 252) (Hint-replay failed): Subtyping check failed; expected type Prims.nat; got type FStar.UInt.uint_t FStar.UInt32.n (see also C:/build/agent1/_work/5/s/FStar/ulib/prims.fst(408,17-408,23))
C:/build/agent1/_work/5/s/hacl-star/secure_api/utils/Crypto.Symmetric.Bytes.fst(540,5-540,8): (Warning 252) (Hint-replay failed): Subtyping check failed; expected type a: Type0{Prims.hasEq a}; got type Type0 (see also C:/build/agent1/_work/5/s/FStar/ulib/prims.fst(313,29-313,36))
C:/build/agent1/_work/5/s/hacl-star/secure_api/utils/Crypto.Symmetric.Bytes.fst(553,44-553,51): (Warning 252) (Hint-replay failed): Subtyping check failed; expected type Prims.nat; got type FStar.UInt.uint_t FStar.UInt32.n (see also C:/build/agent1/_work/5/s/FStar/ulib/prims.fst(408,17-408,23))
C:/build/agent1/_work/5/s/hacl-star/secure_api/utils/Crypto.Symmetric.Bytes.fst(560,5-560,8): (Warning 252) (Hint-replay failed): Subtyping check failed; expected type a: Type0{Prims.hasEq a}; got type Type0 (see also C:/build/agent1/_work/5/s/FStar/ulib/prims.fst(313,29-313,36))
C:/build/agent1/_work/5/s/hacl-star/secure_api/utils/Crypto.Symmetric.Bytes.fst(586,12-586,21): (Warning 252) (Hint-replay failed): Subtyping check failed; expected type a: Type0{Prims.hasEq a}; got type Type0 (see also C:/build/agent1/_work/5/s/FStar/ulib/prims.fst(310,29-310,36))
C:/build/agent1/_work/5/s/FStar/ulib/prims.fst(408,13-408,16): (Warning 252) (Hint-replay failed): Subtyping check failed; expected type a: Type0{Prims.hasEq a}; got type Type0 (see also C:/build/agent1/_work/5/s/FStar/ulib/prims.fst(310,29-310,36))
C:/build/agent1/_work/5/s/hacl-star/secure_api/utils/Crypto.Symmetric.Bytes.fst(600,2-600,23): (Warning 252) (Hint-replay failed): assertion failed (see also C:/build/agent1/_work/5/s/FStar/ulib/FStar.Seq.Base.fst(214,16-214,37))
C:/build/agent1/_work/5/s/hacl-star/secure_api/utils/Crypto.Symmetric.Bytes.fst(619,13-619,14): (Warning 252) (Hint-replay failed): Subtyping check failed; expected type a: Type0{Prims.hasEq a}; got type Type0 (see also C:/build/agent1/_work/5/s/FStar/ulib/prims.fst(310,29-310,36))
C:/build/agent1/_work/5/s/hacl-star/secure_api/utils/Crypto.Symmetric.Bytes.fst(621,2-623,28): (Warning 252) (Hint-replay failed): assertion failed (see also C:/build/agent1/_work/5/s/FStar/ulib/FStar.Math.Lemmas.fst(267,31-267,44))
C:/build/agent1/_work/5/s/hacl-star/secure_api/utils/Crypto.Symmetric.Bytes.fst(640,12-640,34): (Warning 252) (Hint-replay failed): Subtyping check failed; expected type Prims.nat; got type Prims.int (see also C:/build/agent1/_work/5/s/FStar/ulib/prims.fst(408,17-408,23))
C:/build/agent1/_work/5/s/hacl-star/secure_api/utils/Crypto.Symmetric.Bytes.fst(644,2-645,138): (Warning 252) (Hint-replay failed): assertion failed (see also C:/build/agent1/_work/5/s/FStar/ulib/FStar.Seq.Base.fst(214,16-214,37))
C:/build/agent1/_work/5/s/FStar/ulib/prims.fst(408,13-408,16): (Warning 252) (Hint-replay failed): Subtyping check failed; expected type a: Type0{Prims.hasEq a}; got type Type0 (see also C:/build/agent1/_work/5/s/FStar/ulib/prims.fst(310,29-310,36))
C:/build/agent1/_work/5/s/hacl-star/secure_api/utils/Crypto.Symmetric.Bytes.fst(652,35-652,51): (Warning 252) (Hint-replay failed): Subtyping check failed; expected type Prims.nat; got type Prims.int (see also C:/build/agent1/_work/5/s/FStar/ulib/prims.fst(408,17-408,23))
C:/build/agent1/_work/5/s/FStar/ulib/prims.fst(408,13-408,16): (Warning 252) (Hint-replay failed): Subtyping check failed; expected type a: Type0{Prims.hasEq a}; got type Type0 (see also C:/build/agent1/_work/5/s/FStar/ulib/prims.fst(310,29-310,36))
C:/build/agent1/_work/5/s/hacl-star/secure_api/utils/Crypto.Symmetric.Bytes.fst(673,39-673,42): (Warning 252) (Hint-replay failed): Subtyping check failed; expected type j: Prims.nat{0 <= j && j <= FStar.Seq.Base.length b}; got type Prims.nat (see also C:/build/agent1/_work/5/s/hacl-star/secure_api/utils/Crypto.Symmetric.Bytes.fst(672,6-672,9))
Extensions.fst(25,37-25,39): (Warning 252) (Hint-replay failed): Subtyping check failed; expected type y: Prims.list 'b {%[ x; y ] << %[ x; y ]}; got type Prims.list 'b (see also Extensions.fst(22,60-23,2))
Extensions.fst(167,12-167,13): (Warning 252) (Hint-replay failed): Subtyping check failed; expected type Prims.nat; got type FStar.UInt.uint_t 32 (see also C:/build/agent1/_work/5/s/FStar/ulib/prims.fst(408,17-408,23))
C:/build/agent1/_work/5/s/FStar/ulib/FStar.UInt.fst(52,24-52,27): (Warning 252) (Hint-replay failed): Subtyping check failed; expected type a: Type0{Prims.hasEq a}; got type Type0 (see also C:/build/agent1/_work/5/s/FStar/ulib/prims.fst(310,29-310,36))
C:/build/agent1/_work/5/s/FStar/ulib/FStar.UInt.fst(52,24-52,27): (Warning 252) (Hint-replay failed): Subtyping check failed; expected type a: Type0{Prims.hasEq a}; got type Type0 (see also C:/build/agent1/_work/5/s/FStar/ulib/prims.fst(310,29-310,36))
C:/build/agent1/_work/5/s/FStar/ulib/FStar.UInt.fst(52,24-52,27): (Warning 252) (Hint-replay failed): Subtyping check failed; expected type a: Type0{Prims.hasEq a}; got type Type0 (see also C:/build/agent1/_work/5/s/FStar/ulib/prims.fst(310,29-310,36))
Extensions.fst(306,14-306,15): (Warning 252) (Hint-replay failed): Subtyping check failed; expected type Prims.nat; got type FStar.UInt.uint_t 32 (see also C:/build/agent1/_work/5/s/FStar/ulib/prims.fst(408,17-408,23))
C:/build/agent1/_work/5/s/FStar/ulib/FStar.UInt.fst(52,24-52,27): (Warning 252) (Hint-replay failed): Subtyping check failed; expected type a: Type0{Prims.hasEq a}; got type Type0 (see also C:/build/agent1/_work/5/s/FStar/ulib/prims.fst(310,29-310,36))
C:/build/agent1/_work/5/s/FStar/ulib/FStar.UInt.fst(52,24-52,27): (Warning 252) (Hint-replay failed): Subtyping check failed; expected type a: Type0{Prims.hasEq a}; got type Type0 (see also C:/build/agent1/_work/5/s/FStar/ulib/prims.fst(310,29-310,36))
C:/build/agent1/_work/5/s/FStar/ulib/FStar.UInt.fst(52,24-52,27): (Warning 252) (Hint-replay failed): Subtyping check failed; expected type a: Type0{Prims.hasEq a}; got type Type0 (see also C:/build/agent1/_work/5/s/FStar/ulib/prims.fst(310,29-310,36))
Extensions.fst(387,10-387,17): (Warning 252) (Hint-replay failed): Subtyping check failed; expected type Prims.nat; got type FStar.UInt.uint_t 32 (see also C:/build/agent1/_work/5/s/FStar/ulib/prims.fst(408,17-408,23))
Extensions.fst(521,43-521,44): (Warning 252) (Hint-replay failed): Subtyping check failed; expected type a: Type0{Prims.hasEq a}; got type Type0 (see also C:/build/agent1/_work/5/s/FStar/ulib/prims.fst(310,29-310,36))
Extensions.fst(1325,10-1325,37): (Error 189) Expected expression of type "Type"; got expression "Extensions.extension" of type "Type0" (see also Extensions.fst(1274,2-1274,11))
1 error was reported (see above)
make[1]: *** [Makefile.common:130: cache/Model/Extensions.fst.checked] Error 1
make[1]: *** Waiting for unfinished jobs....
C:/build/agent1/_work/5/s/mitls-fstar/src/lowparse/LowParse.SLow.Sum.fst(33,2-34,2): (Warning 252) (Hint-replay failed): assertion failed (see also C:/build/agent1/_work/5/s/mitls-fstar/src/lowparse/LowParse.Bytes32.fst(23,12-23,48))
C:/build/agent1/_work/5/s/mitls-fstar/src/lowparse/LowParse.SLow.Sum.fst(185,145-185,161): (Warning 252) (Hint-replay failed): Subtyping check failed; expected type LowParse.Spec.Base.consumed_length (FStar.Bytes.reveal input'); got type FStar.UInt.uint_t FStar.UInt32.n (see also C:/build/agent1/_work/5/s/mitls-fstar/src/lowparse/LowParse.Spec.Base.fst(22,55-22,72))
C:/build/agent1/_work/5/s/mitls-fstar/src/lowparse/LowParse.SLow.Sum.fst(247,66-247,120): (Warning 252) (Hint-replay failed): Subtyping check failed; expected type LowParse.Spec.Sum.sum_key (LowParse.Spec.Sum.make_sum_with_nondep nondep_t t); got type LowParse.Spec.Sum.sum_key_type (LowParse.Spec.Sum.make_sum_with_nondep nondep_t t) (see also C:/build/agent1/_work/5/s/mitls-fstar/src/lowparse/LowParse.SLow.Sum.fst(228,3-247,29))
C:/build/agent1/_work/5/s/mitls-fstar/src/lowparse/LowParse.SLow.Sum.fst(247,66-247,120): (Warning 252) Subtyping check failed; expected type LowParse.Spec.Sum.sum_key (LowParse.Spec.Sum.make_sum_with_nondep nondep_t t); got type LowParse.Spec.Sum.sum_key_type (LowParse.Spec.Sum.make_sum_with_nondep nondep_t t) (see also C:/build/agent1/_work/5/s/mitls-fstar/src/lowparse/LowParse.SLow.Sum.fst(228,3-247,29))
C:/build/agent1/_work/5/s/mitls-fstar/src/lowparse/LowParse.SLow.Sum.fst(247,66-247,120): (Warning 252) Subtyping check failed; expected type LowParse.Spec.Sum.sum_key (LowParse.Spec.Sum.make_sum_with_nondep nondep_t t); got type LowParse.Spec.Sum.sum_key_type (LowParse.Spec.Sum.make_sum_with_nondep nondep_t t) (see also C:/build/agent1/_work/5/s/mitls-fstar/src/lowparse/LowParse.SLow.Sum.fst(228,3-247,29))
C:/build/agent1/_work/5/s/mitls-fstar/src/lowparse/LowParse.SLow.Sum.fst(247,66-247,120): (Warning 252) Subtyping check failed; expected type LowParse.Spec.Sum.sum_key (LowParse.Spec.Sum.make_sum_with_nondep nondep_t t); got type LowParse.Spec.Sum.sum_key_type (LowParse.Spec.Sum.make_sum_with_nondep nondep_t t) (see also C:/build/agent1/_work/5/s/mitls-fstar/src/lowparse/LowParse.SLow.Sum.fst(228,3-247,29))
C:/build/agent1/_work/5/s/mitls-fstar/src/lowparse/LowParse.SLow.Sum.fst(247,66-247,120): (Warning 252) Subtyping check failed; expected type LowParse.Spec.Sum.sum_key (LowParse.Spec.Sum.make_sum_with_nondep nondep_t t); got type LowParse.Spec.Sum.sum_key_type (LowParse.Spec.Sum.make_sum_with_nondep nondep_t t) (see also C:/build/agent1/_work/5/s/mitls-fstar/src/lowparse/LowParse.SLow.Sum.fst(228,3-247,29))
C:/build/agent1/_work/5/s/mitls-fstar/src/lowparse/LowParse.SLow.Sum.fst(287,2-288,2): (Warning 252) (Hint-replay failed): assertion failed (see also C:/build/agent1/_work/5/s/mitls-fstar/src/lowparse/LowParse.SLow.Sum.fst(299,23-299,96))
C:/build/agent1/_work/5/s/mitls-fstar/src/lowparse/LowParse.SLow.Sum.fst(322,2-324,2): (Warning 252) (Hint-replay failed): assertion failed (see also C:/build/agent1/_work/5/s/FStar/ulib/prims.fst(215,68-215,80))
C:/build/agent1/_work/5/s/mitls-fstar/src/lowparse/LowParse.SLow.Sum.fst(322,2-324,2): (Warning 252) assertion failed (see also C:/build/agent1/_work/5/s/FStar/ulib/prims.fst(215,68-215,80))
C:/build/agent1/_work/5/s/mitls-fstar/src/lowparse/LowParse.SLow.Sum.fst(477,2-478,2): (Warning 252) (Hint-replay failed): assertion failed (see also C:/build/agent1/_work/5/s/mitls-fstar/src/lowparse/LowParse.SLow.Base.fst(116,36-116,68))
C:/build/agent1/_work/5/s/mitls-fstar/src/lowparse/LowParse.SLow.Sum.fst(528,2-529,2): (Warning 252) (Hint-replay failed): assertion failed (see also C:/build/agent1/_work/5/s/FStar/ulib/FStar.UInt32.fst(44,12-44,32))
C:/build/agent1/_work/5/s/mitls-fstar/src/lowparse/LowParse.SLow.Sum.fst(562,2-563,2): (Warning 252) (Hint-replay failed): assertion failed (see also C:/build/agent1/_work/5/s/mitls-fstar/src/lowparse/LowParse.SLow.Base.fst(294,4-294,25))
C:/build/agent1/_work/5/s/mitls-fstar/src/lowparse/LowParse.SLow.Sum.fst(247,66-247,120): (Error 19) Subtyping check failed; expected type LowParse.Spec.Sum.sum_key (LowParse.Spec.Sum.make_sum_with_nondep nondep_t t); got type LowParse.Spec.Sum.sum_key_type (LowParse.Spec.Sum.make_sum_with_nondep nondep_t t) (see also C:/build/agent1/_work/5/s/mitls-fstar/src/lowparse/LowParse.SLow.Sum.fst(228,3-247,29))
Verified module: LowParse.SLow.Sum (246946 milliseconds)
1 error was reported (see above)
make[1]: *** [Makefile.common:130: cache/Model/LowParse.SLow.Sum.fst.checked] Error 1
TLSInfo.fst(79,59-79,61): (Warning 252) (Hint-replay failed): Subtyping check failed; expected type a: Type0{Prims.hasEq a}; got type Type0 (see also C:/build/agent1/_work/5/s/FStar/ulib/prims.fst(313,29-313,36))
TLSInfo.fst(216,4-216,10): (Warning 252) (Hint-replay failed): Subtyping check failed; expected type a: Type0{Prims.hasEq a}; got type Type0 (see also C:/build/agent1/_work/5/s/FStar/ulib/prims.fst(310,29-310,36))
TLSInfo.fst(225,4-225,10): (Warning 252) (Hint-replay failed): Subtyping check failed; expected type a: Type0{Prims.hasEq a}; got type Type0 (see also C:/build/agent1/_work/5/s/FStar/ulib/prims.fst(310,29-310,36))
TLSInfo.fst(236,4-236,16): (Warning 252) (Hint-replay failed): Subtyping check failed; expected type a: Type0{Prims.hasEq a}; got type Type0 (see also C:/build/agent1/_work/5/s/FStar/ulib/prims.fst(310,29-310,36))
TLSInfo.fst(275,4-275,13): (Warning 252) (Hint-replay failed): Subtyping check failed; expected type a: Type0{Prims.hasEq a}; got type Type0 (see also C:/build/agent1/_work/5/s/FStar/ulib/prims.fst(310,29-310,36))
TLSInfo.fst(281,0-285,14): (Warning 252) (Hint-replay failed): Subtyping check failed; expected type a: Type0{Prims.hasEq a}; got type Type0 (see also C:/build/agent1/_work/5/s/FStar/ulib/prims.fst(310,29-310,36))
TLSInfo.fst(333,13-333,27): (Warning 252) (Hint-replay failed): Failed to prove that the type 'TLSInfo.logInfo_CH' supports decidable equality because of this argument; add either the 'noeq' or 'unopteq' qualifier (see also TLSInfo.fst(331,0-334,1))
TLSInfo.fst(338,17-338,26): (Warning 252) (Hint-replay failed): Failed to prove that the type 'TLSInfo.logInfo_CH0' supports decidable equality because of this argument; add either the 'noeq' or 'unopteq' qualifier (see also TLSInfo.fst(336,0-341,1))
TLSInfo.fst(348,13-348,29): (Warning 252) (Hint-replay failed): Failed to prove that the type 'TLSInfo.logInfo_SH' supports decidable equality because of this argument; add either the 'noeq' or 'unopteq' qualifier (see also TLSInfo.fst(343,0-349,1))
TLSInfo.fst(430,51-430,94): (Warning 252) (Hint-replay failed): Failed to prove that the type 'TLSInfo.pre_esId' supports decidable equality because of this argument; add either the 'noeq' or 'unopteq' qualifier (see also TLSInfo.fst(429,0-466,64))
TLSInfo.fst(554,6-554,15): (Warning 252) (Hint-replay failed): Subtyping check failed; expected type Prims.eqtype; got type Type0 (see also C:/build/agent1/_work/5/s/FStar/ulib/prims.fst(27,21-27,28))
TLSInfo.fst(560,27-560,30): (Warning 252) (Hint-replay failed): Subtyping check failed; expected type Prims.eqtype; got type Type0 (see also C:/build/agent1/_work/5/s/FStar/ulib/prims.fst(27,21-27,28))
TLSInfo.fst(611,32-611,35): (Warning 252) (Hint-replay failed): Subtyping check failed; expected type Prims.eqtype; got type Type0 (see also C:/build/agent1/_work/5/s/FStar/ulib/prims.fst(27,21-27,28))
TLSInfo.fst(617,32-617,35): (Warning 252) (Hint-replay failed): Subtyping check failed; expected type Prims.eqtype; got type Type0 (see also C:/build/agent1/_work/5/s/FStar/ulib/prims.fst(27,21-27,28))
TLSInfo.fst(643,4-643,6): (Warning 252) (Hint-replay failed): Subtyping check failed; expected type a: Type0{Prims.hasEq a}; got type Type0 (see also C:/build/agent1/_work/5/s/FStar/ulib/prims.fst(313,29-313,36))
TLSInfo.fst(642,2-642,6): (Warning 252) (Hint-replay failed): Subtyping check failed; expected type a: Type0{Prims.hasEq a}; got type Type0 (see also C:/build/agent1/_work/5/s/FStar/ulib/prims.fst(313,29-313,36))
TLSInfo.fst(642,2-642,6): (Warning 252) (Hint-replay failed): Subtyping check failed; expected type a: Type0{Prims.hasEq a}; got type Type0 (see also C:/build/agent1/_work/5/s/FStar/ulib/prims.fst(313,29-313,36))
TLSInfo.fst(642,2-642,6): (Warning 252) (Hint-replay failed): Subtyping check failed; expected type a: Type0{Prims.hasEq a}; got type Type0 (see also C:/build/agent1/_work/5/s/FStar/ulib/prims.fst(313,29-313,36))
TLSInfo.fst(642,2-642,6): (Warning 252) (Hint-replay failed): Subtyping check failed; expected type a: Type0{Prims.hasEq a}; got type Type0 (see also C:/build/agent1/_work/5/s/FStar/ulib/prims.fst(313,29-313,36))
TLSInfo.fst(642,2-642,6): (Warning 252) (Hint-replay failed): Subtyping check failed; expected type a: Type0{Prims.hasEq a}; got type Type0 (see also C:/build/agent1/_work/5/s/FStar/ulib/prims.fst(313,29-313,36))
TLSInfo.fst(642,2-642,6): (Warning 252) (Hint-replay failed): Subtyping check failed; expected type a: Type0{Prims.hasEq a}; got type Type0 (see also C:/build/agent1/_work/5/s/FStar/ulib/prims.fst(313,29-313,36))
TLSInfo.fst(664,4-664,8): (Warning 252) (Hint-replay failed): Subtyping check failed; expected type a: Type0{Prims.hasEq a}; got type Type0 (see also C:/build/agent1/_work/5/s/FStar/ulib/prims.fst(313,29-313,36))
TLSInfo.fst(675,4-675,8): (Warning 252) (Hint-replay failed): Subtyping check failed; expected type a: Type0{Prims.hasEq a}; got type Type0 (see also C:/build/agent1/_work/5/s/FStar/ulib/prims.fst(310,29-310,36))
TLSInfo.fst(682,4-682,8): (Warning 252) (Hint-replay failed): Subtyping check failed; expected type a: Type0{Prims.hasEq a}; got type Type0 (see also C:/build/agent1/_work/5/s/FStar/ulib/prims.fst(313,29-313,36))
TLSInfo.fst(689,4-689,8): (Warning 252) (Hint-replay failed): Subtyping check failed; expected type a: Type0{Prims.hasEq a}; got type Type0 (see also C:/build/agent1/_work/5/s/FStar/ulib/prims.fst(313,29-313,36))
TLSInfo.fst(693,4-693,8): (Warning 252) (Hint-replay failed): Subtyping check failed; expected type a: Type0{Prims.hasEq a}; got type Type0 (see also C:/build/agent1/_work/5/s/FStar/ulib/prims.fst(313,29-313,36))
TLSInfo.fst(697,4-697,8): (Warning 252) (Hint-replay failed): Subtyping check failed; expected type a: Type0{Prims.hasEq a}; got type Type0 (see also C:/build/agent1/_work/5/s/FStar/ulib/prims.fst(313,29-313,36))
TLSInfo.fst(702,4-702,8): (Warning 252) (Hint-replay failed): Subtyping check failed; expected type a: Type0{Prims.hasEq a}; got type Type0 (see also C:/build/agent1/_work/5/s/FStar/ulib/prims.fst(313,29-313,36))
TLSInfo.fst(707,4-707,8): (Warning 252) (Hint-replay failed): Subtyping check failed; expected type a: Type0{Prims.hasEq a}; got type Type0 (see also C:/build/agent1/_work/5/s/FStar/ulib/prims.fst(313,29-313,36))
TLSInfo.fst(718,23-718,31): (Warning 252) (Hint-replay failed): Subtyping check failed; expected type a: Type0{Prims.hasEq a}; got type Type0 (see also C:/build/agent1/_work/5/s/FStar/ulib/prims.fst(313,29-313,36))
make: *** [Makefile:16: model-all] Error 2
% Total    % Received % Xferd  Average Speed   Time    Time     Time  Current
Dload  Upload   Total   Spent    Left  Speed
  0     0    0     0    0     0      0      0 --:--:-- --:--:-- --:--:--     0100  1443    0     2  100  1441      2   1441  0:00:01 --:--:--  0:00:01  6971
