Cloning into 'fstarlang_binaries'...
Already on 'master'
Cloning into 'mitls-fstar'...
Switched to a new branch 'merge_fstar_master_20180510'
Cloning into 'vale'...
Already on 'master'
Cloning into 'FStar'...
Checking out files:  24% (693/2811)   Checking out files:  25% (703/2811)   Checking out files:  26% (731/2811)   Checking out files:  27% (759/2811)   Checking out files:  28% (788/2811)   Checking out files:  29% (816/2811)   Checking out files:  30% (844/2811)   Checking out files:  31% (872/2811)   Checking out files:  32% (900/2811)   Checking out files:  33% (928/2811)   Checking out files:  34% (956/2811)   Checking out files:  35% (984/2811)   Checking out files:  36% (1012/2811)   Checking out files:  37% (1041/2811)   Checking out files:  38% (1069/2811)   Checking out files:  39% (1097/2811)   Checking out files:  40% (1125/2811)   Checking out files:  41% (1153/2811)   Checking out files:  42% (1181/2811)   Checking out files:  43% (1209/2811)   Checking out files:  44% (1237/2811)   Checking out files:  45% (1265/2811)   Checking out files:  46% (1294/2811)   Checking out files:  47% (1322/2811)   Checking out files:  48% (1350/2811)   Checking out files:  49% (1378/2811)   Checking out files:  50% (1406/2811)   Checking out files:  51% (1434/2811)   Checking out files:  52% (1462/2811)   Checking out files:  53% (1490/2811)   Checking out files:  54% (1518/2811)   Checking out files:  55% (1547/2811)   Checking out files:  56% (1575/2811)   Checking out files:  57% (1603/2811)   Checking out files:  58% (1631/2811)   Checking out files:  59% (1659/2811)   Checking out files:  60% (1687/2811)   Checking out files:  61% (1715/2811)   Checking out files:  62% (1743/2811)   Checking out files:  63% (1771/2811)   Checking out files:  64% (1800/2811)   Checking out files:  65% (1828/2811)   Checking out files:  66% (1856/2811)   Checking out files:  67% (1884/2811)   Checking out files:  68% (1912/2811)   Checking out files:  69% (1940/2811)   Checking out files:  70% (1968/2811)   Checking out files:  71% (1996/2811)   Checking out files:  71% (2022/2811)   Checking out files:  72% (2024/2811)   Checking out files:  73% (2053/2811)   Checking out files:  74% (2081/2811)   Checking out files:  75% (2109/2811)   Checking out files:  76% (2137/2811)   Checking out files:  77% (2165/2811)   Checking out files:  78% (2193/2811)   Checking out files:  79% (2221/2811)   Checking out files:  80% (2249/2811)   Checking out files:  81% (2277/2811)   Checking out files:  82% (2306/2811)   Checking out files:  83% (2334/2811)   Checking out files:  84% (2362/2811)   Checking out files:  85% (2390/2811)   Checking out files:  86% (2418/2811)   Checking out files:  87% (2446/2811)   Checking out files:  88% (2474/2811)   Checking out files:  89% (2502/2811)   Checking out files:  90% (2530/2811)   Checking out files:  91% (2559/2811)   Checking out files:  91% (2571/2811)   Checking out files:  92% (2587/2811)   Checking out files:  93% (2615/2811)   Checking out files:  94% (2643/2811)   Checking out files:  95% (2671/2811)   Checking out files:  96% (2699/2811)   Checking out files:  97% (2727/2811)   Checking out files:  98% (2755/2811)   Checking out files:  99% (2783/2811)   Checking out files: 100% (2811/2811)   Checking out files: 100% (2811/2811), done.
Already on 'master'
Cloning into 'MLCrypto'...
Submodule 'openssl' (https://github.com/openssl/openssl) registered for path 'openssl'
Cloning into '/cygdrive/c/build/agent1/_work/6/s/MLCrypto/openssl'...
Submodule 'boringssl' (https://boringssl.googlesource.com/boringssl) registered for path 'openssl/boringssl'
Submodule 'krb5' (https://github.com/krb5/krb5) registered for path 'openssl/krb5'
Submodule 'pyca.cryptography' (https://github.com/pyca/cryptography.git) registered for path 'openssl/pyca-cryptography'
Cloning into '/cygdrive/c/build/agent1/_work/6/s/MLCrypto/openssl/boringssl'...
Cloning into '/cygdrive/c/build/agent1/_work/6/s/MLCrypto/openssl/krb5'...
Cloning into '/cygdrive/c/build/agent1/_work/6/s/MLCrypto/openssl/pyca-cryptography'...
Already on 'master'
Cloning into 'hacl-star'...
Checking out files:  11% (594/5288)   Checking out files:  12% (635/5288)   Checking out files:  13% (688/5288)   Checking out files:  14% (741/5288)   Checking out files:  15% (794/5288)   Checking out files:  16% (847/5288)   Checking out files:  17% (899/5288)   Checking out files:  18% (952/5288)   Checking out files:  19% (1005/5288)   Checking out files:  20% (1058/5288)   Checking out files:  21% (1111/5288)   Checking out files:  22% (1164/5288)   Checking out files:  23% (1217/5288)   Checking out files:  23% (1265/5288)   Checking out files:  24% (1270/5288)   Checking out files:  25% (1322/5288)   Checking out files:  26% (1375/5288)   Checking out files:  27% (1428/5288)   Checking out files:  28% (1481/5288)   Checking out files:  29% (1534/5288)   Checking out files:  30% (1587/5288)   Checking out files:  31% (1640/5288)   Checking out files:  32% (1693/5288)   Checking out files:  33% (1746/5288)   Checking out files:  34% (1798/5288)   Checking out files:  35% (1851/5288)   Checking out files:  35% (1897/5288)   Checking out files:  36% (1904/5288)   Checking out files:  37% (1957/5288)   Checking out files:  38% (2010/5288)   Checking out files:  39% (2063/5288)   Checking out files:  40% (2116/5288)   Checking out files:  41% (2169/5288)   Checking out files:  42% (2221/5288)   Checking out files:  43% (2274/5288)   Checking out files:  44% (2327/5288)   Checking out files:  45% (2380/5288)   Checking out files:  46% (2433/5288)   Checking out files:  47% (2486/5288)   Checking out files:  48% (2539/5288)   Checking out files:  48% (2556/5288)   Checking out files:  49% (2592/5288)   Checking out files:  50% (2644/5288)   Checking out files:  51% (2697/5288)   Checking out files:  52% (2750/5288)   Checking out files:  53% (2803/5288)   Checking out files:  54% (2856/5288)   Checking out files:  55% (2909/5288)   Checking out files:  56% (2962/5288)   Checking out files:  57% (3015/5288)   Checking out files:  58% (3068/5288)   Checking out files:  59% (3120/5288)   Checking out files:  60% (3173/5288)   Checking out files:  60% (3222/5288)   Checking out files:  61% (3226/5288)   Checking out files:  62% (3279/5288)   Checking out files:  63% (3332/5288)   Checking out files:  64% (3385/5288)   Checking out files:  65% (3438/5288)   Checking out files:  66% (3491/5288)   Checking out files:  67% (3543/5288)   Checking out files:  68% (3596/5288)   Checking out files:  69% (3649/5288)   Checking out files:  70% (3702/5288)   Checking out files:  71% (3755/5288)   Checking out files:  71% (3802/5288)   Checking out files:  72% (3808/5288)   Checking out files:  73% (3861/5288)   Checking out files:  74% (3914/5288)   Checking out files:  75% (3966/5288)   Checking out files:  76% (4019/5288)   Checking out files:  77% (4072/5288)   Checking out files:  78% (4125/5288)   Checking out files:  79% (4178/5288)   Checking out files:  80% (4231/5288)   Checking out files:  81% (4284/5288)   Checking out files:  82% (4337/5288)   Checking out files:  83% (4390/5288)   Checking out files:  83% (4394/5288)   Checking out files:  84% (4442/5288)   Checking out files:  85% (4495/5288)   Checking out files:  86% (4548/5288)   Checking out files:  87% (4601/5288)   Checking out files:  88% (4654/5288)   Checking out files:  89% (4707/5288)   Checking out files:  90% (4760/5288)   Checking out files:  91% (4813/5288)   Checking out files:  92% (4865/5288)   Checking out files:  93% (4918/5288)   Checking out files:  93% (4953/5288)   Checking out files:  94% (4971/5288)   Checking out files:  95% (5024/5288)   Checking out files:  96% (5077/5288)   Checking out files:  97% (5130/5288)   Checking out files:  98% (5183/5288)   Checking out files:  99% (5236/5288)   Checking out files: 100% (5288/5288)   Checking out files: 100% (5288/5288), done.
Submodule 'other_providers/libsodium' (https://github.com/jedisct1/libsodium.git) registered for path 'other_providers/libsodium'
Submodule 'other_providers/openssl' (https://github.com/openssl/openssl.git) registered for path 'other_providers/openssl'
Submodule 'other_providers/vale' (https://github.com/project-everest/vale.git) registered for path 'other_providers/vale'
Cloning into '/cygdrive/c/build/agent1/_work/6/s/hacl-star/other_providers/libsodium'...
Cloning into '/cygdrive/c/build/agent1/_work/6/s/hacl-star/other_providers/openssl'...
Cloning into '/cygdrive/c/build/agent1/_work/6/s/hacl-star/other_providers/vale'...
Submodule 'boringssl' (https://boringssl.googlesource.com/boringssl) registered for path 'other_providers/openssl/boringssl'
Submodule 'krb5' (https://github.com/krb5/krb5) registered for path 'other_providers/openssl/krb5'
Submodule 'pyca.cryptography' (https://github.com/pyca/cryptography.git) registered for path 'other_providers/openssl/pyca-cryptography'
Cloning into '/cygdrive/c/build/agent1/_work/6/s/hacl-star/other_providers/openssl/boringssl'...
Cloning into '/cygdrive/c/build/agent1/_work/6/s/hacl-star/other_providers/openssl/krb5'...
Cloning into '/cygdrive/c/build/agent1/_work/6/s/hacl-star/other_providers/openssl/pyca-cryptography'...
warning: unable to rmdir other_providers/libsodium: Directory not empty
warning: unable to rmdir other_providers/vale: Directory not empty
Switched to a new branch 'merge_fstar_master_20180510'
Cloning into 'kremlin'...
Already on 'fstar-master'
Warning: you are using the standard library and/or the %inline keyword. We
recommend switching on --infer in order to avoid obscure type error messages.
crypto/asn1/x_int64.c: In function 'uint64_print':
crypto/asn1/x_int64.c:105:32: warning: unknown conversion type character 'j' in format [-Wformat=]
return BIO_printf(out, "%jd\n", **(int64_t **)pval);
^
crypto/asn1/x_int64.c:105:32: warning: too many arguments for format [-Wformat-extra-args]
crypto/asn1/x_int64.c:106:28: warning: unknown conversion type character 'j' in format [-Wformat=]
return BIO_printf(out, "%ju\n", **(uint64_t **)pval);
^
crypto/asn1/x_int64.c:106:28: warning: too many arguments for format [-Wformat-extra-args]
crypto/bio/b_sock2.c: In function 'BIO_socket':
crypto/bio/b_sock2.c:45:16: warning: overflow in implicit constant conversion [-Woverflow]
return INVALID_SOCKET;
^
crypto/bio/b_sock2.c:51:16: warning: overflow in implicit constant conversion [-Woverflow]
return INVALID_SOCKET;
^
crypto/bio/b_sock2.c: In function 'BIO_accept_ex':
crypto/bio/b_sock2.c:263:16: warning: overflow in implicit constant conversion [-Woverflow]
return INVALID_SOCKET;
^
crypto/bio/b_sock2.c:268:16: warning: overflow in implicit constant conversion [-Woverflow]
return INVALID_SOCKET;
^
crypto/bio/b_sock.c: In function 'BIO_get_accept_socket':
crypto/bio/b_sock.c:202:13: warning: overflow in implicit constant conversion [-Woverflow]
int s = INVALID_SOCKET;
^
crypto/bio/b_sock.c:207:16: warning: overflow in implicit constant conversion [-Woverflow]
return INVALID_SOCKET;
^
crypto/bio/b_sock.c:210:16: warning: overflow in implicit constant conversion [-Woverflow]
return INVALID_SOCKET;
^
crypto/bio/b_sock.c:217:13: warning: overflow in implicit constant conversion [-Woverflow]
s = INVALID_SOCKET;
^
crypto/bio/b_sock.c:224:13: warning: overflow in implicit constant conversion [-Woverflow]
s = INVALID_SOCKET;
^
In file included from crypto/bn/bn_print.c:15:0:
crypto/bn/bn_print.c: In function 'BN_bn2dec':
crypto/bn/bn_lcl.h:94:27: warning: unknown conversion type character 'l' in format [-Wformat=]
#  define BN_DEC_FMT1     "%llu"
^
crypto/bn/bn_print.c:104:57: note: in expansion of macro 'BN_DEC_FMT1'
n = BIO_snprintf(p, tbytes - (size_t)(p - buf), BN_DEC_FMT1, *lp);
^
crypto/bn/bn_lcl.h:94:27: warning: too many arguments for format [-Wformat-extra-args]
#  define BN_DEC_FMT1     "%llu"
^
crypto/bn/bn_print.c:104:57: note: in expansion of macro 'BN_DEC_FMT1'
n = BIO_snprintf(p, tbytes - (size_t)(p - buf), BN_DEC_FMT1, *lp);
^
crypto/bn/bn_lcl.h:95:27: warning: unknown conversion type character 'l' in format [-Wformat=]
#  define BN_DEC_FMT2     "%019llu"
^
crypto/bn/bn_print.c:110:61: note: in expansion of macro 'BN_DEC_FMT2'
n = BIO_snprintf(p, tbytes - (size_t)(p - buf), BN_DEC_FMT2, *lp);
^
crypto/bn/bn_lcl.h:95:27: warning: too many arguments for format [-Wformat-extra-args]
#  define BN_DEC_FMT2     "%019llu"
^
crypto/bn/bn_print.c:110:61: note: in expansion of macro 'BN_DEC_FMT2'
n = BIO_snprintf(p, tbytes - (size_t)(p - buf), BN_DEC_FMT2, *lp);
^
crypto/bn/bn_print.c: In function 'BN_options':
crypto/bn/bn_print.c:340:42: warning: unknown conversion type character 'z' in format [-Wformat=]
BIO_snprintf(data, sizeof(data), "bn(%zu,%zu)",
^
crypto/bn/bn_print.c:340:42: warning: unknown conversion type character 'z' in format [-Wformat=]
crypto/bn/bn_print.c:340:42: warning: too many arguments for format [-Wformat-extra-args]
crypto/threads_win.c: In function 'CRYPTO_atomic_add':
crypto/threads_win.c:132:35: warning: passing argument 1 of '_InterlockedExchangeAdd' from incompatible pointer type [-Wincompatible-pointer-types]
*ret = InterlockedExchangeAdd(val, amount) + amount;
^
In file included from /usr/x86_64-w64-mingw32/sys-root/mingw/include/winnt.h:27:0,
from /usr/x86_64-w64-mingw32/sys-root/mingw/include/minwindef.h:163,
from /usr/x86_64-w64-mingw32/sys-root/mingw/include/windef.h:8,
from /usr/x86_64-w64-mingw32/sys-root/mingw/include/windows.h:69,
from crypto/threads_win.c:11:
/usr/x86_64-w64-mingw32/sys-root/mingw/include/psdk_inc/intrin-impl.h:1026:10: note: expected 'volatile long int *' but argument is of type 'int *'
__LONG32 _InterlockedExchangeAdd(__LONG32 volatile *Addend, __LONG32 Value) {
^
crypto/threads_win.c: In function 'CRYPTO_atomic_read':
crypto/threads_win.c:138:39: warning: passing argument 1 of '_InterlockedCompareExchange' from incompatible pointer type [-Wincompatible-pointer-types]
*ret = InterlockedCompareExchange(val, 0, 0);
^
In file included from /usr/x86_64-w64-mingw32/sys-root/mingw/include/winnt.h:27:0,
from /usr/x86_64-w64-mingw32/sys-root/mingw/include/minwindef.h:163,
from /usr/x86_64-w64-mingw32/sys-root/mingw/include/windef.h:8,
from /usr/x86_64-w64-mingw32/sys-root/mingw/include/windows.h:69,
from crypto/threads_win.c:11:
/usr/x86_64-w64-mingw32/sys-root/mingw/include/psdk_inc/intrin-impl.h:1037:10: note: expected 'volatile long int *' but argument is of type 'int *'
__LONG32 _InterlockedCompareExchange(__LONG32 volatile *Destination, __LONG32 ExChange, __LONG32 Comperand) {
^
crypto/threads_win.c: In function 'CRYPTO_atomic_write':
crypto/threads_win.c:144:25: warning: passing argument 1 of '_InterlockedExchange' from incompatible pointer type [-Wincompatible-pointer-types]
InterlockedExchange(val, n);
^
In file included from /usr/x86_64-w64-mingw32/sys-root/mingw/include/winnt.h:27:0,
from /usr/x86_64-w64-mingw32/sys-root/mingw/include/minwindef.h:163,
from /usr/x86_64-w64-mingw32/sys-root/mingw/include/windef.h:8,
from /usr/x86_64-w64-mingw32/sys-root/mingw/include/windows.h:69,
from crypto/threads_win.c:11:
/usr/x86_64-w64-mingw32/sys-root/mingw/include/psdk_inc/intrin-impl.h:1088:10: note: expected 'volatile long int *' but argument is of type 'int *'
__LONG32 _InterlockedExchange(__LONG32 volatile *Target, __LONG32 Value) {
^
test/testutil/tests.c: In function 'test_size_t_eq':
test/testutil/tests.c:196:27: warning: unknown conversion type character 'z' in format [-Wformat=]
"[" fmt "] compared to [" fmt "]",            \
^
test/testutil/tests.c:202:5: note: in expansion of macro 'DEFINE_COMPARISON'
DEFINE_COMPARISON(type, name, eq, ==, fmt)                          \
^
test/testutil/tests.c:215:1: note: in expansion of macro 'DEFINE_COMPARISONS'
DEFINE_COMPARISONS(size_t, size_t, "%zu")
^
test/testutil/tests.c:196:27: warning: unknown conversion type character 'z' in format [-Wformat=]
"[" fmt "] compared to [" fmt "]",            \
^
test/testutil/tests.c:202:5: note: in expansion of macro 'DEFINE_COMPARISON'
DEFINE_COMPARISON(type, name, eq, ==, fmt)                          \
^
test/testutil/tests.c:215:1: note: in expansion of macro 'DEFINE_COMPARISONS'
DEFINE_COMPARISONS(size_t, size_t, "%zu")
^
test/testutil/tests.c:196:27: warning: too many arguments for format [-Wformat-extra-args]
"[" fmt "] compared to [" fmt "]",            \
^
test/testutil/tests.c:202:5: note: in expansion of macro 'DEFINE_COMPARISON'
DEFINE_COMPARISON(type, name, eq, ==, fmt)                          \
^
test/testutil/tests.c:215:1: note: in expansion of macro 'DEFINE_COMPARISONS'
DEFINE_COMPARISONS(size_t, size_t, "%zu")
^
test/testutil/tests.c: In function 'test_size_t_ne':
test/testutil/tests.c:196:27: warning: unknown conversion type character 'z' in format [-Wformat=]
"[" fmt "] compared to [" fmt "]",            \
^
test/testutil/tests.c:203:5: note: in expansion of macro 'DEFINE_COMPARISON'
DEFINE_COMPARISON(type, name, ne, !=, fmt)                          \
^
test/testutil/tests.c:215:1: note: in expansion of macro 'DEFINE_COMPARISONS'
DEFINE_COMPARISONS(size_t, size_t, "%zu")
^
test/testutil/tests.c:196:27: warning: unknown conversion type character 'z' in format [-Wformat=]
"[" fmt "] compared to [" fmt "]",            \
^
test/testutil/tests.c:203:5: note: in expansion of macro 'DEFINE_COMPARISON'
DEFINE_COMPARISON(type, name, ne, !=, fmt)                          \
^
test/testutil/tests.c:215:1: note: in expansion of macro 'DEFINE_COMPARISONS'
DEFINE_COMPARISONS(size_t, size_t, "%zu")
^
test/testutil/tests.c:196:27: warning: too many arguments for format [-Wformat-extra-args]
"[" fmt "] compared to [" fmt "]",            \
^
test/testutil/tests.c:203:5: note: in expansion of macro 'DEFINE_COMPARISON'
DEFINE_COMPARISON(type, name, ne, !=, fmt)                          \
^
test/testutil/tests.c:215:1: note: in expansion of macro 'DEFINE_COMPARISONS'
DEFINE_COMPARISONS(size_t, size_t, "%zu")
^
test/testutil/tests.c: In function 'test_size_t_lt':
test/testutil/tests.c:196:27: warning: unknown conversion type character 'z' in format [-Wformat=]
"[" fmt "] compared to [" fmt "]",            \
^
test/testutil/tests.c:204:5: note: in expansion of macro 'DEFINE_COMPARISON'
DEFINE_COMPARISON(type, name, lt, <, fmt)                           \
^
test/testutil/tests.c:215:1: note: in expansion of macro 'DEFINE_COMPARISONS'
DEFINE_COMPARISONS(size_t, size_t, "%zu")
^
test/testutil/tests.c:196:27: warning: unknown conversion type character 'z' in format [-Wformat=]
"[" fmt "] compared to [" fmt "]",            \
^
test/testutil/tests.c:204:5: note: in expansion of macro 'DEFINE_COMPARISON'
DEFINE_COMPARISON(type, name, lt, <, fmt)                           \
^
test/testutil/tests.c:215:1: note: in expansion of macro 'DEFINE_COMPARISONS'
DEFINE_COMPARISONS(size_t, size_t, "%zu")
^
test/testutil/tests.c:196:27: warning: too many arguments for format [-Wformat-extra-args]
"[" fmt "] compared to [" fmt "]",            \
^
test/testutil/tests.c:204:5: note: in expansion of macro 'DEFINE_COMPARISON'
DEFINE_COMPARISON(type, name, lt, <, fmt)                           \
^
test/testutil/tests.c:215:1: note: in expansion of macro 'DEFINE_COMPARISONS'
DEFINE_COMPARISONS(size_t, size_t, "%zu")
^
test/testutil/tests.c: In function 'test_size_t_le':
test/testutil/tests.c:196:27: warning: unknown conversion type character 'z' in format [-Wformat=]
"[" fmt "] compared to [" fmt "]",            \
^
test/testutil/tests.c:205:5: note: in expansion of macro 'DEFINE_COMPARISON'
DEFINE_COMPARISON(type, name, le, <=, fmt)                          \
^
test/testutil/tests.c:215:1: note: in expansion of macro 'DEFINE_COMPARISONS'
DEFINE_COMPARISONS(size_t, size_t, "%zu")
^
test/testutil/tests.c:196:27: warning: unknown conversion type character 'z' in format [-Wformat=]
"[" fmt "] compared to [" fmt "]",            \
^
test/testutil/tests.c:205:5: note: in expansion of macro 'DEFINE_COMPARISON'
DEFINE_COMPARISON(type, name, le, <=, fmt)                          \
^
test/testutil/tests.c:215:1: note: in expansion of macro 'DEFINE_COMPARISONS'
DEFINE_COMPARISONS(size_t, size_t, "%zu")
^
test/testutil/tests.c:196:27: warning: too many arguments for format [-Wformat-extra-args]
"[" fmt "] compared to [" fmt "]",            \
^
test/testutil/tests.c:205:5: note: in expansion of macro 'DEFINE_COMPARISON'
DEFINE_COMPARISON(type, name, le, <=, fmt)                          \
^
test/testutil/tests.c:215:1: note: in expansion of macro 'DEFINE_COMPARISONS'
DEFINE_COMPARISONS(size_t, size_t, "%zu")
^
test/testutil/tests.c: In function 'test_size_t_gt':
test/testutil/tests.c:196:27: warning: unknown conversion type character 'z' in format [-Wformat=]
"[" fmt "] compared to [" fmt "]",            \
^
test/testutil/tests.c:206:5: note: in expansion of macro 'DEFINE_COMPARISON'
DEFINE_COMPARISON(type, name, gt, >, fmt)                           \
^
test/testutil/tests.c:215:1: note: in expansion of macro 'DEFINE_COMPARISONS'
DEFINE_COMPARISONS(size_t, size_t, "%zu")
^
test/testutil/tests.c:196:27: warning: unknown conversion type character 'z' in format [-Wformat=]
"[" fmt "] compared to [" fmt "]",            \
^
test/testutil/tests.c:206:5: note: in expansion of macro 'DEFINE_COMPARISON'
DEFINE_COMPARISON(type, name, gt, >, fmt)                           \
^
test/testutil/tests.c:215:1: note: in expansion of macro 'DEFINE_COMPARISONS'
DEFINE_COMPARISONS(size_t, size_t, "%zu")
^
test/testutil/tests.c:196:27: warning: too many arguments for format [-Wformat-extra-args]
"[" fmt "] compared to [" fmt "]",            \
^
test/testutil/tests.c:206:5: note: in expansion of macro 'DEFINE_COMPARISON'
DEFINE_COMPARISON(type, name, gt, >, fmt)                           \
^
test/testutil/tests.c:215:1: note: in expansion of macro 'DEFINE_COMPARISONS'
DEFINE_COMPARISONS(size_t, size_t, "%zu")
^
test/testutil/tests.c: In function 'test_size_t_ge':
test/testutil/tests.c:196:27: warning: unknown conversion type character 'z' in format [-Wformat=]
"[" fmt "] compared to [" fmt "]",            \
^
test/testutil/tests.c:207:5: note: in expansion of macro 'DEFINE_COMPARISON'
DEFINE_COMPARISON(type, name, ge, >=, fmt)
^
test/testutil/tests.c:215:1: note: in expansion of macro 'DEFINE_COMPARISONS'
DEFINE_COMPARISONS(size_t, size_t, "%zu")
^
test/testutil/tests.c:196:27: warning: unknown conversion type character 'z' in format [-Wformat=]
"[" fmt "] compared to [" fmt "]",            \
^
test/testutil/tests.c:207:5: note: in expansion of macro 'DEFINE_COMPARISON'
DEFINE_COMPARISON(type, name, ge, >=, fmt)
^
test/testutil/tests.c:215:1: note: in expansion of macro 'DEFINE_COMPARISONS'
DEFINE_COMPARISONS(size_t, size_t, "%zu")
^
test/testutil/tests.c:196:27: warning: too many arguments for format [-Wformat-extra-args]
"[" fmt "] compared to [" fmt "]",            \
^
test/testutil/tests.c:207:5: note: in expansion of macro 'DEFINE_COMPARISON'
DEFINE_COMPARISON(type, name, ge, >=, fmt)
^
test/testutil/tests.c:215:1: note: in expansion of macro 'DEFINE_COMPARISONS'
DEFINE_COMPARISONS(size_t, size_t, "%zu")
^
ar: creating libssl.a
ar: creating test/libtestutil.a
ar: creating libcrypto.a
openssl_stub.c: In function ‘ocaml_load_chain’:
openssl_stub.c:2187:16: warning: variable ‘first’ set but not used [-Wunused-but-set-variable]
X509 *x509, *first = NULL;
^
make: *** No rule to make target 'x25519-c/Curve25519.c'.  Stop.
ffi.c:1:0: warning: -fPIC ignored for target (all code is position independent)
#include <stdio.h>
^
ffi.c: In function ‘FFI_mitls_quic_process_caml’:
ffi.c:984:13: warning: unused variable ‘errorcode’ [-Wunused-variable]
int errorcode = Int_val(Field(result, 1));
^
ffi.c:1:0: warning: -fPIC ignored for target (all code is position independent)
#include <stdio.h>
^
ffi.c: In function ‘FFI_mitls_quic_process_caml’:
ffi.c:984:13: warning: unused variable ‘errorcode’ [-Wunused-variable]
int errorcode = Int_val(Field(result, 1));
^
ffi.c:1:0: warning: -fPIC ignored for target (all code is position independent)
#include <stdio.h>
^
ffi.c: In function ‘FFI_mitls_quic_process_caml’:
ffi.c:984:13: warning: unused variable ‘errorcode’ [-Wunused-variable]
int errorcode = Int_val(Field(result, 1));
^
ffi.c:1:0: warning: -fPIC ignored for target (all code is position independent)
#include <stdio.h>
^
ffi.c: In function ‘FFI_mitls_quic_process_caml’:
ffi.c:984:13: warning: unused variable ‘errorcode’ [-Wunused-variable]
int errorcode = Int_val(Field(result, 1));
^
ffi.c:1:0: warning: -fPIC ignored for target (all code is position independent)
#include <stdio.h>
^
ffi.c: In function ‘FFI_mitls_quic_process_caml’:
ffi.c:984:13: warning: unused variable ‘errorcode’ [-Wunused-variable]
int errorcode = Int_val(Field(result, 1));
^
ffi.c:1:0: warning: -fPIC ignored for target (all code is position independent)
#include <stdio.h>
^
ffi.c: In function ‘FFI_mitls_quic_process_caml’:
ffi.c:984:13: warning: unused variable ‘errorcode’ [-Wunused-variable]
int errorcode = Int_val(Field(result, 1));
^
Makefile.OCaml:43: *** LOWC_HOME is C:/build/agent1/_work/6/s/hacl-star/secure_api/out/runtime_switch and I cannot find C:/build/agent1/_work/6/s/hacl-star/secure_api/out/runtime_switch/LowC.cmxa -- please run make in secure_api!.  Stop.
make: *** [Makefile:10: ocaml-all] Error 2
make: *** Waiting for unfinished jobs....
Makefile.Kremlin:86: *** HACL_HOME is C:/build/agent1/_work/6/s/hacl-star and I cannot find C:/build/agent1/_work/6/s/hacl-star/code/curve25519/x25519-c/Curve25519.h -- please run make extract-c -C C:/build/agent1/_work/6/s/hacl-star/code/curve25519/x25519-c/.. -- thanks.  Stop.
make: *** [Makefile:13: kremlin-all] Error 2
StatefulPlain.fst(80,0-80,5): (Warning 307) logic qualifier is deprecated, please remove it from the source program. In case your program verifies with the qualifier annotated but not without it, please try to minimize the example and file a github issue
StatefulPlain.fst(85,0-85,5): (Warning 307) logic qualifier is deprecated, please remove it from the source program. In case your program verifies with the qualifier annotated but not without it, please try to minimize the example and file a github issue
Unable to open hints file: C:\build\agent1\_work\6\s\kremlin\kremlib\FStar.Kremlin.Endianness.fst.hints; ran without hints
Unable to open hints file: C:\build\agent1\_work\6\s\mitls-fstar\src\tls\FStar.Test.fst.hints; ran without hints
C:/build/agent1/_work/6/s/mitls-fstar/src/lowparse/LowParse.BigEndian.fst(30,2-32,2): (Warning 252) could not prove post-condition (see also C:/build/agent1/_work/6/s/mitls-fstar/src/lowparse/LowParse.BigEndian.fst(31,2-31,71))
C:/build/agent1/_work/6/s/mitls-fstar/src/lowparse/LowParse.BigEndian.fst(30,2-32,2): (Warning 252) could not prove post-condition (see also C:/build/agent1/_work/6/s/mitls-fstar/src/lowparse/LowParse.BigEndian.fst(31,2-31,71))
C:/build/agent1/_work/6/s/mitls-fstar/src/lowparse/LowParse.BigEndian.fst(36,2-42,2): (Warning 252) could not prove post-condition (see also C:/build/agent1/_work/6/s/mitls-fstar/src/lowparse/LowParse.BigEndian.fst(37,2-41,5))
C:/build/agent1/_work/6/s/mitls-fstar/src/lowparse/LowParse.BigEndian.fst(36,2-42,2): (Warning 252) could not prove post-condition (see also C:/build/agent1/_work/6/s/mitls-fstar/src/lowparse/LowParse.BigEndian.fst(37,2-41,5))
C:/build/agent1/_work/6/s/mitls-fstar/src/lowparse/LowParse.BigEndian.fst(46,2-53,2): (Warning 252) could not prove post-condition (see also C:/build/agent1/_work/6/s/mitls-fstar/src/lowparse/LowParse.BigEndian.fst(47,2-52,6))
C:/build/agent1/_work/6/s/mitls-fstar/src/lowparse/LowParse.BigEndian.fst(46,2-53,2): (Warning 252) could not prove post-condition (see also C:/build/agent1/_work/6/s/mitls-fstar/src/lowparse/LowParse.BigEndian.fst(47,2-52,6))
C:/build/agent1/_work/6/s/mitls-fstar/src/lowparse/LowParse.BigEndian.fst(46,2-53,2): (Warning 252) could not prove post-condition (see also C:/build/agent1/_work/6/s/mitls-fstar/src/lowparse/LowParse.BigEndian.fst(47,2-52,6))
Unable to open hints file: hints/C.Endianness.fst.hints; ran without hints
C:/build/agent1/_work/6/s/mitls-fstar/src/lowparse/LowParse.SLow.Base.fst(135,2-137,2): (Warning 252) could not prove post-condition (see also C:/build/agent1/_work/6/s/mitls-fstar/src/lowparse/LowParse.SLow.Base.fst(136,2-136,56))
C:/build/agent1/_work/6/s/mitls-fstar/src/lowparse/LowParse.SLow.Base.fst(147,2-154,2): (Warning 252) could not prove post-condition (see also C:/build/agent1/_work/6/s/mitls-fstar/src/lowparse/LowParse.SLow.Base.fst(152,4-152,44))
C:/build/agent1/_work/6/s/mitls-fstar/src/lowparse/LowParse.SLow.Base.fst(181,2-204,2): (Warning 252) could not prove post-condition (see also C:/build/agent1/_work/6/s/mitls-fstar/src/lowparse/LowParse.SLow.Base.fst(199,4-199,26))
C:/build/agent1/_work/6/s/mitls-fstar/src/lowparse/LowParse.Spec.Combinators.fst(219,4-219,33): (Warning 252) assertion failed (see also C:/build/agent1/_work/6/s/mitls-fstar/src/lowparse/LowParse.Spec.Combinators.fst(238,10-238,23))
C:/build/agent1/_work/6/s/mitls-fstar/src/lowparse/LowParse.Spec.Combinators.fst(361,4-361,33): (Warning 252) assertion failed (see also C:/build/agent1/_work/6/s/mitls-fstar/src/lowparse/LowParse.Spec.Combinators.fst(380,10-380,23))
C:/build/agent1/_work/6/s/mitls-fstar/src/lowparse/LowParse.Spec.VLData.fst(30,16-30,29): (Warning 252) Subtyping check failed; expected type FStar.UInt.uint_t FStar.UInt32.n; got type Prims.nat (see also C:/build/agent1/_work/6/s/FStar/ulib/FStar.UInt.fst(52,28-52,36))
C:/build/agent1/_work/6/s/mitls-fstar/src/lowparse/LowParse.Spec.VLData.fst(30,16-30,29): (Warning 252) Subtyping check failed; expected type FStar.UInt.uint_t FStar.UInt32.n; got type Prims.nat (see also C:/build/agent1/_work/6/s/FStar/ulib/FStar.UInt.fst(52,28-52,36))
C:/build/agent1/_work/6/s/mitls-fstar/src/lowparse/LowParse.Spec.VLData.fst(44,33-44,47): (Warning 252) Subtyping check failed; expected type FStar.UInt.uint_t FStar.UInt32.n; got type Prims.nat (see also C:/build/agent1/_work/6/s/FStar/ulib/FStar.UInt.fst(52,28-52,36))
C:/build/agent1/_work/6/s/mitls-fstar/src/lowparse/LowParse.Spec.VLData.fst(44,33-44,47): (Warning 252) Subtyping check failed; expected type FStar.UInt.uint_t FStar.UInt32.n; got type Prims.nat (see also C:/build/agent1/_work/6/s/FStar/ulib/FStar.UInt.fst(52,28-52,36))
C:/build/agent1/_work/6/s/mitls-fstar/src/lowparse/LowParse.Spec.VLData.fst(73,2-76,2): (Warning 252) assertion failed (see also C:/build/agent1/_work/6/s/FStar/ulib/prims.fst(215,68-215,80))
C:/build/agent1/_work/6/s/mitls-fstar/src/lowparse/LowParse.Spec.VLData.fst(73,2-76,2): (Warning 252) could not prove post-condition (see also C:/build/agent1/_work/6/s/mitls-fstar/src/lowparse/LowParse.Spec.VLData.fst(75,21-75,59))
C:/build/agent1/_work/6/s/mitls-fstar/src/lowparse/LowParse.Spec.VLData.fst(73,2-76,2): (Warning 252) assertion failed (see also C:/build/agent1/_work/6/s/FStar/ulib/prims.fst(215,68-215,80))
C:/build/agent1/_work/6/s/mitls-fstar/src/lowparse/LowParse.Spec.VLData.fst(73,2-76,2): (Warning 252) could not prove post-condition (see also C:/build/agent1/_work/6/s/mitls-fstar/src/lowparse/LowParse.Spec.VLData.fst(75,21-75,59))
C:/build/agent1/_work/6/s/hacl-star/secure_api/utils/Crypto.Symmetric.Bytes.fst(333,2-340,51): (Warning 252) assertion failed (see also C:/build/agent1/_work/6/s/FStar/ulib/FStar.UInt64.fst(84,12-84,32))
C:/build/agent1/_work/6/s/hacl-star/secure_api/utils/Crypto.Symmetric.Bytes.fst(333,2-340,51): (Warning 252) assertion failed (see also C:/build/agent1/_work/6/s/FStar/ulib/FStar.UInt64.fst(84,12-84,32))
StatefulPlain.fst(80,0-80,5): (Warning 307) logic qualifier is deprecated, please remove it from the source program. In case your program verifies with the qualifier annotated but not without it, please try to minimize the example and file a github issue
StatefulPlain.fst(85,0-85,5): (Warning 307) logic qualifier is deprecated, please remove it from the source program. In case your program verifies with the qualifier annotated but not without it, please try to minimize the example and file a github issue
StatefulPlain.fst(80,0-80,5): (Warning 307) logic qualifier is deprecated, please remove it from the source program. In case your program verifies with the qualifier annotated but not without it, please try to minimize the example and file a github issue
StatefulPlain.fst(85,0-85,5): (Warning 307) logic qualifier is deprecated, please remove it from the source program. In case your program verifies with the qualifier annotated but not without it, please try to minimize the example and file a github issue
StatefulPlain.fst(80,0-80,5): (Warning 307) logic qualifier is deprecated, please remove it from the source program. In case your program verifies with the qualifier annotated but not without it, please try to minimize the example and file a github issue
StatefulPlain.fst(85,0-85,5): (Warning 307) logic qualifier is deprecated, please remove it from the source program. In case your program verifies with the qualifier annotated but not without it, please try to minimize the example and file a github issue
StatefulPlain.fst(80,0-80,5): (Warning 307) logic qualifier is deprecated, please remove it from the source program. In case your program verifies with the qualifier annotated but not without it, please try to minimize the example and file a github issue
StatefulPlain.fst(85,0-85,5): (Warning 307) logic qualifier is deprecated, please remove it from the source program. In case your program verifies with the qualifier annotated but not without it, please try to minimize the example and file a github issue
C:/build/agent1/_work/6/s/mitls-fstar/src/lowparse/LowParse.SLow.Sum.fst(325,2-327,2): (Warning 252) assertion failed (see also C:/build/agent1/_work/6/s/FStar/ulib/prims.fst(215,68-215,80))
StatefulPlain.fst(80,0-80,5): (Warning 307) logic qualifier is deprecated, please remove it from the source program. In case your program verifies with the qualifier annotated but not without it, please try to minimize the example and file a github issue
StatefulPlain.fst(85,0-85,5): (Warning 307) logic qualifier is deprecated, please remove it from the source program. In case your program verifies with the qualifier annotated but not without it, please try to minimize the example and file a github issue
StatefulLHAE.fst(95,2-95,43): (Warning 271) Pattern ((ite (= (BoundV 0) (BoxBool (true ))) (FStar.Monotonic.Seq.seqn_val (AEAD_GCM.__proj__State__item__log_region (BoundV 1) (TLSConstants.Writer@tok ) (BoundV 2)) (AEAD_GCM.entry (BoundV 1)) (AEAD_GCM.__proj__State__item__region (BoundV 1) (TLSConstants.Writer@tok ) (BoundV 2)) (AEAD_GCM.__proj__State__item__log (BoundV 1) (TLSConstants.Writer@tok ) (BoundV 2)) (AEAD_GCM.max_ctr (AEAD_GCM.alg (BoundV 1)))) (AEAD_GCM.counter (AEAD_GCM.alg (BoundV 1))))) contains illegal symbols; dropping it (see also StatefulLHAE.fst(91,21-91,41))
StatefulPlain.fst(80,0-80,5): (Warning 307) logic qualifier is deprecated, please remove it from the source program. In case your program verifies with the qualifier annotated but not without it, please try to minimize the example and file a github issue
StatefulPlain.fst(85,0-85,5): (Warning 307) logic qualifier is deprecated, please remove it from the source program. In case your program verifies with the qualifier annotated but not without it, please try to minimize the example and file a github issue
StAE.fst(368,2-405,7): (Warning 271) Pattern ((ite (= (BoundV 0) (BoxBool (true ))) (FStar.Monotonic.Seq.seqn_val (AEAD_GCM.__proj__State__item__log_region (BoundV 1) (TLSConstants.Writer@tok ) (BoundV 2)) (AEAD_GCM.entry (BoundV 1)) (AEAD_GCM.__proj__State__item__region (BoundV 1) (TLSConstants.Writer@tok ) (BoundV 2)) (AEAD_GCM.__proj__State__item__log (BoundV 1) (TLSConstants.Writer@tok ) (BoundV 2)) (AEAD_GCM.max_ctr (AEAD_GCM.alg (BoundV 1)))) (AEAD_GCM.counter (AEAD_GCM.alg (BoundV 1))))) contains illegal symbols; dropping it (see also StatefulLHAE.fst(91,21-91,41))
StatefulPlain.fst(80,0-80,5): (Warning 307) logic qualifier is deprecated, please remove it from the source program. In case your program verifies with the qualifier annotated but not without it, please try to minimize the example and file a github issue
StatefulPlain.fst(85,0-85,5): (Warning 307) logic qualifier is deprecated, please remove it from the source program. In case your program verifies with the qualifier annotated but not without it, please try to minimize the example and file a github issue
StatefulPlain.fst(80,0-80,5): (Warning 307) logic qualifier is deprecated, please remove it from the source program. In case your program verifies with the qualifier annotated but not without it, please try to minimize the example and file a github issue
StatefulPlain.fst(85,0-85,5): (Warning 307) logic qualifier is deprecated, please remove it from the source program. In case your program verifies with the qualifier annotated but not without it, please try to minimize the example and file a github issue
StatefulPlain.fst(80,0-80,5): (Warning 307) logic qualifier is deprecated, please remove it from the source program. In case your program verifies with the qualifier annotated but not without it, please try to minimize the example and file a github issue
StatefulPlain.fst(85,0-85,5): (Warning 307) logic qualifier is deprecated, please remove it from the source program. In case your program verifies with the qualifier annotated but not without it, please try to minimize the example and file a github issue
StatefulPlain.fst(80,0-80,5): (Warning 307) logic qualifier is deprecated, please remove it from the source program. In case your program verifies with the qualifier annotated but not without it, please try to minimize the example and file a github issue
StatefulPlain.fst(85,0-85,5): (Warning 307) logic qualifier is deprecated, please remove it from the source program. In case your program verifies with the qualifier annotated but not without it, please try to minimize the example and file a github issue
StatefulPlain.fst(80,0-80,5): (Warning 307) logic qualifier is deprecated, please remove it from the source program. In case your program verifies with the qualifier annotated but not without it, please try to minimize the example and file a github issue
StatefulPlain.fst(85,0-85,5): (Warning 307) logic qualifier is deprecated, please remove it from the source program. In case your program verifies with the qualifier annotated but not without it, please try to minimize the example and file a github issue
StatefulPlain.fst(80,0-80,5): (Warning 307) logic qualifier is deprecated, please remove it from the source program. In case your program verifies with the qualifier annotated but not without it, please try to minimize the example and file a github issue
StatefulPlain.fst(85,0-85,5): (Warning 307) logic qualifier is deprecated, please remove it from the source program. In case your program verifies with the qualifier annotated but not without it, please try to minimize the example and file a github issue
StatefulPlain.fst(80,0-80,5): (Warning 307) logic qualifier is deprecated, please remove it from the source program. In case your program verifies with the qualifier annotated but not without it, please try to minimize the example and file a github issue
StatefulPlain.fst(85,0-85,5): (Warning 307) logic qualifier is deprecated, please remove it from the source program. In case your program verifies with the qualifier annotated but not without it, please try to minimize the example and file a github issue
StatefulPlain.fst(80,0-80,5): (Warning 307) logic qualifier is deprecated, please remove it from the source program. In case your program verifies with the qualifier annotated but not without it, please try to minimize the example and file a github issue
StatefulPlain.fst(85,0-85,5): (Warning 307) logic qualifier is deprecated, please remove it from the source program. In case your program verifies with the qualifier annotated but not without it, please try to minimize the example and file a github issue
QD.TLS_protocolVersion.fst(38,15-38,16): (Warning 252) Subtyping check failed; expected type LowParse.Spec.Enum.unknown_enum_repr QD.TLS_protocolVersion.protocolVersion_enum; got type FStar.UInt16.t (see also C:/build/agent1/_work/6/s/mitls-fstar/src/lowparse/LowParse.Spec.Enum.fst(233,13-233,49))
QD.TLS_protocolVersion.fst(38,15-38,16): (Warning 252) Subtyping check failed; expected type LowParse.Spec.Enum.unknown_enum_repr QD.TLS_protocolVersion.protocolVersion_enum; got type FStar.UInt16.t (see also C:/build/agent1/_work/6/s/mitls-fstar/src/lowparse/LowParse.Spec.Enum.fst(233,13-233,49))
StatefulPlain.fst(80,0-80,5): (Warning 307) logic qualifier is deprecated, please remove it from the source program. In case your program verifies with the qualifier annotated but not without it, please try to minimize the example and file a github issue
StatefulPlain.fst(85,0-85,5): (Warning 307) logic qualifier is deprecated, please remove it from the source program. In case your program verifies with the qualifier annotated but not without it, please try to minimize the example and file a github issue
StatefulPlain.fst(80,0-80,5): (Warning 307) logic qualifier is deprecated, please remove it from the source program. In case your program verifies with the qualifier annotated but not without it, please try to minimize the example and file a github issue
StatefulPlain.fst(85,0-85,5): (Warning 307) logic qualifier is deprecated, please remove it from the source program. In case your program verifies with the qualifier annotated but not without it, please try to minimize the example and file a github issue
StatefulPlain.fst(80,0-80,5): (Warning 307) logic qualifier is deprecated, please remove it from the source program. In case your program verifies with the qualifier annotated but not without it, please try to minimize the example and file a github issue
StatefulPlain.fst(85,0-85,5): (Warning 307) logic qualifier is deprecated, please remove it from the source program. In case your program verifies with the qualifier annotated but not without it, please try to minimize the example and file a github issue
StatefulPlain.fst(80,0-80,5): (Warning 307) logic qualifier is deprecated, please remove it from the source program. In case your program verifies with the qualifier annotated but not without it, please try to minimize the example and file a github issue
StatefulPlain.fst(85,0-85,5): (Warning 307) logic qualifier is deprecated, please remove it from the source program. In case your program verifies with the qualifier annotated but not without it, please try to minimize the example and file a github issue
