Cloning into 'fstarlang_binaries'...
Already on 'master'
Cloning into 'mitls-fstar'...
Already on 'master'
Cloning into 'vale'...
Already on 'master'
Cloning into 'FStar'...
Checking out files:  30% (860/2851)   Checking out files:  31% (884/2851)   Checking out files:  32% (913/2851)   Checking out files:  33% (941/2851)   Checking out files:  34% (970/2851)   Checking out files:  35% (998/2851)   Checking out files:  36% (1027/2851)   Checking out files:  37% (1055/2851)   Checking out files:  38% (1084/2851)   Checking out files:  39% (1112/2851)   Checking out files:  40% (1141/2851)   Checking out files:  41% (1169/2851)   Checking out files:  42% (1198/2851)   Checking out files:  43% (1226/2851)   Checking out files:  44% (1255/2851)   Checking out files:  45% (1283/2851)   Checking out files:  46% (1312/2851)   Checking out files:  47% (1340/2851)   Checking out files:  48% (1369/2851)   Checking out files:  49% (1397/2851)   Checking out files:  50% (1426/2851)   Checking out files:  51% (1455/2851)   Checking out files:  52% (1483/2851)   Checking out files:  53% (1512/2851)   Checking out files:  54% (1540/2851)   Checking out files:  55% (1569/2851)   Checking out files:  56% (1597/2851)   Checking out files:  57% (1626/2851)   Checking out files:  57% (1646/2851)   Checking out files:  58% (1654/2851)   Checking out files:  59% (1683/2851)   Checking out files:  60% (1711/2851)   Checking out files:  61% (1740/2851)   Checking out files:  62% (1768/2851)   Checking out files:  63% (1797/2851)   Checking out files:  64% (1825/2851)   Checking out files:  65% (1854/2851)   Checking out files:  66% (1882/2851)   Checking out files:  67% (1911/2851)   Checking out files:  68% (1939/2851)   Checking out files:  69% (1968/2851)   Checking out files:  70% (1996/2851)   Checking out files:  71% (2025/2851)   Checking out files:  72% (2053/2851)   Checking out files:  73% (2082/2851)   Checking out files:  74% (2110/2851)   Checking out files:  75% (2139/2851)   Checking out files:  76% (2167/2851)   Checking out files:  77% (2196/2851)   Checking out files:  78% (2224/2851)   Checking out files:  79% (2253/2851)   Checking out files:  80% (2281/2851)   Checking out files:  81% (2310/2851)   Checking out files:  82% (2338/2851)   Checking out files:  83% (2367/2851)   Checking out files:  83% (2385/2851)   Checking out files:  84% (2395/2851)   Checking out files:  85% (2424/2851)   Checking out files:  86% (2452/2851)   Checking out files:  87% (2481/2851)   Checking out files:  88% (2509/2851)   Checking out files:  89% (2538/2851)   Checking out files:  90% (2566/2851)   Checking out files:  91% (2595/2851)   Checking out files:  92% (2623/2851)   Checking out files:  93% (2652/2851)   Checking out files:  94% (2680/2851)   Checking out files:  95% (2709/2851)   Checking out files:  96% (2737/2851)   Checking out files:  97% (2766/2851)   Checking out files:  98% (2794/2851)   Checking out files:  99% (2823/2851)   Checking out files: 100% (2851/2851)   Checking out files: 100% (2851/2851), done.
Already on 'master'
Cloning into 'MLCrypto'...
Submodule 'openssl' (https://github.com/openssl/openssl) registered for path 'openssl'
Cloning into '/cygdrive/c/build/agent1/_work/5/s/MLCrypto/openssl'...
Submodule 'boringssl' (https://boringssl.googlesource.com/boringssl) registered for path 'openssl/boringssl'
Submodule 'krb5' (https://github.com/krb5/krb5) registered for path 'openssl/krb5'
Submodule 'pyca.cryptography' (https://github.com/pyca/cryptography.git) registered for path 'openssl/pyca-cryptography'
Cloning into '/cygdrive/c/build/agent1/_work/5/s/MLCrypto/openssl/boringssl'...
Cloning into '/cygdrive/c/build/agent1/_work/5/s/MLCrypto/openssl/krb5'...
Cloning into '/cygdrive/c/build/agent1/_work/5/s/MLCrypto/openssl/pyca-cryptography'...
Already on 'master'
Cloning into 'hacl-star'...
Checking out files:  12% (660/5288)   Checking out files:  13% (688/5288)   Checking out files:  14% (741/5288)   Checking out files:  15% (794/5288)   Checking out files:  16% (847/5288)   Checking out files:  17% (899/5288)   Checking out files:  18% (952/5288)   Checking out files:  19% (1005/5288)   Checking out files:  20% (1058/5288)   Checking out files:  21% (1111/5288)   Checking out files:  22% (1164/5288)   Checking out files:  23% (1217/5288)   Checking out files:  24% (1270/5288)   Checking out files:  25% (1322/5288)   Checking out files:  26% (1375/5288)   Checking out files:  26% (1390/5288)   Checking out files:  27% (1428/5288)   Checking out files:  28% (1481/5288)   Checking out files:  29% (1534/5288)   Checking out files:  30% (1587/5288)   Checking out files:  31% (1640/5288)   Checking out files:  32% (1693/5288)   Checking out files:  33% (1746/5288)   Checking out files:  34% (1798/5288)   Checking out files:  35% (1851/5288)   Checking out files:  36% (1904/5288)   Checking out files:  37% (1957/5288)   Checking out files:  38% (2010/5288)   Checking out files:  39% (2063/5288)   Checking out files:  39% (2070/5288)   Checking out files:  40% (2116/5288)   Checking out files:  41% (2169/5288)   Checking out files:  42% (2221/5288)   Checking out files:  43% (2274/5288)   Checking out files:  44% (2327/5288)   Checking out files:  45% (2380/5288)   Checking out files:  46% (2433/5288)   Checking out files:  47% (2486/5288)   Checking out files:  48% (2539/5288)   Checking out files:  49% (2592/5288)   Checking out files:  50% (2644/5288)   Checking out files:  51% (2697/5288)   Checking out files:  52% (2750/5288)   Checking out files:  52% (2773/5288)   Checking out files:  53% (2803/5288)   Checking out files:  54% (2856/5288)   Checking out files:  55% (2909/5288)   Checking out files:  56% (2962/5288)   Checking out files:  57% (3015/5288)   Checking out files:  58% (3068/5288)   Checking out files:  59% (3120/5288)   Checking out files:  60% (3173/5288)   Checking out files:  61% (3226/5288)   Checking out files:  62% (3279/5288)   Checking out files:  63% (3332/5288)   Checking out files:  64% (3385/5288)   Checking out files:  65% (3438/5288)   Checking out files:  65% (3488/5288)   Checking out files:  66% (3491/5288)   Checking out files:  67% (3543/5288)   Checking out files:  68% (3596/5288)   Checking out files:  69% (3649/5288)   Checking out files:  70% (3702/5288)   Checking out files:  71% (3755/5288)   Checking out files:  72% (3808/5288)   Checking out files:  73% (3861/5288)   Checking out files:  74% (3914/5288)   Checking out files:  75% (3966/5288)   Checking out files:  76% (4019/5288)   Checking out files:  77% (4072/5288)   Checking out files:  78% (4125/5288)   Checking out files:  78% (4170/5288)   Checking out files:  79% (4178/5288)   Checking out files:  80% (4231/5288)   Checking out files:  81% (4284/5288)   Checking out files:  82% (4337/5288)   Checking out files:  83% (4390/5288)   Checking out files:  84% (4442/5288)   Checking out files:  85% (4495/5288)   Checking out files:  86% (4548/5288)   Checking out files:  87% (4601/5288)   Checking out files:  88% (4654/5288)   Checking out files:  89% (4707/5288)   Checking out files:  90% (4760/5288)   Checking out files:  91% (4813/5288)   Checking out files:  91% (4829/5288)   Checking out files:  92% (4865/5288)   Checking out files:  93% (4918/5288)   Checking out files:  94% (4971/5288)   Checking out files:  95% (5024/5288)   Checking out files:  96% (5077/5288)   Checking out files:  97% (5130/5288)   Checking out files:  98% (5183/5288)   Checking out files:  99% (5236/5288)   Checking out files: 100% (5288/5288)   Checking out files: 100% (5288/5288), done.
Submodule 'other_providers/libsodium' (https://github.com/jedisct1/libsodium.git) registered for path 'other_providers/libsodium'
Submodule 'other_providers/openssl' (https://github.com/openssl/openssl.git) registered for path 'other_providers/openssl'
Submodule 'other_providers/vale' (https://github.com/project-everest/vale.git) registered for path 'other_providers/vale'
Cloning into '/cygdrive/c/build/agent1/_work/5/s/hacl-star/other_providers/libsodium'...
Cloning into '/cygdrive/c/build/agent1/_work/5/s/hacl-star/other_providers/openssl'...
Cloning into '/cygdrive/c/build/agent1/_work/5/s/hacl-star/other_providers/vale'...
Submodule 'boringssl' (https://boringssl.googlesource.com/boringssl) registered for path 'other_providers/openssl/boringssl'
Submodule 'krb5' (https://github.com/krb5/krb5) registered for path 'other_providers/openssl/krb5'
Submodule 'pyca.cryptography' (https://github.com/pyca/cryptography.git) registered for path 'other_providers/openssl/pyca-cryptography'
Cloning into '/cygdrive/c/build/agent1/_work/5/s/hacl-star/other_providers/openssl/boringssl'...
Cloning into '/cygdrive/c/build/agent1/_work/5/s/hacl-star/other_providers/openssl/krb5'...
Cloning into '/cygdrive/c/build/agent1/_work/5/s/hacl-star/other_providers/openssl/pyca-cryptography'...
warning: unable to rmdir other_providers/libsodium: Directory not empty
warning: unable to rmdir other_providers/vale: Directory not empty
Switched to a new branch 'fstar-master'
warning: unable to rmdir krb5: Directory not empty
Cloning into 'kremlin'...
Already on 'master'
Warning: you are using the standard library and/or the %inline keyword. We
recommend switching on --infer in order to avoid obscure type error messages.
FStar.List.Tot.Base.fst(265,10-265,12): (Warning 252) (Hint-replay failed): Subtyping check failed; expected type m:
Prims.list a
{ forall (u22332: FStar.Pervasives.Native.option (x: Prims.unit{Prims.hasEq a})).
FStar.List.Tot.Base.mem_filter_spec f m u22332 }; got type Prims.list a (see also FStar.List.Tot.Base.fst(263,86-263,107))
FStar.List.Tot.Base.fst(275,2-277,4): (Warning 252) (Hint-replay failed): could not prove post-condition (see also FStar.List.Tot.Base.fst(273,11-273,16))
FStar.List.Tot.Base.fst(265,10-265,12): (Warning 252) (Hint-replay failed): Subtyping check failed; expected type m:
Prims.list a
{ forall (u57593: FStar.Pervasives.Native.option (x: Prims.unit{Prims.hasEq a})).
FStar.List.Tot.Base.mem_filter_spec f m u57593 }; got type Prims.list a (see also FStar.List.Tot.Base.fst(263,86-263,107))
FStar.List.Tot.Properties.fst(855,2-855,37): (Warning 252) (Hint-replay failed): could not prove post-condition (see also FStar.List.Tot.Properties.fst(853,12-853,18))
FStar.List.Tot.Properties.fst(855,2-855,37): (Warning 252) could not prove post-condition (see also FStar.List.Tot.Properties.fst(853,12-853,18))
FStar.List.Tot.Properties.fst(884,2-885,24): (Warning 252) (Hint-replay failed): could not prove post-condition (see also FStar.List.Tot.Properties.fst(883,12-883,18))
FStar.OrdSet.fst(48,16-48,18): (Warning 252) (Hint-replay failed): Subtyping check failed; expected type Prims.eqtype; got type Type (see also prims.fst(27,21-27,28))
FStar.Monotonic.HyperStack.fst(202,2-202,25): (Warning 252) (Hint-replay failed): Subtyping check failed; expected type FStar.Monotonic.HyperStack.mem; got type FStar.Monotonic.HyperStack.mem' (see also FStar.Monotonic.HyperStack.fst(95,24-95,87))
FStar.Monotonic.HyperStack.fst(323,4-323,24): (Warning 252) (Hint-replay failed): Subtyping check failed; expected type FStar.Monotonic.HyperStack.mem; got type FStar.Monotonic.HyperStack.mem' (see also FStar.Monotonic.HyperStack.fst(95,24-95,87))
FStar.Monotonic.HyperStack.fst(334,26-334,46): (Warning 252) (Hint-replay failed): Subtyping check failed; expected type FStar.Monotonic.HyperStack.mem; got type FStar.Monotonic.HyperStack.mem' (see also FStar.Monotonic.HyperStack.fst(95,24-95,87))
FStar.Monotonic.HyperStack.fst(345,4-345,24): (Warning 252) (Hint-replay failed): Subtyping check failed; expected type FStar.Monotonic.HyperStack.mem; got type FStar.Monotonic.HyperStack.mem' (see also FStar.Monotonic.HyperStack.fst(95,24-95,87))
FStar.Monotonic.HyperStack.fst(356,4-356,24): (Warning 252) (Hint-replay failed): Subtyping check failed; expected type FStar.Monotonic.HyperStack.mem; got type FStar.Monotonic.HyperStack.mem' (see also FStar.Monotonic.HyperStack.fst(95,24-95,87))
FStar.Monotonic.HyperStack.fst(374,4-374,38): (Warning 252) (Hint-replay failed): Subtyping check failed; expected type m': FStar.Monotonic.HyperStack.mem{FStar.Monotonic.HyperStack.fresh_frame m m'}; got type FStar.Monotonic.HyperStack.mem' (see also FStar.Monotonic.HyperStack.fst(95,24-95,87))
FStar.Monotonic.HyperStack.fst(387,13-387,39): (Warning 252) (Hint-replay failed): Subtyping check failed; expected type FStar.Monotonic.HyperStack.mem; got type FStar.Monotonic.HyperStack.mem' (see also FStar.Monotonic.HyperStack.fst(95,24-95,87))
FStar.Monotonic.HyperStack.fst(202,2-202,25): (Warning 252) (Hint-replay failed): Subtyping check failed; expected type FStar.Monotonic.HyperStack.mem; got type FStar.Monotonic.HyperStack.mem' (see also FStar.Monotonic.HyperStack.fst(95,24-95,87))
FStar.Monotonic.HyperStack.fst(323,4-323,24): (Warning 252) (Hint-replay failed): Subtyping check failed; expected type FStar.Monotonic.HyperStack.mem; got type FStar.Monotonic.HyperStack.mem' (see also FStar.Monotonic.HyperStack.fst(95,24-95,87))
FStar.Monotonic.HyperStack.fst(334,26-334,46): (Warning 252) (Hint-replay failed): Subtyping check failed; expected type FStar.Monotonic.HyperStack.mem; got type FStar.Monotonic.HyperStack.mem' (see also FStar.Monotonic.HyperStack.fst(95,24-95,87))
FStar.Monotonic.HyperStack.fst(345,4-345,24): (Warning 252) (Hint-replay failed): Subtyping check failed; expected type FStar.Monotonic.HyperStack.mem; got type FStar.Monotonic.HyperStack.mem' (see also FStar.Monotonic.HyperStack.fst(95,24-95,87))
FStar.Monotonic.HyperStack.fst(356,4-356,24): (Warning 252) (Hint-replay failed): Subtyping check failed; expected type FStar.Monotonic.HyperStack.mem; got type FStar.Monotonic.HyperStack.mem' (see also FStar.Monotonic.HyperStack.fst(95,24-95,87))
FStar.Monotonic.HyperStack.fst(374,4-374,38): (Warning 252) (Hint-replay failed): Subtyping check failed; expected type m': FStar.Monotonic.HyperStack.mem{FStar.Monotonic.HyperStack.fresh_frame m m'}; got type FStar.Monotonic.HyperStack.mem' (see also FStar.Monotonic.HyperStack.fst(95,24-95,87))
FStar.Monotonic.HyperStack.fst(387,13-387,39): (Warning 252) (Hint-replay failed): Subtyping check failed; expected type FStar.Monotonic.HyperStack.mem; got type FStar.Monotonic.HyperStack.mem' (see also FStar.Monotonic.HyperStack.fst(95,24-95,87))
FStar.Monotonic.HyperStack.fst(524,36-524,37): (Warning 252) (Hint-replay failed): Subtyping check failed; expected type s:
FStar.Monotonic.HyperStack.mreference a rel
{ FStar.Monotonic.HyperStack.live_region (FStar.Monotonic.HyperStack.upd h r x)
(FStar.Monotonic.HyperStack.frameOf s) }; got type FStar.Monotonic.HyperStack.mreference a rel (see also FStar.Monotonic.HyperStack.fst(316,64-316,89))
FStar.Monotonic.HyperStack.fst(542,37-542,39): (Warning 252) (Hint-replay failed): Subtyping check failed; expected type s:
FStar.Monotonic.HyperStack.mreference b rel_b
{ FStar.Monotonic.HyperStack.live_region (FStar.Monotonic.HyperStack.upd h r1 x)
(FStar.Monotonic.HyperStack.frameOf s) }; got type FStar.Monotonic.HyperStack.mreference b rel_b (see also FStar.Monotonic.HyperStack.fst(316,64-316,89))
FStar.HyperStack.ST.fst(356,4-356,11): (Warning 252) (Hint-replay failed): assertion failed (see also FStar.HyperStack.ST.fst(98,60-98,73))
FStar.HyperStack.ST.fst(366,4-366,11): (Warning 252) (Hint-replay failed): assertion failed (see also FStar.HyperStack.ST.fst(98,60-98,73))
FStar.HyperStack.ST.fst(383,4-383,11): (Warning 252) (Hint-replay failed): assertion failed (see also FStar.HyperStack.ST.fst(98,60-98,73))
FStar.HyperStack.ST.fst(415,4-415,10): (Warning 252) (Hint-replay failed): assertion failed (see also FStar.HyperStack.ST.fst(415,11-415,76))
FStar.HyperStack.ST.fst(434,4-434,11): (Warning 252) (Hint-replay failed): assertion failed (see also FStar.HyperStack.ST.fst(98,60-98,73))
FStar.HyperStack.ST.fst(454,4-454,11): (Warning 252) (Hint-replay failed): assertion failed (see also FStar.HyperStack.ST.fst(98,60-98,73))
FStar.HyperStack.ST.fst(473,4-473,11): (Warning 252) (Hint-replay failed): assertion failed (see also FStar.HyperStack.ST.fst(98,60-98,73))
FStar.HyperStack.ST.fst(512,4-512,10): (Warning 252) (Hint-replay failed): assertion failed (see also FStar.HyperStack.ST.fst(512,11-512,76))
FStar.HyperStack.ST.fst(535,4-535,11): (Warning 252) (Hint-replay failed): assertion failed (see also FStar.HyperStack.ST.fst(98,60-98,73))
FStar.Monotonic.Map.fst(84,4-84,14): (Warning 252) (Hint-replay failed): assertion failed (see also FStar.HyperStack.ST.fst(609,37-609,41))
FStar.Monotonic.DependentMap.fst(53,4-53,14): (Warning 252) (Hint-replay failed): assertion failed (see also FStar.HyperStack.ST.fst(609,37-609,41))
FStar.Seq.Properties.fst(471,2-474,29): (Warning 252) (Hint-replay failed): could not prove post-condition (see also FStar.Seq.Properties.fst(469,20-469,28))
FStar.Fin.fst(36,2-51,18): (Warning 252) (Hint-replay failed): could not prove post-condition (see also FStar.Fin.fst(33,41-33,68))
FStar.Fin.fst(36,2-51,18): (Warning 252) (Hint-replay failed): could not prove post-condition (see also FStar.Fin.fst(33,41-33,68))
FStar.Monotonic.Seq.fst(50,4-50,17): (Warning 252) (Hint-replay failed): could not prove post-condition (see also FStar.Monotonic.Seq.fst(47,2-47,18))
FStar.Monotonic.Seq.fst(80,4-80,14): (Warning 252) (Hint-replay failed): assertion failed (see also FStar.HyperStack.ST.fst(609,37-609,41))
FStar.Monotonic.Seq.fst(142,4-142,14): (Warning 252) (Hint-replay failed): assertion failed (see also FStar.HyperStack.ST.fst(609,37-609,41))
FStar.Monotonic.Seq.fst(174,2-174,8): (Warning 252) (Hint-replay failed): assertion failed (see also FStar.Monotonic.Seq.fst(174,9-174,29))
FStar.Monotonic.Seq.fst(385,4-387,17): (Warning 252) (Hint-replay failed): could not prove post-condition (see also FStar.Monotonic.Seq.fst(380,5-380,25))
FStar.Monotonic.Seq.fst(401,4-404,10): (Warning 252) (Hint-replay failed): could not prove post-condition (see also FStar.Monotonic.Seq.fst(398,3-398,23))
FStar.ModifiesGen.fst(373,33-373,35): (Warning 252) (Hint-replay failed): could not prove post-condition (see also FStar.ModifiesGen.fsti(244,2-244,27))
FStar.ModifiesGen.fst(389,68-389,70): (Warning 252) (Hint-replay failed): could not prove post-condition (see also FStar.ModifiesGen.fsti(264,11-264,85))
FStar.ModifiesGen.fst(391,66-391,68): (Warning 252) (Hint-replay failed): could not prove post-condition (see also FStar.ModifiesGen.fsti(275,11-275,81))
FStar.ModifiesGen.fst(393,87-393,89): (Warning 252) (Hint-replay failed): could not prove post-condition (see also FStar.ModifiesGen.fsti(285,11-285,105))
FStar.ModifiesGen.fst(395,84-395,86): (Warning 252) (Hint-replay failed): could not prove post-condition (see also FStar.ModifiesGen.fsti(293,11-293,103))
FStar.ModifiesGen.fst(404,91-404,93): (Warning 252) (Hint-replay failed): could not prove post-condition (see also FStar.ModifiesGen.fsti(311,11-311,111))
FStar.ModifiesGen.fst(494,35-494,37): (Warning 252) (Hint-replay failed): could not prove post-condition (see also FStar.ModifiesGen.fsti(332,11-332,36))
FStar.ModifiesGen.fst(538,2-538,173): (Warning 252) (Hint-replay failed): could not prove post-condition (see also FStar.ModifiesGen.fsti(379,11-379,113))
FStar.ModifiesGen.fst(540,91-540,93): (Warning 252) (Hint-replay failed): could not prove post-condition (see also FStar.ModifiesGen.fsti(390,11-390,67))
FStar.ModifiesGen.fst(544,78-544,80): (Warning 252) (Hint-replay failed): could not prove post-condition (see also FStar.ModifiesGen.fsti(414,24-414,42))
FStar.ModifiesGen.fst(561,73-561,75): (Warning 252) (Hint-replay failed): could not prove post-condition (see also FStar.ModifiesGen.fsti(430,2-430,70))
FStar.ModifiesGen.fst(563,73-563,75): (Warning 252) (Hint-replay failed): could not prove post-condition (see also FStar.ModifiesGen.fsti(433,2-433,79))
FStar.ModifiesGen.fst(573,92-573,94): (Warning 252) (Hint-replay failed): could not prove post-condition (see also FStar.ModifiesGen.fsti(438,2-438,91))
FStar.ModifiesGen.fst(575,72-575,74): (Warning 252) (Hint-replay failed): could not prove post-condition (see also FStar.ModifiesGen.fsti(443,2-443,78))
FStar.ModifiesGen.fst(577,94-577,96): (Warning 252) (Hint-replay failed): could not prove post-condition (see also FStar.ModifiesGen.fsti(448,2-448,95))
FStar.ModifiesGen.fst(579,78-579,80): (Warning 252) (Hint-replay failed): could not prove post-condition (see also FStar.ModifiesGen.fsti(453,2-453,73))
FStar.ModifiesGen.fst(789,20-789,25): (Warning 252) (Hint-replay failed): assertion failed (see also FStar.ModifiesGen.fsti(550,15-550,55))
FStar.ModifiesGen.fst(804,55-804,57): (Warning 252) (Hint-replay failed): could not prove post-condition (see also FStar.ModifiesGen.fsti(593,4-593,20))
FStar.ModifiesGen.fst(806,47-806,49): (Warning 252) (Hint-replay failed): could not prove post-condition (see also FStar.ModifiesGen.fsti(609,11-611,3))
FStar.ModifiesGen.fst(828,79-828,81): (Warning 252) (Hint-replay failed): could not prove post-condition (see also FStar.ModifiesGen.fsti(670,11-670,45))
FStar.ModifiesGen.fst(844,2-844,23): (Warning 252) (Hint-replay failed): assertion failed (see also FStar.ModifiesGen.fsti(626,33-626,51))
FStar.ModifiesGen.fst(924,2-924,55): (Warning 252) (Hint-replay failed): could not prove post-condition (see also FStar.ModifiesGen.fst(923,2-923,45))
FStar.ModifiesGen.fst(940,2-940,55): (Warning 252) (Hint-replay failed): could not prove post-condition (see also FStar.ModifiesGen.fst(939,2-939,66))
FStar.ModifiesGen.fst(954,2-954,20): (Warning 252) (Hint-replay failed): assertion failed (see also FStar.ModifiesGen.fsti(223,35-223,53))
FStar.ModifiesGen.fst(1051,68-1051,70): (Warning 252) (Hint-replay failed): could not prove post-condition (see also FStar.ModifiesGen.fsti(106,16-106,35))
FStar.ModifiesGen.fst(1058,68-1058,70): (Warning 252) (Hint-replay failed): could not prove post-condition (see also FStar.ModifiesGen.fsti(106,16-106,35))
FStar.ModifiesGen.fst(1066,80-1066,82): (Warning 252) (Hint-replay failed): could not prove post-condition (see also FStar.ModifiesGen.fsti(106,16-106,35))
FStar.ModifiesGen.fst(1089,47-1089,49): (Warning 252) (Hint-replay failed): could not prove post-condition (see also FStar.ModifiesGen.fsti(845,11-847,3))
FStar.ModifiesGen.fst(1104,9-1104,85): (Warning 252) (Hint-replay failed): assertion failed
FStar.ModifiesGen.fst(1153,9-1153,40): (Warning 252) (Hint-replay failed): Subtyping check failed; expected type y: FStar.Set.set Prims.nat {FStar.Set.subset (non_live_addrs' r') y}; got type FStar.Set.set Prims.nat (see also FStar.ModifiesGen.fst(1151,82-1151,115))
FStar.ModifiesGen.fst(1263,12-1263,33): (Warning 252) (Hint-replay failed): assertion failed (see also FStar.ModifiesGen.fst(1142,13-1142,53))
FStar.ModifiesGen.fst(1290,4-1290,10): (Warning 252) (Hint-replay failed): assertion failed (see also FStar.ModifiesGen.fst(1290,11-1290,53))
FStar.ModifiesGen.fst(1538,2-1538,8): (Warning 252) (Hint-replay failed): assertion failed (see also FStar.ModifiesGen.fst(1538,9-1538,39))
FStar.ModifiesGen.fst(1600,2-1600,8): (Warning 252) (Hint-replay failed): assertion failed (see also FStar.ModifiesGen.fst(1600,9-1600,40))
FStar.ModifiesGen.fst(1660,2-1668,39): (Warning 252) (Hint-replay failed): could not prove post-condition (see also FStar.ModifiesGen.fst(1659,11-1659,42))
FStar.ModifiesGen.fst(1738,4-1738,10): (Warning 252) (Hint-replay failed): assertion failed (see also FStar.ModifiesGen.fst(1747,8-1747,36))
FStar.ModifiesGen.fst(1824,2-1830,167): (Warning 252) (Hint-replay failed): could not prove post-condition (see also FStar.ModifiesGen.fsti(961,2-961,78))
LowStar.Modifies.fsti(611,2-611,42): (Warning 252) (Hint-replay failed): assertion failed (see also LowStar.Modifies.fsti(584,48-584,82))
LowStar.Modifies.fsti(625,2-625,38): (Warning 252) (Hint-replay failed): assertion failed (see also LowStar.Modifies.fsti(594,48-594,78))
LowStar.Modifies.fsti(668,2-668,38): (Warning 252) (Hint-replay failed): assertion failed (see also LowStar.Modifies.fsti(632,48-632,89))
LowStar.Modifies.fsti(683,2-683,49): (Warning 252) (Hint-replay failed): assertion failed (see also LowStar.Modifies.fsti(643,48-643,82))
LowStar.Modifies.fsti(697,2-697,45): (Warning 252) (Hint-replay failed): assertion failed (see also LowStar.Modifies.fsti(653,48-653,78))
LowStar.Buffer.fst(444,2-449,42): (Warning 252) (Hint-replay failed): could not prove post-condition (see also LowStar.Buffer.fsti(671,4-671,21))
LowStar.Buffer.fst(481,2-481,31): (Warning 252) (Hint-replay failed): could not prove post-condition (see also LowStar.Buffer.fsti(708,4-708,71))
LowStar.Buffer.fst(500,2-505,3): (Warning 252) (Hint-replay failed): could not prove post-condition (see also LowStar.Buffer.fst(494,4-494,43))
LowStar.Buffer.fst(514,2-518,3): (Warning 252) (Hint-replay failed): could not prove post-condition (see also LowStar.Buffer.fsti(797,4-797,55))
LowStar.Buffer.fst(521,2-528,3): (Warning 252) (Hint-replay failed): could not prove post-condition (see also LowStar.Buffer.fsti(821,4-821,47))
LowStar.Buffer.fst(531,2-538,3): (Warning 252) (Hint-replay failed): could not prove post-condition (see also LowStar.Buffer.fsti(839,4-839,34))
LowStar.Modifies.fsti(611,2-611,42): (Warning 252) (Hint-replay failed): assertion failed (see also LowStar.Modifies.fsti(584,48-584,82))
LowStar.Modifies.fsti(625,2-625,38): (Warning 252) (Hint-replay failed): assertion failed (see also LowStar.Modifies.fsti(594,48-594,78))
LowStar.Modifies.fst(157,43-157,80): (Warning 252) (Hint-replay failed): Subtyping check failed; expected type 
l1: LowStar.Modifies.loc ->
l2: LowStar.Modifies.loc ->
h: FStar.Monotonic.HyperStack.mem ->
h': FStar.Monotonic.HyperStack.mem ->
x: FStar.Monotonic.HyperHeap.rid ->
Prims.Lemma Prims.unit; got type 
l1: FStar.ModifiesGen.loc LowStar.Modifies.cls ->
l2: FStar.ModifiesGen.loc LowStar.Modifies.cls ->
h: FStar.Monotonic.HyperStack.mem ->
h': FStar.Monotonic.HyperStack.mem ->
r: FStar.Monotonic.HyperHeap.rid ->
Prims.Lemma Prims.unit (see also FStar.ModifiesGen.fsti(658,104-658,145))
LowStar.Modifies.fst(159,54-159,101): (Warning 252) (Hint-replay failed): Subtyping check failed; expected type 
l1: LowStar.Modifies.loc ->
l2: LowStar.Modifies.loc ->
h: FStar.Monotonic.HyperStack.mem ->
h': FStar.Monotonic.HyperStack.mem ->
x: FStar.Monotonic.HyperStack.mreference t pre ->
Prims.Lemma Prims.unit; got type 
l1: FStar.ModifiesGen.loc LowStar.Modifies.cls ->
l2: FStar.ModifiesGen.loc LowStar.Modifies.cls ->
h: FStar.Monotonic.HyperStack.mem ->
h': FStar.Monotonic.HyperStack.mem ->
r: FStar.Monotonic.HyperStack.mreference t pre ->
Prims.Lemma Prims.unit (see also FStar.ModifiesGen.fsti(669,104-669,138))
LowStar.Modifies.fst(162,5-162,44): (Warning 252) (Hint-replay failed): assertion failed (see also FStar.ModifiesGen.fsti(680,104-680,135))
LowStar.Modifies.fsti(668,2-668,38): (Warning 252) (Hint-replay failed): assertion failed (see also LowStar.Modifies.fsti(632,48-632,89))
LowStar.Modifies.fsti(683,2-683,49): (Warning 252) (Hint-replay failed): assertion failed (see also LowStar.Modifies.fsti(643,48-643,82))
LowStar.Modifies.fsti(697,2-697,45): (Warning 252) (Hint-replay failed): assertion failed (see also LowStar.Modifies.fsti(653,48-653,78))
LowStar.Modifies.fst(227,2-227,23): (Warning 252) (Hint-replay failed): assertion failed (see also LowStar.Modifies.fsti(353,59-353,77))
FStar.Pointer.Derived1.fst(118,2-118,8): (Warning 252) (Hint-replay failed): assertion failed (see also FStar.Pointer.Derived1.fst(118,9-118,104))
FStar.Pointer.Derived1.fst(168,2-168,8): (Warning 252) (Hint-replay failed): assertion failed (see also FStar.Pointer.Derived1.fst(168,9-168,91))
FStar.Pointer.Derived1.fst(171,2-171,23): (Warning 252) (Hint-replay failed): assertion failed (see also FStar.Pointer.Base.fsti(1493,5-1493,45))
FStar.Buffer.fst(740,4-740,6): (Warning 252) (Hint-replay failed): could not prove post-condition (see also FStar.Buffer.fst(738,12-738,35))
FStar.Buffer.fst(765,4-765,6): (Warning 252) (Hint-replay failed): could not prove post-condition (see also FStar.Buffer.fst(763,12-763,37))
FStar.Buffer.fst(806,2-806,8): (Warning 252) (Hint-replay failed): assertion failed (see also FStar.Buffer.fst(806,9-806,43))
FStar.Buffer.fst(841,2-841,8): (Warning 252) (Hint-replay failed): assertion failed (see also FStar.Buffer.fst(841,9-841,43))
FStar.Buffer.fst(848,4-850,56): (Warning 252) (Hint-replay failed): could not prove post-condition (see also FStar.Buffer.fst(847,12-847,80))
FStar.Buffer.fst(865,4-874,5): (Warning 252) (Hint-replay failed): could not prove post-condition (see also FStar.Buffer.fst(854,7-854,16))
FStar.Buffer.fst(960,4-961,44): (Warning 252) (Hint-replay failed): could not prove post-condition (see also FStar.Buffer.fst(959,7-959,35))
FStar.Buffer.fst(992,28-992,48): (Warning 252) (Hint-replay failed): could not prove post-condition (see also FStar.Buffer.fst(990,7-990,81))
FStar.Buffer.fst(1006,6-1006,20): (Warning 252) (Hint-replay failed): assertion failed (see also FStar.Seq.Base.fst(214,16-214,37))
FStar.Buffer.fst(1301,4-1301,6): (Warning 252) (Hint-replay failed): could not prove post-condition (see also FStar.Buffer.fst(1299,13-1299,31))
FStar.Modifies.fsti(470,2-470,42): (Warning 252) (Hint-replay failed): assertion failed (see also FStar.Modifies.fsti(443,48-443,82))
FStar.Modifies.fsti(484,2-484,38): (Warning 252) (Hint-replay failed): assertion failed (see also FStar.Modifies.fsti(453,48-453,78))
FStar.Modifies.fsti(527,2-527,38): (Warning 252) (Hint-replay failed): assertion failed (see also FStar.Modifies.fsti(491,48-491,89))
FStar.Modifies.fsti(542,2-542,49): (Warning 252) (Hint-replay failed): assertion failed (see also FStar.Modifies.fsti(502,48-502,82))
FStar.Modifies.fsti(556,2-556,45): (Warning 252) (Hint-replay failed): assertion failed (see also FStar.Modifies.fsti(512,48-512,78))
FStar.Modifies.fst(114,2-114,4): (Warning 252) (Hint-replay failed): could not prove post-condition (see also FStar.Modifies.fst(113,11-113,41))
FStar.Modifies.fsti(470,2-470,42): (Warning 252) (Hint-replay failed): assertion failed (see also FStar.Modifies.fsti(443,48-443,82))
FStar.Modifies.fsti(484,2-484,38): (Warning 252) (Hint-replay failed): assertion failed (see also FStar.Modifies.fsti(453,48-453,78))
FStar.Modifies.fst(285,43-285,80): (Warning 252) (Hint-replay failed): Subtyping check failed; expected type 
l1: FStar.Modifies.loc ->
l2: FStar.Modifies.loc ->
h: FStar.Monotonic.HyperStack.mem ->
h': FStar.Monotonic.HyperStack.mem ->
x: FStar.Monotonic.HyperHeap.rid ->
Prims.Lemma Prims.unit; got type 
l1: FStar.ModifiesGen.loc FStar.Modifies.cls ->
l2: FStar.ModifiesGen.loc FStar.Modifies.cls ->
h: FStar.Monotonic.HyperStack.mem ->
h': FStar.Monotonic.HyperStack.mem ->
r: FStar.Monotonic.HyperHeap.rid ->
Prims.Lemma Prims.unit (see also FStar.ModifiesGen.fsti(658,104-658,145))
FStar.Modifies.fst(287,54-287,101): (Warning 252) (Hint-replay failed): Subtyping check failed; expected type 
l1: FStar.Modifies.loc ->
l2: FStar.Modifies.loc ->
h: FStar.Monotonic.HyperStack.mem ->
h': FStar.Monotonic.HyperStack.mem ->
x: FStar.Monotonic.HyperStack.mreference t pre ->
Prims.Lemma Prims.unit; got type 
l1: FStar.ModifiesGen.loc FStar.Modifies.cls ->
l2: FStar.ModifiesGen.loc FStar.Modifies.cls ->
h: FStar.Monotonic.HyperStack.mem ->
h': FStar.Monotonic.HyperStack.mem ->
r: FStar.Monotonic.HyperStack.mreference t pre ->
Prims.Lemma Prims.unit (see also FStar.ModifiesGen.fsti(669,104-669,138))
FStar.Modifies.fst(290,5-290,44): (Warning 252) (Hint-replay failed): assertion failed (see also FStar.ModifiesGen.fsti(680,104-680,135))
FStar.Modifies.fsti(527,2-527,38): (Warning 252) (Hint-replay failed): assertion failed (see also FStar.Modifies.fsti(491,48-491,89))
FStar.Modifies.fsti(542,2-542,49): (Warning 252) (Hint-replay failed): assertion failed (see also FStar.Modifies.fsti(502,48-502,82))
FStar.Modifies.fsti(556,2-556,45): (Warning 252) (Hint-replay failed): assertion failed (see also FStar.Modifies.fsti(512,48-512,78))
Unable to open hints file: C:\build\agent1\_work\5\s\kremlin\kremlib\Spec.Loops.fst.hints; ran without hints
Unable to open hints file: C:\build\agent1\_work\5\s\kremlin\kremlib\FStar.Kremlin.Endianness.fst.hints; ran without hints
Unable to open hints file: C:\build\agent1\_work\5\s\kremlin\kremlib\C.Endianness.fst.hints; ran without hints
Unable to open hints file: C:\build\agent1\_work\5\s\kremlin\kremlib\C.fst.hints; ran without hints
Unable to open hints file: C:\build\agent1\_work\5\s\kremlin\kremlib\C.String.fst.hints; ran without hints
Unable to open hints file: C:\build\agent1\_work\5\s\kremlin\kremlib\C.Failure.fst.hints; ran without hints
Unable to open hints file: C:\build\agent1\_work\5\s\kremlin\kremlib\C.Loops.fst.hints; ran without hints
crypto/asn1/x_int64.c: In function 'uint64_print':
crypto/asn1/x_int64.c:105:32: warning: unknown conversion type character 'j' in format [-Wformat=]
return BIO_printf(out, "%jd\n", **(int64_t **)pval);
^
crypto/asn1/x_int64.c:105:32: warning: too many arguments for format [-Wformat-extra-args]
crypto/asn1/x_int64.c:106:28: warning: unknown conversion type character 'j' in format [-Wformat=]
return BIO_printf(out, "%ju\n", **(uint64_t **)pval);
^
crypto/asn1/x_int64.c:106:28: warning: too many arguments for format [-Wformat-extra-args]
crypto/bio/b_sock2.c: In function 'BIO_socket':
crypto/bio/b_sock2.c:45:16: warning: overflow in implicit constant conversion [-Woverflow]
return INVALID_SOCKET;
^
crypto/bio/b_sock2.c:51:16: warning: overflow in implicit constant conversion [-Woverflow]
return INVALID_SOCKET;
^
crypto/bio/b_sock2.c: In function 'BIO_accept_ex':
crypto/bio/b_sock2.c:263:16: warning: overflow in implicit constant conversion [-Woverflow]
return INVALID_SOCKET;
^
crypto/bio/b_sock2.c:268:16: warning: overflow in implicit constant conversion [-Woverflow]
return INVALID_SOCKET;
^
crypto/bio/b_sock.c: In function 'BIO_get_accept_socket':
crypto/bio/b_sock.c:202:13: warning: overflow in implicit constant conversion [-Woverflow]
int s = INVALID_SOCKET;
^
crypto/bio/b_sock.c:207:16: warning: overflow in implicit constant conversion [-Woverflow]
return INVALID_SOCKET;
^
crypto/bio/b_sock.c:210:16: warning: overflow in implicit constant conversion [-Woverflow]
return INVALID_SOCKET;
^
crypto/bio/b_sock.c:217:13: warning: overflow in implicit constant conversion [-Woverflow]
s = INVALID_SOCKET;
^
crypto/bio/b_sock.c:224:13: warning: overflow in implicit constant conversion [-Woverflow]
s = INVALID_SOCKET;
^
In file included from crypto/bn/bn_print.c:15:0:
crypto/bn/bn_print.c: In function 'BN_bn2dec':
crypto/bn/bn_lcl.h:94:27: warning: unknown conversion type character 'l' in format [-Wformat=]
#  define BN_DEC_FMT1     "%llu"
^
crypto/bn/bn_print.c:104:57: note: in expansion of macro 'BN_DEC_FMT1'
n = BIO_snprintf(p, tbytes - (size_t)(p - buf), BN_DEC_FMT1, *lp);
^
crypto/bn/bn_lcl.h:94:27: warning: too many arguments for format [-Wformat-extra-args]
#  define BN_DEC_FMT1     "%llu"
^
crypto/bn/bn_print.c:104:57: note: in expansion of macro 'BN_DEC_FMT1'
n = BIO_snprintf(p, tbytes - (size_t)(p - buf), BN_DEC_FMT1, *lp);
^
crypto/bn/bn_lcl.h:95:27: warning: unknown conversion type character 'l' in format [-Wformat=]
#  define BN_DEC_FMT2     "%019llu"
^
crypto/bn/bn_print.c:110:61: note: in expansion of macro 'BN_DEC_FMT2'
n = BIO_snprintf(p, tbytes - (size_t)(p - buf), BN_DEC_FMT2, *lp);
^
crypto/bn/bn_lcl.h:95:27: warning: too many arguments for format [-Wformat-extra-args]
#  define BN_DEC_FMT2     "%019llu"
^
crypto/bn/bn_print.c:110:61: note: in expansion of macro 'BN_DEC_FMT2'
n = BIO_snprintf(p, tbytes - (size_t)(p - buf), BN_DEC_FMT2, *lp);
^
crypto/bn/bn_print.c: In function 'BN_options':
crypto/bn/bn_print.c:340:42: warning: unknown conversion type character 'z' in format [-Wformat=]
BIO_snprintf(data, sizeof(data), "bn(%zu,%zu)",
^
crypto/bn/bn_print.c:340:42: warning: unknown conversion type character 'z' in format [-Wformat=]
crypto/bn/bn_print.c:340:42: warning: too many arguments for format [-Wformat-extra-args]
crypto/threads_win.c: In function 'CRYPTO_atomic_add':
crypto/threads_win.c:132:35: warning: passing argument 1 of '_InterlockedExchangeAdd' from incompatible pointer type [-Wincompatible-pointer-types]
*ret = InterlockedExchangeAdd(val, amount) + amount;
^
In file included from /usr/x86_64-w64-mingw32/sys-root/mingw/include/winnt.h:27:0,
from /usr/x86_64-w64-mingw32/sys-root/mingw/include/minwindef.h:163,
from /usr/x86_64-w64-mingw32/sys-root/mingw/include/windef.h:8,
from /usr/x86_64-w64-mingw32/sys-root/mingw/include/windows.h:69,
from crypto/threads_win.c:11:
/usr/x86_64-w64-mingw32/sys-root/mingw/include/psdk_inc/intrin-impl.h:1026:10: note: expected 'volatile long int *' but argument is of type 'int *'
__LONG32 _InterlockedExchangeAdd(__LONG32 volatile *Addend, __LONG32 Value) {
^
crypto/threads_win.c: In function 'CRYPTO_atomic_read':
crypto/threads_win.c:138:39: warning: passing argument 1 of '_InterlockedCompareExchange' from incompatible pointer type [-Wincompatible-pointer-types]
*ret = InterlockedCompareExchange(val, 0, 0);
^
In file included from /usr/x86_64-w64-mingw32/sys-root/mingw/include/winnt.h:27:0,
from /usr/x86_64-w64-mingw32/sys-root/mingw/include/minwindef.h:163,
from /usr/x86_64-w64-mingw32/sys-root/mingw/include/windef.h:8,
from /usr/x86_64-w64-mingw32/sys-root/mingw/include/windows.h:69,
from crypto/threads_win.c:11:
/usr/x86_64-w64-mingw32/sys-root/mingw/include/psdk_inc/intrin-impl.h:1037:10: note: expected 'volatile long int *' but argument is of type 'int *'
__LONG32 _InterlockedCompareExchange(__LONG32 volatile *Destination, __LONG32 ExChange, __LONG32 Comperand) {
^
crypto/threads_win.c: In function 'CRYPTO_atomic_write':
crypto/threads_win.c:144:25: warning: passing argument 1 of '_InterlockedExchange' from incompatible pointer type [-Wincompatible-pointer-types]
InterlockedExchange(val, n);
^
In file included from /usr/x86_64-w64-mingw32/sys-root/mingw/include/winnt.h:27:0,
from /usr/x86_64-w64-mingw32/sys-root/mingw/include/minwindef.h:163,
from /usr/x86_64-w64-mingw32/sys-root/mingw/include/windef.h:8,
from /usr/x86_64-w64-mingw32/sys-root/mingw/include/windows.h:69,
from crypto/threads_win.c:11:
/usr/x86_64-w64-mingw32/sys-root/mingw/include/psdk_inc/intrin-impl.h:1088:10: note: expected 'volatile long int *' but argument is of type 'int *'
__LONG32 _InterlockedExchange(__LONG32 volatile *Target, __LONG32 Value) {
^
test/testutil/tests.c: In function 'test_size_t_eq':
test/testutil/tests.c:196:27: warning: unknown conversion type character 'z' in format [-Wformat=]
"[" fmt "] compared to [" fmt "]",            \
^
test/testutil/tests.c:202:5: note: in expansion of macro 'DEFINE_COMPARISON'
DEFINE_COMPARISON(type, name, eq, ==, fmt)                          \
^
test/testutil/tests.c:215:1: note: in expansion of macro 'DEFINE_COMPARISONS'
DEFINE_COMPARISONS(size_t, size_t, "%zu")
^
test/testutil/tests.c:196:27: warning: unknown conversion type character 'z' in format [-Wformat=]
"[" fmt "] compared to [" fmt "]",            \
^
test/testutil/tests.c:202:5: note: in expansion of macro 'DEFINE_COMPARISON'
DEFINE_COMPARISON(type, name, eq, ==, fmt)                          \
^
test/testutil/tests.c:215:1: note: in expansion of macro 'DEFINE_COMPARISONS'
DEFINE_COMPARISONS(size_t, size_t, "%zu")
^
test/testutil/tests.c:196:27: warning: too many arguments for format [-Wformat-extra-args]
"[" fmt "] compared to [" fmt "]",            \
^
test/testutil/tests.c:202:5: note: in expansion of macro 'DEFINE_COMPARISON'
DEFINE_COMPARISON(type, name, eq, ==, fmt)                          \
^
test/testutil/tests.c:215:1: note: in expansion of macro 'DEFINE_COMPARISONS'
DEFINE_COMPARISONS(size_t, size_t, "%zu")
^
test/testutil/tests.c: In function 'test_size_t_ne':
test/testutil/tests.c:196:27: warning: unknown conversion type character 'z' in format [-Wformat=]
"[" fmt "] compared to [" fmt "]",            \
^
test/testutil/tests.c:203:5: note: in expansion of macro 'DEFINE_COMPARISON'
DEFINE_COMPARISON(type, name, ne, !=, fmt)                          \
^
test/testutil/tests.c:215:1: note: in expansion of macro 'DEFINE_COMPARISONS'
DEFINE_COMPARISONS(size_t, size_t, "%zu")
^
test/testutil/tests.c:196:27: warning: unknown conversion type character 'z' in format [-Wformat=]
"[" fmt "] compared to [" fmt "]",            \
^
test/testutil/tests.c:203:5: note: in expansion of macro 'DEFINE_COMPARISON'
DEFINE_COMPARISON(type, name, ne, !=, fmt)                          \
^
test/testutil/tests.c:215:1: note: in expansion of macro 'DEFINE_COMPARISONS'
DEFINE_COMPARISONS(size_t, size_t, "%zu")
^
test/testutil/tests.c:196:27: warning: too many arguments for format [-Wformat-extra-args]
"[" fmt "] compared to [" fmt "]",            \
^
test/testutil/tests.c:203:5: note: in expansion of macro 'DEFINE_COMPARISON'
DEFINE_COMPARISON(type, name, ne, !=, fmt)                          \
^
test/testutil/tests.c:215:1: note: in expansion of macro 'DEFINE_COMPARISONS'
DEFINE_COMPARISONS(size_t, size_t, "%zu")
^
test/testutil/tests.c: In function 'test_size_t_lt':
test/testutil/tests.c:196:27: warning: unknown conversion type character 'z' in format [-Wformat=]
"[" fmt "] compared to [" fmt "]",            \
^
test/testutil/tests.c:204:5: note: in expansion of macro 'DEFINE_COMPARISON'
DEFINE_COMPARISON(type, name, lt, <, fmt)                           \
^
test/testutil/tests.c:215:1: note: in expansion of macro 'DEFINE_COMPARISONS'
DEFINE_COMPARISONS(size_t, size_t, "%zu")
^
test/testutil/tests.c:196:27: warning: unknown conversion type character 'z' in format [-Wformat=]
"[" fmt "] compared to [" fmt "]",            \
^
test/testutil/tests.c:204:5: note: in expansion of macro 'DEFINE_COMPARISON'
DEFINE_COMPARISON(type, name, lt, <, fmt)                           \
^
test/testutil/tests.c:215:1: note: in expansion of macro 'DEFINE_COMPARISONS'
DEFINE_COMPARISONS(size_t, size_t, "%zu")
^
test/testutil/tests.c:196:27: warning: too many arguments for format [-Wformat-extra-args]
"[" fmt "] compared to [" fmt "]",            \
^
test/testutil/tests.c:204:5: note: in expansion of macro 'DEFINE_COMPARISON'
DEFINE_COMPARISON(type, name, lt, <, fmt)                           \
^
test/testutil/tests.c:215:1: note: in expansion of macro 'DEFINE_COMPARISONS'
DEFINE_COMPARISONS(size_t, size_t, "%zu")
^
test/testutil/tests.c: In function 'test_size_t_le':
test/testutil/tests.c:196:27: warning: unknown conversion type character 'z' in format [-Wformat=]
"[" fmt "] compared to [" fmt "]",            \
^
test/testutil/tests.c:205:5: note: in expansion of macro 'DEFINE_COMPARISON'
DEFINE_COMPARISON(type, name, le, <=, fmt)                          \
^
test/testutil/tests.c:215:1: note: in expansion of macro 'DEFINE_COMPARISONS'
DEFINE_COMPARISONS(size_t, size_t, "%zu")
^
test/testutil/tests.c:196:27: warning: unknown conversion type character 'z' in format [-Wformat=]
"[" fmt "] compared to [" fmt "]",            \
^
test/testutil/tests.c:205:5: note: in expansion of macro 'DEFINE_COMPARISON'
DEFINE_COMPARISON(type, name, le, <=, fmt)                          \
^
test/testutil/tests.c:215:1: note: in expansion of macro 'DEFINE_COMPARISONS'
DEFINE_COMPARISONS(size_t, size_t, "%zu")
^
test/testutil/tests.c:196:27: warning: too many arguments for format [-Wformat-extra-args]
"[" fmt "] compared to [" fmt "]",            \
^
test/testutil/tests.c:205:5: note: in expansion of macro 'DEFINE_COMPARISON'
DEFINE_COMPARISON(type, name, le, <=, fmt)                          \
^
test/testutil/tests.c:215:1: note: in expansion of macro 'DEFINE_COMPARISONS'
DEFINE_COMPARISONS(size_t, size_t, "%zu")
^
test/testutil/tests.c: In function 'test_size_t_gt':
test/testutil/tests.c:196:27: warning: unknown conversion type character 'z' in format [-Wformat=]
"[" fmt "] compared to [" fmt "]",            \
^
test/testutil/tests.c:206:5: note: in expansion of macro 'DEFINE_COMPARISON'
DEFINE_COMPARISON(type, name, gt, >, fmt)                           \
^
test/testutil/tests.c:215:1: note: in expansion of macro 'DEFINE_COMPARISONS'
DEFINE_COMPARISONS(size_t, size_t, "%zu")
^
test/testutil/tests.c:196:27: warning: unknown conversion type character 'z' in format [-Wformat=]
"[" fmt "] compared to [" fmt "]",            \
^
test/testutil/tests.c:206:5: note: in expansion of macro 'DEFINE_COMPARISON'
DEFINE_COMPARISON(type, name, gt, >, fmt)                           \
^
test/testutil/tests.c:215:1: note: in expansion of macro 'DEFINE_COMPARISONS'
DEFINE_COMPARISONS(size_t, size_t, "%zu")
^
test/testutil/tests.c:196:27: warning: too many arguments for format [-Wformat-extra-args]
"[" fmt "] compared to [" fmt "]",            \
^
test/testutil/tests.c:206:5: note: in expansion of macro 'DEFINE_COMPARISON'
DEFINE_COMPARISON(type, name, gt, >, fmt)                           \
^
test/testutil/tests.c:215:1: note: in expansion of macro 'DEFINE_COMPARISONS'
DEFINE_COMPARISONS(size_t, size_t, "%zu")
^
test/testutil/tests.c: In function 'test_size_t_ge':
test/testutil/tests.c:196:27: warning: unknown conversion type character 'z' in format [-Wformat=]
"[" fmt "] compared to [" fmt "]",            \
^
test/testutil/tests.c:207:5: note: in expansion of macro 'DEFINE_COMPARISON'
DEFINE_COMPARISON(type, name, ge, >=, fmt)
^
test/testutil/tests.c:215:1: note: in expansion of macro 'DEFINE_COMPARISONS'
DEFINE_COMPARISONS(size_t, size_t, "%zu")
^
test/testutil/tests.c:196:27: warning: unknown conversion type character 'z' in format [-Wformat=]
"[" fmt "] compared to [" fmt "]",            \
^
test/testutil/tests.c:207:5: note: in expansion of macro 'DEFINE_COMPARISON'
DEFINE_COMPARISON(type, name, ge, >=, fmt)
^
test/testutil/tests.c:215:1: note: in expansion of macro 'DEFINE_COMPARISONS'
DEFINE_COMPARISONS(size_t, size_t, "%zu")
^
test/testutil/tests.c:196:27: warning: too many arguments for format [-Wformat-extra-args]
"[" fmt "] compared to [" fmt "]",            \
^
test/testutil/tests.c:207:5: note: in expansion of macro 'DEFINE_COMPARISON'
DEFINE_COMPARISON(type, name, ge, >=, fmt)
^
test/testutil/tests.c:215:1: note: in expansion of macro 'DEFINE_COMPARISONS'
DEFINE_COMPARISONS(size_t, size_t, "%zu")
^
ar: creating libssl.a
ar: creating test/libtestutil.a
ar: creating libcrypto.a
openssl_stub.c: In function ‘ocaml_load_chain’:
openssl_stub.c:2187:16: warning: variable ‘first’ set but not used [-Wunused-but-set-variable]
X509 *x509, *first = NULL;
^
Warning 10: : -drop is deprecated
use a combination of -bundle and -d reachability to make sure the functions are eliminated as you wish
Warning 10: : -drop is deprecated
use a combination of -bundle and -d reachability to make sure the functions are eliminated as you wish
Warning 10: : -drop is deprecated
use a combination of -bundle and -d reachability to make sure the functions are eliminated as you wish
Warning 13: : FStar.Monotonic.HyperStack.mem, a monomorphic instance, is first used, and therefore inserted, in file FStar which is about to be dropped; you may get a C compiler error about FStar_Monotonic_HyperStack_mem if any other module uses this definition
Warning 13: : FStar.UInt128.uint128, a monomorphic instance, is first used, and therefore inserted, in file FStar which is about to be dropped; you may get a C compiler error about FStar_UInt128_uint128 if any other module uses this definition
Warning 13: : FStar.UInt128.t, a monomorphic instance, is first used, and therefore inserted, in file FStar which is about to be dropped; you may get a C compiler error about FStar_UInt128_t if any other module uses this definition
Warning 13: : Hacl.UInt128.t, a monomorphic instance, is first used, and therefore inserted, in file Hacl_UInt128 which is about to be dropped; you may get a C compiler error about Hacl_UInt128_t if any other module uses this definition
Warning 13: : Hacl.Types.u32, a monomorphic instance, is first used, and therefore inserted, in file Hacl_Types which is about to be dropped; you may get a C compiler error about Hacl_Types_u32 if any other module uses this definition
Warning 13: : Hacl.Types.h8, a monomorphic instance, is first used, and therefore inserted, in file Hacl_Types which is about to be dropped; you may get a C compiler error about Hacl_Types_h8 if any other module uses this definition
Warning 13: : Hacl.Types.uint8_p, a monomorphic instance, is first used, and therefore inserted, in file Hacl_Types which is about to be dropped; you may get a C compiler error about Hacl_Types_uint8_p if any other module uses this definition
Warning 10: : -drop is deprecated
use a combination of -bundle and -d reachability to make sure the functions are eliminated as you wish
Warning 3: run_or_warn: the following command failed:
C:/build/agent1/_work/5/s/FStar/bin/fstar.exe --odir chacha-vec128-c --codegen Kremlin --lax C:/build/agent1/_work/5/s/kremlin/runtime/WasmSupport.fst C:/build/agent1/_work/5/s/FStar/ulib/FStar.UInt128.fst --trace_error --cache_checked_modules --expose_interfaces --include C:/build/agent1/_work/5/s/hacl-star/code/lib/kremlin --include C:/build/agent1/_work/5/s/kremlin/kremlib --include C:/build/agent1/_work/5/s/hacl-star/specs --include . --include C:/build/agent1/_work/5/s/kremlin/include --include C:/build/agent1/_work/5/s/kremlin/kremlib Hacl.Impl.Chacha20.Vec128.State.fst Hacl.Impl.Chacha20.Vec128.fst Hacl.Chacha20.Vec128.fst Hacl.Test.Chacha20.Vec128.fst
Warning 3 is fatal, exiting.
make[1]: *** [Makefile:84: chacha-vec128-c/out.krml] Error 255
make[1]: *** Waiting for unfinished jobs....
Warning 10: : -drop is deprecated
use a combination of -bundle and -d reachability to make sure the functions are eliminated as you wish
Warning 3: run_or_warn: the following command failed:
C:/build/agent1/_work/5/s/FStar/bin/fstar.exe --odir salsa-c --codegen Kremlin --lax C:/build/agent1/_work/5/s/kremlin/runtime/WasmSupport.fst C:/build/agent1/_work/5/s/FStar/ulib/FStar.UInt128.fst --trace_error --cache_checked_modules --expose_interfaces --include C:/build/agent1/_work/5/s/hacl-star/code/lib/kremlin --include C:/build/agent1/_work/5/s/kremlin/kremlib --include C:/build/agent1/_work/5/s/hacl-star/specs --include . --include C:/build/agent1/_work/5/s/kremlin/include --include C:/build/agent1/_work/5/s/kremlin/kremlib Hacl.Impl.Salsa20.fst Hacl.Salsa20.fst Hacl.Test.Salsa20.fst
Warning 3 is fatal, exiting.
make[1]: *** [Makefile:67: salsa-c/out.krml] Error 255
Warning 10: : -drop is deprecated
use a combination of -bundle and -d reachability to make sure the functions are eliminated as you wish
Warning 13: : FStar.Monotonic.HyperStack.mem, a monomorphic instance, is first used, and therefore inserted, in file FStar which is about to be dropped; you may get a C compiler error about FStar_Monotonic_HyperStack_mem if any other module uses this definition
Warning 13: : FStar.UInt128.t, a monomorphic instance, is first used, and therefore inserted, in file FStar which is about to be dropped; you may get a C compiler error about FStar_UInt128_t if any other module uses this definition
Warning 13: : Hacl.UInt128.t, a monomorphic instance, is first used, and therefore inserted, in file Hacl_UInt128 which is about to be dropped; you may get a C compiler error about Hacl_UInt128_t if any other module uses this definition
Warning 13: : Hacl.Types.u32, a monomorphic instance, is first used, and therefore inserted, in file Hacl_Types which is about to be dropped; you may get a C compiler error about Hacl_Types_u32 if any other module uses this definition
Warning 13: : Hacl.Types.h8, a monomorphic instance, is first used, and therefore inserted, in file Hacl_Types which is about to be dropped; you may get a C compiler error about Hacl_Types_h8 if any other module uses this definition
Warning 13: : Hacl.Types.uint8_p, a monomorphic instance, is first used, and therefore inserted, in file Hacl_Types which is about to be dropped; you may get a C compiler error about Hacl_Types_uint8_p if any other module uses this definition
Warning 10: : -drop is deprecated
use a combination of -bundle and -d reachability to make sure the functions are eliminated as you wish
Warning 3: run_or_warn: the following command failed:
C:/build/agent1/_work/5/s/FStar/bin/fstar.exe --odir chacha-c --codegen Kremlin --lax C:/build/agent1/_work/5/s/kremlin/runtime/WasmSupport.fst C:/build/agent1/_work/5/s/FStar/ulib/FStar.UInt128.fst --trace_error --cache_checked_modules --expose_interfaces --include C:/build/agent1/_work/5/s/hacl-star/code/lib/kremlin --include C:/build/agent1/_work/5/s/kremlin/kremlib --include C:/build/agent1/_work/5/s/hacl-star/specs --include . --include C:/build/agent1/_work/5/s/kremlin/include --include C:/build/agent1/_work/5/s/kremlin/kremlib Hacl.Lib.LoadStore32.fst Hacl.Lib.Create.fst Hacl.Impl.Xor.Lemmas.fst Hacl.Impl.Chacha20.fst Hacl.Chacha20.fst Hacl.Test.Chacha20.fst
Warning 3 is fatal, exiting.
make[1]: *** [Makefile:49: chacha-c/out.krml] Error 255
make: *** [Makefile:9: salsa-family-c] Error 2
make: *** Waiting for unfinished jobs....
Warning 10: : -drop is deprecated
use a combination of -bundle and -d reachability to make sure the functions are eliminated as you wish
Warning 3: run_or_warn: the following command failed:
C:/build/agent1/_work/5/s/FStar/bin/fstar.exe --odir sha2-c --codegen Kremlin --lax C:/build/agent1/_work/5/s/kremlin/runtime/WasmSupport.fst C:/build/agent1/_work/5/s/FStar/ulib/FStar.UInt128.fst --trace_error --cache_checked_modules --expose_interfaces --include C:/build/agent1/_work/5/s/hacl-star/code/lib/kremlin --include C:/build/agent1/_work/5/s/kremlin/kremlib --include C:/build/agent1/_work/5/s/hacl-star/specs --include . --include interfaces --include C:/build/agent1/_work/5/s/kremlin/include --include C:/build/agent1/_work/5/s/kremlin/kremlib Hacl.Hash.Lib.LoadStore.fst Hacl.Hash.Lib.Create.fst Hacl.Impl.SHA2_512.Lemmas.fst Hacl.Impl.SHA2_512.fst Hacl.Impl.SHA2_384.Lemmas.fst Hacl.Impl.SHA2_384.fst Hacl.Impl.SHA2_256.Lemmas.fst Hacl.Impl.SHA2_256.fst Hacl.SHA2_256.fst Hacl.SHA2_384.fst Hacl.SHA2_512.fst Hacl.Test.SHA2_256.fst Hacl.Test.SHA2_384.fst Hacl.Test.SHA2_512.fst
Warning 3 is fatal, exiting.
make[1]: *** [Makefile:44: sha2-c/out.krml] Error 255
make: *** [Makefile:9: hash-c] Error 2
Warning 10: : -drop is deprecated
use a combination of -bundle and -d reachability to make sure the functions are eliminated as you wish
Warning 3: run_or_warn: the following command failed:
C:/build/agent1/_work/5/s/FStar/bin/fstar.exe --odir hmac-sha384-c --codegen Kremlin --lax C:/build/agent1/_work/5/s/kremlin/runtime/WasmSupport.fst C:/build/agent1/_work/5/s/FStar/ulib/FStar.UInt128.fst --trace_error --cache_checked_modules --expose_interfaces --include C:/build/agent1/_work/5/s/hacl-star/code/lib/kremlin --include C:/build/agent1/_work/5/s/kremlin/kremlib --include C:/build/agent1/_work/5/s/hacl-star/specs --include . --include C:/build/agent1/_work/5/s/hacl-star/code/hash --include C:/build/agent1/_work/5/s/kremlin/include --include C:/build/agent1/_work/5/s/kremlin/kremlib Hacl.HMAC.SHA2_384.fst
Warning 3 is fatal, exiting.
make[1]: *** [Makefile:57: hmac-sha384-c/out.krml] Error 255
make[1]: *** Waiting for unfinished jobs....
Warning 10: : -drop is deprecated
use a combination of -bundle and -d reachability to make sure the functions are eliminated as you wish
Warning 3: run_or_warn: the following command failed:
C:/build/agent1/_work/5/s/FStar/bin/fstar.exe --odir hmac-sha512-c --codegen Kremlin --lax C:/build/agent1/_work/5/s/kremlin/runtime/WasmSupport.fst C:/build/agent1/_work/5/s/FStar/ulib/FStar.UInt128.fst --trace_error --cache_checked_modules --expose_interfaces --include C:/build/agent1/_work/5/s/hacl-star/code/lib/kremlin --include C:/build/agent1/_work/5/s/kremlin/kremlib --include C:/build/agent1/_work/5/s/hacl-star/specs --include . --include C:/build/agent1/_work/5/s/hacl-star/code/hash --include C:/build/agent1/_work/5/s/kremlin/include --include C:/build/agent1/_work/5/s/kremlin/kremlib Hacl.HMAC.SHA2_512.fst
Warning 3 is fatal, exiting.
make[1]: *** [Makefile:67: hmac-sha512-c/out.krml] Error 255
Warning 10: : -drop is deprecated
use a combination of -bundle and -d reachability to make sure the functions are eliminated as you wish
Warning 13: : FStar.Monotonic.HyperStack.mem, a monomorphic instance, is first used, and therefore inserted, in file FStar which is about to be dropped; you may get a C compiler error about FStar_Monotonic_HyperStack_mem if any other module uses this definition
Warning 13: : FStar.UInt128.uint128, a monomorphic instance, is first used, and therefore inserted, in file FStar which is about to be dropped; you may get a C compiler error about FStar_UInt128_uint128 if any other module uses this definition
Warning 13: : FStar.UInt128.t, a monomorphic instance, is first used, and therefore inserted, in file FStar which is about to be dropped; you may get a C compiler error about FStar_UInt128_t if any other module uses this definition
Warning 13: : Hacl.UInt128.t, a monomorphic instance, is first used, and therefore inserted, in file Hacl_UInt128 which is about to be dropped; you may get a C compiler error about Hacl_UInt128_t if any other module uses this definition
Warning 13: : Hacl.Types.u32, a monomorphic instance, is first used, and therefore inserted, in file Hacl_Types which is about to be dropped; you may get a C compiler error about Hacl_Types_u32 if any other module uses this definition
Warning 13: : Hacl.Types.h8, a monomorphic instance, is first used, and therefore inserted, in file Hacl_Types which is about to be dropped; you may get a C compiler error about Hacl_Types_h8 if any other module uses this definition
Warning 13: : Hacl.Types.uint8_p, a monomorphic instance, is first used, and therefore inserted, in file Hacl_Types which is about to be dropped; you may get a C compiler error about Hacl_Types_uint8_p if any other module uses this definition
Warning 13: : Hacl.Constants.u32, a monomorphic instance, is first used, and therefore inserted, in file Hacl_Constants which is about to be dropped; you may get a C compiler error about Hacl_Constants_u32 if any other module uses this definition
Warning 13: : Hacl.Constants.u64, a monomorphic instance, is first used, and therefore inserted, in file Hacl_Constants which is about to be dropped; you may get a C compiler error about Hacl_Constants_u64 if any other module uses this definition
Warning 13: : Hacl.Constants.h8, a monomorphic instance, is first used, and therefore inserted, in file Hacl_Constants which is about to be dropped; you may get a C compiler error about Hacl_Constants_h8 if any other module uses this definition
Warning 13: : Hacl.Constants.uint8_p, a monomorphic instance, is first used, and therefore inserted, in file Hacl_Constants which is about to be dropped; you may get a C compiler error about Hacl_Constants_uint8_p if any other module uses this definition
Warning 10: : -drop is deprecated
use a combination of -bundle and -d reachability to make sure the functions are eliminated as you wish
Warning 3: run_or_warn: the following command failed:
C:/build/agent1/_work/5/s/FStar/bin/fstar.exe --odir hmac-sha256-c --codegen Kremlin --lax C:/build/agent1/_work/5/s/kremlin/runtime/WasmSupport.fst C:/build/agent1/_work/5/s/FStar/ulib/FStar.UInt128.fst --trace_error --cache_checked_modules --expose_interfaces --include C:/build/agent1/_work/5/s/hacl-star/code/lib/kremlin --include C:/build/agent1/_work/5/s/kremlin/kremlib --include C:/build/agent1/_work/5/s/hacl-star/specs --include . --include C:/build/agent1/_work/5/s/hacl-star/code/hash --include C:/build/agent1/_work/5/s/kremlin/include --include C:/build/agent1/_work/5/s/kremlin/kremlib Hacl.HMAC.SHA2_256.fst Hacl.Test.HMAC.SHA2_256.fst
Warning 3 is fatal, exiting.
make[1]: *** [Makefile:42: hmac-sha256-c/out.krml] Error 255
make: *** [Makefile:9: hmac-c] Error 2
Warning 10: : -drop is deprecated
use a combination of -bundle and -d reachability to make sure the functions are eliminated as you wish
Warning 13: : FStar.Monotonic.HyperStack.mem, a monomorphic instance, is first used, and therefore inserted, in file FStar which is about to be dropped; you may get a C compiler error about FStar_Monotonic_HyperStack_mem if any other module uses this definition
Warning 13: : FStar.UInt128.uint128, a monomorphic instance, is first used, and therefore inserted, in file FStar which is about to be dropped; you may get a C compiler error about FStar_UInt128_uint128 if any other module uses this definition
Warning 13: : FStar.UInt128.t, a monomorphic instance, is first used, and therefore inserted, in file FStar which is about to be dropped; you may get a C compiler error about FStar_UInt128_t if any other module uses this definition
Warning 13: : FStar.Endianness.u32, a monomorphic instance, is first used, and therefore inserted, in file FStar which is about to be dropped; you may get a C compiler error about FStar_Endianness_u32 if any other module uses this definition
Warning 13: : Hacl.UInt128.t, a monomorphic instance, is first used, and therefore inserted, in file Hacl_UInt128 which is about to be dropped; you may get a C compiler error about Hacl_UInt128_t if any other module uses this definition
Warning 13: : Hacl.Chacha20.uint8_p, a monomorphic instance, is first used, and therefore inserted, in file Hacl_Chacha20 which is about to be dropped; you may get a C compiler error about Hacl_Chacha20_uint8_p if any other module uses this definition
Warning 13: : Hacl.Chacha20.uint32_t, a monomorphic instance, is first used, and therefore inserted, in file Hacl_Chacha20 which is about to be dropped; you may get a C compiler error about Hacl_Chacha20_uint32_t if any other module uses this definition
Warning 13: : Hacl.Impl.Poly1305_64.State.poly1305_state, a monomorphic instance, is first used, and therefore inserted, in file Hacl_Impl_Poly1305_64_State which is about to be dropped; you may get a C compiler error about Hacl_Impl_Poly1305_64_State_poly1305_state if any other module uses this definition
Warning 13: : AEAD.Poly1305_64.uint8_p, a monomorphic instance, is first used, and therefore inserted, in file AEAD_Poly1305_64 which is about to be dropped; you may get a C compiler error about AEAD_Poly1305_64_uint8_p if any other module uses this definition
Warning 13: : AEAD.Poly1305_64.state, a monomorphic instance, is first used, and therefore inserted, in file AEAD_Poly1305_64 which is about to be dropped; you may get a C compiler error about AEAD_Poly1305_64_state if any other module uses this definition
Warning 13: : Hacl.Types.u32, a monomorphic instance, is first used, and therefore inserted, in file Hacl_Types which is about to be dropped; you may get a C compiler error about Hacl_Types_u32 if any other module uses this definition
Warning 13: : Hacl.Types.h8, a monomorphic instance, is first used, and therefore inserted, in file Hacl_Types which is about to be dropped; you may get a C compiler error about Hacl_Types_h8 if any other module uses this definition
Warning 13: : Hacl.Types.uint8_p, a monomorphic instance, is first used, and therefore inserted, in file Hacl_Types which is about to be dropped; you may get a C compiler error about Hacl_Types_uint8_p if any other module uses this definition
Warning 13: : Hacl.Constants.h8, a monomorphic instance, is first used, and therefore inserted, in file Hacl_Constants which is about to be dropped; you may get a C compiler error about Hacl_Constants_h8 if any other module uses this definition
Warning 13: : Hacl.Constants.uint8_p, a monomorphic instance, is first used, and therefore inserted, in file Hacl_Constants which is about to be dropped; you may get a C compiler error about Hacl_Constants_uint8_p if any other module uses this definition
Warning 10: : -drop is deprecated
use a combination of -bundle and -d reachability to make sure the functions are eliminated as you wish
Warning 3: run_or_warn: the following command failed:
C:/build/agent1/_work/5/s/FStar/bin/fstar.exe --odir poly-c --codegen Kremlin --lax C:/build/agent1/_work/5/s/kremlin/runtime/WasmSupport.fst C:/build/agent1/_work/5/s/FStar/ulib/FStar.UInt128.fst --trace_error --cache_checked_modules --expose_interfaces --include C:/build/agent1/_work/5/s/hacl-star/code/lib/kremlin --include C:/build/agent1/_work/5/s/kremlin/kremlib --include C:/build/agent1/_work/5/s/hacl-star/specs --include . --include ../bignum --include C:/build/agent1/_work/5/s/kremlin/include --include C:/build/agent1/_work/5/s/kremlin/kremlib ../bignum/Hacl.Spec.Bignum.Field.fst ../bignum/Hacl.Bignum.Limb.fst ../bignum/Hacl.Bignum.Wide.fst ../bignum/Hacl.Spec.Bignum.Bigint.fst ../bignum/Hacl.Spec.Bignum.Fsum.fst ../bignum/Hacl.Spec.Bignum.Fproduct.fst ../bignum/Hacl.Spec.Bignum.Fmul.fst ../bignum/Hacl.Bignum.Fsum.fst ../bignum/Hacl.Bignum.Fproduct.fst ../bignum/Hacl.Bignum.Fmul.fst Hacl.Bignum.Constants.fst Hacl.Bignum.Parameters.fst Hacl.Spec.Bignum.Modulo.fst Hacl.Spec.Bignum.AddAndMultiply.fst ../../specs/Spec.Poly1305.fst Hacl.Spec.Poly1305_64.fst Hacl.Spe.Poly1305_64.fst Hacl.Bignum.Modulo.fst Hacl.Bignum.AddAndMultiply.fst Hacl.Impl.Poly1305_64.fst Hacl.Standalone.Poly1305_64.fst Hacl.Poly1305_64.fst Hacl.Spec.Poly1305_64.Lemmas1.fst AEAD.Poly1305_64.fst Hacl.Test.Poly1305_64.fst
Warning 3 is fatal, exiting.
make[1]: *** [Makefile:83: poly-c/out.krml] Error 255
make: *** [Makefile:9: poly1305-c] Error 2
Warning 10: : -drop is deprecated
use a combination of -bundle and -d reachability to make sure the functions are eliminated as you wish
Warning 3: run_or_warn: the following command failed:
C:/build/agent1/_work/5/s/FStar/bin/fstar.exe --odir poly-c --codegen Kremlin --lax C:/build/agent1/_work/5/s/kremlin/runtime/WasmSupport.fst C:/build/agent1/_work/5/s/FStar/ulib/FStar.UInt128.fst --trace_error --cache_checked_modules --expose_interfaces --include C:/build/agent1/_work/5/s/hacl-star/code/lib/kremlin --include C:/build/agent1/_work/5/s/kremlin/kremlib --include C:/build/agent1/_work/5/s/hacl-star/specs --include . --include ../bignum --include C:/build/agent1/_work/5/s/kremlin/include --include C:/build/agent1/_work/5/s/kremlin/kremlib C:/build/agent1/_work/5/s/hacl-star/code/bignum/Hacl.Spec.Bignum.Field.fst C:/build/agent1/_work/5/s/hacl-star/code/bignum/Hacl.Bignum.Limb.fst C:/build/agent1/_work/5/s/hacl-star/code/bignum/Hacl.Bignum.Wide.fst C:/build/agent1/_work/5/s/hacl-star/code/bignum/Hacl.Spec.Bignum.Bigint.fst C:/build/agent1/_work/5/s/hacl-star/code/bignum/Hacl.Spec.Bignum.Fsum.fst C:/build/agent1/_work/5/s/hacl-star/code/bignum/Hacl.Spec.Bignum.Fproduct.fst C:/build/agent1/_work/5/s/hacl-star/code/bignum/Hacl.Spec.Bignum.Fmul.fst C:/build/agent1/_work/5/s/hacl-star/code/bignum/Hacl.Bignum.Fsum.fst C:/build/agent1/_work/5/s/hacl-star/code/bignum/Hacl.Bignum.Fproduct.fst C:/build/agent1/_work/5/s/hacl-star/code/bignum/Hacl.Bignum.Fmul.fst Hacl.Bignum.Constants.fst Hacl.Bignum.Parameters.fst Hacl.Spec.Bignum.Modulo.fst Hacl.Spec.Bignum.AddAndMultiply.fst Hacl.Spec.Poly1305_32.State.fst Hacl.Spec.Poly1305_32.Lemmas.fst Hacl.Spec.Poly1305_32.fst Hacl.Spe.Poly1305_32.fst Hacl.Bignum.Modulo.fst Hacl.Bignum.AddAndMultiply.fst Hacl.Impl.Poly1305_32.State.fst Hacl.Impl.Poly1305_32.fst Hacl.Standalone.Poly1305_32.fst Hacl.Poly1305_32.fst Hacl.Test.Poly1305_32.fst
Warning 3 is fatal, exiting.
make[1]: *** [Makefile:76: poly-c/out.krml] Error 255
make: *** [Makefile:9: poly1305_32-c] Error 2
Warning 10: : -drop is deprecated
use a combination of -bundle and -d reachability to make sure the functions are eliminated as you wish
Warning 3: run_or_warn: the following command failed:
C:/build/agent1/_work/5/s/FStar/bin/fstar.exe --odir x25519-c --codegen Kremlin --lax C:/build/agent1/_work/5/s/kremlin/runtime/WasmSupport.fst C:/build/agent1/_work/5/s/FStar/ulib/FStar.UInt128.fst --trace_error --cache_checked_modules --expose_interfaces --include C:/build/agent1/_work/5/s/hacl-star/code/lib/kremlin --include C:/build/agent1/_work/5/s/kremlin/kremlib --include C:/build/agent1/_work/5/s/hacl-star/specs --include . --include ../bignum --include C:/build/agent1/_work/5/s/kremlin/include --include C:/build/agent1/_work/5/s/kremlin/kremlib ../bignum/Hacl.Bignum.Fdifference.fst ../bignum/Hacl.Bignum.Fmul.fst ../bignum/Hacl.Bignum.Fproduct.fst ../bignum/Hacl.Bignum.Fscalar.fst ../bignum/Hacl.Bignum.Fsum.fst ../bignum/Hacl.Bignum.Limb.fst ../bignum/Hacl.Bignum.Wide.fst ../bignum/Hacl.Bignum.fst ../bignum/Hacl.Spec.Bignum.Bigint.fst ../bignum/Hacl.Spec.Bignum.Fdifference.fst ../bignum/Hacl.Spec.Bignum.Field.fst ../bignum/Hacl.Spec.Bignum.Fmul.fst ../bignum/Hacl.Spec.Bignum.Fproduct.fst ../bignum/Hacl.Spec.Bignum.Fscalar.fst ../bignum/Hacl.Spec.Bignum.Fsum.fst ../bignum/Hacl.Spec.Bignum.fst Hacl.Spec.Curve25519.Lemmas.fst Hacl.Bignum.Parameters.fst Hacl.Spec.Bignum.Modulo.fst Hacl.Spec.EC.AddAndDouble.fst Hacl.Spec.Bignum.Fsquare.fst Hacl.Spec.Bignum.Crecip.fst Hacl.Bignum.Modulo.fst Hacl.Bignum.Fsquare.fst Hacl.Bignum.Crecip.fst Hacl.Spec.EC.Point.fst Hacl.EC.Point.fst Hacl.Spec.EC.AddAndDouble2.fst Hacl.Spec.EC.AddAndDouble3.fst Hacl.Spec.EC.Format.Lemmas.fst Hacl.Spec.EC.Format.fst Hacl.EC.Format.fst Hacl.EC.AddAndDouble.fst Hacl.Spec.EC.Ladder.Lemmas.fst Hacl.Spec.EC.Ladder.fst Hacl.EC.Ladder.SmallLoop.fst Hacl.EC.Ladder.BigLoop.fst Hacl.EC.Ladder.fst Hacl.Spec.EC.fst Hacl.EC.fst Hacl.Curve25519.fst Hacl.Test.X25519.fst
Warning 3 is fatal, exiting.
make[1]: *** [Makefile:96: x25519-c/out.krml] Error 255
make: *** [Makefile:9: curve25519-c] Error 2
Warning 10: : -drop is deprecated
use a combination of -bundle and -d reachability to make sure the functions are eliminated as you wish
Warning 3: run_or_warn: the following command failed:
C:/build/agent1/_work/5/s/FStar/bin/fstar.exe --odir ed25519-c --codegen Kremlin --lax C:/build/agent1/_work/5/s/kremlin/runtime/WasmSupport.fst C:/build/agent1/_work/5/s/FStar/ulib/FStar.UInt128.fst --trace_error --cache_checked_modules --expose_interfaces --include C:/build/agent1/_work/5/s/hacl-star/code/lib/kremlin --include C:/build/agent1/_work/5/s/kremlin/kremlib --include C:/build/agent1/_work/5/s/hacl-star/specs --include . --include ../bignum --include ../curve25519 --include ../hash --include C:/build/agent1/_work/5/s/kremlin/include --include C:/build/agent1/_work/5/s/kremlin/kremlib Hacl.Bignum25519.fst ../hash/Hacl.Impl.SHA512.Ed25519.fst ../hash/Hacl.SHA2_512.fst Hacl.Impl.Load56.fst Hacl.Impl.Load51.fst Hacl.Impl.Store51.fst Hacl.Impl.BignumQ.Mul.fst Hacl.Impl.SHA512.ModQ.fst Hacl.Impl.Sha512.fst Hacl.Impl.Ed25519.Pow2_252m2.fst Hacl.Impl.Ed25519.PointAdd.fst Hacl.Impl.Ed25519.PointDouble.fst Hacl.Impl.Ed25519.SecretExpand.fst Hacl.Impl.Ed25519.PointCompress.fst Hacl.Impl.Ed25519.PointDecompress.fst Hacl.Impl.Ed25519.RecoverX.fst Hacl.Impl.Ed25519.Ladder.Step.fst Hacl.Impl.Ed25519.Ladder.fst Hacl.Impl.Ed25519.PointEqual.fst Hacl.Impl.Ed25519.SecretToPublic.fst Hacl.Ed25519.fst Hacl.Test.Ed25519.fst
Warning 3 is fatal, exiting.
make[1]: *** [Makefile:136: ed25519-c/out.krml] Error 255
make: *** [Makefile:9: ed25519-c] Error 2
% Total    % Received % Xferd  Average Speed   Time    Time     Time  Current
Dload  Upload   Total   Spent    Left  Speed
  0     0    0     0    0     0      0      0 --:--:-- --:--:-- --:--:--     0100  1282    0     2  100  1280      2   1280  0:00:01 --:--:--  0:00:01  8012
