make[1]: *** [Makefile:18: fstar-in-fsharp] Error 1
make: *** [Makefile:152: fsharp-build-and-test] Error 2
make: Target 'utest-prelude' not remade because of errors.
Command exited with non-zero status 2
0.04user 0.19system 0:19.84elapsed 1%CPU (0avgtext+0avgdata 6339584maxresident)k
0inputs+0outputs (25792major+0minor)pagefaults 0swaps
