make: *** [Makefile:78: extracted/Makefile.include] Error 1
make: *** Waiting for unfinished jobs....
make: *** [Makefile:84: uint128/Makefile.include] Error 1
make[1]: *** [Makefile:18: fstar-in-fsharp] Error 1
make: *** [Makefile:161: fsharp-build-and-test] Error 2
make: Target 'utest-prelude' not remade because of errors.
Command exited with non-zero status 2
0.09user 0.13system 0:20.13elapsed 1%CPU (0avgtext+0avgdata 6332416maxresident)k
0inputs+0outputs (25831major+0minor)pagefaults 0swaps
