/bin/bash: krml: command not found
make: *** [Makefile:78: extracted/Makefile.include] Error 127
make: *** Waiting for unfinished jobs....
/bin/bash: krml: command not found
make: *** [Makefile:84: uint128/Makefile.include] Error 127
dos2unix: converting file parser/parse.fsi to Unix format...
make[1]: *** [Makefile:149: fsharp-unit-tests] Error 1
make: *** [Makefile:157: fsharp-build-and-test] Error 2
make: Target 'utest-prelude' not remade because of errors.
Command exited with non-zero status 2
0.06user 0.39system 0:34.99elapsed 1%CPU (0avgtext+0avgdata 8980224maxresident)k
0inputs+0outputs (36597major+0minor)pagefaults 0swaps
