

[0;31mWarning:[0m could not find "msbuild", trying (deprecated) "xbuild"




[0;31mWarning:[0m could not find "msbuild", trying (deprecated) "xbuild"


From https://github.com/project-everest/vale
c00d1ac..e36b683  migrate    -> origin/migrate
/home/everest/everest-ci/ci: line 630: nuget.exe: command not found
make: *** [extracted/Makefile.include] Error 1
make: *** Waiting for unfinished jobs....
make: *** [uint128/Makefile.include] Error 1


[0;31mWarning:[0m could not find "msbuild", trying (deprecated) "xbuild"




[0;31mWarning:[0m could not find "msbuild", trying (deprecated) "xbuild"


Warning: you are using the standard library and/or the %inline keyword. We
recommend switching on --infer in order to avoid obscure type error messages.


[0;31mWarning:[0m could not find "msbuild", trying (deprecated) "xbuild"




[0;31mWarning:[0m could not find "msbuild", trying (deprecated) "xbuild"




[0;31mWarning:[0m could not find "msbuild", trying (deprecated) "xbuild"


Makefile.boot:98: .depend: No such file or directory


[0;31mWarning:[0m could not find "msbuild", trying (deprecated) "xbuild"




[0;31mWarning:[0m could not find "msbuild", trying (deprecated) "xbuild"




[0;31mWarning:[0m could not find "msbuild", trying (deprecated) "xbuild"




[0;31mWarning:[0m could not find "msbuild", trying (deprecated) "xbuild"


Makefile.extract:24: .depend.extract: No such file or directory
Makefile.extract:24: .depend.extract: No such file or directory
gmake/Makefile.tmpl:83: .depend: No such file or directory
FStar.List.Tot.Properties.fst(858,2-858,37): (Warning 252) (Hint-replay failed): could not prove post-condition (see also FStar.List.Tot.Properties.fst(856,12-856,18))
FStar.List.Tot.Properties.fst(858,2-858,37): (Warning 252) could not prove post-condition (see also FStar.List.Tot.Properties.fst(856,12-856,18))
FStar.List.Tot.Properties.fst(887,2-888,24): (Warning 252) (Hint-replay failed): could not prove post-condition (see also FStar.List.Tot.Properties.fst(886,12-886,18))
FStar.OrdSet.fst(48,16-48,18): (Warning 252) (Hint-replay failed): Subtyping check failed; expected type Prims.eqtype; got type Type (see also prims.fst(27,21-27,28))
FStar.Monotonic.HyperStack.fst(373,4-373,33): (Warning 252) (Hint-replay failed): assertion failed (see also FStar.Monotonic.HyperStack.fst(38,12-41,66))
FStar.Monotonic.HyperStack.fst(373,4-373,33): (Warning 252) (Hint-replay failed): assertion failed (see also FStar.Monotonic.HyperStack.fst(38,12-41,66))
FStar.Seq.Properties.fst(474,2-477,29): (Warning 252) (Hint-replay failed): could not prove post-condition (see also FStar.Seq.Properties.fst(472,20-472,28))
FStar.Fin.fst(36,2-51,18): (Warning 252) (Hint-replay failed): could not prove post-condition (see also FStar.Fin.fst(33,41-33,68))
FStar.Fin.fst(36,2-51,18): (Warning 252) (Hint-replay failed): could not prove post-condition (see also FStar.Fin.fst(33,41-33,68))
LowStar.BufferView.fst(79,31-79,33): (Warning 252) (Hint-replay failed): Subtyping check failed; expected type FStar.Seq.Properties.lseq (FStar.Pervasives.dfst vb)
(LowStar.Buffer.length (LowStar.BufferView.as_buffer vb)); got type FStar.Seq.Base.seq (FStar.Pervasives.dfst vb) (see also FStar.Seq.Properties.fst(24,19-24,36))
LowStar.BufferView.fst(84,4-98,24): (Warning 252) (Hint-replay failed): could not prove post-condition (see also LowStar.BufferView.fst(82,11-82,41))
LowStar.BufferView.fst(156,38-156,40): (Warning 252) (Hint-replay failed): Subtyping check failed; expected type FStar.Seq.Properties.lseq (FStar.Pervasives.dfst vb)
(LowStar.Buffer.length (LowStar.BufferView.as_buffer vb)); got type FStar.Seq.Base.seq (FStar.Pervasives.dfst vb) (see also FStar.Seq.Properties.fst(24,19-24,36))
FStar.Buffer.fst(65,4-65,10): (Warning 252) (Hint-replay failed): Subtyping check failed; expected type Prims.nat; got type FStar.UInt.uint_t FStar.UInt32.n (see also prims.fst(408,17-408,23))
FStar.Integers.fst(440,5-454,43): (Warning 252) (Hint-replay failed): Patterns are incomplete
FStar.Tactics.Typeclasses.fst(76,4-121,16): (Warning 252) (Hint-replay failed): Patterns are incomplete
FStar.Tactics.Typeclasses.fst(76,4-121,16): (Warning 252) (Hint-replay failed): Patterns are incomplete
FStar.Reflection.Arith.fst(116,30-116,32): (Warning 252) (Hint-replay failed): Subtyping check failed; expected type t: FStar.Reflection.Types.term{t << t}; got type FStar.Reflection.Types.term (see also FStar.Reflection.Arith.fst(110,4-153,14))
FStar.Reflection.Arith.fst(116,30-116,32): (Warning 252) Subtyping check failed; expected type t: FStar.Reflection.Types.term{t << t}; got type FStar.Reflection.Types.term (see also FStar.Reflection.Arith.fst(110,4-153,14))
FStar.Reflection.Arith.fst(116,30-116,32): (Warning 252) Subtyping check failed; expected type t: FStar.Reflection.Types.term{t << t}; got type FStar.Reflection.Types.term (see also FStar.Reflection.Arith.fst(110,4-153,14))
LowStar.Buffer.fst(323,30-323,56): (Warning 252) (Hint-replay failed): Subtyping check failed; expected type FStar.UInt.uint_t FStar.UInt32.n; got type Prims.nat (see also FStar.UInt.fst(52,28-52,36))
LowStar.Buffer.fst(650,2-654,110): (Warning 252) (Hint-replay failed): could not prove post-condition (see also LowStar.Buffer.fst(647,11-647,57))
LowStar.Buffer.fst(658,2-658,21): (Warning 252) (Hint-replay failed): assertion failed (see also LowStar.Buffer.fst(646,69-646,159))
LowStar.Buffer.fst(664,2-664,21): (Warning 252) (Hint-replay failed): assertion failed (see also LowStar.Buffer.fst(646,69-646,159))
LowStar.Buffer.fst(675,90-675,134): (Warning 252) (Hint-replay failed): Subtyping check failed; expected type j:
Prims.nat
{ Mkubuffer_?.b_offset us - Mkubuffer_?.b_offset ul <= j &&
j <= FStar.Seq.Base.length (LowStar.Buffer.as_seq h1 larger) }; got type Prims.int
LowStar.Buffer.fst(715,2-715,21): (Warning 252) (Hint-replay failed): assertion failed (see also LowStar.Buffer.fst(708,72-708,162))
LowStar.Buffer.fst(951,2-954,9): (Warning 252) (Hint-replay failed): could not prove post-condition (see also LowStar.Buffer.fsti(1526,11-1526,25))
LowStar.Buffer.fst(957,2-960,166): (Warning 252) (Hint-replay failed): could not prove post-condition (see also LowStar.Buffer.fsti(1533,11-1533,46))
LowStar.Buffer.fst(979,4-979,23): (Warning 252) (Hint-replay failed): assertion failed (see also LowStar.Buffer.fst(708,72-708,162))
LowStar.Buffer.fst(1037,2-1037,21): (Warning 252) (Hint-replay failed): assertion failed (see also LowStar.Buffer.fst(825,12-825,32))
LowStar.Buffer.fst(1049,83-1049,85): (Warning 252) (Hint-replay failed): Subtyping check failed; expected type h:
(h:
FStar.Monotonic.HyperStack.mem
{ LowStar.Buffer.live h
(LowStar.Buffer.gsub b
(FStar.UInt32.__uint_to_t 1)
(FStar.UInt32.sub (LowStar.Buffer.len b) (FStar.UInt32.__uint_to_t 1))) })
{ %[ FStar.Seq.Base.length (FStar.Seq.Base.slice s 1 (FStar.Seq.Base.length s)) ] <<
%[ FStar.Seq.Base.length s ] }; got type FStar.Monotonic.HyperStack.mem (see also LowStar.Buffer.fst(1044,24-1044,32))
LowStar.Buffer.fst(1090,2-1090,21): (Warning 252) (Hint-replay failed): assertion failed (see also LowStar.Buffer.fst(825,12-825,32))
LowStar.Buffer.fst(1105,2-1108,166): (Warning 252) (Hint-replay failed): could not prove post-condition (see also LowStar.Buffer.fsti(1673,11-1673,54))
LowStar.Buffer.fst(1133,2-1136,9): (Warning 252) (Hint-replay failed): could not prove post-condition (see also LowStar.Buffer.fsti(1712,11-1712,65))
LowStar.Buffer.fst(1177,2-1183,3): (Warning 252) (Hint-replay failed): could not prove post-condition (see also LowStar.Buffer.fsti(1831,4-1831,39))
LowStar.Buffer.fst(1186,2-1192,3): (Warning 252) (Hint-replay failed): could not prove post-condition (see also LowStar.Buffer.fsti(1849,4-1849,39))
FStar.ModifiesGen.fst(182,42-182,44): (Warning 252) (Hint-replay failed): could not prove post-condition (see also FStar.ModifiesGen.fsti(167,45-167,50))
FStar.ModifiesGen.fst(322,9-322,109): (Warning 252) (Hint-replay failed): assertion failed
FStar.ModifiesGen.fst(345,2-345,51): (Warning 252) (Hint-replay failed): could not prove post-condition (see also FStar.ModifiesGen.fsti(224,2-224,20))
FStar.ModifiesGen.fst(356,2-356,111): (Warning 252) (Hint-replay failed): could not prove post-condition (see also FStar.ModifiesGen.fsti(231,11-231,31))
FStar.ModifiesGen.fst(358,42-358,44): (Warning 252) (Hint-replay failed): could not prove post-condition (see also FStar.ModifiesGen.fsti(238,11-238,45))
FStar.ModifiesGen.fst(368,8-368,14): (Warning 252) (Hint-replay failed): assertion failed (see also FStar.ModifiesGen.fst(368,15-368,50))
FStar.ModifiesGen.fst(375,33-375,35): (Warning 252) (Hint-replay failed): could not prove post-condition (see also FStar.ModifiesGen.fsti(251,2-251,27))
FStar.ModifiesGen.fst(380,43-380,45): (Warning 252) (Hint-replay failed): could not prove post-condition (see also FStar.ModifiesGen.fsti(268,11-268,65))
FStar.ModifiesGen.fst(394,2-394,4): (Warning 252) (Hint-replay failed): could not prove post-condition (see also FStar.ModifiesGen.fst(392,2-392,104))
FStar.ModifiesGen.fst(396,68-396,70): (Warning 252) (Hint-replay failed): could not prove post-condition (see also FStar.ModifiesGen.fsti(289,11-289,85))
FStar.ModifiesGen.fst(398,66-398,68): (Warning 252) (Hint-replay failed): could not prove post-condition (see also FStar.ModifiesGen.fsti(300,11-300,81))
FStar.ModifiesGen.fst(400,87-400,89): (Warning 252) (Hint-replay failed): could not prove post-condition (see also FStar.ModifiesGen.fsti(310,11-310,105))
FStar.ModifiesGen.fst(402,84-402,86): (Warning 252) (Hint-replay failed): could not prove post-condition (see also FStar.ModifiesGen.fsti(318,11-318,103))
FStar.ModifiesGen.fst(411,91-411,93): (Warning 252) (Hint-replay failed): could not prove post-condition (see also FStar.ModifiesGen.fsti(336,11-336,111))
FStar.ModifiesGen.fst(501,35-501,37): (Warning 252) (Hint-replay failed): could not prove post-condition (see also FStar.ModifiesGen.fsti(357,11-357,36))
FStar.ModifiesGen.fst(526,2-535,30): (Warning 252) (Hint-replay failed): could not prove post-condition (see also FStar.ModifiesGen.fsti(371,11-371,33))
FStar.ModifiesGen.fst(545,2-545,173): (Warning 252) (Hint-replay failed): could not prove post-condition (see also FStar.ModifiesGen.fsti(404,11-404,113))
FStar.ModifiesGen.fst(547,91-547,93): (Warning 252) (Hint-replay failed): could not prove post-condition (see also FStar.ModifiesGen.fsti(415,11-415,67))
FStar.ModifiesGen.fst(551,78-551,80): (Warning 252) (Hint-replay failed): could not prove post-condition (see also FStar.ModifiesGen.fsti(439,24-439,42))
FStar.ModifiesGen.fst(555,2-555,165): (Warning 252) (Hint-replay failed): could not prove post-condition (see also FStar.ModifiesGen.fsti(447,11-447,105))
FStar.ModifiesGen.fst(568,73-568,75): (Warning 252) (Hint-replay failed): could not prove post-condition (see also FStar.ModifiesGen.fsti(455,2-455,70))
FStar.ModifiesGen.fst(570,73-570,75): (Warning 252) (Hint-replay failed): could not prove post-condition (see also FStar.ModifiesGen.fsti(458,2-458,79))
FStar.ModifiesGen.fst(580,92-580,94): (Warning 252) (Hint-replay failed): could not prove post-condition (see also FStar.ModifiesGen.fsti(463,2-463,91))
FStar.ModifiesGen.fst(582,72-582,74): (Warning 252) (Hint-replay failed): could not prove post-condition (see also FStar.ModifiesGen.fsti(468,2-468,78))
FStar.ModifiesGen.fst(584,94-584,96): (Warning 252) (Hint-replay failed): could not prove post-condition (see also FStar.ModifiesGen.fsti(473,2-473,95))
FStar.ModifiesGen.fst(586,78-586,80): (Warning 252) (Hint-replay failed): could not prove post-condition (see also FStar.ModifiesGen.fsti(478,2-478,73))
FStar.ModifiesGen.fst(856,4-856,10): (Warning 252) (Hint-replay failed): assertion failed (see also FStar.ModifiesGen.fst(856,12-856,47))
FStar.ModifiesGen.fst(908,20-908,25): (Warning 252) (Hint-replay failed): assertion failed (see also FStar.ModifiesGen.fsti(599,15-599,55))
FStar.ModifiesGen.fst(924,55-924,57): (Warning 252) (Hint-replay failed): could not prove post-condition (see also FStar.ModifiesGen.fsti(649,4-649,20))
FStar.ModifiesGen.fst(932,2-932,8): (Warning 252) (Hint-replay failed): assertion failed (see also FStar.ModifiesGen.fst(932,9-932,49))
FStar.ModifiesGen.fst(937,62-937,64): (Warning 252) (Hint-replay failed): could not prove post-condition (see also FStar.ModifiesGen.fsti(694,11-694,31))
FStar.ModifiesGen.fst(942,2-942,142): (Warning 252) (Hint-replay failed): could not prove post-condition (see also FStar.ModifiesGen.fsti(706,11-706,31))
FStar.ModifiesGen.fst(948,79-948,81): (Warning 252) (Hint-replay failed): could not prove post-condition (see also FStar.ModifiesGen.fsti(726,11-726,45))
FStar.ModifiesGen.fst(950,72-950,74): (Warning 252) (Hint-replay failed): could not prove post-condition (see also FStar.ModifiesGen.fsti(737,11-737,32))
FStar.ModifiesGen.fst(964,2-964,23): (Warning 252) (Hint-replay failed): assertion failed (see also FStar.ModifiesGen.fsti(682,33-682,51))
FStar.ModifiesGen.fst(992,2-992,8): (Warning 252) (Hint-replay failed): assertion failed (see also FStar.ModifiesGen.fst(992,9-992,48))
FStar.ModifiesGen.fst(1037,2-1037,8): (Warning 252) (Hint-replay failed): assertion failed (see also FStar.ModifiesGen.fst(1037,9-1037,121))
FStar.ModifiesGen.fst(1045,2-1045,55): (Warning 252) (Hint-replay failed): could not prove post-condition (see also FStar.ModifiesGen.fst(1044,2-1044,45))
FStar.ModifiesGen.fst(1061,2-1061,55): (Warning 252) (Hint-replay failed): could not prove post-condition (see also FStar.ModifiesGen.fst(1060,2-1060,66))
FStar.ModifiesGen.fst(1076,2-1076,23): (Warning 252) (Hint-replay failed): assertion failed (see also FStar.ModifiesGen.fsti(682,33-682,51))
FStar.ModifiesGen.fst(1156,4-1156,6): (Warning 252) (Hint-replay failed): could not prove post-condition (see also FStar.ModifiesGen.fst(659,34-659,60))
FStar.ModifiesGen.fst(1183,2-1183,35): (Warning 252) (Hint-replay failed): assertion failed (see also FStar.ModifiesGen.fst(1150,4-1150,58))
FStar.ModifiesGen.fst(1221,20-1221,22): (Warning 252) (Hint-replay failed): could not prove post-condition (see also FStar.ModifiesGen.fsti(503,34-503,59))
FStar.ModifiesGen.fst(1257,2-1257,8): (Warning 252) (Hint-replay failed): assertion failed (see also FStar.ModifiesGen.fst(1257,76-1257,95))
FStar.ModifiesGen.fst(1276,9-1276,43): (Warning 252) (Hint-replay failed): assertion failed (see also FStar.ModifiesGen.fst(1251,16-1251,95))
FStar.ModifiesGen.fst(1306,9-1306,41): (Warning 252) (Hint-replay failed): Subtyping check failed; expected type y: FStar.GSet.set Prims.nat {FStar.GSet.subset (non_live_addrs' r') y}; got type FStar.GSet.set Prims.nat (see also FStar.ModifiesGen.fst(1304,83-1304,117))
FStar.ModifiesGen.fst(1349,2-1349,8): (Warning 252) (Hint-replay failed): assertion failed (see also FStar.ModifiesGen.fst(1349,9-1349,106))
FStar.ModifiesGen.fst(1360,2-1360,104): (Warning 252) (Hint-replay failed): could not prove post-condition (see also FStar.ModifiesGen.fst(1359,11-1359,58))
FStar.ModifiesGen.fst(1384,2-1384,104): (Warning 252) (Hint-replay failed): could not prove post-condition (see also FStar.ModifiesGen.fst(1383,11-1383,97))
FStar.ModifiesGen.fst(1394,2-1394,36): (Warning 252) (Hint-replay failed): assertion failed (see also FStar.ModifiesGen.fst(1251,16-1251,95))
FStar.ModifiesGen.fst(1417,12-1417,33): (Warning 252) (Hint-replay failed): assertion failed (see also FStar.ModifiesGen.fst(1295,13-1295,53))
FStar.ModifiesGen.fst(1444,4-1444,10): (Warning 252) (Hint-replay failed): assertion failed (see also FStar.ModifiesGen.fst(1444,11-1444,53))
FStar.ModifiesGen.fst(1475,42-1475,44): (Warning 252) (Hint-replay failed): could not prove post-condition (see also FStar.ModifiesGen.fsti(964,11-964,69))
FStar.ModifiesGen.fst(1477,46-1477,48): (Warning 252) (Hint-replay failed): could not prove post-condition (see also FStar.ModifiesGen.fsti(968,11-968,73))
FStar.ModifiesGen.fst(1485,2-1485,64): (Warning 252) (Hint-replay failed): could not prove post-condition (see also FStar.ModifiesGen.fsti(979,12-979,71))
FStar.ModifiesGen.fst(1493,2-1493,20): (Warning 252) (Hint-replay failed): assertion failed (see also FStar.ModifiesGen.fsti(230,35-230,53))
FStar.ModifiesGen.fst(1725,2-1725,4): (Warning 252) (Hint-replay failed): could not prove post-condition (see also FStar.ModifiesGen.fst(1723,2-1723,73))
FStar.ModifiesGen.fst(1763,2-1763,8): (Warning 252) (Hint-replay failed): assertion failed (see also FStar.ModifiesGen.fst(1763,9-1763,39))
FStar.ModifiesGen.fst(1789,41-1789,60): (Warning 252) (Hint-replay failed): could not prove post-condition
FStar.ModifiesGen.fst(1859,2-1859,8): (Warning 252) (Hint-replay failed): assertion failed (see also FStar.ModifiesGen.fst(1862,4-1862,53))
FStar.ModifiesGen.fst(1885,2-1893,39): (Warning 252) (Hint-replay failed): could not prove post-condition (see also FStar.ModifiesGen.fst(1884,11-1884,42))
FStar.ModifiesGen.fst(1930,4-1930,10): (Warning 252) (Hint-replay failed): assertion failed (see also FStar.ModifiesGen.fst(1930,11-1930,74))
FStar.ModifiesGen.fst(1952,4-1952,10): (Warning 252) (Hint-replay failed): assertion failed (see also FStar.ModifiesGen.fst(1952,11-1963,7))
FStar.ModifiesGen.fst(1995,4-1995,21): (Warning 252) (Hint-replay failed): Subtyping check failed; expected type aux:
FStar.Ghost.erased (FStar.GSet.set (FStar.ModifiesGen.aloc (c b)))
{ FStar.GSet.subset (FStar.ModifiesGen.aloc_domain (c b) regions live_addrs)
(FStar.Ghost.reveal aux) /\
FStar.GSet.subset (FStar.Ghost.reveal aux)
(FStar.ModifiesGen.aloc_domain (c b) regions (fun _ -> FStar.GSet.complement FStar.GSet.empty)
) }; got type FStar.Ghost.erased (FStar.GSet.set (FStar.ModifiesGen.aloc (c b))) (see also FStar.ModifiesGen.fst(30,8-30,71))
FStar.ModifiesGen.fst(2004,9-2004,119): (Warning 252) (Hint-replay failed): assertion failed
FStar.ModifiesGen.fst(2007,9-2007,121): (Warning 252) (Hint-replay failed): assertion failed
FStar.ModifiesGen.fst(2078,2-2084,167): (Warning 252) (Hint-replay failed): could not prove post-condition (see also FStar.ModifiesGen.fsti(1134,2-1134,78))
FStar.ModifiesGen.fst(2095,2-2095,8): (Warning 252) (Hint-replay failed): assertion failed (see also FStar.ModifiesGen.fst(2095,21-2095,70))
FStar.ModifiesGen.fst(2104,2-2104,8): (Warning 252) (Hint-replay failed): assertion failed (see also FStar.ModifiesGen.fst(2104,21-2104,68))


[0;31mWarning:[0m could not find "msbuild", trying (deprecated) "xbuild"


warning CS8001: SDK path could not be resolved
Ex01a.fst(70,0-70,48): (Warning 272) Top-level let-bindings must be total; this term may have effects
Ex01a.fst(70,0-70,48): (Warning 272) Top-level let-bindings must be total; this term may have effects

/home/everest/vsts-agent/_work/2/s/vale/tools/Vale/src/emit_vale_text.fs(61,11): warning FS0025: Incomplete pattern matches on this expression. For example, the value 'EOp (Uop (UCall (_)), [_])' may indicate a case not covered by the pattern(s).

/home/everest/vsts-agent/_work/2/s/vale/tools/Vale/src/emit_dafny_text.fs(60,11): warning FS0025: Incomplete pattern matches on this expression. For example, the value 'EOp (Uop (UCall (_)), [_])' may indicate a case not covered by the pattern(s).

/home/everest/vsts-agent/_work/2/s/vale/tools/Vale/src/emit_dafny_direct.fs(229,11): warning FS0025: Incomplete pattern matches on this expression. For example, the value 'EOp (Uop (UCall (_)), [_])' may indicate a case not covered by the pattern(s).

/home/everest/vsts-agent/_work/2/s/vale/tools/Vale/src/emit_fstar_text.fs(85,11): warning FS0025: Incomplete pattern matches on this expression. For example, the value 'EOp (Uop (UCall (CallInline)), [_])' may indicate a case not covered by the pattern(s).


[0;31mWarning:[0m could not find "msbuild", trying (deprecated) "xbuild"




[0;31mWarning:[0m could not find "msbuild", trying (deprecated) "xbuild"




[0;31mWarning:[0m could not find "msbuild", trying (deprecated) "xbuild"




[0;31mWarning:[0m could not find "msbuild", trying (deprecated) "xbuild"




[0;31mWarning:[0m could not find "msbuild", trying (deprecated) "xbuild"




[0;31mWarning:[0m could not find "msbuild", trying (deprecated) "xbuild"




[0;31mWarning:[0m could not find "msbuild", trying (deprecated) "xbuild"


Ex04g.fst(5,4-5,6): (Warning 240) Admitting Ex04g.tl without a definition
Ex04g.fst(4,4-4,6): (Warning 240) Admitting Ex04g.hd without a definition


[0;31mWarning:[0m could not find "msbuild", trying (deprecated) "xbuild"




[0;31mWarning:[0m could not find "msbuild", trying (deprecated) "xbuild"


Ex05a.fst(28,4-28,13): (Warning 240) Admitting Ex05a.rev_is_ok without a definition


[0;31mWarning:[0m could not find "msbuild", trying (deprecated) "xbuild"




[0;31mWarning:[0m could not find "msbuild", trying (deprecated) "xbuild"


Ex06a.fst(5,4-5,13): (Warning 240) Admitting Ex06a.partition without a definition
/home/everest/vsts-agent/_work/2/s/mitls-fstar/src/lowparse/LowParse.Spec.Base.fst(319,44-319,55): (Warning 288) FStar.Seq.Base.createEmpty is deprecated, use Seq.empty instead
/home/everest/vsts-agent/_work/2/s/mitls-fstar/src/lowparse/LowParse.Spec.Base.fst(320,36-320,47): (Warning 288) FStar.Seq.Base.createEmpty is deprecated, use Seq.empty instead
/home/everest/vsts-agent/_work/2/s/mitls-fstar/src/lowparse/LowParse.Spec.Base.fst(321,44-321,55): (Warning 288) FStar.Seq.Base.createEmpty is deprecated, use Seq.empty instead
/home/everest/vsts-agent/_work/2/s/mitls-fstar/src/lowparse/LowParse.Spec.Base.fst(322,45-322,56): (Warning 288) FStar.Seq.Base.createEmpty is deprecated, use Seq.empty instead
/home/everest/vsts-agent/_work/2/s/mitls-fstar/src/lowparse/LowParse.Spec.Base.fst(323,38-323,49): (Warning 288) FStar.Seq.Base.createEmpty is deprecated, use Seq.empty instead
/home/everest/vsts-agent/_work/2/s/mitls-fstar/src/lowparse/LowParse.Spec.Base.fst(324,39-324,50): (Warning 288) FStar.Seq.Base.createEmpty is deprecated, use Seq.empty instead


[0;31mWarning:[0m could not find "msbuild", trying (deprecated) "xbuild"




[0;31mWarning:[0m could not find "msbuild", trying (deprecated) "xbuild"


Ex01a.fst(60,0-60,48): (Warning 272) Top-level let-bindings must be total; this term may have effects
Ex01a.fst(60,0-60,48): (Warning 272) Top-level let-bindings must be total; this term may have effects


[0;31mWarning:[0m could not find "msbuild", trying (deprecated) "xbuild"




[0;31mWarning:[0m could not find "msbuild", trying (deprecated) "xbuild"




[0;31mWarning:[0m could not find "msbuild", trying (deprecated) "xbuild"


Ex06e.fst(18,4-18,8): (Warning 240) Admitting Ex06e.sort without a definition


[0;31mWarning:[0m could not find "msbuild", trying (deprecated) "xbuild"




[0;31mWarning:[0m could not find "msbuild", trying (deprecated) "xbuild"


/home/everest/vsts-agent/_work/2/s/hacl-star/code/lib/FStar.Endianness.fst(190,8-190,19): (Warning 288) FStar.Seq.Base.createEmpty is deprecated, use Seq.empty instead
/home/everest/vsts-agent/_work/2/s/hacl-star/code/lib/FStar.Endianness.fst(309,16-309,27): (Warning 288) FStar.Seq.Base.createEmpty is deprecated, use Seq.empty instead
/home/everest/vsts-agent/_work/2/s/hacl-star/code/lib/FStar.Endianness.fst(330,16-330,27): (Warning 288) FStar.Seq.Base.createEmpty is deprecated, use Seq.empty instead
/home/everest/vsts-agent/_work/2/s/hacl-star/code/lib/FStar.Endianness.fst(354,8-354,19): (Warning 288) FStar.Seq.Base.createEmpty is deprecated, use Seq.empty instead


[0;31mWarning:[0m could not find "msbuild", trying (deprecated) "xbuild"


/home/everest/vsts-agent/_work/2/s/mitls-fstar/src/lowparse/LowParse.Bytes32.fst(60,29-60,40): (Warning 288) FStar.Seq.Base.createEmpty is deprecated, use Seq.empty instead
/home/everest/vsts-agent/_work/2/s/mitls-fstar/src/lowparse/LowParse.Bytes32.fst(61,45-61,56): (Warning 288) FStar.Seq.Base.createEmpty is deprecated, use Seq.empty instead


[0;31mWarning:[0m could not find "msbuild", trying (deprecated) "xbuild"




[0;31mWarning:[0m could not find "msbuild", trying (deprecated) "xbuild"




[0;31mWarning:[0m could not find "msbuild", trying (deprecated) "xbuild"




[0;31mWarning:[0m could not find "msbuild", trying (deprecated) "xbuild"


Ex07a.fst(228,4-228,14): (Warning 240) Admitting Ex07a.typed_step without a definition


[0;31mWarning:[0m could not find "msbuild", trying (deprecated) "xbuild"




[0;31mWarning:[0m could not find "msbuild", trying (deprecated) "xbuild"




[0;31mWarning:[0m could not find "msbuild", trying (deprecated) "xbuild"




[0;31mWarning:[0m could not find "msbuild", trying (deprecated) "xbuild"




[0;31mWarning:[0m could not find "msbuild", trying (deprecated) "xbuild"




[0;31mWarning:[0m could not find "msbuild", trying (deprecated) "xbuild"




[0;31mWarning:[0m could not find "msbuild", trying (deprecated) "xbuild"




[0;31mWarning:[0m could not find "msbuild", trying (deprecated) "xbuild"




[0;31mWarning:[0m could not find "msbuild", trying (deprecated) "xbuild"




[0;31mWarning:[0m could not find "msbuild", trying (deprecated) "xbuild"




[0;31mWarning:[0m could not find "msbuild", trying (deprecated) "xbuild"




[0;31mWarning:[0m could not find "msbuild", trying (deprecated) "xbuild"




[0;31mWarning:[0m could not find "msbuild", trying (deprecated) "xbuild"




[0;31mWarning:[0m could not find "msbuild", trying (deprecated) "xbuild"




[0;31mWarning:[0m could not find "msbuild", trying (deprecated) "xbuild"




[0;31mWarning:[0m could not find "msbuild", trying (deprecated) "xbuild"




[0;31mWarning:[0m could not find "msbuild", trying (deprecated) "xbuild"


bug185.fst(33,15-33,21): (Warning 252) (Hint-replay failed): assertion failed (see also bug185.fst(33,22-33,48))


[0;31mWarning:[0m could not find "msbuild", trying (deprecated) "xbuild"




[0;31mWarning:[0m could not find "msbuild", trying (deprecated) "xbuild"


Ex10a.fst(24,0-24,22): (Warning 272) Top-level let-bindings must be total; this term may have effects
Ex10a.fst(24,0-24,22): (Warning 272) Top-level let-bindings must be total; this term may have effects
Ex10a.fst(24,0-24,22): (Warning 272) Top-level let-bindings must be total; this term may have effects
Ex10a.fst(24,0-24,22): (Warning 272) Top-level let-bindings must be total; this term may have effects


[0;31mWarning:[0m could not find "msbuild", trying (deprecated) "xbuild"




[0;31mWarning:[0m could not find "msbuild", trying (deprecated) "xbuild"




[0;31mWarning:[0m could not find "msbuild", trying (deprecated) "xbuild"


Ex07d.fst(225,4-225,8): (Warning 240) Admitting Ex07d.eval without a definition


[0;31mWarning:[0m could not find "msbuild", trying (deprecated) "xbuild"




[0;31mWarning:[0m could not find "msbuild", trying (deprecated) "xbuild"




[0;31mWarning:[0m could not find "msbuild", trying (deprecated) "xbuild"




[0;31mWarning:[0m could not find "msbuild", trying (deprecated) "xbuild"




[0;31mWarning:[0m could not find "msbuild", trying (deprecated) "xbuild"




[0;31mWarning:[0m could not find "msbuild", trying (deprecated) "xbuild"




[0;31mWarning:[0m could not find "msbuild", trying (deprecated) "xbuild"




[0;31mWarning:[0m could not find "msbuild", trying (deprecated) "xbuild"




[0;31mWarning:[0m could not find "msbuild", trying (deprecated) "xbuild"


bug238.fst(3,19-3,24): (Warning 252) (Hint-replay failed): Failed to prove that the type 'Bug238.box' supports decidable equality because of this argument; add either the 'noeq' or 'unopteq' qualifier (see also bug238.fst(3,0-3,31))


[0;31mWarning:[0m could not find "msbuild", trying (deprecated) "xbuild"




[0;31mWarning:[0m could not find "msbuild", trying (deprecated) "xbuild"


bug251.fst(2,0-2,15): (Warning 272) Top-level let-bindings must be total; this term may have effects


[0;31mWarning:[0m could not find "msbuild", trying (deprecated) "xbuild"




[0;31mWarning:[0m could not find "msbuild", trying (deprecated) "xbuild"




[0;31mWarning:[0m could not find "msbuild", trying (deprecated) "xbuild"




[0;31mWarning:[0m could not find "msbuild", trying (deprecated) "xbuild"


Ex12.MAC.fst(41,0-41,41): (Warning 272) Top-level let-bindings must be total; this term may have effects
Ex12.MAC.fst(41,0-41,41): (Warning 272) Top-level let-bindings must be total; this term may have effects
Ex12a.ACLs.fst(59,0-59,48): (Warning 272) Top-level let-bindings must be total; this term may have effects
Ex12a1.Cap.fst(23,0-23,26): (Warning 272) Top-level let-bindings must be total; this term may have effects
Ex12a1.Cap.fst(23,0-23,26): (Warning 272) Top-level let-bindings must be total; this term may have effects
Ex12a1.Cap.fst(23,0-23,26): (Warning 272) Top-level let-bindings must be total; this term may have effects
Ex12a1.Cap.fst(23,0-23,26): (Warning 272) Top-level let-bindings must be total; this term may have effects


[0;31mWarning:[0m could not find "msbuild", trying (deprecated) "xbuild"




[0;31mWarning:[0m could not find "msbuild", trying (deprecated) "xbuild"




[0;31mWarning:[0m could not find "msbuild", trying (deprecated) "xbuild"




[0;31mWarning:[0m could not find "msbuild", trying (deprecated) "xbuild"




[0;31mWarning:[0m could not find "msbuild", trying (deprecated) "xbuild"




[0;31mWarning:[0m could not find "msbuild", trying (deprecated) "xbuild"




[0;31mWarning:[0m could not find "msbuild", trying (deprecated) "xbuild"




[0;31mWarning:[0m could not find "msbuild", trying (deprecated) "xbuild"




[0;31mWarning:[0m could not find "msbuild", trying (deprecated) "xbuild"




[0;31mWarning:[0m could not find "msbuild", trying (deprecated) "xbuild"




[0;31mWarning:[0m could not find "msbuild", trying (deprecated) "xbuild"




[0;31mWarning:[0m could not find "msbuild", trying (deprecated) "xbuild"




[0;31mWarning:[0m could not find "msbuild", trying (deprecated) "xbuild"




[0;31mWarning:[0m could not find "msbuild", trying (deprecated) "xbuild"




[0;31mWarning:[0m could not find "msbuild", trying (deprecated) "xbuild"




[0;31mWarning:[0m could not find "msbuild", trying (deprecated) "xbuild"




[0;31mWarning:[0m could not find "msbuild", trying (deprecated) "xbuild"




[0;31mWarning:[0m could not find "msbuild", trying (deprecated) "xbuild"




[0;31mWarning:[0m could not find "msbuild", trying (deprecated) "xbuild"




[0;31mWarning:[0m could not find "msbuild", trying (deprecated) "xbuild"




[0;31mWarning:[0m could not find "msbuild", trying (deprecated) "xbuild"




[0;31mWarning:[0m could not find "msbuild", trying (deprecated) "xbuild"


Ex12b1.Format.fst(97,4-97,18): (Warning 240) Admitting Ex12b1.Format.resp_injective without a definition
Ex12b1.Format.fst(91,4-91,17): (Warning 240) Admitting Ex12b1.Format.req_injective without a definition
Ex12b1.Format.fst(85,4-85,21): (Warning 240) Admitting Ex12b1.Format.req_resp_distinct without a definition


[0;31mWarning:[0m could not find "msbuild", trying (deprecated) "xbuild"




[0;31mWarning:[0m could not find "msbuild", trying (deprecated) "xbuild"




[0;31mWarning:[0m could not find "msbuild", trying (deprecated) "xbuild"




[0;31mWarning:[0m could not find "msbuild", trying (deprecated) "xbuild"




[0;31mWarning:[0m could not find "msbuild", trying (deprecated) "xbuild"




[0;31mWarning:[0m could not find "msbuild", trying (deprecated) "xbuild"




[0;31mWarning:[0m could not find "msbuild", trying (deprecated) "xbuild"




[0;31mWarning:[0m could not find "msbuild", trying (deprecated) "xbuild"




[0;31mWarning:[0m could not find "msbuild", trying (deprecated) "xbuild"


Ex10a.fst(26,0-26,22): (Warning 272) Top-level let-bindings must be total; this term may have effects
Ex10a.fst(26,0-26,22): (Warning 272) Top-level let-bindings must be total; this term may have effects
Ex10a.fst(26,0-26,22): (Warning 272) Top-level let-bindings must be total; this term may have effects
Ex10a.fst(26,0-26,22): (Warning 272) Top-level let-bindings must be total; this term may have effects


[0;31mWarning:[0m could not find "msbuild", trying (deprecated) "xbuild"




[0;31mWarning:[0m could not find "msbuild", trying (deprecated) "xbuild"




[0;31mWarning:[0m could not find "msbuild", trying (deprecated) "xbuild"




[0;31mWarning:[0m could not find "msbuild", trying (deprecated) "xbuild"




[0;31mWarning:[0m could not find "msbuild", trying (deprecated) "xbuild"




[0;31mWarning:[0m could not find "msbuild", trying (deprecated) "xbuild"




[0;31mWarning:[0m could not find "msbuild", trying (deprecated) "xbuild"




[0;31mWarning:[0m could not find "msbuild", trying (deprecated) "xbuild"




[0;31mWarning:[0m could not find "msbuild", trying (deprecated) "xbuild"




[0;31mWarning:[0m could not find "msbuild", trying (deprecated) "xbuild"




[0;31mWarning:[0m could not find "msbuild", trying (deprecated) "xbuild"




[0;31mWarning:[0m could not find "msbuild", trying (deprecated) "xbuild"




[0;31mWarning:[0m could not find "msbuild", trying (deprecated) "xbuild"




[0;31mWarning:[0m could not find "msbuild", trying (deprecated) "xbuild"




[0;31mWarning:[0m could not find "msbuild", trying (deprecated) "xbuild"




[0;31mWarning:[0m could not find "msbuild", trying (deprecated) "xbuild"


/home/everest/vsts-agent/_work/2/s/hacl-star/secure_api/utils/Crypto.Symmetric.Bytes.fst(89,8-89,19): (Warning 288) FStar.Seq.Base.createEmpty is deprecated, use Seq.empty instead
/home/everest/vsts-agent/_work/2/s/hacl-star/secure_api/utils/Crypto.Symmetric.Bytes.fst(447,16-447,27): (Warning 288) FStar.Seq.Base.createEmpty is deprecated, use Seq.empty instead
/home/everest/vsts-agent/_work/2/s/hacl-star/secure_api/utils/Crypto.Symmetric.Bytes.fst(472,16-472,27): (Warning 288) FStar.Seq.Base.createEmpty is deprecated, use Seq.empty instead
/home/everest/vsts-agent/_work/2/s/hacl-star/secure_api/utils/Crypto.Symmetric.Bytes.fst(518,8-518,19): (Warning 288) FStar.Seq.Base.createEmpty is deprecated, use Seq.empty instead


[0;31mWarning:[0m could not find "msbuild", trying (deprecated) "xbuild"




[0;31mWarning:[0m could not find "msbuild", trying (deprecated) "xbuild"




[0;31mWarning:[0m could not find "msbuild", trying (deprecated) "xbuild"




[0;31mWarning:[0m could not find "msbuild", trying (deprecated) "xbuild"


Ex12f.TMAC.fst(26,4-26,10): (Warning 240) Admitting Ex12f.TMAC.verify without a definition
Ex12f.TMAC.fst(25,4-25,7): (Warning 240) Admitting Ex12f.TMAC.mac without a definition
Ex12f.TMAC.fst(24,4-24,10): (Warning 240) Admitting Ex12f.TMAC.keygen without a definition


[0;31mWarning:[0m could not find "msbuild", trying (deprecated) "xbuild"




[0;31mWarning:[0m could not find "msbuild", trying (deprecated) "xbuild"




[0;31mWarning:[0m could not find "msbuild", trying (deprecated) "xbuild"




[0;31mWarning:[0m could not find "msbuild", trying (deprecated) "xbuild"


Ex12g.TMAC2.fst(30,4-30,10): (Warning 240) Admitting Ex12g.TMAC2.verify without a definition
Ex12g.TMAC2.fst(29,4-29,7): (Warning 240) Admitting Ex12g.TMAC2.mac without a definition


[0;31mWarning:[0m could not find "msbuild", trying (deprecated) "xbuild"




[0;31mWarning:[0m could not find "msbuild", trying (deprecated) "xbuild"




[0;31mWarning:[0m could not find "msbuild", trying (deprecated) "xbuild"




[0;31mWarning:[0m could not find "msbuild", trying (deprecated) "xbuild"




[0;31mWarning:[0m could not find "msbuild", trying (deprecated) "xbuild"




[0;31mWarning:[0m could not find "msbuild", trying (deprecated) "xbuild"




[0;31mWarning:[0m could not find "msbuild", trying (deprecated) "xbuild"




[0;31mWarning:[0m could not find "msbuild", trying (deprecated) "xbuild"




[0;31mWarning:[0m could not find "msbuild", trying (deprecated) "xbuild"




[0;31mWarning:[0m could not find "msbuild", trying (deprecated) "xbuild"




[0;31mWarning:[0m could not find "msbuild", trying (deprecated) "xbuild"




[0;31mWarning:[0m could not find "msbuild", trying (deprecated) "xbuild"




[0;31mWarning:[0m could not find "msbuild", trying (deprecated) "xbuild"




[0;31mWarning:[0m could not find "msbuild", trying (deprecated) "xbuild"




[0;31mWarning:[0m could not find "msbuild", trying (deprecated) "xbuild"




[0;31mWarning:[0m could not find "msbuild", trying (deprecated) "xbuild"




[0;31mWarning:[0m could not find "msbuild", trying (deprecated) "xbuild"




[0;31mWarning:[0m could not find "msbuild", trying (deprecated) "xbuild"


Huffman.fst(182,53-182,54): (Warning 252) (Hint-replay failed): Subtyping check failed; expected type s:
Huffman.symbol
{%[ bs; if Leaf? t' && Cons? bs then 1 else 0 ] << %[ bs; if Leaf? t && Cons? bs then 1 else 0 ]}; got type Huffman.symbol (see also Huffman.fst(180,2-184,60))


[0;31mWarning:[0m could not find "msbuild", trying (deprecated) "xbuild"




[0;31mWarning:[0m could not find "msbuild", trying (deprecated) "xbuild"




[0;31mWarning:[0m could not find "msbuild", trying (deprecated) "xbuild"




[0;31mWarning:[0m could not find "msbuild", trying (deprecated) "xbuild"




[0;31mWarning:[0m could not find "msbuild", trying (deprecated) "xbuild"




[0;31mWarning:[0m could not find "msbuild", trying (deprecated) "xbuild"




[0;31mWarning:[0m could not find "msbuild", trying (deprecated) "xbuild"




[0;31mWarning:[0m could not find "msbuild", trying (deprecated) "xbuild"




[0;31mWarning:[0m could not find "msbuild", trying (deprecated) "xbuild"




[0;31mWarning:[0m could not find "msbuild", trying (deprecated) "xbuild"




[0;31mWarning:[0m could not find "msbuild", trying (deprecated) "xbuild"




[0;31mWarning:[0m could not find "msbuild", trying (deprecated) "xbuild"




[0;31mWarning:[0m could not find "msbuild", trying (deprecated) "xbuild"




[0;31mWarning:[0m could not find "msbuild", trying (deprecated) "xbuild"




[0;31mWarning:[0m could not find "msbuild", trying (deprecated) "xbuild"


Ex12.MAC.fst(60,0-63,4): (Warning 272) Top-level let-bindings must be total; this term may have effects
Ex12.MAC.fst(60,0-63,4): (Warning 272) Top-level let-bindings must be total; this term may have effects
Ex12.MAC.fst(199,0-199,33): (Warning 272) Top-level let-bindings must be total; this term may have effects
Ex12.MAC.fst(199,0-199,33): (Warning 272) Top-level let-bindings must be total; this term may have effects
Ex12.MAC.fst(60,0-63,4): (Warning 272) Top-level let-bindings must be total; this term may have effects
Ex12.MAC.fst(60,0-63,4): (Warning 272) Top-level let-bindings must be total; this term may have effects
Ex12.MAC.fst(199,0-199,33): (Warning 272) Top-level let-bindings must be total; this term may have effects
Ex12.MAC.fst(199,0-199,33): (Warning 272) Top-level let-bindings must be total; this term may have effects


[0;31mWarning:[0m could not find "msbuild", trying (deprecated) "xbuild"


LowStar.Ex3.fst(52,28-52,39): (Warning 288) FStar.Seq.Base.createEmpty is deprecated, use Seq.empty instead


[0;31mWarning:[0m could not find "msbuild", trying (deprecated) "xbuild"




[0;31mWarning:[0m could not find "msbuild", trying (deprecated) "xbuild"




[0;31mWarning:[0m could not find "msbuild", trying (deprecated) "xbuild"




[0;31mWarning:[0m could not find "msbuild", trying (deprecated) "xbuild"




[0;31mWarning:[0m could not find "msbuild", trying (deprecated) "xbuild"




[0;31mWarning:[0m could not find "msbuild", trying (deprecated) "xbuild"




[0;31mWarning:[0m could not find "msbuild", trying (deprecated) "xbuild"




[0;31mWarning:[0m could not find "msbuild", trying (deprecated) "xbuild"




[0;31mWarning:[0m could not find "msbuild", trying (deprecated) "xbuild"




[0;31mWarning:[0m could not find "msbuild", trying (deprecated) "xbuild"




[0;31mWarning:[0m could not find "msbuild", trying (deprecated) "xbuild"




[0;31mWarning:[0m could not find "msbuild", trying (deprecated) "xbuild"




[0;31mWarning:[0m could not find "msbuild", trying (deprecated) "xbuild"


Encrypt_SymEnc.fst(30,0-30,27): (Warning 272) Top-level let-bindings must be total; this term may have effects
Encrypt_SymEnc.fst(30,0-30,27): (Warning 272) Top-level let-bindings must be total; this term may have effects


[0;31mWarning:[0m could not find "msbuild", trying (deprecated) "xbuild"


Encrypt_SymEnc.fst(30,0-30,27): (Warning 272) Top-level let-bindings must be total; this term may have effects


[0;31mWarning:[0m could not find "msbuild", trying (deprecated) "xbuild"




[0;31mWarning:[0m could not find "msbuild", trying (deprecated) "xbuild"




[0;31mWarning:[0m could not find "msbuild", trying (deprecated) "xbuild"


Ex12.MAC.fst(60,0-63,4): (Warning 272) Top-level let-bindings must be total; this term may have effects
Ex12.MAC.fst(199,0-199,33): (Warning 272) Top-level let-bindings must be total; this term may have effects
Ex12.MAC.fst(60,0-63,4): (Warning 272) Top-level let-bindings must be total; this term may have effects
Ex12.MAC.fst(199,0-199,33): (Warning 272) Top-level let-bindings must be total; this term may have effects
Ex12a.ACLs.fst(59,0-59,48): (Warning 272) Top-level let-bindings must be total; this term may have effects
Ex12a1.Cap.fst(21,0-21,26): (Warning 272) Top-level let-bindings must be total; this term may have effects
Ex12a1.Cap.fst(21,0-21,26): (Warning 272) Top-level let-bindings must be total; this term may have effects
Ex12a1.Cap.fst(21,0-21,26): (Warning 272) Top-level let-bindings must be total; this term may have effects
Ex12a1.Cap.fst(21,0-21,26): (Warning 272) Top-level let-bindings must be total; this term may have effects


[0;31mWarning:[0m could not find "msbuild", trying (deprecated) "xbuild"




[0;31mWarning:[0m could not find "msbuild", trying (deprecated) "xbuild"




[0;31mWarning:[0m could not find "msbuild", trying (deprecated) "xbuild"




[0;31mWarning:[0m could not find "msbuild", trying (deprecated) "xbuild"




[0;31mWarning:[0m could not find "msbuild", trying (deprecated) "xbuild"




[0;31mWarning:[0m could not find "msbuild", trying (deprecated) "xbuild"




[0;31mWarning:[0m could not find "msbuild", trying (deprecated) "xbuild"




[0;31mWarning:[0m could not find "msbuild", trying (deprecated) "xbuild"




[0;31mWarning:[0m could not find "msbuild", trying (deprecated) "xbuild"




[0;31mWarning:[0m could not find "msbuild", trying (deprecated) "xbuild"




[0;31mWarning:[0m could not find "msbuild", trying (deprecated) "xbuild"


MAC.fst(45,0-45,53): (Warning 272) Top-level let-bindings must be total; this term may have effects
MAC.fst(45,0-45,53): (Warning 272) Top-level let-bindings must be total; this term may have effects


[0;31mWarning:[0m could not find "msbuild", trying (deprecated) "xbuild"


/home/everest/vsts-agent/_work/2/s/hacl-star/code/lib/kremlin/FStar.Endianness.fst(190,8-190,19): (Warning 288) FStar.Seq.Base.createEmpty is deprecated, use Seq.empty instead
/home/everest/vsts-agent/_work/2/s/hacl-star/code/lib/kremlin/FStar.Endianness.fst(309,16-309,27): (Warning 288) FStar.Seq.Base.createEmpty is deprecated, use Seq.empty instead
/home/everest/vsts-agent/_work/2/s/hacl-star/code/lib/kremlin/FStar.Endianness.fst(330,16-330,27): (Warning 288) FStar.Seq.Base.createEmpty is deprecated, use Seq.empty instead
/home/everest/vsts-agent/_work/2/s/hacl-star/code/lib/kremlin/FStar.Endianness.fst(354,8-354,19): (Warning 288) FStar.Seq.Base.createEmpty is deprecated, use Seq.empty instead
/home/everest/vsts-agent/_work/2/s/hacl-star/code/lib/kremlin/Hacl.Spec.Endianness.fst(48,31-48,42): (Warning 288) FStar.Seq.Base.createEmpty is deprecated, use Seq.empty instead
/home/everest/vsts-agent/_work/2/s/hacl-star/specs/Spec.Lib.fst(109,18-109,29): (Warning 288) FStar.Seq.Base.createEmpty is deprecated, use Seq.empty instead
/home/everest/vsts-agent/_work/2/s/hacl-star/specs/Spec.Lib.fst(126,18-126,29): (Warning 288) FStar.Seq.Base.createEmpty is deprecated, use Seq.empty instead
/home/everest/vsts-agent/_work/2/s/hacl-star/specs/Spec.Lib.fst(135,18-135,29): (Warning 288) FStar.Seq.Base.createEmpty is deprecated, use Seq.empty instead
/home/everest/vsts-agent/_work/2/s/hacl-star/specs/Spec.Lib.fst(143,18-143,29): (Warning 288) FStar.Seq.Base.createEmpty is deprecated, use Seq.empty instead
/home/everest/vsts-agent/_work/2/s/hacl-star/specs/Spec.Lib.fst(153,18-153,29): (Warning 288) FStar.Seq.Base.createEmpty is deprecated, use Seq.empty instead
/home/everest/vsts-agent/_work/2/s/hacl-star/specs/Spec.Lib.fst(161,18-161,29): (Warning 288) FStar.Seq.Base.createEmpty is deprecated, use Seq.empty instead
/home/everest/vsts-agent/_work/2/s/hacl-star/specs/Spec.Lib.fst(170,18-170,29): (Warning 288) FStar.Seq.Base.createEmpty is deprecated, use Seq.empty instead
/home/everest/vsts-agent/_work/2/s/hacl-star/specs/Spec.Lib.fst(178,18-178,29): (Warning 288) FStar.Seq.Base.createEmpty is deprecated, use Seq.empty instead
/home/everest/vsts-agent/_work/2/s/hacl-star/specs/Spec.Lib.fst(189,32-189,43): (Warning 288) FStar.Seq.Base.createEmpty is deprecated, use Seq.empty instead
/home/everest/vsts-agent/_work/2/s/hacl-star/specs/Spec.Lib.fst(199,30-199,41): (Warning 288) FStar.Seq.Base.createEmpty is deprecated, use Seq.empty instead
/home/everest/vsts-agent/_work/2/s/hacl-star/specs/Spec.Lib.fst(208,32-208,43): (Warning 288) FStar.Seq.Base.createEmpty is deprecated, use Seq.empty instead
/home/everest/vsts-agent/_work/2/s/hacl-star/specs/Spec.Lib.fst(218,30-218,41): (Warning 288) FStar.Seq.Base.createEmpty is deprecated, use Seq.empty instead
/home/everest/vsts-agent/_work/2/s/hacl-star/specs/Spec.Lib.fst(227,32-227,43): (Warning 288) FStar.Seq.Base.createEmpty is deprecated, use Seq.empty instead
/home/everest/vsts-agent/_work/2/s/hacl-star/specs/Spec.Lib.fst(237,30-237,41): (Warning 288) FStar.Seq.Base.createEmpty is deprecated, use Seq.empty instead
/home/everest/vsts-agent/_work/2/s/hacl-star/specs/Spec.Lib.fst(282,35-282,46): (Warning 288) FStar.Seq.Base.createEmpty is deprecated, use Seq.empty instead
/home/everest/vsts-agent/_work/2/s/hacl-star/specs/Spec.Lib.fst(331,37-331,48): (Warning 288) FStar.Seq.Base.createEmpty is deprecated, use Seq.empty instead
/home/everest/vsts-agent/_work/2/s/hacl-star/specs/Spec.Lib.fst(362,65-362,76): (Warning 288) FStar.Seq.Base.createEmpty is deprecated, use Seq.empty instead
/home/everest/vsts-agent/_work/2/s/hacl-star/specs/Spec.Lib.fst(363,45-363,56): (Warning 288) FStar.Seq.Base.createEmpty is deprecated, use Seq.empty instead
/home/everest/vsts-agent/_work/2/s/hacl-star/specs/Spec.Lib.fst(388,55-388,66): (Warning 288) FStar.Seq.Base.createEmpty is deprecated, use Seq.empty instead
/home/everest/vsts-agent/_work/2/s/hacl-star/specs/Spec.Lib.fst(389,43-389,54): (Warning 288) FStar.Seq.Base.createEmpty is deprecated, use Seq.empty instead
/home/everest/vsts-agent/_work/2/s/hacl-star/specs/Spec.SHA2_256.fst(100,18-100,25): (Warning 288) FStar.Seq.Properties.of_list is deprecated, use seq_of_list instead
/home/everest/vsts-agent/_work/2/s/hacl-star/specs/Spec.SHA2_256.fst(113,23-113,30): (Warning 288) FStar.Seq.Properties.of_list is deprecated, use seq_of_list instead
Hacl.Hash.Lib.LoadStore.fst(64,60-64,71): (Warning 288) FStar.Seq.Base.createEmpty is deprecated, use Seq.empty instead
Hacl.Hash.Lib.LoadStore.fst(121,60-121,71): (Warning 288) FStar.Seq.Base.createEmpty is deprecated, use Seq.empty instead
Hacl.Hash.Lib.LoadStore.fst(170,60-170,71): (Warning 288) FStar.Seq.Base.createEmpty is deprecated, use Seq.empty instead
Hacl.Hash.Lib.LoadStore.fst(226,60-226,71): (Warning 288) FStar.Seq.Base.createEmpty is deprecated, use Seq.empty instead
Hacl.Impl.SHA2_256.fst(1016,11-1016,25): (Warning 271) Pattern FStar.Seq.Base.index (if FStar.UInt32.lt len (FStar.UInt32.uint_to_t 56)
then
FStar.Seq.Base.create (FStar.UInt32.v Hacl.Impl.SHA2_256.size_block) (FStar.UInt8.uint_to_t 0)
else
FStar.Seq.Base.create (FStar.UInt32.v Hacl.Impl.SHA2_256.size_block +
FStar.UInt32.v Hacl.Impl.SHA2_256.size_block)
(FStar.UInt8.uint_to_t 0))
i contains illegal sub-term ((ite (= (BoundV 0) (BoxBool (true ))) (FStar.Seq.Base.create (FreeV FStar.UInt8.t) (FStar.UInt32.v (FreeV Hacl.Impl.SHA2_256.size_block)) (FStar.UInt8.uint_to_t (BoxInt (Integer 0)))) (FStar.Seq.Base.create (FreeV FStar.UInt8.t) (Prims.op_Addition (FStar.UInt32.v (FreeV Hacl.Impl.SHA2_256.size_block)) (FStar.UInt32.v (FreeV Hacl.Impl.SHA2_256.size_block))) (FStar.UInt8.uint_to_t (BoxInt (Integer 0)))))); dropping it (see also FStar.Seq.Base.fst(202,73-202,85))
Hacl.Impl.SHA2_256.fst(1020,11-1020,25): (Warning 271) Pattern FStar.Seq.Base.index (FStar.Seq.Base.create (FStar.UInt32.v (if
FStar.UInt32.lt len (FStar.UInt32.uint_to_t 56)
then FStar.UInt32.uint_to_t 1 <: Prims.Tot FStar.UInt32.t
else FStar.UInt32.uint_to_t 2 <: Prims.Tot FStar.UInt32.t) *
FStar.UInt32.v Hacl.Impl.SHA2_256.size_block)
(FStar.UInt8.uint_to_t 0))
i contains illegal sub-term ((ite (= (BoundV 0) (BoxBool (true ))) (FStar.UInt32.uint_to_t (BoxInt (Integer 1))) (FStar.UInt32.uint_to_t (BoxInt (Integer 2))))); dropping it (see also FStar.Seq.Base.fst(202,73-202,85))
Hacl.Impl.SHA2_256.fst(1056,11-1056,25): (Warning 271) Pattern FStar.Seq.Base.index (FStar.Seq.Base.slice (FStar.Buffer.as_seq a return_val)
(FStar.UInt32.v len)
(FStar.UInt32.v (if FStar.UInt32.lt len (FStar.UInt32.uint_to_t 56)
then FStar.UInt32.uint_to_t 1 <: Prims.Tot FStar.UInt32.t
else FStar.UInt32.uint_to_t 2 <: Prims.Tot FStar.UInt32.t) *
FStar.UInt32.v Hacl.Impl.SHA2_256.size_block))
i contains illegal sub-term ((ite (= (BoundV 0) (BoxBool (true ))) (FStar.UInt32.uint_to_t (BoxInt (Integer 1))) (FStar.UInt32.uint_to_t (BoxInt (Integer 2))))); dropping it (see also FStar.Seq.Base.fst(202,73-202,85))
Hacl.Impl.SHA2_256.fst(1057,11-1057,25): (Warning 271) Pattern FStar.Seq.Base.index (FStar.Seq.Base.slice (FStar.Buffer.as_seq a return_val)
(FStar.UInt32.v len)
(FStar.UInt32.v (if FStar.UInt32.lt len (FStar.UInt32.uint_to_t 56)
then FStar.UInt32.uint_to_t 1 <: Prims.Tot FStar.UInt32.t
else FStar.UInt32.uint_to_t 2 <: Prims.Tot FStar.UInt32.t) *
FStar.UInt32.v Hacl.Impl.SHA2_256.size_block))
i contains illegal sub-term ((ite (= (BoundV 0) (BoxBool (true ))) (FStar.UInt32.uint_to_t (BoxInt (Integer 1))) (FStar.UInt32.uint_to_t (BoxInt (Integer 2))))); dropping it (see also FStar.Seq.Base.fst(202,73-202,85))
Ex12.MAC.fst(60,0-63,4): (Warning 272) Top-level let-bindings must be total; this term may have effects
Ex12.MAC.fst(199,0-199,33): (Warning 272) Top-level let-bindings must be total; this term may have effects
Ex12.MAC.fst(60,0-63,4): (Warning 272) Top-level let-bindings must be total; this term may have effects
Ex12.MAC.fst(199,0-199,33): (Warning 272) Top-level let-bindings must be total; this term may have effects
Ex12a.ACLs.fst(59,0-59,48): (Warning 272) Top-level let-bindings must be total; this term may have effects
Ex12a2.Cap.fst(21,0-21,31): (Warning 272) Top-level let-bindings must be total; this term may have effects
Ex12a2.Cap.fst(21,0-21,31): (Warning 272) Top-level let-bindings must be total; this term may have effects
Ex12a2.Cap.fst(43,0-43,33): (Warning 272) Top-level let-bindings must be total; this term may have effects
Ex12a2.Cap.fst(43,0-43,33): (Warning 272) Top-level let-bindings must be total; this term may have effects
Ex12a2.Cap.fst(21,0-21,31): (Warning 272) Top-level let-bindings must be total; this term may have effects
Ex12a2.Cap.fst(21,0-21,31): (Warning 272) Top-level let-bindings must be total; this term may have effects
Ex12a2.Cap.fst(43,0-43,33): (Warning 272) Top-level let-bindings must be total; this term may have effects
Ex12a2.Cap.fst(43,0-43,33): (Warning 272) Top-level let-bindings must be total; this term may have effects


[0;31mWarning:[0m could not find "msbuild", trying (deprecated) "xbuild"




[0;31mWarning:[0m could not find "msbuild", trying (deprecated) "xbuild"




[0;31mWarning:[0m could not find "msbuild", trying (deprecated) "xbuild"




[0;31mWarning:[0m could not find "msbuild", trying (deprecated) "xbuild"




[0;31mWarning:[0m could not find "msbuild", trying (deprecated) "xbuild"




[0;31mWarning:[0m could not find "msbuild", trying (deprecated) "xbuild"


Ex12b1.Format.fst(95,4-95,18): (Warning 240) Admitting Ex12b1.Format.resp_injective without a definition
Ex12b1.Format.fst(89,4-89,17): (Warning 240) Admitting Ex12b1.Format.req_injective without a definition
Ex12b1.Format.fst(83,4-83,21): (Warning 240) Admitting Ex12b1.Format.req_resp_distinct without a definition


[0;31mWarning:[0m could not find "msbuild", trying (deprecated) "xbuild"




[0;31mWarning:[0m could not find "msbuild", trying (deprecated) "xbuild"




[0;31mWarning:[0m could not find "msbuild", trying (deprecated) "xbuild"


MAC.fst(45,0-45,53): (Warning 272) Top-level let-bindings must be total; this term may have effects


[0;31mWarning:[0m could not find "msbuild", trying (deprecated) "xbuild"




[0;31mWarning:[0m could not find "msbuild", trying (deprecated) "xbuild"




[0;31mWarning:[0m could not find "msbuild", trying (deprecated) "xbuild"




[0;31mWarning:[0m could not find "msbuild", trying (deprecated) "xbuild"




[0;31mWarning:[0m could not find "msbuild", trying (deprecated) "xbuild"




[0;31mWarning:[0m could not find "msbuild", trying (deprecated) "xbuild"




[0;31mWarning:[0m could not find "msbuild", trying (deprecated) "xbuild"




[0;31mWarning:[0m could not find "msbuild", trying (deprecated) "xbuild"


Ex12.MAC.fst(60,0-63,4): (Warning 272) Top-level let-bindings must be total; this term may have effects
Ex12.MAC.fst(199,0-199,33): (Warning 272) Top-level let-bindings must be total; this term may have effects
Ex12.MAC.fst(60,0-63,4): (Warning 272) Top-level let-bindings must be total; this term may have effects
Ex12.MAC.fst(199,0-199,33): (Warning 272) Top-level let-bindings must be total; this term may have effects
Ex12b.RPC.fst(15,0-15,53): (Warning 272) Top-level let-bindings must be total; this term may have effects
Ex12b.RPC.fst(15,0-15,53): (Warning 272) Top-level let-bindings must be total; this term may have effects
Ex12b.RPC.fst(27,0-27,36): (Warning 272) Top-level let-bindings must be total; this term may have effects
Ex12b.RPC.fst(27,0-27,36): (Warning 272) Top-level let-bindings must be total; this term may have effects
Ex12b.RPC.fst(56,8-56,57): (Warning 272) Top-level let-bindings must be total; this term may have effects
Ex12b.RPC.fst(56,8-56,57): (Warning 272) Top-level let-bindings must be total; this term may have effects
Ex12b.RPC.fst(85,0-86,16): (Warning 272) Top-level let-bindings must be total; this term may have effects
Ex12b.RPC.fst(85,0-86,16): (Warning 272) Top-level let-bindings must be total; this term may have effects
Ex12b.RPC.fst(166,0-166,17): (Warning 272) Top-level let-bindings must be total; this term may have effects
Ex12b.RPC.fst(166,0-166,17): (Warning 272) Top-level let-bindings must be total; this term may have effects
Ex12b.RPC.fst(27,0-27,36): (Warning 272) Top-level let-bindings must be total; this term may have effects
Ex12b.RPC.fst(27,0-27,36): (Warning 272) Top-level let-bindings must be total; this term may have effects
Ex12b.RPC.fst(56,8-56,57): (Warning 272) Top-level let-bindings must be total; this term may have effects
Ex12b.RPC.fst(56,8-56,57): (Warning 272) Top-level let-bindings must be total; this term may have effects
Ex12b.RPC.fst(85,0-86,16): (Warning 272) Top-level let-bindings must be total; this term may have effects
Ex12b.RPC.fst(85,0-86,16): (Warning 272) Top-level let-bindings must be total; this term may have effects


[0;31mWarning:[0m could not find "msbuild", trying (deprecated) "xbuild"




[0;31mWarning:[0m could not find "msbuild", trying (deprecated) "xbuild"




[0;31mWarning:[0m could not find "msbuild", trying (deprecated) "xbuild"


MAC.fst(45,0-45,53): (Warning 272) Top-level let-bindings must be total; this term may have effects
RPC.fst(9,0-9,53): (Warning 272) Top-level let-bindings must be total; this term may have effects
RPC.fst(9,0-9,53): (Warning 272) Top-level let-bindings must be total; this term may have effects
RPC.fst(23,0-23,39): (Warning 272) Top-level let-bindings must be total; this term may have effects
RPC.fst(23,0-23,39): (Warning 272) Top-level let-bindings must be total; this term may have effects
RPC.fst(48,0-49,16): (Warning 272) Top-level let-bindings must be total; this term may have effects
RPC.fst(48,0-49,16): (Warning 272) Top-level let-bindings must be total; this term may have effects
RPC.fst(116,0-116,17): (Warning 272) Top-level let-bindings must be total; this term may have effects
RPC.fst(116,0-116,17): (Warning 272) Top-level let-bindings must be total; this term may have effects


[0;31mWarning:[0m could not find "msbuild", trying (deprecated) "xbuild"




[0;31mWarning:[0m could not find "msbuild", trying (deprecated) "xbuild"




[0;31mWarning:[0m could not find "msbuild", trying (deprecated) "xbuild"


bug1091.fst(18,50-18,66): (Warning 252) Subtyping check failed; expected type FStar.UInt.uint_t (*?u19*) _; got type n: Prims.nat{n < Prims.pow2 128} (see also FStar.UInt.fst(52,28-52,36))
bug1091.fst(24,91-24,92): (Warning 252) could not prove post-condition (see also bug1091.fst(24,21-24,86))
bug1091.fst(82,26-82,40): (Warning 252) Failed to verify implicit argument: (*?u21*) _ (Introduced at bug1091.fst(82,26-82,40) for Instantiating implicit argument in application resolved at bug1091.fst(81,0-82,77)) :: Subtyping check failed; expected type Prims.eqtype; got type Type (see also prims.fst(27,21-27,28))
bug1091.fst(82,51-82,65): (Warning 252) Failed to verify implicit argument: (*?u21*) _ (Introduced at bug1091.fst(82,51-82,65) for Instantiating implicit argument in application resolved at bug1091.fst(81,0-82,77)) :: Subtyping check failed; expected type Prims.eqtype; got type Type (see also prims.fst(27,21-27,28))
bug1091.fst(82,26-82,40): (Warning 252) Failed to verify implicit argument: (*?u21*) _ (Introduced at bug1091.fst(82,26-82,40) for flex-flex quasi:	lhs=Instantiating implicit argument in application	rhs=Instantiating implicit argument in application resolved at bug1091.fst(81,0-82,77)) :: Subtyping check failed; expected type Prims.eqtype; got type Type (see also prims.fst(27,21-27,28))
bug1091.fst(93,55-93,56): (Warning 252) Subtyping check failed; expected type n: Prims.int{%[ m - 1; n ] << %[ m; n ]}; got type Prims.int (see also bug1091.fst(92,2-94,78))


[0;31mWarning:[0m could not find "msbuild", trying (deprecated) "xbuild"


../Makefile.common:55: .depend: No such file or directory


[0;31mWarning:[0m could not find "msbuild", trying (deprecated) "xbuild"




[0;31mWarning:[0m could not find "msbuild", trying (deprecated) "xbuild"




[0;31mWarning:[0m could not find "msbuild", trying (deprecated) "xbuild"




[0;31mWarning:[0m could not find "msbuild", trying (deprecated) "xbuild"




[0;31mWarning:[0m could not find "msbuild", trying (deprecated) "xbuild"




[0;31mWarning:[0m could not find "msbuild", trying (deprecated) "xbuild"




[0;31mWarning:[0m could not find "msbuild", trying (deprecated) "xbuild"


ScopeOfBinderGuard.fst(9,47-9,48): (Warning 252) Subtyping check failed; expected type Prims.unit; got type ScopeOfBinderGuard.bool_t (see also ScopeOfBinderGuard.fst(9,17-9,18))
ScopeOfBinderGuard.fst(9,47-9,48): (Warning 252) Subtyping check failed; expected type Prims.unit; got type ScopeOfBinderGuard.bool_t (see also ScopeOfBinderGuard.fst(9,17-9,18))
ScopeOfBinderGuard.fst(9,47-9,48): (Warning 252) Subtyping check failed; expected type Prims.unit; got type ScopeOfBinderGuard.bool_t (see also ScopeOfBinderGuard.fst(9,17-9,18))
ScopeOfBinderGuard.fst(9,47-9,48): (Warning 252) Subtyping check failed; expected type Prims.unit; got type ScopeOfBinderGuard.bool_t (see also ScopeOfBinderGuard.fst(9,17-9,18))
ScopeOfBinderGuard.fst(11,46-11,47): (Warning 252) Subtyping check failed; expected type Prims.bool; got type ScopeOfBinderGuard.t false (see also ScopeOfBinderGuard.fst(11,26-11,27))
ScopeOfBinderGuard.fst(11,46-11,47): (Warning 252) Subtyping check failed; expected type Prims.bool; got type ScopeOfBinderGuard.t false (see also ScopeOfBinderGuard.fst(11,26-11,27))
ScopeOfBinderGuard.fst(11,46-11,47): (Warning 252) Subtyping check failed; expected type Prims.bool; got type ScopeOfBinderGuard.t false (see also ScopeOfBinderGuard.fst(11,26-11,27))
ScopeOfBinderGuard.fst(11,46-11,47): (Warning 252) Subtyping check failed; expected type Prims.bool; got type ScopeOfBinderGuard.t false (see also ScopeOfBinderGuard.fst(11,26-11,27))


[0;31mWarning:[0m could not find "msbuild", trying (deprecated) "xbuild"




[0;31mWarning:[0m could not find "msbuild", trying (deprecated) "xbuild"




[0;31mWarning:[0m could not find "msbuild", trying (deprecated) "xbuild"




[0;31mWarning:[0m could not find "msbuild", trying (deprecated) "xbuild"




[0;31mWarning:[0m could not find "msbuild", trying (deprecated) "xbuild"




[0;31mWarning:[0m could not find "msbuild", trying (deprecated) "xbuild"




[0;31mWarning:[0m could not find "msbuild", trying (deprecated) "xbuild"




[0;31mWarning:[0m could not find "msbuild", trying (deprecated) "xbuild"




[0;31mWarning:[0m could not find "msbuild", trying (deprecated) "xbuild"




[0;31mWarning:[0m could not find "msbuild", trying (deprecated) "xbuild"


Benton2004.RHL.fst(258,2-258,4): (Warning 252) (Hint-replay failed): could not prove post-condition (see also Benton2004.RHL.fst(254,2-257,3))
Benton2004.RHL.fst(459,4-459,19): (Warning 252) (Hint-replay failed): assertion failed (see also Benton2004.RHL.fst(443,4-443,84))
Benton2004.RHL.fst(513,63-513,152): (Warning 252) (Hint-replay failed): assertion failed


[0;31mWarning:[0m could not find "msbuild", trying (deprecated) "xbuild"




[0;31mWarning:[0m could not find "msbuild", trying (deprecated) "xbuild"


MAC.fst(45,0-45,53): (Warning 272) Top-level let-bindings must be total; this term may have effects
CntProtocol.fst(12,0-12,53): (Warning 272) Top-level let-bindings must be total; this term may have effects
CntProtocol.fst(12,0-12,53): (Warning 272) Top-level let-bindings must be total; this term may have effects
CntProtocol.fst(27,0-27,26): (Warning 272) Top-level let-bindings must be total; this term may have effects
CntProtocol.fst(27,0-27,26): (Warning 272) Top-level let-bindings must be total; this term may have effects
CntProtocol.fst(30,0-30,54): (Warning 272) Top-level let-bindings must be total; this term may have effects
CntProtocol.fst(30,0-30,54): (Warning 272) Top-level let-bindings must be total; this term may have effects
CntProtocol.fst(33,0-33,54): (Warning 272) Top-level let-bindings must be total; this term may have effects
CntProtocol.fst(33,0-33,54): (Warning 272) Top-level let-bindings must be total; this term may have effects
CntProtocol.fst(97,0-97,39): (Warning 272) Top-level let-bindings must be total; this term may have effects
CntProtocol.fst(97,0-97,39): (Warning 272) Top-level let-bindings must be total; this term may have effects
CntProtocol.fst(124,0-124,18): (Warning 272) Top-level let-bindings must be total; this term may have effects
CntProtocol.fst(124,0-124,18): (Warning 272) Top-level let-bindings must be total; this term may have effects
CntProtocol.fst(168,0-184,5): (Warning 272) Top-level let-bindings must be total; this term may have effects
CntProtocol.fst(168,0-184,5): (Warning 272) Top-level let-bindings must be total; this term may have effects


[0;31mWarning:[0m could not find "msbuild", trying (deprecated) "xbuild"




[0;31mWarning:[0m could not find "msbuild", trying (deprecated) "xbuild"




[0;31mWarning:[0m could not find "msbuild", trying (deprecated) "xbuild"




[0;31mWarning:[0m could not find "msbuild", trying (deprecated) "xbuild"




[0;31mWarning:[0m could not find "msbuild", trying (deprecated) "xbuild"




[0;31mWarning:[0m could not find "msbuild", trying (deprecated) "xbuild"




[0;31mWarning:[0m could not find "msbuild", trying (deprecated) "xbuild"




[0;31mWarning:[0m could not find "msbuild", trying (deprecated) "xbuild"




[0;31mWarning:[0m could not find "msbuild", trying (deprecated) "xbuild"




[0;31mWarning:[0m could not find "msbuild", trying (deprecated) "xbuild"




[0;31mWarning:[0m could not find "msbuild", trying (deprecated) "xbuild"




[0;31mWarning:[0m could not find "msbuild", trying (deprecated) "xbuild"




[0;31mWarning:[0m could not find "msbuild", trying (deprecated) "xbuild"




[0;31mWarning:[0m could not find "msbuild", trying (deprecated) "xbuild"




[0;31mWarning:[0m could not find "msbuild", trying (deprecated) "xbuild"




[0;31mWarning:[0m could not find "msbuild", trying (deprecated) "xbuild"




[0;31mWarning:[0m could not find "msbuild", trying (deprecated) "xbuild"




[0;31mWarning:[0m could not find "msbuild", trying (deprecated) "xbuild"




[0;31mWarning:[0m could not find "msbuild", trying (deprecated) "xbuild"




[0;31mWarning:[0m could not find "msbuild", trying (deprecated) "xbuild"


EtM.CPA.fst(46,21-46,32): (Warning 288) FStar.Seq.Base.createEmpty is deprecated, use Seq.empty instead
EtM.CPA.fst(55,34-55,45): (Warning 288) FStar.Seq.Base.createEmpty is deprecated, use Seq.empty instead


[0;31mWarning:[0m could not find "msbuild", trying (deprecated) "xbuild"


StlcStrongDbParSubst.fst(203,27-203,29): (Warning 252) (Hint-replay failed): Subtyping check failed; expected type StlcStrongDbParSubst.typing g
(StlcStrongDbParSubst.sub_beta v y)
(Some?.v (StlcStrongDbParSubst.extend t_x g y)); got type StlcStrongDbParSubst.typing g v t_x (see also StlcStrongDbParSubst.fst(170,46-201,36))
StlcStrongDbParSubst.fst(203,27-203,29): (Warning 252) (Hint-replay failed): Subtyping check failed; expected type StlcStrongDbParSubst.typing g
(StlcStrongDbParSubst.sub_beta v y)
(Some?.v (StlcStrongDbParSubst.extend t_x g y)); got type StlcStrongDbParSubst.typing g v t_x (see also StlcStrongDbParSubst.fst(170,46-201,36))


[0;31mWarning:[0m could not find "msbuild", trying (deprecated) "xbuild"




[0;31mWarning:[0m could not find "msbuild", trying (deprecated) "xbuild"




[0;31mWarning:[0m could not find "msbuild", trying (deprecated) "xbuild"




[0;31mWarning:[0m could not find "msbuild", trying (deprecated) "xbuild"


FStar.Pointer.Base.fst(992,23-992,24): (Warning 252) (Hint-replay failed): Subtyping check failed; expected type FStar.Pointer.Base.otype_of_struct_field l fd; got type FStar.Pointer.Base.otype_of_typ to (see also FStar.Pointer.Base.fst(945,3-945,4))
FStar.Pointer.Base.fst(4149,5-4149,28): (Warning 252) (Hint-replay failed): assertion failed (see also FStar.ModifiesGen.fsti(382,40-382,61))
FStar.Pointer.Base.fst(4152,5-4152,28): (Warning 252) (Hint-replay failed): assertion failed (see also FStar.ModifiesGen.fsti(382,40-382,61))


[0;31mWarning:[0m could not find "msbuild", trying (deprecated) "xbuild"




[0;31mWarning:[0m could not find "msbuild", trying (deprecated) "xbuild"




[0;31mWarning:[0m could not find "msbuild", trying (deprecated) "xbuild"




[0;31mWarning:[0m could not find "msbuild", trying (deprecated) "xbuild"




[0;31mWarning:[0m could not find "msbuild", trying (deprecated) "xbuild"




[0;31mWarning:[0m could not find "msbuild", trying (deprecated) "xbuild"




[0;31mWarning:[0m could not find "msbuild", trying (deprecated) "xbuild"


scons: *** [obj/crypto/aes/GCM_helpers_i.fst.verified.tmp] Error 1


[0;31mWarning:[0m could not find "msbuild", trying (deprecated) "xbuild"




[0;31mWarning:[0m could not find "msbuild", trying (deprecated) "xbuild"




[0;31mWarning:[0m could not find "msbuild", trying (deprecated) "xbuild"




[0;31mWarning:[0m could not find "msbuild", trying (deprecated) "xbuild"




[0;31mWarning:[0m could not find "msbuild", trying (deprecated) "xbuild"




[0;31mWarning:[0m could not find "msbuild", trying (deprecated) "xbuild"




[0;31mWarning:[0m could not find "msbuild", trying (deprecated) "xbuild"




[0;31mWarning:[0m could not find "msbuild", trying (deprecated) "xbuild"




[0;31mWarning:[0m could not find "msbuild", trying (deprecated) "xbuild"




[0;31mWarning:[0m could not find "msbuild", trying (deprecated) "xbuild"




[0;31mWarning:[0m could not find "msbuild", trying (deprecated) "xbuild"




[0;31mWarning:[0m could not find "msbuild", trying (deprecated) "xbuild"




[0;31mWarning:[0m could not find "msbuild", trying (deprecated) "xbuild"




[0;31mWarning:[0m could not find "msbuild", trying (deprecated) "xbuild"




[0;31mWarning:[0m could not find "msbuild", trying (deprecated) "xbuild"




[0;31mWarning:[0m could not find "msbuild", trying (deprecated) "xbuild"




[0;31mWarning:[0m could not find "msbuild", trying (deprecated) "xbuild"




[0;31mWarning:[0m could not find "msbuild", trying (deprecated) "xbuild"




[0;31mWarning:[0m could not find "msbuild", trying (deprecated) "xbuild"




[0;31mWarning:[0m could not find "msbuild", trying (deprecated) "xbuild"




[0;31mWarning:[0m could not find "msbuild", trying (deprecated) "xbuild"




[0;31mWarning:[0m could not find "msbuild", trying (deprecated) "xbuild"




[0;31mWarning:[0m could not find "msbuild", trying (deprecated) "xbuild"




[0;31mWarning:[0m could not find "msbuild", trying (deprecated) "xbuild"


EtM.CPA.fst(46,21-46,32): (Warning 288) FStar.Seq.Base.createEmpty is deprecated, use Seq.empty instead
EtM.CPA.fst(55,34-55,45): (Warning 288) FStar.Seq.Base.createEmpty is deprecated, use Seq.empty instead
EtM.MAC.fst(59,21-59,32): (Warning 288) FStar.Seq.Base.createEmpty is deprecated, use Seq.empty instead
EtM.MAC.fst(72,34-72,45): (Warning 288) FStar.Seq.Base.createEmpty is deprecated, use Seq.empty instead


[0;31mWarning:[0m could not find "msbuild", trying (deprecated) "xbuild"




[0;31mWarning:[0m could not find "msbuild", trying (deprecated) "xbuild"




[0;31mWarning:[0m could not find "msbuild", trying (deprecated) "xbuild"




[0;31mWarning:[0m could not find "msbuild", trying (deprecated) "xbuild"




[0;31mWarning:[0m could not find "msbuild", trying (deprecated) "xbuild"




[0;31mWarning:[0m could not find "msbuild", trying (deprecated) "xbuild"




[0;31mWarning:[0m could not find "msbuild", trying (deprecated) "xbuild"


EtM.CPA.fst(46,21-46,32): (Warning 288) FStar.Seq.Base.createEmpty is deprecated, use Seq.empty instead
EtM.CPA.fst(55,34-55,45): (Warning 288) FStar.Seq.Base.createEmpty is deprecated, use Seq.empty instead
EtM.MAC.fst(59,21-59,32): (Warning 288) FStar.Seq.Base.createEmpty is deprecated, use Seq.empty instead
EtM.MAC.fst(72,34-72,45): (Warning 288) FStar.Seq.Base.createEmpty is deprecated, use Seq.empty instead
EtM.AE.fst(67,21-67,32): (Warning 288) FStar.Seq.Base.createEmpty is deprecated, use Seq.empty instead
EtM.AE.fst(80,34-80,45): (Warning 288) FStar.Seq.Base.createEmpty is deprecated, use Seq.empty instead


[0;31mWarning:[0m could not find "msbuild", trying (deprecated) "xbuild"




[0;31mWarning:[0m could not find "msbuild", trying (deprecated) "xbuild"


IfcDelimitedRelease.fst(177,37-177,38): (Warning 252) (Hint-replay failed): Subtyping check failed; expected type h:
(h: FStar.Monotonic.Heap.heap{IfcDelimitedRelease.refs_invariant [n; x_h; k; x_l] h})
{ %[ FStar.Monotonic.Heap.sel h (FStar.List.Tot.Base.hd [n; x_h; k; x_l]) ] <<
%[ FStar.Monotonic.Heap.sel h (FStar.List.Tot.Base.hd _) ] }; got type FStar.Monotonic.Heap.heap (see also IfcDelimitedRelease.fst(171,2-177,38))
IfcDelimitedRelease.fst(175,31-175,32): (Warning 252) Subtyping check failed; expected type h: FStar.Monotonic.Heap.heap{IfcDelimitedRelease.refs_invariant [x_h; k; x_l] h}; got type FStar.Monotonic.Heap.heap (see also IfcDelimitedRelease.fst(24,71-24,90))
IfcDelimitedRelease.fst(175,31-175,32): (Warning 252) Subtyping check failed; expected type h: FStar.Monotonic.Heap.heap{IfcDelimitedRelease.refs_invariant [x_h; k; x_l] h}; got type FStar.Monotonic.Heap.heap (see also IfcDelimitedRelease.fst(24,71-24,90))
IfcDelimitedRelease.fst(177,37-177,38): (Warning 252) Subtyping check failed; expected type h:
(h: FStar.Monotonic.Heap.heap{IfcDelimitedRelease.refs_invariant [n; x_h; k; x_l] h})
{ %[ FStar.Monotonic.Heap.sel h (FStar.List.Tot.Base.hd [n; x_h; k; x_l]) ] <<
%[ FStar.Monotonic.Heap.sel h (FStar.List.Tot.Base.hd _) ] }; got type FStar.Monotonic.Heap.heap (see also IfcDelimitedRelease.fst(169,76-169,95))
IfcDelimitedRelease.fst(177,37-177,38): (Warning 252) (Hint-replay failed): Subtyping check failed; expected type h:
(h: FStar.Monotonic.Heap.heap{IfcDelimitedRelease.refs_invariant [n; x_h; k; x_l] h})
{ %[ FStar.Monotonic.Heap.sel h (FStar.List.Tot.Base.hd [n; x_h; k; x_l]) ] <<
%[ FStar.Monotonic.Heap.sel h (FStar.List.Tot.Base.hd _) ] }; got type FStar.Monotonic.Heap.heap (see also IfcDelimitedRelease.fst(171,2-177,38))
IfcDelimitedRelease.fst(175,31-175,32): (Warning 252) Subtyping check failed; expected type h: FStar.Monotonic.Heap.heap{IfcDelimitedRelease.refs_invariant [x_h; k; x_l] h}; got type FStar.Monotonic.Heap.heap (see also IfcDelimitedRelease.fst(24,71-24,90))
IfcDelimitedRelease.fst(175,31-175,32): (Warning 252) Subtyping check failed; expected type h: FStar.Monotonic.Heap.heap{IfcDelimitedRelease.refs_invariant [x_h; k; x_l] h}; got type FStar.Monotonic.Heap.heap (see also IfcDelimitedRelease.fst(24,71-24,90))
IfcDelimitedRelease.fst(177,37-177,38): (Warning 252) Subtyping check failed; expected type h:
(h: FStar.Monotonic.Heap.heap{IfcDelimitedRelease.refs_invariant [n; x_h; k; x_l] h})
{ %[ FStar.Monotonic.Heap.sel h (FStar.List.Tot.Base.hd [n; x_h; k; x_l]) ] <<
%[ FStar.Monotonic.Heap.sel h (FStar.List.Tot.Base.hd _) ] }; got type FStar.Monotonic.Heap.heap (see also IfcDelimitedRelease.fst(169,76-169,95))


[0;31mWarning:[0m could not find "msbuild", trying (deprecated) "xbuild"




[0;31mWarning:[0m could not find "msbuild", trying (deprecated) "xbuild"




[0;31mWarning:[0m could not find "msbuild", trying (deprecated) "xbuild"




[0;31mWarning:[0m could not find "msbuild", trying (deprecated) "xbuild"




[0;31mWarning:[0m could not find "msbuild", trying (deprecated) "xbuild"




[0;31mWarning:[0m could not find "msbuild", trying (deprecated) "xbuild"




[0;31mWarning:[0m could not find "msbuild", trying (deprecated) "xbuild"


File "out_ExtractionBug2/ExtractionBug2.ml", line 13, characters 20-56:
Warning 8: this pattern-matching is not exhaustive.
Here is an example of a case that is not matched:
Nil


[0;31mWarning:[0m could not find "msbuild", trying (deprecated) "xbuild"




[0;31mWarning:[0m could not find "msbuild", trying (deprecated) "xbuild"




[0;31mWarning:[0m could not find "msbuild", trying (deprecated) "xbuild"




[0;31mWarning:[0m could not find "msbuild", trying (deprecated) "xbuild"


LowStar.Ex3.fst(54,28-54,39): (Warning 288) FStar.Seq.Base.createEmpty is deprecated, use Seq.empty instead
LowStar.Ex3.fst(101,39-101,50): (Warning 288) FStar.Seq.Base.createEmpty is deprecated, use Seq.empty instead


[0;31mWarning:[0m could not find "msbuild", trying (deprecated) "xbuild"




[0;31mWarning:[0m could not find "msbuild", trying (deprecated) "xbuild"


Ex01a.fst(60,0-60,48): (Warning 272) Top-level let-bindings must be total; this term may have effects
Ex01a.fst(60,0-60,48): (Warning 272) Top-level let-bindings must be total; this term may have effects
make[2]: [Ex01a-ocaml] Error 2 (ignored)


[0;31mWarning:[0m could not find "msbuild", trying (deprecated) "xbuild"




[0;31mWarning:[0m could not find "msbuild", trying (deprecated) "xbuild"




[0;31mWarning:[0m could not find "msbuild", trying (deprecated) "xbuild"




[0;31mWarning:[0m could not find "msbuild", trying (deprecated) "xbuild"


StlcCbvDbParSubst.fst(197,19-197,25): (Warning 252) (Hint-replay failed): assertion failed (see also StlcCbvDbParSubst.fst(197,25-197,68))


[0;31mWarning:[0m could not find "msbuild", trying (deprecated) "xbuild"




[0;31mWarning:[0m could not find "msbuild", trying (deprecated) "xbuild"


Effects.Def.fst(165,2-165,22): (Warning 252) (Hint-replay failed): assertion failed (see also Effects.Def.fst(44,11-44,91))


[0;31mWarning:[0m could not find "msbuild", trying (deprecated) "xbuild"




[0;31mWarning:[0m could not find "msbuild", trying (deprecated) "xbuild"




[0;31mWarning:[0m could not find "msbuild", trying (deprecated) "xbuild"




[0;31mWarning:[0m could not find "msbuild", trying (deprecated) "xbuild"


/home/everest/vsts-agent/_work/2/s/hacl-star/secure_api/Crypto.AEAD.Main.fsti(169,44-169,55): (Warning 288) FStar.Seq.Base.createEmpty is deprecated, use Seq.empty instead


[0;31mWarning:[0m could not find "msbuild", trying (deprecated) "xbuild"




[0;31mWarning:[0m could not find "msbuild", trying (deprecated) "xbuild"




[0;31mWarning:[0m could not find "msbuild", trying (deprecated) "xbuild"


MAC.fst(45,0-45,53): (Warning 272) Top-level let-bindings must be total; this term may have effects
RPC.fst(9,0-9,53): (Warning 272) Top-level let-bindings must be total; this term may have effects
RPC.fst(23,0-23,39): (Warning 272) Top-level let-bindings must be total; this term may have effects
RPC.fst(48,0-49,16): (Warning 272) Top-level let-bindings must be total; this term may have effects
RPC.fst(116,0-116,17): (Warning 272) Top-level let-bindings must be total; this term may have effects


[0;31mWarning:[0m could not find "msbuild", trying (deprecated) "xbuild"




[0;31mWarning:[0m could not find "msbuild", trying (deprecated) "xbuild"




[0;31mWarning:[0m could not find "msbuild", trying (deprecated) "xbuild"




[0;31mWarning:[0m could not find "msbuild", trying (deprecated) "xbuild"




[0;31mWarning:[0m could not find "msbuild", trying (deprecated) "xbuild"


MAC.fst(45,0-45,53): (Warning 272) Top-level let-bindings must be total; this term may have effects
CntProtocol.fst(12,0-12,53): (Warning 272) Top-level let-bindings must be total; this term may have effects
CntProtocol.fst(27,0-27,26): (Warning 272) Top-level let-bindings must be total; this term may have effects
CntProtocol.fst(30,0-30,54): (Warning 272) Top-level let-bindings must be total; this term may have effects
CntProtocol.fst(33,0-33,54): (Warning 272) Top-level let-bindings must be total; this term may have effects
CntProtocol.fst(97,0-97,39): (Warning 272) Top-level let-bindings must be total; this term may have effects
CntProtocol.fst(124,0-124,18): (Warning 272) Top-level let-bindings must be total; this term may have effects
CntProtocol.fst(168,0-184,5): (Warning 272) Top-level let-bindings must be total; this term may have effects


[0;31mWarning:[0m could not find "msbuild", trying (deprecated) "xbuild"




[0;31mWarning:[0m could not find "msbuild", trying (deprecated) "xbuild"




[0;31mWarning:[0m could not find "msbuild", trying (deprecated) "xbuild"


Protocol.fst(23,0-23,9): (Warning 239) Adding an implicit 'assume new' qualifier on byte
Protocol.fst(341,4-341,25): (Warning 252) (Hint-replay failed): could not prove post-condition (see also Protocol.fst(340,7-340,35))


[0;31mWarning:[0m could not find "msbuild", trying (deprecated) "xbuild"




[0;31mWarning:[0m could not find "msbuild", trying (deprecated) "xbuild"




[0;31mWarning:[0m could not find "msbuild", trying (deprecated) "xbuild"


HyE.CCA2.fst(46,2-46,14): (Warning 271) Pattern ((ite (= (BoundV 0) (BoxBool (true ))) (BoundV 3) (HyE.PlainPKE.repr (BoundV 4)))) contains illegal symbols; dropping it (see also /home/everest/vsts-agent/_work/2/s/ulib/FStar.Monotonic.Seq.fst(72,20-72,61))


[0;31mWarning:[0m could not find "msbuild", trying (deprecated) "xbuild"




[0;31mWarning:[0m could not find "msbuild", trying (deprecated) "xbuild"




[0;31mWarning:[0m could not find "msbuild", trying (deprecated) "xbuild"




[0;31mWarning:[0m could not find "msbuild", trying (deprecated) "xbuild"




[0;31mWarning:[0m could not find "msbuild", trying (deprecated) "xbuild"




[0;31mWarning:[0m could not find "msbuild", trying (deprecated) "xbuild"


MRefHeap.fst(71,11-72,26): (Warning 252) (Hint-replay failed): Subtyping check failed; expected type MRefHeap.heap; got type Prims.nat * (_: Prims.nat -> Prims.Tot (FStar.Pervasives.Native.option MRefHeap.heap_cell)) (see also MRefHeap.fst(13,42-13,72))


[0;31mWarning:[0m could not find "msbuild", trying (deprecated) "xbuild"




[0;31mWarning:[0m could not find "msbuild", trying (deprecated) "xbuild"


../Makefile.common:55: .depend: No such file or directory


[0;31mWarning:[0m could not find "msbuild", trying (deprecated) "xbuild"




[0;31mWarning:[0m could not find "msbuild", trying (deprecated) "xbuild"




[0;31mWarning:[0m could not find "msbuild", trying (deprecated) "xbuild"




[0;31mWarning:[0m could not find "msbuild", trying (deprecated) "xbuild"




[0;31mWarning:[0m could not find "msbuild", trying (deprecated) "xbuild"




[0;31mWarning:[0m could not find "msbuild", trying (deprecated) "xbuild"




[0;31mWarning:[0m could not find "msbuild", trying (deprecated) "xbuild"




[0;31mWarning:[0m could not find "msbuild", trying (deprecated) "xbuild"




[0;31mWarning:[0m could not find "msbuild", trying (deprecated) "xbuild"




[0;31mWarning:[0m could not find "msbuild", trying (deprecated) "xbuild"




[0;31mWarning:[0m could not find "msbuild", trying (deprecated) "xbuild"




[0;31mWarning:[0m could not find "msbuild", trying (deprecated) "xbuild"


NatHeap.fst(68,12-69,30): (Warning 252) (Hint-replay failed): Subtyping check failed; expected type NatHeap.heap; got type Prims.nat * (_: Prims.nat -> Prims.Tot (FStar.Pervasives.Native.option (a: Type0 & a))) (see also NatHeap.fst(12,42-12,72))
CanonCommSwaps.fst(10,2-14,68): (Warning 252) (Hint-replay failed): Patterns are incomplete


[0;31mWarning:[0m could not find "msbuild", trying (deprecated) "xbuild"




[0;31mWarning:[0m could not find "msbuild", trying (deprecated) "xbuild"




[0;31mWarning:[0m could not find "msbuild", trying (deprecated) "xbuild"




[0;31mWarning:[0m could not find "msbuild", trying (deprecated) "xbuild"




[0;31mWarning:[0m could not find "msbuild", trying (deprecated) "xbuild"




[0;31mWarning:[0m could not find "msbuild", trying (deprecated) "xbuild"




[0;31mWarning:[0m could not find "msbuild", trying (deprecated) "xbuild"




[0;31mWarning:[0m could not find "msbuild", trying (deprecated) "xbuild"




[0;31mWarning:[0m could not find "msbuild", trying (deprecated) "xbuild"




[0;31mWarning:[0m could not find "msbuild", trying (deprecated) "xbuild"




[0;31mWarning:[0m could not find "msbuild", trying (deprecated) "xbuild"




[0;31mWarning:[0m could not find "msbuild", trying (deprecated) "xbuild"




[0;31mWarning:[0m could not find "msbuild", trying (deprecated) "xbuild"




[0;31mWarning:[0m could not find "msbuild", trying (deprecated) "xbuild"




[0;31mWarning:[0m could not find "msbuild", trying (deprecated) "xbuild"




[0;31mWarning:[0m could not find "msbuild", trying (deprecated) "xbuild"




[0;31mWarning:[0m could not find "msbuild", trying (deprecated) "xbuild"




[0;31mWarning:[0m could not find "msbuild", trying (deprecated) "xbuild"




[0;31mWarning:[0m could not find "msbuild", trying (deprecated) "xbuild"




[0;31mWarning:[0m could not find "msbuild", trying (deprecated) "xbuild"




[0;31mWarning:[0m could not find "msbuild", trying (deprecated) "xbuild"




[0;31mWarning:[0m could not find "msbuild", trying (deprecated) "xbuild"


TestMRef.fst(8,0-8,15): (Warning 272) Top-level let-bindings must be total; this term may have effects
TestMRef.fst(8,0-8,15): (Warning 272) Top-level let-bindings must be total; this term may have effects
TestMRef.fst(8,0-8,15): (Warning 272) Top-level let-bindings must be total; this term may have effects
TestMRef.fst(8,0-8,15): (Warning 272) Top-level let-bindings must be total; this term may have effects


[0;31mWarning:[0m could not find "msbuild", trying (deprecated) "xbuild"


FStar.DM4F.Id.fst(23,8-23,14): (Warning 252) assertion failed (see also FStar.DM4F.Id.fst(23,15-23,20))
FStar.DM4F.Id.fst(23,8-23,14): (Warning 252) assertion failed (see also FStar.DM4F.Id.fst(23,15-23,20))
FStar.DM4F.Id.fst(23,8-23,14): (Warning 252) assertion failed (see also FStar.DM4F.Id.fst(23,15-23,20))
FStar.DM4F.Id.fst(23,8-23,14): (Warning 252) assertion failed (see also FStar.DM4F.Id.fst(23,15-23,20))


[0;31mWarning:[0m could not find "msbuild", trying (deprecated) "xbuild"




[0;31mWarning:[0m could not find "msbuild", trying (deprecated) "xbuild"


../Makefile.common:55: .depend: No such file or directory


[0;31mWarning:[0m could not find "msbuild", trying (deprecated) "xbuild"


Mac.fst(70,0-70,53): (Warning 272) Top-level let-bindings must be total; this term may have effects
Mac.fst(70,0-70,53): (Warning 272) Top-level let-bindings must be total; this term may have effects
Mac.fst(70,0-70,53): (Warning 272) Top-level let-bindings must be total; this term may have effects
Mac.fst(70,0-70,53): (Warning 272) Top-level let-bindings must be total; this term may have effects


[0;31mWarning:[0m could not find "msbuild", trying (deprecated) "xbuild"




[0;31mWarning:[0m could not find "msbuild", trying (deprecated) "xbuild"




[0;31mWarning:[0m could not find "msbuild", trying (deprecated) "xbuild"




[0;31mWarning:[0m could not find "msbuild", trying (deprecated) "xbuild"




[0;31mWarning:[0m could not find "msbuild", trying (deprecated) "xbuild"




[0;31mWarning:[0m could not find "msbuild", trying (deprecated) "xbuild"




[0;31mWarning:[0m could not find "msbuild", trying (deprecated) "xbuild"




[0;31mWarning:[0m could not find "msbuild", trying (deprecated) "xbuild"




[0;31mWarning:[0m could not find "msbuild", trying (deprecated) "xbuild"




[0;31mWarning:[0m could not find "msbuild", trying (deprecated) "xbuild"




[0;31mWarning:[0m could not find "msbuild", trying (deprecated) "xbuild"




[0;31mWarning:[0m could not find "msbuild", trying (deprecated) "xbuild"




[0;31mWarning:[0m could not find "msbuild", trying (deprecated) "xbuild"




[0;31mWarning:[0m could not find "msbuild", trying (deprecated) "xbuild"


MonotonicArray.fst(40,61-40,72): (Warning 252) (Hint-replay failed): Subtyping check failed; expected type FStar.Preorder.preorder (MonotonicArray.repr a n); got type FStar.Preorder.relation (MonotonicArray.repr a n) (see also /home/everest/vsts-agent/_work/2/s/ulib/FStar.Preorder.fst(12,40-12,56))
MonotonicArray.fst(55,4-55,19): (Warning 252) (Hint-replay failed): Subtyping check failed; expected type p: FStar.ST.heap_predicate{FStar.ST.stable p}; got type FStar.ST.heap_predicate (see also MonotonicArray.fst(54,76-54,84))
MonotonicArray.fst(63,4-63,21): (Warning 252) (Hint-replay failed): Subtyping check failed; expected type p: FStar.ST.heap_predicate{FStar.ST.stable p}; got type FStar.ST.heap_predicate (see also MonotonicArray.fst(62,78-62,86))
MonotonicArray.fst(113,4-113,15): (Warning 252) (Hint-replay failed): assertion failed (see also /home/everest/vsts-agent/_work/2/s/ulib/FStar.ST.fst(50,81-50,85))
MonotonicArray.fst(125,4-125,15): (Warning 252) (Hint-replay failed): assertion failed (see also /home/everest/vsts-agent/_work/2/s/ulib/FStar.ST.fst(50,81-50,85))
MonotonicArray.fst(207,10-207,12): (Warning 252) (Hint-replay failed): assertion failed (see also /home/everest/vsts-agent/_work/2/s/ulib/FStar.ST.fst(122,14-122,29))
MonotonicArray.fst(231,13-231,19): (Warning 252) (Hint-replay failed): Subtyping check failed; expected type MonotonicArray.repr a _; got type FStar.Seq.Base.seq (FStar.Pervasives.Native.option a) * MonotonicArray.flag (see also MonotonicArray.fst(23,32-23,54))
MonotonicArray.fst(241,4-241,16): (Warning 252) (Hint-replay failed): assertion failed (see also MonotonicArray.fst(223,38-223,55))
MonotonicArray.fst(268,43-268,73): (Warning 252) (Hint-replay failed): Subtyping check failed; expected type q:
FStar.ST.heap_predicate
{ FStar.ST.stable q /\
(forall (h: FStar.Monotonic.Heap.heap). MonotonicArray.mutable_pred arr h ==> q h) }; got type p: FStar.ST.heap_predicate{FStar.ST.stable p} (see also /home/everest/vsts-agent/_work/2/s/ulib/FStar.ST.fst(54,80-54,83))
MonotonicArray.fst(274,45-274,77): (Warning 252) (Hint-replay failed): Subtyping check failed; expected type q:
FStar.ST.heap_predicate
{ FStar.ST.stable q /\
(forall (h: FStar.Monotonic.Heap.heap). MonotonicArray.freezable_pred arr h ==> q h) }; got type p: FStar.ST.heap_predicate{FStar.ST.stable p} (see also /home/everest/vsts-agent/_work/2/s/ulib/FStar.ST.fst(54,80-54,83))
MonotonicArray.fst(535,4-535,15): (Warning 252) (Hint-replay failed): assertion failed (see also MonotonicArray.fst(501,37-501,54))
MonotonicArray.fst(40,61-40,72): (Warning 252) (Hint-replay failed): Subtyping check failed; expected type FStar.Preorder.preorder (MonotonicArray.repr a n); got type FStar.Preorder.relation (MonotonicArray.repr a n) (see also /home/everest/vsts-agent/_work/2/s/ulib/FStar.Preorder.fst(12,40-12,56))


[0;31mWarning:[0m could not find "msbuild", trying (deprecated) "xbuild"




[0;31mWarning:[0m could not find "msbuild", trying (deprecated) "xbuild"




[0;31mWarning:[0m could not find "msbuild", trying (deprecated) "xbuild"




[0;31mWarning:[0m could not find "msbuild", trying (deprecated) "xbuild"


../Makefile.common:55: .depend: No such file or directory


[0;31mWarning:[0m could not find "msbuild", trying (deprecated) "xbuild"


Test.HyperStack.fst(253,27-253,36): (Warning 288) FStar.HyperStack.ST.salloc_mm is deprecated, use use salloc instead instead
Test.HyperStack.fst(262,10-262,15): (Warning 288) FStar.HyperStack.ST.sfree is deprecated, use use salloc instead instead
Test.HyperStack.fst(272,27-272,36): (Warning 288) FStar.HyperStack.ST.salloc_mm is deprecated, use use salloc instead instead


[0;31mWarning:[0m could not find "msbuild", trying (deprecated) "xbuild"




[0;31mWarning:[0m could not find "msbuild", trying (deprecated) "xbuild"


Memo.fst(118,14-118,16): (Warning 252) (Hint-replay failed): Subtyping check failed; expected type h0: Memo.heap{Memo.valid_memo h0 f}; got type Prims.list (Prims.int * Prims.int) (see also Memo.fst(111,12-111,27))
Memo.fst(118,14-118,16): (Warning 252) (Hint-replay failed): Subtyping check failed; expected type h0: Memo.heap{Memo.valid_memo h0 f}; got type Prims.list (Prims.int * Prims.int) (see also Memo.fst(111,12-111,27))


[0;31mWarning:[0m could not find "msbuild", trying (deprecated) "xbuild"


prims.fst(243,30-243,42): (Warning 252) assertion failed (see also prims.fst(215,68-215,80))
prims.fst(243,30-243,42): (Warning 252) assertion failed (see also prims.fst(215,68-215,80))
prims.fst(243,30-243,42): (Warning 252) assertion failed (see also prims.fst(215,68-215,80))
prims.fst(243,30-243,42): (Warning 252) assertion failed (see also prims.fst(215,68-215,80))


[0;31mWarning:[0m could not find "msbuild", trying (deprecated) "xbuild"




[0;31mWarning:[0m could not find "msbuild", trying (deprecated) "xbuild"




[0;31mWarning:[0m could not find "msbuild", trying (deprecated) "xbuild"




[0;31mWarning:[0m could not find "msbuild", trying (deprecated) "xbuild"


Content.fst(47,32-47,43): (Warning 288) FStar.Seq.Base.createEmpty is deprecated, use Seq.empty instead


[0;31mWarning:[0m could not find "msbuild", trying (deprecated) "xbuild"


NegativeTests.BST.fst(22,38-22,42): (Warning 252) Subtyping check failed; expected type right:
FStar.Pervasives.Native.option (NegativeTests.BST.tree 2)
{ 0 <= 1 /\ 1 <= 2 /\ None? right <==> (1 = 2) /\
None? (FStar.Pervasives.Native.None) <==> (1 = 0) }; got type FStar.Pervasives.Native.option (NegativeTests.BST.tree 2) (see also NegativeTests.BST.fst(12,37-12,48))
NegativeTests.BST.fst(22,38-22,42): (Warning 252) Subtyping check failed; expected type right:
FStar.Pervasives.Native.option (NegativeTests.BST.tree 2)
{ 0 <= 1 /\ 1 <= 2 /\ None? right <==> (1 = 2) /\
None? (FStar.Pervasives.Native.None) <==> (1 = 0) }; got type FStar.Pervasives.Native.option (NegativeTests.BST.tree 2) (see also NegativeTests.BST.fst(12,37-12,48))
NegativeTests.BST.fst(22,38-22,42): (Warning 252) Subtyping check failed; expected type right:
FStar.Pervasives.Native.option (NegativeTests.BST.tree 2)
{ 0 <= 1 /\ 1 <= 2 /\ None? right <==> (1 = 2) /\
None? (FStar.Pervasives.Native.None) <==> (1 = 0) }; got type FStar.Pervasives.Native.option (NegativeTests.BST.tree 2) (see also NegativeTests.BST.fst(12,37-12,48))
NegativeTests.BST.fst(22,38-22,42): (Warning 252) Subtyping check failed; expected type right:
FStar.Pervasives.Native.option (NegativeTests.BST.tree 2)
{ 0 <= 1 /\ 1 <= 2 /\ None? right <==> (1 = 2) /\
None? (FStar.Pervasives.Native.None) <==> (1 = 0) }; got type FStar.Pervasives.Native.option (NegativeTests.BST.tree 2) (see also NegativeTests.BST.fst(12,37-12,48))
NegativeTests.BST.fst(25,61-25,65): (Warning 252) Subtyping check failed; expected type right:
FStar.Pervasives.Native.option (NegativeTests.BST.tree (l + 1))
{ l <= l /\ l <= l + 1 /\ None? right <==> (l = l + 1) /\
None? (FStar.Pervasives.Native.Some t) <==> (l = l) }; got type FStar.Pervasives.Native.option (NegativeTests.BST.tree (l + 1)) (see also NegativeTests.BST.fst(12,36-12,58))
NegativeTests.BST.fst(25,61-25,65): (Warning 252) Subtyping check failed; expected type right:
FStar.Pervasives.Native.option (NegativeTests.BST.tree (l + 1))
{ l <= l /\ l <= l + 1 /\ None? right <==> (l = l + 1) /\
None? (FStar.Pervasives.Native.Some t) <==> (l = l) }; got type FStar.Pervasives.Native.option (NegativeTests.BST.tree (l + 1)) (see also NegativeTests.BST.fst(12,36-12,58))
NegativeTests.BST.fst(25,61-25,65): (Warning 252) Subtyping check failed; expected type right:
FStar.Pervasives.Native.option (NegativeTests.BST.tree (l + 1))
{ l <= l /\ l <= l + 1 /\ None? right <==> (l = l + 1) /\
None? (FStar.Pervasives.Native.Some t) <==> (l = l) }; got type FStar.Pervasives.Native.option (NegativeTests.BST.tree (l + 1)) (see also NegativeTests.BST.fst(12,36-12,58))
NegativeTests.BST.fst(25,61-25,65): (Warning 252) Subtyping check failed; expected type right:
FStar.Pervasives.Native.option (NegativeTests.BST.tree (l + 1))
{ l <= l /\ l <= l + 1 /\ None? right <==> (l = l + 1) /\
None? (FStar.Pervasives.Native.Some t) <==> (l = l) }; got type FStar.Pervasives.Native.option (NegativeTests.BST.tree (l + 1)) (see also NegativeTests.BST.fst(12,36-12,58))
NegativeTests.BST.fst(28,78-28,87): (Warning 252) Subtyping check failed; expected type right:
FStar.Pervasives.Native.option (NegativeTests.BST.tree (l + 1))
{ l <= l + 1 /\ l + 1 <= l + 1 /\ None? right <==> (l + 1 = l + 1) /\
None? (FStar.Pervasives.Native.Some t1) <==> (l + 1 = l) }; got type FStar.Pervasives.Native.option (NegativeTests.BST.tree (l + 1)) (see also NegativeTests.BST.fst(12,37-12,48))
NegativeTests.BST.fst(28,78-28,87): (Warning 252) Subtyping check failed; expected type right:
FStar.Pervasives.Native.option (NegativeTests.BST.tree (l + 1))
{ l <= l + 1 /\ l + 1 <= l + 1 /\ None? right <==> (l + 1 = l + 1) /\
None? (FStar.Pervasives.Native.Some t1) <==> (l + 1 = l) }; got type FStar.Pervasives.Native.option (NegativeTests.BST.tree (l + 1)) (see also NegativeTests.BST.fst(12,37-12,48))
NegativeTests.BST.fst(28,78-28,87): (Warning 252) Subtyping check failed; expected type right:
FStar.Pervasives.Native.option (NegativeTests.BST.tree (l + 1))
{ l <= l + 1 /\ l + 1 <= l + 1 /\ None? right <==> (l + 1 = l + 1) /\
None? (FStar.Pervasives.Native.Some t1) <==> (l + 1 = l) }; got type FStar.Pervasives.Native.option (NegativeTests.BST.tree (l + 1)) (see also NegativeTests.BST.fst(12,37-12,48))
NegativeTests.BST.fst(28,78-28,87): (Warning 252) Subtyping check failed; expected type right:
FStar.Pervasives.Native.option (NegativeTests.BST.tree (l + 1))
{ l <= l + 1 /\ l + 1 <= l + 1 /\ None? right <==> (l + 1 = l + 1) /\
None? (FStar.Pervasives.Native.Some t1) <==> (l + 1 = l) }; got type FStar.Pervasives.Native.option (NegativeTests.BST.tree (l + 1)) (see also NegativeTests.BST.fst(12,37-12,48))


[0;31mWarning:[0m could not find "msbuild", trying (deprecated) "xbuild"


NegativeTests.Heap.fst(11,14-11,20): (Warning 252) assertion failed (see also NegativeTests.Heap.fst(11,21-11,54))
NegativeTests.Heap.fst(11,14-11,20): (Warning 252) assertion failed (see also NegativeTests.Heap.fst(11,21-11,54))
NegativeTests.Heap.fst(11,14-11,20): (Warning 252) assertion failed (see also NegativeTests.Heap.fst(11,21-11,54))
NegativeTests.Heap.fst(11,14-11,20): (Warning 252) assertion failed (see also NegativeTests.Heap.fst(11,21-11,54))


[0;31mWarning:[0m could not find "msbuild", trying (deprecated) "xbuild"


NegativeTests.ShortCircuiting.fst(6,16-6,33): (Warning 252) Subtyping check failed; expected type b: Prims.bool{NegativeTests.ShortCircuiting.bad_p b}; got type Prims.bool (see also NegativeTests.ShortCircuiting.fst(4,31-4,38))
NegativeTests.ShortCircuiting.fst(6,16-6,33): (Warning 252) Subtyping check failed; expected type b: Prims.bool{NegativeTests.ShortCircuiting.bad_p b}; got type Prims.bool (see also NegativeTests.ShortCircuiting.fst(4,31-4,38))
NegativeTests.ShortCircuiting.fst(6,16-6,33): (Warning 252) Subtyping check failed; expected type b: Prims.bool{NegativeTests.ShortCircuiting.bad_p b}; got type Prims.bool (see also NegativeTests.ShortCircuiting.fst(4,31-4,38))
NegativeTests.ShortCircuiting.fst(6,16-6,33): (Warning 252) Subtyping check failed; expected type b: Prims.bool{NegativeTests.ShortCircuiting.bad_p b}; got type Prims.bool (see also NegativeTests.ShortCircuiting.fst(4,31-4,38))
prims.fst(243,30-243,42): (Warning 252) assertion failed (see also prims.fst(215,68-215,80))
prims.fst(243,30-243,42): (Warning 252) assertion failed (see also prims.fst(215,68-215,80))
prims.fst(243,30-243,42): (Warning 252) assertion failed (see also prims.fst(215,68-215,80))
prims.fst(243,30-243,42): (Warning 252) assertion failed (see also prims.fst(215,68-215,80))
LowParse.Spec.Base.fst(733,2-733,8): (Warning 252) (Hint-replay failed): assertion failed (see also LowParse.Spec.Base.fst(733,9-733,22))


[0;31mWarning:[0m could not find "msbuild", trying (deprecated) "xbuild"


NegativeTests.Bug260.fst(11,12-11,19): (Warning 252) Subtyping check failed; expected type NegativeTests.Bug260.validity (NegativeTests.Bug260.S (NegativeTests.Bug260.S t)); got type NegativeTests.Bug260.validity (NegativeTests.Bug260.S t) (see also NegativeTests.Bug260.fst(8,37-11,9))
NegativeTests.Bug260.fst(11,12-11,19): (Warning 252) Subtyping check failed; expected type NegativeTests.Bug260.validity (NegativeTests.Bug260.S (NegativeTests.Bug260.S t)); got type NegativeTests.Bug260.validity (NegativeTests.Bug260.S t) (see also NegativeTests.Bug260.fst(8,37-11,9))
NegativeTests.Bug260.fst(11,12-11,19): (Warning 252) Subtyping check failed; expected type NegativeTests.Bug260.validity (NegativeTests.Bug260.S (NegativeTests.Bug260.S t)); got type NegativeTests.Bug260.validity (NegativeTests.Bug260.S t) (see also NegativeTests.Bug260.fst(8,37-11,9))
NegativeTests.Bug260.fst(11,12-11,19): (Warning 252) Subtyping check failed; expected type NegativeTests.Bug260.validity (NegativeTests.Bug260.S (NegativeTests.Bug260.S t)); got type NegativeTests.Bug260.validity (NegativeTests.Bug260.S t) (see also NegativeTests.Bug260.fst(8,37-11,9))


[0;31mWarning:[0m could not find "msbuild", trying (deprecated) "xbuild"


NegativeTests.Neg.fst(5,8-5,10): (Warning 252) Subtyping check failed; expected type Prims.nat; got type Prims.int (see also prims.fst(408,17-408,23))
NegativeTests.Neg.fst(5,8-5,10): (Warning 252) Subtyping check failed; expected type Prims.nat; got type Prims.int (see also prims.fst(408,17-408,23))
NegativeTests.Neg.fst(5,8-5,10): (Warning 252) Subtyping check failed; expected type Prims.nat; got type Prims.int (see also prims.fst(408,17-408,23))
NegativeTests.Neg.fst(5,8-5,10): (Warning 252) Subtyping check failed; expected type Prims.nat; got type Prims.int (see also prims.fst(408,17-408,23))
NegativeTests.Neg.fst(8,8-8,10): (Warning 252) Subtyping check failed; expected type Prims.nat; got type Prims.int (see also prims.fst(408,17-408,23))
NegativeTests.Neg.fst(8,8-8,10): (Warning 252) Subtyping check failed; expected type Prims.nat; got type Prims.int (see also prims.fst(408,17-408,23))
NegativeTests.Neg.fst(8,8-8,10): (Warning 252) Subtyping check failed; expected type Prims.nat; got type Prims.int (see also prims.fst(408,17-408,23))
NegativeTests.Neg.fst(8,8-8,10): (Warning 252) Subtyping check failed; expected type Prims.nat; got type Prims.int (see also prims.fst(408,17-408,23))
NegativeTests.Neg.fst(11,23-11,29): (Warning 252) assertion failed (see also NegativeTests.Neg.fst(11,30-11,35))
NegativeTests.Neg.fst(11,23-11,29): (Warning 252) assertion failed (see also NegativeTests.Neg.fst(11,30-11,35))
NegativeTests.Neg.fst(11,23-11,29): (Warning 252) assertion failed (see also NegativeTests.Neg.fst(11,30-11,35))
NegativeTests.Neg.fst(11,23-11,29): (Warning 252) assertion failed (see also NegativeTests.Neg.fst(11,30-11,35))
NegativeTests.Neg.fst(14,28-15,15): (Warning 252) Patterns are incomplete
NegativeTests.Neg.fst(14,28-15,15): (Warning 252) Patterns are incomplete
NegativeTests.Neg.fst(14,28-15,15): (Warning 252) Patterns are incomplete
NegativeTests.Neg.fst(14,28-15,15): (Warning 252) Patterns are incomplete
NegativeTests.Neg.fst(22,32-22,42): (Warning 252) assertion failed (see also NegativeTests.Neg.fst(17,44-17,57))
NegativeTests.Neg.fst(22,32-22,42): (Warning 252) assertion failed (see also NegativeTests.Neg.fst(17,44-17,57))
NegativeTests.Neg.fst(22,32-22,42): (Warning 252) assertion failed (see also NegativeTests.Neg.fst(17,44-17,57))
NegativeTests.Neg.fst(22,32-22,42): (Warning 252) assertion failed (see also NegativeTests.Neg.fst(17,44-17,57))
NegativeTests.Neg.fst(26,33-26,34): (Warning 252) could not prove post-condition (see also NegativeTests.Neg.fst(24,83-24,88))
NegativeTests.Neg.fst(26,33-26,34): (Warning 252) could not prove post-condition (see also NegativeTests.Neg.fst(24,83-24,88))
NegativeTests.Neg.fst(26,33-26,34): (Warning 252) could not prove post-condition (see also NegativeTests.Neg.fst(24,83-24,88))
NegativeTests.Neg.fst(26,33-26,34): (Warning 252) could not prove post-condition (see also NegativeTests.Neg.fst(24,83-24,88))
NegativeTests.Neg.fst(30,30-30,31): (Warning 252) Subtyping check failed; expected type _: FStar.Pervasives.Native.option 'a {Some? _}; got type FStar.Pervasives.Native.option 'a (see also FStar.Pervasives.Native.fst(6,4-6,8))
NegativeTests.Neg.fst(30,30-30,31): (Warning 252) Subtyping check failed; expected type _: FStar.Pervasives.Native.option 'a {Some? _}; got type FStar.Pervasives.Native.option 'a (see also FStar.Pervasives.Native.fst(6,4-6,8))
NegativeTests.Neg.fst(30,30-30,31): (Warning 252) Subtyping check failed; expected type _: FStar.Pervasives.Native.option 'a {Some? _}; got type FStar.Pervasives.Native.option 'a (see also FStar.Pervasives.Native.fst(6,4-6,8))
NegativeTests.Neg.fst(30,30-30,31): (Warning 252) Subtyping check failed; expected type _: FStar.Pervasives.Native.option 'a {Some? _}; got type FStar.Pervasives.Native.option 'a (see also FStar.Pervasives.Native.fst(6,4-6,8))
NegativeTests.Neg.fst(34,45-34,47): (Warning 252) Subtyping check failed; expected type _: FStar.Pervasives.result Prims.int {V? _}; got type FStar.Pervasives.result Prims.int (see also FStar.Pervasives.fst(88,4-88,5))
NegativeTests.Neg.fst(34,45-34,47): (Warning 252) Subtyping check failed; expected type _: FStar.Pervasives.result Prims.int {V? _}; got type FStar.Pervasives.result Prims.int (see also FStar.Pervasives.fst(88,4-88,5))
NegativeTests.Neg.fst(34,45-34,47): (Warning 252) Subtyping check failed; expected type _: FStar.Pervasives.result Prims.int {V? _}; got type FStar.Pervasives.result Prims.int (see also FStar.Pervasives.fst(88,4-88,5))
NegativeTests.Neg.fst(34,45-34,47): (Warning 252) Subtyping check failed; expected type _: FStar.Pervasives.result Prims.int {V? _}; got type FStar.Pervasives.result Prims.int (see also FStar.Pervasives.fst(88,4-88,5))
NegativeTests.Neg.fst(39,25-39,26): (Warning 252) Subtyping check failed; expected type Prims.nat; got type Prims.int (see also prims.fst(408,17-408,23))
NegativeTests.Neg.fst(39,25-39,26): (Warning 252) Subtyping check failed; expected type Prims.nat; got type Prims.int (see also prims.fst(408,17-408,23))
NegativeTests.Neg.fst(39,25-39,26): (Warning 252) Subtyping check failed; expected type Prims.nat; got type Prims.int (see also prims.fst(408,17-408,23))
NegativeTests.Neg.fst(39,25-39,26): (Warning 252) Subtyping check failed; expected type Prims.nat; got type Prims.int (see also prims.fst(408,17-408,23))


[0;31mWarning:[0m could not find "msbuild", trying (deprecated) "xbuild"


NegativeTests.Termination.fst(6,26-6,27): (Warning 252) Subtyping check failed; expected type m: Prims.int{m << %[ m; l ]}; got type Prims.int (see also NegativeTests.Termination.fst(6,20-6,29))
NegativeTests.Termination.fst(6,26-6,27): (Warning 252) Subtyping check failed; expected type m: Prims.int{m << %[ m; l ]}; got type Prims.int (see also NegativeTests.Termination.fst(6,20-6,29))
NegativeTests.Termination.fst(6,26-6,27): (Warning 252) Subtyping check failed; expected type m: Prims.int{m << %[ m; l ]}; got type Prims.int (see also NegativeTests.Termination.fst(6,20-6,29))
NegativeTests.Termination.fst(6,26-6,27): (Warning 252) Subtyping check failed; expected type m: Prims.int{m << %[ m; l ]}; got type Prims.int (see also NegativeTests.Termination.fst(6,20-6,29))
NegativeTests.Termination.fst(13,26-13,35): (Warning 252) Subtyping check failed; expected type _: Prims.int{%[ n; _ ] << %[ n; count ]}; got type Prims.int (see also NegativeTests.Termination.fst(11,2-13,35))
NegativeTests.Termination.fst(13,26-13,35): (Warning 252) Subtyping check failed; expected type _: Prims.int{%[ n; _ ] << %[ n; count ]}; got type Prims.int (see also NegativeTests.Termination.fst(11,2-13,35))
NegativeTests.Termination.fst(13,26-13,35): (Warning 252) Subtyping check failed; expected type _: Prims.int{%[ n; _ ] << %[ n; count ]}; got type Prims.int (see also NegativeTests.Termination.fst(11,2-13,35))
NegativeTests.Termination.fst(13,26-13,35): (Warning 252) Subtyping check failed; expected type _: Prims.int{%[ n; _ ] << %[ n; count ]}; got type Prims.int (see also NegativeTests.Termination.fst(11,2-13,35))
NegativeTests.Termination.fst(20,43-20,44): (Warning 252) Subtyping check failed; expected type n: Prims.int{%[ m - 1; n ] << %[ m; n ]}; got type Prims.int (see also NegativeTests.Termination.fst(19,2-21,54))
NegativeTests.Termination.fst(20,43-20,44): (Warning 252) Subtyping check failed; expected type n: Prims.int{%[ m - 1; n ] << %[ m; n ]}; got type Prims.int (see also NegativeTests.Termination.fst(19,2-21,54))
NegativeTests.Termination.fst(20,43-20,44): (Warning 252) Subtyping check failed; expected type n: Prims.int{%[ m - 1; n ] << %[ m; n ]}; got type Prims.int (see also NegativeTests.Termination.fst(19,2-21,54))
NegativeTests.Termination.fst(20,43-20,44): (Warning 252) Subtyping check failed; expected type n: Prims.int{%[ m - 1; n ] << %[ m; n ]}; got type Prims.int (see also NegativeTests.Termination.fst(19,2-21,54))
NegativeTests.Termination.fst(27,28-27,29): (Warning 252) Subtyping check failed; expected type _: Prims.list 'a {_ << l}; got type Prims.list 'a (see also NegativeTests.Termination.fst(25,23-27,29))
NegativeTests.Termination.fst(27,28-27,29): (Warning 252) Subtyping check failed; expected type _: Prims.list 'a {_ << l}; got type Prims.list 'a (see also NegativeTests.Termination.fst(25,23-27,29))
NegativeTests.Termination.fst(27,28-27,29): (Warning 252) Subtyping check failed; expected type _: Prims.list 'a {_ << l}; got type Prims.list 'a (see also NegativeTests.Termination.fst(25,23-27,29))
NegativeTests.Termination.fst(27,28-27,29): (Warning 252) Subtyping check failed; expected type _: Prims.list 'a {_ << l}; got type Prims.list 'a (see also NegativeTests.Termination.fst(25,23-27,29))
NegativeTests.Termination.fst(40,15-40,29): (Warning 252) Subtyping check failed; expected type x: Prims.nat{x <= v} -> Prims.Tot Prims.nat; got type _: _: Prims.nat{_ << v} -> Prims.Tot Prims.nat (see also NegativeTests.Termination.fst(38,2-40,29))
NegativeTests.Termination.fst(40,15-40,29): (Warning 252) Subtyping check failed; expected type x: Prims.nat{x <= v} -> Prims.Tot Prims.nat; got type _: _: Prims.nat{_ << v} -> Prims.Tot Prims.nat (see also NegativeTests.Termination.fst(38,2-40,29))
NegativeTests.Termination.fst(40,15-40,29): (Warning 252) Subtyping check failed; expected type x: Prims.nat{x <= v} -> Prims.Tot Prims.nat; got type _: _: Prims.nat{_ << v} -> Prims.Tot Prims.nat (see also NegativeTests.Termination.fst(38,2-40,29))
NegativeTests.Termination.fst(40,15-40,29): (Warning 252) Subtyping check failed; expected type x: Prims.nat{x <= v} -> Prims.Tot Prims.nat; got type _: _: Prims.nat{_ << v} -> Prims.Tot Prims.nat (see also NegativeTests.Termination.fst(38,2-40,29))
NegativeTests.Termination.fst(52,19-52,29): (Warning 252) Subtyping check failed; expected type _: NegativeTests.Termination.snat{_ << n}; got type NegativeTests.Termination.snat (see also NegativeTests.Termination.fst(49,2-52,29))
NegativeTests.Termination.fst(52,19-52,29): (Warning 252) Subtyping check failed; expected type _: NegativeTests.Termination.snat{_ << n}; got type NegativeTests.Termination.snat (see also NegativeTests.Termination.fst(49,2-52,29))
NegativeTests.Termination.fst(52,19-52,29): (Warning 252) Subtyping check failed; expected type _: NegativeTests.Termination.snat{_ << n}; got type NegativeTests.Termination.snat (see also NegativeTests.Termination.fst(49,2-52,29))
NegativeTests.Termination.fst(52,19-52,29): (Warning 252) Subtyping check failed; expected type _: NegativeTests.Termination.snat{_ << n}; got type NegativeTests.Termination.snat (see also NegativeTests.Termination.fst(49,2-52,29))
NegativeTests.Termination.fst(60,34-60,35): (Warning 252) Subtyping check failed; expected type _:
NegativeTests.Termination.snat
{%[ NegativeTests.Termination.S (NegativeTests.Termination.S n'); _ ] << %[ n; m ]}; got type NegativeTests.Termination.snat (see also NegativeTests.Termination.fst(57,2-60,35))
NegativeTests.Termination.fst(60,34-60,35): (Warning 252) Subtyping check failed; expected type _:
NegativeTests.Termination.snat
{%[ NegativeTests.Termination.S (NegativeTests.Termination.S n'); _ ] << %[ n; m ]}; got type NegativeTests.Termination.snat (see also NegativeTests.Termination.fst(57,2-60,35))
NegativeTests.Termination.fst(60,34-60,35): (Warning 252) Subtyping check failed; expected type _:
NegativeTests.Termination.snat
{%[ NegativeTests.Termination.S (NegativeTests.Termination.S n'); _ ] << %[ n; m ]}; got type NegativeTests.Termination.snat (see also NegativeTests.Termination.fst(57,2-60,35))
NegativeTests.Termination.fst(60,34-60,35): (Warning 252) Subtyping check failed; expected type _:
NegativeTests.Termination.snat
{%[ NegativeTests.Termination.S (NegativeTests.Termination.S n'); _ ] << %[ n; m ]}; got type NegativeTests.Termination.snat (see also NegativeTests.Termination.fst(57,2-60,35))
NegativeTests.Termination.fst(65,2-67,14): (Warning 252) Patterns are incomplete
NegativeTests.Termination.fst(65,2-67,14): (Warning 252) Patterns are incomplete
NegativeTests.Termination.fst(65,2-67,14): (Warning 252) Patterns are incomplete
NegativeTests.Termination.fst(65,2-67,14): (Warning 252) Patterns are incomplete
NegativeTests.Termination.fst(74,29-74,31): (Warning 252) Subtyping check failed; expected type _: NegativeTests.Termination.snat{%[ NegativeTests.Termination.S n'; _ ] << %[ n; m ]}; got type NegativeTests.Termination.snat (see also NegativeTests.Termination.fst(72,2-74,31))
NegativeTests.Termination.fst(74,29-74,31): (Warning 252) Subtyping check failed; expected type _: NegativeTests.Termination.snat{%[ NegativeTests.Termination.S n'; _ ] << %[ n; m ]}; got type NegativeTests.Termination.snat (see also NegativeTests.Termination.fst(72,2-74,31))
NegativeTests.Termination.fst(74,29-74,31): (Warning 252) Subtyping check failed; expected type _: NegativeTests.Termination.snat{%[ NegativeTests.Termination.S n'; _ ] << %[ n; m ]}; got type NegativeTests.Termination.snat (see also NegativeTests.Termination.fst(72,2-74,31))
NegativeTests.Termination.fst(74,29-74,31): (Warning 252) Subtyping check failed; expected type _: NegativeTests.Termination.snat{%[ NegativeTests.Termination.S n'; _ ] << %[ n; m ]}; got type NegativeTests.Termination.snat (see also NegativeTests.Termination.fst(72,2-74,31))
NegativeTests.Termination.fst(81,20-81,26): (Warning 252) Subtyping check failed; expected type _: NegativeTests.Termination.snat{_ << n}; got type NegativeTests.Termination.snat (see also NegativeTests.Termination.fst(79,2-81,26))
NegativeTests.Termination.fst(81,20-81,26): (Warning 252) Subtyping check failed; expected type _: NegativeTests.Termination.snat{_ << n}; got type NegativeTests.Termination.snat (see also NegativeTests.Termination.fst(79,2-81,26))
NegativeTests.Termination.fst(81,20-81,26): (Warning 252) Subtyping check failed; expected type _: NegativeTests.Termination.snat{_ << n}; got type NegativeTests.Termination.snat (see also NegativeTests.Termination.fst(79,2-81,26))
NegativeTests.Termination.fst(81,20-81,26): (Warning 252) Subtyping check failed; expected type _: NegativeTests.Termination.snat{_ << n}; got type NegativeTests.Termination.snat (see also NegativeTests.Termination.fst(79,2-81,26))


[0;31mWarning:[0m could not find "msbuild", trying (deprecated) "xbuild"


NegativeTests.False.fst(8,13-8,33): (Warning 252) assertion failed (see also prims.fst(209,69-209,78))
NegativeTests.False.fst(8,13-8,33): (Warning 252) assertion failed (see also prims.fst(209,69-209,78))
NegativeTests.False.fst(8,13-8,33): (Warning 252) assertion failed (see also prims.fst(209,69-209,78))
NegativeTests.False.fst(8,13-8,33): (Warning 252) assertion failed (see also prims.fst(209,69-209,78))


[0;31mWarning:[0m could not find "msbuild", trying (deprecated) "xbuild"


NegativeTests.Set.fst(13,9-13,30): (Warning 252) assertion failed
NegativeTests.Set.fst(13,9-13,30): (Warning 252) assertion failed
NegativeTests.Set.fst(13,9-13,30): (Warning 252) assertion failed
NegativeTests.Set.fst(13,9-13,30): (Warning 252) assertion failed
NegativeTests.Set.fst(18,9-18,67): (Warning 252) assertion failed
NegativeTests.Set.fst(18,9-18,67): (Warning 252) assertion failed
NegativeTests.Set.fst(18,9-18,67): (Warning 252) assertion failed
NegativeTests.Set.fst(18,9-18,67): (Warning 252) assertion failed
NegativeTests.Set.fst(23,9-23,52): (Warning 252) assertion failed
NegativeTests.Set.fst(23,9-23,52): (Warning 252) assertion failed
NegativeTests.Set.fst(23,9-23,52): (Warning 252) assertion failed
NegativeTests.Set.fst(23,9-23,52): (Warning 252) assertion failed
MiniParse.Spec.Combinators.fst(356,70-356,74): (Warning 252) (Hint-replay failed): Subtyping check failed; expected type j: Prims.nat{0 <= j && j <= FStar.Seq.Base.length (FStar.Seq.Base.slice x' 0 off_x')}; got type MiniParse.Spec.Base.consumed_length x (see also MiniParse.Spec.Combinators.fst(353,18-353,22))
MiniParse.Spec.Combinators.fst(354,3-354,9): (Warning 252) assertion failed (see also MiniParse.Spec.Combinators.fst(354,10-354,23))
MiniParse.Spec.Combinators.fst(483,2-483,8): (Warning 252) (Hint-replay failed): assertion failed (see also MiniParse.Spec.Combinators.fst(483,9-483,72))
MiniParse.Spec.Combinators.fst(551,9-551,26): (Warning 252) (Hint-replay failed): Subtyping check failed; expected type f:
MiniParse.Spec.Base.bare_parser t'
{ MiniParse.Spec.Base.no_lookahead_weak f /\ MiniParse.Spec.Base.injective f /\
MiniParse.Spec.Base.no_lookahead f }; got type MiniParse.Spec.Base.bare_parser t' (see also MiniParse.Spec.Base.fst(227,4-227,15))
MiniParse.Spec.Combinators.fst(551,9-551,26): (Warning 252) (Hint-replay failed): Subtyping check failed; expected type f:
MiniParse.Spec.Base.bare_parser t'
{ MiniParse.Spec.Base.no_lookahead_weak f /\ MiniParse.Spec.Base.injective f /\
MiniParse.Spec.Base.no_lookahead f }; got type MiniParse.Spec.Base.bare_parser t' (see also MiniParse.Spec.Base.fst(227,4-227,15))


[0;31mWarning:[0m could not find "msbuild", trying (deprecated) "xbuild"




[0;31mWarning:[0m could not find "msbuild", trying (deprecated) "xbuild"




[0;31mWarning:[0m could not find "msbuild", trying (deprecated) "xbuild"


LowParse.Spec.Combinators.fst(181,2-181,12): (Warning 252) (Hint-replay failed): assertion failed (see also LowParse.Spec.Base.fst(472,12-472,34))
LowParse.Spec.Combinators.fst(534,2-534,8): (Warning 252) (Hint-replay failed): assertion failed (see also LowParse.Spec.Combinators.fst(534,9-534,72))
LowParse.Spec.Combinators.fst(181,2-181,12): (Warning 252) (Hint-replay failed): assertion failed (see also LowParse.Spec.Base.fst(472,12-472,34))
MiniParse.Spec.List.fst(133,54-133,65): (Warning 288) FStar.Seq.Base.createEmpty is deprecated, use Seq.empty instead
MiniParse.Spec.List.fst(111,25-111,34): (Warning 252) (Hint-replay failed): assertion failed (see also MiniParse.Spec.Base.fst(328,41-328,63))
MiniParse.Spec.List.fst(111,25-111,34): (Warning 252) (Hint-replay failed): assertion failed (see also MiniParse.Spec.Base.fst(328,41-328,63))


[0;31mWarning:[0m could not find "msbuild", trying (deprecated) "xbuild"


LowParse.Spec.Enum.fst(240,15-240,16): (Warning 252) (Hint-replay failed): Subtyping check failed; expected type LowParse.Spec.Enum.unknown_enum_repr e; got type repr (see also LowParse.Spec.Enum.fst(227,13-227,49))
LowParse.Spec.Enum.fst(323,20-323,21): (Warning 252) (Hint-replay failed): Subtyping check failed; expected type LowParse.Spec.Enum.unknown_enum_repr e; got type repr (see also LowParse.Spec.Enum.fst(227,13-227,49))


[0;31mWarning:[0m could not find "msbuild", trying (deprecated) "xbuild"




[0;31mWarning:[0m could not find "msbuild", trying (deprecated) "xbuild"




[0;31mWarning:[0m could not find "msbuild", trying (deprecated) "xbuild"


StreamAE.fst(106,30-106,41): (Warning 288) FStar.Seq.Base.createEmpty is deprecated, use Seq.empty instead
StreamAE.fst(125,65-125,76): (Warning 288) FStar.Seq.Base.createEmpty is deprecated, use Seq.empty instead


[0;31mWarning:[0m could not find "msbuild", trying (deprecated) "xbuild"




[0;31mWarning:[0m could not find "msbuild", trying (deprecated) "xbuild"




[0;31mWarning:[0m could not find "msbuild", trying (deprecated) "xbuild"


MiniParse.Impl.Combinators.fst(152,43-152,48): (Warning 252) (Hint-replay failed): Subtyping check failed; expected type y: t1{y == g1 x}; got type t1 (see also MiniParse.Impl.Combinators.fst(124,32-124,41))
/home/everest/vsts-agent/_work/2/s/hacl-star/code/lib/kremlin/FStar.Endianness.fst(190,8-190,19): (Warning 288) FStar.Seq.Base.createEmpty is deprecated, use Seq.empty instead
/home/everest/vsts-agent/_work/2/s/hacl-star/code/lib/kremlin/FStar.Endianness.fst(309,16-309,27): (Warning 288) FStar.Seq.Base.createEmpty is deprecated, use Seq.empty instead
/home/everest/vsts-agent/_work/2/s/hacl-star/code/lib/kremlin/FStar.Endianness.fst(330,16-330,27): (Warning 288) FStar.Seq.Base.createEmpty is deprecated, use Seq.empty instead
/home/everest/vsts-agent/_work/2/s/hacl-star/code/lib/kremlin/FStar.Endianness.fst(354,8-354,19): (Warning 288) FStar.Seq.Base.createEmpty is deprecated, use Seq.empty instead
/home/everest/vsts-agent/_work/2/s/hacl-star/specs/Spec.Lib.fst(109,18-109,29): (Warning 288) FStar.Seq.Base.createEmpty is deprecated, use Seq.empty instead
/home/everest/vsts-agent/_work/2/s/hacl-star/specs/Spec.Lib.fst(126,18-126,29): (Warning 288) FStar.Seq.Base.createEmpty is deprecated, use Seq.empty instead
/home/everest/vsts-agent/_work/2/s/hacl-star/specs/Spec.Lib.fst(135,18-135,29): (Warning 288) FStar.Seq.Base.createEmpty is deprecated, use Seq.empty instead
/home/everest/vsts-agent/_work/2/s/hacl-star/specs/Spec.Lib.fst(143,18-143,29): (Warning 288) FStar.Seq.Base.createEmpty is deprecated, use Seq.empty instead
/home/everest/vsts-agent/_work/2/s/hacl-star/specs/Spec.Lib.fst(153,18-153,29): (Warning 288) FStar.Seq.Base.createEmpty is deprecated, use Seq.empty instead
/home/everest/vsts-agent/_work/2/s/hacl-star/specs/Spec.Lib.fst(161,18-161,29): (Warning 288) FStar.Seq.Base.createEmpty is deprecated, use Seq.empty instead
/home/everest/vsts-agent/_work/2/s/hacl-star/specs/Spec.Lib.fst(170,18-170,29): (Warning 288) FStar.Seq.Base.createEmpty is deprecated, use Seq.empty instead
/home/everest/vsts-agent/_work/2/s/hacl-star/specs/Spec.Lib.fst(178,18-178,29): (Warning 288) FStar.Seq.Base.createEmpty is deprecated, use Seq.empty instead
/home/everest/vsts-agent/_work/2/s/hacl-star/specs/Spec.Lib.fst(189,32-189,43): (Warning 288) FStar.Seq.Base.createEmpty is deprecated, use Seq.empty instead
/home/everest/vsts-agent/_work/2/s/hacl-star/specs/Spec.Lib.fst(199,30-199,41): (Warning 288) FStar.Seq.Base.createEmpty is deprecated, use Seq.empty instead
/home/everest/vsts-agent/_work/2/s/hacl-star/specs/Spec.Lib.fst(208,32-208,43): (Warning 288) FStar.Seq.Base.createEmpty is deprecated, use Seq.empty instead
/home/everest/vsts-agent/_work/2/s/hacl-star/specs/Spec.Lib.fst(218,30-218,41): (Warning 288) FStar.Seq.Base.createEmpty is deprecated, use Seq.empty instead
/home/everest/vsts-agent/_work/2/s/hacl-star/specs/Spec.Lib.fst(227,32-227,43): (Warning 288) FStar.Seq.Base.createEmpty is deprecated, use Seq.empty instead
/home/everest/vsts-agent/_work/2/s/hacl-star/specs/Spec.Lib.fst(237,30-237,41): (Warning 288) FStar.Seq.Base.createEmpty is deprecated, use Seq.empty instead
/home/everest/vsts-agent/_work/2/s/hacl-star/specs/Spec.Lib.fst(282,35-282,46): (Warning 288) FStar.Seq.Base.createEmpty is deprecated, use Seq.empty instead
/home/everest/vsts-agent/_work/2/s/hacl-star/specs/Spec.Lib.fst(331,37-331,48): (Warning 288) FStar.Seq.Base.createEmpty is deprecated, use Seq.empty instead
/home/everest/vsts-agent/_work/2/s/hacl-star/specs/Spec.Lib.fst(362,65-362,76): (Warning 288) FStar.Seq.Base.createEmpty is deprecated, use Seq.empty instead
/home/everest/vsts-agent/_work/2/s/hacl-star/specs/Spec.Lib.fst(363,45-363,56): (Warning 288) FStar.Seq.Base.createEmpty is deprecated, use Seq.empty instead
/home/everest/vsts-agent/_work/2/s/hacl-star/specs/Spec.Lib.fst(388,55-388,66): (Warning 288) FStar.Seq.Base.createEmpty is deprecated, use Seq.empty instead
/home/everest/vsts-agent/_work/2/s/hacl-star/specs/Spec.Lib.fst(389,43-389,54): (Warning 288) FStar.Seq.Base.createEmpty is deprecated, use Seq.empty instead
/home/everest/vsts-agent/_work/2/s/hacl-star/code/salsa-family/Hacl.Impl.Xor.Lemmas.fst(19,65-19,76): (Warning 288) FStar.Seq.Base.createEmpty is deprecated, use Seq.empty instead
/home/everest/vsts-agent/_work/2/s/hacl-star/specs/Spec.CTR.fst(41,22-41,33): (Warning 288) FStar.Seq.Base.createEmpty is deprecated, use Seq.empty instead
/home/everest/vsts-agent/_work/2/s/hacl-star/specs/Spec.CTR.fst(82,9-82,20): (Warning 288) FStar.Seq.Base.createEmpty is deprecated, use Seq.empty instead
/home/everest/vsts-agent/_work/2/s/hacl-star/code/lib/kremlin/Hacl.Spec.Endianness.fst(48,31-48,42): (Warning 288) FStar.Seq.Base.createEmpty is deprecated, use Seq.empty instead
/home/everest/vsts-agent/_work/2/s/hacl-star/code/salsa-family/Hacl.Lib.LoadStore32.fst(63,60-63,71): (Warning 288) FStar.Seq.Base.createEmpty is deprecated, use Seq.empty instead
/home/everest/vsts-agent/_work/2/s/hacl-star/code/salsa-family/Hacl.Lib.LoadStore32.fst(120,60-120,71): (Warning 288) FStar.Seq.Base.createEmpty is deprecated, use Seq.empty instead
/home/everest/vsts-agent/_work/2/s/hacl-star/code/salsa-family/Hacl.Impl.Chacha20.fst(524,39-524,50): (Warning 288) FStar.Seq.Base.createEmpty is deprecated, use Seq.empty instead
/home/everest/vsts-agent/_work/2/s/hacl-star/code/salsa-family/Hacl.Impl.Chacha20.fst(526,37-526,48): (Warning 288) FStar.Seq.Base.createEmpty is deprecated, use Seq.empty instead
/home/everest/vsts-agent/_work/2/s/hacl-star/code/salsa-family/Hacl.Impl.Chacha20.fst(562,12-562,23): (Warning 288) FStar.Seq.Base.createEmpty is deprecated, use Seq.empty instead
/home/everest/vsts-agent/_work/2/s/hacl-star/code/salsa-family/Hacl.Impl.Chacha20.fst(565,44-565,55): (Warning 288) FStar.Seq.Base.createEmpty is deprecated, use Seq.empty instead
/home/everest/vsts-agent/_work/2/s/hacl-star/code/salsa-family/Hacl.Impl.Chacha20.fst(669,12-669,23): (Warning 288) FStar.Seq.Base.createEmpty is deprecated, use Seq.empty instead
/home/everest/vsts-agent/_work/2/s/hacl-star/code/salsa-family/Hacl.Impl.Chacha20.fst(672,27-672,38): (Warning 288) FStar.Seq.Base.createEmpty is deprecated, use Seq.empty instead
/home/everest/vsts-agent/_work/2/s/hacl-star/code/salsa-family/Hacl.Impl.Chacha20.fst(744,59-744,70): (Warning 288) FStar.Seq.Base.createEmpty is deprecated, use Seq.empty instead
/home/everest/vsts-agent/_work/2/s/hacl-star/code/salsa-family/Hacl.Impl.Chacha20.fst(745,60-745,71): (Warning 288) FStar.Seq.Base.createEmpty is deprecated, use Seq.empty instead
/home/everest/vsts-agent/_work/2/s/hacl-star/code/salsa-family/Hacl.Impl.Chacha20.fst(791,56-791,67): (Warning 288) FStar.Seq.Base.createEmpty is deprecated, use Seq.empty instead
/home/everest/vsts-agent/_work/2/s/hacl-star/secure_api/utils/Crypto.Symmetric.Bytes.fst(89,8-89,19): (Warning 288) FStar.Seq.Base.createEmpty is deprecated, use Seq.empty instead
/home/everest/vsts-agent/_work/2/s/hacl-star/secure_api/utils/Crypto.Symmetric.Bytes.fst(447,16-447,27): (Warning 288) FStar.Seq.Base.createEmpty is deprecated, use Seq.empty instead
/home/everest/vsts-agent/_work/2/s/hacl-star/secure_api/utils/Crypto.Symmetric.Bytes.fst(472,16-472,27): (Warning 288) FStar.Seq.Base.createEmpty is deprecated, use Seq.empty instead
/home/everest/vsts-agent/_work/2/s/hacl-star/secure_api/utils/Crypto.Symmetric.Bytes.fst(518,8-518,19): (Warning 288) FStar.Seq.Base.createEmpty is deprecated, use Seq.empty instead
/home/everest/vsts-agent/_work/2/s/hacl-star/specs/Spec.Poly1305.fst(50,25-50,36): (Warning 288) FStar.Seq.Base.createEmpty is deprecated, use Seq.empty instead
/home/everest/vsts-agent/_work/2/s/hacl-star/code/poly1305/Hacl.Spec.Poly1305_64.fst(332,19-332,30): (Warning 288) FStar.Seq.Base.createEmpty is deprecated, use Seq.empty instead
/home/everest/vsts-agent/_work/2/s/hacl-star/code/poly1305/Hacl.Spe.Poly1305_64.fst(163,54-163,65): (Warning 288) FStar.Seq.Base.createEmpty is deprecated, use Seq.empty instead
/home/everest/vsts-agent/_work/2/s/hacl-star/code/poly1305/Hacl.Spe.Poly1305_64.fst(210,8-210,19): (Warning 288) FStar.Seq.Base.createEmpty is deprecated, use Seq.empty instead
/home/everest/vsts-agent/_work/2/s/hacl-star/code/poly1305/Hacl.Spe.Poly1305_64.fst(211,57-211,68): (Warning 288) FStar.Seq.Base.createEmpty is deprecated, use Seq.empty instead
/home/everest/vsts-agent/_work/2/s/hacl-star/code/poly1305/Hacl.Impl.Poly1305_64.fst(192,22-192,33): (Warning 288) FStar.Seq.Base.createEmpty is deprecated, use Seq.empty instead
/home/everest/vsts-agent/_work/2/s/hacl-star/specs/Spec.GF128.fst(75,8-75,19): (Warning 288) FStar.Seq.Base.createEmpty is deprecated, use Seq.empty instead
/home/everest/vsts-agent/_work/2/s/hacl-star/secure_api/uf1cma/Crypto.Symmetric.MAC.fst(46,31-46,42): (Warning 288) FStar.Seq.Base.createEmpty is deprecated, use Seq.empty instead
/home/everest/vsts-agent/_work/2/s/hacl-star/secure_api/uf1cma/Crypto.Symmetric.MAC.fst(505,40-505,51): (Warning 288) FStar.Seq.Base.createEmpty is deprecated, use Seq.empty instead
/home/everest/vsts-agent/_work/2/s/hacl-star/secure_api/uf1cma/Crypto.Symmetric.UF1CMA.fst(388,31-388,42): (Warning 288) FStar.Seq.Base.createEmpty is deprecated, use Seq.empty instead
/home/everest/vsts-agent/_work/2/s/hacl-star/secure_api/uf1cma/Crypto.Symmetric.UF1CMA.fst(401,61-401,72): (Warning 288) FStar.Seq.Base.createEmpty is deprecated, use Seq.empty instead
/home/everest/vsts-agent/_work/2/s/hacl-star/secure_api/uf1cma/Crypto.Symmetric.UF1CMA.fst(404,68-404,79): (Warning 288) FStar.Seq.Base.createEmpty is deprecated, use Seq.empty instead
/home/everest/vsts-agent/_work/2/s/hacl-star/secure_api/uf1cma/Crypto.Symmetric.UF1CMA.fst(455,15-455,26): (Warning 288) FStar.Seq.Base.createEmpty is deprecated, use Seq.empty instead
/home/everest/vsts-agent/_work/2/s/hacl-star/secure_api/prf/Crypto.Symmetric.PRF.fst(177,36-177,47): (Warning 288) FStar.Seq.Base.createEmpty is deprecated, use Seq.empty instead
/home/everest/vsts-agent/_work/2/s/hacl-star/secure_api/prf/Crypto.Symmetric.PRF.fst(212,47-212,58): (Warning 288) FStar.Seq.Base.createEmpty is deprecated, use Seq.empty instead
/home/everest/vsts-agent/_work/2/s/hacl-star/secure_api/aead/Crypto.AEAD.Encoding.fst(66,8-66,19): (Warning 288) FStar.Seq.Base.createEmpty is deprecated, use Seq.empty instead
/home/everest/vsts-agent/_work/2/s/hacl-star/secure_api/aead/Crypto.AEAD.Encoding.fst(544,37-544,48): (Warning 288) FStar.Seq.Base.createEmpty is deprecated, use Seq.empty instead
/home/everest/vsts-agent/_work/2/s/hacl-star/secure_api/aead/Crypto.AEAD.Encoding.fst(552,67-552,78): (Warning 288) FStar.Seq.Base.createEmpty is deprecated, use Seq.empty instead
/home/everest/vsts-agent/_work/2/s/hacl-star/secure_api/aead/Crypto.AEAD.Invariant.fst(195,8-195,19): (Warning 288) FStar.Seq.Base.createEmpty is deprecated, use Seq.empty instead
/home/everest/vsts-agent/_work/2/s/hacl-star/secure_api/aead/Crypto.AEAD.Invariant.fst(603,83-603,94): (Warning 288) FStar.Seq.Base.createEmpty is deprecated, use Seq.empty instead
/home/everest/vsts-agent/_work/2/s/hacl-star/secure_api/aead/Crypto.AEAD.EnxorDexor.fst(114,27-114,38): (Warning 288) FStar.Seq.Base.createEmpty is deprecated, use Seq.empty instead
/home/everest/vsts-agent/_work/2/s/hacl-star/secure_api/aead/Crypto.AEAD.EnxorDexor.fst(527,52-527,63): (Warning 288) FStar.Seq.Base.createEmpty is deprecated, use Seq.empty instead
make: *** [aead/Crypto.AEAD.Encrypt.fst-ver] Terminated
LowParse.SLow.Base.fst(113,2-113,4): (Warning 252) (Hint-replay failed): could not prove post-condition (see also LowParse.SLow.Base.fst(112,2-112,56))
LowParse.SLow.Base.fst(113,2-113,4): (Warning 252) could not prove post-condition (see also LowParse.SLow.Base.fst(112,2-112,56))
LowParse.SLow.Base.fst(130,2-130,41): (Warning 252) (Hint-replay failed): could not prove post-condition (see also LowParse.SLow.Base.fst(127,4-127,38))
LowParse.SLow.Base.fst(130,2-130,41): (Warning 252) could not prove post-condition (see also LowParse.SLow.Base.fst(128,4-128,44))


[0;31mWarning:[0m could not find "msbuild", trying (deprecated) "xbuild"


Unable to open hints file: /home/everest/vsts-agent/_work/2/s/examples/micro-benchmarks/PatAnnot.fst.hints; ran without hints
PatAnnot.fst(10,8-10,9): (Warning 252) Subtyping check failed; expected type Prims.squash Prims.l_False; got type Prims.unit (see also PatAnnot.fst(10,19-10,24))
PatAnnot.fst(10,8-10,9): (Warning 252) Subtyping check failed; expected type Prims.squash Prims.l_False; got type Prims.unit (see also PatAnnot.fst(10,19-10,24))
PatAnnot.fst(10,8-10,9): (Warning 252) Subtyping check failed; expected type Prims.squash Prims.l_False; got type Prims.unit (see also PatAnnot.fst(10,19-10,24))
PatAnnot.fst(10,8-10,9): (Warning 252) Subtyping check failed; expected type Prims.squash Prims.l_False; got type Prims.unit (see also PatAnnot.fst(10,19-10,24))
prims.fst(229,22-229,35): (Warning 252) assertion failed (see also prims.fst(209,69-209,78))
prims.fst(229,22-229,35): (Warning 252) assertion failed (see also prims.fst(209,69-209,78))
prims.fst(229,22-229,35): (Warning 252) assertion failed (see also prims.fst(209,69-209,78))
prims.fst(229,22-229,35): (Warning 252) assertion failed (see also prims.fst(209,69-209,78))
prims.fst(229,22-229,35): (Warning 252) assertion failed (see also prims.fst(209,69-209,78))
prims.fst(229,22-229,35): (Warning 252) assertion failed (see also prims.fst(209,69-209,78))
prims.fst(229,22-229,35): (Warning 252) assertion failed (see also prims.fst(209,69-209,78))
prims.fst(229,22-229,35): (Warning 252) assertion failed (see also prims.fst(209,69-209,78))
PatAnnot.fst(24,10-24,12): (Warning 252) Subtyping check failed; expected type Prims.squash Prims.l_False; got type Prims.unit (see also PatAnnot.fst(25,26-25,31))
PatAnnot.fst(24,10-24,12): (Warning 252) Subtyping check failed; expected type Prims.squash Prims.l_False; got type Prims.unit (see also PatAnnot.fst(25,26-25,31))
PatAnnot.fst(24,10-24,12): (Warning 252) Subtyping check failed; expected type Prims.squash Prims.l_False; got type Prims.unit (see also PatAnnot.fst(25,26-25,31))
PatAnnot.fst(24,10-24,12): (Warning 252) Subtyping check failed; expected type Prims.squash Prims.l_False; got type Prims.unit (see also PatAnnot.fst(25,26-25,31))
PatAnnot.fst(31,10-31,11): (Warning 252) Subtyping check failed; expected type Prims.nat; got type Prims.int (see also prims.fst(408,17-408,23))
PatAnnot.fst(31,10-31,11): (Warning 252) Subtyping check failed; expected type Prims.nat; got type Prims.int (see also prims.fst(408,17-408,23))
PatAnnot.fst(31,10-31,11): (Warning 252) Subtyping check failed; expected type Prims.nat; got type Prims.int (see also prims.fst(408,17-408,23))
PatAnnot.fst(31,10-31,11): (Warning 252) Subtyping check failed; expected type Prims.nat; got type Prims.int (see also prims.fst(408,17-408,23))
PatAnnot.fst(40,44-40,45): (Warning 252) Type annotation on parameter incompatible with the expected type (see also prims.fst(408,17-408,23))
PatAnnot.fst(40,44-40,45): (Warning 252) Type annotation on parameter incompatible with the expected type (see also prims.fst(408,17-408,23))
PatAnnot.fst(40,44-40,45): (Warning 252) Type annotation on parameter incompatible with the expected type (see also prims.fst(408,17-408,23))
PatAnnot.fst(40,44-40,45): (Warning 252) Type annotation on parameter incompatible with the expected type (see also prims.fst(408,17-408,23))
Goals.fst(9,35-9,37): (Warning 252) (Hint-replay failed): Subtyping check failed; expected type a; got type Prims.unit
Goals.fst(12,26-12,32): (Warning 252) assertion failed (see also Goals.fst(12,33-12,38))
Goals.fst(12,26-12,32): (Warning 252) assertion failed (see also Goals.fst(12,33-12,38))
Goals.fst(12,26-12,32): (Warning 252) assertion failed (see also Goals.fst(12,33-12,38))
Goals.fst(12,26-12,32): (Warning 252) assertion failed (see also Goals.fst(12,33-12,38))
Goals.fst(18,26-18,32): (Warning 252) Could not prove goal #1 (see also Goals.fst(18,33-18,38))
Goals.fst(18,26-18,32): (Warning 252) Could not prove goal #1 (see also Goals.fst(18,33-18,38))
Goals.fst(18,26-18,32): (Warning 252) Could not prove goal #1 (see also Goals.fst(18,33-18,38))
Goals.fst(18,26-18,32): (Warning 252) Could not prove goal #1 (see also Goals.fst(18,33-18,38))
Goals.fst(19,26-19,32): (Warning 252) Could not prove goal #1 (see also Goals.fst(19,33-19,38))
Goals.fst(19,26-19,32): (Warning 252) Could not prove goal #1 (see also Goals.fst(19,33-19,38))
Goals.fst(19,26-19,32): (Warning 252) Could not prove goal #1 (see also Goals.fst(19,33-19,38))
Goals.fst(19,26-19,32): (Warning 252) Could not prove goal #1 (see also Goals.fst(19,33-19,38))
Goals.fst(24,26-24,32): (Warning 252) Could not prove goal #1 (see also Goals.fst(24,33-24,38))
Goals.fst(24,26-24,32): (Warning 252) Could not prove goal #1 (see also Goals.fst(24,33-24,38))
Goals.fst(24,26-24,32): (Warning 252) Could not prove goal #1 (see also Goals.fst(24,33-24,38))
Goals.fst(24,26-24,32): (Warning 252) Could not prove goal #1 (see also Goals.fst(24,33-24,38))
Goals.fst(25,26-25,32): (Warning 252) Could not prove goal #1 (see also Goals.fst(25,33-25,38))
Goals.fst(25,26-25,32): (Warning 252) Could not prove goal #1 (see also Goals.fst(25,33-25,38))
Goals.fst(25,26-25,32): (Warning 252) Could not prove goal #1 (see also Goals.fst(25,33-25,38))
Goals.fst(25,26-25,32): (Warning 252) Could not prove goal #1 (see also Goals.fst(25,33-25,38))
Goals.fst(38,26-38,32): (Warning 252) Could not prove goal #1 (see also Goals.fst(38,33-38,38))
Goals.fst(38,26-38,32): (Warning 252) Could not prove goal #1 (see also Goals.fst(38,33-38,38))
Goals.fst(38,26-38,32): (Warning 252) Could not prove goal #1 (see also Goals.fst(38,33-38,38))
Goals.fst(38,26-38,32): (Warning 252) Could not prove goal #1 (see also Goals.fst(38,33-38,38))
Goals.fst(43,26-43,32): (Warning 252) Could not prove goal #1 (see also Goals.fst(43,33-43,38))
Goals.fst(43,26-43,32): (Warning 252) Could not prove goal #1 (see also Goals.fst(43,33-43,38))
Goals.fst(43,26-43,32): (Warning 252) Could not prove goal #1 (see also Goals.fst(43,33-43,38))
Goals.fst(43,26-43,32): (Warning 252) Could not prove goal #1 (see also Goals.fst(43,33-43,38))
Goals.fst(9,35-9,37): (Warning 252) (Hint-replay failed): Subtyping check failed; expected type a; got type Prims.unit


[0;31mWarning:[0m could not find "msbuild", trying (deprecated) "xbuild"


Point.fst(68,4-70,48): (Warning 252) (Hint-replay failed): assertion failed (see also /home/everest/vsts-agent/_work/2/s/examples/dm4free/FStar.DM4F.Heap.ST.fst(20,93-20,101))
Point.fst(68,4-70,48): (Warning 252) assertion failed (see also /home/everest/vsts-agent/_work/2/s/examples/dm4free/FStar.DM4F.Heap.ST.fst(20,93-20,101))
Point.fst(68,4-70,48): (Warning 252) assertion failed (see also /home/everest/vsts-agent/_work/2/s/examples/dm4free/FStar.DM4F.Heap.ST.fst(20,93-20,101))
Point.fst(94,4-97,79): (Warning 252) (Hint-replay failed): assertion failed (see also /home/everest/vsts-agent/_work/2/s/examples/dm4free/FStar.DM4F.Heap.ST.fst(20,93-20,101))
Point.fst(94,4-97,79): (Warning 252) assertion failed (see also /home/everest/vsts-agent/_work/2/s/examples/dm4free/FStar.DM4F.Heap.ST.fst(20,93-20,101))
Point.fst(94,4-97,79): (Warning 252) assertion failed (see also /home/everest/vsts-agent/_work/2/s/examples/dm4free/FStar.DM4F.Heap.ST.fst(20,93-20,101))
Point.fst(117,2-117,8): (Warning 252) (Hint-replay failed): assertion failed (see also Point.fst(117,9-117,68))
Point.fst(68,4-70,48): (Warning 252) (Hint-replay failed): assertion failed (see also /home/everest/vsts-agent/_work/2/s/examples/dm4free/FStar.DM4F.Heap.ST.fst(20,93-20,101))
Point.fst(68,4-70,48): (Warning 252) assertion failed (see also /home/everest/vsts-agent/_work/2/s/examples/dm4free/FStar.DM4F.Heap.ST.fst(20,93-20,101))
Point.fst(68,4-70,48): (Warning 252) assertion failed (see also /home/everest/vsts-agent/_work/2/s/examples/dm4free/FStar.DM4F.Heap.ST.fst(20,93-20,101))
Point.fst(94,4-97,79): (Warning 252) (Hint-replay failed): assertion failed (see also /home/everest/vsts-agent/_work/2/s/examples/dm4free/FStar.DM4F.Heap.ST.fst(20,93-20,101))
Point.fst(94,4-97,79): (Warning 252) assertion failed (see also /home/everest/vsts-agent/_work/2/s/examples/dm4free/FStar.DM4F.Heap.ST.fst(20,93-20,101))
Point.fst(94,4-97,79): (Warning 252) assertion failed (see also /home/everest/vsts-agent/_work/2/s/examples/dm4free/FStar.DM4F.Heap.ST.fst(20,93-20,101))


[0;31mWarning:[0m could not find "msbuild", trying (deprecated) "xbuild"




[0;31mWarning:[0m could not find "msbuild", trying (deprecated) "xbuild"




[0;31mWarning:[0m could not find "msbuild", trying (deprecated) "xbuild"




[0;31mWarning:[0m could not find "msbuild", trying (deprecated) "xbuild"


ProgramEquivalence.fst(105,4-108,38): (Warning 252) (Hint-replay failed): assertion failed (see also /home/everest/vsts-agent/_work/2/s/examples/dm4free/FStar.DM4F.Heap.ST.fst(20,93-20,101))
ProgramEquivalence.fst(105,4-108,38): (Warning 252) assertion failed (see also /home/everest/vsts-agent/_work/2/s/examples/dm4free/FStar.DM4F.Heap.ST.fst(20,93-20,101))
ProgramEquivalence.fst(105,4-108,38): (Warning 252) assertion failed (see also /home/everest/vsts-agent/_work/2/s/examples/dm4free/FStar.DM4F.Heap.ST.fst(20,93-20,101))


[0;31mWarning:[0m could not find "msbuild", trying (deprecated) "xbuild"




[0;31mWarning:[0m could not find "msbuild", trying (deprecated) "xbuild"




[0;31mWarning:[0m could not find "msbuild", trying (deprecated) "xbuild"


FailFlow.fst(17,4-17,10): (Warning 252) assertion failed (see also FailFlow.fst(17,11-17,16))
FailFlow.fst(17,4-17,10): (Warning 252) assertion failed (see also FailFlow.fst(17,11-17,16))
FailFlow.fst(17,4-17,10): (Warning 252) assertion failed (see also FailFlow.fst(17,11-17,16))
FailFlow.fst(17,4-17,10): (Warning 252) assertion failed (see also FailFlow.fst(17,11-17,16))
FailFlow.fst(22,4-23,16): (Warning 252) assertion failed (see also FStar.Tactics.Effect.fst(52,82-52,88))
FailFlow.fst(22,4-23,16): (Warning 252) assertion failed (see also FStar.Tactics.Effect.fst(52,82-52,88))
FailFlow.fst(22,4-23,16): (Warning 252) assertion failed (see also FStar.Tactics.Effect.fst(52,82-52,88))
FailFlow.fst(22,4-23,16): (Warning 252) assertion failed (see also FStar.Tactics.Effect.fst(52,82-52,88))
FailFlow.fst(27,4-28,16): (Warning 252) assertion failed (see also FStar.Tactics.Effect.fst(52,82-52,88))
FailFlow.fst(27,4-28,16): (Warning 252) assertion failed (see also FStar.Tactics.Effect.fst(52,82-52,88))
FailFlow.fst(27,4-28,16): (Warning 252) assertion failed (see also FStar.Tactics.Effect.fst(52,82-52,88))
FailFlow.fst(27,4-28,16): (Warning 252) assertion failed (see also FStar.Tactics.Effect.fst(52,82-52,88))
FailFlow.fst(33,4-33,10): (Warning 252) assertion failed (see also FailFlow.fst(33,11-33,16))
FailFlow.fst(33,4-33,10): (Warning 252) assertion failed (see also FailFlow.fst(33,11-33,16))
FailFlow.fst(33,4-33,10): (Warning 252) assertion failed (see also FailFlow.fst(33,11-33,16))
FailFlow.fst(33,4-33,10): (Warning 252) assertion failed (see also FailFlow.fst(33,11-33,16))


[0;31mWarning:[0m could not find "msbuild", trying (deprecated) "xbuild"


LowParse.SLow.Combinators.fst(32,21-32,26): (Warning 252) (Hint-replay failed): Subtyping check failed; expected type j: Prims.nat{FStar.UInt32.v l <= j && j <= FStar.Seq.Base.length (FStar.Bytes.reveal input)}; got type FStar.UInt.uint_t FStar.UInt32.n (see also FStar.Bytes.fsti(146,56-146,65))
LowParse.SLow.Combinators.fst(55,21-55,26): (Warning 252) (Hint-replay failed): Subtyping check failed; expected type j: Prims.nat{FStar.UInt32.v l <= j && j <= FStar.Seq.Base.length (FStar.Bytes.reveal input)}; got type FStar.UInt.uint_t FStar.UInt32.n (see also FStar.Bytes.fsti(146,56-146,65))
LowParse.SLow.Combinators.fst(109,36-109,52): (Warning 252) (Hint-replay failed): Subtyping check failed; expected type LowParse.Spec.Base.consumed_length (FStar.Bytes.reveal xbytes); got type FStar.UInt.uint_t FStar.UInt32.n (see also LowParse.Spec.Base.fst(22,55-22,72))
LowParse.SLow.Combinators.fst(32,21-32,26): (Warning 252) (Hint-replay failed): Subtyping check failed; expected type j: Prims.nat{FStar.UInt32.v l <= j && j <= FStar.Seq.Base.length (FStar.Bytes.reveal input)}; got type FStar.UInt.uint_t FStar.UInt32.n (see also FStar.Bytes.fsti(146,56-146,65))
LowParse.SLow.Combinators.fst(55,21-55,26): (Warning 252) (Hint-replay failed): Subtyping check failed; expected type j: Prims.nat{FStar.UInt32.v l <= j && j <= FStar.Seq.Base.length (FStar.Bytes.reveal input)}; got type FStar.UInt.uint_t FStar.UInt32.n (see also FStar.Bytes.fsti(146,56-146,65))
LowParse.SLow.Combinators.fst(109,36-109,52): (Warning 252) (Hint-replay failed): Subtyping check failed; expected type LowParse.Spec.Base.consumed_length (FStar.Bytes.reveal xbytes); got type FStar.UInt.uint_t FStar.UInt32.n (see also LowParse.Spec.Base.fst(22,55-22,72))
prims.fst(84,49-84,61): (Warning 252) (Hint-replay failed): assertion failed
Flags(0,0-0,0): (Warning 283) use_extracted_interfaces option is set but could not find an interface in the cache for: Flags
TLSError(0,0-0,0): (Warning 283) use_extracted_interfaces option is set but could not find an interface in the cache for: TLSError
Mem(0,0-0,0): (Warning 283) use_extracted_interfaces option is set but could not find an interface in the cache for: Mem
Join.fst(40,4-40,10): (Warning 252) (Hint-replay failed): Could not prove goal #24 (see also Join.fst(9,24-9,28))


[0;31mWarning:[0m could not find "msbuild", trying (deprecated) "xbuild"




[0;31mWarning:[0m could not find "msbuild", trying (deprecated) "xbuild"




[0;31mWarning:[0m could not find "msbuild", trying (deprecated) "xbuild"




[0;31mWarning:[0m could not find "msbuild", trying (deprecated) "xbuild"




[0;31mWarning:[0m could not find "msbuild", trying (deprecated) "xbuild"


FStar.Tactics.Logic.fst(61,41-61,54): (Warning 252) Subtyping check failed; expected type n: Prims.nat{n > 20}; got type Prims.nat (see also AnnoyingVCs.fst(10,21-10,27))
FStar.Tactics.Logic.fst(61,41-61,54): (Warning 252) Subtyping check failed; expected type n: Prims.nat{n > 20}; got type Prims.nat (see also AnnoyingVCs.fst(10,21-10,27))
FStar.Tactics.Logic.fst(61,41-61,54): (Warning 252) Subtyping check failed; expected type n: Prims.nat{n > 20}; got type Prims.nat (see also AnnoyingVCs.fst(10,21-10,27))
FStar.Tactics.Logic.fst(61,41-61,54): (Warning 252) Subtyping check failed; expected type n: Prims.nat{n > 20}; got type Prims.nat (see also AnnoyingVCs.fst(10,21-10,27))


[0;31mWarning:[0m could not find "msbuild", trying (deprecated) "xbuild"




[0;31mWarning:[0m could not find "msbuild", trying (deprecated) "xbuild"




[0;31mWarning:[0m could not find "msbuild", trying (deprecated) "xbuild"




[0;31mWarning:[0m could not find "msbuild", trying (deprecated) "xbuild"


prims.fst(98,30-98,31): (Warning 252) assertion failed
prims.fst(98,30-98,31): (Warning 252) assertion failed
prims.fst(98,30-98,31): (Warning 252) assertion failed
prims.fst(98,30-98,31): (Warning 252) assertion failed


[0;31mWarning:[0m could not find "msbuild", trying (deprecated) "xbuild"




[0;31mWarning:[0m could not find "msbuild", trying (deprecated) "xbuild"




[0;31mWarning:[0m could not find "msbuild", trying (deprecated) "xbuild"




[0;31mWarning:[0m could not find "msbuild", trying (deprecated) "xbuild"




[0;31mWarning:[0m could not find "msbuild", trying (deprecated) "xbuild"




[0;31mWarning:[0m could not find "msbuild", trying (deprecated) "xbuild"


X64.Vale.StateLemmas_i.fst(38,2-38,8): (Warning 252) (Hint-replay failed): assertion failed (see also X64.Vale.StateLemmas_i.fst(38,9-38,49))


[0;31mWarning:[0m could not find "msbuild", trying (deprecated) "xbuild"




[0;31mWarning:[0m could not find "msbuild", trying (deprecated) "xbuild"




[0;31mWarning:[0m could not find "msbuild", trying (deprecated) "xbuild"




[0;31mWarning:[0m could not find "msbuild", trying (deprecated) "xbuild"


Calc.fst(26,84-26,87): (Warning 252) (Hint-replay failed): assertion failed (see also Calc.fst(26,17-26,20))
Calc.fst(26,84-26,87): (Warning 252) (Hint-replay failed): assertion failed (see also Calc.fst(26,17-26,20))


[0;31mWarning:[0m could not find "msbuild", trying (deprecated) "xbuild"




[0;31mWarning:[0m could not find "msbuild", trying (deprecated) "xbuild"




[0;31mWarning:[0m could not find "msbuild", trying (deprecated) "xbuild"




[0;31mWarning:[0m could not find "msbuild", trying (deprecated) "xbuild"




[0;31mWarning:[0m could not find "msbuild", trying (deprecated) "xbuild"




[0;31mWarning:[0m could not find "msbuild", trying (deprecated) "xbuild"




[0;31mWarning:[0m could not find "msbuild", trying (deprecated) "xbuild"




[0;31mWarning:[0m could not find "msbuild", trying (deprecated) "xbuild"




[0;31mWarning:[0m could not find "msbuild", trying (deprecated) "xbuild"




[0;31mWarning:[0m could not find "msbuild", trying (deprecated) "xbuild"




[0;31mWarning:[0m could not find "msbuild", trying (deprecated) "xbuild"




[0;31mWarning:[0m could not find "msbuild", trying (deprecated) "xbuild"




[0;31mWarning:[0m could not find "msbuild", trying (deprecated) "xbuild"


X64.Poly1305.Math_i.fst(153,53-153,59): (Warning 296) Tactics admitted goal <(n: Prims.int), (p: Prims.pos), (h: Prims.nat), (h2: Prims.nat), (h10: Prims.int), (c: Prims.int), (hh: Prims.int), (p: Prims.pure_post Prims.unit), (_:
Prims.squash (n * n > 0 /\ h2 >= 0 /\ 4 * (n * n) == p + 5 /\ h2 == h / (n * n) /\
h10 == h % (n * n) /\ c == h2 / 4 + (h2 / 4) * 4 /\ hh == h10 + c + (h2 % 4) * (n * n) /\
(forall (pure_result: Prims.unit). h % p == hh % p ==> p pure_result))), (return_val: Prims.pos), (_: Prims.squash (return_val == n * n)), (pure_result: Prims.unit), (_: Prims.squash (h = (n * n) * (h / (n * n)) + h % (n * n))), (pure_result: Prims.unit), (_: Prims.squash (h == (n * n) * h2 + h10)), (return_val: Prims.pos), (_: Prims.squash (return_val == n * n)), (pure_result: Prims.unit), (_:
Prims.squash ((n * n) * h2 + h10 =
(n * n) * (((n * n) * h2 + h10) / (n * n)) + ((n * n) * h2 + h10) % (n * n))), (any_result: (_: Prims.unit -> Prims.Tot Prims.unit)), (_:
Prims.squash (Calc.using (FStar.Math.Lemmas.lemma_div_mod ((n * n) * h2 + h10) (n * n)) ==
any_result)), (return_val: (_: Prims.unit -> Prims.Lemma Prims.unit)), (_: Prims.squash (return_val == Calc.using (FStar.Math.Lemmas.lemma_div_mod h (n * n)))), (_:
Prims.squash (Calc.using (FStar.Math.Lemmas.lemma_div_mod ((n * n) * h2 + h10) (n * n)) ==
Calc.using (FStar.Math.Lemmas.lemma_div_mod h (n * n)))), (any_result:
x:
Prims.int
{ (n * n) * h2 + h10 == (n * n) * h2 + h10 /\
(x == (n * n) * h2 + h10) /\ ((n * n) * h2 + h10 == (n * n) * h2 + h10) }), (_:
Prims.squash (((n * n) * h2 + h10 &= (n * n) * h2 + h10 &|
Calc.using (FStar.Math.Lemmas.lemma_div_mod ((n * n) * h2 + h10) (n * n))) ==
any_result)), (any_result: (_: Prims.unit -> Prims.Pure Prims.int)), (_:
Prims.squash (((n * n) * h2 + h10 &= (n * n) * h2 + h10 &|
Calc.using (FStar.Math.Lemmas.lemma_div_mod ((n * n) * h2 + h10) (n * n)) &=
(n * n) * ((h2 / 4) * 4 + h2 % 4) + h10) ==
any_result)), (return_val: (_: Prims.unit -> Prims.Lemma Prims.unit)), (_: Prims.squash (return_val == Calc.using Calc.z3)), (any_result:
x:
Prims.int
{ (n * n) * h2 + h10 == (n * n) * ((h2 / 4) * 4 + h2 % 4) + h10 /\
(x == (n * n) * ((h2 / 4) * 4 + h2 % 4) + h10) /\
((n * n) * h2 + h10 == (n * n) * ((h2 / 4) * 4 + h2 % 4) + h10) }), (_:
Prims.squash (((n * n) * h2 + h10 &= (n * n) * h2 + h10 &|
Calc.using (FStar.Math.Lemmas.lemma_div_mod ((n * n) * h2 + h10) (n * n)) &=
(n * n) * ((h2 / 4) * 4 + h2 % 4) + h10 &|
Calc.using Calc.z3) ==
any_result)), (any_result: (_: Prims.unit -> Prims.Pure Prims.int)), (_:
Prims.squash (((n * n) * h2 + h10 &= (n * n) * h2 + h10 &|
Calc.using (FStar.Math.Lemmas.lemma_div_mod ((n * n) * h2 + h10) (n * n)) &=
(n * n) * ((h2 / 4) * 4 + h2 % 4) + h10 &|
Calc.using Calc.z3 &=
h10 + (h2 % 4) * (n * n) + (h2 / 4) * (p + 5)) ==
any_result)) |- _ : Prims.squash ((n * n) * ((h2 / 4) * 4 + h2 % 4) + h10 ==
h10 + (h2 % 4) * (n * n) + (h2 / 4) * (p + 5))>

(see also Calc.fst(27,64-27,76))
X64.Poly1305.Math_i.fst(170,0-171,9): (Warning 272) Top-level let-bindings must be total; this term may have effects


[0;31mWarning:[0m could not find "msbuild", trying (deprecated) "xbuild"




[0;31mWarning:[0m could not find "msbuild", trying (deprecated) "xbuild"




[0;31mWarning:[0m could not find "msbuild", trying (deprecated) "xbuild"




[0;31mWarning:[0m could not find "msbuild", trying (deprecated) "xbuild"




[0;31mWarning:[0m could not find "msbuild", trying (deprecated) "xbuild"




[0;31mWarning:[0m could not find "msbuild", trying (deprecated) "xbuild"


SepLogic.Heap.fst(59,26-62,30): (Warning 252) (Hint-replay failed): Patterns are incomplete
SepLogic.Heap.fst(78,38-81,62): (Warning 252) (Hint-replay failed): Patterns are incomplete
SepLogic.Heap.fst(303,4-303,6): (Warning 252) (Hint-replay failed): could not prove post-condition (see also SepLogic.Heap.fst(302,21-302,58))


[0;31mWarning:[0m could not find "msbuild", trying (deprecated) "xbuild"


Trans.fst(15,63-15,68): (Warning 296) Tactics admitted goal < |- _ : Prims.squash (Trans.a == (*?u50*) _)>

(see also Trans.fst(10,20-10,35))
Trans.fst(15,63-15,68): (Warning 296) Tactics admitted goal < |- _ : Prims.squash ((*?u50*) _ == Trans.b)>

(see also Trans.fst(10,39-10,54))


[0;31mWarning:[0m could not find "msbuild", trying (deprecated) "xbuild"


SL.Heap.fst(65,26-68,30): (Warning 252) (Hint-replay failed): Patterns are incomplete
SL.Heap.fst(85,38-88,62): (Warning 252) (Hint-replay failed): Patterns are incomplete


[0;31mWarning:[0m could not find "msbuild", trying (deprecated) "xbuild"


MiniParse.Impl.List.fst(415,18-415,29): (Warning 288) FStar.Seq.Base.createEmpty is deprecated, use Seq.empty instead
MiniParse.Impl.List.fst(245,15-245,17): (Warning 252) Subtyping check failed; expected type MiniParse.Spec.List.nlist n t; got type l': Prims.list t {l' == FStar.List.Tot.Base.rev l} (see also MiniParse.Spec.List.fst(10,45-10,60))
MiniParse.Impl.List.fst(380,2-380,8): (Warning 252) (Hint-replay failed): assertion failed (see also MiniParse.Impl.List.fst(380,9-380,63))
MiniParse.Impl.List.fst(95,37-95,40): (Warning 252) (Hint-replay failed): assertion failed (see also FStar.UInt32.fst(64,12-64,32))
MiniParse.Impl.List.fst(245,15-245,17): (Warning 252) Subtyping check failed; expected type MiniParse.Spec.List.nlist n t; got type l': Prims.list t {l' == FStar.List.Tot.Base.rev l} (see also MiniParse.Spec.List.fst(10,45-10,60))
MiniParse.Impl.List.fst(380,2-380,8): (Warning 252) (Hint-replay failed): assertion failed (see also MiniParse.Impl.List.fst(380,9-380,63))


[0;31mWarning:[0m could not find "msbuild", trying (deprecated) "xbuild"




[0;31mWarning:[0m could not find "msbuild", trying (deprecated) "xbuild"


CanonCommMonoidSimple.fst(111,2-115,68): (Warning 252) (Hint-replay failed): Patterns are incomplete
CanonCommMonoidSimple.fst(186,2-186,8): (Warning 296) Tactics admitted goal <(a: Type), (am: CanonCommMonoidSimple.amap a), (xs: Prims.list CanonCommMonoidSimple.atom), (p: Prims.pure_post Prims.unit), (_:
Prims.squash (forall (pure_result: Prims.unit).
(exists (ss: Prims.list (CanonCommMonoidSimple.swap (FStar.List.Tot.Base.length xs))).
CanonCommMonoidSimple.sort xs == CanonCommMonoidSimple.apply_swaps xs ss) ==>
p pure_result)), (any_result: Type0), (_: Prims.squash (Prims.nat == any_result)), (any_result: Type0), (_: Prims.squash (Prims.int == any_result)), (any_result: (x: Prims.int -> y: Prims.int -> Prims.Tot Prims.int)), (_: Prims.squash (FStar.List.Tot.Base.compare_of_bool Prims.op_LessThan == any_result)), (pure_result: Prims.unit), (_:
Prims.squash (forall (x: Prims.nat).
FStar.List.Tot.Base.count x xs =
FStar.List.Tot.Base.count x
(FStar.List.Tot.Base.sortWith (FStar.List.Tot.Base.compare_of_bool Prims.op_LessThan) xs))), (any_result: Type0), (_: Prims.squash (Prims.nat == any_result)), (pure_result: Prims.list (CanonCommSwaps.swap (FStar.List.Tot.Base.length xs))), (_: Prims.squash (CanonCommMonoidSimple.sort xs == CanonCommSwaps.apply_swaps xs pure_result)), (_:
Prims.squash (CanonCommSwaps.equal_counts_implies_swaps xs (CanonCommMonoidSimple.sort xs) ==
pure_result)), (any_result: Prims.list (CanonCommSwaps.swap (FStar.List.Tot.Base.length xs))), (_:
Prims.squash (CanonCommSwaps.equal_counts_implies_swaps xs (CanonCommMonoidSimple.sort xs) ==
any_result)), (pure_result: Prims.list CanonCommMonoidSimple.atom), (_: Prims.squash (FStar.List.Tot.Base.length pure_result == FStar.List.Tot.Base.length xs)), (_:
Prims.squash (CanonCommMonoidSimple.apply_swaps xs
(CanonCommSwaps.equal_counts_implies_swaps xs (CanonCommMonoidSimple.sort xs)) ==
pure_result)), (any_result: Prims.logical), (_:
Prims.squash (CanonCommMonoidSimple.sort xs ==
CanonCommMonoidSimple.apply_swaps xs
(CanonCommSwaps.equal_counts_implies_swaps xs (CanonCommMonoidSimple.sort xs)) ==
any_result)) |- _ : Prims.squash (CanonCommMonoidSimple.sort xs ==
CanonCommMonoidSimple.apply_swaps xs
(CanonCommSwaps.equal_counts_implies_swaps xs (CanonCommMonoidSimple.sort xs)))>

(see also FStar.Tactics.Effect.fst(100,48-100,58))
CanonCommMonoidSimple.fst(111,2-115,68): (Warning 252) (Hint-replay failed): Patterns are incomplete


[0;31mWarning:[0m could not find "msbuild", trying (deprecated) "xbuild"


EnumParsing.fst(303,29-303,37): (Warning 252) (Hint-replay failed): could not prove post-condition (see also Serializing.fst(102,8-102,39))


[0;31mWarning:[0m could not find "msbuild", trying (deprecated) "xbuild"




[0;31mWarning:[0m could not find "msbuild", trying (deprecated) "xbuild"




[0;31mWarning:[0m could not find "msbuild", trying (deprecated) "xbuild"




[0;31mWarning:[0m could not find "msbuild", trying (deprecated) "xbuild"


hello.fst(5,0-5,37): (Warning 272) Top-level let-bindings must be total; this term may have effects
hello.fst(5,0-5,37): (Warning 272) Top-level let-bindings must be total; this term may have effects


[0;31mWarning:[0m could not find "msbuild", trying (deprecated) "xbuild"


testseq.fst(12,0-14,15): (Warning 272) Top-level let-bindings must be total; this term may have effects
testseq.fst(12,0-14,15): (Warning 272) Top-level let-bindings must be total; this term may have effects


[0;31mWarning:[0m could not find "msbuild", trying (deprecated) "xbuild"




[0;31mWarning:[0m could not find "msbuild", trying (deprecated) "xbuild"




[0;31mWarning:[0m could not find "msbuild", trying (deprecated) "xbuild"




[0;31mWarning:[0m could not find "msbuild", trying (deprecated) "xbuild"




[0;31mWarning:[0m could not find "msbuild", trying (deprecated) "xbuild"




[0;31mWarning:[0m could not find "msbuild", trying (deprecated) "xbuild"


Eta_expand.fst(22,0-26,35): (Warning 272) Top-level let-bindings must be total; this term may have effects
Eta_expand.fst(22,0-26,35): (Warning 272) Top-level let-bindings must be total; this term may have effects
File "out/Eta_expand.ml", line 19, characters 37-41:
Warning 20: this argument will not be used by the function.
File "out/Eta_expand.ml", line 19, characters 42-46:
Warning 20: this argument will not be used by the function.


[0;31mWarning:[0m could not find "msbuild", trying (deprecated) "xbuild"


X64.Poly1305.fst(562,35-562,37): (Warning 252) (Hint-replay failed): Subtyping check failed; expected type r: X64.Machine_s.reg{Prims.op_Negation (Rsp? r)}; got type X64.Machine_s.reg


[0;31mWarning:[0m could not find "msbuild", trying (deprecated) "xbuild"




[0;31mWarning:[0m could not find "msbuild", trying (deprecated) "xbuild"




[0;31mWarning:[0m could not find "msbuild", trying (deprecated) "xbuild"




[0;31mWarning:[0m could not find "msbuild", trying (deprecated) "xbuild"


Imp.fst(114,26-114,32): (Warning 252) assertion failed (see also Imp.fst(114,46-114,73))
Imp.fst(114,26-114,32): (Warning 252) assertion failed (see also Imp.fst(114,46-114,73))
Imp.fst(115,26-115,32): (Warning 252) assertion failed (see also Imp.fst(115,46-115,73))
Imp.fst(115,26-115,32): (Warning 252) assertion failed (see also Imp.fst(115,46-115,73))
Imp.fst(116,26-116,32): (Warning 252) assertion failed (see also Imp.fst(116,46-116,73))
Imp.fst(116,26-116,32): (Warning 252) assertion failed (see also Imp.fst(116,46-116,73))
Imp.fst(117,26-117,32): (Warning 252) assertion failed (see also Imp.fst(117,46-117,73))
Imp.fst(117,26-117,32): (Warning 252) assertion failed (see also Imp.fst(117,46-117,73))
Imp.fst(118,26-118,32): (Warning 252) assertion failed (see also Imp.fst(118,46-118,73))
Imp.fst(118,26-118,32): (Warning 252) assertion failed (see also Imp.fst(118,46-118,73))
Imp.fst(119,26-119,32): (Warning 252) assertion failed (see also Imp.fst(119,46-119,73))
Imp.fst(119,26-119,32): (Warning 252) assertion failed (see also Imp.fst(119,46-119,73))
Evens.fst(11,29-11,38): (Warning 238) Plugin nat2unary will not run natively because Embedding not defined for type Evens.unary_nat.

Embeddings.fst(34,36-34,45): (Warning 238) Plugin norm_step_tac will not run natively because Embedding not defined for type FStar.Pervasives.Native.norm_step.

Plugins.fst(33,35-33,44): (Warning 238) Plugin norm_step_plugin will not run natively because Embedding not defined for type FStar.Pervasives.Native.norm_step.

FStar.Tactics.Effect.fst(100,49-100,55): (Warning 296) Tactics admitted goal <(_:
Prims.squash (CanonDeep.x * (CanonDeep.y * CanonDeep.z) == CanonDeep.x * (CanonDeep.y * CanonDeep.z)
)), (_:
Prims.squash ((CanonDeep.x * CanonDeep.y) * CanonDeep.z == (CanonDeep.x * CanonDeep.y) * CanonDeep.z
)) |- _ : Prims.squash (CanonDeep.x * (CanonDeep.y * CanonDeep.z) == (CanonDeep.x * CanonDeep.y) * CanonDeep.z
)>

(see also FStar.Tactics.Effect.fst(100,48-100,58))
CanonDeep.fst(190,12-190,28): (Warning 296) Tactics admitted goal <(_:
Prims.squash (CanonDeep.x * (CanonDeep.y * CanonDeep.z) == CanonDeep.x * (CanonDeep.y * CanonDeep.z)
)) |- _ : Prims.squash ((CanonDeep.x * CanonDeep.y) * CanonDeep.z == (CanonDeep.x * CanonDeep.y) * CanonDeep.z
)>

(see also CanonDeep.fst(190,45-190,56))
CanonDeep.fst(190,12-190,28): (Warning 296) Tactics admitted goal < |- _ : Prims.squash (CanonDeep.x * (CanonDeep.y * CanonDeep.z) == CanonDeep.x * (CanonDeep.y * CanonDeep.z)
)>

(see also CanonDeep.fst(190,30-190,41))
Arith.fst(40,4-40,10): (Warning 252) (Hint-replay failed): Could not prove goal #3 (see also Arith.fst(42,49-42,60))
Arith.fst(40,4-40,10): (Warning 252) (Hint-replay failed): Could not prove goal #1 (see also Arith.fst(41,22-41,29))
LemmaArgs.fst(16,2-16,18): (Warning 252) Subtyping check failed; expected type b: Prims.int{b <> 5}; got type Prims.int (see also LemmaArgs.fst(5,34-5,40))
LemmaArgs.fst(16,2-16,18): (Warning 252) Subtyping check failed; expected type b: Prims.int{b <> 5}; got type Prims.int (see also LemmaArgs.fst(5,34-5,40))
LemmaArgs.fst(16,2-16,18): (Warning 252) Subtyping check failed; expected type b: Prims.int{b <> 5}; got type Prims.int (see also LemmaArgs.fst(5,34-5,40))
LemmaArgs.fst(16,2-16,18): (Warning 252) Subtyping check failed; expected type b: Prims.int{b <> 5}; got type Prims.int (see also LemmaArgs.fst(5,34-5,40))


[0;31mWarning:[0m could not find "msbuild", trying (deprecated) "xbuild"


<dummy>(0,0-0,0): (Warning 252) (Hint-replay failed): Could not prove goal #6 (see also SL.Examples.fst(20,14-20,33))
<dummy>(0,0-0,0): (Warning 252) (Hint-replay failed): Could not prove goal #5 (see also SL.Examples.fst(309,20-309,29))
<dummy>(0,0-0,0): (Warning 252) (Hint-replay failed): Could not prove goal #3 (see also SL.Examples.fst(20,14-20,33))
SL.Examples.fst(374,9-374,12): (Warning 252) (Hint-replay failed): could not prove post-condition (see also SL.Examples.fst(372,45-372,48))
SL.Examples.fst(380,9-380,12): (Warning 252) (Hint-replay failed): could not prove post-condition (see also SL.Examples.fst(378,29-378,32))
<dummy>(0,0-0,0): (Warning 252) (Hint-replay failed): Could not prove goal #12 (see also SL.Examples.fst(20,14-20,33))
<dummy>(0,0-0,0): (Warning 252) (Hint-replay failed): Could not prove goal #11 (see also SL.Examples.fst(309,20-309,29))
<dummy>(0,0-0,0): (Warning 252) (Hint-replay failed): Could not prove goal #10 (see also SL.Examples.fst(20,14-20,33))
<dummy>(0,0-0,0): (Warning 252) (Hint-replay failed): Could not prove goal #9 (see also SL.Examples.fst(20,14-20,33))
<dummy>(0,0-0,0): (Warning 252) (Hint-replay failed): Could not prove goal #8 (see also SL.Examples.fst(20,14-20,33))
<dummy>(0,0-0,0): (Warning 252) (Hint-replay failed): Could not prove goal #7 (see also SL.Examples.fst(309,20-309,29))
<dummy>(0,0-0,0): (Warning 252) (Hint-replay failed): Could not prove goal #6 (see also SL.Examples.fst(20,14-20,33))
<dummy>(0,0-0,0): (Warning 252) (Hint-replay failed): Could not prove goal #5 (see also SL.Examples.fst(20,14-20,33))
<dummy>(0,0-0,0): (Warning 252) (Hint-replay failed): Could not prove goal #4 (see also SL.Examples.fst(309,20-309,29))
<dummy>(0,0-0,0): (Warning 252) (Hint-replay failed): Could not prove goal #3 (see also SL.Examples.fst(20,14-20,33))
<dummy>(0,0-0,0): (Warning 252) (Hint-replay failed): Could not prove goal #1 (see also SL.Examples.fst(20,37-20,52))
<dummy>(0,0-0,0): (Warning 252) (Hint-replay failed): Could not prove goal #52 (see also SL.Examples.fst(20,37-20,52))
<dummy>(0,0-0,0): (Warning 252) (Hint-replay failed): Could not prove goal #26 (see also SL.Examples.fst(20,37-20,52))
<dummy>(0,0-0,0): (Warning 252) (Hint-replay failed): Could not prove goal #1 (see also SL.Examples.fst(20,37-20,52))
<dummy>(0,0-0,0): (Warning 252) (Hint-replay failed): Could not prove goal #28 (see also SL.Examples.fst(20,37-20,52))
<dummy>(0,0-0,0): (Warning 252) (Hint-replay failed): Could not prove goal #14 (see also SL.Examples.fst(717,4-717,19))


[0;31mWarning:[0m could not find "msbuild", trying (deprecated) "xbuild"


SL.ExamplesAuto.fst(81,4-81,6): (Warning 252) (Hint-replay failed): could not prove post-condition (see also SL.ExamplesAuto.fst(80,9-80,36))
SL.ExamplesAuto.fst(331,9-331,12): (Warning 252) (Hint-replay failed): could not prove post-condition (see also SL.ExamplesAuto.fst(330,29-330,32))
SL.ExamplesAuto.fst(441,4-441,32): (Warning 252) (Hint-replay failed): Patterns are incomplete
SL.ExamplesAuto.fst(449,4-449,50): (Warning 252) (Hint-replay failed): Patterns are incomplete
findlib: [WARNING] Interface main.cmi occurs in several directories: /home/everest/vsts-agent/_work/2/s/bin/fstar-compiler-lib, /home/everest/.opam/4.05.0/lib/ocaml/compiler-libs
findlib: [WARNING] Interface topdirs.cmi occurs in several directories: /home/everest/.opam/4.05.0/lib/ocaml/compiler-libs, /home/everest/.opam/4.05.0/lib/ocaml
findlib: [WARNING] Interface main.cmi occurs in several directories: /home/everest/vsts-agent/_work/2/s/bin/fstar-compiler-lib, /home/everest/.opam/4.05.0/lib/ocaml/compiler-libs
findlib: [WARNING] Interface topdirs.cmi occurs in several directories: /home/everest/.opam/4.05.0/lib/ocaml/compiler-libs, /home/everest/.opam/4.05.0/lib/ocaml
Typeclasses.fst(159,12-159,18): (Warning 252) (Hint-replay failed): assertion failed (see also Typeclasses.fst(159,19-159,44))
Typeclasses.fst(159,12-159,18): (Warning 252) assertion failed (see also Typeclasses.fst(159,19-159,44))
Typeclasses.fst(159,12-159,18): (Warning 252) assertion failed (see also Typeclasses.fst(159,19-159,44))
Typeclasses.fst(159,12-159,18): (Warning 252) assertion failed (see also Typeclasses.fst(159,19-159,44))
Typeclasses.fst(196,20-196,26): (Warning 252) assertion failed
Typeclasses.fst(196,20-196,26): (Warning 252) assertion failed
Typeclasses.fst(196,20-196,26): (Warning 252) assertion failed
Typeclasses.fst(196,20-196,26): (Warning 252) assertion failed
Arith.fst(40,4-40,10): (Warning 252) (Hint-replay failed): Could not prove goal #3 (see also Arith.fst(42,49-42,60))
Arith.fst(40,4-40,10): (Warning 252) (Hint-replay failed): Could not prove goal #1 (see also Arith.fst(41,22-41,29))
findlib: [WARNING] Interface main.cmi occurs in several directories: /home/everest/vsts-agent/_work/2/s/bin/fstar-compiler-lib, /home/everest/.opam/4.05.0/lib/ocaml/compiler-libs
findlib: [WARNING] Interface topdirs.cmi occurs in several directories: /home/everest/.opam/4.05.0/lib/ocaml/compiler-libs, /home/everest/.opam/4.05.0/lib/ocaml
findlib: [WARNING] Interface main.cmi occurs in several directories: /home/everest/vsts-agent/_work/2/s/bin/fstar-compiler-lib, /home/everest/.opam/4.05.0/lib/ocaml/compiler-libs
findlib: [WARNING] Interface topdirs.cmi occurs in several directories: /home/everest/.opam/4.05.0/lib/ocaml/compiler-libs, /home/everest/.opam/4.05.0/lib/ocaml
FStar.Tactics.Simplifier.fst(277,18-277,23): (Warning 296) Tactics admitted goal <(r: FStar.ST.ref Prims.int) |- _ : Prims.squash (forall (x: FStar.Pervasives.st_post_h FStar.Monotonic.Heap.heap Prims.unit)
(x: FStar.Monotonic.Heap.heap).
(forall (x: Prims.unit) (x: FStar.Monotonic.Heap.heap). Prims.auto_squash (x x x)) ==>
FStar.Heap.trivial_preorder Prims.int (FStar.Monotonic.Heap.sel x r) 0 /\
(forall (x: Prims.unit)
(x:
_:
FStar.Monotonic.Heap.heap
{FStar.Heap.trivial_preorder Prims.int (FStar.Monotonic.Heap.sel x r) 0}).
FStar.Heap.trivial_preorder Prims.int (FStar.Monotonic.Heap.sel x r) 0 /\
FStar.Monotonic.Heap.contains x r /\
FStar.Monotonic.Heap.modifies (FStar.Set.singleton (FStar.Monotonic.Heap.addr_of r)) x x /\
FStar.Monotonic.Heap.equal_dom x x /\ FStar.Monotonic.Heap.sel x r == 0 ==>
FStar.Heap.trivial_preorder Prims.int (FStar.Monotonic.Heap.sel x r) 1 /\
(forall (x: Prims.unit)
(x:
_:
FStar.Monotonic.Heap.heap
{FStar.Heap.trivial_preorder Prims.int (FStar.Monotonic.Heap.sel x r) 1}).
FStar.Heap.trivial_preorder Prims.int (FStar.Monotonic.Heap.sel x r) 1 /\
FStar.Monotonic.Heap.contains x r /\
FStar.Monotonic.Heap.modifies (FStar.Set.singleton (FStar.Monotonic.Heap.addr_of r))
x
x /\ FStar.Monotonic.Heap.equal_dom x x /\ FStar.Monotonic.Heap.sel x r == 1 ==>
FStar.Heap.trivial_preorder Prims.int (FStar.Monotonic.Heap.sel x r) 2 /\
(forall (x: Prims.unit)
(x:
_:
FStar.Monotonic.Heap.heap
{FStar.Heap.trivial_preorder Prims.int (FStar.Monotonic.Heap.sel x r) 2}).
FStar.Heap.trivial_preorder Prims.int (FStar.Monotonic.Heap.sel x r) 2 /\
FStar.Monotonic.Heap.contains x r /\
FStar.Monotonic.Heap.modifies (FStar.Set.singleton (FStar.Monotonic.Heap.addr_of r
))
x
x /\ FStar.Monotonic.Heap.equal_dom x x /\ FStar.Monotonic.Heap.sel x r == 2 ==>
FStar.Heap.trivial_preorder Prims.int (FStar.Monotonic.Heap.sel x r) 3 /\
(forall (x: Prims.unit)
(x:
_:
FStar.Monotonic.Heap.heap
{FStar.Heap.trivial_preorder Prims.int (FStar.Monotonic.Heap.sel x r) 3}).
FStar.Heap.trivial_preorder Prims.int (FStar.Monotonic.Heap.sel x r) 3 /\
FStar.Monotonic.Heap.contains x r /\
FStar.Monotonic.Heap.modifies (FStar.Set.singleton (FStar.Monotonic.Heap.addr_of
r))
x
x /\ FStar.Monotonic.Heap.equal_dom x x /\ FStar.Monotonic.Heap.sel x r == 3 ==>
x x x)))))>

(see also FStar.Tactics.Simplifier.fst(273,55-273,63))
FStar.Tactics.Simplifier.fst(277,18-277,23): (Warning 296) Tactics admitted goal <(r: FStar.ST.ref Prims.int) |- _ : Prims.squash (forall (x: FStar.Pervasives.st_post_h FStar.Monotonic.Heap.heap Prims.unit)
(x: FStar.Monotonic.Heap.heap).
(forall (x: Prims.unit) (x: FStar.Monotonic.Heap.heap). Prims.auto_squash (x x x)) ==>
FStar.Heap.trivial_preorder Prims.int (FStar.Monotonic.Heap.sel x r) 0 /\
(forall (x: Prims.unit)
(x:
_:
FStar.Monotonic.Heap.heap
{FStar.Heap.trivial_preorder Prims.int (FStar.Monotonic.Heap.sel x r) 0}).
FStar.Heap.trivial_preorder Prims.int (FStar.Monotonic.Heap.sel x r) 0 /\
FStar.Monotonic.Heap.contains x r /\
FStar.Monotonic.Heap.modifies (FStar.Set.singleton (FStar.Monotonic.Heap.addr_of r)) x x /\
FStar.Monotonic.Heap.equal_dom x x /\ FStar.Monotonic.Heap.sel x r == 0 ==>
FStar.Heap.trivial_preorder Prims.int (FStar.Monotonic.Heap.sel x r) 1 /\
(forall (x: Prims.unit)
(x:
_:
FStar.Monotonic.Heap.heap
{FStar.Heap.trivial_preorder Prims.int (FStar.Monotonic.Heap.sel x r) 1}).
FStar.Heap.trivial_preorder Prims.int (FStar.Monotonic.Heap.sel x r) 1 /\
FStar.Monotonic.Heap.contains x r /\
FStar.Monotonic.Heap.modifies (FStar.Set.singleton (FStar.Monotonic.Heap.addr_of r))
x
x /\ FStar.Monotonic.Heap.equal_dom x x /\ FStar.Monotonic.Heap.sel x r == 1 ==>
FStar.Heap.trivial_preorder Prims.int (FStar.Monotonic.Heap.sel x r) 2 /\
(forall (x: Prims.unit)
(x:
_:
FStar.Monotonic.Heap.heap
{FStar.Heap.trivial_preorder Prims.int (FStar.Monotonic.Heap.sel x r) 2}).
FStar.Heap.trivial_preorder Prims.int (FStar.Monotonic.Heap.sel x r) 2 /\
FStar.Monotonic.Heap.contains x r /\
FStar.Monotonic.Heap.modifies (FStar.Set.singleton (FStar.Monotonic.Heap.addr_of r
))
x
x /\ FStar.Monotonic.Heap.equal_dom x x /\ FStar.Monotonic.Heap.sel x r == 2 ==>
FStar.Heap.trivial_preorder Prims.int (FStar.Monotonic.Heap.sel x r) 3 /\
(forall (x: Prims.unit)
(x:
_:
FStar.Monotonic.Heap.heap
{FStar.Heap.trivial_preorder Prims.int (FStar.Monotonic.Heap.sel x r) 3}).
FStar.Heap.trivial_preorder Prims.int (FStar.Monotonic.Heap.sel x r) 3 /\
FStar.Monotonic.Heap.contains x r /\
FStar.Monotonic.Heap.modifies (FStar.Set.singleton (FStar.Monotonic.Heap.addr_of
r))
x
x /\ FStar.Monotonic.Heap.equal_dom x x /\ FStar.Monotonic.Heap.sel x r == 3 ==>
FStar.Heap.trivial_preorder Prims.int (FStar.Monotonic.Heap.sel x r) 4 /\
(forall (x: Prims.unit)
(x:
_:
FStar.Monotonic.Heap.heap
{FStar.Heap.trivial_preorder Prims.int (FStar.Monotonic.Heap.sel x r) 4})
.
FStar.Heap.trivial_preorder Prims.int (FStar.Monotonic.Heap.sel x r) 4 /\
FStar.Monotonic.Heap.contains x r /\
FStar.Monotonic.Heap.modifies (FStar.Set.singleton (FStar.Monotonic.Heap.addr_of
r))
x
x /\ FStar.Monotonic.Heap.equal_dom x x /\
FStar.Monotonic.Heap.sel x r == 4 ==>
FStar.Heap.trivial_preorder Prims.int (FStar.Monotonic.Heap.sel x r) 5 /\
(forall (x: Prims.unit)
(x:
_:
FStar.Monotonic.Heap.heap
{ FStar.Heap.trivial_preorder Prims.int
(FStar.Monotonic.Heap.sel x r)
5 }).
FStar.Heap.trivial_preorder Prims.int (FStar.Monotonic.Heap.sel x r) 5 /\
FStar.Monotonic.Heap.contains x r /\
FStar.Monotonic.Heap.modifies (FStar.Set.singleton (FStar.Monotonic.Heap.addr_of
r))
x
x /\ FStar.Monotonic.Heap.equal_dom x x /\
FStar.Monotonic.Heap.sel x r == 5 ==>
FStar.Heap.trivial_preorder Prims.int (FStar.Monotonic.Heap.sel x r) 6 /\
(forall (x: Prims.unit)
(x:
_:
FStar.Monotonic.Heap.heap
{ FStar.Heap.trivial_preorder Prims.int
(FStar.Monotonic.Heap.sel x r)
6 }).
FStar.Heap.trivial_preorder Prims.int
(FStar.Monotonic.Heap.sel x r)
6 /\ FStar.Monotonic.Heap.contains x r /\
FStar.Monotonic.Heap.modifies (FStar.Set.singleton (FStar.Monotonic.Heap.addr_of
r))
x
x /\ FStar.Monotonic.Heap.equal_dom x x /\
FStar.Monotonic.Heap.sel x r == 6 ==>
FStar.Heap.trivial_preorder Prims.int
(FStar.Monotonic.Heap.sel x r)
7 /\
(forall (x: Prims.unit)
(x:
_:
FStar.Monotonic.Heap.heap
{ FStar.Heap.trivial_preorder Prims.int
(FStar.Monotonic.Heap.sel x r)
7 }).
FStar.Heap.trivial_preorder Prims.int
(FStar.Monotonic.Heap.sel x r)
7 /\ FStar.Monotonic.Heap.contains x r /\
FStar.Monotonic.Heap.modifies (FStar.Set.singleton (FStar.Monotonic.Heap.addr_of
r))
x
x /\ FStar.Monotonic.Heap.equal_dom x x /\
FStar.Monotonic.Heap.sel x r == 7 ==>
FStar.Heap.trivial_preorder Prims.int
(FStar.Monotonic.Heap.sel x r)
8 /\
(forall (x: Prims.unit)
(x:
_:
FStar.Monotonic.Heap.heap
{ FStar.Heap.trivial_preorder Prims.int
(FStar.Monotonic.Heap.sel x r)
8 }).
FStar.Heap.trivial_preorder Prims.int
(FStar.Monotonic.Heap.sel x r)
8 /\ FStar.Monotonic.Heap.contains x r /\
FStar.Monotonic.Heap.modifies (FStar.Set.singleton (FStar.Monotonic.Heap.addr_of
r))
x
x /\ FStar.Monotonic.Heap.equal_dom x x /\
FStar.Monotonic.Heap.sel x r == 8 ==>
FStar.Heap.trivial_preorder Prims.int
(FStar.Monotonic.Heap.sel x r)
9 /\
(forall (x: Prims.unit)
(x:
_:
FStar.Monotonic.Heap.heap
{ FStar.Heap.trivial_preorder Prims.int
(FStar.Monotonic.Heap.sel x r)
9 }).
FStar.Heap.trivial_preorder Prims.int
(FStar.Monotonic.Heap.sel x r)
9 /\ FStar.Monotonic.Heap.contains x r /\
FStar.Monotonic.Heap.modifies (FStar.Set.singleton (FStar.Monotonic.Heap.addr_of
r))
x
x /\ FStar.Monotonic.Heap.equal_dom x x /\
FStar.Monotonic.Heap.sel x r == 9 ==>
FStar.Heap.trivial_preorder Prims.int
(FStar.Monotonic.Heap.sel x r)
10 /\
(forall (x: Prims.unit)
(x:
_:
FStar.Monotonic.Heap.heap
{ FStar.Heap.trivial_preorder Prims.int
(FStar.Monotonic.Heap.sel x r)
10 }).
FStar.Heap.trivial_preorder Prims.int
(FStar.Monotonic.Heap.sel x r)
10 /\ FStar.Monotonic.Heap.contains x r /\
FStar.Monotonic.Heap.modifies (FStar.Set.singleton
(FStar.Monotonic.Heap.addr_of r))
x
x /\ FStar.Monotonic.Heap.equal_dom x x /\
FStar.Monotonic.Heap.sel x r == 10 ==>
x x x))))))))))))>

(see also FStar.Tactics.Simplifier.fst(273,55-273,63))
findlib: [WARNING] Interface main.cmi occurs in several directories: /home/everest/vsts-agent/_work/2/s/bin/fstar-compiler-lib, /home/everest/.opam/4.05.0/lib/ocaml/compiler-libs
findlib: [WARNING] Interface topdirs.cmi occurs in several directories: /home/everest/.opam/4.05.0/lib/ocaml/compiler-libs, /home/everest/.opam/4.05.0/lib/ocaml
SimpleTactic.Test.fst(5,2-5,18): (Warning 296) Tactics admitted goal <(_: Prims.unit) |- _ : Prims.squash (FStar.Pervasives.id 1000 = 1000)>

(see also FStar.Tactics.Effect.fst(100,48-100,58))
findlib: [WARNING] Interface main.cmi occurs in several directories: /home/everest/vsts-agent/_work/2/s/bin/fstar-compiler-lib, /home/everest/.opam/4.05.0/lib/ocaml/compiler-libs
findlib: [WARNING] Interface topdirs.cmi occurs in several directories: /home/everest/.opam/4.05.0/lib/ocaml/compiler-libs, /home/everest/.opam/4.05.0/lib/ocaml
findlib: [WARNING] Interface main.cmi occurs in several directories: /home/everest/vsts-agent/_work/2/s/bin/fstar-compiler-lib, /home/everest/.opam/4.05.0/lib/ocaml/compiler-libs
findlib: [WARNING] Interface topdirs.cmi occurs in several directories: /home/everest/.opam/4.05.0/lib/ocaml/compiler-libs, /home/everest/.opam/4.05.0/lib/ocaml
findlib: [WARNING] Interface main.cmi occurs in several directories: /home/everest/vsts-agent/_work/2/s/bin/fstar-compiler-lib, /home/everest/.opam/4.05.0/lib/ocaml/compiler-libs
findlib: [WARNING] Interface topdirs.cmi occurs in several directories: /home/everest/.opam/4.05.0/lib/ocaml/compiler-libs, /home/everest/.opam/4.05.0/lib/ocaml
findlib: [WARNING] Interface main.cmi occurs in several directories: /home/everest/vsts-agent/_work/2/s/bin/fstar-compiler-lib, /home/everest/.opam/4.05.0/lib/ocaml/compiler-libs
findlib: [WARNING] Interface topdirs.cmi occurs in several directories: /home/everest/.opam/4.05.0/lib/ocaml/compiler-libs, /home/everest/.opam/4.05.0/lib/ocaml
File "./Evens.ml", line 10, characters 20-54:
Warning 8: this pattern-matching is not exhaustive.
Here is an example of a case that is not matched:
U0
File "./Evens.ml", line 26, characters 22-67:
Warning 8: this pattern-matching is not exhaustive.
Here is an example of a case that is not matched:
Even0
File "./Evens.ml", line 30, characters 22-67:
Warning 8: this pattern-matching is not exhaustive.
Here is an example of a case that is not matched:
Even0
findlib: [WARNING] Interface main.cmi occurs in several directories: /home/everest/vsts-agent/_work/2/s/bin/fstar-compiler-lib, /home/everest/.opam/4.05.0/lib/ocaml/compiler-libs
findlib: [WARNING] Interface topdirs.cmi occurs in several directories: /home/everest/.opam/4.05.0/lib/ocaml/compiler-libs, /home/everest/.opam/4.05.0/lib/ocaml
findlib: [WARNING] Interface main.cmi occurs in several directories: /home/everest/vsts-agent/_work/2/s/bin/fstar-compiler-lib, /home/everest/.opam/4.05.0/lib/ocaml/compiler-libs
findlib: [WARNING] Interface topdirs.cmi occurs in several directories: /home/everest/.opam/4.05.0/lib/ocaml/compiler-libs, /home/everest/.opam/4.05.0/lib/ocaml
findlib: [WARNING] Interface main.cmi occurs in several directories: /home/everest/vsts-agent/_work/2/s/bin/fstar-compiler-lib, /home/everest/.opam/4.05.0/lib/ocaml/compiler-libs
findlib: [WARNING] Interface topdirs.cmi occurs in several directories: /home/everest/.opam/4.05.0/lib/ocaml/compiler-libs, /home/everest/.opam/4.05.0/lib/ocaml
findlib: [WARNING] Interface main.cmi occurs in several directories: /home/everest/vsts-agent/_work/2/s/bin/fstar-compiler-lib, /home/everest/.opam/4.05.0/lib/ocaml/compiler-libs
findlib: [WARNING] Interface topdirs.cmi occurs in several directories: /home/everest/.opam/4.05.0/lib/ocaml/compiler-libs, /home/everest/.opam/4.05.0/lib/ocaml
findlib: [WARNING] Interface main.cmi occurs in several directories: /home/everest/vsts-agent/_work/2/s/bin/fstar-compiler-lib, /home/everest/.opam/4.05.0/lib/ocaml/compiler-libs
findlib: [WARNING] Interface topdirs.cmi occurs in several directories: /home/everest/.opam/4.05.0/lib/ocaml/compiler-libs, /home/everest/.opam/4.05.0/lib/ocaml
findlib: [WARNING] Interface main.cmi occurs in several directories: /home/everest/vsts-agent/_work/2/s/bin/fstar-compiler-lib, /home/everest/.opam/4.05.0/lib/ocaml/compiler-libs
findlib: [WARNING] Interface topdirs.cmi occurs in several directories: /home/everest/.opam/4.05.0/lib/ocaml/compiler-libs, /home/everest/.opam/4.05.0/lib/ocaml
findlib: [WARNING] Interface main.cmi occurs in several directories: /home/everest/vsts-agent/_work/2/s/bin/fstar-compiler-lib, /home/everest/.opam/4.05.0/lib/ocaml/compiler-libs
findlib: [WARNING] Interface topdirs.cmi occurs in several directories: /home/everest/.opam/4.05.0/lib/ocaml/compiler-libs, /home/everest/.opam/4.05.0/lib/ocaml
findlib: [WARNING] Interface main.cmi occurs in several directories: /home/everest/vsts-agent/_work/2/s/bin/fstar-compiler-lib, /home/everest/.opam/4.05.0/lib/ocaml/compiler-libs
findlib: [WARNING] Interface topdirs.cmi occurs in several directories: /home/everest/.opam/4.05.0/lib/ocaml/compiler-libs, /home/everest/.opam/4.05.0/lib/ocaml
findlib: [WARNING] Interface main.cmi occurs in several directories: /home/everest/vsts-agent/_work/2/s/bin/fstar-compiler-lib, /home/everest/.opam/4.05.0/lib/ocaml/compiler-libs
findlib: [WARNING] Interface topdirs.cmi occurs in several directories: /home/everest/.opam/4.05.0/lib/ocaml/compiler-libs, /home/everest/.opam/4.05.0/lib/ocaml
findlib: [WARNING] Interface main.cmi occurs in several directories: /home/everest/vsts-agent/_work/2/s/bin/fstar-compiler-lib, /home/everest/.opam/4.05.0/lib/ocaml/compiler-libs
findlib: [WARNING] Interface topdirs.cmi occurs in several directories: /home/everest/.opam/4.05.0/lib/ocaml/compiler-libs, /home/everest/.opam/4.05.0/lib/ocaml
findlib: [WARNING] Interface main.cmi occurs in several directories: /home/everest/vsts-agent/_work/2/s/bin/fstar-compiler-lib, /home/everest/.opam/4.05.0/lib/ocaml/compiler-libs
findlib: [WARNING] Interface topdirs.cmi occurs in several directories: /home/everest/.opam/4.05.0/lib/ocaml/compiler-libs, /home/everest/.opam/4.05.0/lib/ocaml
findlib: [WARNING] Interface main.cmi occurs in several directories: /home/everest/vsts-agent/_work/2/s/bin/fstar-compiler-lib, /home/everest/.opam/4.05.0/lib/ocaml/compiler-libs
findlib: [WARNING] Interface topdirs.cmi occurs in several directories: /home/everest/.opam/4.05.0/lib/ocaml/compiler-libs, /home/everest/.opam/4.05.0/lib/ocaml
findlib: [WARNING] Interface main.cmi occurs in several directories: /home/everest/vsts-agent/_work/2/s/bin/fstar-compiler-lib, /home/everest/.opam/4.05.0/lib/ocaml/compiler-libs
findlib: [WARNING] Interface topdirs.cmi occurs in several directories: /home/everest/.opam/4.05.0/lib/ocaml/compiler-libs, /home/everest/.opam/4.05.0/lib/ocaml
findlib: [WARNING] Interface main.cmi occurs in several directories: /home/everest/vsts-agent/_work/2/s/bin/fstar-compiler-lib, /home/everest/.opam/4.05.0/lib/ocaml/compiler-libs
findlib: [WARNING] Interface topdirs.cmi occurs in several directories: /home/everest/.opam/4.05.0/lib/ocaml/compiler-libs, /home/everest/.opam/4.05.0/lib/ocaml
findlib: [WARNING] Interface main.cmi occurs in several directories: /home/everest/vsts-agent/_work/2/s/bin/fstar-compiler-lib, /home/everest/.opam/4.05.0/lib/ocaml/compiler-libs
findlib: [WARNING] Interface topdirs.cmi occurs in several directories: /home/everest/.opam/4.05.0/lib/ocaml/compiler-libs, /home/everest/.opam/4.05.0/lib/ocaml
findlib: [WARNING] Interface main.cmi occurs in several directories: /home/everest/vsts-agent/_work/2/s/bin/fstar-compiler-lib, /home/everest/.opam/4.05.0/lib/ocaml/compiler-libs
findlib: [WARNING] Interface topdirs.cmi occurs in several directories: /home/everest/.opam/4.05.0/lib/ocaml/compiler-libs, /home/everest/.opam/4.05.0/lib/ocaml
findlib: [WARNING] Interface main.cmi occurs in several directories: /home/everest/vsts-agent/_work/2/s/bin/fstar-compiler-lib, /home/everest/.opam/4.05.0/lib/ocaml/compiler-libs
findlib: [WARNING] Interface topdirs.cmi occurs in several directories: /home/everest/.opam/4.05.0/lib/ocaml/compiler-libs, /home/everest/.opam/4.05.0/lib/ocaml
findlib: [WARNING] Interface main.cmi occurs in several directories: /home/everest/vsts-agent/_work/2/s/bin/fstar-compiler-lib, /home/everest/.opam/4.05.0/lib/ocaml/compiler-libs
findlib: [WARNING] Interface topdirs.cmi occurs in several directories: /home/everest/.opam/4.05.0/lib/ocaml/compiler-libs, /home/everest/.opam/4.05.0/lib/ocaml
findlib: [WARNING] Interface main.cmi occurs in several directories: /home/everest/vsts-agent/_work/2/s/bin/fstar-compiler-lib, /home/everest/.opam/4.05.0/lib/ocaml/compiler-libs
findlib: [WARNING] Interface topdirs.cmi occurs in several directories: /home/everest/.opam/4.05.0/lib/ocaml/compiler-libs, /home/everest/.opam/4.05.0/lib/ocaml
StringPrinter.RecC.fst(70,2-83,24): (Warning 252) (Hint-replay failed): could not prove post-condition (see also StringPrinter.RecC.fst(65,4-65,81))
StringPrinter.RecC.fst(70,2-83,24): (Warning 252) could not prove post-condition (see also StringPrinter.RecC.fst(67,9-67,91))
findlib: [WARNING] Interface main.cmi occurs in several directories: /home/everest/vsts-agent/_work/2/s/bin/fstar-compiler-lib, /home/everest/.opam/4.05.0/lib/ocaml/compiler-libs
findlib: [WARNING] Interface topdirs.cmi occurs in several directories: /home/everest/.opam/4.05.0/lib/ocaml/compiler-libs, /home/everest/.opam/4.05.0/lib/ocaml
StringPrinterTest.Aux.fst(19,2-19,52): (Warning 252) (Hint-replay failed): assertion failed (see also StringPrinter.Rec.fst(117,12-117,57))
StringPrinterTest.Aux.fst(19,2-19,52): (Warning 252) (Hint-replay failed): assertion failed (see also StringPrinter.Rec.fst(117,12-117,57))
