make[1]: *** [Makefile:18: fstar-in-fsharp] Error 1
make: *** [Makefile:135: fsharp-build-and-test] Error 2
make: Target 'utest-prelude' not remade because of errors.
Command exited with non-zero status 2
0.06user 0.16system 0:03.90elapsed 5%CPU (0avgtext+0avgdata 6335232maxresident)k
0inputs+0outputs (25865major+0minor)pagefaults 0swaps
