make[1]: *** [Makefile:18: fstar-in-fsharp] Error 1
make: *** [Makefile:135: fsharp-build-and-test] Error 2
make: Target 'utest-prelude' not remade because of errors.
Command exited with non-zero status 2
0.03user 0.22system 0:28.02elapsed 0%CPU (0avgtext+0avgdata 6340608maxresident)k
0inputs+0outputs (25887major+0minor)pagefaults 0swaps
