From https://github.com/mitls/mitls-fstar
9f7792ba..a7dcdc0a  master     -> origin/master
dos2unix: converting file parser/parse.fsi to Unix format...
Warning: you are using the standard library and/or the %inline keyword. We
recommend switching on --infer in order to avoid obscure type error messages.
warning: CRLF will be replaced by LF in src/parser/parse.fsy.
The file will have its original line endings in your working directory.
FStar.Monotonic.Seq.fst(384,27-384,28): (Error 72) Identifier not found: [h]
1 error was reported (see above)
make[4]: *** [Makefile.extract:12: FStar.Monotonic.Seq.fst.checked.lax] Error 1
FStar.ModifiesGen.fst(856,78-856,79): (Error 72) Identifier not found: [HS.h]
Module HS resolved into FStar.HyperStack, definition h not found
1 error was reported (see above)
make[4]: *** [Makefile.extract:11: FStar.ModifiesGen.fst.checked.lax] Error 1
FStar.ModifiesGen.fsti(730,58-730,61): (Error 72) Identifier not found: [HS.tip]
Module HS resolved into FStar.HyperStack, definition tip not found
1 error was reported (see above)
make[4]: *** [Makefile.extract:11: FStar.ModifiesGen.fsti.checked.lax] Error 1
LowStar.Buffer.fsti(131,111-131,112): (Error 72) Identifier not found: [HS.h]
Module HS resolved into FStar.HyperStack, definition h not found
1 error was reported (see above)
make[4]: *** [Makefile.extract:11: LowStar.Buffer.fst.checked.lax] Error 1
LowStar.Buffer.fsti(131,111-131,112): (Error 72) Identifier not found: [HS.h]
Module HS resolved into FStar.HyperStack, definition h not found
1 error was reported (see above)
make[4]: *** [Makefile.extract:11: LowStar.Buffer.fsti.checked.lax] Error 1
FStar.Buffer.fst(204,41-204,42): (Error 72) Identifier not found: [h]
1 error was reported (see above)
make[4]: *** [Makefile.extract:12: FStar.Buffer.fst.checked.lax] Error 1
make[4]: Target 'all-ml' not remade because of errors.
make[3]: *** [Makefile:32: fstarlib.mgen] Error 2
make[3]: Target 'install-fstarlib' not remade because of errors.
make[2]: *** [Makefile:2: all] Error 2
make[1]: *** [Makefile:173: fstarlib] Error 2
make: *** [Makefile:158: utest-prelude] Error 2
Command exited with non-zero status 2
7.07user 29.08system 4:24.62elapsed 13%CPU (0avgtext+0avgdata 819934464maxresident)k
0inputs+0outputs (3373854major+0minor)pagefaults 0swaps
