dos2unix: converting file parser/parse.fsi to Unix format...
Warning: you are using the standard library and/or the %inline keyword. We
recommend switching on --infer in order to avoid obscure type error messages.
warning: CRLF will be replaced by LF in src/parser/parse.fsy.
The file will have its original line endings in your working directory.
prims.fst(0,0-0,0): (Warning 241) Absent cache file prims.fst.checked.lax; will recheck prims.fst and all subsequent files
FStar.Pervasives.Native.fst(0,0-0,0): (Warning 241) Absent cache file FStar.Pervasives.Native.fst.checked.lax; will recheck FStar.Pervasives.Native.fst and all subsequent files
FStar.Pervasives.fst(0,0-0,0): (Warning 241) Absent cache file FStar.Pervasives.fst.checked.lax; will recheck FStar.Pervasives.fst and all subsequent files
FStar.Squash.fsti(0,0-0,0): (Warning 241) Absent cache file FStar.Squash.fsti.checked.lax; will recheck FStar.Squash.fsti and all subsequent files
FStar.Classical.fsti(0,0-0,0): (Warning 241) Absent cache file FStar.Classical.fsti.checked.lax; will recheck FStar.Classical.fsti and all subsequent files
FStar.Ghost.fsti(0,0-0,0): (Warning 241) Absent cache file FStar.Ghost.fsti.checked.lax; will recheck FStar.Ghost.fsti and all subsequent files
FStar.StrongExcludedMiddle.fst(0,0-0,0): (Warning 241) Absent cache file FStar.StrongExcludedMiddle.fst.checked.lax; will recheck FStar.StrongExcludedMiddle.fst and all subsequent files
FStar.Mul.fst(0,0-0,0): (Warning 241) Absent cache file FStar.Mul.fst.checked.lax; will recheck FStar.Mul.fst and all subsequent files
FStar.Preorder.fst(0,0-0,0): (Warning 241) Absent cache file FStar.Preorder.fst.checked.lax; will recheck FStar.Preorder.fst and all subsequent files
FStar.FunctionalExtensionality.fst(0,0-0,0): (Warning 241) Absent cache file FStar.FunctionalExtensionality.fst.checked.lax; will recheck FStar.FunctionalExtensionality.fst and all subsequent files
FStar.PropositionalExtensionality.fst(0,0-0,0): (Warning 241) Absent cache file FStar.PropositionalExtensionality.fst.checked.lax; will recheck FStar.PropositionalExtensionality.fst and all subsequent files
FStar.Exn.fst(0,0-0,0): (Warning 241) Absent cache file FStar.Exn.fst.checked.lax; will recheck FStar.Exn.fst and all subsequent files
FStar.MarkovsPrinciple.fst(0,0-0,0): (Warning 241) Absent cache file FStar.MarkovsPrinciple.fst.checked.lax; will recheck FStar.MarkovsPrinciple.fst and all subsequent files
FStar.DependentMap.fst(0,0-0,0): (Warning 241) Absent cache file FStar.DependentMap.fst.checked.lax; will recheck FStar.DependentMap.fst and all subsequent files
FStar.Float.fsti(0,0-0,0): (Warning 241) Absent cache file FStar.Float.fsti.checked.lax; will recheck FStar.Float.fsti and all subsequent files
FStar.IndefiniteDescription.fst(0,0-0,0): (Warning 241) Absent cache file FStar.IndefiniteDescription.fst.checked.lax; will recheck FStar.IndefiniteDescription.fst and all subsequent files
FStar.SquashEffect.fst(0,0-0,0): (Warning 241) Absent cache file FStar.SquashEffect.fst.checked.lax; will recheck FStar.SquashEffect.fst and all subsequent files
FStar.WellFounded.fst(0,0-0,0): (Warning 241) Absent cache file FStar.WellFounded.fst.checked.lax; will recheck FStar.WellFounded.fst and all subsequent files
FStar.Squash.fst(0,0-0,0): (Warning 241) Absent cache file FStar.Squash.fst.checked.lax; will recheck FStar.Squash.fst and all subsequent files
FStar.Constructive.fst(0,0-0,0): (Warning 241) Absent cache file FStar.Constructive.fst.checked.lax; will recheck FStar.Constructive.fst and all subsequent files
FStar.ErasedLogic.fst(0,0-0,0): (Warning 241) Absent cache file FStar.ErasedLogic.fst.checked.lax; will recheck FStar.ErasedLogic.fst and all subsequent files
FStar.Classical.fst(0,0-0,0): (Warning 241) Absent cache file FStar.Classical.fst.checked.lax; will recheck FStar.Classical.fst and all subsequent files
FStar.Int.fst(0,0-0,0): (Warning 241) Absent cache file FStar.Int.fst.checked.lax; will recheck FStar.Int.fst and all subsequent files
FStar.List.Tot.Base.fst(0,0-0,0): (Warning 241) Absent cache file FStar.List.Tot.Base.fst.checked.lax; will recheck FStar.List.Tot.Base.fst and all subsequent files
FStar.Math.Lib.fst(0,0-0,0): (Warning 241) Absent cache file FStar.Math.Lib.fst.checked.lax; will recheck FStar.Math.Lib.fst and all subsequent files
FStar.PredicateExtensionality.fst(0,0-0,0): (Warning 241) Absent cache file FStar.PredicateExtensionality.fst.checked.lax; will recheck FStar.PredicateExtensionality.fst and all subsequent files
FStar.Set.fst(0,0-0,0): (Warning 241) Absent cache file FStar.Set.fst.checked.lax; will recheck FStar.Set.fst and all subsequent files
FStar.Monotonic.Witnessed.fsti(0,0-0,0): (Warning 241) Absent cache file FStar.Monotonic.Witnessed.fsti.checked.lax; will recheck FStar.Monotonic.Witnessed.fsti and all subsequent files
FStar.Algebra.CommMonoid.fst(0,0-0,0): (Warning 241) Absent cache file FStar.Algebra.CommMonoid.fst.checked.lax; will recheck FStar.Algebra.CommMonoid.fst and all subsequent files
FStar.Algebra.Monoid.fst(0,0-0,0): (Warning 241) Absent cache file FStar.Algebra.Monoid.fst.checked.lax; will recheck FStar.Algebra.Monoid.fst and all subsequent files
FStar.Universe.fst(0,0-0,0): (Warning 241) Absent cache file FStar.Universe.fst.checked.lax; will recheck FStar.Universe.fst and all subsequent files
FStar.SquashProperties.fst(0,0-0,0): (Warning 241) Absent cache file FStar.SquashProperties.fst.checked.lax; will recheck FStar.SquashProperties.fst and all subsequent files
FStar.List.Pure.Base.fst(0,0-0,0): (Warning 241) Absent cache file FStar.List.Pure.Base.fst.checked.lax; will recheck FStar.List.Pure.Base.fst and all subsequent files
FStar.TSet.fst(0,0-0,0): (Warning 241) Absent cache file FStar.TSet.fst.checked.lax; will recheck FStar.TSet.fst and all subsequent files
FStar.Map.fst(0,0-0,0): (Warning 241) Absent cache file FStar.Map.fst.checked.lax; will recheck FStar.Map.fst and all subsequent files
FStar.Monotonic.Witnessed.fst(0,0-0,0): (Warning 241) Absent cache file FStar.Monotonic.Witnessed.fst.checked.lax; will recheck FStar.Monotonic.Witnessed.fst and all subsequent files
FStar.Math.Lemmas.fst(0,0-0,0): (Warning 241) Absent cache file FStar.Math.Lemmas.fst.checked.lax; will recheck FStar.Math.Lemmas.fst and all subsequent files
FStar.List.Tot.Properties.fst(0,0-0,0): (Warning 241) Absent cache file FStar.List.Tot.Properties.fst.checked.lax; will recheck FStar.List.Tot.Properties.fst and all subsequent files
FStar.Monotonic.Heap.fsti(0,0-0,0): (Warning 241) Absent cache file FStar.Monotonic.Heap.fsti.checked.lax; will recheck FStar.Monotonic.Heap.fsti and all subsequent files
FStar.List.Tot.fst(0,0-0,0): (Warning 241) Absent cache file FStar.List.Tot.fst.checked.lax; will recheck FStar.List.Tot.fst and all subsequent files
FStar.List.Pure.Properties.fst(0,0-0,0): (Warning 241) Absent cache file FStar.List.Pure.Properties.fst.checked.lax; will recheck FStar.List.Pure.Properties.fst and all subsequent files
FStar.Heap.fst(0,0-0,0): (Warning 241) Absent cache file FStar.Heap.fst.checked.lax; will recheck FStar.Heap.fst and all subsequent files
FStar.List.Pure.fst(0,0-0,0): (Warning 241) Absent cache file FStar.List.Pure.fst.checked.lax; will recheck FStar.List.Pure.fst and all subsequent files
FStar.TwoLevelHeap.fst(0,0-0,0): (Warning 241) Absent cache file FStar.TwoLevelHeap.fst.checked.lax; will recheck FStar.TwoLevelHeap.fst and all subsequent files
FStar.Monotonic.HyperHeap.fst(0,0-0,0): (Warning 241) Absent cache file FStar.Monotonic.HyperHeap.fst.checked.lax; will recheck FStar.Monotonic.HyperHeap.fst and all subsequent files
FStar.ST.fst(0,0-0,0): (Warning 241) Absent cache file FStar.ST.fst.checked.lax; will recheck FStar.ST.fst and all subsequent files
FStar.Relational.Relational.fst(0,0-0,0): (Warning 241) Absent cache file FStar.Relational.Relational.fst.checked.lax; will recheck FStar.Relational.Relational.fst and all subsequent files
FStar.Seq.Base.fst(0,0-0,0): (Warning 241) Absent cache file FStar.Seq.Base.fst.checked.lax; will recheck FStar.Seq.Base.fst and all subsequent files
FStar.OrdSet.fst(0,0-0,0): (Warning 241) Absent cache file FStar.OrdSet.fst.checked.lax; will recheck FStar.OrdSet.fst and all subsequent files
FStar.Axiomatic.Array.fst(0,0-0,0): (Warning 241) Absent cache file FStar.Axiomatic.Array.fst.checked.lax; will recheck FStar.Axiomatic.Array.fst and all subsequent files
FStar.Reader.fst(0,0-0,0): (Warning 241) Absent cache file FStar.Reader.fst.checked.lax; will recheck FStar.Reader.fst and all subsequent files
FStar.All.fst(0,0-0,0): (Warning 241) Absent cache file FStar.All.fst.checked.lax; will recheck FStar.All.fst and all subsequent files
FStar.Ref.fst(0,0-0,0): (Warning 241) Absent cache file FStar.Ref.fst.checked.lax; will recheck FStar.Ref.fst and all subsequent files
FStar.MRef.fst(0,0-0,0): (Warning 241) Absent cache file FStar.MRef.fst.checked.lax; will recheck FStar.MRef.fst and all subsequent files
FStar.Monotonic.HyperStack.fst(0,0-0,0): (Warning 241) Absent cache file FStar.Monotonic.HyperStack.fst.checked.lax; will recheck FStar.Monotonic.HyperStack.fst and all subsequent files
FStar.OrdSetProps.fst(0,0-0,0): (Warning 241) Absent cache file FStar.OrdSetProps.fst.checked.lax; will recheck FStar.OrdSetProps.fst and all subsequent files
FStar.Relational.Comp.fst(0,0-0,0): (Warning 241) Absent cache file FStar.Relational.Comp.fst.checked.lax; will recheck FStar.Relational.Comp.fst and all subsequent files
FStar.OrdMap.fst(0,0-0,0): (Warning 241) Absent cache file FStar.OrdMap.fst.checked.lax; will recheck FStar.OrdMap.fst and all subsequent files
FStar.List.fst(0,0-0,0): (Warning 241) Absent cache file FStar.List.fst.checked.lax; will recheck FStar.List.fst and all subsequent files
FStar.IO.fst(0,0-0,0): (Warning 241) Absent cache file FStar.IO.fst.checked.lax; will recheck FStar.IO.fst and all subsequent files
FStar.HyperStack.fst(0,0-0,0): (Warning 241) Absent cache file FStar.HyperStack.fst.checked.lax; will recheck FStar.HyperStack.fst and all subsequent files
FStar.Relational.State.fst(0,0-0,0): (Warning 241) Absent cache file FStar.Relational.State.fst.checked.lax; will recheck FStar.Relational.State.fst and all subsequent files
FStar.OrdMapProps.fst(0,0-0,0): (Warning 241) Absent cache file FStar.OrdMapProps.fst.checked.lax; will recheck FStar.OrdMapProps.fst and all subsequent files
FStar.Error.fst(0,0-0,0): (Warning 241) Absent cache file FStar.Error.fst.checked.lax; will recheck FStar.Error.fst and all subsequent files
FStar.Seq.Properties.fst(0,0-0,0): (Warning 241) Absent cache file FStar.Seq.Properties.fst.checked.lax; will recheck FStar.Seq.Properties.fst and all subsequent files
FStar.Seq.fst(0,0-0,0): (Warning 241) Absent cache file FStar.Seq.fst.checked.lax; will recheck FStar.Seq.fst and all subsequent files
FStar.HyperStack.ST.fst(0,0-0,0): (Warning 241) Absent cache file FStar.HyperStack.ST.fst.checked.lax; will recheck FStar.HyperStack.ST.fst and all subsequent files
FStar.Monotonic.Map.fst(0,0-0,0): (Warning 241) Absent cache file FStar.Monotonic.Map.fst.checked.lax; will recheck FStar.Monotonic.Map.fst and all subsequent files
FStar.Seq.Sorted.fst(0,0-0,0): (Warning 241) Absent cache file FStar.Seq.Sorted.fst.checked.lax; will recheck FStar.Seq.Sorted.fst and all subsequent files
FStar.BitVector.fst(0,0-0,0): (Warning 241) Absent cache file FStar.BitVector.fst.checked.lax; will recheck FStar.BitVector.fst and all subsequent files
FStar.Fin.fst(0,0-0,0): (Warning 241) Absent cache file FStar.Fin.fst.checked.lax; will recheck FStar.Fin.fst and all subsequent files
FStar.Array.fst(0,0-0,0): (Warning 241) Absent cache file FStar.Array.fst.checked.lax; will recheck FStar.Array.fst and all subsequent files
FStar.Monotonic.Seq.fst(0,0-0,0): (Warning 241) Absent cache file FStar.Monotonic.Seq.fst.checked.lax; will recheck FStar.Monotonic.Seq.fst and all subsequent files
FStar.Monotonic.DependentMap.fst(0,0-0,0): (Warning 241) Absent cache file FStar.Monotonic.DependentMap.fst.checked.lax; will recheck FStar.Monotonic.DependentMap.fst and all subsequent files
FStar.UInt.fst(0,0-0,0): (Warning 241) Absent cache file FStar.UInt.fst.checked.lax; will recheck FStar.UInt.fst and all subsequent files
FStar.UInt32.fst(0,0-0,0): (Warning 241) Absent cache file FStar.UInt32.fst.checked.lax; will recheck FStar.UInt32.fst and all subsequent files
FStar.BV.fst(0,0-0,0): (Warning 241) Absent cache file FStar.BV.fst.checked.lax; will recheck FStar.BV.fst and all subsequent files
FStar.Int31.fst(0,0-0,0): (Warning 241) Absent cache file FStar.Int31.fst.checked.lax; will recheck FStar.Int31.fst and all subsequent files
FStar.Char.fsti(0,0-0,0): (Warning 241) Absent cache file FStar.Char.fsti.checked.lax; will recheck FStar.Char.fsti and all subsequent files
FStar.Int32.fst(0,0-0,0): (Warning 241) Absent cache file FStar.Int32.fst.checked.lax; will recheck FStar.Int32.fst and all subsequent files
FStar.Int16.fst(0,0-0,0): (Warning 241) Absent cache file FStar.Int16.fst.checked.lax; will recheck FStar.Int16.fst and all subsequent files
FStar.Int64.fst(0,0-0,0): (Warning 241) Absent cache file FStar.Int64.fst.checked.lax; will recheck FStar.Int64.fst and all subsequent files
FStar.Int8.fst(0,0-0,0): (Warning 241) Absent cache file FStar.Int8.fst.checked.lax; will recheck FStar.Int8.fst and all subsequent files
FStar.UInt16.fst(0,0-0,0): (Warning 241) Absent cache file FStar.UInt16.fst.checked.lax; will recheck FStar.UInt16.fst and all subsequent files
FStar.UInt8.fst(0,0-0,0): (Warning 241) Absent cache file FStar.UInt8.fst.checked.lax; will recheck FStar.UInt8.fst and all subsequent files
FStar.Int63.fst(0,0-0,0): (Warning 241) Absent cache file FStar.Int63.fst.checked.lax; will recheck FStar.Int63.fst and all subsequent files
FStar.UInt31.fst(0,0-0,0): (Warning 241) Absent cache file FStar.UInt31.fst.checked.lax; will recheck FStar.UInt31.fst and all subsequent files
FStar.UInt64.fst(0,0-0,0): (Warning 241) Absent cache file FStar.UInt64.fst.checked.lax; will recheck FStar.UInt64.fst and all subsequent files
FStar.UInt63.fst(0,0-0,0): (Warning 241) Absent cache file FStar.UInt63.fst.checked.lax; will recheck FStar.UInt63.fst and all subsequent files
FStar.Int128.fst(0,0-0,0): (Warning 241) Absent cache file FStar.Int128.fst.checked.lax; will recheck FStar.Int128.fst and all subsequent files
FStar.String.fsti(0,0-0,0): (Warning 241) Absent cache file FStar.String.fsti.checked.lax; will recheck FStar.String.fsti and all subsequent files
FStar.UInt128.fsti(0,0-0,0): (Warning 241) Absent cache file FStar.UInt128.fsti.checked.lax; will recheck FStar.UInt128.fsti and all subsequent files
FStar.Int.Cast.fst(0,0-0,0): (Warning 241) Absent cache file FStar.Int.Cast.fst.checked.lax; will recheck FStar.Int.Cast.fst and all subsequent files
FStar.Int.Cast.Full.fst(0,0-0,0): (Warning 241) Absent cache file FStar.Int.Cast.Full.fst.checked.lax; will recheck FStar.Int.Cast.Full.fst and all subsequent files
FStar.Buffer.fst(0,0-0,0): (Warning 241) Absent cache file FStar.Buffer.fst.checked.lax; will recheck FStar.Buffer.fst and all subsequent files
FStar.Pointer.Base.fsti(0,0-0,0): (Warning 241) Absent cache file FStar.Pointer.Base.fsti.checked.lax; will recheck FStar.Pointer.Base.fsti and all subsequent files
FStar.UInt128.fst(0,0-0,0): (Warning 241) Absent cache file FStar.UInt128.fst.checked.lax; will recheck FStar.UInt128.fst and all subsequent files
FStar.Integers.fst(0,0-0,0): (Warning 241) Absent cache file FStar.Integers.fst.checked.lax; will recheck FStar.Integers.fst and all subsequent files
FStar.Buffer.Quantifiers.fst(0,0-0,0): (Warning 241) Absent cache file FStar.Buffer.Quantifiers.fst.checked.lax; will recheck FStar.Buffer.Quantifiers.fst and all subsequent files
FStar.Pointer.Derived1.fsti(0,0-0,0): (Warning 241) Absent cache file FStar.Pointer.Derived1.fsti.checked.lax; will recheck FStar.Pointer.Derived1.fsti and all subsequent files
FStar.Modifies.fst(0,0-0,0): (Warning 241) Absent cache file FStar.Modifies.fst.checked.lax; will recheck FStar.Modifies.fst and all subsequent files
FStar.Pointer.Derived2.fsti(0,0-0,0): (Warning 241) Absent cache file FStar.Pointer.Derived2.fsti.checked.lax; will recheck FStar.Pointer.Derived2.fsti and all subsequent files
FStar.Pointer.Derived3.fsti(0,0-0,0): (Warning 241) Absent cache file FStar.Pointer.Derived3.fsti.checked.lax; will recheck FStar.Pointer.Derived3.fsti and all subsequent files
FStar.Pointer.fst(0,0-0,0): (Warning 241) Absent cache file FStar.Pointer.fst.checked.lax; will recheck FStar.Pointer.fst and all subsequent files
FStar.Pointer.Base.fst(0,0-0,0): (Warning 241) Absent cache file FStar.Pointer.Base.fst.checked.lax; will recheck FStar.Pointer.Base.fst and all subsequent files
9.09user 33.51system 5:00.29elapsed 14%CPU (0avgtext+0avgdata 926832128maxresident)k
0inputs+0outputs (3807517major+0minor)pagefaults 0swaps
prims.fst(0,0-0,0): (Warning 241) Absent cache file prims.fst.checked; will recheck prims.fst and all subsequent files
FStar.Pervasives.Native.fst(0,0-0,0): (Warning 241) Absent cache file FStar.Pervasives.Native.fst.checked; will recheck FStar.Pervasives.Native.fst and all subsequent files
Ex01a.fst(70,0-70,48): (Warning 272) Top-level let-bindings must be total; this term may have effects
Ex01a.fst(70,0-70,48): (Warning 272) Top-level let-bindings must be total; this term may have effects
FStar.Pervasives.fst(0,0-0,0): (Warning 241) Absent cache file FStar.Pervasives.fst.checked; will recheck FStar.Pervasives.fst and all subsequent files
FStar.Mul.fst(0,0-0,0): (Warning 241) Absent cache file FStar.Mul.fst.checked; will recheck FStar.Mul.fst and all subsequent files
C:/build/agent1/_work/1/s/ulib/FStar.Pervasives.fst(0,0-0,0): (Warning 241) Absent cache file _cache\FStar.Pervasives.fst.checked; will recheck C:/build/agent1/_work/1/s/ulib/FStar.Pervasives.fst and all subsequent files
FStar.PropositionalExtensionality.fst(0,0-0,0): (Warning 241) Absent cache file FStar.PropositionalExtensionality.fst.checked; will recheck FStar.PropositionalExtensionality.fst and all subsequent files
C:/build/agent1/_work/1/s/ulib/FStar.FunctionalExtensionality.fst(0,0-0,0): (Warning 241) Absent cache file _cache\FStar.FunctionalExtensionality.fst.checked; will recheck C:/build/agent1/_work/1/s/ulib/FStar.FunctionalExtensionality.fst and all subsequent files
Ex01a.fst(60,0-60,48): (Warning 272) Top-level let-bindings must be total; this term may have effects
Ex01a.fst(60,0-60,48): (Warning 272) Top-level let-bindings must be total; this term may have effects
FStar.Classical.fsti(0,0-0,0): (Warning 241) Absent cache file FStar.Classical.fsti.checked; will recheck FStar.Classical.fsti and all subsequent files
FStar.Exn.fst(0,0-0,0): (Warning 241) Absent cache file FStar.Exn.fst.checked; will recheck FStar.Exn.fst and all subsequent files
make[1]: *** [Makefile:59: integration.push-pop.out.check] Error 1
Effects.Def.fst(165,2-165,22): (Warning 252) (Hint-replay failed): assertion failed (see also Effects.Def.fst(44,11-44,91))
FStar.FunctionalExtensionality.fst(0,0-0,0): (Warning 241) Absent cache file FStar.FunctionalExtensionality.fst.checked; will recheck FStar.FunctionalExtensionality.fst and all subsequent files
FStar.Preorder.fst(0,0-0,0): (Warning 241) Absent cache file FStar.Preorder.fst.checked; will recheck FStar.Preorder.fst and all subsequent files
FStar.Squash.fsti(0,0-0,0): (Warning 241) Absent cache file FStar.Squash.fsti.checked; will recheck FStar.Squash.fsti and all subsequent files
FStar.StrongExcludedMiddle.fst(0,0-0,0): (Warning 241) Absent cache file FStar.StrongExcludedMiddle.fst.checked; will recheck FStar.StrongExcludedMiddle.fst and all subsequent files
FStar.PredicateExtensionality.fst(0,0-0,0): (Warning 241) Absent cache file FStar.PredicateExtensionality.fst.checked; will recheck FStar.PredicateExtensionality.fst and all subsequent files
StlcCbvDbPntSubstNoLists.fst(0,0-0,0): (Warning 241) Absent cache file _cache\StlcCbvDbPntSubstNoLists.fst.checked; will recheck StlcCbvDbPntSubstNoLists.fst and all subsequent files
C:/build/agent1/_work/1/s/ulib/FStar.StrongExcludedMiddle.fst(0,0-0,0): (Warning 241) Stale cache file _cache\FStar.StrongExcludedMiddle.fst.checked; will recheck C:/build/agent1/_work/1/s/ulib/FStar.StrongExcludedMiddle.fst and all subsequent files
C:/build/agent1/_work/1/s/ulib/FStar.Classical.fsti(0,0-0,0): (Warning 241) Stale cache file _cache\FStar.Classical.fsti.checked; will recheck C:/build/agent1/_work/1/s/ulib/FStar.Classical.fsti and all subsequent files
FStar.Math.Lib.fst(0,0-0,0): (Warning 241) Absent cache file FStar.Math.Lib.fst.checked; will recheck FStar.Math.Lib.fst and all subsequent files
C:/build/agent1/_work/1/s/ulib/FStar.Constructive.fst(0,0-0,0): (Warning 241) Absent cache file _cache\FStar.Constructive.fst.checked; will recheck C:/build/agent1/_work/1/s/ulib/FStar.Constructive.fst and all subsequent files
FStar.List.Tot.Base.fst(0,0-0,0): (Warning 241) Absent cache file FStar.List.Tot.Base.fst.checked; will recheck FStar.List.Tot.Base.fst and all subsequent files
FStar.List.Tot.Base.fst(265,10-265,12): (Warning 252) (Hint-replay failed): Subtyping check failed; expected type m:
Prims.list a
{ forall (u22232: FStar.Pervasives.Native.option (x: Prims.unit{Prims.hasEq a})).
FStar.List.Tot.Base.mem_filter_spec f m u22232 }; got type Prims.list a (see also FStar.List.Tot.Base.fst(263,86-263,107))
FStar.List.Tot.Base.fst(275,2-275,54): (Warning 252) (Hint-replay failed): could not prove post-condition (see also FStar.List.Tot.Base.fst(273,11-273,16))
FStar.List.Tot.Base.fst(265,10-265,12): (Warning 252) (Hint-replay failed): Subtyping check failed; expected type m:
Prims.list a
{ forall (u57582: FStar.Pervasives.Native.option (x: Prims.unit{Prims.hasEq a})).
FStar.List.Tot.Base.mem_filter_spec f m u57582 }; got type Prims.list a (see also FStar.List.Tot.Base.fst(263,86-263,107))
FStar.Ghost.fsti(0,0-0,0): (Warning 241) Absent cache file FStar.Ghost.fsti.checked; will recheck FStar.Ghost.fsti and all subsequent files
make[1]: Target 'default' not remade because of errors.
make: *** [Makefile:187: interactive-test] Error 2
FStar.Int.fst(0,0-0,0): (Warning 241) Absent cache file FStar.Int.fst.checked; will recheck FStar.Int.fst and all subsequent files
MonotonicArray.fst(40,61-40,72): (Warning 252) (Hint-replay failed): Subtyping check failed; expected type FStar.Preorder.preorder (MonotonicArray.repr a n); got type FStar.Preorder.relation (MonotonicArray.repr a n) (see also C:\build\agent1\_work\1\s\ulib\FStar.Preorder.fst(12,40-12,56))
MonotonicArray.fst(40,61-40,72): (Warning 252) (Hint-replay failed): Subtyping check failed; expected type FStar.Preorder.preorder (MonotonicArray.repr a n); got type FStar.Preorder.relation (MonotonicArray.repr a n) (see also C:\build\agent1\_work\1\s\ulib\FStar.Preorder.fst(12,40-12,56))
FStar.Constructive.fst(0,0-0,0): (Warning 241) Absent cache file FStar.Constructive.fst.checked; will recheck FStar.Constructive.fst and all subsequent files
FStar.DependentMap.fst(0,0-0,0): (Warning 241) Absent cache file FStar.DependentMap.fst.checked; will recheck FStar.DependentMap.fst and all subsequent files
FStar.ErasedLogic.fst(0,0-0,0): (Warning 241) Absent cache file FStar.ErasedLogic.fst.checked; will recheck FStar.ErasedLogic.fst and all subsequent files
FStar.Float.fsti(0,0-0,0): (Warning 241) Absent cache file FStar.Float.fsti.checked; will recheck FStar.Float.fsti and all subsequent files
C:/build/agent1/_work/1/s/ulib/FStar.List.Tot.Base.fst(0,0-0,0): (Warning 241) Absent cache file _cache\FStar.List.Tot.Base.fst.checked; will recheck C:/build/agent1/_work/1/s/ulib/FStar.List.Tot.Base.fst and all subsequent files
C:/build/agent1/_work/1/s/ulib/FStar.List.Tot.Base.fst(265,10-265,12): (Warning 252) (Hint-replay failed): Subtyping check failed; expected type m:
Prims.list a
{ forall (u22232: FStar.Pervasives.Native.option (x: Prims.unit{Prims.hasEq a})).
FStar.List.Tot.Base.mem_filter_spec f m u22232 }; got type Prims.list a (see also C:/build/agent1/_work/1/s/ulib/FStar.List.Tot.Base.fst(263,86-263,107))
C:/build/agent1/_work/1/s/ulib/FStar.List.Tot.Base.fst(275,2-275,54): (Warning 252) (Hint-replay failed): could not prove post-condition (see also C:/build/agent1/_work/1/s/ulib/FStar.List.Tot.Base.fst(273,11-273,16))
C:/build/agent1/_work/1/s/ulib/FStar.List.Tot.Base.fst(265,10-265,12): (Warning 252) (Hint-replay failed): Subtyping check failed; expected type m:
Prims.list a
{ forall (u57582: FStar.Pervasives.Native.option (x: Prims.unit{Prims.hasEq a})).
FStar.List.Tot.Base.mem_filter_spec f m u57582 }; got type Prims.list a (see also C:/build/agent1/_work/1/s/ulib/FStar.List.Tot.Base.fst(263,86-263,107))
FStar.IndefiniteDescription.fst(0,0-0,0): (Warning 241) Absent cache file FStar.IndefiniteDescription.fst.checked; will recheck FStar.IndefiniteDescription.fst and all subsequent files
Ex04g.fst(5,4-5,6): (Warning 240) Admitting Ex04g.tl without a definition
Ex04g.fst(4,4-4,6): (Warning 240) Admitting Ex04g.hd without a definition
ParSubst.fst(0,0-0,0): (Warning 241) Absent cache file _cache\ParSubst.fst.checked; will recheck ParSubst.fst and all subsequent files
Encrypt_SymEnc.fst(30,0-30,27): (Warning 272) Top-level let-bindings must be total; this term may have effects
Encrypt_SymEnc.fst(30,0-30,27): (Warning 272) Top-level let-bindings must be total; this term may have effects
FStar.List.Pure.Base.fst(0,0-0,0): (Warning 241) Absent cache file FStar.List.Pure.Base.fst.checked; will recheck FStar.List.Pure.Base.fst and all subsequent files
FStar.MarkovsPrinciple.fst(0,0-0,0): (Warning 241) Absent cache file FStar.MarkovsPrinciple.fst.checked; will recheck FStar.MarkovsPrinciple.fst and all subsequent files
NatHeap.fst(68,12-69,30): (Warning 252) (Hint-replay failed): Subtyping check failed; expected type NatHeap.heap; got type Prims.nat * (_: Prims.nat -> Prims.Tot (FStar.Pervasives.Native.option (a: Type0 & a))) (see also NatHeap.fst(12,42-12,72))
FStar.Order.fst(0,0-0,0): (Warning 241) Absent cache file FStar.Order.fst.checked; will recheck FStar.Order.fst and all subsequent files
FStar.Reflection.Const.fst(0,0-0,0): (Warning 241) Absent cache file FStar.Reflection.Const.fst.checked; will recheck FStar.Reflection.Const.fst and all subsequent files
FStar.Reflection.Types.fsti(0,0-0,0): (Warning 241) Absent cache file FStar.Reflection.Types.fsti.checked; will recheck FStar.Reflection.Types.fsti and all subsequent files
FStar.Range.fsti(0,0-0,0): (Warning 241) Absent cache file FStar.Range.fsti.checked; will recheck FStar.Range.fsti and all subsequent files
Ex05a.fst(28,4-28,13): (Warning 240) Admitting Ex05a.rev_is_ok without a definition
FStar.SquashEffect.fst(0,0-0,0): (Warning 241) Absent cache file FStar.SquashEffect.fst.checked; will recheck FStar.SquashEffect.fst and all subsequent files
FStar.SquashProperties.fst(0,0-0,0): (Warning 241) Absent cache file FStar.SquashProperties.fst.checked; will recheck FStar.SquashProperties.fst and all subsequent files
FStar.WellFounded.fst(0,0-0,0): (Warning 241) Absent cache file FStar.WellFounded.fst.checked; will recheck FStar.WellFounded.fst and all subsequent files
MRefHeap.fst(60,11-61,26): (Warning 252) (Hint-replay failed): Subtyping check failed; expected type MRefHeap.heap; got type Prims.nat * (_: Prims.nat -> Prims.Tot (FStar.Pervasives.Native.option MRefHeap.heap_cell)) (see also MRefHeap.fst(13,42-13,72))
FStar.Algebra.CommMonoid.fst(0,0-0,0): (Warning 241) Absent cache file FStar.Algebra.CommMonoid.fst.checked; will recheck FStar.Algebra.CommMonoid.fst and all subsequent files
Ex06a.fst(5,4-5,13): (Warning 240) Admitting Ex06a.partition without a definition
Encrypt_SymEnc.fst(30,0-30,27): (Warning 272) Top-level let-bindings must be total; this term may have effects
StlcStrongDbParSubst.fst(0,0-0,0): (Warning 241) Absent cache file _cache\StlcStrongDbParSubst.fst.checked; will recheck StlcStrongDbParSubst.fst and all subsequent files
StlcStrongDbParSubst.fst(203,27-203,29): (Warning 252) (Hint-replay failed): Subtyping check failed; expected type StlcStrongDbParSubst.typing g
(StlcStrongDbParSubst.sub_beta v y)
(Some?.v (StlcStrongDbParSubst.extend t_x g y)); got type StlcStrongDbParSubst.typing g v t_x (see also StlcStrongDbParSubst.fst(170,46-201,33))
StlcStrongDbParSubst.fst(203,27-203,29): (Warning 252) (Hint-replay failed): Subtyping check failed; expected type StlcStrongDbParSubst.typing g
(StlcStrongDbParSubst.sub_beta v y)
(Some?.v (StlcStrongDbParSubst.extend t_x g y)); got type StlcStrongDbParSubst.typing g v t_x (see also StlcStrongDbParSubst.fst(170,46-201,33))
C:/build/agent1/_work/1/s/ulib/FStar.Math.Lemmas.fst(0,0-0,0): (Warning 241) Absent cache file _cache\FStar.Math.Lemmas.fst.checked; will recheck C:/build/agent1/_work/1/s/ulib/FStar.Math.Lemmas.fst and all subsequent files
FStar.Algebra.Monoid.fst(0,0-0,0): (Warning 241) Absent cache file FStar.Algebra.Monoid.fst.checked; will recheck FStar.Algebra.Monoid.fst and all subsequent files
C:/build/agent1/_work/1/s/ulib/FStar.Set.fst(0,0-0,0): (Warning 241) Absent cache file _cache\FStar.Set.fst.checked; will recheck C:/build/agent1/_work/1/s/ulib/FStar.Set.fst and all subsequent files
C:/build/agent1/_work/1/s/ulib/FStar.Monotonic.Witnessed.fsti(0,0-0,0): (Warning 241) Absent cache file _cache\FStar.Monotonic.Witnessed.fsti.checked; will recheck C:/build/agent1/_work/1/s/ulib/FStar.Monotonic.Witnessed.fsti and all subsequent files
Ex06e.fst(18,4-18,8): (Warning 240) Admitting Ex06e.sort without a definition
FStar.Set.fst(0,0-0,0): (Warning 241) Absent cache file FStar.Set.fst.checked; will recheck FStar.Set.fst and all subsequent files
FStar.Monotonic.Witnessed.fsti(0,0-0,0): (Warning 241) Absent cache file FStar.Monotonic.Witnessed.fsti.checked; will recheck FStar.Monotonic.Witnessed.fsti and all subsequent files
FStar.TSet.fst(0,0-0,0): (Warning 241) Absent cache file FStar.TSet.fst.checked; will recheck FStar.TSet.fst and all subsequent files
Ex07a.fst(228,4-228,14): (Warning 240) Admitting Ex07a.typed_step without a definition
bug185.fst(25,4-40,15): (Warning 252) (Hint-replay failed): assertion failed (see also bug185.fst(33,22-33,48))
MAC.fst(45,0-45,53): (Warning 272) Top-level let-bindings must be total; this term may have effects
MAC.fst(45,0-45,53): (Warning 272) Top-level let-bindings must be total; this term may have effects
Huffman.fst(182,53-182,54): (Warning 252) (Hint-replay failed): Subtyping check failed; expected type s:
Huffman.symbol
{%[ bs; if Leaf? t' && Cons? bs then 1 else 0 ] << %[ bs; if Leaf? t && Cons? bs then 1 else 0 ]}; got type Huffman.symbol (see also Huffman.fst(173,48-180,2))
Slice.fst(90,4-93,2): (Warning 252) (Hint-replay failed): assertion failed (see also C:\build\agent1\_work\1\s\ulib\FStar.Buffer.fst(433,28-433,54))
Slice.fst(99,4-103,2): (Warning 252) (Hint-replay failed): assertion failed (see also C:\build\agent1\_work\1\s\ulib\FStar.Buffer.fst(433,28-433,54))
Warning 10: : -drop is deprecated
use a combination of -bundle and -d reachability to make sure the functions are eliminated as you wish
Warning 7: : After inlining, Prims.list__StringPrinterTest_Aux_cipher_suite (going into StringPrinterTest) calls StringPrinterTest.Aux.cipher_suite (going into StringPrinterTest_Aux) -- removing the static qualifier from StringPrinterTest.Aux.cipher_suite
Map.fst(0,0-0,0): (Warning 241) Absent cache file _cache\Map.fst.checked; will recheck Map.fst and all subsequent files
VQuote.fst(0,0-0,0): (Warning 241) Absent cache file _cache\VQuote.fst.checked; will recheck VQuote.fst and all subsequent files
C:/build/agent1/_work/1/s/ulib/FStar.Tactics.Types.fsti(0,0-0,0): (Warning 241) Absent cache file _cache\FStar.Tactics.Types.fsti.checked; will recheck C:/build/agent1/_work/1/s/ulib/FStar.Tactics.Types.fsti and all subsequent files
Ex07d.fst(225,4-225,8): (Warning 240) Admitting Ex07d.eval without a definition
C:/build/agent1/_work/1/s/ulib/FStar.Reflection.Data.fst(0,0-0,0): (Warning 241) Absent cache file _cache\FStar.Reflection.Data.fst.checked; will recheck C:/build/agent1/_work/1/s/ulib/FStar.Reflection.Data.fst and all subsequent files
C:/build/agent1/_work/1/s/ulib/FStar.List.Tot.Properties.fst(0,0-0,0): (Warning 241) Absent cache file _cache\FStar.List.Tot.Properties.fst.checked; will recheck C:/build/agent1/_work/1/s/ulib/FStar.List.Tot.Properties.fst and all subsequent files
C:/build/agent1/_work/1/s/ulib/FStar.List.Tot.Properties.fst(126,32-128,32): (Warning 252) (Hint-replay failed): assertion failed (see also prims.fst(210,68-210,80))
C:/build/agent1/_work/1/s/ulib/FStar.List.Tot.Properties.fst(126,32-128,32): (Warning 252) (Hint-replay failed): could not prove post-condition (see also C:/build/agent1/_work/1/s/ulib/FStar.List.Tot.Properties.fst(124,32-124,72))
C:/build/agent1/_work/1/s/ulib/FStar.List.Tot.Properties.fst(134,37-136,37): (Warning 252) (Hint-replay failed): assertion failed (see also prims.fst(210,68-210,80))
C:/build/agent1/_work/1/s/ulib/FStar.List.Tot.Properties.fst(134,37-136,37): (Warning 252) (Hint-replay failed): could not prove post-condition (see also C:/build/agent1/_work/1/s/ulib/FStar.List.Tot.Properties.fst(133,43-133,81))
C:/build/agent1/_work/1/s/ulib/FStar.List.Tot.Properties.fst(143,34-145,34): (Warning 252) (Hint-replay failed): assertion failed (see also prims.fst(210,68-210,80))
C:/build/agent1/_work/1/s/ulib/FStar.List.Tot.Properties.fst(143,34-145,34): (Warning 252) (Hint-replay failed): could not prove post-condition (see also C:/build/agent1/_work/1/s/ulib/FStar.List.Tot.Properties.fst(142,32-142,77))
C:/build/agent1/_work/1/s/ulib/FStar.List.Tot.Properties.fst(152,39-154,39): (Warning 252) (Hint-replay failed): assertion failed (see also prims.fst(210,68-210,80))
C:/build/agent1/_work/1/s/ulib/FStar.List.Tot.Properties.fst(152,39-154,39): (Warning 252) (Hint-replay failed): could not prove post-condition (see also C:/build/agent1/_work/1/s/ulib/FStar.List.Tot.Properties.fst(150,43-150,86))
C:/build/agent1/_work/1/s/ulib/FStar.List.Tot.Properties.fst(352,38-360,65): (Warning 252) (Hint-replay failed): assertion failed (see also prims.fst(233,92-233,105))
C:/build/agent1/_work/1/s/ulib/FStar.List.Tot.Properties.fst(352,38-360,65): (Warning 252) (Hint-replay failed): could not prove post-condition (see also C:/build/agent1/_work/1/s/ulib/FStar.List.Tot.Properties.fst(350,28-350,62))
C:/build/agent1/_work/1/s/ulib/FStar.List.Tot.Properties.fst(389,41-391,41): (Warning 252) (Hint-replay failed): assertion failed (see also prims.fst(210,68-210,80))
C:/build/agent1/_work/1/s/ulib/FStar.List.Tot.Properties.fst(389,41-391,41): (Warning 252) (Hint-replay failed): could not prove post-condition (see also C:/build/agent1/_work/1/s/ulib/FStar.List.Tot.Properties.fst(387,33-387,60))
C:/build/agent1/_work/1/s/ulib/FStar.List.Tot.Properties.fst(400,33-410,78): (Warning 252) (Hint-replay failed): assertion failed (see also prims.fst(233,92-233,105))
C:/build/agent1/_work/1/s/ulib/FStar.List.Tot.Properties.fst(400,33-410,78): (Warning 252) (Hint-replay failed): could not prove post-condition (see also C:/build/agent1/_work/1/s/ulib/FStar.List.Tot.Properties.fst(398,18-398,61))
C:/build/agent1/_work/1/s/ulib/FStar.List.Tot.Properties.fst(851,2-855,2): (Warning 252) (Hint-replay failed): could not prove post-condition (see also C:/build/agent1/_work/1/s/ulib/FStar.List.Tot.Properties.fst(853,12-853,18))
C:/build/agent1/_work/1/s/ulib/FStar.List.Tot.Properties.fst(851,2-855,2): (Warning 252) could not prove post-condition (see also C:/build/agent1/_work/1/s/ulib/FStar.List.Tot.Properties.fst(853,12-853,18))
C:/build/agent1/_work/1/s/ulib/FStar.List.Tot.Properties.fst(881,2-884,2): (Warning 252) (Hint-replay failed): could not prove post-condition (see also C:/build/agent1/_work/1/s/ulib/FStar.List.Tot.Properties.fst(883,12-883,18))
MAC.fst(45,0-45,53): (Warning 272) Top-level let-bindings must be total; this term may have effects
Benton2004.RHL.fst(252,2-258,2): (Warning 252) (Hint-replay failed): could not prove post-condition (see also Benton2004.RHL.fst(254,2-257,3))
Benton2004.RHL.fst(440,2-451,2): (Warning 252) (Hint-replay failed): assertion failed (see also Benton2004.RHL.fst(443,4-443,84))
Benton2004.RHL.fst(497,2-500,2): (Warning 252) (Hint-replay failed): assertion failed (see also Benton2004.RHL.fst(500,63-500,152))
C:/build/agent1/_work/1/s/ulib/FStar.List.Tot.Properties.fst(0,0-0,0): (Warning 241) Absent cache file _cache\FStar.List.Tot.Properties.fst.checked; will recheck C:/build/agent1/_work/1/s/ulib/FStar.List.Tot.Properties.fst and all subsequent files
C:/build/agent1/_work/1/s/ulib/FStar.List.Tot.Properties.fst(126,32-128,32): (Warning 252) (Hint-replay failed): assertion failed (see also prims.fst(210,68-210,80))
C:/build/agent1/_work/1/s/ulib/FStar.List.Tot.Properties.fst(126,32-128,32): (Warning 252) (Hint-replay failed): could not prove post-condition (see also C:/build/agent1/_work/1/s/ulib/FStar.List.Tot.Properties.fst(124,32-124,72))
C:/build/agent1/_work/1/s/ulib/FStar.List.Tot.Properties.fst(134,37-136,37): (Warning 252) (Hint-replay failed): assertion failed (see also prims.fst(210,68-210,80))
C:/build/agent1/_work/1/s/ulib/FStar.List.Tot.Properties.fst(134,37-136,37): (Warning 252) (Hint-replay failed): could not prove post-condition (see also C:/build/agent1/_work/1/s/ulib/FStar.List.Tot.Properties.fst(133,43-133,81))
C:/build/agent1/_work/1/s/ulib/FStar.List.Tot.Properties.fst(143,34-145,34): (Warning 252) (Hint-replay failed): assertion failed (see also prims.fst(210,68-210,80))
C:/build/agent1/_work/1/s/ulib/FStar.List.Tot.Properties.fst(143,34-145,34): (Warning 252) (Hint-replay failed): could not prove post-condition (see also C:/build/agent1/_work/1/s/ulib/FStar.List.Tot.Properties.fst(142,32-142,77))
C:/build/agent1/_work/1/s/ulib/FStar.List.Tot.Properties.fst(152,39-154,39): (Warning 252) (Hint-replay failed): assertion failed (see also prims.fst(210,68-210,80))
C:/build/agent1/_work/1/s/ulib/FStar.List.Tot.Properties.fst(152,39-154,39): (Warning 252) (Hint-replay failed): could not prove post-condition (see also C:/build/agent1/_work/1/s/ulib/FStar.List.Tot.Properties.fst(150,43-150,86))
C:/build/agent1/_work/1/s/ulib/FStar.List.Tot.Properties.fst(352,38-360,65): (Warning 252) (Hint-replay failed): assertion failed (see also prims.fst(233,92-233,105))
C:/build/agent1/_work/1/s/ulib/FStar.List.Tot.Properties.fst(352,38-360,65): (Warning 252) (Hint-replay failed): could not prove post-condition (see also C:/build/agent1/_work/1/s/ulib/FStar.List.Tot.Properties.fst(350,28-350,62))
C:/build/agent1/_work/1/s/ulib/FStar.List.Tot.Properties.fst(389,41-391,41): (Warning 252) (Hint-replay failed): assertion failed (see also prims.fst(210,68-210,80))
C:/build/agent1/_work/1/s/ulib/FStar.List.Tot.Properties.fst(389,41-391,41): (Warning 252) (Hint-replay failed): could not prove post-condition (see also C:/build/agent1/_work/1/s/ulib/FStar.List.Tot.Properties.fst(387,33-387,60))
C:/build/agent1/_work/1/s/ulib/FStar.List.Tot.Properties.fst(400,33-410,78): (Warning 252) (Hint-replay failed): assertion failed (see also prims.fst(233,92-233,105))
C:/build/agent1/_work/1/s/ulib/FStar.List.Tot.Properties.fst(400,33-410,78): (Warning 252) (Hint-replay failed): could not prove post-condition (see also C:/build/agent1/_work/1/s/ulib/FStar.List.Tot.Properties.fst(398,18-398,61))
C:/build/agent1/_work/1/s/ulib/FStar.List.Tot.Properties.fst(851,2-855,2): (Warning 252) (Hint-replay failed): could not prove post-condition (see also C:/build/agent1/_work/1/s/ulib/FStar.List.Tot.Properties.fst(853,12-853,18))
C:/build/agent1/_work/1/s/ulib/FStar.List.Tot.Properties.fst(851,2-855,2): (Warning 252) could not prove post-condition (see also C:/build/agent1/_work/1/s/ulib/FStar.List.Tot.Properties.fst(853,12-853,18))
C:/build/agent1/_work/1/s/ulib/FStar.List.Tot.Properties.fst(881,2-884,2): (Warning 252) (Hint-replay failed): could not prove post-condition (see also C:/build/agent1/_work/1/s/ulib/FStar.List.Tot.Properties.fst(883,12-883,18))
Ex10a.fst(24,0-24,22): (Warning 272) Top-level let-bindings must be total; this term may have effects
Ex10a.fst(24,0-24,22): (Warning 272) Top-level let-bindings must be total; this term may have effects
Ex10a.fst(24,0-24,22): (Warning 272) Top-level let-bindings must be total; this term may have effects
Ex10a.fst(24,0-24,22): (Warning 272) Top-level let-bindings must be total; this term may have effects
C:/build/agent1/_work/1/s/ulib/FStar.TSet.fst(0,0-0,0): (Warning 241) Stale cache file _cache\FStar.TSet.fst.checked; will recheck C:/build/agent1/_work/1/s/ulib/FStar.TSet.fst and all subsequent files
C:/build/agent1/_work/1/s/ulib/FStar.Reflection.Basic.fst(0,0-0,0): (Warning 241) Absent cache file _cache\FStar.Reflection.Basic.fst.checked; will recheck C:/build/agent1/_work/1/s/ulib/FStar.Reflection.Basic.fst and all subsequent files
C:/build/agent1/_work/1/s/ulib/FStar.List.Tot.fst(0,0-0,0): (Warning 241) Absent cache file _cache\FStar.List.Tot.fst.checked; will recheck C:/build/agent1/_work/1/s/ulib/FStar.List.Tot.fst and all subsequent files
C:/build/agent1/_work/1/s/ulib/FStar.Monotonic.Heap.fsti(0,0-0,0): (Warning 241) Absent cache file _cache\FStar.Monotonic.Heap.fsti.checked; will recheck C:/build/agent1/_work/1/s/ulib/FStar.Monotonic.Heap.fsti and all subsequent files
C:/build/agent1/_work/1/s/ulib/FStar.Map.fst(0,0-0,0): (Warning 241) Absent cache file _cache\FStar.Map.fst.checked; will recheck C:/build/agent1/_work/1/s/ulib/FStar.Map.fst and all subsequent files
Map.OpaqueToSMT.fst(0,0-0,0): (Warning 241) Absent cache file _cache\Map.OpaqueToSMT.fst.checked; will recheck Map.OpaqueToSMT.fst and all subsequent files
FStar.List.Tot.Properties.fst(0,0-0,0): (Warning 241) Absent cache file FStar.List.Tot.Properties.fst.checked; will recheck FStar.List.Tot.Properties.fst and all subsequent files
FStar.List.Tot.Properties.fst(126,32-128,32): (Warning 252) (Hint-replay failed): assertion failed (see also prims.fst(210,68-210,80))
FStar.List.Tot.Properties.fst(126,32-128,32): (Warning 252) (Hint-replay failed): could not prove post-condition (see also FStar.List.Tot.Properties.fst(124,32-124,72))
FStar.List.Tot.Properties.fst(134,37-136,37): (Warning 252) (Hint-replay failed): assertion failed (see also prims.fst(210,68-210,80))
FStar.List.Tot.Properties.fst(134,37-136,37): (Warning 252) (Hint-replay failed): could not prove post-condition (see also FStar.List.Tot.Properties.fst(133,43-133,81))
FStar.List.Tot.Properties.fst(143,34-145,34): (Warning 252) (Hint-replay failed): assertion failed (see also prims.fst(210,68-210,80))
FStar.List.Tot.Properties.fst(143,34-145,34): (Warning 252) (Hint-replay failed): could not prove post-condition (see also FStar.List.Tot.Properties.fst(142,32-142,77))
FStar.List.Tot.Properties.fst(152,39-154,39): (Warning 252) (Hint-replay failed): assertion failed (see also prims.fst(210,68-210,80))
FStar.List.Tot.Properties.fst(152,39-154,39): (Warning 252) (Hint-replay failed): could not prove post-condition (see also FStar.List.Tot.Properties.fst(150,43-150,86))
FStar.List.Tot.Properties.fst(352,38-360,65): (Warning 252) (Hint-replay failed): assertion failed (see also prims.fst(233,92-233,105))
FStar.List.Tot.Properties.fst(352,38-360,65): (Warning 252) (Hint-replay failed): could not prove post-condition (see also FStar.List.Tot.Properties.fst(350,28-350,62))
FStar.List.Tot.Properties.fst(389,41-391,41): (Warning 252) (Hint-replay failed): assertion failed (see also prims.fst(210,68-210,80))
FStar.List.Tot.Properties.fst(389,41-391,41): (Warning 252) (Hint-replay failed): could not prove post-condition (see also FStar.List.Tot.Properties.fst(387,33-387,60))
FStar.List.Tot.Properties.fst(400,33-410,78): (Warning 252) (Hint-replay failed): assertion failed (see also prims.fst(233,92-233,105))
FStar.List.Tot.Properties.fst(400,33-410,78): (Warning 252) (Hint-replay failed): could not prove post-condition (see also FStar.List.Tot.Properties.fst(398,18-398,61))
FStar.List.Tot.Properties.fst(851,2-855,2): (Warning 252) (Hint-replay failed): could not prove post-condition (see also FStar.List.Tot.Properties.fst(853,12-853,18))
FStar.List.Tot.Properties.fst(851,2-855,2): (Warning 252) could not prove post-condition (see also FStar.List.Tot.Properties.fst(853,12-853,18))
FStar.List.Tot.Properties.fst(881,2-884,2): (Warning 252) (Hint-replay failed): could not prove post-condition (see also FStar.List.Tot.Properties.fst(883,12-883,18))
TestMRef.fst(8,0-8,15): (Warning 272) Top-level let-bindings must be total; this term may have effects
TestMRef.fst(8,0-8,15): (Warning 272) Top-level let-bindings must be total; this term may have effects
TestMRef.fst(8,0-8,15): (Warning 272) Top-level let-bindings must be total; this term may have effects
TestMRef.fst(8,0-8,15): (Warning 272) Top-level let-bindings must be total; this term may have effects
Protocol.fst(23,0-23,9): (Warning 239) Adding an implicit 'assume new' qualifier on byte
Protocol.fst(334,54-341,4): (Warning 252) (Hint-replay failed): could not prove post-condition (see also Protocol.fst(340,7-340,35))
FStar.Map.fst(0,0-0,0): (Warning 241) Absent cache file FStar.Map.fst.checked; will recheck FStar.Map.fst and all subsequent files
Ex10a.fst(26,0-26,22): (Warning 272) Top-level let-bindings must be total; this term may have effects
Ex10a.fst(26,0-26,22): (Warning 272) Top-level let-bindings must be total; this term may have effects
Ex10a.fst(26,0-26,22): (Warning 272) Top-level let-bindings must be total; this term may have effects
Ex10a.fst(26,0-26,22): (Warning 272) Top-level let-bindings must be total; this term may have effects
FStar.Classical.fst(0,0-0,0): (Warning 241) Absent cache file FStar.Classical.fst.checked; will recheck FStar.Classical.fst and all subsequent files
Ex12.MAC.fst(41,0-41,41): (Warning 272) Top-level let-bindings must be total; this term may have effects
Ex12.MAC.fst(41,0-41,41): (Warning 272) Top-level let-bindings must be total; this term may have effects
Ex12a.ACLs.fst(59,0-59,48): (Warning 272) Top-level let-bindings must be total; this term may have effects
Ex12a1.Cap.fst(23,0-23,26): (Warning 272) Top-level let-bindings must be total; this term may have effects
Ex12a1.Cap.fst(23,0-23,26): (Warning 272) Top-level let-bindings must be total; this term may have effects
Ex12a1.Cap.fst(23,0-23,26): (Warning 272) Top-level let-bindings must be total; this term may have effects
Ex12a1.Cap.fst(23,0-23,26): (Warning 272) Top-level let-bindings must be total; this term may have effects
FStar.List.Pure.Properties.fst(0,0-0,0): (Warning 241) Absent cache file FStar.List.Pure.Properties.fst.checked; will recheck FStar.List.Pure.Properties.fst and all subsequent files
hello.fst(5,0-5,37): (Warning 272) Top-level let-bindings must be total; this term may have effects
hello.fst(5,0-5,37): (Warning 272) Top-level let-bindings must be total; this term may have effects
SepLogic.Heap.fst(59,26-62,30): (Warning 252) (Hint-replay failed): Patterns are incomplete
SepLogic.Heap.fst(78,38-81,62): (Warning 252) (Hint-replay failed): Patterns are incomplete
SepLogic.Heap.fst(187,2-201,11): (Warning 252) (Hint-replay failed): assertion failed (see also SepLogic.Heap.fst(196,19-196,77))
SepLogic.Heap.fst(299,4-303,4): (Warning 252) (Hint-replay failed): could not prove post-condition (see also SepLogic.Heap.fst(302,21-302,58))
FStar.Math.Lemmas.fst(0,0-0,0): (Warning 241) Absent cache file FStar.Math.Lemmas.fst.checked; will recheck FStar.Math.Lemmas.fst and all subsequent files
C:/build/agent1/_work/1/s/ulib/FStar.Seq.Base.fst(0,0-0,0): (Warning 241) Absent cache file _cache\FStar.Seq.Base.fst.checked; will recheck C:/build/agent1/_work/1/s/ulib/FStar.Seq.Base.fst and all subsequent files
C:/build/agent1/_work/1/s/ulib/FStar.Heap.fst(0,0-0,0): (Warning 241) Absent cache file _cache\FStar.Heap.fst.checked; will recheck C:/build/agent1/_work/1/s/ulib/FStar.Heap.fst and all subsequent files
FStar.Monotonic.Witnessed.fst(0,0-0,0): (Warning 241) Absent cache file FStar.Monotonic.Witnessed.fst.checked; will recheck FStar.Monotonic.Witnessed.fst and all subsequent files
FStar.Monotonic.Witnessed.fst(292,47-292,49): (Warning 252) (Hint-replay failed): could not prove post-condition (see also FStar.Monotonic.Witnessed.fsti(28,70-28,85))
FStar.Monotonic.Witnessed.fst(296,44-296,70): (Warning 252) (Hint-replay failed): could not prove post-condition (see also FStar.Monotonic.Witnessed.fsti(35,39-35,74))
FStar.Monotonic.Witnessed.fst(298,42-298,44): (Warning 252) (Hint-replay failed): could not prove post-condition (see also FStar.Monotonic.Witnessed.fsti(40,37-40,100))
FStar.Monotonic.Witnessed.fst(301,2-304,4): (Warning 252) (Hint-replay failed): could not prove post-condition (see also FStar.Monotonic.Witnessed.fst(302,30-302,67))
FStar.Monotonic.Witnessed.fst(307,40-307,42): (Warning 252) (Hint-replay failed): could not prove post-condition (see also FStar.Monotonic.Witnessed.fsti(52,75-52,110))
FStar.Monotonic.Witnessed.fst(310,2-313,4): (Warning 252) (Hint-replay failed): assertion failed (see also FStar.Monotonic.Witnessed.fst(106,50-106,55))
FStar.Monotonic.Witnessed.fst(317,2-320,4): (Warning 252) (Hint-replay failed): assertion failed (see also FStar.Monotonic.Witnessed.fst(211,63-211,83))
FStar.Monotonic.Witnessed.fst(323,45-323,47): (Warning 252) (Hint-replay failed): could not prove post-condition (see also FStar.Monotonic.Witnessed.fsti(70,74-70,114))
MAC.fst(45,0-45,53): (Warning 272) Top-level let-bindings must be total; this term may have effects
RPC.fst(9,0-9,53): (Warning 272) Top-level let-bindings must be total; this term may have effects
RPC.fst(9,0-9,53): (Warning 272) Top-level let-bindings must be total; this term may have effects
RPC.fst(23,0-23,39): (Warning 272) Top-level let-bindings must be total; this term may have effects
RPC.fst(23,0-23,39): (Warning 272) Top-level let-bindings must be total; this term may have effects
RPC.fst(48,0-49,16): (Warning 272) Top-level let-bindings must be total; this term may have effects
RPC.fst(48,0-49,16): (Warning 272) Top-level let-bindings must be total; this term may have effects
RPC.fst(116,0-116,17): (Warning 272) Top-level let-bindings must be total; this term may have effects
RPC.fst(116,0-116,17): (Warning 272) Top-level let-bindings must be total; this term may have effects
Ex12b1.Format.fst(97,4-97,18): (Warning 240) Admitting Ex12b1.Format.resp_injective without a definition
Ex12b1.Format.fst(91,4-91,17): (Warning 240) Admitting Ex12b1.Format.req_injective without a definition
Ex12b1.Format.fst(85,4-85,21): (Warning 240) Admitting Ex12b1.Format.req_resp_distinct without a definition
LambdaOmega.fst(0,0-0,0): (Warning 241) Absent cache file _cache\LambdaOmega.fst.checked; will recheck LambdaOmega.fst and all subsequent files
SL.Heap.fst(65,26-68,30): (Warning 252) (Hint-replay failed): Patterns are incomplete
SL.Heap.fst(85,38-88,62): (Warning 252) (Hint-replay failed): Patterns are incomplete
SL.Heap.fst(160,2-174,11): (Warning 252) (Hint-replay failed): assertion failed (see also SL.Heap.fst(169,19-169,77))
testseq.fst(12,0-14,15): (Warning 272) Top-level let-bindings must be total; this term may have effects
testseq.fst(12,0-14,15): (Warning 272) Top-level let-bindings must be total; this term may have effects
C:/build/agent1/_work/1/s/ulib/FStar.List.Tot.fst(0,0-0,0): (Warning 241) Absent cache file _cache\FStar.List.Tot.fst.checked; will recheck C:/build/agent1/_work/1/s/ulib/FStar.List.Tot.fst and all subsequent files
FStar.Tactics.Types.fsti(0,0-0,0): (Warning 241) Absent cache file FStar.Tactics.Types.fsti.checked; will recheck FStar.Tactics.Types.fsti and all subsequent files
FStar.Reflection.Data.fst(0,0-0,0): (Warning 241) Absent cache file FStar.Reflection.Data.fst.checked; will recheck FStar.Reflection.Data.fst and all subsequent files
FStar.Squash.fst(0,0-0,0): (Warning 241) Absent cache file FStar.Squash.fst.checked; will recheck FStar.Squash.fst and all subsequent files
StlcCbvDbParSubst.fst(0,0-0,0): (Warning 241) Absent cache file _cache\StlcCbvDbParSubst.fst.checked; will recheck StlcCbvDbParSubst.fst and all subsequent files
StlcCbvDbParSubst.fst(191,2-198,15): (Warning 252) (Hint-replay failed): assertion failed (see also StlcCbvDbParSubst.fst(197,25-197,68))
FStar.Universe.fst(0,0-0,0): (Warning 241) Absent cache file FStar.Universe.fst.checked; will recheck FStar.Universe.fst and all subsequent files
C:/build/agent1/_work/1/s/ulib/FStar.ST.fst(0,0-0,0): (Warning 241) Absent cache file _cache\FStar.ST.fst.checked; will recheck C:/build/agent1/_work/1/s/ulib/FStar.ST.fst and all subsequent files
Mac.fst(70,0-70,53): (Warning 272) Top-level let-bindings must be total; this term may have effects
Mac.fst(70,0-70,53): (Warning 272) Top-level let-bindings must be total; this term may have effects
Mac.fst(70,0-70,53): (Warning 272) Top-level let-bindings must be total; this term may have effects
Mac.fst(70,0-70,53): (Warning 272) Top-level let-bindings must be total; this term may have effects
FStar.Monotonic.Heap.fsti(0,0-0,0): (Warning 241) Absent cache file FStar.Monotonic.Heap.fsti.checked; will recheck FStar.Monotonic.Heap.fsti and all subsequent files
FStar.List.Tot.fst(0,0-0,0): (Warning 241) Absent cache file FStar.List.Tot.fst.checked; will recheck FStar.List.Tot.fst and all subsequent files
C:/build/agent1/_work/1/s/ulib/FStar.List.Tot.Properties.fst(0,0-0,0): (Warning 241) Absent cache file _cache\FStar.List.Tot.Properties.fst.checked; will recheck C:/build/agent1/_work/1/s/ulib/FStar.List.Tot.Properties.fst and all subsequent files
C:/build/agent1/_work/1/s/ulib/FStar.List.Tot.Properties.fst(126,32-128,32): (Warning 252) (Hint-replay failed): assertion failed (see also prims.fst(210,68-210,80))
C:/build/agent1/_work/1/s/ulib/FStar.List.Tot.Properties.fst(126,32-128,32): (Warning 252) (Hint-replay failed): could not prove post-condition (see also C:/build/agent1/_work/1/s/ulib/FStar.List.Tot.Properties.fst(124,32-124,72))
C:/build/agent1/_work/1/s/ulib/FStar.List.Tot.Properties.fst(134,37-136,37): (Warning 252) (Hint-replay failed): assertion failed (see also prims.fst(210,68-210,80))
C:/build/agent1/_work/1/s/ulib/FStar.List.Tot.Properties.fst(134,37-136,37): (Warning 252) (Hint-replay failed): could not prove post-condition (see also C:/build/agent1/_work/1/s/ulib/FStar.List.Tot.Properties.fst(133,43-133,81))
C:/build/agent1/_work/1/s/ulib/FStar.List.Tot.Properties.fst(143,34-145,34): (Warning 252) (Hint-replay failed): assertion failed (see also prims.fst(210,68-210,80))
C:/build/agent1/_work/1/s/ulib/FStar.List.Tot.Properties.fst(143,34-145,34): (Warning 252) (Hint-replay failed): could not prove post-condition (see also C:/build/agent1/_work/1/s/ulib/FStar.List.Tot.Properties.fst(142,32-142,77))
C:/build/agent1/_work/1/s/ulib/FStar.List.Tot.Properties.fst(152,39-154,39): (Warning 252) (Hint-replay failed): assertion failed (see also prims.fst(210,68-210,80))
C:/build/agent1/_work/1/s/ulib/FStar.List.Tot.Properties.fst(152,39-154,39): (Warning 252) (Hint-replay failed): could not prove post-condition (see also C:/build/agent1/_work/1/s/ulib/FStar.List.Tot.Properties.fst(150,43-150,86))
C:/build/agent1/_work/1/s/ulib/FStar.List.Tot.Properties.fst(352,38-360,65): (Warning 252) (Hint-replay failed): assertion failed (see also prims.fst(233,92-233,105))
C:/build/agent1/_work/1/s/ulib/FStar.List.Tot.Properties.fst(352,38-360,65): (Warning 252) (Hint-replay failed): could not prove post-condition (see also C:/build/agent1/_work/1/s/ulib/FStar.List.Tot.Properties.fst(350,28-350,62))
C:/build/agent1/_work/1/s/ulib/FStar.List.Tot.Properties.fst(389,41-391,41): (Warning 252) (Hint-replay failed): assertion failed (see also prims.fst(210,68-210,80))
C:/build/agent1/_work/1/s/ulib/FStar.List.Tot.Properties.fst(389,41-391,41): (Warning 252) (Hint-replay failed): could not prove post-condition (see also C:/build/agent1/_work/1/s/ulib/FStar.List.Tot.Properties.fst(387,33-387,60))
C:/build/agent1/_work/1/s/ulib/FStar.List.Tot.Properties.fst(400,33-410,78): (Warning 252) (Hint-replay failed): assertion failed (see also prims.fst(233,92-233,105))
C:/build/agent1/_work/1/s/ulib/FStar.List.Tot.Properties.fst(400,33-410,78): (Warning 252) (Hint-replay failed): could not prove post-condition (see also C:/build/agent1/_work/1/s/ulib/FStar.List.Tot.Properties.fst(398,18-398,61))
C:/build/agent1/_work/1/s/ulib/FStar.List.Tot.Properties.fst(851,2-855,2): (Warning 252) (Hint-replay failed): could not prove post-condition (see also C:/build/agent1/_work/1/s/ulib/FStar.List.Tot.Properties.fst(853,12-853,18))
C:/build/agent1/_work/1/s/ulib/FStar.List.Tot.Properties.fst(851,2-855,2): (Warning 252) could not prove post-condition (see also C:/build/agent1/_work/1/s/ulib/FStar.List.Tot.Properties.fst(853,12-853,18))
C:/build/agent1/_work/1/s/ulib/FStar.List.Tot.Properties.fst(881,2-884,2): (Warning 252) (Hint-replay failed): could not prove post-condition (see also C:/build/agent1/_work/1/s/ulib/FStar.List.Tot.Properties.fst(883,12-883,18))
Serializing.fst(137,15-138,2): (Warning 252) (Hint-replay failed): assertion failed (see also Serializing.fst(94,23-94,59))
Serializing.fst(137,15-138,2): (Warning 252) (Hint-replay failed): assertion failed (see also Serializing.fst(94,23-94,59))
C:/build/agent1/_work/1/s/ulib/FStar.Tactics.Result.fst(0,0-0,0): (Warning 241) Absent cache file _cache\FStar.Tactics.Result.fst.checked; will recheck C:/build/agent1/_work/1/s/ulib/FStar.Tactics.Result.fst and all subsequent files
Map.OpaqueToSMT.Test.fst(0,0-0,0): (Warning 241) Absent cache file _cache\Map.OpaqueToSMT.Test.fst.checked; will recheck Map.OpaqueToSMT.Test.fst and all subsequent files
C:/build/agent1/_work/1/s/ulib/FStar.List.Tot.fst(0,0-0,0): (Warning 241) Stale cache file _cache\FStar.List.Tot.fst.checked; will recheck C:/build/agent1/_work/1/s/ulib/FStar.List.Tot.fst and all subsequent files
C:/build/agent1/_work/1/s/ulib/FStar.Tactics.Effect.fst(0,0-0,0): (Warning 241) Absent cache file _cache\FStar.Tactics.Effect.fst.checked; will recheck C:/build/agent1/_work/1/s/ulib/FStar.Tactics.Effect.fst and all subsequent files
FStar.Monotonic.Heap.fst(0,0-0,0): (Warning 241) Absent cache file FStar.Monotonic.Heap.fst.checked; will recheck FStar.Monotonic.Heap.fst and all subsequent files
FStar.Reflection.Basic.fst(0,0-0,0): (Warning 241) Absent cache file FStar.Reflection.Basic.fst.checked; will recheck FStar.Reflection.Basic.fst and all subsequent files
StackMachine.fst(0,0-0,0): (Warning 241) Absent cache file _cache\StackMachine.fst.checked; will recheck StackMachine.fst and all subsequent files
StackMachine.fst(66,4-67,2): (Warning 252) (Hint-replay failed): assertion failed (see also prims.fst(210,68-210,80))
StackMachine.fst(66,4-67,2): (Warning 252) (Hint-replay failed): could not prove post-condition (see also StackMachine.fst(66,10-66,74))
FStar.Tactics.Result.fst(0,0-0,0): (Warning 241) Absent cache file FStar.Tactics.Result.fst.checked; will recheck FStar.Tactics.Result.fst and all subsequent files
Unexpected error; please file a bug report, ideally with a minimized version of the source program that triggered the error.
Failure("Impossible: Not a rigid-flex: \n191579:\t(* Instantiating implicit argument in application *)\n((m: X64.Vale.State_i.mem), (ptr: Prims.int), (num_bytes: Prims.int), (i: Prims.int), (len: Prims.nat), (_: Prims.squash Prims.l_True), (m': X64.Vale.State_i.mem) |- ?35 : _: Prims.int -> Prims.Tot Type) [_] \n\t\t<:\n\tX64.Poly1305.Spec_s.nat128\n\twith guard (* mk_problem: logical guard for function co-domain *)\n((m: X64.Vale.State_i.mem), (ptr: Prims.int), (num_bytes: Prims.int), (i: Prims.int), (len: Prims.nat), (_: Prims.squash Prims.l_True), (m': X64.Vale.State_i.mem) |- ?38 : _: Prims.int -> Prims.Tot Type0) [_]\n\telement= none\n")
make[2]: *** [../Makefile.include:19: X64.Poly1305.Math_i.uver] Error 1
Ex12.MAC.fst(60,0-63,4): (Warning 272) Top-level let-bindings must be total; this term may have effects
Ex12.MAC.fst(199,0-199,33): (Warning 272) Top-level let-bindings must be total; this term may have effects
Ex12.MAC.fst(60,0-63,4): (Warning 272) Top-level let-bindings must be total; this term may have effects
Ex12.MAC.fst(199,0-199,33): (Warning 272) Top-level let-bindings must be total; this term may have effects
Ex12a.ACLs.fst(59,0-59,48): (Warning 272) Top-level let-bindings must be total; this term may have effects
Ex12a1.Cap.fst(21,0-21,26): (Warning 272) Top-level let-bindings must be total; this term may have effects
Ex12a1.Cap.fst(21,0-21,26): (Warning 272) Top-level let-bindings must be total; this term may have effects
Ex12a1.Cap.fst(21,0-21,26): (Warning 272) Top-level let-bindings must be total; this term may have effects
Ex12a1.Cap.fst(21,0-21,26): (Warning 272) Top-level let-bindings must be total; this term may have effects
C:/build/agent1/_work/1/s/ulib/FStar.All.fst(0,0-0,0): (Warning 241) Absent cache file _cache\FStar.All.fst.checked; will recheck C:/build/agent1/_work/1/s/ulib/FStar.All.fst and all subsequent files
MAC.fst(45,0-45,53): (Warning 272) Top-level let-bindings must be total; this term may have effects
CntProtocol.fst(12,0-12,53): (Warning 272) Top-level let-bindings must be total; this term may have effects
CntProtocol.fst(12,0-12,53): (Warning 272) Top-level let-bindings must be total; this term may have effects
CntProtocol.fst(27,0-27,26): (Warning 272) Top-level let-bindings must be total; this term may have effects
CntProtocol.fst(27,0-27,26): (Warning 272) Top-level let-bindings must be total; this term may have effects
CntProtocol.fst(30,0-30,54): (Warning 272) Top-level let-bindings must be total; this term may have effects
CntProtocol.fst(30,0-30,54): (Warning 272) Top-level let-bindings must be total; this term may have effects
CntProtocol.fst(33,0-33,54): (Warning 272) Top-level let-bindings must be total; this term may have effects
CntProtocol.fst(33,0-33,54): (Warning 272) Top-level let-bindings must be total; this term may have effects
CntProtocol.fst(97,0-97,39): (Warning 272) Top-level let-bindings must be total; this term may have effects
CntProtocol.fst(97,0-97,39): (Warning 272) Top-level let-bindings must be total; this term may have effects
CntProtocol.fst(124,0-124,18): (Warning 272) Top-level let-bindings must be total; this term may have effects
CntProtocol.fst(124,0-124,18): (Warning 272) Top-level let-bindings must be total; this term may have effects
CntProtocol.fst(168,0-184,5): (Warning 272) Top-level let-bindings must be total; this term may have effects
CntProtocol.fst(168,0-184,5): (Warning 272) Top-level let-bindings must be total; this term may have effects
C:/build/agent1/_work/1/s/ulib/FStar.Seq.Base.fst(0,0-0,0): (Warning 241) Absent cache file _cache\FStar.Seq.Base.fst.checked; will recheck C:/build/agent1/_work/1/s/ulib/FStar.Seq.Base.fst and all subsequent files
nested.pos\Test.fst(24,2-36,4): (Warning 252) (Hint-replay failed): assertion failed (see also C:\build\agent1\_work\1\s\ulib\FStar.Pointer.Base.fsti(2146,22-2146,34))
nested.pos\Test.fst(15,13-18,5): (Warning 252) Subtyping check failed; expected type l:
Prims.list (Prims.string * FStar.Pointer.Base.typ)
{Cons? l /\ FStar.List.Tot.Base.noRepeats (FStar.List.Tot.Base.map FStar.Pervasives.Native.fst l)}; got type Prims.list (Prims.string * FStar.Pointer.Base.typ) (see also C:\build\agent1\_work\1\s\ulib\FStar.Pointer.Base.fsti(55,2-55,41))
C:/build/agent1/_work/1/s/ulib/FStar.Tactics.Builtins.fst(0,0-0,0): (Warning 241) Absent cache file _cache\FStar.Tactics.Builtins.fst.checked; will recheck C:/build/agent1/_work/1/s/ulib/FStar.Tactics.Builtins.fst and all subsequent files
Unable to open hints file: C:\build\agent1\_work\1\s\doc\tutorial\code\solutions\Ex12.MAC.fst.hints; ran without hints
Ex12.MAC.fst(60,0-63,4): (Warning 272) Top-level let-bindings must be total; this term may have effects
Ex12.MAC.fst(60,0-63,4): (Warning 272) Top-level let-bindings must be total; this term may have effects
Ex12.MAC.fst(199,0-199,33): (Warning 272) Top-level let-bindings must be total; this term may have effects
Ex12.MAC.fst(199,0-199,33): (Warning 272) Top-level let-bindings must be total; this term may have effects
Ex12.MAC.fst(250,2-250,19): (Warning 252) Subtyping check failed; expected type b: Prims.bool{b ==> Ex12.MAC.key_prop k text}; got type Prims.bool (see also Ex12.MAC.fst(208,55-208,67))
Ex12.MAC.fst(60,0-63,4): (Warning 272) Top-level let-bindings must be total; this term may have effects
Ex12.MAC.fst(60,0-63,4): (Warning 272) Top-level let-bindings must be total; this term may have effects
Ex12.MAC.fst(199,0-199,33): (Warning 272) Top-level let-bindings must be total; this term may have effects
Ex12.MAC.fst(199,0-199,33): (Warning 272) Top-level let-bindings must be total; this term may have effects
Ex12f.TMAC.fst(26,4-26,10): (Warning 240) Admitting Ex12f.TMAC.verify without a definition
Ex12f.TMAC.fst(25,4-25,7): (Warning 240) Admitting Ex12f.TMAC.mac without a definition
Ex12f.TMAC.fst(24,4-24,10): (Warning 240) Admitting Ex12f.TMAC.keygen without a definition
C:/build/agent1/_work/1/s/ulib/FStar.Monotonic.HyperHeap.fst(0,0-0,0): (Warning 241) Absent cache file _cache\FStar.Monotonic.HyperHeap.fst.checked; will recheck C:/build/agent1/_work/1/s/ulib/FStar.Monotonic.HyperHeap.fst and all subsequent files
FStar.OrdSet.fst(0,0-0,0): (Warning 241) Absent cache file FStar.OrdSet.fst.checked; will recheck FStar.OrdSet.fst and all subsequent files
FStar.OrdSet.fst(48,16-48,18): (Warning 252) (Hint-replay failed): Subtyping check failed; expected type a: Type{Prims.hasEq a}; got type Type (see also prims.fst(305,29-305,36))
FStar.Heap.fst(0,0-0,0): (Warning 241) Absent cache file FStar.Heap.fst.checked; will recheck FStar.Heap.fst and all subsequent files
Ex12.MAC.fst(60,0-63,4): (Warning 272) Top-level let-bindings must be total; this term may have effects
Ex12.MAC.fst(199,0-199,33): (Warning 272) Top-level let-bindings must be total; this term may have effects
Ex12.MAC.fst(60,0-63,4): (Warning 272) Top-level let-bindings must be total; this term may have effects
Ex12.MAC.fst(199,0-199,33): (Warning 272) Top-level let-bindings must be total; this term may have effects
Ex12a.ACLs.fst(59,0-59,48): (Warning 272) Top-level let-bindings must be total; this term may have effects
Ex12a2.Cap.fst(21,0-21,31): (Warning 272) Top-level let-bindings must be total; this term may have effects
Ex12a2.Cap.fst(21,0-21,31): (Warning 272) Top-level let-bindings must be total; this term may have effects
Ex12a2.Cap.fst(43,0-43,33): (Warning 272) Top-level let-bindings must be total; this term may have effects
Ex12a2.Cap.fst(43,0-43,33): (Warning 272) Top-level let-bindings must be total; this term may have effects
Ex12a2.Cap.fst(21,0-21,31): (Warning 272) Top-level let-bindings must be total; this term may have effects
Ex12a2.Cap.fst(21,0-21,31): (Warning 272) Top-level let-bindings must be total; this term may have effects
Ex12a2.Cap.fst(43,0-43,33): (Warning 272) Top-level let-bindings must be total; this term may have effects
Ex12a2.Cap.fst(43,0-43,33): (Warning 272) Top-level let-bindings must be total; this term may have effects
Eta_expand.fst(22,0-26,35): (Warning 272) Top-level let-bindings must be total; this term may have effects
Eta_expand.fst(22,0-26,35): (Warning 272) Top-level let-bindings must be total; this term may have effects
File "out/Eta_expand.ml", line 19, characters 37-41:
Warning 20: this argument will not be used by the function.
File "out/Eta_expand.ml", line 19, characters 42-46:
Warning 20: this argument will not be used by the function.
CanonCommSwaps.fst(0,0-0,0): (Warning 241) Absent cache file _cache\CanonCommSwaps.fst.checked; will recheck CanonCommSwaps.fst and all subsequent files
C:/build/agent1/_work/1/s/ulib/FStar.Tactics.Util.fst(0,0-0,0): (Warning 241) Absent cache file _cache\FStar.Tactics.Util.fst.checked; will recheck C:/build/agent1/_work/1/s/ulib/FStar.Tactics.Util.fst and all subsequent files
Hacl.Hash.SHA2_256.fst(980,0-1078,48): (Warning 271) Pattern FStar.Seq.Base.index (if FStar.UInt32.lt len (FStar.UInt32.uint_to_t 56)
then
FStar.Seq.Base.create (FStar.UInt32.v Hacl.Hash.SHA2_256.size_block) (FStar.UInt8.uint_to_t 0)
else
FStar.Seq.Base.create (FStar.UInt32.v Hacl.Hash.SHA2_256.size_block +
FStar.UInt32.v Hacl.Hash.SHA2_256.size_block)
(FStar.UInt8.uint_to_t 0))
i contains illegal sub-term ((ite (= (BoundV 0) (BoxBool (true ))) (FStar.Seq.Base.create (FreeV FStar.UInt8.t) (FStar.UInt32.v (FreeV Hacl.Hash.SHA2_256.size_block)) (FStar.UInt8.uint_to_t (BoxInt (Integer 0)))) (FStar.Seq.Base.create (FreeV FStar.UInt8.t) (Prims.op_Addition (FStar.UInt32.v (FreeV Hacl.Hash.SHA2_256.size_block)) (FStar.UInt32.v (FreeV Hacl.Hash.SHA2_256.size_block))) (FStar.UInt8.uint_to_t (BoxInt (Integer 0)))))); dropping it (see also C:\build\agent1\_work\1\s\ulib\FStar.Seq.Base.fst(215,73-215,85))
Hacl.Hash.SHA2_256.fst(980,0-1078,48): (Warning 271) Pattern FStar.Seq.Base.index (FStar.Seq.Base.create (FStar.UInt32.v (if
FStar.UInt32.lt len (FStar.UInt32.uint_to_t 56)
then FStar.UInt32.uint_to_t 1 <: Prims.Tot FStar.UInt32.t
else FStar.UInt32.uint_to_t 2 <: Prims.Tot FStar.UInt32.t) *
FStar.UInt32.v Hacl.Hash.SHA2_256.size_block)
(FStar.UInt8.uint_to_t 0))
i contains illegal sub-term ((ite (= (BoundV 0) (BoxBool (true ))) (FStar.UInt32.uint_to_t (BoxInt (Integer 1))) (FStar.UInt32.uint_to_t (BoxInt (Integer 2))))); dropping it (see also C:\build\agent1\_work\1\s\ulib\FStar.Seq.Base.fst(215,73-215,85))
Hacl.Hash.SHA2_256.fst(980,0-1078,48): (Warning 271) Pattern FStar.Seq.Base.index (FStar.Seq.Base.slice (FStar.Buffer.as_seq a return_val)
(FStar.UInt32.v len)
(FStar.UInt32.v (if FStar.UInt32.lt len (FStar.UInt32.uint_to_t 56)
then FStar.UInt32.uint_to_t 1 <: Prims.Tot FStar.UInt32.t
else FStar.UInt32.uint_to_t 2 <: Prims.Tot FStar.UInt32.t) *
FStar.UInt32.v Hacl.Hash.SHA2_256.size_block))
i contains illegal sub-term ((ite (= (BoundV 0) (BoxBool (true ))) (FStar.UInt32.uint_to_t (BoxInt (Integer 1))) (FStar.UInt32.uint_to_t (BoxInt (Integer 2))))); dropping it (see also C:\build\agent1\_work\1\s\ulib\FStar.Seq.Base.fst(215,73-215,85))
Hacl.Hash.SHA2_256.fst(980,0-1078,48): (Warning 271) Pattern FStar.Seq.Base.index (FStar.Seq.Base.slice (FStar.Buffer.as_seq a return_val)
(FStar.UInt32.v len)
(FStar.UInt32.v (if FStar.UInt32.lt len (FStar.UInt32.uint_to_t 56)
then FStar.UInt32.uint_to_t 1 <: Prims.Tot FStar.UInt32.t
else FStar.UInt32.uint_to_t 2 <: Prims.Tot FStar.UInt32.t) *
FStar.UInt32.v Hacl.Hash.SHA2_256.size_block))
i contains illegal sub-term ((ite (= (BoundV 0) (BoxBool (true ))) (FStar.UInt32.uint_to_t (BoxInt (Integer 1))) (FStar.UInt32.uint_to_t (BoxInt (Integer 2))))); dropping it (see also C:\build\agent1\_work\1\s\ulib\FStar.Seq.Base.fst(215,73-215,85))
Ex12b1.Format.fst(95,4-95,18): (Warning 240) Admitting Ex12b1.Format.resp_injective without a definition
Ex12b1.Format.fst(89,4-89,17): (Warning 240) Admitting Ex12b1.Format.req_injective without a definition
Ex12b1.Format.fst(83,4-83,21): (Warning 240) Admitting Ex12b1.Format.req_resp_distinct without a definition
C:/build/agent1/_work/1/s/ulib/FStar.Seq.Base.fst(0,0-0,0): (Warning 241) Absent cache file C:/build/agent1/_work/1/s/ulib/FStar.Seq.Base.fst.checked; will recheck C:/build/agent1/_work/1/s/ulib/FStar.Seq.Base.fst and all subsequent files
C:/build/agent1/_work/1/s/ulib/FStar.Seq.Properties.fst(0,0-0,0): (Warning 241) Absent cache file _cache\FStar.Seq.Properties.fst.checked; will recheck C:/build/agent1/_work/1/s/ulib/FStar.Seq.Properties.fst and all subsequent files
C:/build/agent1/_work/1/s/ulib/FStar.Seq.Properties.fst(472,2-472,25): (Warning 252) (Hint-replay failed): could not prove post-condition (see also C:/build/agent1/_work/1/s/ulib/FStar.Seq.Properties.fst(470,20-470,28))
Ex12g.TMAC2.fst(30,4-30,10): (Warning 240) Admitting Ex12g.TMAC2.verify without a definition
Ex12g.TMAC2.fst(29,4-29,7): (Warning 240) Admitting Ex12g.TMAC2.mac without a definition
FStar.Seq.Base.fst(0,0-0,0): (Warning 241) Absent cache file FStar.Seq.Base.fst.checked; will recheck FStar.Seq.Base.fst and all subsequent files
FStar.Axiomatic.Array.fst(0,0-0,0): (Warning 241) Absent cache file FStar.Axiomatic.Array.fst.checked; will recheck FStar.Axiomatic.Array.fst and all subsequent files
C:/build/agent1/_work/1/s/ulib/FStar.OrdSet.fst(0,0-0,0): (Warning 241) Stale cache file _cache\FStar.OrdSet.fst.checked; will recheck C:/build/agent1/_work/1/s/ulib/FStar.OrdSet.fst and all subsequent files
C:/build/agent1/_work/1/s/ulib/FStar.OrdSet.fst(48,16-48,18): (Warning 252) (Hint-replay failed): Subtyping check failed; expected type a: Type{Prims.hasEq a}; got type Type (see also prims.fst(305,29-305,36))
FStar.List.Pure.fst(0,0-0,0): (Warning 241) Absent cache file FStar.List.Pure.fst.checked; will recheck FStar.List.Pure.fst and all subsequent files
C:/build/agent1/_work/1/s/ulib/FStar.List.fst(0,0-0,0): (Warning 241) Absent cache file _cache\FStar.List.fst.checked; will recheck C:/build/agent1/_work/1/s/ulib/FStar.List.fst and all subsequent files
C:/build/agent1/_work/1/s/ulib/FStar.Seq.fst(0,0-0,0): (Warning 241) Absent cache file _cache\FStar.Seq.fst.checked; will recheck C:/build/agent1/_work/1/s/ulib/FStar.Seq.fst and all subsequent files
X64.Vale.Decls.fst(117,2-120,16): (Warning 252) (Hint-replay failed): could not prove post-condition (see also X64.Vale.Decls.fst(113,7-113,24))
X64.Vale.Decls.fst(117,2-120,16): (Warning 252) could not prove post-condition (see also X64.Vale.Decls.fst(113,28-114,61))
C:/build/agent1/_work/1/s/ulib/FStar.Monotonic.HyperHeap.fst(0,0-0,0): (Warning 241) Absent cache file C:/build/agent1/_work/1/s/ulib/FStar.Monotonic.HyperHeap.fst.checked; will recheck C:/build/agent1/_work/1/s/ulib/FStar.Monotonic.HyperHeap.fst and all subsequent files
FStar.Monotonic.HyperHeap.fst(0,0-0,0): (Warning 241) Absent cache file FStar.Monotonic.HyperHeap.fst.checked; will recheck FStar.Monotonic.HyperHeap.fst and all subsequent files
Ex12.MAC.fst(60,0-63,4): (Warning 272) Top-level let-bindings must be total; this term may have effects
Ex12.MAC.fst(199,0-199,33): (Warning 272) Top-level let-bindings must be total; this term may have effects
Ex12.MAC.fst(60,0-63,4): (Warning 272) Top-level let-bindings must be total; this term may have effects
Ex12.MAC.fst(199,0-199,33): (Warning 272) Top-level let-bindings must be total; this term may have effects
Ex12b.RPC.fst(15,0-15,53): (Warning 272) Top-level let-bindings must be total; this term may have effects
Ex12b.RPC.fst(15,0-15,53): (Warning 272) Top-level let-bindings must be total; this term may have effects
Ex12b.RPC.fst(27,0-27,36): (Warning 272) Top-level let-bindings must be total; this term may have effects
Ex12b.RPC.fst(27,0-27,36): (Warning 272) Top-level let-bindings must be total; this term may have effects
Ex12b.RPC.fst(56,8-56,57): (Warning 272) Top-level let-bindings must be total; this term may have effects
Ex12b.RPC.fst(56,8-56,57): (Warning 272) Top-level let-bindings must be total; this term may have effects
Ex12b.RPC.fst(85,0-86,16): (Warning 272) Top-level let-bindings must be total; this term may have effects
Ex12b.RPC.fst(85,0-86,16): (Warning 272) Top-level let-bindings must be total; this term may have effects
Ex12b.RPC.fst(166,0-166,17): (Warning 272) Top-level let-bindings must be total; this term may have effects
Ex12b.RPC.fst(166,0-166,17): (Warning 272) Top-level let-bindings must be total; this term may have effects
Ex12b.RPC.fst(27,0-27,36): (Warning 272) Top-level let-bindings must be total; this term may have effects
Ex12b.RPC.fst(27,0-27,36): (Warning 272) Top-level let-bindings must be total; this term may have effects
Ex12b.RPC.fst(56,8-56,57): (Warning 272) Top-level let-bindings must be total; this term may have effects
Ex12b.RPC.fst(56,8-56,57): (Warning 272) Top-level let-bindings must be total; this term may have effects
Ex12b.RPC.fst(85,0-86,16): (Warning 272) Top-level let-bindings must be total; this term may have effects
Ex12b.RPC.fst(85,0-86,16): (Warning 272) Top-level let-bindings must be total; this term may have effects
FStar.OrdSetProps.fst(0,0-0,0): (Warning 241) Absent cache file FStar.OrdSetProps.fst.checked; will recheck FStar.OrdSetProps.fst and all subsequent files
FStar.Tactics.Effect.fst(0,0-0,0): (Warning 241) Absent cache file FStar.Tactics.Effect.fst.checked; will recheck FStar.Tactics.Effect.fst and all subsequent files
FStar.Relational.Relational.fst(0,0-0,0): (Warning 241) Absent cache file FStar.Relational.Relational.fst.checked; will recheck FStar.Relational.Relational.fst and all subsequent files
FStar.TwoLevelHeap.fst(0,0-0,0): (Warning 241) Absent cache file FStar.TwoLevelHeap.fst.checked; will recheck FStar.TwoLevelHeap.fst and all subsequent files
FStar.ST.fst(0,0-0,0): (Warning 241) Absent cache file FStar.ST.fst.checked; will recheck FStar.ST.fst and all subsequent files
FStar.OrdMap.fst(0,0-0,0): (Warning 241) Absent cache file FStar.OrdMap.fst.checked; will recheck FStar.OrdMap.fst and all subsequent files
C:/build/agent1/_work/1/s/ulib/FStar.BitVector.fst(0,0-0,0): (Warning 241) Absent cache file _cache\FStar.BitVector.fst.checked; will recheck C:/build/agent1/_work/1/s/ulib/FStar.BitVector.fst and all subsequent files
X64.Vale.StateLemmas_i.fst(38,2-39,4): (Warning 252) (Hint-replay failed): assertion failed (see also X64.Vale.StateLemmas_i.fst(38,9-38,49))
C:/build/agent1/_work/1/s/ulib/FStar.Monotonic.HyperStack.fst(0,0-0,0): (Warning 241) Absent cache file _cache\FStar.Monotonic.HyperStack.fst.checked; will recheck C:/build/agent1/_work/1/s/ulib/FStar.Monotonic.HyperStack.fst and all subsequent files
C:/build/agent1/_work/1/s/ulib/FStar.Monotonic.HyperStack.fst(340,27-341,4): (Warning 252) (Hint-replay failed): assertion failed (see also C:/build/agent1/_work/1/s/ulib/FStar.Monotonic.HyperStack.fst(39,12-42,66))
C:/build/agent1/_work/1/s/ulib/FStar.Monotonic.HyperStack.fst(340,27-341,4): (Warning 252) (Hint-replay failed): assertion failed (see also C:/build/agent1/_work/1/s/ulib/FStar.Monotonic.HyperStack.fst(39,12-42,66))
C:/build/agent1/_work/1/s/ulib/FStar.HyperStack.fst(0,0-0,0): (Warning 241) Absent cache file _cache\FStar.HyperStack.fst.checked; will recheck C:/build/agent1/_work/1/s/ulib/FStar.HyperStack.fst and all subsequent files
C:/build/agent1/_work/1/s/ulib/FStar.Reader.fst(0,0-0,0): (Warning 241) Absent cache file _cache\FStar.Reader.fst.checked; will recheck C:/build/agent1/_work/1/s/ulib/FStar.Reader.fst and all subsequent files
C:/build/agent1/_work/1/s/ulib/FStar.OrdSetProps.fst(0,0-0,0): (Warning 241) Stale cache file _cache\FStar.OrdSetProps.fst.checked; will recheck C:/build/agent1/_work/1/s/ulib/FStar.OrdSetProps.fst and all subsequent files
C:/build/agent1/_work/1/s/ulib/FStar.Monotonic.HyperStack.fst(0,0-0,0): (Warning 241) Absent cache file C:/build/agent1/_work/1/s/ulib/FStar.Monotonic.HyperStack.fst.checked; will recheck C:/build/agent1/_work/1/s/ulib/FStar.Monotonic.HyperStack.fst and all subsequent files
C:/build/agent1/_work/1/s/ulib/FStar.Monotonic.HyperStack.fst(340,27-341,4): (Warning 252) (Hint-replay failed): assertion failed (see also C:/build/agent1/_work/1/s/ulib/FStar.Monotonic.HyperStack.fst(39,12-42,66))
C:/build/agent1/_work/1/s/ulib/FStar.Monotonic.HyperStack.fst(340,27-341,4): (Warning 252) (Hint-replay failed): assertion failed (see also C:/build/agent1/_work/1/s/ulib/FStar.Monotonic.HyperStack.fst(39,12-42,66))
C:/build/agent1/_work/1/s/ulib/FStar.MRef.fst(0,0-0,0): (Warning 241) Absent cache file _cache\FStar.MRef.fst.checked; will recheck C:/build/agent1/_work/1/s/ulib/FStar.MRef.fst and all subsequent files
C:/build/agent1/_work/1/s/ulib/FStar.Ref.fst(0,0-0,0): (Warning 241) Absent cache file _cache\FStar.Ref.fst.checked; will recheck C:/build/agent1/_work/1/s/ulib/FStar.Ref.fst and all subsequent files
C:/build/agent1/_work/1/s/ulib/FStar.All.fst(0,0-0,0): (Warning 241) Absent cache file _cache\FStar.All.fst.checked; will recheck C:/build/agent1/_work/1/s/ulib/FStar.All.fst and all subsequent files
FStar.MRef.fst(0,0-0,0): (Warning 241) Absent cache file FStar.MRef.fst.checked; will recheck FStar.MRef.fst and all subsequent files
FStar.OrdMapProps.fst(0,0-0,0): (Warning 241) Absent cache file FStar.OrdMapProps.fst.checked; will recheck FStar.OrdMapProps.fst and all subsequent files
C:/build/agent1/_work/1/s/ulib/FStar.Option.fst(0,0-0,0): (Warning 241) Absent cache file _cache\FStar.Option.fst.checked; will recheck C:/build/agent1/_work/1/s/ulib/FStar.Option.fst and all subsequent files
C:/build/agent1/_work/1/s/ulib/FStar.IO.fst(0,0-0,0): (Warning 241) Absent cache file _cache\FStar.IO.fst.checked; will recheck C:/build/agent1/_work/1/s/ulib/FStar.IO.fst and all subsequent files
MAC.fst(45,0-45,53): (Warning 272) Top-level let-bindings must be total; this term may have effects
RPC.fst(9,0-9,53): (Warning 272) Top-level let-bindings must be total; this term may have effects
RPC.fst(23,0-23,39): (Warning 272) Top-level let-bindings must be total; this term may have effects
RPC.fst(48,0-49,16): (Warning 272) Top-level let-bindings must be total; this term may have effects
RPC.fst(116,0-116,17): (Warning 272) Top-level let-bindings must be total; this term may have effects
MAC.fst(45,0-45,53): (Warning 272) Top-level let-bindings must be total; this term may have effects
CntProtocol.fst(12,0-12,53): (Warning 272) Top-level let-bindings must be total; this term may have effects
CntProtocol.fst(27,0-27,26): (Warning 272) Top-level let-bindings must be total; this term may have effects
CntProtocol.fst(30,0-30,54): (Warning 272) Top-level let-bindings must be total; this term may have effects
CntProtocol.fst(33,0-33,54): (Warning 272) Top-level let-bindings must be total; this term may have effects
CntProtocol.fst(97,0-97,39): (Warning 272) Top-level let-bindings must be total; this term may have effects
CntProtocol.fst(124,0-124,18): (Warning 272) Top-level let-bindings must be total; this term may have effects
CntProtocol.fst(168,0-184,5): (Warning 272) Top-level let-bindings must be total; this term may have effects
C:/build/agent1/_work/1/s/ulib/FStar.OrdMap.fst(0,0-0,0): (Warning 241) Stale cache file _cache\FStar.OrdMap.fst.checked; will recheck C:/build/agent1/_work/1/s/ulib/FStar.OrdMap.fst and all subsequent files
MetaCoq.fst(0,0-0,0): (Warning 241) Absent cache file _cache\MetaCoq.fst.checked; will recheck MetaCoq.fst and all subsequent files
C:/build/agent1/_work/1/s/ulib/FStar.OrdMapProps.fst(0,0-0,0): (Warning 241) Stale cache file _cache\FStar.OrdMapProps.fst.checked; will recheck C:/build/agent1/_work/1/s/ulib/FStar.OrdMapProps.fst and all subsequent files
C:/build/agent1/_work/1/s/ulib/FStar.List.fst(0,0-0,0): (Warning 241) Absent cache file _cache\FStar.List.fst.checked; will recheck C:/build/agent1/_work/1/s/ulib/FStar.List.fst and all subsequent files
C:/build/agent1/_work/1/s/ulib/FStar.Seq.Properties.fst(0,0-0,0): (Warning 241) Absent cache file _cache\FStar.Seq.Properties.fst.checked; will recheck C:/build/agent1/_work/1/s/ulib/FStar.Seq.Properties.fst and all subsequent files
C:/build/agent1/_work/1/s/ulib/FStar.Seq.Properties.fst(472,2-472,25): (Warning 252) (Hint-replay failed): could not prove post-condition (see also C:/build/agent1/_work/1/s/ulib/FStar.Seq.Properties.fst(470,20-470,28))
FStar.Reader.fst(0,0-0,0): (Warning 241) Absent cache file FStar.Reader.fst.checked; will recheck FStar.Reader.fst and all subsequent files
C:/build/agent1/_work/1/s/ulib/FStar.Seq.fst(0,0-0,0): (Warning 241) Absent cache file _cache\FStar.Seq.fst.checked; will recheck C:/build/agent1/_work/1/s/ulib/FStar.Seq.fst and all subsequent files
FStar.Tactics.Util.fst(0,0-0,0): (Warning 241) Absent cache file FStar.Tactics.Util.fst.checked; will recheck FStar.Tactics.Util.fst and all subsequent files
HyE.CCA2.fst(43,32-44,2): (Warning 271) Pattern ((ite (= (BoundV 0) (BoxBool (true ))) (BoundV 3) (HyE.PlainPKE.repr (BoundV 4)))) contains illegal symbols; dropping it (see also C:\build\agent1\_work\1\s\ulib\FStar.Monotonic.Seq.fst(72,20-72,61))
C:/build/agent1/_work/1/s/ulib/FStar.HyperStack.fst(0,0-0,0): (Warning 241) Absent cache file C:/build/agent1/_work/1/s/ulib/FStar.HyperStack.fst.checked; will recheck C:/build/agent1/_work/1/s/ulib/FStar.HyperStack.fst and all subsequent files
C:/build/agent1/_work/1/s/ulib/FStar.Seq.Properties.fst(0,0-0,0): (Warning 241) Absent cache file C:/build/agent1/_work/1/s/ulib/FStar.Seq.Properties.fst.checked; will recheck C:/build/agent1/_work/1/s/ulib/FStar.Seq.Properties.fst and all subsequent files
C:/build/agent1/_work/1/s/ulib/FStar.Seq.Properties.fst(472,2-472,25): (Warning 252) (Hint-replay failed): could not prove post-condition (see also C:/build/agent1/_work/1/s/ulib/FStar.Seq.Properties.fst(470,20-470,28))
C:/build/agent1/_work/1/s/ulib/FStar.Seq.fst(0,0-0,0): (Warning 241) Absent cache file C:/build/agent1/_work/1/s/ulib/FStar.Seq.fst.checked; will recheck C:/build/agent1/_work/1/s/ulib/FStar.Seq.fst and all subsequent files
FStar.Tactics.Builtins.fst(0,0-0,0): (Warning 241) Absent cache file FStar.Tactics.Builtins.fst.checked; will recheck FStar.Tactics.Builtins.fst and all subsequent files
Ex01a.fst(60,0-60,48): (Warning 272) Top-level let-bindings must be total; this term may have effects
Ex01a.fst(60,0-60,48): (Warning 272) Top-level let-bindings must be total; this term may have effects
make[2]: [Makefile:68: Ex01a-ocaml] Error 2 (ignored)
make[2]: Target 'all' not remade because of errors.
make[1]: *** [Makefile:40: vale.all] Error 2
FStar.All.fst(0,0-0,0): (Warning 241) Absent cache file FStar.All.fst.checked; will recheck FStar.All.fst and all subsequent files
FStar.Ref.fst(0,0-0,0): (Warning 241) Absent cache file FStar.Ref.fst.checked; will recheck FStar.Ref.fst and all subsequent files
FStar.Seq.Properties.fst(0,0-0,0): (Warning 241) Absent cache file FStar.Seq.Properties.fst.checked; will recheck FStar.Seq.Properties.fst and all subsequent files
FStar.Seq.Properties.fst(472,2-472,25): (Warning 252) (Hint-replay failed): could not prove post-condition (see also FStar.Seq.Properties.fst(470,20-470,28))
Test.HyperStack.fst(253,27-253,36): (Warning 288) FStar.HyperStack.ST.salloc_mm is deprecated, use use salloc instead instead
Test.HyperStack.fst(262,10-262,15): (Warning 288) FStar.HyperStack.ST.sfree is deprecated, use use salloc instead instead
Test.HyperStack.fst(272,27-272,36): (Warning 288) FStar.HyperStack.ST.salloc_mm is deprecated, use use salloc instead instead
FStar.IO.fst(0,0-0,0): (Warning 241) Absent cache file FStar.IO.fst.checked; will recheck FStar.IO.fst and all subsequent files
FStar.List.fst(0,0-0,0): (Warning 241) Absent cache file FStar.List.fst.checked; will recheck FStar.List.fst and all subsequent files
C:/build/agent1/_work/1/s/ulib/FStar.HyperStack.ST.fst(0,0-0,0): (Warning 241) Absent cache file _cache\FStar.HyperStack.ST.fst.checked; will recheck C:/build/agent1/_work/1/s/ulib/FStar.HyperStack.ST.fst and all subsequent files
C:/build/agent1/_work/1/s/ulib/FStar.HyperStack.ST.fst(179,3-180,46): (Warning 252) (Hint-replay failed): could not prove post-condition (see also C:/build/agent1/_work/1/s/ulib/FStar.HyperStack.ST.fst(179,72-179,104))
C:/build/agent1/_work/1/s/ulib/FStar.HyperStack.ST.fst(182,3-184,98): (Warning 252) (Hint-replay failed): could not prove post-condition (see also C:/build/agent1/_work/1/s/ulib/FStar.HyperStack.ST.fst(145,4-145,52))
C:/build/agent1/_work/1/s/ulib/FStar.HyperStack.ST.fst(186,3-187,49): (Warning 252) (Hint-replay failed): could not prove post-condition (see also C:/build/agent1/_work/1/s/ulib/FStar.HyperStack.ST.fst(186,78-186,112))
C:/build/agent1/_work/1/s/ulib/FStar.HyperStack.ST.fst(189,3-192,4): (Warning 252) (Hint-replay failed): could not prove post-condition (see also C:/build/agent1/_work/1/s/ulib/FStar.HyperStack.ST.fst(145,4-145,52))
C:/build/agent1/_work/1/s/ulib/FStar.HyperStack.ST.fst(195,3-196,57): (Warning 252) (Hint-replay failed): could not prove post-condition (see also C:/build/agent1/_work/1/s/ulib/FStar.HyperStack.ST.fst(195,79-195,115))
C:/build/agent1/_work/1/s/ulib/FStar.HyperStack.ST.fst(198,3-201,4): (Warning 252) (Hint-replay failed): could not prove post-condition (see also C:/build/agent1/_work/1/s/ulib/FStar.HyperStack.ST.fst(145,4-145,52))
C:/build/agent1/_work/1/s/ulib/FStar.HyperStack.ST.fst(204,3-205,63): (Warning 252) (Hint-replay failed): could not prove post-condition (see also C:/build/agent1/_work/1/s/ulib/FStar.HyperStack.ST.fst(204,85-204,127))
C:/build/agent1/_work/1/s/ulib/FStar.HyperStack.ST.fst(207,3-211,4): (Warning 252) (Hint-replay failed): could not prove post-condition (see also C:/build/agent1/_work/1/s/ulib/FStar.HyperStack.ST.fst(145,4-145,52))
C:/build/agent1/_work/1/s/ulib/FStar.HyperStack.ST.fst(632,3-634,4): (Warning 252) (Hint-replay failed): assertion failed (see also C:/build/agent1/_work/1/s/ulib/FStar.HyperStack.ST.fst(98,76-98,87))
C:/build/agent1/_work/1/s/ulib/FStar.HyperStack.ST.fst(643,52-643,54): (Warning 252) (Hint-replay failed): Subtyping check failed; expected type Prims.squash (forall (x: c). FStar.HyperStack.ST.witnessed (p' x)); got type Prims.unit (see also C:/build/agent1/_work/1/s/ulib/FStar.HyperStack.ST.fst(643,32-643,48))
FStar.Option.fst(0,0-0,0): (Warning 241) Absent cache file FStar.Option.fst.checked; will recheck FStar.Option.fst and all subsequent files
FStar.Relational.Comp.fst(0,0-0,0): (Warning 241) Absent cache file FStar.Relational.Comp.fst.checked; will recheck FStar.Relational.Comp.fst and all subsequent files
IntegerParsing.fst(88,0-90,41): (Warning 252) Failed to verify implicit argument: assertion failed (see also Slice.fst(25,12-25,22))
IntegerParsing.fst(88,0-90,41): (Warning 252) Failed to verify implicit argument: assertion failed (see also Slice.fst(25,12-25,22))
IntegerParsing.fst(88,0-90,41): (Warning 252) Failed to verify implicit argument: assertion failed (see also Slice.fst(25,12-25,22))
IntegerParsing.fst(88,0-90,41): (Warning 252) Failed to verify implicit argument: assertion failed (see also Slice.fst(25,12-25,22))
IntegerParsing.fst(88,0-90,41): (Warning 252) Failed to verify implicit argument: assertion failed (see also Slice.fst(25,12-25,22))
IntegerParsing.fst(88,0-90,41): (Warning 252) Failed to verify implicit argument: assertion failed (see also Slice.fst(25,12-25,22))
IntegerParsing.fst(88,0-90,41): (Warning 252) Failed to verify implicit argument: assertion failed (see also Slice.fst(25,12-25,22))
IntegerParsing.fst(88,0-90,41): (Warning 252) Failed to verify implicit argument: assertion failed (see also Slice.fst(25,12-25,22))
IntegerParsing.fst(88,0-90,41): (Warning 252) Failed to verify implicit argument: assertion failed (see also Slice.fst(25,12-25,22))
IntegerParsing.fst(88,0-90,41): (Warning 252) Failed to verify implicit argument: assertion failed (see also Slice.fst(25,12-25,22))
IntegerParsing.fst(88,0-90,41): (Warning 252) Failed to verify implicit argument: assertion failed (see also Slice.fst(25,12-25,22))
IntegerParsing.fst(88,0-90,41): (Warning 252) Failed to verify implicit argument: assertion failed (see also Slice.fst(25,12-25,22))
IntegerParsing.fst(97,0-100,38): (Warning 252) Failed to verify implicit argument: assertion failed (see also Slice.fst(25,12-25,22))
IntegerParsing.fst(97,0-100,38): (Warning 252) Failed to verify implicit argument: assertion failed (see also Slice.fst(25,12-25,22))
IntegerParsing.fst(97,0-100,38): (Warning 252) Failed to verify implicit argument: assertion failed (see also Slice.fst(25,12-25,22))
IntegerParsing.fst(97,0-100,38): (Warning 252) Failed to verify implicit argument: assertion failed (see also Slice.fst(25,12-25,22))
IntegerParsing.fst(97,0-100,38): (Warning 252) Failed to verify implicit argument: assertion failed (see also Slice.fst(25,12-25,22))
IntegerParsing.fst(97,0-100,38): (Warning 252) Failed to verify implicit argument: assertion failed (see also Slice.fst(25,12-25,22))
IntegerParsing.fst(97,0-100,38): (Warning 252) Failed to verify implicit argument: assertion failed (see also Slice.fst(25,12-25,22))
IntegerParsing.fst(97,0-100,38): (Warning 252) Failed to verify implicit argument: assertion failed (see also Slice.fst(25,12-25,22))
IntegerParsing.fst(97,0-100,38): (Warning 252) Failed to verify implicit argument: assertion failed (see also Slice.fst(25,12-25,22))
IntegerParsing.fst(97,0-100,38): (Warning 252) Failed to verify implicit argument: assertion failed (see also Slice.fst(25,12-25,22))
IntegerParsing.fst(97,0-100,38): (Warning 252) Failed to verify implicit argument: assertion failed (see also Slice.fst(25,12-25,22))
IntegerParsing.fst(97,0-100,38): (Warning 252) Failed to verify implicit argument: assertion failed (see also Slice.fst(25,12-25,22))
IntegerParsing.fst(107,0-110,40): (Warning 252) Failed to verify implicit argument: assertion failed (see also Slice.fst(25,12-25,22))
IntegerParsing.fst(107,0-110,40): (Warning 252) Failed to verify implicit argument: assertion failed (see also Slice.fst(25,12-25,22))
IntegerParsing.fst(107,0-110,40): (Warning 252) Failed to verify implicit argument: assertion failed (see also Slice.fst(25,12-25,22))
IntegerParsing.fst(107,0-110,40): (Warning 252) Failed to verify implicit argument: assertion failed (see also Slice.fst(25,12-25,22))
IntegerParsing.fst(107,0-110,40): (Warning 252) Failed to verify implicit argument: assertion failed (see also Slice.fst(25,12-25,22))
IntegerParsing.fst(107,0-110,40): (Warning 252) Failed to verify implicit argument: assertion failed (see also Slice.fst(25,12-25,22))
IntegerParsing.fst(107,0-110,40): (Warning 252) Failed to verify implicit argument: assertion failed (see also Slice.fst(25,12-25,22))
IntegerParsing.fst(107,0-110,40): (Warning 252) Failed to verify implicit argument: assertion failed (see also Slice.fst(25,12-25,22))
IntegerParsing.fst(107,0-110,40): (Warning 252) Failed to verify implicit argument: assertion failed (see also Slice.fst(25,12-25,22))
IntegerParsing.fst(107,0-110,40): (Warning 252) Failed to verify implicit argument: assertion failed (see also Slice.fst(25,12-25,22))
IntegerParsing.fst(107,0-110,40): (Warning 252) Failed to verify implicit argument: assertion failed (see also Slice.fst(25,12-25,22))
IntegerParsing.fst(107,0-110,40): (Warning 252) Failed to verify implicit argument: assertion failed (see also Slice.fst(25,12-25,22))
IntegerParsing.fst(88,0-90,41): (Error 19) Failed to verify implicit argument: assertion failed (see also Slice.fst(25,12-25,22))
IntegerParsing.fst(88,0-90,41): (Error 19) Failed to verify implicit argument: assertion failed (see also Slice.fst(25,12-25,22))
IntegerParsing.fst(88,0-90,41): (Error 19) Failed to verify implicit argument: assertion failed (see also Slice.fst(25,12-25,22))
IntegerParsing.fst(97,0-100,38): (Error 19) Failed to verify implicit argument: assertion failed (see also Slice.fst(25,12-25,22))
IntegerParsing.fst(97,0-100,38): (Error 19) Failed to verify implicit argument: assertion failed (see also Slice.fst(25,12-25,22))
IntegerParsing.fst(97,0-100,38): (Error 19) Failed to verify implicit argument: assertion failed (see also Slice.fst(25,12-25,22))
IntegerParsing.fst(107,0-110,40): (Error 19) Failed to verify implicit argument: assertion failed (see also Slice.fst(25,12-25,22))
IntegerParsing.fst(107,0-110,40): (Error 19) Failed to verify implicit argument: assertion failed (see also Slice.fst(25,12-25,22))
IntegerParsing.fst(107,0-110,40): (Error 19) Failed to verify implicit argument: assertion failed (see also Slice.fst(25,12-25,22))
Verified i'face (or impl+i'face): IntegerParsing (120034 milliseconds)
9 errors were reported (see above)
make[2]: *** [../Makefile.include:19: IntegerParsing.uver] Error 1
FStar.Seq.fst(0,0-0,0): (Warning 241) Stale cache file FStar.Seq.fst.checked; will recheck FStar.Seq.fst and all subsequent files
FStar.Util.fst(0,0-0,0): (Warning 241) Absent cache file FStar.Util.fst.checked; will recheck FStar.Util.fst and all subsequent files
C:/build/agent1/_work/1/s/ulib/FStar.BitVector.fst(0,0-0,0): (Warning 241) Absent cache file C:/build/agent1/_work/1/s/ulib/FStar.BitVector.fst.checked; will recheck C:/build/agent1/_work/1/s/ulib/FStar.BitVector.fst and all subsequent files
FStar.Error.fst(0,0-0,0): (Warning 241) Absent cache file FStar.Error.fst.checked; will recheck FStar.Error.fst and all subsequent files
C:/build/agent1/_work/1/s/ulib/FStar.Matrix2.fsti(0,0-0,0): (Warning 241) Absent cache file _cache\FStar.Matrix2.fsti.checked; will recheck C:/build/agent1/_work/1/s/ulib/FStar.Matrix2.fsti and all subsequent files
NegativeTests.BST.fst(22,38-22,42): (Warning 252) Subtyping check failed; expected type right:
FStar.Pervasives.Native.option (NegativeTests.BST.tree 2)
{ 0 <= 1 /\ 1 <= 2 /\ None? right <==> (1 = 2) /\
None? (FStar.Pervasives.Native.None) <==> (1 = 0) }; got type FStar.Pervasives.Native.option (NegativeTests.BST.tree 2) (see also NegativeTests.BST.fst(12,37-12,48))
NegativeTests.BST.fst(22,38-22,42): (Warning 252) Subtyping check failed; expected type right:
FStar.Pervasives.Native.option (NegativeTests.BST.tree 2)
{ 0 <= 1 /\ 1 <= 2 /\ None? right <==> (1 = 2) /\
None? (FStar.Pervasives.Native.None) <==> (1 = 0) }; got type FStar.Pervasives.Native.option (NegativeTests.BST.tree 2) (see also NegativeTests.BST.fst(12,37-12,48))
NegativeTests.BST.fst(22,38-22,42): (Warning 252) Subtyping check failed; expected type right:
FStar.Pervasives.Native.option (NegativeTests.BST.tree 2)
{ 0 <= 1 /\ 1 <= 2 /\ None? right <==> (1 = 2) /\
None? (FStar.Pervasives.Native.None) <==> (1 = 0) }; got type FStar.Pervasives.Native.option (NegativeTests.BST.tree 2) (see also NegativeTests.BST.fst(12,37-12,48))
NegativeTests.BST.fst(22,38-22,42): (Warning 252) Subtyping check failed; expected type right:
FStar.Pervasives.Native.option (NegativeTests.BST.tree 2)
{ 0 <= 1 /\ 1 <= 2 /\ None? right <==> (1 = 2) /\
None? (FStar.Pervasives.Native.None) <==> (1 = 0) }; got type FStar.Pervasives.Native.option (NegativeTests.BST.tree 2) (see also NegativeTests.BST.fst(12,37-12,48))
NegativeTests.BST.fst(25,61-25,65): (Warning 252) Subtyping check failed; expected type right:
FStar.Pervasives.Native.option (NegativeTests.BST.tree (l + 1))
{ l <= l /\ l <= l + 1 /\ None? right <==> (l = l + 1) /\
None? (FStar.Pervasives.Native.Some t) <==> (l = l) }; got type FStar.Pervasives.Native.option (NegativeTests.BST.tree (l + 1)) (see also NegativeTests.BST.fst(12,36-12,58))
NegativeTests.BST.fst(25,61-25,65): (Warning 252) Subtyping check failed; expected type right:
FStar.Pervasives.Native.option (NegativeTests.BST.tree (l + 1))
{ l <= l /\ l <= l + 1 /\ None? right <==> (l = l + 1) /\
None? (FStar.Pervasives.Native.Some t) <==> (l = l) }; got type FStar.Pervasives.Native.option (NegativeTests.BST.tree (l + 1)) (see also NegativeTests.BST.fst(12,36-12,58))
NegativeTests.BST.fst(25,61-25,65): (Warning 252) Subtyping check failed; expected type right:
FStar.Pervasives.Native.option (NegativeTests.BST.tree (l + 1))
{ l <= l /\ l <= l + 1 /\ None? right <==> (l = l + 1) /\
None? (FStar.Pervasives.Native.Some t) <==> (l = l) }; got type FStar.Pervasives.Native.option (NegativeTests.BST.tree (l + 1)) (see also NegativeTests.BST.fst(12,36-12,58))
NegativeTests.BST.fst(25,61-25,65): (Warning 252) Subtyping check failed; expected type right:
FStar.Pervasives.Native.option (NegativeTests.BST.tree (l + 1))
{ l <= l /\ l <= l + 1 /\ None? right <==> (l = l + 1) /\
None? (FStar.Pervasives.Native.Some t) <==> (l = l) }; got type FStar.Pervasives.Native.option (NegativeTests.BST.tree (l + 1)) (see also NegativeTests.BST.fst(12,36-12,58))
NegativeTests.BST.fst(28,78-28,87): (Warning 252) Subtyping check failed; expected type right:
FStar.Pervasives.Native.option (NegativeTests.BST.tree (l + 1))
{ l <= l + 1 /\ l + 1 <= l + 1 /\ None? right <==> (l + 1 = l + 1) /\
None? (FStar.Pervasives.Native.Some t1) <==> (l + 1 = l) }; got type FStar.Pervasives.Native.option (NegativeTests.BST.tree (l + 1)) (see also NegativeTests.BST.fst(12,37-12,48))
NegativeTests.BST.fst(28,78-28,87): (Warning 252) Subtyping check failed; expected type right:
FStar.Pervasives.Native.option (NegativeTests.BST.tree (l + 1))
{ l <= l + 1 /\ l + 1 <= l + 1 /\ None? right <==> (l + 1 = l + 1) /\
None? (FStar.Pervasives.Native.Some t1) <==> (l + 1 = l) }; got type FStar.Pervasives.Native.option (NegativeTests.BST.tree (l + 1)) (see also NegativeTests.BST.fst(12,37-12,48))
NegativeTests.BST.fst(28,78-28,87): (Warning 252) Subtyping check failed; expected type right:
FStar.Pervasives.Native.option (NegativeTests.BST.tree (l + 1))
{ l <= l + 1 /\ l + 1 <= l + 1 /\ None? right <==> (l + 1 = l + 1) /\
None? (FStar.Pervasives.Native.Some t1) <==> (l + 1 = l) }; got type FStar.Pervasives.Native.option (NegativeTests.BST.tree (l + 1)) (see also NegativeTests.BST.fst(12,37-12,48))
NegativeTests.BST.fst(28,78-28,87): (Warning 252) Subtyping check failed; expected type right:
FStar.Pervasives.Native.option (NegativeTests.BST.tree (l + 1))
{ l <= l + 1 /\ l + 1 <= l + 1 /\ None? right <==> (l + 1 = l + 1) /\
None? (FStar.Pervasives.Native.Some t1) <==> (l + 1 = l) }; got type FStar.Pervasives.Native.option (NegativeTests.BST.tree (l + 1)) (see also NegativeTests.BST.fst(12,37-12,48))
C:/build/agent1/_work/1/s/ulib/FStar.BitVector.fst(0,0-0,0): (Warning 241) Absent cache file _cache\FStar.BitVector.fst.checked; will recheck C:/build/agent1/_work/1/s/ulib/FStar.BitVector.fst and all subsequent files
NegativeTests.Heap.fst(11,14-11,54): (Warning 252) assertion failed (see also NegativeTests.Heap.fst(11,21-11,54))
NegativeTests.Heap.fst(11,14-11,54): (Warning 252) assertion failed (see also NegativeTests.Heap.fst(11,21-11,54))
NegativeTests.Heap.fst(11,14-11,54): (Warning 252) assertion failed (see also NegativeTests.Heap.fst(11,21-11,54))
NegativeTests.Heap.fst(11,14-11,54): (Warning 252) assertion failed (see also NegativeTests.Heap.fst(11,21-11,54))
C:/build/agent1/_work/1/s/ulib/FStar.Fin.fst(0,0-0,0): (Warning 241) Absent cache file _cache\FStar.Fin.fst.checked; will recheck C:/build/agent1/_work/1/s/ulib/FStar.Fin.fst and all subsequent files
C:/build/agent1/_work/1/s/ulib/FStar.Fin.fst(31,4-36,2): (Warning 252) (Hint-replay failed): assertion failed (see also prims.fst(210,68-210,80))
C:/build/agent1/_work/1/s/ulib/FStar.Fin.fst(31,4-36,2): (Warning 252) (Hint-replay failed): could not prove post-condition (see also C:/build/agent1/_work/1/s/ulib/FStar.Fin.fst(33,41-33,68))
C:/build/agent1/_work/1/s/ulib/FStar.Fin.fst(31,4-36,2): (Warning 252) (Hint-replay failed): assertion failed (see also prims.fst(210,68-210,80))
C:/build/agent1/_work/1/s/ulib/FStar.Fin.fst(31,4-36,2): (Warning 252) (Hint-replay failed): could not prove post-condition (see also C:/build/agent1/_work/1/s/ulib/FStar.Fin.fst(33,41-33,68))
NegativeTests.ShortCircuiting.fst(6,16-6,33): (Warning 252) Subtyping check failed; expected type b: Prims.bool{NegativeTests.ShortCircuiting.bad_p b}; got type Prims.bool (see also NegativeTests.ShortCircuiting.fst(4,31-4,38))
NegativeTests.ShortCircuiting.fst(6,16-6,33): (Warning 252) Subtyping check failed; expected type b: Prims.bool{NegativeTests.ShortCircuiting.bad_p b}; got type Prims.bool (see also NegativeTests.ShortCircuiting.fst(4,31-4,38))
NegativeTests.ShortCircuiting.fst(6,16-6,33): (Warning 252) Subtyping check failed; expected type b: Prims.bool{NegativeTests.ShortCircuiting.bad_p b}; got type Prims.bool (see also NegativeTests.ShortCircuiting.fst(4,31-4,38))
NegativeTests.ShortCircuiting.fst(6,16-6,33): (Warning 252) Subtyping check failed; expected type b: Prims.bool{NegativeTests.ShortCircuiting.bad_p b}; got type Prims.bool (see also NegativeTests.ShortCircuiting.fst(4,31-4,38))
C:\build\agent1\_work\1\s\ulib\prims.fst(238,30-238,42): (Warning 252) assertion failed (see also C:\build\agent1\_work\1\s\ulib\prims.fst(210,68-210,80))
C:\build\agent1\_work\1\s\ulib\prims.fst(238,30-238,42): (Warning 252) assertion failed (see also C:\build\agent1\_work\1\s\ulib\prims.fst(210,68-210,80))
C:\build\agent1\_work\1\s\ulib\prims.fst(238,30-238,42): (Warning 252) assertion failed (see also C:\build\agent1\_work\1\s\ulib\prims.fst(210,68-210,80))
C:\build\agent1\_work\1\s\ulib\prims.fst(238,30-238,42): (Warning 252) assertion failed (see also C:\build\agent1\_work\1\s\ulib\prims.fst(210,68-210,80))
SL.ExamplesAuto.fst(77,3-78,4): (Warning 252) (Hint-replay failed): could not prove post-condition (see also SL.ExamplesAuto.fst(77,9-77,36))
SL.ExamplesAuto.fst(325,9-325,12): (Warning 252) (Hint-replay failed): could not prove post-condition (see also SL.ExamplesAuto.fst(324,29-324,32))
SL.ExamplesAuto.fst(403,26-404,4): (Error 23) user tactic failed: Cannot clear; binder appears in witness
1 error was reported (see above)
make[2]: *** [Makefile:14: examples] Error 1
make[2]: Target 'all' not remade because of errors.
make[1]: *** [Makefile:40: seplogic.all] Error 2
C:/build/agent1/_work/1/s/kremlin/kremlib/Spec.Loops.fst(0,0-0,0): (Warning 241) Absent cache file _cache\Spec.Loops.fst.checked; will recheck C:/build/agent1/_work/1/s/kremlin/kremlib/Spec.Loops.fst and all subsequent files
Unable to open hints file: C:\build\agent1\_work\1\s\kremlin\kremlib\Spec.Loops.fst.hints; ran without hints
C:/build/agent1/_work/1/s/ulib/FStar.HyperStack.ST.fst(0,0-0,0): (Warning 241) Absent cache file C:/build/agent1/_work/1/s/ulib/FStar.HyperStack.ST.fst.checked; will recheck C:/build/agent1/_work/1/s/ulib/FStar.HyperStack.ST.fst and all subsequent files
C:/build/agent1/_work/1/s/ulib/FStar.HyperStack.ST.fst(179,3-180,46): (Warning 252) (Hint-replay failed): could not prove post-condition (see also C:/build/agent1/_work/1/s/ulib/FStar.HyperStack.ST.fst(179,72-179,104))
C:/build/agent1/_work/1/s/ulib/FStar.HyperStack.ST.fst(182,3-184,98): (Warning 252) (Hint-replay failed): could not prove post-condition (see also C:/build/agent1/_work/1/s/ulib/FStar.HyperStack.ST.fst(145,4-145,52))
C:/build/agent1/_work/1/s/ulib/FStar.HyperStack.ST.fst(186,3-187,49): (Warning 252) (Hint-replay failed): could not prove post-condition (see also C:/build/agent1/_work/1/s/ulib/FStar.HyperStack.ST.fst(186,78-186,112))
C:/build/agent1/_work/1/s/ulib/FStar.HyperStack.ST.fst(189,3-192,4): (Warning 252) (Hint-replay failed): could not prove post-condition (see also C:/build/agent1/_work/1/s/ulib/FStar.HyperStack.ST.fst(145,4-145,52))
C:/build/agent1/_work/1/s/ulib/FStar.HyperStack.ST.fst(195,3-196,57): (Warning 252) (Hint-replay failed): could not prove post-condition (see also C:/build/agent1/_work/1/s/ulib/FStar.HyperStack.ST.fst(195,79-195,115))
C:/build/agent1/_work/1/s/ulib/FStar.HyperStack.ST.fst(198,3-201,4): (Warning 252) (Hint-replay failed): could not prove post-condition (see also C:/build/agent1/_work/1/s/ulib/FStar.HyperStack.ST.fst(145,4-145,52))
C:/build/agent1/_work/1/s/ulib/FStar.HyperStack.ST.fst(204,3-205,63): (Warning 252) (Hint-replay failed): could not prove post-condition (see also C:/build/agent1/_work/1/s/ulib/FStar.HyperStack.ST.fst(204,85-204,127))
C:/build/agent1/_work/1/s/ulib/FStar.HyperStack.ST.fst(207,3-211,4): (Warning 252) (Hint-replay failed): could not prove post-condition (see also C:/build/agent1/_work/1/s/ulib/FStar.HyperStack.ST.fst(145,4-145,52))
C:/build/agent1/_work/1/s/ulib/FStar.HyperStack.ST.fst(632,3-634,4): (Warning 252) (Hint-replay failed): assertion failed (see also C:/build/agent1/_work/1/s/ulib/FStar.HyperStack.ST.fst(98,76-98,87))
C:/build/agent1/_work/1/s/ulib/FStar.HyperStack.ST.fst(643,52-643,54): (Warning 252) (Hint-replay failed): Subtyping check failed; expected type Prims.squash (forall (x: c). FStar.HyperStack.ST.witnessed (p' x)); got type Prims.unit (see also C:/build/agent1/_work/1/s/ulib/FStar.HyperStack.ST.fst(643,32-643,48))
NegativeTests.Bug260.fst(11,12-11,19): (Warning 252) Subtyping check failed; expected type NegativeTests.Bug260.validity (NegativeTests.Bug260.S (NegativeTests.Bug260.S t)); got type NegativeTests.Bug260.validity (NegativeTests.Bug260.S t) (see also NegativeTests.Bug260.fst(8,37-11,8))
NegativeTests.Bug260.fst(11,12-11,19): (Warning 252) Subtyping check failed; expected type NegativeTests.Bug260.validity (NegativeTests.Bug260.S (NegativeTests.Bug260.S t)); got type NegativeTests.Bug260.validity (NegativeTests.Bug260.S t) (see also NegativeTests.Bug260.fst(8,37-11,8))
NegativeTests.Bug260.fst(11,12-11,19): (Warning 252) Subtyping check failed; expected type NegativeTests.Bug260.validity (NegativeTests.Bug260.S (NegativeTests.Bug260.S t)); got type NegativeTests.Bug260.validity (NegativeTests.Bug260.S t) (see also NegativeTests.Bug260.fst(8,37-11,8))
NegativeTests.Bug260.fst(11,12-11,19): (Warning 252) Subtyping check failed; expected type NegativeTests.Bug260.validity (NegativeTests.Bug260.S (NegativeTests.Bug260.S t)); got type NegativeTests.Bug260.validity (NegativeTests.Bug260.S t) (see also NegativeTests.Bug260.fst(8,37-11,8))
WPExtensionality.fst(102,13-103,3): (Warning 252) assertion failed (see also C:\build\agent1\_work\1\s\ulib\prims.fst(210,68-210,80))
WPExtensionality.fst(102,13-103,3): (Warning 252) assertion failed (see also C:\build\agent1\_work\1\s\ulib\prims.fst(210,68-210,80))
WPExtensionality.fst(102,13-103,3): (Warning 252) assertion failed (see also C:\build\agent1\_work\1\s\ulib\prims.fst(210,68-210,80))
WPExtensionality.fst(102,13-103,3): (Warning 252) assertion failed (see also C:\build\agent1\_work\1\s\ulib\prims.fst(210,68-210,80))
NegativeTests.Neg.fst(5,8-5,10): (Warning 252) Subtyping check failed; expected type Prims.nat; got type Prims.int (see also C:\build\agent1\_work\1\s\ulib\prims.fst(403,17-403,23))
NegativeTests.Neg.fst(5,8-5,10): (Warning 252) Subtyping check failed; expected type Prims.nat; got type Prims.int (see also C:\build\agent1\_work\1\s\ulib\prims.fst(403,17-403,23))
NegativeTests.Neg.fst(5,8-5,10): (Warning 252) Subtyping check failed; expected type Prims.nat; got type Prims.int (see also C:\build\agent1\_work\1\s\ulib\prims.fst(403,17-403,23))
NegativeTests.Neg.fst(5,8-5,10): (Warning 252) Subtyping check failed; expected type Prims.nat; got type Prims.int (see also C:\build\agent1\_work\1\s\ulib\prims.fst(403,17-403,23))
NegativeTests.Neg.fst(8,8-8,10): (Warning 252) Subtyping check failed; expected type Prims.nat; got type Prims.int (see also C:\build\agent1\_work\1\s\ulib\prims.fst(403,17-403,23))
NegativeTests.Neg.fst(8,8-8,10): (Warning 252) Subtyping check failed; expected type Prims.nat; got type Prims.int (see also C:\build\agent1\_work\1\s\ulib\prims.fst(403,17-403,23))
NegativeTests.Neg.fst(8,8-8,10): (Warning 252) Subtyping check failed; expected type Prims.nat; got type Prims.int (see also C:\build\agent1\_work\1\s\ulib\prims.fst(403,17-403,23))
NegativeTests.Neg.fst(8,8-8,10): (Warning 252) Subtyping check failed; expected type Prims.nat; got type Prims.int (see also C:\build\agent1\_work\1\s\ulib\prims.fst(403,17-403,23))
NegativeTests.Neg.fst(11,23-11,35): (Warning 252) assertion failed (see also NegativeTests.Neg.fst(11,30-11,35))
NegativeTests.Neg.fst(11,23-11,35): (Warning 252) assertion failed (see also NegativeTests.Neg.fst(11,30-11,35))
NegativeTests.Neg.fst(11,23-11,35): (Warning 252) assertion failed (see also NegativeTests.Neg.fst(11,30-11,35))
NegativeTests.Neg.fst(11,23-11,35): (Warning 252) assertion failed (see also NegativeTests.Neg.fst(11,30-11,35))
NegativeTests.Neg.fst(14,28-15,15): (Warning 252) Patterns are incomplete
NegativeTests.Neg.fst(14,28-15,15): (Warning 252) Patterns are incomplete
NegativeTests.Neg.fst(14,28-15,15): (Warning 252) Patterns are incomplete
NegativeTests.Neg.fst(14,28-15,15): (Warning 252) Patterns are incomplete
NegativeTests.Neg.fst(22,32-22,44): (Warning 252) assertion failed (see also NegativeTests.Neg.fst(17,44-17,57))
NegativeTests.Neg.fst(22,32-22,44): (Warning 252) assertion failed (see also NegativeTests.Neg.fst(17,44-17,57))
NegativeTests.Neg.fst(22,32-22,44): (Warning 252) assertion failed (see also NegativeTests.Neg.fst(17,44-17,57))
NegativeTests.Neg.fst(22,32-22,44): (Warning 252) assertion failed (see also NegativeTests.Neg.fst(17,44-17,57))
NegativeTests.Neg.fst(26,33-26,34): (Warning 252) could not prove post-condition (see also NegativeTests.Neg.fst(24,83-24,88))
NegativeTests.Neg.fst(26,33-26,34): (Warning 252) could not prove post-condition (see also NegativeTests.Neg.fst(24,83-24,88))
NegativeTests.Neg.fst(26,33-26,34): (Warning 252) could not prove post-condition (see also NegativeTests.Neg.fst(24,83-24,88))
NegativeTests.Neg.fst(26,33-26,34): (Warning 252) could not prove post-condition (see also NegativeTests.Neg.fst(24,83-24,88))
NegativeTests.Neg.fst(30,30-30,31): (Warning 252) Subtyping check failed; expected type _: FStar.Pervasives.Native.option 'a {Some? _}; got type FStar.Pervasives.Native.option 'a (see also C:\build\agent1\_work\1\s\ulib\FStar.Pervasives.Native.fst(6,4-6,8))
NegativeTests.Neg.fst(30,30-30,31): (Warning 252) Subtyping check failed; expected type _: FStar.Pervasives.Native.option 'a {Some? _}; got type FStar.Pervasives.Native.option 'a (see also C:\build\agent1\_work\1\s\ulib\FStar.Pervasives.Native.fst(6,4-6,8))
NegativeTests.Neg.fst(30,30-30,31): (Warning 252) Subtyping check failed; expected type _: FStar.Pervasives.Native.option 'a {Some? _}; got type FStar.Pervasives.Native.option 'a (see also C:\build\agent1\_work\1\s\ulib\FStar.Pervasives.Native.fst(6,4-6,8))
NegativeTests.Neg.fst(30,30-30,31): (Warning 252) Subtyping check failed; expected type _: FStar.Pervasives.Native.option 'a {Some? _}; got type FStar.Pervasives.Native.option 'a (see also C:\build\agent1\_work\1\s\ulib\FStar.Pervasives.Native.fst(6,4-6,8))
NegativeTests.Neg.fst(34,45-34,47): (Warning 252) Subtyping check failed; expected type _: FStar.Pervasives.result Prims.int {V? _}; got type FStar.Pervasives.result Prims.int (see also C:\build\agent1\_work\1\s\ulib\FStar.Pervasives.fst(88,4-88,5))
NegativeTests.Neg.fst(34,45-34,47): (Warning 252) Subtyping check failed; expected type _: FStar.Pervasives.result Prims.int {V? _}; got type FStar.Pervasives.result Prims.int (see also C:\build\agent1\_work\1\s\ulib\FStar.Pervasives.fst(88,4-88,5))
NegativeTests.Neg.fst(34,45-34,47): (Warning 252) Subtyping check failed; expected type _: FStar.Pervasives.result Prims.int {V? _}; got type FStar.Pervasives.result Prims.int (see also C:\build\agent1\_work\1\s\ulib\FStar.Pervasives.fst(88,4-88,5))
NegativeTests.Neg.fst(34,45-34,47): (Warning 252) Subtyping check failed; expected type _: FStar.Pervasives.result Prims.int {V? _}; got type FStar.Pervasives.result Prims.int (see also C:\build\agent1\_work\1\s\ulib\FStar.Pervasives.fst(88,4-88,5))
NegativeTests.Neg.fst(39,25-39,26): (Warning 252) Subtyping check failed; expected type Prims.nat; got type Prims.int (see also C:\build\agent1\_work\1\s\ulib\prims.fst(403,17-403,23))
NegativeTests.Neg.fst(39,25-39,26): (Warning 252) Subtyping check failed; expected type Prims.nat; got type Prims.int (see also C:\build\agent1\_work\1\s\ulib\prims.fst(403,17-403,23))
NegativeTests.Neg.fst(39,25-39,26): (Warning 252) Subtyping check failed; expected type Prims.nat; got type Prims.int (see also C:\build\agent1\_work\1\s\ulib\prims.fst(403,17-403,23))
NegativeTests.Neg.fst(39,25-39,26): (Warning 252) Subtyping check failed; expected type Prims.nat; got type Prims.int (see also C:\build\agent1\_work\1\s\ulib\prims.fst(403,17-403,23))
bug1346.fst(16,5-33,54): (Error 23) user tactic failed: intro: unification failed (see also C:\build\agent1\_work\1\s\ulib\FStar.Tactics.Effect.fst(87,32-87,42))
1 error was reported (see above)
make[2]: *** [Makefile:112: bug1346.verify] Error 1
C:/build/agent1/_work/1/s/ulib/FStar.Array.fst(0,0-0,0): (Warning 241) Absent cache file _cache\FStar.Array.fst.checked; will recheck C:/build/agent1/_work/1/s/ulib/FStar.Array.fst and all subsequent files
NegativeTests.Termination.fst(6,26-6,27): (Warning 252) Subtyping check failed; expected type m: Prims.int{m << %[ m; l ]}; got type Prims.int (see also NegativeTests.Termination.fst(6,20-6,29))
NegativeTests.Termination.fst(6,26-6,27): (Warning 252) Subtyping check failed; expected type m: Prims.int{m << %[ m; l ]}; got type Prims.int (see also NegativeTests.Termination.fst(6,20-6,29))
NegativeTests.Termination.fst(6,26-6,27): (Warning 252) Subtyping check failed; expected type m: Prims.int{m << %[ m; l ]}; got type Prims.int (see also NegativeTests.Termination.fst(6,20-6,29))
NegativeTests.Termination.fst(6,26-6,27): (Warning 252) Subtyping check failed; expected type m: Prims.int{m << %[ m; l ]}; got type Prims.int (see also NegativeTests.Termination.fst(6,20-6,29))
NegativeTests.Termination.fst(13,26-13,35): (Warning 252) Subtyping check failed; expected type _: Prims.int{%[ n; _ ] << %[ n; count ]}; got type Prims.int (see also NegativeTests.Termination.fst(11,2-13,35))
NegativeTests.Termination.fst(13,26-13,35): (Warning 252) Subtyping check failed; expected type _: Prims.int{%[ n; _ ] << %[ n; count ]}; got type Prims.int (see also NegativeTests.Termination.fst(11,2-13,35))
NegativeTests.Termination.fst(13,26-13,35): (Warning 252) Subtyping check failed; expected type _: Prims.int{%[ n; _ ] << %[ n; count ]}; got type Prims.int (see also NegativeTests.Termination.fst(11,2-13,35))
NegativeTests.Termination.fst(13,26-13,35): (Warning 252) Subtyping check failed; expected type _: Prims.int{%[ n; _ ] << %[ n; count ]}; got type Prims.int (see also NegativeTests.Termination.fst(11,2-13,35))
NegativeTests.Termination.fst(20,43-20,44): (Warning 252) Subtyping check failed; expected type n: Prims.int{%[ m - 1; n ] << %[ m; n ]}; got type Prims.int (see also NegativeTests.Termination.fst(19,2-21,54))
NegativeTests.Termination.fst(20,43-20,44): (Warning 252) Subtyping check failed; expected type n: Prims.int{%[ m - 1; n ] << %[ m; n ]}; got type Prims.int (see also NegativeTests.Termination.fst(19,2-21,54))
NegativeTests.Termination.fst(20,43-20,44): (Warning 252) Subtyping check failed; expected type n: Prims.int{%[ m - 1; n ] << %[ m; n ]}; got type Prims.int (see also NegativeTests.Termination.fst(19,2-21,54))
NegativeTests.Termination.fst(20,43-20,44): (Warning 252) Subtyping check failed; expected type n: Prims.int{%[ m - 1; n ] << %[ m; n ]}; got type Prims.int (see also NegativeTests.Termination.fst(19,2-21,54))
NegativeTests.Termination.fst(27,28-27,29): (Warning 252) Subtyping check failed; expected type _: Prims.list 'a {_ << l}; got type Prims.list 'a (see also NegativeTests.Termination.fst(25,23-27,29))
NegativeTests.Termination.fst(27,28-27,29): (Warning 252) Subtyping check failed; expected type _: Prims.list 'a {_ << l}; got type Prims.list 'a (see also NegativeTests.Termination.fst(25,23-27,29))
NegativeTests.Termination.fst(27,28-27,29): (Warning 252) Subtyping check failed; expected type _: Prims.list 'a {_ << l}; got type Prims.list 'a (see also NegativeTests.Termination.fst(25,23-27,29))
NegativeTests.Termination.fst(27,28-27,29): (Warning 252) Subtyping check failed; expected type _: Prims.list 'a {_ << l}; got type Prims.list 'a (see also NegativeTests.Termination.fst(25,23-27,29))
NegativeTests.Termination.fst(40,15-40,29): (Warning 252) Subtyping check failed; expected type x: Prims.nat{x <= v} -> Prims.Tot Prims.nat; got type _: _: Prims.nat{_ << v} -> Prims.Tot Prims.nat (see also NegativeTests.Termination.fst(38,2-40,29))
NegativeTests.Termination.fst(40,15-40,29): (Warning 252) Subtyping check failed; expected type x: Prims.nat{x <= v} -> Prims.Tot Prims.nat; got type _: _: Prims.nat{_ << v} -> Prims.Tot Prims.nat (see also NegativeTests.Termination.fst(38,2-40,29))
NegativeTests.Termination.fst(40,15-40,29): (Warning 252) Subtyping check failed; expected type x: Prims.nat{x <= v} -> Prims.Tot Prims.nat; got type _: _: Prims.nat{_ << v} -> Prims.Tot Prims.nat (see also NegativeTests.Termination.fst(38,2-40,29))
NegativeTests.Termination.fst(40,15-40,29): (Warning 252) Subtyping check failed; expected type x: Prims.nat{x <= v} -> Prims.Tot Prims.nat; got type _: _: Prims.nat{_ << v} -> Prims.Tot Prims.nat (see also NegativeTests.Termination.fst(38,2-40,29))
NegativeTests.Termination.fst(52,19-52,29): (Warning 252) Subtyping check failed; expected type _: NegativeTests.Termination.snat{_ << n}; got type NegativeTests.Termination.snat (see also NegativeTests.Termination.fst(49,2-52,29))
NegativeTests.Termination.fst(52,19-52,29): (Warning 252) Subtyping check failed; expected type _: NegativeTests.Termination.snat{_ << n}; got type NegativeTests.Termination.snat (see also NegativeTests.Termination.fst(49,2-52,29))
NegativeTests.Termination.fst(52,19-52,29): (Warning 252) Subtyping check failed; expected type _: NegativeTests.Termination.snat{_ << n}; got type NegativeTests.Termination.snat (see also NegativeTests.Termination.fst(49,2-52,29))
NegativeTests.Termination.fst(52,19-52,29): (Warning 252) Subtyping check failed; expected type _: NegativeTests.Termination.snat{_ << n}; got type NegativeTests.Termination.snat (see also NegativeTests.Termination.fst(49,2-52,29))
NegativeTests.Termination.fst(60,34-60,35): (Warning 252) Subtyping check failed; expected type _:
NegativeTests.Termination.snat
{%[ NegativeTests.Termination.S (NegativeTests.Termination.S n'); _ ] << %[ n; m ]}; got type NegativeTests.Termination.snat (see also NegativeTests.Termination.fst(57,2-60,35))
NegativeTests.Termination.fst(60,34-60,35): (Warning 252) Subtyping check failed; expected type _:
NegativeTests.Termination.snat
{%[ NegativeTests.Termination.S (NegativeTests.Termination.S n'); _ ] << %[ n; m ]}; got type NegativeTests.Termination.snat (see also NegativeTests.Termination.fst(57,2-60,35))
NegativeTests.Termination.fst(60,34-60,35): (Warning 252) Subtyping check failed; expected type _:
NegativeTests.Termination.snat
{%[ NegativeTests.Termination.S (NegativeTests.Termination.S n'); _ ] << %[ n; m ]}; got type NegativeTests.Termination.snat (see also NegativeTests.Termination.fst(57,2-60,35))
NegativeTests.Termination.fst(60,34-60,35): (Warning 252) Subtyping check failed; expected type _:
NegativeTests.Termination.snat
{%[ NegativeTests.Termination.S (NegativeTests.Termination.S n'); _ ] << %[ n; m ]}; got type NegativeTests.Termination.snat (see also NegativeTests.Termination.fst(57,2-60,35))
NegativeTests.Termination.fst(65,2-67,14): (Warning 252) Patterns are incomplete
NegativeTests.Termination.fst(65,2-67,14): (Warning 252) Patterns are incomplete
NegativeTests.Termination.fst(65,2-67,14): (Warning 252) Patterns are incomplete
NegativeTests.Termination.fst(65,2-67,14): (Warning 252) Patterns are incomplete
NegativeTests.Termination.fst(74,29-74,31): (Warning 252) Subtyping check failed; expected type _: NegativeTests.Termination.snat{%[ NegativeTests.Termination.S n'; _ ] << %[ n; m ]}; got type NegativeTests.Termination.snat (see also NegativeTests.Termination.fst(71,38-72,2))
NegativeTests.Termination.fst(74,29-74,31): (Warning 252) Subtyping check failed; expected type _: NegativeTests.Termination.snat{%[ NegativeTests.Termination.S n'; _ ] << %[ n; m ]}; got type NegativeTests.Termination.snat (see also NegativeTests.Termination.fst(71,38-72,2))
NegativeTests.Termination.fst(74,29-74,31): (Warning 252) Subtyping check failed; expected type _: NegativeTests.Termination.snat{%[ NegativeTests.Termination.S n'; _ ] << %[ n; m ]}; got type NegativeTests.Termination.snat (see also NegativeTests.Termination.fst(71,38-72,2))
NegativeTests.Termination.fst(74,29-74,31): (Warning 252) Subtyping check failed; expected type _: NegativeTests.Termination.snat{%[ NegativeTests.Termination.S n'; _ ] << %[ n; m ]}; got type NegativeTests.Termination.snat (see also NegativeTests.Termination.fst(71,38-72,2))
NegativeTests.Termination.fst(81,20-81,26): (Warning 252) Subtyping check failed; expected type _: NegativeTests.Termination.snat{_ << n}; got type NegativeTests.Termination.snat (see also NegativeTests.Termination.fst(78,25-79,2))
NegativeTests.Termination.fst(81,20-81,26): (Warning 252) Subtyping check failed; expected type _: NegativeTests.Termination.snat{_ << n}; got type NegativeTests.Termination.snat (see also NegativeTests.Termination.fst(78,25-79,2))
NegativeTests.Termination.fst(81,20-81,26): (Warning 252) Subtyping check failed; expected type _: NegativeTests.Termination.snat{_ << n}; got type NegativeTests.Termination.snat (see also NegativeTests.Termination.fst(78,25-79,2))
NegativeTests.Termination.fst(81,20-81,26): (Warning 252) Subtyping check failed; expected type _: NegativeTests.Termination.snat{_ << n}; got type NegativeTests.Termination.snat (see also NegativeTests.Termination.fst(78,25-79,2))
NegativeTests.False.fst(8,13-8,33): (Warning 252) assertion failed (see also C:\build\agent1\_work\1\s\ulib\prims.fst(204,69-204,78))
NegativeTests.False.fst(8,13-8,33): (Warning 252) assertion failed (see also C:\build\agent1\_work\1\s\ulib\prims.fst(204,69-204,78))
NegativeTests.False.fst(8,13-8,33): (Warning 252) assertion failed (see also C:\build\agent1\_work\1\s\ulib\prims.fst(204,69-204,78))
NegativeTests.False.fst(8,13-8,33): (Warning 252) assertion failed (see also C:\build\agent1\_work\1\s\ulib\prims.fst(204,69-204,78))
C:/build/agent1/_work/1/s/ulib/FStar.UInt.fst(0,0-0,0): (Warning 241) Absent cache file _cache\FStar.UInt.fst.checked; will recheck C:/build/agent1/_work/1/s/ulib/FStar.UInt.fst and all subsequent files
NegativeTests.Set.fst(13,2-13,30): (Warning 252) assertion failed (see also NegativeTests.Set.fst(13,9-13,30))
NegativeTests.Set.fst(13,2-13,30): (Warning 252) assertion failed (see also NegativeTests.Set.fst(13,9-13,30))
NegativeTests.Set.fst(13,2-13,30): (Warning 252) assertion failed (see also NegativeTests.Set.fst(13,9-13,30))
NegativeTests.Set.fst(13,2-13,30): (Warning 252) assertion failed (see also NegativeTests.Set.fst(13,9-13,30))
NegativeTests.Set.fst(18,2-18,67): (Warning 252) assertion failed (see also NegativeTests.Set.fst(18,9-18,67))
NegativeTests.Set.fst(18,2-18,67): (Warning 252) assertion failed (see also NegativeTests.Set.fst(18,9-18,67))
NegativeTests.Set.fst(18,2-18,67): (Warning 252) assertion failed (see also NegativeTests.Set.fst(18,9-18,67))
NegativeTests.Set.fst(18,2-18,67): (Warning 252) assertion failed (see also NegativeTests.Set.fst(18,9-18,67))
NegativeTests.Set.fst(23,2-23,52): (Warning 252) assertion failed (see also NegativeTests.Set.fst(23,9-23,52))
NegativeTests.Set.fst(23,2-23,52): (Warning 252) assertion failed (see also NegativeTests.Set.fst(23,9-23,52))
NegativeTests.Set.fst(23,2-23,52): (Warning 252) assertion failed (see also NegativeTests.Set.fst(23,9-23,52))
NegativeTests.Set.fst(23,2-23,52): (Warning 252) assertion failed (see also NegativeTests.Set.fst(23,9-23,52))
FStar.HyperStack.ST.fst(0,0-0,0): (Warning 241) Absent cache file FStar.HyperStack.ST.fst.checked; will recheck FStar.HyperStack.ST.fst and all subsequent files
FStar.HyperStack.ST.fst(179,3-180,46): (Warning 252) (Hint-replay failed): could not prove post-condition (see also FStar.HyperStack.ST.fst(179,72-179,104))
FStar.HyperStack.ST.fst(182,3-184,98): (Warning 252) (Hint-replay failed): could not prove post-condition (see also FStar.HyperStack.ST.fst(145,4-145,52))
FStar.HyperStack.ST.fst(186,3-187,49): (Warning 252) (Hint-replay failed): could not prove post-condition (see also FStar.HyperStack.ST.fst(186,78-186,112))
FStar.HyperStack.ST.fst(189,3-192,4): (Warning 252) (Hint-replay failed): could not prove post-condition (see also FStar.HyperStack.ST.fst(145,4-145,52))
FStar.HyperStack.ST.fst(195,3-196,57): (Warning 252) (Hint-replay failed): could not prove post-condition (see also FStar.HyperStack.ST.fst(195,79-195,115))
FStar.HyperStack.ST.fst(198,3-201,4): (Warning 252) (Hint-replay failed): could not prove post-condition (see also FStar.HyperStack.ST.fst(145,4-145,52))
FStar.HyperStack.ST.fst(204,3-205,63): (Warning 252) (Hint-replay failed): could not prove post-condition (see also FStar.HyperStack.ST.fst(204,85-204,127))
FStar.HyperStack.ST.fst(207,3-211,4): (Warning 252) (Hint-replay failed): could not prove post-condition (see also FStar.HyperStack.ST.fst(145,4-145,52))
FStar.HyperStack.ST.fst(632,3-634,4): (Warning 252) (Hint-replay failed): assertion failed (see also FStar.HyperStack.ST.fst(98,76-98,87))
FStar.HyperStack.ST.fst(643,52-643,54): (Warning 252) (Hint-replay failed): Subtyping check failed; expected type Prims.squash (forall (x: c). FStar.HyperStack.ST.witnessed (p' x)); got type Prims.unit (see also FStar.HyperStack.ST.fst(643,32-643,48))
FStar.Seq.Sorted.fst(0,0-0,0): (Warning 241) Absent cache file FStar.Seq.Sorted.fst.checked; will recheck FStar.Seq.Sorted.fst and all subsequent files
C:/build/agent1/_work/1/s/ulib/FStar.UInt32.fst(0,0-0,0): (Warning 241) Absent cache file _cache\FStar.UInt32.fst.checked; will recheck C:/build/agent1/_work/1/s/ulib/FStar.UInt32.fst and all subsequent files
FStar.Fin.fst(0,0-0,0): (Warning 241) Absent cache file FStar.Fin.fst.checked; will recheck FStar.Fin.fst and all subsequent files
FStar.Fin.fst(31,4-36,2): (Warning 252) (Hint-replay failed): assertion failed (see also prims.fst(210,68-210,80))
FStar.Fin.fst(31,4-36,2): (Warning 252) (Hint-replay failed): could not prove post-condition (see also FStar.Fin.fst(33,41-33,68))
FStar.Fin.fst(31,4-36,2): (Warning 252) (Hint-replay failed): assertion failed (see also prims.fst(210,68-210,80))
FStar.Fin.fst(31,4-36,2): (Warning 252) (Hint-replay failed): could not prove post-condition (see also FStar.Fin.fst(33,41-33,68))
FStar.HyperStack.All.fst(0,0-0,0): (Warning 241) Absent cache file FStar.HyperStack.All.fst.checked; will recheck FStar.HyperStack.All.fst and all subsequent files
FStar.Array.fst(0,0-0,0): (Warning 241) Absent cache file FStar.Array.fst.checked; will recheck FStar.Array.fst and all subsequent files
C:/build/agent1/_work/1/s/ulib/FStar.UInt8.fst(0,0-0,0): (Warning 241) Absent cache file _cache\FStar.UInt8.fst.checked; will recheck C:/build/agent1/_work/1/s/ulib/FStar.UInt8.fst and all subsequent files
C:/build/agent1/_work/1/s/ulib/FStar.Char.fsti(0,0-0,0): (Warning 241) Absent cache file _cache\FStar.Char.fsti.checked; will recheck C:/build/agent1/_work/1/s/ulib/FStar.Char.fsti and all subsequent files
FStar.Monotonic.Map.fst(0,0-0,0): (Warning 241) Absent cache file FStar.Monotonic.Map.fst.checked; will recheck FStar.Monotonic.Map.fst and all subsequent files
FStar.Monotonic.Map.fst(26,31-27,2): (Warning 252) (Hint-replay failed): assertion failed (see also FStar.Preorder.fst(12,40-12,56))
FStar.Monotonic.Map.fst(65,4-66,4): (Warning 252) (Hint-replay failed): could not prove post-condition (see also FStar.HyperStack.ST.fst(602,56-602,60))
FStar.Monotonic.Map.fst(69,4-80,4): (Warning 252) (Hint-replay failed): assertion failed (see also FStar.HyperStack.ST.fst(523,54-523,72))
FStar.Monotonic.Map.fst(88,4-100,2): (Warning 252) (Hint-replay failed): assertion failed (see also FStar.HyperStack.ST.fst(602,56-602,60))
FStar.HyperStack.IO.fst(0,0-0,0): (Warning 241) Absent cache file FStar.HyperStack.IO.fst.checked; will recheck FStar.HyperStack.IO.fst and all subsequent files
Serializer.fst(98,48-98,51): (Warning 252) (Hint-replay failed): Subtyping check failed; expected type len: FStar.UInt32.t{FStar.UInt32.v len <= FStar.UInt32.v (BSlice?.len b)}; got type FStar.UInt32.t (see also Slice.fst(49,44-49,68))
FStar.Monotonic.DependentMap.fst(0,0-0,0): (Warning 241) Absent cache file FStar.Monotonic.DependentMap.fst.checked; will recheck FStar.Monotonic.DependentMap.fst and all subsequent files
C:/build/agent1/_work/1/s/ulib/FStar.UInt64.fst(0,0-0,0): (Warning 241) Absent cache file _cache\FStar.UInt64.fst.checked; will recheck C:/build/agent1/_work/1/s/ulib/FStar.UInt64.fst and all subsequent files
LowParse.Bytes.fst(0,0-0,0): (Warning 241) Absent cache file _cache\LowParse.Bytes.fst.checked; will recheck LowParse.Bytes.fst and all subsequent files
C:/build/agent1/_work/1/s/ulib/FStar.UInt16.fst(0,0-0,0): (Warning 241) Absent cache file _cache\FStar.UInt16.fst.checked; will recheck C:/build/agent1/_work/1/s/ulib/FStar.UInt16.fst and all subsequent files
C:/build/agent1/_work/1/s/ulib/FStar.String.fsti(0,0-0,0): (Warning 241) Absent cache file _cache\FStar.String.fsti.checked; will recheck C:/build/agent1/_work/1/s/ulib/FStar.String.fsti and all subsequent files
make[2]: Target 'all' not remade because of errors.
make[1]: *** [Makefile:40: bug-reports.all] Error 2
C:/build/agent1/_work/1/s/ulib/FStar.Bytes.fsti(0,0-0,0): (Warning 241) Absent cache file _cache\FStar.Bytes.fsti.checked; will recheck C:/build/agent1/_work/1/s/ulib/FStar.Bytes.fsti and all subsequent files
FStar.Monotonic.Seq.fst(0,0-0,0): (Warning 241) Absent cache file FStar.Monotonic.Seq.fst.checked; will recheck FStar.Monotonic.Seq.fst and all subsequent files
FStar.Monotonic.Seq.fst(26,30-27,4): (Warning 252) (Hint-replay failed): assertion failed (see also FStar.Preorder.fst(12,40-12,56))
FStar.Monotonic.Seq.fst(38,4-41,4): (Warning 252) (Hint-replay failed): could not prove post-condition (see also FStar.Monotonic.Seq.fst(39,12-39,36))
FStar.Monotonic.Seq.fst(60,4-61,4): (Warning 252) (Hint-replay failed): could not prove post-condition (see also FStar.HyperStack.ST.fst(602,56-602,60))
FStar.Monotonic.Seq.fst(102,4-103,4): (Warning 252) (Hint-replay failed): could not prove post-condition (see also FStar.HyperStack.ST.fst(602,56-602,60))
FStar.Monotonic.Seq.fst(246,4-248,4): (Warning 252) (Hint-replay failed): could not prove post-condition (see also FStar.Monotonic.Seq.fst(247,8-247,35))
FStar.Monotonic.Seq.fst(259,3-260,4): (Warning 252) (Hint-replay failed): could not prove post-condition (see also FStar.HyperStack.ST.fst(602,56-602,60))
FStar.Monotonic.Seq.fst(273,4-274,4): (Warning 252) (Hint-replay failed): could not prove post-condition (see also FStar.HyperStack.ST.fst(602,56-602,60))
FStar.Monotonic.Seq.fst(300,4-307,6): (Warning 252) (Hint-replay failed): assertion failed (see also FStar.Monotonic.Seq.fst(303,45-303,62))
FStar.Monotonic.Seq.fst(343,4-344,4): (Warning 252) (Hint-replay failed): could not prove post-condition (see also FStar.HyperStack.ST.fst(602,56-602,60))
EnumParsing.fst(251,17-258,28): (Warning 252) (Hint-replay failed): assertion failed (see also C:\build\agent1\_work\1\s\ulib\prims.fst(210,68-210,80))
Parsing.fst(146,28-146,51): (Warning 252) (Hint-replay failed): could not prove post-condition (see also Parsing.fst(132,15-132,22))
EnumParsing.fst(303,29-303,37): (Warning 252) (Hint-replay failed): could not prove post-condition (see also Serializing.fst(102,8-102,39))
LowParse.Bytes32.fst(0,0-0,0): (Warning 241) Absent cache file _cache\LowParse.Bytes32.fst.checked; will recheck LowParse.Bytes32.fst and all subsequent files
LowParse.Spec.Base.fst(0,0-0,0): (Warning 241) Absent cache file _cache\LowParse.Spec.Base.fst.checked; will recheck LowParse.Spec.Base.fst and all subsequent files
LowParse.SLow.Base.fst(0,0-0,0): (Warning 241) Absent cache file _cache\LowParse.SLow.Base.fst.checked; will recheck LowParse.SLow.Base.fst and all subsequent files
C:/build/agent1/_work/1/s/ulib/FStar.UInt.fst(0,0-0,0): (Warning 241) Absent cache file C:/build/agent1/_work/1/s/ulib/FStar.UInt.fst.checked; will recheck C:/build/agent1/_work/1/s/ulib/FStar.UInt.fst and all subsequent files
VectorParsing.fst(70,0-84,16): (Warning 252) Failed to verify implicit argument: assertion failed (see also C:\build\agent1\_work\1\s\ulib\FStar.UInt16.fst(64,12-64,32))
VectorParsing.fst(70,0-84,16): (Warning 252) Failed to verify implicit argument: assertion failed (see also C:\build\agent1\_work\1\s\ulib\FStar.UInt16.fst(64,12-64,32))
VectorParsing.fst(70,0-84,16): (Warning 252) Failed to verify implicit argument: assertion failed (see also C:\build\agent1\_work\1\s\ulib\FStar.UInt16.fst(64,12-64,32))
VectorParsing.fst(70,0-84,16): (Warning 252) Failed to verify implicit argument: assertion failed (see also C:\build\agent1\_work\1\s\ulib\FStar.UInt16.fst(64,12-64,32))
VectorParsing.fst(70,0-84,16): (Error 19) Failed to verify implicit argument: assertion failed (see also C:\build\agent1\_work\1\s\ulib\FStar.UInt16.fst(64,12-64,32))
VectorParsing.fst(70,0-84,16): (Error 19) Failed to verify implicit argument: assertion failed (see also C:\build\agent1\_work\1\s\ulib\FStar.UInt16.fst(64,12-64,32))
VectorParsing.fst(70,0-84,16): (Error 19) Failed to verify implicit argument: assertion failed (see also C:\build\agent1\_work\1\s\ulib\FStar.UInt16.fst(64,12-64,32))
VectorParsing.fst(70,0-84,16): (Error 19) Failed to verify implicit argument: assertion failed (see also C:\build\agent1\_work\1\s\ulib\FStar.UInt16.fst(64,12-64,32))
Verified i'face (or impl+i'face): VectorParsing (22069 milliseconds)
4 errors were reported (see above)
make[2]: *** [../Makefile.include:19: VectorParsing.uver] Error 1
C:/build/agent1/_work/1/s/ulib/FStar.UInt.fst(0,0-0,0): (Warning 241) Absent cache file _cache\FStar.UInt.fst.checked; will recheck C:/build/agent1/_work/1/s/ulib/FStar.UInt.fst and all subsequent files
C:/build/agent1/_work/1/s/ulib/FStar.UInt32.fst(0,0-0,0): (Warning 241) Absent cache file C:/build/agent1/_work/1/s/ulib/FStar.UInt32.fst.checked; will recheck C:/build/agent1/_work/1/s/ulib/FStar.UInt32.fst and all subsequent files
LowParse.Spec.Combinators.fst(0,0-0,0): (Warning 241) Absent cache file _cache\LowParse.Spec.Combinators.fst.checked; will recheck LowParse.Spec.Combinators.fst and all subsequent files
LowParse.Spec.Combinators.fst(177,2-180,2): (Warning 252) (Hint-replay failed): assertion failed (see also LowParse.Spec.Base.fst(472,12-472,34))
LowParse.Spec.Combinators.fst(532,2-534,2): (Warning 252) (Hint-replay failed): assertion failed (see also LowParse.Spec.Combinators.fst(534,9-534,72))
LowParse.Spec.Combinators.fst(797,0-810,88): (Warning 252) (Hint-replay failed): assertion failed (see also LowParse.Spec.Combinators.fst(756,12-758,3))
LowParse.Spec.Combinators.fst(177,2-180,2): (Warning 252) (Hint-replay failed): assertion failed (see also LowParse.Spec.Base.fst(472,12-472,34))
LowParse.Spec.Combinators.fst(812,0-813,4): (Warning 252) (Hint-replay failed): assertion failed (see also LowParse.Spec.Combinators.fst(756,12-758,3))
C:/build/agent1/_work/1/s/ulib/FStar.Int32.fst(0,0-0,0): (Warning 241) Absent cache file C:/build/agent1/_work/1/s/ulib/FStar.Int32.fst.checked; will recheck C:/build/agent1/_work/1/s/ulib/FStar.Int32.fst and all subsequent files
C:/build/agent1/_work/1/s/ulib/FStar.BV.fsti(0,0-0,0): (Warning 241) Absent cache file _cache\FStar.BV.fsti.checked; will recheck C:/build/agent1/_work/1/s/ulib/FStar.BV.fsti and all subsequent files
C:/build/agent1/_work/1/s/ulib/FStar.UInt32.fst(0,0-0,0): (Warning 241) Stale cache file _cache\FStar.UInt32.fst.checked; will recheck C:/build/agent1/_work/1/s/ulib/FStar.UInt32.fst and all subsequent files
C:/build/agent1/_work/1/s/ulib/FStar.UInt8.fst(0,0-0,0): (Warning 241) Absent cache file C:/build/agent1/_work/1/s/ulib/FStar.UInt8.fst.checked; will recheck C:/build/agent1/_work/1/s/ulib/FStar.UInt8.fst and all subsequent files
C:/build/agent1/_work/1/s/ulib/FStar.Char.fsti(0,0-0,0): (Warning 241) Absent cache file _cache\FStar.Char.fsti.checked; will recheck C:/build/agent1/_work/1/s/ulib/FStar.Char.fsti and all subsequent files
C:/build/agent1/_work/1/s/ulib/FStar.String.fsti(0,0-0,0): (Warning 241) Absent cache file _cache\FStar.String.fsti.checked; will recheck C:/build/agent1/_work/1/s/ulib/FStar.String.fsti and all subsequent files
C:/build/agent1/_work/1/s/ulib/FStar.Int64.fst(0,0-0,0): (Warning 241) Absent cache file _cache\FStar.Int64.fst.checked; will recheck C:/build/agent1/_work/1/s/ulib/FStar.Int64.fst and all subsequent files
C:/build/agent1/_work/1/s/ulib/FStar.Int16.fst(0,0-0,0): (Warning 241) Absent cache file _cache\FStar.Int16.fst.checked; will recheck C:/build/agent1/_work/1/s/ulib/FStar.Int16.fst and all subsequent files
C:/build/agent1/_work/1/s/ulib/FStar.Int8.fst(0,0-0,0): (Warning 241) Absent cache file _cache\FStar.Int8.fst.checked; will recheck C:/build/agent1/_work/1/s/ulib/FStar.Int8.fst and all subsequent files
C:/build/agent1/_work/1/s/ulib/FStar.Int63.fst(0,0-0,0): (Warning 241) Absent cache file _cache\FStar.Int63.fst.checked; will recheck C:/build/agent1/_work/1/s/ulib/FStar.Int63.fst and all subsequent files
C:/build/agent1/_work/1/s/ulib/FStar.Int31.fst(0,0-0,0): (Warning 241) Absent cache file _cache\FStar.Int31.fst.checked; will recheck C:/build/agent1/_work/1/s/ulib/FStar.Int31.fst and all subsequent files
C:/build/agent1/_work/1/s/ulib/FStar.Int32.fst(0,0-0,0): (Warning 241) Stale cache file _cache\FStar.Int32.fst.checked; will recheck C:/build/agent1/_work/1/s/ulib/FStar.Int32.fst and all subsequent files
C:/build/agent1/_work/1/s/ulib/FStar.UInt31.fst(0,0-0,0): (Warning 241) Absent cache file _cache\FStar.UInt31.fst.checked; will recheck C:/build/agent1/_work/1/s/ulib/FStar.UInt31.fst and all subsequent files
C:/build/agent1/_work/1/s/ulib/FStar.UInt64.fst(0,0-0,0): (Warning 241) Absent cache file _cache\FStar.UInt64.fst.checked; will recheck C:/build/agent1/_work/1/s/ulib/FStar.UInt64.fst and all subsequent files
C:/build/agent1/_work/1/s/ulib/FStar.UInt8.fst(0,0-0,0): (Warning 241) Absent cache file _cache\FStar.UInt8.fst.checked; will recheck C:/build/agent1/_work/1/s/ulib/FStar.UInt8.fst and all subsequent files
C:/build/agent1/_work/1/s/ulib/FStar.UInt63.fst(0,0-0,0): (Warning 241) Absent cache file _cache\FStar.UInt63.fst.checked; will recheck C:/build/agent1/_work/1/s/ulib/FStar.UInt63.fst and all subsequent files
C:/build/agent1/_work/1/s/ulib/FStar.UInt16.fst(0,0-0,0): (Warning 241) Absent cache file _cache\FStar.UInt16.fst.checked; will recheck C:/build/agent1/_work/1/s/ulib/FStar.UInt16.fst and all subsequent files
FStar.UInt.fst(0,0-0,0): (Warning 241) Absent cache file FStar.UInt.fst.checked; will recheck FStar.UInt.fst and all subsequent files
C:/build/agent1/_work/1/s/ulib/FStar.BaseTypes.fsti(0,0-0,0): (Warning 241) Absent cache file _cache\FStar.BaseTypes.fsti.checked; will recheck C:/build/agent1/_work/1/s/ulib/FStar.BaseTypes.fsti and all subsequent files
C:/build/agent1/_work/1/s/ulib/FStar.Int128.fst(0,0-0,0): (Warning 241) Absent cache file _cache\FStar.Int128.fst.checked; will recheck C:/build/agent1/_work/1/s/ulib/FStar.Int128.fst and all subsequent files
C:/build/agent1/_work/1/s/ulib/FStar.Reflection.Derived.fst(0,0-0,0): (Warning 241) Absent cache file _cache\FStar.Reflection.Derived.fst.checked; will recheck C:/build/agent1/_work/1/s/ulib/FStar.Reflection.Derived.fst and all subsequent files
C:/build/agent1/_work/1/s/ulib/FStar.Reflection.Derived.Lemmas.fst(0,0-0,0): (Warning 241) Absent cache file _cache\FStar.Reflection.Derived.Lemmas.fst.checked; will recheck C:/build/agent1/_work/1/s/ulib/FStar.Reflection.Derived.Lemmas.fst and all subsequent files
C:/build/agent1/_work/1/s/ulib/FStar.UInt128.fsti(0,0-0,0): (Warning 241) Absent cache file _cache\FStar.UInt128.fsti.checked; will recheck C:/build/agent1/_work/1/s/ulib/FStar.UInt128.fsti and all subsequent files
C:/build/agent1/_work/1/s/ulib/FStar.Reflection.fst(0,0-0,0): (Warning 241) Absent cache file _cache\FStar.Reflection.fst.checked; will recheck C:/build/agent1/_work/1/s/ulib/FStar.Reflection.fst and all subsequent files
C:/build/agent1/_work/1/s/ulib/FStar.Bytes.fsti(0,0-0,0): (Warning 241) Absent cache file _cache\FStar.Bytes.fsti.checked; will recheck C:/build/agent1/_work/1/s/ulib/FStar.Bytes.fsti and all subsequent files
FStar.UInt32.fst(0,0-0,0): (Warning 241) Stale cache file FStar.UInt32.fst.checked; will recheck FStar.UInt32.fst and all subsequent files
FStar.BV.fsti(0,0-0,0): (Warning 241) Absent cache file FStar.BV.fsti.checked; will recheck FStar.BV.fsti and all subsequent files
FStar.Char.fsti(0,0-0,0): (Warning 241) Absent cache file FStar.Char.fsti.checked; will recheck FStar.Char.fsti and all subsequent files
C:/build/agent1/_work/1/s/ulib/FStar.Crypto.fst(0,0-0,0): (Warning 241) Absent cache file _cache\FStar.Crypto.fst.checked; will recheck C:/build/agent1/_work/1/s/ulib/FStar.Crypto.fst and all subsequent files
FStar.String.fsti(0,0-0,0): (Warning 241) Absent cache file FStar.String.fsti.checked; will recheck FStar.String.fsti and all subsequent files
C:/build/agent1/_work/1/s/ulib/FStar.Reflection.Formula.fst(0,0-0,0): (Warning 241) Absent cache file _cache\FStar.Reflection.Formula.fst.checked; will recheck C:/build/agent1/_work/1/s/ulib/FStar.Reflection.Formula.fst and all subsequent files
FStar.Vector.Base.fsti(0,0-0,0): (Warning 241) Absent cache file FStar.Vector.Base.fsti.checked; will recheck FStar.Vector.Base.fsti and all subsequent files
FStar.Vector.Base.fsti(213,51-213,60): (Warning 252) (Hint-replay failed): Subtyping check failed; expected type Prims.nat; got type FStar.UInt.uint_t FStar.UInt32.n (see also prims.fst(403,17-403,23))
FStar.Int63.fst(0,0-0,0): (Warning 241) Absent cache file FStar.Int63.fst.checked; will recheck FStar.Int63.fst and all subsequent files
FStar.Int31.fst(0,0-0,0): (Warning 241) Absent cache file FStar.Int31.fst.checked; will recheck FStar.Int31.fst and all subsequent files
FStar.Int32.fst(0,0-0,0): (Warning 241) Stale cache file FStar.Int32.fst.checked; will recheck FStar.Int32.fst and all subsequent files
FStar.Int64.fst(0,0-0,0): (Warning 241) Absent cache file FStar.Int64.fst.checked; will recheck FStar.Int64.fst and all subsequent files
FStar.Int16.fst(0,0-0,0): (Warning 241) Absent cache file FStar.Int16.fst.checked; will recheck FStar.Int16.fst and all subsequent files
FStar.Int8.fst(0,0-0,0): (Warning 241) Absent cache file FStar.Int8.fst.checked; will recheck FStar.Int8.fst and all subsequent files
FStar.Vector.Base.fst(0,0-0,0): (Warning 241) Absent cache file FStar.Vector.Base.fst.checked; will recheck FStar.Vector.Base.fst and all subsequent files
FStar.UInt63.fst(0,0-0,0): (Warning 241) Absent cache file FStar.UInt63.fst.checked; will recheck FStar.UInt63.fst and all subsequent files
FStar.Vector.Properties.fst(0,0-0,0): (Warning 241) Absent cache file FStar.Vector.Properties.fst.checked; will recheck FStar.Vector.Properties.fst and all subsequent files
FStar.UInt8.fst(0,0-0,0): (Warning 241) Stale cache file FStar.UInt8.fst.checked; will recheck FStar.UInt8.fst and all subsequent files
FStar.UInt31.fst(0,0-0,0): (Warning 241) Absent cache file FStar.UInt31.fst.checked; will recheck FStar.UInt31.fst and all subsequent files
FStar.UInt16.fst(0,0-0,0): (Warning 241) Absent cache file FStar.UInt16.fst.checked; will recheck FStar.UInt16.fst and all subsequent files
FStar.UInt64.fst(0,0-0,0): (Warning 241) Absent cache file FStar.UInt64.fst.checked; will recheck FStar.UInt64.fst and all subsequent files
FStar.Vector.fst(0,0-0,0): (Warning 241) Absent cache file FStar.Vector.fst.checked; will recheck FStar.Vector.fst and all subsequent files
FStar.BV.fst(0,0-0,0): (Warning 241) Absent cache file FStar.BV.fst.checked; will recheck FStar.BV.fst and all subsequent files
FStar.Reflection.Derived.fst(0,0-0,0): (Warning 241) Absent cache file FStar.Reflection.Derived.fst.checked; will recheck FStar.Reflection.Derived.fst and all subsequent files
LowParse.Spec.Enum.fst(0,0-0,0): (Warning 241) Absent cache file _cache\LowParse.Spec.Enum.fst.checked; will recheck LowParse.Spec.Enum.fst and all subsequent files
LowParse.Spec.Enum.fst(142,11-142,19): (Warning 252) Subtyping check failed; expected type _: (key * repr) -> Prims.Tot (LowParse.Spec.Enum.enum_repr e * LowParse.Spec.Enum.enum_key e); got type c: (LowParse.Spec.Enum.enum_key e * LowParse.Spec.Enum.enum_repr e) ->
Prims.Tot (LowParse.Spec.Enum.enum_repr e * LowParse.Spec.Enum.enum_key e) (see also LowParse.Spec.Enum.fst(135,9-137,6))
LowParse.Spec.Enum.fst(142,11-142,19): (Warning 252) Subtyping check failed; expected type _: (key * repr) -> Prims.Tot (LowParse.Spec.Enum.enum_repr e * LowParse.Spec.Enum.enum_key e); got type c: (LowParse.Spec.Enum.enum_key e * LowParse.Spec.Enum.enum_repr e) ->
Prims.Tot (LowParse.Spec.Enum.enum_repr e * LowParse.Spec.Enum.enum_key e) (see also LowParse.Spec.Enum.fst(135,9-137,6))
LowParse.Spec.Enum.fst(142,11-142,19): (Warning 252) Subtyping check failed; expected type _: (key * repr) -> Prims.Tot (LowParse.Spec.Enum.enum_repr e * LowParse.Spec.Enum.enum_key e); got type c: (LowParse.Spec.Enum.enum_key e * LowParse.Spec.Enum.enum_repr e) ->
Prims.Tot (LowParse.Spec.Enum.enum_repr e * LowParse.Spec.Enum.enum_key e) (see also LowParse.Spec.Enum.fst(135,9-137,6))
LowParse.Spec.Enum.fst(142,11-142,19): (Warning 252) Subtyping check failed; expected type _: (key * repr) -> Prims.Tot (LowParse.Spec.Enum.enum_repr e * LowParse.Spec.Enum.enum_key e); got type c: (LowParse.Spec.Enum.enum_key e * LowParse.Spec.Enum.enum_repr e) ->
Prims.Tot (LowParse.Spec.Enum.enum_repr e * LowParse.Spec.Enum.enum_key e) (see also LowParse.Spec.Enum.fst(135,9-137,6))
LowParse.Spec.Enum.fst(188,2-190,2): (Warning 252) could not prove post-condition (see also LowParse.Spec.Enum.fst(189,2-189,50))
LowParse.Spec.Enum.fst(188,2-190,2): (Warning 252) could not prove post-condition (see also LowParse.Spec.Enum.fst(189,2-189,50))
LowParse.Spec.Enum.fst(188,2-190,2): (Warning 252) could not prove post-condition (see also LowParse.Spec.Enum.fst(189,2-189,50))
LowParse.Spec.Enum.fst(142,11-142,19): (Warning 252) Subtyping check failed; expected type _: (key * repr) -> Prims.Tot (LowParse.Spec.Enum.enum_repr e * LowParse.Spec.Enum.enum_key e); got type c: (LowParse.Spec.Enum.enum_key e * LowParse.Spec.Enum.enum_repr e) ->
Prims.Tot (LowParse.Spec.Enum.enum_repr e * LowParse.Spec.Enum.enum_key e) (see also LowParse.Spec.Enum.fst(135,9-137,6))
LowParse.Spec.Enum.fst(142,11-142,19): (Warning 252) Subtyping check failed; expected type _: (key * repr) -> Prims.Tot (LowParse.Spec.Enum.enum_repr e * LowParse.Spec.Enum.enum_key e); got type c: (LowParse.Spec.Enum.enum_key e * LowParse.Spec.Enum.enum_repr e) ->
Prims.Tot (LowParse.Spec.Enum.enum_repr e * LowParse.Spec.Enum.enum_key e) (see also LowParse.Spec.Enum.fst(135,9-137,6))
LowParse.Spec.Enum.fst(142,11-142,19): (Warning 252) Subtyping check failed; expected type _: (key * repr) -> Prims.Tot (LowParse.Spec.Enum.enum_repr e * LowParse.Spec.Enum.enum_key e); got type c: (LowParse.Spec.Enum.enum_key e * LowParse.Spec.Enum.enum_repr e) ->
Prims.Tot (LowParse.Spec.Enum.enum_repr e * LowParse.Spec.Enum.enum_key e) (see also LowParse.Spec.Enum.fst(135,9-137,6))
LowParse.Spec.Enum.fst(142,11-142,19): (Warning 252) Subtyping check failed; expected type _: (key * repr) -> Prims.Tot (LowParse.Spec.Enum.enum_repr e * LowParse.Spec.Enum.enum_key e); got type c: (LowParse.Spec.Enum.enum_key e * LowParse.Spec.Enum.enum_repr e) ->
Prims.Tot (LowParse.Spec.Enum.enum_repr e * LowParse.Spec.Enum.enum_key e) (see also LowParse.Spec.Enum.fst(135,9-137,6))
LowParse.Spec.Enum.fst(142,11-142,19): (Error 19) Subtyping check failed; expected type _: (key * repr) -> Prims.Tot (LowParse.Spec.Enum.enum_repr e * LowParse.Spec.Enum.enum_key e); got type c: (LowParse.Spec.Enum.enum_key e * LowParse.Spec.Enum.enum_repr e) ->
Prims.Tot (LowParse.Spec.Enum.enum_repr e * LowParse.Spec.Enum.enum_key e) (see also LowParse.Spec.Enum.fst(135,9-137,6))
LowParse.Spec.Enum.fst(142,11-142,19): (Error 19) Subtyping check failed; expected type _: (key * repr) -> Prims.Tot (LowParse.Spec.Enum.enum_repr e * LowParse.Spec.Enum.enum_key e); got type c: (LowParse.Spec.Enum.enum_key e * LowParse.Spec.Enum.enum_repr e) ->
Prims.Tot (LowParse.Spec.Enum.enum_repr e * LowParse.Spec.Enum.enum_key e) (see also LowParse.Spec.Enum.fst(135,9-137,6))
LowParse.Spec.Enum.fst(188,2-190,2): (Error 19) could not prove post-condition (see also LowParse.Spec.Enum.fst(189,2-189,50))
Verified module: LowParse.Spec.Enum (47923 milliseconds)
3 errors were reported (see above)
make[3]: *** [../Makefile.common:61: _cache/LowParse.Spec.Enum.fst.checked] Error 1
FStar.Int128.fst(0,0-0,0): (Warning 241) Absent cache file FStar.Int128.fst.checked; will recheck FStar.Int128.fst and all subsequent files
FStar.Reflection.Derived.Lemmas.fst(0,0-0,0): (Warning 241) Absent cache file FStar.Reflection.Derived.Lemmas.fst.checked; will recheck FStar.Reflection.Derived.Lemmas.fst and all subsequent files
FStar.Reflection.fst(0,0-0,0): (Warning 241) Absent cache file FStar.Reflection.fst.checked; will recheck FStar.Reflection.fst and all subsequent files
C:/build/agent1/_work/1/s/ulib/FStar.Tactics.Derived.fst(0,0-0,0): (Warning 241) Absent cache file _cache\FStar.Tactics.Derived.fst.checked; will recheck C:/build/agent1/_work/1/s/ulib/FStar.Tactics.Derived.fst and all subsequent files
FStar.UInt128.fsti(0,0-0,0): (Warning 241) Absent cache file FStar.UInt128.fsti.checked; will recheck FStar.UInt128.fsti and all subsequent files
FStar.Bytes.fsti(0,0-0,0): (Warning 241) Absent cache file FStar.Bytes.fsti.checked; will recheck FStar.Bytes.fsti and all subsequent files
FStar.Crypto.fst(0,0-0,0): (Warning 241) Absent cache file FStar.Crypto.fst.checked; will recheck FStar.Crypto.fst and all subsequent files
C:/build/agent1/_work/1/s/ulib/FStar.Tactics.Logic.fst(0,0-0,0): (Warning 241) Absent cache file _cache\FStar.Tactics.Logic.fst.checked; will recheck C:/build/agent1/_work/1/s/ulib/FStar.Tactics.Logic.fst and all subsequent files
LowParse.SLow.Combinators.fst(0,0-0,0): (Warning 241) Absent cache file _cache\LowParse.SLow.Combinators.fst.checked; will recheck LowParse.SLow.Combinators.fst and all subsequent files
LowParse.SLow.Combinators.fst(32,21-32,26): (Warning 252) (Hint-replay failed): Subtyping check failed; expected type j: Prims.nat{FStar.UInt32.v l <= j && j <= FStar.Seq.Base.length (FStar.Bytes.reveal input)}; got type FStar.UInt.uint_t FStar.UInt32.n (see also C:/build/agent1/_work/1/s/ulib/FStar.Bytes.fsti(146,56-146,65))
LowParse.SLow.Combinators.fst(55,21-55,26): (Warning 252) (Hint-replay failed): Subtyping check failed; expected type j: Prims.nat{FStar.UInt32.v l <= j && j <= FStar.Seq.Base.length (FStar.Bytes.reveal input)}; got type FStar.UInt.uint_t FStar.UInt32.n (see also C:/build/agent1/_work/1/s/ulib/FStar.Bytes.fsti(146,56-146,65))
LowParse.SLow.Combinators.fst(109,36-109,52): (Warning 252) (Hint-replay failed): Subtyping check failed; expected type LowParse.Spec.Base.consumed_length (FStar.Bytes.reveal xbytes); got type FStar.UInt.uint_t FStar.UInt32.n (see also LowParse.Spec.Base.fst(22,55-22,72))
LowParse.SLow.Combinators.fst(32,21-32,26): (Warning 252) (Hint-replay failed): Subtyping check failed; expected type j: Prims.nat{FStar.UInt32.v l <= j && j <= FStar.Seq.Base.length (FStar.Bytes.reveal input)}; got type FStar.UInt.uint_t FStar.UInt32.n (see also C:/build/agent1/_work/1/s/ulib/FStar.Bytes.fsti(146,56-146,65))
LowParse.SLow.Combinators.fst(55,21-55,26): (Warning 252) (Hint-replay failed): Subtyping check failed; expected type j: Prims.nat{FStar.UInt32.v l <= j && j <= FStar.Seq.Base.length (FStar.Bytes.reveal input)}; got type FStar.UInt.uint_t FStar.UInt32.n (see also C:/build/agent1/_work/1/s/ulib/FStar.Bytes.fsti(146,56-146,65))
LowParse.SLow.Combinators.fst(109,36-109,52): (Warning 252) (Hint-replay failed): Subtyping check failed; expected type LowParse.Spec.Base.consumed_length (FStar.Bytes.reveal xbytes); got type FStar.UInt.uint_t FStar.UInt32.n (see also LowParse.Spec.Base.fst(22,55-22,72))
make[3]: Target 'verify-all' not remade because of errors.
make[2]: *** [Makefile:10: all] Error 2
make[1]: *** [Makefile:40: lowparse.all] Error 2
C:/build/agent1/_work/1/s/ulib/FStar.Tactics.fst(0,0-0,0): (Warning 241) Absent cache file _cache\FStar.Tactics.fst.checked; will recheck C:/build/agent1/_work/1/s/ulib/FStar.Tactics.fst and all subsequent files
C:/build/agent1/_work/1/s/ulib/FStar.Int.Cast.fst(0,0-0,0): (Warning 241) Absent cache file _cache\FStar.Int.Cast.fst.checked; will recheck C:/build/agent1/_work/1/s/ulib/FStar.Int.Cast.fst and all subsequent files
Apply.fst(0,0-0,0): (Warning 241) Absent cache file _cache\Apply.fst.checked; will recheck Apply.fst and all subsequent files
Clear.fst(0,0-0,0): (Warning 241) Absent cache file _cache\Clear.fst.checked; will recheck Clear.fst and all subsequent files
Cut.fst(0,0-0,0): (Warning 241) Absent cache file _cache\Cut.fst.checked; will recheck Cut.fst and all subsequent files
Caller.fst(0,0-0,0): (Warning 241) Absent cache file _cache\Caller.fst.checked; will recheck Caller.fst and all subsequent files
Rename.fst(0,0-0,0): (Warning 241) Absent cache file _cache\Rename.fst.checked; will recheck Rename.fst and all subsequent files
Unfold.fst(0,0-0,0): (Warning 241) Absent cache file _cache\Unfold.fst.checked; will recheck Unfold.fst and all subsequent files
FStar.Reflection.Formula.fst(0,0-0,0): (Warning 241) Absent cache file FStar.Reflection.Formula.fst.checked; will recheck FStar.Reflection.Formula.fst and all subsequent files
EExists.fst(0,0-0,0): (Warning 241) Absent cache file _cache\EExists.fst.checked; will recheck EExists.fst and all subsequent files
Unexpected error; please file a bug report, ideally with a minimized version of the source program that triggered the error.
Failure("FIXME! Embed gamma!")
make[2]: *** [../Makefile.common:61: _cache/EExists.fst.checked] Error 1
GRewrite.fst(0,0-0,0): (Warning 241) Absent cache file _cache\GRewrite.fst.checked; will recheck GRewrite.fst and all subsequent files
GRewrite.fst(25,4-28,45): (Error 23) user tactic failed: apply: Cannot instantiate FStar.Tactics.Logic.revert_squash (of type s: Prims.squash (forall (x: a). b x) -> x: a -> Prims.Tot (Prims.squash (b x))) to match goal (_: Prims.squash (f w w == w) -> Prims.Tot (Prims.squash (w == w))) (see also C:/build/agent1/_work/1/s/ulib/FStar.Tactics.Effect.fst(87,32-87,42))
1 error was reported (see above)
make[2]: *** [../Makefile.common:61: _cache/GRewrite.fst.checked] Error 1
Unify.fst(0,0-0,0): (Warning 241) Absent cache file _cache\Unify.fst.checked; will recheck Unify.fst and all subsequent files
Pose.fst(0,0-0,0): (Warning 241) Absent cache file _cache\Pose.fst.checked; will recheck Pose.fst and all subsequent files
NormBinderType.fst(0,0-0,0): (Warning 241) Absent cache file _cache\NormBinderType.fst.checked; will recheck NormBinderType.fst and all subsequent files
Sequences.fst(0,0-0,0): (Warning 241) Absent cache file _cache\Sequences.fst.checked; will recheck Sequences.fst and all subsequent files
Splice.fst(0,0-0,0): (Warning 241) Absent cache file _cache\Splice.fst.checked; will recheck Splice.fst and all subsequent files
SolveThen.fst(0,0-0,0): (Warning 241) Absent cache file _cache\SolveThen.fst.checked; will recheck SolveThen.fst and all subsequent files
Neg.fst(0,0-0,0): (Warning 241) Absent cache file _cache\Neg.fst.checked; will recheck Neg.fst and all subsequent files
Retype.fst(0,0-0,0): (Warning 241) Absent cache file _cache\Retype.fst.checked; will recheck Retype.fst and all subsequent files
Nest.fst(0,0-0,0): (Warning 241) Absent cache file _cache\Nest.fst.checked; will recheck Nest.fst and all subsequent files
UserTactics.fst(0,0-0,0): (Warning 241) Absent cache file _cache\UserTactics.fst.checked; will recheck UserTactics.fst and all subsequent files
Unresolved.fst(0,0-0,0): (Warning 241) Absent cache file _cache\Unresolved.fst.checked; will recheck Unresolved.fst and all subsequent files
Div.fst(0,0-0,0): (Warning 241) Absent cache file _cache\Div.fst.checked; will recheck Div.fst and all subsequent files
Cases.fst(0,0-0,0): (Warning 241) Absent cache file _cache\Cases.fst.checked; will recheck Cases.fst and all subsequent files
Cases.fst(59,31-60,4): (Error 23) user tactic failed: exact: Cases.pred_true : Prims.squash (Cases.pred true) does not exactly solve the goal Prims.squash (b == true ==> Cases.pred b) (witness = (*?u90*) _) (see also C:/build/agent1/_work/1/s/ulib/FStar.Tactics.Effect.fst(87,32-87,42))
1 error was reported (see above)
make[2]: *** [../Makefile.common:61: _cache/Cases.fst.checked] Error 1
Bug1272.fst(0,0-0,0): (Warning 241) Absent cache file _cache\Bug1272.fst.checked; will recheck Bug1272.fst and all subsequent files
Antiquote.fst(0,0-0,0): (Warning 241) Absent cache file _cache\Antiquote.fst.checked; will recheck Antiquote.fst and all subsequent files
Fresh.fst(0,0-0,0): (Warning 241) Absent cache file _cache\Fresh.fst.checked; will recheck Fresh.fst and all subsequent files
NatNeg.fst(0,0-0,0): (Warning 241) Absent cache file _cache\NatNeg.fst.checked; will recheck NatNeg.fst and all subsequent files
NatNeg.fst(6,8-6,11): (Warning 252) Subtyping check failed; expected type Prims.nat; got type Prims.int (see also prims.fst(403,17-403,23))
NatNeg.fst(6,8-6,11): (Warning 252) Subtyping check failed; expected type Prims.nat; got type Prims.int (see also prims.fst(403,17-403,23))
NatNeg.fst(6,8-6,11): (Warning 252) Subtyping check failed; expected type Prims.nat; got type Prims.int (see also prims.fst(403,17-403,23))
NatNeg.fst(6,8-6,11): (Warning 252) Subtyping check failed; expected type Prims.nat; got type Prims.int (see also prims.fst(403,17-403,23))
MApply.fst(0,0-0,0): (Warning 241) Absent cache file _cache\MApply.fst.checked; will recheck MApply.fst and all subsequent files
Bug1299.fst(0,0-0,0): (Warning 241) Absent cache file _cache\Bug1299.fst.checked; will recheck Bug1299.fst and all subsequent files
NonTot.fst(0,0-0,0): (Warning 241) Absent cache file _cache\NonTot.fst.checked; will recheck NonTot.fst and all subsequent files
Imp.fst(0,0-0,0): (Warning 241) Absent cache file _cache\Imp.fst.checked; will recheck Imp.fst and all subsequent files
Imp.fst(11,18-11,21): (Error 23) user tactic failed: exact: _ does not solve (*?u27*) _ : Prims.int
1 error was reported (see above)
make[2]: *** [../Makefile.common:61: _cache/Imp.fst.checked] Error 1
Printers.fst(0,0-0,0): (Warning 241) Absent cache file _cache\Printers.fst.checked; will recheck Printers.fst and all subsequent files
<dummy>(0,0-0,0): (Warning 266) Not an embedded string: Printers.print_Prims_int a
<dummy>(0,0-0,0): (Warning 266) Not an embedded string: Printers.print_Prims_int a
<dummy>(0,0-0,0): (Warning 266) Not an embedded string: FStar.String.concat " " ["Printers.A"; Printers.print_Prims_int a; Printers.print_Prims_string a]
<dummy>(0,0-0,0): (Warning 266) Not an embedded string: ff_rec a
<dummy>(0,0-0,0): (Warning 266) Not an embedded string: ff_rec a
<dummy>(0,0-0,0): (Warning 266) Not an embedded string: FStar.String.concat " " ["Printers.B"; ff_rec a; Printers.print_Prims_int a]
<dummy>(0,0-0,0): (Warning 266) Not an embedded string: Printers.print_Prims_string a
<dummy>(0,0-0,0): (Warning 266) Not an embedded string: Printers.print_Prims_string a
<dummy>(0,0-0,0): (Warning 266) Not an embedded string: FStar.String.concat " " ["Printers.D"; Printers.print_Prims_string a]
<dummy>(0,0-0,0): (Warning 266) Not an embedded string: ff_rec a
<dummy>(0,0-0,0): (Warning 266) Not an embedded string: ff_rec a
<dummy>(0,0-0,0): (Warning 266) Not an embedded string: FStar.String.concat " " ["Printers.E"; ff_rec a]
<dummy>(0,0-0,0): (Warning 266) Not an embedded string: ff_rec b
<dummy>(0,0-0,0): (Warning 266) Not an embedded string: ff_rec b
<dummy>(0,0-0,0): (Warning 266) Not an embedded string: ff_rec b
<dummy>(0,0-0,0): (Warning 266) Not an embedded string: ff_rec b
<dummy>(0,0-0,0): (Warning 266) Not an embedded string: ff_rec b
<dummy>(0,0-0,0): (Warning 266) Not an embedded string: ff_rec b
<dummy>(0,0-0,0): (Warning 266) Not an embedded string: ff_rec b
<dummy>(0,0-0,0): (Warning 266) Not an embedded string: ff_rec b
<dummy>(0,0-0,0): (Warning 266) Not an embedded string: ff_rec b
<dummy>(0,0-0,0): (Warning 266) Not an embedded string: ff_rec b
<dummy>(0,0-0,0): (Warning 266) Not an embedded string: ff_rec b
<dummy>(0,0-0,0): (Warning 266) Not an embedded string: ff_rec b
<dummy>(0,0-0,0): (Warning 266) Not an embedded string: ff_rec b
<dummy>(0,0-0,0): (Warning 266) Not an embedded string: ff_rec b
<dummy>(0,0-0,0): (Warning 266) Not an embedded string: ff_rec b
<dummy>(0,0-0,0): (Warning 266) Not an embedded string: ff_rec b
<dummy>(0,0-0,0): (Warning 266) Not an embedded string: ff_rec b
<dummy>(0,0-0,0): (Warning 266) Not an embedded string: ff_rec b
<dummy>(0,0-0,0): (Warning 266) Not an embedded string: ff_rec b
<dummy>(0,0-0,0): (Warning 266) Not an embedded string: ff_rec b
<dummy>(0,0-0,0): (Warning 266) Not an embedded string: ff_rec b
<dummy>(0,0-0,0): (Warning 266) Not an embedded string: ff_rec b
<dummy>(0,0-0,0): (Warning 266) Not an embedded string: ff_rec b
<dummy>(0,0-0,0): (Warning 266) Not an embedded string: ff_rec b
<dummy>(0,0-0,0): (Warning 266) Not an embedded string: Printers.print_Prims_int a
<dummy>(0,0-0,0): (Warning 266) Not an embedded string: Printers.print_Prims_int a
<dummy>(0,0-0,0): (Warning 266) Not an embedded string: FStar.String.concat " " ["Printers.A"; Printers.print_Prims_int a; Printers.print_Prims_string a]
<dummy>(0,0-0,0): (Warning 266) Not an embedded string: ff_rec a
<dummy>(0,0-0,0): (Warning 266) Not an embedded string: ff_rec a
<dummy>(0,0-0,0): (Warning 266) Not an embedded string: FStar.String.concat " " ["Printers.B"; ff_rec a; Printers.print_Prims_int a]
<dummy>(0,0-0,0): (Warning 266) Not an embedded string: Printers.print_Prims_string a
<dummy>(0,0-0,0): (Warning 266) Not an embedded string: Printers.print_Prims_string a
<dummy>(0,0-0,0): (Warning 266) Not an embedded string: FStar.String.concat " " ["Printers.D"; Printers.print_Prims_string a]
<dummy>(0,0-0,0): (Warning 266) Not an embedded string: ff_rec a
<dummy>(0,0-0,0): (Warning 266) Not an embedded string: ff_rec a
<dummy>(0,0-0,0): (Warning 266) Not an embedded string: FStar.String.concat " " ["Printers.E"; ff_rec a]
<dummy>(0,0-0,0): (Warning 266) Not an embedded string: ff_rec b
<dummy>(0,0-0,0): (Warning 266) Not an embedded string: ff_rec b
<dummy>(0,0-0,0): (Warning 266) Not an embedded string: ff_rec b
<dummy>(0,0-0,0): (Warning 266) Not an embedded string: ff_rec b
<dummy>(0,0-0,0): (Warning 266) Not an embedded string: ff_rec b
<dummy>(0,0-0,0): (Warning 266) Not an embedded string: ff_rec b
<dummy>(0,0-0,0): (Warning 266) Not an embedded string: ff_rec b
<dummy>(0,0-0,0): (Warning 266) Not an embedded string: ff_rec b
<dummy>(0,0-0,0): (Warning 266) Not an embedded string: ff_rec b
<dummy>(0,0-0,0): (Warning 266) Not an embedded string: ff_rec b
<dummy>(0,0-0,0): (Warning 266) Not an embedded string: ff_rec b
<dummy>(0,0-0,0): (Warning 266) Not an embedded string: ff_rec b
<dummy>(0,0-0,0): (Warning 266) Not an embedded string: ff_rec b
<dummy>(0,0-0,0): (Warning 266) Not an embedded string: ff_rec b
<dummy>(0,0-0,0): (Warning 266) Not an embedded string: ff_rec b
<dummy>(0,0-0,0): (Warning 266) Not an embedded string: ff_rec b
<dummy>(0,0-0,0): (Warning 266) Not an embedded string: ff_rec b
<dummy>(0,0-0,0): (Warning 266) Not an embedded string: ff_rec b
<dummy>(0,0-0,0): (Warning 266) Not an embedded string: ff_rec b
<dummy>(0,0-0,0): (Warning 266) Not an embedded string: ff_rec b
<dummy>(0,0-0,0): (Warning 266) Not an embedded string: ff_rec b
<dummy>(0,0-0,0): (Warning 266) Not an embedded string: ff_rec b
<dummy>(0,0-0,0): (Warning 266) Not an embedded string: ff_rec b
<dummy>(0,0-0,0): (Warning 266) Not an embedded string: ff_rec b
FStar.Pointer.Base.fsti(0,0-0,0): (Warning 241) Absent cache file FStar.Pointer.Base.fsti.checked; will recheck FStar.Pointer.Base.fsti and all subsequent files
Tutorial.fst(0,0-0,0): (Warning 241) Absent cache file _cache\Tutorial.fst.checked; will recheck Tutorial.fst and all subsequent files
Bug1252.fst(0,0-0,0): (Warning 241) Absent cache file _cache\Bug1252.fst.checked; will recheck Bug1252.fst and all subsequent files
Logic.fst(0,0-0,0): (Warning 241) Absent cache file _cache\Logic.fst.checked; will recheck Logic.fst and all subsequent files
VC.fst(0,0-0,0): (Warning 241) Absent cache file _cache\VC.fst.checked; will recheck VC.fst and all subsequent files
Bane.Lib.fst(0,0-0,0): (Warning 241) Absent cache file _cache\Bane.Lib.fst.checked; will recheck Bane.Lib.fst and all subsequent files
Unbound.fst(0,0-0,0): (Warning 241) Absent cache file _cache\Unbound.fst.checked; will recheck Unbound.fst and all subsequent files
Ill2.fst(0,0-0,0): (Warning 241) Absent cache file _cache\Ill2.fst.checked; will recheck Ill2.fst and all subsequent files
CanonMonoid.fst(0,0-0,0): (Warning 241) Absent cache file _cache\CanonMonoid.fst.checked; will recheck CanonMonoid.fst and all subsequent files
Fail.fst(0,0-0,0): (Warning 241) Absent cache file _cache\Fail.fst.checked; will recheck Fail.fst and all subsequent files
Bug1270.fst(0,0-0,0): (Warning 241) Absent cache file _cache\Bug1270.fst.checked; will recheck Bug1270.fst and all subsequent files
Change.fst(0,0-0,0): (Warning 241) Absent cache file _cache\Change.fst.checked; will recheck Change.fst and all subsequent files
Setopts.fst(0,0-0,0): (Warning 241) Absent cache file _cache\Setopts.fst.checked; will recheck Setopts.fst and all subsequent files
Ill1.fst(0,0-0,0): (Warning 241) Absent cache file _cache\Ill1.fst.checked; will recheck Ill1.fst and all subsequent files
LemmaArgs.fst(0,0-0,0): (Warning 241) Absent cache file _cache\LemmaArgs.fst.checked; will recheck LemmaArgs.fst and all subsequent files
LemmaArgs.fst(11,18-12,2): (Warning 252) Subtyping check failed; expected type b: Prims.int{b <> 5}; got type Prims.int (see also LemmaArgs.fst(5,34-5,40))
LemmaArgs.fst(11,18-12,2): (Warning 252) Subtyping check failed; expected type b: Prims.int{b <> 5}; got type Prims.int (see also LemmaArgs.fst(5,34-5,40))
LemmaArgs.fst(11,18-12,2): (Warning 252) Subtyping check failed; expected type b: Prims.int{b <> 5}; got type Prims.int (see also LemmaArgs.fst(5,34-5,40))
LemmaArgs.fst(11,18-12,2): (Warning 252) Subtyping check failed; expected type b: Prims.int{b <> 5}; got type Prims.int (see also LemmaArgs.fst(5,34-5,40))
C:/build/agent1/_work/1/s/ulib/FStar.Tactics.Simplifier.fst(0,0-0,0): (Warning 241) Absent cache file _cache\FStar.Tactics.Simplifier.fst.checked; will recheck C:/build/agent1/_work/1/s/ulib/FStar.Tactics.Simplifier.fst and all subsequent files
NatPos.fst(0,0-0,0): (Warning 241) Absent cache file _cache\NatPos.fst.checked; will recheck NatPos.fst and all subsequent files
ApplyLemma.fst(0,0-0,0): (Warning 241) Absent cache file _cache\ApplyLemma.fst.checked; will recheck ApplyLemma.fst and all subsequent files
Synthesis.fst(0,0-0,0): (Warning 241) Absent cache file _cache\Synthesis.fst.checked; will recheck Synthesis.fst and all subsequent files
Admit.fst(0,0-0,0): (Warning 241) Absent cache file _cache\Admit.fst.checked; will recheck Admit.fst and all subsequent files
Admit.fst(6,12-6,25): (Warning 296) Tactics admitted goal <(x: Prims.int), (y: Prims.int) |- (*?u39*) _ : Prims.squash (x + y == x + x)>

(see also Admit.fst(5,26-5,49))
Admit.fst(9,13-9,26): (Warning 296) Tactics admitted goal <(x: Prims.int), (y: Prims.int), (p: Prims.pure_post Prims.unit), (_: Prims.squash (forall (pure_result: Prims.unit). x + y == x + x ==> p pure_result)) |- (*?u23*) _ : Prims.unit>

(see also Admit.fst(8,27-8,49))
Admit.fst(6,12-6,25): (Warning 296) Tactics admitted goal <(x: Prims.int), (y: Prims.int) |- (*?u63*) _ : Prims.squash (x + y == x + x)>

(see also Admit.fst(5,26-5,49))
DependentSynth.fst(0,0-0,0): (Warning 241) Absent cache file _cache\DependentSynth.fst.checked; will recheck DependentSynth.fst and all subsequent files
C:/build/agent1/_work/1/s/ulib/FStar.Integers.fst(0,0-0,0): (Warning 241) Absent cache file _cache\FStar.Integers.fst.checked; will recheck C:/build/agent1/_work/1/s/ulib/FStar.Integers.fst and all subsequent files
Trace.fst(0,0-0,0): (Warning 241) Absent cache file _cache\Trace.fst.checked; will recheck Trace.fst and all subsequent files
Trace.fst(142,78-142,88): (Warning 266) Not an embedded list: Trace.tick_last ["Trace"; "fall"] (see also Trace.fst(46,10-46,24))
Trace.fst(142,21-142,66): (Error 23) user tactic failed: trefl: not a trivial equality (match _ with
| Trace.Z -> _ :: _, Trace.Z
| Trace.S n -> Trace.fall' n (_ :: _) vs (*?u77*) _)
1 error was reported (see above)
make[2]: *** [../Makefile.common:61: _cache/Trace.fst.checked] Error 1
Rewrite.Monoid.fst(0,0-0,0): (Warning 241) Absent cache file _cache\Rewrite.Monoid.fst.checked; will recheck Rewrite.Monoid.fst and all subsequent files
Simplifier.fst(0,0-0,0): (Warning 241) Absent cache file _cache\Simplifier.fst.checked; will recheck Simplifier.fst and all subsequent files
FStar.Tactics.Derived.fst(0,0-0,0): (Warning 241) Absent cache file FStar.Tactics.Derived.fst.checked; will recheck FStar.Tactics.Derived.fst and all subsequent files
FStar.Int.Cast.fst(0,0-0,0): (Warning 241) Absent cache file FStar.Int.Cast.fst.checked; will recheck FStar.Int.Cast.fst and all subsequent files
Normalization.fst(0,0-0,0): (Warning 241) Absent cache file _cache\Normalization.fst.checked; will recheck Normalization.fst and all subsequent files
UnitTests.fst(0,0-0,0): (Warning 241) Absent cache file _cache\UnitTests.fst.checked; will recheck UnitTests.fst and all subsequent files
FStar.Int.Cast.Full.fst(0,0-0,0): (Warning 241) Absent cache file FStar.Int.Cast.Full.fst.checked; will recheck FStar.Int.Cast.Full.fst and all subsequent files
Pruning.fst(0,0-0,0): (Warning 241) Absent cache file _cache\Pruning.fst.checked; will recheck Pruning.fst and all subsequent files
C:/build/agent1/_work/1/s/ulib/FStar.Tactics.Effect.fst(87,20-87,29): (Warning 252) Could not prove goal #1 (see also Pruning.fst(61,25-61,45))
C:/build/agent1/_work/1/s/ulib/FStar.Tactics.Effect.fst(87,20-87,29): (Warning 252) Could not prove goal #1 (see also Pruning.fst(61,25-61,45))
C:/build/agent1/_work/1/s/ulib/FStar.Tactics.Effect.fst(87,20-87,29): (Warning 252) Could not prove goal #2 (see also Pruning.fst(67,26-67,44))
C:/build/agent1/_work/1/s/ulib/FStar.Tactics.Effect.fst(87,20-87,29): (Warning 252) Could not prove goal #2 (see also Pruning.fst(67,26-67,44))
C:/build/agent1/_work/1/s/ulib/FStar.Buffer.fst(0,0-0,0): (Warning 241) Absent cache file C:/build/agent1/_work/1/s/ulib/FStar.Buffer.fst.checked; will recheck C:/build/agent1/_work/1/s/ulib/FStar.Buffer.fst and all subsequent files
C:/build/agent1/_work/1/s/ulib/FStar.Buffer.fst(735,86-739,4): (Warning 252) (Hint-replay failed): could not prove post-condition (see also C:/build/agent1/_work/1/s/ulib/FStar.Buffer.fst(737,12-737,35))
C:/build/agent1/_work/1/s/ulib/FStar.Buffer.fst(760,85-764,4): (Warning 252) (Hint-replay failed): could not prove post-condition (see also C:/build/agent1/_work/1/s/ulib/FStar.Buffer.fst(762,12-762,37))
C:/build/agent1/_work/1/s/ulib/FStar.Buffer.fst(1296,94-1300,4): (Warning 252) (Hint-replay failed): could not prove post-condition (see also C:/build/agent1/_work/1/s/ulib/FStar.Buffer.fst(1298,13-1298,31))
C:/build/agent1/_work/1/s/ulib/FStar.Buffer.fst(65,4-65,10): (Warning 252) (Hint-replay failed): Subtyping check failed; expected type Prims.nat; got type FStar.UInt.uint_t FStar.UInt32.n (see also prims.fst(403,17-403,23))
C:/build/agent1/_work/1/s/ulib/FStar.Reflection.Arith.fst(0,0-0,0): (Warning 241) Absent cache file _cache\FStar.Reflection.Arith.fst.checked; will recheck C:/build/agent1/_work/1/s/ulib/FStar.Reflection.Arith.fst and all subsequent files
FStar.Pointer.Derived1.fsti(0,0-0,0): (Warning 241) Absent cache file FStar.Pointer.Derived1.fsti.checked; will recheck FStar.Pointer.Derived1.fsti and all subsequent files
FStar.Tactics.Logic.fst(0,0-0,0): (Warning 241) Absent cache file FStar.Tactics.Logic.fst.checked; will recheck FStar.Tactics.Logic.fst and all subsequent files
CanonCommMonoidSimple.fst(0,0-0,0): (Warning 241) Absent cache file _cache\CanonCommMonoidSimple.fst.checked; will recheck CanonCommMonoidSimple.fst and all subsequent files
FStar.Tactics.fst(0,0-0,0): (Warning 241) Absent cache file FStar.Tactics.fst.checked; will recheck FStar.Tactics.fst and all subsequent files
C:/build/agent1/_work/1/s/ulib/FStar.Tactics.Arith.fst(0,0-0,0): (Warning 241) Absent cache file _cache\FStar.Tactics.Arith.fst.checked; will recheck C:/build/agent1/_work/1/s/ulib/FStar.Tactics.Arith.fst and all subsequent files
FStar.Pointer.Derived3.fsti(0,0-0,0): (Warning 241) Absent cache file FStar.Pointer.Derived3.fsti.checked; will recheck FStar.Pointer.Derived3.fsti and all subsequent files
FStar.Pointer.Derived2.fsti(0,0-0,0): (Warning 241) Absent cache file FStar.Pointer.Derived2.fsti.checked; will recheck FStar.Pointer.Derived2.fsti and all subsequent files
Syntax.fst(0,0-0,0): (Warning 241) Absent cache file _cache\Syntax.fst.checked; will recheck Syntax.fst and all subsequent files
CanonCommMonoid.fst(0,0-0,0): (Warning 241) Absent cache file _cache\CanonCommMonoid.fst.checked; will recheck CanonCommMonoid.fst and all subsequent files
CanonCommMonoid.fst(397,2-397,19): (Warning 296) Tactics admitted goal <(a: Prims.int), (b: Prims.int), (c: Prims.int), (d: Prims.int) |- (*?u929*) _ : Prims.squash (CM?.mult FStar.Algebra.CommMonoid.int_plus_cm
a
(CM?.mult FStar.Algebra.CommMonoid.int_plus_cm
b
(CM?.mult FStar.Algebra.CommMonoid.int_plus_cm
2
(CM?.mult FStar.Algebra.CommMonoid.int_plus_cm
d
(CM?.mult FStar.Algebra.CommMonoid.int_plus_cm c 1)))) ==
CM?.mult FStar.Algebra.CommMonoid.int_plus_cm
a
(CM?.mult FStar.Algebra.CommMonoid.int_plus_cm
b
(CM?.mult FStar.Algebra.CommMonoid.int_plus_cm
1
(CM?.mult FStar.Algebra.CommMonoid.int_plus_cm
c
(CM?.mult FStar.Algebra.CommMonoid.int_plus_cm d 2)))))>

(see also CanonCommMonoid.fst(226,9-227,47))
Unexpected error; please file a bug report, ideally with a minimized version of the source program that triggered the error.
Failure("FIXME! Embed gamma!")
make[2]: *** [../Makefile.common:61: _cache/CanonCommMonoid.fst.checked] Error 1
FStar.Integers.fst(0,0-0,0): (Warning 241) Absent cache file FStar.Integers.fst.checked; will recheck FStar.Integers.fst and all subsequent files
FStar.Pointer.fst(0,0-0,0): (Warning 241) Absent cache file FStar.Pointer.fst.checked; will recheck FStar.Pointer.fst and all subsequent files
FStar.Pointer.Derived3.fst(0,0-0,0): (Warning 241) Absent cache file FStar.Pointer.Derived3.fst.checked; will recheck FStar.Pointer.Derived3.fst and all subsequent files
FStar.Pointer.Derived2.fst(0,0-0,0): (Warning 241) Absent cache file FStar.Pointer.Derived2.fst.checked; will recheck FStar.Pointer.Derived2.fst and all subsequent files
Arith.fst(0,0-0,0): (Warning 241) Absent cache file _cache\Arith.fst.checked; will recheck Arith.fst and all subsequent files
Arith.fst(40,4-44,32): (Error 23) user tactic failed: apply: Cannot instantiate FStar.Tactics.Logic.revert_squash (of type s: Prims.squash (forall (x: a). b x) -> x: a -> Prims.Tot (Prims.squash (b x))) to match goal (x: Prims.int -> Prims.Tot (Prims.squash (f (f x) > x))) (see also C:/build/agent1/_work/1/s/ulib/FStar.Tactics.Effect.fst(87,32-87,42))
1 error was reported (see above)
make[2]: *** [../Makefile.common:61: _cache/Arith.fst.checked] Error 1
C:/build/agent1/_work/1/s/ulib/FStar.Tactics.Canon.fst(0,0-0,0): (Warning 241) Absent cache file _cache\FStar.Tactics.Canon.fst.checked; will recheck C:/build/agent1/_work/1/s/ulib/FStar.Tactics.Canon.fst and all subsequent files
C:/build/agent1/_work/1/s/ulib/FStar.Buffer.fst(0,0-0,0): (Warning 241) Absent cache file _cache\FStar.Buffer.fst.checked; will recheck C:/build/agent1/_work/1/s/ulib/FStar.Buffer.fst and all subsequent files
C:/build/agent1/_work/1/s/ulib/FStar.Buffer.fst(735,86-739,4): (Warning 252) (Hint-replay failed): could not prove post-condition (see also C:/build/agent1/_work/1/s/ulib/FStar.Buffer.fst(737,12-737,35))
C:/build/agent1/_work/1/s/ulib/FStar.Buffer.fst(760,85-764,4): (Warning 252) (Hint-replay failed): could not prove post-condition (see also C:/build/agent1/_work/1/s/ulib/FStar.Buffer.fst(762,12-762,37))
C:/build/agent1/_work/1/s/ulib/FStar.Buffer.fst(1296,94-1300,4): (Warning 252) (Hint-replay failed): could not prove post-condition (see also C:/build/agent1/_work/1/s/ulib/FStar.Buffer.fst(1298,13-1298,31))
C:/build/agent1/_work/1/s/ulib/FStar.Buffer.fst(65,4-65,10): (Warning 252) (Hint-replay failed): Subtyping check failed; expected type Prims.nat; got type FStar.UInt.uint_t FStar.UInt32.n (see also prims.fst(403,17-403,23))
FStar.Tactics.Simplifier.fst(0,0-0,0): (Warning 241) Absent cache file FStar.Tactics.Simplifier.fst.checked; will recheck FStar.Tactics.Simplifier.fst and all subsequent files
C:\build\agent1\_work\1\s\ulib\FStar.Buffer.fst(0,0-0,0): (Warning 241) Stale cache file C:\build\agent1\_work\1\s\ulib\FStar.Buffer.fst.checked; will recheck C:\build\agent1\_work\1\s\ulib\FStar.Buffer.fst and all subsequent files
Inlining.fst(0,0-0,0): (Warning 241) Absent cache file _cache\Inlining.fst.checked; will recheck Inlining.fst and all subsequent files
C:\build\agent1\_work\1\s\ulib\FStar.Buffer.fst(0,0-0,0): (Warning 241) Stale cache file C:\build\agent1\_work\1\s\ulib\FStar.Buffer.fst.checked; will recheck C:\build\agent1\_work\1\s\ulib\FStar.Buffer.fst and all subsequent files
FStar.Pointer.Derived1.fst(0,0-0,0): (Warning 241) Absent cache file FStar.Pointer.Derived1.fst.checked; will recheck FStar.Pointer.Derived1.fst and all subsequent files
FStar.Pointer.Derived1.fst(118,2-118,104): (Warning 252) (Hint-replay failed): assertion failed (see also FStar.Pointer.Derived1.fst(118,9-118,104))
FStar.Pointer.Derived1.fst(168,2-168,91): (Warning 252) (Hint-replay failed): assertion failed (see also FStar.Pointer.Derived1.fst(168,9-168,91))
FStar.Pointer.Derived1.fst(171,2-171,47): (Warning 252) (Hint-replay failed): assertion failed (see also FStar.Pointer.Base.fsti(1493,5-1493,45))
C:/build/agent1/_work/1/s/ulib/FStar.Tactics.BV.fst(0,0-0,0): (Warning 241) Absent cache file _cache\FStar.Tactics.BV.fst.checked; will recheck C:/build/agent1/_work/1/s/ulib/FStar.Tactics.BV.fst and all subsequent files
FStar.TaggedUnion.fst(0,0-0,0): (Warning 241) Absent cache file FStar.TaggedUnion.fst.checked; will recheck FStar.TaggedUnion.fst and all subsequent files
FStar.BufferNG.fst(0,0-0,0): (Warning 241) Absent cache file FStar.BufferNG.fst.checked; will recheck FStar.BufferNG.fst and all subsequent files
FStar.Reflection.Arith.fst(0,0-0,0): (Warning 241) Absent cache file FStar.Reflection.Arith.fst.checked; will recheck FStar.Reflection.Arith.fst and all subsequent files
FStar.Buffer.fst(0,0-0,0): (Warning 241) Absent cache file FStar.Buffer.fst.checked; will recheck FStar.Buffer.fst and all subsequent files
FStar.Buffer.fst(735,86-739,4): (Warning 252) (Hint-replay failed): could not prove post-condition (see also FStar.Buffer.fst(737,12-737,35))
FStar.Buffer.fst(760,85-764,4): (Warning 252) (Hint-replay failed): could not prove post-condition (see also FStar.Buffer.fst(762,12-762,37))
FStar.Buffer.fst(1296,94-1300,4): (Warning 252) (Hint-replay failed): could not prove post-condition (see also FStar.Buffer.fst(1298,13-1298,31))
FStar.Buffer.fst(65,4-65,10): (Warning 252) (Hint-replay failed): Subtyping check failed; expected type Prims.nat; got type FStar.UInt.uint_t FStar.UInt32.n (see also prims.fst(403,17-403,23))
TestBV.fst(0,0-0,0): (Warning 241) Absent cache file _cache\TestBV.fst.checked; will recheck TestBV.fst and all subsequent files
FStar.Tactics.Arith.fst(0,0-0,0): (Warning 241) Absent cache file FStar.Tactics.Arith.fst.checked; will recheck FStar.Tactics.Arith.fst and all subsequent files
Canon.fst(0,0-0,0): (Warning 241) Absent cache file _cache\Canon.fst.checked; will recheck Canon.fst and all subsequent files
C:/build/agent1/_work/1/s/ulib/FStar.Tactics.PatternMatching.fst(0,0-0,0): (Warning 241) Absent cache file _cache\FStar.Tactics.PatternMatching.fst.checked; will recheck C:/build/agent1/_work/1/s/ulib/FStar.Tactics.PatternMatching.fst and all subsequent files
FStar.Tactics.Canon.fst(0,0-0,0): (Warning 241) Absent cache file FStar.Tactics.Canon.fst.checked; will recheck FStar.Tactics.Canon.fst and all subsequent files
FStar.Buffer.Quantifiers.fst(0,0-0,0): (Warning 241) Absent cache file FStar.Buffer.Quantifiers.fst.checked; will recheck FStar.Buffer.Quantifiers.fst and all subsequent files
StringPrinter.Base.fst(0,0-0,0): (Warning 241) Absent cache file _cache\StringPrinter.Base.fst.checked; will recheck StringPrinter.Base.fst and all subsequent files
FStar.Tactics.PatternMatching.fst(0,0-0,0): (Warning 241) Absent cache file FStar.Tactics.PatternMatching.fst.checked; will recheck FStar.Tactics.PatternMatching.fst and all subsequent files
FStar.Tactics.BV.fst(0,0-0,0): (Warning 241) Absent cache file FStar.Tactics.BV.fst.checked; will recheck FStar.Tactics.BV.fst and all subsequent files
Tautology.fst(0,0-0,0): (Warning 241) Absent cache file _cache\Tautology.fst.checked; will recheck Tautology.fst and all subsequent files
FStar.Printf.fst(0,0-0,0): (Warning 241) Absent cache file FStar.Printf.fst.checked; will recheck FStar.Printf.fst and all subsequent files
<dummy>(0,0-0,0): (Warning 252) (Hint-replay failed): assertion failed
FStar.Printf.fst(178,6-179,6): (Warning 252) (Hint-replay failed): assertion failed (see also prims.fst(210,68-210,80))
FStar.Printf.fst(178,6-179,6): (Warning 252) (Hint-replay failed): could not prove post-condition (see also prims.fst(210,68-210,80))
FStar.Printf.fst(189,6-190,6): (Warning 252) (Hint-replay failed): assertion failed (see also prims.fst(210,68-210,80))
FStar.Printf.fst(189,6-190,6): (Warning 252) (Hint-replay failed): could not prove post-condition (see also prims.fst(210,68-210,80))
<dummy>(0,0-0,0): (Warning 252) (Hint-replay failed): assertion failed
FStar.Printf.fst(178,6-179,6): (Warning 252) (Hint-replay failed): assertion failed (see also prims.fst(210,68-210,80))
FStar.Printf.fst(178,6-179,6): (Warning 252) (Hint-replay failed): could not prove post-condition (see also prims.fst(210,68-210,80))
FStar.Printf.fst(189,6-190,6): (Warning 252) (Hint-replay failed): assertion failed (see also prims.fst(210,68-210,80))
FStar.Printf.fst(189,6-190,6): (Warning 252) (Hint-replay failed): could not prove post-condition (see also prims.fst(210,68-210,80))
FStar.UInt128.fst(0,0-0,0): (Warning 241) Absent cache file FStar.UInt128.fst.checked; will recheck FStar.UInt128.fst and all subsequent files
C:\build\agent1\_work\1\s\hacl-star\secure_api\aead\Crypto.AEAD.BufferUtils.fst(86,7-86,24): (Warning 288) FStar.Monotonic.HyperStack.is_eternal_region is deprecated, use FStar.HyperStack.ST.is_eternal_region instead
C:\build\agent1\_work\1\s\hacl-star\secure_api\aead\Crypto.AEAD.BufferUtils.fst(87,7-87,24): (Warning 288) FStar.Monotonic.HyperStack.is_eternal_region is deprecated, use FStar.HyperStack.ST.is_eternal_region instead
C:\build\agent1\_work\1\s\hacl-star\secure_api\aead\Crypto.AEAD.BufferUtils.fst(126,7-126,24): (Warning 288) FStar.Monotonic.HyperStack.is_eternal_region is deprecated, use FStar.HyperStack.ST.is_eternal_region instead
C:\build\agent1\_work\1\s\hacl-star\secure_api\aead\Crypto.AEAD.BufferUtils.fst(127,7-127,24): (Warning 288) FStar.Monotonic.HyperStack.is_eternal_region is deprecated, use FStar.HyperStack.ST.is_eternal_region instead
make: *** [Makefile.old:204: aead/Crypto.AEAD.Encrypt.fst-ver] Terminated
Parse.fst(44,0-44,63): (Warning 272) Top-level let-bindings must be total; this term may have effects
Parse.fst(46,0-47,25): (Warning 272) Top-level let-bindings must be total; this term may have effects
PSK.fst(61,8-61,57): (Warning 272) Top-level let-bindings must be total; this term may have effects
PSK.fst(62,8-63,74): (Warning 272) Top-level let-bindings must be total; this term may have effects
Nonce.fst(47,0-48,55): (Warning 272) Top-level let-bindings must be total; this term may have effects
Nonce.fst(133,0-133,40): (Warning 272) Top-level let-bindings must be total; this term may have effects
TLSInfo.fst(505,0-505,50): (Warning 272) Top-level let-bindings must be total; this term may have effects
TLSInfo.fst(509,0-512,10): (Warning 272) Top-level let-bindings must be total; this term may have effects
make: *** [Makefile:130: StreamAE.fst-ver] Terminated
StringPrinter.Rec.fst(0,0-0,0): (Warning 241) Absent cache file _cache\StringPrinter.Rec.fst.checked; will recheck StringPrinter.Rec.fst and all subsequent files
C:/build/agent1/_work/1/s/kremlin/kremlib/C.Loops.fst(0,0-0,0): (Warning 241) Absent cache file _cache\C.Loops.fst.checked; will recheck C:/build/agent1/_work/1/s/kremlin/kremlib/C.Loops.fst and all subsequent files
Unable to open hints file: C:\build\agent1\_work\1\s\kremlin\kremlib\C.Loops.fst.hints; ran without hints
Bane.Test.fst(0,0-0,0): (Warning 241) Absent cache file _cache\Bane.Test.fst.checked; will recheck Bane.Test.fst and all subsequent files
StringPrinter.RecC.fst(0,0-0,0): (Warning 241) Absent cache file _cache\StringPrinter.RecC.fst.checked; will recheck StringPrinter.RecC.fst and all subsequent files
FStar.Modifies.fst(0,0-0,0): (Warning 241) Absent cache file FStar.Modifies.fst.checked; will recheck FStar.Modifies.fst and all subsequent files
FStar.Modifies.fst(110,2-159,7): (Warning 252) (Hint-replay failed): assertion failed (see also prims.fst(210,68-210,80))
FStar.Modifies.fst(327,2-333,4): (Warning 252) (Hint-replay failed): could not prove post-condition (see also FStar.Modifies.fsti(66,2-66,20))
FStar.Modifies.fst(352,2-352,50): (Warning 252) (Hint-replay failed): could not prove post-condition (see also FStar.Modifies.fsti(73,11-73,31))
FStar.Modifies.fst(354,35-354,37): (Warning 252) (Hint-replay failed): could not prove post-condition (see also FStar.Modifies.fsti(79,11-79,45))
FStar.Modifies.fst(357,2-357,30): (Warning 252) (Hint-replay failed): assertion failed (see also FStar.Modifies.fsti(72,13-72,31))
FStar.Modifies.fst(372,26-372,28): (Warning 252) (Hint-replay failed): could not prove post-condition (see also FStar.Modifies.fsti(92,2-92,27))
FStar.Modifies.fst(374,35-374,37): (Warning 252) (Hint-replay failed): could not prove post-condition (see also FStar.Modifies.fsti(100,11-100,57))
FStar.Modifies.fst(381,45-381,47): (Warning 252) (Hint-replay failed): could not prove post-condition (see also FStar.Modifies.fsti(136,11-136,60))
FStar.Modifies.fst(383,40-383,42): (Warning 252) (Hint-replay failed): could not prove post-condition (see also FStar.Modifies.fsti(145,11-145,56))
FStar.Modifies.fst(385,42-385,44): (Warning 252) (Hint-replay failed): could not prove post-condition (see also FStar.Modifies.fsti(154,11-154,61))
FStar.Modifies.fst(387,39-387,41): (Warning 252) (Hint-replay failed): could not prove post-condition (see also FStar.Modifies.fsti(161,11-161,59))
FStar.Modifies.fst(391,42-391,44): (Warning 252) (Hint-replay failed): could not prove post-condition (see also FStar.Modifies.fsti(169,11-169,73))
FStar.Modifies.fst(558,2-587,67): (Warning 252) (Hint-replay failed): assertion failed (see also FStar.Modifies.fst(53,3-53,26))
FStar.Modifies.fst(669,2-671,45): (Warning 252) (Hint-replay failed): assertion failed (see also FStar.Modifies.fst(669,9-669,49))
FStar.Modifies.fst(751,2-753,2): (Warning 252) (Hint-replay failed): could not prove post-condition (see also FStar.Modifies.fst(752,2-752,45))
FStar.Modifies.fst(760,2-762,2): (Warning 252) (Hint-replay failed): could not prove post-condition (see also FStar.Modifies.fst(761,2-761,101))
FStar.Modifies.fst(769,2-771,2): (Warning 252) (Hint-replay failed): could not prove post-condition (see also FStar.Modifies.fst(770,2-770,60))
FStar.Modifies.fst(911,2-914,2): (Warning 252) (Hint-replay failed): assertion failed (see also prims.fst(210,68-210,80))
FStar.Modifies.fst(959,2-962,2): (Warning 252) (Hint-replay failed): could not prove post-condition (see also FStar.Modifies.fst(961,11-961,58))
FStar.Modifies.fst(968,2-971,2): (Warning 252) (Hint-replay failed): could not prove post-condition (see also FStar.Modifies.fst(970,11-970,118))
FStar.Modifies.fst(977,2-980,2): (Warning 252) (Hint-replay failed): could not prove post-condition (see also FStar.Modifies.fst(979,11-979,77))
FStar.Modifies.fst(985,2-985,54): (Warning 252) (Hint-replay failed): assertion failed (see also FStar.Modifies.fst(912,12-912,48))
StringPrinterTest.Aux.fst(0,0-0,0): (Warning 241) Absent cache file _cache\StringPrinterTest.Aux.fst.checked; will recheck StringPrinterTest.Aux.fst and all subsequent files
StringPrinterTest.Aux.fst(18,41-18,78): (Warning 252) (Hint-replay failed): assertion failed (see also StringPrinter.Rec.fst(117,12-117,57))
StringPrinterTest.Aux.fst(18,41-18,78): (Warning 252) (Hint-replay failed): assertion failed (see also StringPrinter.Rec.fst(117,12-117,57))
StringPrinterTest.fst(0,0-0,0): (Warning 241) Absent cache file _cache\StringPrinterTest.fst.checked; will recheck StringPrinterTest.fst and all subsequent files
make[2]: Target 'all' not remade because of errors.
make[1]: *** [Makefile:40: tactics.all] Error 2
FStar.Pointer.Base.fst(0,0-0,0): (Warning 241) Absent cache file FStar.Pointer.Base.fst.checked; will recheck FStar.Pointer.Base.fst and all subsequent files
FStar.Pointer.Base.fst(259,2-259,12): (Warning 252) (Hint-replay failed): Subtyping check failed; expected type FStar.Pointer.Base.type_of_struct_field l f; got type FStar.Pointer.Base.type_of_struct_field' l (fun x -> FStar.Pointer.Base.type_of_typ' x) f (see also FStar.Pointer.Base.fsti(259,50-259,63))
FStar.Pointer.Base.fst(262,13-262,14): (Warning 252) (Hint-replay failed): Subtyping check failed; expected type FStar.Pointer.Base.type_of_struct_field' l (fun x -> FStar.Pointer.Base.type_of_typ' x) f; got type FStar.Pointer.Base.type_of_struct_field l f (see also FStar.Pointer.Base.fst(239,59-239,73))
FStar.Pointer.Base.fst(265,83-265,84): (Warning 252) (Hint-replay failed): Subtyping check failed; expected type k: FStar.Pointer.Base.struct_field l ->
Prims.Tot
(FStar.Pointer.Base.type_of_struct_field' l (fun x -> FStar.Pointer.Base.type_of_typ' x) k); got type fd: FStar.Pointer.Base.struct_field l -> Prims.Tot (FStar.Pointer.Base.type_of_struct_field l fd) (see also FStar.Pointer.Base.fst(265,66-265,80))
FStar.Pointer.Base.fst(267,42-267,44): (Warning 252) (Hint-replay failed): could not prove post-condition (see also FStar.Pointer.Base.fsti(333,2-333,49))
FStar.Pointer.Base.fst(271,30-271,51): (Warning 252) (Hint-replay failed): Subtyping check failed; expected type FStar.Pointer.Base.type_of_struct_field l fd; got type FStar.Pointer.Base.type_of_struct_field' l (fun x -> FStar.Pointer.Base.type_of_typ' x) fd (see also FStar.Pointer.Base.fsti(259,50-259,63))
FStar.Pointer.Base.fst(273,43-273,44): (Warning 252) (Hint-replay failed): Subtyping check failed; expected type FStar.Pointer.Base.type_of_struct_field' l (fun x -> FStar.Pointer.Base.type_of_typ' x) fd; got type FStar.Pointer.Base.type_of_struct_field l fd (see also FStar.Pointer.Base.fst(241,61-241,75))
FStar.Pointer.Base.fst(764,2-767,2): (Warning 252) (Hint-replay failed): assertion failed (see also FStar.DependentMap.fst(105,12-105,25))
FStar.Pointer.Base.fst(993,23-993,24): (Warning 252) (Hint-replay failed): Subtyping check failed; expected type FStar.Pointer.Base.otype_of_struct_field l fd; got type FStar.Pointer.Base.otype_of_typ to (see also FStar.Pointer.Base.fst(946,3-946,4))
FStar.Pointer.Base.fst(3771,2-3777,4): (Warning 252) (Hint-replay failed): could not prove post-condition (see also FStar.Pointer.Base.fsti(1561,2-1561,20))
FStar.Pointer.Base.fst(3796,2-3796,50): (Warning 252) (Hint-replay failed): could not prove post-condition (see also FStar.Pointer.Base.fsti(1568,11-1568,31))
FStar.Pointer.Base.fst(3798,35-3798,37): (Warning 252) (Hint-replay failed): could not prove post-condition (see also FStar.Pointer.Base.fsti(1574,11-1574,45))
FStar.Pointer.Base.fst(3803,2-3803,30): (Warning 252) (Hint-replay failed): assertion failed (see also FStar.Pointer.Base.fsti(1567,13-1567,31))
FStar.Pointer.Base.fst(3843,26-3843,28): (Warning 252) (Hint-replay failed): could not prove post-condition (see also FStar.Pointer.Base.fsti(1587,2-1587,27))
FStar.Pointer.Base.fst(3845,49-3845,51): (Warning 252) (Hint-replay failed): could not prove post-condition (see also FStar.Pointer.Base.fsti(1596,11-1596,59))
FStar.Pointer.Base.fst(3848,2-3848,84): (Warning 252) (Hint-replay failed): assertion failed (see also FStar.Pointer.Base.fsti(1567,35-1567,53))
FStar.Pointer.Base.fst(3851,2-3851,80): (Warning 252) (Hint-replay failed): assertion failed (see also FStar.Pointer.Base.fsti(1567,35-1567,53))
FStar.Pointer.Base.fst(3854,2-3854,81): (Warning 252) (Hint-replay failed): assertion failed (see also FStar.Pointer.Base.fsti(1567,35-1567,53))
FStar.Pointer.Base.fst(3859,2-3888,5): (Warning 252) (Hint-replay failed): assertion failed (see also FStar.Pointer.Base.fsti(1567,35-1567,53))
FStar.Pointer.Base.fst(3892,2-3892,35): (Warning 252) (Hint-replay failed): assertion failed (see also FStar.Pointer.Base.fst(3910,13-3910,127))
FStar.Pointer.Base.fst(3917,46-3917,48): (Warning 252) (Hint-replay failed): could not prove post-condition (see also FStar.Pointer.Base.fsti(1658,11-1658,61))
FStar.Pointer.Base.fst(3919,45-3919,47): (Warning 252) (Hint-replay failed): could not prove post-condition (see also FStar.Pointer.Base.fsti(1668,11-1668,60))
FStar.Pointer.Base.fst(3921,41-3921,43): (Warning 252) (Hint-replay failed): could not prove post-condition (see also FStar.Pointer.Base.fsti(1677,11-1677,57))
FStar.Pointer.Base.fst(3923,40-3923,42): (Warning 252) (Hint-replay failed): could not prove post-condition (see also FStar.Pointer.Base.fsti(1686,11-1686,56))
FStar.Pointer.Base.fst(3925,42-3925,44): (Warning 252) (Hint-replay failed): could not prove post-condition (see also FStar.Pointer.Base.fsti(1695,11-1695,61))
FStar.Pointer.Base.fst(3927,39-3927,41): (Warning 252) (Hint-replay failed): could not prove post-condition (see also FStar.Pointer.Base.fsti(1702,11-1702,59))
FStar.Pointer.Base.fst(3929,42-3929,44): (Warning 252) (Hint-replay failed): could not prove post-condition (see also FStar.Pointer.Base.fsti(1710,11-1710,73))
FStar.Pointer.Base.fst(4069,2-4072,2): (Warning 252) (Hint-replay failed): could not prove post-condition (see also FStar.Pointer.Base.fst(4071,11-4071,63))
FStar.Pointer.Base.fst(4180,2-4209,67): (Warning 252) (Hint-replay failed): assertion failed (see also FStar.Pointer.Base.fst(3318,3-3318,39))
FStar.Pointer.Base.fst(4848,2-4850,2): (Warning 252) (Hint-replay failed): could not prove post-condition (see also FStar.Pointer.Base.fst(4849,2-4849,45))
FStar.Pointer.Base.fst(4855,2-4857,2): (Warning 252) (Hint-replay failed): could not prove post-condition (see also FStar.Pointer.Base.fst(4856,2-4856,101))
FStar.Pointer.Base.fst(4862,2-4864,2): (Warning 252) (Hint-replay failed): could not prove post-condition (see also FStar.Pointer.Base.fst(4863,2-4863,60))
FStar.Pointer.Base.fst(4977,61-4977,63): (Warning 252) (Hint-replay failed): could not prove post-condition (see also FStar.Pointer.Base.fsti(2335,11-2335,58))
ValidatedParser.fst(359,0-361,117): (Warning 252) Failed to verify implicit argument: assertion failed (see also Slice.fst(25,12-25,22))
ValidatedParser.fst(359,0-361,117): (Error 19) Failed to verify implicit argument: assertion failed (see also Slice.fst(25,12-25,22))
Verified i'face (or impl+i'face): ValidatedParser (556177 milliseconds)
1 error was reported (see above)
make[2]: *** [../Makefile.include:19: ValidatedParser.uver] Error 1
make[2]: Target 'all' not remade because of errors.
make[1]: *** [Makefile:40: kv_parsing.all] Error 2
make[1]: Target 'all' not remade because of errors.
make: *** [Makefile:183: uexamples] Error 2
make: Target 'uregressions' not remade because of errors.
Command exited with non-zero status 2
12.38user 52.20system 13:15.42elapsed 8%CPU (0avgtext+0avgdata 1178590208maxresident)k
0inputs+0outputs (4797322major+0minor)pagefaults 0swaps
