make[1]: *** [Makefile:18: fstar-in-fsharp] Error 1
make: *** [Makefile:143: fsharp-build-and-test] Error 2
make: Target 'utest-prelude' not remade because of errors.
Command exited with non-zero status 2
0.06user 0.26system 0:14.77elapsed 2%CPU (0avgtext+0avgdata 6329856maxresident)k
0inputs+0outputs (25821major+0minor)pagefaults 0swaps
