make[1]: *** [Makefile:18: fstar-in-fsharp] Error 1
make: *** [Makefile:152: fsharp-build-and-test] Error 2
make: Target 'utest-prelude' not remade because of errors.
Command exited with non-zero status 2
0.07user 0.15system 0:20.15elapsed 1%CPU (0avgtext+0avgdata 6328832maxresident)k
0inputs+0outputs (25817major+0minor)pagefaults 0swaps
