dos2unix: converting file parser/parse.fsi to Unix format...
Warning: you are using the standard library and/or the %inline keyword. We
recommend switching on --infer in order to avoid obscure type error messages.
warning: CRLF will be replaced by LF in src/parser/parse.fsy.
The file will have its original line endings in your working directory.
FStar.List.Tot.Properties.fst(858,2-858,37): (Warning 252) (Hint-replay failed): could not prove post-condition (see also FStar.List.Tot.Properties.fst(856,12-856,18))
FStar.List.Tot.Properties.fst(858,2-858,37): (Warning 252) could not prove post-condition (see also FStar.List.Tot.Properties.fst(856,12-856,18))
FStar.List.Tot.Properties.fst(887,2-888,24): (Warning 252) (Hint-replay failed): could not prove post-condition (see also FStar.List.Tot.Properties.fst(886,12-886,18))
FStar.OrdSet.fst(48,16-48,18): (Warning 252) (Hint-replay failed): Subtyping check failed; expected type Prims.eqtype; got type Type (see also prims.fst(27,21-27,28))
FStar.Monotonic.HyperStack.fst(202,2-202,25): (Warning 252) (Hint-replay failed): Subtyping check failed; expected type FStar.Monotonic.HyperStack.mem; got type FStar.Monotonic.HyperStack.mem' (see also FStar.Monotonic.HyperStack.fst(95,24-95,87))
FStar.Monotonic.HyperStack.fst(323,4-323,24): (Warning 252) (Hint-replay failed): Subtyping check failed; expected type FStar.Monotonic.HyperStack.mem; got type FStar.Monotonic.HyperStack.mem' (see also FStar.Monotonic.HyperStack.fst(95,24-95,87))
FStar.Monotonic.HyperStack.fst(334,26-334,46): (Warning 252) (Hint-replay failed): Subtyping check failed; expected type FStar.Monotonic.HyperStack.mem; got type FStar.Monotonic.HyperStack.mem' (see also FStar.Monotonic.HyperStack.fst(95,24-95,87))
FStar.Monotonic.HyperStack.fst(345,4-345,24): (Warning 252) (Hint-replay failed): Subtyping check failed; expected type FStar.Monotonic.HyperStack.mem; got type FStar.Monotonic.HyperStack.mem' (see also FStar.Monotonic.HyperStack.fst(95,24-95,87))
FStar.Monotonic.HyperStack.fst(356,4-356,24): (Warning 252) (Hint-replay failed): Subtyping check failed; expected type FStar.Monotonic.HyperStack.mem; got type FStar.Monotonic.HyperStack.mem' (see also FStar.Monotonic.HyperStack.fst(95,24-95,87))
FStar.Monotonic.HyperStack.fst(374,4-374,38): (Warning 252) (Hint-replay failed): Subtyping check failed; expected type m': FStar.Monotonic.HyperStack.mem{FStar.Monotonic.HyperStack.fresh_frame m m'}; got type FStar.Monotonic.HyperStack.mem' (see also FStar.Monotonic.HyperStack.fst(95,24-95,87))
FStar.Monotonic.HyperStack.fst(387,13-387,39): (Warning 252) (Hint-replay failed): Subtyping check failed; expected type FStar.Monotonic.HyperStack.mem; got type FStar.Monotonic.HyperStack.mem' (see also FStar.Monotonic.HyperStack.fst(95,24-95,87))
FStar.Monotonic.HyperStack.fst(202,2-202,25): (Warning 252) (Hint-replay failed): Subtyping check failed; expected type FStar.Monotonic.HyperStack.mem; got type FStar.Monotonic.HyperStack.mem' (see also FStar.Monotonic.HyperStack.fst(95,24-95,87))
FStar.Monotonic.HyperStack.fst(323,4-323,24): (Warning 252) (Hint-replay failed): Subtyping check failed; expected type FStar.Monotonic.HyperStack.mem; got type FStar.Monotonic.HyperStack.mem' (see also FStar.Monotonic.HyperStack.fst(95,24-95,87))
FStar.Monotonic.HyperStack.fst(334,26-334,46): (Warning 252) (Hint-replay failed): Subtyping check failed; expected type FStar.Monotonic.HyperStack.mem; got type FStar.Monotonic.HyperStack.mem' (see also FStar.Monotonic.HyperStack.fst(95,24-95,87))
FStar.Monotonic.HyperStack.fst(345,4-345,24): (Warning 252) (Hint-replay failed): Subtyping check failed; expected type FStar.Monotonic.HyperStack.mem; got type FStar.Monotonic.HyperStack.mem' (see also FStar.Monotonic.HyperStack.fst(95,24-95,87))
FStar.Monotonic.HyperStack.fst(356,4-356,24): (Warning 252) (Hint-replay failed): Subtyping check failed; expected type FStar.Monotonic.HyperStack.mem; got type FStar.Monotonic.HyperStack.mem' (see also FStar.Monotonic.HyperStack.fst(95,24-95,87))
FStar.Monotonic.HyperStack.fst(374,4-374,38): (Warning 252) (Hint-replay failed): Subtyping check failed; expected type m': FStar.Monotonic.HyperStack.mem{FStar.Monotonic.HyperStack.fresh_frame m m'}; got type FStar.Monotonic.HyperStack.mem' (see also FStar.Monotonic.HyperStack.fst(95,24-95,87))
FStar.Monotonic.HyperStack.fst(387,13-387,39): (Warning 252) (Hint-replay failed): Subtyping check failed; expected type FStar.Monotonic.HyperStack.mem; got type FStar.Monotonic.HyperStack.mem' (see also FStar.Monotonic.HyperStack.fst(95,24-95,87))
FStar.Monotonic.HyperStack.fst(524,36-524,37): (Warning 252) (Hint-replay failed): Subtyping check failed; expected type s:
FStar.Monotonic.HyperStack.mreference a rel
{ FStar.Monotonic.HyperStack.live_region (FStar.Monotonic.HyperStack.upd h r x)
(FStar.Monotonic.HyperStack.frameOf s) }; got type FStar.Monotonic.HyperStack.mreference a rel (see also FStar.Monotonic.HyperStack.fst(316,64-316,89))
FStar.Monotonic.HyperStack.fst(542,37-542,39): (Warning 252) (Hint-replay failed): Subtyping check failed; expected type s:
FStar.Monotonic.HyperStack.mreference b rel_b
{ FStar.Monotonic.HyperStack.live_region (FStar.Monotonic.HyperStack.upd h r1 x)
(FStar.Monotonic.HyperStack.frameOf s) }; got type FStar.Monotonic.HyperStack.mreference b rel_b (see also FStar.Monotonic.HyperStack.fst(316,64-316,89))
FStar.Seq.Properties.fst(474,2-477,29): (Warning 252) (Hint-replay failed): could not prove post-condition (see also FStar.Seq.Properties.fst(472,20-472,28))
FStar.HyperStack.ST.fst(356,4-356,11): (Warning 252) (Hint-replay failed): assertion failed (see also FStar.HyperStack.ST.fst(98,60-98,73))
FStar.HyperStack.ST.fst(366,4-366,11): (Warning 252) (Hint-replay failed): assertion failed (see also FStar.HyperStack.ST.fst(98,60-98,73))
FStar.HyperStack.ST.fst(383,4-383,11): (Warning 252) (Hint-replay failed): assertion failed (see also FStar.HyperStack.ST.fst(98,60-98,73))
FStar.HyperStack.ST.fst(415,4-415,10): (Warning 252) (Hint-replay failed): assertion failed (see also FStar.HyperStack.ST.fst(415,11-415,76))
FStar.HyperStack.ST.fst(434,4-434,11): (Warning 252) (Hint-replay failed): assertion failed (see also FStar.HyperStack.ST.fst(98,60-98,73))
FStar.HyperStack.ST.fst(454,4-454,11): (Warning 252) (Hint-replay failed): assertion failed (see also FStar.HyperStack.ST.fst(98,60-98,73))
FStar.HyperStack.ST.fst(473,4-473,11): (Warning 252) (Hint-replay failed): assertion failed (see also FStar.HyperStack.ST.fst(98,60-98,73))
FStar.HyperStack.ST.fst(512,4-512,10): (Warning 252) (Hint-replay failed): assertion failed (see also FStar.HyperStack.ST.fst(512,11-512,76))
FStar.HyperStack.ST.fst(535,4-535,11): (Warning 252) (Hint-replay failed): assertion failed (see also FStar.HyperStack.ST.fst(98,60-98,73))
FStar.Fin.fst(36,2-51,18): (Warning 252) (Hint-replay failed): could not prove post-condition (see also FStar.Fin.fst(33,41-33,68))
FStar.Fin.fst(36,2-51,18): (Warning 252) (Hint-replay failed): could not prove post-condition (see also FStar.Fin.fst(33,41-33,68))
FStar.Monotonic.DependentMap.fst(53,4-53,14): (Warning 252) (Hint-replay failed): assertion failed (see also FStar.HyperStack.ST.fst(609,37-609,41))
FStar.Monotonic.Map.fst(84,4-84,14): (Warning 252) (Hint-replay failed): assertion failed (see also FStar.HyperStack.ST.fst(609,37-609,41))
FStar.Monotonic.Seq.fst(50,4-50,17): (Warning 252) (Hint-replay failed): could not prove post-condition (see also FStar.Monotonic.Seq.fst(47,2-47,18))
FStar.Monotonic.Seq.fst(80,4-80,14): (Warning 252) (Hint-replay failed): assertion failed (see also FStar.HyperStack.ST.fst(609,37-609,41))
FStar.Monotonic.Seq.fst(142,4-142,14): (Warning 252) (Hint-replay failed): assertion failed (see also FStar.HyperStack.ST.fst(609,37-609,41))
FStar.Monotonic.Seq.fst(174,2-174,8): (Warning 252) (Hint-replay failed): assertion failed (see also FStar.Monotonic.Seq.fst(174,9-174,29))
FStar.Monotonic.Seq.fst(385,4-387,17): (Warning 252) (Hint-replay failed): could not prove post-condition (see also FStar.Monotonic.Seq.fst(380,5-380,25))
FStar.Monotonic.Seq.fst(401,4-404,10): (Warning 252) (Hint-replay failed): could not prove post-condition (see also FStar.Monotonic.Seq.fst(398,3-398,23))
LowStar.Modifies.fsti(641,2-641,42): (Warning 252) (Hint-replay failed): assertion failed (see also LowStar.Modifies.fsti(618,48-618,82))
LowStar.Modifies.fsti(651,2-651,38): (Warning 252) (Hint-replay failed): assertion failed (see also LowStar.Modifies.fsti(628,48-628,78))
LowStar.Modifies.fsti(690,2-690,38): (Warning 252) (Hint-replay failed): assertion failed (see also LowStar.Modifies.fsti(658,48-658,89))
LowStar.Modifies.fsti(701,2-701,49): (Warning 252) (Hint-replay failed): assertion failed (see also LowStar.Modifies.fsti(669,48-669,82))
LowStar.Modifies.fsti(711,2-711,45): (Warning 252) (Hint-replay failed): assertion failed (see also LowStar.Modifies.fsti(679,48-679,78))
LowStar.Buffer.fst(483,4-483,10): (Warning 252) (Hint-replay failed): assertion failed (see also LowStar.Buffer.fst(483,11-483,53))
LowStar.Buffer.fst(490,2-496,42): (Warning 252) (Hint-replay failed): could not prove post-condition (see also LowStar.Buffer.fsti(747,4-747,21))
LowStar.Buffer.fst(529,2-529,31): (Warning 252) (Hint-replay failed): could not prove post-condition (see also LowStar.Buffer.fsti(784,4-784,71))
LowStar.Buffer.fst(548,2-553,3): (Warning 252) (Hint-replay failed): could not prove post-condition (see also LowStar.Buffer.fsti(815,2-815,11))
LowStar.Buffer.fst(562,2-566,3): (Warning 252) (Hint-replay failed): could not prove post-condition (see also LowStar.Buffer.fsti(816,2-816,69))
LowStar.Buffer.fst(569,2-575,3): (Warning 252) (Hint-replay failed): could not prove post-condition (see also LowStar.Buffer.fsti(814,2-814,18))
LowStar.Buffer.fst(578,2-584,3): (Warning 252) (Hint-replay failed): could not prove post-condition (see also LowStar.Buffer.fsti(815,2-815,11))
LowStar.BufferView.fst(79,31-79,33): (Warning 252) (Hint-replay failed): Subtyping check failed; expected type FStar.Seq.Properties.lseq (FStar.Pervasives.dfst vb)
(LowStar.Buffer.length (LowStar.BufferView.as_buffer vb)); got type FStar.Seq.Base.seq (FStar.Pervasives.dfst vb) (see also FStar.Seq.Properties.fst(24,19-24,36))
LowStar.BufferView.fst(84,4-98,24): (Warning 252) (Hint-replay failed): could not prove post-condition (see also LowStar.BufferView.fst(82,11-82,41))
LowStar.BufferView.fst(156,38-156,40): (Warning 252) (Hint-replay failed): Subtyping check failed; expected type FStar.Seq.Properties.lseq (FStar.Pervasives.dfst vb)
(LowStar.Buffer.length (LowStar.BufferView.as_buffer vb)); got type FStar.Seq.Base.seq (FStar.Pervasives.dfst vb) (see also FStar.Seq.Properties.fst(24,19-24,36))
LowStar.BufferOps.fst(78,2-89,5): (Warning 252) (Hint-replay failed): could not prove post-condition (see also LowStar.BufferOps.fst(68,4-68,38))
LowStar.BufferOps.fst(102,2-121,71): (Warning 252) (Hint-replay failed): could not prove post-condition (see also LowStar.BufferOps.fst(99,7-99,36))
FStar.Pointer.Derived1.fst(118,2-118,8): (Warning 252) (Hint-replay failed): assertion failed (see also FStar.Pointer.Derived1.fst(118,9-118,104))
FStar.Pointer.Derived1.fst(168,2-168,8): (Warning 252) (Hint-replay failed): assertion failed (see also FStar.Pointer.Derived1.fst(168,9-168,91))
FStar.Pointer.Derived1.fst(171,2-171,23): (Warning 252) (Hint-replay failed): assertion failed (see also FStar.Pointer.Base.fsti(1493,5-1493,45))
LowStar.Modifies.fst(105,2-108,150): (Warning 252) (Hint-replay failed): could not prove post-condition (see also LowStar.Modifies.fsti(416,11-416,57))
LowStar.Modifies.fst(117,2-117,122): (Warning 252) (Hint-replay failed): could not prove post-condition (see also LowStar.Modifies.fsti(469,11-469,78))
LowStar.Modifies.fsti(641,2-641,42): (Warning 252) (Hint-replay failed): assertion failed (see also LowStar.Modifies.fsti(618,48-618,82))
LowStar.Modifies.fsti(651,2-651,38): (Warning 252) (Hint-replay failed): assertion failed (see also LowStar.Modifies.fsti(628,48-628,78))
LowStar.Modifies.fst(178,43-178,80): (Warning 252) (Hint-replay failed): Subtyping check failed; expected type 
l1: LowStar.Modifies.loc ->
l2: LowStar.Modifies.loc ->
h: FStar.Monotonic.HyperStack.mem ->
h': FStar.Monotonic.HyperStack.mem ->
x: FStar.Monotonic.HyperHeap.rid ->
Prims.Lemma Prims.unit; got type 
l1: FStar.ModifiesGen.loc LowStar.Modifies.cls ->
l2: FStar.ModifiesGen.loc LowStar.Modifies.cls ->
h: FStar.Monotonic.HyperStack.mem ->
h': FStar.Monotonic.HyperStack.mem ->
r: FStar.Monotonic.HyperHeap.rid ->
Prims.Lemma Prims.unit (see also FStar.ModifiesGen.fsti(689,104-689,145))
LowStar.Modifies.fst(180,54-180,101): (Warning 252) (Hint-replay failed): Subtyping check failed; expected type 
l1: LowStar.Modifies.loc ->
l2: LowStar.Modifies.loc ->
h: FStar.Monotonic.HyperStack.mem ->
h': FStar.Monotonic.HyperStack.mem ->
x: FStar.Monotonic.HyperStack.mreference t pre ->
Prims.Lemma Prims.unit; got type 
l1: FStar.ModifiesGen.loc LowStar.Modifies.cls ->
l2: FStar.ModifiesGen.loc LowStar.Modifies.cls ->
h: FStar.Monotonic.HyperStack.mem ->
h': FStar.Monotonic.HyperStack.mem ->
r: FStar.Monotonic.HyperStack.mreference t pre ->
Prims.Lemma Prims.unit (see also FStar.ModifiesGen.fsti(700,104-700,138))
LowStar.Modifies.fst(186,7-186,46): (Warning 252) (Hint-replay failed): assertion failed (see also FStar.ModifiesGen.fsti(711,104-711,135))
LowStar.Modifies.fsti(690,2-690,38): (Warning 252) (Hint-replay failed): assertion failed (see also LowStar.Modifies.fsti(658,48-658,89))
LowStar.Modifies.fsti(701,2-701,49): (Warning 252) (Hint-replay failed): assertion failed (see also LowStar.Modifies.fsti(669,48-669,82))
LowStar.Modifies.fsti(711,2-711,45): (Warning 252) (Hint-replay failed): assertion failed (see also LowStar.Modifies.fsti(679,48-679,78))
LowStar.Modifies.fst(267,2-267,23): (Warning 252) (Hint-replay failed): assertion failed (see also LowStar.Modifies.fsti(403,59-403,77))
LowStar.Modifies.fst(293,5-293,32): (Warning 252) (Hint-replay failed): assertion failed (see also FStar.ModifiesGen.fsti(942,40-942,76))
FStar.Integers.fst(440,5-454,43): (Warning 252) (Hint-replay failed): Patterns are incomplete
FStar.Buffer.fst(740,4-740,6): (Warning 252) (Hint-replay failed): could not prove post-condition (see also FStar.Buffer.fst(738,12-738,35))
FStar.Buffer.fst(765,4-765,6): (Warning 252) (Hint-replay failed): could not prove post-condition (see also FStar.Buffer.fst(763,12-763,37))
FStar.Buffer.fst(806,2-806,8): (Warning 252) (Hint-replay failed): assertion failed (see also FStar.Buffer.fst(806,9-806,43))
FStar.Buffer.fst(834,2-841,3): (Warning 252) (Hint-replay failed): could not prove post-condition (see also FStar.Buffer.fst(828,8-828,24))
FStar.Buffer.fst(848,4-850,56): (Warning 252) (Hint-replay failed): could not prove post-condition (see also FStar.Buffer.fst(847,12-847,80))
FStar.Buffer.fst(865,4-874,5): (Warning 252) (Hint-replay failed): could not prove post-condition (see also FStar.Buffer.fst(854,7-854,16))
FStar.Buffer.fst(960,4-961,44): (Warning 252) (Hint-replay failed): could not prove post-condition (see also FStar.Buffer.fst(959,7-959,35))
FStar.Buffer.fst(992,28-992,48): (Warning 252) (Hint-replay failed): could not prove post-condition (see also FStar.Buffer.fst(990,7-990,81))
FStar.Buffer.fst(1006,6-1006,20): (Warning 252) (Hint-replay failed): assertion failed (see also FStar.Seq.Base.fst(214,16-214,37))
FStar.Buffer.fst(1301,4-1301,6): (Warning 252) (Hint-replay failed): could not prove post-condition (see also FStar.Buffer.fst(1299,13-1299,31))
FStar.Buffer.fst(65,4-65,10): (Warning 252) (Hint-replay failed): Subtyping check failed; expected type Prims.nat; got type FStar.UInt.uint_t FStar.UInt32.n (see also prims.fst(408,17-408,23))
FStar.Modifies.fsti(466,2-466,42): (Warning 252) (Hint-replay failed): assertion failed (see also FStar.Modifies.fsti(439,48-439,82))
FStar.Modifies.fsti(480,2-480,38): (Warning 252) (Hint-replay failed): assertion failed (see also FStar.Modifies.fsti(449,48-449,78))
FStar.Modifies.fsti(523,2-523,38): (Warning 252) (Hint-replay failed): assertion failed (see also FStar.Modifies.fsti(487,48-487,89))
FStar.Modifies.fsti(538,2-538,49): (Warning 252) (Hint-replay failed): assertion failed (see also FStar.Modifies.fsti(498,48-498,82))
FStar.Modifies.fsti(552,2-552,45): (Warning 252) (Hint-replay failed): assertion failed (see also FStar.Modifies.fsti(508,48-508,78))
LowStar.ToFStarBuffer.fst(247,2-247,4): (Warning 252) (Hint-replay failed): could not prove post-condition (see also LowStar.ToFStarBuffer.fst(246,11-246,45))
LowStar.ToFStarBuffer.fst(256,2-256,4): (Warning 252) (Hint-replay failed): could not prove post-condition (see also LowStar.ToFStarBuffer.fst(255,11-255,51))
LowStar.ToFStarBuffer.fst(266,2-266,4): (Warning 252) (Hint-replay failed): could not prove post-condition (see also LowStar.ToFStarBuffer.fst(265,11-265,90))
LowStar.ToFStarBuffer.fst(285,2-286,19): (Warning 252) (Hint-replay failed): could not prove post-condition (see also LowStar.ToFStarBuffer.fst(281,13-281,49))
LowStar.ToFStarBuffer.fst(325,2-327,40): (Warning 252) (Hint-replay failed): could not prove post-condition (see also LowStar.ToFStarBuffer.fst(316,4-316,44))
LowStar.ToFStarBuffer.fst(341,2-342,19): (Warning 252) (Hint-replay failed): could not prove post-condition (see also LowStar.ToFStarBuffer.fst(337,4-337,42))
FStar.Modifies.fst(114,2-114,4): (Warning 252) (Hint-replay failed): could not prove post-condition (see also FStar.Modifies.fst(113,11-113,41))
FStar.Modifies.fsti(466,2-466,42): (Warning 252) (Hint-replay failed): assertion failed (see also FStar.Modifies.fsti(439,48-439,82))
FStar.Modifies.fsti(480,2-480,38): (Warning 252) (Hint-replay failed): assertion failed (see also FStar.Modifies.fsti(449,48-449,78))
FStar.Modifies.fst(285,43-285,80): (Warning 252) (Hint-replay failed): Subtyping check failed; expected type 
l1: FStar.Modifies.loc ->
l2: FStar.Modifies.loc ->
h: FStar.Monotonic.HyperStack.mem ->
h': FStar.Monotonic.HyperStack.mem ->
x: FStar.Monotonic.HyperHeap.rid ->
Prims.Lemma Prims.unit; got type 
l1: FStar.ModifiesGen.loc FStar.Modifies.cls ->
l2: FStar.ModifiesGen.loc FStar.Modifies.cls ->
h: FStar.Monotonic.HyperStack.mem ->
h': FStar.Monotonic.HyperStack.mem ->
r: FStar.Monotonic.HyperHeap.rid ->
Prims.Lemma Prims.unit (see also FStar.ModifiesGen.fsti(689,104-689,145))
FStar.Modifies.fst(287,54-287,101): (Warning 252) (Hint-replay failed): Subtyping check failed; expected type 
l1: FStar.Modifies.loc ->
l2: FStar.Modifies.loc ->
h: FStar.Monotonic.HyperStack.mem ->
h': FStar.Monotonic.HyperStack.mem ->
x: FStar.Monotonic.HyperStack.mreference t pre ->
Prims.Lemma Prims.unit; got type 
l1: FStar.ModifiesGen.loc FStar.Modifies.cls ->
l2: FStar.ModifiesGen.loc FStar.Modifies.cls ->
h: FStar.Monotonic.HyperStack.mem ->
h': FStar.Monotonic.HyperStack.mem ->
r: FStar.Monotonic.HyperStack.mreference t pre ->
Prims.Lemma Prims.unit (see also FStar.ModifiesGen.fsti(700,104-700,138))
FStar.Modifies.fst(290,5-290,44): (Warning 252) (Hint-replay failed): assertion failed (see also FStar.ModifiesGen.fsti(711,104-711,135))
FStar.Modifies.fsti(523,2-523,38): (Warning 252) (Hint-replay failed): assertion failed (see also FStar.Modifies.fsti(487,48-487,89))
FStar.Modifies.fsti(538,2-538,49): (Warning 252) (Hint-replay failed): assertion failed (see also FStar.Modifies.fsti(498,48-498,82))
FStar.Modifies.fsti(552,2-552,45): (Warning 252) (Hint-replay failed): assertion failed (see also FStar.Modifies.fsti(508,48-508,78))
FStar.ModifiesGen.fst(373,33-373,35): (Warning 252) (Hint-replay failed): could not prove post-condition (see also FStar.ModifiesGen.fsti(244,2-244,27))
FStar.ModifiesGen.fst(389,68-389,70): (Warning 252) (Hint-replay failed): could not prove post-condition (see also FStar.ModifiesGen.fsti(264,11-264,85))
FStar.ModifiesGen.fst(391,66-391,68): (Warning 252) (Hint-replay failed): could not prove post-condition (see also FStar.ModifiesGen.fsti(275,11-275,81))
FStar.ModifiesGen.fst(393,87-393,89): (Warning 252) (Hint-replay failed): could not prove post-condition (see also FStar.ModifiesGen.fsti(285,11-285,105))
FStar.ModifiesGen.fst(395,84-395,86): (Warning 252) (Hint-replay failed): could not prove post-condition (see also FStar.ModifiesGen.fsti(293,11-293,103))
FStar.ModifiesGen.fst(404,91-404,93): (Warning 252) (Hint-replay failed): could not prove post-condition (see also FStar.ModifiesGen.fsti(311,11-311,111))
FStar.ModifiesGen.fst(494,35-494,37): (Warning 252) (Hint-replay failed): could not prove post-condition (see also FStar.ModifiesGen.fsti(332,11-332,36))
FStar.ModifiesGen.fst(540,91-540,93): (Warning 252) (Hint-replay failed): could not prove post-condition (see also FStar.ModifiesGen.fsti(390,11-390,67))
FStar.ModifiesGen.fst(544,78-544,80): (Warning 252) (Hint-replay failed): could not prove post-condition (see also FStar.ModifiesGen.fsti(414,24-414,42))
FStar.ModifiesGen.fst(561,73-561,75): (Warning 252) (Hint-replay failed): could not prove post-condition (see also FStar.ModifiesGen.fsti(430,2-430,70))
FStar.ModifiesGen.fst(563,73-563,75): (Warning 252) (Hint-replay failed): could not prove post-condition (see also FStar.ModifiesGen.fsti(433,2-433,79))
FStar.ModifiesGen.fst(573,92-573,94): (Warning 252) (Hint-replay failed): could not prove post-condition (see also FStar.ModifiesGen.fsti(438,2-438,91))
FStar.ModifiesGen.fst(575,72-575,74): (Warning 252) (Hint-replay failed): could not prove post-condition (see also FStar.ModifiesGen.fsti(443,2-443,78))
FStar.ModifiesGen.fst(577,94-577,96): (Warning 252) (Hint-replay failed): could not prove post-condition (see also FStar.ModifiesGen.fsti(448,2-448,95))
FStar.ModifiesGen.fst(579,78-579,80): (Warning 252) (Hint-replay failed): could not prove post-condition (see also FStar.ModifiesGen.fsti(453,2-453,73))
FStar.ModifiesGen.fst(899,20-899,25): (Warning 252) (Hint-replay failed): assertion failed (see also FStar.ModifiesGen.fsti(574,15-574,55))
FStar.ModifiesGen.fst(915,55-915,57): (Warning 252) (Hint-replay failed): could not prove post-condition (see also FStar.ModifiesGen.fsti(624,4-624,20))
FStar.ModifiesGen.fst(917,47-917,49): (Warning 252) (Hint-replay failed): could not prove post-condition (see also FStar.ModifiesGen.fsti(640,11-642,3))
FStar.ModifiesGen.fst(933,2-933,8): (Warning 252) (Hint-replay failed): assertion failed (see also FStar.ModifiesGen.fst(933,57-933,141))
FStar.ModifiesGen.fst(939,79-939,81): (Warning 252) (Hint-replay failed): could not prove post-condition (see also FStar.ModifiesGen.fsti(701,11-701,45))
FStar.ModifiesGen.fst(941,72-941,74): (Warning 252) (Hint-replay failed): could not prove post-condition (see also FStar.ModifiesGen.fsti(712,11-712,32))
FStar.ModifiesGen.fst(955,2-955,23): (Warning 252) (Hint-replay failed): assertion failed (see also FStar.ModifiesGen.fsti(657,33-657,51))
FStar.ModifiesGen.fst(983,2-984,117): (Warning 252) (Hint-replay failed): could not prove post-condition (see also FStar.ModifiesGen.fst(982,11-982,28))
FStar.ModifiesGen.fst(1036,2-1036,55): (Warning 252) (Hint-replay failed): could not prove post-condition (see also FStar.ModifiesGen.fst(1035,2-1035,45))
FStar.ModifiesGen.fst(1052,2-1052,55): (Warning 252) (Hint-replay failed): could not prove post-condition (see also FStar.ModifiesGen.fst(1051,2-1051,66))
FStar.ModifiesGen.fst(1066,2-1066,20): (Warning 252) (Hint-replay failed): assertion failed (see also FStar.ModifiesGen.fsti(223,35-223,53))
FStar.ModifiesGen.fst(1182,68-1182,70): (Warning 252) (Hint-replay failed): could not prove post-condition (see also FStar.ModifiesGen.fsti(106,16-106,35))
FStar.ModifiesGen.fst(1189,68-1189,70): (Warning 252) (Hint-replay failed): could not prove post-condition (see also FStar.ModifiesGen.fsti(106,16-106,35))
FStar.ModifiesGen.fst(1197,80-1197,82): (Warning 252) (Hint-replay failed): could not prove post-condition (see also FStar.ModifiesGen.fsti(106,16-106,35))
FStar.ModifiesGen.fst(1211,14-1211,16): (Warning 252) (Hint-replay failed): could not prove post-condition (see also FStar.ModifiesGen.fsti(470,13-470,34))
FStar.ModifiesGen.fst(1231,47-1231,49): (Warning 252) (Hint-replay failed): could not prove post-condition (see also FStar.ModifiesGen.fsti(899,11-901,3))
FStar.ModifiesGen.fst(1297,9-1297,41): (Warning 252) (Hint-replay failed): Subtyping check failed; expected type y: FStar.GSet.set Prims.nat {FStar.GSet.subset (non_live_addrs' r') y}; got type FStar.GSet.set Prims.nat (see also FStar.ModifiesGen.fst(1295,83-1295,117))
FStar.ModifiesGen.fst(1408,12-1408,33): (Warning 252) (Hint-replay failed): assertion failed (see also FStar.ModifiesGen.fst(1286,13-1286,53))
FStar.ModifiesGen.fst(1435,4-1435,10): (Warning 252) (Hint-replay failed): assertion failed (see also FStar.ModifiesGen.fst(1435,11-1435,53))
FStar.ModifiesGen.fst(1466,42-1466,44): (Warning 252) (Hint-replay failed): could not prove post-condition (see also FStar.ModifiesGen.fsti(939,11-939,69))
FStar.ModifiesGen.fst(1468,46-1468,48): (Warning 252) (Hint-replay failed): could not prove post-condition (see also FStar.ModifiesGen.fsti(943,11-943,73))
FStar.ModifiesGen.fst(1476,2-1476,64): (Warning 252) (Hint-replay failed): could not prove post-condition (see also FStar.ModifiesGen.fsti(954,12-954,71))
FStar.ModifiesGen.fst(1484,2-1484,20): (Warning 252) (Hint-replay failed): assertion failed (see also FStar.ModifiesGen.fsti(223,35-223,53))
FStar.ModifiesGen.fst(1754,2-1754,8): (Warning 252) (Hint-replay failed): assertion failed (see also FStar.ModifiesGen.fst(1754,9-1754,39))
FStar.ModifiesGen.fst(1780,41-1780,60): (Warning 252) (Hint-replay failed): could not prove post-condition
FStar.ModifiesGen.fst(1876,2-1884,39): (Warning 252) (Hint-replay failed): could not prove post-condition (see also FStar.ModifiesGen.fst(1875,11-1875,42))
FStar.ModifiesGen.fst(1956,4-1956,10): (Warning 252) (Hint-replay failed): assertion failed (see also FStar.ModifiesGen.fst(1965,8-1965,36))
FStar.ModifiesGen.fst(1956,4-1956,10): (Warning 252) assertion failed (see also FStar.ModifiesGen.fst(1965,8-1965,36))
FStar.ModifiesGen.fst(1956,4-1956,10): (Warning 252) assertion failed (see also FStar.ModifiesGen.fst(1965,8-1965,36))
FStar.ModifiesGen.fst(1984,4-1984,21): (Warning 252) (Hint-replay failed): Subtyping check failed; expected type aux:
FStar.Ghost.erased (FStar.GSet.set (FStar.ModifiesGen.aloc (c b)))
{ FStar.GSet.subset (FStar.ModifiesGen.aloc_domain (c b) regions live_addrs)
(FStar.Ghost.reveal aux) /\
FStar.GSet.subset (FStar.Ghost.reveal aux)
(FStar.ModifiesGen.aloc_domain (c b) regions (fun _ -> FStar.GSet.complement FStar.GSet.empty)
) }; got type FStar.Ghost.erased (FStar.GSet.set (FStar.ModifiesGen.aloc (c b))) (see also FStar.ModifiesGen.fst(30,8-30,71))
FStar.ModifiesGen.fst(1993,9-1993,119): (Warning 252) (Hint-replay failed): assertion failed
FStar.ModifiesGen.fst(1996,9-1996,121): (Warning 252) (Hint-replay failed): assertion failed
FStar.ModifiesGen.fst(2067,2-2073,167): (Warning 252) (Hint-replay failed): could not prove post-condition (see also FStar.ModifiesGen.fsti(1109,2-1109,78))
12.05user 47.03system 11:10.20elapsed 8%CPU (0avgtext+0avgdata 1358197760maxresident)k
0inputs+0outputs (5559537major+0minor)pagefaults 0swaps
C:/build/agent1/_work/1/s/kremlin/kremlib/Spec.Loops.fst(14,8-14,19): (Warning 288) FStar.Seq.Base.createEmpty is deprecated, use Seq.empty instead
C:/build/agent1/_work/1/s/kremlin/kremlib/Spec.Loops.fst(28,31-28,42): (Warning 288) FStar.Seq.Base.createEmpty is deprecated, use Seq.empty instead

tools\Vale\src\emit_vale_text.fs(61,11): warning FS0025: Incomplete pattern matches on this expression. For example, the value 'EOp (Uop (UCall (_)), [_])' may indicate a case not covered by the pattern(s).

tools\Vale\src\emit_dafny_text.fs(60,11): warning FS0025: Incomplete pattern matches on this expression. For example, the value 'EOp (Uop (UCall (_)), [_])' may indicate a case not covered by the pattern(s).

tools\Vale\src\emit_dafny_direct.fs(229,11): warning FS0025: Incomplete pattern matches on this expression. For example, the value 'EOp (Uop (UCall (_)), [_])' may indicate a case not covered by the pattern(s).

tools\Vale\src\emit_fstar_text.fs(85,11): warning FS0025: Incomplete pattern matches on this expression. For example, the value 'EOp (Uop (UCall (CallInline)), [_])' may indicate a case not covered by the pattern(s).
Ex01a.fst(70,0-70,48): (Warning 272) Top-level let-bindings must be total; this term may have effects
Ex01a.fst(70,0-70,48): (Warning 272) Top-level let-bindings must be total; this term may have effects
Effects.Def.fst(165,2-165,22): (Warning 252) (Hint-replay failed): assertion failed (see also Effects.Def.fst(44,11-44,91))
Ex01a.fst(60,0-60,48): (Warning 272) Top-level let-bindings must be total; this term may have effects
Ex01a.fst(60,0-60,48): (Warning 272) Top-level let-bindings must be total; this term may have effects
C:/build/agent1/_work/1/s/mitls-fstar/src/lowparse/LowParse.Bytes32.fst(60,29-60,40): (Warning 288) FStar.Seq.Base.createEmpty is deprecated, use Seq.empty instead
C:/build/agent1/_work/1/s/mitls-fstar/src/lowparse/LowParse.Bytes32.fst(61,45-61,56): (Warning 288) FStar.Seq.Base.createEmpty is deprecated, use Seq.empty instead
C:/build/agent1/_work/1/s/mitls-fstar/src/lowparse/LowParse.Spec.Base.fst(319,44-319,55): (Warning 288) FStar.Seq.Base.createEmpty is deprecated, use Seq.empty instead
C:/build/agent1/_work/1/s/mitls-fstar/src/lowparse/LowParse.Spec.Base.fst(320,36-320,47): (Warning 288) FStar.Seq.Base.createEmpty is deprecated, use Seq.empty instead
C:/build/agent1/_work/1/s/mitls-fstar/src/lowparse/LowParse.Spec.Base.fst(321,44-321,55): (Warning 288) FStar.Seq.Base.createEmpty is deprecated, use Seq.empty instead
C:/build/agent1/_work/1/s/mitls-fstar/src/lowparse/LowParse.Spec.Base.fst(322,45-322,56): (Warning 288) FStar.Seq.Base.createEmpty is deprecated, use Seq.empty instead
C:/build/agent1/_work/1/s/mitls-fstar/src/lowparse/LowParse.Spec.Base.fst(323,38-323,49): (Warning 288) FStar.Seq.Base.createEmpty is deprecated, use Seq.empty instead
C:/build/agent1/_work/1/s/mitls-fstar/src/lowparse/LowParse.Spec.Base.fst(324,39-324,50): (Warning 288) FStar.Seq.Base.createEmpty is deprecated, use Seq.empty instead
Ex04g.fst(5,4-5,6): (Warning 240) Admitting Ex04g.tl without a definition
Ex04g.fst(4,4-4,6): (Warning 240) Admitting Ex04g.hd without a definition
Ex05a.fst(28,4-28,13): (Warning 240) Admitting Ex05a.rev_is_ok without a definition
Ex06a.fst(5,4-5,13): (Warning 240) Admitting Ex06a.partition without a definition
Ex06e.fst(18,4-18,8): (Warning 240) Admitting Ex06e.sort without a definition
Encrypt_SymEnc.fst(30,0-30,27): (Warning 272) Top-level let-bindings must be total; this term may have effects
Encrypt_SymEnc.fst(30,0-30,27): (Warning 272) Top-level let-bindings must be total; this term may have effects
array.pos\Test.fst(34,12-34,17): (Warning 252) (Hint-replay failed): assertion failed (see also FStar.Pointer.Base.fsti(2098,22-2098,30))
array.pos\Test.fst(43,2-50,3): (Warning 252) (Hint-replay failed): could not prove post-condition (see also FStar.HyperStack.ST.fst(237,91-237,109))
Ex07a.fst(228,4-228,14): (Warning 240) Admitting Ex07a.typed_step without a definition
indind.fst(57,10-57,14): (Warning 252) (Hint-replay failed): Subtyping check failed; expected type p v; got type p (Indind.Nil) (see also indind.fst(50,30-54,24))
bug185.fst(33,15-33,21): (Warning 252) (Hint-replay failed): assertion failed (see also bug185.fst(33,22-33,48))
Encrypt_SymEnc.fst(30,0-30,27): (Warning 272) Top-level let-bindings must be total; this term may have effects
disjoint.pos\Test.fst(30,12-30,17): (Warning 252) (Hint-replay failed): assertion failed (see also FStar.Pointer.Base.fsti(2098,22-2098,30))
disjoint.pos\Test.fst(51,2-58,3): (Warning 252) (Hint-replay failed): could not prove post-condition (see also FStar.HyperStack.ST.fst(237,91-237,109))
C:/build/agent1/_work/1/s/hacl-star/code/lib/FStar.Endianness.fst(190,8-190,19): (Warning 288) FStar.Seq.Base.createEmpty is deprecated, use Seq.empty instead
C:/build/agent1/_work/1/s/hacl-star/code/lib/FStar.Endianness.fst(309,16-309,27): (Warning 288) FStar.Seq.Base.createEmpty is deprecated, use Seq.empty instead
C:/build/agent1/_work/1/s/hacl-star/code/lib/FStar.Endianness.fst(330,16-330,27): (Warning 288) FStar.Seq.Base.createEmpty is deprecated, use Seq.empty instead
C:/build/agent1/_work/1/s/hacl-star/code/lib/FStar.Endianness.fst(354,8-354,19): (Warning 288) FStar.Seq.Base.createEmpty is deprecated, use Seq.empty instead
hello.fst(5,0-5,37): (Warning 272) Top-level let-bindings must be total; this term may have effects
hello.fst(5,0-5,37): (Warning 272) Top-level let-bindings must be total; this term may have effects
CanonCommSwaps.fst(51,69-51,84): (Warning 252) (Hint-replay failed): Subtyping check failed; expected type Prims.nat; got type Prims.int (see also prims.fst(408,17-408,23))
CanonCommSwaps.fst(53,36-53,43): (Warning 252) (Hint-replay failed): Subtyping check failed; expected type CanonCommSwaps.swap (FStar.List.Tot.Base.length (h :: xs) + n); got type Prims.int (see also prims.fst(408,17-408,23))
StlcStrongDbParSubst.fst(203,27-203,29): (Warning 252) (Hint-replay failed): Subtyping check failed; expected type StlcStrongDbParSubst.typing g
(StlcStrongDbParSubst.sub_beta v y)
(Some?.v (StlcStrongDbParSubst.extend t_x g y)); got type StlcStrongDbParSubst.typing g v t_x (see also StlcStrongDbParSubst.fst(170,46-201,36))
StlcStrongDbParSubst.fst(203,27-203,29): (Warning 252) (Hint-replay failed): Subtyping check failed; expected type StlcStrongDbParSubst.typing g
(StlcStrongDbParSubst.sub_beta v y)
(Some?.v (StlcStrongDbParSubst.extend t_x g y)); got type StlcStrongDbParSubst.typing g v t_x (see also StlcStrongDbParSubst.fst(170,46-201,36))
MerkleTree.fst(111,2-117,59): (Warning 252) (Hint-replay failed): could not prove post-condition (see also MerkleTree.fst(108,48-108,69))
MAC.fst(45,0-45,53): (Warning 272) Top-level let-bindings must be total; this term may have effects
MAC.fst(45,0-45,53): (Warning 272) Top-level let-bindings must be total; this term may have effects
Ex07d.fst(225,4-225,8): (Warning 240) Admitting Ex07d.eval without a definition
testseq.fst(12,0-14,15): (Warning 272) Top-level let-bindings must be total; this term may have effects
testseq.fst(12,0-14,15): (Warning 272) Top-level let-bindings must be total; this term may have effects
scons: *** [obj\lib\collections\Collections.Lists_i.fsti.verified.tmp] Error 1
point.pos\Test.fst(35,13-35,18): (Warning 252) (Hint-replay failed): assertion failed (see also FStar.Pointer.Base.fsti(2098,22-2098,30))
point.pos\Test.fst(29,36-29,37): (Warning 252) Subtyping check failed; expected type FStar.Pointer.Base.struct_field Test.point_struct; got type Prims.string (see also FStar.Pointer.Base.fsti(69,15-69,50))
point.pos\Test.fst(29,36-29,37): (Warning 252) Subtyping check failed; expected type FStar.Pointer.Base.struct_field Test.point_struct; got type Prims.string (see also FStar.Pointer.Base.fsti(69,15-69,50))
point.pos\Test.fst(55,13-55,18): (Warning 252) (Hint-replay failed): assertion failed (see also FStar.Pointer.Base.fsti(2098,22-2098,30))
point.pos\Test.fst(50,36-50,37): (Warning 252) Subtyping check failed; expected type FStar.Pointer.Base.struct_field Test.point_struct; got type Prims.string (see also FStar.Pointer.Base.fsti(69,15-69,50))
point.pos\Test.fst(50,36-50,37): (Warning 252) Subtyping check failed; expected type FStar.Pointer.Base.struct_field Test.point_struct; got type Prims.string (see also FStar.Pointer.Base.fsti(69,15-69,50))
Ex10a.fst(24,0-24,22): (Warning 272) Top-level let-bindings must be total; this term may have effects
Ex10a.fst(24,0-24,22): (Warning 272) Top-level let-bindings must be total; this term may have effects
Ex10a.fst(24,0-24,22): (Warning 272) Top-level let-bindings must be total; this term may have effects
Ex10a.fst(24,0-24,22): (Warning 272) Top-level let-bindings must be total; this term may have effects
Slice.fst(95,4-95,26): (Warning 252) (Hint-replay failed): assertion failed (see also FStar.Buffer.fst(434,28-434,54))
Slice.fst(105,4-105,26): (Warning 252) (Hint-replay failed): assertion failed (see also FStar.Buffer.fst(434,28-434,54))
Ex10a.fst(26,0-26,22): (Warning 272) Top-level let-bindings must be total; this term may have effects
Ex10a.fst(26,0-26,22): (Warning 272) Top-level let-bindings must be total; this term may have effects
Ex10a.fst(26,0-26,22): (Warning 272) Top-level let-bindings must be total; this term may have effects
Ex10a.fst(26,0-26,22): (Warning 272) Top-level let-bindings must be total; this term may have effects
InlineLet.fst(32,6-32,13): (Warning 252) (Hint-replay failed): Subtyping check failed; expected type _: a -> FStar.HyperStack.ST.St (a * Prims.int); got type x: a -> FStar.HyperStack.ST.STATE (a * Prims.int) (see also FStar.HyperStack.ST.fst(76,86-76,91))
nested.pos\Test.fst(32,18-32,22): (Warning 252) (Hint-replay failed): assertion failed (see also FStar.Pointer.Base.fsti(2122,22-2122,34))
nested.pos\Test.fst(15,13-18,5): (Warning 252) Subtyping check failed; expected type l:
Prims.list (Prims.string * FStar.Pointer.Base.typ)
{Cons? l /\ FStar.List.Tot.Base.noRepeats (FStar.List.Tot.Base.map FStar.Pervasives.Native.fst l)}; got type Prims.list (Prims.string * FStar.Pointer.Base.typ) (see also FStar.Pointer.Base.fsti(55,2-55,41))
LowParse.Spec.Base.fst(319,6-319,12): (Warning 252) (Hint-replay failed): assertion failed (see also LowParse.Spec.Base.fst(319,13-319,50))
LowParse.Spec.Base.fst(733,2-733,8): (Warning 252) (Hint-replay failed): assertion failed (see also LowParse.Spec.Base.fst(733,9-733,22))
Eta_expand.fst(22,0-26,35): (Warning 272) Top-level let-bindings must be total; this term may have effects
Eta_expand.fst(22,0-26,35): (Warning 272) Top-level let-bindings must be total; this term may have effects
File "out/Eta_expand.ml", line 19, characters 37-41:
Warning 20: this argument will not be used by the function.
File "out/Eta_expand.ml", line 19, characters 42-46:
Warning 20: this argument will not be used by the function.
FStar.DM4F.Id.fst(23,8-23,14): (Warning 252) assertion failed (see also FStar.DM4F.Id.fst(23,15-23,20))
FStar.DM4F.Id.fst(23,8-23,14): (Warning 252) assertion failed (see also FStar.DM4F.Id.fst(23,15-23,20))
FStar.DM4F.Id.fst(23,8-23,14): (Warning 252) assertion failed (see also FStar.DM4F.Id.fst(23,15-23,20))
FStar.DM4F.Id.fst(23,8-23,14): (Warning 252) assertion failed (see also FStar.DM4F.Id.fst(23,15-23,20))
MonotonicArray.fst(40,61-40,72): (Warning 252) (Hint-replay failed): Subtyping check failed; expected type FStar.Preorder.preorder (MonotonicArray.repr a n); got type FStar.Preorder.relation (MonotonicArray.repr a n) (see also C:\build\agent1\_work\1\s\ulib\FStar.Preorder.fst(12,40-12,56))
MonotonicArray.fst(162,4-162,10): (Warning 252) (Hint-replay failed): assertion failed (see also MonotonicArray.fst(166,75-166,97))
MonotonicArray.fst(207,10-207,12): (Warning 252) (Hint-replay failed): assertion failed (see also C:\build\agent1\_work\1\s\ulib\FStar.ST.fst(122,14-122,29))
MonotonicArray.fst(231,10-231,12): (Warning 252) (Hint-replay failed): assertion failed (see also C:\build\agent1\_work\1\s\ulib\FStar.ST.fst(122,14-122,29))
MonotonicArray.fst(449,4-449,6): (Warning 252) (Hint-replay failed): could not prove post-condition (see also MonotonicArray.fst(446,20-446,62))
MonotonicArray.fst(455,4-455,6): (Warning 252) (Hint-replay failed): could not prove post-condition (see also MonotonicArray.fst(453,19-453,51))
MonotonicArray.fst(491,4-491,6): (Warning 252) (Hint-replay failed): could not prove post-condition (see also MonotonicArray.fst(490,18-490,59))
MonotonicArray.fst(514,10-514,12): (Warning 252) (Hint-replay failed): assertion failed (see also C:\build\agent1\_work\1\s\ulib\FStar.ST.fst(122,14-122,29))
MonotonicArray.fst(40,61-40,72): (Warning 252) (Hint-replay failed): Subtyping check failed; expected type FStar.Preorder.preorder (MonotonicArray.repr a n); got type FStar.Preorder.relation (MonotonicArray.repr a n) (see also C:\build\agent1\_work\1\s\ulib\FStar.Preorder.fst(12,40-12,56))
Ex10b.fst(52,19-52,23): (Warning 252) (Hint-replay failed): Subtyping check failed; expected type Prims.eqtype; got type Type0 (see also prims.fst(27,21-27,28))
Ex10b.fst(104,19-104,23): (Warning 252) (Hint-replay failed): Subtyping check failed; expected type Prims.eqtype; got type Type0 (see also prims.fst(27,21-27,28))
MAC.fst(45,0-45,53): (Warning 272) Top-level let-bindings must be total; this term may have effects
Unit1.Basic.fst(167,39-167,68): (Warning 252) (Hint-replay failed): Subtyping check failed; expected type m: Unit1.Basic.message{Unit1.Basic.slength m = l - 1}; got type Unit1.Basic.message (see also Unit1.Basic.fst(163,39-163,50))
Unit1.Basic.fst(318,31-318,33): (Warning 252) (Hint-replay failed): could not prove post-condition (see also Unit1.Basic.fst(316,2-316,62))
Unit1.Basic.fst(324,20-324,22): (Warning 252) (Hint-replay failed): could not prove post-condition (see also Unit1.Basic.fst(323,42-323,87))
SepLogic.Heap.fst(59,26-62,30): (Warning 252) (Hint-replay failed): Patterns are incomplete
SepLogic.Heap.fst(78,38-81,62): (Warning 252) (Hint-replay failed): Patterns are incomplete
SepLogic.Heap.fst(196,12-196,18): (Warning 252) (Hint-replay failed): assertion failed (see also SepLogic.Heap.fst(196,19-196,77))
SepLogic.Heap.fst(224,39-224,41): (Warning 252) (Hint-replay failed): could not prove post-condition (see also SepLogic.Heap.fsti(155,10-155,62))
SepLogic.Heap.fst(226,39-226,41): (Warning 252) (Hint-replay failed): could not prove post-condition (see also SepLogic.Heap.fsti(159,10-159,34))
SepLogic.Heap.fst(235,35-235,37): (Warning 252) (Hint-replay failed): could not prove post-condition (see also SepLogic.Heap.fsti(187,11-187,27))
SepLogic.Heap.fst(303,4-303,6): (Warning 252) (Hint-replay failed): could not prove post-condition (see also SepLogic.Heap.fst(302,21-302,58))
NatHeap.fst(68,12-69,30): (Warning 252) (Hint-replay failed): Subtyping check failed; expected type NatHeap.heap; got type Prims.nat * (_: Prims.nat -> Prims.Tot (FStar.Pervasives.Native.option (a: Type0 & a))) (see also NatHeap.fst(12,42-12,72))
(Warning 252) (Hint-replay failed): could not prove post-condition
union.pos\Test.fst(35,2-43,5): (Warning 252) could not prove post-condition (see also union.pos\Test.fst(32,4-32,17))
union.pos\Test.fst(35,2-43,5): (Warning 252) could not prove post-condition (see also union.pos\Test.fst(32,4-32,17))
C:/build/agent1/_work/1/s/kremlin/kremlib/Spec.Loops.fst(14,8-14,19): (Warning 288) FStar.Seq.Base.createEmpty is deprecated, use Seq.empty instead
C:/build/agent1/_work/1/s/kremlin/kremlib/Spec.Loops.fst(28,31-28,42): (Warning 288) FStar.Seq.Base.createEmpty is deprecated, use Seq.empty instead
Unable to open hints file: C:\build\agent1\_work\1\s\kremlin\kremlib\Spec.Loops.fst.hints; ran without hints
Huffman.fst(182,53-182,54): (Warning 252) (Hint-replay failed): Subtyping check failed; expected type s:
Huffman.symbol
{%[ bs; if Leaf? t' && Cons? bs then 1 else 0 ] << %[ bs; if Leaf? t && Cons? bs then 1 else 0 ]}; got type Huffman.symbol (see also Huffman.fst(180,2-184,60))
Ex12.MAC.fst(41,0-41,41): (Warning 272) Top-level let-bindings must be total; this term may have effects
Ex12.MAC.fst(41,0-41,41): (Warning 272) Top-level let-bindings must be total; this term may have effects
Ex12a.ACLs.fst(59,0-59,48): (Warning 272) Top-level let-bindings must be total; this term may have effects
Ex12a1.Cap.fst(23,0-23,26): (Warning 272) Top-level let-bindings must be total; this term may have effects
Ex12a1.Cap.fst(23,0-23,26): (Warning 272) Top-level let-bindings must be total; this term may have effects
Ex12a1.Cap.fst(23,0-23,26): (Warning 272) Top-level let-bindings must be total; this term may have effects
Ex12a1.Cap.fst(23,0-23,26): (Warning 272) Top-level let-bindings must be total; this term may have effects
StlcCbvDbParSubst.fst(197,19-197,25): (Warning 252) (Hint-replay failed): assertion failed (see also StlcCbvDbParSubst.fst(197,25-197,68))
taggedunion.pos\Test.fst(124,15-124,20): (Warning 252) (Hint-replay failed): assertion failed (see also FStar.Pointer.Base.fsti(2098,22-2098,30))
TestMRef.fst(8,0-8,15): (Warning 272) Top-level let-bindings must be total; this term may have effects
TestMRef.fst(8,0-8,15): (Warning 272) Top-level let-bindings must be total; this term may have effects
TestMRef.fst(8,0-8,15): (Warning 272) Top-level let-bindings must be total; this term may have effects
TestMRef.fst(8,0-8,15): (Warning 272) Top-level let-bindings must be total; this term may have effects
MAC.fst(45,0-45,53): (Warning 272) Top-level let-bindings must be total; this term may have effects
RPC.fst(9,0-9,53): (Warning 272) Top-level let-bindings must be total; this term may have effects
RPC.fst(9,0-9,53): (Warning 272) Top-level let-bindings must be total; this term may have effects
RPC.fst(23,0-23,39): (Warning 272) Top-level let-bindings must be total; this term may have effects
RPC.fst(23,0-23,39): (Warning 272) Top-level let-bindings must be total; this term may have effects
RPC.fst(48,0-49,16): (Warning 272) Top-level let-bindings must be total; this term may have effects
RPC.fst(48,0-49,16): (Warning 272) Top-level let-bindings must be total; this term may have effects
RPC.fst(116,0-116,17): (Warning 272) Top-level let-bindings must be total; this term may have effects
RPC.fst(116,0-116,17): (Warning 272) Top-level let-bindings must be total; this term may have effects
MRefHeap.fst(60,11-61,26): (Warning 252) (Hint-replay failed): Subtyping check failed; expected type MRefHeap.heap; got type Prims.nat * (_: Prims.nat -> Prims.Tot (FStar.Pervasives.Native.option MRefHeap.heap_cell)) (see also MRefHeap.fst(13,42-13,72))
Ex11a.fst(76,14-76,15): (Warning 252) (Hint-replay failed): Subtyping check failed; expected type z:
FStar.HyperStack.ST.ref Prims.int
{ FStar.Monotonic.HyperStack.frameOf z = r /\
FStar.Monotonic.HyperStack.as_addr x <> FStar.Monotonic.HyperStack.as_addr y /\
FStar.Monotonic.HyperStack.as_addr y <> FStar.Monotonic.HyperStack.as_addr z /\
FStar.Monotonic.HyperStack.as_addr x <> FStar.Monotonic.HyperStack.as_addr z }; got type FStar.HyperStack.ST.mref Prims.int (FStar.Heap.trivial_preorder Prims.int) (see also Ex11a.fst(25,40-25,62))
Ex11a.fst(88,10-88,11): (Warning 252) (Hint-replay failed): Subtyping check failed; expected type azim:
FStar.HyperStack.ST.ref Prims.int
{ FStar.Monotonic.HyperStack.frameOf azim = r /\
FStar.Monotonic.HyperStack.as_addr p <> FStar.Monotonic.HyperStack.as_addr azim }; got type FStar.HyperStack.ST.mref Prims.int (FStar.Heap.trivial_preorder Prims.int) (see also Ex11a.fst(31,43-31,72))
Ex11a.fst(115,2-118,28): (Warning 252) (Hint-replay failed): could not prove post-condition (see also Ex11a.fst(109,14-109,59))
Ex11a.fst(129,2-136,34): (Warning 252) (Hint-replay failed): could not prove post-condition (see also Ex11a.fst(124,14-124,59))
SL.Heap.fst(65,26-68,30): (Warning 252) (Hint-replay failed): Patterns are incomplete
SL.Heap.fst(85,38-88,62): (Warning 252) (Hint-replay failed): Patterns are incomplete
SL.Heap.fst(169,12-169,18): (Warning 252) (Hint-replay failed): assertion failed (see also SL.Heap.fst(169,19-169,77))
SL.Heap.fst(196,39-196,41): (Warning 252) (Hint-replay failed): could not prove post-condition (see also SL.Heap.fsti(119,10-119,62))
SL.Heap.fst(198,39-198,41): (Warning 252) (Hint-replay failed): could not prove post-condition (see also SL.Heap.fsti(123,10-123,34))
Mac.fst(70,0-70,53): (Warning 272) Top-level let-bindings must be total; this term may have effects
Mac.fst(70,0-70,53): (Warning 272) Top-level let-bindings must be total; this term may have effects
Mac.fst(70,0-70,53): (Warning 272) Top-level let-bindings must be total; this term may have effects
Mac.fst(70,0-70,53): (Warning 272) Top-level let-bindings must be total; this term may have effects
Ex11a.fst(78,14-78,15): (Warning 252) (Hint-replay failed): Subtyping check failed; expected type z:
FStar.HyperStack.ST.ref Prims.int
{ FStar.Monotonic.HyperStack.frameOf z = r /\
FStar.Monotonic.HyperStack.as_addr x <> FStar.Monotonic.HyperStack.as_addr y /\
FStar.Monotonic.HyperStack.as_addr y <> FStar.Monotonic.HyperStack.as_addr z /\
FStar.Monotonic.HyperStack.as_addr x <> FStar.Monotonic.HyperStack.as_addr z }; got type FStar.HyperStack.ST.mref Prims.int (FStar.Heap.trivial_preorder Prims.int) (see also Ex11a.fst(27,40-27,62))
Ex11a.fst(90,10-90,11): (Warning 252) (Hint-replay failed): Subtyping check failed; expected type azim:
FStar.HyperStack.ST.ref Prims.int
{ FStar.Monotonic.HyperStack.frameOf azim = r /\
FStar.Monotonic.HyperStack.as_addr p <> FStar.Monotonic.HyperStack.as_addr azim }; got type FStar.HyperStack.ST.mref Prims.int (FStar.Heap.trivial_preorder Prims.int) (see also Ex11a.fst(33,43-33,72))
Ex11a.fst(116,2-119,28): (Warning 252) (Hint-replay failed): could not prove post-condition (see also Ex11a.fst(110,14-110,59))
Ex11a.fst(130,2-137,34): (Warning 252) (Hint-replay failed): could not prove post-condition (see also Ex11a.fst(125,14-125,59))
Ex12b1.Format.fst(97,4-97,18): (Warning 240) Admitting Ex12b1.Format.resp_injective without a definition
Ex12b1.Format.fst(91,4-91,17): (Warning 240) Admitting Ex12b1.Format.req_injective without a definition
Ex12b1.Format.fst(85,4-85,21): (Warning 240) Admitting Ex12b1.Format.req_resp_distinct without a definition
Benton2004.RHL.fst(258,2-258,4): (Warning 252) (Hint-replay failed): could not prove post-condition (see also Benton2004.RHL.fst(254,2-257,3))
Benton2004.RHL.fst(459,4-459,19): (Warning 252) (Hint-replay failed): assertion failed (see also Benton2004.RHL.fst(443,4-443,84))
Benton2004.RHL.fst(513,63-513,152): (Warning 252) (Hint-replay failed): assertion failed
MAC.fst(45,0-45,53): (Warning 272) Top-level let-bindings must be total; this term may have effects
CntProtocol.fst(12,0-12,53): (Warning 272) Top-level let-bindings must be total; this term may have effects
CntProtocol.fst(12,0-12,53): (Warning 272) Top-level let-bindings must be total; this term may have effects
CntProtocol.fst(27,0-27,26): (Warning 272) Top-level let-bindings must be total; this term may have effects
CntProtocol.fst(27,0-27,26): (Warning 272) Top-level let-bindings must be total; this term may have effects
CntProtocol.fst(30,0-30,54): (Warning 272) Top-level let-bindings must be total; this term may have effects
CntProtocol.fst(30,0-30,54): (Warning 272) Top-level let-bindings must be total; this term may have effects
CntProtocol.fst(33,0-33,54): (Warning 272) Top-level let-bindings must be total; this term may have effects
CntProtocol.fst(33,0-33,54): (Warning 272) Top-level let-bindings must be total; this term may have effects
CntProtocol.fst(97,0-97,39): (Warning 272) Top-level let-bindings must be total; this term may have effects
CntProtocol.fst(97,0-97,39): (Warning 272) Top-level let-bindings must be total; this term may have effects
CntProtocol.fst(124,0-124,18): (Warning 272) Top-level let-bindings must be total; this term may have effects
CntProtocol.fst(124,0-124,18): (Warning 272) Top-level let-bindings must be total; this term may have effects
CntProtocol.fst(168,0-184,5): (Warning 272) Top-level let-bindings must be total; this term may have effects
CntProtocol.fst(168,0-184,5): (Warning 272) Top-level let-bindings must be total; this term may have effects
Ex12f.TMAC.fst(26,4-26,10): (Warning 240) Admitting Ex12f.TMAC.verify without a definition
Ex12f.TMAC.fst(25,4-25,7): (Warning 240) Admitting Ex12f.TMAC.mac without a definition
Ex12f.TMAC.fst(24,4-24,10): (Warning 240) Admitting Ex12f.TMAC.keygen without a definition
LowParse.Spec.Combinators.fst(159,11-159,20): (Warning 252) (Hint-replay failed): assertion failed (see also LowParse.Spec.Base.fst(640,26-640,48))
LowParse.Spec.Combinators.fst(181,2-181,12): (Warning 252) (Hint-replay failed): assertion failed (see also LowParse.Spec.Base.fst(472,12-472,34))
LowParse.Spec.Combinators.fst(534,2-534,8): (Warning 252) (Hint-replay failed): assertion failed (see also LowParse.Spec.Combinators.fst(534,9-534,72))
LowParse.Spec.Combinators.fst(159,11-159,20): (Warning 252) (Hint-replay failed): assertion failed (see also LowParse.Spec.Base.fst(640,26-640,48))
LowParse.Spec.Combinators.fst(181,2-181,12): (Warning 252) (Hint-replay failed): assertion failed (see also LowParse.Spec.Base.fst(472,12-472,34))
Ex12g.TMAC2.fst(30,4-30,10): (Warning 240) Admitting Ex12g.TMAC2.verify without a definition
Ex12g.TMAC2.fst(29,4-29,7): (Warning 240) Admitting Ex12g.TMAC2.mac without a definition
Evens.fst(11,29-11,38): (Warning 238) Plugin Evens.nat2unary will not run natively because Embedding not defined for type Evens.unary_nat.

Equivalence.fst(22,4-22,38): (Warning 252) (Hint-replay failed): could not prove post-condition (see also Equivalence.fst(20,8-21,26))
Embeddings.fst(34,36-34,45): (Warning 238) Plugin Embeddings.norm_step_tac will not run natively because Embedding not defined for type FStar.Pervasives.Native.norm_step.

Ex12.MAC.fst(60,0-63,4): (Warning 272) Top-level let-bindings must be total; this term may have effects
Ex12.MAC.fst(60,0-63,4): (Warning 272) Top-level let-bindings must be total; this term may have effects
Ex12.MAC.fst(199,0-199,33): (Warning 272) Top-level let-bindings must be total; this term may have effects
Ex12.MAC.fst(199,0-199,33): (Warning 272) Top-level let-bindings must be total; this term may have effects
Ex12.MAC.fst(60,0-63,4): (Warning 272) Top-level let-bindings must be total; this term may have effects
Ex12.MAC.fst(60,0-63,4): (Warning 272) Top-level let-bindings must be total; this term may have effects
Ex12.MAC.fst(199,0-199,33): (Warning 272) Top-level let-bindings must be total; this term may have effects
Ex12.MAC.fst(199,0-199,33): (Warning 272) Top-level let-bindings must be total; this term may have effects
LowParse.Bytes32.fst(61,9-61,51): (Warning 252) (Hint-replay failed): assertion failed
Plugins.fst(33,35-33,44): (Warning 238) Plugin Plugins.norm_step_plugin will not run natively because Embedding not defined for type FStar.Pervasives.Native.norm_step.

EtM.MAC.fst(68,2-71,21): (Warning 252) (Hint-replay failed): could not prove post-condition (see also C:\build\agent1\_work\1\s\ulib\FStar.HyperStack.ST.fst(261,76-261,87))
Ex12.MAC.fst(60,0-63,4): (Warning 272) Top-level let-bindings must be total; this term may have effects
Ex12.MAC.fst(199,0-199,33): (Warning 272) Top-level let-bindings must be total; this term may have effects
Ex12.MAC.fst(60,0-63,4): (Warning 272) Top-level let-bindings must be total; this term may have effects
Ex12.MAC.fst(199,0-199,33): (Warning 272) Top-level let-bindings must be total; this term may have effects
Ex12a.ACLs.fst(59,0-59,48): (Warning 272) Top-level let-bindings must be total; this term may have effects
Ex12a1.Cap.fst(21,0-21,26): (Warning 272) Top-level let-bindings must be total; this term may have effects
Ex12a1.Cap.fst(21,0-21,26): (Warning 272) Top-level let-bindings must be total; this term may have effects
Ex12a1.Cap.fst(21,0-21,26): (Warning 272) Top-level let-bindings must be total; this term may have effects
Ex12a1.Cap.fst(21,0-21,26): (Warning 272) Top-level let-bindings must be total; this term may have effects
Ex12.MAC.fst(60,0-63,4): (Warning 272) Top-level let-bindings must be total; this term may have effects
Ex12.MAC.fst(199,0-199,33): (Warning 272) Top-level let-bindings must be total; this term may have effects
Ex12.MAC.fst(60,0-63,4): (Warning 272) Top-level let-bindings must be total; this term may have effects
Ex12.MAC.fst(199,0-199,33): (Warning 272) Top-level let-bindings must be total; this term may have effects
Ex12a.ACLs.fst(59,0-59,48): (Warning 272) Top-level let-bindings must be total; this term may have effects
Ex12a2.Cap.fst(21,0-21,31): (Warning 272) Top-level let-bindings must be total; this term may have effects
Ex12a2.Cap.fst(21,0-21,31): (Warning 272) Top-level let-bindings must be total; this term may have effects
Ex12a2.Cap.fst(43,0-43,33): (Warning 272) Top-level let-bindings must be total; this term may have effects
Ex12a2.Cap.fst(43,0-43,33): (Warning 272) Top-level let-bindings must be total; this term may have effects
Ex12a2.Cap.fst(21,0-21,31): (Warning 272) Top-level let-bindings must be total; this term may have effects
Ex12a2.Cap.fst(21,0-21,31): (Warning 272) Top-level let-bindings must be total; this term may have effects
Ex12a2.Cap.fst(43,0-43,33): (Warning 272) Top-level let-bindings must be total; this term may have effects
Ex12a2.Cap.fst(43,0-43,33): (Warning 272) Top-level let-bindings must be total; this term may have effects
X64.Poly1305.Math_i.fst(153,53-153,59): (Warning 296) Tactics admitted goal <(n: Prims.int), (p: Prims.pos), (h: Prims.nat), (h2: Prims.nat), (h10: Prims.int), (c: Prims.int), (hh: Prims.int), (p: Prims.pure_post Prims.unit), (_:
Prims.squash (n * n > 0 /\ h2 >= 0 /\ 4 * (n * n) == p + 5 /\ h2 == h / (n * n) /\
h10 == h % (n * n) /\ c == h2 / 4 + (h2 / 4) * 4 /\ hh == h10 + c + (h2 % 4) * (n * n) /\
(forall (pure_result: Prims.unit). h % p == hh % p ==> p pure_result))), (return_val: Prims.pos), (_: Prims.squash (return_val == n * n)), (pure_result: Prims.unit), (_: Prims.squash (h = (n * n) * (h / (n * n)) + h % (n * n))), (pure_result: Prims.unit), (_: Prims.squash (h == (n * n) * h2 + h10)), (return_val: Prims.pos), (_: Prims.squash (return_val == n * n)), (pure_result: Prims.unit), (_:
Prims.squash ((n * n) * h2 + h10 =
(n * n) * (((n * n) * h2 + h10) / (n * n)) + ((n * n) * h2 + h10) % (n * n))), (any_result: (_: Prims.unit -> Prims.Tot Prims.unit)), (_:
Prims.squash (Calc.using (FStar.Math.Lemmas.lemma_div_mod ((n * n) * h2 + h10) (n * n)) ==
any_result)), (return_val: (_: Prims.unit -> Prims.Lemma Prims.unit)), (_: Prims.squash (return_val == Calc.using (FStar.Math.Lemmas.lemma_div_mod h (n * n)))), (_:
Prims.squash (Calc.using (FStar.Math.Lemmas.lemma_div_mod ((n * n) * h2 + h10) (n * n)) ==
Calc.using (FStar.Math.Lemmas.lemma_div_mod h (n * n)))), (any_result:
x:
Prims.int
{ (n * n) * h2 + h10 == (n * n) * h2 + h10 /\
(x == (n * n) * h2 + h10) /\ ((n * n) * h2 + h10 == (n * n) * h2 + h10) }), (_:
Prims.squash (((n * n) * h2 + h10 &= (n * n) * h2 + h10 &|
Calc.using (FStar.Math.Lemmas.lemma_div_mod ((n * n) * h2 + h10) (n * n))) ==
any_result)), (any_result: (_: Prims.unit -> Prims.Pure Prims.int)), (_:
Prims.squash (((n * n) * h2 + h10 &= (n * n) * h2 + h10 &|
Calc.using (FStar.Math.Lemmas.lemma_div_mod ((n * n) * h2 + h10) (n * n)) &=
(n * n) * ((h2 / 4) * 4 + h2 % 4) + h10) ==
any_result)), (return_val: (_: Prims.unit -> Prims.Lemma Prims.unit)), (_: Prims.squash (return_val == Calc.using Calc.z3)), (any_result:
x:
Prims.int
{ (n * n) * h2 + h10 == (n * n) * ((h2 / 4) * 4 + h2 % 4) + h10 /\
(x == (n * n) * ((h2 / 4) * 4 + h2 % 4) + h10) /\
((n * n) * h2 + h10 == (n * n) * ((h2 / 4) * 4 + h2 % 4) + h10) }), (_:
Prims.squash (((n * n) * h2 + h10 &= (n * n) * h2 + h10 &|
Calc.using (FStar.Math.Lemmas.lemma_div_mod ((n * n) * h2 + h10) (n * n)) &=
(n * n) * ((h2 / 4) * 4 + h2 % 4) + h10 &|
Calc.using Calc.z3) ==
any_result)), (any_result: (_: Prims.unit -> Prims.Pure Prims.int)), (_:
Prims.squash (((n * n) * h2 + h10 &= (n * n) * h2 + h10 &|
Calc.using (FStar.Math.Lemmas.lemma_div_mod ((n * n) * h2 + h10) (n * n)) &=
(n * n) * ((h2 / 4) * 4 + h2 % 4) + h10 &|
Calc.using Calc.z3 &=
h10 + (h2 % 4) * (n * n) + (h2 / 4) * (p + 5)) ==
any_result)) |- _ : Prims.squash ((n * n) * ((h2 / 4) * 4 + h2 % 4) + h10 ==
h10 + (h2 % 4) * (n * n) + (h2 / 4) * (p + 5))>

(see also Calc.fst(27,62-27,74))
EtM.CPA.fst(180,2-183,21): (Warning 252) (Hint-replay failed): could not prove post-condition (see also EtM.CPA.fst(175,15-175,39))
Ex12b1.Format.fst(95,4-95,18): (Warning 240) Admitting Ex12b1.Format.resp_injective without a definition
Ex12b1.Format.fst(89,4-89,17): (Warning 240) Admitting Ex12b1.Format.req_injective without a definition
Ex12b1.Format.fst(83,4-83,21): (Warning 240) Admitting Ex12b1.Format.req_resp_distinct without a definition
LowStar.Ex3.fst(52,28-52,39): (Warning 288) FStar.Seq.Base.createEmpty is deprecated, use Seq.empty instead
LowStar.Ex3.fst(67,45-67,56): (Warning 252) (Hint-replay failed): Subtyping check failed; expected type s: FStar.Seq.Base.seq a {FStar.Seq.Base.length s > 0}; got type FStar.Seq.Base.seq a (see also FStar.Seq.Properties.fst(57,29-57,41))
LowStar.Ex3.fst(67,45-67,56): (Warning 252) (Hint-replay failed): Subtyping check failed; expected type s: FStar.Seq.Base.seq a {FStar.Seq.Base.length s > 0}; got type FStar.Seq.Base.seq a (see also FStar.Seq.Properties.fst(57,29-57,41))
Asm1.fst(67,2-67,10): (Warning 252) Subtyping check failed; expected type b1_s1:
(Prims.list Asm1.ins * Asm1.state)
{ (let b1, s1 = b1_s1 in
(let i :: _ = b0 in
(let Asm1.ILoad dst src offset = i in
b0 == i :: b1 /\ Asm1.valid_state s1 /\
FStar.Pervasives.Native.Some s1 == Asm1.eval_ins i s0 /\
Asm1.eval_block b0 s0 == Asm1.eval_block b1 s1 /\
s1 ==
Asm1.Mkstate
((Mkstate?.regs s0).[ dst ] <- (Mkstate?.mem s0).[ (Mkstate?.regs s0).[ src ] + offset ]
) (Mkstate?.mem s0))
<:
Type0)
<:
Type0)
<:
Type0 }; got type Prims.list Asm1.ins * Asm1.state (see also Asm1.fst(61,8-61,22))
Asm1.fst(85,2-86,10): (Warning 252) Patterns are incomplete
Ariadne.fst(58,67-58,102): (Warning 252) (Hint-replay failed): assertion failed (see also FStar.Preorder.fst(12,40-12,56))
Ariadne.fst(73,13-73,48): (Warning 252) (Hint-replay failed): assertion failed (see also Ariadne.fst(72,57-72,74))
Ariadne.fst(135,2-135,7): (Warning 252) (Hint-replay failed): assertion failed (see also FStar.ST.fst(101,14-101,29))
Ariadne.fst(169,2-169,7): (Warning 252) (Hint-replay failed): assertion failed (see also FStar.ST.fst(101,14-101,29))
Ariadne.fst(58,67-58,102): (Warning 252) (Hint-replay failed): assertion failed (see also FStar.Preorder.fst(12,40-12,56))
Ariadne.fst(73,13-73,48): (Warning 252) (Hint-replay failed): assertion failed (see also Ariadne.fst(72,57-72,74))
Calc.fst(26,84-26,87): (Warning 252) (Hint-replay failed): assertion failed (see also Calc.fst(26,17-26,20))
Calc.fst(26,84-26,87): (Warning 252) (Hint-replay failed): assertion failed (see also Calc.fst(26,17-26,20))
WPExtensionality.fst(103,3-103,34): (Warning 252) assertion failed (see also prims.fst(215,68-215,80))
WPExtensionality.fst(103,3-103,34): (Warning 252) assertion failed (see also prims.fst(215,68-215,80))
WPExtensionality.fst(103,3-103,34): (Warning 252) assertion failed (see also prims.fst(215,68-215,80))
WPExtensionality.fst(103,3-103,34): (Warning 252) assertion failed (see also prims.fst(215,68-215,80))
LowParse.SLow.Base.fst(113,2-113,4): (Warning 252) (Hint-replay failed): could not prove post-condition (see also LowParse.SLow.Base.fst(112,2-112,56))
LowParse.SLow.Base.fst(113,2-113,4): (Warning 252) could not prove post-condition (see also LowParse.SLow.Base.fst(112,2-112,56))
LowParse.SLow.Base.fst(130,2-130,41): (Warning 252) (Hint-replay failed): could not prove post-condition (see also LowParse.SLow.Base.fst(127,4-127,38))
LowParse.SLow.Base.fst(130,2-130,41): (Warning 252) could not prove post-condition (see also LowParse.SLow.Base.fst(128,4-128,44))
LowParse.SLow.Base.fst(180,2-180,8): (Warning 252) (Hint-replay failed): assertion failed (see also LowParse.SLow.Base.fst(180,9-180,70))
LowParse.SLow.Base.fst(180,2-181,71): (Warning 252) could not prove post-condition (see also LowParse.SLow.Base.fst(175,4-175,26))
Ex12.MAC.fst(60,0-63,4): (Warning 272) Top-level let-bindings must be total; this term may have effects
Ex12.MAC.fst(199,0-199,33): (Warning 272) Top-level let-bindings must be total; this term may have effects
Ex12.MAC.fst(60,0-63,4): (Warning 272) Top-level let-bindings must be total; this term may have effects
Ex12.MAC.fst(199,0-199,33): (Warning 272) Top-level let-bindings must be total; this term may have effects
Ex12b.RPC.fst(15,0-15,53): (Warning 272) Top-level let-bindings must be total; this term may have effects
Ex12b.RPC.fst(15,0-15,53): (Warning 272) Top-level let-bindings must be total; this term may have effects
Ex12b.RPC.fst(27,0-27,36): (Warning 272) Top-level let-bindings must be total; this term may have effects
Ex12b.RPC.fst(27,0-27,36): (Warning 272) Top-level let-bindings must be total; this term may have effects
Ex12b.RPC.fst(56,8-56,57): (Warning 272) Top-level let-bindings must be total; this term may have effects
Ex12b.RPC.fst(56,8-56,57): (Warning 272) Top-level let-bindings must be total; this term may have effects
Ex12b.RPC.fst(85,0-86,16): (Warning 272) Top-level let-bindings must be total; this term may have effects
Ex12b.RPC.fst(85,0-86,16): (Warning 272) Top-level let-bindings must be total; this term may have effects
Ex12b.RPC.fst(166,0-166,17): (Warning 272) Top-level let-bindings must be total; this term may have effects
Ex12b.RPC.fst(166,0-166,17): (Warning 272) Top-level let-bindings must be total; this term may have effects
Ex12b.RPC.fst(27,0-27,36): (Warning 272) Top-level let-bindings must be total; this term may have effects
Ex12b.RPC.fst(27,0-27,36): (Warning 272) Top-level let-bindings must be total; this term may have effects
Ex12b.RPC.fst(56,8-56,57): (Warning 272) Top-level let-bindings must be total; this term may have effects
Ex12b.RPC.fst(56,8-56,57): (Warning 272) Top-level let-bindings must be total; this term may have effects
Ex12b.RPC.fst(85,0-86,16): (Warning 272) Top-level let-bindings must be total; this term may have effects
Ex12b.RPC.fst(85,0-86,16): (Warning 272) Top-level let-bindings must be total; this term may have effects
Arith.fst(40,4-40,10): (Warning 252) (Hint-replay failed): Could not prove goal #3 (see also Arith.fst(42,49-42,60))
Arith.fst(40,4-40,10): (Warning 252) (Hint-replay failed): Could not prove goal #1 (see also Arith.fst(41,22-41,29))
NegativeTests.BST.fst(22,38-22,42): (Warning 252) Subtyping check failed; expected type right:
FStar.Pervasives.Native.option (NegativeTests.BST.tree 2)
{ 0 <= 1 /\ 1 <= 2 /\ None? right <==> (1 = 2) /\
None? (FStar.Pervasives.Native.None) <==> (1 = 0) }; got type FStar.Pervasives.Native.option (NegativeTests.BST.tree 2) (see also NegativeTests.BST.fst(12,37-12,48))
NegativeTests.BST.fst(22,38-22,42): (Warning 252) Subtyping check failed; expected type right:
FStar.Pervasives.Native.option (NegativeTests.BST.tree 2)
{ 0 <= 1 /\ 1 <= 2 /\ None? right <==> (1 = 2) /\
None? (FStar.Pervasives.Native.None) <==> (1 = 0) }; got type FStar.Pervasives.Native.option (NegativeTests.BST.tree 2) (see also NegativeTests.BST.fst(12,37-12,48))
NegativeTests.BST.fst(22,38-22,42): (Warning 252) Subtyping check failed; expected type right:
FStar.Pervasives.Native.option (NegativeTests.BST.tree 2)
{ 0 <= 1 /\ 1 <= 2 /\ None? right <==> (1 = 2) /\
None? (FStar.Pervasives.Native.None) <==> (1 = 0) }; got type FStar.Pervasives.Native.option (NegativeTests.BST.tree 2) (see also NegativeTests.BST.fst(12,37-12,48))
NegativeTests.BST.fst(22,38-22,42): (Warning 252) Subtyping check failed; expected type right:
FStar.Pervasives.Native.option (NegativeTests.BST.tree 2)
{ 0 <= 1 /\ 1 <= 2 /\ None? right <==> (1 = 2) /\
None? (FStar.Pervasives.Native.None) <==> (1 = 0) }; got type FStar.Pervasives.Native.option (NegativeTests.BST.tree 2) (see also NegativeTests.BST.fst(12,37-12,48))
NegativeTests.BST.fst(25,61-25,65): (Warning 252) Subtyping check failed; expected type right:
FStar.Pervasives.Native.option (NegativeTests.BST.tree (l + 1))
{ l <= l /\ l <= l + 1 /\ None? right <==> (l = l + 1) /\
None? (FStar.Pervasives.Native.Some t) <==> (l = l) }; got type FStar.Pervasives.Native.option (NegativeTests.BST.tree (l + 1)) (see also NegativeTests.BST.fst(12,36-12,58))
NegativeTests.BST.fst(25,61-25,65): (Warning 252) Subtyping check failed; expected type right:
FStar.Pervasives.Native.option (NegativeTests.BST.tree (l + 1))
{ l <= l /\ l <= l + 1 /\ None? right <==> (l = l + 1) /\
None? (FStar.Pervasives.Native.Some t) <==> (l = l) }; got type FStar.Pervasives.Native.option (NegativeTests.BST.tree (l + 1)) (see also NegativeTests.BST.fst(12,36-12,58))
NegativeTests.BST.fst(25,61-25,65): (Warning 252) Subtyping check failed; expected type right:
FStar.Pervasives.Native.option (NegativeTests.BST.tree (l + 1))
{ l <= l /\ l <= l + 1 /\ None? right <==> (l = l + 1) /\
None? (FStar.Pervasives.Native.Some t) <==> (l = l) }; got type FStar.Pervasives.Native.option (NegativeTests.BST.tree (l + 1)) (see also NegativeTests.BST.fst(12,36-12,58))
NegativeTests.BST.fst(25,61-25,65): (Warning 252) Subtyping check failed; expected type right:
FStar.Pervasives.Native.option (NegativeTests.BST.tree (l + 1))
{ l <= l /\ l <= l + 1 /\ None? right <==> (l = l + 1) /\
None? (FStar.Pervasives.Native.Some t) <==> (l = l) }; got type FStar.Pervasives.Native.option (NegativeTests.BST.tree (l + 1)) (see also NegativeTests.BST.fst(12,36-12,58))
NegativeTests.BST.fst(28,78-28,87): (Warning 252) Subtyping check failed; expected type right:
FStar.Pervasives.Native.option (NegativeTests.BST.tree (l + 1))
{ l <= l + 1 /\ l + 1 <= l + 1 /\ None? right <==> (l + 1 = l + 1) /\
None? (FStar.Pervasives.Native.Some t1) <==> (l + 1 = l) }; got type FStar.Pervasives.Native.option (NegativeTests.BST.tree (l + 1)) (see also NegativeTests.BST.fst(12,37-12,48))
NegativeTests.BST.fst(28,78-28,87): (Warning 252) Subtyping check failed; expected type right:
FStar.Pervasives.Native.option (NegativeTests.BST.tree (l + 1))
{ l <= l + 1 /\ l + 1 <= l + 1 /\ None? right <==> (l + 1 = l + 1) /\
None? (FStar.Pervasives.Native.Some t1) <==> (l + 1 = l) }; got type FStar.Pervasives.Native.option (NegativeTests.BST.tree (l + 1)) (see also NegativeTests.BST.fst(12,37-12,48))
NegativeTests.BST.fst(28,78-28,87): (Warning 252) Subtyping check failed; expected type right:
FStar.Pervasives.Native.option (NegativeTests.BST.tree (l + 1))
{ l <= l + 1 /\ l + 1 <= l + 1 /\ None? right <==> (l + 1 = l + 1) /\
None? (FStar.Pervasives.Native.Some t1) <==> (l + 1 = l) }; got type FStar.Pervasives.Native.option (NegativeTests.BST.tree (l + 1)) (see also NegativeTests.BST.fst(12,37-12,48))
NegativeTests.BST.fst(28,78-28,87): (Warning 252) Subtyping check failed; expected type right:
FStar.Pervasives.Native.option (NegativeTests.BST.tree (l + 1))
{ l <= l + 1 /\ l + 1 <= l + 1 /\ None? right <==> (l + 1 = l + 1) /\
None? (FStar.Pervasives.Native.Some t1) <==> (l + 1 = l) }; got type FStar.Pervasives.Native.option (NegativeTests.BST.tree (l + 1)) (see also NegativeTests.BST.fst(12,37-12,48))
NegativeTests.ShortCircuiting.fst(6,16-6,33): (Warning 252) Subtyping check failed; expected type b: Prims.bool{NegativeTests.ShortCircuiting.bad_p b}; got type Prims.bool (see also NegativeTests.ShortCircuiting.fst(4,31-4,38))
NegativeTests.ShortCircuiting.fst(6,16-6,33): (Warning 252) Subtyping check failed; expected type b: Prims.bool{NegativeTests.ShortCircuiting.bad_p b}; got type Prims.bool (see also NegativeTests.ShortCircuiting.fst(4,31-4,38))
NegativeTests.ShortCircuiting.fst(6,16-6,33): (Warning 252) Subtyping check failed; expected type b: Prims.bool{NegativeTests.ShortCircuiting.bad_p b}; got type Prims.bool (see also NegativeTests.ShortCircuiting.fst(4,31-4,38))
NegativeTests.ShortCircuiting.fst(6,16-6,33): (Warning 252) Subtyping check failed; expected type b: Prims.bool{NegativeTests.ShortCircuiting.bad_p b}; got type Prims.bool (see also NegativeTests.ShortCircuiting.fst(4,31-4,38))
prims.fst(243,30-243,42): (Warning 252) assertion failed (see also prims.fst(215,68-215,80))
prims.fst(243,30-243,42): (Warning 252) assertion failed (see also prims.fst(215,68-215,80))
prims.fst(243,30-243,42): (Warning 252) assertion failed (see also prims.fst(215,68-215,80))
prims.fst(243,30-243,42): (Warning 252) assertion failed (see also prims.fst(215,68-215,80))
NegativeTests.Heap.fst(11,14-11,20): (Warning 252) assertion failed (see also NegativeTests.Heap.fst(11,21-11,54))
NegativeTests.Heap.fst(11,14-11,20): (Warning 252) assertion failed (see also NegativeTests.Heap.fst(11,21-11,54))
NegativeTests.Heap.fst(11,14-11,20): (Warning 252) assertion failed (see also NegativeTests.Heap.fst(11,21-11,54))
NegativeTests.Heap.fst(11,14-11,20): (Warning 252) assertion failed (see also NegativeTests.Heap.fst(11,21-11,54))
C:\build\agent1\_work\1\s\kremlin\kremlib\FStar.Kremlin.Endianness.fst(85,4-85,15): (Warning 288) FStar.Seq.Base.createEmpty is deprecated, use Seq.empty instead
C:\build\agent1\_work\1\s\kremlin\kremlib\FStar.Kremlin.Endianness.fst(105,4-105,15): (Warning 288) FStar.Seq.Base.createEmpty is deprecated, use Seq.empty instead
C:\build\agent1\_work\1\s\kremlin\kremlib\Spec.Loops.fst(14,8-14,19): (Warning 288) FStar.Seq.Base.createEmpty is deprecated, use Seq.empty instead
C:\build\agent1\_work\1\s\kremlin\kremlib\Spec.Loops.fst(28,31-28,42): (Warning 288) FStar.Seq.Base.createEmpty is deprecated, use Seq.empty instead
NegativeTests.Bug260.fst(11,12-11,19): (Warning 252) Subtyping check failed; expected type NegativeTests.Bug260.validity (NegativeTests.Bug260.S (NegativeTests.Bug260.S t)); got type NegativeTests.Bug260.validity (NegativeTests.Bug260.S t) (see also NegativeTests.Bug260.fst(8,37-11,9))
NegativeTests.Bug260.fst(11,12-11,19): (Warning 252) Subtyping check failed; expected type NegativeTests.Bug260.validity (NegativeTests.Bug260.S (NegativeTests.Bug260.S t)); got type NegativeTests.Bug260.validity (NegativeTests.Bug260.S t) (see also NegativeTests.Bug260.fst(8,37-11,9))
NegativeTests.Bug260.fst(11,12-11,19): (Warning 252) Subtyping check failed; expected type NegativeTests.Bug260.validity (NegativeTests.Bug260.S (NegativeTests.Bug260.S t)); got type NegativeTests.Bug260.validity (NegativeTests.Bug260.S t) (see also NegativeTests.Bug260.fst(8,37-11,9))
NegativeTests.Bug260.fst(11,12-11,19): (Warning 252) Subtyping check failed; expected type NegativeTests.Bug260.validity (NegativeTests.Bug260.S (NegativeTests.Bug260.S t)); got type NegativeTests.Bug260.validity (NegativeTests.Bug260.S t) (see also NegativeTests.Bug260.fst(8,37-11,9))
C:\build\agent1\_work\1\s\kremlin\kremlib\FStar.Kremlin.Endianness.fst(85,4-85,15): (Warning 288) FStar.Seq.Base.createEmpty is deprecated, use Seq.empty instead
C:\build\agent1\_work\1\s\kremlin\kremlib\FStar.Kremlin.Endianness.fst(105,4-105,15): (Warning 288) FStar.Seq.Base.createEmpty is deprecated, use Seq.empty instead
C:\build\agent1\_work\1\s\kremlin\kremlib\Spec.Loops.fst(14,8-14,19): (Warning 288) FStar.Seq.Base.createEmpty is deprecated, use Seq.empty instead
C:\build\agent1\_work\1\s\kremlin\kremlib\Spec.Loops.fst(28,31-28,42): (Warning 288) FStar.Seq.Base.createEmpty is deprecated, use Seq.empty instead
EtM.AE.fst(250,2-254,23): (Warning 252) (Hint-replay failed): could not prove post-condition (see also EtM.AE.fst(243,4-243,28))
NegativeTests.Neg.fst(5,8-5,10): (Warning 252) Subtyping check failed; expected type Prims.nat; got type Prims.int (see also prims.fst(408,17-408,23))
NegativeTests.Neg.fst(5,8-5,10): (Warning 252) Subtyping check failed; expected type Prims.nat; got type Prims.int (see also prims.fst(408,17-408,23))
NegativeTests.Neg.fst(5,8-5,10): (Warning 252) Subtyping check failed; expected type Prims.nat; got type Prims.int (see also prims.fst(408,17-408,23))
NegativeTests.Neg.fst(5,8-5,10): (Warning 252) Subtyping check failed; expected type Prims.nat; got type Prims.int (see also prims.fst(408,17-408,23))
NegativeTests.Neg.fst(8,8-8,10): (Warning 252) Subtyping check failed; expected type Prims.nat; got type Prims.int (see also prims.fst(408,17-408,23))
NegativeTests.Neg.fst(8,8-8,10): (Warning 252) Subtyping check failed; expected type Prims.nat; got type Prims.int (see also prims.fst(408,17-408,23))
NegativeTests.Neg.fst(8,8-8,10): (Warning 252) Subtyping check failed; expected type Prims.nat; got type Prims.int (see also prims.fst(408,17-408,23))
NegativeTests.Neg.fst(8,8-8,10): (Warning 252) Subtyping check failed; expected type Prims.nat; got type Prims.int (see also prims.fst(408,17-408,23))
NegativeTests.Neg.fst(11,23-11,29): (Warning 252) assertion failed (see also NegativeTests.Neg.fst(11,30-11,35))
NegativeTests.Neg.fst(11,23-11,29): (Warning 252) assertion failed (see also NegativeTests.Neg.fst(11,30-11,35))
NegativeTests.Neg.fst(11,23-11,29): (Warning 252) assertion failed (see also NegativeTests.Neg.fst(11,30-11,35))
NegativeTests.Neg.fst(11,23-11,29): (Warning 252) assertion failed (see also NegativeTests.Neg.fst(11,30-11,35))
NegativeTests.Neg.fst(14,28-15,15): (Warning 252) Patterns are incomplete
NegativeTests.Neg.fst(14,28-15,15): (Warning 252) Patterns are incomplete
NegativeTests.Neg.fst(14,28-15,15): (Warning 252) Patterns are incomplete
NegativeTests.Neg.fst(14,28-15,15): (Warning 252) Patterns are incomplete
NegativeTests.Neg.fst(22,32-22,42): (Warning 252) assertion failed (see also NegativeTests.Neg.fst(17,44-17,57))
NegativeTests.Neg.fst(22,32-22,42): (Warning 252) assertion failed (see also NegativeTests.Neg.fst(17,44-17,57))
NegativeTests.Neg.fst(22,32-22,42): (Warning 252) assertion failed (see also NegativeTests.Neg.fst(17,44-17,57))
NegativeTests.Neg.fst(22,32-22,42): (Warning 252) assertion failed (see also NegativeTests.Neg.fst(17,44-17,57))
NegativeTests.Neg.fst(26,33-26,34): (Warning 252) could not prove post-condition (see also NegativeTests.Neg.fst(24,83-24,88))
NegativeTests.Neg.fst(26,33-26,34): (Warning 252) could not prove post-condition (see also NegativeTests.Neg.fst(24,83-24,88))
NegativeTests.Neg.fst(26,33-26,34): (Warning 252) could not prove post-condition (see also NegativeTests.Neg.fst(24,83-24,88))
NegativeTests.Neg.fst(26,33-26,34): (Warning 252) could not prove post-condition (see also NegativeTests.Neg.fst(24,83-24,88))
NegativeTests.Neg.fst(30,30-30,31): (Warning 252) Subtyping check failed; expected type _: FStar.Pervasives.Native.option 'a {Some? _}; got type FStar.Pervasives.Native.option 'a (see also FStar.Pervasives.Native.fst(6,4-6,8))
NegativeTests.Neg.fst(30,30-30,31): (Warning 252) Subtyping check failed; expected type _: FStar.Pervasives.Native.option 'a {Some? _}; got type FStar.Pervasives.Native.option 'a (see also FStar.Pervasives.Native.fst(6,4-6,8))
NegativeTests.Neg.fst(30,30-30,31): (Warning 252) Subtyping check failed; expected type _: FStar.Pervasives.Native.option 'a {Some? _}; got type FStar.Pervasives.Native.option 'a (see also FStar.Pervasives.Native.fst(6,4-6,8))
NegativeTests.Neg.fst(30,30-30,31): (Warning 252) Subtyping check failed; expected type _: FStar.Pervasives.Native.option 'a {Some? _}; got type FStar.Pervasives.Native.option 'a (see also FStar.Pervasives.Native.fst(6,4-6,8))
NegativeTests.Neg.fst(34,45-34,47): (Warning 252) Subtyping check failed; expected type _: FStar.Pervasives.result Prims.int {V? _}; got type FStar.Pervasives.result Prims.int (see also FStar.Pervasives.fst(88,4-88,5))
NegativeTests.Neg.fst(34,45-34,47): (Warning 252) Subtyping check failed; expected type _: FStar.Pervasives.result Prims.int {V? _}; got type FStar.Pervasives.result Prims.int (see also FStar.Pervasives.fst(88,4-88,5))
NegativeTests.Neg.fst(34,45-34,47): (Warning 252) Subtyping check failed; expected type _: FStar.Pervasives.result Prims.int {V? _}; got type FStar.Pervasives.result Prims.int (see also FStar.Pervasives.fst(88,4-88,5))
NegativeTests.Neg.fst(34,45-34,47): (Warning 252) Subtyping check failed; expected type _: FStar.Pervasives.result Prims.int {V? _}; got type FStar.Pervasives.result Prims.int (see also FStar.Pervasives.fst(88,4-88,5))
NegativeTests.Neg.fst(39,25-39,26): (Warning 252) Subtyping check failed; expected type Prims.nat; got type Prims.int (see also prims.fst(408,17-408,23))
NegativeTests.Neg.fst(39,25-39,26): (Warning 252) Subtyping check failed; expected type Prims.nat; got type Prims.int (see also prims.fst(408,17-408,23))
NegativeTests.Neg.fst(39,25-39,26): (Warning 252) Subtyping check failed; expected type Prims.nat; got type Prims.int (see also prims.fst(408,17-408,23))
NegativeTests.Neg.fst(39,25-39,26): (Warning 252) Subtyping check failed; expected type Prims.nat; got type Prims.int (see also prims.fst(408,17-408,23))
FStar.Tactics.Effect.fst(87,47-87,53): (Warning 296) Tactics admitted goal <(_:
Prims.squash (CanonDeep.x * (CanonDeep.y * CanonDeep.z) == CanonDeep.x * (CanonDeep.y * CanonDeep.z)
)), (_:
Prims.squash ((CanonDeep.x * CanonDeep.y) * CanonDeep.z == (CanonDeep.x * CanonDeep.y) * CanonDeep.z
)) |- _ : Prims.squash (CanonDeep.x * (CanonDeep.y * CanonDeep.z) == (CanonDeep.x * CanonDeep.y) * CanonDeep.z
)>

(see also FStar.Tactics.Effect.fst(87,46-87,56))
CanonDeep.fst(190,12-190,28): (Warning 296) Tactics admitted goal <(_:
Prims.squash (CanonDeep.x * (CanonDeep.y * CanonDeep.z) == CanonDeep.x * (CanonDeep.y * CanonDeep.z)
)) |- _ : Prims.squash ((CanonDeep.x * CanonDeep.y) * CanonDeep.z == (CanonDeep.x * CanonDeep.y) * CanonDeep.z
)>

(see also CanonDeep.fst(190,45-190,56))
CanonDeep.fst(190,12-190,28): (Warning 296) Tactics admitted goal < |- _ : Prims.squash (CanonDeep.x * (CanonDeep.y * CanonDeep.z) == CanonDeep.x * (CanonDeep.y * CanonDeep.z)
)>

(see also CanonDeep.fst(190,30-190,41))
NegativeTests.False.fst(8,13-8,33): (Warning 252) assertion failed (see also prims.fst(209,69-209,78))
NegativeTests.False.fst(8,13-8,33): (Warning 252) assertion failed (see also prims.fst(209,69-209,78))
NegativeTests.False.fst(8,13-8,33): (Warning 252) assertion failed (see also prims.fst(209,69-209,78))
NegativeTests.False.fst(8,13-8,33): (Warning 252) assertion failed (see also prims.fst(209,69-209,78))
NegativeTests.Termination.fst(6,26-6,27): (Warning 252) Subtyping check failed; expected type m: Prims.int{m << %[ m; l ]}; got type Prims.int (see also NegativeTests.Termination.fst(6,20-6,29))
NegativeTests.Termination.fst(6,26-6,27): (Warning 252) Subtyping check failed; expected type m: Prims.int{m << %[ m; l ]}; got type Prims.int (see also NegativeTests.Termination.fst(6,20-6,29))
NegativeTests.Termination.fst(6,26-6,27): (Warning 252) Subtyping check failed; expected type m: Prims.int{m << %[ m; l ]}; got type Prims.int (see also NegativeTests.Termination.fst(6,20-6,29))
NegativeTests.Termination.fst(6,26-6,27): (Warning 252) Subtyping check failed; expected type m: Prims.int{m << %[ m; l ]}; got type Prims.int (see also NegativeTests.Termination.fst(6,20-6,29))
NegativeTests.Termination.fst(13,26-13,35): (Warning 252) Subtyping check failed; expected type _: Prims.int{%[ n; _ ] << %[ n; count ]}; got type Prims.int (see also NegativeTests.Termination.fst(11,2-13,35))
NegativeTests.Termination.fst(13,26-13,35): (Warning 252) Subtyping check failed; expected type _: Prims.int{%[ n; _ ] << %[ n; count ]}; got type Prims.int (see also NegativeTests.Termination.fst(11,2-13,35))
NegativeTests.Termination.fst(13,26-13,35): (Warning 252) Subtyping check failed; expected type _: Prims.int{%[ n; _ ] << %[ n; count ]}; got type Prims.int (see also NegativeTests.Termination.fst(11,2-13,35))
NegativeTests.Termination.fst(13,26-13,35): (Warning 252) Subtyping check failed; expected type _: Prims.int{%[ n; _ ] << %[ n; count ]}; got type Prims.int (see also NegativeTests.Termination.fst(11,2-13,35))
NegativeTests.Termination.fst(20,43-20,44): (Warning 252) Subtyping check failed; expected type n: Prims.int{%[ m - 1; n ] << %[ m; n ]}; got type Prims.int (see also NegativeTests.Termination.fst(19,2-21,54))
NegativeTests.Termination.fst(20,43-20,44): (Warning 252) Subtyping check failed; expected type n: Prims.int{%[ m - 1; n ] << %[ m; n ]}; got type Prims.int (see also NegativeTests.Termination.fst(19,2-21,54))
NegativeTests.Termination.fst(20,43-20,44): (Warning 252) Subtyping check failed; expected type n: Prims.int{%[ m - 1; n ] << %[ m; n ]}; got type Prims.int (see also NegativeTests.Termination.fst(19,2-21,54))
NegativeTests.Termination.fst(20,43-20,44): (Warning 252) Subtyping check failed; expected type n: Prims.int{%[ m - 1; n ] << %[ m; n ]}; got type Prims.int (see also NegativeTests.Termination.fst(19,2-21,54))
NegativeTests.Termination.fst(27,28-27,29): (Warning 252) Subtyping check failed; expected type _: Prims.list 'a {_ << l}; got type Prims.list 'a (see also NegativeTests.Termination.fst(25,23-27,29))
NegativeTests.Termination.fst(27,28-27,29): (Warning 252) Subtyping check failed; expected type _: Prims.list 'a {_ << l}; got type Prims.list 'a (see also NegativeTests.Termination.fst(25,23-27,29))
NegativeTests.Termination.fst(27,28-27,29): (Warning 252) Subtyping check failed; expected type _: Prims.list 'a {_ << l}; got type Prims.list 'a (see also NegativeTests.Termination.fst(25,23-27,29))
NegativeTests.Termination.fst(27,28-27,29): (Warning 252) Subtyping check failed; expected type _: Prims.list 'a {_ << l}; got type Prims.list 'a (see also NegativeTests.Termination.fst(25,23-27,29))
NegativeTests.Termination.fst(40,15-40,29): (Warning 252) Subtyping check failed; expected type x: Prims.nat{x <= v} -> Prims.Tot Prims.nat; got type _: _: Prims.nat{_ << v} -> Prims.Tot Prims.nat (see also NegativeTests.Termination.fst(38,2-40,29))
NegativeTests.Termination.fst(40,15-40,29): (Warning 252) Subtyping check failed; expected type x: Prims.nat{x <= v} -> Prims.Tot Prims.nat; got type _: _: Prims.nat{_ << v} -> Prims.Tot Prims.nat (see also NegativeTests.Termination.fst(38,2-40,29))
NegativeTests.Termination.fst(40,15-40,29): (Warning 252) Subtyping check failed; expected type x: Prims.nat{x <= v} -> Prims.Tot Prims.nat; got type _: _: Prims.nat{_ << v} -> Prims.Tot Prims.nat (see also NegativeTests.Termination.fst(38,2-40,29))
NegativeTests.Termination.fst(40,15-40,29): (Warning 252) Subtyping check failed; expected type x: Prims.nat{x <= v} -> Prims.Tot Prims.nat; got type _: _: Prims.nat{_ << v} -> Prims.Tot Prims.nat (see also NegativeTests.Termination.fst(38,2-40,29))
NegativeTests.Termination.fst(52,19-52,29): (Warning 252) Subtyping check failed; expected type _: NegativeTests.Termination.snat{_ << n}; got type NegativeTests.Termination.snat (see also NegativeTests.Termination.fst(49,2-52,29))
NegativeTests.Termination.fst(52,19-52,29): (Warning 252) Subtyping check failed; expected type _: NegativeTests.Termination.snat{_ << n}; got type NegativeTests.Termination.snat (see also NegativeTests.Termination.fst(49,2-52,29))
NegativeTests.Termination.fst(52,19-52,29): (Warning 252) Subtyping check failed; expected type _: NegativeTests.Termination.snat{_ << n}; got type NegativeTests.Termination.snat (see also NegativeTests.Termination.fst(49,2-52,29))
NegativeTests.Termination.fst(52,19-52,29): (Warning 252) Subtyping check failed; expected type _: NegativeTests.Termination.snat{_ << n}; got type NegativeTests.Termination.snat (see also NegativeTests.Termination.fst(49,2-52,29))
NegativeTests.Termination.fst(60,34-60,35): (Warning 252) Subtyping check failed; expected type _:
NegativeTests.Termination.snat
{%[ NegativeTests.Termination.S (NegativeTests.Termination.S n'); _ ] << %[ n; m ]}; got type NegativeTests.Termination.snat (see also NegativeTests.Termination.fst(57,2-60,35))
NegativeTests.Termination.fst(60,34-60,35): (Warning 252) Subtyping check failed; expected type _:
NegativeTests.Termination.snat
{%[ NegativeTests.Termination.S (NegativeTests.Termination.S n'); _ ] << %[ n; m ]}; got type NegativeTests.Termination.snat (see also NegativeTests.Termination.fst(57,2-60,35))
NegativeTests.Termination.fst(60,34-60,35): (Warning 252) Subtyping check failed; expected type _:
NegativeTests.Termination.snat
{%[ NegativeTests.Termination.S (NegativeTests.Termination.S n'); _ ] << %[ n; m ]}; got type NegativeTests.Termination.snat (see also NegativeTests.Termination.fst(57,2-60,35))
NegativeTests.Termination.fst(60,34-60,35): (Warning 252) Subtyping check failed; expected type _:
NegativeTests.Termination.snat
{%[ NegativeTests.Termination.S (NegativeTests.Termination.S n'); _ ] << %[ n; m ]}; got type NegativeTests.Termination.snat (see also NegativeTests.Termination.fst(57,2-60,35))
NegativeTests.Termination.fst(65,2-67,14): (Warning 252) Patterns are incomplete
NegativeTests.Termination.fst(65,2-67,14): (Warning 252) Patterns are incomplete
NegativeTests.Termination.fst(65,2-67,14): (Warning 252) Patterns are incomplete
NegativeTests.Termination.fst(65,2-67,14): (Warning 252) Patterns are incomplete
NegativeTests.Termination.fst(74,29-74,31): (Warning 252) Subtyping check failed; expected type _: NegativeTests.Termination.snat{%[ NegativeTests.Termination.S n'; _ ] << %[ n; m ]}; got type NegativeTests.Termination.snat (see also NegativeTests.Termination.fst(72,2-74,31))
NegativeTests.Termination.fst(74,29-74,31): (Warning 252) Subtyping check failed; expected type _: NegativeTests.Termination.snat{%[ NegativeTests.Termination.S n'; _ ] << %[ n; m ]}; got type NegativeTests.Termination.snat (see also NegativeTests.Termination.fst(72,2-74,31))
NegativeTests.Termination.fst(74,29-74,31): (Warning 252) Subtyping check failed; expected type _: NegativeTests.Termination.snat{%[ NegativeTests.Termination.S n'; _ ] << %[ n; m ]}; got type NegativeTests.Termination.snat (see also NegativeTests.Termination.fst(72,2-74,31))
NegativeTests.Termination.fst(74,29-74,31): (Warning 252) Subtyping check failed; expected type _: NegativeTests.Termination.snat{%[ NegativeTests.Termination.S n'; _ ] << %[ n; m ]}; got type NegativeTests.Termination.snat (see also NegativeTests.Termination.fst(72,2-74,31))
NegativeTests.Termination.fst(81,20-81,26): (Warning 252) Subtyping check failed; expected type _: NegativeTests.Termination.snat{_ << n}; got type NegativeTests.Termination.snat (see also NegativeTests.Termination.fst(79,2-81,26))
NegativeTests.Termination.fst(81,20-81,26): (Warning 252) Subtyping check failed; expected type _: NegativeTests.Termination.snat{_ << n}; got type NegativeTests.Termination.snat (see also NegativeTests.Termination.fst(79,2-81,26))
NegativeTests.Termination.fst(81,20-81,26): (Warning 252) Subtyping check failed; expected type _: NegativeTests.Termination.snat{_ << n}; got type NegativeTests.Termination.snat (see also NegativeTests.Termination.fst(79,2-81,26))
NegativeTests.Termination.fst(81,20-81,26): (Warning 252) Subtyping check failed; expected type _: NegativeTests.Termination.snat{_ << n}; got type NegativeTests.Termination.snat (see also NegativeTests.Termination.fst(79,2-81,26))
Unable to open hints file: C:\build\agent1\_work\1\s\kremlin\kremlib\C.Loops.fst.hints; ran without hints
HyE.AE.fst(47,2-50,21): (Warning 252) (Hint-replay failed): could not prove post-condition (see also C:\build\agent1\_work\1\s\ulib\FStar.HyperStack.ST.fst(261,76-261,87))
NegativeTests.Set.fst(13,9-13,30): (Warning 252) assertion failed
NegativeTests.Set.fst(13,9-13,30): (Warning 252) assertion failed
NegativeTests.Set.fst(13,9-13,30): (Warning 252) assertion failed
NegativeTests.Set.fst(13,9-13,30): (Warning 252) assertion failed
NegativeTests.Set.fst(18,9-18,67): (Warning 252) assertion failed
NegativeTests.Set.fst(18,9-18,67): (Warning 252) assertion failed
NegativeTests.Set.fst(18,9-18,67): (Warning 252) assertion failed
NegativeTests.Set.fst(18,9-18,67): (Warning 252) assertion failed
NegativeTests.Set.fst(23,9-23,52): (Warning 252) assertion failed
NegativeTests.Set.fst(23,9-23,52): (Warning 252) assertion failed
NegativeTests.Set.fst(23,9-23,52): (Warning 252) assertion failed
NegativeTests.Set.fst(23,9-23,52): (Warning 252) assertion failed
MAC.fst(45,0-45,53): (Warning 272) Top-level let-bindings must be total; this term may have effects
RPC.fst(9,0-9,53): (Warning 272) Top-level let-bindings must be total; this term may have effects
RPC.fst(23,0-23,39): (Warning 272) Top-level let-bindings must be total; this term may have effects
RPC.fst(48,0-49,16): (Warning 272) Top-level let-bindings must be total; this term may have effects
RPC.fst(116,0-116,17): (Warning 272) Top-level let-bindings must be total; this term may have effects
C:\build\agent1\_work\1\s\kremlin\kremlib\Spec.Loops.fst(14,8-14,19): (Warning 288) FStar.Seq.Base.createEmpty is deprecated, use Seq.empty instead
C:\build\agent1\_work\1\s\kremlin\kremlib\Spec.Loops.fst(28,31-28,42): (Warning 288) FStar.Seq.Base.createEmpty is deprecated, use Seq.empty instead
C:\build\agent1\_work\1\s\kremlin\kremlib\FStar.Kremlin.Endianness.fst(85,4-85,15): (Warning 288) FStar.Seq.Base.createEmpty is deprecated, use Seq.empty instead
C:\build\agent1\_work\1\s\kremlin\kremlib\FStar.Kremlin.Endianness.fst(105,4-105,15): (Warning 288) FStar.Seq.Base.createEmpty is deprecated, use Seq.empty instead
Serializing.fst(139,2-170,16): (Warning 252) (Hint-replay failed): assertion failed (see also Serializing.fst(94,23-94,59))
Serializing.fst(139,2-170,16): (Warning 252) (Hint-replay failed): assertion failed (see also Serializing.fst(94,23-94,59))
Unable to open hints file: C:\build\agent1\_work\1\s\examples\bug-reports\ScopeOfBinderGuard.fst.hints; ran without hints
ScopeOfBinderGuard.fst(9,47-9,48): (Warning 252) Subtyping check failed; expected type Prims.unit; got type ScopeOfBinderGuard.bool_t (see also ScopeOfBinderGuard.fst(9,17-9,18))
ScopeOfBinderGuard.fst(9,47-9,48): (Warning 252) Subtyping check failed; expected type Prims.unit; got type ScopeOfBinderGuard.bool_t (see also ScopeOfBinderGuard.fst(9,17-9,18))
ScopeOfBinderGuard.fst(9,47-9,48): (Warning 252) Subtyping check failed; expected type Prims.unit; got type ScopeOfBinderGuard.bool_t (see also ScopeOfBinderGuard.fst(9,17-9,18))
ScopeOfBinderGuard.fst(9,47-9,48): (Warning 252) Subtyping check failed; expected type Prims.unit; got type ScopeOfBinderGuard.bool_t (see also ScopeOfBinderGuard.fst(9,17-9,18))
ScopeOfBinderGuard.fst(11,46-11,47): (Warning 252) Subtyping check failed; expected type Prims.bool; got type ScopeOfBinderGuard.t false (see also ScopeOfBinderGuard.fst(11,26-11,27))
ScopeOfBinderGuard.fst(11,46-11,47): (Warning 252) Subtyping check failed; expected type Prims.bool; got type ScopeOfBinderGuard.t false (see also ScopeOfBinderGuard.fst(11,26-11,27))
ScopeOfBinderGuard.fst(11,46-11,47): (Warning 252) Subtyping check failed; expected type Prims.bool; got type ScopeOfBinderGuard.t false (see also ScopeOfBinderGuard.fst(11,26-11,27))
ScopeOfBinderGuard.fst(11,46-11,47): (Warning 252) Subtyping check failed; expected type Prims.bool; got type ScopeOfBinderGuard.t false (see also ScopeOfBinderGuard.fst(11,26-11,27))
MAC.fst(45,0-45,53): (Warning 272) Top-level let-bindings must be total; this term may have effects
CntProtocol.fst(12,0-12,53): (Warning 272) Top-level let-bindings must be total; this term may have effects
CntProtocol.fst(27,0-27,26): (Warning 272) Top-level let-bindings must be total; this term may have effects
CntProtocol.fst(30,0-30,54): (Warning 272) Top-level let-bindings must be total; this term may have effects
CntProtocol.fst(33,0-33,54): (Warning 272) Top-level let-bindings must be total; this term may have effects
CntProtocol.fst(97,0-97,39): (Warning 272) Top-level let-bindings must be total; this term may have effects
CntProtocol.fst(124,0-124,18): (Warning 272) Top-level let-bindings must be total; this term may have effects
CntProtocol.fst(168,0-184,5): (Warning 272) Top-level let-bindings must be total; this term may have effects
EtM.CPA.fst(46,21-46,32): (Warning 288) FStar.Seq.Base.createEmpty is deprecated, use Seq.empty instead
EtM.CPA.fst(55,34-55,45): (Warning 288) FStar.Seq.Base.createEmpty is deprecated, use Seq.empty instead
EtM.CPA.fst(53,2-56,21): (Warning 252) (Hint-replay failed): could not prove post-condition (see also C:\build\agent1\_work\1\s\ulib\FStar.HyperStack.ST.fst(261,76-261,87))
bug1091.fst(18,50-18,66): (Warning 252) Subtyping check failed; expected type FStar.UInt.uint_t (*?u19*) _; got type n: Prims.nat{n < Prims.pow2 128} (see also FStar.UInt.fst(52,28-52,36))
bug1091.fst(24,91-24,92): (Warning 252) could not prove post-condition (see also bug1091.fst(24,21-24,86))
bug1091.fst(82,26-82,40): (Warning 252) Failed to verify implicit argument: (*?u26*) _ (Introduced at bug1091.fst(82,26-82,40) for Instantiating implicit argument in application resolved at bug1091.fst(81,0-82,77)) :: Subtyping check failed; expected type Prims.eqtype; got type Type (see also prims.fst(27,21-27,28))
bug1091.fst(82,51-82,65): (Warning 252) Failed to verify implicit argument: (*?u26*) _ (Introduced at bug1091.fst(82,51-82,65) for Instantiating implicit argument in application resolved at bug1091.fst(81,0-82,77)) :: Subtyping check failed; expected type Prims.eqtype; got type Type (see also prims.fst(27,21-27,28))
bug1091.fst(82,26-82,40): (Warning 252) Failed to verify implicit argument: (*?u26*) _ (Introduced at bug1091.fst(82,26-82,40) for flex-flex quasi:	lhs=Instantiating implicit argument in application	rhs=Instantiating implicit argument in application resolved at bug1091.fst(81,0-82,77)) :: Subtyping check failed; expected type Prims.eqtype; got type Type (see also prims.fst(27,21-27,28))
bug1091.fst(93,55-93,56): (Warning 252) Subtyping check failed; expected type n: Prims.int{%[ m - 1; n ] << %[ m; n ]}; got type Prims.int (see also bug1091.fst(92,2-94,78))
Test.HyperStack.fst(253,27-253,36): (Warning 288) FStar.HyperStack.ST.salloc_mm is deprecated, use use salloc instead instead
Test.HyperStack.fst(262,10-262,15): (Warning 288) FStar.HyperStack.ST.sfree is deprecated, use use salloc instead instead
Test.HyperStack.fst(272,27-272,36): (Warning 288) FStar.HyperStack.ST.salloc_mm is deprecated, use use salloc instead instead
Test.HyperStack.fst(57,2-59,3): (Warning 252) (Hint-replay failed): could not prove post-condition (see also FStar.HyperStack.ST.fst(237,91-237,109))
Test.HyperStack.fst(65,2-68,5): (Warning 252) (Hint-replay failed): could not prove post-condition (see also FStar.HyperStack.ST.fst(237,91-237,109))
Test.HyperStack.fst(74,2-76,14): (Warning 252) (Hint-replay failed): could not prove post-condition (see also Test.HyperStack.fst(72,26-72,39))
Test.HyperStack.fst(80,2-83,14): (Warning 252) (Hint-replay failed): could not prove post-condition (see also FStar.HyperStack.ST.fst(237,91-237,109))
Test.HyperStack.fst(91,2-93,14): (Warning 252) (Hint-replay failed): could not prove post-condition (see also FStar.HyperStack.ST.fst(237,91-237,109))
Test.HyperStack.fst(100,2-104,3): (Warning 252) (Hint-replay failed): could not prove post-condition (see also Test.HyperStack.fst(98,26-98,49))
Test.HyperStack.fst(112,2-115,13): (Warning 252) (Hint-replay failed): could not prove post-condition (see also Test.HyperStack.fst(108,45-108,70))
Test.HyperStack.fst(126,2-126,28): (Warning 252) (Hint-replay failed): assertion failed (see also Test.HyperStack.fst(107,22-107,34))
Test.HyperStack.fst(139,2-139,28): (Warning 252) (Hint-replay failed): assertion failed (see also Test.HyperStack.fst(107,22-107,34))
Test.HyperStack.fst(152,2-152,28): (Warning 252) (Hint-replay failed): assertion failed (see also Test.HyperStack.fst(107,22-107,34))
Test.HyperStack.fst(165,2-165,28): (Warning 252) (Hint-replay failed): assertion failed (see also Test.HyperStack.fst(107,22-107,34))
Test.HyperStack.fst(174,2-176,3): (Warning 252) (Hint-replay failed): could not prove post-condition (see also Test.HyperStack.fst(172,65-172,77))
Test.HyperStack.fst(182,2-186,3): (Warning 252) (Hint-replay failed): could not prove post-condition (see also FStar.HyperStack.ST.fst(237,91-237,109))
Test.HyperStack.fst(192,2-196,4): (Warning 252) (Hint-replay failed): could not prove post-condition (see also FStar.HyperStack.ST.fst(261,91-261,115))
Test.HyperStack.fst(202,2-208,6): (Warning 252) (Hint-replay failed): could not prove post-condition (see also FStar.HyperStack.ST.fst(299,91-299,106))
Test.HyperStack.fst(214,2-218,4): (Warning 252) (Hint-replay failed): could not prove post-condition (see also FStar.HyperStack.ST.fst(261,91-261,115))
Test.HyperStack.fst(229,2-232,3): (Warning 252) (Hint-replay failed): could not prove post-condition (see also FStar.HyperStack.ST.fst(237,91-237,109))
Test.HyperStack.fst(270,10-270,16): (Warning 252) (Hint-replay failed): assertion failed (see also Test.HyperStack.fst(270,17-270,50))
HyE.CCA2.fst(46,2-46,14): (Warning 271) Pattern ((ite (= (BoundV 0) (BoxBool (true ))) (BoundV 3) (HyE.PlainPKE.repr (BoundV 4)))) contains illegal symbols; dropping it (see also C:\build\agent1\_work\1\s\ulib\FStar.Monotonic.Seq.fst(72,20-72,61))
C:\build\agent1\_work\1\s\kremlin\kremlib\FStar.Kremlin.Endianness.fst(85,4-85,15): (Warning 288) FStar.Seq.Base.createEmpty is deprecated, use Seq.empty instead
C:\build\agent1\_work\1\s\kremlin\kremlib\FStar.Kremlin.Endianness.fst(105,4-105,15): (Warning 288) FStar.Seq.Base.createEmpty is deprecated, use Seq.empty instead
C:\build\agent1\_work\1\s\kremlin\kremlib\Spec.Loops.fst(14,8-14,19): (Warning 288) FStar.Seq.Base.createEmpty is deprecated, use Seq.empty instead
C:\build\agent1\_work\1\s\kremlin\kremlib\Spec.Loops.fst(28,31-28,42): (Warning 288) FStar.Seq.Base.createEmpty is deprecated, use Seq.empty instead
C:\build\agent1\_work\1\s\kremlin\kremlib\Spec.Loops.fst(14,8-14,19): (Warning 288) FStar.Seq.Base.createEmpty is deprecated, use Seq.empty instead
C:\build\agent1\_work\1\s\kremlin\kremlib\Spec.Loops.fst(28,31-28,42): (Warning 288) FStar.Seq.Base.createEmpty is deprecated, use Seq.empty instead
C:\build\agent1\_work\1\s\kremlin\kremlib\FStar.Kremlin.Endianness.fst(85,4-85,15): (Warning 288) FStar.Seq.Base.createEmpty is deprecated, use Seq.empty instead
C:\build\agent1\_work\1\s\kremlin\kremlib\FStar.Kremlin.Endianness.fst(105,4-105,15): (Warning 288) FStar.Seq.Base.createEmpty is deprecated, use Seq.empty instead
X64.Vale.StateLemmas_i.fst(38,2-38,8): (Warning 252) (Hint-replay failed): assertion failed (see also X64.Vale.StateLemmas_i.fst(38,9-38,49))
EtM.CPA.fst(46,21-46,32): (Warning 288) FStar.Seq.Base.createEmpty is deprecated, use Seq.empty instead
EtM.CPA.fst(55,34-55,45): (Warning 288) FStar.Seq.Base.createEmpty is deprecated, use Seq.empty instead
EtM.MAC.fst(59,21-59,32): (Warning 288) FStar.Seq.Base.createEmpty is deprecated, use Seq.empty instead
EtM.MAC.fst(72,34-72,45): (Warning 288) FStar.Seq.Base.createEmpty is deprecated, use Seq.empty instead
EtM.MAC.fst(70,2-73,21): (Warning 252) (Hint-replay failed): could not prove post-condition (see also C:\build\agent1\_work\1\s\ulib\FStar.HyperStack.ST.fst(261,76-261,87))
C:\build\agent1\_work\1\s\kremlin\kremlib\Spec.Loops.fst(14,8-14,19): (Warning 288) FStar.Seq.Base.createEmpty is deprecated, use Seq.empty instead
C:\build\agent1\_work\1\s\kremlin\kremlib\Spec.Loops.fst(28,31-28,42): (Warning 288) FStar.Seq.Base.createEmpty is deprecated, use Seq.empty instead
C:\build\agent1\_work\1\s\kremlin\kremlib\FStar.Kremlin.Endianness.fst(85,4-85,15): (Warning 288) FStar.Seq.Base.createEmpty is deprecated, use Seq.empty instead
C:\build\agent1\_work\1\s\kremlin\kremlib\FStar.Kremlin.Endianness.fst(105,4-105,15): (Warning 288) FStar.Seq.Base.createEmpty is deprecated, use Seq.empty instead
Parsing.fst(198,2-198,17): (Warning 252) (Hint-replay failed): assertion failed (see also Parsing.fst(181,18-181,44))
Parsing.fst(222,4-230,12): (Warning 252) (Hint-replay failed): could not prove post-condition (see also Parsing.fst(217,20-217,51))
Parsing.fst(254,4-254,10): (Warning 252) (Hint-replay failed): assertion failed (see also Parsing.fst(254,11-254,56))
Parsing.fst(292,20-292,26): (Warning 252) (Hint-replay failed): assertion failed (see also C:\build\agent1\_work\1\s\ulib\FStar.HyperStack.ST.fst(281,52-281,79))
Parsing.fst(328,10-328,33): (Warning 252) (Hint-replay failed): assertion failed (see also Parsing.fst(132,15-132,22))
Parsing.fst(328,10-328,33): (Warning 252) (Hint-replay failed): assertion failed (see also Parsing.fst(132,15-132,22))
LowStar.Ex2.fst(23,2-25,10): (Warning 252) (Hint-replay failed): could not prove post-condition (see also LowStar.Ex2.fst(20,11-20,67))
LowStar.Ex2.fst(65,2-69,4): (Warning 252) (Hint-replay failed): could not prove post-condition (see also LowStar.Ex2.fst(63,14-63,45))
C:\build\agent1\_work\1\s\kremlin\kremlib\FStar.Kremlin.Endianness.fst(85,4-85,15): (Warning 288) FStar.Seq.Base.createEmpty is deprecated, use Seq.empty instead
C:\build\agent1\_work\1\s\kremlin\kremlib\FStar.Kremlin.Endianness.fst(105,4-105,15): (Warning 288) FStar.Seq.Base.createEmpty is deprecated, use Seq.empty instead
C:\build\agent1\_work\1\s\kremlin\kremlib\Spec.Loops.fst(14,8-14,19): (Warning 288) FStar.Seq.Base.createEmpty is deprecated, use Seq.empty instead
C:\build\agent1\_work\1\s\kremlin\kremlib\Spec.Loops.fst(28,31-28,42): (Warning 288) FStar.Seq.Base.createEmpty is deprecated, use Seq.empty instead
IfcDelimitedRelease.fst(116,39-116,128): (Warning 252) (Hint-replay failed): could not prove post-condition (see also IfcDelimitedRelease.fst(106,6-114,15))
IfcDelimitedRelease.fst(116,39-116,128): (Warning 252) could not prove post-condition (see also IfcDelimitedRelease.fst(106,6-114,15))
IfcDelimitedRelease.fst(116,39-116,128): (Warning 252) could not prove post-condition (see also IfcDelimitedRelease.fst(106,6-114,15))
IfcDelimitedRelease.fst(116,39-116,128): (Warning 252) could not prove post-condition (see also IfcDelimitedRelease.fst(106,6-114,15))
IfcDelimitedRelease.fst(165,30-165,119): (Warning 252) (Hint-replay failed): could not prove post-condition (see also IfcDelimitedRelease.fst(157,5-164,13))
IfcDelimitedRelease.fst(165,30-165,119): (Warning 252) could not prove post-condition (see also IfcDelimitedRelease.fst(157,5-164,13))
IfcDelimitedRelease.fst(165,30-165,119): (Warning 252) could not prove post-condition (see also IfcDelimitedRelease.fst(157,5-164,13))
IfcDelimitedRelease.fst(177,37-177,38): (Warning 252) (Hint-replay failed): Subtyping check failed; expected type h:
(h: FStar.Monotonic.Heap.heap{IfcDelimitedRelease.refs_invariant [n; x_h; k; x_l] h})
{ %[ FStar.Monotonic.Heap.sel h (FStar.List.Tot.Base.hd [n; x_h; k; x_l]) ] <<
%[ FStar.Monotonic.Heap.sel h (FStar.List.Tot.Base.hd _) ] }; got type FStar.Monotonic.Heap.heap (see also IfcDelimitedRelease.fst(171,2-177,38))
IfcDelimitedRelease.fst(175,31-175,32): (Warning 252) Subtyping check failed; expected type h: FStar.Monotonic.Heap.heap{IfcDelimitedRelease.refs_invariant [x_h; k; x_l] h}; got type FStar.Monotonic.Heap.heap (see also IfcDelimitedRelease.fst(24,71-24,90))
IfcDelimitedRelease.fst(175,31-175,32): (Warning 252) Subtyping check failed; expected type h: FStar.Monotonic.Heap.heap{IfcDelimitedRelease.refs_invariant [x_h; k; x_l] h}; got type FStar.Monotonic.Heap.heap (see also IfcDelimitedRelease.fst(24,71-24,90))
IfcDelimitedRelease.fst(177,37-177,38): (Warning 252) Subtyping check failed; expected type h:
(h: FStar.Monotonic.Heap.heap{IfcDelimitedRelease.refs_invariant [n; x_h; k; x_l] h})
{ %[ FStar.Monotonic.Heap.sel h (FStar.List.Tot.Base.hd [n; x_h; k; x_l]) ] <<
%[ FStar.Monotonic.Heap.sel h (FStar.List.Tot.Base.hd _) ] }; got type FStar.Monotonic.Heap.heap (see also IfcDelimitedRelease.fst(169,76-169,95))
IfcDelimitedRelease.fst(50,2-52,23): (Warning 252) Patterns are incomplete
IfcDelimitedRelease.fst(50,2-52,23): (Warning 252) Patterns are incomplete
IfcDelimitedRelease.fst(74,2-74,66): (Warning 252) Patterns are incomplete
IfcDelimitedRelease.fst(74,2-74,66): (Warning 252) Patterns are incomplete
IfcDelimitedRelease.fst(74,2-74,66): (Warning 252) Patterns are incomplete
IfcDelimitedRelease.fst(93,2-100,66): (Warning 252) Patterns are incomplete
IfcDelimitedRelease.fst(93,2-100,66): (Warning 252) Patterns are incomplete
IfcDelimitedRelease.fst(93,2-100,66): (Warning 252) Patterns are incomplete
IfcDelimitedRelease.fst(122,2-127,66): (Warning 252) Patterns are incomplete
IfcDelimitedRelease.fst(122,2-127,66): (Warning 252) Patterns are incomplete
IfcDelimitedRelease.fst(122,2-127,66): (Warning 252) Patterns are incomplete
IfcDelimitedRelease.fst(147,2-152,5): (Warning 252) Patterns are incomplete
IfcDelimitedRelease.fst(147,2-152,5): (Warning 252) Patterns are incomplete
IfcDelimitedRelease.fst(175,31-175,32): (Warning 252) Subtyping check failed; expected type h: FStar.Monotonic.Heap.heap{IfcDelimitedRelease.refs_invariant [x_h; k; x_l] h}; got type FStar.Monotonic.Heap.heap (see also IfcDelimitedRelease.fst(24,71-24,90))
IfcDelimitedRelease.fst(175,31-175,32): (Warning 252) Subtyping check failed; expected type h: FStar.Monotonic.Heap.heap{IfcDelimitedRelease.refs_invariant [x_h; k; x_l] h}; got type FStar.Monotonic.Heap.heap (see also IfcDelimitedRelease.fst(24,71-24,90))
IfcDelimitedRelease.fst(177,37-177,38): (Warning 252) Subtyping check failed; expected type h:
(h: FStar.Monotonic.Heap.heap{IfcDelimitedRelease.refs_invariant [n; x_h; k; x_l] h})
{ %[ FStar.Monotonic.Heap.sel h (FStar.List.Tot.Base.hd [n; x_h; k; x_l]) ] <<
%[ FStar.Monotonic.Heap.sel h (FStar.List.Tot.Base.hd _) ] }; got type FStar.Monotonic.Heap.heap (see also IfcDelimitedRelease.fst(169,76-169,95))
IfcDelimitedRelease.fst(182,34-182,35): (Warning 252) Subtyping check failed; expected type h: FStar.Monotonic.Heap.heap{IfcDelimitedRelease.refs_invariant [n; x_h; k; x_l] h}; got type FStar.Monotonic.Heap.heap (see also IfcDelimitedRelease.fst(169,76-169,95))
IfcDelimitedRelease.fst(182,34-182,35): (Warning 252) Subtyping check failed; expected type h: FStar.Monotonic.Heap.heap{IfcDelimitedRelease.refs_invariant [n; x_h; k; x_l] h}; got type FStar.Monotonic.Heap.heap (see also IfcDelimitedRelease.fst(169,76-169,95))
IfcDelimitedRelease.fst(182,34-182,35): (Warning 252) Subtyping check failed; expected type h: FStar.Monotonic.Heap.heap{IfcDelimitedRelease.refs_invariant [n; x_h; k; x_l] h}; got type FStar.Monotonic.Heap.heap (see also IfcDelimitedRelease.fst(169,76-169,95))
LowParse.SLow.Combinators.fst(32,21-32,26): (Warning 252) (Hint-replay failed): Subtyping check failed; expected type j: Prims.nat{FStar.UInt32.v l <= j && j <= FStar.Seq.Base.length (FStar.Bytes.reveal input)}; got type FStar.UInt.uint_t FStar.UInt32.n (see also FStar.Bytes.fsti(146,56-146,65))
LowParse.SLow.Combinators.fst(55,21-55,26): (Warning 252) (Hint-replay failed): Subtyping check failed; expected type j: Prims.nat{FStar.UInt32.v l <= j && j <= FStar.Seq.Base.length (FStar.Bytes.reveal input)}; got type FStar.UInt.uint_t FStar.UInt32.n (see also FStar.Bytes.fsti(146,56-146,65))
LowParse.SLow.Combinators.fst(109,36-109,52): (Warning 252) (Hint-replay failed): Subtyping check failed; expected type LowParse.Spec.Base.consumed_length (FStar.Bytes.reveal xbytes); got type FStar.UInt.uint_t FStar.UInt32.n (see also LowParse.Spec.Base.fst(22,55-22,72))
LowParse.SLow.Combinators.fst(32,21-32,26): (Warning 252) (Hint-replay failed): Subtyping check failed; expected type j: Prims.nat{FStar.UInt32.v l <= j && j <= FStar.Seq.Base.length (FStar.Bytes.reveal input)}; got type FStar.UInt.uint_t FStar.UInt32.n (see also FStar.Bytes.fsti(146,56-146,65))
LowParse.SLow.Combinators.fst(55,21-55,26): (Warning 252) (Hint-replay failed): Subtyping check failed; expected type j: Prims.nat{FStar.UInt32.v l <= j && j <= FStar.Seq.Base.length (FStar.Bytes.reveal input)}; got type FStar.UInt.uint_t FStar.UInt32.n (see also FStar.Bytes.fsti(146,56-146,65))
LowParse.SLow.Combinators.fst(109,36-109,52): (Warning 252) (Hint-replay failed): Subtyping check failed; expected type LowParse.Spec.Base.consumed_length (FStar.Bytes.reveal xbytes); got type FStar.UInt.uint_t FStar.UInt32.n (see also LowParse.Spec.Base.fst(22,55-22,72))
EtM.CPA.fst(46,21-46,32): (Warning 288) FStar.Seq.Base.createEmpty is deprecated, use Seq.empty instead
EtM.CPA.fst(55,34-55,45): (Warning 288) FStar.Seq.Base.createEmpty is deprecated, use Seq.empty instead
EtM.MAC.fst(59,21-59,32): (Warning 288) FStar.Seq.Base.createEmpty is deprecated, use Seq.empty instead
EtM.MAC.fst(72,34-72,45): (Warning 288) FStar.Seq.Base.createEmpty is deprecated, use Seq.empty instead
EtM.AE.fst(67,21-67,32): (Warning 288) FStar.Seq.Base.createEmpty is deprecated, use Seq.empty instead
EtM.AE.fst(80,34-80,45): (Warning 288) FStar.Seq.Base.createEmpty is deprecated, use Seq.empty instead
EtM.AE.fst(77,2-81,23): (Warning 252) (Hint-replay failed): could not prove post-condition (see also C:\build\agent1\_work\1\s\ulib\FStar.HyperStack.ST.fst(261,76-261,87))
IfcDelimitedReleaseReify.fst(62,2-64,23): (Warning 252) Patterns are incomplete
IfcDelimitedReleaseReify.fst(62,2-64,23): (Warning 252) Patterns are incomplete
IfcDelimitedReleaseReify.fst(82,2-82,40): (Warning 252) Patterns are incomplete
IfcDelimitedReleaseReify.fst(82,2-82,40): (Warning 252) Patterns are incomplete
IfcDelimitedReleaseReify.fst(82,2-82,40): (Warning 252) Patterns are incomplete
IfcDelimitedReleaseReify.fst(101,2-101,59): (Warning 252) Patterns are incomplete
IfcDelimitedReleaseReify.fst(101,2-101,59): (Warning 252) Patterns are incomplete
IfcDelimitedReleaseReify.fst(101,2-101,59): (Warning 252) Patterns are incomplete
IfcDelimitedReleaseReify.fst(121,10-127,59): (Warning 252) Patterns are incomplete
IfcDelimitedReleaseReify.fst(121,10-127,59): (Warning 252) Patterns are incomplete
IfcDelimitedReleaseReify.fst(121,10-127,59): (Warning 252) Patterns are incomplete
Ex01a.fst(60,0-60,48): (Warning 272) Top-level let-bindings must be total; this term may have effects
Ex01a.fst(60,0-60,48): (Warning 272) Top-level let-bindings must be total; this term may have effects
make[2]: [Makefile:69: Ex01a-ocaml] Error 2 (ignored)
Protocol.fst(23,0-23,9): (Warning 239) Adding an implicit 'assume new' qualifier on byte
Protocol.fst(341,4-341,25): (Warning 252) (Hint-replay failed): could not prove post-condition (see also Protocol.fst(340,7-340,35))
Protocol.fst(416,8-454,42): (Warning 252) (Hint-replay failed): could not prove post-condition (see also Protocol.fst(409,22-409,61))
Protocol.fst(470,4-470,10): (Warning 252) (Hint-replay failed): assertion failed (see also Protocol.fst(470,11-470,68))
Protocol.fst(593,6-593,7): (Warning 252) (Hint-replay failed): Subtyping check failed; expected type FStar.Preorder.preorder (Protocol.entries _); got type FStar.Preorder.relation (Protocol.entries _) (see also C:\build\agent1\_work\1\s\ulib\FStar.Preorder.fst(12,40-12,56))
Protocol.fst(640,4-640,10): (Warning 252) (Hint-replay failed): assertion failed (see also Protocol.fst(640,54-640,122))
C:\build\agent1\_work\1\s\kremlin\kremlib\FStar.Kremlin.Endianness.fst(85,4-85,15): (Warning 288) FStar.Seq.Base.createEmpty is deprecated, use Seq.empty instead
C:\build\agent1\_work\1\s\kremlin\kremlib\FStar.Kremlin.Endianness.fst(105,4-105,15): (Warning 288) FStar.Seq.Base.createEmpty is deprecated, use Seq.empty instead
C:\build\agent1\_work\1\s\kremlin\kremlib\Spec.Loops.fst(14,8-14,19): (Warning 288) FStar.Seq.Base.createEmpty is deprecated, use Seq.empty instead
C:\build\agent1\_work\1\s\kremlin\kremlib\Spec.Loops.fst(28,31-28,42): (Warning 288) FStar.Seq.Base.createEmpty is deprecated, use Seq.empty instead
PureValidator.fst(138,2-145,10): (Warning 252) (Hint-replay failed): could not prove post-condition (see also PureValidator.fst(136,8-136,64))
C:\build\agent1\_work\1\s\kremlin\kremlib\FStar.Kremlin.Endianness.fst(85,4-85,15): (Warning 288) FStar.Seq.Base.createEmpty is deprecated, use Seq.empty instead
C:\build\agent1\_work\1\s\kremlin\kremlib\FStar.Kremlin.Endianness.fst(105,4-105,15): (Warning 288) FStar.Seq.Base.createEmpty is deprecated, use Seq.empty instead
C:\build\agent1\_work\1\s\kremlin\kremlib\Spec.Loops.fst(14,8-14,19): (Warning 288) FStar.Seq.Base.createEmpty is deprecated, use Seq.empty instead
C:\build\agent1\_work\1\s\kremlin\kremlib\Spec.Loops.fst(28,31-28,42): (Warning 288) FStar.Seq.Base.createEmpty is deprecated, use Seq.empty instead
File "out_ExtractionBug2/ExtractionBug2.ml", line 13, characters 20-56:
Warning 8: this pattern-matching is not exhaustive.
Here is an example of a case that is not matched:
Nil
prims.fst(98,30-98,31): (Warning 252) assertion failed
prims.fst(98,30-98,31): (Warning 252) assertion failed
prims.fst(98,30-98,31): (Warning 252) assertion failed
prims.fst(98,30-98,31): (Warning 252) assertion failed
SimpleTactic.Test.fst(5,2-5,18): (Warning 296) Tactics admitted goal <(_: Prims.unit) |- _ : Prims.squash (FStar.Pervasives.id 1000 = 1000)>

(see also FStar.Tactics.Effect.fst(87,46-87,56))
C:\build\agent1\_work\1\s\kremlin\kremlib\Spec.Loops.fst(14,8-14,19): (Warning 288) FStar.Seq.Base.createEmpty is deprecated, use Seq.empty instead
C:\build\agent1\_work\1\s\kremlin\kremlib\Spec.Loops.fst(28,31-28,42): (Warning 288) FStar.Seq.Base.createEmpty is deprecated, use Seq.empty instead
C:\build\agent1\_work\1\s\kremlin\kremlib\FStar.Kremlin.Endianness.fst(85,4-85,15): (Warning 288) FStar.Seq.Base.createEmpty is deprecated, use Seq.empty instead
C:\build\agent1\_work\1\s\kremlin\kremlib\FStar.Kremlin.Endianness.fst(105,4-105,15): (Warning 288) FStar.Seq.Base.createEmpty is deprecated, use Seq.empty instead
ValidatedAccess.fst(135,20-135,26): (Warning 252) (Hint-replay failed): assertion failed (see also FStar.HyperStack.ST.fst(281,52-281,79))
C:\build\agent1\_work\1\s\kremlin\kremlib\Spec.Loops.fst(14,8-14,19): (Warning 288) FStar.Seq.Base.createEmpty is deprecated, use Seq.empty instead
C:\build\agent1\_work\1\s\kremlin\kremlib\Spec.Loops.fst(28,31-28,42): (Warning 288) FStar.Seq.Base.createEmpty is deprecated, use Seq.empty instead
C:\build\agent1\_work\1\s\kremlin\kremlib\FStar.Kremlin.Endianness.fst(85,4-85,15): (Warning 288) FStar.Seq.Base.createEmpty is deprecated, use Seq.empty instead
C:\build\agent1\_work\1\s\kremlin\kremlib\FStar.Kremlin.Endianness.fst(105,4-105,15): (Warning 288) FStar.Seq.Base.createEmpty is deprecated, use Seq.empty instead
LowStar.Ex3.fst(54,28-54,39): (Warning 288) FStar.Seq.Base.createEmpty is deprecated, use Seq.empty instead
LowStar.Ex3.fst(101,39-101,50): (Warning 288) FStar.Seq.Base.createEmpty is deprecated, use Seq.empty instead
LowStar.Ex3.fst(50,53-50,60): (Warning 252) (Hint-replay failed): Subtyping check failed; expected type y:
FStar.Integers.int_t (FStar.Integers.Unsigned (FStar.Integers.W32))
{FStar.UInt.size (FStar.UInt32.v (Mkt_struct?.total_length x) - FStar.UInt32.v y) 32 <: Type0}; got type FStar.Integers.uint_32 (see also FStar.Integers.fst(73,26-73,45))
LowStar.Ex3.fst(69,54-69,55): (Warning 252) (Hint-replay failed): Subtyping check failed; expected type xs: LowStar.Ex3.t a {LowStar.Ex3.ok h0 xs}; got type LowStar.Ex3.t a (see also LowStar.Ex3.fst(39,2-39,13))
LowStar.Ex3.fst(84,56-84,57): (Warning 252) (Hint-replay failed): Subtyping check failed; expected type xs: LowStar.Ex3.t a {LowStar.Ex3.ok h0 xs}; got type LowStar.Ex3.t a (see also LowStar.Ex3.fst(39,2-39,13))
LowStar.Ex3.fst(104,3-109,50): (Warning 252) (Hint-replay failed): could not prove post-condition (see also LowStar.Ex3.fst(42,3-42,54))
LowStar.Ex3.fst(114,2-114,6): (Warning 252) (Hint-replay failed): assertion failed (see also LowStar.Ex3.fst(81,31-81,42))
LowStar.Ex3.fst(50,53-50,60): (Warning 252) (Hint-replay failed): Subtyping check failed; expected type y:
FStar.Integers.int_t (FStar.Integers.Unsigned (FStar.Integers.W32))
{FStar.UInt.size (FStar.UInt32.v (Mkt_struct?.total_length x) - FStar.UInt32.v y) 32 <: Type0}; got type FStar.Integers.uint_32 (see also FStar.Integers.fst(73,26-73,45))
LowStar.Ex3.fst(69,54-69,55): (Warning 252) (Hint-replay failed): Subtyping check failed; expected type xs:
LowStar.Ex3.t a
{ LowStar.Buffer.live h0 xs /\
LowStar.Buffer.live h0 (Mkt_struct?.b (LowStar.Buffer.get h0 xs 0)) /\
LowStar.Modifies.loc_disjoint (LowStar.Modifies.loc_buffer (Mkt_struct?.b (LowStar.Buffer.get h0
xs
0)))
(LowStar.Modifies.loc_buffer xs) /\
(LowStar.Buffer.len (Mkt_struct?.b (LowStar.Buffer.get h0 xs 0)) =
Mkt_struct?.total_length (LowStar.Buffer.get h0 xs 0)) /\
FStar.UInt32.lte (Mkt_struct?.first (LowStar.Buffer.get h0 xs 0))
(Mkt_struct?.total_length (LowStar.Buffer.get h0 xs 0)) }; got type LowStar.Ex3.t a (see also LowStar.Ex3.fst(39,2-39,13))
LowStar.Ex3.fst(84,56-84,57): (Warning 252) (Hint-replay failed): Subtyping check failed; expected type xs:
LowStar.Ex3.t a
{ LowStar.Buffer.live h0 xs /\
LowStar.Buffer.live h0 (Mkt_struct?.b (LowStar.Buffer.get h0 xs 0)) /\
LowStar.Modifies.loc_disjoint (LowStar.Modifies.loc_buffer (Mkt_struct?.b (LowStar.Buffer.get h0
xs
0)))
(LowStar.Modifies.loc_buffer xs) /\
(LowStar.Buffer.len (Mkt_struct?.b (LowStar.Buffer.get h0 xs 0)) =
Mkt_struct?.total_length (LowStar.Buffer.get h0 xs 0)) /\
FStar.UInt32.lte (Mkt_struct?.first (LowStar.Buffer.get h0 xs 0))
(Mkt_struct?.total_length (LowStar.Buffer.get h0 xs 0)) }; got type LowStar.Ex3.t a (see also LowStar.Ex3.fst(39,2-39,13))
StringPrinter.Base.fst(91,24-91,26): (Warning 252) (Hint-replay failed): Subtyping check failed; expected type u85741:
Prims.unit
{StringPrinter.Base.m_sz_res_pred (StringPrinter.Base.ret x) x (FStar.UInt32.__uint_to_t 0)}; got type Prims.unit (see also StringPrinter.Base.fst(69,42-69,61))
StringPrinter.Base.fst(528,11-528,17): (Warning 252) (Hint-replay failed): could not prove post-condition (see also StringPrinter.Base.fst(523,4-523,26))
StringPrinter.Base.fst(91,24-91,26): (Warning 252) (Hint-replay failed): Subtyping check failed; expected type u190647:
Prims.unit
{StringPrinter.Base.m_sz_res_pred (StringPrinter.Base.ret x) x (FStar.UInt32.__uint_to_t 0)}; got type Prims.unit (see also StringPrinter.Base.fst(69,42-69,61))
StringPrinter.Base.fst(528,11-528,17): (Warning 252) (Hint-replay failed): could not prove post-condition (see also StringPrinter.Base.fst(523,4-523,26))
File "./Evens.ml", line 10, characters 20-54:
Warning 8: this pattern-matching is not exhaustive.
Here is an example of a case that is not matched:
U0
File "./Evens.ml", line 26, characters 22-67:
Warning 8: this pattern-matching is not exhaustive.
Here is an example of a case that is not matched:
Even0
File "./Evens.ml", line 30, characters 22-67:
Warning 8: this pattern-matching is not exhaustive.
Here is an example of a case that is not matched:
Even0
ProgramEquivalence.fst(105,4-108,38): (Warning 252) (Hint-replay failed): assertion failed (see also C:\build\agent1\_work\1\s\examples\dm4free\FStar.DM4F.Heap.ST.fst(20,93-20,101))
ProgramEquivalence.fst(105,4-108,38): (Warning 252) assertion failed (see also C:\build\agent1\_work\1\s\examples\dm4free\FStar.DM4F.Heap.ST.fst(20,93-20,101))
ProgramEquivalence.fst(105,4-108,38): (Warning 252) assertion failed (see also C:\build\agent1\_work\1\s\examples\dm4free\FStar.DM4F.Heap.ST.fst(20,93-20,101))
ProgramEquivalence.fst(156,3-159,38): (Warning 252) (Hint-replay failed): could not prove post-condition (see also ProgramEquivalence.fst(154,20-154,65))
C:\build\agent1\_work\1\s\kremlin\kremlib\FStar.Kremlin.Endianness.fst(85,4-85,15): (Warning 288) FStar.Seq.Base.createEmpty is deprecated, use Seq.empty instead
C:\build\agent1\_work\1\s\kremlin\kremlib\FStar.Kremlin.Endianness.fst(105,4-105,15): (Warning 288) FStar.Seq.Base.createEmpty is deprecated, use Seq.empty instead
C:\build\agent1\_work\1\s\kremlin\kremlib\Spec.Loops.fst(14,8-14,19): (Warning 288) FStar.Seq.Base.createEmpty is deprecated, use Seq.empty instead
C:\build\agent1\_work\1\s\kremlin\kremlib\Spec.Loops.fst(28,31-28,42): (Warning 288) FStar.Seq.Base.createEmpty is deprecated, use Seq.empty instead
EnumParsing.fst(303,29-303,37): (Warning 252) (Hint-replay failed): could not prove post-condition (see also Serializing.fst(102,8-102,39))
C:/build/agent1/_work/1/s/hacl-star/secure_api/utils/Crypto.Symmetric.Bytes.fst(89,8-89,19): (Warning 288) FStar.Seq.Base.createEmpty is deprecated, use Seq.empty instead
C:/build/agent1/_work/1/s/hacl-star/secure_api/utils/Crypto.Symmetric.Bytes.fst(447,16-447,27): (Warning 288) FStar.Seq.Base.createEmpty is deprecated, use Seq.empty instead
C:/build/agent1/_work/1/s/hacl-star/secure_api/utils/Crypto.Symmetric.Bytes.fst(472,16-472,27): (Warning 288) FStar.Seq.Base.createEmpty is deprecated, use Seq.empty instead
C:/build/agent1/_work/1/s/hacl-star/secure_api/utils/Crypto.Symmetric.Bytes.fst(518,8-518,19): (Warning 288) FStar.Seq.Base.createEmpty is deprecated, use Seq.empty instead
Memo.fst(118,14-118,16): (Warning 252) (Hint-replay failed): Subtyping check failed; expected type h0: Memo.heap{Memo.valid_memo h0 f}; got type Prims.list (Prims.int * Prims.int) (see also Memo.fst(111,12-111,27))
Memo.fst(118,14-118,16): (Warning 252) (Hint-replay failed): Subtyping check failed; expected type h0: Memo.heap{Memo.valid_memo h0 f}; got type Prims.list (Prims.int * Prims.int) (see also Memo.fst(111,12-111,27))
LemmaArgs.fst(8,4-8,6): (Warning 252) (Hint-replay failed): could not prove post-condition (see also LemmaArgs.fst(7,18-7,24))
LemmaArgs.fst(16,20-16,21): (Warning 252) Subtyping check failed; expected type b: Prims.int{b <> 5}; got type Prims.int (see also LemmaArgs.fst(5,34-5,40))
LemmaArgs.fst(16,20-16,21): (Warning 252) Subtyping check failed; expected type b: Prims.int{b <> 5}; got type Prims.int (see also LemmaArgs.fst(5,34-5,40))
LemmaArgs.fst(16,20-16,21): (Warning 252) Subtyping check failed; expected type b: Prims.int{b <> 5}; got type Prims.int (see also LemmaArgs.fst(5,34-5,40))
LemmaArgs.fst(16,20-16,21): (Warning 252) Subtyping check failed; expected type b: Prims.int{b <> 5}; got type Prims.int (see also LemmaArgs.fst(5,34-5,40))
Admit.fst(6,12-6,22): (Warning 296) Tactics admitted goal <(x: Prims.int), (y: Prims.int) |- _ : Prims.squash (x + y == x + x)>

(see also Admit.fst(5,26-5,49))
Admit.fst(9,13-9,23): (Warning 296) Tactics admitted goal <(x: Prims.int), (y: Prims.int), (p: Prims.pure_post Prims.unit), (_: Prims.squash (forall (pure_result: Prims.unit). x + y == x + x ==> p pure_result)) |- _ : Prims.unit>

(see also Admit.fst(8,27-8,49))
Admit.fst(6,12-6,22): (Warning 296) Tactics admitted goal <(x: Prims.int), (y: Prims.int) |- _ : Prims.squash (x + y == x + x)>

(see also Admit.fst(5,26-5,49))
Trans.fst(15,63-15,68): (Warning 296) Tactics admitted goal < |- _ : Prims.squash (Trans.a == (*?u56*) _)>

(see also Trans.fst(10,20-10,35))
Trans.fst(15,63-15,68): (Warning 296) Tactics admitted goal < |- _ : Prims.squash ((*?u56*) _ == Trans.b)>

(see also Trans.fst(10,39-10,54))
Inlining.fst(27,2-30,4): (Warning 252) (Hint-replay failed): could not prove post-condition (see also FStar.HyperStack.ST.fst(261,91-261,115))
Inlining.fst(43,13-46,15): (Warning 252) (Hint-replay failed): could not prove post-condition (see also FStar.HyperStack.ST.fst(261,91-261,115))
C:\build\agent1\_work\1\s\kremlin\kremlib\Spec.Loops.fst(14,8-14,19): (Warning 288) FStar.Seq.Base.createEmpty is deprecated, use Seq.empty instead
C:\build\agent1\_work\1\s\kremlin\kremlib\Spec.Loops.fst(28,31-28,42): (Warning 288) FStar.Seq.Base.createEmpty is deprecated, use Seq.empty instead
C:\build\agent1\_work\1\s\kremlin\kremlib\FStar.Kremlin.Endianness.fst(85,4-85,15): (Warning 288) FStar.Seq.Base.createEmpty is deprecated, use Seq.empty instead
C:\build\agent1\_work\1\s\kremlin\kremlib\FStar.Kremlin.Endianness.fst(105,4-105,15): (Warning 288) FStar.Seq.Base.createEmpty is deprecated, use Seq.empty instead
ValidatedParser.fst(154,2-154,4): (Warning 252) (Hint-replay failed): could not prove post-condition (see also ValidatedParser.fst(150,19-150,34))
(Warning 252) (Hint-replay failed): could not prove post-condition
ValidatedParser.fst(316,3-316,9): (Warning 252) (Hint-replay failed): assertion failed (see also ValidatedParser.fst(316,10-316,40))
SL.ExamplesAuto.fst(78,4-78,6): (Warning 252) (Hint-replay failed): could not prove post-condition (see also SL.ExamplesAuto.fst(77,9-77,36))
SL.ExamplesAuto.fst(325,9-325,12): (Warning 252) (Hint-replay failed): could not prove post-condition (see also SL.ExamplesAuto.fst(324,29-324,32))
Arith.fst(40,4-40,10): (Warning 252) (Hint-replay failed): Could not prove goal #3 (see also Arith.fst(42,49-42,60))
Arith.fst(40,4-40,10): (Warning 252) (Hint-replay failed): Could not prove goal #1 (see also Arith.fst(41,22-41,29))
StringPrinter.Rec.fst(165,2-165,103): (Warning 252) (Hint-replay failed): Subtyping check failed; expected type y: StringPrinter.Base.m tout {y () == f x ()}; got type StringPrinter.Base.m tout (see also StringPrinter.Rec.fst(164,19-164,33))
StringPrinter.Rec.fst(165,2-165,103): (Warning 252) (Hint-replay failed): Subtyping check failed; expected type y: StringPrinter.Base.m tout {y () == f x ()}; got type StringPrinter.Base.m tout (see also StringPrinter.Rec.fst(164,19-164,33))
CanonCommMonoidSimple.fst(116,2-126,58): (Warning 252) (Hint-replay failed): could not prove post-condition (see also CanonCommMonoidSimple.fst(114,15-114,74))
CanonCommMonoid.fst(111,2-121,58): (Warning 252) (Hint-replay failed): could not prove post-condition (see also CanonCommMonoid.fst(109,15-109,74))
CanonCommMonoid.fst(308,25-308,39): (Warning 296) Tactics admitted goal <(a: Prims.int), (b: Prims.int), (c: Prims.int), (d: Prims.int) |- _ : Prims.squash (CM?.mult FStar.Algebra.CommMonoid.int_plus_cm
a
(CM?.mult FStar.Algebra.CommMonoid.int_plus_cm
b
(CM?.mult FStar.Algebra.CommMonoid.int_plus_cm
2
(CM?.mult FStar.Algebra.CommMonoid.int_plus_cm
d
(CM?.mult FStar.Algebra.CommMonoid.int_plus_cm c 1)))) ==
CM?.mult FStar.Algebra.CommMonoid.int_plus_cm
a
(CM?.mult FStar.Algebra.CommMonoid.int_plus_cm
b
(CM?.mult FStar.Algebra.CommMonoid.int_plus_cm
1
(CM?.mult FStar.Algebra.CommMonoid.int_plus_cm
c
(CM?.mult FStar.Algebra.CommMonoid.int_plus_cm d 2)))))>

(see also CanonCommMonoid.fst(226,9-227,47))
IfcExampleReify2.fst(36,81-36,83): (Warning 252) (Hint-replay failed): could not prove post-condition (see also IfcExampleReify2.fst(36,49-36,77))
IfcExampleReify2.fst(41,41-41,57): (Warning 252) (Hint-replay failed): Subtyping check failed; expected type cl:
(WhileReify.com * IfcRulesReify.label)
{ IfcRulesReify.ni_com IfcExampleReify2.env
(FStar.Pervasives.Native.fst cl)
(FStar.Pervasives.Native.snd cl) }; got type WhileReify.com * IfcRulesReify.label (see also IfcTypechecker.fst(74,68-74,96))
IfcExampleReify2.fst(41,41-41,57): (Warning 252) (Hint-replay failed): Subtyping check failed; expected type cl:
(WhileReify.com * IfcRulesReify.label)
{ IfcRulesReify.ni_com IfcExampleReify2.env
(FStar.Pervasives.Native.fst cl)
(FStar.Pervasives.Native.snd cl) }; got type WhileReify.com * IfcRulesReify.label (see also IfcTypechecker.fst(74,68-74,96))
Point.fst(68,4-70,48): (Warning 252) (Hint-replay failed): assertion failed (see also C:\build\agent1\_work\1\s\examples\dm4free\FStar.DM4F.Heap.ST.fst(20,93-20,101))
Point.fst(68,4-70,48): (Warning 252) assertion failed (see also C:\build\agent1\_work\1\s\examples\dm4free\FStar.DM4F.Heap.ST.fst(20,93-20,101))
Point.fst(68,4-70,48): (Warning 252) assertion failed (see also C:\build\agent1\_work\1\s\examples\dm4free\FStar.DM4F.Heap.ST.fst(20,93-20,101))
Point.fst(94,4-97,79): (Warning 252) (Hint-replay failed): assertion failed (see also C:\build\agent1\_work\1\s\examples\dm4free\FStar.DM4F.Heap.ST.fst(20,93-20,101))
Point.fst(94,4-97,79): (Warning 252) assertion failed (see also C:\build\agent1\_work\1\s\examples\dm4free\FStar.DM4F.Heap.ST.fst(20,93-20,101))
Point.fst(94,4-97,79): (Warning 252) assertion failed (see also C:\build\agent1\_work\1\s\examples\dm4free\FStar.DM4F.Heap.ST.fst(20,93-20,101))
Point.fst(117,2-117,8): (Warning 252) (Hint-replay failed): assertion failed (see also Point.fst(117,9-117,68))
Point.fst(68,4-70,48): (Warning 252) (Hint-replay failed): assertion failed (see also C:\build\agent1\_work\1\s\examples\dm4free\FStar.DM4F.Heap.ST.fst(20,93-20,101))
Point.fst(68,4-70,48): (Warning 252) assertion failed (see also C:\build\agent1\_work\1\s\examples\dm4free\FStar.DM4F.Heap.ST.fst(20,93-20,101))
Point.fst(68,4-70,48): (Warning 252) assertion failed (see also C:\build\agent1\_work\1\s\examples\dm4free\FStar.DM4F.Heap.ST.fst(20,93-20,101))
Point.fst(94,4-97,79): (Warning 252) (Hint-replay failed): assertion failed (see also C:\build\agent1\_work\1\s\examples\dm4free\FStar.DM4F.Heap.ST.fst(20,93-20,101))
Point.fst(94,4-97,79): (Warning 252) assertion failed (see also C:\build\agent1\_work\1\s\examples\dm4free\FStar.DM4F.Heap.ST.fst(20,93-20,101))
Point.fst(94,4-97,79): (Warning 252) assertion failed (see also C:\build\agent1\_work\1\s\examples\dm4free\FStar.DM4F.Heap.ST.fst(20,93-20,101))
FStar.Pointer.Base.fst(258,2-258,12): (Warning 252) (Hint-replay failed): Subtyping check failed; expected type FStar.Pointer.Base.type_of_struct_field l f; got type FStar.Pointer.Base.type_of_struct_field' l (fun x -> FStar.Pointer.Base.type_of_typ' x) f (see also FStar.Pointer.Base.fsti(259,50-259,63))
FStar.Pointer.Base.fst(261,13-261,14): (Warning 252) (Hint-replay failed): Subtyping check failed; expected type FStar.Pointer.Base.type_of_struct_field' l (fun x -> FStar.Pointer.Base.type_of_typ' x) f; got type FStar.Pointer.Base.type_of_struct_field l f (see also FStar.Pointer.Base.fst(238,59-238,73))
FStar.Pointer.Base.fst(264,83-264,84): (Warning 252) (Hint-replay failed): Subtyping check failed; expected type k: FStar.Pointer.Base.struct_field l ->
Prims.Tot
(FStar.Pointer.Base.type_of_struct_field' l (fun x -> FStar.Pointer.Base.type_of_typ' x) k); got type fd: FStar.Pointer.Base.struct_field l -> Prims.Tot (FStar.Pointer.Base.type_of_struct_field l fd) (see also FStar.Pointer.Base.fst(264,66-264,80))
FStar.Pointer.Base.fst(266,42-266,44): (Warning 252) (Hint-replay failed): could not prove post-condition (see also FStar.Pointer.Base.fsti(333,2-333,49))
FStar.Pointer.Base.fst(270,30-270,51): (Warning 252) (Hint-replay failed): Subtyping check failed; expected type FStar.Pointer.Base.type_of_struct_field l fd; got type FStar.Pointer.Base.type_of_struct_field' l (fun x -> FStar.Pointer.Base.type_of_typ' x) fd (see also FStar.Pointer.Base.fsti(259,50-259,63))
FStar.Pointer.Base.fst(272,43-272,44): (Warning 252) (Hint-replay failed): Subtyping check failed; expected type FStar.Pointer.Base.type_of_struct_field' l (fun x -> FStar.Pointer.Base.type_of_typ' x) fd; got type FStar.Pointer.Base.type_of_struct_field l fd (see also FStar.Pointer.Base.fst(240,61-240,75))
FStar.Pointer.Base.fst(777,7-777,17): (Warning 252) (Hint-replay failed): assertion failed (see also FStar.DependentMap.fst(105,12-105,25))
FStar.Pointer.Base.fst(992,23-992,24): (Warning 252) (Hint-replay failed): Subtyping check failed; expected type FStar.Pointer.Base.otype_of_struct_field l fd; got type FStar.Pointer.Base.otype_of_typ to (see also FStar.Pointer.Base.fst(945,3-945,4))
FStar.Pointer.Base.fst(1204,15-1204,40): (Warning 252) (Hint-replay failed): Subtyping check failed; expected type p2: FStar.Pointer.Base.path from to {FStar.Pointer.Base.path_includes p p2}; got type FStar.Pointer.Base.path from to (see also FStar.Pointer.Base.fst(1197,26-1197,45))
FStar.Pointer.Base.fst(3607,18-3607,20): (Warning 252) (Hint-replay failed): could not prove post-condition (see also FStar.ModifiesGen.fsti(28,4-28,23))
FStar.Pointer.Base.fst(3672,5-3672,22): (Warning 252) (Hint-replay failed): assertion failed (see also FStar.ModifiesGen.fsti(252,12-252,35))
FStar.Pointer.Base.fst(3678,5-3678,22): (Warning 252) (Hint-replay failed): assertion failed (see also FStar.ModifiesGen.fsti(252,12-252,35))
FStar.Pointer.Base.fst(3870,18-3870,20): (Warning 252) (Hint-replay failed): could not prove post-condition (see also FStar.ModifiesGen.fsti(478,14-478,30))
FStar.Pointer.Base.fst(3883,4-3885,56): (Warning 252) (Hint-replay failed): could not prove post-condition (see also FStar.Pointer.Base.fst(3882,12-3882,83))
FStar.Pointer.Base.fst(3904,2-3904,8): (Warning 252) (Hint-replay failed): assertion failed (see also FStar.Pointer.Base.fst(3904,9-3904,100))
FStar.Pointer.Base.fst(4033,4-4035,36): (Warning 252) (Hint-replay failed): could not prove post-condition (see also FStar.Pointer.Base.fst(4031,4-4031,24))
FStar.Pointer.Base.fst(4149,5-4149,28): (Warning 252) (Hint-replay failed): assertion failed (see also FStar.ModifiesGen.fsti(357,40-357,61))
FStar.Pointer.Base.fst(4152,5-4152,28): (Warning 252) (Hint-replay failed): assertion failed (see also FStar.ModifiesGen.fsti(357,40-357,61))
C:\build\agent1\_work\1\s\kremlin\kremlib\FStar.Kremlin.Endianness.fst(85,4-85,15): (Warning 288) FStar.Seq.Base.createEmpty is deprecated, use Seq.empty instead
C:\build\agent1\_work\1\s\kremlin\kremlib\FStar.Kremlin.Endianness.fst(105,4-105,15): (Warning 288) FStar.Seq.Base.createEmpty is deprecated, use Seq.empty instead
C:\build\agent1\_work\1\s\hacl-star\code\lib\kremlin\FStar.Endianness.fst(190,8-190,19): (Warning 288) FStar.Seq.Base.createEmpty is deprecated, use Seq.empty instead
C:\build\agent1\_work\1\s\hacl-star\code\lib\kremlin\FStar.Endianness.fst(309,16-309,27): (Warning 288) FStar.Seq.Base.createEmpty is deprecated, use Seq.empty instead
C:\build\agent1\_work\1\s\hacl-star\code\lib\kremlin\FStar.Endianness.fst(330,16-330,27): (Warning 288) FStar.Seq.Base.createEmpty is deprecated, use Seq.empty instead
C:\build\agent1\_work\1\s\hacl-star\code\lib\kremlin\FStar.Endianness.fst(354,8-354,19): (Warning 288) FStar.Seq.Base.createEmpty is deprecated, use Seq.empty instead
C:\build\agent1\_work\1\s\hacl-star\code\lib\kremlin\Hacl.Spec.Endianness.fst(48,31-48,42): (Warning 288) FStar.Seq.Base.createEmpty is deprecated, use Seq.empty instead
C:\build\agent1\_work\1\s\kremlin\kremlib\Spec.Loops.fst(14,8-14,19): (Warning 288) FStar.Seq.Base.createEmpty is deprecated, use Seq.empty instead
C:\build\agent1\_work\1\s\kremlin\kremlib\Spec.Loops.fst(28,31-28,42): (Warning 288) FStar.Seq.Base.createEmpty is deprecated, use Seq.empty instead
C:\build\agent1\_work\1\s\hacl-star\specs\Spec.Lib.fst(109,18-109,29): (Warning 288) FStar.Seq.Base.createEmpty is deprecated, use Seq.empty instead
C:\build\agent1\_work\1\s\hacl-star\specs\Spec.Lib.fst(126,18-126,29): (Warning 288) FStar.Seq.Base.createEmpty is deprecated, use Seq.empty instead
C:\build\agent1\_work\1\s\hacl-star\specs\Spec.Lib.fst(135,18-135,29): (Warning 288) FStar.Seq.Base.createEmpty is deprecated, use Seq.empty instead
C:\build\agent1\_work\1\s\hacl-star\specs\Spec.Lib.fst(143,18-143,29): (Warning 288) FStar.Seq.Base.createEmpty is deprecated, use Seq.empty instead
C:\build\agent1\_work\1\s\hacl-star\specs\Spec.Lib.fst(153,18-153,29): (Warning 288) FStar.Seq.Base.createEmpty is deprecated, use Seq.empty instead
C:\build\agent1\_work\1\s\hacl-star\specs\Spec.Lib.fst(161,18-161,29): (Warning 288) FStar.Seq.Base.createEmpty is deprecated, use Seq.empty instead
C:\build\agent1\_work\1\s\hacl-star\specs\Spec.Lib.fst(170,18-170,29): (Warning 288) FStar.Seq.Base.createEmpty is deprecated, use Seq.empty instead
C:\build\agent1\_work\1\s\hacl-star\specs\Spec.Lib.fst(178,18-178,29): (Warning 288) FStar.Seq.Base.createEmpty is deprecated, use Seq.empty instead
C:\build\agent1\_work\1\s\hacl-star\specs\Spec.Lib.fst(189,32-189,43): (Warning 288) FStar.Seq.Base.createEmpty is deprecated, use Seq.empty instead
C:\build\agent1\_work\1\s\hacl-star\specs\Spec.Lib.fst(199,30-199,41): (Warning 288) FStar.Seq.Base.createEmpty is deprecated, use Seq.empty instead
C:\build\agent1\_work\1\s\hacl-star\specs\Spec.Lib.fst(208,32-208,43): (Warning 288) FStar.Seq.Base.createEmpty is deprecated, use Seq.empty instead
C:\build\agent1\_work\1\s\hacl-star\specs\Spec.Lib.fst(218,30-218,41): (Warning 288) FStar.Seq.Base.createEmpty is deprecated, use Seq.empty instead
C:\build\agent1\_work\1\s\hacl-star\specs\Spec.Lib.fst(227,32-227,43): (Warning 288) FStar.Seq.Base.createEmpty is deprecated, use Seq.empty instead
C:\build\agent1\_work\1\s\hacl-star\specs\Spec.Lib.fst(237,30-237,41): (Warning 288) FStar.Seq.Base.createEmpty is deprecated, use Seq.empty instead
C:\build\agent1\_work\1\s\hacl-star\specs\Spec.Lib.fst(282,35-282,46): (Warning 288) FStar.Seq.Base.createEmpty is deprecated, use Seq.empty instead
C:\build\agent1\_work\1\s\hacl-star\specs\Spec.Lib.fst(331,37-331,48): (Warning 288) FStar.Seq.Base.createEmpty is deprecated, use Seq.empty instead
C:\build\agent1\_work\1\s\hacl-star\specs\Spec.Lib.fst(362,65-362,76): (Warning 288) FStar.Seq.Base.createEmpty is deprecated, use Seq.empty instead
C:\build\agent1\_work\1\s\hacl-star\specs\Spec.Lib.fst(363,45-363,56): (Warning 288) FStar.Seq.Base.createEmpty is deprecated, use Seq.empty instead
C:\build\agent1\_work\1\s\hacl-star\specs\Spec.Lib.fst(388,55-388,66): (Warning 288) FStar.Seq.Base.createEmpty is deprecated, use Seq.empty instead
C:\build\agent1\_work\1\s\hacl-star\specs\Spec.Lib.fst(389,43-389,54): (Warning 288) FStar.Seq.Base.createEmpty is deprecated, use Seq.empty instead
C:\build\agent1\_work\1\s\hacl-star\specs\Spec.SHA2_256.fst(336,28-336,39): (Warning 288) FStar.Seq.Base.createEmpty is deprecated, use Seq.empty instead
Hacl.Hash.Lib.LoadStore.fst(64,60-64,71): (Warning 288) FStar.Seq.Base.createEmpty is deprecated, use Seq.empty instead
Hacl.Hash.Lib.LoadStore.fst(121,60-121,71): (Warning 288) FStar.Seq.Base.createEmpty is deprecated, use Seq.empty instead
Hacl.Hash.Lib.LoadStore.fst(170,60-170,71): (Warning 288) FStar.Seq.Base.createEmpty is deprecated, use Seq.empty instead
Hacl.Hash.Lib.LoadStore.fst(226,60-226,71): (Warning 288) FStar.Seq.Base.createEmpty is deprecated, use Seq.empty instead
Hacl.Impl.SHA2_256.fst(1012,11-1012,25): (Warning 271) Pattern FStar.Seq.Base.index (if FStar.UInt32.lt len (FStar.UInt32.uint_to_t 56)
then
FStar.Seq.Base.create (FStar.UInt32.v Hacl.Impl.SHA2_256.size_block) (FStar.UInt8.uint_to_t 0)
else
FStar.Seq.Base.create (FStar.UInt32.v Hacl.Impl.SHA2_256.size_block +
FStar.UInt32.v Hacl.Impl.SHA2_256.size_block)
(FStar.UInt8.uint_to_t 0))
i contains illegal sub-term ((ite (= (BoundV 0) (BoxBool (true ))) (FStar.Seq.Base.create (FreeV FStar.UInt8.t) (FStar.UInt32.v (FreeV Hacl.Impl.SHA2_256.size_block)) (FStar.UInt8.uint_to_t (BoxInt (Integer 0)))) (FStar.Seq.Base.create (FreeV FStar.UInt8.t) (Prims.op_Addition (FStar.UInt32.v (FreeV Hacl.Impl.SHA2_256.size_block)) (FStar.UInt32.v (FreeV Hacl.Impl.SHA2_256.size_block))) (FStar.UInt8.uint_to_t (BoxInt (Integer 0)))))); dropping it (see also FStar.Seq.Base.fst(215,73-215,85))
Hacl.Impl.SHA2_256.fst(1016,11-1016,25): (Warning 271) Pattern FStar.Seq.Base.index (FStar.Seq.Base.create (FStar.UInt32.v (if
FStar.UInt32.lt len (FStar.UInt32.uint_to_t 56)
then FStar.UInt32.uint_to_t 1 <: Prims.Tot FStar.UInt32.t
else FStar.UInt32.uint_to_t 2 <: Prims.Tot FStar.UInt32.t) *
FStar.UInt32.v Hacl.Impl.SHA2_256.size_block)
(FStar.UInt8.uint_to_t 0))
i contains illegal sub-term ((ite (= (BoundV 0) (BoxBool (true ))) (FStar.UInt32.uint_to_t (BoxInt (Integer 1))) (FStar.UInt32.uint_to_t (BoxInt (Integer 2))))); dropping it (see also FStar.Seq.Base.fst(215,73-215,85))
Hacl.Impl.SHA2_256.fst(1052,11-1052,25): (Warning 271) Pattern FStar.Seq.Base.index (FStar.Seq.Base.slice (FStar.Buffer.as_seq a return_val)
(FStar.UInt32.v len)
(FStar.UInt32.v (if FStar.UInt32.lt len (FStar.UInt32.uint_to_t 56)
then FStar.UInt32.uint_to_t 1 <: Prims.Tot FStar.UInt32.t
else FStar.UInt32.uint_to_t 2 <: Prims.Tot FStar.UInt32.t) *
FStar.UInt32.v Hacl.Impl.SHA2_256.size_block))
i contains illegal sub-term ((ite (= (BoundV 0) (BoxBool (true ))) (FStar.UInt32.uint_to_t (BoxInt (Integer 1))) (FStar.UInt32.uint_to_t (BoxInt (Integer 2))))); dropping it (see also FStar.Seq.Base.fst(215,73-215,85))
Hacl.Impl.SHA2_256.fst(1053,11-1053,25): (Warning 271) Pattern FStar.Seq.Base.index (FStar.Seq.Base.slice (FStar.Buffer.as_seq a return_val)
(FStar.UInt32.v len)
(FStar.UInt32.v (if FStar.UInt32.lt len (FStar.UInt32.uint_to_t 56)
then FStar.UInt32.uint_to_t 1 <: Prims.Tot FStar.UInt32.t
else FStar.UInt32.uint_to_t 2 <: Prims.Tot FStar.UInt32.t) *
FStar.UInt32.v Hacl.Impl.SHA2_256.size_block))
i contains illegal sub-term ((ite (= (BoundV 0) (BoxBool (true ))) (FStar.UInt32.uint_to_t (BoxInt (Integer 1))) (FStar.UInt32.uint_to_t (BoxInt (Integer 2))))); dropping it (see also FStar.Seq.Base.fst(215,73-215,85))
<dummy>(0,0-0,0): (Warning 252) (Hint-replay failed): Could not prove goal #6 (see also SL.Examples.fst(18,14-18,33))
<dummy>(0,0-0,0): (Warning 252) (Hint-replay failed): Could not prove goal #5 (see also SL.Examples.fst(308,20-308,29))
<dummy>(0,0-0,0): (Warning 252) (Hint-replay failed): Could not prove goal #3 (see also SL.Examples.fst(18,14-18,33))
SL.Examples.fst(373,9-373,12): (Warning 252) (Hint-replay failed): could not prove post-condition (see also SL.Examples.fst(371,45-371,48))
SL.Examples.fst(379,9-379,12): (Warning 252) (Hint-replay failed): could not prove post-condition (see also SL.Examples.fst(377,29-377,32))
<dummy>(0,0-0,0): (Warning 252) (Hint-replay failed): Could not prove goal #12 (see also SL.Examples.fst(18,14-18,33))
<dummy>(0,0-0,0): (Warning 252) (Hint-replay failed): Could not prove goal #11 (see also SL.Examples.fst(308,20-308,29))
<dummy>(0,0-0,0): (Warning 252) (Hint-replay failed): Could not prove goal #10 (see also SL.Examples.fst(18,14-18,33))
<dummy>(0,0-0,0): (Warning 252) (Hint-replay failed): Could not prove goal #9 (see also SL.Examples.fst(18,14-18,33))
<dummy>(0,0-0,0): (Warning 252) (Hint-replay failed): Could not prove goal #8 (see also SL.Examples.fst(18,14-18,33))
<dummy>(0,0-0,0): (Warning 252) (Hint-replay failed): Could not prove goal #7 (see also SL.Examples.fst(308,20-308,29))
<dummy>(0,0-0,0): (Warning 252) (Hint-replay failed): Could not prove goal #6 (see also SL.Examples.fst(18,14-18,33))
<dummy>(0,0-0,0): (Warning 252) (Hint-replay failed): Could not prove goal #5 (see also SL.Examples.fst(18,14-18,33))
<dummy>(0,0-0,0): (Warning 252) (Hint-replay failed): Could not prove goal #4 (see also SL.Examples.fst(308,20-308,29))
<dummy>(0,0-0,0): (Warning 252) (Hint-replay failed): Could not prove goal #3 (see also SL.Examples.fst(18,14-18,33))
<dummy>(0,0-0,0): (Warning 252) (Hint-replay failed): Could not prove goal #1 (see also SL.Examples.fst(18,37-18,52))
<dummy>(0,0-0,0): (Warning 252) (Hint-replay failed): Could not prove goal #52 (see also SL.Examples.fst(18,37-18,52))
<dummy>(0,0-0,0): (Warning 252) (Hint-replay failed): Could not prove goal #26 (see also SL.Examples.fst(18,37-18,52))
<dummy>(0,0-0,0): (Warning 252) (Hint-replay failed): Could not prove goal #1 (see also SL.Examples.fst(18,37-18,52))
<dummy>(0,0-0,0): (Warning 252) (Hint-replay failed): Could not prove goal #28 (see also SL.Examples.fst(18,37-18,52))
<dummy>(0,0-0,0): (Warning 252) (Hint-replay failed): Could not prove goal #14 (see also SL.Examples.fst(716,4-716,19))
C:/build/agent1/_work/1/s/hacl-star/secure_api/Crypto.AEAD.Main.fsti(167,44-167,55): (Warning 288) FStar.Seq.Base.createEmpty is deprecated, use Seq.empty instead
FStar.Tactics.Simplifier.fst(277,18-277,23): (Warning 296) Tactics admitted goal <(r: FStar.ST.ref Prims.int) |- _ : Prims.squash (forall (x: FStar.Pervasives.st_post_h FStar.Monotonic.Heap.heap Prims.unit)
(x: FStar.Monotonic.Heap.heap).
(forall (x: Prims.unit) (x: FStar.Monotonic.Heap.heap). Prims.auto_squash (x x x)) ==>
FStar.Heap.trivial_preorder Prims.int (FStar.Monotonic.Heap.sel x r) 0 /\
(forall (x: Prims.unit)
(x:
_:
FStar.Monotonic.Heap.heap
{FStar.Heap.trivial_preorder Prims.int (FStar.Monotonic.Heap.sel x r) 0}).
FStar.Heap.trivial_preorder Prims.int (FStar.Monotonic.Heap.sel x r) 0 /\
FStar.Monotonic.Heap.contains x r /\
FStar.Monotonic.Heap.modifies (FStar.Set.singleton (FStar.Monotonic.Heap.addr_of r)) x x /\
FStar.Monotonic.Heap.equal_dom x x /\ FStar.Monotonic.Heap.sel x r == 0 ==>
FStar.Heap.trivial_preorder Prims.int (FStar.Monotonic.Heap.sel x r) 1 /\
(forall (x: Prims.unit)
(x:
_:
FStar.Monotonic.Heap.heap
{FStar.Heap.trivial_preorder Prims.int (FStar.Monotonic.Heap.sel x r) 1}).
FStar.Heap.trivial_preorder Prims.int (FStar.Monotonic.Heap.sel x r) 1 /\
FStar.Monotonic.Heap.contains x r /\
FStar.Monotonic.Heap.modifies (FStar.Set.singleton (FStar.Monotonic.Heap.addr_of r))
x
x /\ FStar.Monotonic.Heap.equal_dom x x /\ FStar.Monotonic.Heap.sel x r == 1 ==>
FStar.Heap.trivial_preorder Prims.int (FStar.Monotonic.Heap.sel x r) 2 /\
(forall (x: Prims.unit)
(x:
_:
FStar.Monotonic.Heap.heap
{FStar.Heap.trivial_preorder Prims.int (FStar.Monotonic.Heap.sel x r) 2}).
FStar.Heap.trivial_preorder Prims.int (FStar.Monotonic.Heap.sel x r) 2 /\
FStar.Monotonic.Heap.contains x r /\
FStar.Monotonic.Heap.modifies (FStar.Set.singleton (FStar.Monotonic.Heap.addr_of r
))
x
x /\ FStar.Monotonic.Heap.equal_dom x x /\ FStar.Monotonic.Heap.sel x r == 2 ==>
FStar.Heap.trivial_preorder Prims.int (FStar.Monotonic.Heap.sel x r) 3 /\
(forall (x: Prims.unit)
(x:
_:
FStar.Monotonic.Heap.heap
{FStar.Heap.trivial_preorder Prims.int (FStar.Monotonic.Heap.sel x r) 3}).
FStar.Heap.trivial_preorder Prims.int (FStar.Monotonic.Heap.sel x r) 3 /\
FStar.Monotonic.Heap.contains x r /\
FStar.Monotonic.Heap.modifies (FStar.Set.singleton (FStar.Monotonic.Heap.addr_of 
r))
x
x /\ FStar.Monotonic.Heap.equal_dom x x /\ FStar.Monotonic.Heap.sel x r == 3 ==>
x x x)))))>

(see also FStar.Tactics.Simplifier.fst(273,55-273,63))
FStar.Tactics.Simplifier.fst(277,18-277,23): (Warning 296) Tactics admitted goal <(r: FStar.ST.ref Prims.int) |- _ : Prims.squash (forall (x: FStar.Pervasives.st_post_h FStar.Monotonic.Heap.heap Prims.unit)
(x: FStar.Monotonic.Heap.heap).
(forall (x: Prims.unit) (x: FStar.Monotonic.Heap.heap). Prims.auto_squash (x x x)) ==>
FStar.Heap.trivial_preorder Prims.int (FStar.Monotonic.Heap.sel x r) 0 /\
(forall (x: Prims.unit)
(x:
_:
FStar.Monotonic.Heap.heap
{FStar.Heap.trivial_preorder Prims.int (FStar.Monotonic.Heap.sel x r) 0}).
FStar.Heap.trivial_preorder Prims.int (FStar.Monotonic.Heap.sel x r) 0 /\
FStar.Monotonic.Heap.contains x r /\
FStar.Monotonic.Heap.modifies (FStar.Set.singleton (FStar.Monotonic.Heap.addr_of r)) x x /\
FStar.Monotonic.Heap.equal_dom x x /\ FStar.Monotonic.Heap.sel x r == 0 ==>
FStar.Heap.trivial_preorder Prims.int (FStar.Monotonic.Heap.sel x r) 1 /\
(forall (x: Prims.unit)
(x:
_:
FStar.Monotonic.Heap.heap
{FStar.Heap.trivial_preorder Prims.int (FStar.Monotonic.Heap.sel x r) 1}).
FStar.Heap.trivial_preorder Prims.int (FStar.Monotonic.Heap.sel x r) 1 /\
FStar.Monotonic.Heap.contains x r /\
FStar.Monotonic.Heap.modifies (FStar.Set.singleton (FStar.Monotonic.Heap.addr_of r))
x
x /\ FStar.Monotonic.Heap.equal_dom x x /\ FStar.Monotonic.Heap.sel x r == 1 ==>
FStar.Heap.trivial_preorder Prims.int (FStar.Monotonic.Heap.sel x r) 2 /\
(forall (x: Prims.unit)
(x:
_:
FStar.Monotonic.Heap.heap
{FStar.Heap.trivial_preorder Prims.int (FStar.Monotonic.Heap.sel x r) 2}).
FStar.Heap.trivial_preorder Prims.int (FStar.Monotonic.Heap.sel x r) 2 /\
FStar.Monotonic.Heap.contains x r /\
FStar.Monotonic.Heap.modifies (FStar.Set.singleton (FStar.Monotonic.Heap.addr_of r
))
x
x /\ FStar.Monotonic.Heap.equal_dom x x /\ FStar.Monotonic.Heap.sel x r == 2 ==>
FStar.Heap.trivial_preorder Prims.int (FStar.Monotonic.Heap.sel x r) 3 /\
(forall (x: Prims.unit)
(x:
_:
FStar.Monotonic.Heap.heap
{FStar.Heap.trivial_preorder Prims.int (FStar.Monotonic.Heap.sel x r) 3}).
FStar.Heap.trivial_preorder Prims.int (FStar.Monotonic.Heap.sel x r) 3 /\
FStar.Monotonic.Heap.contains x r /\
FStar.Monotonic.Heap.modifies (FStar.Set.singleton (FStar.Monotonic.Heap.addr_of 
r))
x
x /\ FStar.Monotonic.Heap.equal_dom x x /\ FStar.Monotonic.Heap.sel x r == 3 ==>
FStar.Heap.trivial_preorder Prims.int (FStar.Monotonic.Heap.sel x r) 4 /\
(forall (x: Prims.unit)
(x:
_:
FStar.Monotonic.Heap.heap
{FStar.Heap.trivial_preorder Prims.int (FStar.Monotonic.Heap.sel x r) 4})
.
FStar.Heap.trivial_preorder Prims.int (FStar.Monotonic.Heap.sel x r) 4 /\
FStar.Monotonic.Heap.contains x r /\
FStar.Monotonic.Heap.modifies (FStar.Set.singleton (FStar.Monotonic.Heap.addr_of 
r))
x
x /\ FStar.Monotonic.Heap.equal_dom x x /\
FStar.Monotonic.Heap.sel x r == 4 ==>
FStar.Heap.trivial_preorder Prims.int (FStar.Monotonic.Heap.sel x r) 5 /\
(forall (x: Prims.unit)
(x:
_:
FStar.Monotonic.Heap.heap
{ FStar.Heap.trivial_preorder Prims.int
(FStar.Monotonic.Heap.sel x r)
5 }).
FStar.Heap.trivial_preorder Prims.int (FStar.Monotonic.Heap.sel x r) 5 /\
FStar.Monotonic.Heap.contains x r /\
FStar.Monotonic.Heap.modifies (FStar.Set.singleton (FStar.Monotonic.Heap.addr_of 
r))
x
x /\ FStar.Monotonic.Heap.equal_dom x x /\
FStar.Monotonic.Heap.sel x r == 5 ==>
FStar.Heap.trivial_preorder Prims.int (FStar.Monotonic.Heap.sel x r) 6 /\
(forall (x: Prims.unit)
(x:
_:
FStar.Monotonic.Heap.heap
{ FStar.Heap.trivial_preorder Prims.int
(FStar.Monotonic.Heap.sel x r)
6 }).
FStar.Heap.trivial_preorder Prims.int
(FStar.Monotonic.Heap.sel x r)
6 /\ FStar.Monotonic.Heap.contains x r /\
FStar.Monotonic.Heap.modifies (FStar.Set.singleton (FStar.Monotonic.Heap.addr_of 
r))
x
x /\ FStar.Monotonic.Heap.equal_dom x x /\
FStar.Monotonic.Heap.sel x r == 6 ==>
FStar.Heap.trivial_preorder Prims.int
(FStar.Monotonic.Heap.sel x r)
7 /\
(forall (x: Prims.unit)
(x:
_:
FStar.Monotonic.Heap.heap
{ FStar.Heap.trivial_preorder Prims.int
(FStar.Monotonic.Heap.sel x r)
7 }).
FStar.Heap.trivial_preorder Prims.int
(FStar.Monotonic.Heap.sel x r)
7 /\ FStar.Monotonic.Heap.contains x r /\
FStar.Monotonic.Heap.modifies (FStar.Set.singleton (FStar.Monotonic.Heap.addr_of 
r))
x
x /\ FStar.Monotonic.Heap.equal_dom x x /\
FStar.Monotonic.Heap.sel x r == 7 ==>
FStar.Heap.trivial_preorder Prims.int
(FStar.Monotonic.Heap.sel x r)
8 /\
(forall (x: Prims.unit)
(x:
_:
FStar.Monotonic.Heap.heap
{ FStar.Heap.trivial_preorder Prims.int
(FStar.Monotonic.Heap.sel x r)
8 }).
FStar.Heap.trivial_preorder Prims.int
(FStar.Monotonic.Heap.sel x r)
8 /\ FStar.Monotonic.Heap.contains x r /\
FStar.Monotonic.Heap.modifies (FStar.Set.singleton (FStar.Monotonic.Heap.addr_of 
r))
x
x /\ FStar.Monotonic.Heap.equal_dom x x /\
FStar.Monotonic.Heap.sel x r == 8 ==>
FStar.Heap.trivial_preorder Prims.int
(FStar.Monotonic.Heap.sel x r)
9 /\
(forall (x: Prims.unit)
(x:
_:
FStar.Monotonic.Heap.heap
{ FStar.Heap.trivial_preorder Prims.int
(FStar.Monotonic.Heap.sel x r)
9 }).
FStar.Heap.trivial_preorder Prims.int
(FStar.Monotonic.Heap.sel x r)
9 /\ FStar.Monotonic.Heap.contains x r /\
FStar.Monotonic.Heap.modifies (FStar.Set.singleton (FStar.Monotonic.Heap.addr_of 
r))
x
x /\ FStar.Monotonic.Heap.equal_dom x x /\
FStar.Monotonic.Heap.sel x r == 9 ==>
FStar.Heap.trivial_preorder Prims.int
(FStar.Monotonic.Heap.sel x r)
10 /\
(forall (x: Prims.unit)
(x:
_:
FStar.Monotonic.Heap.heap
{ FStar.Heap.trivial_preorder Prims.int
(FStar.Monotonic.Heap.sel x r)
10 }).
FStar.Heap.trivial_preorder Prims.int
(FStar.Monotonic.Heap.sel x r)
10 /\ FStar.Monotonic.Heap.contains x r /\
FStar.Monotonic.Heap.modifies (FStar.Set.singleton 
(FStar.Monotonic.Heap.addr_of r))
x
x /\ FStar.Monotonic.Heap.equal_dom x x /\
FStar.Monotonic.Heap.sel x r == 10 ==>
x x x))))))))))))>

(see also FStar.Tactics.Simplifier.fst(273,55-273,63))
StringPrinter.RecC.fst(70,2-83,24): (Warning 252) (Hint-replay failed): could not prove post-condition (see also StringPrinter.RecC.fst(65,4-65,81))
StringPrinter.RecC.fst(70,2-83,24): (Warning 252) could not prove post-condition (see also StringPrinter.RecC.fst(67,9-67,91))
StringPrinter.RecC.fst(229,8-229,14): (Warning 252) (Hint-replay failed): assertion failed (see also StringPrinter.RecC.fst(229,15-229,24))
StringPrinter.RecC.fst(70,2-83,24): (Warning 252) (Hint-replay failed): could not prove post-condition (see also StringPrinter.RecC.fst(65,4-65,81))
StringPrinter.RecC.fst(70,2-83,24): (Warning 252) could not prove post-condition (see also StringPrinter.RecC.fst(67,9-67,91))
StringPrinter.RecC.fst(247,2-265,5): (Warning 252) (Hint-replay failed): could not prove post-condition (see also StringPrinter.Base.fst(523,4-523,26))
Content.fst(47,32-47,43): (Warning 288) FStar.Seq.Base.createEmpty is deprecated, use Seq.empty instead
StreamAE.fst(106,30-106,41): (Warning 288) FStar.Seq.Base.createEmpty is deprecated, use Seq.empty instead
StreamAE.fst(125,65-125,76): (Warning 288) FStar.Seq.Base.createEmpty is deprecated, use Seq.empty instead
make[1]: *** [Makefile.common:125: cache/Model/StreamAE.fst.checked] Terminated
make: *** [Makefile:49: StreamAE.fst-ver] Terminated
C:\build\agent1\_work\1\s\hacl-star\secure_api\aead\Crypto.AEAD.BufferUtils.fst(86,7-86,24): (Warning 288) FStar.Monotonic.HyperStack.is_eternal_region is deprecated, use FStar.HyperStack.ST.is_eternal_region instead
C:\build\agent1\_work\1\s\hacl-star\secure_api\aead\Crypto.AEAD.BufferUtils.fst(87,7-87,24): (Warning 288) FStar.Monotonic.HyperStack.is_eternal_region is deprecated, use FStar.HyperStack.ST.is_eternal_region instead
C:\build\agent1\_work\1\s\hacl-star\secure_api\aead\Crypto.AEAD.BufferUtils.fst(126,7-126,24): (Warning 288) FStar.Monotonic.HyperStack.is_eternal_region is deprecated, use FStar.HyperStack.ST.is_eternal_region instead
C:\build\agent1\_work\1\s\hacl-star\secure_api\aead\Crypto.AEAD.BufferUtils.fst(127,7-127,24): (Warning 288) FStar.Monotonic.HyperStack.is_eternal_region is deprecated, use FStar.HyperStack.ST.is_eternal_region instead
C:\build\agent1\_work\1\s\kremlin\kremlib\Spec.Loops.fst(14,8-14,19): (Warning 288) FStar.Seq.Base.createEmpty is deprecated, use Seq.empty instead
C:\build\agent1\_work\1\s\kremlin\kremlib\Spec.Loops.fst(28,31-28,42): (Warning 288) FStar.Seq.Base.createEmpty is deprecated, use Seq.empty instead
C:\build\agent1\_work\1\s\hacl-star\code\lib\kremlin\FStar.Endianness.fst(190,8-190,19): (Warning 288) FStar.Seq.Base.createEmpty is deprecated, use Seq.empty instead
C:\build\agent1\_work\1\s\hacl-star\code\lib\kremlin\FStar.Endianness.fst(309,16-309,27): (Warning 288) FStar.Seq.Base.createEmpty is deprecated, use Seq.empty instead
C:\build\agent1\_work\1\s\hacl-star\code\lib\kremlin\FStar.Endianness.fst(330,16-330,27): (Warning 288) FStar.Seq.Base.createEmpty is deprecated, use Seq.empty instead
C:\build\agent1\_work\1\s\hacl-star\code\lib\kremlin\FStar.Endianness.fst(354,8-354,19): (Warning 288) FStar.Seq.Base.createEmpty is deprecated, use Seq.empty instead
C:\build\agent1\_work\1\s\hacl-star\specs\Spec.Lib.fst(109,18-109,29): (Warning 288) FStar.Seq.Base.createEmpty is deprecated, use Seq.empty instead
C:\build\agent1\_work\1\s\hacl-star\specs\Spec.Lib.fst(126,18-126,29): (Warning 288) FStar.Seq.Base.createEmpty is deprecated, use Seq.empty instead
C:\build\agent1\_work\1\s\hacl-star\specs\Spec.Lib.fst(135,18-135,29): (Warning 288) FStar.Seq.Base.createEmpty is deprecated, use Seq.empty instead
C:\build\agent1\_work\1\s\hacl-star\specs\Spec.Lib.fst(143,18-143,29): (Warning 288) FStar.Seq.Base.createEmpty is deprecated, use Seq.empty instead
C:\build\agent1\_work\1\s\hacl-star\specs\Spec.Lib.fst(153,18-153,29): (Warning 288) FStar.Seq.Base.createEmpty is deprecated, use Seq.empty instead
C:\build\agent1\_work\1\s\hacl-star\specs\Spec.Lib.fst(161,18-161,29): (Warning 288) FStar.Seq.Base.createEmpty is deprecated, use Seq.empty instead
C:\build\agent1\_work\1\s\hacl-star\specs\Spec.Lib.fst(170,18-170,29): (Warning 288) FStar.Seq.Base.createEmpty is deprecated, use Seq.empty instead
C:\build\agent1\_work\1\s\hacl-star\specs\Spec.Lib.fst(178,18-178,29): (Warning 288) FStar.Seq.Base.createEmpty is deprecated, use Seq.empty instead
C:\build\agent1\_work\1\s\hacl-star\specs\Spec.Lib.fst(189,32-189,43): (Warning 288) FStar.Seq.Base.createEmpty is deprecated, use Seq.empty instead
C:\build\agent1\_work\1\s\hacl-star\specs\Spec.Lib.fst(199,30-199,41): (Warning 288) FStar.Seq.Base.createEmpty is deprecated, use Seq.empty instead
C:\build\agent1\_work\1\s\hacl-star\specs\Spec.Lib.fst(208,32-208,43): (Warning 288) FStar.Seq.Base.createEmpty is deprecated, use Seq.empty instead
C:\build\agent1\_work\1\s\hacl-star\specs\Spec.Lib.fst(218,30-218,41): (Warning 288) FStar.Seq.Base.createEmpty is deprecated, use Seq.empty instead
C:\build\agent1\_work\1\s\hacl-star\specs\Spec.Lib.fst(227,32-227,43): (Warning 288) FStar.Seq.Base.createEmpty is deprecated, use Seq.empty instead
C:\build\agent1\_work\1\s\hacl-star\specs\Spec.Lib.fst(237,30-237,41): (Warning 288) FStar.Seq.Base.createEmpty is deprecated, use Seq.empty instead
C:\build\agent1\_work\1\s\hacl-star\specs\Spec.Lib.fst(282,35-282,46): (Warning 288) FStar.Seq.Base.createEmpty is deprecated, use Seq.empty instead
C:\build\agent1\_work\1\s\hacl-star\specs\Spec.Lib.fst(331,37-331,48): (Warning 288) FStar.Seq.Base.createEmpty is deprecated, use Seq.empty instead
C:\build\agent1\_work\1\s\hacl-star\specs\Spec.Lib.fst(362,65-362,76): (Warning 288) FStar.Seq.Base.createEmpty is deprecated, use Seq.empty instead
C:\build\agent1\_work\1\s\hacl-star\specs\Spec.Lib.fst(363,45-363,56): (Warning 288) FStar.Seq.Base.createEmpty is deprecated, use Seq.empty instead
C:\build\agent1\_work\1\s\hacl-star\specs\Spec.Lib.fst(388,55-388,66): (Warning 288) FStar.Seq.Base.createEmpty is deprecated, use Seq.empty instead
C:\build\agent1\_work\1\s\hacl-star\specs\Spec.Lib.fst(389,43-389,54): (Warning 288) FStar.Seq.Base.createEmpty is deprecated, use Seq.empty instead
C:\build\agent1\_work\1\s\hacl-star\code\salsa-family\Hacl.Impl.Xor.Lemmas.fst(19,65-19,76): (Warning 288) FStar.Seq.Base.createEmpty is deprecated, use Seq.empty instead
C:\build\agent1\_work\1\s\hacl-star\specs\Spec.CTR.fst(41,22-41,33): (Warning 288) FStar.Seq.Base.createEmpty is deprecated, use Seq.empty instead
C:\build\agent1\_work\1\s\hacl-star\specs\Spec.CTR.fst(82,9-82,20): (Warning 288) FStar.Seq.Base.createEmpty is deprecated, use Seq.empty instead
C:\build\agent1\_work\1\s\kremlin\kremlib\FStar.Kremlin.Endianness.fst(85,4-85,15): (Warning 288) FStar.Seq.Base.createEmpty is deprecated, use Seq.empty instead
C:\build\agent1\_work\1\s\kremlin\kremlib\FStar.Kremlin.Endianness.fst(105,4-105,15): (Warning 288) FStar.Seq.Base.createEmpty is deprecated, use Seq.empty instead
C:\build\agent1\_work\1\s\hacl-star\code\lib\kremlin\Hacl.Spec.Endianness.fst(48,31-48,42): (Warning 288) FStar.Seq.Base.createEmpty is deprecated, use Seq.empty instead
C:\build\agent1\_work\1\s\hacl-star\code\salsa-family\Hacl.Lib.LoadStore32.fst(63,60-63,71): (Warning 288) FStar.Seq.Base.createEmpty is deprecated, use Seq.empty instead
C:\build\agent1\_work\1\s\hacl-star\code\salsa-family\Hacl.Lib.LoadStore32.fst(120,60-120,71): (Warning 288) FStar.Seq.Base.createEmpty is deprecated, use Seq.empty instead
C:\build\agent1\_work\1\s\hacl-star\code\salsa-family\Hacl.Impl.Chacha20.fst(524,39-524,50): (Warning 288) FStar.Seq.Base.createEmpty is deprecated, use Seq.empty instead
C:\build\agent1\_work\1\s\hacl-star\code\salsa-family\Hacl.Impl.Chacha20.fst(526,37-526,48): (Warning 288) FStar.Seq.Base.createEmpty is deprecated, use Seq.empty instead
C:\build\agent1\_work\1\s\hacl-star\code\salsa-family\Hacl.Impl.Chacha20.fst(562,12-562,23): (Warning 288) FStar.Seq.Base.createEmpty is deprecated, use Seq.empty instead
C:\build\agent1\_work\1\s\hacl-star\code\salsa-family\Hacl.Impl.Chacha20.fst(565,44-565,55): (Warning 288) FStar.Seq.Base.createEmpty is deprecated, use Seq.empty instead
C:\build\agent1\_work\1\s\hacl-star\code\salsa-family\Hacl.Impl.Chacha20.fst(669,12-669,23): (Warning 288) FStar.Seq.Base.createEmpty is deprecated, use Seq.empty instead
C:\build\agent1\_work\1\s\hacl-star\code\salsa-family\Hacl.Impl.Chacha20.fst(672,27-672,38): (Warning 288) FStar.Seq.Base.createEmpty is deprecated, use Seq.empty instead
C:\build\agent1\_work\1\s\hacl-star\code\salsa-family\Hacl.Impl.Chacha20.fst(744,59-744,70): (Warning 288) FStar.Seq.Base.createEmpty is deprecated, use Seq.empty instead
C:\build\agent1\_work\1\s\hacl-star\code\salsa-family\Hacl.Impl.Chacha20.fst(745,60-745,71): (Warning 288) FStar.Seq.Base.createEmpty is deprecated, use Seq.empty instead
C:\build\agent1\_work\1\s\hacl-star\code\salsa-family\Hacl.Impl.Chacha20.fst(791,56-791,67): (Warning 288) FStar.Seq.Base.createEmpty is deprecated, use Seq.empty instead
C:\build\agent1\_work\1\s\hacl-star\secure_api\utils\Crypto.Symmetric.Bytes.fst(89,8-89,19): (Warning 288) FStar.Seq.Base.createEmpty is deprecated, use Seq.empty instead
C:\build\agent1\_work\1\s\hacl-star\secure_api\utils\Crypto.Symmetric.Bytes.fst(447,16-447,27): (Warning 288) FStar.Seq.Base.createEmpty is deprecated, use Seq.empty instead
C:\build\agent1\_work\1\s\hacl-star\secure_api\utils\Crypto.Symmetric.Bytes.fst(472,16-472,27): (Warning 288) FStar.Seq.Base.createEmpty is deprecated, use Seq.empty instead
C:\build\agent1\_work\1\s\hacl-star\secure_api\utils\Crypto.Symmetric.Bytes.fst(518,8-518,19): (Warning 288) FStar.Seq.Base.createEmpty is deprecated, use Seq.empty instead
C:\build\agent1\_work\1\s\hacl-star\specs\Spec.Poly1305.fst(50,25-50,36): (Warning 288) FStar.Seq.Base.createEmpty is deprecated, use Seq.empty instead
C:\build\agent1\_work\1\s\hacl-star\code\poly1305\Hacl.Spec.Poly1305_64.fst(332,19-332,30): (Warning 288) FStar.Seq.Base.createEmpty is deprecated, use Seq.empty instead
C:\build\agent1\_work\1\s\hacl-star\code\poly1305\Hacl.Spe.Poly1305_64.fst(163,54-163,65): (Warning 288) FStar.Seq.Base.createEmpty is deprecated, use Seq.empty instead
C:\build\agent1\_work\1\s\hacl-star\code\poly1305\Hacl.Spe.Poly1305_64.fst(210,8-210,19): (Warning 288) FStar.Seq.Base.createEmpty is deprecated, use Seq.empty instead
C:\build\agent1\_work\1\s\hacl-star\code\poly1305\Hacl.Spe.Poly1305_64.fst(211,57-211,68): (Warning 288) FStar.Seq.Base.createEmpty is deprecated, use Seq.empty instead
C:\build\agent1\_work\1\s\hacl-star\code\poly1305\Hacl.Impl.Poly1305_64.fst(192,22-192,33): (Warning 288) FStar.Seq.Base.createEmpty is deprecated, use Seq.empty instead
C:\build\agent1\_work\1\s\hacl-star\specs\Spec.GF128.fst(75,8-75,19): (Warning 288) FStar.Seq.Base.createEmpty is deprecated, use Seq.empty instead
C:\build\agent1\_work\1\s\hacl-star\secure_api\uf1cma\Crypto.Symmetric.MAC.fst(46,31-46,42): (Warning 288) FStar.Seq.Base.createEmpty is deprecated, use Seq.empty instead
C:\build\agent1\_work\1\s\hacl-star\secure_api\uf1cma\Crypto.Symmetric.MAC.fst(414,49-414,60): (Warning 288) FStar.Seq.Base.createEmpty is deprecated, use Seq.empty instead
C:\build\agent1\_work\1\s\hacl-star\secure_api\uf1cma\Crypto.Symmetric.MAC.fst(488,40-488,51): (Warning 288) FStar.Seq.Base.createEmpty is deprecated, use Seq.empty instead
C:\build\agent1\_work\1\s\hacl-star\secure_api\uf1cma\Crypto.Symmetric.UF1CMA.fst(374,31-374,42): (Warning 288) FStar.Seq.Base.createEmpty is deprecated, use Seq.empty instead
C:\build\agent1\_work\1\s\hacl-star\secure_api\uf1cma\Crypto.Symmetric.UF1CMA.fst(387,61-387,72): (Warning 288) FStar.Seq.Base.createEmpty is deprecated, use Seq.empty instead
C:\build\agent1\_work\1\s\hacl-star\secure_api\uf1cma\Crypto.Symmetric.UF1CMA.fst(390,68-390,79): (Warning 288) FStar.Seq.Base.createEmpty is deprecated, use Seq.empty instead
C:\build\agent1\_work\1\s\hacl-star\secure_api\uf1cma\Crypto.Symmetric.UF1CMA.fst(441,15-441,26): (Warning 288) FStar.Seq.Base.createEmpty is deprecated, use Seq.empty instead
C:\build\agent1\_work\1\s\hacl-star\secure_api\prf\Crypto.Symmetric.PRF.fst(177,36-177,47): (Warning 288) FStar.Seq.Base.createEmpty is deprecated, use Seq.empty instead
C:\build\agent1\_work\1\s\hacl-star\secure_api\prf\Crypto.Symmetric.PRF.fst(212,47-212,58): (Warning 288) FStar.Seq.Base.createEmpty is deprecated, use Seq.empty instead
C:\build\agent1\_work\1\s\hacl-star\secure_api\aead\Crypto.AEAD.Encoding.fst(66,8-66,19): (Warning 288) FStar.Seq.Base.createEmpty is deprecated, use Seq.empty instead
C:\build\agent1\_work\1\s\hacl-star\secure_api\aead\Crypto.AEAD.Encoding.fst(542,37-542,48): (Warning 288) FStar.Seq.Base.createEmpty is deprecated, use Seq.empty instead
C:\build\agent1\_work\1\s\hacl-star\secure_api\aead\Crypto.AEAD.Encoding.fst(550,67-550,78): (Warning 288) FStar.Seq.Base.createEmpty is deprecated, use Seq.empty instead
C:\build\agent1\_work\1\s\hacl-star\secure_api\aead\Crypto.AEAD.Invariant.fst(195,8-195,19): (Warning 288) FStar.Seq.Base.createEmpty is deprecated, use Seq.empty instead
C:\build\agent1\_work\1\s\hacl-star\secure_api\aead\Crypto.AEAD.Invariant.fst(603,83-603,94): (Warning 288) FStar.Seq.Base.createEmpty is deprecated, use Seq.empty instead
C:\build\agent1\_work\1\s\hacl-star\secure_api\aead\Crypto.AEAD.EnxorDexor.fst(114,27-114,38): (Warning 288) FStar.Seq.Base.createEmpty is deprecated, use Seq.empty instead
C:\build\agent1\_work\1\s\hacl-star\secure_api\aead\Crypto.AEAD.EnxorDexor.fst(527,52-527,63): (Warning 288) FStar.Seq.Base.createEmpty is deprecated, use Seq.empty instead
make: *** [Makefile.old:204: aead/Crypto.AEAD.Encrypt.fst-ver] Terminated
Flags(0,0-0,0): (Warning 283) use_extracted_interfaces option is set but could not find an interface in the cache for: Flags
TLSError(0,0-0,0): (Warning 283) use_extracted_interfaces option is set but could not find an interface in the cache for: TLSError
Mem(0,0-0,0): (Warning 283) use_extracted_interfaces option is set but could not find an interface in the cache for: Mem
StringPrinterTest.Aux.fst(19,2-19,52): (Warning 252) (Hint-replay failed): assertion failed (see also StringPrinter.Rec.fst(117,12-117,57))
StringPrinterTest.Aux.fst(26,4-26,66): (Warning 252) (Hint-replay failed): assertion failed (see also StringPrinter.Rec.fst(117,12-117,57))
StringPrinterTest.Aux.fst(35,4-35,62): (Warning 252) (Hint-replay failed): assertion failed (see also StringPrinter.Rec.fst(117,12-117,57))
StringPrinterTest.Aux.fst(117,2-117,73): (Warning 252) (Hint-replay failed): could not prove post-condition (see also StringPrinter.Rec.fst(117,12-117,57))
StringPrinterTest.Aux.fst(124,4-124,87): (Warning 252) (Hint-replay failed): could not prove post-condition (see also StringPrinter.Rec.fst(117,12-117,57))
StringPrinterTest.Aux.fst(133,4-133,83): (Warning 252) (Hint-replay failed): could not prove post-condition (see also StringPrinter.Rec.fst(117,12-117,57))
StringPrinterTest.Aux.fst(19,2-19,52): (Warning 252) (Hint-replay failed): assertion failed (see also StringPrinter.Rec.fst(117,12-117,57))
StringPrinterTest.Aux.fst(23,2-28,6): (Warning 252) (Hint-replay failed): assertion failed (see also StringPrinter.Rec.fst(117,12-117,57))
StringPrinterTest.Aux.fst(32,2-37,6): (Warning 252) (Hint-replay failed): assertion failed (see also StringPrinter.Rec.fst(117,12-117,57))
StringPrinterTest.Aux.fst(117,2-117,73): (Warning 252) (Hint-replay failed): could not prove post-condition (see also StringPrinter.Rec.fst(117,12-117,57))
StringPrinterTest.Aux.fst(121,2-126,6): (Warning 252) (Hint-replay failed): could not prove post-condition (see also StringPrinter.Rec.fst(117,12-117,57))
StringPrinterTest.Aux.fst(130,2-135,6): (Warning 252) (Hint-replay failed): could not prove post-condition (see also StringPrinter.Rec.fst(117,12-117,57))
12.53user 49.72system 11:15.34elapsed 9%CPU (0avgtext+0avgdata 1020224512maxresident)k
0inputs+0outputs (4150430major+0minor)pagefaults 0swaps
