Warning: you are using the standard library and/or the %inline keyword. We
recommend switching on --infer in order to avoid obscure type error messages.
warning: CRLF will be replaced by LF in src/parser/parse.fsy.
The file will have its original line endings in your working directory.
hello.fst(5,0-5,37): (Warning 272) Top-level let-bindings must be total; this term may have effects
hello.fst(5,0-5,37): (Warning 272) Top-level let-bindings must be total; this term may have effects
Encrypt_SymEnc.fst(30,0-30,27): (Warning 272) Top-level let-bindings must be total; this term may have effects
Encrypt_SymEnc.fst(30,0-30,27): (Warning 272) Top-level let-bindings must be total; this term may have effects
Encrypt_SymEnc.fst(30,0-30,27): (Warning 272) Top-level let-bindings must be total; this term may have effects
propImpredicativeAndNonStrictlyPositiveinductives.fst(56,2-59,28): (Warning 252) (Hint-replay failed): could not prove post-condition (see also propImpredicativeAndNonStrictlyPositiveinductives.fst(55,51-55,58))
bug185.fst(33,15-33,21): (Warning 252) (Hint-replay failed): assertion failed (see also bug185.fst(33,22-33,48))
MAC.fst(45,0-45,53): (Warning 272) Top-level let-bindings must be total; this term may have effects
MAC.fst(45,0-45,53): (Warning 272) Top-level let-bindings must be total; this term may have effects
bug251.fst(2,0-2,15): (Warning 272) Top-level let-bindings must be total; this term may have effects
StlcStrongDbParSubst.fst(203,27-203,29): (Warning 252) (Hint-replay failed): Subtyping check failed; expected type StlcStrongDbParSubst.typing g
(StlcStrongDbParSubst.sub_beta v y)
(Some?.v (StlcStrongDbParSubst.extend t_x g y)); got type StlcStrongDbParSubst.typing g v t_x (see also StlcStrongDbParSubst.fst(170,46-201,36))
StlcStrongDbParSubst.fst(203,27-203,29): (Warning 252) (Hint-replay failed): Subtyping check failed; expected type StlcStrongDbParSubst.typing g
(StlcStrongDbParSubst.sub_beta v y)
(Some?.v (StlcStrongDbParSubst.extend t_x g y)); got type StlcStrongDbParSubst.typing g v t_x (see also StlcStrongDbParSubst.fst(170,46-201,36))
Huffman.fst(182,53-182,54): (Warning 252) (Hint-replay failed): Subtyping check failed; expected type s:
Huffman.symbol
{%[ bs; if Leaf? t' && Cons? bs then 1 else 0 ] << %[ bs; if Leaf? t && Cons? bs then 1 else 0 ]}; got type Huffman.symbol (see also Huffman.fst(180,2-184,60))
MAC.fst(45,0-45,53): (Warning 272) Top-level let-bindings must be total; this term may have effects
Effects.Def.fst(165,2-165,22): (Warning 252) (Hint-replay failed): assertion failed (see also Effects.Def.fst(44,11-44,91))
C:/build/agent2/_work/11/s/src/ocaml-output/fstar/ulib/FStar.List.Tot.Properties.fst(858,2-858,37): (Warning 252) (Hint-replay failed): could not prove post-condition (see also C:/build/agent2/_work/11/s/src/ocaml-output/fstar/ulib/FStar.List.Tot.Properties.fst(856,12-856,18))
C:/build/agent2/_work/11/s/src/ocaml-output/fstar/ulib/FStar.List.Tot.Properties.fst(858,2-858,37): (Warning 252) could not prove post-condition (see also C:/build/agent2/_work/11/s/src/ocaml-output/fstar/ulib/FStar.List.Tot.Properties.fst(856,12-856,18))
C:/build/agent2/_work/11/s/src/ocaml-output/fstar/ulib/FStar.List.Tot.Properties.fst(887,2-888,24): (Warning 252) (Hint-replay failed): could not prove post-condition (see also C:/build/agent2/_work/11/s/src/ocaml-output/fstar/ulib/FStar.List.Tot.Properties.fst(886,12-886,18))
StlcCbvDbParSubst.fst(197,19-197,25): (Warning 252) (Hint-replay failed): assertion failed (see also StlcCbvDbParSubst.fst(197,25-197,68))
Benton2004.RHL.fst(258,2-258,4): (Warning 252) (Hint-replay failed): could not prove post-condition (see also Benton2004.RHL.fst(254,2-257,3))
Benton2004.RHL.fst(459,4-459,19): (Warning 252) (Hint-replay failed): assertion failed (see also Benton2004.RHL.fst(443,4-443,84))
Benton2004.RHL.fst(513,63-513,152): (Warning 252) (Hint-replay failed): assertion failed
MonotonicArray.fst(40,61-40,72): (Warning 252) (Hint-replay failed): Subtyping check failed; expected type FStar.Preorder.preorder (MonotonicArray.repr a n); got type FStar.Preorder.relation (MonotonicArray.repr a n) (see also C:\build\agent2\_work\11\s\src\ocaml-output\fstar\ulib\FStar.Preorder.fst(12,40-12,56))
MonotonicArray.fst(162,4-162,10): (Warning 252) (Hint-replay failed): assertion failed (see also MonotonicArray.fst(166,75-166,97))
MonotonicArray.fst(207,10-207,12): (Warning 252) (Hint-replay failed): assertion failed (see also C:\build\agent2\_work\11\s\src\ocaml-output\fstar\ulib\FStar.ST.fst(122,14-122,29))
MonotonicArray.fst(231,10-231,12): (Warning 252) (Hint-replay failed): assertion failed (see also C:\build\agent2\_work\11\s\src\ocaml-output\fstar\ulib\FStar.ST.fst(122,14-122,29))
MonotonicArray.fst(514,10-514,12): (Warning 252) (Hint-replay failed): assertion failed (see also C:\build\agent2\_work\11\s\src\ocaml-output\fstar\ulib\FStar.ST.fst(122,14-122,29))
MonotonicArray.fst(40,61-40,72): (Warning 252) (Hint-replay failed): Subtyping check failed; expected type FStar.Preorder.preorder (MonotonicArray.repr a n); got type FStar.Preorder.relation (MonotonicArray.repr a n) (see also C:\build\agent2\_work\11\s\src\ocaml-output\fstar\ulib\FStar.Preorder.fst(12,40-12,56))
MAC.fst(45,0-45,53): (Warning 272) Top-level let-bindings must be total; this term may have effects
RPC.fst(9,0-9,53): (Warning 272) Top-level let-bindings must be total; this term may have effects
RPC.fst(9,0-9,53): (Warning 272) Top-level let-bindings must be total; this term may have effects
RPC.fst(23,0-23,39): (Warning 272) Top-level let-bindings must be total; this term may have effects
RPC.fst(23,0-23,39): (Warning 272) Top-level let-bindings must be total; this term may have effects
RPC.fst(48,0-49,16): (Warning 272) Top-level let-bindings must be total; this term may have effects
RPC.fst(48,0-49,16): (Warning 272) Top-level let-bindings must be total; this term may have effects
RPC.fst(116,0-116,17): (Warning 272) Top-level let-bindings must be total; this term may have effects
RPC.fst(116,0-116,17): (Warning 272) Top-level let-bindings must be total; this term may have effects
NatHeap.fst(68,12-69,30): (Warning 252) (Hint-replay failed): Subtyping check failed; expected type NatHeap.heap; got type Prims.nat * (_: Prims.nat -> Prims.Tot (FStar.Pervasives.Native.option (a: Type0 & a))) (see also NatHeap.fst(12,42-12,72))
MAC.fst(45,0-45,53): (Warning 272) Top-level let-bindings must be total; this term may have effects
CntProtocol.fst(12,0-12,53): (Warning 272) Top-level let-bindings must be total; this term may have effects
CntProtocol.fst(12,0-12,53): (Warning 272) Top-level let-bindings must be total; this term may have effects
CntProtocol.fst(27,0-27,26): (Warning 272) Top-level let-bindings must be total; this term may have effects
CntProtocol.fst(27,0-27,26): (Warning 272) Top-level let-bindings must be total; this term may have effects
CntProtocol.fst(30,0-30,54): (Warning 272) Top-level let-bindings must be total; this term may have effects
CntProtocol.fst(30,0-30,54): (Warning 272) Top-level let-bindings must be total; this term may have effects
CntProtocol.fst(33,0-33,54): (Warning 272) Top-level let-bindings must be total; this term may have effects
CntProtocol.fst(33,0-33,54): (Warning 272) Top-level let-bindings must be total; this term may have effects
CntProtocol.fst(97,0-97,39): (Warning 272) Top-level let-bindings must be total; this term may have effects
CntProtocol.fst(97,0-97,39): (Warning 272) Top-level let-bindings must be total; this term may have effects
CntProtocol.fst(124,0-124,18): (Warning 272) Top-level let-bindings must be total; this term may have effects
CntProtocol.fst(124,0-124,18): (Warning 272) Top-level let-bindings must be total; this term may have effects
CntProtocol.fst(168,0-184,5): (Warning 272) Top-level let-bindings must be total; this term may have effects
CntProtocol.fst(168,0-184,5): (Warning 272) Top-level let-bindings must be total; this term may have effects
C:\build\agent2\_work\11\s\src\ocaml-output\fstar\ulib\prims.fst(227,22-227,35): (Warning 252) (Hint-replay failed): assertion failed (see also C:\build\agent2\_work\11\s\src\ocaml-output\fstar\ulib\prims.fst(203,39-203,44))
C:\build\agent2\_work\11\s\src\ocaml-output\fstar\ulib\prims.fst(227,22-227,35): (Warning 252) (Hint-replay failed): assertion failed (see also C:\build\agent2\_work\11\s\src\ocaml-output\fstar\ulib\prims.fst(203,39-203,44))
MRefHeap.fst(71,11-72,26): (Warning 252) (Hint-replay failed): Subtyping check failed; expected type MRefHeap.heap; got type Prims.nat * (_: Prims.nat -> Prims.Tot (FStar.Pervasives.Native.option MRefHeap.heap_cell)) (see also MRefHeap.fst(13,42-13,72))
array.pos\Test.fst(34,12-34,17): (Warning 252) (Hint-replay failed): assertion failed (see also C:\build\agent2\_work\11\s\src\ocaml-output\fstar\ulib\FStar.Pointer.Base.fsti(2098,22-2098,30))
array.pos\Test.fst(46,22-46,44): (Warning 252) (Hint-replay failed): assertion failed (see also C:\build\agent2\_work\11\s\src\ocaml-output\fstar\ulib\FStar.Pointer.Base.fsti(1276,65-1276,80))
Ariadne.fst(58,67-58,102): (Warning 252) (Hint-replay failed): assertion failed (see also C:\build\agent2\_work\11\s\src\ocaml-output\fstar\ulib\FStar.Preorder.fst(12,40-12,56))
Ariadne.fst(73,13-73,48): (Warning 252) (Hint-replay failed): assertion failed (see also Ariadne.fst(72,57-72,74))
Ariadne.fst(135,2-135,7): (Warning 252) (Hint-replay failed): assertion failed (see also C:\build\agent2\_work\11\s\src\ocaml-output\fstar\ulib\FStar.ST.fst(101,14-101,29))
Ariadne.fst(169,2-169,7): (Warning 252) (Hint-replay failed): assertion failed (see also C:\build\agent2\_work\11\s\src\ocaml-output\fstar\ulib\FStar.ST.fst(101,14-101,29))
Ariadne.fst(58,67-58,102): (Warning 252) (Hint-replay failed): assertion failed (see also C:\build\agent2\_work\11\s\src\ocaml-output\fstar\ulib\FStar.Preorder.fst(12,40-12,56))
Ariadne.fst(73,13-73,48): (Warning 252) (Hint-replay failed): assertion failed (see also Ariadne.fst(72,57-72,74))
disjoint.pos\Test.fst(30,12-30,17): (Warning 252) (Hint-replay failed): assertion failed (see also C:\build\agent2\_work\11\s\src\ocaml-output\fstar\ulib\FStar.Pointer.Base.fsti(2098,22-2098,30))
disjoint.pos\Test.fst(56,10-56,16): (Warning 252) (Hint-replay failed): assertion failed (see also disjoint.pos\Test.fst(21,22-21,40))
IfcDelimitedRelease.fst(116,39-116,128): (Warning 252) (Hint-replay failed): could not prove post-condition (see also IfcDelimitedRelease.fst(106,6-114,15))
IfcDelimitedRelease.fst(116,39-116,128): (Warning 252) could not prove post-condition (see also IfcDelimitedRelease.fst(106,6-114,15))
IfcDelimitedRelease.fst(116,39-116,128): (Warning 252) could not prove post-condition (see also IfcDelimitedRelease.fst(106,6-114,15))
IfcDelimitedRelease.fst(116,39-116,128): (Warning 252) could not prove post-condition (see also IfcDelimitedRelease.fst(106,6-114,15))
IfcDelimitedRelease.fst(165,30-165,119): (Warning 252) (Hint-replay failed): could not prove post-condition (see also IfcDelimitedRelease.fst(157,5-164,13))
IfcDelimitedRelease.fst(165,30-165,119): (Warning 252) could not prove post-condition (see also IfcDelimitedRelease.fst(157,5-164,13))
IfcDelimitedRelease.fst(165,30-165,119): (Warning 252) could not prove post-condition (see also IfcDelimitedRelease.fst(157,5-164,13))
IfcDelimitedRelease.fst(177,37-177,38): (Warning 252) (Hint-replay failed): Subtyping check failed; expected type h:
(h: FStar.Monotonic.Heap.heap{IfcDelimitedRelease.refs_invariant [n; x_h; k; x_l] h})
{ %[ FStar.Monotonic.Heap.sel h (FStar.List.Tot.Base.hd [n; x_h; k; x_l]) ] <<
%[ FStar.Monotonic.Heap.sel h (FStar.List.Tot.Base.hd _) ] }; got type FStar.Monotonic.Heap.heap (see also IfcDelimitedRelease.fst(171,2-177,38))
IfcDelimitedRelease.fst(175,31-175,32): (Warning 252) Subtyping check failed; expected type h: FStar.Monotonic.Heap.heap{IfcDelimitedRelease.refs_invariant [x_h; k; x_l] h}; got type FStar.Monotonic.Heap.heap (see also IfcDelimitedRelease.fst(24,71-24,90))
IfcDelimitedRelease.fst(175,31-175,32): (Warning 252) Subtyping check failed; expected type h: FStar.Monotonic.Heap.heap{IfcDelimitedRelease.refs_invariant [x_h; k; x_l] h}; got type FStar.Monotonic.Heap.heap (see also IfcDelimitedRelease.fst(24,71-24,90))
IfcDelimitedRelease.fst(177,37-177,38): (Warning 252) Subtyping check failed; expected type h:
(h: FStar.Monotonic.Heap.heap{IfcDelimitedRelease.refs_invariant [n; x_h; k; x_l] h})
{ %[ FStar.Monotonic.Heap.sel h (FStar.List.Tot.Base.hd [n; x_h; k; x_l]) ] <<
%[ FStar.Monotonic.Heap.sel h (FStar.List.Tot.Base.hd _) ] }; got type FStar.Monotonic.Heap.heap (see also IfcDelimitedRelease.fst(169,76-169,95))
IfcDelimitedRelease.fst(177,37-177,38): (Warning 252) (Hint-replay failed): Subtyping check failed; expected type h:
(h: FStar.Monotonic.Heap.heap{IfcDelimitedRelease.refs_invariant [n; x_h; k; x_l] h})
{ %[ FStar.Monotonic.Heap.sel h (FStar.List.Tot.Base.hd [n; x_h; k; x_l]) ] <<
%[ FStar.Monotonic.Heap.sel h (FStar.List.Tot.Base.hd _) ] }; got type FStar.Monotonic.Heap.heap (see also IfcDelimitedRelease.fst(171,2-177,38))
IfcDelimitedRelease.fst(175,31-175,32): (Warning 252) Subtyping check failed; expected type h: FStar.Monotonic.Heap.heap{IfcDelimitedRelease.refs_invariant [x_h; k; x_l] h}; got type FStar.Monotonic.Heap.heap (see also IfcDelimitedRelease.fst(24,71-24,90))
IfcDelimitedRelease.fst(175,31-175,32): (Warning 252) Subtyping check failed; expected type h: FStar.Monotonic.Heap.heap{IfcDelimitedRelease.refs_invariant [x_h; k; x_l] h}; got type FStar.Monotonic.Heap.heap (see also IfcDelimitedRelease.fst(24,71-24,90))
IfcDelimitedRelease.fst(177,37-177,38): (Warning 252) Subtyping check failed; expected type h:
(h: FStar.Monotonic.Heap.heap{IfcDelimitedRelease.refs_invariant [n; x_h; k; x_l] h})
{ %[ FStar.Monotonic.Heap.sel h (FStar.List.Tot.Base.hd [n; x_h; k; x_l]) ] <<
%[ FStar.Monotonic.Heap.sel h (FStar.List.Tot.Base.hd _) ] }; got type FStar.Monotonic.Heap.heap (see also IfcDelimitedRelease.fst(169,76-169,95))
FStar.DM4F.Id.fst(23,8-23,14): (Warning 252) assertion failed (see also FStar.DM4F.Id.fst(23,15-23,20))
FStar.DM4F.Id.fst(23,8-23,14): (Warning 252) assertion failed (see also FStar.DM4F.Id.fst(23,15-23,20))
FStar.DM4F.Id.fst(23,8-23,14): (Warning 252) assertion failed (see also FStar.DM4F.Id.fst(23,15-23,20))
FStar.DM4F.Id.fst(23,8-23,14): (Warning 252) assertion failed (see also FStar.DM4F.Id.fst(23,15-23,20))
point.pos\Test.fst(35,13-35,18): (Warning 252) (Hint-replay failed): assertion failed (see also C:\build\agent2\_work\11\s\src\ocaml-output\fstar\ulib\FStar.Pointer.Base.fsti(2098,22-2098,30))
point.pos\Test.fst(29,36-29,37): (Warning 252) Subtyping check failed; expected type FStar.Pointer.Base.struct_field Test.point_struct; got type Prims.string (see also C:\build\agent2\_work\11\s\src\ocaml-output\fstar\ulib\FStar.Pointer.Base.fsti(69,15-69,50))
point.pos\Test.fst(29,36-29,37): (Warning 252) Subtyping check failed; expected type FStar.Pointer.Base.struct_field Test.point_struct; got type Prims.string (see also C:\build\agent2\_work\11\s\src\ocaml-output\fstar\ulib\FStar.Pointer.Base.fsti(69,15-69,50))
point.pos\Test.fst(55,13-55,18): (Warning 252) (Hint-replay failed): assertion failed (see also C:\build\agent2\_work\11\s\src\ocaml-output\fstar\ulib\FStar.Pointer.Base.fsti(2098,22-2098,30))
point.pos\Test.fst(50,36-50,37): (Warning 252) Subtyping check failed; expected type FStar.Pointer.Base.struct_field Test.point_struct; got type Prims.string (see also C:\build\agent2\_work\11\s\src\ocaml-output\fstar\ulib\FStar.Pointer.Base.fsti(69,15-69,50))
point.pos\Test.fst(50,36-50,37): (Warning 252) Subtyping check failed; expected type FStar.Pointer.Base.struct_field Test.point_struct; got type Prims.string (see also C:\build\agent2\_work\11\s\src\ocaml-output\fstar\ulib\FStar.Pointer.Base.fsti(69,15-69,50))
Protocol.fst(23,0-23,9): (Warning 239) Adding an implicit 'assume new' qualifier on byte
Protocol.fst(341,4-341,25): (Warning 252) (Hint-replay failed): could not prove post-condition (see also Protocol.fst(340,7-340,35))
IfcExampleReify1.fst(70,19-70,21): (Warning 252) (Hint-replay failed): could not prove post-condition (see also IfcExampleReify1.fst(69,30-69,62))
Unit1.Basic.fst(318,31-318,33): (Warning 252) (Hint-replay failed): could not prove post-condition (see also Unit1.Basic.fst(316,2-316,62))
Unit1.Basic.fst(324,20-324,22): (Warning 252) (Hint-replay failed): could not prove post-condition (see also Unit1.Basic.fst(323,42-323,87))
IfcExampleReify2.fst(36,81-36,83): (Warning 252) (Hint-replay failed): could not prove post-condition (see also IfcExampleReify2.fst(36,49-36,77))
IfcExampleReify2.fst(41,41-41,57): (Warning 252) (Hint-replay failed): Subtyping check failed; expected type cl:
(WhileReify.com * IfcRulesReify.label)
{ IfcRulesReify.ni_com IfcExampleReify2.env
(FStar.Pervasives.Native.fst cl)
(FStar.Pervasives.Native.snd cl) }; got type WhileReify.com * IfcRulesReify.label (see also IfcTypechecker.fst(74,68-74,96))
IfcExampleReify2.fst(41,41-41,57): (Warning 252) (Hint-replay failed): Subtyping check failed; expected type cl:
(WhileReify.com * IfcRulesReify.label)
{ IfcRulesReify.ni_com IfcExampleReify2.env
(FStar.Pervasives.Native.fst cl)
(FStar.Pervasives.Native.snd cl) }; got type WhileReify.com * IfcRulesReify.label (see also IfcTypechecker.fst(74,68-74,96))
HyE.CCA2.fst(46,2-46,14): (Warning 271) Pattern ((ite (= (BoundV 0) (BoxBool (true ))) (BoundV 3) (HyE.PlainPKE.repr (BoundV 4)))) contains illegal symbols; dropping it (see also C:\build\agent2\_work\11\s\src\ocaml-output\fstar\ulib\FStar.Monotonic.Seq.fst(72,20-72,61))
C:/build/agent2/_work/11/s/src/ocaml-output/fstar/ulib/FStar.List.Tot.Properties.fst(858,2-858,37): (Warning 252) (Hint-replay failed): could not prove post-condition (see also C:/build/agent2/_work/11/s/src/ocaml-output/fstar/ulib/FStar.List.Tot.Properties.fst(856,12-856,18))
C:/build/agent2/_work/11/s/src/ocaml-output/fstar/ulib/FStar.List.Tot.Properties.fst(858,2-858,37): (Warning 252) could not prove post-condition (see also C:/build/agent2/_work/11/s/src/ocaml-output/fstar/ulib/FStar.List.Tot.Properties.fst(856,12-856,18))
C:/build/agent2/_work/11/s/src/ocaml-output/fstar/ulib/FStar.List.Tot.Properties.fst(887,2-888,24): (Warning 252) (Hint-replay failed): could not prove post-condition (see also C:/build/agent2/_work/11/s/src/ocaml-output/fstar/ulib/FStar.List.Tot.Properties.fst(886,12-886,18))
(Warning 252) (Hint-replay failed): could not prove post-condition
union.pos\Test.fst(35,2-43,5): (Warning 252) could not prove post-condition (see also union.pos\Test.fst(32,4-32,17))
union.pos\Test.fst(35,2-43,5): (Warning 252) could not prove post-condition (see also union.pos\Test.fst(32,4-32,17))
MAC.fst(45,0-45,53): (Warning 272) Top-level let-bindings must be total; this term may have effects
RPC.fst(9,0-9,53): (Warning 272) Top-level let-bindings must be total; this term may have effects
RPC.fst(23,0-23,39): (Warning 272) Top-level let-bindings must be total; this term may have effects
RPC.fst(48,0-49,16): (Warning 272) Top-level let-bindings must be total; this term may have effects
RPC.fst(116,0-116,17): (Warning 272) Top-level let-bindings must be total; this term may have effects
CanonCommSwaps.fst(10,2-14,68): (Warning 252) (Hint-replay failed): Patterns are incomplete
MAC.fst(45,0-45,53): (Warning 272) Top-level let-bindings must be total; this term may have effects
CntProtocol.fst(12,0-12,53): (Warning 272) Top-level let-bindings must be total; this term may have effects
CntProtocol.fst(27,0-27,26): (Warning 272) Top-level let-bindings must be total; this term may have effects
CntProtocol.fst(30,0-30,54): (Warning 272) Top-level let-bindings must be total; this term may have effects
CntProtocol.fst(33,0-33,54): (Warning 272) Top-level let-bindings must be total; this term may have effects
CntProtocol.fst(97,0-97,39): (Warning 272) Top-level let-bindings must be total; this term may have effects
CntProtocol.fst(124,0-124,18): (Warning 272) Top-level let-bindings must be total; this term may have effects
CntProtocol.fst(168,0-184,5): (Warning 272) Top-level let-bindings must be total; this term may have effects
TestMRef.fst(8,0-8,15): (Warning 272) Top-level let-bindings must be total; this term may have effects
TestMRef.fst(8,0-8,15): (Warning 272) Top-level let-bindings must be total; this term may have effects
TestMRef.fst(8,0-8,15): (Warning 272) Top-level let-bindings must be total; this term may have effects
TestMRef.fst(8,0-8,15): (Warning 272) Top-level let-bindings must be total; this term may have effects
C:/build/agent2/_work/11/s/src/ocaml-output/fstar/ulib/FStar.OrdSet.fst(48,16-48,18): (Warning 252) (Hint-replay failed): Subtyping check failed; expected type Prims.eqtype; got type Type0 (see also C:/build/agent2/_work/11/s/src/ocaml-output/fstar/ulib/prims.fst(27,22-27,29))
taggedunion.pos\Test.fst(124,15-124,20): (Warning 252) (Hint-replay failed): assertion failed (see also C:\build\agent2\_work\11\s\src\ocaml-output\fstar\ulib\FStar.Pointer.Base.fsti(2098,22-2098,30))
bug1091.fst(18,50-18,66): (Warning 252) Subtyping check failed; expected type FStar.UInt.uint_t (*?u19*) _; got type n: Prims.nat{n < Prims.pow2 128} (see also C:\build\agent2\_work\11\s\src\ocaml-output\fstar\ulib\FStar.UInt.fst(52,28-52,36))
bug1091.fst(24,91-24,92): (Warning 252) could not prove post-condition (see also bug1091.fst(24,21-24,86))
bug1091.fst(82,26-82,40): (Warning 252) Failed to verify implicit argument: (*?u21*) _ (Introduced at bug1091.fst(82,26-82,40) for Instantiating implicit argument in application resolved at bug1091.fst(81,0-82,77)) :: Subtyping check failed; expected type Prims.eqtype; got type Type0 (see also C:\build\agent2\_work\11\s\src\ocaml-output\fstar\ulib\prims.fst(27,22-27,29))
bug1091.fst(82,51-82,65): (Warning 252) Failed to verify implicit argument: (*?u21*) _ (Introduced at bug1091.fst(82,51-82,65) for Instantiating implicit argument in application resolved at bug1091.fst(81,0-82,77)) :: Subtyping check failed; expected type Prims.eqtype; got type Type0 (see also C:\build\agent2\_work\11\s\src\ocaml-output\fstar\ulib\prims.fst(27,22-27,29))
bug1091.fst(82,26-82,40): (Warning 252) Failed to verify implicit argument: (*?u21*) _ (Introduced at bug1091.fst(82,26-82,40) for flex-flex quasi:	lhs=Instantiating implicit argument in application	rhs=Instantiating implicit argument in application resolved at bug1091.fst(81,0-82,77)) :: Subtyping check failed; expected type Prims.eqtype; got type Type0 (see also C:\build\agent2\_work\11\s\src\ocaml-output\fstar\ulib\prims.fst(27,22-27,29))
bug1091.fst(93,55-93,56): (Warning 252) Subtyping check failed; expected type n: Prims.int{%[ m - 1; n ] << %[ m; n ]}; got type Prims.int (see also bug1091.fst(92,2-94,78))
Mac.fst(70,0-70,53): (Warning 272) Top-level let-bindings must be total; this term may have effects
Mac.fst(70,0-70,53): (Warning 272) Top-level let-bindings must be total; this term may have effects
Mac.fst(70,0-70,53): (Warning 272) Top-level let-bindings must be total; this term may have effects
Mac.fst(70,0-70,53): (Warning 272) Top-level let-bindings must be total; this term may have effects
C:/build/agent2/_work/11/s/src/ocaml-output/fstar/ulib/FStar.Seq.Properties.fst(474,2-477,29): (Warning 252) (Hint-replay failed): could not prove post-condition (see also C:/build/agent2/_work/11/s/src/ocaml-output/fstar/ulib/FStar.Seq.Properties.fst(472,20-472,28))
ScopeOfBinderGuard.fst(9,47-9,48): (Warning 252) Subtyping check failed; expected type Prims.unit; got type ScopeOfBinderGuard.bool_t (see also ScopeOfBinderGuard.fst(9,17-9,18))
ScopeOfBinderGuard.fst(9,47-9,48): (Warning 252) Subtyping check failed; expected type Prims.unit; got type ScopeOfBinderGuard.bool_t (see also ScopeOfBinderGuard.fst(9,17-9,18))
ScopeOfBinderGuard.fst(9,47-9,48): (Warning 252) Subtyping check failed; expected type Prims.unit; got type ScopeOfBinderGuard.bool_t (see also ScopeOfBinderGuard.fst(9,17-9,18))
ScopeOfBinderGuard.fst(9,47-9,48): (Warning 252) Subtyping check failed; expected type Prims.unit; got type ScopeOfBinderGuard.bool_t (see also ScopeOfBinderGuard.fst(9,17-9,18))
ScopeOfBinderGuard.fst(11,46-11,47): (Warning 252) Subtyping check failed; expected type Prims.bool; got type ScopeOfBinderGuard.t false (see also ScopeOfBinderGuard.fst(11,26-11,27))
ScopeOfBinderGuard.fst(11,46-11,47): (Warning 252) Subtyping check failed; expected type Prims.bool; got type ScopeOfBinderGuard.t false (see also ScopeOfBinderGuard.fst(11,26-11,27))
ScopeOfBinderGuard.fst(11,46-11,47): (Warning 252) Subtyping check failed; expected type Prims.bool; got type ScopeOfBinderGuard.t false (see also ScopeOfBinderGuard.fst(11,26-11,27))
ScopeOfBinderGuard.fst(11,46-11,47): (Warning 252) Subtyping check failed; expected type Prims.bool; got type ScopeOfBinderGuard.t false (see also ScopeOfBinderGuard.fst(11,26-11,27))
IfcRulesReify.fst(168,22-168,24): (Warning 252) (Hint-replay failed): could not prove post-condition (see also IfcRulesReify.fst(167,18-167,36))
IfcRulesReify.fst(198,2-202,29): (Warning 252) (Hint-replay failed): could not prove post-condition (see also IfcRulesReify.fst(196,9-196,47))
IfcRulesReify.fst(223,5-223,7): (Warning 252) (Hint-replay failed): could not prove post-condition (see also IfcRulesReify.fst(222,12-222,69))
IfcRulesReify.fst(236,2-241,23): (Warning 252) (Hint-replay failed): could not prove post-condition (see also IfcRulesReify.fst(234,13-234,44))
IfcRulesReify.fst(359,10-359,16): (Warning 252) (Hint-replay failed): assertion failed (see also IfcRulesReify.fst(359,39-359,64))
IfcRulesReify.fst(383,17-383,19): (Warning 252) (Hint-replay failed): could not prove post-condition (see also IfcRulesReify.fst(382,8-382,30))
IfcRulesReify.fst(420,4-420,6): (Warning 252) (Hint-replay failed): could not prove post-condition (see also IfcRulesReify.fst(419,19-419,58))
IfcRulesReify.fst(423,2-436,41): (Warning 252) (Hint-replay failed): could not prove post-condition (see also IfcRulesReify.fst(402,16-402,49))
IfcRulesReify.fst(452,6-452,12): (Warning 252) (Hint-replay failed): assertion failed (see also IfcRulesReify.fst(452,35-452,60))
C:/build/agent2/_work/11/s/src/ocaml-output/fstar/ulib/FStar.Monotonic.HyperStack.fst(373,4-373,33): (Warning 252) (Hint-replay failed): assertion failed (see also C:/build/agent2/_work/11/s/src/ocaml-output/fstar/ulib/FStar.Monotonic.HyperStack.fst(38,12-41,66))
C:/build/agent2/_work/11/s/src/ocaml-output/fstar/ulib/FStar.Monotonic.HyperStack.fst(373,4-373,33): (Warning 252) (Hint-replay failed): assertion failed (see also C:/build/agent2/_work/11/s/src/ocaml-output/fstar/ulib/FStar.Monotonic.HyperStack.fst(38,12-41,66))
Unable to open hints file: C:\build\agent2\_work\11\s\kremlin\kremlib\Spec.Loops.fst.hints; ran without hints
C:/build/agent2/_work/11/s/src/ocaml-output/fstar/ulib/FStar.List.Tot.Properties.fst(858,2-858,37): (Warning 252) (Hint-replay failed): could not prove post-condition (see also C:/build/agent2/_work/11/s/src/ocaml-output/fstar/ulib/FStar.List.Tot.Properties.fst(856,12-856,18))
C:/build/agent2/_work/11/s/src/ocaml-output/fstar/ulib/FStar.List.Tot.Properties.fst(858,2-858,37): (Warning 252) could not prove post-condition (see also C:/build/agent2/_work/11/s/src/ocaml-output/fstar/ulib/FStar.List.Tot.Properties.fst(856,12-856,18))
C:/build/agent2/_work/11/s/src/ocaml-output/fstar/ulib/FStar.List.Tot.Properties.fst(887,2-888,24): (Warning 252) (Hint-replay failed): could not prove post-condition (see also C:/build/agent2/_work/11/s/src/ocaml-output/fstar/ulib/FStar.List.Tot.Properties.fst(886,12-886,18))
C:/build/agent2/_work/11/s/src/ocaml-output/fstar/ulib/FStar.Fin.fst(36,2-51,18): (Warning 252) (Hint-replay failed): could not prove post-condition (see also C:/build/agent2/_work/11/s/src/ocaml-output/fstar/ulib/FStar.Fin.fst(33,41-33,68))
C:/build/agent2/_work/11/s/src/ocaml-output/fstar/ulib/FStar.Fin.fst(36,2-51,18): (Warning 252) (Hint-replay failed): could not prove post-condition (see also C:/build/agent2/_work/11/s/src/ocaml-output/fstar/ulib/FStar.Fin.fst(33,41-33,68))
Loops.fst(131,4-134,52): (Warning 252) (Hint-replay failed): could not prove post-condition (see also Loops.fst(124,15-127,25))
Loops.fst(142,5-142,33): (Warning 252) (Hint-replay failed): could not prove post-condition (see also Loops.fst(140,11-141,45))
Memo.fst(118,14-118,16): (Warning 252) (Hint-replay failed): Subtyping check failed; expected type h0: Memo.heap{Memo.valid_memo h0 f}; got type Prims.list (Prims.int * Prims.int) (see also Memo.fst(111,12-111,27))
Memo.fst(118,14-118,16): (Warning 252) (Hint-replay failed): Subtyping check failed; expected type h0: Memo.heap{Memo.valid_memo h0 f}; got type Prims.list (Prims.int * Prims.int) (see also Memo.fst(111,12-111,27))
C:/build/agent2/_work/11/s/src/ocaml-output/fstar/ulib/FStar.Seq.Properties.fst(474,2-477,29): (Warning 252) (Hint-replay failed): could not prove post-condition (see also C:/build/agent2/_work/11/s/src/ocaml-output/fstar/ulib/FStar.Seq.Properties.fst(472,20-472,28))
C:/build/agent2/_work/11/s/src/ocaml-output/fstar/ulib/FStar.Monotonic.HyperStack.fst(373,4-373,33): (Warning 252) (Hint-replay failed): assertion failed (see also C:/build/agent2/_work/11/s/src/ocaml-output/fstar/ulib/FStar.Monotonic.HyperStack.fst(38,12-41,66))
C:/build/agent2/_work/11/s/src/ocaml-output/fstar/ulib/FStar.Monotonic.HyperStack.fst(373,4-373,33): (Warning 252) (Hint-replay failed): assertion failed (see also C:/build/agent2/_work/11/s/src/ocaml-output/fstar/ulib/FStar.Monotonic.HyperStack.fst(38,12-41,66))
Unable to open hints file: C:\build\agent2\_work\11\s\kremlin\kremlib\Spec.Loops.fst.hints; ran without hints
Point.fst(68,4-70,48): (Warning 252) (Hint-replay failed): assertion failed (see also C:\build\agent2\_work\11\s\src\ocaml-output\fstar\examples\dm4free\FStar.DM4F.Heap.ST.fst(20,93-20,101))
Point.fst(68,4-70,48): (Warning 252) assertion failed (see also C:\build\agent2\_work\11\s\src\ocaml-output\fstar\examples\dm4free\FStar.DM4F.Heap.ST.fst(20,93-20,101))
Point.fst(68,4-70,48): (Warning 252) assertion failed (see also C:\build\agent2\_work\11\s\src\ocaml-output\fstar\examples\dm4free\FStar.DM4F.Heap.ST.fst(20,93-20,101))
Point.fst(94,4-97,79): (Warning 252) (Hint-replay failed): assertion failed (see also C:\build\agent2\_work\11\s\src\ocaml-output\fstar\examples\dm4free\FStar.DM4F.Heap.ST.fst(20,93-20,101))
Point.fst(94,4-97,79): (Warning 252) assertion failed (see also C:\build\agent2\_work\11\s\src\ocaml-output\fstar\examples\dm4free\FStar.DM4F.Heap.ST.fst(20,93-20,101))
Point.fst(94,4-97,79): (Warning 252) assertion failed (see also C:\build\agent2\_work\11\s\src\ocaml-output\fstar\examples\dm4free\FStar.DM4F.Heap.ST.fst(20,93-20,101))
Point.fst(117,2-117,8): (Warning 252) (Hint-replay failed): assertion failed (see also Point.fst(117,9-117,68))
Point.fst(68,4-70,48): (Warning 252) (Hint-replay failed): assertion failed (see also C:\build\agent2\_work\11\s\src\ocaml-output\fstar\examples\dm4free\FStar.DM4F.Heap.ST.fst(20,93-20,101))
Point.fst(68,4-70,48): (Warning 252) assertion failed (see also C:\build\agent2\_work\11\s\src\ocaml-output\fstar\examples\dm4free\FStar.DM4F.Heap.ST.fst(20,93-20,101))
Point.fst(68,4-70,48): (Warning 252) assertion failed (see also C:\build\agent2\_work\11\s\src\ocaml-output\fstar\examples\dm4free\FStar.DM4F.Heap.ST.fst(20,93-20,101))
Point.fst(94,4-97,79): (Warning 252) (Hint-replay failed): assertion failed (see also C:\build\agent2\_work\11\s\src\ocaml-output\fstar\examples\dm4free\FStar.DM4F.Heap.ST.fst(20,93-20,101))
Point.fst(94,4-97,79): (Warning 252) assertion failed (see also C:\build\agent2\_work\11\s\src\ocaml-output\fstar\examples\dm4free\FStar.DM4F.Heap.ST.fst(20,93-20,101))
Point.fst(94,4-97,79): (Warning 252) assertion failed (see also C:\build\agent2\_work\11\s\src\ocaml-output\fstar\examples\dm4free\FStar.DM4F.Heap.ST.fst(20,93-20,101))
Test.HyperStack.fst(253,27-253,36): (Warning 288) FStar.HyperStack.ST.salloc_mm is deprecated, use use salloc instead instead
Test.HyperStack.fst(262,10-262,15): (Warning 288) FStar.HyperStack.ST.sfree is deprecated, use use salloc instead instead
Test.HyperStack.fst(272,27-272,36): (Warning 288) FStar.HyperStack.ST.salloc_mm is deprecated, use use salloc instead instead
Test.HyperStack.fst(80,2-83,14): (Warning 252) (Hint-replay failed): could not prove post-condition (see also C:\build\agent2\_work\11\s\src\ocaml-output\fstar\ulib\FStar.HyperStack.ST.fst(237,91-237,109))
Test.HyperStack.fst(100,2-104,3): (Warning 252) (Hint-replay failed): could not prove post-condition (see also C:\build\agent2\_work\11\s\src\ocaml-output\fstar\ulib\FStar.HyperStack.ST.fst(237,91-237,109))
(Warning 252) (Hint-replay failed): could not prove post-condition
(Warning 252) (Hint-replay failed): could not prove post-condition
(Warning 252) (Hint-replay failed): could not prove post-condition
Test.HyperStack.fst(182,2-186,3): (Warning 252) (Hint-replay failed): could not prove post-condition (see also C:\build\agent2\_work\11\s\src\ocaml-output\fstar\ulib\FStar.HyperStack.ST.fst(237,91-237,109))
Test.HyperStack.fst(192,2-196,4): (Warning 252) (Hint-replay failed): could not prove post-condition (see also C:\build\agent2\_work\11\s\src\ocaml-output\fstar\ulib\FStar.HyperStack.ST.fst(261,91-261,115))
(Warning 252) (Hint-replay failed): could not prove post-condition
Test.HyperStack.fst(214,2-218,4): (Warning 252) (Hint-replay failed): could not prove post-condition (see also C:\build\agent2\_work\11\s\src\ocaml-output\fstar\ulib\FStar.HyperStack.ST.fst(261,91-261,115))
ProgramEquivalence.fst(105,4-108,38): (Warning 252) (Hint-replay failed): assertion failed (see also C:\build\agent2\_work\11\s\src\ocaml-output\fstar\examples\dm4free\FStar.DM4F.Heap.ST.fst(20,93-20,101))
ProgramEquivalence.fst(105,4-108,38): (Warning 252) assertion failed (see also C:\build\agent2\_work\11\s\src\ocaml-output\fstar\examples\dm4free\FStar.DM4F.Heap.ST.fst(20,93-20,101))
ProgramEquivalence.fst(105,4-108,38): (Warning 252) assertion failed (see also C:\build\agent2\_work\11\s\src\ocaml-output\fstar\examples\dm4free\FStar.DM4F.Heap.ST.fst(20,93-20,101))
ProgramEquivalence.fst(156,3-159,38): (Warning 252) (Hint-replay failed): could not prove post-condition (see also ProgramEquivalence.fst(154,20-154,65))
C:\build\agent2\_work\11\s\src\ocaml-output\fstar\ulib\prims.fst(243,30-243,42): (Warning 252) assertion failed (see also C:\build\agent2\_work\11\s\src\ocaml-output\fstar\ulib\prims.fst(215,68-215,80))
C:\build\agent2\_work\11\s\src\ocaml-output\fstar\ulib\prims.fst(243,30-243,42): (Warning 252) assertion failed (see also C:\build\agent2\_work\11\s\src\ocaml-output\fstar\ulib\prims.fst(215,68-215,80))
C:\build\agent2\_work\11\s\src\ocaml-output\fstar\ulib\prims.fst(243,30-243,42): (Warning 252) assertion failed (see also C:\build\agent2\_work\11\s\src\ocaml-output\fstar\ulib\prims.fst(215,68-215,80))
C:\build\agent2\_work\11\s\src\ocaml-output\fstar\ulib\prims.fst(243,30-243,42): (Warning 252) assertion failed (see also C:\build\agent2\_work\11\s\src\ocaml-output\fstar\ulib\prims.fst(215,68-215,80))
File "out_ExtractionBug2/ExtractionBug2.ml", line 13, characters 20-56:
Warning 8: this pattern-matching is not exhaustive.
Here is an example of a case that is not matched:
Nil
NegativeTests.BST.fst(22,38-22,42): (Warning 252) Subtyping check failed; expected type right:
FStar.Pervasives.Native.option (NegativeTests.BST.tree 2)
{ 0 <= 1 /\ 1 <= 2 /\ None? right <==> (1 = 2) /\
None? (FStar.Pervasives.Native.None) <==> (1 = 0) }; got type FStar.Pervasives.Native.option (NegativeTests.BST.tree 2) (see also NegativeTests.BST.fst(12,37-12,48))
NegativeTests.BST.fst(22,38-22,42): (Warning 252) Subtyping check failed; expected type right:
FStar.Pervasives.Native.option (NegativeTests.BST.tree 2)
{ 0 <= 1 /\ 1 <= 2 /\ None? right <==> (1 = 2) /\
None? (FStar.Pervasives.Native.None) <==> (1 = 0) }; got type FStar.Pervasives.Native.option (NegativeTests.BST.tree 2) (see also NegativeTests.BST.fst(12,37-12,48))
NegativeTests.BST.fst(22,38-22,42): (Warning 252) Subtyping check failed; expected type right:
FStar.Pervasives.Native.option (NegativeTests.BST.tree 2)
{ 0 <= 1 /\ 1 <= 2 /\ None? right <==> (1 = 2) /\
None? (FStar.Pervasives.Native.None) <==> (1 = 0) }; got type FStar.Pervasives.Native.option (NegativeTests.BST.tree 2) (see also NegativeTests.BST.fst(12,37-12,48))
NegativeTests.BST.fst(22,38-22,42): (Warning 252) Subtyping check failed; expected type right:
FStar.Pervasives.Native.option (NegativeTests.BST.tree 2)
{ 0 <= 1 /\ 1 <= 2 /\ None? right <==> (1 = 2) /\
None? (FStar.Pervasives.Native.None) <==> (1 = 0) }; got type FStar.Pervasives.Native.option (NegativeTests.BST.tree 2) (see also NegativeTests.BST.fst(12,37-12,48))
NegativeTests.BST.fst(25,61-25,65): (Warning 252) Subtyping check failed; expected type right:
FStar.Pervasives.Native.option (NegativeTests.BST.tree (l + 1))
{ l <= l /\ l <= l + 1 /\ None? right <==> (l = l + 1) /\
None? (FStar.Pervasives.Native.Some t) <==> (l = l) }; got type FStar.Pervasives.Native.option (NegativeTests.BST.tree (l + 1)) (see also NegativeTests.BST.fst(12,36-12,58))
NegativeTests.BST.fst(25,61-25,65): (Warning 252) Subtyping check failed; expected type right:
FStar.Pervasives.Native.option (NegativeTests.BST.tree (l + 1))
{ l <= l /\ l <= l + 1 /\ None? right <==> (l = l + 1) /\
None? (FStar.Pervasives.Native.Some t) <==> (l = l) }; got type FStar.Pervasives.Native.option (NegativeTests.BST.tree (l + 1)) (see also NegativeTests.BST.fst(12,36-12,58))
NegativeTests.BST.fst(25,61-25,65): (Warning 252) Subtyping check failed; expected type right:
FStar.Pervasives.Native.option (NegativeTests.BST.tree (l + 1))
{ l <= l /\ l <= l + 1 /\ None? right <==> (l = l + 1) /\
None? (FStar.Pervasives.Native.Some t) <==> (l = l) }; got type FStar.Pervasives.Native.option (NegativeTests.BST.tree (l + 1)) (see also NegativeTests.BST.fst(12,36-12,58))
NegativeTests.BST.fst(25,61-25,65): (Warning 252) Subtyping check failed; expected type right:
FStar.Pervasives.Native.option (NegativeTests.BST.tree (l + 1))
{ l <= l /\ l <= l + 1 /\ None? right <==> (l = l + 1) /\
None? (FStar.Pervasives.Native.Some t) <==> (l = l) }; got type FStar.Pervasives.Native.option (NegativeTests.BST.tree (l + 1)) (see also NegativeTests.BST.fst(12,36-12,58))
NegativeTests.BST.fst(28,78-28,87): (Warning 252) Subtyping check failed; expected type right:
FStar.Pervasives.Native.option (NegativeTests.BST.tree (l + 1))
{ l <= l + 1 /\ l + 1 <= l + 1 /\ None? right <==> (l + 1 = l + 1) /\
None? (FStar.Pervasives.Native.Some t1) <==> (l + 1 = l) }; got type FStar.Pervasives.Native.option (NegativeTests.BST.tree (l + 1)) (see also NegativeTests.BST.fst(12,37-12,48))
NegativeTests.BST.fst(28,78-28,87): (Warning 252) Subtyping check failed; expected type right:
FStar.Pervasives.Native.option (NegativeTests.BST.tree (l + 1))
{ l <= l + 1 /\ l + 1 <= l + 1 /\ None? right <==> (l + 1 = l + 1) /\
None? (FStar.Pervasives.Native.Some t1) <==> (l + 1 = l) }; got type FStar.Pervasives.Native.option (NegativeTests.BST.tree (l + 1)) (see also NegativeTests.BST.fst(12,37-12,48))
NegativeTests.BST.fst(28,78-28,87): (Warning 252) Subtyping check failed; expected type right:
FStar.Pervasives.Native.option (NegativeTests.BST.tree (l + 1))
{ l <= l + 1 /\ l + 1 <= l + 1 /\ None? right <==> (l + 1 = l + 1) /\
None? (FStar.Pervasives.Native.Some t1) <==> (l + 1 = l) }; got type FStar.Pervasives.Native.option (NegativeTests.BST.tree (l + 1)) (see also NegativeTests.BST.fst(12,37-12,48))
NegativeTests.BST.fst(28,78-28,87): (Warning 252) Subtyping check failed; expected type right:
FStar.Pervasives.Native.option (NegativeTests.BST.tree (l + 1))
{ l <= l + 1 /\ l + 1 <= l + 1 /\ None? right <==> (l + 1 = l + 1) /\
None? (FStar.Pervasives.Native.Some t1) <==> (l + 1 = l) }; got type FStar.Pervasives.Native.option (NegativeTests.BST.tree (l + 1)) (see also NegativeTests.BST.fst(12,37-12,48))
C:/build/agent2/_work/11/s/src/ocaml-output/fstar/ulib/FStar.Buffer.fst(65,4-65,10): (Warning 252) (Hint-replay failed): Subtyping check failed; expected type Prims.nat; got type FStar.UInt.uint_t FStar.UInt32.n (see also C:/build/agent2/_work/11/s/src/ocaml-output/fstar/ulib/prims.fst(408,17-408,23))
NegativeTests.Heap.fst(11,14-11,20): (Warning 252) assertion failed (see also NegativeTests.Heap.fst(11,21-11,54))
NegativeTests.Heap.fst(11,14-11,20): (Warning 252) assertion failed (see also NegativeTests.Heap.fst(11,21-11,54))
NegativeTests.Heap.fst(11,14-11,20): (Warning 252) assertion failed (see also NegativeTests.Heap.fst(11,21-11,54))
NegativeTests.Heap.fst(11,14-11,20): (Warning 252) assertion failed (see also NegativeTests.Heap.fst(11,21-11,54))
NegativeTests.ShortCircuiting.fst(6,16-6,33): (Warning 252) Subtyping check failed; expected type b: Prims.bool{NegativeTests.ShortCircuiting.bad_p b}; got type Prims.bool (see also NegativeTests.ShortCircuiting.fst(4,31-4,38))
NegativeTests.ShortCircuiting.fst(6,16-6,33): (Warning 252) Subtyping check failed; expected type b: Prims.bool{NegativeTests.ShortCircuiting.bad_p b}; got type Prims.bool (see also NegativeTests.ShortCircuiting.fst(4,31-4,38))
NegativeTests.ShortCircuiting.fst(6,16-6,33): (Warning 252) Subtyping check failed; expected type b: Prims.bool{NegativeTests.ShortCircuiting.bad_p b}; got type Prims.bool (see also NegativeTests.ShortCircuiting.fst(4,31-4,38))
NegativeTests.ShortCircuiting.fst(6,16-6,33): (Warning 252) Subtyping check failed; expected type b: Prims.bool{NegativeTests.ShortCircuiting.bad_p b}; got type Prims.bool (see also NegativeTests.ShortCircuiting.fst(4,31-4,38))
C:\build\agent2\_work\11\s\src\ocaml-output\fstar\ulib\prims.fst(243,30-243,42): (Warning 252) assertion failed (see also C:\build\agent2\_work\11\s\src\ocaml-output\fstar\ulib\prims.fst(215,68-215,80))
C:\build\agent2\_work\11\s\src\ocaml-output\fstar\ulib\prims.fst(243,30-243,42): (Warning 252) assertion failed (see also C:\build\agent2\_work\11\s\src\ocaml-output\fstar\ulib\prims.fst(215,68-215,80))
C:\build\agent2\_work\11\s\src\ocaml-output\fstar\ulib\prims.fst(243,30-243,42): (Warning 252) assertion failed (see also C:\build\agent2\_work\11\s\src\ocaml-output\fstar\ulib\prims.fst(215,68-215,80))
C:\build\agent2\_work\11\s\src\ocaml-output\fstar\ulib\prims.fst(243,30-243,42): (Warning 252) assertion failed (see also C:\build\agent2\_work\11\s\src\ocaml-output\fstar\ulib\prims.fst(215,68-215,80))
NegativeTests.Bug260.fst(11,12-11,19): (Warning 252) Subtyping check failed; expected type NegativeTests.Bug260.validity (NegativeTests.Bug260.S (NegativeTests.Bug260.S t)); got type NegativeTests.Bug260.validity (NegativeTests.Bug260.S t) (see also NegativeTests.Bug260.fst(8,37-11,9))
NegativeTests.Bug260.fst(11,12-11,19): (Warning 252) Subtyping check failed; expected type NegativeTests.Bug260.validity (NegativeTests.Bug260.S (NegativeTests.Bug260.S t)); got type NegativeTests.Bug260.validity (NegativeTests.Bug260.S t) (see also NegativeTests.Bug260.fst(8,37-11,9))
NegativeTests.Bug260.fst(11,12-11,19): (Warning 252) Subtyping check failed; expected type NegativeTests.Bug260.validity (NegativeTests.Bug260.S (NegativeTests.Bug260.S t)); got type NegativeTests.Bug260.validity (NegativeTests.Bug260.S t) (see also NegativeTests.Bug260.fst(8,37-11,9))
NegativeTests.Bug260.fst(11,12-11,19): (Warning 252) Subtyping check failed; expected type NegativeTests.Bug260.validity (NegativeTests.Bug260.S (NegativeTests.Bug260.S t)); got type NegativeTests.Bug260.validity (NegativeTests.Bug260.S t) (see also NegativeTests.Bug260.fst(8,37-11,9))
NegativeTests.Neg.fst(5,8-5,10): (Warning 252) Subtyping check failed; expected type Prims.nat; got type Prims.int (see also C:\build\agent2\_work\11\s\src\ocaml-output\fstar\ulib\prims.fst(408,17-408,23))
NegativeTests.Neg.fst(5,8-5,10): (Warning 252) Subtyping check failed; expected type Prims.nat; got type Prims.int (see also C:\build\agent2\_work\11\s\src\ocaml-output\fstar\ulib\prims.fst(408,17-408,23))
NegativeTests.Neg.fst(5,8-5,10): (Warning 252) Subtyping check failed; expected type Prims.nat; got type Prims.int (see also C:\build\agent2\_work\11\s\src\ocaml-output\fstar\ulib\prims.fst(408,17-408,23))
NegativeTests.Neg.fst(5,8-5,10): (Warning 252) Subtyping check failed; expected type Prims.nat; got type Prims.int (see also C:\build\agent2\_work\11\s\src\ocaml-output\fstar\ulib\prims.fst(408,17-408,23))
NegativeTests.Neg.fst(8,8-8,10): (Warning 252) Subtyping check failed; expected type Prims.nat; got type Prims.int (see also C:\build\agent2\_work\11\s\src\ocaml-output\fstar\ulib\prims.fst(408,17-408,23))
NegativeTests.Neg.fst(8,8-8,10): (Warning 252) Subtyping check failed; expected type Prims.nat; got type Prims.int (see also C:\build\agent2\_work\11\s\src\ocaml-output\fstar\ulib\prims.fst(408,17-408,23))
NegativeTests.Neg.fst(8,8-8,10): (Warning 252) Subtyping check failed; expected type Prims.nat; got type Prims.int (see also C:\build\agent2\_work\11\s\src\ocaml-output\fstar\ulib\prims.fst(408,17-408,23))
NegativeTests.Neg.fst(8,8-8,10): (Warning 252) Subtyping check failed; expected type Prims.nat; got type Prims.int (see also C:\build\agent2\_work\11\s\src\ocaml-output\fstar\ulib\prims.fst(408,17-408,23))
NegativeTests.Neg.fst(11,23-11,29): (Warning 252) assertion failed (see also NegativeTests.Neg.fst(11,30-11,35))
NegativeTests.Neg.fst(11,23-11,29): (Warning 252) assertion failed (see also NegativeTests.Neg.fst(11,30-11,35))
NegativeTests.Neg.fst(11,23-11,29): (Warning 252) assertion failed (see also NegativeTests.Neg.fst(11,30-11,35))
NegativeTests.Neg.fst(11,23-11,29): (Warning 252) assertion failed (see also NegativeTests.Neg.fst(11,30-11,35))
NegativeTests.Neg.fst(14,28-15,15): (Warning 252) Patterns are incomplete
NegativeTests.Neg.fst(14,28-15,15): (Warning 252) Patterns are incomplete
NegativeTests.Neg.fst(14,28-15,15): (Warning 252) Patterns are incomplete
NegativeTests.Neg.fst(14,28-15,15): (Warning 252) Patterns are incomplete
NegativeTests.Neg.fst(22,32-22,42): (Warning 252) assertion failed (see also NegativeTests.Neg.fst(17,44-17,57))
NegativeTests.Neg.fst(22,32-22,42): (Warning 252) assertion failed (see also NegativeTests.Neg.fst(17,44-17,57))
NegativeTests.Neg.fst(22,32-22,42): (Warning 252) assertion failed (see also NegativeTests.Neg.fst(17,44-17,57))
NegativeTests.Neg.fst(22,32-22,42): (Warning 252) assertion failed (see also NegativeTests.Neg.fst(17,44-17,57))
NegativeTests.Neg.fst(26,33-26,34): (Warning 252) could not prove post-condition (see also NegativeTests.Neg.fst(24,83-24,88))
NegativeTests.Neg.fst(26,33-26,34): (Warning 252) could not prove post-condition (see also NegativeTests.Neg.fst(24,83-24,88))
NegativeTests.Neg.fst(26,33-26,34): (Warning 252) could not prove post-condition (see also NegativeTests.Neg.fst(24,83-24,88))
NegativeTests.Neg.fst(26,33-26,34): (Warning 252) could not prove post-condition (see also NegativeTests.Neg.fst(24,83-24,88))
NegativeTests.Neg.fst(30,30-30,31): (Warning 252) Subtyping check failed; expected type _: FStar.Pervasives.Native.option 'a {Some? _}; got type FStar.Pervasives.Native.option 'a (see also C:\build\agent2\_work\11\s\src\ocaml-output\fstar\ulib\FStar.Pervasives.Native.fst(6,4-6,8))
NegativeTests.Neg.fst(30,30-30,31): (Warning 252) Subtyping check failed; expected type _: FStar.Pervasives.Native.option 'a {Some? _}; got type FStar.Pervasives.Native.option 'a (see also C:\build\agent2\_work\11\s\src\ocaml-output\fstar\ulib\FStar.Pervasives.Native.fst(6,4-6,8))
NegativeTests.Neg.fst(30,30-30,31): (Warning 252) Subtyping check failed; expected type _: FStar.Pervasives.Native.option 'a {Some? _}; got type FStar.Pervasives.Native.option 'a (see also C:\build\agent2\_work\11\s\src\ocaml-output\fstar\ulib\FStar.Pervasives.Native.fst(6,4-6,8))
NegativeTests.Neg.fst(30,30-30,31): (Warning 252) Subtyping check failed; expected type _: FStar.Pervasives.Native.option 'a {Some? _}; got type FStar.Pervasives.Native.option 'a (see also C:\build\agent2\_work\11\s\src\ocaml-output\fstar\ulib\FStar.Pervasives.Native.fst(6,4-6,8))
NegativeTests.Neg.fst(34,45-34,47): (Warning 252) Subtyping check failed; expected type _: FStar.Pervasives.result Prims.int {V? _}; got type FStar.Pervasives.result Prims.int (see also C:\build\agent2\_work\11\s\src\ocaml-output\fstar\ulib\FStar.Pervasives.fst(88,4-88,5))
NegativeTests.Neg.fst(34,45-34,47): (Warning 252) Subtyping check failed; expected type _: FStar.Pervasives.result Prims.int {V? _}; got type FStar.Pervasives.result Prims.int (see also C:\build\agent2\_work\11\s\src\ocaml-output\fstar\ulib\FStar.Pervasives.fst(88,4-88,5))
NegativeTests.Neg.fst(34,45-34,47): (Warning 252) Subtyping check failed; expected type _: FStar.Pervasives.result Prims.int {V? _}; got type FStar.Pervasives.result Prims.int (see also C:\build\agent2\_work\11\s\src\ocaml-output\fstar\ulib\FStar.Pervasives.fst(88,4-88,5))
NegativeTests.Neg.fst(34,45-34,47): (Warning 252) Subtyping check failed; expected type _: FStar.Pervasives.result Prims.int {V? _}; got type FStar.Pervasives.result Prims.int (see also C:\build\agent2\_work\11\s\src\ocaml-output\fstar\ulib\FStar.Pervasives.fst(88,4-88,5))
NegativeTests.Neg.fst(39,25-39,26): (Warning 252) Subtyping check failed; expected type Prims.nat; got type Prims.int (see also C:\build\agent2\_work\11\s\src\ocaml-output\fstar\ulib\prims.fst(408,17-408,23))
NegativeTests.Neg.fst(39,25-39,26): (Warning 252) Subtyping check failed; expected type Prims.nat; got type Prims.int (see also C:\build\agent2\_work\11\s\src\ocaml-output\fstar\ulib\prims.fst(408,17-408,23))
NegativeTests.Neg.fst(39,25-39,26): (Warning 252) Subtyping check failed; expected type Prims.nat; got type Prims.int (see also C:\build\agent2\_work\11\s\src\ocaml-output\fstar\ulib\prims.fst(408,17-408,23))
NegativeTests.Neg.fst(39,25-39,26): (Warning 252) Subtyping check failed; expected type Prims.nat; got type Prims.int (see also C:\build\agent2\_work\11\s\src\ocaml-output\fstar\ulib\prims.fst(408,17-408,23))
NegativeTests.Termination.fst(6,26-6,27): (Warning 252) Subtyping check failed; expected type m: Prims.int{m << %[ m; l ]}; got type Prims.int (see also NegativeTests.Termination.fst(6,20-6,29))
NegativeTests.Termination.fst(6,26-6,27): (Warning 252) Subtyping check failed; expected type m: Prims.int{m << %[ m; l ]}; got type Prims.int (see also NegativeTests.Termination.fst(6,20-6,29))
NegativeTests.Termination.fst(6,26-6,27): (Warning 252) Subtyping check failed; expected type m: Prims.int{m << %[ m; l ]}; got type Prims.int (see also NegativeTests.Termination.fst(6,20-6,29))
NegativeTests.Termination.fst(6,26-6,27): (Warning 252) Subtyping check failed; expected type m: Prims.int{m << %[ m; l ]}; got type Prims.int (see also NegativeTests.Termination.fst(6,20-6,29))
NegativeTests.Termination.fst(13,26-13,35): (Warning 252) Subtyping check failed; expected type _: Prims.int{%[ n; _ ] << %[ n; count ]}; got type Prims.int (see also NegativeTests.Termination.fst(11,2-13,35))
NegativeTests.Termination.fst(13,26-13,35): (Warning 252) Subtyping check failed; expected type _: Prims.int{%[ n; _ ] << %[ n; count ]}; got type Prims.int (see also NegativeTests.Termination.fst(11,2-13,35))
NegativeTests.Termination.fst(13,26-13,35): (Warning 252) Subtyping check failed; expected type _: Prims.int{%[ n; _ ] << %[ n; count ]}; got type Prims.int (see also NegativeTests.Termination.fst(11,2-13,35))
NegativeTests.Termination.fst(13,26-13,35): (Warning 252) Subtyping check failed; expected type _: Prims.int{%[ n; _ ] << %[ n; count ]}; got type Prims.int (see also NegativeTests.Termination.fst(11,2-13,35))
NegativeTests.Termination.fst(20,43-20,44): (Warning 252) Subtyping check failed; expected type n: Prims.int{%[ m - 1; n ] << %[ m; n ]}; got type Prims.int (see also NegativeTests.Termination.fst(19,2-21,54))
NegativeTests.Termination.fst(20,43-20,44): (Warning 252) Subtyping check failed; expected type n: Prims.int{%[ m - 1; n ] << %[ m; n ]}; got type Prims.int (see also NegativeTests.Termination.fst(19,2-21,54))
NegativeTests.Termination.fst(20,43-20,44): (Warning 252) Subtyping check failed; expected type n: Prims.int{%[ m - 1; n ] << %[ m; n ]}; got type Prims.int (see also NegativeTests.Termination.fst(19,2-21,54))
NegativeTests.Termination.fst(20,43-20,44): (Warning 252) Subtyping check failed; expected type n: Prims.int{%[ m - 1; n ] << %[ m; n ]}; got type Prims.int (see also NegativeTests.Termination.fst(19,2-21,54))
NegativeTests.Termination.fst(27,28-27,29): (Warning 252) Subtyping check failed; expected type _: Prims.list 'a {_ << l}; got type Prims.list 'a (see also NegativeTests.Termination.fst(25,23-27,29))
NegativeTests.Termination.fst(27,28-27,29): (Warning 252) Subtyping check failed; expected type _: Prims.list 'a {_ << l}; got type Prims.list 'a (see also NegativeTests.Termination.fst(25,23-27,29))
NegativeTests.Termination.fst(27,28-27,29): (Warning 252) Subtyping check failed; expected type _: Prims.list 'a {_ << l}; got type Prims.list 'a (see also NegativeTests.Termination.fst(25,23-27,29))
NegativeTests.Termination.fst(27,28-27,29): (Warning 252) Subtyping check failed; expected type _: Prims.list 'a {_ << l}; got type Prims.list 'a (see also NegativeTests.Termination.fst(25,23-27,29))
NegativeTests.Termination.fst(40,15-40,29): (Warning 252) Subtyping check failed; expected type x: Prims.nat{x <= v} -> Prims.Tot Prims.nat; got type _: _: Prims.nat{_ << v} -> Prims.Tot Prims.nat (see also NegativeTests.Termination.fst(38,2-40,29))
NegativeTests.Termination.fst(40,15-40,29): (Warning 252) Subtyping check failed; expected type x: Prims.nat{x <= v} -> Prims.Tot Prims.nat; got type _: _: Prims.nat{_ << v} -> Prims.Tot Prims.nat (see also NegativeTests.Termination.fst(38,2-40,29))
NegativeTests.Termination.fst(40,15-40,29): (Warning 252) Subtyping check failed; expected type x: Prims.nat{x <= v} -> Prims.Tot Prims.nat; got type _: _: Prims.nat{_ << v} -> Prims.Tot Prims.nat (see also NegativeTests.Termination.fst(38,2-40,29))
NegativeTests.Termination.fst(40,15-40,29): (Warning 252) Subtyping check failed; expected type x: Prims.nat{x <= v} -> Prims.Tot Prims.nat; got type _: _: Prims.nat{_ << v} -> Prims.Tot Prims.nat (see also NegativeTests.Termination.fst(38,2-40,29))
NegativeTests.Termination.fst(52,19-52,29): (Warning 252) Subtyping check failed; expected type _: NegativeTests.Termination.snat{_ << n}; got type NegativeTests.Termination.snat (see also NegativeTests.Termination.fst(49,2-52,29))
NegativeTests.Termination.fst(52,19-52,29): (Warning 252) Subtyping check failed; expected type _: NegativeTests.Termination.snat{_ << n}; got type NegativeTests.Termination.snat (see also NegativeTests.Termination.fst(49,2-52,29))
NegativeTests.Termination.fst(52,19-52,29): (Warning 252) Subtyping check failed; expected type _: NegativeTests.Termination.snat{_ << n}; got type NegativeTests.Termination.snat (see also NegativeTests.Termination.fst(49,2-52,29))
NegativeTests.Termination.fst(52,19-52,29): (Warning 252) Subtyping check failed; expected type _: NegativeTests.Termination.snat{_ << n}; got type NegativeTests.Termination.snat (see also NegativeTests.Termination.fst(49,2-52,29))
NegativeTests.Termination.fst(60,34-60,35): (Warning 252) Subtyping check failed; expected type _:
NegativeTests.Termination.snat
{%[ NegativeTests.Termination.S (NegativeTests.Termination.S n'); _ ] << %[ n; m ]}; got type NegativeTests.Termination.snat (see also NegativeTests.Termination.fst(57,2-60,35))
NegativeTests.Termination.fst(60,34-60,35): (Warning 252) Subtyping check failed; expected type _:
NegativeTests.Termination.snat
{%[ NegativeTests.Termination.S (NegativeTests.Termination.S n'); _ ] << %[ n; m ]}; got type NegativeTests.Termination.snat (see also NegativeTests.Termination.fst(57,2-60,35))
NegativeTests.Termination.fst(60,34-60,35): (Warning 252) Subtyping check failed; expected type _:
NegativeTests.Termination.snat
{%[ NegativeTests.Termination.S (NegativeTests.Termination.S n'); _ ] << %[ n; m ]}; got type NegativeTests.Termination.snat (see also NegativeTests.Termination.fst(57,2-60,35))
NegativeTests.Termination.fst(60,34-60,35): (Warning 252) Subtyping check failed; expected type _:
NegativeTests.Termination.snat
{%[ NegativeTests.Termination.S (NegativeTests.Termination.S n'); _ ] << %[ n; m ]}; got type NegativeTests.Termination.snat (see also NegativeTests.Termination.fst(57,2-60,35))
NegativeTests.Termination.fst(65,2-67,14): (Warning 252) Patterns are incomplete
NegativeTests.Termination.fst(65,2-67,14): (Warning 252) Patterns are incomplete
NegativeTests.Termination.fst(65,2-67,14): (Warning 252) Patterns are incomplete
NegativeTests.Termination.fst(65,2-67,14): (Warning 252) Patterns are incomplete
NegativeTests.Termination.fst(74,29-74,31): (Warning 252) Subtyping check failed; expected type _: NegativeTests.Termination.snat{%[ NegativeTests.Termination.S n'; _ ] << %[ n; m ]}; got type NegativeTests.Termination.snat (see also NegativeTests.Termination.fst(72,2-74,31))
NegativeTests.Termination.fst(74,29-74,31): (Warning 252) Subtyping check failed; expected type _: NegativeTests.Termination.snat{%[ NegativeTests.Termination.S n'; _ ] << %[ n; m ]}; got type NegativeTests.Termination.snat (see also NegativeTests.Termination.fst(72,2-74,31))
NegativeTests.Termination.fst(74,29-74,31): (Warning 252) Subtyping check failed; expected type _: NegativeTests.Termination.snat{%[ NegativeTests.Termination.S n'; _ ] << %[ n; m ]}; got type NegativeTests.Termination.snat (see also NegativeTests.Termination.fst(72,2-74,31))
NegativeTests.Termination.fst(74,29-74,31): (Warning 252) Subtyping check failed; expected type _: NegativeTests.Termination.snat{%[ NegativeTests.Termination.S n'; _ ] << %[ n; m ]}; got type NegativeTests.Termination.snat (see also NegativeTests.Termination.fst(72,2-74,31))
NegativeTests.Termination.fst(81,20-81,26): (Warning 252) Subtyping check failed; expected type _: NegativeTests.Termination.snat{_ << n}; got type NegativeTests.Termination.snat (see also NegativeTests.Termination.fst(79,2-81,26))
NegativeTests.Termination.fst(81,20-81,26): (Warning 252) Subtyping check failed; expected type _: NegativeTests.Termination.snat{_ << n}; got type NegativeTests.Termination.snat (see also NegativeTests.Termination.fst(79,2-81,26))
NegativeTests.Termination.fst(81,20-81,26): (Warning 252) Subtyping check failed; expected type _: NegativeTests.Termination.snat{_ << n}; got type NegativeTests.Termination.snat (see also NegativeTests.Termination.fst(79,2-81,26))
NegativeTests.Termination.fst(81,20-81,26): (Warning 252) Subtyping check failed; expected type _: NegativeTests.Termination.snat{_ << n}; got type NegativeTests.Termination.snat (see also NegativeTests.Termination.fst(79,2-81,26))
NegativeTests.False.fst(8,13-8,33): (Warning 252) assertion failed (see also C:\build\agent2\_work\11\s\src\ocaml-output\fstar\ulib\prims.fst(209,69-209,78))
NegativeTests.False.fst(8,13-8,33): (Warning 252) assertion failed (see also C:\build\agent2\_work\11\s\src\ocaml-output\fstar\ulib\prims.fst(209,69-209,78))
NegativeTests.False.fst(8,13-8,33): (Warning 252) assertion failed (see also C:\build\agent2\_work\11\s\src\ocaml-output\fstar\ulib\prims.fst(209,69-209,78))
NegativeTests.False.fst(8,13-8,33): (Warning 252) assertion failed (see also C:\build\agent2\_work\11\s\src\ocaml-output\fstar\ulib\prims.fst(209,69-209,78))
NegativeTests.Set.fst(13,9-13,30): (Warning 252) assertion failed
NegativeTests.Set.fst(13,9-13,30): (Warning 252) assertion failed
NegativeTests.Set.fst(13,9-13,30): (Warning 252) assertion failed
NegativeTests.Set.fst(13,9-13,30): (Warning 252) assertion failed
NegativeTests.Set.fst(18,9-18,67): (Warning 252) assertion failed
NegativeTests.Set.fst(18,9-18,67): (Warning 252) assertion failed
NegativeTests.Set.fst(18,9-18,67): (Warning 252) assertion failed
NegativeTests.Set.fst(18,9-18,67): (Warning 252) assertion failed
NegativeTests.Set.fst(23,9-23,52): (Warning 252) assertion failed
NegativeTests.Set.fst(23,9-23,52): (Warning 252) assertion failed
NegativeTests.Set.fst(23,9-23,52): (Warning 252) assertion failed
NegativeTests.Set.fst(23,9-23,52): (Warning 252) assertion failed
C:/build/agent2/_work/11/s/src/ocaml-output/fstar/ulib/FStar.Integers.fst(440,5-454,43): (Warning 252) (Hint-replay failed): Patterns are incomplete
Unable to open hints file: C:\build\agent2\_work\11\s\kremlin\kremlib\C.Loops.fst.hints; ran without hints
C:/build/agent2/_work/11/s/src/ocaml-output/fstar/ulib/FStar.List.Tot.Properties.fst(858,2-858,37): (Warning 252) (Hint-replay failed): could not prove post-condition (see also C:/build/agent2/_work/11/s/src/ocaml-output/fstar/ulib/FStar.List.Tot.Properties.fst(856,12-856,18))
C:/build/agent2/_work/11/s/src/ocaml-output/fstar/ulib/FStar.List.Tot.Properties.fst(858,2-858,37): (Warning 252) could not prove post-condition (see also C:/build/agent2/_work/11/s/src/ocaml-output/fstar/ulib/FStar.List.Tot.Properties.fst(856,12-856,18))
C:/build/agent2/_work/11/s/src/ocaml-output/fstar/ulib/FStar.List.Tot.Properties.fst(887,2-888,24): (Warning 252) (Hint-replay failed): could not prove post-condition (see also C:/build/agent2/_work/11/s/src/ocaml-output/fstar/ulib/FStar.List.Tot.Properties.fst(886,12-886,18))
MiniParse.Spec.Combinators.fst(356,70-356,74): (Warning 252) (Hint-replay failed): Subtyping check failed; expected type j: Prims.nat{0 <= j && j <= FStar.Seq.Base.length (FStar.Seq.Base.slice x' 0 off_x')}; got type MiniParse.Spec.Base.consumed_length x (see also MiniParse.Spec.Combinators.fst(353,18-353,22))
MiniParse.Spec.Combinators.fst(354,3-354,9): (Warning 252) assertion failed (see also MiniParse.Spec.Combinators.fst(354,10-354,23))
MiniParse.Spec.Combinators.fst(483,2-483,8): (Warning 252) (Hint-replay failed): assertion failed (see also MiniParse.Spec.Combinators.fst(483,9-483,72))
MiniParse.Spec.Combinators.fst(551,9-551,26): (Warning 252) (Hint-replay failed): Subtyping check failed; expected type f:
MiniParse.Spec.Base.bare_parser t'
{ MiniParse.Spec.Base.no_lookahead_weak f /\ MiniParse.Spec.Base.injective f /\
MiniParse.Spec.Base.no_lookahead f }; got type MiniParse.Spec.Base.bare_parser t' (see also MiniParse.Spec.Base.fst(227,4-227,15))
MiniParse.Spec.Combinators.fst(551,9-551,26): (Warning 252) (Hint-replay failed): Subtyping check failed; expected type f:
MiniParse.Spec.Base.bare_parser t'
{ MiniParse.Spec.Base.no_lookahead_weak f /\ MiniParse.Spec.Base.injective f /\
MiniParse.Spec.Base.no_lookahead f }; got type MiniParse.Spec.Base.bare_parser t' (see also MiniParse.Spec.Base.fst(227,4-227,15))
MiniParse.Spec.List.fst(133,54-133,65): (Warning 288) FStar.Seq.Base.createEmpty is deprecated, use Seq.empty instead
MiniParse.Spec.List.fst(111,25-111,34): (Warning 252) (Hint-replay failed): assertion failed (see also MiniParse.Spec.Base.fst(328,41-328,63))
MiniParse.Spec.List.fst(111,25-111,34): (Warning 252) (Hint-replay failed): assertion failed (see also MiniParse.Spec.Base.fst(328,41-328,63))
Unable to open hints file: C:\build\agent2\_work\11\s\kremlin\kremlib\C.Loops.fst.hints; ran without hints
C:/build/agent2/_work/11/s/src/ocaml-output/fstar/ulib/FStar.Seq.Properties.fst(474,2-477,29): (Warning 252) (Hint-replay failed): could not prove post-condition (see also C:/build/agent2/_work/11/s/src/ocaml-output/fstar/ulib/FStar.Seq.Properties.fst(472,20-472,28))
C:/build/agent2/_work/11/s/src/ocaml-output/fstar/ulib/FStar.Monotonic.HyperStack.fst(373,4-373,33): (Warning 252) (Hint-replay failed): assertion failed (see also C:/build/agent2/_work/11/s/src/ocaml-output/fstar/ulib/FStar.Monotonic.HyperStack.fst(38,12-41,66))
C:/build/agent2/_work/11/s/src/ocaml-output/fstar/ulib/FStar.Monotonic.HyperStack.fst(373,4-373,33): (Warning 252) (Hint-replay failed): assertion failed (see also C:/build/agent2/_work/11/s/src/ocaml-output/fstar/ulib/FStar.Monotonic.HyperStack.fst(38,12-41,66))
PatAnnot.fst(10,8-10,9): (Warning 252) Subtyping check failed; expected type Prims.squash Prims.l_False; got type Prims.unit (see also PatAnnot.fst(10,19-10,24))
PatAnnot.fst(10,8-10,9): (Warning 252) Subtyping check failed; expected type Prims.squash Prims.l_False; got type Prims.unit (see also PatAnnot.fst(10,19-10,24))
PatAnnot.fst(10,8-10,9): (Warning 252) Subtyping check failed; expected type Prims.squash Prims.l_False; got type Prims.unit (see also PatAnnot.fst(10,19-10,24))
PatAnnot.fst(10,8-10,9): (Warning 252) Subtyping check failed; expected type Prims.squash Prims.l_False; got type Prims.unit (see also PatAnnot.fst(10,19-10,24))
C:\build\agent2\_work\11\s\src\ocaml-output\fstar\ulib\prims.fst(229,22-229,35): (Warning 252) assertion failed (see also C:\build\agent2\_work\11\s\src\ocaml-output\fstar\ulib\prims.fst(209,69-209,78))
C:\build\agent2\_work\11\s\src\ocaml-output\fstar\ulib\prims.fst(229,22-229,35): (Warning 252) assertion failed (see also C:\build\agent2\_work\11\s\src\ocaml-output\fstar\ulib\prims.fst(209,69-209,78))
C:\build\agent2\_work\11\s\src\ocaml-output\fstar\ulib\prims.fst(229,22-229,35): (Warning 252) assertion failed (see also C:\build\agent2\_work\11\s\src\ocaml-output\fstar\ulib\prims.fst(209,69-209,78))
C:\build\agent2\_work\11\s\src\ocaml-output\fstar\ulib\prims.fst(229,22-229,35): (Warning 252) assertion failed (see also C:\build\agent2\_work\11\s\src\ocaml-output\fstar\ulib\prims.fst(209,69-209,78))
C:\build\agent2\_work\11\s\src\ocaml-output\fstar\ulib\prims.fst(229,22-229,35): (Warning 252) assertion failed (see also C:\build\agent2\_work\11\s\src\ocaml-output\fstar\ulib\prims.fst(209,69-209,78))
C:\build\agent2\_work\11\s\src\ocaml-output\fstar\ulib\prims.fst(229,22-229,35): (Warning 252) assertion failed (see also C:\build\agent2\_work\11\s\src\ocaml-output\fstar\ulib\prims.fst(209,69-209,78))
C:\build\agent2\_work\11\s\src\ocaml-output\fstar\ulib\prims.fst(229,22-229,35): (Warning 252) assertion failed (see also C:\build\agent2\_work\11\s\src\ocaml-output\fstar\ulib\prims.fst(209,69-209,78))
C:\build\agent2\_work\11\s\src\ocaml-output\fstar\ulib\prims.fst(229,22-229,35): (Warning 252) assertion failed (see also C:\build\agent2\_work\11\s\src\ocaml-output\fstar\ulib\prims.fst(209,69-209,78))
PatAnnot.fst(24,10-24,12): (Warning 252) Subtyping check failed; expected type Prims.squash Prims.l_False; got type Prims.unit (see also PatAnnot.fst(25,26-25,31))
PatAnnot.fst(24,10-24,12): (Warning 252) Subtyping check failed; expected type Prims.squash Prims.l_False; got type Prims.unit (see also PatAnnot.fst(25,26-25,31))
PatAnnot.fst(24,10-24,12): (Warning 252) Subtyping check failed; expected type Prims.squash Prims.l_False; got type Prims.unit (see also PatAnnot.fst(25,26-25,31))
PatAnnot.fst(24,10-24,12): (Warning 252) Subtyping check failed; expected type Prims.squash Prims.l_False; got type Prims.unit (see also PatAnnot.fst(25,26-25,31))
PatAnnot.fst(31,10-31,11): (Warning 252) Subtyping check failed; expected type Prims.nat; got type Prims.int (see also C:\build\agent2\_work\11\s\src\ocaml-output\fstar\ulib\prims.fst(408,17-408,23))
PatAnnot.fst(31,10-31,11): (Warning 252) Subtyping check failed; expected type Prims.nat; got type Prims.int (see also C:\build\agent2\_work\11\s\src\ocaml-output\fstar\ulib\prims.fst(408,17-408,23))
PatAnnot.fst(31,10-31,11): (Warning 252) Subtyping check failed; expected type Prims.nat; got type Prims.int (see also C:\build\agent2\_work\11\s\src\ocaml-output\fstar\ulib\prims.fst(408,17-408,23))
PatAnnot.fst(31,10-31,11): (Warning 252) Subtyping check failed; expected type Prims.nat; got type Prims.int (see also C:\build\agent2\_work\11\s\src\ocaml-output\fstar\ulib\prims.fst(408,17-408,23))
PatAnnot.fst(40,44-40,45): (Warning 252) Type annotation on parameter incompatible with the expected type (see also C:\build\agent2\_work\11\s\src\ocaml-output\fstar\ulib\prims.fst(408,17-408,23))
PatAnnot.fst(40,44-40,45): (Warning 252) Type annotation on parameter incompatible with the expected type (see also C:\build\agent2\_work\11\s\src\ocaml-output\fstar\ulib\prims.fst(408,17-408,23))
PatAnnot.fst(40,44-40,45): (Warning 252) Type annotation on parameter incompatible with the expected type (see also C:\build\agent2\_work\11\s\src\ocaml-output\fstar\ulib\prims.fst(408,17-408,23))
PatAnnot.fst(40,44-40,45): (Warning 252) Type annotation on parameter incompatible with the expected type (see also C:\build\agent2\_work\11\s\src\ocaml-output\fstar\ulib\prims.fst(408,17-408,23))
/bin/sh: fstar: command not found
make[2]: *** [Makefile:12: .depend] Error 127
make[1]: *** [Makefile:19: uall] Error 2
make: *** [Makefile:41: micro-benchmarks.all] Error 2
make: *** Waiting for unfinished jobs....
UnionFind.fst(170,4-170,6): (Warning 252) (Hint-replay failed): could not prove post-condition (see also UnionFind.fst(166,7-166,47))
LowParse.Spec.Base.fst(733,2-733,8): (Warning 252) (Hint-replay failed): assertion failed (see also LowParse.Spec.Base.fst(733,9-733,22))
C:/build/agent2/_work/11/s/src/ocaml-output/fstar/ulib/prims.fst(98,30-98,31): (Warning 252) assertion failed
C:/build/agent2/_work/11/s/src/ocaml-output/fstar/ulib/prims.fst(98,30-98,31): (Warning 252) assertion failed
C:/build/agent2/_work/11/s/src/ocaml-output/fstar/ulib/prims.fst(98,30-98,31): (Warning 252) assertion failed
C:/build/agent2/_work/11/s/src/ocaml-output/fstar/ulib/prims.fst(98,30-98,31): (Warning 252) assertion failed
LowParse.Spec.Combinators.fst(181,2-181,12): (Warning 252) (Hint-replay failed): assertion failed (see also LowParse.Spec.Base.fst(472,12-472,34))
LowParse.Spec.Combinators.fst(534,2-534,8): (Warning 252) (Hint-replay failed): assertion failed (see also LowParse.Spec.Combinators.fst(534,9-534,72))
LowParse.Spec.Combinators.fst(181,2-181,12): (Warning 252) (Hint-replay failed): assertion failed (see also LowParse.Spec.Base.fst(472,12-472,34))
FailFlow.fst(17,4-17,10): (Warning 252) assertion failed (see also FailFlow.fst(17,11-17,16))
FailFlow.fst(17,4-17,10): (Warning 252) assertion failed (see also FailFlow.fst(17,11-17,16))
FailFlow.fst(17,4-17,10): (Warning 252) assertion failed (see also FailFlow.fst(17,11-17,16))
FailFlow.fst(17,4-17,10): (Warning 252) assertion failed (see also FailFlow.fst(17,11-17,16))
FailFlow.fst(22,4-23,16): (Warning 252) assertion failed (see also C:/build/agent2/_work/11/s/src/ocaml-output/fstar/ulib/FStar.Tactics.Effect.fst(52,82-52,88))
FailFlow.fst(22,4-23,16): (Warning 252) assertion failed (see also C:/build/agent2/_work/11/s/src/ocaml-output/fstar/ulib/FStar.Tactics.Effect.fst(52,82-52,88))
FailFlow.fst(22,4-23,16): (Warning 252) assertion failed (see also C:/build/agent2/_work/11/s/src/ocaml-output/fstar/ulib/FStar.Tactics.Effect.fst(52,82-52,88))
FailFlow.fst(22,4-23,16): (Warning 252) assertion failed (see also C:/build/agent2/_work/11/s/src/ocaml-output/fstar/ulib/FStar.Tactics.Effect.fst(52,82-52,88))
FailFlow.fst(27,4-28,16): (Warning 252) assertion failed (see also C:/build/agent2/_work/11/s/src/ocaml-output/fstar/ulib/FStar.Tactics.Effect.fst(52,82-52,88))
FailFlow.fst(27,4-28,16): (Warning 252) assertion failed (see also C:/build/agent2/_work/11/s/src/ocaml-output/fstar/ulib/FStar.Tactics.Effect.fst(52,82-52,88))
FailFlow.fst(27,4-28,16): (Warning 252) assertion failed (see also C:/build/agent2/_work/11/s/src/ocaml-output/fstar/ulib/FStar.Tactics.Effect.fst(52,82-52,88))
FailFlow.fst(27,4-28,16): (Warning 252) assertion failed (see also C:/build/agent2/_work/11/s/src/ocaml-output/fstar/ulib/FStar.Tactics.Effect.fst(52,82-52,88))
FailFlow.fst(33,4-33,10): (Warning 252) assertion failed (see also FailFlow.fst(33,11-33,16))
FailFlow.fst(33,4-33,10): (Warning 252) assertion failed (see also FailFlow.fst(33,11-33,16))
FailFlow.fst(33,4-33,10): (Warning 252) assertion failed (see also FailFlow.fst(33,11-33,16))
FailFlow.fst(33,4-33,10): (Warning 252) assertion failed (see also FailFlow.fst(33,11-33,16))
LowParse.SLow.Base.fst(113,2-113,4): (Warning 252) (Hint-replay failed): could not prove post-condition (see also LowParse.SLow.Base.fst(112,2-112,56))
LowParse.SLow.Base.fst(113,2-113,4): (Warning 252) could not prove post-condition (see also LowParse.SLow.Base.fst(112,2-112,56))
LowParse.SLow.Base.fst(130,2-130,41): (Warning 252) (Hint-replay failed): could not prove post-condition (see also LowParse.SLow.Base.fst(127,4-127,38))
LowParse.SLow.Base.fst(130,2-130,41): (Warning 252) could not prove post-condition (see also LowParse.SLow.Base.fst(128,4-128,44))
LowParse.SLow.Combinators.fst(32,21-32,26): (Warning 252) (Hint-replay failed): Subtyping check failed; expected type j: Prims.nat{FStar.UInt32.v l <= j && j <= FStar.Seq.Base.length (FStar.Bytes.reveal input)}; got type FStar.UInt.uint_t FStar.UInt32.n (see also C:/build/agent2/_work/11/s/src/ocaml-output/fstar/ulib/FStar.Bytes.fsti(146,56-146,65))
LowParse.SLow.Combinators.fst(55,21-55,26): (Warning 252) (Hint-replay failed): Subtyping check failed; expected type j: Prims.nat{FStar.UInt32.v l <= j && j <= FStar.Seq.Base.length (FStar.Bytes.reveal input)}; got type FStar.UInt.uint_t FStar.UInt32.n (see also C:/build/agent2/_work/11/s/src/ocaml-output/fstar/ulib/FStar.Bytes.fsti(146,56-146,65))
LowParse.SLow.Combinators.fst(109,36-109,52): (Warning 252) (Hint-replay failed): Subtyping check failed; expected type LowParse.Spec.Base.consumed_length (FStar.Bytes.reveal xbytes); got type FStar.UInt.uint_t FStar.UInt32.n (see also LowParse.Spec.Base.fst(22,55-22,72))
LowParse.SLow.Combinators.fst(32,21-32,26): (Warning 252) (Hint-replay failed): Subtyping check failed; expected type j: Prims.nat{FStar.UInt32.v l <= j && j <= FStar.Seq.Base.length (FStar.Bytes.reveal input)}; got type FStar.UInt.uint_t FStar.UInt32.n (see also C:/build/agent2/_work/11/s/src/ocaml-output/fstar/ulib/FStar.Bytes.fsti(146,56-146,65))
LowParse.SLow.Combinators.fst(55,21-55,26): (Warning 252) (Hint-replay failed): Subtyping check failed; expected type j: Prims.nat{FStar.UInt32.v l <= j && j <= FStar.Seq.Base.length (FStar.Bytes.reveal input)}; got type FStar.UInt.uint_t FStar.UInt32.n (see also C:/build/agent2/_work/11/s/src/ocaml-output/fstar/ulib/FStar.Bytes.fsti(146,56-146,65))
LowParse.SLow.Combinators.fst(109,36-109,52): (Warning 252) (Hint-replay failed): Subtyping check failed; expected type LowParse.Spec.Base.consumed_length (FStar.Bytes.reveal xbytes); got type FStar.UInt.uint_t FStar.UInt32.n (see also LowParse.Spec.Base.fst(22,55-22,72))
MiniParse.Impl.List.fst(415,18-415,29): (Warning 288) FStar.Seq.Base.createEmpty is deprecated, use Seq.empty instead
MiniParse.Impl.List.fst(245,15-245,17): (Warning 252) Subtyping check failed; expected type MiniParse.Spec.List.nlist n t; got type l': Prims.list t {l' == FStar.List.Tot.Base.rev l} (see also MiniParse.Spec.List.fst(10,45-10,60))
MiniParse.Impl.List.fst(380,2-380,8): (Warning 252) (Hint-replay failed): assertion failed (see also MiniParse.Impl.List.fst(380,9-380,63))
MiniParse.Impl.List.fst(95,37-95,40): (Warning 252) (Hint-replay failed): assertion failed (see also C:/build/agent2/_work/11/s/src/ocaml-output/fstar/ulib/FStar.UInt32.fst(64,12-64,32))
MiniParse.Impl.List.fst(245,15-245,17): (Warning 252) Subtyping check failed; expected type MiniParse.Spec.List.nlist n t; got type l': Prims.list t {l' == FStar.List.Tot.Base.rev l} (see also MiniParse.Spec.List.fst(10,45-10,60))
MiniParse.Impl.List.fst(380,2-380,8): (Warning 252) (Hint-replay failed): assertion failed (see also MiniParse.Impl.List.fst(380,9-380,63))
C:/build/agent2/_work/11/s/src/ocaml-output/fstar/ulib/FStar.Reflection.Arith.fst(116,30-116,32): (Warning 252) (Hint-replay failed): Subtyping check failed; expected type t: FStar.Reflection.Types.term{t << t}; got type FStar.Reflection.Types.term (see also C:/build/agent2/_work/11/s/src/ocaml-output/fstar/ulib/FStar.Reflection.Arith.fst(110,4-153,14))
C:/build/agent2/_work/11/s/src/ocaml-output/fstar/ulib/FStar.Reflection.Arith.fst(116,30-116,32): (Warning 252) Subtyping check failed; expected type t: FStar.Reflection.Types.term{t << t}; got type FStar.Reflection.Types.term (see also C:/build/agent2/_work/11/s/src/ocaml-output/fstar/ulib/FStar.Reflection.Arith.fst(110,4-153,14))
C:/build/agent2/_work/11/s/src/ocaml-output/fstar/ulib/FStar.Reflection.Arith.fst(116,30-116,32): (Warning 252) Subtyping check failed; expected type t: FStar.Reflection.Types.term{t << t}; got type FStar.Reflection.Types.term (see also C:/build/agent2/_work/11/s/src/ocaml-output/fstar/ulib/FStar.Reflection.Arith.fst(110,4-153,14))
Goals.fst(12,26-12,32): (Warning 252) assertion failed (see also Goals.fst(12,33-12,38))
Goals.fst(12,26-12,32): (Warning 252) assertion failed (see also Goals.fst(12,33-12,38))
Goals.fst(12,26-12,32): (Warning 252) assertion failed (see also Goals.fst(12,33-12,38))
Goals.fst(12,26-12,32): (Warning 252) assertion failed (see also Goals.fst(12,33-12,38))
Goals.fst(18,26-18,32): (Warning 252) Could not prove goal #1 (see also Goals.fst(18,33-18,38))
Goals.fst(18,26-18,32): (Warning 252) Could not prove goal #1 (see also Goals.fst(18,33-18,38))
Goals.fst(18,26-18,32): (Warning 252) Could not prove goal #1 (see also Goals.fst(18,33-18,38))
Goals.fst(18,26-18,32): (Warning 252) Could not prove goal #1 (see also Goals.fst(18,33-18,38))
Goals.fst(19,26-19,32): (Warning 252) Could not prove goal #1 (see also Goals.fst(19,33-19,38))
Goals.fst(19,26-19,32): (Warning 252) Could not prove goal #1 (see also Goals.fst(19,33-19,38))
Goals.fst(19,26-19,32): (Warning 252) Could not prove goal #1 (see also Goals.fst(19,33-19,38))
Goals.fst(19,26-19,32): (Warning 252) Could not prove goal #1 (see also Goals.fst(19,33-19,38))
Goals.fst(24,26-24,32): (Warning 252) Could not prove goal #1 (see also Goals.fst(24,33-24,38))
Goals.fst(24,26-24,32): (Warning 252) Could not prove goal #1 (see also Goals.fst(24,33-24,38))
Goals.fst(24,26-24,32): (Warning 252) Could not prove goal #1 (see also Goals.fst(24,33-24,38))
Goals.fst(24,26-24,32): (Warning 252) Could not prove goal #1 (see also Goals.fst(24,33-24,38))
Goals.fst(25,26-25,32): (Warning 252) Could not prove goal #1 (see also Goals.fst(25,33-25,38))
Goals.fst(25,26-25,32): (Warning 252) Could not prove goal #1 (see also Goals.fst(25,33-25,38))
Goals.fst(25,26-25,32): (Warning 252) Could not prove goal #1 (see also Goals.fst(25,33-25,38))
Goals.fst(25,26-25,32): (Warning 252) Could not prove goal #1 (see also Goals.fst(25,33-25,38))
Goals.fst(38,26-38,32): (Warning 252) Could not prove goal #1 (see also Goals.fst(38,33-38,38))
Goals.fst(38,26-38,32): (Warning 252) Could not prove goal #1 (see also Goals.fst(38,33-38,38))
Goals.fst(38,26-38,32): (Warning 252) Could not prove goal #1 (see also Goals.fst(38,33-38,38))
Goals.fst(38,26-38,32): (Warning 252) Could not prove goal #1 (see also Goals.fst(38,33-38,38))
Goals.fst(43,26-43,32): (Warning 252) Could not prove goal #1 (see also Goals.fst(43,33-43,38))
Goals.fst(43,26-43,32): (Warning 252) Could not prove goal #1 (see also Goals.fst(43,33-43,38))
Goals.fst(43,26-43,32): (Warning 252) Could not prove goal #1 (see also Goals.fst(43,33-43,38))
Goals.fst(43,26-43,32): (Warning 252) Could not prove goal #1 (see also Goals.fst(43,33-43,38))
LemmaArgs.fst(16,2-16,18): (Warning 252) Subtyping check failed; expected type b: Prims.int{b <> 5}; got type Prims.int (see also LemmaArgs.fst(5,34-5,40))
LemmaArgs.fst(16,2-16,18): (Warning 252) Subtyping check failed; expected type b: Prims.int{b <> 5}; got type Prims.int (see also LemmaArgs.fst(5,34-5,40))
LemmaArgs.fst(16,2-16,18): (Warning 252) Subtyping check failed; expected type b: Prims.int{b <> 5}; got type Prims.int (see also LemmaArgs.fst(5,34-5,40))
LemmaArgs.fst(16,2-16,18): (Warning 252) Subtyping check failed; expected type b: Prims.int{b <> 5}; got type Prims.int (see also LemmaArgs.fst(5,34-5,40))
EnumParsing.fst(303,29-303,37): (Warning 252) (Hint-replay failed): could not prove post-condition (see also Serializing.fst(102,8-102,39))
Trans.fst(15,63-15,68): (Warning 296) Tactics admitted goal < |- _ : Prims.squash (Trans.a == (*?u50*) _)>

(see also Trans.fst(10,20-10,35))
Trans.fst(15,63-15,68): (Warning 296) Tactics admitted goal < |- _ : Prims.squash ((*?u50*) _ == Trans.b)>

(see also Trans.fst(10,39-10,54))
C:/build/agent2/_work/11/s/src/ocaml-output/fstar/ulib/FStar.Tactics.Logic.fst(61,41-61,54): (Warning 252) Subtyping check failed; expected type n: Prims.nat{n > 20}; got type Prims.nat (see also AnnoyingVCs.fst(10,21-10,27))
C:/build/agent2/_work/11/s/src/ocaml-output/fstar/ulib/FStar.Tactics.Logic.fst(61,41-61,54): (Warning 252) Subtyping check failed; expected type n: Prims.nat{n > 20}; got type Prims.nat (see also AnnoyingVCs.fst(10,21-10,27))
C:/build/agent2/_work/11/s/src/ocaml-output/fstar/ulib/FStar.Tactics.Logic.fst(61,41-61,54): (Warning 252) Subtyping check failed; expected type n: Prims.nat{n > 20}; got type Prims.nat (see also AnnoyingVCs.fst(10,21-10,27))
C:/build/agent2/_work/11/s/src/ocaml-output/fstar/ulib/FStar.Tactics.Logic.fst(61,41-61,54): (Warning 252) Subtyping check failed; expected type n: Prims.nat{n > 20}; got type Prims.nat (see also AnnoyingVCs.fst(10,21-10,27))
C:/build/agent2/_work/11/s/src/ocaml-output/fstar/ulib/FStar.Tactics.Typeclasses.fst(76,4-121,16): (Warning 252) (Hint-replay failed): Patterns are incomplete
C:/build/agent2/_work/11/s/src/ocaml-output/fstar/ulib/FStar.Tactics.Typeclasses.fst(76,4-121,16): (Warning 252) (Hint-replay failed): Patterns are incomplete
CanonCommMonoidSimple.fst(111,2-115,68): (Warning 252) (Hint-replay failed): Patterns are incomplete
CanonCommMonoidSimple.fst(186,2-186,8): (Warning 296) Tactics admitted goal <(a: Type), (am: CanonCommMonoidSimple.amap a), (xs: Prims.list CanonCommMonoidSimple.atom), (p: Prims.pure_post Prims.unit), (_:
Prims.squash (forall (pure_result: Prims.unit).
(exists (ss: Prims.list (CanonCommMonoidSimple.swap (FStar.List.Tot.Base.length xs))).
CanonCommMonoidSimple.sort xs == CanonCommMonoidSimple.apply_swaps xs ss) ==>
p pure_result)), (any_result: Type0), (_: Prims.squash (Prims.nat == any_result)), (any_result: Type0), (_: Prims.squash (Prims.int == any_result)), (any_result: (x: Prims.int -> y: Prims.int -> Prims.Tot Prims.int)), (_: Prims.squash (FStar.List.Tot.Base.compare_of_bool Prims.op_LessThan == any_result)), (pure_result: Prims.unit), (_:
Prims.squash (forall (x: Prims.nat).
FStar.List.Tot.Base.count x xs =
FStar.List.Tot.Base.count x
(FStar.List.Tot.Base.sortWith (FStar.List.Tot.Base.compare_of_bool Prims.op_LessThan) xs))), (any_result: Type0), (_: Prims.squash (Prims.nat == any_result)), (pure_result: Prims.list (CanonCommSwaps.swap (FStar.List.Tot.Base.length xs))), (_: Prims.squash (CanonCommMonoidSimple.sort xs == CanonCommSwaps.apply_swaps xs pure_result)), (_:
Prims.squash (CanonCommSwaps.equal_counts_implies_swaps xs (CanonCommMonoidSimple.sort xs) ==
pure_result)), (any_result: Prims.list (CanonCommSwaps.swap (FStar.List.Tot.Base.length xs))), (_:
Prims.squash (CanonCommSwaps.equal_counts_implies_swaps xs (CanonCommMonoidSimple.sort xs) ==
any_result)), (pure_result: Prims.list CanonCommMonoidSimple.atom), (_: Prims.squash (FStar.List.Tot.Base.length pure_result == FStar.List.Tot.Base.length xs)), (_:
Prims.squash (CanonCommMonoidSimple.apply_swaps xs
(CanonCommSwaps.equal_counts_implies_swaps xs (CanonCommMonoidSimple.sort xs)) ==
pure_result)), (any_result: Prims.logical), (_:
Prims.squash (CanonCommMonoidSimple.sort xs ==
CanonCommMonoidSimple.apply_swaps xs
(CanonCommSwaps.equal_counts_implies_swaps xs (CanonCommMonoidSimple.sort xs)) ==
any_result)) |- _ : Prims.squash (CanonCommMonoidSimple.sort xs ==
CanonCommMonoidSimple.apply_swaps xs
(CanonCommSwaps.equal_counts_implies_swaps xs (CanonCommMonoidSimple.sort xs)))>

(see also C:/build/agent2/_work/11/s/src/ocaml-output/fstar/ulib/FStar.Tactics.Effect.fst(100,48-100,58))
CanonCommMonoidSimple.fst(111,2-115,68): (Warning 252) (Hint-replay failed): Patterns are incomplete
Typeclasses.fst(159,12-159,18): (Warning 252) (Hint-replay failed): assertion failed (see also Typeclasses.fst(159,19-159,44))
Typeclasses.fst(159,12-159,18): (Warning 252) assertion failed (see also Typeclasses.fst(159,19-159,44))
Typeclasses.fst(159,12-159,18): (Warning 252) assertion failed (see also Typeclasses.fst(159,19-159,44))
Typeclasses.fst(159,12-159,18): (Warning 252) assertion failed (see also Typeclasses.fst(159,19-159,44))
Typeclasses.fst(196,20-196,26): (Warning 252) assertion failed
Typeclasses.fst(196,20-196,26): (Warning 252) assertion failed
Typeclasses.fst(196,20-196,26): (Warning 252) assertion failed
Typeclasses.fst(196,20-196,26): (Warning 252) assertion failed
StringPrinter.RecC.fst(70,2-83,24): (Warning 252) (Hint-replay failed): could not prove post-condition (see also StringPrinter.RecC.fst(65,4-65,81))
StringPrinter.RecC.fst(70,2-83,24): (Warning 252) could not prove post-condition (see also StringPrinter.RecC.fst(67,9-67,91))
Imp.fst(114,26-114,32): (Warning 252) assertion failed (see also Imp.fst(114,46-114,73))
Imp.fst(114,26-114,32): (Warning 252) assertion failed (see also Imp.fst(114,46-114,73))
Imp.fst(115,26-115,32): (Warning 252) assertion failed (see also Imp.fst(115,46-115,73))
Imp.fst(115,26-115,32): (Warning 252) assertion failed (see also Imp.fst(115,46-115,73))
Imp.fst(116,26-116,32): (Warning 252) assertion failed (see also Imp.fst(116,46-116,73))
Imp.fst(116,26-116,32): (Warning 252) assertion failed (see also Imp.fst(116,46-116,73))
Imp.fst(117,26-117,32): (Warning 252) assertion failed (see also Imp.fst(117,46-117,73))
Imp.fst(117,26-117,32): (Warning 252) assertion failed (see also Imp.fst(117,46-117,73))
Imp.fst(118,26-118,32): (Warning 252) assertion failed (see also Imp.fst(118,46-118,73))
Imp.fst(118,26-118,32): (Warning 252) assertion failed (see also Imp.fst(118,46-118,73))
Imp.fst(119,26-119,32): (Warning 252) assertion failed (see also Imp.fst(119,46-119,73))
Imp.fst(119,26-119,32): (Warning 252) assertion failed (see also Imp.fst(119,46-119,73))
StringPrinterTest.Aux.fst(19,2-19,52): (Warning 252) (Hint-replay failed): assertion failed (see also StringPrinter.Rec.fst(117,12-117,57))
StringPrinterTest.Aux.fst(19,2-19,52): (Warning 252) (Hint-replay failed): assertion failed (see also StringPrinter.Rec.fst(117,12-117,57))
