/bin/bash: krml: command not found
make: *** [Makefile:78: extracted/Makefile.include] Error 127
make: *** Waiting for unfinished jobs....
/bin/bash: krml: command not found
make: *** [Makefile:84: uint128/Makefile.include] Error 127
make[1]: *** [Makefile:18: fstar-in-fsharp] Error 1
make: *** [Makefile:156: fsharp-build-and-test] Error 2
make: Target 'utest-prelude' not remade because of errors.
Command exited with non-zero status 2
0.09user 0.19system 0:33.67elapsed 0%CPU (0avgtext+0avgdata 6326016maxresident)k
0inputs+0outputs (25750major+0minor)pagefaults 0swaps
