/bin/bash: krml: command not found
make: *** [Makefile:78: extracted/Makefile.include] Error 127
make: *** Waiting for unfinished jobs....
/bin/bash: krml: command not found
make: *** [Makefile:84: uint128/Makefile.include] Error 127
dos2unix: converting file parser/parse.fsi to Unix format...

Unhandled Exception: System.Exception: Unexpected number of arguments
at FStar.TypeChecker.NBETerm.decidable_eq(Boolean neg, FSharpList`1 args)
at FStar.TypeChecker.NBE.translate_fv@315-2.Invoke(FSharpList`1 args)
at Microsoft.FSharp.Collections.ListModule.loop@219-29[T,TState](FSharpFunc`3 f, TState s, FSharpList`1 xs)
at FStar.TypeChecker.NBE.translate(cfg cfg, FSharpList`1 bs, syntax`1 e)
at FStar.TypeChecker.NBE.test_normalize(FSharpList`1 steps, env env, syntax`1 e)
at FStar.Tests.Norm.run_either[a](Int32 i, a r, syntax`1 expected, FSharpFunc`2 normalizer)
at FStar.Tests.Norm.run_nbe(Int32 i, syntax`1 r, syntax`1 expected)
at FStar.Tests.Norm.nbe@251.Invoke(Unit unitVar0)
at FStar.Util.return_execution_time[a](FSharpFunc`2 f)
at FStar.Tests.Norm.run_nbe_with_time(Int32 i, syntax`1 r, syntax`1 expected)
at Microsoft.FSharp.Primitives.Basics.List.mapToFreshConsTail[a,b](FSharpList`1 cons, FSharpFunc`2 f, FSharpList`1 x)
at Microsoft.FSharp.Primitives.Basics.List.map[T,TResult](FSharpFunc`2 mapping, FSharpList`1 x)
at FStar.Tests.Norm.run_tests[a](FSharpFunc`2 run)
at FStar.Tests.Norm.run_all()
at FStar.Tests.Test.main(String[] argv)
make[1]: *** [Makefile:149: fsharp-unit-tests] Error 127
make: *** [Makefile:157: fsharp-build-and-test] Error 2
make: Target 'utest-prelude' not remade because of errors.
Command exited with non-zero status 2
0.03user 0.24system 0:35.48elapsed 0%CPU (0avgtext+0avgdata 8977920maxresident)k
0inputs+0outputs (36684major+0minor)pagefaults 0swaps
