hello.fst(5,0-5,37): (Warning 272) Top-level let-bindings must be total; this term may have effects
hello.fst(5,0-5,37): (Warning 272) Top-level let-bindings must be total; this term may have effects
Encrypt_SymEnc.fst(30,0-30,27): (Warning 272) Top-level let-bindings must be total; this term may have effects
Encrypt_SymEnc.fst(30,0-30,27): (Warning 272) Top-level let-bindings must be total; this term may have effects
Encrypt_SymEnc.fst(30,0-30,27): (Warning 272) Top-level let-bindings must be total; this term may have effects
bug185.fst(33,15-33,21): (Warning 252) (Hint-replay failed): assertion failed (see also bug185.fst(33,22-33,48))
Huffman.fst(182,53-182,54): (Warning 252) (Hint-replay failed): Subtyping check failed; expected type (s:Huffman.symbol{ %[ bs; if Leaf? t' && Cons? bs then 1 else 0 ] <<
%[ bs; if Leaf? t && Cons? bs then 1 else 0 ] }); got type Huffman.symbol (see also Huffman.fst(173,48-180,2))
MAC.fst(45,0-45,53): (Warning 272) Top-level let-bindings must be total; this term may have effects
MAC.fst(45,0-45,53): (Warning 272) Top-level let-bindings must be total; this term may have effects
MAC.fst(45,0-45,53): (Warning 272) Top-level let-bindings must be total; this term may have effects
MAC.fst(45,0-45,53): (Warning 272) Top-level let-bindings must be total; this term may have effects
RPC.fst(9,0-9,53): (Warning 272) Top-level let-bindings must be total; this term may have effects
RPC.fst(9,0-9,53): (Warning 272) Top-level let-bindings must be total; this term may have effects
RPC.fst(23,0-23,39): (Warning 272) Top-level let-bindings must be total; this term may have effects
RPC.fst(23,0-23,39): (Warning 272) Top-level let-bindings must be total; this term may have effects
RPC.fst(48,0-49,16): (Warning 272) Top-level let-bindings must be total; this term may have effects
RPC.fst(48,0-49,16): (Warning 272) Top-level let-bindings must be total; this term may have effects
RPC.fst(116,0-116,17): (Warning 272) Top-level let-bindings must be total; this term may have effects
RPC.fst(116,0-116,17): (Warning 272) Top-level let-bindings must be total; this term may have effects
../Makefile.common:56: .depend: No such file or directory
/home/everest/vsts-agent/_work/4/s/src/ocaml-output/fstar/ulib/prims.fst(0,0-0,0): (Warning 241) Absent cache file _cache/prims.fst.checked; will recheck /home/everest/vsts-agent/_work/4/s/src/ocaml-output/fstar/ulib/prims.fst and all subsequent files
Benton2004.RHL.fst(254,2-257,3): (Warning 252) (Hint-replay failed): could not prove post-condition
Benton2004.RHL.fst(459,4-459,19): (Warning 252) (Hint-replay failed): assertion failed (see also Benton2004.RHL.fst(443,4-443,84))
Benton2004.RHL.fst(500,63-500,152): (Warning 252) (Hint-replay failed): assertion failed
/home/everest/vsts-agent/_work/4/s/src/ocaml-output/fstar/ulib/FStar.Pervasives.Native.fst(0,0-0,0): (Warning 241) Absent cache file _cache/FStar.Pervasives.Native.fst.checked; will recheck /home/everest/vsts-agent/_work/4/s/src/ocaml-output/fstar/ulib/FStar.Pervasives.Native.fst and all subsequent files
/home/everest/vsts-agent/_work/4/s/src/ocaml-output/fstar/ulib/FStar.Pervasives.fst(0,0-0,0): (Warning 241) Absent cache file _cache/FStar.Pervasives.fst.checked; will recheck /home/everest/vsts-agent/_work/4/s/src/ocaml-output/fstar/ulib/FStar.Pervasives.fst and all subsequent files
/home/everest/vsts-agent/_work/4/s/src/ocaml-output/fstar/ulib/FStar.FunctionalExtensionality.fst(0,0-0,0): (Warning 241) Absent cache file _cache/FStar.FunctionalExtensionality.fst.checked; will recheck /home/everest/vsts-agent/_work/4/s/src/ocaml-output/fstar/ulib/FStar.FunctionalExtensionality.fst and all subsequent files
MAC.fst(45,0-45,53): (Warning 272) Top-level let-bindings must be total; this term may have effects
CntProtocol.fst(12,0-12,53): (Warning 272) Top-level let-bindings must be total; this term may have effects
CntProtocol.fst(12,0-12,53): (Warning 272) Top-level let-bindings must be total; this term may have effects
CntProtocol.fst(27,0-27,26): (Warning 272) Top-level let-bindings must be total; this term may have effects
CntProtocol.fst(27,0-27,26): (Warning 272) Top-level let-bindings must be total; this term may have effects
CntProtocol.fst(30,0-30,54): (Warning 272) Top-level let-bindings must be total; this term may have effects
CntProtocol.fst(30,0-30,54): (Warning 272) Top-level let-bindings must be total; this term may have effects
CntProtocol.fst(33,0-33,54): (Warning 272) Top-level let-bindings must be total; this term may have effects
CntProtocol.fst(33,0-33,54): (Warning 272) Top-level let-bindings must be total; this term may have effects
CntProtocol.fst(97,0-97,39): (Warning 272) Top-level let-bindings must be total; this term may have effects
CntProtocol.fst(97,0-97,39): (Warning 272) Top-level let-bindings must be total; this term may have effects
CntProtocol.fst(124,0-124,18): (Warning 272) Top-level let-bindings must be total; this term may have effects
CntProtocol.fst(124,0-124,18): (Warning 272) Top-level let-bindings must be total; this term may have effects
CntProtocol.fst(168,0-184,5): (Warning 272) Top-level let-bindings must be total; this term may have effects
CntProtocol.fst(168,0-184,5): (Warning 272) Top-level let-bindings must be total; this term may have effects
StlcCbvDbPntSubstNoLists.fst(0,0-0,0): (Warning 241) Absent cache file _cache/StlcCbvDbPntSubstNoLists.fst.checked; will recheck StlcCbvDbPntSubstNoLists.fst and all subsequent files
/home/everest/vsts-agent/_work/4/s/src/ocaml-output/fstar/ulib/FStar.StrongExcludedMiddle.fst(0,0-0,0): (Warning 241) Absent cache file _cache/FStar.StrongExcludedMiddle.fst.checked; will recheck /home/everest/vsts-agent/_work/4/s/src/ocaml-output/fstar/ulib/FStar.StrongExcludedMiddle.fst and all subsequent files
/home/everest/vsts-agent/_work/4/s/src/ocaml-output/fstar/ulib/FStar.Squash.fsti(0,0-0,0): (Warning 241) Absent cache file _cache/FStar.Squash.fsti.checked; will recheck /home/everest/vsts-agent/_work/4/s/src/ocaml-output/fstar/ulib/FStar.Squash.fsti and all subsequent files
/home/everest/vsts-agent/_work/4/s/src/ocaml-output/fstar/ulib/FStar.Constructive.fst(0,0-0,0): (Warning 241) Absent cache file _cache/FStar.Constructive.fst.checked; will recheck /home/everest/vsts-agent/_work/4/s/src/ocaml-output/fstar/ulib/FStar.Constructive.fst and all subsequent files
ParSubst.fst(0,0-0,0): (Warning 241) Absent cache file _cache/ParSubst.fst.checked; will recheck ParSubst.fst and all subsequent files
/home/everest/vsts-agent/_work/4/s/src/ocaml-output/fstar/ulib/FStar.Classical.fst(0,0-0,0): (Warning 241) Absent cache file _cache/FStar.Classical.fst.checked; will recheck /home/everest/vsts-agent/_work/4/s/src/ocaml-output/fstar/ulib/FStar.Classical.fst and all subsequent files
StlcStrongDbParSubst.fst(0,0-0,0): (Warning 241) Absent cache file _cache/StlcStrongDbParSubst.fst.checked; will recheck StlcStrongDbParSubst.fst and all subsequent files
StlcStrongDbParSubst.fst(203,27-203,29): (Warning 252) (Hint-replay failed): Subtyping check failed; expected type StlcStrongDbParSubst.typing g
(StlcStrongDbParSubst.sub_beta v y)
(Some?.v (StlcStrongDbParSubst.extend t_x g y)); got type StlcStrongDbParSubst.typing g v t_x (see also StlcStrongDbParSubst.fst(170,46-201,33))
StlcStrongDbParSubst.fst(203,27-203,29): (Warning 252) (Hint-replay failed): Subtyping check failed; expected type StlcStrongDbParSubst.typing g
(StlcStrongDbParSubst.sub_beta v y)
(Some?.v (StlcStrongDbParSubst.extend t_x g y)); got type StlcStrongDbParSubst.typing g v t_x (see also StlcStrongDbParSubst.fst(170,46-201,33))
Effects.Def.fst(165,2-165,22): (Warning 252) (Hint-replay failed): assertion failed (see also Effects.Def.fst(44,11-44,91))
Protocol.fst(23,0-23,9): (Warning 239) Adding an implicit 'assume new' qualifier on byte
Protocol.fst(340,7-340,35): (Warning 252) (Hint-replay failed): could not prove post-condition
LambdaOmega.fst(0,0-0,0): (Warning 241) Absent cache file _cache/LambdaOmega.fst.checked; will recheck LambdaOmega.fst and all subsequent files
/home/everest/vsts-agent/_work/4/s/src/ocaml-output/fstar/ulib/FStar.List.Tot.Base.fst(0,0-0,0): (Warning 241) Absent cache file _cache/FStar.List.Tot.Base.fst.checked; will recheck /home/everest/vsts-agent/_work/4/s/src/ocaml-output/fstar/ulib/FStar.List.Tot.Base.fst and all subsequent files
StlcCbvDbParSubst.fst(0,0-0,0): (Warning 241) Absent cache file _cache/StlcCbvDbParSubst.fst.checked; will recheck StlcCbvDbParSubst.fst and all subsequent files
StlcCbvDbParSubst.fst(197,19-197,25): (Warning 252) (Hint-replay failed): assertion failed (see also StlcCbvDbParSubst.fst(197,25-197,68))
Unable to open hints file: /home/everest/vsts-agent/_work/4/s/src/ocaml-output/fstar/examples/bug-reports/bug786.fst.hints; ran without hints
/home/everest/vsts-agent/_work/4/s/src/ocaml-output/fstar/ulib/FStar.List.Tot.Properties.fst(0,0-0,0): (Warning 241) Absent cache file _cache/FStar.List.Tot.Properties.fst.checked; will recheck /home/everest/vsts-agent/_work/4/s/src/ocaml-output/fstar/ulib/FStar.List.Tot.Properties.fst and all subsequent files
/home/everest/vsts-agent/_work/4/s/src/ocaml-output/fstar/ulib/FStar.List.Tot.Properties.fst(853,12-853,18): (Warning 252) (Hint-replay failed): could not prove post-condition
/home/everest/vsts-agent/_work/4/s/src/ocaml-output/fstar/ulib/FStar.List.Tot.Properties.fst(853,12-853,18): (Warning 252) could not prove post-condition
/home/everest/vsts-agent/_work/4/s/src/ocaml-output/fstar/ulib/FStar.List.Tot.Properties.fst(883,12-883,18): (Warning 252) (Hint-replay failed): could not prove post-condition
/home/everest/vsts-agent/_work/4/s/src/ocaml-output/fstar/ulib/FStar.List.Tot.fst(0,0-0,0): (Warning 241) Absent cache file _cache/FStar.List.Tot.fst.checked; will recheck /home/everest/vsts-agent/_work/4/s/src/ocaml-output/fstar/ulib/FStar.List.Tot.fst and all subsequent files
Unable to open hints file: /home/everest/vsts-agent/_work/4/s/src/ocaml-output/fstar/examples/bug-reports/bug985.fst.hints; ran without hints
MRefHeap.fst(60,11-61,26): (Warning 252) (Hint-replay failed): Subtyping check failed; expected type MRefHeap.heap; got type Prims.nat * (uu___11245:Prims.nat -> Prims.Tot (FStar.Pervasives.Native.option MRefHeap.heap_cell)) (see also MRefHeap.fst(13,42-13,72))
StackMachine.fst(0,0-0,0): (Warning 241) Absent cache file _cache/StackMachine.fst.checked; will recheck StackMachine.fst and all subsequent files
NatHeap.fst(68,12-69,30): (Warning 252) (Hint-replay failed): Subtyping check failed; expected type NatHeap.heap; got type Prims.nat * (uu___11569:Prims.nat -> Prims.Tot (FStar.Pervasives.Native.option (a:Type0 & a))) (see also NatHeap.fst(12,42-12,72))
MonotonicArray.fst(40,61-40,72): (Warning 252) (Hint-replay failed): Subtyping check failed; expected type FStar.Preorder.preorder (MonotonicArray.repr a n); got type FStar.Preorder.relation (MonotonicArray.repr a n) (see also /home/everest/vsts-agent/_work/4/s/src/ocaml-output/fstar/ulib/FStar.Preorder.fst(12,40-12,56))
MonotonicArray.fst(40,61-40,72): (Warning 252) (Hint-replay failed): Subtyping check failed; expected type FStar.Preorder.preorder (MonotonicArray.repr a n); got type FStar.Preorder.relation (MonotonicArray.repr a n) (see also /home/everest/vsts-agent/_work/4/s/src/ocaml-output/fstar/ulib/FStar.Preorder.fst(12,40-12,56))
HyE.CCA2.fst(46,2-46,14): (Warning 271) Pattern ((ite (= (BoundV 0) (BoxBool (true ))) (BoundV 3) (HyE.PlainPKE.repr (BoundV 4)))) contains illegal symbols; dropping it (see also /home/everest/vsts-agent/_work/4/s/src/ocaml-output/fstar/ulib/FStar.Monotonic.Seq.fst(72,20-72,61))
../Makefile.common:56: .depend: No such file or directory
/home/everest/vsts-agent/_work/4/s/src/ocaml-output/fstar/ulib/prims.fst(0,0-0,0): (Warning 241) Absent cache file _cache/prims.fst.checked; will recheck /home/everest/vsts-agent/_work/4/s/src/ocaml-output/fstar/ulib/prims.fst and all subsequent files
Warning 10: : -drop is deprecated
use a combination of -bundle and -d reachability to make sure the functions are eliminated as you wish
Did not find fstar.exe in PATH and FSTAR_HOME is not set
Fatal error: exception Warnings.Fatal("Unrecoverable error")
Raised at file "src/Warnings.ml", line 52, characters 4-39
Called from file "src/Driver.ml", line 180, characters 4-74
Called from file "src/Driver.ml", line 264, characters 2-20
Called from file "src/Kremlin.ml", line 373, characters 14-96
make[1]: *** [stringprintertest] Error 2
make: *** [tactics.all] Error 2
make: *** Waiting for unfinished jobs....
nested.pos/Test.fst(32,18-32,22): (Warning 252) (Hint-replay failed): assertion failed (see also /home/everest/vsts-agent/_work/4/s/src/ocaml-output/fstar/ulib/FStar.Pointer.Base.fsti(2146,22-2146,34))
nested.pos/Test.fst(27,74-27,95): (Warning 252) Subtyping check failed; expected type (l:Prims.list (Prims.string * FStar.Pointer.Base.typ){ Cons? l /\
FStar.List.Tot.Base.noRepeats (FStar.List.Tot.Base.map FStar.Pervasives.Native.fst l) }); got type Prims.list (Prims.string * FStar.Pointer.Base.typ) (see also /home/everest/vsts-agent/_work/4/s/src/ocaml-output/fstar/ulib/FStar.Pointer.Base.fsti(55,2-55,41))
MAC.fst(45,0-45,53): (Warning 272) Top-level let-bindings must be total; this term may have effects
RPC.fst(9,0-9,53): (Warning 272) Top-level let-bindings must be total; this term may have effects
RPC.fst(23,0-23,39): (Warning 272) Top-level let-bindings must be total; this term may have effects
RPC.fst(48,0-49,16): (Warning 272) Top-level let-bindings must be total; this term may have effects
RPC.fst(116,0-116,17): (Warning 272) Top-level let-bindings must be total; this term may have effects
MAC.fst(45,0-45,53): (Warning 272) Top-level let-bindings must be total; this term may have effects
CntProtocol.fst(12,0-12,53): (Warning 272) Top-level let-bindings must be total; this term may have effects
CntProtocol.fst(27,0-27,26): (Warning 272) Top-level let-bindings must be total; this term may have effects
CntProtocol.fst(30,0-30,54): (Warning 272) Top-level let-bindings must be total; this term may have effects
CntProtocol.fst(33,0-33,54): (Warning 272) Top-level let-bindings must be total; this term may have effects
CntProtocol.fst(97,0-97,39): (Warning 272) Top-level let-bindings must be total; this term may have effects
CntProtocol.fst(124,0-124,18): (Warning 272) Top-level let-bindings must be total; this term may have effects
CntProtocol.fst(168,0-184,5): (Warning 272) Top-level let-bindings must be total; this term may have effects
TestMRef.fst(8,0-8,15): (Warning 272) Top-level let-bindings must be total; this term may have effects
TestMRef.fst(8,0-8,15): (Warning 272) Top-level let-bindings must be total; this term may have effects
TestMRef.fst(8,0-8,15): (Warning 272) Top-level let-bindings must be total; this term may have effects
TestMRef.fst(8,0-8,15): (Warning 272) Top-level let-bindings must be total; this term may have effects
Mac.fst(70,0-70,53): (Warning 272) Top-level let-bindings must be total; this term may have effects
Mac.fst(70,0-70,53): (Warning 272) Top-level let-bindings must be total; this term may have effects
Mac.fst(70,0-70,53): (Warning 272) Top-level let-bindings must be total; this term may have effects
Mac.fst(70,0-70,53): (Warning 272) Top-level let-bindings must be total; this term may have effects
Test.HyperStack.fst(253,27-253,36): (Warning 288) FStar.HyperStack.ST.salloc_mm is deprecated, use use salloc instead instead
Test.HyperStack.fst(262,10-262,15): (Warning 288) FStar.HyperStack.ST.sfree is deprecated, use use salloc instead instead
Test.HyperStack.fst(272,27-272,36): (Warning 288) FStar.HyperStack.ST.salloc_mm is deprecated, use use salloc instead instead
NegativeTests.BST.fst(22,38-22,42): (Warning 252) Subtyping check failed; expected type (right:FStar.Pervasives.Native.option (NegativeTests.BST.tree 2){ 0 <= 1 /\ 1 <= 2 /\
None? right <==> (1 = 2) /\
None? (FStar.Pervasives.Native.None) <==> (1 = 0) }); got type FStar.Pervasives.Native.option (NegativeTests.BST.tree 2) (see also NegativeTests.BST.fst(12,37-12,48))
NegativeTests.BST.fst(22,38-22,42): (Warning 252) Subtyping check failed; expected type (right:FStar.Pervasives.Native.option (NegativeTests.BST.tree 2){ 0 <= 1 /\ 1 <= 2 /\
None? right <==> (1 = 2) /\
None? (FStar.Pervasives.Native.None) <==> (1 = 0) }); got type FStar.Pervasives.Native.option (NegativeTests.BST.tree 2) (see also NegativeTests.BST.fst(12,37-12,48))
NegativeTests.BST.fst(22,38-22,42): (Warning 252) Subtyping check failed; expected type (right:FStar.Pervasives.Native.option (NegativeTests.BST.tree 2){ 0 <= 1 /\ 1 <= 2 /\
None? right <==> (1 = 2) /\
None? (FStar.Pervasives.Native.None) <==> (1 = 0) }); got type FStar.Pervasives.Native.option (NegativeTests.BST.tree 2) (see also NegativeTests.BST.fst(12,37-12,48))
NegativeTests.BST.fst(22,38-22,42): (Warning 252) Subtyping check failed; expected type (right:FStar.Pervasives.Native.option (NegativeTests.BST.tree 2){ 0 <= 1 /\ 1 <= 2 /\
None? right <==> (1 = 2) /\
None? (FStar.Pervasives.Native.None) <==> (1 = 0) }); got type FStar.Pervasives.Native.option (NegativeTests.BST.tree 2) (see also NegativeTests.BST.fst(12,37-12,48))
NegativeTests.BST.fst(25,61-25,65): (Warning 252) Subtyping check failed; expected type (right:FStar.Pervasives.Native.option (NegativeTests.BST.tree (l + 1)){ l <= l /\ l <= l + 1 /\
None? right <==> (l = l + 1) /\
None? (FStar.Pervasives.Native.Some t) <==> (l = l) }); got type FStar.Pervasives.Native.option (NegativeTests.BST.tree (l + 1)) (see also NegativeTests.BST.fst(12,36-12,58))
NegativeTests.BST.fst(25,61-25,65): (Warning 252) Subtyping check failed; expected type (right:FStar.Pervasives.Native.option (NegativeTests.BST.tree (l + 1)){ l <= l /\ l <= l + 1 /\
None? right <==> (l = l + 1) /\
None? (FStar.Pervasives.Native.Some t) <==> (l = l) }); got type FStar.Pervasives.Native.option (NegativeTests.BST.tree (l + 1)) (see also NegativeTests.BST.fst(12,36-12,58))
NegativeTests.BST.fst(25,61-25,65): (Warning 252) Subtyping check failed; expected type (right:FStar.Pervasives.Native.option (NegativeTests.BST.tree (l + 1)){ l <= l /\ l <= l + 1 /\
None? right <==> (l = l + 1) /\
None? (FStar.Pervasives.Native.Some t) <==> (l = l) }); got type FStar.Pervasives.Native.option (NegativeTests.BST.tree (l + 1)) (see also NegativeTests.BST.fst(12,36-12,58))
NegativeTests.BST.fst(25,61-25,65): (Warning 252) Subtyping check failed; expected type (right:FStar.Pervasives.Native.option (NegativeTests.BST.tree (l + 1)){ l <= l /\ l <= l + 1 /\
None? right <==> (l = l + 1) /\
None? (FStar.Pervasives.Native.Some t) <==> (l = l) }); got type FStar.Pervasives.Native.option (NegativeTests.BST.tree (l + 1)) (see also NegativeTests.BST.fst(12,36-12,58))
NegativeTests.BST.fst(28,78-28,87): (Warning 252) Subtyping check failed; expected type (right:FStar.Pervasives.Native.option (NegativeTests.BST.tree (l + 1)){ l <= l + 1 /\ l + 1 <= l + 1 /\
None? right <==> (l + 1 = l + 1) /\
None? (FStar.Pervasives.Native.Some t1) <==> (l + 1 = l) }); got type FStar.Pervasives.Native.option (NegativeTests.BST.tree (l + 1)) (see also NegativeTests.BST.fst(12,37-12,48))
NegativeTests.BST.fst(28,78-28,87): (Warning 252) Subtyping check failed; expected type (right:FStar.Pervasives.Native.option (NegativeTests.BST.tree (l + 1)){ l <= l + 1 /\ l + 1 <= l + 1 /\
None? right <==> (l + 1 = l + 1) /\
None? (FStar.Pervasives.Native.Some t1) <==> (l + 1 = l) }); got type FStar.Pervasives.Native.option (NegativeTests.BST.tree (l + 1)) (see also NegativeTests.BST.fst(12,37-12,48))
NegativeTests.BST.fst(28,78-28,87): (Warning 252) Subtyping check failed; expected type (right:FStar.Pervasives.Native.option (NegativeTests.BST.tree (l + 1)){ l <= l + 1 /\ l + 1 <= l + 1 /\
None? right <==> (l + 1 = l + 1) /\
None? (FStar.Pervasives.Native.Some t1) <==> (l + 1 = l) }); got type FStar.Pervasives.Native.option (NegativeTests.BST.tree (l + 1)) (see also NegativeTests.BST.fst(12,37-12,48))
NegativeTests.BST.fst(28,78-28,87): (Warning 252) Subtyping check failed; expected type (right:FStar.Pervasives.Native.option (NegativeTests.BST.tree (l + 1)){ l <= l + 1 /\ l + 1 <= l + 1 /\
None? right <==> (l + 1 = l + 1) /\
None? (FStar.Pervasives.Native.Some t1) <==> (l + 1 = l) }); got type FStar.Pervasives.Native.option (NegativeTests.BST.tree (l + 1)) (see also NegativeTests.BST.fst(12,37-12,48))
NegativeTests.Heap.fst(11,14-11,20): (Warning 252) assertion failed (see also NegativeTests.Heap.fst(11,21-11,54))
NegativeTests.Heap.fst(11,14-11,20): (Warning 252) assertion failed (see also NegativeTests.Heap.fst(11,21-11,54))
NegativeTests.Heap.fst(11,14-11,20): (Warning 252) assertion failed (see also NegativeTests.Heap.fst(11,21-11,54))
NegativeTests.Heap.fst(11,14-11,20): (Warning 252) assertion failed (see also NegativeTests.Heap.fst(11,21-11,54))
NegativeTests.ShortCircuiting.fst(6,16-6,33): (Warning 252) Subtyping check failed; expected type (b:Prims.bool{ NegativeTests.ShortCircuiting.bad_p b }); got type Prims.bool (see also NegativeTests.ShortCircuiting.fst(4,31-4,38))
NegativeTests.ShortCircuiting.fst(6,16-6,33): (Warning 252) Subtyping check failed; expected type (b:Prims.bool{ NegativeTests.ShortCircuiting.bad_p b }); got type Prims.bool (see also NegativeTests.ShortCircuiting.fst(4,31-4,38))
NegativeTests.ShortCircuiting.fst(6,16-6,33): (Warning 252) Subtyping check failed; expected type (b:Prims.bool{ NegativeTests.ShortCircuiting.bad_p b }); got type Prims.bool (see also NegativeTests.ShortCircuiting.fst(4,31-4,38))
NegativeTests.ShortCircuiting.fst(6,16-6,33): (Warning 252) Subtyping check failed; expected type (b:Prims.bool{ NegativeTests.ShortCircuiting.bad_p b }); got type Prims.bool (see also NegativeTests.ShortCircuiting.fst(4,31-4,38))
/home/everest/vsts-agent/_work/4/s/src/ocaml-output/fstar/ulib/prims.fst(212,30-212,42): (Warning 252) assertion failed (see also /home/everest/vsts-agent/_work/4/s/src/ocaml-output/fstar/ulib/prims.fst(187,75-187,87))
/home/everest/vsts-agent/_work/4/s/src/ocaml-output/fstar/ulib/prims.fst(212,30-212,42): (Warning 252) assertion failed (see also /home/everest/vsts-agent/_work/4/s/src/ocaml-output/fstar/ulib/prims.fst(187,75-187,87))
/home/everest/vsts-agent/_work/4/s/src/ocaml-output/fstar/ulib/prims.fst(212,30-212,42): (Warning 252) assertion failed (see also /home/everest/vsts-agent/_work/4/s/src/ocaml-output/fstar/ulib/prims.fst(187,75-187,87))
/home/everest/vsts-agent/_work/4/s/src/ocaml-output/fstar/ulib/prims.fst(212,30-212,42): (Warning 252) assertion failed (see also /home/everest/vsts-agent/_work/4/s/src/ocaml-output/fstar/ulib/prims.fst(187,75-187,87))
/home/everest/vsts-agent/_work/4/s/src/ocaml-output/fstar/ulib/prims.fst(212,30-212,42): (Warning 252) assertion failed (see also /home/everest/vsts-agent/_work/4/s/src/ocaml-output/fstar/ulib/prims.fst(187,75-187,87))
/home/everest/vsts-agent/_work/4/s/src/ocaml-output/fstar/ulib/prims.fst(212,30-212,42): (Warning 252) assertion failed (see also /home/everest/vsts-agent/_work/4/s/src/ocaml-output/fstar/ulib/prims.fst(187,75-187,87))
/home/everest/vsts-agent/_work/4/s/src/ocaml-output/fstar/ulib/prims.fst(212,30-212,42): (Warning 252) assertion failed (see also /home/everest/vsts-agent/_work/4/s/src/ocaml-output/fstar/ulib/prims.fst(187,75-187,87))
/home/everest/vsts-agent/_work/4/s/src/ocaml-output/fstar/ulib/prims.fst(212,30-212,42): (Warning 252) assertion failed (see also /home/everest/vsts-agent/_work/4/s/src/ocaml-output/fstar/ulib/prims.fst(187,75-187,87))
NegativeTests.Bug260.fst(11,12-11,19): (Warning 252) Subtyping check failed; expected type NegativeTests.Bug260.validity (NegativeTests.Bug260.S (NegativeTests.Bug260.S t)); got type NegativeTests.Bug260.validity (NegativeTests.Bug260.S t) (see also NegativeTests.Bug260.fst(8,37-11,8))
NegativeTests.Bug260.fst(11,12-11,19): (Warning 252) Subtyping check failed; expected type NegativeTests.Bug260.validity (NegativeTests.Bug260.S (NegativeTests.Bug260.S t)); got type NegativeTests.Bug260.validity (NegativeTests.Bug260.S t) (see also NegativeTests.Bug260.fst(8,37-11,8))
NegativeTests.Bug260.fst(11,12-11,19): (Warning 252) Subtyping check failed; expected type NegativeTests.Bug260.validity (NegativeTests.Bug260.S (NegativeTests.Bug260.S t)); got type NegativeTests.Bug260.validity (NegativeTests.Bug260.S t) (see also NegativeTests.Bug260.fst(8,37-11,8))
NegativeTests.Bug260.fst(11,12-11,19): (Warning 252) Subtyping check failed; expected type NegativeTests.Bug260.validity (NegativeTests.Bug260.S (NegativeTests.Bug260.S t)); got type NegativeTests.Bug260.validity (NegativeTests.Bug260.S t) (see also NegativeTests.Bug260.fst(8,37-11,8))
/home/everest/vsts-agent/_work/4/s/src/ocaml-output/fstar/ulib/prims.fst(198,22-198,35): (Warning 252) assertion failed (see also /home/everest/vsts-agent/_work/4/s/src/ocaml-output/fstar/ulib/prims.fst(185,76-185,85))
/home/everest/vsts-agent/_work/4/s/src/ocaml-output/fstar/ulib/prims.fst(198,22-198,35): (Warning 252) assertion failed (see also /home/everest/vsts-agent/_work/4/s/src/ocaml-output/fstar/ulib/prims.fst(185,76-185,85))
/home/everest/vsts-agent/_work/4/s/src/ocaml-output/fstar/ulib/prims.fst(198,22-198,35): (Warning 252) assertion failed (see also /home/everest/vsts-agent/_work/4/s/src/ocaml-output/fstar/ulib/prims.fst(185,76-185,85))
/home/everest/vsts-agent/_work/4/s/src/ocaml-output/fstar/ulib/prims.fst(198,22-198,35): (Warning 252) assertion failed (see also /home/everest/vsts-agent/_work/4/s/src/ocaml-output/fstar/ulib/prims.fst(185,76-185,85))
NegativeTests.Neg.fst(5,8-5,10): (Warning 252) Subtyping check failed; expected type Prims.nat; got type Prims.int (see also /home/everest/vsts-agent/_work/4/s/src/ocaml-output/fstar/ulib/prims.fst(323,17-323,23))
NegativeTests.Neg.fst(5,8-5,10): (Warning 252) Subtyping check failed; expected type Prims.nat; got type Prims.int (see also /home/everest/vsts-agent/_work/4/s/src/ocaml-output/fstar/ulib/prims.fst(323,17-323,23))
NegativeTests.Neg.fst(5,8-5,10): (Warning 252) Subtyping check failed; expected type Prims.nat; got type Prims.int (see also /home/everest/vsts-agent/_work/4/s/src/ocaml-output/fstar/ulib/prims.fst(323,17-323,23))
NegativeTests.Neg.fst(5,8-5,10): (Warning 252) Subtyping check failed; expected type Prims.nat; got type Prims.int (see also /home/everest/vsts-agent/_work/4/s/src/ocaml-output/fstar/ulib/prims.fst(323,17-323,23))
NegativeTests.Neg.fst(8,8-8,10): (Warning 252) Subtyping check failed; expected type Prims.nat; got type Prims.int (see also /home/everest/vsts-agent/_work/4/s/src/ocaml-output/fstar/ulib/prims.fst(323,17-323,23))
NegativeTests.Neg.fst(8,8-8,10): (Warning 252) Subtyping check failed; expected type Prims.nat; got type Prims.int (see also /home/everest/vsts-agent/_work/4/s/src/ocaml-output/fstar/ulib/prims.fst(323,17-323,23))
NegativeTests.Neg.fst(8,8-8,10): (Warning 252) Subtyping check failed; expected type Prims.nat; got type Prims.int (see also /home/everest/vsts-agent/_work/4/s/src/ocaml-output/fstar/ulib/prims.fst(323,17-323,23))
NegativeTests.Neg.fst(8,8-8,10): (Warning 252) Subtyping check failed; expected type Prims.nat; got type Prims.int (see also /home/everest/vsts-agent/_work/4/s/src/ocaml-output/fstar/ulib/prims.fst(323,17-323,23))
NegativeTests.Neg.fst(11,23-11,29): (Warning 252) assertion failed (see also NegativeTests.Neg.fst(11,30-11,35))
NegativeTests.Neg.fst(11,23-11,29): (Warning 252) assertion failed (see also NegativeTests.Neg.fst(11,30-11,35))
NegativeTests.Neg.fst(11,23-11,29): (Warning 252) assertion failed (see also NegativeTests.Neg.fst(11,30-11,35))
NegativeTests.Neg.fst(11,23-11,29): (Warning 252) assertion failed (see also NegativeTests.Neg.fst(11,30-11,35))
NegativeTests.Neg.fst(14,28-15,15): (Warning 252) Patterns are incomplete
NegativeTests.Neg.fst(14,28-15,15): (Warning 252) Patterns are incomplete
NegativeTests.Neg.fst(14,28-15,15): (Warning 252) Patterns are incomplete
NegativeTests.Neg.fst(14,28-15,15): (Warning 252) Patterns are incomplete
NegativeTests.Neg.fst(22,32-22,42): (Warning 252) assertion failed (see also NegativeTests.Neg.fst(17,44-17,57))
NegativeTests.Neg.fst(22,32-22,42): (Warning 252) assertion failed (see also NegativeTests.Neg.fst(17,44-17,57))
NegativeTests.Neg.fst(22,32-22,42): (Warning 252) assertion failed (see also NegativeTests.Neg.fst(17,44-17,57))
NegativeTests.Neg.fst(22,32-22,42): (Warning 252) assertion failed (see also NegativeTests.Neg.fst(17,44-17,57))
NegativeTests.Neg.fst(26,4-26,28): (Warning 252) could not prove post-condition (see also NegativeTests.Neg.fst(24,83-24,88))
NegativeTests.Neg.fst(26,4-26,28): (Warning 252) could not prove post-condition (see also NegativeTests.Neg.fst(24,83-24,88))
NegativeTests.Neg.fst(26,4-26,28): (Warning 252) could not prove post-condition (see also NegativeTests.Neg.fst(24,83-24,88))
NegativeTests.Neg.fst(26,4-26,28): (Warning 252) could not prove post-condition (see also NegativeTests.Neg.fst(24,83-24,88))
NegativeTests.Neg.fst(30,30-30,31): (Warning 252) Subtyping check failed; expected type (uu___958:FStar.Pervasives.Native.option 'a{ Some? uu___958 }); got type FStar.Pervasives.Native.option 'a (see also /home/everest/vsts-agent/_work/4/s/src/ocaml-output/fstar/ulib/FStar.Pervasives.Native.fst(6,4-6,8))
NegativeTests.Neg.fst(30,30-30,31): (Warning 252) Subtyping check failed; expected type (uu___958:FStar.Pervasives.Native.option 'a{ Some? uu___958 }); got type FStar.Pervasives.Native.option 'a (see also /home/everest/vsts-agent/_work/4/s/src/ocaml-output/fstar/ulib/FStar.Pervasives.Native.fst(6,4-6,8))
NegativeTests.Neg.fst(30,30-30,31): (Warning 252) Subtyping check failed; expected type (uu___958:FStar.Pervasives.Native.option 'a{ Some? uu___958 }); got type FStar.Pervasives.Native.option 'a (see also /home/everest/vsts-agent/_work/4/s/src/ocaml-output/fstar/ulib/FStar.Pervasives.Native.fst(6,4-6,8))
NegativeTests.Neg.fst(30,30-30,31): (Warning 252) Subtyping check failed; expected type (uu___958:FStar.Pervasives.Native.option 'a{ Some? uu___958 }); got type FStar.Pervasives.Native.option 'a (see also /home/everest/vsts-agent/_work/4/s/src/ocaml-output/fstar/ulib/FStar.Pervasives.Native.fst(6,4-6,8))
NegativeTests.Neg.fst(34,45-34,47): (Warning 252) Subtyping check failed; expected type (uu___1057:FStar.Pervasives.result Prims.int{ V? uu___1057 }); got type FStar.Pervasives.result Prims.int (see also /home/everest/vsts-agent/_work/4/s/src/ocaml-output/fstar/ulib/FStar.Pervasives.fst(88,4-88,5))
NegativeTests.Neg.fst(34,45-34,47): (Warning 252) Subtyping check failed; expected type (uu___1057:FStar.Pervasives.result Prims.int{ V? uu___1057 }); got type FStar.Pervasives.result Prims.int (see also /home/everest/vsts-agent/_work/4/s/src/ocaml-output/fstar/ulib/FStar.Pervasives.fst(88,4-88,5))
NegativeTests.Neg.fst(34,45-34,47): (Warning 252) Subtyping check failed; expected type (uu___1057:FStar.Pervasives.result Prims.int{ V? uu___1057 }); got type FStar.Pervasives.result Prims.int (see also /home/everest/vsts-agent/_work/4/s/src/ocaml-output/fstar/ulib/FStar.Pervasives.fst(88,4-88,5))
NegativeTests.Neg.fst(34,45-34,47): (Warning 252) Subtyping check failed; expected type (uu___1057:FStar.Pervasives.result Prims.int{ V? uu___1057 }); got type FStar.Pervasives.result Prims.int (see also /home/everest/vsts-agent/_work/4/s/src/ocaml-output/fstar/ulib/FStar.Pervasives.fst(88,4-88,5))
NegativeTests.Neg.fst(39,25-39,26): (Warning 252) Subtyping check failed; expected type Prims.nat; got type Prims.int (see also /home/everest/vsts-agent/_work/4/s/src/ocaml-output/fstar/ulib/prims.fst(323,17-323,23))
NegativeTests.Neg.fst(39,25-39,26): (Warning 252) Subtyping check failed; expected type Prims.nat; got type Prims.int (see also /home/everest/vsts-agent/_work/4/s/src/ocaml-output/fstar/ulib/prims.fst(323,17-323,23))
NegativeTests.Neg.fst(39,25-39,26): (Warning 252) Subtyping check failed; expected type Prims.nat; got type Prims.int (see also /home/everest/vsts-agent/_work/4/s/src/ocaml-output/fstar/ulib/prims.fst(323,17-323,23))
NegativeTests.Neg.fst(39,25-39,26): (Warning 252) Subtyping check failed; expected type Prims.nat; got type Prims.int (see also /home/everest/vsts-agent/_work/4/s/src/ocaml-output/fstar/ulib/prims.fst(323,17-323,23))
NegativeTests.Termination.fst(6,26-6,27): (Warning 252) Subtyping check failed; expected type (m:Prims.int{ m << %[ m; l ] }); got type Prims.int (see also NegativeTests.Termination.fst(6,20-6,29))
NegativeTests.Termination.fst(6,26-6,27): (Warning 252) Subtyping check failed; expected type (m:Prims.int{ m << %[ m; l ] }); got type Prims.int (see also NegativeTests.Termination.fst(6,20-6,29))
NegativeTests.Termination.fst(6,26-6,27): (Warning 252) Subtyping check failed; expected type (m:Prims.int{ m << %[ m; l ] }); got type Prims.int (see also NegativeTests.Termination.fst(6,20-6,29))
NegativeTests.Termination.fst(6,26-6,27): (Warning 252) Subtyping check failed; expected type (m:Prims.int{ m << %[ m; l ] }); got type Prims.int (see also NegativeTests.Termination.fst(6,20-6,29))
NegativeTests.Termination.fst(13,26-13,35): (Warning 252) Subtyping check failed; expected type (uu___1220:Prims.int{ %[ n; uu___1220 ] << %[ n; count ] }); got type Prims.int (see also NegativeTests.Termination.fst(11,2-13,35))
NegativeTests.Termination.fst(13,26-13,35): (Warning 252) Subtyping check failed; expected type (uu___1220:Prims.int{ %[ n; uu___1220 ] << %[ n; count ] }); got type Prims.int (see also NegativeTests.Termination.fst(11,2-13,35))
NegativeTests.Termination.fst(13,26-13,35): (Warning 252) Subtyping check failed; expected type (uu___1220:Prims.int{ %[ n; uu___1220 ] << %[ n; count ] }); got type Prims.int (see also NegativeTests.Termination.fst(11,2-13,35))
NegativeTests.Termination.fst(13,26-13,35): (Warning 252) Subtyping check failed; expected type (uu___1220:Prims.int{ %[ n; uu___1220 ] << %[ n; count ] }); got type Prims.int (see also NegativeTests.Termination.fst(11,2-13,35))
NegativeTests.Termination.fst(20,43-20,44): (Warning 252) Subtyping check failed; expected type (n:Prims.int{ %[ m - 1; n ] << %[ m; n ] }); got type Prims.int (see also NegativeTests.Termination.fst(19,2-21,54))
NegativeTests.Termination.fst(20,43-20,44): (Warning 252) Subtyping check failed; expected type (n:Prims.int{ %[ m - 1; n ] << %[ m; n ] }); got type Prims.int (see also NegativeTests.Termination.fst(19,2-21,54))
NegativeTests.Termination.fst(20,43-20,44): (Warning 252) Subtyping check failed; expected type (n:Prims.int{ %[ m - 1; n ] << %[ m; n ] }); got type Prims.int (see also NegativeTests.Termination.fst(19,2-21,54))
NegativeTests.Termination.fst(20,43-20,44): (Warning 252) Subtyping check failed; expected type (n:Prims.int{ %[ m - 1; n ] << %[ m; n ] }); got type Prims.int (see also NegativeTests.Termination.fst(19,2-21,54))
NegativeTests.Termination.fst(27,28-27,29): (Warning 252) Subtyping check failed; expected type (uu___3242:Prims.list 'a{ uu___3242 << l }); got type Prims.list 'a (see also NegativeTests.Termination.fst(25,23-27,29))
NegativeTests.Termination.fst(27,28-27,29): (Warning 252) Subtyping check failed; expected type (uu___3242:Prims.list 'a{ uu___3242 << l }); got type Prims.list 'a (see also NegativeTests.Termination.fst(25,23-27,29))
NegativeTests.Termination.fst(27,28-27,29): (Warning 252) Subtyping check failed; expected type (uu___3242:Prims.list 'a{ uu___3242 << l }); got type Prims.list 'a (see also NegativeTests.Termination.fst(25,23-27,29))
NegativeTests.Termination.fst(27,28-27,29): (Warning 252) Subtyping check failed; expected type (uu___3242:Prims.list 'a{ uu___3242 << l }); got type Prims.list 'a (see also NegativeTests.Termination.fst(25,23-27,29))
NegativeTests.Termination.fst(40,15-40,29): (Warning 252) Subtyping check failed; expected type x:Prims.nat{ x <= v } -> Prims.Tot Prims.nat; got type uu___4977:(uu___4978:Prims.nat{ uu___4978 << v }) -> Prims.Tot Prims.nat (see also NegativeTests.Termination.fst(38,2-40,29))
NegativeTests.Termination.fst(40,15-40,29): (Warning 252) Subtyping check failed; expected type x:Prims.nat{ x <= v } -> Prims.Tot Prims.nat; got type uu___4977:(uu___4978:Prims.nat{ uu___4978 << v }) -> Prims.Tot Prims.nat (see also NegativeTests.Termination.fst(38,2-40,29))
NegativeTests.Termination.fst(40,15-40,29): (Warning 252) Subtyping check failed; expected type x:Prims.nat{ x <= v } -> Prims.Tot Prims.nat; got type uu___4977:(uu___4978:Prims.nat{ uu___4978 << v }) -> Prims.Tot Prims.nat (see also NegativeTests.Termination.fst(38,2-40,29))
NegativeTests.Termination.fst(40,15-40,29): (Warning 252) Subtyping check failed; expected type x:Prims.nat{ x <= v } -> Prims.Tot Prims.nat; got type uu___4977:(uu___4978:Prims.nat{ uu___4978 << v }) -> Prims.Tot Prims.nat (see also NegativeTests.Termination.fst(38,2-40,29))
NegativeTests.Termination.fst(52,19-52,29): (Warning 252) Subtyping check failed; expected type (uu___6341:NegativeTests.Termination.snat{ uu___6341 << n }); got type NegativeTests.Termination.snat (see also NegativeTests.Termination.fst(49,2-52,29))
NegativeTests.Termination.fst(52,19-52,29): (Warning 252) Subtyping check failed; expected type (uu___6341:NegativeTests.Termination.snat{ uu___6341 << n }); got type NegativeTests.Termination.snat (see also NegativeTests.Termination.fst(49,2-52,29))
NegativeTests.Termination.fst(52,19-52,29): (Warning 252) Subtyping check failed; expected type (uu___6341:NegativeTests.Termination.snat{ uu___6341 << n }); got type NegativeTests.Termination.snat (see also NegativeTests.Termination.fst(49,2-52,29))
NegativeTests.Termination.fst(52,19-52,29): (Warning 252) Subtyping check failed; expected type (uu___6341:NegativeTests.Termination.snat{ uu___6341 << n }); got type NegativeTests.Termination.snat (see also NegativeTests.Termination.fst(49,2-52,29))
NegativeTests.Termination.fst(60,34-60,35): (Warning 252) Subtyping check failed; expected type (uu___7272:NegativeTests.Termination.snat{ %[
NegativeTests.Termination.S (NegativeTests.Termination.S n');
uu___7272
] <<
%[ n; m ] }); got type NegativeTests.Termination.snat (see also NegativeTests.Termination.fst(57,2-60,35))
NegativeTests.Termination.fst(60,34-60,35): (Warning 252) Subtyping check failed; expected type (uu___7272:NegativeTests.Termination.snat{ %[
NegativeTests.Termination.S (NegativeTests.Termination.S n');
uu___7272
] <<
%[ n; m ] }); got type NegativeTests.Termination.snat (see also NegativeTests.Termination.fst(57,2-60,35))
NegativeTests.Termination.fst(60,34-60,35): (Warning 252) Subtyping check failed; expected type (uu___7272:NegativeTests.Termination.snat{ %[
NegativeTests.Termination.S (NegativeTests.Termination.S n');
uu___7272
] <<
%[ n; m ] }); got type NegativeTests.Termination.snat (see also NegativeTests.Termination.fst(57,2-60,35))
NegativeTests.Termination.fst(60,34-60,35): (Warning 252) Subtyping check failed; expected type (uu___7272:NegativeTests.Termination.snat{ %[
NegativeTests.Termination.S (NegativeTests.Termination.S n');
uu___7272
] <<
%[ n; m ] }); got type NegativeTests.Termination.snat (see also NegativeTests.Termination.fst(57,2-60,35))
NegativeTests.Termination.fst(65,2-67,14): (Warning 252) Patterns are incomplete
NegativeTests.Termination.fst(65,2-67,14): (Warning 252) Patterns are incomplete
NegativeTests.Termination.fst(65,2-67,14): (Warning 252) Patterns are incomplete
NegativeTests.Termination.fst(65,2-67,14): (Warning 252) Patterns are incomplete
NegativeTests.Termination.fst(74,29-74,31): (Warning 252) Subtyping check failed; expected type (uu___8821:NegativeTests.Termination.snat{ %[ NegativeTests.Termination.S n'; uu___8821 ] <<
%[ n; m ] }); got type NegativeTests.Termination.snat (see also NegativeTests.Termination.fst(71,38-72,2))
NegativeTests.Termination.fst(74,29-74,31): (Warning 252) Subtyping check failed; expected type (uu___8821:NegativeTests.Termination.snat{ %[ NegativeTests.Termination.S n'; uu___8821 ] <<
%[ n; m ] }); got type NegativeTests.Termination.snat (see also NegativeTests.Termination.fst(71,38-72,2))
NegativeTests.Termination.fst(74,29-74,31): (Warning 252) Subtyping check failed; expected type (uu___8821:NegativeTests.Termination.snat{ %[ NegativeTests.Termination.S n'; uu___8821 ] <<
%[ n; m ] }); got type NegativeTests.Termination.snat (see also NegativeTests.Termination.fst(71,38-72,2))
NegativeTests.Termination.fst(74,29-74,31): (Warning 252) Subtyping check failed; expected type (uu___8821:NegativeTests.Termination.snat{ %[ NegativeTests.Termination.S n'; uu___8821 ] <<
%[ n; m ] }); got type NegativeTests.Termination.snat (see also NegativeTests.Termination.fst(71,38-72,2))
NegativeTests.Termination.fst(81,20-81,26): (Warning 252) Subtyping check failed; expected type (uu___9599:NegativeTests.Termination.snat{ uu___9599 << n }); got type NegativeTests.Termination.snat (see also NegativeTests.Termination.fst(78,25-79,2))
NegativeTests.Termination.fst(81,20-81,26): (Warning 252) Subtyping check failed; expected type (uu___9599:NegativeTests.Termination.snat{ uu___9599 << n }); got type NegativeTests.Termination.snat (see also NegativeTests.Termination.fst(78,25-79,2))
NegativeTests.Termination.fst(81,20-81,26): (Warning 252) Subtyping check failed; expected type (uu___9599:NegativeTests.Termination.snat{ uu___9599 << n }); got type NegativeTests.Termination.snat (see also NegativeTests.Termination.fst(78,25-79,2))
NegativeTests.Termination.fst(81,20-81,26): (Warning 252) Subtyping check failed; expected type (uu___9599:NegativeTests.Termination.snat{ uu___9599 << n }); got type NegativeTests.Termination.snat (see also NegativeTests.Termination.fst(78,25-79,2))
NegativeTests.Set.fst(13,9-13,30): (Warning 252) assertion failed
NegativeTests.Set.fst(13,9-13,30): (Warning 252) assertion failed
NegativeTests.Set.fst(13,9-13,30): (Warning 252) assertion failed
NegativeTests.Set.fst(13,9-13,30): (Warning 252) assertion failed
NegativeTests.Set.fst(18,9-18,67): (Warning 252) assertion failed
NegativeTests.Set.fst(18,9-18,67): (Warning 252) assertion failed
NegativeTests.Set.fst(18,9-18,67): (Warning 252) assertion failed
NegativeTests.Set.fst(18,9-18,67): (Warning 252) assertion failed
NegativeTests.Set.fst(23,9-23,52): (Warning 252) assertion failed
NegativeTests.Set.fst(23,9-23,52): (Warning 252) assertion failed
NegativeTests.Set.fst(23,9-23,52): (Warning 252) assertion failed
NegativeTests.Set.fst(23,9-23,52): (Warning 252) assertion failed
