From https://github.com/project-everest/vale
+ 6b4e591...6bc616b gugavaro_test -> origin/gugavaro_test  (forced update)
From https://github.com/mitls/hacl-star
70bc7741..26f02ec2  _kkane_qtesla -> origin/_kkane_qtesla
9e55ca64..515e9d56  dev           -> origin/dev
make: *** [Makefile:78: extracted/Makefile.include] Error 1
make: *** Waiting for unfinished jobs....
make: *** [Makefile:84: uint128/Makefile.include] Error 1
dos2unix: converting file parser/parse.fsi to Unix format...
Warning: you are using the standard library and/or the %inline keyword. We
recommend switching on --infer in order to avoid obscure type error messages.
warning: CRLF will be replaced by LF in src/parser/parse.fsy.
The file will have its original line endings in your working directory.
FStar.PredicateExtensionality.fst(12,2-13,45): (Warning 252) (Hint-replay failed): could not prove post-condition (see also FStar.PredicateExtensionality.fst(10,10-10,18))
FStar.Algebra.Monoid.fst(55,27-55,31): (Warning 252) (Hint-replay failed): Subtyping check failed; expected type Prims.prop; got type Prims.logical
FStar.Algebra.Monoid.fst(55,27-55,31): (Warning 252) Subtyping check failed; expected type Prims.prop; got type Prims.logical
FStar.Algebra.Monoid.fst(55,27-55,31): (Warning 252) Subtyping check failed; expected type Prims.prop; got type Prims.logical
FStar.Algebra.Monoid.fst(55,27-55,31): (Warning 252) Subtyping check failed; expected type Prims.prop; got type Prims.logical
FStar.Algebra.Monoid.fst(55,27-55,31): (Warning 252) Subtyping check failed; expected type Prims.prop; got type Prims.logical
FStar.Algebra.Monoid.fst(84,33-84,39): (Warning 252) (Hint-replay failed): Subtyping check failed; expected type Prims.prop; got type Prims.logical
FStar.Algebra.Monoid.fst(84,33-84,39): (Warning 252) Subtyping check failed; expected type Prims.prop; got type Prims.logical
FStar.Algebra.Monoid.fst(84,33-84,39): (Warning 252) Subtyping check failed; expected type Prims.prop; got type Prims.logical
FStar.Algebra.Monoid.fst(84,33-84,39): (Warning 252) Subtyping check failed; expected type Prims.prop; got type Prims.logical
FStar.Algebra.Monoid.fst(84,33-84,39): (Warning 252) Subtyping check failed; expected type Prims.prop; got type Prims.logical
FStar.Algebra.Monoid.fst(153,26-153,28): (Warning 252) (Hint-replay failed): Subtyping check failed; expected type Prims.prop; got type Prims.logical
FStar.Algebra.Monoid.fst(153,26-153,28): (Warning 252) Subtyping check failed; expected type Prims.prop; got type Prims.logical
FStar.Algebra.Monoid.fst(153,26-153,28): (Warning 252) Subtyping check failed; expected type Prims.prop; got type Prims.logical
FStar.Algebra.Monoid.fst(153,26-153,28): (Warning 252) Subtyping check failed; expected type Prims.prop; got type Prims.logical
FStar.Algebra.Monoid.fst(153,26-153,28): (Warning 252) Subtyping check failed; expected type Prims.prop; got type Prims.logical
FStar.Algebra.Monoid.fst(155,14-155,18): (Warning 252) (Hint-replay failed): Subtyping check failed; expected type Prims.prop; got type Prims.logical
FStar.Algebra.Monoid.fst(155,14-155,18): (Warning 252) Subtyping check failed; expected type Prims.prop; got type Prims.logical
FStar.Algebra.Monoid.fst(155,14-155,18): (Warning 252) Subtyping check failed; expected type Prims.prop; got type Prims.logical
FStar.Algebra.Monoid.fst(155,14-155,18): (Warning 252) Subtyping check failed; expected type Prims.prop; got type Prims.logical
FStar.Algebra.Monoid.fst(155,14-155,18): (Warning 252) Subtyping check failed; expected type Prims.prop; got type Prims.logical
FStar.Algebra.Monoid.fst(166,28-166,32): (Warning 252) (Hint-replay failed): Subtyping check failed; expected type Prims.prop; got type Prims.logical
FStar.Algebra.Monoid.fst(166,28-166,32): (Warning 252) Subtyping check failed; expected type Prims.prop; got type Prims.logical
FStar.Algebra.Monoid.fst(166,28-166,32): (Warning 252) Subtyping check failed; expected type Prims.prop; got type Prims.logical
FStar.Algebra.Monoid.fst(166,28-166,32): (Warning 252) Subtyping check failed; expected type Prims.prop; got type Prims.logical
FStar.Algebra.Monoid.fst(166,28-166,32): (Warning 252) Subtyping check failed; expected type Prims.prop; got type Prims.logical
FStar.Algebra.Monoid.fst(55,27-55,31): (Error 19) Subtyping check failed; expected type Prims.prop; got type Prims.logical
FStar.Algebra.Monoid.fst(84,33-84,39): (Error 19) Subtyping check failed; expected type Prims.prop; got type Prims.logical
FStar.Algebra.Monoid.fst(153,26-153,28): (Error 19) Subtyping check failed; expected type Prims.prop; got type Prims.logical
FStar.Algebra.Monoid.fst(155,14-155,18): (Error 19) Subtyping check failed; expected type Prims.prop; got type Prims.logical
FStar.Algebra.Monoid.fst(166,28-166,32): (Error 19) Subtyping check failed; expected type Prims.prop; got type Prims.logical
Verified module: FStar.Algebra.Monoid (7347 milliseconds)
5 errors were reported (see above)
make[3]: *** [gmake/Makefile.tmpl:29: FStar.Algebra.Monoid.fst.checked] Error 1
FStar.TSet.fst(44,31-44,37): (Warning 252) (Hint-replay failed): Subtyping check failed; expected type Prims.prop; got type Prims.logical
FStar.TSet.fst(44,31-44,37): (Warning 252) Subtyping check failed; expected type Prims.prop; got type Prims.logical
FStar.TSet.fst(45,31-45,43): (Warning 252) (Hint-replay failed): Subtyping check failed; expected type Prims.prop; got type Prims.logical
FStar.TSet.fst(45,31-45,43): (Warning 252) Subtyping check failed; expected type Prims.prop; got type Prims.logical
FStar.TSet.fst(46,31-46,43): (Warning 252) (Hint-replay failed): Subtyping check failed; expected type Prims.prop; got type Prims.logical
FStar.TSet.fst(46,31-46,43): (Warning 252) Subtyping check failed; expected type Prims.prop; got type Prims.logical
FStar.TSet.fst(47,31-47,38): (Warning 252) (Hint-replay failed): Subtyping check failed; expected type Prims.prop; got type Prims.logical
FStar.TSet.fst(47,31-47,38): (Warning 252) Subtyping check failed; expected type Prims.prop; got type Prims.logical
FStar.TSet.fst(118,15-118,41): (Warning 252) (Hint-replay failed): Subtyping check failed; expected type Prims.prop; got type Type0
FStar.TSet.fst(118,15-118,41): (Warning 252) Subtyping check failed; expected type Prims.prop; got type Type0
FStar.TSet.fst(149,15-149,25): (Warning 252) (Hint-replay failed): Subtyping check failed; expected type Prims.prop; got type Prims.logical
FStar.TSet.fst(149,15-149,25): (Warning 252) Subtyping check failed; expected type Prims.prop; got type Prims.logical
FStar.TSet.fst(158,1-158,34): (Warning 252) (Hint-replay failed): Subtyping check failed; expected type Prims.prop; got type Prims.logical
FStar.TSet.fst(158,1-158,34): (Warning 252) Subtyping check failed; expected type Prims.prop; got type Prims.logical
FStar.TSet.fst(44,31-44,37): (Error 19) Subtyping check failed; expected type Prims.prop; got type Prims.logical
FStar.TSet.fst(45,31-45,43): (Error 19) Subtyping check failed; expected type Prims.prop; got type Prims.logical
FStar.TSet.fst(46,31-46,43): (Error 19) Subtyping check failed; expected type Prims.prop; got type Prims.logical
FStar.TSet.fst(47,31-47,38): (Error 19) Subtyping check failed; expected type Prims.prop; got type Prims.logical
FStar.TSet.fst(118,15-118,41): (Error 19) Subtyping check failed; expected type Prims.prop; got type Type0
FStar.TSet.fst(149,15-149,25): (Error 19) Subtyping check failed; expected type Prims.prop; got type Prims.logical
FStar.TSet.fst(158,1-158,34): (Error 19) Subtyping check failed; expected type Prims.prop; got type Prims.logical
Verified module: FStar.TSet (7099 milliseconds)
7 errors were reported (see above)
make[3]: *** [gmake/Makefile.tmpl:29: FStar.TSet.fst.checked] Error 1
FStar.List.Tot.Properties.fst(858,2-858,37): (Warning 252) (Hint-replay failed): could not prove post-condition (see also FStar.List.Tot.Properties.fst(856,12-856,18))
FStar.List.Tot.Properties.fst(858,2-858,37): (Warning 252) could not prove post-condition (see also FStar.List.Tot.Properties.fst(856,12-856,18))
FStar.List.Tot.Properties.fst(887,2-888,24): (Warning 252) (Hint-replay failed): could not prove post-condition (see also FStar.List.Tot.Properties.fst(886,12-886,18))
FStar.OrdSet.fst(48,16-48,18): (Warning 252) (Hint-replay failed): Subtyping check failed; expected type Prims.eqtype; got type Type0 (see also prims.fst(27,22-27,29))
FStar.Seq.Properties.fst(478,2-481,29): (Warning 252) (Hint-replay failed): could not prove post-condition (see also FStar.Seq.Properties.fst(476,20-476,28))
FStar.Fin.fst(36,2-51,18): (Warning 252) (Hint-replay failed): could not prove post-condition (see also FStar.Fin.fst(33,41-33,68))
FStar.Fin.fst(36,2-51,18): (Warning 252) (Hint-replay failed): could not prove post-condition (see also FStar.Fin.fst(33,41-33,68))
FStar.Integers.fst(440,5-454,43): (Warning 252) (Hint-replay failed): Patterns are incomplete
make[3]: Target 'verify-core' not remade because of errors.
make[2]: *** [Makefile:12: all] Error 2
make[1]: *** [Makefile:193: fstarlib] Error 2
make: *** [Makefile:176: utest-prelude] Error 2
Command exited with non-zero status 2
13.26user 47.41system 9:46.96elapsed 10%CPU (0avgtext+0avgdata 22315896maxresident)k
0inputs+0outputs (5859980major+0minor)pagefaults 0swaps
