From https://github.com/mitls/hacl-star
ecf9bcf3..bacfa764  dev                  -> origin/dev
909cd9e5..e8cce77b  joonwonc_merkle_tree -> origin/joonwonc_merkle_tree
make: *** [Makefile:78: extracted/Makefile.include] Error 1
make: *** Waiting for unfinished jobs....
make: *** [Makefile:84: uint128/Makefile.include] Error 1
dos2unix: converting file parser/parse.fsi to Unix format...
Warning: you are using the standard library and/or the %inline keyword. We
recommend switching on --infer in order to avoid obscure type error messages.
warning: CRLF will be replaced by LF in src/parser/parse.fsy.
The file will have its original line endings in your working directory.
FStar.Algebra.Monoid.fst(162,2-162,23): (Warning 252) (Hint-replay failed): assertion failed (see also FStar.Algebra.Monoid.fst(145,15-145,49))
FStar.Algebra.Monoid.fst(172,2-172,23): (Warning 252) (Hint-replay failed): assertion failed (see also FStar.Algebra.Monoid.fst(145,15-145,49))
FStar.Algebra.Monoid.fst(162,2-162,23): (Warning 252) (Hint-replay failed): assertion failed (see also FStar.Algebra.Monoid.fst(145,15-145,49))
FStar.Algebra.Monoid.fst(172,2-172,23): (Warning 252) (Hint-replay failed): assertion failed (see also FStar.Algebra.Monoid.fst(145,15-145,49))
FStar.List.Tot.Properties.fst(858,2-858,37): (Warning 252) (Hint-replay failed): could not prove post-condition (see also FStar.List.Tot.Properties.fst(856,12-856,18))
FStar.List.Tot.Properties.fst(858,2-858,37): (Warning 252) could not prove post-condition (see also FStar.List.Tot.Properties.fst(856,12-856,18))
FStar.List.Tot.Properties.fst(887,2-888,24): (Warning 252) (Hint-replay failed): could not prove post-condition (see also FStar.List.Tot.Properties.fst(886,12-886,18))
FStar.OrdSet.fst(48,16-48,18): (Warning 252) (Hint-replay failed): Subtyping check failed; expected type Prims.eqtype; got type Type0 (see also prims.fst(27,22-27,29))
FStar.Monotonic.HyperStack.fst(373,4-373,33): (Warning 252) (Hint-replay failed): assertion failed (see also FStar.Monotonic.HyperStack.fst(38,12-41,66))
FStar.Monotonic.HyperStack.fst(373,4-373,33): (Warning 252) (Hint-replay failed): assertion failed (see also FStar.Monotonic.HyperStack.fst(38,12-41,66))
FStar.Seq.Properties.fst(478,2-481,29): (Warning 252) (Hint-replay failed): could not prove post-condition (see also FStar.Seq.Properties.fst(476,20-476,28))
FStar.Fin.fst(36,2-51,18): (Warning 252) (Hint-replay failed): could not prove post-condition (see also FStar.Fin.fst(33,41-33,68))
FStar.Fin.fst(36,2-51,18): (Warning 252) (Hint-replay failed): could not prove post-condition (see also FStar.Fin.fst(33,41-33,68))
LowStar.BufferView.fst(79,31-79,33): (Warning 252) (Hint-replay failed): Subtyping check failed; expected type FStar.Seq.Properties.lseq (FStar.Pervasives.dfst vb)
(LowStar.Monotonic.Buffer.length (LowStar.BufferView.as_buffer vb)); got type FStar.Seq.Base.seq (FStar.Pervasives.dfst vb) (see also FStar.Seq.Properties.fst(24,19-24,36))
LowStar.BufferView.fst(84,4-98,24): (Warning 252) (Hint-replay failed): could not prove post-condition (see also LowStar.BufferView.fst(82,11-82,41))
LowStar.BufferView.fst(156,38-156,40): (Warning 252) (Hint-replay failed): Subtyping check failed; expected type FStar.Seq.Properties.lseq (FStar.Pervasives.dfst vb)
(LowStar.Monotonic.Buffer.length (LowStar.BufferView.as_buffer vb)); got type FStar.Seq.Base.seq (FStar.Pervasives.dfst vb) (see also FStar.Seq.Properties.fst(24,19-24,36))
FStar.Integers.fst(440,5-454,43): (Warning 252) (Hint-replay failed): Patterns are incomplete
FStar.Tactics.Typeclasses.fst(87,4-134,16): (Warning 252) (Hint-replay failed): Patterns are incomplete
FStar.Tactics.Typeclasses.fst(87,4-134,16): (Warning 252) (Hint-replay failed): Patterns are incomplete
FStar.Buffer.fst(1205,63-1205,71): (Warning 252) (Hint-replay failed): assertion failed (see also FStar.UInt32.fst(44,12-44,32))
FStar.Buffer.fst(65,4-65,10): (Warning 252) (Hint-replay failed): Subtyping check failed; expected type Prims.nat; got type FStar.UInt.uint_t FStar.UInt32.n (see also prims.fst(408,17-408,23))
FStar.Buffer.fst(1205,63-1205,71): (Warning 252) (Hint-replay failed): assertion failed (see also FStar.UInt32.fst(44,12-44,32))
FStar.ModifiesGen.fst(182,42-182,44): (Warning 252) (Hint-replay failed): could not prove post-condition (see also FStar.ModifiesGen.fsti(167,45-167,50))
FStar.ModifiesGen.fst(501,35-501,37): (Warning 252) (Hint-replay failed): could not prove post-condition (see also FStar.ModifiesGen.fsti(357,11-357,36))
FStar.ModifiesGen.fst(547,91-547,93): (Warning 252) (Hint-replay failed): could not prove post-condition (see also FStar.ModifiesGen.fsti(415,11-415,67))
FStar.ModifiesGen.fst(551,78-551,80): (Warning 252) (Hint-replay failed): could not prove post-condition (see also FStar.ModifiesGen.fsti(439,24-439,42))
FStar.ModifiesGen.fst(855,4-855,10): (Warning 252) (Hint-replay failed): assertion failed (see also FStar.ModifiesGen.fst(855,12-855,47))
FStar.ModifiesGen.fst(907,20-907,25): (Warning 252) (Hint-replay failed): assertion failed (see also FStar.ModifiesGen.fsti(599,15-599,55))
FStar.ModifiesGen.fst(923,55-923,57): (Warning 252) (Hint-replay failed): could not prove post-condition (see also FStar.ModifiesGen.fsti(649,4-649,20))
FStar.ModifiesGen.fst(941,2-941,8): (Warning 252) (Hint-replay failed): assertion failed (see also FStar.ModifiesGen.fst(941,57-941,141))
FStar.ModifiesGen.fst(947,79-947,81): (Warning 252) (Hint-replay failed): could not prove post-condition (see also FStar.ModifiesGen.fsti(726,11-726,45))
FStar.ModifiesGen.fst(949,72-949,74): (Warning 252) (Hint-replay failed): could not prove post-condition (see also FStar.ModifiesGen.fsti(737,11-737,32))
FStar.ModifiesGen.fst(991,2-992,117): (Warning 252) (Hint-replay failed): could not prove post-condition (see also FStar.ModifiesGen.fst(990,11-990,28))
FStar.ModifiesGen.fst(1230,20-1230,22): (Warning 252) (Hint-replay failed): could not prove post-condition (see also FStar.ModifiesGen.fsti(503,34-503,59))
FStar.ModifiesGen.fst(1315,2-1315,8): (Warning 252) (Hint-replay failed): assertion failed (see also FStar.ModifiesGen.fst(1315,9-1315,48))
FStar.ModifiesGen.fst(1587,2-1597,39): (Warning 252) (Hint-replay failed): could not prove post-condition (see also FStar.ModifiesGen.fst(1586,11-1586,84))
FStar.ModifiesGen.fst(1659,2-1659,8): (Warning 252) (Hint-replay failed): assertion failed (see also FStar.ModifiesGen.fst(1659,9-1659,40))
FStar.ModifiesGen.fst(1719,2-1727,39): (Warning 252) (Hint-replay failed): could not prove post-condition (see also FStar.ModifiesGen.fst(1718,11-1718,42))
FStar.ModifiesGen.fst(1786,4-1786,10): (Warning 252) (Hint-replay failed): assertion failed (see also FStar.ModifiesGen.fst(1786,11-1797,7))
FStar.ModifiesGen.fst(1829,4-1829,21): (Warning 252) (Hint-replay failed): Subtyping check failed; expected type aux:
FStar.Ghost.erased (FStar.GSet.set (FStar.ModifiesGen.aloc (c b)))
{ FStar.GSet.subset (FStar.ModifiesGen.aloc_domain (c b) regions live_addrs)
(FStar.Ghost.reveal aux) /\
FStar.GSet.subset (FStar.Ghost.reveal aux)
(FStar.ModifiesGen.aloc_domain (c b) regions (fun _ -> FStar.GSet.complement FStar.GSet.empty)
) }; got type FStar.Ghost.erased (FStar.GSet.set (FStar.ModifiesGen.aloc (c b))) (see also FStar.ModifiesGen.fst(30,8-30,71))
FStar.ModifiesGen.fst(1838,9-1838,119): (Warning 252) (Hint-replay failed): assertion failed
FStar.ModifiesGen.fst(1841,9-1841,121): (Warning 252) (Hint-replay failed): assertion failed
FStar.ModifiesGen.fst(1912,2-1918,167): (Warning 252) (Hint-replay failed): could not prove post-condition (see also FStar.ModifiesGen.fsti(1171,2-1171,78))
LowStar.Monotonic.Buffer.fst(631,2-631,21): (Warning 252) (Hint-replay failed): assertion failed (see also LowStar.Monotonic.Buffer.fst(617,20-617,139))
LowStar.Monotonic.Buffer.fst(954,29-954,30): (Warning 252) (Hint-replay failed): Subtyping check failed; expected type _: LowStar.Monotonic.Buffer.mbuffer _ _ _ {Buffer? _}; got type LowStar.Monotonic.Buffer.mbuffer _ _ _ (see also LowStar.Monotonic.Buffer.fst(73,4-73,10))
LowStar.Monotonic.Buffer.fst(974,4-974,23): (Warning 252) (Hint-replay failed): assertion failed (see also LowStar.Monotonic.Buffer.fst(787,19-787,39))
15.98user 56.67system 11:16.56elapsed 10%CPU (0avgtext+0avgdata 24646612maxresident)k
0inputs+0outputs (6450859major+0minor)pagefaults 0swaps
Ex01a.fst(70,0-70,48): (Warning 272) Top-level let-bindings must be total; this term may have effects
Ex01a.fst(70,0-70,48): (Warning 272) Top-level let-bindings must be total; this term may have effects
Ex01a.fst(70,0-70,48): (Warning 272) Top-level let-bindings must be total; this term may have effects
Ex01a.fst(70,0-70,48): (Warning 272) Top-level let-bindings must be total; this term may have effects
Ex01a.fst(60,0-60,48): (Warning 272) Top-level let-bindings must be total; this term may have effects
Ex01a.fst(60,0-60,48): (Warning 272) Top-level let-bindings must be total; this term may have effects
Ex01a.fst(60,0-60,48): (Warning 272) Top-level let-bindings must be total; this term may have effects
Ex01a.fst(60,0-60,48): (Warning 272) Top-level let-bindings must be total; this term may have effects
Ex04g.fst(5,4-5,6): (Warning 240) Admitting Ex04g.tl without a definition
Ex04g.fst(4,4-4,6): (Warning 240) Admitting Ex04g.hd without a definition
Ex05a.fst(28,4-28,13): (Warning 240) Admitting Ex05a.rev_is_ok without a definition
Ex06a.fst(5,4-5,13): (Warning 240) Admitting Ex06a.partition without a definition
Effects.Def.fst(165,2-165,22): (Warning 252) (Hint-replay failed): assertion failed (see also Effects.Def.fst(44,11-44,91))
Effects.Def.fst(165,2-165,22): (Warning 252) (Hint-replay failed): assertion failed (see also Effects.Def.fst(44,11-44,91))
Encrypt_SymEnc.fst(30,0-30,27): (Warning 272) Top-level let-bindings must be total; this term may have effects
AllocST.fst(148,2-148,9): (Warning 252) (Hint-replay failed): assertion failed (see also AllocST.fst(78,31-78,44))
Encrypt_SymEnc.fst(30,0-30,27): (Warning 272) Top-level let-bindings must be total; this term may have effects
Encrypt_SymEnc.fst(30,0-30,27): (Warning 272) Top-level let-bindings must be total; this term may have effects
Ex06e.fst(18,4-18,8): (Warning 240) Admitting Ex06e.sort without a definition
FStar.DM4F.Exceptions.fst(92,8-94,40): (Warning 252) (Hint-replay failed): Patterns are incomplete
FStar.DM4F.Exceptions.fst(92,8-94,40): (Warning 252) (Hint-replay failed): Patterns are incomplete
MAC.fst(45,0-45,53): (Warning 272) Top-level let-bindings must be total; this term may have effects
MAC.fst(45,0-45,53): (Warning 272) Top-level let-bindings must be total; this term may have effects
NatHeap.fst(68,12-69,30): (Warning 252) (Hint-replay failed): Subtyping check failed; expected type NatHeap.heap; got type Prims.nat * (_: Prims.nat -> Prims.Tot (FStar.Pervasives.Native.option (a: Type0 & a))) (see also NatHeap.fst(12,42-12,72))
NatHeap.fst(179,32-179,34): (Warning 252) (Hint-replay failed): could not prove post-condition (see also NatHeap.fst(177,21-177,46))
NatHeap.fst(199,23-199,25): (Warning 252) (Hint-replay failed): could not prove post-condition (see also NatHeap.fst(197,24-197,48))
NatHeap.fst(211,28-211,30): (Warning 252) (Hint-replay failed): could not prove post-condition (see also NatHeap.fst(209,24-209,56))
Ex07a.fst(228,4-228,14): (Warning 240) Admitting Ex07a.typed_step without a definition
MonotonicArray.fst(40,61-40,72): (Warning 252) (Hint-replay failed): Subtyping check failed; expected type FStar.Preorder.preorder (MonotonicArray.repr a n); got type FStar.Preorder.relation (MonotonicArray.repr a n) (see also C:\build\agent1\_work\41\s\ulib\FStar.Preorder.fst(12,40-12,56))
MonotonicArray.fst(40,61-40,72): (Warning 252) (Hint-replay failed): Subtyping check failed; expected type FStar.Preorder.preorder (MonotonicArray.repr a n); got type FStar.Preorder.relation (MonotonicArray.repr a n) (see also C:\build\agent1\_work\41\s\ulib\FStar.Preorder.fst(12,40-12,56))
MAC.fst(45,0-45,53): (Warning 272) Top-level let-bindings must be total; this term may have effects
ReifyTest.fst(39,10-39,11): (Warning 252) (Hint-replay failed): assertion failed (see also ReifyTest.fst(34,35-34,48))
ReifyTest.fst(39,10-39,11): (Warning 252) (Hint-replay failed): assertion failed (see also ReifyTest.fst(34,35-34,48))
MRefHeap.fst(71,11-72,26): (Warning 252) (Hint-replay failed): Subtyping check failed; expected type MRefHeap.heap; got type Prims.nat * (_: Prims.nat -> Prims.Tot (FStar.Pervasives.Native.option MRefHeap.heap_cell)) (see also MRefHeap.fst(13,42-13,72))
MRefHeap.fst(89,14-89,21): (Warning 252) (Hint-replay failed): Subtyping check failed; expected type Prims.eqtype; got type Type0 (see also prims.fst(27,22-27,29))
MRefHeap.fst(92,4-92,7): (Warning 252) (Hint-replay failed): Subtyping check failed; expected type Prims.eqtype; got type Type0 (see also prims.fst(27,22-27,29))
MAC.fst(45,0-45,53): (Warning 272) Top-level let-bindings must be total; this term may have effects
RPC.fst(9,0-9,53): (Warning 272) Top-level let-bindings must be total; this term may have effects
RPC.fst(9,0-9,53): (Warning 272) Top-level let-bindings must be total; this term may have effects
RPC.fst(23,0-23,39): (Warning 272) Top-level let-bindings must be total; this term may have effects
RPC.fst(23,0-23,39): (Warning 272) Top-level let-bindings must be total; this term may have effects
RPC.fst(48,0-49,16): (Warning 272) Top-level let-bindings must be total; this term may have effects
RPC.fst(48,0-49,16): (Warning 272) Top-level let-bindings must be total; this term may have effects
RPC.fst(116,0-116,17): (Warning 272) Top-level let-bindings must be total; this term may have effects
RPC.fst(116,0-116,17): (Warning 272) Top-level let-bindings must be total; this term may have effects
bug185.fst(41,15-41,21): (Warning 252) (Hint-replay failed): assertion failed (see also bug185.fst(41,22-41,48))
StlcStrongDbParSubst.fst(203,27-203,29): (Warning 252) (Hint-replay failed): Subtyping check failed; expected type StlcStrongDbParSubst.typing g
(StlcStrongDbParSubst.sub_beta v y)
(Some?.v (StlcStrongDbParSubst.extend t_x g y)); got type StlcStrongDbParSubst.typing g v t_x (see also StlcStrongDbParSubst.fst(170,46-201,36))
StlcStrongDbParSubst.fst(203,27-203,29): (Warning 252) (Hint-replay failed): Subtyping check failed; expected type StlcStrongDbParSubst.typing g
(StlcStrongDbParSubst.sub_beta v y)
(Some?.v (StlcStrongDbParSubst.extend t_x g y)); got type StlcStrongDbParSubst.typing g v t_x (see also StlcStrongDbParSubst.fst(170,46-201,36))
TestMRef.fst(8,0-8,15): (Warning 272) Top-level let-bindings must be total; this term may have effects
TestMRef.fst(8,0-8,15): (Warning 272) Top-level let-bindings must be total; this term may have effects
TestMRef.fst(8,0-8,15): (Warning 272) Top-level let-bindings must be total; this term may have effects
TestMRef.fst(8,0-8,15): (Warning 272) Top-level let-bindings must be total; this term may have effects
Mac.fst(70,0-70,53): (Warning 272) Top-level let-bindings must be total; this term may have effects
Mac.fst(70,0-70,53): (Warning 272) Top-level let-bindings must be total; this term may have effects
Mac.fst(70,0-70,53): (Warning 272) Top-level let-bindings must be total; this term may have effects
Mac.fst(70,0-70,53): (Warning 272) Top-level let-bindings must be total; this term may have effects
MAC.fst(45,0-45,53): (Warning 272) Top-level let-bindings must be total; this term may have effects
CntProtocol.fst(12,0-12,53): (Warning 272) Top-level let-bindings must be total; this term may have effects
CntProtocol.fst(12,0-12,53): (Warning 272) Top-level let-bindings must be total; this term may have effects
CntProtocol.fst(27,0-27,26): (Warning 272) Top-level let-bindings must be total; this term may have effects
CntProtocol.fst(27,0-27,26): (Warning 272) Top-level let-bindings must be total; this term may have effects
CntProtocol.fst(30,0-30,54): (Warning 272) Top-level let-bindings must be total; this term may have effects
CntProtocol.fst(30,0-30,54): (Warning 272) Top-level let-bindings must be total; this term may have effects
CntProtocol.fst(33,0-33,54): (Warning 272) Top-level let-bindings must be total; this term may have effects
CntProtocol.fst(33,0-33,54): (Warning 272) Top-level let-bindings must be total; this term may have effects
CntProtocol.fst(97,0-97,39): (Warning 272) Top-level let-bindings must be total; this term may have effects
CntProtocol.fst(97,0-97,39): (Warning 272) Top-level let-bindings must be total; this term may have effects
CntProtocol.fst(124,0-124,18): (Warning 272) Top-level let-bindings must be total; this term may have effects
CntProtocol.fst(124,0-124,18): (Warning 272) Top-level let-bindings must be total; this term may have effects
CntProtocol.fst(168,0-184,5): (Warning 272) Top-level let-bindings must be total; this term may have effects
CntProtocol.fst(168,0-184,5): (Warning 272) Top-level let-bindings must be total; this term may have effects
Benton2004.RHL.fst(258,2-258,4): (Warning 252) (Hint-replay failed): could not prove post-condition (see also Benton2004.RHL.fst(254,2-257,3))
Benton2004.RHL.fst(459,4-459,19): (Warning 252) (Hint-replay failed): assertion failed (see also Benton2004.RHL.fst(443,4-443,84))
Benton2004.RHL.fst(513,63-513,152): (Warning 252) (Hint-replay failed): assertion failed
Ex07d.fst(225,4-225,8): (Warning 240) Admitting Ex07d.eval without a definition
Ex10a.fst(24,0-24,22): (Warning 272) Top-level let-bindings must be total; this term may have effects
Ex10a.fst(24,0-24,22): (Warning 272) Top-level let-bindings must be total; this term may have effects
Ex10a.fst(24,0-24,22): (Warning 272) Top-level let-bindings must be total; this term may have effects
Ex10a.fst(24,0-24,22): (Warning 272) Top-level let-bindings must be total; this term may have effects
bug251.fst(2,0-2,15): (Warning 272) Top-level let-bindings must be total; this term may have effects
Huffman.fst(182,53-182,54): (Warning 252) (Hint-replay failed): Subtyping check failed; expected type s:
Huffman.symbol
{%[ bs; if Leaf? t' && Cons? bs then 1 else 0 ] << %[ bs; if Leaf? t && Cons? bs then 1 else 0 ]}; got type Huffman.symbol (see also Huffman.fst(180,2-184,60))
MRefST.fst(186,2-186,9): (Warning 252) (Hint-replay failed): assertion failed (see also MRefST.fst(105,24-105,37))
MRefST.fst(186,2-186,9): (Warning 252) (Hint-replay failed): assertion failed (see also MRefST.fst(105,24-105,37))
Unable to open hints file: C:\build\agent1\_work\41\s\kremlin\kremlib\Spec.Loops.fst.hints; ran without hints
StlcCbvDbParSubst.fst(197,19-197,25): (Warning 252) (Hint-replay failed): assertion failed (see also StlcCbvDbParSubst.fst(197,25-197,68))
Ex12.MAC.fst(41,0-41,41): (Warning 272) Top-level let-bindings must be total; this term may have effects
Ex12.MAC.fst(41,0-41,41): (Warning 272) Top-level let-bindings must be total; this term may have effects
Ex12a.ACLs.fst(59,0-59,48): (Warning 272) Top-level let-bindings must be total; this term may have effects
Ex12a.ACLs.fst(59,0-59,48): (Warning 272) Top-level let-bindings must be total; this term may have effects
Ex12a1.Cap.fst(23,0-23,26): (Warning 272) Top-level let-bindings must be total; this term may have effects
Ex12a1.Cap.fst(23,0-23,26): (Warning 272) Top-level let-bindings must be total; this term may have effects
Ex12a1.Cap.fst(23,0-23,26): (Warning 272) Top-level let-bindings must be total; this term may have effects
Ex12a1.Cap.fst(23,0-23,26): (Warning 272) Top-level let-bindings must be total; this term may have effects
Ex12b1.Format.fst(97,4-97,18): (Warning 240) Admitting Ex12b1.Format.resp_injective without a definition
Ex12b1.Format.fst(91,4-91,17): (Warning 240) Admitting Ex12b1.Format.req_injective without a definition
Ex12b1.Format.fst(85,4-85,21): (Warning 240) Admitting Ex12b1.Format.req_resp_distinct without a definition
Unable to open hints file: C:\build\agent1\_work\41\s\kremlin\kremlib\Spec.Loops.fst.hints; ran without hints
Ex12f.TMAC.fst(26,4-26,10): (Warning 240) Admitting Ex12f.TMAC.verify without a definition
Ex12f.TMAC.fst(25,4-25,7): (Warning 240) Admitting Ex12f.TMAC.mac without a definition
Ex12f.TMAC.fst(24,4-24,10): (Warning 240) Admitting Ex12f.TMAC.keygen without a definition
Ex12g.TMAC2.fst(30,4-30,10): (Warning 240) Admitting Ex12g.TMAC2.verify without a definition
Ex12g.TMAC2.fst(29,4-29,7): (Warning 240) Admitting Ex12g.TMAC2.mac without a definition
Ex10a.fst(26,0-26,22): (Warning 272) Top-level let-bindings must be total; this term may have effects
Ex10a.fst(26,0-26,22): (Warning 272) Top-level let-bindings must be total; this term may have effects
Ex10a.fst(26,0-26,22): (Warning 272) Top-level let-bindings must be total; this term may have effects
Ex10a.fst(26,0-26,22): (Warning 272) Top-level let-bindings must be total; this term may have effects
Add.fst(46,25-46,26): (Warning 252) (Hint-replay failed): Subtyping check failed; expected type Prims.eqtype; got type Type0 (see also prims.fst(27,22-27,29))
Add.fst(48,32-48,33): (Warning 252) (Hint-replay failed): Subtyping check failed; expected type Prims.eqtype; got type Type0 (see also prims.fst(27,22-27,29))
Add.fst(46,25-46,26): (Warning 252) (Hint-replay failed): Subtyping check failed; expected type Prims.eqtype; got type Type0 (see also prims.fst(27,22-27,29))
Add.fst(48,32-48,33): (Warning 252) (Hint-replay failed): Subtyping check failed; expected type Prims.eqtype; got type Type0 (see also prims.fst(27,22-27,29))
IfcDelimitedRelease.fst(116,39-116,128): (Warning 252) (Hint-replay failed): could not prove post-condition (see also IfcDelimitedRelease.fst(106,6-114,15))
IfcDelimitedRelease.fst(116,39-116,128): (Warning 252) could not prove post-condition (see also IfcDelimitedRelease.fst(106,6-114,15))
IfcDelimitedRelease.fst(116,39-116,128): (Warning 252) could not prove post-condition (see also IfcDelimitedRelease.fst(106,6-114,15))
IfcDelimitedRelease.fst(116,39-116,128): (Warning 252) could not prove post-condition (see also IfcDelimitedRelease.fst(106,6-114,15))
IfcDelimitedRelease.fst(165,30-165,119): (Warning 252) (Hint-replay failed): could not prove post-condition (see also IfcDelimitedRelease.fst(157,5-164,13))
IfcDelimitedRelease.fst(165,30-165,119): (Warning 252) could not prove post-condition (see also IfcDelimitedRelease.fst(157,5-164,13))
IfcDelimitedRelease.fst(165,30-165,119): (Warning 252) could not prove post-condition (see also IfcDelimitedRelease.fst(157,5-164,13))
Unable to open hints file: C:\build\agent1\_work\41\s\examples\typeclasses\Functor.fst.hints; ran without hints
Unable to open hints file: C:\build\agent1\_work\41\s\examples\typeclasses\Loop2.fst.hints; ran without hints
LowStar.Ex3.fst(52,28-52,39): (Warning 288) FStar.Seq.Base.createEmpty is deprecated, use Seq.empty instead
Test.HyperStack.fst(253,27-253,36): (Warning 288) FStar.HyperStack.ST.salloc_mm is deprecated, use use salloc instead instead
Test.HyperStack.fst(262,10-262,15): (Warning 288) FStar.HyperStack.ST.sfree is deprecated, use use salloc instead instead
Test.HyperStack.fst(272,27-272,36): (Warning 288) FStar.HyperStack.ST.salloc_mm is deprecated, use use salloc instead instead
bug590.fst(46,66-46,68): (Warning 252) (Hint-replay failed): could not prove post-condition (see also bug590.fst(46,33-46,62))
FStar.DM4F.Id.fst(23,8-23,14): (Warning 252) assertion failed (see also FStar.DM4F.Id.fst(23,15-23,20))
FStar.DM4F.Id.fst(23,8-23,14): (Warning 252) assertion failed (see also FStar.DM4F.Id.fst(23,15-23,20))
FStar.DM4F.Id.fst(23,8-23,14): (Warning 252) assertion failed (see also FStar.DM4F.Id.fst(23,15-23,20))
FStar.DM4F.Id.fst(23,8-23,14): (Warning 252) assertion failed (see also FStar.DM4F.Id.fst(23,15-23,20))
Ex12.MAC.fst(60,0-63,4): (Warning 272) Top-level let-bindings must be total; this term may have effects
Ex12.MAC.fst(60,0-63,4): (Warning 272) Top-level let-bindings must be total; this term may have effects
Ex12.MAC.fst(199,0-199,33): (Warning 272) Top-level let-bindings must be total; this term may have effects
Ex12.MAC.fst(199,0-199,33): (Warning 272) Top-level let-bindings must be total; this term may have effects
Ex12.MAC.fst(60,0-63,4): (Warning 272) Top-level let-bindings must be total; this term may have effects
Ex12.MAC.fst(60,0-63,4): (Warning 272) Top-level let-bindings must be total; this term may have effects
Ex12.MAC.fst(199,0-199,33): (Warning 272) Top-level let-bindings must be total; this term may have effects
Ex12.MAC.fst(199,0-199,33): (Warning 272) Top-level let-bindings must be total; this term may have effects
LowParse.Spec.Base.fst(733,2-733,8): (Warning 252) (Hint-replay failed): assertion failed (see also LowParse.Spec.Base.fst(733,9-733,22))
prims.fst(231,30-231,42): (Warning 252) assertion failed (see also prims.fst(203,68-203,80))
prims.fst(231,30-231,42): (Warning 252) assertion failed (see also prims.fst(203,68-203,80))
prims.fst(231,30-231,42): (Warning 252) assertion failed (see also prims.fst(203,68-203,80))
prims.fst(231,30-231,42): (Warning 252) assertion failed (see also prims.fst(203,68-203,80))
NegativeTests.Heap.fst(11,14-11,20): (Warning 252) assertion failed (see also NegativeTests.Heap.fst(11,21-11,54))
NegativeTests.Heap.fst(11,14-11,20): (Warning 252) assertion failed (see also NegativeTests.Heap.fst(11,21-11,54))
NegativeTests.Heap.fst(11,14-11,20): (Warning 252) assertion failed (see also NegativeTests.Heap.fst(11,21-11,54))
NegativeTests.Heap.fst(11,14-11,20): (Warning 252) assertion failed (see also NegativeTests.Heap.fst(11,21-11,54))
Inlining.fst(38,20-38,26): (Warning 252) assertion failed
Inlining.fst(38,20-38,26): (Warning 252) assertion failed
Inlining.fst(38,20-38,26): (Warning 252) assertion failed
Inlining.fst(38,20-38,26): (Warning 252) assertion failed
NegativeTests.BST.fst(22,38-22,42): (Warning 252) Subtyping check failed; expected type right:
FStar.Pervasives.Native.option (NegativeTests.BST.tree 2)
{ 0 <= 1 /\ 1 <= 2 /\ None? right <==> (1 = 2) /\
None? (FStar.Pervasives.Native.None) <==> (1 = 0) }; got type FStar.Pervasives.Native.option (NegativeTests.BST.tree 2) (see also NegativeTests.BST.fst(12,37-12,48))
NegativeTests.BST.fst(22,38-22,42): (Warning 252) Subtyping check failed; expected type right:
FStar.Pervasives.Native.option (NegativeTests.BST.tree 2)
{ 0 <= 1 /\ 1 <= 2 /\ None? right <==> (1 = 2) /\
None? (FStar.Pervasives.Native.None) <==> (1 = 0) }; got type FStar.Pervasives.Native.option (NegativeTests.BST.tree 2) (see also NegativeTests.BST.fst(12,37-12,48))
NegativeTests.BST.fst(22,38-22,42): (Warning 252) Subtyping check failed; expected type right:
FStar.Pervasives.Native.option (NegativeTests.BST.tree 2)
{ 0 <= 1 /\ 1 <= 2 /\ None? right <==> (1 = 2) /\
None? (FStar.Pervasives.Native.None) <==> (1 = 0) }; got type FStar.Pervasives.Native.option (NegativeTests.BST.tree 2) (see also NegativeTests.BST.fst(12,37-12,48))
NegativeTests.BST.fst(22,38-22,42): (Warning 252) Subtyping check failed; expected type right:
FStar.Pervasives.Native.option (NegativeTests.BST.tree 2)
{ 0 <= 1 /\ 1 <= 2 /\ None? right <==> (1 = 2) /\
None? (FStar.Pervasives.Native.None) <==> (1 = 0) }; got type FStar.Pervasives.Native.option (NegativeTests.BST.tree 2) (see also NegativeTests.BST.fst(12,37-12,48))
NegativeTests.BST.fst(25,61-25,65): (Warning 252) Subtyping check failed; expected type right:
FStar.Pervasives.Native.option (NegativeTests.BST.tree (l + 1))
{ l <= l /\ l <= l + 1 /\ None? right <==> (l = l + 1) /\
None? (FStar.Pervasives.Native.Some t) <==> (l = l) }; got type FStar.Pervasives.Native.option (NegativeTests.BST.tree (l + 1)) (see also NegativeTests.BST.fst(12,36-12,58))
NegativeTests.BST.fst(25,61-25,65): (Warning 252) Subtyping check failed; expected type right:
FStar.Pervasives.Native.option (NegativeTests.BST.tree (l + 1))
{ l <= l /\ l <= l + 1 /\ None? right <==> (l = l + 1) /\
None? (FStar.Pervasives.Native.Some t) <==> (l = l) }; got type FStar.Pervasives.Native.option (NegativeTests.BST.tree (l + 1)) (see also NegativeTests.BST.fst(12,36-12,58))
NegativeTests.BST.fst(25,61-25,65): (Warning 252) Subtyping check failed; expected type right:
FStar.Pervasives.Native.option (NegativeTests.BST.tree (l + 1))
{ l <= l /\ l <= l + 1 /\ None? right <==> (l = l + 1) /\
None? (FStar.Pervasives.Native.Some t) <==> (l = l) }; got type FStar.Pervasives.Native.option (NegativeTests.BST.tree (l + 1)) (see also NegativeTests.BST.fst(12,36-12,58))
NegativeTests.BST.fst(25,61-25,65): (Warning 252) Subtyping check failed; expected type right:
FStar.Pervasives.Native.option (NegativeTests.BST.tree (l + 1))
{ l <= l /\ l <= l + 1 /\ None? right <==> (l = l + 1) /\
None? (FStar.Pervasives.Native.Some t) <==> (l = l) }; got type FStar.Pervasives.Native.option (NegativeTests.BST.tree (l + 1)) (see also NegativeTests.BST.fst(12,36-12,58))
NegativeTests.BST.fst(28,78-28,87): (Warning 252) Subtyping check failed; expected type right:
FStar.Pervasives.Native.option (NegativeTests.BST.tree (l + 1))
{ l <= l + 1 /\ l + 1 <= l + 1 /\ None? right <==> (l + 1 = l + 1) /\
None? (FStar.Pervasives.Native.Some t1) <==> (l + 1 = l) }; got type FStar.Pervasives.Native.option (NegativeTests.BST.tree (l + 1)) (see also NegativeTests.BST.fst(12,37-12,48))
NegativeTests.BST.fst(28,78-28,87): (Warning 252) Subtyping check failed; expected type right:
FStar.Pervasives.Native.option (NegativeTests.BST.tree (l + 1))
{ l <= l + 1 /\ l + 1 <= l + 1 /\ None? right <==> (l + 1 = l + 1) /\
None? (FStar.Pervasives.Native.Some t1) <==> (l + 1 = l) }; got type FStar.Pervasives.Native.option (NegativeTests.BST.tree (l + 1)) (see also NegativeTests.BST.fst(12,37-12,48))
NegativeTests.BST.fst(28,78-28,87): (Warning 252) Subtyping check failed; expected type right:
FStar.Pervasives.Native.option (NegativeTests.BST.tree (l + 1))
{ l <= l + 1 /\ l + 1 <= l + 1 /\ None? right <==> (l + 1 = l + 1) /\
None? (FStar.Pervasives.Native.Some t1) <==> (l + 1 = l) }; got type FStar.Pervasives.Native.option (NegativeTests.BST.tree (l + 1)) (see also NegativeTests.BST.fst(12,37-12,48))
NegativeTests.BST.fst(28,78-28,87): (Warning 252) Subtyping check failed; expected type right:
FStar.Pervasives.Native.option (NegativeTests.BST.tree (l + 1))
{ l <= l + 1 /\ l + 1 <= l + 1 /\ None? right <==> (l + 1 = l + 1) /\
None? (FStar.Pervasives.Native.Some t1) <==> (l + 1 = l) }; got type FStar.Pervasives.Native.option (NegativeTests.BST.tree (l + 1)) (see also NegativeTests.BST.fst(12,37-12,48))
NegativeTests.ShortCircuiting.fst(6,16-6,33): (Warning 252) Subtyping check failed; expected type b: Prims.bool{NegativeTests.ShortCircuiting.bad_p b}; got type Prims.bool (see also NegativeTests.ShortCircuiting.fst(4,31-4,38))
NegativeTests.ShortCircuiting.fst(6,16-6,33): (Warning 252) Subtyping check failed; expected type b: Prims.bool{NegativeTests.ShortCircuiting.bad_p b}; got type Prims.bool (see also NegativeTests.ShortCircuiting.fst(4,31-4,38))
NegativeTests.ShortCircuiting.fst(6,16-6,33): (Warning 252) Subtyping check failed; expected type b: Prims.bool{NegativeTests.ShortCircuiting.bad_p b}; got type Prims.bool (see also NegativeTests.ShortCircuiting.fst(4,31-4,38))
NegativeTests.ShortCircuiting.fst(6,16-6,33): (Warning 252) Subtyping check failed; expected type b: Prims.bool{NegativeTests.ShortCircuiting.bad_p b}; got type Prims.bool (see also NegativeTests.ShortCircuiting.fst(4,31-4,38))
prims.fst(231,30-231,42): (Warning 252) assertion failed (see also prims.fst(203,68-203,80))
prims.fst(231,30-231,42): (Warning 252) assertion failed (see also prims.fst(203,68-203,80))
prims.fst(231,30-231,42): (Warning 252) assertion failed (see also prims.fst(203,68-203,80))
prims.fst(231,30-231,42): (Warning 252) assertion failed (see also prims.fst(203,68-203,80))
NegativeTests.Bug260.fst(11,12-11,19): (Warning 252) Subtyping check failed; expected type NegativeTests.Bug260.validity (NegativeTests.Bug260.S (NegativeTests.Bug260.S t)); got type NegativeTests.Bug260.validity (NegativeTests.Bug260.S t) (see also NegativeTests.Bug260.fst(8,37-11,9))
NegativeTests.Bug260.fst(11,12-11,19): (Warning 252) Subtyping check failed; expected type NegativeTests.Bug260.validity (NegativeTests.Bug260.S (NegativeTests.Bug260.S t)); got type NegativeTests.Bug260.validity (NegativeTests.Bug260.S t) (see also NegativeTests.Bug260.fst(8,37-11,9))
NegativeTests.Bug260.fst(11,12-11,19): (Warning 252) Subtyping check failed; expected type NegativeTests.Bug260.validity (NegativeTests.Bug260.S (NegativeTests.Bug260.S t)); got type NegativeTests.Bug260.validity (NegativeTests.Bug260.S t) (see also NegativeTests.Bug260.fst(8,37-11,9))
NegativeTests.Bug260.fst(11,12-11,19): (Warning 252) Subtyping check failed; expected type NegativeTests.Bug260.validity (NegativeTests.Bug260.S (NegativeTests.Bug260.S t)); got type NegativeTests.Bug260.validity (NegativeTests.Bug260.S t) (see also NegativeTests.Bug260.fst(8,37-11,9))
Ex12.MAC.fst(60,0-63,4): (Warning 272) Top-level let-bindings must be total; this term may have effects
Ex12.MAC.fst(199,0-199,33): (Warning 272) Top-level let-bindings must be total; this term may have effects
Ex12.MAC.fst(60,0-63,4): (Warning 272) Top-level let-bindings must be total; this term may have effects
Ex12.MAC.fst(199,0-199,33): (Warning 272) Top-level let-bindings must be total; this term may have effects
Ex12a.ACLs.fst(59,0-59,48): (Warning 272) Top-level let-bindings must be total; this term may have effects
Ex12a.ACLs.fst(59,0-59,48): (Warning 272) Top-level let-bindings must be total; this term may have effects
Ex12a1.Cap.fst(21,0-21,26): (Warning 272) Top-level let-bindings must be total; this term may have effects
Ex12a1.Cap.fst(21,0-21,26): (Warning 272) Top-level let-bindings must be total; this term may have effects
Ex12a1.Cap.fst(21,0-21,26): (Warning 272) Top-level let-bindings must be total; this term may have effects
Ex12a1.Cap.fst(21,0-21,26): (Warning 272) Top-level let-bindings must be total; this term may have effects
NegativeTests.Neg.fst(5,8-5,10): (Warning 252) Subtyping check failed; expected type Prims.nat; got type Prims.int (see also prims.fst(408,17-408,23))
NegativeTests.Neg.fst(5,8-5,10): (Warning 252) Subtyping check failed; expected type Prims.nat; got type Prims.int (see also prims.fst(408,17-408,23))
NegativeTests.Neg.fst(5,8-5,10): (Warning 252) Subtyping check failed; expected type Prims.nat; got type Prims.int (see also prims.fst(408,17-408,23))
NegativeTests.Neg.fst(5,8-5,10): (Warning 252) Subtyping check failed; expected type Prims.nat; got type Prims.int (see also prims.fst(408,17-408,23))
NegativeTests.Neg.fst(8,8-8,10): (Warning 252) Subtyping check failed; expected type Prims.nat; got type Prims.int (see also prims.fst(408,17-408,23))
NegativeTests.Neg.fst(8,8-8,10): (Warning 252) Subtyping check failed; expected type Prims.nat; got type Prims.int (see also prims.fst(408,17-408,23))
NegativeTests.Neg.fst(8,8-8,10): (Warning 252) Subtyping check failed; expected type Prims.nat; got type Prims.int (see also prims.fst(408,17-408,23))
NegativeTests.Neg.fst(8,8-8,10): (Warning 252) Subtyping check failed; expected type Prims.nat; got type Prims.int (see also prims.fst(408,17-408,23))
NegativeTests.Neg.fst(11,23-11,29): (Warning 252) assertion failed (see also NegativeTests.Neg.fst(11,30-11,35))
NegativeTests.Neg.fst(11,23-11,29): (Warning 252) assertion failed (see also NegativeTests.Neg.fst(11,30-11,35))
NegativeTests.Neg.fst(11,23-11,29): (Warning 252) assertion failed (see also NegativeTests.Neg.fst(11,30-11,35))
NegativeTests.Neg.fst(11,23-11,29): (Warning 252) assertion failed (see also NegativeTests.Neg.fst(11,30-11,35))
NegativeTests.Neg.fst(14,28-15,15): (Warning 252) Patterns are incomplete
NegativeTests.Neg.fst(14,28-15,15): (Warning 252) Patterns are incomplete
NegativeTests.Neg.fst(14,28-15,15): (Warning 252) Patterns are incomplete
NegativeTests.Neg.fst(14,28-15,15): (Warning 252) Patterns are incomplete
NegativeTests.Neg.fst(22,32-22,42): (Warning 252) assertion failed (see also NegativeTests.Neg.fst(17,44-17,57))
NegativeTests.Neg.fst(22,32-22,42): (Warning 252) assertion failed (see also NegativeTests.Neg.fst(17,44-17,57))
NegativeTests.Neg.fst(22,32-22,42): (Warning 252) assertion failed (see also NegativeTests.Neg.fst(17,44-17,57))
NegativeTests.Neg.fst(22,32-22,42): (Warning 252) assertion failed (see also NegativeTests.Neg.fst(17,44-17,57))
NegativeTests.Neg.fst(26,33-26,34): (Warning 252) could not prove post-condition (see also NegativeTests.Neg.fst(24,83-24,88))
NegativeTests.Neg.fst(26,33-26,34): (Warning 252) could not prove post-condition (see also NegativeTests.Neg.fst(24,83-24,88))
NegativeTests.Neg.fst(26,33-26,34): (Warning 252) could not prove post-condition (see also NegativeTests.Neg.fst(24,83-24,88))
NegativeTests.Neg.fst(26,33-26,34): (Warning 252) could not prove post-condition (see also NegativeTests.Neg.fst(24,83-24,88))
NegativeTests.Neg.fst(30,30-30,31): (Warning 252) Subtyping check failed; expected type _: FStar.Pervasives.Native.option 'a {Some? _}; got type FStar.Pervasives.Native.option 'a (see also FStar.Pervasives.Native.fst(6,4-6,8))
NegativeTests.Neg.fst(30,30-30,31): (Warning 252) Subtyping check failed; expected type _: FStar.Pervasives.Native.option 'a {Some? _}; got type FStar.Pervasives.Native.option 'a (see also FStar.Pervasives.Native.fst(6,4-6,8))
NegativeTests.Neg.fst(30,30-30,31): (Warning 252) Subtyping check failed; expected type _: FStar.Pervasives.Native.option 'a {Some? _}; got type FStar.Pervasives.Native.option 'a (see also FStar.Pervasives.Native.fst(6,4-6,8))
NegativeTests.Neg.fst(30,30-30,31): (Warning 252) Subtyping check failed; expected type _: FStar.Pervasives.Native.option 'a {Some? _}; got type FStar.Pervasives.Native.option 'a (see also FStar.Pervasives.Native.fst(6,4-6,8))
NegativeTests.Neg.fst(34,45-34,47): (Warning 252) Subtyping check failed; expected type _: FStar.Pervasives.result Prims.int {V? _}; got type FStar.Pervasives.result Prims.int (see also FStar.Pervasives.fst(88,4-88,5))
NegativeTests.Neg.fst(34,45-34,47): (Warning 252) Subtyping check failed; expected type _: FStar.Pervasives.result Prims.int {V? _}; got type FStar.Pervasives.result Prims.int (see also FStar.Pervasives.fst(88,4-88,5))
NegativeTests.Neg.fst(34,45-34,47): (Warning 252) Subtyping check failed; expected type _: FStar.Pervasives.result Prims.int {V? _}; got type FStar.Pervasives.result Prims.int (see also FStar.Pervasives.fst(88,4-88,5))
NegativeTests.Neg.fst(34,45-34,47): (Warning 252) Subtyping check failed; expected type _: FStar.Pervasives.result Prims.int {V? _}; got type FStar.Pervasives.result Prims.int (see also FStar.Pervasives.fst(88,4-88,5))
NegativeTests.Neg.fst(39,25-39,26): (Warning 252) Subtyping check failed; expected type Prims.nat; got type Prims.int (see also prims.fst(408,17-408,23))
NegativeTests.Neg.fst(39,25-39,26): (Warning 252) Subtyping check failed; expected type Prims.nat; got type Prims.int (see also prims.fst(408,17-408,23))
NegativeTests.Neg.fst(39,25-39,26): (Warning 252) Subtyping check failed; expected type Prims.nat; got type Prims.int (see also prims.fst(408,17-408,23))
NegativeTests.Neg.fst(39,25-39,26): (Warning 252) Subtyping check failed; expected type Prims.nat; got type Prims.int (see also prims.fst(408,17-408,23))
Ex12.MAC.fst(60,0-63,4): (Warning 272) Top-level let-bindings must be total; this term may have effects
Ex12.MAC.fst(199,0-199,33): (Warning 272) Top-level let-bindings must be total; this term may have effects
Ex12.MAC.fst(60,0-63,4): (Warning 272) Top-level let-bindings must be total; this term may have effects
Ex12.MAC.fst(199,0-199,33): (Warning 272) Top-level let-bindings must be total; this term may have effects
Ex12a.ACLs.fst(59,0-59,48): (Warning 272) Top-level let-bindings must be total; this term may have effects
Ex12a.ACLs.fst(59,0-59,48): (Warning 272) Top-level let-bindings must be total; this term may have effects
Ex12a2.Cap.fst(21,0-21,31): (Warning 272) Top-level let-bindings must be total; this term may have effects
Ex12a2.Cap.fst(21,0-21,31): (Warning 272) Top-level let-bindings must be total; this term may have effects
Ex12a2.Cap.fst(43,0-43,33): (Warning 272) Top-level let-bindings must be total; this term may have effects
Ex12a2.Cap.fst(43,0-43,33): (Warning 272) Top-level let-bindings must be total; this term may have effects
Ex12a2.Cap.fst(21,0-21,31): (Warning 272) Top-level let-bindings must be total; this term may have effects
Ex12a2.Cap.fst(21,0-21,31): (Warning 272) Top-level let-bindings must be total; this term may have effects
Ex12a2.Cap.fst(43,0-43,33): (Warning 272) Top-level let-bindings must be total; this term may have effects
Ex12a2.Cap.fst(43,0-43,33): (Warning 272) Top-level let-bindings must be total; this term may have effects
Protocol.fst(23,0-23,9): (Warning 239) Adding an implicit 'assume new' qualifier on byte
Protocol.fst(341,4-341,25): (Warning 252) (Hint-replay failed): could not prove post-condition (see also Protocol.fst(340,7-340,35))
Ex12b1.Format.fst(95,4-95,18): (Warning 240) Admitting Ex12b1.Format.resp_injective without a definition
Ex12b1.Format.fst(89,4-89,17): (Warning 240) Admitting Ex12b1.Format.req_injective without a definition
Ex12b1.Format.fst(83,4-83,21): (Warning 240) Admitting Ex12b1.Format.req_resp_distinct without a definition
NegativeTests.Termination.fst(6,26-6,27): (Warning 252) Subtyping check failed; expected type m: Prims.int{m << %[ m; l ]}; got type Prims.int (see also NegativeTests.Termination.fst(6,20-6,29))
NegativeTests.Termination.fst(6,26-6,27): (Warning 252) Subtyping check failed; expected type m: Prims.int{m << %[ m; l ]}; got type Prims.int (see also NegativeTests.Termination.fst(6,20-6,29))
NegativeTests.Termination.fst(6,26-6,27): (Warning 252) Subtyping check failed; expected type m: Prims.int{m << %[ m; l ]}; got type Prims.int (see also NegativeTests.Termination.fst(6,20-6,29))
NegativeTests.Termination.fst(6,26-6,27): (Warning 252) Subtyping check failed; expected type m: Prims.int{m << %[ m; l ]}; got type Prims.int (see also NegativeTests.Termination.fst(6,20-6,29))
NegativeTests.Termination.fst(13,26-13,35): (Warning 252) Subtyping check failed; expected type _: Prims.int{%[ n; _ ] << %[ n; count ]}; got type Prims.int (see also NegativeTests.Termination.fst(11,2-13,35))
NegativeTests.Termination.fst(13,26-13,35): (Warning 252) Subtyping check failed; expected type _: Prims.int{%[ n; _ ] << %[ n; count ]}; got type Prims.int (see also NegativeTests.Termination.fst(11,2-13,35))
NegativeTests.Termination.fst(13,26-13,35): (Warning 252) Subtyping check failed; expected type _: Prims.int{%[ n; _ ] << %[ n; count ]}; got type Prims.int (see also NegativeTests.Termination.fst(11,2-13,35))
NegativeTests.Termination.fst(13,26-13,35): (Warning 252) Subtyping check failed; expected type _: Prims.int{%[ n; _ ] << %[ n; count ]}; got type Prims.int (see also NegativeTests.Termination.fst(11,2-13,35))
NegativeTests.Termination.fst(20,43-20,44): (Warning 252) Subtyping check failed; expected type n: Prims.int{%[ m - 1; n ] << %[ m; n ]}; got type Prims.int (see also NegativeTests.Termination.fst(19,2-21,54))
NegativeTests.Termination.fst(20,43-20,44): (Warning 252) Subtyping check failed; expected type n: Prims.int{%[ m - 1; n ] << %[ m; n ]}; got type Prims.int (see also NegativeTests.Termination.fst(19,2-21,54))
NegativeTests.Termination.fst(20,43-20,44): (Warning 252) Subtyping check failed; expected type n: Prims.int{%[ m - 1; n ] << %[ m; n ]}; got type Prims.int (see also NegativeTests.Termination.fst(19,2-21,54))
NegativeTests.Termination.fst(20,43-20,44): (Warning 252) Subtyping check failed; expected type n: Prims.int{%[ m - 1; n ] << %[ m; n ]}; got type Prims.int (see also NegativeTests.Termination.fst(19,2-21,54))
NegativeTests.Termination.fst(27,28-27,29): (Warning 252) Subtyping check failed; expected type _: Prims.list 'a {_ << l}; got type Prims.list 'a (see also NegativeTests.Termination.fst(25,23-27,29))
NegativeTests.Termination.fst(27,28-27,29): (Warning 252) Subtyping check failed; expected type _: Prims.list 'a {_ << l}; got type Prims.list 'a (see also NegativeTests.Termination.fst(25,23-27,29))
NegativeTests.Termination.fst(27,28-27,29): (Warning 252) Subtyping check failed; expected type _: Prims.list 'a {_ << l}; got type Prims.list 'a (see also NegativeTests.Termination.fst(25,23-27,29))
NegativeTests.Termination.fst(27,28-27,29): (Warning 252) Subtyping check failed; expected type _: Prims.list 'a {_ << l}; got type Prims.list 'a (see also NegativeTests.Termination.fst(25,23-27,29))
NegativeTests.Termination.fst(40,15-40,29): (Warning 252) Subtyping check failed; expected type x: Prims.nat{x <= v} -> Prims.Tot Prims.nat; got type _: _: Prims.nat{_ << v} -> Prims.Tot Prims.nat (see also NegativeTests.Termination.fst(38,2-40,29))
NegativeTests.Termination.fst(40,15-40,29): (Warning 252) Subtyping check failed; expected type x: Prims.nat{x <= v} -> Prims.Tot Prims.nat; got type _: _: Prims.nat{_ << v} -> Prims.Tot Prims.nat (see also NegativeTests.Termination.fst(38,2-40,29))
NegativeTests.Termination.fst(40,15-40,29): (Warning 252) Subtyping check failed; expected type x: Prims.nat{x <= v} -> Prims.Tot Prims.nat; got type _: _: Prims.nat{_ << v} -> Prims.Tot Prims.nat (see also NegativeTests.Termination.fst(38,2-40,29))
NegativeTests.Termination.fst(40,15-40,29): (Warning 252) Subtyping check failed; expected type x: Prims.nat{x <= v} -> Prims.Tot Prims.nat; got type _: _: Prims.nat{_ << v} -> Prims.Tot Prims.nat (see also NegativeTests.Termination.fst(38,2-40,29))
NegativeTests.Termination.fst(52,19-52,29): (Warning 252) Subtyping check failed; expected type _: NegativeTests.Termination.snat{_ << n}; got type NegativeTests.Termination.snat (see also NegativeTests.Termination.fst(49,2-52,29))
NegativeTests.Termination.fst(52,19-52,29): (Warning 252) Subtyping check failed; expected type _: NegativeTests.Termination.snat{_ << n}; got type NegativeTests.Termination.snat (see also NegativeTests.Termination.fst(49,2-52,29))
NegativeTests.Termination.fst(52,19-52,29): (Warning 252) Subtyping check failed; expected type _: NegativeTests.Termination.snat{_ << n}; got type NegativeTests.Termination.snat (see also NegativeTests.Termination.fst(49,2-52,29))
NegativeTests.Termination.fst(52,19-52,29): (Warning 252) Subtyping check failed; expected type _: NegativeTests.Termination.snat{_ << n}; got type NegativeTests.Termination.snat (see also NegativeTests.Termination.fst(49,2-52,29))
NegativeTests.Termination.fst(60,34-60,35): (Warning 252) Subtyping check failed; expected type _:
NegativeTests.Termination.snat
{%[ NegativeTests.Termination.S (NegativeTests.Termination.S n'); _ ] << %[ n; m ]}; got type NegativeTests.Termination.snat (see also NegativeTests.Termination.fst(57,2-60,35))
NegativeTests.Termination.fst(60,34-60,35): (Warning 252) Subtyping check failed; expected type _:
NegativeTests.Termination.snat
{%[ NegativeTests.Termination.S (NegativeTests.Termination.S n'); _ ] << %[ n; m ]}; got type NegativeTests.Termination.snat (see also NegativeTests.Termination.fst(57,2-60,35))
NegativeTests.Termination.fst(60,34-60,35): (Warning 252) Subtyping check failed; expected type _:
NegativeTests.Termination.snat
{%[ NegativeTests.Termination.S (NegativeTests.Termination.S n'); _ ] << %[ n; m ]}; got type NegativeTests.Termination.snat (see also NegativeTests.Termination.fst(57,2-60,35))
NegativeTests.Termination.fst(60,34-60,35): (Warning 252) Subtyping check failed; expected type _:
NegativeTests.Termination.snat
{%[ NegativeTests.Termination.S (NegativeTests.Termination.S n'); _ ] << %[ n; m ]}; got type NegativeTests.Termination.snat (see also NegativeTests.Termination.fst(57,2-60,35))
NegativeTests.Termination.fst(65,2-67,14): (Warning 252) Patterns are incomplete
NegativeTests.Termination.fst(65,2-67,14): (Warning 252) Patterns are incomplete
NegativeTests.Termination.fst(65,2-67,14): (Warning 252) Patterns are incomplete
NegativeTests.Termination.fst(65,2-67,14): (Warning 252) Patterns are incomplete
NegativeTests.Termination.fst(74,29-74,31): (Warning 252) Subtyping check failed; expected type _: NegativeTests.Termination.snat{%[ NegativeTests.Termination.S n'; _ ] << %[ n; m ]}; got type NegativeTests.Termination.snat (see also NegativeTests.Termination.fst(72,2-74,31))
NegativeTests.Termination.fst(74,29-74,31): (Warning 252) Subtyping check failed; expected type _: NegativeTests.Termination.snat{%[ NegativeTests.Termination.S n'; _ ] << %[ n; m ]}; got type NegativeTests.Termination.snat (see also NegativeTests.Termination.fst(72,2-74,31))
NegativeTests.Termination.fst(74,29-74,31): (Warning 252) Subtyping check failed; expected type _: NegativeTests.Termination.snat{%[ NegativeTests.Termination.S n'; _ ] << %[ n; m ]}; got type NegativeTests.Termination.snat (see also NegativeTests.Termination.fst(72,2-74,31))
NegativeTests.Termination.fst(74,29-74,31): (Warning 252) Subtyping check failed; expected type _: NegativeTests.Termination.snat{%[ NegativeTests.Termination.S n'; _ ] << %[ n; m ]}; got type NegativeTests.Termination.snat (see also NegativeTests.Termination.fst(72,2-74,31))
NegativeTests.Termination.fst(81,20-81,26): (Warning 252) Subtyping check failed; expected type _: NegativeTests.Termination.snat{_ << n}; got type NegativeTests.Termination.snat (see also NegativeTests.Termination.fst(79,2-81,26))
NegativeTests.Termination.fst(81,20-81,26): (Warning 252) Subtyping check failed; expected type _: NegativeTests.Termination.snat{_ << n}; got type NegativeTests.Termination.snat (see also NegativeTests.Termination.fst(79,2-81,26))
NegativeTests.Termination.fst(81,20-81,26): (Warning 252) Subtyping check failed; expected type _: NegativeTests.Termination.snat{_ << n}; got type NegativeTests.Termination.snat (see also NegativeTests.Termination.fst(79,2-81,26))
NegativeTests.Termination.fst(81,20-81,26): (Warning 252) Subtyping check failed; expected type _: NegativeTests.Termination.snat{_ << n}; got type NegativeTests.Termination.snat (see also NegativeTests.Termination.fst(79,2-81,26))
hello.fst(5,0-5,37): (Warning 272) Top-level let-bindings must be total; this term may have effects
hello.fst(5,0-5,37): (Warning 272) Top-level let-bindings must be total; this term may have effects
NegativeTests.False.fst(8,13-8,33): (Warning 252) assertion failed (see also prims.fst(197,69-197,78))
NegativeTests.False.fst(8,13-8,33): (Warning 252) assertion failed (see also prims.fst(197,69-197,78))
NegativeTests.False.fst(8,13-8,33): (Warning 252) assertion failed (see also prims.fst(197,69-197,78))
NegativeTests.False.fst(8,13-8,33): (Warning 252) assertion failed (see also prims.fst(197,69-197,78))
Unable to open hints file: C:\build\agent1\_work\41\s\examples\csl\SL.Heap.fsti.hints; ran without hints
NegativeTests.Set.fst(13,9-13,30): (Warning 252) assertion failed
NegativeTests.Set.fst(13,9-13,30): (Warning 252) assertion failed
NegativeTests.Set.fst(13,9-13,30): (Warning 252) assertion failed
NegativeTests.Set.fst(13,9-13,30): (Warning 252) assertion failed
NegativeTests.Set.fst(18,9-18,67): (Warning 252) assertion failed
NegativeTests.Set.fst(18,9-18,67): (Warning 252) assertion failed
NegativeTests.Set.fst(18,9-18,67): (Warning 252) assertion failed
NegativeTests.Set.fst(18,9-18,67): (Warning 252) assertion failed
NegativeTests.Set.fst(23,9-23,52): (Warning 252) assertion failed
NegativeTests.Set.fst(23,9-23,52): (Warning 252) assertion failed
NegativeTests.Set.fst(23,9-23,52): (Warning 252) assertion failed
NegativeTests.Set.fst(23,9-23,52): (Warning 252) assertion failed
testseq.fst(12,0-14,15): (Warning 272) Top-level let-bindings must be total; this term may have effects
testseq.fst(12,0-14,15): (Warning 272) Top-level let-bindings must be total; this term may have effects
MiniParse.Spec.Combinators.fst(483,2-483,8): (Warning 252) (Hint-replay failed): assertion failed (see also MiniParse.Spec.Combinators.fst(483,9-483,72))
MiniParse.Spec.Combinators.fst(551,9-551,26): (Warning 252) (Hint-replay failed): Subtyping check failed; expected type f:
MiniParse.Spec.Base.bare_parser t'
{ MiniParse.Spec.Base.no_lookahead_weak f /\ MiniParse.Spec.Base.injective f /\
MiniParse.Spec.Base.no_lookahead f }; got type MiniParse.Spec.Base.bare_parser t' (see also MiniParse.Spec.Base.fst(227,4-227,15))
MiniParse.Spec.Combinators.fst(551,9-551,26): (Warning 252) (Hint-replay failed): Subtyping check failed; expected type f:
MiniParse.Spec.Base.bare_parser t'
{ MiniParse.Spec.Base.no_lookahead_weak f /\ MiniParse.Spec.Base.injective f /\
MiniParse.Spec.Base.no_lookahead f }; got type MiniParse.Spec.Base.bare_parser t' (see also MiniParse.Spec.Base.fst(227,4-227,15))
Ex12e.Pad.fst(50,27-50,32): (Warning 252) (Hint-replay failed): Subtyping check failed; expected type Prims.eqtype; got type Type0 (see also prims.fst(27,22-27,29))
SepLogic.Heap.fst(59,26-62,30): (Warning 252) (Hint-replay failed): Patterns are incomplete
SepLogic.Heap.fst(78,38-81,62): (Warning 252) (Hint-replay failed): Patterns are incomplete
SepLogic.Heap.fst(224,39-224,41): (Warning 252) (Hint-replay failed): could not prove post-condition (see also SepLogic.Heap.fsti(155,10-155,62))
SepLogic.Heap.fst(226,39-226,41): (Warning 252) (Hint-replay failed): could not prove post-condition (see also SepLogic.Heap.fsti(159,10-159,34))
SepLogic.Heap.fst(235,35-235,37): (Warning 252) (Hint-replay failed): could not prove post-condition (see also SepLogic.Heap.fsti(187,11-187,27))
SepLogic.Heap.fst(303,4-303,6): (Warning 252) (Hint-replay failed): could not prove post-condition (see also SepLogic.Heap.fst(302,21-302,58))
Ex12.MAC.fst(60,0-63,4): (Warning 272) Top-level let-bindings must be total; this term may have effects
Ex12.MAC.fst(199,0-199,33): (Warning 272) Top-level let-bindings must be total; this term may have effects
Ex12.MAC.fst(60,0-63,4): (Warning 272) Top-level let-bindings must be total; this term may have effects
Ex12.MAC.fst(199,0-199,33): (Warning 272) Top-level let-bindings must be total; this term may have effects
Ex12b.RPC.fst(15,0-15,53): (Warning 272) Top-level let-bindings must be total; this term may have effects
Ex12b.RPC.fst(15,0-15,53): (Warning 272) Top-level let-bindings must be total; this term may have effects
Ex12b.RPC.fst(27,0-27,36): (Warning 272) Top-level let-bindings must be total; this term may have effects
Ex12b.RPC.fst(27,0-27,36): (Warning 272) Top-level let-bindings must be total; this term may have effects
Ex12b.RPC.fst(56,8-56,57): (Warning 272) Top-level let-bindings must be total; this term may have effects
Ex12b.RPC.fst(56,8-56,57): (Warning 272) Top-level let-bindings must be total; this term may have effects
Ex12b.RPC.fst(85,0-86,16): (Warning 272) Top-level let-bindings must be total; this term may have effects
Ex12b.RPC.fst(85,0-86,16): (Warning 272) Top-level let-bindings must be total; this term may have effects
Ex12b.RPC.fst(166,0-166,17): (Warning 272) Top-level let-bindings must be total; this term may have effects
Ex12b.RPC.fst(166,0-166,17): (Warning 272) Top-level let-bindings must be total; this term may have effects
Ex12b.RPC.fst(15,0-15,53): (Warning 272) Top-level let-bindings must be total; this term may have effects
Ex12b.RPC.fst(15,0-15,53): (Warning 272) Top-level let-bindings must be total; this term may have effects
Ex12b.RPC.fst(27,0-27,36): (Warning 272) Top-level let-bindings must be total; this term may have effects
Ex12b.RPC.fst(27,0-27,36): (Warning 272) Top-level let-bindings must be total; this term may have effects
Ex12b.RPC.fst(56,8-56,57): (Warning 272) Top-level let-bindings must be total; this term may have effects
Ex12b.RPC.fst(56,8-56,57): (Warning 272) Top-level let-bindings must be total; this term may have effects
Ex12b.RPC.fst(85,0-86,16): (Warning 272) Top-level let-bindings must be total; this term may have effects
Ex12b.RPC.fst(85,0-86,16): (Warning 272) Top-level let-bindings must be total; this term may have effects
Ex12b.RPC.fst(166,0-166,17): (Warning 272) Top-level let-bindings must be total; this term may have effects
Ex12b.RPC.fst(166,0-166,17): (Warning 272) Top-level let-bindings must be total; this term may have effects
Unable to open hints file: C:\build\agent1\_work\41\s\examples\typeclasses\Monad.fst.hints; ran without hints
Hacl.Impl.SHA2_256.fst(1016,11-1016,25): (Warning 271) Pattern FStar.Seq.Base.index (if FStar.UInt32.lt len (FStar.UInt32.uint_to_t 56)
then
FStar.Seq.Base.create (FStar.UInt32.v Hacl.Impl.SHA2_256.size_block) (FStar.UInt8.uint_to_t 0)
else
FStar.Seq.Base.create (FStar.UInt32.v Hacl.Impl.SHA2_256.size_block +
FStar.UInt32.v Hacl.Impl.SHA2_256.size_block)
(FStar.UInt8.uint_to_t 0))
i contains illegal sub-term ((ite (= (BoundV 0) (BoxBool (true ))) (FStar.Seq.Base.create (FreeV FStar.UInt8.t) (FStar.UInt32.v (FreeV Hacl.Impl.SHA2_256.size_block)) (FStar.UInt8.uint_to_t (BoxInt (Integer 0)))) (FStar.Seq.Base.create (FreeV FStar.UInt8.t) (Prims.op_Addition (FStar.UInt32.v (FreeV Hacl.Impl.SHA2_256.size_block)) (FStar.UInt32.v (FreeV Hacl.Impl.SHA2_256.size_block))) (FStar.UInt8.uint_to_t (BoxInt (Integer 0)))))); dropping it (see also FStar.Seq.Base.fst(202,73-202,85))
Hacl.Impl.SHA2_256.fst(1020,11-1020,25): (Warning 271) Pattern FStar.Seq.Base.index (FStar.Seq.Base.create (FStar.UInt32.v (if
FStar.UInt32.lt len (FStar.UInt32.uint_to_t 56)
then FStar.UInt32.uint_to_t 1 <: Prims.Tot FStar.UInt32.t
else FStar.UInt32.uint_to_t 2 <: Prims.Tot FStar.UInt32.t) *
FStar.UInt32.v Hacl.Impl.SHA2_256.size_block)
(FStar.UInt8.uint_to_t 0))
i contains illegal sub-term ((ite (= (BoundV 0) (BoxBool (true ))) (FStar.UInt32.uint_to_t (BoxInt (Integer 1))) (FStar.UInt32.uint_to_t (BoxInt (Integer 2))))); dropping it (see also FStar.Seq.Base.fst(202,73-202,85))
Hacl.Impl.SHA2_256.fst(1056,11-1056,25): (Warning 271) Pattern FStar.Seq.Base.index (FStar.Seq.Base.slice (FStar.Buffer.as_seq a return_val)
(FStar.UInt32.v len)
(FStar.UInt32.v (if FStar.UInt32.lt len (FStar.UInt32.uint_to_t 56)
then FStar.UInt32.uint_to_t 1 <: Prims.Tot FStar.UInt32.t
else FStar.UInt32.uint_to_t 2 <: Prims.Tot FStar.UInt32.t) *
FStar.UInt32.v Hacl.Impl.SHA2_256.size_block))
i contains illegal sub-term ((ite (= (BoundV 0) (BoxBool (true ))) (FStar.UInt32.uint_to_t (BoxInt (Integer 1))) (FStar.UInt32.uint_to_t (BoxInt (Integer 2))))); dropping it (see also FStar.Seq.Base.fst(202,73-202,85))
Hacl.Impl.SHA2_256.fst(1057,11-1057,25): (Warning 271) Pattern FStar.Seq.Base.index (FStar.Seq.Base.slice (FStar.Buffer.as_seq a return_val)
(FStar.UInt32.v len)
(FStar.UInt32.v (if FStar.UInt32.lt len (FStar.UInt32.uint_to_t 56)
then FStar.UInt32.uint_to_t 1 <: Prims.Tot FStar.UInt32.t
else FStar.UInt32.uint_to_t 2 <: Prims.Tot FStar.UInt32.t) *
FStar.UInt32.v Hacl.Impl.SHA2_256.size_block))
i contains illegal sub-term ((ite (= (BoundV 0) (BoxBool (true ))) (FStar.UInt32.uint_to_t (BoxInt (Integer 1))) (FStar.UInt32.uint_to_t (BoxInt (Integer 2))))); dropping it (see also FStar.Seq.Base.fst(202,73-202,85))
Unable to open hints file: C:\build\agent1\_work\41\s\examples\csl\SL.ConcurrentActions.fst.hints; ran without hints
Unable to open hints file: C:\build\agent1\_work\41\s\examples\csl\SL.Actions.fst.hints; ran without hints
SL.Heap.fst(65,26-68,30): (Warning 252) (Hint-replay failed): Patterns are incomplete
SL.Heap.fst(85,38-88,62): (Warning 252) (Hint-replay failed): Patterns are incomplete
SL.Heap.fst(206,39-206,41): (Warning 252) (Hint-replay failed): could not prove post-condition (see also SL.Heap.fsti(123,10-123,62))
SL.Heap.fst(208,39-208,41): (Warning 252) (Hint-replay failed): could not prove post-condition (see also SL.Heap.fsti(127,10-127,34))
LowParse.Spec.Combinators.fst(181,2-181,12): (Warning 252) (Hint-replay failed): assertion failed (see also LowParse.Spec.Base.fst(472,12-472,34))
LowParse.Spec.Combinators.fst(534,2-534,8): (Warning 252) (Hint-replay failed): assertion failed (see also LowParse.Spec.Combinators.fst(534,9-534,72))
LowParse.Spec.Combinators.fst(181,2-181,12): (Warning 252) (Hint-replay failed): assertion failed (see also LowParse.Spec.Base.fst(472,12-472,34))
EtM.CPA.fst(46,21-46,32): (Warning 288) FStar.Seq.Base.createEmpty is deprecated, use Seq.empty instead
EtM.CPA.fst(55,34-55,45): (Warning 288) FStar.Seq.Base.createEmpty is deprecated, use Seq.empty instead
Unable to open hints file: C:\build\agent1\_work\41\s\kremlin\kremlib\C.Loops.fst.hints; ran without hints
MiniParse.Spec.List.fst(133,54-133,65): (Warning 288) FStar.Seq.Base.createEmpty is deprecated, use Seq.empty instead
MiniParse.Spec.List.fst(111,25-111,34): (Warning 252) (Hint-replay failed): assertion failed (see also MiniParse.Spec.Base.fst(328,41-328,63))
MiniParse.Spec.List.fst(111,25-111,34): (Warning 252) (Hint-replay failed): assertion failed (see also MiniParse.Spec.Base.fst(328,41-328,63))
Eq.fst(20,23-20,44): (Warning 252) (Hint-replay failed): Subtyping check failed; expected type Prims.eqtype; got type Type0 (see also prims.fst(27,22-27,29))
Eq.fst(21,24-21,45): (Warning 252) (Hint-replay failed): Subtyping check failed; expected type Prims.eqtype; got type Type0 (see also prims.fst(27,22-27,29))
Eq.fst(22,26-22,47): (Warning 252) (Hint-replay failed): Subtyping check failed; expected type Prims.eqtype; got type Type0 (see also prims.fst(27,22-27,29))
Eq.fst(39,8-39,14): (Warning 252) (Hint-replay failed): assertion failed (see also Eq.fst(39,15-39,23))
(Warning 252) (Hint-replay failed): assertion failed
Eq.fst(20,23-20,44): (Warning 252) (Hint-replay failed): Subtyping check failed; expected type Prims.eqtype; got type Type0 (see also prims.fst(27,22-27,29))
Eq.fst(21,24-21,45): (Warning 252) (Hint-replay failed): Subtyping check failed; expected type Prims.eqtype; got type Type0 (see also prims.fst(27,22-27,29))
Eq.fst(22,26-22,47): (Warning 252) (Hint-replay failed): Subtyping check failed; expected type Prims.eqtype; got type Type0 (see also prims.fst(27,22-27,29))
Eq.fst(39,8-39,14): (Warning 252) (Hint-replay failed): assertion failed (see also Eq.fst(39,15-39,23))
(Warning 252) (Hint-replay failed): assertion failed
Unable to open hints file: C:\build\agent1\_work\41\s\examples\csl\FStar.SL.Monotonic.Heap.fsti.hints; ran without hints
bug1091.fst(18,50-18,66): (Warning 252) Subtyping check failed; expected type FStar.UInt.uint_t (*?u19*) _; got type n: Prims.nat{n < Prims.pow2 128} (see also FStar.UInt.fst(52,28-52,36))
bug1091.fst(24,91-24,92): (Warning 252) could not prove post-condition (see also bug1091.fst(24,21-24,86))
bug1091.fst(82,26-82,40): (Warning 252) Failed to verify implicit argument: (*?u21*) _ (Introduced at bug1091.fst(82,26-82,40) for Instantiating implicit argument in application resolved at bug1091.fst(81,0-82,77)) :: Subtyping check failed; expected type Prims.eqtype; got type Type0 (see also prims.fst(27,22-27,29))
bug1091.fst(82,51-82,65): (Warning 252) Failed to verify implicit argument: (*?u21*) _ (Introduced at bug1091.fst(82,51-82,65) for Instantiating implicit argument in application resolved at bug1091.fst(81,0-82,77)) :: Subtyping check failed; expected type Prims.eqtype; got type Type0 (see also prims.fst(27,22-27,29))
bug1091.fst(82,26-82,40): (Warning 252) Failed to verify implicit argument: (*?u21*) _ (Introduced at bug1091.fst(82,26-82,40) for flex-flex quasi:	lhs=Instantiating implicit argument in application	rhs=Instantiating implicit argument in application resolved at bug1091.fst(81,0-82,77)) :: Subtyping check failed; expected type Prims.eqtype; got type Type0 (see also prims.fst(27,22-27,29))
bug1091.fst(93,55-93,56): (Warning 252) Subtyping check failed; expected type n: Prims.int{%[ m - 1; n ] << %[ m; n ]}; got type Prims.int (see also bug1091.fst(92,2-94,78))
MAC.fst(45,0-45,53): (Warning 272) Top-level let-bindings must be total; this term may have effects
RPC.fst(9,0-9,53): (Warning 272) Top-level let-bindings must be total; this term may have effects
RPC.fst(23,0-23,39): (Warning 272) Top-level let-bindings must be total; this term may have effects
RPC.fst(48,0-49,16): (Warning 272) Top-level let-bindings must be total; this term may have effects
RPC.fst(116,0-116,17): (Warning 272) Top-level let-bindings must be total; this term may have effects
ScopeOfBinderGuard.fst(9,47-9,48): (Warning 252) Subtyping check failed; expected type Prims.unit; got type ScopeOfBinderGuard.bool_t (see also ScopeOfBinderGuard.fst(9,17-9,18))
ScopeOfBinderGuard.fst(9,47-9,48): (Warning 252) Subtyping check failed; expected type Prims.unit; got type ScopeOfBinderGuard.bool_t (see also ScopeOfBinderGuard.fst(9,17-9,18))
ScopeOfBinderGuard.fst(9,47-9,48): (Warning 252) Subtyping check failed; expected type Prims.unit; got type ScopeOfBinderGuard.bool_t (see also ScopeOfBinderGuard.fst(9,17-9,18))
ScopeOfBinderGuard.fst(9,47-9,48): (Warning 252) Subtyping check failed; expected type Prims.unit; got type ScopeOfBinderGuard.bool_t (see also ScopeOfBinderGuard.fst(9,17-9,18))
ScopeOfBinderGuard.fst(11,46-11,47): (Warning 252) Subtyping check failed; expected type Prims.bool; got type ScopeOfBinderGuard.t false (see also ScopeOfBinderGuard.fst(11,26-11,27))
ScopeOfBinderGuard.fst(11,46-11,47): (Warning 252) Subtyping check failed; expected type Prims.bool; got type ScopeOfBinderGuard.t false (see also ScopeOfBinderGuard.fst(11,26-11,27))
ScopeOfBinderGuard.fst(11,46-11,47): (Warning 252) Subtyping check failed; expected type Prims.bool; got type ScopeOfBinderGuard.t false (see also ScopeOfBinderGuard.fst(11,26-11,27))
ScopeOfBinderGuard.fst(11,46-11,47): (Warning 252) Subtyping check failed; expected type Prims.bool; got type ScopeOfBinderGuard.t false (see also ScopeOfBinderGuard.fst(11,26-11,27))
EtM.CPA.fst(46,21-46,32): (Warning 288) FStar.Seq.Base.createEmpty is deprecated, use Seq.empty instead
EtM.CPA.fst(55,34-55,45): (Warning 288) FStar.Seq.Base.createEmpty is deprecated, use Seq.empty instead
EtM.MAC.fst(59,21-59,32): (Warning 288) FStar.Seq.Base.createEmpty is deprecated, use Seq.empty instead
EtM.MAC.fst(72,34-72,45): (Warning 288) FStar.Seq.Base.createEmpty is deprecated, use Seq.empty instead
MAC.fst(45,0-45,53): (Warning 272) Top-level let-bindings must be total; this term may have effects
CntProtocol.fst(12,0-12,53): (Warning 272) Top-level let-bindings must be total; this term may have effects
CntProtocol.fst(27,0-27,26): (Warning 272) Top-level let-bindings must be total; this term may have effects
CntProtocol.fst(30,0-30,54): (Warning 272) Top-level let-bindings must be total; this term may have effects
CntProtocol.fst(33,0-33,54): (Warning 272) Top-level let-bindings must be total; this term may have effects
CntProtocol.fst(97,0-97,39): (Warning 272) Top-level let-bindings must be total; this term may have effects
CntProtocol.fst(124,0-124,18): (Warning 272) Top-level let-bindings must be total; this term may have effects
CntProtocol.fst(168,0-184,5): (Warning 272) Top-level let-bindings must be total; this term may have effects
X64.Poly1305.Math_i.fst(153,53-153,59): (Warning 296) Tactics admitted goal <:
(n: Prims.int), (p: Prims.pos), (h: Prims.nat), (h2: Prims.nat), (h10: Prims.int), (c: Prims.int), (hh: Prims.int), (p: Prims.pure_post Prims.unit), (_:
Prims.squash (n * n > 0 /\ h2 >= 0 /\ 4 * (n * n) == p + 5 /\ h2 == h / (n * n) /\
h10 == h % (n * n) /\ c == h2 / 4 + (h2 / 4) * 4 /\ hh == h10 + c + (h2 % 4) * (n * n) /\
(forall (pure_result: Prims.unit). h % p == hh % p ==> p pure_result))), (return_val: Prims.pos), (_: Prims.squash (return_val == n * n)), (pure_result: Prims.unit), (_: Prims.squash (h = (n * n) * (h / (n * n)) + h % (n * n))), (pure_result: Prims.unit), (_: Prims.squash (h == (n * n) * h2 + h10)), (return_val: Prims.pos), (_: Prims.squash (return_val == n * n)), (pure_result: Prims.unit), (_:
Prims.squash ((n * n) * h2 + h10 =
(n * n) * (((n * n) * h2 + h10) / (n * n)) + ((n * n) * h2 + h10) % (n * n))), (any_result: (_: Prims.unit -> Prims.Tot Prims.unit)), (_:
Prims.squash (Calc.using (FStar.Math.Lemmas.lemma_div_mod ((n * n) * h2 + h10) (n * n)) ==
any_result)), (return_val: (_: Prims.unit -> Prims.Lemma Prims.unit)), (_:
Prims.squash (return_val ==
Calc.using (FStar.Math.Lemmas.lemma_div_mod ((n * n) * h2 + h10) (n * n)))), (_:
Prims.squash (Calc.using (FStar.Math.Lemmas.lemma_div_mod ((n * n) * h2 + h10) (n * n)) ==
Calc.using (FStar.Math.Lemmas.lemma_div_mod ((n * n) * h2 + h10) (n * n)))), (any_result:
x:
Prims.int
{ (n * n) * h2 + h10 == (n * n) * h2 + h10 /\
(x == (n * n) * h2 + h10) /\ ((n * n) * h2 + h10 == (n * n) * h2 + h10) }), (_:
Prims.squash (((n * n) * h2 + h10 &= (n * n) * h2 + h10 &|
Calc.using (FStar.Math.Lemmas.lemma_div_mod ((n * n) * h2 + h10) (n * n))) ==
any_result)), (any_result: (_: Prims.unit -> Prims.Pure Prims.int)), (_:
Prims.squash (((n * n) * h2 + h10 &= (n * n) * h2 + h10 &|
Calc.using (FStar.Math.Lemmas.lemma_div_mod ((n * n) * h2 + h10) (n * n)) &=
(n * n) * ((h2 / 4) * 4 + h2 % 4) + h10) ==
any_result)), (return_val: (_: Prims.unit -> Prims.Lemma Prims.unit)), (_: Prims.squash (return_val == Calc.using Calc.z3)), (any_result:
x:
Prims.int
{ (n * n) * h2 + h10 == (n * n) * ((h2 / 4) * 4 + h2 % 4) + h10 /\
(x == (n * n) * ((h2 / 4) * 4 + h2 % 4) + h10) /\
((n * n) * h2 + h10 == (n * n) * ((h2 / 4) * 4 + h2 % 4) + h10) }), (_:
Prims.squash (((n * n) * h2 + h10 &= (n * n) * h2 + h10 &|
Calc.using (FStar.Math.Lemmas.lemma_div_mod ((n * n) * h2 + h10) (n * n)) &=
(n * n) * ((h2 / 4) * 4 + h2 % 4) + h10 &|
Calc.using Calc.z3) ==
any_result)), (any_result: (_: Prims.unit -> Prims.Pure Prims.int)), (_:
Prims.squash (((n * n) * h2 + h10 &= (n * n) * h2 + h10 &|
Calc.using (FStar.Math.Lemmas.lemma_div_mod ((n * n) * h2 + h10) (n * n)) &=
(n * n) * ((h2 / 4) * 4 + h2 % 4) + h10 &|
Calc.using Calc.z3 &=
h10 + (h2 % 4) * (n * n) + (h2 / 4) * (p + 5)) ==
any_result)) |- _ : Prims.squash ((n * n) * ((h2 / 4) * 4 + h2 % 4) + h10 ==
h10 + (h2 % 4) * (n * n) + (h2 / 4) * (p + 5))

>

(see also Calc.fst(27,64-27,76))
X64.Poly1305.Math_i.fst(170,0-171,9): (Warning 272) Top-level let-bindings must be total; this term may have effects
HyE.CCA2.fst(46,2-46,14): (Warning 271) Pattern ((ite (= (BoundV 0) (BoxBool (true ))) (BoundV 3) (HyE.PlainPKE.repr (BoundV 4)))) contains illegal symbols; dropping it (see also C:\build\agent1\_work\41\s\ulib\FStar.Monotonic.Seq.fst(72,20-72,61))
TestHasEq.fst(43,10-43,11): (Warning 252) Failed to prove that the type 'TestHasEq.t3' supports decidable equality because of this argument; add either the 'noeq' or 'unopteq' qualifier (see also TestHasEq.fst(42,0-43,19))
TestHasEq.fst(43,10-43,11): (Warning 252) Failed to prove that the type 'TestHasEq.t3' supports decidable equality because of this argument; add either the 'noeq' or 'unopteq' qualifier (see also TestHasEq.fst(42,0-43,19))
TestHasEq.fst(43,10-43,11): (Warning 252) Failed to prove that the type 'TestHasEq.t3' supports decidable equality because of this argument; add either the 'noeq' or 'unopteq' qualifier (see also TestHasEq.fst(42,0-43,19))
TestHasEq.fst(43,10-43,11): (Warning 252) Failed to prove that the type 'TestHasEq.t3' supports decidable equality because of this argument; add either the 'noeq' or 'unopteq' qualifier (see also TestHasEq.fst(42,0-43,19))
PatAnnot.fst(10,8-10,9): (Warning 252) Subtyping check failed; expected type Prims.squash Prims.l_False; got type Prims.unit (see also PatAnnot.fst(10,19-10,24))
PatAnnot.fst(10,8-10,9): (Warning 252) Subtyping check failed; expected type Prims.squash Prims.l_False; got type Prims.unit (see also PatAnnot.fst(10,19-10,24))
PatAnnot.fst(10,8-10,9): (Warning 252) Subtyping check failed; expected type Prims.squash Prims.l_False; got type Prims.unit (see also PatAnnot.fst(10,19-10,24))
PatAnnot.fst(10,8-10,9): (Warning 252) Subtyping check failed; expected type Prims.squash Prims.l_False; got type Prims.unit (see also PatAnnot.fst(10,19-10,24))
prims.fst(217,22-217,35): (Warning 252) assertion failed (see also prims.fst(197,69-197,78))
prims.fst(217,22-217,35): (Warning 252) assertion failed (see also prims.fst(197,69-197,78))
prims.fst(217,22-217,35): (Warning 252) assertion failed (see also prims.fst(197,69-197,78))
prims.fst(217,22-217,35): (Warning 252) assertion failed (see also prims.fst(197,69-197,78))
prims.fst(217,22-217,35): (Warning 252) assertion failed (see also prims.fst(197,69-197,78))
prims.fst(217,22-217,35): (Warning 252) assertion failed (see also prims.fst(197,69-197,78))
prims.fst(217,22-217,35): (Warning 252) assertion failed (see also prims.fst(197,69-197,78))
prims.fst(217,22-217,35): (Warning 252) assertion failed (see also prims.fst(197,69-197,78))
PatAnnot.fst(24,10-24,12): (Warning 252) Subtyping check failed; expected type Prims.squash Prims.l_False; got type Prims.unit (see also PatAnnot.fst(25,26-25,31))
PatAnnot.fst(24,10-24,12): (Warning 252) Subtyping check failed; expected type Prims.squash Prims.l_False; got type Prims.unit (see also PatAnnot.fst(25,26-25,31))
PatAnnot.fst(24,10-24,12): (Warning 252) Subtyping check failed; expected type Prims.squash Prims.l_False; got type Prims.unit (see also PatAnnot.fst(25,26-25,31))
PatAnnot.fst(24,10-24,12): (Warning 252) Subtyping check failed; expected type Prims.squash Prims.l_False; got type Prims.unit (see also PatAnnot.fst(25,26-25,31))
PatAnnot.fst(31,10-31,11): (Warning 252) Subtyping check failed; expected type Prims.nat; got type Prims.int (see also prims.fst(408,17-408,23))
PatAnnot.fst(31,10-31,11): (Warning 252) Subtyping check failed; expected type Prims.nat; got type Prims.int (see also prims.fst(408,17-408,23))
PatAnnot.fst(31,10-31,11): (Warning 252) Subtyping check failed; expected type Prims.nat; got type Prims.int (see also prims.fst(408,17-408,23))
PatAnnot.fst(31,10-31,11): (Warning 252) Subtyping check failed; expected type Prims.nat; got type Prims.int (see also prims.fst(408,17-408,23))
PatAnnot.fst(40,44-40,45): (Warning 252) Type annotation on parameter incompatible with the expected type (see also prims.fst(408,17-408,23))
PatAnnot.fst(40,44-40,45): (Warning 252) Type annotation on parameter incompatible with the expected type (see also prims.fst(408,17-408,23))
PatAnnot.fst(40,44-40,45): (Warning 252) Type annotation on parameter incompatible with the expected type (see also prims.fst(408,17-408,23))
PatAnnot.fst(40,44-40,45): (Warning 252) Type annotation on parameter incompatible with the expected type (see also prims.fst(408,17-408,23))
/bin/sh: dep: command not found
make[3]: [Makefile:11: .depend] Error 127 (ignored)
EtM.CPA.fst(46,21-46,32): (Warning 288) FStar.Seq.Base.createEmpty is deprecated, use Seq.empty instead
EtM.CPA.fst(55,34-55,45): (Warning 288) FStar.Seq.Base.createEmpty is deprecated, use Seq.empty instead
EtM.MAC.fst(59,21-59,32): (Warning 288) FStar.Seq.Base.createEmpty is deprecated, use Seq.empty instead
EtM.MAC.fst(72,34-72,45): (Warning 288) FStar.Seq.Base.createEmpty is deprecated, use Seq.empty instead
EtM.AE.fst(67,21-67,32): (Warning 288) FStar.Seq.Base.createEmpty is deprecated, use Seq.empty instead
EtM.AE.fst(80,34-80,45): (Warning 288) FStar.Seq.Base.createEmpty is deprecated, use Seq.empty instead
LowStar.Ex3.fst(54,28-54,39): (Warning 288) FStar.Seq.Base.createEmpty is deprecated, use Seq.empty instead
LowStar.Ex3.fst(101,39-101,50): (Warning 288) FStar.Seq.Base.createEmpty is deprecated, use Seq.empty instead
bug1521.fst(55,17-55,20): (Warning 252) could not prove post-condition (see also bug1521.fst(53,65-53,68))
bug1521.fst(55,17-55,20): (Warning 252) could not prove post-condition (see also bug1521.fst(53,65-53,68))
bug1521.fst(55,17-55,20): (Warning 252) could not prove post-condition (see also bug1521.fst(53,65-53,68))
bug1521.fst(55,17-55,20): (Warning 252) could not prove post-condition (see also bug1521.fst(53,65-53,68))
Eta_expand.fst(22,0-26,35): (Warning 272) Top-level let-bindings must be total; this term may have effects
Eta_expand.fst(22,0-26,35): (Warning 272) Top-level let-bindings must be total; this term may have effects
File "out/Eta_expand.ml", line 19, characters 37-40:
Warning 20: this argument will not be used by the function.
File "out/Eta_expand.ml", line 19, characters 41-44:
Warning 20: this argument will not be used by the function.
Unable to open hints file: C:\build\agent1\_work\41\s\examples\bug-reports\Bug1533.fst.hints; ran without hints
(Warning 252) assertion failed
(Warning 252) assertion failed
(Warning 252) assertion failed
(Warning 252) assertion failed
Unable to open hints file: C:\build\agent1\_work\41\s\examples\bug-reports\bug1535a.fst.hints; ran without hints
bug1535a.fst(7,2-8,13): (Warning 252) Patterns are incomplete
bug1535a.fst(7,2-8,13): (Warning 252) Patterns are incomplete
bug1535a.fst(7,2-8,13): (Warning 252) Patterns are incomplete
bug1535a.fst(7,2-8,13): (Warning 252) Patterns are incomplete
Unable to open hints file: C:\build\agent1\_work\41\s\kremlin\kremlib\C.Loops.fst.hints; ran without hints
Ex01a.fst(60,0-60,48): (Warning 272) Top-level let-bindings must be total; this term may have effects
Ex01a.fst(60,0-60,48): (Warning 272) Top-level let-bindings must be total; this term may have effects
make[2]: [Makefile:69: Ex01a-ocaml] Error 2 (ignored)
Embeddings.fst(34,36-34,45): (Warning 238) Plugin norm_step_tac will not run natively because Embedding not defined for type FStar.Pervasives.Native.norm_step.

Calc.fst(26,84-26,87): (Warning 252) (Hint-replay failed): assertion failed (see also Calc.fst(26,17-26,20))
Calc.fst(26,84-26,87): (Warning 252) (Hint-replay failed): assertion failed (see also Calc.fst(26,17-26,20))
Evens.fst(11,29-11,38): (Warning 238) Plugin nat2unary will not run natively because Embedding not defined for type Evens.unary_nat.

Unable to open hints file: C:\build\agent1\_work\41\s\examples\tactics\Labels.fst.hints; ran without hints
FStar.Tactics.Derived.fst(592,4-595,38): (Warning 252) Patterns are incomplete
FStar.Tactics.Derived.fst(592,4-595,38): (Warning 252) Patterns are incomplete
FStar.Tactics.Derived.fst(592,4-595,38): (Warning 252) Patterns are incomplete
FStar.Tactics.Derived.fst(592,4-595,38): (Warning 252) Patterns are incomplete
Plugins.fst(33,35-33,44): (Warning 238) Plugin norm_step_plugin will not run natively because Embedding not defined for type FStar.Pervasives.Native.norm_step.

FStar.SL.Monotonic.Heap.fsti(35,68-35,75): (Warning 252) (Hint-replay failed): Subtyping check failed; expected type Prims.eqtype; got type Type0 (see also prims.fst(27,22-27,29))
FStar.SL.Monotonic.Heap.fst(44,44-44,61): (Warning 252) (Hint-replay failed): Subtyping check failed; expected type b: Prims.bool{b = (FStar.SL.Monotonic.Heap.addr_of r1 = FStar.SL.Monotonic.Heap.addr_of r2)}; got type Prims.bool (see also FStar.SL.Monotonic.Heap.fsti(35,50-35,79))
FStar.SL.Monotonic.Heap.fst(210,54-210,56): (Warning 252) (Hint-replay failed): could not prove post-condition (see also FStar.SL.Monotonic.Heap.fsti(158,43-158,60))
FStar.SL.Monotonic.Heap.fsti(333,49-333,50): (Warning 252) (Hint-replay failed): Subtyping check failed; expected type r: FStar.SL.Monotonic.Heap.mref a rel {FStar.SL.Monotonic.Heap.contains h r}; got type FStar.SL.Monotonic.Heap.mref a rel (see also FStar.SL.Monotonic.Heap.fsti(75,68-75,82))
FStar.SL.Monotonic.Heap.fst(247,63-247,65): (Warning 252) (Hint-replay failed): could not prove post-condition (see also FStar.SL.Monotonic.Heap.fsti(333,18-333,67))
FStar.SL.Monotonic.Heap.fsti(345,62-345,63): (Warning 252) (Hint-replay failed): Subtyping check failed; expected type r: FStar.SL.Monotonic.Heap.mref a rel {FStar.SL.Monotonic.Heap.contains h r}; got type FStar.SL.Monotonic.Heap.mref a rel (see also FStar.SL.Monotonic.Heap.fsti(79,65-79,79))
FStar.SL.Monotonic.Heap.fst(249,66-249,68): (Warning 252) (Hint-replay failed): could not prove post-condition (see also FStar.SL.Monotonic.Heap.fsti(345,18-345,68))
FStar.SL.Monotonic.Heap.fst(253,61-253,63): (Warning 252) (Hint-replay failed): could not prove post-condition (see also FStar.SL.Monotonic.Heap.fsti(370,18-370,61))
FStar.SL.Monotonic.Heap.fsti(382,50-382,51): (Warning 252) (Hint-replay failed): Subtyping check failed; expected type r: FStar.SL.Monotonic.Heap.mref a rel {FStar.SL.Monotonic.Heap.contains h r}; got type FStar.SL.Monotonic.Heap.mref a rel (see also FStar.SL.Monotonic.Heap.fsti(75,68-75,82))
FStar.SL.Monotonic.Heap.fst(255,60-255,62): (Warning 252) (Hint-replay failed): could not prove post-condition (see also FStar.SL.Monotonic.Heap.fsti(382,18-382,60))
FStar.SL.Monotonic.Heap.fsti(394,49-394,50): (Warning 252) (Hint-replay failed): Subtyping check failed; expected type r: FStar.SL.Monotonic.Heap.mref a rel {FStar.SL.Monotonic.Heap.contains h r}; got type FStar.SL.Monotonic.Heap.mref a rel (see also FStar.SL.Monotonic.Heap.fsti(75,68-75,82))
FStar.SL.Monotonic.Heap.fst(258,4-258,45): (Warning 252) (Hint-replay failed): Subtyping check failed; expected type Prims.eqtype; got type Type0 (see also prims.fst(27,22-27,29))
FStar.SL.Monotonic.Heap.fsti(406,62-406,63): (Warning 252) (Hint-replay failed): Subtyping check failed; expected type r: FStar.SL.Monotonic.Heap.mref a rel {FStar.SL.Monotonic.Heap.contains h r}; got type FStar.SL.Monotonic.Heap.mref a rel (see also FStar.SL.Monotonic.Heap.fsti(79,65-79,79))
FStar.SL.Monotonic.Heap.fst(263,2-263,8): (Warning 252) (Hint-replay failed): assertion failed (see also FStar.SL.Monotonic.Heap.fst(263,9-263,85))
FStar.SL.Monotonic.Heap.fsti(430,44-430,45): (Warning 252) (Hint-replay failed): Subtyping check failed; expected type r: FStar.SL.Monotonic.Heap.mref a rel {FStar.SL.Monotonic.Heap.contains h r}; got type FStar.SL.Monotonic.Heap.mref a rel (see also FStar.SL.Monotonic.Heap.fsti(75,68-75,82))
FStar.SL.Monotonic.Heap.fst(269,58-269,60): (Warning 252) (Hint-replay failed): could not prove post-condition (see also FStar.SL.Monotonic.Heap.fsti(430,18-430,74))
FStar.SL.Monotonic.Heap.fsti(442,57-442,58): (Warning 252) (Hint-replay failed): Subtyping check failed; expected type r: FStar.SL.Monotonic.Heap.mref a rel {FStar.SL.Monotonic.Heap.contains h r}; got type FStar.SL.Monotonic.Heap.mref a rel (see also FStar.SL.Monotonic.Heap.fsti(79,65-79,79))
FStar.SL.Monotonic.Heap.fst(271,61-271,63): (Warning 252) (Hint-replay failed): could not prove post-condition (see also FStar.SL.Monotonic.Heap.fsti(442,18-442,75))
FStar.SL.Monotonic.Heap.fst(279,2-279,57): (Warning 252) (Hint-replay failed): could not prove post-condition (see also FStar.SL.Monotonic.Heap.fsti(466,18-466,24))
Unable to open hints file: C:\build\agent1\_work\41\s\examples\csl\SL.Base.fst.hints; ran without hints
FStar.Tactics.Effect.fst(100,49-100,55): (Warning 296) Tactics admitted goal <:
(_:
Prims.squash (CanonDeep.x * (CanonDeep.y * CanonDeep.z) == CanonDeep.x * (CanonDeep.y * CanonDeep.z)
)), (_:
Prims.squash ((CanonDeep.x * CanonDeep.y) * CanonDeep.z == (CanonDeep.x * CanonDeep.y) * CanonDeep.z
)) |- _ : Prims.squash (CanonDeep.x * (CanonDeep.y * CanonDeep.z) == (CanonDeep.x * CanonDeep.y) * CanonDeep.z
)

>

(see also FStar.Tactics.Effect.fst(100,48-100,58))
CanonDeep.fst(190,12-190,28): (Warning 296) Tactics admitted goal <:
(_:
Prims.squash (CanonDeep.x * (CanonDeep.y * CanonDeep.z) == CanonDeep.x * (CanonDeep.y * CanonDeep.z)
)) |- _ : Prims.squash ((CanonDeep.x * CanonDeep.y) * CanonDeep.z == (CanonDeep.x * CanonDeep.y) * CanonDeep.z
)

>

(see also CanonDeep.fst(190,45-190,56))
CanonDeep.fst(190,12-190,28): (Warning 296) Tactics admitted goal <:
|- _ : Prims.squash (CanonDeep.x * (CanonDeep.y * CanonDeep.z) == CanonDeep.x * (CanonDeep.y * CanonDeep.z)
)

>

(see also CanonDeep.fst(190,30-190,41))
FStar.Pointer.Base.fst(992,23-992,24): (Warning 252) (Hint-replay failed): Subtyping check failed; expected type FStar.Pointer.Base.otype_of_struct_field l fd; got type FStar.Pointer.Base.otype_of_typ to (see also FStar.Pointer.Base.fst(945,3-945,4))
FStar.Pointer.Base.fst(4149,5-4149,28): (Warning 252) (Hint-replay failed): assertion failed (see also FStar.ModifiesGen.fsti(382,40-382,61))
FStar.Pointer.Base.fst(4152,5-4152,28): (Warning 252) (Hint-replay failed): assertion failed (see also FStar.ModifiesGen.fsti(382,40-382,61))
Unable to open hints file: C:\build\agent1\_work\41\s\examples\tactics\ReifiedTc.fst.hints; ran without hints
Arith.fst(40,4-40,10): (Warning 252) (Hint-replay failed): Could not prove goal #3 (see also Arith.fst(42,49-42,60))
Arith.fst(40,4-40,10): (Warning 252) (Hint-replay failed): Could not prove goal #1 (see also Arith.fst(41,22-41,29))
LowParse.SLow.Combinators.fst(32,21-32,26): (Warning 252) (Hint-replay failed): Subtyping check failed; expected type j: Prims.nat{FStar.UInt32.v l <= j && j <= FStar.Seq.Base.length (FStar.Bytes.reveal input)}; got type FStar.UInt.uint_t FStar.UInt32.n (see also FStar.Bytes.fsti(146,56-146,65))
LowParse.SLow.Combinators.fst(55,21-55,26): (Warning 252) (Hint-replay failed): Subtyping check failed; expected type j: Prims.nat{FStar.UInt32.v l <= j && j <= FStar.Seq.Base.length (FStar.Bytes.reveal input)}; got type FStar.UInt.uint_t FStar.UInt32.n (see also FStar.Bytes.fsti(146,56-146,65))
LowParse.SLow.Combinators.fst(109,36-109,52): (Warning 252) (Hint-replay failed): Subtyping check failed; expected type LowParse.Spec.Base.consumed_length (FStar.Bytes.reveal xbytes); got type FStar.UInt.uint_t FStar.UInt32.n (see also LowParse.Spec.Base.fst(22,55-22,72))
LowParse.SLow.Combinators.fst(32,21-32,26): (Warning 252) (Hint-replay failed): Subtyping check failed; expected type j: Prims.nat{FStar.UInt32.v l <= j && j <= FStar.Seq.Base.length (FStar.Bytes.reveal input)}; got type FStar.UInt.uint_t FStar.UInt32.n (see also FStar.Bytes.fsti(146,56-146,65))
LowParse.SLow.Combinators.fst(55,21-55,26): (Warning 252) (Hint-replay failed): Subtyping check failed; expected type j: Prims.nat{FStar.UInt32.v l <= j && j <= FStar.Seq.Base.length (FStar.Bytes.reveal input)}; got type FStar.UInt.uint_t FStar.UInt32.n (see also FStar.Bytes.fsti(146,56-146,65))
LowParse.SLow.Combinators.fst(109,36-109,52): (Warning 252) (Hint-replay failed): Subtyping check failed; expected type LowParse.Spec.Base.consumed_length (FStar.Bytes.reveal xbytes); got type FStar.UInt.uint_t FStar.UInt32.n (see also LowParse.Spec.Base.fst(22,55-22,72))
SL.Heap.fst(65,26-68,30): (Warning 252) (Hint-replay failed): Patterns are incomplete
SL.Heap.fst(85,38-88,62): (Warning 252) (Hint-replay failed): Patterns are incomplete
SL.Heap.fst(206,39-206,41): (Warning 252) (Hint-replay failed): could not prove post-condition (see also SL.Heap.fsti(123,10-123,62))
SL.Heap.fst(208,39-208,41): (Warning 252) (Hint-replay failed): could not prove post-condition (see also SL.Heap.fsti(127,10-127,34))
Unable to open hints file: C:\build\agent1\_work\41\s\examples\csl\SepLogic.Heap.fsti.hints; ran without hints
X64.Vale.StateLemmas_i.fst(38,2-38,8): (Warning 252) (Hint-replay failed): assertion failed (see also X64.Vale.StateLemmas_i.fst(38,9-38,49))
Imp.fst(15,8-15,14): (Warning 252) (Hint-replay failed): assertion failed (see also Imp.fst(15,15-15,26))
prims.fst(98,30-98,31): (Warning 252) assertion failed
prims.fst(98,30-98,31): (Warning 252) assertion failed
prims.fst(98,30-98,31): (Warning 252) assertion failed
prims.fst(98,30-98,31): (Warning 252) assertion failed
Pruning.fst(84,8-84,24): (Warning 252) Could not prove goal #2 (see also Pruning.fst(84,26-84,44))
Pruning.fst(84,8-84,24): (Warning 252) Could not prove goal #2 (see also Pruning.fst(84,26-84,44))
MetaArgs.fst(8,8-8,14): (Warning 252) (Hint-replay failed): assertion failed (see also MetaArgs.fst(8,15-8,28))
MetaArgs.fst(8,8-8,14): (Warning 252) (Hint-replay failed): assertion failed (see also MetaArgs.fst(8,15-8,28))
SepLogic.Heap.fst(59,26-62,30): (Warning 252) (Hint-replay failed): Patterns are incomplete
SepLogic.Heap.fst(78,38-81,62): (Warning 252) (Hint-replay failed): Patterns are incomplete
SepLogic.Heap.fst(224,39-224,41): (Warning 252) (Hint-replay failed): could not prove post-condition (see also SepLogic.Heap.fsti(155,10-155,62))
SepLogic.Heap.fst(226,39-226,41): (Warning 252) (Hint-replay failed): could not prove post-condition (see also SepLogic.Heap.fsti(159,10-159,34))
SepLogic.Heap.fst(235,35-235,37): (Warning 252) (Hint-replay failed): could not prove post-condition (see also SepLogic.Heap.fsti(187,11-187,27))
SepLogic.Heap.fst(303,4-303,6): (Warning 252) (Hint-replay failed): could not prove post-condition (see also SepLogic.Heap.fst(302,21-302,58))
File "out_ExtractionBug2/ExtractionBug2.ml", line 13, characters 20-56:
Warning 8: this pattern-matching is not exhaustive.
Here is an example of a case that is not matched:
Nil
TacF.fst(16,44-16,45): (Warning 252) Subtyping check failed; expected type Prims.int; got type a (see also TacF.fst(16,20-16,21))
TacF.fst(16,44-16,45): (Warning 252) Subtyping check failed; expected type Prims.int; got type a (see also TacF.fst(16,20-16,21))
TacF.fst(16,44-16,45): (Warning 252) Subtyping check failed; expected type Prims.int; got type a (see also TacF.fst(16,20-16,21))
TacF.fst(16,44-16,45): (Warning 252) Subtyping check failed; expected type Prims.int; got type a (see also TacF.fst(16,20-16,21))
TacF.fst(16,44-16,45): (Warning 252) Subtyping check failed; expected type Prims.int; got type a (see also TacF.fst(16,20-16,21))
TacF.fst(16,44-16,45): (Warning 252) Subtyping check failed; expected type Prims.int; got type a (see also TacF.fst(16,20-16,21))
TacF.fst(16,44-16,45): (Warning 252) Subtyping check failed; expected type Prims.int; got type a (see also TacF.fst(16,20-16,21))
TacF.fst(16,44-16,45): (Warning 252) Subtyping check failed; expected type Prims.int; got type a (see also TacF.fst(16,20-16,21))
EnumParsing.fst(303,29-303,37): (Warning 252) (Hint-replay failed): could not prove post-condition (see also Serializing.fst(102,8-102,39))
UnionFind.fst(170,4-170,6): (Warning 252) (Hint-replay failed): could not prove post-condition (see also UnionFind.fst(166,7-166,47))
File "out_bug734/Bug734.ml", line 23, characters 46-49:
Warning 20: this argument will not be used by the function.
SimpleTactic.Test.fst(5,2-5,18): (Warning 296) Tactics admitted goal <:
(_: Prims.unit) |- _ : Prims.squash (FStar.Pervasives.id 1000 = 1000)

>

(see also FStar.Tactics.Effect.fst(100,48-100,58))
SL.ExamplesAuto.fst(81,4-81,6): (Warning 252) (Hint-replay failed): could not prove post-condition (see also SL.ExamplesAuto.fst(80,9-80,36))
SL.ExamplesAuto.fst(331,9-331,12): (Warning 252) (Hint-replay failed): could not prove post-condition (see also SL.ExamplesAuto.fst(330,29-330,32))
FailFlow.fst(17,4-17,10): (Warning 252) assertion failed (see also FailFlow.fst(17,11-17,16))
FailFlow.fst(17,4-17,10): (Warning 252) assertion failed (see also FailFlow.fst(17,11-17,16))
FailFlow.fst(17,4-17,10): (Warning 252) assertion failed (see also FailFlow.fst(17,11-17,16))
FailFlow.fst(17,4-17,10): (Warning 252) assertion failed (see also FailFlow.fst(17,11-17,16))
FailFlow.fst(22,4-23,16): (Warning 252) assertion failed (see also FStar.Tactics.Effect.fst(52,82-52,88))
FailFlow.fst(22,4-23,16): (Warning 252) assertion failed (see also FStar.Tactics.Effect.fst(52,82-52,88))
FailFlow.fst(22,4-23,16): (Warning 252) assertion failed (see also FStar.Tactics.Effect.fst(52,82-52,88))
FailFlow.fst(22,4-23,16): (Warning 252) assertion failed (see also FStar.Tactics.Effect.fst(52,82-52,88))
FailFlow.fst(27,4-28,16): (Warning 252) assertion failed (see also FStar.Tactics.Effect.fst(52,82-52,88))
FailFlow.fst(27,4-28,16): (Warning 252) assertion failed (see also FStar.Tactics.Effect.fst(52,82-52,88))
FailFlow.fst(27,4-28,16): (Warning 252) assertion failed (see also FStar.Tactics.Effect.fst(52,82-52,88))
FailFlow.fst(27,4-28,16): (Warning 252) assertion failed (see also FStar.Tactics.Effect.fst(52,82-52,88))
FailFlow.fst(33,4-33,10): (Warning 252) assertion failed (see also FailFlow.fst(33,11-33,16))
FailFlow.fst(33,4-33,10): (Warning 252) assertion failed (see also FailFlow.fst(33,11-33,16))
FailFlow.fst(33,4-33,10): (Warning 252) assertion failed (see also FailFlow.fst(33,11-33,16))
FailFlow.fst(33,4-33,10): (Warning 252) assertion failed (see also FailFlow.fst(33,11-33,16))
File "./Evens.ml", line 10, characters 20-54:
Warning 8: this pattern-matching is not exhaustive.
Here is an example of a case that is not matched:
U0
File "./Evens.ml", line 26, characters 22-67:
Warning 8: this pattern-matching is not exhaustive.
Here is an example of a case that is not matched:
Even0
File "./Evens.ml", line 30, characters 22-67:
Warning 8: this pattern-matching is not exhaustive.
Here is an example of a case that is not matched:
Even0
Normalization.fst(66,8-66,24): (Warning 252) (Hint-replay failed): Subtyping check failed; expected type Prims.eqtype; got type Type0 (see also prims.fst(27,22-27,29))
Normalization.fst(69,31-69,43): (Warning 252) (Hint-replay failed): Subtyping check failed; expected type Prims.eqtype; got type Type0 (see also prims.fst(27,22-27,29))
Normalization.fst(83,8-83,14): (Warning 252) (Hint-replay failed): assertion failed (see also Normalization.fst(83,15-83,28))
Normalization.fst(83,8-83,14): (Warning 252) (Hint-replay failed): assertion failed (see also Normalization.fst(83,15-83,28))
SL.Tactics.fst(243,8-247,35): (Warning 252) (Hint-replay failed): Patterns are incomplete
SL.Tactics.fst(243,8-247,35): (Warning 252) (Hint-replay failed): Patterns are incomplete
Destruct.fst(115,42-115,102): (Warning 252) Patterns are incomplete
Destruct.fst(115,42-115,102): (Warning 252) Patterns are incomplete
Destruct.fst(115,42-115,102): (Warning 252) Patterns are incomplete
Destruct.fst(115,42-115,102): (Warning 252) Patterns are incomplete
Destruct.fst(115,42-115,102): (Warning 252) Patterns are incomplete
Destruct.fst(115,42-115,102): (Warning 252) Patterns are incomplete
Destruct.fst(115,42-115,102): (Warning 252) Patterns are incomplete
Destruct.fst(115,42-115,102): (Warning 252) Patterns are incomplete
Plugins.Test.fst(8,41-8,42): (Warning 252) (Hint-replay failed): Failed to verify implicit argument: Prims.int * Prims.bool (Introduced at Plugins.Test.fst(8,41-8,42) for Instantiating implicit argument in application resolved at Plugins.fst(45,33-45,45)) :: Subtyping check failed; expected type Prims.eqtype; got type Type0 (see also prims.fst(27,22-27,29))
FStar.Tactics.Simplifier.fst(277,18-277,23): (Warning 296) Tactics admitted goal <:
(r: FStar.ST.ref Prims.int) |- _ : Prims.squash (forall (x: FStar.Pervasives.st_post_h FStar.Monotonic.Heap.heap Prims.unit)
(x: FStar.Monotonic.Heap.heap).
(forall (x: Prims.unit) (x: FStar.Monotonic.Heap.heap). Prims.auto_squash (x x x)) ==>
FStar.Heap.trivial_preorder Prims.int (FStar.Monotonic.Heap.sel x r) 0 /\
(forall (x: Prims.unit)
(x:
_:
FStar.Monotonic.Heap.heap
{FStar.Heap.trivial_preorder Prims.int (FStar.Monotonic.Heap.sel x r) 0}).
FStar.Heap.trivial_preorder Prims.int (FStar.Monotonic.Heap.sel x r) 0 /\
FStar.Monotonic.Heap.contains x r /\
FStar.Monotonic.Heap.modifies (FStar.Set.singleton (FStar.Monotonic.Heap.addr_of r)) x x /\
FStar.Monotonic.Heap.equal_dom x x /\ FStar.Monotonic.Heap.sel x r == 0 ==>
FStar.Heap.trivial_preorder Prims.int (FStar.Monotonic.Heap.sel x r) 1 /\
(forall (x: Prims.unit)
(x:
_:
FStar.Monotonic.Heap.heap
{FStar.Heap.trivial_preorder Prims.int (FStar.Monotonic.Heap.sel x r) 1}).
FStar.Heap.trivial_preorder Prims.int (FStar.Monotonic.Heap.sel x r) 1 /\
FStar.Monotonic.Heap.contains x r /\
FStar.Monotonic.Heap.modifies (FStar.Set.singleton (FStar.Monotonic.Heap.addr_of r))
x
x /\ FStar.Monotonic.Heap.equal_dom x x /\ FStar.Monotonic.Heap.sel x r == 1 ==>
FStar.Heap.trivial_preorder Prims.int (FStar.Monotonic.Heap.sel x r) 2 /\
(forall (x: Prims.unit)
(x:
_:
FStar.Monotonic.Heap.heap
{FStar.Heap.trivial_preorder Prims.int (FStar.Monotonic.Heap.sel x r) 2}).
FStar.Heap.trivial_preorder Prims.int (FStar.Monotonic.Heap.sel x r) 2 /\
FStar.Monotonic.Heap.contains x r /\
FStar.Monotonic.Heap.modifies (FStar.Set.singleton (FStar.Monotonic.Heap.addr_of r
))
x
x /\ FStar.Monotonic.Heap.equal_dom x x /\ FStar.Monotonic.Heap.sel x r == 2 ==>
FStar.Heap.trivial_preorder Prims.int (FStar.Monotonic.Heap.sel x r) 3 /\
(forall (x: Prims.unit)
(x:
_:
FStar.Monotonic.Heap.heap
{FStar.Heap.trivial_preorder Prims.int (FStar.Monotonic.Heap.sel x r) 3}).
FStar.Heap.trivial_preorder Prims.int (FStar.Monotonic.Heap.sel x r) 3 /\
FStar.Monotonic.Heap.contains x r /\
FStar.Monotonic.Heap.modifies (FStar.Set.singleton (FStar.Monotonic.Heap.addr_of 
r))
x
x /\ FStar.Monotonic.Heap.equal_dom x x /\ FStar.Monotonic.Heap.sel x r == 3 ==>
x x x)))))

>

(see also FStar.Tactics.Simplifier.fst(273,55-273,63))
FStar.Tactics.Simplifier.fst(277,18-277,23): (Warning 296) Tactics admitted goal <:
(r: FStar.ST.ref Prims.int) |- _ : Prims.squash (forall (x: FStar.Pervasives.st_post_h FStar.Monotonic.Heap.heap Prims.unit)
(x: FStar.Monotonic.Heap.heap).
(forall (x: Prims.unit) (x: FStar.Monotonic.Heap.heap). Prims.auto_squash (x x x)) ==>
FStar.Heap.trivial_preorder Prims.int (FStar.Monotonic.Heap.sel x r) 0 /\
(forall (x: Prims.unit)
(x:
_:
FStar.Monotonic.Heap.heap
{FStar.Heap.trivial_preorder Prims.int (FStar.Monotonic.Heap.sel x r) 0}).
FStar.Heap.trivial_preorder Prims.int (FStar.Monotonic.Heap.sel x r) 0 /\
FStar.Monotonic.Heap.contains x r /\
FStar.Monotonic.Heap.modifies (FStar.Set.singleton (FStar.Monotonic.Heap.addr_of r)) x x /\
FStar.Monotonic.Heap.equal_dom x x /\ FStar.Monotonic.Heap.sel x r == 0 ==>
FStar.Heap.trivial_preorder Prims.int (FStar.Monotonic.Heap.sel x r) 1 /\
(forall (x: Prims.unit)
(x:
_:
FStar.Monotonic.Heap.heap
{FStar.Heap.trivial_preorder Prims.int (FStar.Monotonic.Heap.sel x r) 1}).
FStar.Heap.trivial_preorder Prims.int (FStar.Monotonic.Heap.sel x r) 1 /\
FStar.Monotonic.Heap.contains x r /\
FStar.Monotonic.Heap.modifies (FStar.Set.singleton (FStar.Monotonic.Heap.addr_of r))
x
x /\ FStar.Monotonic.Heap.equal_dom x x /\ FStar.Monotonic.Heap.sel x r == 1 ==>
FStar.Heap.trivial_preorder Prims.int (FStar.Monotonic.Heap.sel x r) 2 /\
(forall (x: Prims.unit)
(x:
_:
FStar.Monotonic.Heap.heap
{FStar.Heap.trivial_preorder Prims.int (FStar.Monotonic.Heap.sel x r) 2}).
FStar.Heap.trivial_preorder Prims.int (FStar.Monotonic.Heap.sel x r) 2 /\
FStar.Monotonic.Heap.contains x r /\
FStar.Monotonic.Heap.modifies (FStar.Set.singleton (FStar.Monotonic.Heap.addr_of r
))
x
x /\ FStar.Monotonic.Heap.equal_dom x x /\ FStar.Monotonic.Heap.sel x r == 2 ==>
FStar.Heap.trivial_preorder Prims.int (FStar.Monotonic.Heap.sel x r) 3 /\
(forall (x: Prims.unit)
(x:
_:
FStar.Monotonic.Heap.heap
{FStar.Heap.trivial_preorder Prims.int (FStar.Monotonic.Heap.sel x r) 3}).
FStar.Heap.trivial_preorder Prims.int (FStar.Monotonic.Heap.sel x r) 3 /\
FStar.Monotonic.Heap.contains x r /\
FStar.Monotonic.Heap.modifies (FStar.Set.singleton (FStar.Monotonic.Heap.addr_of 
r))
x
x /\ FStar.Monotonic.Heap.equal_dom x x /\ FStar.Monotonic.Heap.sel x r == 3 ==>
FStar.Heap.trivial_preorder Prims.int (FStar.Monotonic.Heap.sel x r) 4 /\
(forall (x: Prims.unit)
(x:
_:
FStar.Monotonic.Heap.heap
{FStar.Heap.trivial_preorder Prims.int (FStar.Monotonic.Heap.sel x r) 4})
.
FStar.Heap.trivial_preorder Prims.int (FStar.Monotonic.Heap.sel x r) 4 /\
FStar.Monotonic.Heap.contains x r /\
FStar.Monotonic.Heap.modifies (FStar.Set.singleton (FStar.Monotonic.Heap.addr_of 
r))
x
x /\ FStar.Monotonic.Heap.equal_dom x x /\
FStar.Monotonic.Heap.sel x r == 4 ==>
FStar.Heap.trivial_preorder Prims.int (FStar.Monotonic.Heap.sel x r) 5 /\
(forall (x: Prims.unit)
(x:
_:
FStar.Monotonic.Heap.heap
{ FStar.Heap.trivial_preorder Prims.int
(FStar.Monotonic.Heap.sel x r)
5 }).
FStar.Heap.trivial_preorder Prims.int (FStar.Monotonic.Heap.sel x r) 5 /\
FStar.Monotonic.Heap.contains x r /\
FStar.Monotonic.Heap.modifies (FStar.Set.singleton (FStar.Monotonic.Heap.addr_of 
r))
x
x /\ FStar.Monotonic.Heap.equal_dom x x /\
FStar.Monotonic.Heap.sel x r == 5 ==>
FStar.Heap.trivial_preorder Prims.int (FStar.Monotonic.Heap.sel x r) 6 /\
(forall (x: Prims.unit)
(x:
_:
FStar.Monotonic.Heap.heap
{ FStar.Heap.trivial_preorder Prims.int
(FStar.Monotonic.Heap.sel x r)
6 }).
FStar.Heap.trivial_preorder Prims.int
(FStar.Monotonic.Heap.sel x r)
6 /\ FStar.Monotonic.Heap.contains x r /\
FStar.Monotonic.Heap.modifies (FStar.Set.singleton (FStar.Monotonic.Heap.addr_of 
r))
x
x /\ FStar.Monotonic.Heap.equal_dom x x /\
FStar.Monotonic.Heap.sel x r == 6 ==>
FStar.Heap.trivial_preorder Prims.int
(FStar.Monotonic.Heap.sel x r)
7 /\
(forall (x: Prims.unit)
(x:
_:
FStar.Monotonic.Heap.heap
{ FStar.Heap.trivial_preorder Prims.int
(FStar.Monotonic.Heap.sel x r)
7 }).
FStar.Heap.trivial_preorder Prims.int
(FStar.Monotonic.Heap.sel x r)
7 /\ FStar.Monotonic.Heap.contains x r /\
FStar.Monotonic.Heap.modifies (FStar.Set.singleton (FStar.Monotonic.Heap.addr_of 
r))
x
x /\ FStar.Monotonic.Heap.equal_dom x x /\
FStar.Monotonic.Heap.sel x r == 7 ==>
FStar.Heap.trivial_preorder Prims.int
(FStar.Monotonic.Heap.sel x r)
8 /\
(forall (x: Prims.unit)
(x:
_:
FStar.Monotonic.Heap.heap
{ FStar.Heap.trivial_preorder Prims.int
(FStar.Monotonic.Heap.sel x r)
8 }).
FStar.Heap.trivial_preorder Prims.int
(FStar.Monotonic.Heap.sel x r)
8 /\ FStar.Monotonic.Heap.contains x r /\
FStar.Monotonic.Heap.modifies (FStar.Set.singleton (FStar.Monotonic.Heap.addr_of 
r))
x
x /\ FStar.Monotonic.Heap.equal_dom x x /\
FStar.Monotonic.Heap.sel x r == 8 ==>
FStar.Heap.trivial_preorder Prims.int
(FStar.Monotonic.Heap.sel x r)
9 /\
(forall (x: Prims.unit)
(x:
_:
FStar.Monotonic.Heap.heap
{ FStar.Heap.trivial_preorder Prims.int
(FStar.Monotonic.Heap.sel x r)
9 }).
FStar.Heap.trivial_preorder Prims.int
(FStar.Monotonic.Heap.sel x r)
9 /\ FStar.Monotonic.Heap.contains x r /\
FStar.Monotonic.Heap.modifies (FStar.Set.singleton (FStar.Monotonic.Heap.addr_of 
r))
x
x /\ FStar.Monotonic.Heap.equal_dom x x /\
FStar.Monotonic.Heap.sel x r == 9 ==>
FStar.Heap.trivial_preorder Prims.int
(FStar.Monotonic.Heap.sel x r)
10 /\
(forall (x: Prims.unit)
(x:
_:
FStar.Monotonic.Heap.heap
{ FStar.Heap.trivial_preorder Prims.int
(FStar.Monotonic.Heap.sel x r)
10 }).
FStar.Heap.trivial_preorder Prims.int
(FStar.Monotonic.Heap.sel x r)
10 /\ FStar.Monotonic.Heap.contains x r /\
FStar.Monotonic.Heap.modifies (FStar.Set.singleton 
(FStar.Monotonic.Heap.addr_of r))
x
x /\ FStar.Monotonic.Heap.equal_dom x x /\
FStar.Monotonic.Heap.sel x r == 10 ==>
x x x))))))))))))

>

(see also FStar.Tactics.Simplifier.fst(273,55-273,63))
Trace.fst(145,8-145,14): (Warning 252) (Hint-replay failed): assertion failed (see also Trace.fst(145,15-145,78))
Trace.fst(145,8-145,14): (Warning 252) assertion failed (see also Trace.fst(145,15-145,78))
Trace.fst(145,8-145,14): (Warning 252) assertion failed (see also Trace.fst(145,15-145,78))
Trace.fst(162,8-162,14): (Warning 252) (Hint-replay failed): assertion failed (see also Trace.fst(162,15-162,98))
Trace.fst(162,8-162,14): (Warning 252) assertion failed (see also Trace.fst(162,15-162,98))
Trace.fst(162,8-162,14): (Warning 252) assertion failed (see also Trace.fst(162,15-162,98))
Trace.fst(162,8-162,14): (Warning 252) assertion failed (see also Trace.fst(162,15-162,98))
Trace.fst(172,8-172,14): (Warning 252) assertion failed (see also Trace.fst(172,15-172,41))
Trace.fst(172,8-172,14): (Warning 252) assertion failed (see also Trace.fst(172,15-172,41))
Trace.fst(172,8-172,14): (Warning 252) assertion failed (see also Trace.fst(172,15-172,41))
Trace.fst(145,8-145,14): (Warning 252) (Hint-replay failed): assertion failed (see also Trace.fst(145,15-145,78))
Trace.fst(145,8-145,14): (Warning 252) assertion failed (see also Trace.fst(145,15-145,78))
Trace.fst(145,8-145,14): (Warning 252) assertion failed (see also Trace.fst(145,15-145,78))
Trace.fst(162,8-162,14): (Warning 252) (Hint-replay failed): assertion failed (see also Trace.fst(162,15-162,98))
Trace.fst(162,8-162,14): (Warning 252) assertion failed (see also Trace.fst(162,15-162,98))
Trace.fst(162,8-162,14): (Warning 252) assertion failed (see also Trace.fst(162,15-162,98))
Trace.fst(162,8-162,14): (Warning 252) assertion failed (see also Trace.fst(162,15-162,98))
Trace.fst(172,8-172,14): (Warning 252) assertion failed (see also Trace.fst(172,15-172,41))
Trace.fst(172,8-172,14): (Warning 252) assertion failed (see also Trace.fst(172,15-172,41))
Trace.fst(172,8-172,14): (Warning 252) assertion failed (see also Trace.fst(172,15-172,41))
Trans.fst(15,63-15,68): (Warning 296) Tactics admitted goal <:
|- _ : Prims.squash (Trans.a == (*?u50*) _)

>

(see also Trans.fst(10,20-10,35))
Trans.fst(15,63-15,68): (Warning 296) Tactics admitted goal <:
|- _ : Prims.squash ((*?u50*) _ == Trans.b)

>

(see also Trans.fst(10,39-10,54))
LemmaArgs.fst(16,2-16,18): (Warning 252) Subtyping check failed; expected type b: Prims.int{b <> 5}; got type Prims.int (see also LemmaArgs.fst(5,34-5,40))
LemmaArgs.fst(16,2-16,18): (Warning 252) Subtyping check failed; expected type b: Prims.int{b <> 5}; got type Prims.int (see also LemmaArgs.fst(5,34-5,40))
LemmaArgs.fst(16,2-16,18): (Warning 252) Subtyping check failed; expected type b: Prims.int{b <> 5}; got type Prims.int (see also LemmaArgs.fst(5,34-5,40))
LemmaArgs.fst(16,2-16,18): (Warning 252) Subtyping check failed; expected type b: Prims.int{b <> 5}; got type Prims.int (see also LemmaArgs.fst(5,34-5,40))
Goals.fst(12,26-12,32): (Warning 252) assertion failed (see also Goals.fst(12,33-12,38))
Goals.fst(12,26-12,32): (Warning 252) assertion failed (see also Goals.fst(12,33-12,38))
Goals.fst(12,26-12,32): (Warning 252) assertion failed (see also Goals.fst(12,33-12,38))
Goals.fst(12,26-12,32): (Warning 252) assertion failed (see also Goals.fst(12,33-12,38))
Goals.fst(18,26-18,32): (Warning 252) Could not prove goal #1 (see also Goals.fst(18,33-18,38))
Goals.fst(18,26-18,32): (Warning 252) Could not prove goal #1 (see also Goals.fst(18,33-18,38))
Goals.fst(18,26-18,32): (Warning 252) Could not prove goal #1 (see also Goals.fst(18,33-18,38))
Goals.fst(18,26-18,32): (Warning 252) Could not prove goal #1 (see also Goals.fst(18,33-18,38))
Goals.fst(19,26-19,32): (Warning 252) Could not prove goal #1 (see also Goals.fst(19,33-19,38))
Goals.fst(19,26-19,32): (Warning 252) Could not prove goal #1 (see also Goals.fst(19,33-19,38))
Goals.fst(19,26-19,32): (Warning 252) Could not prove goal #1 (see also Goals.fst(19,33-19,38))
Goals.fst(19,26-19,32): (Warning 252) Could not prove goal #1 (see also Goals.fst(19,33-19,38))
Goals.fst(24,26-24,32): (Warning 252) Could not prove goal #1 (see also Goals.fst(24,33-24,38))
Goals.fst(24,26-24,32): (Warning 252) Could not prove goal #1 (see also Goals.fst(24,33-24,38))
Goals.fst(24,26-24,32): (Warning 252) Could not prove goal #1 (see also Goals.fst(24,33-24,38))
Goals.fst(24,26-24,32): (Warning 252) Could not prove goal #1 (see also Goals.fst(24,33-24,38))
Goals.fst(25,26-25,32): (Warning 252) Could not prove goal #1 (see also Goals.fst(25,33-25,38))
Goals.fst(25,26-25,32): (Warning 252) Could not prove goal #1 (see also Goals.fst(25,33-25,38))
Goals.fst(25,26-25,32): (Warning 252) Could not prove goal #1 (see also Goals.fst(25,33-25,38))
Goals.fst(25,26-25,32): (Warning 252) Could not prove goal #1 (see also Goals.fst(25,33-25,38))
Goals.fst(38,26-38,32): (Warning 252) Could not prove goal #1 (see also Goals.fst(38,33-38,38))
Goals.fst(38,26-38,32): (Warning 252) Could not prove goal #1 (see also Goals.fst(38,33-38,38))
Goals.fst(38,26-38,32): (Warning 252) Could not prove goal #1 (see also Goals.fst(38,33-38,38))
Goals.fst(38,26-38,32): (Warning 252) Could not prove goal #1 (see also Goals.fst(38,33-38,38))
Goals.fst(43,26-43,32): (Warning 252) Could not prove goal #1 (see also Goals.fst(43,33-43,38))
Goals.fst(43,26-43,32): (Warning 252) Could not prove goal #1 (see also Goals.fst(43,33-43,38))
Goals.fst(43,26-43,32): (Warning 252) Could not prove goal #1 (see also Goals.fst(43,33-43,38))
Goals.fst(43,26-43,32): (Warning 252) Could not prove goal #1 (see also Goals.fst(43,33-43,38))
Pruning.fst(67,8-67,24): (Warning 252) Could not prove goal #2 (see also Pruning.fst(67,26-67,44))
Pruning.fst(67,8-67,24): (Warning 252) Could not prove goal #2 (see also Pruning.fst(67,26-67,44))
Pruning.fst(67,8-67,24): (Warning 252) Could not prove goal #2 (see also Pruning.fst(67,26-67,44))
Pruning.fst(67,8-67,24): (Warning 252) Could not prove goal #2 (see also Pruning.fst(67,26-67,44))
FStar.Tactics.Logic.fst(62,41-62,54): (Warning 252) Subtyping check failed; expected type n: Prims.nat{n > 20}; got type Prims.nat (see also AnnoyingVCs.fst(10,21-10,27))
FStar.Tactics.Logic.fst(62,41-62,54): (Warning 252) Subtyping check failed; expected type n: Prims.nat{n > 20}; got type Prims.nat (see also AnnoyingVCs.fst(10,21-10,27))
FStar.Tactics.Logic.fst(62,41-62,54): (Warning 252) Subtyping check failed; expected type n: Prims.nat{n > 20}; got type Prims.nat (see also AnnoyingVCs.fst(10,21-10,27))
FStar.Tactics.Logic.fst(62,41-62,54): (Warning 252) Subtyping check failed; expected type n: Prims.nat{n > 20}; got type Prims.nat (see also AnnoyingVCs.fst(10,21-10,27))
Postprocess.fst(14,8-14,14): (Warning 252) (Hint-replay failed): assertion failed (see also Postprocess.fst(14,15-14,23))
Postprocess.fst(14,8-14,14): (Warning 252) (Hint-replay failed): assertion failed (see also Postprocess.fst(14,15-14,23))
Point.fst(117,2-117,8): (Warning 252) (Hint-replay failed): assertion failed (see also Point.fst(117,9-117,68))
Point.fst(117,2-117,8): (Warning 252) (Hint-replay failed): assertion failed (see also Point.fst(117,9-117,68))
Splice2.fst(8,8-8,14): (Warning 252) (Hint-replay failed): assertion failed (see also Splice2.fst(8,15-8,24))
Splice2.fst(8,8-8,14): (Warning 252) (Hint-replay failed): assertion failed (see also Splice2.fst(8,15-8,24))
<dummy>(0,0-0,0): (Warning 252) (Hint-replay failed): Could not prove goal #6 (see also SL.Examples.fst(20,14-20,33))
<dummy>(0,0-0,0): (Warning 252) (Hint-replay failed): Could not prove goal #5 (see also SL.Examples.fst(309,20-309,29))
<dummy>(0,0-0,0): (Warning 252) (Hint-replay failed): Could not prove goal #3 (see also SL.Examples.fst(20,14-20,33))
SL.Examples.fst(374,9-374,12): (Warning 252) (Hint-replay failed): could not prove post-condition (see also SL.Examples.fst(372,45-372,48))
SL.Examples.fst(380,9-380,12): (Warning 252) (Hint-replay failed): could not prove post-condition (see also SL.Examples.fst(378,29-378,32))
<dummy>(0,0-0,0): (Warning 252) (Hint-replay failed): Could not prove goal #12 (see also SL.Examples.fst(20,14-20,33))
<dummy>(0,0-0,0): (Warning 252) (Hint-replay failed): Could not prove goal #11 (see also SL.Examples.fst(309,20-309,29))
<dummy>(0,0-0,0): (Warning 252) (Hint-replay failed): Could not prove goal #10 (see also SL.Examples.fst(20,14-20,33))
<dummy>(0,0-0,0): (Warning 252) (Hint-replay failed): Could not prove goal #9 (see also SL.Examples.fst(20,14-20,33))
<dummy>(0,0-0,0): (Warning 252) (Hint-replay failed): Could not prove goal #8 (see also SL.Examples.fst(20,14-20,33))
<dummy>(0,0-0,0): (Warning 252) (Hint-replay failed): Could not prove goal #7 (see also SL.Examples.fst(309,20-309,29))
<dummy>(0,0-0,0): (Warning 252) (Hint-replay failed): Could not prove goal #6 (see also SL.Examples.fst(20,14-20,33))
<dummy>(0,0-0,0): (Warning 252) (Hint-replay failed): Could not prove goal #5 (see also SL.Examples.fst(20,14-20,33))
<dummy>(0,0-0,0): (Warning 252) (Hint-replay failed): Could not prove goal #4 (see also SL.Examples.fst(309,20-309,29))
<dummy>(0,0-0,0): (Warning 252) (Hint-replay failed): Could not prove goal #3 (see also SL.Examples.fst(20,14-20,33))
<dummy>(0,0-0,0): (Warning 252) (Hint-replay failed): Could not prove goal #1 (see also SL.Examples.fst(20,37-20,52))
<dummy>(0,0-0,0): (Warning 252) (Hint-replay failed): Could not prove goal #52 (see also SL.Examples.fst(20,37-20,52))
<dummy>(0,0-0,0): (Warning 252) (Hint-replay failed): Could not prove goal #26 (see also SL.Examples.fst(20,37-20,52))
<dummy>(0,0-0,0): (Warning 252) (Hint-replay failed): Could not prove goal #1 (see also SL.Examples.fst(20,37-20,52))
<dummy>(0,0-0,0): (Warning 252) (Hint-replay failed): Could not prove goal #28 (see also SL.Examples.fst(20,37-20,52))
<dummy>(0,0-0,0): (Warning 252) (Hint-replay failed): Could not prove goal #14 (see also SL.Examples.fst(722,4-722,19))
Join.fst(12,8-12,14): (Warning 252) assertion failed (see also Join.fst(12,15-12,19))
Join.fst(12,8-12,14): (Warning 252) assertion failed (see also Join.fst(12,15-12,19))
Join.fst(12,8-12,14): (Warning 252) assertion failed (see also Join.fst(12,15-12,19))
Join.fst(12,8-12,14): (Warning 252) assertion failed (see also Join.fst(12,15-12,19))
CanonCommMonoidSimple.fst(186,2-186,8): (Warning 296) Tactics admitted goal <:
(a: Type), (am: CanonCommMonoidSimple.amap a), (xs: Prims.list CanonCommMonoidSimple.atom), (p: Prims.pure_post Prims.unit), (_:
Prims.squash (forall (pure_result: Prims.unit).
(exists (ss: Prims.list (CanonCommMonoidSimple.swap (FStar.List.Tot.Base.length xs))).
CanonCommMonoidSimple.sort xs == CanonCommMonoidSimple.apply_swaps xs ss) ==>
p pure_result)), (return_val: Type0), (_: Prims.squash (return_val == Prims.nat)), (return_val: Type0), (_: Prims.squash (return_val == Prims.int)), (any_result: (x: Prims.int -> y: Prims.int -> Prims.Tot Prims.int)), (_: Prims.squash (FStar.List.Tot.Base.compare_of_bool Prims.op_LessThan == any_result)), (pure_result: Prims.unit), (_:
Prims.squash (forall (x: Prims.nat).
FStar.List.Tot.Base.count x xs =
FStar.List.Tot.Base.count x
(FStar.List.Tot.Base.sortWith (FStar.List.Tot.Base.compare_of_bool Prims.op_LessThan) xs))), (return_val: Type0), (_: Prims.squash (return_val == Prims.nat)), (pure_result: Prims.list (CanonCommSwaps.swap (FStar.List.Tot.Base.length xs))), (_: Prims.squash (CanonCommMonoidSimple.sort xs == CanonCommSwaps.apply_swaps xs pure_result)), (_:
Prims.squash (CanonCommSwaps.equal_counts_implies_swaps xs (CanonCommMonoidSimple.sort xs) ==
pure_result)), (pure_result: Prims.list CanonCommMonoidSimple.atom), (_: Prims.squash (FStar.List.Tot.Base.length pure_result == FStar.List.Tot.Base.length xs)), (_:
Prims.squash (CanonCommMonoidSimple.apply_swaps xs
(CanonCommSwaps.equal_counts_implies_swaps xs (CanonCommMonoidSimple.sort xs)) ==
pure_result)), (any_result: Prims.logical), (_:
Prims.squash (CanonCommMonoidSimple.sort xs ==
CanonCommMonoidSimple.apply_swaps xs
(CanonCommSwaps.equal_counts_implies_swaps xs (CanonCommMonoidSimple.sort xs)) ==
any_result)) |- _ : Prims.squash (CanonCommMonoidSimple.sort xs ==
CanonCommMonoidSimple.apply_swaps xs
(CanonCommSwaps.equal_counts_implies_swaps xs (CanonCommMonoidSimple.sort xs)))

>

(see also FStar.Tactics.Effect.fst(100,48-100,58))
Arith.fst(40,4-40,10): (Warning 252) (Hint-replay failed): Could not prove goal #3 (see also Arith.fst(42,49-42,60))
Arith.fst(40,4-40,10): (Warning 252) (Hint-replay failed): Could not prove goal #1 (see also Arith.fst(41,22-41,29))
Arith.fst(40,4-40,10): (Warning 252) (Hint-replay failed): Could not prove goal #3 (see also Arith.fst(42,49-42,60))
Arith.fst(40,4-40,10): (Warning 252) (Hint-replay failed): Could not prove goal #1 (see also Arith.fst(41,22-41,29))
Synthesis.fst(7,8-7,14): (Warning 252) (Hint-replay failed): assertion failed (see also Synthesis.fst(7,15-7,24))
Synthesis.fst(20,8-20,14): (Warning 252) (Hint-replay failed): assertion failed (see also Synthesis.fst(20,15-20,25))
Synthesis.fst(36,8-36,14): (Warning 252) (Hint-replay failed): assertion failed (see also Synthesis.fst(36,15-36,26))
Synthesis.fst(51,25-51,26): (Warning 252) (Hint-replay failed): Subtyping check failed; expected type Prims.eqtype; got type Type0 (see also prims.fst(27,22-27,29))
Synthesis.fst(61,8-61,14): (Warning 252) (Hint-replay failed): assertion failed (see also Synthesis.fst(61,15-61,24))
Synthesis.fst(7,8-7,14): (Warning 252) (Hint-replay failed): assertion failed (see also Synthesis.fst(7,15-7,24))
Synthesis.fst(20,8-20,14): (Warning 252) (Hint-replay failed): assertion failed (see also Synthesis.fst(20,15-20,25))
Synthesis.fst(36,8-36,14): (Warning 252) (Hint-replay failed): assertion failed (see also Synthesis.fst(36,15-36,26))
Synthesis.fst(51,25-51,26): (Warning 252) (Hint-replay failed): Subtyping check failed; expected type Prims.eqtype; got type Type0 (see also prims.fst(27,22-27,29))
Synthesis.fst(61,8-61,14): (Warning 252) (Hint-replay failed): assertion failed (see also Synthesis.fst(61,15-61,24))
StringPrinter.RecC.fst(70,2-83,24): (Warning 252) (Hint-replay failed): could not prove post-condition (see also StringPrinter.RecC.fst(65,4-65,81))
StringPrinter.RecC.fst(70,2-83,24): (Warning 252) could not prove post-condition (see also StringPrinter.RecC.fst(67,9-67,91))
Unable to open hints file: C:\build\agent1\_work\41\s\examples\csl\SL.AutoTactic.fst.hints; ran without hints
SL.AutoTactic.fst(369,2-369,7): (Warning 252) assertion failed (see also FStar.Tactics.Effect.fst(69,62-69,69))
SL.AutoTactic.fst(379,2-379,7): (Warning 252) assertion failed (see also FStar.Tactics.Effect.fst(69,62-69,69))
FStar.Tactics.Derived.fst(592,4-595,38): (Warning 252) Patterns are incomplete
SL.AutoTactic.fst(369,2-369,7): (Warning 252) assertion failed (see also FStar.Tactics.Effect.fst(69,62-69,69))
SL.AutoTactic.fst(379,2-379,7): (Warning 252) assertion failed (see also FStar.Tactics.Effect.fst(69,62-69,69))
FStar.Tactics.Derived.fst(592,4-595,38): (Warning 252) Patterns are incomplete
prims.fst(48,31-48,40): (Warning 252) (Hint-replay failed): assertion failed
Imp.fst(114,26-114,32): (Warning 252) assertion failed (see also Imp.fst(114,46-114,73))
Imp.fst(114,26-114,32): (Warning 252) assertion failed (see also Imp.fst(114,46-114,73))
Imp.fst(115,26-115,32): (Warning 252) assertion failed (see also Imp.fst(115,46-115,73))
Imp.fst(115,26-115,32): (Warning 252) assertion failed (see also Imp.fst(115,46-115,73))
Imp.fst(116,26-116,32): (Warning 252) assertion failed (see also Imp.fst(116,46-116,73))
Imp.fst(116,26-116,32): (Warning 252) assertion failed (see also Imp.fst(116,46-116,73))
Imp.fst(117,26-117,32): (Warning 252) assertion failed (see also Imp.fst(117,46-117,73))
Imp.fst(117,26-117,32): (Warning 252) assertion failed (see also Imp.fst(117,46-117,73))
Imp.fst(118,26-118,32): (Warning 252) assertion failed (see also Imp.fst(118,46-118,73))
Imp.fst(118,26-118,32): (Warning 252) assertion failed (see also Imp.fst(118,46-118,73))
Imp.fst(119,26-119,32): (Warning 252) (Hint-replay failed): assertion failed (see also Imp.fst(119,46-119,73))
Imp.fst(119,26-119,32): (Warning 252) assertion failed (see also Imp.fst(119,46-119,73))
Imp.fst(119,26-119,32): (Warning 252) assertion failed (see also Imp.fst(119,46-119,73))
prims.fst(48,31-48,40): (Warning 252) (Hint-replay failed): assertion failed
Unable to open hints file: C:\build\agent1\_work\41\s\examples\csl\SL.ExamplesPar.fst.hints; ran without hints
StringPrinterTest.Aux.fst(19,2-19,52): (Warning 252) (Hint-replay failed): assertion failed (see also StringPrinter.Rec.fst(117,12-117,57))
StringPrinterTest.Aux.fst(19,2-19,52): (Warning 252) (Hint-replay failed): assertion failed (see also StringPrinter.Rec.fst(117,12-117,57))
MiniParse.Impl.List.fst(415,18-415,29): (Warning 288) FStar.Seq.Base.createEmpty is deprecated, use Seq.empty instead
MiniParse.Impl.List.fst(245,15-245,17): (Warning 252) Subtyping check failed; expected type MiniParse.Spec.List.nlist n t; got type l': Prims.list t {l' == FStar.List.Tot.Base.rev l} (see also MiniParse.Spec.List.fst(10,45-10,60))
MiniParse.Impl.List.fst(380,2-380,8): (Warning 252) (Hint-replay failed): assertion failed (see also MiniParse.Impl.List.fst(380,9-380,63))
MiniParse.Impl.List.fst(95,37-95,40): (Warning 252) (Hint-replay failed): assertion failed (see also FStar.UInt32.fst(64,12-64,32))
MiniParse.Impl.List.fst(245,15-245,17): (Warning 252) Subtyping check failed; expected type MiniParse.Spec.List.nlist n t; got type l': Prims.list t {l' == FStar.List.Tot.Base.rev l} (see also MiniParse.Spec.List.fst(10,45-10,60))
MiniParse.Impl.List.fst(380,2-380,8): (Warning 252) (Hint-replay failed): assertion failed (see also MiniParse.Impl.List.fst(380,9-380,63))
Flags(0,0-0,0): (Warning 283) use_extracted_interfaces option is set but could not find an interface in the cache for: Flags
TLSError(0,0-0,0): (Warning 283) use_extracted_interfaces option is set but could not find an interface in the cache for: TLSError
Mem(0,0-0,0): (Warning 283) use_extracted_interfaces option is set but could not find an interface in the cache for: Mem
C:\build\agent1\_work\41\s\hacl-star\secure_api\uf1cma\Crypto.Symmetric.MAC.fst(46,31-46,42): (Warning 288) FStar.Seq.Base.createEmpty is deprecated, use Seq.empty instead
C:\build\agent1\_work\41\s\hacl-star\secure_api\uf1cma\Crypto.Symmetric.MAC.fst(505,40-505,51): (Warning 288) FStar.Seq.Base.createEmpty is deprecated, use Seq.empty instead
C:\build\agent1\_work\41\s\hacl-star\secure_api\uf1cma\Crypto.Symmetric.UF1CMA.fst(388,31-388,42): (Warning 288) FStar.Seq.Base.createEmpty is deprecated, use Seq.empty instead
C:\build\agent1\_work\41\s\hacl-star\secure_api\uf1cma\Crypto.Symmetric.UF1CMA.fst(401,61-401,72): (Warning 288) FStar.Seq.Base.createEmpty is deprecated, use Seq.empty instead
C:\build\agent1\_work\41\s\hacl-star\secure_api\uf1cma\Crypto.Symmetric.UF1CMA.fst(404,68-404,79): (Warning 288) FStar.Seq.Base.createEmpty is deprecated, use Seq.empty instead
C:\build\agent1\_work\41\s\hacl-star\secure_api\uf1cma\Crypto.Symmetric.UF1CMA.fst(455,15-455,26): (Warning 288) FStar.Seq.Base.createEmpty is deprecated, use Seq.empty instead
C:\build\agent1\_work\41\s\hacl-star\secure_api\prf\Crypto.Symmetric.PRF.fst(177,36-177,47): (Warning 288) FStar.Seq.Base.createEmpty is deprecated, use Seq.empty instead
C:\build\agent1\_work\41\s\hacl-star\secure_api\prf\Crypto.Symmetric.PRF.fst(212,47-212,58): (Warning 288) FStar.Seq.Base.createEmpty is deprecated, use Seq.empty instead
C:\build\agent1\_work\41\s\hacl-star\secure_api\aead\Crypto.AEAD.Encoding.fst(66,8-66,19): (Warning 288) FStar.Seq.Base.createEmpty is deprecated, use Seq.empty instead
C:\build\agent1\_work\41\s\hacl-star\secure_api\aead\Crypto.AEAD.Encoding.fst(544,37-544,48): (Warning 288) FStar.Seq.Base.createEmpty is deprecated, use Seq.empty instead
C:\build\agent1\_work\41\s\hacl-star\secure_api\aead\Crypto.AEAD.Encoding.fst(552,67-552,78): (Warning 288) FStar.Seq.Base.createEmpty is deprecated, use Seq.empty instead
C:\build\agent1\_work\41\s\hacl-star\secure_api\aead\Crypto.AEAD.Invariant.fst(195,8-195,19): (Warning 288) FStar.Seq.Base.createEmpty is deprecated, use Seq.empty instead
C:\build\agent1\_work\41\s\hacl-star\secure_api\aead\Crypto.AEAD.Invariant.fst(603,83-603,94): (Warning 288) FStar.Seq.Base.createEmpty is deprecated, use Seq.empty instead
C:\build\agent1\_work\41\s\hacl-star\secure_api\aead\Crypto.AEAD.EnxorDexor.fst(114,27-114,38): (Warning 288) FStar.Seq.Base.createEmpty is deprecated, use Seq.empty instead
C:\build\agent1\_work\41\s\hacl-star\secure_api\aead\Crypto.AEAD.EnxorDexor.fst(527,52-527,63): (Warning 288) FStar.Seq.Base.createEmpty is deprecated, use Seq.empty instead
make: *** [Makefile.old:204: aead/Crypto.AEAD.Encrypt.fst-ver] Terminated
<dummy>(0,0-0,0): (Warning 252) (Hint-replay failed): Could not prove goal #5 (see also SL.AutoTactic.fst(91,17-91,38))
<dummy>(0,0-0,0): (Warning 252) (Hint-replay failed): Could not prove goal #4 (see also SL.AutoTactic.fst(91,17-91,38))
<dummy>(0,0-0,0): (Warning 252) (Hint-replay failed): Could not prove goal #2 (see also SL.AutoTactic.fst(91,17-91,38))
<dummy>(0,0-0,0): (Warning 252) (Hint-replay failed): Could not prove goal #1 (Unknown None,) (see also SL.Effect.fst(13,38-13,53))
<dummy>(0,0-0,0): (Warning 252) (Hint-replay failed): Could not prove goal #3 (Unknown None,) (see also SL.Effect.fst(13,38-13,53))
<dummy>(0,0-0,0): (Warning 252) (Hint-replay failed): Could not prove goal #2 (right,) (see also SL.AutoTactic.fst(91,17-91,38))
<dummy>(0,0-0,0): (Warning 252) (Hint-replay failed): Could not prove goal #1 (see also SL.AutoTactic.fst(91,17-91,38))
<dummy>(0,0-0,0): (Warning 252) (Hint-replay failed): Could not prove goal #2 (see also SL.AutoTactic.fst(91,17-91,38))
<dummy>(0,0-0,0): (Warning 252) (Hint-replay failed): Could not prove goal #1 (Unknown None,) (see also SL.Effect.fst(13,38-13,53))
<dummy>(0,0-0,0): (Warning 252) (Hint-replay failed): Could not prove goal #3 (see also SL.AutoTactic.fst(91,17-91,38))
<dummy>(0,0-0,0): (Warning 252) (Hint-replay failed): Could not prove goal #2 (see also SL.AutoTactic.fst(91,17-91,38))
<dummy>(0,0-0,0): (Warning 252) (Hint-replay failed): Could not prove goal #1 (Unknown None,) (see also SL.Effect.fst(13,38-13,53))
<dummy>(0,0-0,0): (Warning 252) (Hint-replay failed): Could not prove goal #3 (see also SL.AutoTactic.fst(91,17-91,38))
<dummy>(0,0-0,0): (Warning 252) (Hint-replay failed): Could not prove goal #2 (see also SL.AutoTactic.fst(91,17-91,38))
<dummy>(0,0-0,0): (Warning 252) (Hint-replay failed): Could not prove goal #1 (Unknown None,) (see also SL.Effect.fst(13,38-13,53))
<dummy>(0,0-0,0): (Warning 252) (Hint-replay failed): Could not prove goal #4 (see also SL.AutoTactic.fst(91,17-91,38))
<dummy>(0,0-0,0): (Warning 252) (Hint-replay failed): Could not prove goal #3 (Unknown None,) (see also SL.Effect.fst(13,38-13,53))
<dummy>(0,0-0,0): (Warning 252) (Hint-replay failed): Could not prove goal #2 (see also SL.AutoTactic.fst(91,17-91,38))
<dummy>(0,0-0,0): (Warning 252) (Hint-replay failed): Could not prove goal #1 (Unknown None,) (see also SL.Effect.fst(13,38-13,53))
<dummy>(0,0-0,0): (Warning 252) (Hint-replay failed): Could not prove goal #4 (Unknown None,) (see also SL.Effect.fst(13,38-13,53))
<dummy>(0,0-0,0): (Warning 252) (Hint-replay failed): Could not prove goal #3 (see also SL.AutoTactic.fst(91,17-91,38))
<dummy>(0,0-0,0): (Warning 252) (Hint-replay failed): Could not prove goal #2 (Unknown None,) (see also SL.Effect.fst(13,38-13,53))
<dummy>(0,0-0,0): (Warning 252) (Hint-replay failed): Could not prove goal #1 (see also SL.AutoTactic.fst(91,17-91,38))
Unable to open hints file: C:\build\agent1\_work\41\s\examples\csl\SL.ExamplesLocks2.fst.hints; ran without hints
Unable to open hints file: C:\build\agent1\_work\41\s\examples\csl\SL.ExamplesLocks.fst.hints; ran without hints
Unable to open hints file: C:\build\agent1\_work\41\s\examples\csl\SL.ConcurrentExamples.fst.hints; ran without hints
15.48user 62.84system 13:46.54elapsed 9%CPU (0avgtext+0avgdata 23302508maxresident)k
0inputs+0outputs (6063694major+0minor)pagefaults 0swaps
