From https://github.com/mitls/mitls-fstar
e4f76381..ccc58f0d  taramana_lowparse_sum -> origin/taramana_lowparse_sum
From https://github.com/mitls/hacl-star
0d8cb3c4c..73e347013  _vale         -> origin/_vale
c67b47a9b..19b512ad9  fstar-master  -> origin/fstar-master
8fc47f5f7..7a1cca6a1  lib_merge_new -> origin/lib_merge_new
make: *** [Makefile:83: extracted/Makefile.include] Error 1
make: *** Waiting for unfinished jobs....
make: *** [Makefile:93: dist/uint128/Makefile.include] Error 1
dos2unix: converting file parser/parse.fsi to Unix format...
Warning: you are using the standard library and/or the %inline keyword. We
recommend switching on --infer in order to avoid obscure type error messages.
warning: CRLF will be replaced by LF in src/parser/parse.fsy.
The file will have its original line endings in your working directory.
FStar.Monotonic.Map.fst(65,20-65,31): (Warning 288) FStar.HyperStack.ST.stable_on_t is deprecated, use FStar.HyperStack.ST.stable_on instead
FStar.Monotonic.Map.fst(84,4-84,14): (Warning 288) FStar.HyperStack.ST.mr_witness is deprecated, use FStar.HyperStack.ST.witness_p instead
FStar.Monotonic.Map.fst(85,4-85,14): (Warning 288) FStar.HyperStack.ST.mr_witness is deprecated, use FStar.HyperStack.ST.witness_p instead
FStar.Monotonic.Map.fst(105,8-105,18): (Warning 288) FStar.HyperStack.ST.mr_witness is deprecated, use FStar.HyperStack.ST.witness_p instead
FStar.Monotonic.Map.fst(106,8-106,18): (Warning 288) FStar.HyperStack.ST.mr_witness is deprecated, use FStar.HyperStack.ST.witness_p instead
FStar.Monotonic.DependentMap.fsti(135,24-135,35): (Warning 288) FStar.HyperStack.ST.stable_on_t is deprecated, use FStar.HyperStack.ST.stable_on instead
FStar.Monotonic.DependentMap.fsti(147,24-147,35): (Warning 288) FStar.HyperStack.ST.stable_on_t is deprecated, use FStar.HyperStack.ST.stable_on instead
FStar.Monotonic.DependentMap.fst(53,4-53,14): (Warning 288) FStar.HyperStack.ST.mr_witness is deprecated, use FStar.HyperStack.ST.witness_p instead
FStar.Monotonic.DependentMap.fst(61,6-61,16): (Warning 288) FStar.HyperStack.ST.mr_witness is deprecated, use FStar.HyperStack.ST.witness_p instead
FStar.Monotonic.Seq.fst(60,19-60,30): (Warning 288) FStar.HyperStack.ST.stable_on_t is deprecated, use FStar.HyperStack.ST.stable_on instead
FStar.Monotonic.Seq.fst(80,4-80,14): (Warning 288) FStar.HyperStack.ST.mr_witness is deprecated, use FStar.HyperStack.ST.witness_p instead
FStar.Monotonic.Seq.fst(102,19-102,30): (Warning 288) FStar.HyperStack.ST.stable_on_t is deprecated, use FStar.HyperStack.ST.stable_on instead
FStar.Monotonic.Seq.fst(109,19-109,30): (Warning 288) FStar.HyperStack.ST.stable_on_t is deprecated, use FStar.HyperStack.ST.stable_on instead
FStar.Monotonic.Seq.fst(142,4-142,14): (Warning 288) FStar.HyperStack.ST.mr_witness is deprecated, use FStar.HyperStack.ST.witness_p instead
FStar.Monotonic.Seq.fst(160,2-160,12): (Warning 288) FStar.HyperStack.ST.mr_witness is deprecated, use FStar.HyperStack.ST.witness_p instead
FStar.Monotonic.Seq.fst(168,2-168,12): (Warning 288) FStar.HyperStack.ST.mr_witness is deprecated, use FStar.HyperStack.ST.witness_p instead
FStar.Monotonic.Seq.fst(259,10-259,21): (Warning 288) FStar.HyperStack.ST.stable_on_t is deprecated, use FStar.HyperStack.ST.stable_on instead
FStar.Monotonic.Seq.fst(273,11-273,22): (Warning 288) FStar.HyperStack.ST.stable_on_t is deprecated, use FStar.HyperStack.ST.stable_on instead
FStar.Monotonic.Seq.fst(320,11-320,22): (Warning 288) FStar.HyperStack.ST.stable_on_t is deprecated, use FStar.HyperStack.ST.stable_on instead
FStar.Monotonic.Seq.fst(343,11-343,22): (Warning 288) FStar.HyperStack.ST.stable_on_t is deprecated, use FStar.HyperStack.ST.stable_on instead
FStar.Monotonic.Seq.fst(369,11-369,22): (Warning 288) FStar.HyperStack.ST.stable_on_t is deprecated, use FStar.HyperStack.ST.stable_on instead
FStar.Monotonic.Seq.fst(386,4-386,14): (Warning 288) FStar.HyperStack.ST.mr_witness is deprecated, use FStar.HyperStack.ST.witness_p instead
FStar.Monotonic.Seq.fst(403,4-403,14): (Warning 288) FStar.HyperStack.ST.mr_witness is deprecated, use FStar.HyperStack.ST.witness_p instead
LowStar.Monotonic.Buffer.fsti(1585,51-1585,68): (Warning 288) FStar.Monotonic.HyperStack.is_eternal_region is deprecated, use FStar.HyperStack.ST.is_eternal_region instead
LowStar.Monotonic.Buffer.fsti(1585,51-1585,68): (Warning 288) FStar.Monotonic.HyperStack.is_eternal_region is deprecated, use FStar.HyperStack.ST.is_eternal_region instead
FStar.WellFounded.fst(51,19-51,36): (Warning 252) (Hint-replay failed): Could not prove termination of this recursive call (see also FStar.WellFounded.fst(48,2-51,37))
FStar.WellFounded.fst(51,19-51,36): (Warning 252) Could not prove termination of this recursive call (see also FStar.WellFounded.fst(48,2-51,37))
FStar.WellFounded.fst(51,19-51,36): (Warning 252) Could not prove termination of this recursive call (see also FStar.WellFounded.fst(48,2-51,37))
FStar.WellFounded.fst(51,19-51,36): (Warning 252) Could not prove termination of this recursive call (see also FStar.WellFounded.fst(48,2-51,37))
FStar.WellFounded.fst(51,19-51,36): (Warning 252) Could not prove termination of this recursive call (see also FStar.WellFounded.fst(48,2-51,37))
FStar.WellFounded.fst(51,19-51,36): (Error 19) Could not prove termination of this recursive call (see also FStar.WellFounded.fst(48,2-51,37))
Verified module: FStar.WellFounded (1401 milliseconds)
1 error was reported (see above)
make[3]: *** [gmake/Makefile.tmpl:30: FStar.WellFounded.fst.checked] Error 1
FStar.Monotonic.Witnessed.fst(292,47-292,49): (Warning 252) (Hint-replay failed): could not prove post-condition (see also FStar.Monotonic.Witnessed.fsti(28,70-28,85))
FStar.Monotonic.Witnessed.fst(296,44-296,70): (Warning 252) (Hint-replay failed): could not prove post-condition (see also FStar.Monotonic.Witnessed.fsti(35,39-35,74))
FStar.Monotonic.Witnessed.fst(298,42-298,44): (Warning 252) (Hint-replay failed): could not prove post-condition (see also FStar.Monotonic.Witnessed.fsti(40,37-40,100))
FStar.Monotonic.Witnessed.fst(303,6-303,95): (Warning 252) (Hint-replay failed): could not prove post-condition (see also FStar.Monotonic.Witnessed.fst(302,30-302,67))
FStar.Monotonic.Witnessed.fst(307,40-307,42): (Warning 252) (Hint-replay failed): could not prove post-condition (see also FStar.Monotonic.Witnessed.fsti(52,75-52,110))
FStar.Monotonic.Witnessed.fst(312,6-312,15): (Warning 252) (Hint-replay failed): assertion failed (see also FStar.Monotonic.Witnessed.fst(106,50-106,55))
FStar.Monotonic.Witnessed.fst(319,6-319,18): (Warning 252) (Hint-replay failed): assertion failed (see also FStar.Monotonic.Witnessed.fst(211,63-211,83))
FStar.Monotonic.Witnessed.fst(323,45-323,47): (Warning 252) (Hint-replay failed): could not prove post-condition (see also FStar.Monotonic.Witnessed.fsti(70,74-70,114))
FStar.List.Tot.Base.fst(267,10-267,12): (Warning 252) (Hint-replay failed): Subtyping check failed; expected type m:
Prims.list a
{ forall (u29600: FStar.Pervasives.Native.option (x: Prims.unit{Prims.hasEq a})).
FStar.List.Tot.Base.mem_filter_spec f m u29600 }; got type Prims.list a (see also FStar.List.Tot.Base.fst(265,86-265,107))
FStar.List.Tot.Base.fst(277,2-279,4): (Warning 252) (Hint-replay failed): could not prove post-condition (see also FStar.List.Tot.Base.fst(275,11-275,16))
FStar.List.Tot.Base.fst(267,10-267,12): (Warning 252) (Hint-replay failed): Subtyping check failed; expected type m:
Prims.list a
{ forall (u66019: FStar.Pervasives.Native.option (x: Prims.unit{Prims.hasEq a})).
FStar.List.Tot.Base.mem_filter_spec f m u66019 }; got type Prims.list a (see also FStar.List.Tot.Base.fst(265,86-265,107))
FStar.Relational.Comp.fst(48,34-48,68): (Warning 252) (Hint-replay failed): assertion failed (see also FStar.Pervasives.fst(36,2-36,33))
FStar.Algebra.Monoid.fst(28,4-28,19): (Warning 252) (Hint-replay failed): Subtyping check failed; expected type Prims.squash (FStar.Algebra.Monoid.right_unitality_lemma m
(Monoid?.unit projectee)
(Monoid?.mult projectee)); got type Prims.squash (FStar.Algebra.Monoid.right_unitality_lemma m unit mult) (see also FStar.Algebra.Monoid.fst(28,27-28,62))
FStar.Algebra.Monoid.fst(29,4-29,18): (Warning 252) (Hint-replay failed): Subtyping check failed; expected type Prims.squash (FStar.Algebra.Monoid.left_unitality_lemma m
(Monoid?.unit projectee)
(Monoid?.mult projectee)); got type Prims.squash (FStar.Algebra.Monoid.left_unitality_lemma m unit mult) (see also FStar.Algebra.Monoid.fst(29,26-29,60))
FStar.Algebra.Monoid.fst(30,4-30,17): (Warning 252) (Hint-replay failed): Subtyping check failed; expected type Prims.squash (FStar.Algebra.Monoid.associativity_lemma m (Monoid?.mult projectee)); got type Prims.squash (FStar.Algebra.Monoid.associativity_lemma m mult) (see also FStar.Algebra.Monoid.fst(30,25-30,53))
FStar.Algebra.Monoid.fst(39,2-39,24): (Warning 252) (Hint-replay failed): could not prove post-condition (see also FStar.Algebra.Monoid.fst(37,48-37,71))
FStar.Algebra.Monoid.fst(127,2-127,14): (Warning 252) (Hint-replay failed): assertion failed (see also FStar.Algebra.Monoid.fst(36,15-36,45))
FStar.Algebra.Monoid.fst(186,4-186,14): (Warning 252) (Hint-replay failed): Subtyping check failed; expected type Prims.squash (FStar.Algebra.Monoid.mult_act_lemma m a (Monoid?.mult mm) (LAct?.act projectee)); got type Prims.squash (FStar.Algebra.Monoid.mult_act_lemma m a (Monoid?.mult mm) act) (see also FStar.Algebra.Monoid.fst(186,23-186,65))
FStar.Algebra.Monoid.fst(187,4-187,14): (Warning 252) (Hint-replay failed): Subtyping check failed; expected type Prims.squash (FStar.Algebra.Monoid.unit_act_lemma m a (Monoid?.unit mm) (LAct?.act projectee)); got type Prims.squash (FStar.Algebra.Monoid.unit_act_lemma m a (Monoid?.unit mm) act) (see also FStar.Algebra.Monoid.fst(187,23-187,65))
FStar.Algebra.Monoid.fst(28,4-28,19): (Warning 252) (Hint-replay failed): Subtyping check failed; expected type Prims.squash (FStar.Algebra.Monoid.right_unitality_lemma m
(Monoid?.unit projectee)
(Monoid?.mult projectee)); got type Prims.squash (FStar.Algebra.Monoid.right_unitality_lemma m unit mult) (see also FStar.Algebra.Monoid.fst(28,27-28,62))
FStar.Algebra.Monoid.fst(29,4-29,18): (Warning 252) (Hint-replay failed): Subtyping check failed; expected type Prims.squash (FStar.Algebra.Monoid.left_unitality_lemma m
(Monoid?.unit projectee)
(Monoid?.mult projectee)); got type Prims.squash (FStar.Algebra.Monoid.left_unitality_lemma m unit mult) (see also FStar.Algebra.Monoid.fst(29,26-29,60))
FStar.Algebra.Monoid.fst(30,4-30,17): (Warning 252) (Hint-replay failed): Subtyping check failed; expected type Prims.squash (FStar.Algebra.Monoid.associativity_lemma m (Monoid?.mult projectee)); got type Prims.squash (FStar.Algebra.Monoid.associativity_lemma m mult) (see also FStar.Algebra.Monoid.fst(30,25-30,53))
FStar.Algebra.Monoid.fst(39,2-39,24): (Warning 252) (Hint-replay failed): could not prove post-condition (see also FStar.Algebra.Monoid.fst(37,48-37,71))
FStar.Algebra.Monoid.fst(127,2-127,14): (Warning 252) (Hint-replay failed): assertion failed (see also FStar.Algebra.Monoid.fst(36,15-36,45))
FStar.Algebra.Monoid.fst(186,4-186,14): (Warning 252) (Hint-replay failed): Subtyping check failed; expected type Prims.squash (FStar.Algebra.Monoid.mult_act_lemma m a (Monoid?.mult mm) (LAct?.act projectee)); got type Prims.squash (FStar.Algebra.Monoid.mult_act_lemma m a (Monoid?.mult mm) act) (see also FStar.Algebra.Monoid.fst(186,23-186,65))
FStar.Algebra.Monoid.fst(187,4-187,14): (Warning 252) (Hint-replay failed): Subtyping check failed; expected type Prims.squash (FStar.Algebra.Monoid.unit_act_lemma m a (Monoid?.unit mm) (LAct?.act projectee)); got type Prims.squash (FStar.Algebra.Monoid.unit_act_lemma m a (Monoid?.unit mm) act) (see also FStar.Algebra.Monoid.fst(187,23-187,65))
FStar.MRef.fst(13,14-13,26): (Warning 252) (Hint-replay failed): Subtyping check failed; expected type p: FStar.ST.heap_predicate{FStar.ST.stable p}; got type h: FStar.Monotonic.Heap.heap -> Prims.Tot Prims.logical (see also FStar.ST.fst(48,41-48,49))
FStar.MRef.fst(20,2-20,13): (Warning 252) (Hint-replay failed): assertion failed (see also FStar.ST.fst(50,69-50,77))
FStar.MRef.fst(25,29-25,39): (Warning 252) (Hint-replay failed): assertion failed (see also FStar.ST.fst(51,69-51,77))
FStar.Monotonic.Heap.fst(185,64-185,66): (Warning 252) (Hint-replay failed): could not prove post-condition (see also FStar.Monotonic.Heap.fsti(202,13-202,50))
FStar.Monotonic.Heap.fst(207,2-207,8): (Warning 252) (Hint-replay failed): assertion failed (see also FStar.Monotonic.Heap.fst(207,9-207,21))
FStar.List.Tot.Properties.fst(858,2-858,37): (Warning 252) (Hint-replay failed): could not prove post-condition (see also FStar.List.Tot.Properties.fst(856,12-856,18))
FStar.List.Tot.Properties.fst(858,2-858,37): (Warning 252) could not prove post-condition (see also FStar.List.Tot.Properties.fst(856,12-856,18))
FStar.List.Tot.Properties.fst(887,2-888,24): (Warning 252) (Hint-replay failed): could not prove post-condition (see also FStar.List.Tot.Properties.fst(886,12-886,18))
FStar.Monotonic.HyperStack.fsti(350,4-350,33): (Warning 252) (Hint-replay failed): assertion failed (see also FStar.Monotonic.HyperStack.fsti(54,12-57,66))
FStar.OrdSet.fst(48,16-48,18): (Warning 252) (Hint-replay failed): Subtyping check failed; expected type Prims.eqtype; got type Type0 (see also prims.fst(27,22-27,29))
FStar.Monotonic.DependentMap.fsti(135,24-135,35): (Warning 288) FStar.HyperStack.ST.stable_on_t is deprecated, use FStar.HyperStack.ST.stable_on instead
FStar.Monotonic.DependentMap.fsti(147,24-147,35): (Warning 288) FStar.HyperStack.ST.stable_on_t is deprecated, use FStar.HyperStack.ST.stable_on instead
FStar.Monotonic.DependentMap.fsti(135,24-135,35): (Warning 288) FStar.HyperStack.ST.stable_on_t is deprecated, use FStar.HyperStack.ST.stable_on instead
FStar.Monotonic.DependentMap.fsti(147,24-147,35): (Warning 288) FStar.HyperStack.ST.stable_on_t is deprecated, use FStar.HyperStack.ST.stable_on instead
FStar.Monotonic.DependentMap.fst(53,4-53,14): (Warning 288) FStar.HyperStack.ST.mr_witness is deprecated, use FStar.HyperStack.ST.witness_p instead
FStar.Monotonic.DependentMap.fst(61,6-61,16): (Warning 288) FStar.HyperStack.ST.mr_witness is deprecated, use FStar.HyperStack.ST.witness_p instead
FStar.Monotonic.DependentMap.fst(67,4-67,10): (Warning 252) (Hint-replay failed): assertion failed (see also FStar.Monotonic.DependentMap.fst(67,11-68,76))
(Warning 252) (Hint-replay failed): could not prove post-condition
FStar.Monotonic.Map.fst(65,20-65,31): (Warning 288) FStar.HyperStack.ST.stable_on_t is deprecated, use FStar.HyperStack.ST.stable_on instead
FStar.Monotonic.Map.fst(84,4-84,14): (Warning 288) FStar.HyperStack.ST.mr_witness is deprecated, use FStar.HyperStack.ST.witness_p instead
FStar.Monotonic.Map.fst(85,4-85,14): (Warning 288) FStar.HyperStack.ST.mr_witness is deprecated, use FStar.HyperStack.ST.witness_p instead
FStar.Monotonic.Map.fst(105,8-105,18): (Warning 288) FStar.HyperStack.ST.mr_witness is deprecated, use FStar.HyperStack.ST.witness_p instead
FStar.Monotonic.Map.fst(106,8-106,18): (Warning 288) FStar.HyperStack.ST.mr_witness is deprecated, use FStar.HyperStack.ST.witness_p instead
FStar.Monotonic.Map.fst(28,2-29,71): (Warning 252) (Hint-replay failed): assertion failed (see also FStar.Preorder.fst(12,40-12,56))
FStar.Monotonic.Map.fst(66,4-66,6): (Warning 252) (Hint-replay failed): could not prove post-condition (see also FStar.HyperStack.ST.fsti(461,64-461,68))
FStar.Monotonic.Map.fst(82,6-82,8): (Warning 252) (Hint-replay failed): assertion failed (see also FStar.HyperStack.ST.fsti(404,59-404,77))
FStar.Monotonic.Map.fst(105,8-105,18): (Warning 252) (Hint-replay failed): assertion failed (see also FStar.HyperStack.ST.fsti(461,64-461,68))
FStar.Monotonic.HyperStack.fst(42,42-42,44): (Warning 252) (Hint-replay failed): could not prove post-condition (see also FStar.Monotonic.HyperStack.fsti(118,12-118,46))
FStar.Monotonic.HyperStack.fst(44,37-44,39): (Warning 252) (Hint-replay failed): could not prove post-condition (see also FStar.Monotonic.HyperStack.fsti(61,18-61,51))
FStar.Monotonic.HyperStack.fst(46,32-46,34): (Warning 252) (Hint-replay failed): could not prove post-condition (see also FStar.Monotonic.HyperStack.fsti(130,19-130,41))
FStar.Monotonic.HyperStack.fst(48,34-48,36): (Warning 252) (Hint-replay failed): could not prove post-condition (see also FStar.Monotonic.HyperStack.fsti(137,20-137,76))
FStar.Monotonic.HyperStack.fst(50,24-50,26): (Warning 252) (Hint-replay failed): could not prove post-condition (see also FStar.Monotonic.HyperStack.fsti(146,9-146,59))
FStar.Monotonic.HyperStack.fst(52,28-52,30): (Warning 252) (Hint-replay failed): could not prove post-condition (see also FStar.Monotonic.HyperStack.fsti(155,19-155,69))
FStar.Monotonic.HyperStack.fst(54,27-54,29): (Warning 252) (Hint-replay failed): could not prove post-condition (see also FStar.Monotonic.HyperStack.fsti(162,106-162,142))
FStar.Monotonic.HyperStack.fsti(181,4-181,25): (Warning 252) (Hint-replay failed): could not prove post-condition (see also FStar.Monotonic.HyperStack.fsti(180,19-180,45))
FStar.Monotonic.HyperStack.fsti(350,4-350,33): (Warning 252) (Hint-replay failed): assertion failed (see also FStar.Monotonic.HyperStack.fsti(54,12-57,66))
FStar.Monotonic.HyperStack.fst(73,55-73,57): (Warning 252) (Hint-replay failed): could not prove post-condition (see also FStar.Monotonic.HyperStack.fst(72,17-72,31))
FStar.Monotonic.HyperStack.fst(93,32-93,34): (Warning 252) (Hint-replay failed): could not prove post-condition (see also FStar.Monotonic.HyperStack.fsti(401,13-401,48))
FStar.Monotonic.HyperStack.fst(95,36-95,38): (Warning 252) (Hint-replay failed): could not prove post-condition (see also FStar.Monotonic.HyperStack.fsti(456,9-456,33))
FStar.HyperStack.ST.fst(112,47-112,49): (Warning 252) (Hint-replay failed): could not prove post-condition (see also FStar.HyperStack.ST.fsti(136,72-136,104))
FStar.HyperStack.ST.fst(113,48-113,50): (Warning 252) (Hint-replay failed): could not prove post-condition (see also FStar.HyperStack.ST.fsti(106,4-106,70))
FStar.HyperStack.ST.fst(114,49-114,51): (Warning 252) (Hint-replay failed): could not prove post-condition (see also FStar.HyperStack.ST.fsti(144,78-144,112))
FStar.HyperStack.ST.fst(115,50-115,52): (Warning 252) (Hint-replay failed): could not prove post-condition (see also FStar.HyperStack.ST.fsti(106,4-106,70))
FStar.HyperStack.ST.fst(116,51-116,53): (Warning 252) (Hint-replay failed): could not prove post-condition (see also FStar.HyperStack.ST.fsti(152,79-152,115))
FStar.HyperStack.ST.fst(117,52-117,54): (Warning 252) (Hint-replay failed): could not prove post-condition (see also FStar.HyperStack.ST.fsti(106,4-106,70))
FStar.HyperStack.ST.fst(118,57-118,59): (Warning 252) (Hint-replay failed): could not prove post-condition (see also FStar.HyperStack.ST.fsti(161,85-161,127))
FStar.HyperStack.ST.fst(119,58-119,60): (Warning 252) (Hint-replay failed): could not prove post-condition (see also FStar.HyperStack.ST.fsti(106,4-106,70))
FStar.HyperStack.ST.fst(141,4-141,15): (Warning 252) (Hint-replay failed): assertion failed (see also FStar.HyperStack.ST.fsti(59,77-59,85))
FStar.HyperStack.ST.fst(163,2-163,13): (Warning 252) (Hint-replay failed): assertion failed (see also FStar.HyperStack.ST.fsti(59,77-59,85))
FStar.HyperStack.ST.fst(172,2-172,13): (Warning 252) (Hint-replay failed): assertion failed (see also FStar.HyperStack.ST.fsti(59,77-59,85))
FStar.HyperStack.ST.fst(186,4-186,15): (Warning 252) (Hint-replay failed): assertion failed (see also FStar.HyperStack.ST.fsti(59,77-59,85))
FStar.HyperStack.ST.fst(230,23-230,34): (Warning 252) (Hint-replay failed): assertion failed (see also FStar.HyperStack.ST.fsti(59,77-59,85))
FStar.HyperStack.ST.fst(235,2-235,13): (Warning 252) (Hint-replay failed): assertion failed (see also FStar.HyperStack.ST.fsti(59,77-59,85))
FStar.HyperStack.ST.fst(244,2-244,13): (Warning 252) (Hint-replay failed): assertion failed (see also FStar.HyperStack.ST.fsti(59,77-59,85))
FStar.HyperStack.ST.fst(257,2-257,12): (Warning 252) (Hint-replay failed): assertion failed (see also FStar.HyperStack.ST.fsti(60,69-60,80))
FStar.HyperStack.ST.fst(261,50-261,52): (Warning 252) (Hint-replay failed): Subtyping check failed; expected type Prims.squash (forall (x: c). FStar.HyperStack.ST.witnessed (p' x)); got type Prims.unit (see also FStar.HyperStack.ST.fst(261,30-261,46))
FStar.HyperStack.ST.fst(279,2-279,13): (Warning 252) (Hint-replay failed): assertion failed (see also FStar.HyperStack.ST.fsti(59,77-59,85))
FStar.Seq.Properties.fst(535,2-538,29): (Warning 252) (Hint-replay failed): could not prove post-condition (see also FStar.Seq.Properties.fst(533,20-533,28))
FStar.Fin.fst(36,2-51,18): (Warning 252) (Hint-replay failed): could not prove post-condition (see also FStar.Fin.fst(33,41-33,68))
FStar.Fin.fst(36,2-51,18): (Warning 252) (Hint-replay failed): could not prove post-condition (see also FStar.Fin.fst(33,41-33,68))
FStar.Monotonic.Seq.fst(60,19-60,30): (Warning 288) FStar.HyperStack.ST.stable_on_t is deprecated, use FStar.HyperStack.ST.stable_on instead
FStar.Monotonic.Seq.fst(80,4-80,14): (Warning 288) FStar.HyperStack.ST.mr_witness is deprecated, use FStar.HyperStack.ST.witness_p instead
FStar.Monotonic.Seq.fst(102,19-102,30): (Warning 288) FStar.HyperStack.ST.stable_on_t is deprecated, use FStar.HyperStack.ST.stable_on instead
FStar.Monotonic.Seq.fst(109,19-109,30): (Warning 288) FStar.HyperStack.ST.stable_on_t is deprecated, use FStar.HyperStack.ST.stable_on instead
FStar.Monotonic.Seq.fst(142,4-142,14): (Warning 288) FStar.HyperStack.ST.mr_witness is deprecated, use FStar.HyperStack.ST.witness_p instead
FStar.Monotonic.Seq.fst(160,2-160,12): (Warning 288) FStar.HyperStack.ST.mr_witness is deprecated, use FStar.HyperStack.ST.witness_p instead
FStar.Monotonic.Seq.fst(168,2-168,12): (Warning 288) FStar.HyperStack.ST.mr_witness is deprecated, use FStar.HyperStack.ST.witness_p instead
FStar.Monotonic.Seq.fst(259,10-259,21): (Warning 288) FStar.HyperStack.ST.stable_on_t is deprecated, use FStar.HyperStack.ST.stable_on instead
FStar.Monotonic.Seq.fst(273,11-273,22): (Warning 288) FStar.HyperStack.ST.stable_on_t is deprecated, use FStar.HyperStack.ST.stable_on instead
FStar.Monotonic.Seq.fst(320,11-320,22): (Warning 288) FStar.HyperStack.ST.stable_on_t is deprecated, use FStar.HyperStack.ST.stable_on instead
FStar.Monotonic.Seq.fst(343,11-343,22): (Warning 288) FStar.HyperStack.ST.stable_on_t is deprecated, use FStar.HyperStack.ST.stable_on instead
FStar.Monotonic.Seq.fst(369,11-369,22): (Warning 288) FStar.HyperStack.ST.stable_on_t is deprecated, use FStar.HyperStack.ST.stable_on instead
FStar.Monotonic.Seq.fst(386,4-386,14): (Warning 288) FStar.HyperStack.ST.mr_witness is deprecated, use FStar.HyperStack.ST.witness_p instead
FStar.Monotonic.Seq.fst(403,4-403,14): (Warning 288) FStar.HyperStack.ST.mr_witness is deprecated, use FStar.HyperStack.ST.witness_p instead
FStar.Monotonic.Seq.fst(28,4-29,111): (Warning 252) (Hint-replay failed): assertion failed (see also FStar.Preorder.fst(12,40-12,56))
FStar.Monotonic.Seq.fst(41,4-41,6): (Warning 252) (Hint-replay failed): could not prove post-condition (see also FStar.Monotonic.Seq.fst(39,12-39,36))
FStar.Monotonic.Seq.fst(61,4-61,6): (Warning 252) (Hint-replay failed): could not prove post-condition (see also FStar.HyperStack.ST.fsti(461,64-461,68))
FStar.Monotonic.Seq.fst(103,4-103,6): (Warning 252) (Hint-replay failed): could not prove post-condition (see also FStar.HyperStack.ST.fsti(461,64-461,68))
FStar.Monotonic.Seq.fst(248,4-248,6): (Warning 252) (Hint-replay failed): could not prove post-condition (see also FStar.Monotonic.Seq.fst(247,8-247,35))
FStar.Monotonic.Seq.fst(260,4-260,6): (Warning 252) (Hint-replay failed): could not prove post-condition (see also FStar.HyperStack.ST.fsti(461,64-461,68))
FStar.Monotonic.Seq.fst(274,4-274,6): (Warning 252) (Hint-replay failed): could not prove post-condition (see also FStar.HyperStack.ST.fsti(461,64-461,68))
FStar.Monotonic.Seq.fst(303,38-303,44): (Warning 252) (Hint-replay failed): assertion failed (see also FStar.Monotonic.Seq.fst(303,45-303,62))
FStar.Monotonic.Seq.fst(344,4-344,46): (Warning 252) (Hint-replay failed): could not prove post-condition (see also FStar.HyperStack.ST.fsti(461,64-461,68))
FStar.Monotonic.Seq.fst(385,4-387,17): (Warning 252) (Hint-replay failed): could not prove post-condition (see also FStar.Monotonic.Seq.fst(380,5-380,25))
FStar.Monotonic.Seq.fst(403,36-403,37): (Warning 252) (Hint-replay failed): Subtyping check failed; expected type Prims.nat; got type Prims.int (see also prims.fst(410,17-410,23))
FStar.Monotonic.Seq.fst(413,4-413,11): (Warning 252) (Hint-replay failed): assertion failed (see also FStar.HyperStack.ST.fsti(478,37-478,48))
FStar.Monotonic.Seq.fst(417,12-417,18): (Warning 252) (Hint-replay failed): Subtyping check failed; expected type Prims.eqtype; got type Type0 (see also prims.fst(27,22-27,29))
FStar.Monotonic.Seq.fst(417,12-417,18): (Warning 252) (Hint-replay failed): Subtyping check failed; expected type Prims.eqtype; got type Type0 (see also prims.fst(27,22-27,29))
FStar.Pointer.Base.fsti(306,36-306,37): (Warning 252) (Hint-replay failed): Subtyping check failed; expected type FStar.Pointer.Base.type_of_struct_field s f; got type FStar.Pointer.Base.type_of_struct_field s _ (see also FStar.Pointer.Base.fsti(212,10-212,34))
LowStar.Monotonic.Buffer.fsti(1585,51-1585,68): (Warning 288) FStar.Monotonic.HyperStack.is_eternal_region is deprecated, use FStar.HyperStack.ST.is_eternal_region instead
LowStar.Monotonic.Buffer.fsti(272,28-272,33): (Warning 252) (Hint-replay failed): assertion failed (see also LowStar.Monotonic.Buffer.fsti(240,11-241,60))
LowStar.Monotonic.Buffer.fsti(282,30-282,35): (Warning 252) (Hint-replay failed): assertion failed (see also LowStar.Monotonic.Buffer.fsti(240,11-241,60))
LowStar.Monotonic.Buffer.fsti(292,24-292,29): (Warning 252) (Hint-replay failed): assertion failed (see also LowStar.Monotonic.Buffer.fsti(240,11-241,60))
LowStar.Monotonic.Buffer.fsti(302,28-302,33): (Warning 252) (Hint-replay failed): assertion failed (see also LowStar.Monotonic.Buffer.fsti(240,11-241,60))
LowStar.Monotonic.Buffer.fsti(308,28-308,33): (Warning 252) (Hint-replay failed): assertion failed (see also LowStar.Monotonic.Buffer.fsti(240,11-241,60))
LowStar.Monotonic.Buffer.fsti(330,36-330,41): (Warning 252) (Hint-replay failed): assertion failed (see also LowStar.Monotonic.Buffer.fsti(240,11-241,60))
LowStar.Monotonic.Buffer.fsti(347,29-347,34): (Warning 252) (Hint-replay failed): assertion failed (see also LowStar.Monotonic.Buffer.fsti(240,11-241,60))
LowStar.Monotonic.Buffer.fsti(570,47-570,52): (Warning 252) (Hint-replay failed): assertion failed (see also LowStar.Monotonic.Buffer.fsti(240,11-241,60))
LowStar.Monotonic.Buffer.fsti(578,4-578,6): (Warning 252) (Hint-replay failed): assertion failed (see also LowStar.Monotonic.Buffer.fsti(240,11-241,60))
LowStar.Monotonic.Buffer.fsti(586,46-586,51): (Warning 252) (Hint-replay failed): assertion failed (see also LowStar.Monotonic.Buffer.fsti(240,11-241,60))
LowStar.Monotonic.Buffer.fsti(851,46-851,51): (Warning 252) (Hint-replay failed): assertion failed (see also LowStar.Monotonic.Buffer.fsti(240,11-241,60))
FStar.Integers.fst(414,5-428,43): (Warning 252) (Hint-replay failed): Patterns are incomplete
FStar.Integers.fst(440,5-454,43): (Warning 252) (Hint-replay failed): Patterns are incomplete
LowStar.BufferOps.fst(31,2-31,15): (Error 276) Unexpected output from Z3: (error "line 17891 column 3: Wrong number of arguments (3) passed to function (declare-fun LowStar.Buffer.assign_list (Term Term) Term)")

LowStar.BufferOps.fst(43,2-43,15): (Error 276) Unexpected output from Z3: (error "line 18289 column 3: Wrong number of arguments (3) passed to function (declare-fun LowStar.Buffer.assign_list (Term Term) Term)")

Verified module: LowStar.BufferOps (564 milliseconds)
2 errors were reported (see above)
make[3]: *** [gmake/Makefile.tmpl:29: LowStar.BufferOps.fst.checked] Error 1
LowStar.BufferCompat.fst(47,2-48,3): (Error 276) Unexpected output from Z3: (error "line 17827 column 3: Wrong number of arguments (3) passed to function (declare-fun LowStar.Buffer.assign_list (Term Term) Term)")

LowStar.BufferCompat.fst(62,2-62,19): (Error 276) Unexpected output from Z3: (error "line 17827 column 3: Wrong number of arguments (3) passed to function (declare-fun LowStar.Buffer.assign_list (Term Term) Term)")

LowStar.BufferCompat.fst(74,2-74,17): (Error 276) Unexpected output from Z3: (error "line 17827 column 3: Wrong number of arguments (3) passed to function (declare-fun LowStar.Buffer.assign_list (Term Term) Term)")

LowStar.BufferCompat.fst(89,2-89,21): (Error 276) Unexpected output from Z3: (error "line 17941 column 3: Wrong number of arguments (3) passed to function (declare-fun LowStar.Buffer.assign_list (Term Term) Term)")

Verified module: LowStar.BufferCompat (993 milliseconds)
4 errors were reported (see above)
make[3]: *** [gmake/Makefile.tmpl:29: LowStar.BufferCompat.fst.checked] Error 1
Unexpected error; please file a bug report, ideally with a minimized version of the source program that triggered the error.
Failure("Universe variable not found: u@1")
make[3]: *** [gmake/Makefile.tmpl:29: FStar.Tactics.PatternMatching.fst.checked] Error 1
FStar.Tactics.Typeclasses.fst(88,4-134,16): (Warning 252) (Hint-replay failed): Patterns are incomplete
FStar.Tactics.Typeclasses.fst(88,4-134,16): (Warning 252) (Hint-replay failed): Patterns are incomplete
LowStar.BufferView.fsti(34,11-34,14): (Warning 252) (Hint-replay failed): Subtyping check failed; expected type put:
(_: b -> Prims.GTot (FStar.Seq.Properties.lseq a (View?.n projectee)))
{LowStar.BufferView.inverses (View?.get projectee) put}; got type put: (_: b -> Prims.GTot (FStar.Seq.Properties.lseq a n)){LowStar.BufferView.inverses get put} (see also LowStar.BufferView.fsti(35,13-35,29))
LowStar.BufferView.fsti(31,0-37,19): (Error 276) Unexpected output from Z3: (error "line 17836 column 3: Wrong number of arguments (3) passed to function (declare-fun LowStar.Buffer.assign_list (Term Term) Term)")

LowStar.BufferView.fsti(33,11-33,14): (Error 276) Unexpected output from Z3: (error "line 17861 column 3: Wrong number of arguments (3) passed to function (declare-fun LowStar.Buffer.assign_list (Term Term) Term)")

LowStar.BufferView.fsti(33,11-33,14): (Error 276) Unexpected output from Z3: (error "line 17809 column 3: Wrong number of arguments (3) passed to function (declare-fun LowStar.Buffer.assign_list (Term Term) Term)")

LowStar.BufferView.fsti(34,11-34,14): (Error 276) Unexpected output from Z3: (error "line 223434 column 3: Wrong number of arguments (3) passed to function (declare-fun LowStar.Buffer.assign_list (Term Term) Term)")

LowStar.BufferView.fsti(34,11-34,14): (Error 276) Unexpected output from Z3: (error "line 17861 column 3: Wrong number of arguments (3) passed to function (declare-fun LowStar.Buffer.assign_list (Term Term) Term)")

LowStar.BufferView.fsti(34,11-34,14): (Error 276) Unexpected output from Z3: (error "line 17809 column 3: Wrong number of arguments (3) passed to function (declare-fun LowStar.Buffer.assign_list (Term Term) Term)")

LowStar.BufferView.fsti(71,0-76,23): (Error 276) Unexpected output from Z3: (error "line 17809 column 3: Wrong number of arguments (3) passed to function (declare-fun LowStar.Buffer.assign_list (Term Term) Term)")

LowStar.BufferView.fsti(83,0-91,58): (Error 276) Unexpected output from Z3: (error "line 17809 column 3: Wrong number of arguments (3) passed to function (declare-fun LowStar.Buffer.assign_list (Term Term) Term)")

LowStar.BufferView.fsti(97,0-105,57): (Error 276) Unexpected output from Z3: (error "line 17809 column 3: Wrong number of arguments (3) passed to function (declare-fun LowStar.Buffer.assign_list (Term Term) Term)")

LowStar.BufferView.fsti(129,0-130,71): (Error 276) Unexpected output from Z3: (error "line 17818 column 3: Wrong number of arguments (3) passed to function (declare-fun LowStar.Buffer.assign_list (Term Term) Term)")

LowStar.BufferView.fsti(156,0-165,44): (Error 276) Unexpected output from Z3: (error "line 17863 column 3: Wrong number of arguments (3) passed to function (declare-fun LowStar.Buffer.assign_list (Term Term) Term)")

LowStar.BufferView.fsti(167,0-171,39): (Error 276) Unexpected output from Z3: (error "line 17813 column 3: Wrong number of arguments (3) passed to function (declare-fun LowStar.Buffer.assign_list (Term Term) Term)")

LowStar.BufferView.fsti(198,0-202,53): (Error 276) Unexpected output from Z3: (error "line 17850 column 3: Wrong number of arguments (3) passed to function (declare-fun LowStar.Buffer.assign_list (Term Term) Term)")

LowStar.BufferView.fsti(208,0-218,85): (Error 276) Unexpected output from Z3: (error "line 18661 column 3: Wrong number of arguments (3) passed to function (declare-fun LowStar.Buffer.assign_list (Term Term) Term)")

LowStar.BufferView.fsti(224,0-234,71): (Error 276) Unexpected output from Z3: (error "line 18572 column 3: Wrong number of arguments (3) passed to function (declare-fun LowStar.Buffer.assign_list (Term Term) Term)")

Verified i'face (or impl+i'face): LowStar.BufferView (5249 milliseconds)
15 errors were reported (see above)
make[3]: *** [gmake/Makefile.tmpl:34: LowStar.BufferView.fsti.checked] Error 1
LowStar.UninitializedBuffer.fst(19,15-20,128): (Warning 252) (Hint-replay failed): assertion failed (see also FStar.Preorder.fst(12,40-12,56))
LowStar.UninitializedBuffer.fst(70,4-70,7): (Warning 252) (Hint-replay failed): assertion failed (see also LowStar.Monotonic.Buffer.fsti(1759,36-1759,87))
LowStar.UninitializedBuffer.fst(147,4-147,13): (Warning 252) (Hint-replay failed): assertion failed (see also LowStar.Monotonic.Buffer.fsti(1802,90-1802,94))
LowStar.UninitializedBuffer.fst(19,15-20,128): (Warning 252) (Hint-replay failed): assertion failed (see also FStar.Preorder.fst(12,40-12,56))
FStar.ConstantTime.Integers.fsti(176,118-176,119): (Warning 252) (Hint-replay failed): Subtyping check failed; expected type y:
FStar.ConstantTime.Integers.t (FStar.ConstantTime.Integers.Secret FStar.ConstantTime.Integers.hi
(FStar.Integers.Unsigned (FStar.Integers.W32)))
{ FStar.Integers.ok FStar.Integers.op_Plus
(FStar.ConstantTime.Integers.i (FStar.ConstantTime.Integers.promote x
FStar.ConstantTime.Integers.hi))
(FStar.ConstantTime.Integers.i y) }; got type y:
FStar.ConstantTime.Integers.t (FStar.ConstantTime.Integers.Secret FStar.ConstantTime.Integers.hi
(FStar.Integers.Unsigned (FStar.Integers.W32)))
{ FStar.Integers.ok FStar.ConstantTime.Integers.op_Plus
(FStar.ConstantTime.Integers.i x)
(FStar.ConstantTime.Integers.i y) } (see also FStar.Integers.fst(73,26-73,45))
prims.fst(410,17-410,23): (Warning 252) (Hint-replay failed): Subtyping check failed; expected type Prims.eqtype; got type Type0 (see also prims.fst(27,22-27,29))
prims.fst(410,17-410,23): (Warning 252) (Hint-replay failed): Subtyping check failed; expected type Prims.eqtype; got type Type0 (see also prims.fst(27,22-27,29))
prims.fst(410,17-410,23): (Warning 252) (Hint-replay failed): Subtyping check failed; expected type Prims.eqtype; got type Type0 (see also prims.fst(27,22-27,29))
FStar.Bytes.fsti(59,0-63,39): (Error 276) Unexpected output from Z3: (error "line 17818 column 3: Wrong number of arguments (3) passed to function (declare-fun LowStar.Buffer.assign_list (Term Term) Term)")

FStar.Bytes.fsti(69,0-72,29): (Error 276) Unexpected output from Z3: (error "line 17988 column 3: Wrong number of arguments (3) passed to function (declare-fun LowStar.Buffer.assign_list (Term Term) Term)")

FStar.Bytes.fsti(79,22-79,43): (Error 276) Unexpected output from Z3: (error "line 223434 column 3: Wrong number of arguments (3) passed to function (declare-fun LowStar.Buffer.assign_list (Term Term) Term)")

FStar.Bytes.fsti(79,22-79,43): (Error 276) Unexpected output from Z3: (error "line 17818 column 3: Wrong number of arguments (3) passed to function (declare-fun LowStar.Buffer.assign_list (Term Term) Term)")

FStar.Bytes.fsti(82,28-82,46): (Error 276) Unexpected output from Z3: (error "line 17812 column 3: Wrong number of arguments (3) passed to function (declare-fun LowStar.Buffer.assign_list (Term Term) Term)")

FStar.Bytes.fsti(85,0-88,20): (Error 276) Unexpected output from Z3: (error "line 17843 column 3: Wrong number of arguments (3) passed to function (declare-fun LowStar.Buffer.assign_list (Term Term) Term)")

FStar.Bytes.fsti(91,0-96,60): (Error 276) Unexpected output from Z3: (error "line 17893 column 3: Wrong number of arguments (3) passed to function (declare-fun LowStar.Buffer.assign_list (Term Term) Term)")

FStar.Bytes.fsti(100,51-100,74): (Error 276) Unexpected output from Z3: (error "line 18026 column 3: Wrong number of arguments (3) passed to function (declare-fun LowStar.Buffer.assign_list (Term Term) Term)")

FStar.Bytes.fsti(103,2-104,86): (Error 276) Unexpected output from Z3: (error "line 17870 column 3: Wrong number of arguments (3) passed to function (declare-fun LowStar.Buffer.assign_list (Term Term) Term)")

FStar.Bytes.fsti(113,0-116,85): (Error 276) Unexpected output from Z3: (error "line 17944 column 3: Wrong number of arguments (3) passed to function (declare-fun LowStar.Buffer.assign_list (Term Term) Term)")

FStar.Bytes.fsti(119,49-119,75): (Error 276) Unexpected output from Z3: (error "line 17813 column 3: Wrong number of arguments (3) passed to function (declare-fun LowStar.Buffer.assign_list (Term Term) Term)")

FStar.Bytes.fsti(121,0-124,87): (Error 276) Unexpected output from Z3: (error "line 17944 column 3: Wrong number of arguments (3) passed to function (declare-fun LowStar.Buffer.assign_list (Term Term) Term)")

FStar.Bytes.fsti(142,0-146,66): (Error 276) Unexpected output from Z3: (error "line 18037 column 3: Wrong number of arguments (3) passed to function (declare-fun LowStar.Buffer.assign_list (Term Term) Term)")

FStar.Bytes.fsti(147,56-147,99): (Error 276) Unexpected output from Z3: (error "line 18059 column 3: Wrong number of arguments (3) passed to function (declare-fun LowStar.Buffer.assign_list (Term Term) Term)")

FStar.Bytes.fsti(149,0-153,76): (Error 276) Unexpected output from Z3: (error "line 17987 column 3: Wrong number of arguments (3) passed to function (declare-fun LowStar.Buffer.assign_list (Term Term) Term)")

FStar.Bytes.fsti(155,0-160,60): (Error 276) Unexpected output from Z3: (error "line 17973 column 3: Wrong number of arguments (3) passed to function (declare-fun LowStar.Buffer.assign_list (Term Term) Term)")

FStar.Bytes.fsti(162,71-162,96): (Error 276) Unexpected output from Z3: (error "line 17813 column 3: Wrong number of arguments (3) passed to function (declare-fun LowStar.Buffer.assign_list (Term Term) Term)")

FStar.Bytes.fsti(165,38-165,73): (Error 276) Unexpected output from Z3: (error "line 17850 column 3: Wrong number of arguments (3) passed to function (declare-fun LowStar.Buffer.assign_list (Term Term) Term)")

FStar.Bytes.fsti(169,0-171,31): (Error 276) Unexpected output from Z3: (error "line 17809 column 3: Wrong number of arguments (3) passed to function (declare-fun LowStar.Buffer.assign_list (Term Term) Term)")

FStar.Bytes.fsti(173,0-185,33): (Error 276) Unexpected output from Z3: (error "line 17809 column 3: Wrong number of arguments (3) passed to function (declare-fun LowStar.Buffer.assign_list (Term Term) Term)")

FStar.Bytes.fsti(193,0-195,28): (Error 276) Unexpected output from Z3: (error "line 17908 column 3: Wrong number of arguments (3) passed to function (declare-fun LowStar.Buffer.assign_list (Term Term) Term)")

FStar.Bytes.fsti(202,0-206,37): (Error 276) Unexpected output from Z3: (error "line 17987 column 3: Wrong number of arguments (3) passed to function (declare-fun LowStar.Buffer.assign_list (Term Term) Term)")

FStar.Bytes.fsti(208,0-211,35): (Error 276) Unexpected output from Z3: (error "line 223434 column 3: Wrong number of arguments (3) passed to function (declare-fun LowStar.Buffer.assign_list (Term Term) Term)")

FStar.Bytes.fsti(208,0-211,35): (Error 276) Unexpected output from Z3: (error "line 18042 column 3: Wrong number of arguments (3) passed to function (declare-fun LowStar.Buffer.assign_list (Term Term) Term)")

FStar.Bytes.fsti(214,0-216,37): (Error 276) Unexpected output from Z3: (error "line 17908 column 3: Wrong number of arguments (3) passed to function (declare-fun LowStar.Buffer.assign_list (Term Term) Term)")

FStar.Bytes.fsti(218,0-220,37): (Error 276) Unexpected output from Z3: (error "line 17908 column 3: Wrong number of arguments (3) passed to function (declare-fun LowStar.Buffer.assign_list (Term Term) Term)")

FStar.Bytes.fsti(222,0-224,34): (Error 276) Unexpected output from Z3: (error "line 17857 column 3: Wrong number of arguments (3) passed to function (declare-fun LowStar.Buffer.assign_list (Term Term) Term)")

FStar.Bytes.fsti(226,0-228,46): (Error 276) Unexpected output from Z3: (error "line 18140 column 3: Wrong number of arguments (3) passed to function (declare-fun LowStar.Buffer.assign_list (Term Term) Term)")

FStar.Bytes.fsti(230,0-232,46): (Error 276) Unexpected output from Z3: (error "line 18140 column 3: Wrong number of arguments (3) passed to function (declare-fun LowStar.Buffer.assign_list (Term Term) Term)")

FStar.Bytes.fsti(234,0-236,45): (Error 276) Unexpected output from Z3: (error "line 18140 column 3: Wrong number of arguments (3) passed to function (declare-fun LowStar.Buffer.assign_list (Term Term) Term)")

FStar.Bytes.fsti(241,0-245,23): (Error 276) Unexpected output from Z3: (error "line 17896 column 3: Wrong number of arguments (3) passed to function (declare-fun LowStar.Buffer.assign_list (Term Term) Term)")

FStar.Bytes.fsti(247,84-247,111): (Error 276) Unexpected output from Z3: (error "line 17813 column 3: Wrong number of arguments (3) passed to function (declare-fun LowStar.Buffer.assign_list (Term Term) Term)")

FStar.Bytes.fsti(249,0-254,32): (Error 276) Unexpected output from Z3: (error "line 17896 column 3: Wrong number of arguments (3) passed to function (declare-fun LowStar.Buffer.assign_list (Term Term) Term)")

FStar.Bytes.fsti(256,0-265,62): (Error 276) Unexpected output from Z3: (error "line 17871 column 3: Wrong number of arguments (3) passed to function (declare-fun LowStar.Buffer.assign_list (Term Term) Term)")

FStar.Bytes.fsti(267,0-271,51): (Error 276) Unexpected output from Z3: (error "line 223434 column 3: Wrong number of arguments (3) passed to function (declare-fun LowStar.Buffer.assign_list (Term Term) Term)")

FStar.Bytes.fsti(267,0-271,51): (Error 276) Unexpected output from Z3: (error "line 17930 column 3: Wrong number of arguments (3) passed to function (declare-fun LowStar.Buffer.assign_list (Term Term) Term)")

FStar.Bytes.fsti(297,28-297,70): (Error 276) Unexpected output from Z3: (error "line 17809 column 3: Wrong number of arguments (3) passed to function (declare-fun LowStar.Buffer.assign_list (Term Term) Term)")

FStar.Bytes.fsti(299,0-301,87): (Error 276) Unexpected output from Z3: (error "line 18122 column 3: Wrong number of arguments (3) passed to function (declare-fun LowStar.Buffer.assign_list (Term Term) Term)")

FStar.Bytes.fsti(303,0-309,48): (Error 276) Unexpected output from Z3: (error "line 18199 column 3: Wrong number of arguments (3) passed to function (declare-fun LowStar.Buffer.assign_list (Term Term) Term)")

Verified i'face (or impl+i'face): FStar.Bytes (14368 milliseconds)
39 errors were reported (see above)
make[3]: *** [gmake/Makefile.tmpl:34: FStar.Bytes.fsti.checked] Error 1
LowStar.BufferView.fsti(34,11-34,14): (Warning 252) (Hint-replay failed): Subtyping check failed; expected type put:
(_: b -> Prims.GTot (FStar.Seq.Properties.lseq a (View?.n projectee)))
{LowStar.BufferView.inverses (View?.get projectee) put}; got type put: (_: b -> Prims.GTot (FStar.Seq.Properties.lseq a n)){LowStar.BufferView.inverses get put} (see also LowStar.BufferView.fsti(35,13-35,29))
LowStar.BufferView.fst(79,31-79,33): (Warning 252) (Hint-replay failed): Subtyping check failed; expected type FStar.Seq.Properties.lseq (FStar.Pervasives.dfst vb)
(LowStar.Monotonic.Buffer.length (LowStar.BufferView.as_buffer vb)); got type FStar.Seq.Base.seq (FStar.Pervasives.dfst vb) (see also FStar.Seq.Properties.fst(24,19-24,36))
LowStar.BufferView.fst(164,38-164,40): (Warning 252) (Hint-replay failed): Subtyping check failed; expected type FStar.Seq.Properties.lseq (FStar.Pervasives.dfst vb)
(LowStar.Monotonic.Buffer.length (LowStar.BufferView.as_buffer vb)); got type FStar.Seq.Base.seq (FStar.Pervasives.dfst vb) (see also FStar.Seq.Properties.fst(24,19-24,36))
LowStar.BufferView.fst(4,0-7,32): (Error 276) Unexpected output from Z3: (error "line 17809 column 3: Wrong number of arguments (3) passed to function (declare-fun LowStar.Buffer.assign_list (Term Term) Term)")

LowStar.BufferView.fst(6,17-6,18): (Error 276) Unexpected output from Z3: (error "line 17809 column 3: Wrong number of arguments (3) passed to function (declare-fun LowStar.Buffer.assign_list (Term Term) Term)")

LowStar.BufferView.fst(6,17-6,18): (Error 276) Unexpected output from Z3: (error "line 17809 column 3: Wrong number of arguments (3) passed to function (declare-fun LowStar.Buffer.assign_list (Term Term) Term)")

LowStar.BufferView.fst(9,37-9,62): (Error 276) Unexpected output from Z3: (error "line 17809 column 3: Wrong number of arguments (3) passed to function (declare-fun LowStar.Buffer.assign_list (Term Term) Term)")

LowStar.BufferView.fst(18,35-18,37): (Error 276) Unexpected output from Z3: (error "line 17913 column 3: Wrong number of arguments (3) passed to function (declare-fun LowStar.Buffer.assign_list (Term Term) Term)")

LowStar.BufferView.fst(18,35-18,37): (Error 276) Unexpected output from Z3: (error "line 17913 column 3: Wrong number of arguments (3) passed to function (declare-fun LowStar.Buffer.assign_list (Term Term) Term)")

LowStar.BufferView.fst(27,34-27,36): (Error 276) Unexpected output from Z3: (error "line 17913 column 3: Wrong number of arguments (3) passed to function (declare-fun LowStar.Buffer.assign_list (Term Term) Term)")

LowStar.BufferView.fst(27,34-27,36): (Error 276) Unexpected output from Z3: (error "line 17913 column 3: Wrong number of arguments (3) passed to function (declare-fun LowStar.Buffer.assign_list (Term Term) Term)")

LowStar.BufferView.fst(31,4-31,51): (Error 276) Unexpected output from Z3: (error "line 18194 column 3: Wrong number of arguments (3) passed to function (declare-fun LowStar.Buffer.assign_list (Term Term) Term)")

LowStar.BufferView.fst(33,38-33,40): (Error 276) Unexpected output from Z3: (error "line 17809 column 3: Wrong number of arguments (3) passed to function (declare-fun LowStar.Buffer.assign_list (Term Term) Term)")

LowStar.BufferView.fst(37,4-38,64): (Error 276) Unexpected output from Z3: (error "line 18152 column 3: Wrong number of arguments (3) passed to function (declare-fun LowStar.Buffer.assign_list (Term Term) Term)")

LowStar.BufferView.fst(42,5-44,38): (Error 276) Unexpected output from Z3: (error "line 17895 column 3: Wrong number of arguments (3) passed to function (declare-fun LowStar.Buffer.assign_list (Term Term) Term)")

LowStar.BufferView.fst(55,6-65,22): (Error 276) Unexpected output from Z3: (error "line 18956 column 3: Wrong number of arguments (3) passed to function (declare-fun LowStar.Buffer.assign_list (Term Term) Term)")

LowStar.BufferView.fst(69,5-71,19): (Error 276) Unexpected output from Z3: (error "line 17879 column 3: Wrong number of arguments (3) passed to function (declare-fun LowStar.Buffer.assign_list (Term Term) Term)")

LowStar.BufferView.fst(75,4-79,35): (Error 276) Unexpected output from Z3: (error "line 223434 column 3: Wrong number of arguments (3) passed to function (declare-fun LowStar.Buffer.assign_list (Term Term) Term)")

LowStar.BufferView.fst(75,4-79,35): (Error 276) Unexpected output from Z3: (error "line 18282 column 3: Wrong number of arguments (3) passed to function (declare-fun LowStar.Buffer.assign_list (Term Term) Term)")

LowStar.BufferView.fst(84,4-98,24): (Error 276) Unexpected output from Z3: (error "line 19015 column 3: Wrong number of arguments (3) passed to function (declare-fun LowStar.Buffer.assign_list (Term Term) Term)")

LowStar.BufferView.fst(107,4-140,7): (Error 276) Unexpected output from Z3: (error "line 19475 column 3: Wrong number of arguments (3) passed to function (declare-fun LowStar.Buffer.assign_list (Term Term) Term)")

LowStar.BufferView.fst(107,4-140,7): (Error 276) Unexpected output from Z3: (error "line 19289 column 3: Wrong number of arguments (3) passed to function (declare-fun LowStar.Buffer.assign_list (Term Term) Term)")

LowStar.BufferView.fst(148,4-149,28): (Error 276) Unexpected output from Z3: (error "line 18201 column 3: Wrong number of arguments (3) passed to function (declare-fun LowStar.Buffer.assign_list (Term Term) Term)")

LowStar.BufferView.fst(152,2-157,46): (Error 276) Unexpected output from Z3: (error "line 18111 column 3: Wrong number of arguments (3) passed to function (declare-fun LowStar.Buffer.assign_list (Term Term) Term)")

LowStar.BufferView.fst(161,4-164,42): (Error 276) Unexpected output from Z3: (error "line 223434 column 3: Wrong number of arguments (3) passed to function (declare-fun LowStar.Buffer.assign_list (Term Term) Term)")

LowStar.BufferView.fst(161,4-164,42): (Error 276) Unexpected output from Z3: (error "line 18322 column 3: Wrong number of arguments (3) passed to function (declare-fun LowStar.Buffer.assign_list (Term Term) Term)")

LowStar.BufferView.fst(169,4-174,56): (Error 276) Unexpected output from Z3: (error "line 18503 column 3: Wrong number of arguments (3) passed to function (declare-fun LowStar.Buffer.assign_list (Term Term) Term)")

LowStar.BufferView.fst(176,46-176,60): (Error 276) Unexpected output from Z3: (error "line 17963 column 3: Wrong number of arguments (3) passed to function (declare-fun LowStar.Buffer.assign_list (Term Term) Term)")

LowStar.BufferView.fst(182,6-188,25): (Error 276) Unexpected output from Z3: (error "line 18751 column 3: Wrong number of arguments (3) passed to function (declare-fun LowStar.Buffer.assign_list (Term Term) Term)")

LowStar.BufferView.fst(191,70-191,72): (Error 276) Unexpected output from Z3: (error "line 19037 column 3: Wrong number of arguments (3) passed to function (declare-fun LowStar.Buffer.assign_list (Term Term) Term)")

LowStar.BufferView.fst(192,70-192,72): (Error 276) Unexpected output from Z3: (error "line 19054 column 3: Wrong number of arguments (3) passed to function (declare-fun LowStar.Buffer.assign_list (Term Term) Term)")

LowStar.BufferView.fsti(31,0-37,19): (Error 276) Unexpected output from Z3: (error "line 17836 column 3: Wrong number of arguments (3) passed to function (declare-fun LowStar.Buffer.assign_list (Term Term) Term)")

LowStar.BufferView.fsti(33,11-33,14): (Error 276) Unexpected output from Z3: (error "line 17861 column 3: Wrong number of arguments (3) passed to function (declare-fun LowStar.Buffer.assign_list (Term Term) Term)")

LowStar.BufferView.fsti(33,11-33,14): (Error 276) Unexpected output from Z3: (error "line 17809 column 3: Wrong number of arguments (3) passed to function (declare-fun LowStar.Buffer.assign_list (Term Term) Term)")

LowStar.BufferView.fsti(34,11-34,14): (Error 276) Unexpected output from Z3: (error "line 223434 column 3: Wrong number of arguments (3) passed to function (declare-fun LowStar.Buffer.assign_list (Term Term) Term)")

LowStar.BufferView.fsti(34,11-34,14): (Error 276) Unexpected output from Z3: (error "line 17861 column 3: Wrong number of arguments (3) passed to function (declare-fun LowStar.Buffer.assign_list (Term Term) Term)")

LowStar.BufferView.fsti(34,11-34,14): (Error 276) Unexpected output from Z3: (error "line 17809 column 3: Wrong number of arguments (3) passed to function (declare-fun LowStar.Buffer.assign_list (Term Term) Term)")

LowStar.BufferView.fsti(71,0-76,23): (Error 276) Unexpected output from Z3: (error "line 17809 column 3: Wrong number of arguments (3) passed to function (declare-fun LowStar.Buffer.assign_list (Term Term) Term)")

LowStar.BufferView.fsti(83,0-91,58): (Error 276) Unexpected output from Z3: (error "line 17809 column 3: Wrong number of arguments (3) passed to function (declare-fun LowStar.Buffer.assign_list (Term Term) Term)")

LowStar.BufferView.fsti(97,0-105,57): (Error 276) Unexpected output from Z3: (error "line 17809 column 3: Wrong number of arguments (3) passed to function (declare-fun LowStar.Buffer.assign_list (Term Term) Term)")

LowStar.BufferView.fsti(129,0-130,71): (Error 276) Unexpected output from Z3: (error "line 17818 column 3: Wrong number of arguments (3) passed to function (declare-fun LowStar.Buffer.assign_list (Term Term) Term)")

LowStar.BufferView.fsti(156,0-165,44): (Error 276) Unexpected output from Z3: (error "line 17863 column 3: Wrong number of arguments (3) passed to function (declare-fun LowStar.Buffer.assign_list (Term Term) Term)")

LowStar.BufferView.fsti(167,0-171,39): (Error 276) Unexpected output from Z3: (error "line 17813 column 3: Wrong number of arguments (3) passed to function (declare-fun LowStar.Buffer.assign_list (Term Term) Term)")

LowStar.BufferView.fsti(198,0-202,53): (Error 276) Unexpected output from Z3: (error "line 17850 column 3: Wrong number of arguments (3) passed to function (declare-fun LowStar.Buffer.assign_list (Term Term) Term)")

LowStar.BufferView.fsti(208,0-218,85): (Error 276) Unexpected output from Z3: (error "line 18954 column 3: Wrong number of arguments (3) passed to function (declare-fun LowStar.Buffer.assign_list (Term Term) Term)")

LowStar.BufferView.fsti(224,0-234,71): (Error 276) Unexpected output from Z3: (error "line 18591 column 3: Wrong number of arguments (3) passed to function (declare-fun LowStar.Buffer.assign_list (Term Term) Term)")

Verified module: LowStar.BufferView (17853 milliseconds)
43 errors were reported (see above)
make[3]: *** [gmake/Makefile.tmpl:29: LowStar.BufferView.fst.checked] Error 1
FStar.Buffer.fst(167,6-167,23): (Warning 252) (Hint-replay failed): assertion failed (see also FStar.Set.fsti(90,26-90,45))
FStar.Buffer.fst(65,4-65,10): (Warning 252) (Hint-replay failed): Subtyping check failed; expected type Prims.nat; got type FStar.UInt.uint_t FStar.UInt32.n (see also prims.fst(410,17-410,23))
FStar.ConstantTime.Integers.fst(35,30-35,32): (Warning 252) (Hint-replay failed): could not prove post-condition (see also FStar.ConstantTime.Integers.fsti(51,10-51,42))
FStar.ConstantTime.Integers.fst(53,6-55,22): (Warning 252) (Hint-replay failed): Subtyping check failed; expected type z:
FStar.ConstantTime.Integers.secret_int l s
{ FStar.ConstantTime.Integers.m z ==
FStar.ConstantTime.Integers.m x + FStar.ConstantTime.Integers.m y }; got type FStar.IFC.protected (FStar.IFC.lub l (FStar.IFC.lub l l)) (FStar.Integers.int_t s) (see also FStar.ConstantTime.Integers.fst(52,28-52,44))
FStar.ConstantTime.Integers.fst(63,6-65,23): (Warning 252) (Hint-replay failed): Subtyping check failed; expected type z:
FStar.ConstantTime.Integers.secret_int l sw
{ FStar.ConstantTime.Integers.m z ==
FStar.ConstantTime.Integers.m x +% FStar.ConstantTime.Integers.m y }; got type FStar.IFC.protected (FStar.IFC.lub l (FStar.IFC.lub l l)) (FStar.Integers.int_t sw) (see also FStar.ConstantTime.Integers.fst(62,31-62,48))
FStar.ConstantTime.Integers.fsti(176,118-176,119): (Warning 252) (Hint-replay failed): Subtyping check failed; expected type y:
FStar.ConstantTime.Integers.t (FStar.ConstantTime.Integers.Secret FStar.ConstantTime.Integers.hi
(FStar.Integers.Unsigned (FStar.Integers.W32)))
{ FStar.Integers.ok FStar.Integers.op_Plus
(FStar.ConstantTime.Integers.i (FStar.ConstantTime.Integers.promote x
FStar.ConstantTime.Integers.hi))
(FStar.ConstantTime.Integers.i y) }; got type y:
FStar.ConstantTime.Integers.t (FStar.ConstantTime.Integers.Secret FStar.ConstantTime.Integers.hi
(FStar.Integers.Unsigned (FStar.Integers.W32)))
{ FStar.Integers.ok FStar.ConstantTime.Integers.op_Plus
(FStar.ConstantTime.Integers.i x)
(FStar.ConstantTime.Integers.i y) } (see also FStar.Integers.fst(73,26-73,45))
(Warning 252) (Hint-replay failed): assertion failed
FStar.Printf.fst(179,21-179,98): (Warning 252) (Hint-replay failed): Subtyping check failed; expected type (match
let FStar.Pervasives.Native.Some v =
match FStar.String.list_of_string s with
| [] -> FStar.Pervasives.Native.Some []
| ['%'] -> FStar.Pervasives.Native.None
| '%' :: 'u' :: s' ->
(match s' with
| 'y' :: s'' ->
(match FStar.Printf.parse_format s'' FStar.Printf.no_extensions with
| FStar.Pervasives.Native.None  -> FStar.Pervasives.Native.None
| FStar.Pervasives.Native.Some ds ->
FStar.Pervasives.Native.Some (FStar.Printf.Arg (FStar.Printf.U8) :: ds))
<:
Prims.Tot (FStar.Pervasives.Native.option (Prims.list FStar.Printf.dir))
| 's' :: s'' ->
(match FStar.Printf.parse_format s'' FStar.Printf.no_extensions with
| FStar.Pervasives.Native.None  -> FStar.Pervasives.Native.None
| FStar.Pervasives.Native.Some ds ->
FStar.Pervasives.Native.Some (FStar.Printf.Arg (FStar.Printf.U16) :: ds))
<:
Prims.Tot (FStar.Pervasives.Native.option (Prims.list FStar.Printf.dir))
| 'l' :: s'' ->
(match FStar.Printf.parse_format s'' FStar.Printf.no_extensions with
| FStar.Pervasives.Native.None  -> FStar.Pervasives.Native.None
| FStar.Pervasives.Native.Some ds ->
FStar.Pervasives.Native.Some (FStar.Printf.Arg (FStar.Printf.U32) :: ds))
<:
Prims.Tot (FStar.Pervasives.Native.option (Prims.list FStar.Printf.dir))
| 'L' :: s'' ->
(match FStar.Printf.parse_format s'' FStar.Printf.no_extensions with
| FStar.Pervasives.Native.None  -> FStar.Pervasives.Native.None
| FStar.Pervasives.Native.Some ds ->
FStar.Pervasives.Native.Some (FStar.Printf.Arg (FStar.Printf.U64) :: ds))
<:
Prims.Tot (FStar.Pervasives.Native.option (Prims.list FStar.Printf.dir))
| _ -> FStar.Pervasives.Native.None)
<:
FStar.Pervasives.Native.option (Prims.list FStar.Printf.dir)
| '%' :: 'X' :: s' ->
(match FStar.Printf.no_extensions s' with
| FStar.Pervasives.Native.Some (ext, rest) ->
(match FStar.Printf.parse_format rest FStar.Printf.no_extensions with
| FStar.Pervasives.Native.None  -> FStar.Pervasives.Native.None
| FStar.Pervasives.Native.Some ds ->
FStar.Pervasives.Native.Some (FStar.Printf.Arg (FStar.Printf.Extension ext) :: ds))
<:
Prims.Tot (FStar.Pervasives.Native.option (Prims.list FStar.Printf.dir))
| _ -> FStar.Pervasives.Native.None)
<:
FStar.Pervasives.Native.option (Prims.list FStar.Printf.dir)
| '%' :: c :: s' ->
(match c with
| '%' ->
(match FStar.Printf.parse_format s' FStar.Printf.no_extensions with
| FStar.Pervasives.Native.None  -> FStar.Pervasives.Native.None
| FStar.Pervasives.Native.Some ds ->
FStar.Pervasives.Native.Some (FStar.Printf.Lit '%' :: ds))
<:
Prims.Tot (FStar.Pervasives.Native.option (Prims.list FStar.Printf.dir))
| 'b' ->
(match FStar.Printf.parse_format s' FStar.Printf.no_extensions with
| FStar.Pervasives.Native.None  -> FStar.Pervasives.Native.None
| FStar.Pervasives.Native.Some ds ->
FStar.Pervasives.Native.Some (FStar.Printf.Arg (FStar.Printf.Bool) :: ds))
<:
Prims.Tot (FStar.Pervasives.Native.option (Prims.list FStar.Printf.dir))
| 'd' ->
(match FStar.Printf.parse_format s' FStar.Printf.no_extensions with
| FStar.Pervasives.Native.None  -> FStar.Pervasives.Native.None
| FStar.Pervasives.Native.Some ds ->
FStar.Pervasives.Native.Some (FStar.Printf.Arg (FStar.Printf.Int) :: ds))
<:
Prims.Tot (FStar.Pervasives.Native.option (Prims.list FStar.Printf.dir))
| 'c' ->
(match FStar.Printf.parse_format s' FStar.Printf.no_extensions with
| FStar.Pervasives.Native.None  -> FStar.Pervasives.Native.None
| FStar.Pervasives.Native.Some ds ->
FStar.Pervasives.Native.Some (FStar.Printf.Arg (FStar.Printf.Char) :: ds))
<:
Prims.Tot (FStar.Pervasives.Native.option (Prims.list FStar.Printf.dir))
| 's' ->
(match FStar.Printf.parse_format s' FStar.Printf.no_extensions with
| FStar.Pervasives.Native.None  -> FStar.Pervasives.Native.None
| FStar.Pervasives.Native.Some ds ->
FStar.Pervasives.Native.Some (FStar.Printf.Arg (FStar.Printf.String) :: ds))
<:
Prims.Tot (FStar.Pervasives.Native.option (Prims.list FStar.Printf.dir))
| 'y' ->
(match FStar.Printf.parse_format s' FStar.Printf.no_extensions with
| FStar.Pervasives.Native.None  -> FStar.Pervasives.Native.None
| FStar.Pervasives.Native.Some ds ->
FStar.Pervasives.Native.Some (FStar.Printf.Arg (FStar.Printf.I8) :: ds))
<:
Prims.Tot (FStar.Pervasives.Native.option (Prims.list FStar.Printf.dir))
| 'i' ->
(match FStar.Printf.parse_format s' FStar.Printf.no_extensions with
| FStar.Pervasives.Native.None  -> FStar.Pervasives.Native.None
| FStar.Pervasives.Native.Some ds ->
FStar.Pervasives.Native.Some (FStar.Printf.Arg (FStar.Printf.I16) :: ds))
<:
Prims.Tot (FStar.Pervasives.Native.option (Prims.list FStar.Printf.dir))
| 'l' ->
(match FStar.Printf.parse_format s' FStar.Printf.no_extensions with
| FStar.Pervasives.Native.None  -> FStar.Pervasives.Native.None
| FStar.Pervasives.Native.Some ds ->
FStar.Pervasives.Native.Some (FStar.Printf.Arg (FStar.Printf.I32) :: ds))
<:
Prims.Tot (FStar.Pervasives.Native.option (Prims.list FStar.Printf.dir))
| 'L' ->
(match FStar.Printf.parse_format s' FStar.Printf.no_extensions with
| FStar.Pervasives.Native.None  -> FStar.Pervasives.Native.None
| FStar.Pervasives.Native.Some ds ->
FStar.Pervasives.Native.Some (FStar.Printf.Arg (FStar.Printf.I64) :: ds))
<:
Prims.Tot (FStar.Pervasives.Native.option (Prims.list FStar.Printf.dir))
| _ -> FStar.Pervasives.Native.None)
<:
FStar.Pervasives.Native.option (Prims.list FStar.Printf.dir)
| c :: s' ->
(match FStar.Printf.parse_format s' FStar.Printf.no_extensions with
| FStar.Pervasives.Native.None  -> FStar.Pervasives.Native.None
| FStar.Pervasives.Native.Some ds ->
FStar.Pervasives.Native.Some (FStar.Printf.Lit c :: ds))
<:
Prims.Tot (FStar.Pervasives.Native.option (Prims.list FStar.Printf.dir))
in
v
with
| [] -> Prims.string
| FStar.Printf.Lit _ :: ds' -> FStar.Printf.dir_type ds'
| FStar.Printf.Arg a :: ds' -> _: FStar.Printf.arg_type a -> Prims.Tot (FStar.Printf.dir_type ds')
)
<:
Type0; got type FStar.Printf.dir_type (Some?.v (FStar.Printf.parse_format_string s FStar.Printf.no_extensions))
FStar.Printf.fst(190,21-190,94): (Warning 252) (Hint-replay failed): Subtyping check failed; expected type (match
let FStar.Pervasives.Native.Some v =
match FStar.String.list_of_string s with
| [] -> FStar.Pervasives.Native.Some []
| ['%'] -> FStar.Pervasives.Native.None
| '%' :: 'u' :: s' ->
(match s' with
| 'y' :: s'' ->
(match FStar.Printf.parse_format s'' parse_ext with
| FStar.Pervasives.Native.None  -> FStar.Pervasives.Native.None
| FStar.Pervasives.Native.Some ds ->
FStar.Pervasives.Native.Some (FStar.Printf.Arg (FStar.Printf.U8) :: ds))
<:
Prims.Tot (FStar.Pervasives.Native.option (Prims.list FStar.Printf.dir))
| 's' :: s'' ->
(match FStar.Printf.parse_format s'' parse_ext with
| FStar.Pervasives.Native.None  -> FStar.Pervasives.Native.None
| FStar.Pervasives.Native.Some ds ->
FStar.Pervasives.Native.Some (FStar.Printf.Arg (FStar.Printf.U16) :: ds))
<:
Prims.Tot (FStar.Pervasives.Native.option (Prims.list FStar.Printf.dir))
| 'l' :: s'' ->
(match FStar.Printf.parse_format s'' parse_ext with
| FStar.Pervasives.Native.None  -> FStar.Pervasives.Native.None
| FStar.Pervasives.Native.Some ds ->
FStar.Pervasives.Native.Some (FStar.Printf.Arg (FStar.Printf.U32) :: ds))
<:
Prims.Tot (FStar.Pervasives.Native.option (Prims.list FStar.Printf.dir))
| 'L' :: s'' ->
(match FStar.Printf.parse_format s'' parse_ext with
| FStar.Pervasives.Native.None  -> FStar.Pervasives.Native.None
| FStar.Pervasives.Native.Some ds ->
FStar.Pervasives.Native.Some (FStar.Printf.Arg (FStar.Printf.U64) :: ds))
<:
Prims.Tot (FStar.Pervasives.Native.option (Prims.list FStar.Printf.dir))
| _ -> FStar.Pervasives.Native.None)
<:
FStar.Pervasives.Native.option (Prims.list FStar.Printf.dir)
| '%' :: 'X' :: s' ->
(match parse_ext s' with
| FStar.Pervasives.Native.Some (ext, rest) ->
(match FStar.Printf.parse_format rest parse_ext with
| FStar.Pervasives.Native.None  -> FStar.Pervasives.Native.None
| FStar.Pervasives.Native.Some ds ->
FStar.Pervasives.Native.Some (FStar.Printf.Arg (FStar.Printf.Extension ext) :: ds))
<:
Prims.Tot (FStar.Pervasives.Native.option (Prims.list FStar.Printf.dir))
| _ -> FStar.Pervasives.Native.None)
<:
FStar.Pervasives.Native.option (Prims.list FStar.Printf.dir)
| '%' :: c :: s' ->
(match c with
| '%' ->
(match FStar.Printf.parse_format s' parse_ext with
| FStar.Pervasives.Native.None  -> FStar.Pervasives.Native.None
| FStar.Pervasives.Native.Some ds ->
FStar.Pervasives.Native.Some (FStar.Printf.Lit '%' :: ds))
<:
Prims.Tot (FStar.Pervasives.Native.option (Prims.list FStar.Printf.dir))
| 'b' ->
(match FStar.Printf.parse_format s' parse_ext with
| FStar.Pervasives.Native.None  -> FStar.Pervasives.Native.None
| FStar.Pervasives.Native.Some ds ->
FStar.Pervasives.Native.Some (FStar.Printf.Arg (FStar.Printf.Bool) :: ds))
<:
Prims.Tot (FStar.Pervasives.Native.option (Prims.list FStar.Printf.dir))
| 'd' ->
(match FStar.Printf.parse_format s' parse_ext with
| FStar.Pervasives.Native.None  -> FStar.Pervasives.Native.None
| FStar.Pervasives.Native.Some ds ->
FStar.Pervasives.Native.Some (FStar.Printf.Arg (FStar.Printf.Int) :: ds))
<:
Prims.Tot (FStar.Pervasives.Native.option (Prims.list FStar.Printf.dir))
| 'c' ->
(match FStar.Printf.parse_format s' parse_ext with
| FStar.Pervasives.Native.None  -> FStar.Pervasives.Native.None
| FStar.Pervasives.Native.Some ds ->
FStar.Pervasives.Native.Some (FStar.Printf.Arg (FStar.Printf.Char) :: ds))
<:
Prims.Tot (FStar.Pervasives.Native.option (Prims.list FStar.Printf.dir))
| 's' ->
(match FStar.Printf.parse_format s' parse_ext with
| FStar.Pervasives.Native.None  -> FStar.Pervasives.Native.None
| FStar.Pervasives.Native.Some ds ->
FStar.Pervasives.Native.Some (FStar.Printf.Arg (FStar.Printf.String) :: ds))
<:
Prims.Tot (FStar.Pervasives.Native.option (Prims.list FStar.Printf.dir))
| 'y' ->
(match FStar.Printf.parse_format s' parse_ext with
| FStar.Pervasives.Native.None  -> FStar.Pervasives.Native.None
| FStar.Pervasives.Native.Some ds ->
FStar.Pervasives.Native.Some (FStar.Printf.Arg (FStar.Printf.I8) :: ds))
<:
Prims.Tot (FStar.Pervasives.Native.option (Prims.list FStar.Printf.dir))
| 'i' ->
(match FStar.Printf.parse_format s' parse_ext with
| FStar.Pervasives.Native.None  -> FStar.Pervasives.Native.None
| FStar.Pervasives.Native.Some ds ->
FStar.Pervasives.Native.Some (FStar.Printf.Arg (FStar.Printf.I16) :: ds))
<:
Prims.Tot (FStar.Pervasives.Native.option (Prims.list FStar.Printf.dir))
| 'l' ->
(match FStar.Printf.parse_format s' parse_ext with
| FStar.Pervasives.Native.None  -> FStar.Pervasives.Native.None
| FStar.Pervasives.Native.Some ds ->
FStar.Pervasives.Native.Some (FStar.Printf.Arg (FStar.Printf.I32) :: ds))
<:
Prims.Tot (FStar.Pervasives.Native.option (Prims.list FStar.Printf.dir))
| 'L' ->
(match FStar.Printf.parse_format s' parse_ext with
| FStar.Pervasives.Native.None  -> FStar.Pervasives.Native.None
| FStar.Pervasives.Native.Some ds ->
FStar.Pervasives.Native.Some (FStar.Printf.Arg (FStar.Printf.I64) :: ds))
<:
Prims.Tot (FStar.Pervasives.Native.option (Prims.list FStar.Printf.dir))
| _ -> FStar.Pervasives.Native.None)
<:
FStar.Pervasives.Native.option (Prims.list FStar.Printf.dir)
| c :: s' ->
(match FStar.Printf.parse_format s' parse_ext with
| FStar.Pervasives.Native.None  -> FStar.Pervasives.Native.None
| FStar.Pervasives.Native.Some ds ->
FStar.Pervasives.Native.Some (FStar.Printf.Lit c :: ds))
<:
Prims.Tot (FStar.Pervasives.Native.option (Prims.list FStar.Printf.dir))
in
v
with
| [] -> Prims.string
| FStar.Printf.Lit _ :: ds' -> FStar.Printf.dir_type ds'
| FStar.Printf.Arg a :: ds' -> _: FStar.Printf.arg_type a -> Prims.Tot (FStar.Printf.dir_type ds')
)
<:
Type0; got type FStar.Printf.dir_type (Some?.v (FStar.Printf.parse_format_string s parse_ext))
(Warning 252) (Hint-replay failed): assertion failed
FStar.Printf.fst(179,21-179,98): (Warning 252) (Hint-replay failed): Subtyping check failed; expected type (match
let FStar.Pervasives.Native.Some v =
match FStar.String.list_of_string s with
| [] -> FStar.Pervasives.Native.Some []
| ['%'] -> FStar.Pervasives.Native.None
| '%' :: 'u' :: s' ->
(match s' with
| 'y' :: s'' ->
(match FStar.Printf.parse_format s'' FStar.Printf.no_extensions with
| FStar.Pervasives.Native.None  -> FStar.Pervasives.Native.None
| FStar.Pervasives.Native.Some ds ->
FStar.Pervasives.Native.Some (FStar.Printf.Arg (FStar.Printf.U8) :: ds))
<:
Prims.Tot (FStar.Pervasives.Native.option (Prims.list FStar.Printf.dir))
| 's' :: s'' ->
(match FStar.Printf.parse_format s'' FStar.Printf.no_extensions with
| FStar.Pervasives.Native.None  -> FStar.Pervasives.Native.None
| FStar.Pervasives.Native.Some ds ->
FStar.Pervasives.Native.Some (FStar.Printf.Arg (FStar.Printf.U16) :: ds))
<:
Prims.Tot (FStar.Pervasives.Native.option (Prims.list FStar.Printf.dir))
| 'l' :: s'' ->
(match FStar.Printf.parse_format s'' FStar.Printf.no_extensions with
| FStar.Pervasives.Native.None  -> FStar.Pervasives.Native.None
| FStar.Pervasives.Native.Some ds ->
FStar.Pervasives.Native.Some (FStar.Printf.Arg (FStar.Printf.U32) :: ds))
<:
Prims.Tot (FStar.Pervasives.Native.option (Prims.list FStar.Printf.dir))
| 'L' :: s'' ->
(match FStar.Printf.parse_format s'' FStar.Printf.no_extensions with
| FStar.Pervasives.Native.None  -> FStar.Pervasives.Native.None
| FStar.Pervasives.Native.Some ds ->
FStar.Pervasives.Native.Some (FStar.Printf.Arg (FStar.Printf.U64) :: ds))
<:
Prims.Tot (FStar.Pervasives.Native.option (Prims.list FStar.Printf.dir))
| _ -> FStar.Pervasives.Native.None)
<:
FStar.Pervasives.Native.option (Prims.list FStar.Printf.dir)
| '%' :: 'X' :: s' ->
(match FStar.Printf.no_extensions s' with
| FStar.Pervasives.Native.Some (ext, rest) ->
(match FStar.Printf.parse_format rest FStar.Printf.no_extensions with
| FStar.Pervasives.Native.None  -> FStar.Pervasives.Native.None
| FStar.Pervasives.Native.Some ds ->
FStar.Pervasives.Native.Some (FStar.Printf.Arg (FStar.Printf.Extension ext) :: ds))
<:
Prims.Tot (FStar.Pervasives.Native.option (Prims.list FStar.Printf.dir))
| _ -> FStar.Pervasives.Native.None)
<:
FStar.Pervasives.Native.option (Prims.list FStar.Printf.dir)
| '%' :: c :: s' ->
(match c with
| '%' ->
(match FStar.Printf.parse_format s' FStar.Printf.no_extensions with
| FStar.Pervasives.Native.None  -> FStar.Pervasives.Native.None
| FStar.Pervasives.Native.Some ds ->
FStar.Pervasives.Native.Some (FStar.Printf.Lit '%' :: ds))
<:
Prims.Tot (FStar.Pervasives.Native.option (Prims.list FStar.Printf.dir))
| 'b' ->
(match FStar.Printf.parse_format s' FStar.Printf.no_extensions with
| FStar.Pervasives.Native.None  -> FStar.Pervasives.Native.None
| FStar.Pervasives.Native.Some ds ->
FStar.Pervasives.Native.Some (FStar.Printf.Arg (FStar.Printf.Bool) :: ds))
<:
Prims.Tot (FStar.Pervasives.Native.option (Prims.list FStar.Printf.dir))
| 'd' ->
(match FStar.Printf.parse_format s' FStar.Printf.no_extensions with
| FStar.Pervasives.Native.None  -> FStar.Pervasives.Native.None
| FStar.Pervasives.Native.Some ds ->
FStar.Pervasives.Native.Some (FStar.Printf.Arg (FStar.Printf.Int) :: ds))
<:
Prims.Tot (FStar.Pervasives.Native.option (Prims.list FStar.Printf.dir))
| 'c' ->
(match FStar.Printf.parse_format s' FStar.Printf.no_extensions with
| FStar.Pervasives.Native.None  -> FStar.Pervasives.Native.None
| FStar.Pervasives.Native.Some ds ->
FStar.Pervasives.Native.Some (FStar.Printf.Arg (FStar.Printf.Char) :: ds))
<:
Prims.Tot (FStar.Pervasives.Native.option (Prims.list FStar.Printf.dir))
| 's' ->
(match FStar.Printf.parse_format s' FStar.Printf.no_extensions with
| FStar.Pervasives.Native.None  -> FStar.Pervasives.Native.None
| FStar.Pervasives.Native.Some ds ->
FStar.Pervasives.Native.Some (FStar.Printf.Arg (FStar.Printf.String) :: ds))
<:
Prims.Tot (FStar.Pervasives.Native.option (Prims.list FStar.Printf.dir))
| 'y' ->
(match FStar.Printf.parse_format s' FStar.Printf.no_extensions with
| FStar.Pervasives.Native.None  -> FStar.Pervasives.Native.None
| FStar.Pervasives.Native.Some ds ->
FStar.Pervasives.Native.Some (FStar.Printf.Arg (FStar.Printf.I8) :: ds))
<:
Prims.Tot (FStar.Pervasives.Native.option (Prims.list FStar.Printf.dir))
| 'i' ->
(match FStar.Printf.parse_format s' FStar.Printf.no_extensions with
| FStar.Pervasives.Native.None  -> FStar.Pervasives.Native.None
| FStar.Pervasives.Native.Some ds ->
FStar.Pervasives.Native.Some (FStar.Printf.Arg (FStar.Printf.I16) :: ds))
<:
Prims.Tot (FStar.Pervasives.Native.option (Prims.list FStar.Printf.dir))
| 'l' ->
(match FStar.Printf.parse_format s' FStar.Printf.no_extensions with
| FStar.Pervasives.Native.None  -> FStar.Pervasives.Native.None
| FStar.Pervasives.Native.Some ds ->
FStar.Pervasives.Native.Some (FStar.Printf.Arg (FStar.Printf.I32) :: ds))
<:
Prims.Tot (FStar.Pervasives.Native.option (Prims.list FStar.Printf.dir))
| 'L' ->
(match FStar.Printf.parse_format s' FStar.Printf.no_extensions with
| FStar.Pervasives.Native.None  -> FStar.Pervasives.Native.None
| FStar.Pervasives.Native.Some ds ->
FStar.Pervasives.Native.Some (FStar.Printf.Arg (FStar.Printf.I64) :: ds))
<:
Prims.Tot (FStar.Pervasives.Native.option (Prims.list FStar.Printf.dir))
| _ -> FStar.Pervasives.Native.None)
<:
FStar.Pervasives.Native.option (Prims.list FStar.Printf.dir)
| c :: s' ->
(match FStar.Printf.parse_format s' FStar.Printf.no_extensions with
| FStar.Pervasives.Native.None  -> FStar.Pervasives.Native.None
| FStar.Pervasives.Native.Some ds ->
FStar.Pervasives.Native.Some (FStar.Printf.Lit c :: ds))
<:
Prims.Tot (FStar.Pervasives.Native.option (Prims.list FStar.Printf.dir))
in
v
with
| [] -> Prims.string
| FStar.Printf.Lit _ :: ds' -> FStar.Printf.dir_type ds'
| FStar.Printf.Arg a :: ds' -> _: FStar.Printf.arg_type a -> Prims.Tot (FStar.Printf.dir_type ds')
)
<:
Type0; got type FStar.Printf.dir_type (Some?.v (FStar.Printf.parse_format_string s FStar.Printf.no_extensions))
FStar.Printf.fst(190,21-190,94): (Warning 252) (Hint-replay failed): Subtyping check failed; expected type (match
let FStar.Pervasives.Native.Some v =
match FStar.String.list_of_string s with
| [] -> FStar.Pervasives.Native.Some []
| ['%'] -> FStar.Pervasives.Native.None
| '%' :: 'u' :: s' ->
(match s' with
| 'y' :: s'' ->
(match FStar.Printf.parse_format s'' parse_ext with
| FStar.Pervasives.Native.None  -> FStar.Pervasives.Native.None
| FStar.Pervasives.Native.Some ds ->
FStar.Pervasives.Native.Some (FStar.Printf.Arg (FStar.Printf.U8) :: ds))
<:
Prims.Tot (FStar.Pervasives.Native.option (Prims.list FStar.Printf.dir))
| 's' :: s'' ->
(match FStar.Printf.parse_format s'' parse_ext with
| FStar.Pervasives.Native.None  -> FStar.Pervasives.Native.None
| FStar.Pervasives.Native.Some ds ->
FStar.Pervasives.Native.Some (FStar.Printf.Arg (FStar.Printf.U16) :: ds))
<:
Prims.Tot (FStar.Pervasives.Native.option (Prims.list FStar.Printf.dir))
| 'l' :: s'' ->
(match FStar.Printf.parse_format s'' parse_ext with
| FStar.Pervasives.Native.None  -> FStar.Pervasives.Native.None
| FStar.Pervasives.Native.Some ds ->
FStar.Pervasives.Native.Some (FStar.Printf.Arg (FStar.Printf.U32) :: ds))
<:
Prims.Tot (FStar.Pervasives.Native.option (Prims.list FStar.Printf.dir))
| 'L' :: s'' ->
(match FStar.Printf.parse_format s'' parse_ext with
| FStar.Pervasives.Native.None  -> FStar.Pervasives.Native.None
| FStar.Pervasives.Native.Some ds ->
FStar.Pervasives.Native.Some (FStar.Printf.Arg (FStar.Printf.U64) :: ds))
<:
Prims.Tot (FStar.Pervasives.Native.option (Prims.list FStar.Printf.dir))
| _ -> FStar.Pervasives.Native.None)
<:
FStar.Pervasives.Native.option (Prims.list FStar.Printf.dir)
| '%' :: 'X' :: s' ->
(match parse_ext s' with
| FStar.Pervasives.Native.Some (ext, rest) ->
(match FStar.Printf.parse_format rest parse_ext with
| FStar.Pervasives.Native.None  -> FStar.Pervasives.Native.None
| FStar.Pervasives.Native.Some ds ->
FStar.Pervasives.Native.Some (FStar.Printf.Arg (FStar.Printf.Extension ext) :: ds))
<:
Prims.Tot (FStar.Pervasives.Native.option (Prims.list FStar.Printf.dir))
| _ -> FStar.Pervasives.Native.None)
<:
FStar.Pervasives.Native.option (Prims.list FStar.Printf.dir)
| '%' :: c :: s' ->
(match c with
| '%' ->
(match FStar.Printf.parse_format s' parse_ext with
| FStar.Pervasives.Native.None  -> FStar.Pervasives.Native.None
| FStar.Pervasives.Native.Some ds ->
FStar.Pervasives.Native.Some (FStar.Printf.Lit '%' :: ds))
<:
Prims.Tot (FStar.Pervasives.Native.option (Prims.list FStar.Printf.dir))
| 'b' ->
(match FStar.Printf.parse_format s' parse_ext with
| FStar.Pervasives.Native.None  -> FStar.Pervasives.Native.None
| FStar.Pervasives.Native.Some ds ->
FStar.Pervasives.Native.Some (FStar.Printf.Arg (FStar.Printf.Bool) :: ds))
<:
Prims.Tot (FStar.Pervasives.Native.option (Prims.list FStar.Printf.dir))
| 'd' ->
(match FStar.Printf.parse_format s' parse_ext with
| FStar.Pervasives.Native.None  -> FStar.Pervasives.Native.None
| FStar.Pervasives.Native.Some ds ->
FStar.Pervasives.Native.Some (FStar.Printf.Arg (FStar.Printf.Int) :: ds))
<:
Prims.Tot (FStar.Pervasives.Native.option (Prims.list FStar.Printf.dir))
| 'c' ->
(match FStar.Printf.parse_format s' parse_ext with
| FStar.Pervasives.Native.None  -> FStar.Pervasives.Native.None
| FStar.Pervasives.Native.Some ds ->
FStar.Pervasives.Native.Some (FStar.Printf.Arg (FStar.Printf.Char) :: ds))
<:
Prims.Tot (FStar.Pervasives.Native.option (Prims.list FStar.Printf.dir))
| 's' ->
(match FStar.Printf.parse_format s' parse_ext with
| FStar.Pervasives.Native.None  -> FStar.Pervasives.Native.None
| FStar.Pervasives.Native.Some ds ->
FStar.Pervasives.Native.Some (FStar.Printf.Arg (FStar.Printf.String) :: ds))
<:
Prims.Tot (FStar.Pervasives.Native.option (Prims.list FStar.Printf.dir))
| 'y' ->
(match FStar.Printf.parse_format s' parse_ext with
| FStar.Pervasives.Native.None  -> FStar.Pervasives.Native.None
| FStar.Pervasives.Native.Some ds ->
FStar.Pervasives.Native.Some (FStar.Printf.Arg (FStar.Printf.I8) :: ds))
<:
Prims.Tot (FStar.Pervasives.Native.option (Prims.list FStar.Printf.dir))
| 'i' ->
(match FStar.Printf.parse_format s' parse_ext with
| FStar.Pervasives.Native.None  -> FStar.Pervasives.Native.None
| FStar.Pervasives.Native.Some ds ->
FStar.Pervasives.Native.Some (FStar.Printf.Arg (FStar.Printf.I16) :: ds))
<:
Prims.Tot (FStar.Pervasives.Native.option (Prims.list FStar.Printf.dir))
| 'l' ->
(match FStar.Printf.parse_format s' parse_ext with
| FStar.Pervasives.Native.None  -> FStar.Pervasives.Native.None
| FStar.Pervasives.Native.Some ds ->
FStar.Pervasives.Native.Some (FStar.Printf.Arg (FStar.Printf.I32) :: ds))
<:
Prims.Tot (FStar.Pervasives.Native.option (Prims.list FStar.Printf.dir))
| 'L' ->
(match FStar.Printf.parse_format s' parse_ext with
| FStar.Pervasives.Native.None  -> FStar.Pervasives.Native.None
| FStar.Pervasives.Native.Some ds ->
FStar.Pervasives.Native.Some (FStar.Printf.Arg (FStar.Printf.I64) :: ds))
<:
Prims.Tot (FStar.Pervasives.Native.option (Prims.list FStar.Printf.dir))
| _ -> FStar.Pervasives.Native.None)
<:
FStar.Pervasives.Native.option (Prims.list FStar.Printf.dir)
| c :: s' ->
(match FStar.Printf.parse_format s' parse_ext with
| FStar.Pervasives.Native.None  -> FStar.Pervasives.Native.None
| FStar.Pervasives.Native.Some ds ->
FStar.Pervasives.Native.Some (FStar.Printf.Lit c :: ds))
<:
Prims.Tot (FStar.Pervasives.Native.option (Prims.list FStar.Printf.dir))
in
v
with
| [] -> Prims.string
| FStar.Printf.Lit _ :: ds' -> FStar.Printf.dir_type ds'
| FStar.Printf.Arg a :: ds' -> _: FStar.Printf.arg_type a -> Prims.Tot (FStar.Printf.dir_type ds')
)
<:
Type0; got type FStar.Printf.dir_type (Some?.v (FStar.Printf.parse_format_string s parse_ext))
LowStar.ToFStarBuffer.fst(48,7-50,45): (Error 276) Unexpected output from Z3: (error "line 17809 column 3: Wrong number of arguments (3) passed to function (declare-fun LowStar.Buffer.assign_list (Term Term) Term)")

LowStar.ToFStarBuffer.fst(52,7-54,45): (Error 276) Unexpected output from Z3: (error "line 17809 column 3: Wrong number of arguments (3) passed to function (declare-fun LowStar.Buffer.assign_list (Term Term) Term)")

LowStar.ToFStarBuffer.fst(72,7-78,4): (Error 276) Unexpected output from Z3: (error "line 17959 column 3: Wrong number of arguments (3) passed to function (declare-fun LowStar.Buffer.assign_list (Term Term) Term)")

LowStar.ToFStarBuffer.fst(80,7-86,4): (Error 276) Unexpected output from Z3: (error "line 17945 column 3: Wrong number of arguments (3) passed to function (declare-fun LowStar.Buffer.assign_list (Term Term) Term)")

LowStar.ToFStarBuffer.fst(119,2-119,61): (Error 276) Unexpected output from Z3: (error "line 17822 column 3: Wrong number of arguments (3) passed to function (declare-fun LowStar.Buffer.assign_list (Term Term) Term)")

LowStar.ToFStarBuffer.fst(128,2-128,75): (Error 276) Unexpected output from Z3: (error "line 17809 column 3: Wrong number of arguments (3) passed to function (declare-fun LowStar.Buffer.assign_list (Term Term) Term)")

LowStar.ToFStarBuffer.fst(133,2-137,34): (Error 276) Unexpected output from Z3: (error "line 18059 column 3: Wrong number of arguments (3) passed to function (declare-fun LowStar.Buffer.assign_list (Term Term) Term)")

LowStar.ToFStarBuffer.fst(139,0-141,46): (Error 276) Unexpected output from Z3: (error "line 17809 column 3: Wrong number of arguments (3) passed to function (declare-fun LowStar.Buffer.assign_list (Term Term) Term)")

LowStar.ToFStarBuffer.fst(143,0-146,45): (Error 276) Unexpected output from Z3: (error "line 17809 column 3: Wrong number of arguments (3) passed to function (declare-fun LowStar.Buffer.assign_list (Term Term) Term)")

LowStar.ToFStarBuffer.fst(151,2-152,95): (Error 276) Unexpected output from Z3: (error "line 17809 column 3: Wrong number of arguments (3) passed to function (declare-fun LowStar.Buffer.assign_list (Term Term) Term)")

LowStar.ToFStarBuffer.fst(157,2-159,122): (Error 276) Unexpected output from Z3: (error "line 17809 column 3: Wrong number of arguments (3) passed to function (declare-fun LowStar.Buffer.assign_list (Term Term) Term)")

LowStar.ToFStarBuffer.fst(164,2-165,73): (Error 276) Unexpected output from Z3: (error "line 17809 column 3: Wrong number of arguments (3) passed to function (declare-fun LowStar.Buffer.assign_list (Term Term) Term)")

LowStar.ToFStarBuffer.fst(164,2-165,73): (Error 276) Unexpected output from Z3: (error "line 17859 column 3: Wrong number of arguments (3) passed to function (declare-fun LowStar.Buffer.assign_list (Term Term) Term)")

LowStar.ToFStarBuffer.fst(170,2-172,72): (Error 276) Unexpected output from Z3: (error "line 17809 column 3: Wrong number of arguments (3) passed to function (declare-fun LowStar.Buffer.assign_list (Term Term) Term)")

LowStar.ToFStarBuffer.fst(170,2-172,72): (Error 276) Unexpected output from Z3: (error "line 17859 column 3: Wrong number of arguments (3) passed to function (declare-fun LowStar.Buffer.assign_list (Term Term) Term)")

LowStar.ToFStarBuffer.fst(177,2-178,69): (Error 276) Unexpected output from Z3: (error "line 17809 column 3: Wrong number of arguments (3) passed to function (declare-fun LowStar.Buffer.assign_list (Term Term) Term)")

LowStar.ToFStarBuffer.fst(183,2-185,68): (Error 276) Unexpected output from Z3: (error "line 17809 column 3: Wrong number of arguments (3) passed to function (declare-fun LowStar.Buffer.assign_list (Term Term) Term)")

LowStar.ToFStarBuffer.fst(188,2-188,60): (Error 276) Unexpected output from Z3: (error "line 17809 column 3: Wrong number of arguments (3) passed to function (declare-fun LowStar.Buffer.assign_list (Term Term) Term)")

LowStar.ToFStarBuffer.fst(193,2-195,27): (Error 276) Unexpected output from Z3: (error "line 17809 column 3: Wrong number of arguments (3) passed to function (declare-fun LowStar.Buffer.assign_list (Term Term) Term)")

LowStar.ToFStarBuffer.fst(197,0-201,39): (Error 276) Unexpected output from Z3: (error "line 17809 column 3: Wrong number of arguments (3) passed to function (declare-fun LowStar.Buffer.assign_list (Term Term) Term)")

LowStar.ToFStarBuffer.fst(203,104-203,105): (Error 276) Unexpected output from Z3: (error "line 17809 column 3: Wrong number of arguments (3) passed to function (declare-fun LowStar.Buffer.assign_list (Term Term) Term)")

LowStar.ToFStarBuffer.fst(208,2-216,112): (Error 276) Unexpected output from Z3: (error "line 17908 column 3: Wrong number of arguments (3) passed to function (declare-fun LowStar.Buffer.assign_list (Term Term) Term)")

LowStar.ToFStarBuffer.fst(221,2-224,66): (Error 276) Unexpected output from Z3: (error "line 17848 column 3: Wrong number of arguments (3) passed to function (declare-fun LowStar.Buffer.assign_list (Term Term) Term)")

LowStar.ToFStarBuffer.fst(221,2-224,66): (Error 276) Unexpected output from Z3: (error "line 17872 column 3: Wrong number of arguments (3) passed to function (declare-fun LowStar.Buffer.assign_list (Term Term) Term)")

LowStar.ToFStarBuffer.fst(229,2-232,62): (Error 276) Unexpected output from Z3: (error "line 17844 column 3: Wrong number of arguments (3) passed to function (declare-fun LowStar.Buffer.assign_list (Term Term) Term)")

LowStar.ToFStarBuffer.fst(238,2-238,76): (Error 276) Unexpected output from Z3: (error "line 17809 column 3: Wrong number of arguments (3) passed to function (declare-fun LowStar.Buffer.assign_list (Term Term) Term)")

LowStar.ToFStarBuffer.fst(247,2-247,4): (Error 276) Unexpected output from Z3: (error "line 17881 column 3: Wrong number of arguments (3) passed to function (declare-fun LowStar.Buffer.assign_list (Term Term) Term)")

LowStar.ToFStarBuffer.fst(256,2-256,4): (Error 276) Unexpected output from Z3: (error "line 17865 column 3: Wrong number of arguments (3) passed to function (declare-fun LowStar.Buffer.assign_list (Term Term) Term)")

LowStar.ToFStarBuffer.fst(266,2-266,4): (Error 276) Unexpected output from Z3: (error "line 17865 column 3: Wrong number of arguments (3) passed to function (declare-fun LowStar.Buffer.assign_list (Term Term) Term)")

LowStar.ToFStarBuffer.fst(285,2-286,19): (Error 276) Unexpected output from Z3: (error "line 18485 column 3: Wrong number of arguments (3) passed to function (declare-fun LowStar.Buffer.assign_list (Term Term) Term)")

LowStar.ToFStarBuffer.fst(298,2-300,21): (Error 276) Unexpected output from Z3: (error "line 18809 column 3: Wrong number of arguments (3) passed to function (declare-fun LowStar.Buffer.assign_list (Term Term) Term)")

LowStar.ToFStarBuffer.fst(325,2-327,40): (Error 276) Unexpected output from Z3: (error "line 18262 column 3: Wrong number of arguments (3) passed to function (declare-fun LowStar.Buffer.assign_list (Term Term) Term)")

LowStar.ToFStarBuffer.fst(341,2-342,19): (Error 276) Unexpected output from Z3: (error "line 18367 column 3: Wrong number of arguments (3) passed to function (declare-fun LowStar.Buffer.assign_list (Term Term) Term)")

LowStar.ToFStarBuffer.fst(402,2-403,18): (Error 276) Unexpected output from Z3: (error "line 18497 column 3: Wrong number of arguments (3) passed to function (declare-fun LowStar.Buffer.assign_list (Term Term) Term)")

LowStar.ToFStarBuffer.fst(415,2-417,15): (Error 276) Unexpected output from Z3: (error "line 17868 column 3: Wrong number of arguments (3) passed to function (declare-fun LowStar.Buffer.assign_list (Term Term) Term)")

Verified module: LowStar.ToFStarBuffer (7777 milliseconds)
35 errors were reported (see above)
make[3]: *** [gmake/Makefile.tmpl:29: LowStar.ToFStarBuffer.fst.checked] Error 1
LowStar.Monotonic.Buffer.fsti(1585,51-1585,68): (Warning 288) FStar.Monotonic.HyperStack.is_eternal_region is deprecated, use FStar.HyperStack.ST.is_eternal_region instead
LowStar.Monotonic.Buffer.fsti(272,28-272,33): (Warning 252) (Hint-replay failed): assertion failed (see also LowStar.Monotonic.Buffer.fsti(240,11-241,60))
LowStar.Monotonic.Buffer.fsti(282,30-282,35): (Warning 252) (Hint-replay failed): assertion failed (see also LowStar.Monotonic.Buffer.fsti(240,11-241,60))
LowStar.Monotonic.Buffer.fsti(292,24-292,29): (Warning 252) (Hint-replay failed): assertion failed (see also LowStar.Monotonic.Buffer.fsti(240,11-241,60))
LowStar.Monotonic.Buffer.fsti(302,28-302,33): (Warning 252) (Hint-replay failed): assertion failed (see also LowStar.Monotonic.Buffer.fsti(240,11-241,60))
LowStar.Monotonic.Buffer.fsti(308,28-308,33): (Warning 252) (Hint-replay failed): assertion failed (see also LowStar.Monotonic.Buffer.fsti(240,11-241,60))
LowStar.Monotonic.Buffer.fsti(330,36-330,41): (Warning 252) (Hint-replay failed): assertion failed (see also LowStar.Monotonic.Buffer.fsti(240,11-241,60))
LowStar.Monotonic.Buffer.fsti(347,29-347,34): (Warning 252) (Hint-replay failed): assertion failed (see also LowStar.Monotonic.Buffer.fsti(240,11-241,60))
LowStar.Monotonic.Buffer.fsti(570,47-570,52): (Warning 252) (Hint-replay failed): assertion failed (see also LowStar.Monotonic.Buffer.fsti(240,11-241,60))
LowStar.Monotonic.Buffer.fst(625,2-625,21): (Warning 252) (Hint-replay failed): assertion failed (see also LowStar.Monotonic.Buffer.fst(617,20-617,139))
LowStar.Monotonic.Buffer.fsti(578,4-578,6): (Warning 252) (Hint-replay failed): assertion failed (see also LowStar.Monotonic.Buffer.fsti(240,11-241,60))
LowStar.Monotonic.Buffer.fsti(586,46-586,51): (Warning 252) (Hint-replay failed): assertion failed (see also LowStar.Monotonic.Buffer.fsti(240,11-241,60))
LowStar.Monotonic.Buffer.fst(631,2-631,21): (Warning 252) (Hint-replay failed): assertion failed (see also LowStar.Monotonic.Buffer.fst(617,20-617,139))
LowStar.Monotonic.Buffer.fst(644,90-644,134): (Warning 252) (Hint-replay failed): Subtyping check failed; expected type j:
Prims.nat
{ Mkubuffer_?.b_offset us - Mkubuffer_?.b_offset ul <= j &&
j <= FStar.Seq.Base.length (LowStar.Monotonic.Buffer.as_seq h1 larger) }; got type Prims.int
LowStar.Monotonic.Buffer.fsti(851,46-851,51): (Warning 252) (Hint-replay failed): assertion failed (see also LowStar.Monotonic.Buffer.fsti(240,11-241,60))
LowStar.Monotonic.Buffer.fst(682,2-682,21): (Warning 252) (Hint-replay failed): assertion failed (see also LowStar.Monotonic.Buffer.fst(676,20-676,139))
LowStar.Monotonic.Buffer.fst(912,2-914,9): (Warning 252) (Hint-replay failed): could not prove post-condition (see also LowStar.Monotonic.Buffer.fsti(1607,18-1607,32))
LowStar.Monotonic.Buffer.fst(916,2-918,166): (Warning 252) (Hint-replay failed): could not prove post-condition (see also LowStar.Monotonic.Buffer.fsti(1616,19-1616,54))
LowStar.Monotonic.Buffer.fst(929,4-929,23): (Warning 252) (Hint-replay failed): assertion failed (see also LowStar.Monotonic.Buffer.fst(676,20-676,139))
LowStar.Monotonic.Buffer.fst(954,29-954,30): (Warning 252) (Hint-replay failed): Subtyping check failed; expected type _: LowStar.Monotonic.Buffer.mbuffer _ _ _ {Buffer? _}; got type LowStar.Monotonic.Buffer.mbuffer _ _ _ (see also LowStar.Monotonic.Buffer.fst(73,4-73,10))
LowStar.Monotonic.Buffer.fst(965,2-971,61): (Warning 252) (Hint-replay failed): could not prove post-condition (see also LowStar.Monotonic.Buffer.fsti(1713,40-1713,73))
LowStar.Monotonic.Buffer.fst(983,4-983,23): (Warning 252) (Hint-replay failed): assertion failed (see also LowStar.Monotonic.Buffer.fst(787,19-787,39))
LowStar.Monotonic.Buffer.fst(1002,2-1004,166): (Warning 252) (Hint-replay failed): could not prove post-condition (see also LowStar.Monotonic.Buffer.fsti(1778,18-1778,61))
LowStar.Monotonic.Buffer.fst(1057,2-1058,139): (Warning 252) (Hint-replay failed): could not prove post-condition (see also LowStar.Monotonic.Buffer.fsti(1842,18-1842,72))
FStar.ModifiesGen.fst(210,9-210,54): (Warning 252) (Hint-replay failed): assertion failed
FStar.ModifiesGen.fst(213,9-213,84): (Warning 252) (Hint-replay failed): assertion failed
FStar.ModifiesGen.fst(231,42-231,44): (Warning 252) (Hint-replay failed): could not prove post-condition (see also FStar.ModifiesGen.fsti(167,45-167,50))
FStar.ModifiesGen.fst(372,9-372,109): (Warning 252) (Hint-replay failed): assertion failed
FStar.ModifiesGen.fst(395,2-395,51): (Warning 252) (Hint-replay failed): could not prove post-condition (see also FStar.ModifiesGen.fsti(224,2-224,20))
FStar.ModifiesGen.fst(406,2-406,111): (Warning 252) (Hint-replay failed): could not prove post-condition (see also FStar.ModifiesGen.fsti(231,11-231,31))
FStar.ModifiesGen.fst(408,42-408,44): (Warning 252) (Hint-replay failed): could not prove post-condition (see also FStar.ModifiesGen.fsti(238,11-238,45))
FStar.ModifiesGen.fst(418,8-418,14): (Warning 252) (Hint-replay failed): assertion failed (see also FStar.ModifiesGen.fst(418,15-418,50))
FStar.ModifiesGen.fst(425,33-425,35): (Warning 252) (Hint-replay failed): could not prove post-condition (see also FStar.ModifiesGen.fsti(251,2-251,27))
FStar.ModifiesGen.fst(430,43-430,45): (Warning 252) (Hint-replay failed): could not prove post-condition (see also FStar.ModifiesGen.fsti(268,11-268,65))
FStar.ModifiesGen.fst(444,2-444,4): (Warning 252) (Hint-replay failed): could not prove post-condition (see also FStar.ModifiesGen.fst(442,2-442,104))
FStar.ModifiesGen.fst(448,66-448,68): (Warning 252) (Hint-replay failed): could not prove post-condition (see also FStar.ModifiesGen.fsti(300,11-300,81))
FStar.ModifiesGen.fst(450,87-450,89): (Warning 252) (Hint-replay failed): could not prove post-condition (see also FStar.ModifiesGen.fsti(310,11-310,105))
FStar.ModifiesGen.fst(452,84-452,86): (Warning 252) (Hint-replay failed): could not prove post-condition (see also FStar.ModifiesGen.fsti(318,11-318,103))
FStar.ModifiesGen.fst(455,2-455,8): (Warning 252) (Hint-replay failed): assertion failed (see also FStar.ModifiesGen.fst(455,9-455,202))
FStar.ModifiesGen.fst(461,91-461,93): (Warning 252) (Hint-replay failed): could not prove post-condition (see also FStar.ModifiesGen.fsti(336,11-336,111))
FStar.ModifiesGen.fst(551,35-551,37): (Warning 252) (Hint-replay failed): could not prove post-condition (see also FStar.ModifiesGen.fsti(357,11-357,36))
FStar.ModifiesGen.fst(576,2-585,30): (Warning 252) (Hint-replay failed): could not prove post-condition (see also FStar.ModifiesGen.fsti(371,11-371,33))
FStar.ModifiesGen.fst(595,2-595,173): (Warning 252) (Hint-replay failed): could not prove post-condition (see also FStar.ModifiesGen.fsti(404,11-404,113))
FStar.ModifiesGen.fst(597,91-597,93): (Warning 252) (Hint-replay failed): could not prove post-condition (see also FStar.ModifiesGen.fsti(415,11-415,67))
FStar.ModifiesGen.fst(601,78-601,80): (Warning 252) (Hint-replay failed): could not prove post-condition (see also FStar.ModifiesGen.fsti(439,24-439,42))
FStar.ModifiesGen.fst(605,2-605,165): (Warning 252) (Hint-replay failed): could not prove post-condition (see also FStar.ModifiesGen.fsti(447,11-447,105))
FStar.ModifiesGen.fst(618,73-618,75): (Warning 252) (Hint-replay failed): could not prove post-condition (see also FStar.ModifiesGen.fsti(455,2-455,70))
FStar.ModifiesGen.fst(620,73-620,75): (Warning 252) (Hint-replay failed): could not prove post-condition (see also FStar.ModifiesGen.fsti(458,2-458,79))
FStar.ModifiesGen.fst(630,92-630,94): (Warning 252) (Hint-replay failed): could not prove post-condition (see also FStar.ModifiesGen.fsti(463,2-463,91))
FStar.ModifiesGen.fst(632,72-632,74): (Warning 252) (Hint-replay failed): could not prove post-condition (see also FStar.ModifiesGen.fsti(468,2-468,78))
FStar.ModifiesGen.fst(634,94-634,96): (Warning 252) (Hint-replay failed): could not prove post-condition (see also FStar.ModifiesGen.fsti(473,2-473,95))
FStar.ModifiesGen.fst(636,78-636,80): (Warning 252) (Hint-replay failed): could not prove post-condition (see also FStar.ModifiesGen.fsti(478,2-478,73))
FStar.ModifiesGen.fst(922,4-922,10): (Warning 252) (Hint-replay failed): assertion failed (see also FStar.ModifiesGen.fst(922,11-922,52))
FStar.ModifiesGen.fst(977,20-977,25): (Warning 252) (Hint-replay failed): assertion failed (see also FStar.ModifiesGen.fsti(599,15-599,55))
FStar.ModifiesGen.fst(993,55-993,57): (Warning 252) (Hint-replay failed): could not prove post-condition (see also FStar.ModifiesGen.fsti(649,4-649,20))
FStar.ModifiesGen.fst(1001,2-1001,8): (Warning 252) (Hint-replay failed): assertion failed (see also FStar.ModifiesGen.fst(1001,9-1001,49))
FStar.ModifiesGen.fst(1006,62-1006,64): (Warning 252) (Hint-replay failed): could not prove post-condition (see also FStar.ModifiesGen.fsti(694,11-694,31))
FStar.ModifiesGen.fst(1014,4-1014,10): (Warning 252) (Hint-replay failed): assertion failed (see also FStar.ModifiesGen.fst(1014,11-1014,113))
FStar.ModifiesGen.fst(1034,79-1034,81): (Warning 252) (Hint-replay failed): could not prove post-condition (see also FStar.ModifiesGen.fsti(726,11-726,45))
FStar.ModifiesGen.fst(1057,2-1057,23): (Warning 252) (Hint-replay failed): assertion failed (see also FStar.ModifiesGen.fsti(682,33-682,51))
FStar.ModifiesGen.fst(1085,2-1085,8): (Warning 252) (Hint-replay failed): assertion failed (see also FStar.ModifiesGen.fst(1085,9-1085,48))
FStar.ModifiesGen.fst(1131,2-1131,8): (Warning 252) (Hint-replay failed): assertion failed (see also FStar.ModifiesGen.fst(1131,9-1131,121))
FStar.ModifiesGen.fst(1139,2-1139,55): (Warning 252) (Hint-replay failed): could not prove post-condition (see also FStar.ModifiesGen.fst(1138,2-1138,45))
FStar.ModifiesGen.fst(1147,2-1147,4): (Warning 252) (Hint-replay failed): could not prove post-condition (see also FStar.ModifiesGen.fst(1146,2-1146,98))
FStar.ModifiesGen.fst(1155,2-1155,55): (Warning 252) (Hint-replay failed): could not prove post-condition (see also FStar.ModifiesGen.fst(1154,2-1154,66))
FStar.ModifiesGen.fst(1170,2-1170,23): (Warning 252) (Hint-replay failed): assertion failed (see also FStar.ModifiesGen.fsti(682,33-682,51))
FStar.ModifiesGen.fst(1262,4-1262,6): (Warning 252) (Hint-replay failed): could not prove post-condition (see also FStar.ModifiesGen.fst(721,34-721,60))
FStar.ModifiesGen.fst(1307,2-1312,105): (Warning 252) (Hint-replay failed): could not prove post-condition (see also FStar.ModifiesGen.fsti(868,2-868,59))
FStar.ModifiesGen.fst(1325,20-1325,22): (Warning 252) (Hint-replay failed): could not prove post-condition (see also FStar.ModifiesGen.fsti(503,34-503,59))
FStar.ModifiesGen.fst(1361,2-1361,8): (Warning 252) (Hint-replay failed): assertion failed (see also FStar.ModifiesGen.fst(1361,76-1361,95))
FStar.ModifiesGen.fst(1386,42-1386,44): (Warning 252) (Hint-replay failed): could not prove post-condition (see also FStar.ModifiesGen.fsti(963,11-963,69))
FStar.ModifiesGen.fst(1388,46-1388,48): (Warning 252) (Hint-replay failed): could not prove post-condition (see also FStar.ModifiesGen.fsti(967,11-967,73))
FStar.ModifiesGen.fst(1391,2-1391,121): (Warning 252) (Hint-replay failed): could not prove post-condition (see also FStar.ModifiesGen.fsti(970,2-970,58))
FStar.ModifiesGen.fst(1397,2-1397,8): (Warning 252) (Hint-replay failed): assertion failed (see also FStar.ModifiesGen.fst(1397,9-1397,35))
FStar.ModifiesGen.fst(1407,2-1407,8): (Warning 252) (Hint-replay failed): assertion failed (see also FStar.ModifiesGen.fst(1407,9-1407,32))
FStar.ModifiesGen.fst(1419,2-1419,8): (Warning 252) (Hint-replay failed): assertion failed (see also FStar.ModifiesGen.fst(1419,9-1419,48))
FStar.ModifiesGen.fst(1433,2-1433,20): (Warning 252) (Hint-replay failed): assertion failed (see also FStar.ModifiesGen.fsti(230,35-230,53))
FStar.ModifiesGen.fst(1667,2-1667,4): (Warning 252) (Hint-replay failed): could not prove post-condition (see also FStar.ModifiesGen.fst(1665,2-1665,73))
FStar.ModifiesGen.fst(1675,9-1675,171): (Warning 252) (Hint-replay failed): assertion failed
FStar.ModifiesGen.fst(1705,2-1705,8): (Warning 252) (Hint-replay failed): assertion failed (see also FStar.ModifiesGen.fst(1705,9-1705,39))
FStar.ModifiesGen.fst(1731,41-1731,60): (Warning 252) (Hint-replay failed): could not prove post-condition
FStar.ModifiesGen.fst(1801,2-1801,8): (Warning 252) (Hint-replay failed): assertion failed (see also FStar.ModifiesGen.fst(1804,4-1804,53))
FStar.ModifiesGen.fst(1827,2-1835,39): (Warning 252) (Hint-replay failed): could not prove post-condition (see also FStar.ModifiesGen.fst(1826,11-1826,42))
FStar.ModifiesGen.fst(1872,4-1872,10): (Warning 252) (Hint-replay failed): assertion failed (see also FStar.ModifiesGen.fst(1872,11-1872,74))
FStar.ModifiesGen.fst(1894,4-1894,10): (Warning 252) (Hint-replay failed): assertion failed (see also FStar.ModifiesGen.fst(1894,11-1905,7))
FStar.ModifiesGen.fst(1937,4-1937,21): (Warning 252) (Hint-replay failed): Subtyping check failed; expected type aux:
FStar.Ghost.erased (FStar.GSet.set (FStar.ModifiesGen.aloc (c b)))
{ FStar.GSet.subset (FStar.ModifiesGen.aloc_domain (c b) regions live_addrs)
(FStar.Ghost.reveal aux) /\
FStar.GSet.subset (FStar.Ghost.reveal aux)
(FStar.ModifiesGen.aloc_domain (c b) regions (fun _ -> FStar.GSet.complement FStar.GSet.empty)
) }; got type FStar.Ghost.erased (FStar.GSet.set (FStar.ModifiesGen.aloc (c b))) (see also FStar.ModifiesGen.fst(54,8-54,71))
FStar.ModifiesGen.fst(1940,9-1940,68): (Warning 252) (Hint-replay failed): assertion failed
FStar.ModifiesGen.fst(1946,9-1946,119): (Warning 252) (Hint-replay failed): assertion failed
FStar.ModifiesGen.fst(1949,9-1949,121): (Warning 252) (Hint-replay failed): assertion failed
FStar.ModifiesGen.fst(1952,9-1952,113): (Warning 252) (Hint-replay failed): assertion failed
FStar.ModifiesGen.fst(2009,9-2009,98): (Warning 252) (Hint-replay failed): assertion failed
FStar.ModifiesGen.fst(2026,2-2026,8): (Warning 252) (Hint-replay failed): assertion failed (see also FStar.ModifiesGen.fst(2026,9-2026,167))
FStar.ModifiesGen.fst(2037,2-2037,8): (Warning 252) (Hint-replay failed): assertion failed (see also FStar.ModifiesGen.fst(2037,21-2037,70))
FStar.ModifiesGen.fst(2046,2-2046,8): (Warning 252) (Hint-replay failed): assertion failed (see also FStar.ModifiesGen.fst(2046,21-2046,68))
FStar.ModifiesGen.fst(2075,9-2075,56): (Warning 252) (Hint-replay failed): assertion failed
FStar.ModifiesGen.fst(2078,9-2078,48): (Warning 252) (Hint-replay failed): assertion failed
FStar.ModifiesGen.fst(2084,9-2084,98): (Warning 252) (Hint-replay failed): assertion failed
make[3]: Target 'verify-core' not remade because of errors.
make[2]: *** [Makefile:12: all] Error 2
make[1]: *** [Makefile:193: fstarlib] Error 2
make: *** [Makefile:176: utest-prelude] Error 2
Command exited with non-zero status 2
14.35user 53.65system 12:34.76elapsed 9%CPU (0avgtext+0avgdata 24713748maxresident)k
0inputs+0outputs (6471199major+0minor)pagefaults 0swaps
