make[1]: *** [Makefile:18: fstar-in-fsharp] Error 1
make: *** [Makefile:156: fsharp-build-and-test] Error 2
make: Target 'utest-prelude' not remade because of errors.
Command exited with non-zero status 2
0.03user 0.24system 0:21.98elapsed 1%CPU (0avgtext+0avgdata 6331136maxresident)k
0inputs+0outputs (25736major+0minor)pagefaults 0swaps
