From https://github.com/mitls/mitls-fstar
39ab3b2f..5a7ffafd  quic_model -> origin/quic_model
From https://github.com/mitls/hacl-star
f8b10b56..8bd949dd  fstar-master -> origin/fstar-master
7da0ef5a..d17b2109  pqcrypto     -> origin/pqcrypto
From https://github.com/project-everest/vale
e9f08dc..3d86f62  lowstar-views -> origin/lowstar-views
make: *** [Makefile:78: extracted/Makefile.include] Error 1
make: *** Waiting for unfinished jobs....
make: *** [Makefile:84: uint128/Makefile.include] Error 1
dos2unix: converting file parser/parse.fsi to Unix format...
Warning: you are using the standard library and/or the %inline keyword. We
recommend switching on --infer in order to avoid obscure type error messages.
C:/build/agent2/_work/2/s/src/fstar/FStar.Interactive.CompletionTable.fs(209,8-209,8): (Error 114) Pattern matching a non-inductive type
1 error was reported (see above)
make[2]: *** [Makefile.boot:66: .cache.boot/FStar.Interactive.CompletionTable.fs.checked.lax] Error 1
C:/build/agent2/_work/2/s/src/syntax/FStar.Syntax.Syntax.fs(481,6-481,11): (Error 114) Pattern matching a non-inductive type
1 error was reported (see above)
make[2]: *** [Makefile.boot:65: .cache.boot/FStar.Syntax.Syntax.fs.checked.lax] Error 1
C:/build/agent2/_work/2/s/src/extraction/FStar.Extraction.ML.Syntax.fs(79,23-79,27): (Error 114) Pattern matching a non-inductive type
1 error was reported (see above)
make[2]: *** [Makefile.boot:65: .cache.boot/FStar.Extraction.ML.Syntax.fs.checked.lax] Error 1
C:/build/agent2/_work/2/s/src/parser/FStar.Parser.ToDocument.fs(548,8-548,8): (Error 114) Pattern matching a non-inductive type
1 error was reported (see above)
make[2]: *** [Makefile.boot:65: .cache.boot/FStar.Parser.ToDocument.fs.checked.lax] Error 1
C:/build/agent2/_work/2/s/src/syntax/FStar.Syntax.InstFV.fs(124,8-124,8): (Error 114) Pattern matching a non-inductive type
1 error was reported (see above)
make[2]: *** [Makefile.boot:65: .cache.boot/FStar.Syntax.InstFV.fs.checked.lax] Error 1
C:/build/agent2/_work/2/s/src/syntax/FStar.Syntax.MutRecTy.fs(54,19-54,47): (Error 114) Pattern matching a non-inductive type
1 error was reported (see above)
make[2]: *** [Makefile.boot:65: .cache.boot/FStar.Syntax.MutRecTy.fs.checked.lax] Error 1
C:/build/agent2/_work/2/s/src/syntax/FStar.Syntax.Subst.fs(208,4-208,18): (Error 114) Pattern matching a non-inductive type
1 error was reported (see above)
make[2]: *** [Makefile.boot:65: .cache.boot/FStar.Syntax.Subst.fs.checked.lax] Error 1
C:/build/agent2/_work/2/s/src/syntax/FStar.Syntax.Util.fs(559,19-559,32): (Error 114) Pattern matching a non-inductive type
1 error was reported (see above)
make[2]: *** [Makefile.boot:65: .cache.boot/FStar.Syntax.Util.fs.checked.lax] Error 1
C:/build/agent2/_work/2/s/src/smtencoding/FStar.SMTEncoding.Z3.fs(367,15-367,17): (Error 114) Pattern matching a non-inductive type
1 error was reported (see above)
make[2]: *** [Makefile.boot:65: .cache.boot/FStar.SMTEncoding.Z3.fs.checked.lax] Error 1
C:/build/agent2/_work/2/s/src/parser/FStar.Parser.Driver.fs(39,19-39,28): (Error 114) Pattern matching a non-inductive type
1 error was reported (see above)
make[2]: *** [Makefile.boot:65: .cache.boot/FStar.Parser.Driver.fs.checked.lax] Error 1
make[2]: Target 'all-ml' not remade because of errors.
make[1]: *** [Makefile:121: ocaml] Error 2
make[1]: Target 'fstar-ocaml' not remade because of errors.
make: *** [Makefile:169: utest-prelude] Error 2
Command exited with non-zero status 2
3.88user 12.86system 2:37.58elapsed 10%CPU (0avgtext+0avgdata 314737152maxresident)k
0inputs+0outputs (1309834major+0minor)pagefaults 0swaps
