From https://github.com/mitls/hacl-star
82118bd7c..f5a40c9f6  _vale        -> origin/_vale
82118bd7c..f5a40c9f6  fstar-master -> origin/fstar-master
make: *** [Makefile:83: extracted/Makefile.include] Error 1
make: *** Waiting for unfinished jobs....
make: *** [Makefile:93: dist/uint128/Makefile.include] Error 1
dos2unix: converting file parser/parse.fsi to Unix format...
Warning: you are using the standard library and/or the %inline keyword. We
recommend switching on --infer in order to avoid obscure type error messages.
warning: CRLF will be replaced by LF in src/parser/parse.fsy.
The file will have its original line endings in your working directory.
FStar.Monotonic.Map.fst(65,20-65,31): (Warning 288) FStar.HyperStack.ST.stable_on_t is deprecated, use FStar.HyperStack.ST.stable_on instead
FStar.Monotonic.Map.fst(84,4-84,14): (Warning 288) FStar.HyperStack.ST.mr_witness is deprecated, use FStar.HyperStack.ST.witness_p instead
FStar.Monotonic.Map.fst(85,4-85,14): (Warning 288) FStar.HyperStack.ST.mr_witness is deprecated, use FStar.HyperStack.ST.witness_p instead
FStar.Monotonic.Map.fst(105,8-105,18): (Warning 288) FStar.HyperStack.ST.mr_witness is deprecated, use FStar.HyperStack.ST.witness_p instead
FStar.Monotonic.Map.fst(106,8-106,18): (Warning 288) FStar.HyperStack.ST.mr_witness is deprecated, use FStar.HyperStack.ST.witness_p instead
FStar.Monotonic.DependentMap.fsti(135,24-135,35): (Warning 288) FStar.HyperStack.ST.stable_on_t is deprecated, use FStar.HyperStack.ST.stable_on instead
FStar.Monotonic.DependentMap.fsti(147,24-147,35): (Warning 288) FStar.HyperStack.ST.stable_on_t is deprecated, use FStar.HyperStack.ST.stable_on instead
FStar.Monotonic.DependentMap.fst(53,4-53,14): (Warning 288) FStar.HyperStack.ST.mr_witness is deprecated, use FStar.HyperStack.ST.witness_p instead
FStar.Monotonic.DependentMap.fst(61,6-61,16): (Warning 288) FStar.HyperStack.ST.mr_witness is deprecated, use FStar.HyperStack.ST.witness_p instead
FStar.Monotonic.Seq.fst(60,19-60,30): (Warning 288) FStar.HyperStack.ST.stable_on_t is deprecated, use FStar.HyperStack.ST.stable_on instead
FStar.Monotonic.Seq.fst(80,4-80,14): (Warning 288) FStar.HyperStack.ST.mr_witness is deprecated, use FStar.HyperStack.ST.witness_p instead
FStar.Monotonic.Seq.fst(102,19-102,30): (Warning 288) FStar.HyperStack.ST.stable_on_t is deprecated, use FStar.HyperStack.ST.stable_on instead
FStar.Monotonic.Seq.fst(109,19-109,30): (Warning 288) FStar.HyperStack.ST.stable_on_t is deprecated, use FStar.HyperStack.ST.stable_on instead
FStar.Monotonic.Seq.fst(142,4-142,14): (Warning 288) FStar.HyperStack.ST.mr_witness is deprecated, use FStar.HyperStack.ST.witness_p instead
FStar.Monotonic.Seq.fst(160,2-160,12): (Warning 288) FStar.HyperStack.ST.mr_witness is deprecated, use FStar.HyperStack.ST.witness_p instead
FStar.Monotonic.Seq.fst(168,2-168,12): (Warning 288) FStar.HyperStack.ST.mr_witness is deprecated, use FStar.HyperStack.ST.witness_p instead
FStar.Monotonic.Seq.fst(259,10-259,21): (Warning 288) FStar.HyperStack.ST.stable_on_t is deprecated, use FStar.HyperStack.ST.stable_on instead
FStar.Monotonic.Seq.fst(273,11-273,22): (Warning 288) FStar.HyperStack.ST.stable_on_t is deprecated, use FStar.HyperStack.ST.stable_on instead
FStar.Monotonic.Seq.fst(320,11-320,22): (Warning 288) FStar.HyperStack.ST.stable_on_t is deprecated, use FStar.HyperStack.ST.stable_on instead
FStar.Monotonic.Seq.fst(343,11-343,22): (Warning 288) FStar.HyperStack.ST.stable_on_t is deprecated, use FStar.HyperStack.ST.stable_on instead
FStar.Monotonic.Seq.fst(369,11-369,22): (Warning 288) FStar.HyperStack.ST.stable_on_t is deprecated, use FStar.HyperStack.ST.stable_on instead
FStar.Monotonic.Seq.fst(386,4-386,14): (Warning 288) FStar.HyperStack.ST.mr_witness is deprecated, use FStar.HyperStack.ST.witness_p instead
FStar.Monotonic.Seq.fst(403,4-403,14): (Warning 288) FStar.HyperStack.ST.mr_witness is deprecated, use FStar.HyperStack.ST.witness_p instead
LowStar.Monotonic.Buffer.fsti(1585,51-1585,68): (Warning 288) FStar.Monotonic.HyperStack.is_eternal_region is deprecated, use FStar.HyperStack.ST.is_eternal_region instead
LowStar.Monotonic.Buffer.fsti(1585,51-1585,68): (Warning 288) FStar.Monotonic.HyperStack.is_eternal_region is deprecated, use FStar.HyperStack.ST.is_eternal_region instead
FStar.Monotonic.Witnessed.fst(292,47-292,49): (Warning 252) (Hint-replay failed): could not prove post-condition (see also FStar.Monotonic.Witnessed.fsti(28,70-28,85))
FStar.Monotonic.Witnessed.fst(296,44-296,70): (Warning 252) (Hint-replay failed): could not prove post-condition (see also FStar.Monotonic.Witnessed.fsti(35,39-35,74))
FStar.Monotonic.Witnessed.fst(298,42-298,44): (Warning 252) (Hint-replay failed): could not prove post-condition (see also FStar.Monotonic.Witnessed.fsti(40,37-40,100))
FStar.Monotonic.Witnessed.fst(303,6-303,95): (Warning 252) (Hint-replay failed): could not prove post-condition (see also FStar.Monotonic.Witnessed.fst(302,30-302,67))
FStar.Monotonic.Witnessed.fst(307,40-307,42): (Warning 252) (Hint-replay failed): could not prove post-condition (see also FStar.Monotonic.Witnessed.fsti(52,75-52,110))
FStar.Monotonic.Witnessed.fst(312,6-312,15): (Warning 252) (Hint-replay failed): assertion failed (see also FStar.Monotonic.Witnessed.fst(106,50-106,55))
FStar.Monotonic.Witnessed.fst(319,6-319,18): (Warning 252) (Hint-replay failed): assertion failed (see also FStar.Monotonic.Witnessed.fst(211,63-211,83))
FStar.Monotonic.Witnessed.fst(323,45-323,47): (Warning 252) (Hint-replay failed): could not prove post-condition (see also FStar.Monotonic.Witnessed.fsti(70,74-70,114))
FStar.List.Tot.Base.fst(267,10-267,12): (Warning 252) (Hint-replay failed): Subtyping check failed; expected type m:
Prims.list a
{ forall (u29960: FStar.Pervasives.Native.option (x: Prims.unit{Prims.hasEq a})).
FStar.List.Tot.Base.mem_filter_spec f m u29960 }; got type Prims.list a (see also FStar.List.Tot.Base.fst(265,86-265,107))
FStar.List.Tot.Base.fst(277,2-279,4): (Warning 252) (Hint-replay failed): could not prove post-condition (see also FStar.List.Tot.Base.fst(275,11-275,16))
FStar.List.Tot.Base.fst(267,10-267,12): (Warning 252) (Hint-replay failed): Subtyping check failed; expected type m:
Prims.list a
{ forall (u66531: FStar.Pervasives.Native.option (x: Prims.unit{Prims.hasEq a})).
FStar.List.Tot.Base.mem_filter_spec f m u66531 }; got type Prims.list a (see also FStar.List.Tot.Base.fst(265,86-265,107))
FStar.Relational.Comp.fst(48,34-48,68): (Warning 252) (Hint-replay failed): assertion failed (see also FStar.Pervasives.fst(36,2-36,33))
FStar.MRef.fst(13,14-13,26): (Warning 252) (Hint-replay failed): Subtyping check failed; expected type p: FStar.ST.heap_predicate{FStar.ST.stable p}; got type h: FStar.Monotonic.Heap.heap -> Prims.Tot Prims.logical (see also FStar.ST.fst(48,41-48,49))
FStar.MRef.fst(20,2-20,13): (Warning 252) (Hint-replay failed): assertion failed (see also FStar.ST.fst(50,69-50,77))
FStar.MRef.fst(25,29-25,39): (Warning 252) (Hint-replay failed): assertion failed (see also FStar.ST.fst(51,69-51,77))
FStar.Algebra.Monoid.fst(28,4-28,19): (Warning 252) (Hint-replay failed): Subtyping check failed; expected type Prims.squash (FStar.Algebra.Monoid.right_unitality_lemma m
(Monoid?.unit projectee)
(Monoid?.mult projectee)); got type Prims.squash (FStar.Algebra.Monoid.right_unitality_lemma m unit mult) (see also FStar.Algebra.Monoid.fst(28,27-28,62))
FStar.Algebra.Monoid.fst(29,4-29,18): (Warning 252) (Hint-replay failed): Subtyping check failed; expected type Prims.squash (FStar.Algebra.Monoid.left_unitality_lemma m
(Monoid?.unit projectee)
(Monoid?.mult projectee)); got type Prims.squash (FStar.Algebra.Monoid.left_unitality_lemma m unit mult) (see also FStar.Algebra.Monoid.fst(29,26-29,60))
FStar.Algebra.Monoid.fst(30,4-30,17): (Warning 252) (Hint-replay failed): Subtyping check failed; expected type Prims.squash (FStar.Algebra.Monoid.associativity_lemma m (Monoid?.mult projectee)); got type Prims.squash (FStar.Algebra.Monoid.associativity_lemma m mult) (see also FStar.Algebra.Monoid.fst(30,25-30,53))
FStar.Algebra.Monoid.fst(39,2-39,24): (Warning 252) (Hint-replay failed): could not prove post-condition (see also FStar.Algebra.Monoid.fst(37,48-37,71))
FStar.Algebra.Monoid.fst(127,2-127,14): (Warning 252) (Hint-replay failed): assertion failed (see also FStar.Algebra.Monoid.fst(36,15-36,45))
FStar.Algebra.Monoid.fst(186,4-186,14): (Warning 252) (Hint-replay failed): Subtyping check failed; expected type Prims.squash (FStar.Algebra.Monoid.mult_act_lemma m a (Monoid?.mult mm) (LAct?.act projectee)); got type Prims.squash (FStar.Algebra.Monoid.mult_act_lemma m a (Monoid?.mult mm) act) (see also FStar.Algebra.Monoid.fst(186,23-186,65))
FStar.Algebra.Monoid.fst(187,4-187,14): (Warning 252) (Hint-replay failed): Subtyping check failed; expected type Prims.squash (FStar.Algebra.Monoid.unit_act_lemma m a (Monoid?.unit mm) (LAct?.act projectee)); got type Prims.squash (FStar.Algebra.Monoid.unit_act_lemma m a (Monoid?.unit mm) act) (see also FStar.Algebra.Monoid.fst(187,23-187,65))
FStar.Algebra.Monoid.fst(28,4-28,19): (Warning 252) (Hint-replay failed): Subtyping check failed; expected type Prims.squash (FStar.Algebra.Monoid.right_unitality_lemma m
(Monoid?.unit projectee)
(Monoid?.mult projectee)); got type Prims.squash (FStar.Algebra.Monoid.right_unitality_lemma m unit mult) (see also FStar.Algebra.Monoid.fst(28,27-28,62))
FStar.Algebra.Monoid.fst(29,4-29,18): (Warning 252) (Hint-replay failed): Subtyping check failed; expected type Prims.squash (FStar.Algebra.Monoid.left_unitality_lemma m
(Monoid?.unit projectee)
(Monoid?.mult projectee)); got type Prims.squash (FStar.Algebra.Monoid.left_unitality_lemma m unit mult) (see also FStar.Algebra.Monoid.fst(29,26-29,60))
FStar.Algebra.Monoid.fst(30,4-30,17): (Warning 252) (Hint-replay failed): Subtyping check failed; expected type Prims.squash (FStar.Algebra.Monoid.associativity_lemma m (Monoid?.mult projectee)); got type Prims.squash (FStar.Algebra.Monoid.associativity_lemma m mult) (see also FStar.Algebra.Monoid.fst(30,25-30,53))
FStar.Algebra.Monoid.fst(39,2-39,24): (Warning 252) (Hint-replay failed): could not prove post-condition (see also FStar.Algebra.Monoid.fst(37,48-37,71))
FStar.Algebra.Monoid.fst(127,2-127,14): (Warning 252) (Hint-replay failed): assertion failed (see also FStar.Algebra.Monoid.fst(36,15-36,45))
FStar.Algebra.Monoid.fst(186,4-186,14): (Warning 252) (Hint-replay failed): Subtyping check failed; expected type Prims.squash (FStar.Algebra.Monoid.mult_act_lemma m a (Monoid?.mult mm) (LAct?.act projectee)); got type Prims.squash (FStar.Algebra.Monoid.mult_act_lemma m a (Monoid?.mult mm) act) (see also FStar.Algebra.Monoid.fst(186,23-186,65))
FStar.Algebra.Monoid.fst(187,4-187,14): (Warning 252) (Hint-replay failed): Subtyping check failed; expected type Prims.squash (FStar.Algebra.Monoid.unit_act_lemma m a (Monoid?.unit mm) (LAct?.act projectee)); got type Prims.squash (FStar.Algebra.Monoid.unit_act_lemma m a (Monoid?.unit mm) act) (see also FStar.Algebra.Monoid.fst(187,23-187,65))
FStar.Monotonic.Heap.fst(185,64-185,66): (Warning 252) (Hint-replay failed): could not prove post-condition (see also FStar.Monotonic.Heap.fsti(202,13-202,50))
FStar.Monotonic.Heap.fst(207,2-207,8): (Warning 252) (Hint-replay failed): assertion failed (see also FStar.Monotonic.Heap.fst(207,9-207,21))
FStar.List.Tot.Properties.fst(858,2-858,37): (Warning 252) (Hint-replay failed): could not prove post-condition (see also FStar.List.Tot.Properties.fst(856,12-856,18))
FStar.List.Tot.Properties.fst(858,2-858,37): (Warning 252) could not prove post-condition (see also FStar.List.Tot.Properties.fst(856,12-856,18))
FStar.List.Tot.Properties.fst(887,2-888,24): (Warning 252) (Hint-replay failed): could not prove post-condition (see also FStar.List.Tot.Properties.fst(886,12-886,18))
FStar.Monotonic.HyperStack.fsti(350,4-350,33): (Warning 252) (Hint-replay failed): assertion failed (see also FStar.Monotonic.HyperStack.fsti(54,12-57,66))
FStar.OrdSet.fst(48,16-48,18): (Warning 252) (Hint-replay failed): Subtyping check failed; expected type Prims.eqtype; got type Type0 (see also prims.fst(27,22-27,29))
FStar.Monotonic.DependentMap.fsti(135,24-135,35): (Warning 288) FStar.HyperStack.ST.stable_on_t is deprecated, use FStar.HyperStack.ST.stable_on instead
FStar.Monotonic.DependentMap.fsti(147,24-147,35): (Warning 288) FStar.HyperStack.ST.stable_on_t is deprecated, use FStar.HyperStack.ST.stable_on instead
FStar.Monotonic.DependentMap.fsti(135,24-135,35): (Warning 288) FStar.HyperStack.ST.stable_on_t is deprecated, use FStar.HyperStack.ST.stable_on instead
FStar.Monotonic.DependentMap.fsti(147,24-147,35): (Warning 288) FStar.HyperStack.ST.stable_on_t is deprecated, use FStar.HyperStack.ST.stable_on instead
FStar.Monotonic.DependentMap.fst(53,4-53,14): (Warning 288) FStar.HyperStack.ST.mr_witness is deprecated, use FStar.HyperStack.ST.witness_p instead
FStar.Monotonic.DependentMap.fst(61,6-61,16): (Warning 288) FStar.HyperStack.ST.mr_witness is deprecated, use FStar.HyperStack.ST.witness_p instead
FStar.Monotonic.DependentMap.fst(67,4-67,10): (Warning 252) (Hint-replay failed): assertion failed (see also FStar.Monotonic.DependentMap.fst(67,11-68,76))
(Warning 252) (Hint-replay failed): could not prove post-condition
FStar.Monotonic.Map.fst(65,20-65,31): (Warning 288) FStar.HyperStack.ST.stable_on_t is deprecated, use FStar.HyperStack.ST.stable_on instead
FStar.Monotonic.Map.fst(84,4-84,14): (Warning 288) FStar.HyperStack.ST.mr_witness is deprecated, use FStar.HyperStack.ST.witness_p instead
FStar.Monotonic.Map.fst(85,4-85,14): (Warning 288) FStar.HyperStack.ST.mr_witness is deprecated, use FStar.HyperStack.ST.witness_p instead
FStar.Monotonic.Map.fst(105,8-105,18): (Warning 288) FStar.HyperStack.ST.mr_witness is deprecated, use FStar.HyperStack.ST.witness_p instead
FStar.Monotonic.Map.fst(106,8-106,18): (Warning 288) FStar.HyperStack.ST.mr_witness is deprecated, use FStar.HyperStack.ST.witness_p instead
FStar.Monotonic.Map.fst(28,2-29,71): (Warning 252) (Hint-replay failed): assertion failed (see also FStar.Preorder.fst(12,40-12,56))
FStar.Monotonic.Map.fst(66,4-66,6): (Warning 252) (Hint-replay failed): could not prove post-condition (see also FStar.HyperStack.ST.fsti(461,64-461,68))
FStar.Monotonic.Map.fst(82,6-82,8): (Warning 252) (Hint-replay failed): assertion failed (see also FStar.HyperStack.ST.fsti(404,59-404,77))
FStar.Monotonic.Map.fst(105,8-105,18): (Warning 252) (Hint-replay failed): assertion failed (see also FStar.HyperStack.ST.fsti(461,64-461,68))
FStar.Monotonic.HyperStack.fst(42,42-42,44): (Warning 252) (Hint-replay failed): could not prove post-condition (see also FStar.Monotonic.HyperStack.fsti(118,12-118,46))
FStar.Monotonic.HyperStack.fst(44,37-44,39): (Warning 252) (Hint-replay failed): could not prove post-condition (see also FStar.Monotonic.HyperStack.fsti(61,18-61,51))
FStar.Monotonic.HyperStack.fst(46,32-46,34): (Warning 252) (Hint-replay failed): could not prove post-condition (see also FStar.Monotonic.HyperStack.fsti(130,19-130,41))
FStar.Monotonic.HyperStack.fst(48,34-48,36): (Warning 252) (Hint-replay failed): could not prove post-condition (see also FStar.Monotonic.HyperStack.fsti(137,20-137,76))
FStar.Monotonic.HyperStack.fst(50,24-50,26): (Warning 252) (Hint-replay failed): could not prove post-condition (see also FStar.Monotonic.HyperStack.fsti(146,9-146,59))
FStar.Monotonic.HyperStack.fst(52,28-52,30): (Warning 252) (Hint-replay failed): could not prove post-condition (see also FStar.Monotonic.HyperStack.fsti(155,19-155,69))
FStar.Monotonic.HyperStack.fst(54,27-54,29): (Warning 252) (Hint-replay failed): could not prove post-condition (see also FStar.Monotonic.HyperStack.fsti(162,106-162,142))
FStar.Monotonic.HyperStack.fsti(181,4-181,25): (Warning 252) (Hint-replay failed): could not prove post-condition (see also FStar.Monotonic.HyperStack.fsti(180,19-180,45))
FStar.Monotonic.HyperStack.fsti(350,4-350,33): (Warning 252) (Hint-replay failed): assertion failed (see also FStar.Monotonic.HyperStack.fsti(54,12-57,66))
FStar.Monotonic.HyperStack.fst(73,55-73,57): (Warning 252) (Hint-replay failed): could not prove post-condition (see also FStar.Monotonic.HyperStack.fst(72,17-72,31))
FStar.Monotonic.HyperStack.fst(93,32-93,34): (Warning 252) (Hint-replay failed): could not prove post-condition (see also FStar.Monotonic.HyperStack.fsti(401,13-401,48))
FStar.Monotonic.HyperStack.fst(95,36-95,38): (Warning 252) (Hint-replay failed): could not prove post-condition (see also FStar.Monotonic.HyperStack.fsti(456,9-456,33))
FStar.HyperStack.ST.fst(112,47-112,49): (Warning 252) (Hint-replay failed): could not prove post-condition (see also FStar.HyperStack.ST.fsti(136,72-136,104))
FStar.HyperStack.ST.fst(113,48-113,50): (Warning 252) (Hint-replay failed): could not prove post-condition (see also FStar.HyperStack.ST.fsti(106,4-106,70))
FStar.HyperStack.ST.fst(114,49-114,51): (Warning 252) (Hint-replay failed): could not prove post-condition (see also FStar.HyperStack.ST.fsti(144,78-144,112))
FStar.HyperStack.ST.fst(115,50-115,52): (Warning 252) (Hint-replay failed): could not prove post-condition (see also FStar.HyperStack.ST.fsti(106,4-106,70))
FStar.HyperStack.ST.fst(116,51-116,53): (Warning 252) (Hint-replay failed): could not prove post-condition (see also FStar.HyperStack.ST.fsti(152,79-152,115))
FStar.HyperStack.ST.fst(117,52-117,54): (Warning 252) (Hint-replay failed): could not prove post-condition (see also FStar.HyperStack.ST.fsti(106,4-106,70))
FStar.HyperStack.ST.fst(118,57-118,59): (Warning 252) (Hint-replay failed): could not prove post-condition (see also FStar.HyperStack.ST.fsti(161,85-161,127))
FStar.HyperStack.ST.fst(119,58-119,60): (Warning 252) (Hint-replay failed): could not prove post-condition (see also FStar.HyperStack.ST.fsti(106,4-106,70))
FStar.HyperStack.ST.fst(141,4-141,15): (Warning 252) (Hint-replay failed): assertion failed (see also FStar.HyperStack.ST.fsti(59,77-59,85))
FStar.HyperStack.ST.fst(163,2-163,13): (Warning 252) (Hint-replay failed): assertion failed (see also FStar.HyperStack.ST.fsti(59,77-59,85))
FStar.HyperStack.ST.fst(172,2-172,13): (Warning 252) (Hint-replay failed): assertion failed (see also FStar.HyperStack.ST.fsti(59,77-59,85))
FStar.HyperStack.ST.fst(186,4-186,15): (Warning 252) (Hint-replay failed): assertion failed (see also FStar.HyperStack.ST.fsti(59,77-59,85))
FStar.HyperStack.ST.fst(230,23-230,34): (Warning 252) (Hint-replay failed): assertion failed (see also FStar.HyperStack.ST.fsti(59,77-59,85))
FStar.HyperStack.ST.fst(235,2-235,13): (Warning 252) (Hint-replay failed): assertion failed (see also FStar.HyperStack.ST.fsti(59,77-59,85))
FStar.HyperStack.ST.fst(244,2-244,13): (Warning 252) (Hint-replay failed): assertion failed (see also FStar.HyperStack.ST.fsti(59,77-59,85))
FStar.HyperStack.ST.fst(257,2-257,12): (Warning 252) (Hint-replay failed): assertion failed (see also FStar.HyperStack.ST.fsti(60,69-60,80))
FStar.HyperStack.ST.fst(261,50-261,52): (Warning 252) (Hint-replay failed): Subtyping check failed; expected type Prims.squash (forall (x: c). FStar.HyperStack.ST.witnessed (p' x)); got type Prims.unit (see also FStar.HyperStack.ST.fst(261,30-261,46))
FStar.HyperStack.ST.fst(279,2-279,13): (Warning 252) (Hint-replay failed): assertion failed (see also FStar.HyperStack.ST.fsti(59,77-59,85))
FStar.Seq.Properties.fst(535,2-538,29): (Warning 252) (Hint-replay failed): could not prove post-condition (see also FStar.Seq.Properties.fst(533,20-533,28))
FStar.Monotonic.Seq.fst(60,19-60,30): (Warning 288) FStar.HyperStack.ST.stable_on_t is deprecated, use FStar.HyperStack.ST.stable_on instead
FStar.Monotonic.Seq.fst(80,4-80,14): (Warning 288) FStar.HyperStack.ST.mr_witness is deprecated, use FStar.HyperStack.ST.witness_p instead
FStar.Monotonic.Seq.fst(102,19-102,30): (Warning 288) FStar.HyperStack.ST.stable_on_t is deprecated, use FStar.HyperStack.ST.stable_on instead
FStar.Monotonic.Seq.fst(109,19-109,30): (Warning 288) FStar.HyperStack.ST.stable_on_t is deprecated, use FStar.HyperStack.ST.stable_on instead
FStar.Monotonic.Seq.fst(142,4-142,14): (Warning 288) FStar.HyperStack.ST.mr_witness is deprecated, use FStar.HyperStack.ST.witness_p instead
FStar.Monotonic.Seq.fst(160,2-160,12): (Warning 288) FStar.HyperStack.ST.mr_witness is deprecated, use FStar.HyperStack.ST.witness_p instead
FStar.Monotonic.Seq.fst(168,2-168,12): (Warning 288) FStar.HyperStack.ST.mr_witness is deprecated, use FStar.HyperStack.ST.witness_p instead
FStar.Monotonic.Seq.fst(259,10-259,21): (Warning 288) FStar.HyperStack.ST.stable_on_t is deprecated, use FStar.HyperStack.ST.stable_on instead
FStar.Monotonic.Seq.fst(273,11-273,22): (Warning 288) FStar.HyperStack.ST.stable_on_t is deprecated, use FStar.HyperStack.ST.stable_on instead
FStar.Monotonic.Seq.fst(320,11-320,22): (Warning 288) FStar.HyperStack.ST.stable_on_t is deprecated, use FStar.HyperStack.ST.stable_on instead
FStar.Monotonic.Seq.fst(343,11-343,22): (Warning 288) FStar.HyperStack.ST.stable_on_t is deprecated, use FStar.HyperStack.ST.stable_on instead
FStar.Monotonic.Seq.fst(369,11-369,22): (Warning 288) FStar.HyperStack.ST.stable_on_t is deprecated, use FStar.HyperStack.ST.stable_on instead
FStar.Monotonic.Seq.fst(386,4-386,14): (Warning 288) FStar.HyperStack.ST.mr_witness is deprecated, use FStar.HyperStack.ST.witness_p instead
FStar.Monotonic.Seq.fst(403,4-403,14): (Warning 288) FStar.HyperStack.ST.mr_witness is deprecated, use FStar.HyperStack.ST.witness_p instead
FStar.Monotonic.Seq.fst(28,4-29,111): (Warning 252) (Hint-replay failed): assertion failed (see also FStar.Preorder.fst(12,40-12,56))
FStar.Monotonic.Seq.fst(41,4-41,6): (Warning 252) (Hint-replay failed): could not prove post-condition (see also FStar.Monotonic.Seq.fst(39,12-39,36))
FStar.Monotonic.Seq.fst(61,4-61,6): (Warning 252) (Hint-replay failed): could not prove post-condition (see also FStar.HyperStack.ST.fsti(461,64-461,68))
FStar.Monotonic.Seq.fst(103,4-103,6): (Warning 252) (Hint-replay failed): could not prove post-condition (see also FStar.HyperStack.ST.fsti(461,64-461,68))
FStar.Monotonic.Seq.fst(248,4-248,6): (Warning 252) (Hint-replay failed): could not prove post-condition (see also FStar.Monotonic.Seq.fst(247,8-247,35))
FStar.Monotonic.Seq.fst(260,4-260,6): (Warning 252) (Hint-replay failed): could not prove post-condition (see also FStar.HyperStack.ST.fsti(461,64-461,68))
FStar.Monotonic.Seq.fst(274,4-274,6): (Warning 252) (Hint-replay failed): could not prove post-condition (see also FStar.HyperStack.ST.fsti(461,64-461,68))
FStar.Monotonic.Seq.fst(303,38-303,44): (Warning 252) (Hint-replay failed): assertion failed (see also FStar.Monotonic.Seq.fst(303,45-303,62))
FStar.Monotonic.Seq.fst(344,4-344,46): (Warning 252) (Hint-replay failed): could not prove post-condition (see also FStar.HyperStack.ST.fsti(461,64-461,68))
FStar.Monotonic.Seq.fst(385,4-387,17): (Warning 252) (Hint-replay failed): could not prove post-condition (see also FStar.Monotonic.Seq.fst(380,5-380,25))
FStar.Monotonic.Seq.fst(403,36-403,37): (Warning 252) (Hint-replay failed): Subtyping check failed; expected type Prims.nat; got type Prims.int (see also prims.fst(410,17-410,23))
FStar.Monotonic.Seq.fst(413,4-413,11): (Warning 252) (Hint-replay failed): assertion failed (see also FStar.HyperStack.ST.fsti(478,37-478,48))
FStar.Monotonic.Seq.fst(417,12-417,18): (Warning 252) (Hint-replay failed): Subtyping check failed; expected type Prims.eqtype; got type Type0 (see also prims.fst(27,22-27,29))
FStar.Monotonic.Seq.fst(417,12-417,18): (Warning 252) (Hint-replay failed): Subtyping check failed; expected type Prims.eqtype; got type Type0 (see also prims.fst(27,22-27,29))
FStar.Pointer.Base.fsti(306,36-306,37): (Warning 252) (Hint-replay failed): Subtyping check failed; expected type FStar.Pointer.Base.type_of_struct_field s f; got type FStar.Pointer.Base.type_of_struct_field s _ (see also FStar.Pointer.Base.fsti(212,10-212,34))
LowStar.Monotonic.Buffer.fsti(1585,51-1585,68): (Warning 288) FStar.Monotonic.HyperStack.is_eternal_region is deprecated, use FStar.HyperStack.ST.is_eternal_region instead
LowStar.Monotonic.Buffer.fsti(272,28-272,33): (Warning 252) (Hint-replay failed): assertion failed (see also LowStar.Monotonic.Buffer.fsti(240,11-241,60))
LowStar.Monotonic.Buffer.fsti(282,30-282,35): (Warning 252) (Hint-replay failed): assertion failed (see also LowStar.Monotonic.Buffer.fsti(240,11-241,60))
LowStar.Monotonic.Buffer.fsti(292,24-292,29): (Warning 252) (Hint-replay failed): assertion failed (see also LowStar.Monotonic.Buffer.fsti(240,11-241,60))
LowStar.Monotonic.Buffer.fsti(302,28-302,33): (Warning 252) (Hint-replay failed): assertion failed (see also LowStar.Monotonic.Buffer.fsti(240,11-241,60))
LowStar.Monotonic.Buffer.fsti(308,28-308,33): (Warning 252) (Hint-replay failed): assertion failed (see also LowStar.Monotonic.Buffer.fsti(240,11-241,60))
LowStar.Monotonic.Buffer.fsti(330,36-330,41): (Warning 252) (Hint-replay failed): assertion failed (see also LowStar.Monotonic.Buffer.fsti(240,11-241,60))
LowStar.Monotonic.Buffer.fsti(347,29-347,34): (Warning 252) (Hint-replay failed): assertion failed (see also LowStar.Monotonic.Buffer.fsti(240,11-241,60))
LowStar.Monotonic.Buffer.fsti(570,47-570,52): (Warning 252) (Hint-replay failed): assertion failed (see also LowStar.Monotonic.Buffer.fsti(240,11-241,60))
LowStar.Monotonic.Buffer.fsti(578,4-578,6): (Warning 252) (Hint-replay failed): assertion failed (see also LowStar.Monotonic.Buffer.fsti(240,11-241,60))
LowStar.Monotonic.Buffer.fsti(586,46-586,51): (Warning 252) (Hint-replay failed): assertion failed (see also LowStar.Monotonic.Buffer.fsti(240,11-241,60))
LowStar.Monotonic.Buffer.fsti(851,46-851,51): (Warning 252) (Hint-replay failed): assertion failed (see also LowStar.Monotonic.Buffer.fsti(240,11-241,60))
FStar.Integers.fst(414,5-428,43): (Warning 252) (Hint-replay failed): Patterns are incomplete
FStar.Integers.fst(440,5-454,43): (Warning 252) (Hint-replay failed): Patterns are incomplete
FStar.Tactics.Typeclasses.fst(77,4-123,16): (Warning 252) (Hint-replay failed): Patterns are incomplete
FStar.Tactics.Typeclasses.fst(77,4-123,16): (Warning 252) (Hint-replay failed): Patterns are incomplete
LowStar.BufferView.fsti(34,11-34,14): (Warning 252) (Hint-replay failed): Subtyping check failed; expected type put:
(_: b -> Prims.GTot (FStar.Seq.Properties.lseq a (View?.n projectee)))
{LowStar.BufferView.inverses (View?.get projectee) put}; got type put: (_: b -> Prims.GTot (FStar.Seq.Properties.lseq a n)){LowStar.BufferView.inverses get put} (see also LowStar.BufferView.fsti(35,13-35,29))
LowStar.UninitializedBuffer.fst(19,15-20,128): (Warning 252) (Hint-replay failed): assertion failed (see also FStar.Preorder.fst(12,40-12,56))
LowStar.UninitializedBuffer.fst(70,4-70,7): (Warning 252) (Hint-replay failed): assertion failed (see also LowStar.Monotonic.Buffer.fsti(1759,36-1759,87))
LowStar.UninitializedBuffer.fst(164,4-164,13): (Warning 252) (Hint-replay failed): assertion failed (see also LowStar.Monotonic.Buffer.fsti(1802,90-1802,94))
LowStar.UninitializedBuffer.fst(19,15-20,128): (Warning 252) (Hint-replay failed): assertion failed (see also FStar.Preorder.fst(12,40-12,56))
FStar.ConstantTime.Integers.fst(35,30-35,32): (Warning 252) (Hint-replay failed): could not prove post-condition (see also FStar.ConstantTime.Integers.fsti(51,10-51,42))
prims.fst(410,17-410,23): (Warning 252) (Hint-replay failed): Subtyping check failed; expected type Prims.eqtype; got type Type0 (see also prims.fst(27,22-27,29))
prims.fst(410,17-410,23): (Warning 252) (Hint-replay failed): Subtyping check failed; expected type Prims.eqtype; got type Type0 (see also prims.fst(27,22-27,29))
prims.fst(410,17-410,23): (Warning 252) (Hint-replay failed): Subtyping check failed; expected type Prims.eqtype; got type Type0 (see also prims.fst(27,22-27,29))
LowStar.BufferView.fsti(34,11-34,14): (Warning 252) (Hint-replay failed): Subtyping check failed; expected type put:
(_: b -> Prims.GTot (FStar.Seq.Properties.lseq a (View?.n projectee)))
{LowStar.BufferView.inverses (View?.get projectee) put}; got type put: (_: b -> Prims.GTot (FStar.Seq.Properties.lseq a n)){LowStar.BufferView.inverses get put} (see also LowStar.BufferView.fsti(35,13-35,29))
LowStar.BufferView.fst(79,31-79,33): (Warning 252) (Hint-replay failed): Subtyping check failed; expected type FStar.Seq.Properties.lseq (FStar.Pervasives.dfst vb)
(LowStar.Monotonic.Buffer.length (LowStar.BufferView.as_buffer vb)); got type FStar.Seq.Base.seq (FStar.Pervasives.dfst vb) (see also FStar.Seq.Properties.fst(24,19-24,36))
LowStar.BufferView.fst(164,38-164,40): (Warning 252) (Hint-replay failed): Subtyping check failed; expected type FStar.Seq.Properties.lseq (FStar.Pervasives.dfst vb)
(LowStar.Monotonic.Buffer.length (LowStar.BufferView.as_buffer vb)); got type FStar.Seq.Base.seq (FStar.Pervasives.dfst vb) (see also FStar.Seq.Properties.fst(24,19-24,36))
FStar.Buffer.fst(167,6-167,23): (Warning 252) (Hint-replay failed): assertion failed (see also FStar.Set.fsti(90,26-90,45))
FStar.Buffer.fst(65,4-65,10): (Warning 252) (Hint-replay failed): Subtyping check failed; expected type Prims.nat; got type FStar.UInt.uint_t FStar.UInt32.n (see also prims.fst(410,17-410,23))
(Warning 252) (Hint-replay failed): assertion failed
FStar.Printf.fst(179,21-179,98): (Warning 252) (Hint-replay failed): Subtyping check failed; expected type (match
let FStar.Pervasives.Native.Some v =
match FStar.String.list_of_string s with
| [] -> FStar.Pervasives.Native.Some []
| ['%'] -> FStar.Pervasives.Native.None
| '%' :: 'u' :: s' ->
(match s' with
| 'y' :: s'' ->
(match FStar.Printf.parse_format s'' FStar.Printf.no_extensions with
| FStar.Pervasives.Native.None  -> FStar.Pervasives.Native.None
| FStar.Pervasives.Native.Some ds ->
FStar.Pervasives.Native.Some (FStar.Printf.Arg (FStar.Printf.U8) :: ds))
<:
Prims.Tot (FStar.Pervasives.Native.option (Prims.list FStar.Printf.dir))
| 's' :: s'' ->
(match FStar.Printf.parse_format s'' FStar.Printf.no_extensions with
| FStar.Pervasives.Native.None  -> FStar.Pervasives.Native.None
| FStar.Pervasives.Native.Some ds ->
FStar.Pervasives.Native.Some (FStar.Printf.Arg (FStar.Printf.U16) :: ds))
<:
Prims.Tot (FStar.Pervasives.Native.option (Prims.list FStar.Printf.dir))
| 'l' :: s'' ->
(match FStar.Printf.parse_format s'' FStar.Printf.no_extensions with
| FStar.Pervasives.Native.None  -> FStar.Pervasives.Native.None
| FStar.Pervasives.Native.Some ds ->
FStar.Pervasives.Native.Some (FStar.Printf.Arg (FStar.Printf.U32) :: ds))
<:
Prims.Tot (FStar.Pervasives.Native.option (Prims.list FStar.Printf.dir))
| 'L' :: s'' ->
(match FStar.Printf.parse_format s'' FStar.Printf.no_extensions with
| FStar.Pervasives.Native.None  -> FStar.Pervasives.Native.None
| FStar.Pervasives.Native.Some ds ->
FStar.Pervasives.Native.Some (FStar.Printf.Arg (FStar.Printf.U64) :: ds))
<:
Prims.Tot (FStar.Pervasives.Native.option (Prims.list FStar.Printf.dir))
| _ -> FStar.Pervasives.Native.None)
<:
FStar.Pervasives.Native.option (Prims.list FStar.Printf.dir)
| '%' :: 'X' :: s' ->
(match FStar.Printf.no_extensions s' with
| FStar.Pervasives.Native.Some (ext, rest) ->
(match FStar.Printf.parse_format rest FStar.Printf.no_extensions with
| FStar.Pervasives.Native.None  -> FStar.Pervasives.Native.None
| FStar.Pervasives.Native.Some ds ->
FStar.Pervasives.Native.Some (FStar.Printf.Arg (FStar.Printf.Extension ext) :: ds))
<:
Prims.Tot (FStar.Pervasives.Native.option (Prims.list FStar.Printf.dir))
| _ -> FStar.Pervasives.Native.None)
<:
FStar.Pervasives.Native.option (Prims.list FStar.Printf.dir)
| '%' :: c :: s' ->
(match c with
| '%' ->
(match FStar.Printf.parse_format s' FStar.Printf.no_extensions with
| FStar.Pervasives.Native.None  -> FStar.Pervasives.Native.None
| FStar.Pervasives.Native.Some ds ->
FStar.Pervasives.Native.Some (FStar.Printf.Lit '%' :: ds))
<:
Prims.Tot (FStar.Pervasives.Native.option (Prims.list FStar.Printf.dir))
| 'b' ->
(match FStar.Printf.parse_format s' FStar.Printf.no_extensions with
| FStar.Pervasives.Native.None  -> FStar.Pervasives.Native.None
| FStar.Pervasives.Native.Some ds ->
FStar.Pervasives.Native.Some (FStar.Printf.Arg (FStar.Printf.Bool) :: ds))
<:
Prims.Tot (FStar.Pervasives.Native.option (Prims.list FStar.Printf.dir))
| 'd' ->
(match FStar.Printf.parse_format s' FStar.Printf.no_extensions with
| FStar.Pervasives.Native.None  -> FStar.Pervasives.Native.None
| FStar.Pervasives.Native.Some ds ->
FStar.Pervasives.Native.Some (FStar.Printf.Arg (FStar.Printf.Int) :: ds))
<:
Prims.Tot (FStar.Pervasives.Native.option (Prims.list FStar.Printf.dir))
| 'c' ->
(match FStar.Printf.parse_format s' FStar.Printf.no_extensions with
| FStar.Pervasives.Native.None  -> FStar.Pervasives.Native.None
| FStar.Pervasives.Native.Some ds ->
FStar.Pervasives.Native.Some (FStar.Printf.Arg (FStar.Printf.Char) :: ds))
<:
Prims.Tot (FStar.Pervasives.Native.option (Prims.list FStar.Printf.dir))
| 's' ->
(match FStar.Printf.parse_format s' FStar.Printf.no_extensions with
| FStar.Pervasives.Native.None  -> FStar.Pervasives.Native.None
| FStar.Pervasives.Native.Some ds ->
FStar.Pervasives.Native.Some (FStar.Printf.Arg (FStar.Printf.String) :: ds))
<:
Prims.Tot (FStar.Pervasives.Native.option (Prims.list FStar.Printf.dir))
| 'y' ->
(match FStar.Printf.parse_format s' FStar.Printf.no_extensions with
| FStar.Pervasives.Native.None  -> FStar.Pervasives.Native.None
| FStar.Pervasives.Native.Some ds ->
FStar.Pervasives.Native.Some (FStar.Printf.Arg (FStar.Printf.I8) :: ds))
<:
Prims.Tot (FStar.Pervasives.Native.option (Prims.list FStar.Printf.dir))
| 'i' ->
(match FStar.Printf.parse_format s' FStar.Printf.no_extensions with
| FStar.Pervasives.Native.None  -> FStar.Pervasives.Native.None
| FStar.Pervasives.Native.Some ds ->
FStar.Pervasives.Native.Some (FStar.Printf.Arg (FStar.Printf.I16) :: ds))
<:
Prims.Tot (FStar.Pervasives.Native.option (Prims.list FStar.Printf.dir))
| 'l' ->
(match FStar.Printf.parse_format s' FStar.Printf.no_extensions with
| FStar.Pervasives.Native.None  -> FStar.Pervasives.Native.None
| FStar.Pervasives.Native.Some ds ->
FStar.Pervasives.Native.Some (FStar.Printf.Arg (FStar.Printf.I32) :: ds))
<:
Prims.Tot (FStar.Pervasives.Native.option (Prims.list FStar.Printf.dir))
| 'L' ->
(match FStar.Printf.parse_format s' FStar.Printf.no_extensions with
| FStar.Pervasives.Native.None  -> FStar.Pervasives.Native.None
| FStar.Pervasives.Native.Some ds ->
FStar.Pervasives.Native.Some (FStar.Printf.Arg (FStar.Printf.I64) :: ds))
<:
Prims.Tot (FStar.Pervasives.Native.option (Prims.list FStar.Printf.dir))
| _ -> FStar.Pervasives.Native.None)
<:
FStar.Pervasives.Native.option (Prims.list FStar.Printf.dir)
| c :: s' ->
(match FStar.Printf.parse_format s' FStar.Printf.no_extensions with
| FStar.Pervasives.Native.None  -> FStar.Pervasives.Native.None
| FStar.Pervasives.Native.Some ds ->
FStar.Pervasives.Native.Some (FStar.Printf.Lit c :: ds))
<:
Prims.Tot (FStar.Pervasives.Native.option (Prims.list FStar.Printf.dir))
in
v
with
| [] -> Prims.string
| FStar.Printf.Lit _ :: ds' -> FStar.Printf.dir_type ds'
| FStar.Printf.Arg a :: ds' -> _: FStar.Printf.arg_type a -> Prims.Tot (FStar.Printf.dir_type ds')
)
<:
Type0; got type FStar.Printf.dir_type (Some?.v (FStar.Printf.parse_format_string s FStar.Printf.no_extensions))
FStar.Printf.fst(190,21-190,94): (Warning 252) (Hint-replay failed): Subtyping check failed; expected type (match
let FStar.Pervasives.Native.Some v =
match FStar.String.list_of_string s with
| [] -> FStar.Pervasives.Native.Some []
| ['%'] -> FStar.Pervasives.Native.None
| '%' :: 'u' :: s' ->
(match s' with
| 'y' :: s'' ->
(match FStar.Printf.parse_format s'' parse_ext with
| FStar.Pervasives.Native.None  -> FStar.Pervasives.Native.None
| FStar.Pervasives.Native.Some ds ->
FStar.Pervasives.Native.Some (FStar.Printf.Arg (FStar.Printf.U8) :: ds))
<:
Prims.Tot (FStar.Pervasives.Native.option (Prims.list FStar.Printf.dir))
| 's' :: s'' ->
(match FStar.Printf.parse_format s'' parse_ext with
| FStar.Pervasives.Native.None  -> FStar.Pervasives.Native.None
| FStar.Pervasives.Native.Some ds ->
FStar.Pervasives.Native.Some (FStar.Printf.Arg (FStar.Printf.U16) :: ds))
<:
Prims.Tot (FStar.Pervasives.Native.option (Prims.list FStar.Printf.dir))
| 'l' :: s'' ->
(match FStar.Printf.parse_format s'' parse_ext with
| FStar.Pervasives.Native.None  -> FStar.Pervasives.Native.None
| FStar.Pervasives.Native.Some ds ->
FStar.Pervasives.Native.Some (FStar.Printf.Arg (FStar.Printf.U32) :: ds))
<:
Prims.Tot (FStar.Pervasives.Native.option (Prims.list FStar.Printf.dir))
| 'L' :: s'' ->
(match FStar.Printf.parse_format s'' parse_ext with
| FStar.Pervasives.Native.None  -> FStar.Pervasives.Native.None
| FStar.Pervasives.Native.Some ds ->
FStar.Pervasives.Native.Some (FStar.Printf.Arg (FStar.Printf.U64) :: ds))
<:
Prims.Tot (FStar.Pervasives.Native.option (Prims.list FStar.Printf.dir))
| _ -> FStar.Pervasives.Native.None)
<:
FStar.Pervasives.Native.option (Prims.list FStar.Printf.dir)
| '%' :: 'X' :: s' ->
(match parse_ext s' with
| FStar.Pervasives.Native.Some (ext, rest) ->
(match FStar.Printf.parse_format rest parse_ext with
| FStar.Pervasives.Native.None  -> FStar.Pervasives.Native.None
| FStar.Pervasives.Native.Some ds ->
FStar.Pervasives.Native.Some (FStar.Printf.Arg (FStar.Printf.Extension ext) :: ds))
<:
Prims.Tot (FStar.Pervasives.Native.option (Prims.list FStar.Printf.dir))
| _ -> FStar.Pervasives.Native.None)
<:
FStar.Pervasives.Native.option (Prims.list FStar.Printf.dir)
| '%' :: c :: s' ->
(match c with
| '%' ->
(match FStar.Printf.parse_format s' parse_ext with
| FStar.Pervasives.Native.None  -> FStar.Pervasives.Native.None
| FStar.Pervasives.Native.Some ds ->
FStar.Pervasives.Native.Some (FStar.Printf.Lit '%' :: ds))
<:
Prims.Tot (FStar.Pervasives.Native.option (Prims.list FStar.Printf.dir))
| 'b' ->
(match FStar.Printf.parse_format s' parse_ext with
| FStar.Pervasives.Native.None  -> FStar.Pervasives.Native.None
| FStar.Pervasives.Native.Some ds ->
FStar.Pervasives.Native.Some (FStar.Printf.Arg (FStar.Printf.Bool) :: ds))
<:
Prims.Tot (FStar.Pervasives.Native.option (Prims.list FStar.Printf.dir))
| 'd' ->
(match FStar.Printf.parse_format s' parse_ext with
| FStar.Pervasives.Native.None  -> FStar.Pervasives.Native.None
| FStar.Pervasives.Native.Some ds ->
FStar.Pervasives.Native.Some (FStar.Printf.Arg (FStar.Printf.Int) :: ds))
<:
Prims.Tot (FStar.Pervasives.Native.option (Prims.list FStar.Printf.dir))
| 'c' ->
(match FStar.Printf.parse_format s' parse_ext with
| FStar.Pervasives.Native.None  -> FStar.Pervasives.Native.None
| FStar.Pervasives.Native.Some ds ->
FStar.Pervasives.Native.Some (FStar.Printf.Arg (FStar.Printf.Char) :: ds))
<:
Prims.Tot (FStar.Pervasives.Native.option (Prims.list FStar.Printf.dir))
| 's' ->
(match FStar.Printf.parse_format s' parse_ext with
| FStar.Pervasives.Native.None  -> FStar.Pervasives.Native.None
| FStar.Pervasives.Native.Some ds ->
FStar.Pervasives.Native.Some (FStar.Printf.Arg (FStar.Printf.String) :: ds))
<:
Prims.Tot (FStar.Pervasives.Native.option (Prims.list FStar.Printf.dir))
| 'y' ->
(match FStar.Printf.parse_format s' parse_ext with
| FStar.Pervasives.Native.None  -> FStar.Pervasives.Native.None
| FStar.Pervasives.Native.Some ds ->
FStar.Pervasives.Native.Some (FStar.Printf.Arg (FStar.Printf.I8) :: ds))
<:
Prims.Tot (FStar.Pervasives.Native.option (Prims.list FStar.Printf.dir))
| 'i' ->
(match FStar.Printf.parse_format s' parse_ext with
| FStar.Pervasives.Native.None  -> FStar.Pervasives.Native.None
| FStar.Pervasives.Native.Some ds ->
FStar.Pervasives.Native.Some (FStar.Printf.Arg (FStar.Printf.I16) :: ds))
<:
Prims.Tot (FStar.Pervasives.Native.option (Prims.list FStar.Printf.dir))
| 'l' ->
(match FStar.Printf.parse_format s' parse_ext with
| FStar.Pervasives.Native.None  -> FStar.Pervasives.Native.None
| FStar.Pervasives.Native.Some ds ->
FStar.Pervasives.Native.Some (FStar.Printf.Arg (FStar.Printf.I32) :: ds))
<:
Prims.Tot (FStar.Pervasives.Native.option (Prims.list FStar.Printf.dir))
| 'L' ->
(match FStar.Printf.parse_format s' parse_ext with
| FStar.Pervasives.Native.None  -> FStar.Pervasives.Native.None
| FStar.Pervasives.Native.Some ds ->
FStar.Pervasives.Native.Some (FStar.Printf.Arg (FStar.Printf.I64) :: ds))
<:
Prims.Tot (FStar.Pervasives.Native.option (Prims.list FStar.Printf.dir))
| _ -> FStar.Pervasives.Native.None)
<:
FStar.Pervasives.Native.option (Prims.list FStar.Printf.dir)
| c :: s' ->
(match FStar.Printf.parse_format s' parse_ext with
| FStar.Pervasives.Native.None  -> FStar.Pervasives.Native.None
| FStar.Pervasives.Native.Some ds ->
FStar.Pervasives.Native.Some (FStar.Printf.Lit c :: ds))
<:
Prims.Tot (FStar.Pervasives.Native.option (Prims.list FStar.Printf.dir))
in
v
with
| [] -> Prims.string
| FStar.Printf.Lit _ :: ds' -> FStar.Printf.dir_type ds'
| FStar.Printf.Arg a :: ds' -> _: FStar.Printf.arg_type a -> Prims.Tot (FStar.Printf.dir_type ds')
)
<:
Type0; got type FStar.Printf.dir_type (Some?.v (FStar.Printf.parse_format_string s parse_ext))
(Warning 252) (Hint-replay failed): assertion failed
FStar.Printf.fst(179,21-179,98): (Warning 252) (Hint-replay failed): Subtyping check failed; expected type (match
let FStar.Pervasives.Native.Some v =
match FStar.String.list_of_string s with
| [] -> FStar.Pervasives.Native.Some []
| ['%'] -> FStar.Pervasives.Native.None
| '%' :: 'u' :: s' ->
(match s' with
| 'y' :: s'' ->
(match FStar.Printf.parse_format s'' FStar.Printf.no_extensions with
| FStar.Pervasives.Native.None  -> FStar.Pervasives.Native.None
| FStar.Pervasives.Native.Some ds ->
FStar.Pervasives.Native.Some (FStar.Printf.Arg (FStar.Printf.U8) :: ds))
<:
Prims.Tot (FStar.Pervasives.Native.option (Prims.list FStar.Printf.dir))
| 's' :: s'' ->
(match FStar.Printf.parse_format s'' FStar.Printf.no_extensions with
| FStar.Pervasives.Native.None  -> FStar.Pervasives.Native.None
| FStar.Pervasives.Native.Some ds ->
FStar.Pervasives.Native.Some (FStar.Printf.Arg (FStar.Printf.U16) :: ds))
<:
Prims.Tot (FStar.Pervasives.Native.option (Prims.list FStar.Printf.dir))
| 'l' :: s'' ->
(match FStar.Printf.parse_format s'' FStar.Printf.no_extensions with
| FStar.Pervasives.Native.None  -> FStar.Pervasives.Native.None
| FStar.Pervasives.Native.Some ds ->
FStar.Pervasives.Native.Some (FStar.Printf.Arg (FStar.Printf.U32) :: ds))
<:
Prims.Tot (FStar.Pervasives.Native.option (Prims.list FStar.Printf.dir))
| 'L' :: s'' ->
(match FStar.Printf.parse_format s'' FStar.Printf.no_extensions with
| FStar.Pervasives.Native.None  -> FStar.Pervasives.Native.None
| FStar.Pervasives.Native.Some ds ->
FStar.Pervasives.Native.Some (FStar.Printf.Arg (FStar.Printf.U64) :: ds))
<:
Prims.Tot (FStar.Pervasives.Native.option (Prims.list FStar.Printf.dir))
| _ -> FStar.Pervasives.Native.None)
<:
FStar.Pervasives.Native.option (Prims.list FStar.Printf.dir)
| '%' :: 'X' :: s' ->
(match FStar.Printf.no_extensions s' with
| FStar.Pervasives.Native.Some (ext, rest) ->
(match FStar.Printf.parse_format rest FStar.Printf.no_extensions with
| FStar.Pervasives.Native.None  -> FStar.Pervasives.Native.None
| FStar.Pervasives.Native.Some ds ->
FStar.Pervasives.Native.Some (FStar.Printf.Arg (FStar.Printf.Extension ext) :: ds))
<:
Prims.Tot (FStar.Pervasives.Native.option (Prims.list FStar.Printf.dir))
| _ -> FStar.Pervasives.Native.None)
<:
FStar.Pervasives.Native.option (Prims.list FStar.Printf.dir)
| '%' :: c :: s' ->
(match c with
| '%' ->
(match FStar.Printf.parse_format s' FStar.Printf.no_extensions with
| FStar.Pervasives.Native.None  -> FStar.Pervasives.Native.None
| FStar.Pervasives.Native.Some ds ->
FStar.Pervasives.Native.Some (FStar.Printf.Lit '%' :: ds))
<:
Prims.Tot (FStar.Pervasives.Native.option (Prims.list FStar.Printf.dir))
| 'b' ->
(match FStar.Printf.parse_format s' FStar.Printf.no_extensions with
| FStar.Pervasives.Native.None  -> FStar.Pervasives.Native.None
| FStar.Pervasives.Native.Some ds ->
FStar.Pervasives.Native.Some (FStar.Printf.Arg (FStar.Printf.Bool) :: ds))
<:
Prims.Tot (FStar.Pervasives.Native.option (Prims.list FStar.Printf.dir))
| 'd' ->
(match FStar.Printf.parse_format s' FStar.Printf.no_extensions with
| FStar.Pervasives.Native.None  -> FStar.Pervasives.Native.None
| FStar.Pervasives.Native.Some ds ->
FStar.Pervasives.Native.Some (FStar.Printf.Arg (FStar.Printf.Int) :: ds))
<:
Prims.Tot (FStar.Pervasives.Native.option (Prims.list FStar.Printf.dir))
| 'c' ->
(match FStar.Printf.parse_format s' FStar.Printf.no_extensions with
| FStar.Pervasives.Native.None  -> FStar.Pervasives.Native.None
| FStar.Pervasives.Native.Some ds ->
FStar.Pervasives.Native.Some (FStar.Printf.Arg (FStar.Printf.Char) :: ds))
<:
Prims.Tot (FStar.Pervasives.Native.option (Prims.list FStar.Printf.dir))
| 's' ->
(match FStar.Printf.parse_format s' FStar.Printf.no_extensions with
| FStar.Pervasives.Native.None  -> FStar.Pervasives.Native.None
| FStar.Pervasives.Native.Some ds ->
FStar.Pervasives.Native.Some (FStar.Printf.Arg (FStar.Printf.String) :: ds))
<:
Prims.Tot (FStar.Pervasives.Native.option (Prims.list FStar.Printf.dir))
| 'y' ->
(match FStar.Printf.parse_format s' FStar.Printf.no_extensions with
| FStar.Pervasives.Native.None  -> FStar.Pervasives.Native.None
| FStar.Pervasives.Native.Some ds ->
FStar.Pervasives.Native.Some (FStar.Printf.Arg (FStar.Printf.I8) :: ds))
<:
Prims.Tot (FStar.Pervasives.Native.option (Prims.list FStar.Printf.dir))
| 'i' ->
(match FStar.Printf.parse_format s' FStar.Printf.no_extensions with
| FStar.Pervasives.Native.None  -> FStar.Pervasives.Native.None
| FStar.Pervasives.Native.Some ds ->
FStar.Pervasives.Native.Some (FStar.Printf.Arg (FStar.Printf.I16) :: ds))
<:
Prims.Tot (FStar.Pervasives.Native.option (Prims.list FStar.Printf.dir))
| 'l' ->
(match FStar.Printf.parse_format s' FStar.Printf.no_extensions with
| FStar.Pervasives.Native.None  -> FStar.Pervasives.Native.None
| FStar.Pervasives.Native.Some ds ->
FStar.Pervasives.Native.Some (FStar.Printf.Arg (FStar.Printf.I32) :: ds))
<:
Prims.Tot (FStar.Pervasives.Native.option (Prims.list FStar.Printf.dir))
| 'L' ->
(match FStar.Printf.parse_format s' FStar.Printf.no_extensions with
| FStar.Pervasives.Native.None  -> FStar.Pervasives.Native.None
| FStar.Pervasives.Native.Some ds ->
FStar.Pervasives.Native.Some (FStar.Printf.Arg (FStar.Printf.I64) :: ds))
<:
Prims.Tot (FStar.Pervasives.Native.option (Prims.list FStar.Printf.dir))
| _ -> FStar.Pervasives.Native.None)
<:
FStar.Pervasives.Native.option (Prims.list FStar.Printf.dir)
| c :: s' ->
(match FStar.Printf.parse_format s' FStar.Printf.no_extensions with
| FStar.Pervasives.Native.None  -> FStar.Pervasives.Native.None
| FStar.Pervasives.Native.Some ds ->
FStar.Pervasives.Native.Some (FStar.Printf.Lit c :: ds))
<:
Prims.Tot (FStar.Pervasives.Native.option (Prims.list FStar.Printf.dir))
in
v
with
| [] -> Prims.string
| FStar.Printf.Lit _ :: ds' -> FStar.Printf.dir_type ds'
| FStar.Printf.Arg a :: ds' -> _: FStar.Printf.arg_type a -> Prims.Tot (FStar.Printf.dir_type ds')
)
<:
Type0; got type FStar.Printf.dir_type (Some?.v (FStar.Printf.parse_format_string s FStar.Printf.no_extensions))
FStar.Printf.fst(190,21-190,94): (Warning 252) (Hint-replay failed): Subtyping check failed; expected type (match
let FStar.Pervasives.Native.Some v =
match FStar.String.list_of_string s with
| [] -> FStar.Pervasives.Native.Some []
| ['%'] -> FStar.Pervasives.Native.None
| '%' :: 'u' :: s' ->
(match s' with
| 'y' :: s'' ->
(match FStar.Printf.parse_format s'' parse_ext with
| FStar.Pervasives.Native.None  -> FStar.Pervasives.Native.None
| FStar.Pervasives.Native.Some ds ->
FStar.Pervasives.Native.Some (FStar.Printf.Arg (FStar.Printf.U8) :: ds))
<:
Prims.Tot (FStar.Pervasives.Native.option (Prims.list FStar.Printf.dir))
| 's' :: s'' ->
(match FStar.Printf.parse_format s'' parse_ext with
| FStar.Pervasives.Native.None  -> FStar.Pervasives.Native.None
| FStar.Pervasives.Native.Some ds ->
FStar.Pervasives.Native.Some (FStar.Printf.Arg (FStar.Printf.U16) :: ds))
<:
Prims.Tot (FStar.Pervasives.Native.option (Prims.list FStar.Printf.dir))
| 'l' :: s'' ->
(match FStar.Printf.parse_format s'' parse_ext with
| FStar.Pervasives.Native.None  -> FStar.Pervasives.Native.None
| FStar.Pervasives.Native.Some ds ->
FStar.Pervasives.Native.Some (FStar.Printf.Arg (FStar.Printf.U32) :: ds))
<:
Prims.Tot (FStar.Pervasives.Native.option (Prims.list FStar.Printf.dir))
| 'L' :: s'' ->
(match FStar.Printf.parse_format s'' parse_ext with
| FStar.Pervasives.Native.None  -> FStar.Pervasives.Native.None
| FStar.Pervasives.Native.Some ds ->
FStar.Pervasives.Native.Some (FStar.Printf.Arg (FStar.Printf.U64) :: ds))
<:
Prims.Tot (FStar.Pervasives.Native.option (Prims.list FStar.Printf.dir))
| _ -> FStar.Pervasives.Native.None)
<:
FStar.Pervasives.Native.option (Prims.list FStar.Printf.dir)
| '%' :: 'X' :: s' ->
(match parse_ext s' with
| FStar.Pervasives.Native.Some (ext, rest) ->
(match FStar.Printf.parse_format rest parse_ext with
| FStar.Pervasives.Native.None  -> FStar.Pervasives.Native.None
| FStar.Pervasives.Native.Some ds ->
FStar.Pervasives.Native.Some (FStar.Printf.Arg (FStar.Printf.Extension ext) :: ds))
<:
Prims.Tot (FStar.Pervasives.Native.option (Prims.list FStar.Printf.dir))
| _ -> FStar.Pervasives.Native.None)
<:
FStar.Pervasives.Native.option (Prims.list FStar.Printf.dir)
| '%' :: c :: s' ->
(match c with
| '%' ->
(match FStar.Printf.parse_format s' parse_ext with
| FStar.Pervasives.Native.None  -> FStar.Pervasives.Native.None
| FStar.Pervasives.Native.Some ds ->
FStar.Pervasives.Native.Some (FStar.Printf.Lit '%' :: ds))
<:
Prims.Tot (FStar.Pervasives.Native.option (Prims.list FStar.Printf.dir))
| 'b' ->
(match FStar.Printf.parse_format s' parse_ext with
| FStar.Pervasives.Native.None  -> FStar.Pervasives.Native.None
| FStar.Pervasives.Native.Some ds ->
FStar.Pervasives.Native.Some (FStar.Printf.Arg (FStar.Printf.Bool) :: ds))
<:
Prims.Tot (FStar.Pervasives.Native.option (Prims.list FStar.Printf.dir))
| 'd' ->
(match FStar.Printf.parse_format s' parse_ext with
| FStar.Pervasives.Native.None  -> FStar.Pervasives.Native.None
| FStar.Pervasives.Native.Some ds ->
FStar.Pervasives.Native.Some (FStar.Printf.Arg (FStar.Printf.Int) :: ds))
<:
Prims.Tot (FStar.Pervasives.Native.option (Prims.list FStar.Printf.dir))
| 'c' ->
(match FStar.Printf.parse_format s' parse_ext with
| FStar.Pervasives.Native.None  -> FStar.Pervasives.Native.None
| FStar.Pervasives.Native.Some ds ->
FStar.Pervasives.Native.Some (FStar.Printf.Arg (FStar.Printf.Char) :: ds))
<:
Prims.Tot (FStar.Pervasives.Native.option (Prims.list FStar.Printf.dir))
| 's' ->
(match FStar.Printf.parse_format s' parse_ext with
| FStar.Pervasives.Native.None  -> FStar.Pervasives.Native.None
| FStar.Pervasives.Native.Some ds ->
FStar.Pervasives.Native.Some (FStar.Printf.Arg (FStar.Printf.String) :: ds))
<:
Prims.Tot (FStar.Pervasives.Native.option (Prims.list FStar.Printf.dir))
| 'y' ->
(match FStar.Printf.parse_format s' parse_ext with
| FStar.Pervasives.Native.None  -> FStar.Pervasives.Native.None
| FStar.Pervasives.Native.Some ds ->
FStar.Pervasives.Native.Some (FStar.Printf.Arg (FStar.Printf.I8) :: ds))
<:
Prims.Tot (FStar.Pervasives.Native.option (Prims.list FStar.Printf.dir))
| 'i' ->
(match FStar.Printf.parse_format s' parse_ext with
| FStar.Pervasives.Native.None  -> FStar.Pervasives.Native.None
| FStar.Pervasives.Native.Some ds ->
FStar.Pervasives.Native.Some (FStar.Printf.Arg (FStar.Printf.I16) :: ds))
<:
Prims.Tot (FStar.Pervasives.Native.option (Prims.list FStar.Printf.dir))
| 'l' ->
(match FStar.Printf.parse_format s' parse_ext with
| FStar.Pervasives.Native.None  -> FStar.Pervasives.Native.None
| FStar.Pervasives.Native.Some ds ->
FStar.Pervasives.Native.Some (FStar.Printf.Arg (FStar.Printf.I32) :: ds))
<:
Prims.Tot (FStar.Pervasives.Native.option (Prims.list FStar.Printf.dir))
| 'L' ->
(match FStar.Printf.parse_format s' parse_ext with
| FStar.Pervasives.Native.None  -> FStar.Pervasives.Native.None
| FStar.Pervasives.Native.Some ds ->
FStar.Pervasives.Native.Some (FStar.Printf.Arg (FStar.Printf.I64) :: ds))
<:
Prims.Tot (FStar.Pervasives.Native.option (Prims.list FStar.Printf.dir))
| _ -> FStar.Pervasives.Native.None)
<:
FStar.Pervasives.Native.option (Prims.list FStar.Printf.dir)
| c :: s' ->
(match FStar.Printf.parse_format s' parse_ext with
| FStar.Pervasives.Native.None  -> FStar.Pervasives.Native.None
| FStar.Pervasives.Native.Some ds ->
FStar.Pervasives.Native.Some (FStar.Printf.Lit c :: ds))
<:
Prims.Tot (FStar.Pervasives.Native.option (Prims.list FStar.Printf.dir))
in
v
with
| [] -> Prims.string
| FStar.Printf.Lit _ :: ds' -> FStar.Printf.dir_type ds'
| FStar.Printf.Arg a :: ds' -> _: FStar.Printf.arg_type a -> Prims.Tot (FStar.Printf.dir_type ds')
)
<:
Type0; got type FStar.Printf.dir_type (Some?.v (FStar.Printf.parse_format_string s parse_ext))
LowStar.Monotonic.Buffer.fsti(1585,51-1585,68): (Warning 288) FStar.Monotonic.HyperStack.is_eternal_region is deprecated, use FStar.HyperStack.ST.is_eternal_region instead
LowStar.Monotonic.Buffer.fsti(272,28-272,33): (Warning 252) (Hint-replay failed): assertion failed (see also LowStar.Monotonic.Buffer.fsti(240,11-241,60))
LowStar.Monotonic.Buffer.fsti(282,30-282,35): (Warning 252) (Hint-replay failed): assertion failed (see also LowStar.Monotonic.Buffer.fsti(240,11-241,60))
LowStar.Monotonic.Buffer.fsti(292,24-292,29): (Warning 252) (Hint-replay failed): assertion failed (see also LowStar.Monotonic.Buffer.fsti(240,11-241,60))
LowStar.Monotonic.Buffer.fsti(302,28-302,33): (Warning 252) (Hint-replay failed): assertion failed (see also LowStar.Monotonic.Buffer.fsti(240,11-241,60))
LowStar.Monotonic.Buffer.fsti(308,28-308,33): (Warning 252) (Hint-replay failed): assertion failed (see also LowStar.Monotonic.Buffer.fsti(240,11-241,60))
LowStar.Monotonic.Buffer.fsti(330,36-330,41): (Warning 252) (Hint-replay failed): assertion failed (see also LowStar.Monotonic.Buffer.fsti(240,11-241,60))
LowStar.Monotonic.Buffer.fsti(347,29-347,34): (Warning 252) (Hint-replay failed): assertion failed (see also LowStar.Monotonic.Buffer.fsti(240,11-241,60))
LowStar.Monotonic.Buffer.fsti(570,47-570,52): (Warning 252) (Hint-replay failed): assertion failed (see also LowStar.Monotonic.Buffer.fsti(240,11-241,60))
LowStar.Monotonic.Buffer.fst(625,2-625,21): (Warning 252) (Hint-replay failed): assertion failed (see also LowStar.Monotonic.Buffer.fst(617,20-617,139))
LowStar.Monotonic.Buffer.fsti(578,4-578,6): (Warning 252) (Hint-replay failed): assertion failed (see also LowStar.Monotonic.Buffer.fsti(240,11-241,60))
LowStar.Monotonic.Buffer.fsti(586,46-586,51): (Warning 252) (Hint-replay failed): assertion failed (see also LowStar.Monotonic.Buffer.fsti(240,11-241,60))
LowStar.Monotonic.Buffer.fst(631,2-631,21): (Warning 252) (Hint-replay failed): assertion failed (see also LowStar.Monotonic.Buffer.fst(617,20-617,139))
LowStar.Monotonic.Buffer.fst(644,90-644,134): (Warning 252) (Hint-replay failed): Subtyping check failed; expected type j:
Prims.nat
{ Mkubuffer_?.b_offset us - Mkubuffer_?.b_offset ul <= j &&
j <= FStar.Seq.Base.length (LowStar.Monotonic.Buffer.as_seq h1 larger) }; got type Prims.int
LowStar.Monotonic.Buffer.fsti(851,46-851,51): (Warning 252) (Hint-replay failed): assertion failed (see also LowStar.Monotonic.Buffer.fsti(240,11-241,60))
LowStar.Monotonic.Buffer.fst(682,2-682,21): (Warning 252) (Hint-replay failed): assertion failed (see also LowStar.Monotonic.Buffer.fst(676,20-676,139))
LowStar.Monotonic.Buffer.fst(912,2-914,9): (Warning 252) (Hint-replay failed): could not prove post-condition (see also LowStar.Monotonic.Buffer.fsti(1607,18-1607,32))
LowStar.Monotonic.Buffer.fst(916,2-918,166): (Warning 252) (Hint-replay failed): could not prove post-condition (see also LowStar.Monotonic.Buffer.fsti(1616,19-1616,54))
LowStar.Monotonic.Buffer.fst(929,4-929,23): (Warning 252) (Hint-replay failed): assertion failed (see also LowStar.Monotonic.Buffer.fst(676,20-676,139))
LowStar.Monotonic.Buffer.fst(954,29-954,30): (Warning 252) (Hint-replay failed): Subtyping check failed; expected type _: LowStar.Monotonic.Buffer.mbuffer _ _ _ {Buffer? _}; got type LowStar.Monotonic.Buffer.mbuffer _ _ _ (see also LowStar.Monotonic.Buffer.fst(73,4-73,10))
LowStar.Monotonic.Buffer.fst(965,2-971,61): (Warning 252) (Hint-replay failed): could not prove post-condition (see also LowStar.Monotonic.Buffer.fsti(1713,40-1713,73))
LowStar.Monotonic.Buffer.fst(983,4-983,23): (Warning 252) (Hint-replay failed): assertion failed (see also LowStar.Monotonic.Buffer.fst(787,19-787,39))
LowStar.Monotonic.Buffer.fst(1002,2-1004,166): (Warning 252) (Hint-replay failed): could not prove post-condition (see also LowStar.Monotonic.Buffer.fsti(1778,18-1778,61))
LowStar.Monotonic.Buffer.fst(1057,2-1058,139): (Warning 252) (Hint-replay failed): could not prove post-condition (see also LowStar.Monotonic.Buffer.fsti(1842,18-1842,72))
FStar.ModifiesGen.fst(210,9-210,54): (Warning 252) (Hint-replay failed): assertion failed
FStar.ModifiesGen.fst(213,9-213,84): (Warning 252) (Hint-replay failed): assertion failed
FStar.ModifiesGen.fst(231,42-231,44): (Warning 252) (Hint-replay failed): could not prove post-condition (see also FStar.ModifiesGen.fsti(167,45-167,50))
FStar.ModifiesGen.fst(372,9-372,109): (Warning 252) (Hint-replay failed): assertion failed
FStar.ModifiesGen.fst(395,2-395,51): (Warning 252) (Hint-replay failed): could not prove post-condition (see also FStar.ModifiesGen.fsti(224,2-224,20))
FStar.ModifiesGen.fst(406,2-406,111): (Warning 252) (Hint-replay failed): could not prove post-condition (see also FStar.ModifiesGen.fsti(231,11-231,31))
FStar.ModifiesGen.fst(408,42-408,44): (Warning 252) (Hint-replay failed): could not prove post-condition (see also FStar.ModifiesGen.fsti(238,11-238,45))
FStar.ModifiesGen.fst(418,8-418,14): (Warning 252) (Hint-replay failed): assertion failed (see also FStar.ModifiesGen.fst(418,15-418,50))
FStar.ModifiesGen.fst(425,33-425,35): (Warning 252) (Hint-replay failed): could not prove post-condition (see also FStar.ModifiesGen.fsti(251,2-251,27))
FStar.ModifiesGen.fst(430,43-430,45): (Warning 252) (Hint-replay failed): could not prove post-condition (see also FStar.ModifiesGen.fsti(268,11-268,65))
FStar.ModifiesGen.fst(444,2-444,4): (Warning 252) (Hint-replay failed): could not prove post-condition (see also FStar.ModifiesGen.fst(442,2-442,104))
FStar.ModifiesGen.fst(448,66-448,68): (Warning 252) (Hint-replay failed): could not prove post-condition (see also FStar.ModifiesGen.fsti(300,11-300,81))
FStar.ModifiesGen.fst(450,87-450,89): (Warning 252) (Hint-replay failed): could not prove post-condition (see also FStar.ModifiesGen.fsti(310,11-310,105))
FStar.ModifiesGen.fst(452,84-452,86): (Warning 252) (Hint-replay failed): could not prove post-condition (see also FStar.ModifiesGen.fsti(318,11-318,103))
FStar.ModifiesGen.fst(455,2-455,8): (Warning 252) (Hint-replay failed): assertion failed (see also FStar.ModifiesGen.fst(455,9-455,202))
FStar.ModifiesGen.fst(461,91-461,93): (Warning 252) (Hint-replay failed): could not prove post-condition (see also FStar.ModifiesGen.fsti(336,11-336,111))
FStar.ModifiesGen.fst(551,35-551,37): (Warning 252) (Hint-replay failed): could not prove post-condition (see also FStar.ModifiesGen.fsti(357,11-357,36))
FStar.ModifiesGen.fst(576,2-585,30): (Warning 252) (Hint-replay failed): could not prove post-condition (see also FStar.ModifiesGen.fsti(371,11-371,33))
FStar.ModifiesGen.fst(595,2-595,173): (Warning 252) (Hint-replay failed): could not prove post-condition (see also FStar.ModifiesGen.fsti(404,11-404,113))
FStar.ModifiesGen.fst(597,91-597,93): (Warning 252) (Hint-replay failed): could not prove post-condition (see also FStar.ModifiesGen.fsti(415,11-415,67))
FStar.ModifiesGen.fst(601,78-601,80): (Warning 252) (Hint-replay failed): could not prove post-condition (see also FStar.ModifiesGen.fsti(439,24-439,42))
FStar.ModifiesGen.fst(605,2-605,165): (Warning 252) (Hint-replay failed): could not prove post-condition (see also FStar.ModifiesGen.fsti(447,11-447,105))
FStar.ModifiesGen.fst(618,73-618,75): (Warning 252) (Hint-replay failed): could not prove post-condition (see also FStar.ModifiesGen.fsti(455,2-455,70))
FStar.ModifiesGen.fst(620,73-620,75): (Warning 252) (Hint-replay failed): could not prove post-condition (see also FStar.ModifiesGen.fsti(458,2-458,79))
FStar.ModifiesGen.fst(630,92-630,94): (Warning 252) (Hint-replay failed): could not prove post-condition (see also FStar.ModifiesGen.fsti(463,2-463,91))
FStar.ModifiesGen.fst(632,72-632,74): (Warning 252) (Hint-replay failed): could not prove post-condition (see also FStar.ModifiesGen.fsti(468,2-468,78))
FStar.ModifiesGen.fst(634,94-634,96): (Warning 252) (Hint-replay failed): could not prove post-condition (see also FStar.ModifiesGen.fsti(473,2-473,95))
FStar.ModifiesGen.fst(636,78-636,80): (Warning 252) (Hint-replay failed): could not prove post-condition (see also FStar.ModifiesGen.fsti(478,2-478,73))
FStar.ModifiesGen.fst(922,4-922,10): (Warning 252) (Hint-replay failed): assertion failed (see also FStar.ModifiesGen.fst(922,11-922,52))
FStar.ModifiesGen.fst(977,20-977,25): (Warning 252) (Hint-replay failed): assertion failed (see also FStar.ModifiesGen.fsti(599,15-599,55))
FStar.ModifiesGen.fst(993,55-993,57): (Warning 252) (Hint-replay failed): could not prove post-condition (see also FStar.ModifiesGen.fsti(649,4-649,20))
FStar.ModifiesGen.fst(1001,2-1001,8): (Warning 252) (Hint-replay failed): assertion failed (see also FStar.ModifiesGen.fst(1001,9-1001,49))
FStar.ModifiesGen.fst(1006,62-1006,64): (Warning 252) (Hint-replay failed): could not prove post-condition (see also FStar.ModifiesGen.fsti(694,11-694,31))
FStar.ModifiesGen.fst(1014,4-1014,10): (Warning 252) (Hint-replay failed): assertion failed (see also FStar.ModifiesGen.fst(1014,11-1014,113))
FStar.ModifiesGen.fst(1034,79-1034,81): (Warning 252) (Hint-replay failed): could not prove post-condition (see also FStar.ModifiesGen.fsti(726,11-726,45))
FStar.ModifiesGen.fst(1057,2-1057,23): (Warning 252) (Hint-replay failed): assertion failed (see also FStar.ModifiesGen.fsti(682,33-682,51))
FStar.ModifiesGen.fst(1085,2-1085,8): (Warning 252) (Hint-replay failed): assertion failed (see also FStar.ModifiesGen.fst(1085,9-1085,48))
FStar.ModifiesGen.fst(1131,2-1131,8): (Warning 252) (Hint-replay failed): assertion failed (see also FStar.ModifiesGen.fst(1131,9-1131,121))
FStar.ModifiesGen.fst(1139,2-1139,55): (Warning 252) (Hint-replay failed): could not prove post-condition (see also FStar.ModifiesGen.fst(1138,2-1138,45))
FStar.ModifiesGen.fst(1147,2-1147,4): (Warning 252) (Hint-replay failed): could not prove post-condition (see also FStar.ModifiesGen.fst(1146,2-1146,98))
FStar.ModifiesGen.fst(1155,2-1155,55): (Warning 252) (Hint-replay failed): could not prove post-condition (see also FStar.ModifiesGen.fst(1154,2-1154,66))
FStar.ModifiesGen.fst(1170,2-1170,23): (Warning 252) (Hint-replay failed): assertion failed (see also FStar.ModifiesGen.fsti(682,33-682,51))
FStar.ModifiesGen.fst(1262,4-1262,6): (Warning 252) (Hint-replay failed): could not prove post-condition (see also FStar.ModifiesGen.fst(721,34-721,60))
FStar.ModifiesGen.fst(1307,2-1312,105): (Warning 252) (Hint-replay failed): could not prove post-condition (see also FStar.ModifiesGen.fsti(868,2-868,59))
FStar.ModifiesGen.fst(1325,20-1325,22): (Warning 252) (Hint-replay failed): could not prove post-condition (see also FStar.ModifiesGen.fsti(503,34-503,59))
FStar.ModifiesGen.fst(1361,2-1361,8): (Warning 252) (Hint-replay failed): assertion failed (see also FStar.ModifiesGen.fst(1361,76-1361,95))
FStar.ModifiesGen.fst(1386,42-1386,44): (Warning 252) (Hint-replay failed): could not prove post-condition (see also FStar.ModifiesGen.fsti(963,11-963,69))
FStar.ModifiesGen.fst(1388,46-1388,48): (Warning 252) (Hint-replay failed): could not prove post-condition (see also FStar.ModifiesGen.fsti(967,11-967,73))
FStar.ModifiesGen.fst(1391,2-1391,121): (Warning 252) (Hint-replay failed): could not prove post-condition (see also FStar.ModifiesGen.fsti(970,2-970,58))
FStar.ModifiesGen.fst(1397,2-1397,8): (Warning 252) (Hint-replay failed): assertion failed (see also FStar.ModifiesGen.fst(1397,9-1397,35))
FStar.ModifiesGen.fst(1407,2-1407,8): (Warning 252) (Hint-replay failed): assertion failed (see also FStar.ModifiesGen.fst(1407,9-1407,32))
FStar.ModifiesGen.fst(1419,2-1419,8): (Warning 252) (Hint-replay failed): assertion failed (see also FStar.ModifiesGen.fst(1419,9-1419,48))
FStar.ModifiesGen.fst(1433,2-1433,20): (Warning 252) (Hint-replay failed): assertion failed (see also FStar.ModifiesGen.fsti(230,35-230,53))
FStar.ModifiesGen.fst(1667,2-1667,4): (Warning 252) (Hint-replay failed): could not prove post-condition (see also FStar.ModifiesGen.fst(1665,2-1665,73))
FStar.ModifiesGen.fst(1675,9-1675,171): (Warning 252) (Hint-replay failed): assertion failed
FStar.ModifiesGen.fst(1705,2-1705,8): (Warning 252) (Hint-replay failed): assertion failed (see also FStar.ModifiesGen.fst(1705,9-1705,39))
FStar.ModifiesGen.fst(1731,41-1731,60): (Warning 252) (Hint-replay failed): could not prove post-condition
FStar.ModifiesGen.fst(1801,2-1801,8): (Warning 252) (Hint-replay failed): assertion failed (see also FStar.ModifiesGen.fst(1804,4-1804,53))
FStar.ModifiesGen.fst(1827,2-1835,39): (Warning 252) (Hint-replay failed): could not prove post-condition (see also FStar.ModifiesGen.fst(1826,11-1826,42))
FStar.ModifiesGen.fst(1872,4-1872,10): (Warning 252) (Hint-replay failed): assertion failed (see also FStar.ModifiesGen.fst(1872,11-1872,74))
FStar.ModifiesGen.fst(1894,4-1894,10): (Warning 252) (Hint-replay failed): assertion failed (see also FStar.ModifiesGen.fst(1894,11-1905,7))
FStar.ModifiesGen.fst(1937,4-1937,21): (Warning 252) (Hint-replay failed): Subtyping check failed; expected type aux:
FStar.Ghost.erased (FStar.GSet.set (FStar.ModifiesGen.aloc (c b)))
{ FStar.GSet.subset (FStar.ModifiesGen.aloc_domain (c b) regions live_addrs)
(FStar.Ghost.reveal aux) /\
FStar.GSet.subset (FStar.Ghost.reveal aux)
(FStar.ModifiesGen.aloc_domain (c b) regions (fun _ -> FStar.GSet.complement FStar.GSet.empty)
) }; got type FStar.Ghost.erased (FStar.GSet.set (FStar.ModifiesGen.aloc (c b))) (see also FStar.ModifiesGen.fst(54,8-54,71))
FStar.ModifiesGen.fst(1940,9-1940,68): (Warning 252) (Hint-replay failed): assertion failed
FStar.ModifiesGen.fst(1946,9-1946,119): (Warning 252) (Hint-replay failed): assertion failed
FStar.ModifiesGen.fst(1949,9-1949,121): (Warning 252) (Hint-replay failed): assertion failed
FStar.ModifiesGen.fst(1952,9-1952,113): (Warning 252) (Hint-replay failed): assertion failed
FStar.ModifiesGen.fst(2009,9-2009,98): (Warning 252) (Hint-replay failed): assertion failed
FStar.ModifiesGen.fst(2026,2-2026,8): (Warning 252) (Hint-replay failed): assertion failed (see also FStar.ModifiesGen.fst(2026,9-2026,167))
FStar.ModifiesGen.fst(2037,2-2037,8): (Warning 252) (Hint-replay failed): assertion failed (see also FStar.ModifiesGen.fst(2037,21-2037,70))
FStar.ModifiesGen.fst(2046,2-2046,8): (Warning 252) (Hint-replay failed): assertion failed (see also FStar.ModifiesGen.fst(2046,21-2046,68))
FStar.ModifiesGen.fst(2075,9-2075,56): (Warning 252) (Hint-replay failed): assertion failed
FStar.ModifiesGen.fst(2078,9-2078,48): (Warning 252) (Hint-replay failed): assertion failed
FStar.ModifiesGen.fst(2084,9-2084,98): (Warning 252) (Hint-replay failed): assertion failed
14.96user 54.14system 12:35.45elapsed 9%CPU (0avgtext+0avgdata 24891216maxresident)k
0inputs+0outputs (6517580major+0minor)pagefaults 0swaps
Ex01a.fst(70,0-70,48): (Warning 272) Top-level let-bindings must be total; this term may have effects
Ex01a.fst(70,0-70,48): (Warning 272) Top-level let-bindings must be total; this term may have effects
Ex01a.fst(70,0-70,48): (Warning 272) Top-level let-bindings must be total; this term may have effects
Ex01a.fst(70,0-70,48): (Warning 272) Top-level let-bindings must be total; this term may have effects
Ex01a.fst(60,0-60,48): (Warning 272) Top-level let-bindings must be total; this term may have effects
Ex01a.fst(60,0-60,48): (Warning 272) Top-level let-bindings must be total; this term may have effects
Ex01a.fst(60,0-60,48): (Warning 272) Top-level let-bindings must be total; this term may have effects
Ex01a.fst(60,0-60,48): (Warning 272) Top-level let-bindings must be total; this term may have effects
propImpredicativeAndNonStrictlyPositiveinductives.fst(30,2-30,8): (Warning 252) (Hint-replay failed): assertion failed (see also propImpredicativeAndNonStrictlyPositiveinductives.fst(30,9-30,21))
propImpredicativeAndNonStrictlyPositiveinductives.fst(56,2-59,28): (Warning 252) (Hint-replay failed): could not prove post-condition (see also propImpredicativeAndNonStrictlyPositiveinductives.fst(55,51-55,58))
IOWPInconsistent.fst(44,2-44,8): (Warning 252) (Hint-replay failed): assertion failed (see also IOWPInconsistent.fst(44,9-44,21))
IOWPInconsistent.fst(74,2-75,36): (Warning 252) (Hint-replay failed): could not prove post-condition (see also IOWPInconsistent.fst(73,20-73,32))
Encrypt_SymEnc.fst(30,0-30,27): (Warning 272) Top-level let-bindings must be total; this term may have effects
Encrypt_SymEnc.fst(30,0-30,27): (Warning 272) Top-level let-bindings must be total; this term may have effects
Ex04g.fst(5,4-5,6): (Warning 240) Admitting Ex04g.tl without a definition
Ex04g.fst(4,4-4,6): (Warning 240) Admitting Ex04g.hd without a definition
Effects.Def.fst(122,41-122,49): (Warning 252) (Hint-replay failed): Subtyping check failed; expected type Effects.Def.eq_m Effects.Def.stexn; got type a: Type0 -> x: Effects.Def.stexn a -> y: Effects.Def.stexn a -> Prims.Tot Prims.logical (see also Effects.Def.fst(18,89-18,95))
Effects.Def.fst(122,17-122,34): (Warning 252) assertion failed (see also Effects.Def.fst(23,49-23,79))
Effects.Def.fst(122,41-122,49): (Warning 252) (Hint-replay failed): Subtyping check failed; expected type Effects.Def.eq_m Effects.Def.stexn; got type a: Type0 -> x: Effects.Def.stexn a -> y: Effects.Def.stexn a -> Prims.Tot Prims.logical (see also Effects.Def.fst(18,89-18,95))
Effects.Def.fst(122,17-122,34): (Warning 252) assertion failed (see also Effects.Def.fst(23,49-23,79))
Ex05a.fst(28,4-28,13): (Warning 240) Admitting Ex05a.rev_is_ok without a definition
Encrypt_SymEnc.fst(30,0-30,27): (Warning 272) Top-level let-bindings must be total; this term may have effects
Encrypt_SymEnc.fst(30,0-30,27): (Warning 272) Top-level let-bindings must be total; this term may have effects
Encrypt_SymEnc.fst(30,0-30,27): (Warning 272) Top-level let-bindings must be total; this term may have effects
Encrypt_SymEnc.fst(30,0-30,27): (Warning 272) Top-level let-bindings must be total; this term may have effects
Ex06a.fst(5,4-5,13): (Warning 240) Admitting Ex06a.partition without a definition
MAC.fst(45,0-45,53): (Warning 272) Top-level let-bindings must be total; this term may have effects
MAC.fst(45,0-45,53): (Warning 272) Top-level let-bindings must be total; this term may have effects
MAC.fst(45,0-45,53): (Warning 272) Top-level let-bindings must be total; this term may have effects
MAC.fst(45,0-45,53): (Warning 272) Top-level let-bindings must be total; this term may have effects
Ex06e.fst(18,4-18,8): (Warning 240) Admitting Ex06e.sort without a definition
array.pos\Test.fst(34,12-34,17): (Warning 252) (Hint-replay failed): assertion failed (see also FStar.Pointer.Base.fsti(2098,22-2098,30))
array.pos\Test.fst(43,2-50,3): (Warning 252) (Hint-replay failed): could not prove post-condition (see also array.pos\Test.fst(42,25-42,32))
NatHeap.fst(70,12-71,25): (Warning 252) (Hint-replay failed): Subtyping check failed; expected type NatHeap.heap; got type Prims.nat *
FStar.FunctionalExtensionality.restricted_t Prims.nat
(fun _ -> FStar.Pervasives.Native.option (a: Type0 & a)) (see also NatHeap.fst(14,42-14,72))
Ex07a.fst(228,4-228,14): (Warning 240) Admitting Ex07a.typed_step without a definition
MAC.fst(45,0-45,53): (Warning 272) Top-level let-bindings must be total; this term may have effects
MAC.fst(45,0-45,53): (Warning 272) Top-level let-bindings must be total; this term may have effects
Lens.fst(195,32-195,49): (Warning 252) (Hint-replay failed): could not prove post-condition (see also Lens.fst(174,48-174,69))
Lens.fst(195,32-195,49): (Warning 252) (Hint-replay failed): could not prove post-condition (see also Lens.fst(174,48-174,69))
Huffman.fst(182,53-182,54): (Warning 252) (Hint-replay failed): Could not prove termination of this recursive call (see also Huffman.fst(180,2-184,60))
bug185.fst(41,15-41,21): (Warning 252) (Hint-replay failed): assertion failed (see also bug185.fst(41,22-41,48))
disjoint.pos\Test.fst(30,12-30,17): (Warning 252) (Hint-replay failed): assertion failed (see also FStar.Pointer.Base.fsti(2098,22-2098,30))
disjoint.pos\Test.fst(51,2-58,3): (Warning 252) (Hint-replay failed): could not prove post-condition (see also disjoint.pos\Test.fst(50,25-50,32))
FStar.DM4F.Heap.fst(117,26-117,28): (Warning 252) (Hint-replay failed): could not prove post-condition (see also FStar.DM4F.Heap.fst(115,57-115,85))
<dummy>(0,0-0,0): (Warning 252) (Hint-replay failed): Subtyping check failed; expected type Bug190.deduce (Bug190.FForall (DForallElim?.f projectee)); got type Bug190.deduce (Bug190.FForall f) (see also bug190.fst(7,4-7,15))
MRefHeap.fst(71,11-72,26): (Warning 252) (Hint-replay failed): Subtyping check failed; expected type MRefHeap.heap; got type Prims.nat * (_: Prims.nat -> Prims.Tot (FStar.Pervasives.Native.option MRefHeap.heap_cell)) (see also MRefHeap.fst(13,42-13,72))
MonotonicArray.fst(40,61-40,72): (Warning 252) (Hint-replay failed): Subtyping check failed; expected type FStar.Preorder.preorder (MonotonicArray.repr a n); got type FStar.Preorder.relation (MonotonicArray.repr a n) (see also C:\build\agent2\_work\36\s\ulib\FStar.Preorder.fst(12,40-12,56))
MonotonicArray.fst(162,4-162,10): (Warning 252) (Hint-replay failed): assertion failed (see also MonotonicArray.fst(166,75-166,97))
MonotonicArray.fst(207,10-207,12): (Warning 252) (Hint-replay failed): assertion failed (see also C:\build\agent2\_work\36\s\ulib\FStar.ST.fst(122,14-122,29))
MonotonicArray.fst(231,10-231,12): (Warning 252) (Hint-replay failed): assertion failed (see also C:\build\agent2\_work\36\s\ulib\FStar.ST.fst(122,14-122,29))
MonotonicArray.fst(514,10-514,12): (Warning 252) (Hint-replay failed): assertion failed (see also C:\build\agent2\_work\36\s\ulib\FStar.ST.fst(122,14-122,29))
FStar.Pervasives.fst(78,22-78,33): (Warning 252) (Hint-replay failed): Could not prove goal #2 (see also MonotonicArray.fst(520,8-520,15))
FStar.Pervasives.fst(78,22-78,33): (Warning 252) (Hint-replay failed): Could not prove goal #1 (see also MonotonicArray.fst(513,32-513,93))
MonotonicArray.fst(40,61-40,72): (Warning 252) (Hint-replay failed): Subtyping check failed; expected type FStar.Preorder.preorder (MonotonicArray.repr a n); got type FStar.Preorder.relation (MonotonicArray.repr a n) (see also C:\build\agent2\_work\36\s\ulib\FStar.Preorder.fst(12,40-12,56))
bug251.fst(2,0-2,15): (Warning 272) Top-level let-bindings must be total; this term may have effects
StatefulLens.fst(57,29-57,52): (Warning 252) (Hint-replay failed): could not prove post-condition (see also StatefulLens.fst(46,46-46,66))
StatefulLens.fst(90,4-90,51): (Warning 252) (Hint-replay failed): could not prove post-condition (see also StatefulLens.fst(89,47-89,69))
StatefulLens.fst(101,5-101,54): (Warning 252) (Hint-replay failed): could not prove post-condition (see also StatefulLens.fst(97,22-97,28))
StatefulLens.fst(108,5-109,54): (Warning 252) (Hint-replay failed): could not prove post-condition (see also StatefulLens.fst(107,35-107,41))
StatefulLens.fst(136,5-136,16): (Warning 252) (Hint-replay failed): could not prove post-condition (see also StatefulLens.fst(135,35-135,72))
StatefulLens.fst(181,5-181,33): (Warning 252) (Hint-replay failed): could not prove post-condition (see also StatefulLens.fst(180,13-180,56))
StatefulLens.fst(193,5-193,33): (Warning 252) (Hint-replay failed): could not prove post-condition (see also StatefulLens.fst(192,13-192,21))
StatefulLens.fst(57,29-57,52): (Warning 252) (Hint-replay failed): could not prove post-condition (see also StatefulLens.fst(46,46-46,66))
Unit1.Basic.fst(318,31-318,33): (Warning 252) (Hint-replay failed): could not prove post-condition (see also Unit1.Basic.fst(316,2-316,62))
Unit1.Basic.fst(324,20-324,22): (Warning 252) (Hint-replay failed): could not prove post-condition (see also Unit1.Basic.fst(323,42-323,87))
MAC.fst(45,0-45,53): (Warning 272) Top-level let-bindings must be total; this term may have effects
MAC.fst(45,0-45,53): (Warning 272) Top-level let-bindings must be total; this term may have effects
RPC.fst(9,0-9,53): (Warning 272) Top-level let-bindings must be total; this term may have effects
RPC.fst(9,0-9,53): (Warning 272) Top-level let-bindings must be total; this term may have effects
RPC.fst(23,0-23,39): (Warning 272) Top-level let-bindings must be total; this term may have effects
RPC.fst(23,0-23,39): (Warning 272) Top-level let-bindings must be total; this term may have effects
RPC.fst(48,0-49,16): (Warning 272) Top-level let-bindings must be total; this term may have effects
RPC.fst(48,0-49,16): (Warning 272) Top-level let-bindings must be total; this term may have effects
RPC.fst(116,0-116,17): (Warning 272) Top-level let-bindings must be total; this term may have effects
RPC.fst(116,0-116,17): (Warning 272) Top-level let-bindings must be total; this term may have effects
RPC.fst(9,0-9,53): (Warning 272) Top-level let-bindings must be total; this term may have effects
RPC.fst(9,0-9,53): (Warning 272) Top-level let-bindings must be total; this term may have effects
RPC.fst(23,0-23,39): (Warning 272) Top-level let-bindings must be total; this term may have effects
RPC.fst(23,0-23,39): (Warning 272) Top-level let-bindings must be total; this term may have effects
RPC.fst(48,0-49,16): (Warning 272) Top-level let-bindings must be total; this term may have effects
RPC.fst(48,0-49,16): (Warning 272) Top-level let-bindings must be total; this term may have effects
RPC.fst(116,0-116,17): (Warning 272) Top-level let-bindings must be total; this term may have effects
RPC.fst(116,0-116,17): (Warning 272) Top-level let-bindings must be total; this term may have effects
MerkleTree.fst(39,20-39,24): (Warning 252) (Hint-replay failed): Subtyping check failed; expected type _: MerkleTree.mtree (MerkleTree.len path) h {L? _}; got type MerkleTree.mtree (MerkleTree.len path) h (see also MerkleTree.fst(26,4-26,5))
MerkleTree.fst(74,27-74,37): (Warning 252) (Hint-replay failed): Subtyping check failed; expected type p: (p: MerkleTree.proof{MerkleTree.lenp p = MerkleTree.len path'}){%[ path'; p ] << %[ path; p ]}; got type MerkleTree.proof (see also MerkleTree.fst(66,35-66,52))
MerkleTree.fst(90,30-90,34): (Warning 252) (Hint-replay failed): Subtyping check failed; expected type _: MerkleTree.mtree (MerkleTree.len path) h {L? _}; got type MerkleTree.mtree (MerkleTree.len path) h (see also MerkleTree.fst(26,4-26,5))
MerkleTree.fst(108,63-108,64): (Warning 252) (Hint-replay failed): Subtyping check failed; expected type p: MerkleTree.proof{MerkleTree.lenp p = MerkleTree.len path}; got type p: MerkleTree.proof{p = MerkleTree.prover path tree} (see also MerkleTree.fst(66,35-66,52))
MerkleTree.fst(111,2-117,59): (Warning 252) (Hint-replay failed): could not prove post-condition (see also MerkleTree.fst(108,48-108,69))
MerkleTree.fst(142,68-142,72): (Warning 252) (Hint-replay failed): Subtyping check failed; expected type _: MerkleTree.mtree (MerkleTree.len path) h {L? _}; got type MerkleTree.mtree (MerkleTree.len path) h (see also MerkleTree.fst(26,4-26,5))
MerkleTree.fst(39,20-39,24): (Warning 252) (Hint-replay failed): Subtyping check failed; expected type _: MerkleTree.mtree (MerkleTree.len path) h {L? _}; got type MerkleTree.mtree (MerkleTree.len path) h (see also MerkleTree.fst(26,4-26,5))
MerkleTree.fst(74,27-74,37): (Warning 252) (Hint-replay failed): Subtyping check failed; expected type p: (p: MerkleTree.proof{MerkleTree.lenp p = MerkleTree.len path'}){%[ path'; p ] << %[ path; p ]}; got type MerkleTree.proof (see also MerkleTree.fst(66,35-66,52))
MerkleTree.fst(90,30-90,34): (Warning 252) (Hint-replay failed): Subtyping check failed; expected type _: MerkleTree.mtree (MerkleTree.len path) h {L? _}; got type MerkleTree.mtree (MerkleTree.len path) h (see also MerkleTree.fst(26,4-26,5))
MerkleTree.fst(108,63-108,64): (Warning 252) (Hint-replay failed): Subtyping check failed; expected type p: MerkleTree.proof{MerkleTree.lenp p = MerkleTree.len path}; got type p: MerkleTree.proof{p = MerkleTree.prover path tree} (see also MerkleTree.fst(66,35-66,52))
MerkleTree.fst(142,68-142,72): (Warning 252) (Hint-replay failed): Subtyping check failed; expected type _: MerkleTree.mtree (MerkleTree.len path) h {L? _}; got type MerkleTree.mtree (MerkleTree.len path) h (see also MerkleTree.fst(26,4-26,5))
Ex07d.fst(225,4-225,8): (Warning 240) Admitting Ex07d.eval without a definition
Benton2004.RHL.Examples.fst(34,2-39,109): (Warning 252) (Hint-replay failed): could not prove post-condition (see also Benton2004.RHL.Examples.fst(27,11-33,3))
Benton2004.RHL.Examples.fst(245,2-245,9): (Warning 252) (Hint-replay failed): assertion failed (see also Benton2004.RHL.Examples.fst(133,12-135,3))
Benton2004.RHL.fst(253,2-253,4): (Warning 252) (Hint-replay failed): could not prove post-condition (see also Benton2004.RHL.fst(249,2-252,3))
Benton2004.RHL.fst(454,4-454,19): (Warning 252) (Hint-replay failed): assertion failed (see also Benton2004.RHL.fst(438,4-438,84))
Benton2004.RHL.fst(508,63-508,152): (Warning 252) (Hint-replay failed): assertion failed
MAC.fst(45,0-45,53): (Warning 272) Top-level let-bindings must be total; this term may have effects
MAC.fst(45,0-45,53): (Warning 272) Top-level let-bindings must be total; this term may have effects
CntProtocol.fst(12,0-12,53): (Warning 272) Top-level let-bindings must be total; this term may have effects
CntProtocol.fst(12,0-12,53): (Warning 272) Top-level let-bindings must be total; this term may have effects
CntProtocol.fst(27,0-27,26): (Warning 272) Top-level let-bindings must be total; this term may have effects
CntProtocol.fst(27,0-27,26): (Warning 272) Top-level let-bindings must be total; this term may have effects
CntProtocol.fst(30,0-30,54): (Warning 272) Top-level let-bindings must be total; this term may have effects
CntProtocol.fst(30,0-30,54): (Warning 272) Top-level let-bindings must be total; this term may have effects
CntProtocol.fst(33,0-33,54): (Warning 272) Top-level let-bindings must be total; this term may have effects
CntProtocol.fst(33,0-33,54): (Warning 272) Top-level let-bindings must be total; this term may have effects
CntProtocol.fst(97,0-97,39): (Warning 272) Top-level let-bindings must be total; this term may have effects
CntProtocol.fst(97,0-97,39): (Warning 272) Top-level let-bindings must be total; this term may have effects
CntProtocol.fst(124,0-124,18): (Warning 272) Top-level let-bindings must be total; this term may have effects
CntProtocol.fst(124,0-124,18): (Warning 272) Top-level let-bindings must be total; this term may have effects
CntProtocol.fst(168,0-184,5): (Warning 272) Top-level let-bindings must be total; this term may have effects
CntProtocol.fst(168,0-184,5): (Warning 272) Top-level let-bindings must be total; this term may have effects
CntProtocol.fst(12,0-12,53): (Warning 272) Top-level let-bindings must be total; this term may have effects
CntProtocol.fst(12,0-12,53): (Warning 272) Top-level let-bindings must be total; this term may have effects
CntProtocol.fst(27,0-27,26): (Warning 272) Top-level let-bindings must be total; this term may have effects
CntProtocol.fst(27,0-27,26): (Warning 272) Top-level let-bindings must be total; this term may have effects
CntProtocol.fst(30,0-30,54): (Warning 272) Top-level let-bindings must be total; this term may have effects
CntProtocol.fst(30,0-30,54): (Warning 272) Top-level let-bindings must be total; this term may have effects
CntProtocol.fst(33,0-33,54): (Warning 272) Top-level let-bindings must be total; this term may have effects
CntProtocol.fst(33,0-33,54): (Warning 272) Top-level let-bindings must be total; this term may have effects
CntProtocol.fst(97,0-97,39): (Warning 272) Top-level let-bindings must be total; this term may have effects
CntProtocol.fst(97,0-97,39): (Warning 272) Top-level let-bindings must be total; this term may have effects
CntProtocol.fst(124,0-124,18): (Warning 272) Top-level let-bindings must be total; this term may have effects
CntProtocol.fst(124,0-124,18): (Warning 272) Top-level let-bindings must be total; this term may have effects
CntProtocol.fst(168,0-184,5): (Warning 272) Top-level let-bindings must be total; this term may have effects
CntProtocol.fst(168,0-184,5): (Warning 272) Top-level let-bindings must be total; this term may have effects
Ex10a.fst(24,0-24,22): (Warning 272) Top-level let-bindings must be total; this term may have effects
Ex10a.fst(24,0-24,22): (Warning 272) Top-level let-bindings must be total; this term may have effects
Ex10a.fst(24,0-24,22): (Warning 272) Top-level let-bindings must be total; this term may have effects
Ex10a.fst(24,0-24,22): (Warning 272) Top-level let-bindings must be total; this term may have effects
point.pos\Test.fst(35,13-35,18): (Warning 252) (Hint-replay failed): assertion failed (see also FStar.Pointer.Base.fsti(2098,22-2098,30))
point.pos\Test.fst(29,36-29,37): (Warning 252) Subtyping check failed; expected type FStar.Pointer.Base.struct_field Test.point_struct; got type Prims.string (see also FStar.Pointer.Base.fsti(69,15-69,50))
point.pos\Test.fst(29,36-29,37): (Warning 252) Subtyping check failed; expected type FStar.Pointer.Base.struct_field Test.point_struct; got type Prims.string (see also FStar.Pointer.Base.fsti(69,15-69,50))
point.pos\Test.fst(55,13-55,18): (Warning 252) (Hint-replay failed): assertion failed (see also FStar.Pointer.Base.fsti(2098,22-2098,30))
point.pos\Test.fst(50,36-50,37): (Warning 252) Subtyping check failed; expected type FStar.Pointer.Base.struct_field Test.point_struct; got type Prims.string (see also FStar.Pointer.Base.fsti(69,15-69,50))
point.pos\Test.fst(50,36-50,37): (Warning 252) Subtyping check failed; expected type FStar.Pointer.Base.struct_field Test.point_struct; got type Prims.string (see also FStar.Pointer.Base.fsti(69,15-69,50))
prims.fst(217,22-217,35): (Warning 252) (Hint-replay failed): assertion failed (see also prims.fst(193,39-193,44))
prims.fst(217,22-217,35): (Warning 252) (Hint-replay failed): assertion failed (see also prims.fst(193,39-193,44))
Ex10a.fst(26,0-26,22): (Warning 272) Top-level let-bindings must be total; this term may have effects
Ex10a.fst(26,0-26,22): (Warning 272) Top-level let-bindings must be total; this term may have effects
Ex10a.fst(26,0-26,22): (Warning 272) Top-level let-bindings must be total; this term may have effects
Ex10a.fst(26,0-26,22): (Warning 272) Top-level let-bindings must be total; this term may have effects
Ariadne.fst(58,67-58,102): (Warning 252) (Hint-replay failed): assertion failed (see also FStar.Preorder.fst(12,40-12,56))
Ariadne.fst(73,13-73,48): (Warning 252) (Hint-replay failed): assertion failed (see also Ariadne.fst(72,57-72,74))
Ariadne.fst(135,2-135,7): (Warning 252) (Hint-replay failed): assertion failed (see also FStar.ST.fst(101,14-101,29))
Ariadne.fst(169,2-169,7): (Warning 252) (Hint-replay failed): assertion failed (see also FStar.ST.fst(101,14-101,29))
Ariadne.fst(58,67-58,102): (Warning 252) (Hint-replay failed): assertion failed (see also FStar.Preorder.fst(12,40-12,56))
Ariadne.fst(73,13-73,48): (Warning 252) (Hint-replay failed): assertion failed (see also Ariadne.fst(72,57-72,74))
IfcComposeReify.fst(50,24-50,26): (Warning 252) (Hint-replay failed): could not prove post-condition (see also IfcComposeReify.fst(49,12-49,75))
TestMRef.fst(8,0-8,15): (Warning 272) Top-level let-bindings must be total; this term may have effects
TestMRef.fst(8,0-8,15): (Warning 272) Top-level let-bindings must be total; this term may have effects
TestMRef.fst(8,0-8,15): (Warning 272) Top-level let-bindings must be total; this term may have effects
TestMRef.fst(8,0-8,15): (Warning 272) Top-level let-bindings must be total; this term may have effects
Mac.fst(70,0-70,53): (Warning 272) Top-level let-bindings must be total; this term may have effects
Mac.fst(70,0-70,53): (Warning 272) Top-level let-bindings must be total; this term may have effects
Mac.fst(70,0-70,53): (Warning 272) Top-level let-bindings must be total; this term may have effects
Mac.fst(70,0-70,53): (Warning 272) Top-level let-bindings must be total; this term may have effects
Ex12.MAC.fst(41,0-41,41): (Warning 272) Top-level let-bindings must be total; this term may have effects
Ex12.MAC.fst(41,0-41,41): (Warning 272) Top-level let-bindings must be total; this term may have effects
Ex12a.ACLs.fst(59,0-59,48): (Warning 272) Top-level let-bindings must be total; this term may have effects
Ex12a.ACLs.fst(59,0-59,48): (Warning 272) Top-level let-bindings must be total; this term may have effects
Ex12a1.Cap.fst(23,0-23,26): (Warning 272) Top-level let-bindings must be total; this term may have effects
Ex12a1.Cap.fst(23,0-23,26): (Warning 272) Top-level let-bindings must be total; this term may have effects
Ex12a1.Cap.fst(23,0-23,26): (Warning 272) Top-level let-bindings must be total; this term may have effects
Ex12a1.Cap.fst(23,0-23,26): (Warning 272) Top-level let-bindings must be total; this term may have effects
Ex12b1.Format.fst(97,4-97,18): (Warning 240) Admitting Ex12b1.Format.resp_injective without a definition
Ex12b1.Format.fst(91,4-91,17): (Warning 240) Admitting Ex12b1.Format.req_injective without a definition
Ex12b1.Format.fst(85,4-85,21): (Warning 240) Admitting Ex12b1.Format.req_resp_distinct without a definition
IfcExampleReify1.fst(70,19-70,21): (Warning 252) (Hint-replay failed): could not prove post-condition (see also IfcExampleReify1.fst(69,30-69,62))
(Warning 252) (Hint-replay failed): could not prove post-condition
union.pos\Test.fst(35,2-43,5): (Warning 252) could not prove post-condition (see also union.pos\Test.fst(32,4-32,17))
union.pos\Test.fst(35,2-43,5): (Warning 252) could not prove post-condition (see also union.pos\Test.fst(32,4-32,17))
Ex12.MAC.fst(60,0-63,4): (Warning 272) Top-level let-bindings must be total; this term may have effects
Ex12.MAC.fst(199,0-199,33): (Warning 272) Top-level let-bindings must be total; this term may have effects
Ex12.MAC.fst(60,0-63,4): (Warning 272) Top-level let-bindings must be total; this term may have effects
Ex12.MAC.fst(199,0-199,33): (Warning 272) Top-level let-bindings must be total; this term may have effects
Ex12a.ACLs.fst(59,0-59,48): (Warning 272) Top-level let-bindings must be total; this term may have effects
Ex12a.ACLs.fst(59,0-59,48): (Warning 272) Top-level let-bindings must be total; this term may have effects
Ex12a1.Cap.fst(21,0-21,26): (Warning 272) Top-level let-bindings must be total; this term may have effects
Ex12a1.Cap.fst(21,0-21,26): (Warning 272) Top-level let-bindings must be total; this term may have effects
Ex12a1.Cap.fst(31,12-31,14): (Warning 252) (Hint-replay failed): Subtyping check failed; expected type t: Ex12.SHA1.text{Ex12.MAC.key_prop Ex12a1.Cap.k t}; got type Platform.Bytes.bytes (see also Ex12.MAC.fst(205,28-205,40))
Ex12a1.Cap.fst(21,0-21,26): (Warning 272) Top-level let-bindings must be total; this term may have effects
Ex12a1.Cap.fst(21,0-21,26): (Warning 272) Top-level let-bindings must be total; this term may have effects
LowParse.Spec.Base.fst(733,2-733,8): (Warning 252) (Hint-replay failed): assertion failed (see also LowParse.Spec.Base.fst(733,9-733,22))
Ex12.MAC.fst(60,0-63,4): (Warning 272) Top-level let-bindings must be total; this term may have effects
Ex12.MAC.fst(60,0-63,4): (Warning 272) Top-level let-bindings must be total; this term may have effects
Ex12.MAC.fst(173,73-173,75): (Warning 252) (Hint-replay failed): could not prove post-condition (see also Ex12.MAC.fst(173,57-173,69))
Ex12.MAC.fst(177,2-177,17): (Warning 252) (Hint-replay failed): assertion failed (see also Ex12.MAC.fst(113,32-113,41))
Ex12.MAC.fst(199,0-199,33): (Warning 272) Top-level let-bindings must be total; this term may have effects
Ex12.MAC.fst(199,0-199,33): (Warning 272) Top-level let-bindings must be total; this term may have effects
Ex12.MAC.fst(60,0-63,4): (Warning 272) Top-level let-bindings must be total; this term may have effects
Ex12.MAC.fst(60,0-63,4): (Warning 272) Top-level let-bindings must be total; this term may have effects
Ex12.MAC.fst(199,0-199,33): (Warning 272) Top-level let-bindings must be total; this term may have effects
Ex12.MAC.fst(199,0-199,33): (Warning 272) Top-level let-bindings must be total; this term may have effects
FStar.DM4F.Id.fst(23,8-23,14): (Warning 252) assertion failed (see also FStar.DM4F.Id.fst(23,15-23,20))
FStar.DM4F.Id.fst(23,8-23,14): (Warning 252) assertion failed (see also FStar.DM4F.Id.fst(23,15-23,20))
FStar.DM4F.Id.fst(23,8-23,14): (Warning 252) assertion failed (see also FStar.DM4F.Id.fst(23,15-23,20))
FStar.DM4F.Id.fst(23,8-23,14): (Warning 252) assertion failed (see also FStar.DM4F.Id.fst(23,15-23,20))
(Error 289) Head symbol FStar.DM4F.Id.uu___12 expects at least 6 arguments; got only 2
1 error was reported (see above)
make[2]: *** [../Makefile.include:18: FStar.DM4F.Id.uver] Error 1
make[2]: Target 'all' not remade because of errors.
make[1]: *** [Makefile:44: dm4free.all] Error 2
Ex12f.TMAC.fst(26,4-26,10): (Warning 240) Admitting Ex12f.TMAC.verify without a definition
Ex12f.TMAC.fst(25,4-25,7): (Warning 240) Admitting Ex12f.TMAC.mac without a definition
Ex12f.TMAC.fst(24,4-24,10): (Warning 240) Admitting Ex12f.TMAC.keygen without a definition
Ex12.MAC.fst(60,0-63,4): (Warning 272) Top-level let-bindings must be total; this term may have effects
Ex12.MAC.fst(199,0-199,33): (Warning 272) Top-level let-bindings must be total; this term may have effects
Ex12.MAC.fst(60,0-63,4): (Warning 272) Top-level let-bindings must be total; this term may have effects
Ex12.MAC.fst(199,0-199,33): (Warning 272) Top-level let-bindings must be total; this term may have effects
Ex12a.ACLs.fst(59,0-59,48): (Warning 272) Top-level let-bindings must be total; this term may have effects
Ex12a.ACLs.fst(59,0-59,48): (Warning 272) Top-level let-bindings must be total; this term may have effects
Ex12a2.Cap.fst(21,0-21,31): (Warning 272) Top-level let-bindings must be total; this term may have effects
Ex12a2.Cap.fst(21,0-21,31): (Warning 272) Top-level let-bindings must be total; this term may have effects
Ex12a2.Cap.fst(30,17-30,19): (Warning 252) (Hint-replay failed): Subtyping check failed; expected type t: Ex12.SHA1.text{Ex12.MAC.key_prop Ex12a2.Cap.k_read t}; got type Platform.Bytes.bytes (see also Ex12.MAC.fst(205,28-205,40))
Ex12a2.Cap.fst(43,0-43,33): (Warning 272) Top-level let-bindings must be total; this term may have effects
Ex12a2.Cap.fst(43,0-43,33): (Warning 272) Top-level let-bindings must be total; this term may have effects
Ex12a2.Cap.fst(52,18-52,20): (Warning 252) (Hint-replay failed): Subtyping check failed; expected type t: Ex12.SHA1.text{Ex12.MAC.key_prop Ex12a2.Cap.k_write t}; got type Platform.Bytes.bytes (see also Ex12.MAC.fst(205,28-205,40))
Ex12a2.Cap.fst(21,0-21,31): (Warning 272) Top-level let-bindings must be total; this term may have effects
Ex12a2.Cap.fst(21,0-21,31): (Warning 272) Top-level let-bindings must be total; this term may have effects
Ex12a2.Cap.fst(43,0-43,33): (Warning 272) Top-level let-bindings must be total; this term may have effects
Ex12a2.Cap.fst(43,0-43,33): (Warning 272) Top-level let-bindings must be total; this term may have effects
Ex12g.TMAC2.fst(30,4-30,10): (Warning 240) Admitting Ex12g.TMAC2.verify without a definition
Ex12g.TMAC2.fst(29,4-29,7): (Warning 240) Admitting Ex12g.TMAC2.mac without a definition
taggedunion.pos\Test.fst(124,15-124,20): (Warning 252) (Hint-replay failed): assertion failed (see also FStar.Pointer.Base.fsti(2098,22-2098,30))
Ex12b1.Format.fst(95,4-95,18): (Warning 240) Admitting Ex12b1.Format.resp_injective without a definition
Ex12b1.Format.fst(89,4-89,17): (Warning 240) Admitting Ex12b1.Format.req_injective without a definition
Ex12b1.Format.fst(83,4-83,21): (Warning 240) Admitting Ex12b1.Format.req_resp_distinct without a definition
IfcDelimitedRelease.fst(116,39-116,128): (Warning 252) (Hint-replay failed): could not prove post-condition (see also IfcDelimitedRelease.fst(106,6-114,15))
IfcDelimitedRelease.fst(116,39-116,128): (Warning 252) could not prove post-condition (see also IfcDelimitedRelease.fst(106,6-114,15))
IfcDelimitedRelease.fst(116,39-116,128): (Warning 252) could not prove post-condition (see also IfcDelimitedRelease.fst(106,6-114,15))
IfcDelimitedRelease.fst(116,39-116,128): (Warning 252) could not prove post-condition (see also IfcDelimitedRelease.fst(106,6-114,15))
IfcDelimitedRelease.fst(165,30-165,119): (Warning 252) (Hint-replay failed): could not prove post-condition (see also IfcDelimitedRelease.fst(157,5-164,13))
IfcDelimitedRelease.fst(165,30-165,119): (Warning 252) could not prove post-condition (see also IfcDelimitedRelease.fst(157,5-164,13))
IfcDelimitedRelease.fst(165,30-165,119): (Warning 252) could not prove post-condition (see also IfcDelimitedRelease.fst(157,5-164,13))
IfcDelimitedRelease.fst(177,37-177,38): (Warning 252) (Hint-replay failed): Could not prove termination of this recursive call (see also IfcDelimitedRelease.fst(171,2-177,38))
IfcDelimitedRelease.fst(175,31-175,32): (Warning 252) Subtyping check failed; expected type h: FStar.Monotonic.Heap.heap{IfcDelimitedRelease.refs_invariant [x_h; k; x_l] h}; got type FStar.Monotonic.Heap.heap (see also IfcDelimitedRelease.fst(24,71-24,90))
IfcDelimitedRelease.fst(175,31-175,32): (Warning 252) Subtyping check failed; expected type h: FStar.Monotonic.Heap.heap{IfcDelimitedRelease.refs_invariant [x_h; k; x_l] h}; got type FStar.Monotonic.Heap.heap (see also IfcDelimitedRelease.fst(24,71-24,90))
IfcDelimitedRelease.fst(177,37-177,38): (Warning 252) Subtyping check failed; expected type h:
(h: FStar.Monotonic.Heap.heap{IfcDelimitedRelease.refs_invariant [n; x_h; k; x_l] h})
{ %[ FStar.Monotonic.Heap.sel h (FStar.List.Tot.Base.hd [n; x_h; k; x_l]) ] <<
%[ FStar.Monotonic.Heap.sel h (FStar.List.Tot.Base.hd _) ] }; got type FStar.Monotonic.Heap.heap (see also IfcDelimitedRelease.fst(169,76-169,95))
IfcDelimitedRelease.fst(177,37-177,38): (Warning 252) (Hint-replay failed): Could not prove termination of this recursive call (see also IfcDelimitedRelease.fst(171,2-177,38))
IfcDelimitedRelease.fst(175,31-175,32): (Warning 252) Subtyping check failed; expected type h: FStar.Monotonic.Heap.heap{IfcDelimitedRelease.refs_invariant [x_h; k; x_l] h}; got type FStar.Monotonic.Heap.heap (see also IfcDelimitedRelease.fst(24,71-24,90))
IfcDelimitedRelease.fst(175,31-175,32): (Warning 252) Subtyping check failed; expected type h: FStar.Monotonic.Heap.heap{IfcDelimitedRelease.refs_invariant [x_h; k; x_l] h}; got type FStar.Monotonic.Heap.heap (see also IfcDelimitedRelease.fst(24,71-24,90))
IfcDelimitedRelease.fst(177,37-177,38): (Warning 252) Subtyping check failed; expected type h:
(h: FStar.Monotonic.Heap.heap{IfcDelimitedRelease.refs_invariant [n; x_h; k; x_l] h})
{ %[ FStar.Monotonic.Heap.sel h (FStar.List.Tot.Base.hd [n; x_h; k; x_l]) ] <<
%[ FStar.Monotonic.Heap.sel h (FStar.List.Tot.Base.hd _) ] }; got type FStar.Monotonic.Heap.heap (see also IfcDelimitedRelease.fst(169,76-169,95))
MiniParse.Spec.Combinators.fst(483,2-483,8): (Warning 252) (Hint-replay failed): assertion failed (see also MiniParse.Spec.Combinators.fst(483,9-483,72))
MiniParse.Spec.Combinators.fst(551,9-551,26): (Warning 252) (Hint-replay failed): Subtyping check failed; expected type f:
MiniParse.Spec.Base.bare_parser t'
{ MiniParse.Spec.Base.no_lookahead_weak f /\ MiniParse.Spec.Base.injective f /\
MiniParse.Spec.Base.no_lookahead f }; got type MiniParse.Spec.Base.bare_parser t' (see also MiniParse.Spec.Base.fst(227,4-227,15))
MiniParse.Spec.Combinators.fst(551,9-551,26): (Warning 252) (Hint-replay failed): Subtyping check failed; expected type f:
MiniParse.Spec.Base.bare_parser t'
{ MiniParse.Spec.Base.no_lookahead_weak f /\ MiniParse.Spec.Base.injective f /\
MiniParse.Spec.Base.no_lookahead f }; got type MiniParse.Spec.Base.bare_parser t' (see also MiniParse.Spec.Base.fst(227,4-227,15))
Test.HyperStack.fst(253,27-253,36): (Warning 288) FStar.HyperStack.ST.salloc_mm is deprecated, use use salloc instead instead
Test.HyperStack.fst(262,10-262,15): (Warning 288) FStar.HyperStack.ST.sfree is deprecated, use use salloc instead instead
Test.HyperStack.fst(272,27-272,36): (Warning 288) FStar.HyperStack.ST.salloc_mm is deprecated, use use salloc instead instead
Ex12e.Pad.fst(50,27-50,32): (Warning 252) (Hint-replay failed): Subtyping check failed; expected type Prims.eqtype; got type Type0 (see also prims.fst(27,22-27,29))
Prims(0,0-0,0): (Warning 283) use_extracted_interfaces option is set but could not find an interface in the cache for: Prims
FStar.Pervasives.Native(0,0-0,0): (Warning 283) use_extracted_interfaces option is set but could not find an interface in the cache for: FStar.Pervasives.Native
FStar.Pervasives(0,0-0,0): (Warning 283) use_extracted_interfaces option is set but could not find an interface in the cache for: FStar.Pervasives
FStar.List.Tot.Base(0,0-0,0): (Warning 283) use_extracted_interfaces option is set but could not find an interface in the cache for: FStar.List.Tot.Base
FStar.List.Tot.Properties(0,0-0,0): (Warning 283) use_extracted_interfaces option is set but could not find an interface in the cache for: FStar.List.Tot.Properties
FStar.StrongExcludedMiddle(0,0-0,0): (Warning 283) use_extracted_interfaces option is set but could not find an interface in the cache for: FStar.StrongExcludedMiddle
FStar.List.Tot(0,0-0,0): (Warning 283) use_extracted_interfaces option is set but could not find an interface in the cache for: FStar.List.Tot
FStar.Seq.Base(0,0-0,0): (Warning 283) use_extracted_interfaces option is set but could not find an interface in the cache for: FStar.Seq.Base
FStar.Seq.Properties(0,0-0,0): (Warning 283) use_extracted_interfaces option is set but could not find an interface in the cache for: FStar.Seq.Properties
FStar.Seq(0,0-0,0): (Warning 283) use_extracted_interfaces option is set but could not find an interface in the cache for: FStar.Seq
FStar.Mul(0,0-0,0): (Warning 283) use_extracted_interfaces option is set but could not find an interface in the cache for: FStar.Mul
FStar.Math.Lib(0,0-0,0): (Warning 283) use_extracted_interfaces option is set but could not find an interface in the cache for: FStar.Math.Lib
FStar.Math.Lemmas(0,0-0,0): (Warning 283) use_extracted_interfaces option is set but could not find an interface in the cache for: FStar.Math.Lemmas
FStar.BitVector(0,0-0,0): (Warning 283) use_extracted_interfaces option is set but could not find an interface in the cache for: FStar.BitVector
FStar.UInt(0,0-0,0): (Warning 283) use_extracted_interfaces option is set but could not find an interface in the cache for: FStar.UInt
FStar.UInt32(0,0-0,0): (Warning 283) use_extracted_interfaces option is set but could not find an interface in the cache for: FStar.UInt32
FStar.UInt8(0,0-0,0): (Warning 283) use_extracted_interfaces option is set but could not find an interface in the cache for: FStar.UInt8
MAC.fst(45,0-45,53): (Warning 272) Top-level let-bindings must be total; this term may have effects
MAC.fst(45,0-45,53): (Warning 272) Top-level let-bindings must be total; this term may have effects
RPC.fst(9,0-9,53): (Warning 272) Top-level let-bindings must be total; this term may have effects
RPC.fst(23,0-23,39): (Warning 272) Top-level let-bindings must be total; this term may have effects
RPC.fst(48,0-49,16): (Warning 272) Top-level let-bindings must be total; this term may have effects
RPC.fst(116,0-116,17): (Warning 272) Top-level let-bindings must be total; this term may have effects
RPC.fst(9,0-9,53): (Warning 272) Top-level let-bindings must be total; this term may have effects
RPC.fst(23,0-23,39): (Warning 272) Top-level let-bindings must be total; this term may have effects
RPC.fst(48,0-49,16): (Warning 272) Top-level let-bindings must be total; this term may have effects
RPC.fst(116,0-116,17): (Warning 272) Top-level let-bindings must be total; this term may have effects
Asm2.fst(39,32-39,34): (Warning 252) (Hint-replay failed): Subtyping check failed; expected type s0: Asm2.state{Asm2.contains s0 (r3 + 21)}; got type s1: Asm2.state{s1 == (s0.[ r3 + 20 ] <- r0)} (see also Asm2.fst(15,61-15,87))
Asm2.fst(39,32-39,34): (Warning 252) (Hint-replay failed): Subtyping check failed; expected type s0: Asm2.state{Asm2.contains s0 (r3 + 21)}; got type s1: Asm2.state{s1 == (s0.[ r3 + 20 ] <- r0)} (see also Asm2.fst(15,61-15,87))
StlcStrongDbParSubst.fst(211,27-211,29): (Warning 252) (Hint-replay failed): Subtyping check failed; expected type StlcStrongDbParSubst.typing g
(StlcStrongDbParSubst.sub_beta v y)
(Some?.v (StlcStrongDbParSubst.extend t_x g y)); got type StlcStrongDbParSubst.typing g v t_x (see also StlcStrongDbParSubst.fst(178,46-209,36))
StlcStrongDbParSubst.fst(211,27-211,29): (Warning 252) (Hint-replay failed): Subtyping check failed; expected type StlcStrongDbParSubst.typing g
(StlcStrongDbParSubst.sub_beta v y)
(Some?.v (StlcStrongDbParSubst.extend t_x g y)); got type StlcStrongDbParSubst.typing g v t_x (see also StlcStrongDbParSubst.fst(178,46-209,36))
LowStar.Ex3.fst(52,28-52,39): (Warning 288) FStar.Seq.Base.createEmpty is deprecated, use Seq.empty instead
Protocol.fst(23,0-23,9): (Warning 239) Adding an implicit 'assume new' qualifier on byte
Protocol.fst(341,4-341,25): (Warning 252) (Hint-replay failed): could not prove post-condition (see also Protocol.fst(340,7-340,35))
Prims(0,0-0,0): (Warning 283) use_extracted_interfaces option is set but could not find an interface in the cache for: Prims
FStar.Pervasives.Native(0,0-0,0): (Warning 283) use_extracted_interfaces option is set but could not find an interface in the cache for: FStar.Pervasives.Native
FStar.Pervasives(0,0-0,0): (Warning 283) use_extracted_interfaces option is set but could not find an interface in the cache for: FStar.Pervasives
FStar.Preorder(0,0-0,0): (Warning 283) use_extracted_interfaces option is set but could not find an interface in the cache for: FStar.Preorder
FStar.StrongExcludedMiddle(0,0-0,0): (Warning 283) use_extracted_interfaces option is set but could not find an interface in the cache for: FStar.StrongExcludedMiddle
FStar.PropositionalExtensionality(0,0-0,0): (Warning 283) use_extracted_interfaces option is set but could not find an interface in the cache for: FStar.PropositionalExtensionality
FStar.PredicateExtensionality(0,0-0,0): (Warning 283) use_extracted_interfaces option is set but could not find an interface in the cache for: FStar.PredicateExtensionality
FStar.TSet(0,0-0,0): (Warning 283) use_extracted_interfaces option is set but could not find an interface in the cache for: FStar.TSet
FStar.Heap(0,0-0,0): (Warning 283) use_extracted_interfaces option is set but could not find an interface in the cache for: FStar.Heap
FStar.List.Tot.Base(0,0-0,0): (Warning 283) use_extracted_interfaces option is set but could not find an interface in the cache for: FStar.List.Tot.Base
FStar.List.Tot.Properties(0,0-0,0): (Warning 283) use_extracted_interfaces option is set but could not find an interface in the cache for: FStar.List.Tot.Properties
FStar.List.Tot(0,0-0,0): (Warning 283) use_extracted_interfaces option is set but could not find an interface in the cache for: FStar.List.Tot
FStar.ST(0,0-0,0): (Warning 283) use_extracted_interfaces option is set but could not find an interface in the cache for: FStar.ST
FStar.Seq.Base(0,0-0,0): (Warning 283) use_extracted_interfaces option is set but could not find an interface in the cache for: FStar.Seq.Base
FStar.Seq.Properties(0,0-0,0): (Warning 283) use_extracted_interfaces option is set but could not find an interface in the cache for: FStar.Seq.Properties
FStar.Seq(0,0-0,0): (Warning 283) use_extracted_interfaces option is set but could not find an interface in the cache for: FStar.Seq
FStar.Mul(0,0-0,0): (Warning 283) use_extracted_interfaces option is set but could not find an interface in the cache for: FStar.Mul
FStar.Math.Lib(0,0-0,0): (Warning 283) use_extracted_interfaces option is set but could not find an interface in the cache for: FStar.Math.Lib
FStar.Math.Lemmas(0,0-0,0): (Warning 283) use_extracted_interfaces option is set but could not find an interface in the cache for: FStar.Math.Lemmas
FStar.BitVector(0,0-0,0): (Warning 283) use_extracted_interfaces option is set but could not find an interface in the cache for: FStar.BitVector
FStar.UInt(0,0-0,0): (Warning 283) use_extracted_interfaces option is set but could not find an interface in the cache for: FStar.UInt
FStar.UInt32(0,0-0,0): (Warning 283) use_extracted_interfaces option is set but could not find an interface in the cache for: FStar.UInt32
FStar.UInt8(0,0-0,0): (Warning 283) use_extracted_interfaces option is set but could not find an interface in the cache for: FStar.UInt8
MAC.fst(45,0-45,53): (Warning 272) Top-level let-bindings must be total; this term may have effects
MAC.fst(45,0-45,53): (Warning 272) Top-level let-bindings must be total; this term may have effects
CntProtocol.fst(12,0-12,53): (Warning 272) Top-level let-bindings must be total; this term may have effects
CntProtocol.fst(27,0-27,26): (Warning 272) Top-level let-bindings must be total; this term may have effects
CntProtocol.fst(30,0-30,54): (Warning 272) Top-level let-bindings must be total; this term may have effects
CntProtocol.fst(33,0-33,54): (Warning 272) Top-level let-bindings must be total; this term may have effects
CntProtocol.fst(97,0-97,39): (Warning 272) Top-level let-bindings must be total; this term may have effects
CntProtocol.fst(124,0-124,18): (Warning 272) Top-level let-bindings must be total; this term may have effects
CntProtocol.fst(168,0-184,5): (Warning 272) Top-level let-bindings must be total; this term may have effects
CntProtocol.fst(12,0-12,53): (Warning 272) Top-level let-bindings must be total; this term may have effects
CntProtocol.fst(27,0-27,26): (Warning 272) Top-level let-bindings must be total; this term may have effects
CntProtocol.fst(30,0-30,54): (Warning 272) Top-level let-bindings must be total; this term may have effects
CntProtocol.fst(33,0-33,54): (Warning 272) Top-level let-bindings must be total; this term may have effects
CntProtocol.fst(97,0-97,39): (Warning 272) Top-level let-bindings must be total; this term may have effects
CntProtocol.fst(124,0-124,18): (Warning 272) Top-level let-bindings must be total; this term may have effects
CntProtocol.fst(168,0-184,5): (Warning 272) Top-level let-bindings must be total; this term may have effects
prims.fst(233,30-233,42): (Warning 252) assertion failed (see also prims.fst(205,68-205,80))
prims.fst(233,30-233,42): (Warning 252) assertion failed (see also prims.fst(205,68-205,80))
prims.fst(233,30-233,42): (Warning 252) assertion failed (see also prims.fst(205,68-205,80))
prims.fst(233,30-233,42): (Warning 252) assertion failed (see also prims.fst(205,68-205,80))
Ex12.MAC.fst(60,0-63,4): (Warning 272) Top-level let-bindings must be total; this term may have effects
Ex12.MAC.fst(199,0-199,33): (Warning 272) Top-level let-bindings must be total; this term may have effects
Ex12.MAC.fst(60,0-63,4): (Warning 272) Top-level let-bindings must be total; this term may have effects
Ex12.MAC.fst(199,0-199,33): (Warning 272) Top-level let-bindings must be total; this term may have effects
Ex12b.RPC.fst(15,0-15,53): (Warning 272) Top-level let-bindings must be total; this term may have effects
Ex12b.RPC.fst(15,0-15,53): (Warning 272) Top-level let-bindings must be total; this term may have effects
Ex12b.RPC.fst(27,0-27,36): (Warning 272) Top-level let-bindings must be total; this term may have effects
Ex12b.RPC.fst(27,0-27,36): (Warning 272) Top-level let-bindings must be total; this term may have effects
Ex12b.RPC.fst(56,8-56,57): (Warning 272) Top-level let-bindings must be total; this term may have effects
Ex12b.RPC.fst(56,8-56,57): (Warning 272) Top-level let-bindings must be total; this term may have effects
Ex12b.RPC.fst(85,0-86,16): (Warning 272) Top-level let-bindings must be total; this term may have effects
Ex12b.RPC.fst(85,0-86,16): (Warning 272) Top-level let-bindings must be total; this term may have effects
Ex12b.RPC.fst(100,28-100,50): (Warning 252) (Hint-replay failed): Subtyping check failed; expected type t: Ex12.SHA1.text{Ex12.MAC.key_prop Ex12b.RPC.k t}; got type Ex12b2.Format.message (see also Ex12.MAC.fst(205,28-205,40))
Ex12b.RPC.fst(150,38-150,63): (Warning 252) (Hint-replay failed): Subtyping check failed; expected type t: Ex12.SHA1.text{Ex12.MAC.key_prop Ex12b.RPC.k t}; got type Ex12b2.Format.message (see also Ex12.MAC.fst(205,28-205,40))
Ex12b.RPC.fst(166,0-166,17): (Warning 272) Top-level let-bindings must be total; this term may have effects
Ex12b.RPC.fst(166,0-166,17): (Warning 272) Top-level let-bindings must be total; this term may have effects
Ex12b.RPC.fst(15,0-15,53): (Warning 272) Top-level let-bindings must be total; this term may have effects
Ex12b.RPC.fst(15,0-15,53): (Warning 272) Top-level let-bindings must be total; this term may have effects
Ex12b.RPC.fst(27,0-27,36): (Warning 272) Top-level let-bindings must be total; this term may have effects
Ex12b.RPC.fst(27,0-27,36): (Warning 272) Top-level let-bindings must be total; this term may have effects
Ex12b.RPC.fst(56,8-56,57): (Warning 272) Top-level let-bindings must be total; this term may have effects
Ex12b.RPC.fst(56,8-56,57): (Warning 272) Top-level let-bindings must be total; this term may have effects
Ex12b.RPC.fst(85,0-86,16): (Warning 272) Top-level let-bindings must be total; this term may have effects
Ex12b.RPC.fst(85,0-86,16): (Warning 272) Top-level let-bindings must be total; this term may have effects
Ex12b.RPC.fst(166,0-166,17): (Warning 272) Top-level let-bindings must be total; this term may have effects
Ex12b.RPC.fst(166,0-166,17): (Warning 272) Top-level let-bindings must be total; this term may have effects
prims.fst(410,17-410,23): (Warning 252) (Hint-replay failed): Subtyping check failed; expected type Prims.eqtype; got type Type0 (see also prims.fst(27,22-27,29))
C:/build/agent2/_work/36/s/kremlin/kremlib/C.Loops.fst(224,4-224,7): (Warning 252) (Hint-replay failed): Subtyping check failed; expected type Prims.eqtype; got type Type0 (see also prims.fst(27,22-27,29))
prims.fst(410,17-410,23): (Warning 252) (Hint-replay failed): Subtyping check failed; expected type Prims.eqtype; got type Type0 (see also prims.fst(27,22-27,29))
C:/build/agent2/_work/36/s/kremlin/kremlib/C.Loops.fst(264,4-264,8): (Warning 252) (Hint-replay failed): Subtyping check failed; expected type Prims.eqtype; got type Type0 (see also prims.fst(27,22-27,29))
prims.fst(410,17-410,23): (Warning 252) (Hint-replay failed): Subtyping check failed; expected type Prims.eqtype; got type Type0 (see also prims.fst(27,22-27,29))
C:/build/agent2/_work/36/s/kremlin/kremlib/C.Loops.fst(301,4-301,16): (Warning 252) (Hint-replay failed): Subtyping check failed; expected type Prims.eqtype; got type Type0 (see also prims.fst(27,22-27,29))
prims.fst(410,17-410,23): (Warning 252) (Hint-replay failed): Subtyping check failed; expected type Prims.eqtype; got type Type0 (see also prims.fst(27,22-27,29))
C:/build/agent2/_work/36/s/kremlin/kremlib/C.Loops.fst(340,4-340,17): (Warning 252) (Hint-replay failed): Subtyping check failed; expected type Prims.eqtype; got type Type0 (see also prims.fst(27,22-27,29))
MiniParse.Spec.List.fst(133,54-133,65): (Warning 288) FStar.Seq.Base.createEmpty is deprecated, use Seq.empty instead
MiniParse.Spec.List.fst(111,25-111,34): (Warning 252) (Hint-replay failed): assertion failed (see also MiniParse.Spec.Base.fst(328,41-328,63))
MiniParse.Spec.List.fst(111,25-111,34): (Warning 252) (Hint-replay failed): assertion failed (see also MiniParse.Spec.Base.fst(328,41-328,63))
IfcExampleReify2.fst(36,81-36,83): (Warning 252) (Hint-replay failed): could not prove post-condition (see also IfcExampleReify2.fst(36,49-36,77))
IfcExampleReify2.fst(41,41-41,57): (Warning 252) (Hint-replay failed): Subtyping check failed; expected type cl:
(WhileReify.com * IfcRulesReify.label)
{ IfcRulesReify.ni_com IfcExampleReify2.env
(FStar.Pervasives.Native.fst cl)
(FStar.Pervasives.Native.snd cl) }; got type WhileReify.com * IfcRulesReify.label (see also IfcTypechecker.fst(74,68-74,96))
IfcExampleReify2.fst(41,41-41,57): (Warning 252) (Hint-replay failed): Subtyping check failed; expected type cl:
(WhileReify.com * IfcRulesReify.label)
{ IfcRulesReify.ni_com IfcExampleReify2.env
(FStar.Pervasives.Native.fst cl)
(FStar.Pervasives.Native.snd cl) }; got type WhileReify.com * IfcRulesReify.label (see also IfcTypechecker.fst(74,68-74,96))
LowParse.Spec.Combinators.fst(181,2-181,12): (Warning 252) (Hint-replay failed): assertion failed (see also LowParse.Spec.Base.fst(472,12-472,34))
LowParse.Spec.Combinators.fst(534,2-534,8): (Warning 252) (Hint-replay failed): assertion failed (see also LowParse.Spec.Combinators.fst(534,9-534,72))
LowParse.Spec.Combinators.fst(810,32-810,43): (Warning 252) (Hint-replay failed): assertion failed (see also LowParse.Spec.Combinators.fst(756,12-758,3))
LowParse.Spec.Combinators.fst(181,2-181,12): (Warning 252) (Hint-replay failed): assertion failed (see also LowParse.Spec.Base.fst(472,12-472,34))
LowParse.Spec.Combinators.fst(812,4-812,32): (Warning 252) (Hint-replay failed): assertion failed (see also LowParse.Spec.Combinators.fst(756,12-758,3))
Hacl.Impl.SHA2_256.fst(1016,11-1016,25): (Warning 271) Pattern FStar.Seq.Base.index (if FStar.UInt32.lt len (FStar.UInt32.uint_to_t 56)
then
FStar.Seq.Base.create (FStar.UInt32.v Hacl.Impl.SHA2_256.size_block) (FStar.UInt8.uint_to_t 0)
else
FStar.Seq.Base.create (FStar.UInt32.v Hacl.Impl.SHA2_256.size_block +
FStar.UInt32.v Hacl.Impl.SHA2_256.size_block)
(FStar.UInt8.uint_to_t 0))
i contains illegal sub-term ((ite (= (BoundV 0) (BoxBool (true ))) (FStar.Seq.Base.create (FreeV FStar.UInt8.t) (FStar.UInt32.v (FreeV Hacl.Impl.SHA2_256.size_block)) (FStar.UInt8.uint_to_t (BoxInt (Integer 0)))) (FStar.Seq.Base.create (FreeV FStar.UInt8.t) (Prims.op_Addition (FStar.UInt32.v (FreeV Hacl.Impl.SHA2_256.size_block)) (FStar.UInt32.v (FreeV Hacl.Impl.SHA2_256.size_block))) (FStar.UInt8.uint_to_t (BoxInt (Integer 0)))))); dropping it (see also FStar.Seq.Base.fst(202,73-202,85))
Hacl.Impl.SHA2_256.fst(1020,11-1020,25): (Warning 271) Pattern FStar.Seq.Base.index (FStar.Seq.Base.create (FStar.UInt32.v (if
FStar.UInt32.lt len (FStar.UInt32.uint_to_t 56)
then FStar.UInt32.uint_to_t 1 <: Prims.Tot FStar.UInt32.t
else FStar.UInt32.uint_to_t 2 <: Prims.Tot FStar.UInt32.t) *
FStar.UInt32.v Hacl.Impl.SHA2_256.size_block)
(FStar.UInt8.uint_to_t 0))
i contains illegal sub-term ((ite (= (BoundV 0) (BoxBool (true ))) (FStar.UInt32.uint_to_t (BoxInt (Integer 1))) (FStar.UInt32.uint_to_t (BoxInt (Integer 2))))); dropping it (see also FStar.Seq.Base.fst(202,73-202,85))
Hacl.Impl.SHA2_256.fst(1056,11-1056,25): (Warning 271) Pattern FStar.Seq.Base.index (FStar.Seq.Base.slice (FStar.Buffer.as_seq a return_val)
(FStar.UInt32.v len)
(FStar.UInt32.v (if FStar.UInt32.lt len (FStar.UInt32.uint_to_t 56)
then FStar.UInt32.uint_to_t 1 <: Prims.Tot FStar.UInt32.t
else FStar.UInt32.uint_to_t 2 <: Prims.Tot FStar.UInt32.t) *
FStar.UInt32.v Hacl.Impl.SHA2_256.size_block))
i contains illegal sub-term ((ite (= (BoundV 0) (BoxBool (true ))) (FStar.UInt32.uint_to_t (BoxInt (Integer 1))) (FStar.UInt32.uint_to_t (BoxInt (Integer 2))))); dropping it (see also FStar.Seq.Base.fst(202,73-202,85))
Hacl.Impl.SHA2_256.fst(1057,11-1057,25): (Warning 271) Pattern FStar.Seq.Base.index (FStar.Seq.Base.slice (FStar.Buffer.as_seq a return_val)
(FStar.UInt32.v len)
(FStar.UInt32.v (if FStar.UInt32.lt len (FStar.UInt32.uint_to_t 56)
then FStar.UInt32.uint_to_t 1 <: Prims.Tot FStar.UInt32.t
else FStar.UInt32.uint_to_t 2 <: Prims.Tot FStar.UInt32.t) *
FStar.UInt32.v Hacl.Impl.SHA2_256.size_block))
i contains illegal sub-term ((ite (= (BoundV 0) (BoxBool (true ))) (FStar.UInt32.uint_to_t (BoxInt (Integer 1))) (FStar.UInt32.uint_to_t (BoxInt (Integer 2))))); dropping it (see also FStar.Seq.Base.fst(202,73-202,85))
Loops.fst(131,4-134,52): (Warning 252) (Hint-replay failed): could not prove post-condition (see also Loops.fst(124,15-127,25))
Loops.fst(142,5-142,33): (Warning 252) (Hint-replay failed): could not prove post-condition (see also Loops.fst(140,11-141,45))
EtM.CPA.fst(46,21-46,32): (Warning 288) FStar.Seq.Base.createEmpty is deprecated, use Seq.empty instead
EtM.CPA.fst(55,34-55,45): (Warning 288) FStar.Seq.Base.createEmpty is deprecated, use Seq.empty instead
NegativeTests.BST.fst(22,38-22,42): (Warning 252) Subtyping check failed; expected type right:
FStar.Pervasives.Native.option (NegativeTests.BST.tree 2)
{ 0 <= 1 /\ 1 <= 2 /\ None? right <==> (1 = 2) /\
None? (FStar.Pervasives.Native.None) <==> (1 = 0) }; got type FStar.Pervasives.Native.option (NegativeTests.BST.tree 2) (see also NegativeTests.BST.fst(12,37-12,48))
NegativeTests.BST.fst(22,38-22,42): (Warning 252) Subtyping check failed; expected type right:
FStar.Pervasives.Native.option (NegativeTests.BST.tree 2)
{ 0 <= 1 /\ 1 <= 2 /\ None? right <==> (1 = 2) /\
None? (FStar.Pervasives.Native.None) <==> (1 = 0) }; got type FStar.Pervasives.Native.option (NegativeTests.BST.tree 2) (see also NegativeTests.BST.fst(12,37-12,48))
NegativeTests.BST.fst(22,38-22,42): (Warning 252) Subtyping check failed; expected type right:
FStar.Pervasives.Native.option (NegativeTests.BST.tree 2)
{ 0 <= 1 /\ 1 <= 2 /\ None? right <==> (1 = 2) /\
None? (FStar.Pervasives.Native.None) <==> (1 = 0) }; got type FStar.Pervasives.Native.option (NegativeTests.BST.tree 2) (see also NegativeTests.BST.fst(12,37-12,48))
NegativeTests.BST.fst(22,38-22,42): (Warning 252) Subtyping check failed; expected type right:
FStar.Pervasives.Native.option (NegativeTests.BST.tree 2)
{ 0 <= 1 /\ 1 <= 2 /\ None? right <==> (1 = 2) /\
None? (FStar.Pervasives.Native.None) <==> (1 = 0) }; got type FStar.Pervasives.Native.option (NegativeTests.BST.tree 2) (see also NegativeTests.BST.fst(12,37-12,48))
NegativeTests.BST.fst(25,61-25,65): (Warning 252) Subtyping check failed; expected type right:
FStar.Pervasives.Native.option (NegativeTests.BST.tree (l + 1))
{ l <= l /\ l <= l + 1 /\ None? right <==> (l = l + 1) /\
None? (FStar.Pervasives.Native.Some t) <==> (l = l) }; got type FStar.Pervasives.Native.option (NegativeTests.BST.tree (l + 1)) (see also NegativeTests.BST.fst(12,36-12,58))
NegativeTests.BST.fst(25,61-25,65): (Warning 252) Subtyping check failed; expected type right:
FStar.Pervasives.Native.option (NegativeTests.BST.tree (l + 1))
{ l <= l /\ l <= l + 1 /\ None? right <==> (l = l + 1) /\
None? (FStar.Pervasives.Native.Some t) <==> (l = l) }; got type FStar.Pervasives.Native.option (NegativeTests.BST.tree (l + 1)) (see also NegativeTests.BST.fst(12,36-12,58))
NegativeTests.BST.fst(25,61-25,65): (Warning 252) Subtyping check failed; expected type right:
FStar.Pervasives.Native.option (NegativeTests.BST.tree (l + 1))
{ l <= l /\ l <= l + 1 /\ None? right <==> (l = l + 1) /\
None? (FStar.Pervasives.Native.Some t) <==> (l = l) }; got type FStar.Pervasives.Native.option (NegativeTests.BST.tree (l + 1)) (see also NegativeTests.BST.fst(12,36-12,58))
NegativeTests.BST.fst(25,61-25,65): (Warning 252) Subtyping check failed; expected type right:
FStar.Pervasives.Native.option (NegativeTests.BST.tree (l + 1))
{ l <= l /\ l <= l + 1 /\ None? right <==> (l = l + 1) /\
None? (FStar.Pervasives.Native.Some t) <==> (l = l) }; got type FStar.Pervasives.Native.option (NegativeTests.BST.tree (l + 1)) (see also NegativeTests.BST.fst(12,36-12,58))
NegativeTests.BST.fst(28,78-28,87): (Warning 252) Subtyping check failed; expected type right:
FStar.Pervasives.Native.option (NegativeTests.BST.tree (l + 1))
{ l <= l + 1 /\ l + 1 <= l + 1 /\ None? right <==> (l + 1 = l + 1) /\
None? (FStar.Pervasives.Native.Some t1) <==> (l + 1 = l) }; got type FStar.Pervasives.Native.option (NegativeTests.BST.tree (l + 1)) (see also NegativeTests.BST.fst(12,37-12,48))
NegativeTests.BST.fst(28,78-28,87): (Warning 252) Subtyping check failed; expected type right:
FStar.Pervasives.Native.option (NegativeTests.BST.tree (l + 1))
{ l <= l + 1 /\ l + 1 <= l + 1 /\ None? right <==> (l + 1 = l + 1) /\
None? (FStar.Pervasives.Native.Some t1) <==> (l + 1 = l) }; got type FStar.Pervasives.Native.option (NegativeTests.BST.tree (l + 1)) (see also NegativeTests.BST.fst(12,37-12,48))
NegativeTests.BST.fst(28,78-28,87): (Warning 252) Subtyping check failed; expected type right:
FStar.Pervasives.Native.option (NegativeTests.BST.tree (l + 1))
{ l <= l + 1 /\ l + 1 <= l + 1 /\ None? right <==> (l + 1 = l + 1) /\
None? (FStar.Pervasives.Native.Some t1) <==> (l + 1 = l) }; got type FStar.Pervasives.Native.option (NegativeTests.BST.tree (l + 1)) (see also NegativeTests.BST.fst(12,37-12,48))
NegativeTests.BST.fst(28,78-28,87): (Warning 252) Subtyping check failed; expected type right:
FStar.Pervasives.Native.option (NegativeTests.BST.tree (l + 1))
{ l <= l + 1 /\ l + 1 <= l + 1 /\ None? right <==> (l + 1 = l + 1) /\
None? (FStar.Pervasives.Native.Some t1) <==> (l + 1 = l) }; got type FStar.Pervasives.Native.option (NegativeTests.BST.tree (l + 1)) (see also NegativeTests.BST.fst(12,37-12,48))
NegativeTests.Heap.fst(11,14-11,20): (Warning 252) assertion failed (see also NegativeTests.Heap.fst(11,21-11,54))
NegativeTests.Heap.fst(11,14-11,20): (Warning 252) assertion failed (see also NegativeTests.Heap.fst(11,21-11,54))
NegativeTests.Heap.fst(11,14-11,20): (Warning 252) assertion failed (see also NegativeTests.Heap.fst(11,21-11,54))
NegativeTests.Heap.fst(11,14-11,20): (Warning 252) assertion failed (see also NegativeTests.Heap.fst(11,21-11,54))
NegativeTests.ShortCircuiting.fst(6,16-6,33): (Warning 252) Subtyping check failed; expected type b: Prims.bool{NegativeTests.ShortCircuiting.bad_p b}; got type Prims.bool (see also NegativeTests.ShortCircuiting.fst(4,31-4,38))
NegativeTests.ShortCircuiting.fst(6,16-6,33): (Warning 252) Subtyping check failed; expected type b: Prims.bool{NegativeTests.ShortCircuiting.bad_p b}; got type Prims.bool (see also NegativeTests.ShortCircuiting.fst(4,31-4,38))
NegativeTests.ShortCircuiting.fst(6,16-6,33): (Warning 252) Subtyping check failed; expected type b: Prims.bool{NegativeTests.ShortCircuiting.bad_p b}; got type Prims.bool (see also NegativeTests.ShortCircuiting.fst(4,31-4,38))
NegativeTests.ShortCircuiting.fst(6,16-6,33): (Warning 252) Subtyping check failed; expected type b: Prims.bool{NegativeTests.ShortCircuiting.bad_p b}; got type Prims.bool (see also NegativeTests.ShortCircuiting.fst(4,31-4,38))
prims.fst(233,30-233,42): (Warning 252) assertion failed (see also prims.fst(205,68-205,80))
prims.fst(233,30-233,42): (Warning 252) assertion failed (see also prims.fst(205,68-205,80))
prims.fst(233,30-233,42): (Warning 252) assertion failed (see also prims.fst(205,68-205,80))
prims.fst(233,30-233,42): (Warning 252) assertion failed (see also prims.fst(205,68-205,80))
Eq.fst(48,8-48,14): (Warning 252) (Hint-replay failed): assertion failed (see also Eq.fst(48,15-48,37))
(Warning 252) (Hint-replay failed): assertion failed
(Warning 252) (Hint-replay failed): assertion failed
(Warning 252) (Hint-replay failed): assertion failed
Eq.fst(48,8-48,14): (Warning 252) (Hint-replay failed): assertion failed (see also Eq.fst(48,15-48,37))
(Warning 252) (Hint-replay failed): assertion failed
(Warning 252) (Hint-replay failed): assertion failed
(Warning 252) (Hint-replay failed): assertion failed
SepLogic.Heap.fst(61,39-64,38): (Warning 252) (Hint-replay failed): Patterns are incomplete
SepLogic.Heap.fst(80,51-83,71): (Warning 252) (Hint-replay failed): Patterns are incomplete
SepLogic.Heap.fst(115,19-115,29): (Warning 252) (Hint-replay failed): Subtyping check failed; expected type SepLogic.Heap.heap; got type SepLogic.Heap.heap_rec (see also SepLogic.Heap.fst(15,53-15,71))
SepLogic.Heap.fst(226,39-226,41): (Warning 252) (Hint-replay failed): could not prove post-condition (see also SepLogic.Heap.fsti(155,10-155,62))
SepLogic.Heap.fst(228,39-228,41): (Warning 252) (Hint-replay failed): could not prove post-condition (see also SepLogic.Heap.fsti(159,10-159,34))
SepLogic.Heap.fst(237,35-237,37): (Warning 252) (Hint-replay failed): could not prove post-condition (see also SepLogic.Heap.fsti(187,11-187,27))
SepLogic.Heap.fst(305,4-305,6): (Warning 252) (Hint-replay failed): could not prove post-condition (see also SepLogic.Heap.fst(304,21-304,58))
HyE.CCA2.fst(46,2-46,14): (Warning 271) Pattern ((ite (= (BoundV 0) (BoxBool (true ))) (BoundV 3) (HyE.PlainPKE.repr (BoundV 4)))) contains illegal symbols; dropping it (see also C:\build\agent2\_work\36\s\ulib\FStar.Monotonic.Seq.fst(72,20-72,61))
NegativeTests.Bug260.fst(11,12-11,19): (Warning 252) Subtyping check failed; expected type NegativeTests.Bug260.validity (NegativeTests.Bug260.S (NegativeTests.Bug260.S t)); got type NegativeTests.Bug260.validity (NegativeTests.Bug260.S t) (see also NegativeTests.Bug260.fst(8,37-11,9))
NegativeTests.Bug260.fst(11,12-11,19): (Warning 252) Subtyping check failed; expected type NegativeTests.Bug260.validity (NegativeTests.Bug260.S (NegativeTests.Bug260.S t)); got type NegativeTests.Bug260.validity (NegativeTests.Bug260.S t) (see also NegativeTests.Bug260.fst(8,37-11,9))
NegativeTests.Bug260.fst(11,12-11,19): (Warning 252) Subtyping check failed; expected type NegativeTests.Bug260.validity (NegativeTests.Bug260.S (NegativeTests.Bug260.S t)); got type NegativeTests.Bug260.validity (NegativeTests.Bug260.S t) (see also NegativeTests.Bug260.fst(8,37-11,9))
NegativeTests.Bug260.fst(11,12-11,19): (Warning 252) Subtyping check failed; expected type NegativeTests.Bug260.validity (NegativeTests.Bug260.S (NegativeTests.Bug260.S t)); got type NegativeTests.Bug260.validity (NegativeTests.Bug260.S t) (see also NegativeTests.Bug260.fst(8,37-11,9))
hello.fst(5,0-5,37): (Warning 272) Top-level let-bindings must be total; this term may have effects
hello.fst(5,0-5,37): (Warning 272) Top-level let-bindings must be total; this term may have effects
IfcRulesReify.fst(168,22-168,24): (Warning 252) (Hint-replay failed): could not prove post-condition (see also IfcRulesReify.fst(167,18-167,36))
IfcRulesReify.fst(198,2-202,29): (Warning 252) (Hint-replay failed): could not prove post-condition (see also IfcRulesReify.fst(196,9-196,47))
IfcRulesReify.fst(223,5-223,7): (Warning 252) (Hint-replay failed): could not prove post-condition (see also IfcRulesReify.fst(222,12-222,69))
IfcRulesReify.fst(236,2-241,23): (Warning 252) (Hint-replay failed): could not prove post-condition (see also IfcRulesReify.fst(234,13-234,44))
IfcRulesReify.fst(359,10-359,16): (Warning 252) (Hint-replay failed): assertion failed (see also IfcRulesReify.fst(359,39-359,64))
IfcRulesReify.fst(383,17-383,19): (Warning 252) (Hint-replay failed): could not prove post-condition (see also IfcRulesReify.fst(382,8-382,30))
IfcRulesReify.fst(420,4-420,6): (Warning 252) (Hint-replay failed): could not prove post-condition (see also IfcRulesReify.fst(419,19-419,58))
IfcRulesReify.fst(423,2-436,41): (Warning 252) (Hint-replay failed): could not prove post-condition (see also IfcRulesReify.fst(402,16-402,49))
IfcRulesReify.fst(452,6-452,12): (Warning 252) (Hint-replay failed): assertion failed (see also IfcRulesReify.fst(452,35-452,60))
NegativeTests.Neg.fst(5,8-5,10): (Warning 252) Subtyping check failed; expected type Prims.nat; got type Prims.int (see also prims.fst(410,17-410,23))
NegativeTests.Neg.fst(5,8-5,10): (Warning 252) Subtyping check failed; expected type Prims.nat; got type Prims.int (see also prims.fst(410,17-410,23))
NegativeTests.Neg.fst(5,8-5,10): (Warning 252) Subtyping check failed; expected type Prims.nat; got type Prims.int (see also prims.fst(410,17-410,23))
NegativeTests.Neg.fst(5,8-5,10): (Warning 252) Subtyping check failed; expected type Prims.nat; got type Prims.int (see also prims.fst(410,17-410,23))
NegativeTests.Neg.fst(8,8-8,10): (Warning 252) Subtyping check failed; expected type Prims.nat; got type Prims.int (see also prims.fst(410,17-410,23))
NegativeTests.Neg.fst(8,8-8,10): (Warning 252) Subtyping check failed; expected type Prims.nat; got type Prims.int (see also prims.fst(410,17-410,23))
NegativeTests.Neg.fst(8,8-8,10): (Warning 252) Subtyping check failed; expected type Prims.nat; got type Prims.int (see also prims.fst(410,17-410,23))
NegativeTests.Neg.fst(8,8-8,10): (Warning 252) Subtyping check failed; expected type Prims.nat; got type Prims.int (see also prims.fst(410,17-410,23))
NegativeTests.Neg.fst(11,23-11,29): (Warning 252) assertion failed (see also NegativeTests.Neg.fst(11,30-11,35))
NegativeTests.Neg.fst(11,23-11,29): (Warning 252) assertion failed (see also NegativeTests.Neg.fst(11,30-11,35))
NegativeTests.Neg.fst(11,23-11,29): (Warning 252) assertion failed (see also NegativeTests.Neg.fst(11,30-11,35))
NegativeTests.Neg.fst(11,23-11,29): (Warning 252) assertion failed (see also NegativeTests.Neg.fst(11,30-11,35))
NegativeTests.Neg.fst(14,28-15,15): (Warning 252) Patterns are incomplete
NegativeTests.Neg.fst(14,28-15,15): (Warning 252) Patterns are incomplete
NegativeTests.Neg.fst(14,28-15,15): (Warning 252) Patterns are incomplete
NegativeTests.Neg.fst(14,28-15,15): (Warning 252) Patterns are incomplete
NegativeTests.Neg.fst(22,32-22,42): (Warning 252) assertion failed (see also NegativeTests.Neg.fst(17,44-17,57))
NegativeTests.Neg.fst(22,32-22,42): (Warning 252) assertion failed (see also NegativeTests.Neg.fst(17,44-17,57))
NegativeTests.Neg.fst(22,32-22,42): (Warning 252) assertion failed (see also NegativeTests.Neg.fst(17,44-17,57))
NegativeTests.Neg.fst(22,32-22,42): (Warning 252) assertion failed (see also NegativeTests.Neg.fst(17,44-17,57))
NegativeTests.Neg.fst(26,33-26,34): (Warning 252) could not prove post-condition (see also NegativeTests.Neg.fst(24,83-24,88))
NegativeTests.Neg.fst(26,33-26,34): (Warning 252) could not prove post-condition (see also NegativeTests.Neg.fst(24,83-24,88))
NegativeTests.Neg.fst(26,33-26,34): (Warning 252) could not prove post-condition (see also NegativeTests.Neg.fst(24,83-24,88))
NegativeTests.Neg.fst(26,33-26,34): (Warning 252) could not prove post-condition (see also NegativeTests.Neg.fst(24,83-24,88))
NegativeTests.Neg.fst(30,30-30,31): (Warning 252) Subtyping check failed; expected type _: FStar.Pervasives.Native.option 'a {Some? _}; got type FStar.Pervasives.Native.option 'a (see also FStar.Pervasives.Native.fst(6,4-6,8))
NegativeTests.Neg.fst(30,30-30,31): (Warning 252) Subtyping check failed; expected type _: FStar.Pervasives.Native.option 'a {Some? _}; got type FStar.Pervasives.Native.option 'a (see also FStar.Pervasives.Native.fst(6,4-6,8))
NegativeTests.Neg.fst(30,30-30,31): (Warning 252) Subtyping check failed; expected type _: FStar.Pervasives.Native.option 'a {Some? _}; got type FStar.Pervasives.Native.option 'a (see also FStar.Pervasives.Native.fst(6,4-6,8))
NegativeTests.Neg.fst(30,30-30,31): (Warning 252) Subtyping check failed; expected type _: FStar.Pervasives.Native.option 'a {Some? _}; got type FStar.Pervasives.Native.option 'a (see also FStar.Pervasives.Native.fst(6,4-6,8))
NegativeTests.Neg.fst(34,45-34,47): (Warning 252) Subtyping check failed; expected type _: FStar.Pervasives.result Prims.int {V? _}; got type FStar.Pervasives.result Prims.int (see also FStar.Pervasives.fst(88,4-88,5))
NegativeTests.Neg.fst(34,45-34,47): (Warning 252) Subtyping check failed; expected type _: FStar.Pervasives.result Prims.int {V? _}; got type FStar.Pervasives.result Prims.int (see also FStar.Pervasives.fst(88,4-88,5))
NegativeTests.Neg.fst(34,45-34,47): (Warning 252) Subtyping check failed; expected type _: FStar.Pervasives.result Prims.int {V? _}; got type FStar.Pervasives.result Prims.int (see also FStar.Pervasives.fst(88,4-88,5))
NegativeTests.Neg.fst(34,45-34,47): (Warning 252) Subtyping check failed; expected type _: FStar.Pervasives.result Prims.int {V? _}; got type FStar.Pervasives.result Prims.int (see also FStar.Pervasives.fst(88,4-88,5))
NegativeTests.Neg.fst(39,25-39,26): (Warning 252) Subtyping check failed; expected type Prims.nat; got type Prims.int (see also prims.fst(410,17-410,23))
NegativeTests.Neg.fst(39,25-39,26): (Warning 252) Subtyping check failed; expected type Prims.nat; got type Prims.int (see also prims.fst(410,17-410,23))
NegativeTests.Neg.fst(39,25-39,26): (Warning 252) Subtyping check failed; expected type Prims.nat; got type Prims.int (see also prims.fst(410,17-410,23))
NegativeTests.Neg.fst(39,25-39,26): (Warning 252) Subtyping check failed; expected type Prims.nat; got type Prims.int (see also prims.fst(410,17-410,23))
testseq.fst(12,0-14,15): (Warning 272) Top-level let-bindings must be total; this term may have effects
testseq.fst(12,0-14,15): (Warning 272) Top-level let-bindings must be total; this term may have effects
NegativeTests.Termination.fst(6,26-6,27): (Warning 252) Could not prove termination of this recursive call (see also NegativeTests.Termination.fst(6,20-6,29))
NegativeTests.Termination.fst(6,26-6,27): (Warning 252) Could not prove termination of this recursive call (see also NegativeTests.Termination.fst(6,20-6,29))
NegativeTests.Termination.fst(6,26-6,27): (Warning 252) Could not prove termination of this recursive call (see also NegativeTests.Termination.fst(6,20-6,29))
NegativeTests.Termination.fst(6,26-6,27): (Warning 252) Could not prove termination of this recursive call (see also NegativeTests.Termination.fst(6,20-6,29))
NegativeTests.Termination.fst(13,26-13,35): (Warning 252) Could not prove termination of this recursive call (see also NegativeTests.Termination.fst(11,2-13,35))
NegativeTests.Termination.fst(13,26-13,35): (Warning 252) Could not prove termination of this recursive call (see also NegativeTests.Termination.fst(11,2-13,35))
NegativeTests.Termination.fst(13,26-13,35): (Warning 252) Could not prove termination of this recursive call (see also NegativeTests.Termination.fst(11,2-13,35))
NegativeTests.Termination.fst(13,26-13,35): (Warning 252) Could not prove termination of this recursive call (see also NegativeTests.Termination.fst(11,2-13,35))
NegativeTests.Termination.fst(20,43-20,44): (Warning 252) Could not prove termination of this recursive call (see also NegativeTests.Termination.fst(19,2-21,54))
NegativeTests.Termination.fst(20,43-20,44): (Warning 252) Could not prove termination of this recursive call (see also NegativeTests.Termination.fst(19,2-21,54))
NegativeTests.Termination.fst(20,43-20,44): (Warning 252) Could not prove termination of this recursive call (see also NegativeTests.Termination.fst(19,2-21,54))
NegativeTests.Termination.fst(20,43-20,44): (Warning 252) Could not prove termination of this recursive call (see also NegativeTests.Termination.fst(19,2-21,54))
NegativeTests.Termination.fst(27,28-27,29): (Warning 252) Could not prove termination of this recursive call (see also NegativeTests.Termination.fst(25,23-27,29))
NegativeTests.Termination.fst(27,28-27,29): (Warning 252) Could not prove termination of this recursive call (see also NegativeTests.Termination.fst(25,23-27,29))
NegativeTests.Termination.fst(27,28-27,29): (Warning 252) Could not prove termination of this recursive call (see also NegativeTests.Termination.fst(25,23-27,29))
NegativeTests.Termination.fst(27,28-27,29): (Warning 252) Could not prove termination of this recursive call (see also NegativeTests.Termination.fst(25,23-27,29))
NegativeTests.Termination.fst(40,15-40,29): (Warning 252) Could not prove termination of this recursive call (see also NegativeTests.Termination.fst(38,2-40,29))
NegativeTests.Termination.fst(40,15-40,29): (Warning 252) Could not prove termination of this recursive call (see also NegativeTests.Termination.fst(38,2-40,29))
NegativeTests.Termination.fst(40,15-40,29): (Warning 252) Could not prove termination of this recursive call (see also NegativeTests.Termination.fst(38,2-40,29))
NegativeTests.Termination.fst(40,15-40,29): (Warning 252) Could not prove termination of this recursive call (see also NegativeTests.Termination.fst(38,2-40,29))
NegativeTests.Termination.fst(52,19-52,29): (Warning 252) Could not prove termination of this recursive call (see also NegativeTests.Termination.fst(49,2-52,29))
NegativeTests.Termination.fst(52,19-52,29): (Warning 252) Could not prove termination of this recursive call (see also NegativeTests.Termination.fst(49,2-52,29))
NegativeTests.Termination.fst(52,19-52,29): (Warning 252) Could not prove termination of this recursive call (see also NegativeTests.Termination.fst(49,2-52,29))
NegativeTests.Termination.fst(52,19-52,29): (Warning 252) Could not prove termination of this recursive call (see also NegativeTests.Termination.fst(49,2-52,29))
NegativeTests.Termination.fst(60,34-60,35): (Warning 252) Could not prove termination of this recursive call (see also NegativeTests.Termination.fst(57,2-60,35))
NegativeTests.Termination.fst(60,34-60,35): (Warning 252) Could not prove termination of this recursive call (see also NegativeTests.Termination.fst(57,2-60,35))
NegativeTests.Termination.fst(60,34-60,35): (Warning 252) Could not prove termination of this recursive call (see also NegativeTests.Termination.fst(57,2-60,35))
NegativeTests.Termination.fst(60,34-60,35): (Warning 252) Could not prove termination of this recursive call (see also NegativeTests.Termination.fst(57,2-60,35))
NegativeTests.Termination.fst(65,2-67,14): (Warning 252) Patterns are incomplete
NegativeTests.Termination.fst(65,2-67,14): (Warning 252) Patterns are incomplete
NegativeTests.Termination.fst(65,2-67,14): (Warning 252) Patterns are incomplete
NegativeTests.Termination.fst(65,2-67,14): (Warning 252) Patterns are incomplete
NegativeTests.Termination.fst(74,29-74,31): (Warning 252) Could not prove termination of this recursive call (see also NegativeTests.Termination.fst(72,2-74,31))
NegativeTests.Termination.fst(74,29-74,31): (Warning 252) Could not prove termination of this recursive call (see also NegativeTests.Termination.fst(72,2-74,31))
NegativeTests.Termination.fst(74,29-74,31): (Warning 252) Could not prove termination of this recursive call (see also NegativeTests.Termination.fst(72,2-74,31))
NegativeTests.Termination.fst(74,29-74,31): (Warning 252) Could not prove termination of this recursive call (see also NegativeTests.Termination.fst(72,2-74,31))
NegativeTests.Termination.fst(81,20-81,26): (Warning 252) Could not prove termination of this recursive call (see also NegativeTests.Termination.fst(79,2-81,26))
NegativeTests.Termination.fst(81,20-81,26): (Warning 252) Could not prove termination of this recursive call (see also NegativeTests.Termination.fst(79,2-81,26))
NegativeTests.Termination.fst(81,20-81,26): (Warning 252) Could not prove termination of this recursive call (see also NegativeTests.Termination.fst(79,2-81,26))
NegativeTests.Termination.fst(81,20-81,26): (Warning 252) Could not prove termination of this recursive call (see also NegativeTests.Termination.fst(79,2-81,26))
NegativeTests.False.fst(8,13-8,33): (Warning 252) assertion failed (see also prims.fst(199,69-199,78))
NegativeTests.False.fst(8,13-8,33): (Warning 252) assertion failed (see also prims.fst(199,69-199,78))
NegativeTests.False.fst(8,13-8,33): (Warning 252) assertion failed (see also prims.fst(199,69-199,78))
NegativeTests.False.fst(8,13-8,33): (Warning 252) assertion failed (see also prims.fst(199,69-199,78))
Eta_expand.fst(22,0-26,35): (Warning 272) Top-level let-bindings must be total; this term may have effects
Eta_expand.fst(22,0-26,35): (Warning 272) Top-level let-bindings must be total; this term may have effects
File "out/Eta_expand.ml", line 19, characters 37-39:
Warning 20: this argument will not be used by the function.
File "out/Eta_expand.ml", line 19, characters 40-42:
Warning 20: this argument will not be used by the function.
PSK.fst(120,11-120,22): (Warning 288) FStar.HyperStack.ST.stable_on_t is deprecated, use FStar.HyperStack.ST.stable_on instead
PSK.fst(121,4-121,14): (Warning 288) FStar.HyperStack.ST.mr_witness is deprecated, use FStar.HyperStack.ST.witness_p instead
PSK.fst(164,9-164,20): (Warning 288) FStar.HyperStack.ST.stable_on_t is deprecated, use FStar.HyperStack.ST.stable_on instead
PSK.fst(165,2-165,12): (Warning 288) FStar.HyperStack.ST.mr_witness is deprecated, use FStar.HyperStack.ST.witness_p instead
PSK.fst(166,9-166,20): (Warning 288) FStar.HyperStack.ST.stable_on_t is deprecated, use FStar.HyperStack.ST.stable_on instead
PSK.fst(167,2-167,12): (Warning 288) FStar.HyperStack.ST.mr_witness is deprecated, use FStar.HyperStack.ST.witness_p instead
PSK.fst(217,13-217,24): (Warning 288) FStar.HyperStack.ST.stable_on_t is deprecated, use FStar.HyperStack.ST.stable_on instead
PSK.fst(218,6-218,16): (Warning 288) FStar.HyperStack.ST.mr_witness is deprecated, use FStar.HyperStack.ST.witness_p instead
Add.fst(26,25-26,91): (Warning 252) (Hint-replay failed): could not prove post-condition (see also Add.fst(25,69-25,95))
Add.fst(26,25-26,91): (Warning 252) (Hint-replay failed): could not prove post-condition (see also Add.fst(25,69-25,95))
NegativeTests.Set.fst(13,9-13,30): (Warning 252) assertion failed
NegativeTests.Set.fst(13,9-13,30): (Warning 252) assertion failed
NegativeTests.Set.fst(13,9-13,30): (Warning 252) assertion failed
NegativeTests.Set.fst(13,9-13,30): (Warning 252) assertion failed
NegativeTests.Set.fst(18,9-18,67): (Warning 252) assertion failed
NegativeTests.Set.fst(18,9-18,67): (Warning 252) assertion failed
NegativeTests.Set.fst(18,9-18,67): (Warning 252) assertion failed
NegativeTests.Set.fst(18,9-18,67): (Warning 252) assertion failed
NegativeTests.Set.fst(23,9-23,52): (Warning 252) assertion failed
NegativeTests.Set.fst(23,9-23,52): (Warning 252) assertion failed
NegativeTests.Set.fst(23,9-23,52): (Warning 252) assertion failed
NegativeTests.Set.fst(23,9-23,52): (Warning 252) assertion failed
Inlining.fst(38,20-38,26): (Warning 252) assertion failed
Inlining.fst(38,20-38,26): (Warning 252) assertion failed
Inlining.fst(38,20-38,26): (Warning 252) assertion failed
Inlining.fst(38,20-38,26): (Warning 252) assertion failed
Memo.fst(118,14-118,16): (Warning 252) (Hint-replay failed): Subtyping check failed; expected type h0: Memo.heap{Memo.valid_memo h0 f}; got type Prims.list (Prims.int * Prims.int) (see also Memo.fst(111,12-111,27))
<dummy>(0,0-0,0): (Warning 252) (Hint-replay failed): Subtyping check failed; expected type Memo.reachable f x0 (Memo.Need (Later?.x projectee) (Later?.cont projectee)); got type Memo.reachable f x0 (Memo.Need x cont) (see also Memo.fst(283,2-283,7))
Memo.fst(118,14-118,16): (Warning 252) (Hint-replay failed): Subtyping check failed; expected type h0: Memo.heap{Memo.valid_memo h0 f}; got type Prims.list (Prims.int * Prims.int) (see also Memo.fst(111,12-111,27))
<dummy>(0,0-0,0): (Warning 252) (Hint-replay failed): Subtyping check failed; expected type Memo.reachable f x0 (Memo.Need (Later?.x projectee) (Later?.cont projectee)); got type Memo.reachable f x0 (Memo.Need x cont) (see also Memo.fst(283,2-283,7))
X64.Poly1305.Math_i.fst(153,53-153,59): (Warning 296) Tactics admitted goal <:
(n: Prims.int), (p: Prims.pos), (h: Prims.nat), (h2: Prims.nat), (h10: Prims.int), (c: Prims.int), (hh: Prims.int), (p: Prims.pure_post Prims.unit), (_:
n * n > 0 /\ h2 >= 0 /\ 4 * (n * n) == p + 5 /\ h2 == h / (n * n) /\ h10 == h % (n * n) /\
c == h2 / 4 + (h2 / 4) * 4 /\ hh == h10 + c + (h2 % 4) * (n * n) /\
(forall (pure_result: Prims.unit). h % p == hh % p ==> p pure_result)), (return_val: Prims.pos), (_: return_val == n * n), (pure_result: Prims.unit), (_: h = (n * n) * (h / (n * n)) + h % (n * n)), (pure_result: Prims.unit), (_: h == (n * n) * h2 + h10), (return_val: Prims.pos), (_: return_val == n * n), (pure_result: Prims.unit), (_:
(n * n) * h2 + h10 = (n * n) * (((n * n) * h2 + h10) / (n * n)) + ((n * n) * h2 + h10) % (n * n)), (any_result: (_: Prims.unit -> Prims.Tot Prims.unit)), (_: Calc.using (FStar.Math.Lemmas.lemma_div_mod ((n * n) * h2 + h10) (n * n)) == any_result), (return_val: (_: Prims.unit -> Prims.Lemma Prims.unit)), (_: return_val == Calc.using (FStar.Math.Lemmas.lemma_div_mod ((n * n) * h2 + h10) (n * n))), (_:
Calc.using (FStar.Math.Lemmas.lemma_div_mod ((n * n) * h2 + h10) (n * n)) ==
Calc.using (FStar.Math.Lemmas.lemma_div_mod ((n * n) * h2 + h10) (n * n))), (any_result:
x:
Prims.int
{ (n * n) * h2 + h10 == (n * n) * h2 + h10 /\
(x == (n * n) * h2 + h10) /\ ((n * n) * h2 + h10 == (n * n) * h2 + h10) }), (_:
((n * n) * h2 + h10 &= (n * n) * h2 + h10 &|
Calc.using (FStar.Math.Lemmas.lemma_div_mod ((n * n) * h2 + h10) (n * n))) ==
any_result), (any_result: (_: Prims.unit -> Prims.Pure Prims.int)), (_:
((n * n) * h2 + h10 &= (n * n) * h2 + h10 &|
Calc.using (FStar.Math.Lemmas.lemma_div_mod ((n * n) * h2 + h10) (n * n)) &=
(n * n) * ((h2 / 4) * 4 + h2 % 4) + h10) ==
any_result), (return_val: (_: Prims.unit -> Prims.Lemma Prims.unit)), (_: return_val == Calc.using Calc.z3), (any_result:
x:
Prims.int
{ (n * n) * h2 + h10 == (n * n) * ((h2 / 4) * 4 + h2 % 4) + h10 /\
(x == (n * n) * ((h2 / 4) * 4 + h2 % 4) + h10) /\
((n * n) * h2 + h10 == (n * n) * ((h2 / 4) * 4 + h2 % 4) + h10) }), (_:
((n * n) * h2 + h10 &= (n * n) * h2 + h10 &|
Calc.using (FStar.Math.Lemmas.lemma_div_mod ((n * n) * h2 + h10) (n * n)) &=
(n * n) * ((h2 / 4) * 4 + h2 % 4) + h10 &|
Calc.using Calc.z3) ==
any_result), (any_result: (_: Prims.unit -> Prims.Pure Prims.int)), (_:
((n * n) * h2 + h10 &= (n * n) * h2 + h10 &|
Calc.using (FStar.Math.Lemmas.lemma_div_mod ((n * n) * h2 + h10) (n * n)) &=
(n * n) * ((h2 / 4) * 4 + h2 % 4) + h10 &|
Calc.using Calc.z3 &=
h10 + (h2 % 4) * (n * n) + (h2 / 4) * (p + 5)) ==
any_result) |- _ : Prims.squash ((n * n) * ((h2 / 4) * 4 + h2 % 4) + h10 ==
h10 + (h2 % 4) * (n * n) + (h2 / 4) * (p + 5))

>

(see also Calc.fst(27,64-27,76))
X64.Poly1305.Math_i.fst(170,0-171,9): (Warning 272) Top-level let-bindings must be total; this term may have effects
ScopeOfBinderGuard.fst(9,47-9,48): (Warning 252) Subtyping check failed; expected type Prims.unit; got type ScopeOfBinderGuard.bool_t (see also ScopeOfBinderGuard.fst(9,17-9,18))
ScopeOfBinderGuard.fst(9,47-9,48): (Warning 252) Subtyping check failed; expected type Prims.unit; got type ScopeOfBinderGuard.bool_t (see also ScopeOfBinderGuard.fst(9,17-9,18))
ScopeOfBinderGuard.fst(9,47-9,48): (Warning 252) Subtyping check failed; expected type Prims.unit; got type ScopeOfBinderGuard.bool_t (see also ScopeOfBinderGuard.fst(9,17-9,18))
ScopeOfBinderGuard.fst(9,47-9,48): (Warning 252) Subtyping check failed; expected type Prims.unit; got type ScopeOfBinderGuard.bool_t (see also ScopeOfBinderGuard.fst(9,17-9,18))
ScopeOfBinderGuard.fst(11,46-11,47): (Warning 252) Subtyping check failed; expected type Prims.bool; got type ScopeOfBinderGuard.t false (see also ScopeOfBinderGuard.fst(11,26-11,27))
ScopeOfBinderGuard.fst(11,46-11,47): (Warning 252) Subtyping check failed; expected type Prims.bool; got type ScopeOfBinderGuard.t false (see also ScopeOfBinderGuard.fst(11,26-11,27))
ScopeOfBinderGuard.fst(11,46-11,47): (Warning 252) Subtyping check failed; expected type Prims.bool; got type ScopeOfBinderGuard.t false (see also ScopeOfBinderGuard.fst(11,26-11,27))
ScopeOfBinderGuard.fst(11,46-11,47): (Warning 252) Subtyping check failed; expected type Prims.bool; got type ScopeOfBinderGuard.t false (see also ScopeOfBinderGuard.fst(11,26-11,27))
SL.Heap.fst(66,39-69,38): (Warning 252) (Hint-replay failed): Patterns are incomplete
SL.Heap.fst(86,51-89,71): (Warning 252) (Hint-replay failed): Patterns are incomplete
SL.Heap.fst(122,19-122,29): (Warning 252) (Hint-replay failed): Subtyping check failed; expected type SL.Heap.heap; got type SL.Heap.heap_rec (see also SL.Heap.fst(20,53-20,71))
SL.Heap.fst(207,39-207,41): (Warning 252) (Hint-replay failed): could not prove post-condition (see also SL.Heap.fsti(123,10-123,62))
SL.Heap.fst(209,39-209,41): (Warning 252) (Hint-replay failed): could not prove post-condition (see also SL.Heap.fsti(127,10-127,34))
FStar.SL.Monotonic.Heap.fst(243,2-243,8): (Warning 252) (Hint-replay failed): assertion failed (see also FStar.SL.Monotonic.Heap.fst(243,9-243,56))
FStar.SL.Monotonic.Heap.fst(263,2-263,8): (Warning 252) (Hint-replay failed): assertion failed (see also FStar.SL.Monotonic.Heap.fst(263,9-263,84))
FStar.SL.Monotonic.Heap.fst(265,2-265,8): (Warning 252) (Hint-replay failed): assertion failed (see also FStar.SL.Monotonic.Heap.fst(265,9-265,85))
FStar.SL.Monotonic.Heap.fst(281,2-281,57): (Warning 252) (Hint-replay failed): could not prove post-condition (see also FStar.SL.Monotonic.Heap.fsti(466,18-466,24))
EtM.CPA.fst(46,21-46,32): (Warning 288) FStar.Seq.Base.createEmpty is deprecated, use Seq.empty instead
EtM.CPA.fst(55,34-55,45): (Warning 288) FStar.Seq.Base.createEmpty is deprecated, use Seq.empty instead
EtM.MAC.fst(59,21-59,32): (Warning 288) FStar.Seq.Base.createEmpty is deprecated, use Seq.empty instead
EtM.MAC.fst(72,34-72,45): (Warning 288) FStar.Seq.Base.createEmpty is deprecated, use Seq.empty instead
Asm1.fst(59,4-64,81): (Warning 252) (Hint-replay failed): Patterns are incomplete
Asm1.fst(67,2-67,10): (Warning 252) Subtyping check failed; expected type b1_s1:
(Prims.list Asm1.ins * Asm1.state)
{ (let b1, s1 = b1_s1 in
(let i :: _ = b0 in
(let Asm1.ILoad dst src offset = i in
b0 == i :: b1 /\ Asm1.valid_state s1 /\
FStar.Pervasives.Native.Some s1 == Asm1.eval_ins i s0 /\
Asm1.eval_block b0 s0 == Asm1.eval_block b1 s1 /\
s1 ==
Asm1.Mkstate
((Mkstate?.regs s0).[ dst ] <- (Mkstate?.mem s0).[ (Mkstate?.regs s0).[ src ] + offset ]
) (Mkstate?.mem s0))
<:
Type0)
<:
Type0)
<:
Type0 }; got type Prims.list Asm1.ins * Asm1.state (see also Asm1.fst(61,8-61,22))
Asm1.fst(78,4-83,80): (Warning 252) (Hint-replay failed): Patterns are incomplete
Asm1.fst(85,2-86,10): (Warning 252) Patterns are incomplete
Asm1.fst(124,31-124,33): (Warning 252) (Hint-replay failed): Subtyping check failed; expected type s0:
Asm1.state
{ Asm1.valid_state s0 /\
(match b1 with
| Asm1.ILoad dst src offset :: _ ->
Asm1.valid_reg dst /\ Asm1.valid_reg src /\
Asm1.contains (Mkstate?.mem s0) ((Mkstate?.regs s0).[ src ] + offset)
| _ -> Prims.l_False) }; got type Asm1.state (see also Asm1.fst(53,12-53,25))
Asm1.fst(59,4-64,81): (Warning 252) (Hint-replay failed): Patterns are incomplete
Asm1.fst(67,2-67,10): (Warning 252) Subtyping check failed; expected type b1_s1:
(Prims.list Asm1.ins * Asm1.state)
{ (let b1, s1 = b1_s1 in
(let i :: _ = b0 in
(let Asm1.ILoad dst src offset = i in
b0 == i :: b1 /\ Asm1.valid_state s1 /\
FStar.Pervasives.Native.Some s1 == Asm1.eval_ins i s0 /\
Asm1.eval_block b0 s0 == Asm1.eval_block b1 s1 /\
s1 ==
Asm1.Mkstate
((Mkstate?.regs s0).[ dst ] <- (Mkstate?.mem s0).[ (Mkstate?.regs s0).[ src ] + offset ]
) (Mkstate?.mem s0))
<:
Type0)
<:
Type0)
<:
Type0 }; got type Prims.list Asm1.ins * Asm1.state (see also Asm1.fst(61,8-61,22))
Asm1.fst(59,4-64,81): (Warning 252) (Hint-replay failed): Patterns are incomplete
Asm1.fst(78,4-83,80): (Warning 252) (Hint-replay failed): Patterns are incomplete
Asm1.fst(85,2-86,10): (Warning 252) Patterns are incomplete
Asm1.fst(78,4-83,80): (Warning 252) (Hint-replay failed): Patterns are incomplete
Asm1.fst(124,17-124,27): (Warning 252) (Hint-replay failed): Patterns are incomplete (see also Asm1.fst(59,4-64,81))
ProgramEquivalence.fst(140,3-144,55): (Warning 252) (Hint-replay failed): could not prove post-condition (see also ProgramEquivalence.fst(138,33-138,93))
ProgramEquivalence.fst(144,5-144,31): (Warning 252) assertion failed (see also ProgramEquivalence.fst(134,20-134,80))
ProgramEquivalence.fst(144,5-144,31): (Warning 252) assertion failed (see also ProgramEquivalence.fst(134,20-134,80))
ProgramEquivalence.fst(156,3-159,38): (Warning 252) (Hint-replay failed): could not prove post-condition (see also ProgramEquivalence.fst(154,20-154,65))
Calc.fst(26,84-26,87): (Warning 252) (Hint-replay failed): assertion failed (see also Calc.fst(26,17-26,20))
Calc.fst(26,84-26,87): (Warning 252) (Hint-replay failed): assertion failed (see also Calc.fst(26,17-26,20))
bug1091.fst(18,50-18,66): (Warning 252) Subtyping check failed; expected type FStar.UInt.uint_t (*?u19*) _; got type n: Prims.nat{n < Prims.pow2 128} (see also FStar.UInt.fst(52,28-52,36))
bug1091.fst(24,91-24,92): (Warning 252) could not prove post-condition (see also bug1091.fst(24,21-24,86))
bug1091.fst(82,26-82,40): (Warning 252) Failed to verify implicit argument: (*?u21*) _ (Introduced at bug1091.fst(82,26-82,40) for Instantiating implicit argument in application resolved at bug1091.fst(81,0-82,77)) :: Subtyping check failed; expected type Prims.eqtype; got type Type0 (see also prims.fst(27,22-27,29))
bug1091.fst(82,51-82,65): (Warning 252) Failed to verify implicit argument: (*?u21*) _ (Introduced at bug1091.fst(82,51-82,65) for Instantiating implicit argument in application resolved at bug1091.fst(81,0-82,77)) :: Subtyping check failed; expected type Prims.eqtype; got type Type0 (see also prims.fst(27,22-27,29))
bug1091.fst(82,26-82,40): (Warning 252) Failed to verify implicit argument: (*?u21*) _ (Introduced at bug1091.fst(82,26-82,40) for flex-flex quasi:	lhs=Instantiating implicit argument in application	rhs=Instantiating implicit argument in application resolved at bug1091.fst(81,0-82,77)) :: Subtyping check failed; expected type Prims.eqtype; got type Type0 (see also prims.fst(27,22-27,29))
bug1091.fst(93,55-93,56): (Warning 252) Could not prove termination of this recursive call (see also bug1091.fst(92,2-94,78))
prims.fst(410,17-410,23): (Warning 252) (Hint-replay failed): Subtyping check failed; expected type Prims.eqtype; got type Type0 (see also prims.fst(27,22-27,29))
C:/build/agent2/_work/36/s/kremlin/kremlib/C.Loops.fst(224,4-224,7): (Warning 252) (Hint-replay failed): Subtyping check failed; expected type Prims.eqtype; got type Type0 (see also prims.fst(27,22-27,29))
prims.fst(410,17-410,23): (Warning 252) (Hint-replay failed): Subtyping check failed; expected type Prims.eqtype; got type Type0 (see also prims.fst(27,22-27,29))
C:/build/agent2/_work/36/s/kremlin/kremlib/C.Loops.fst(264,4-264,8): (Warning 252) (Hint-replay failed): Subtyping check failed; expected type Prims.eqtype; got type Type0 (see also prims.fst(27,22-27,29))
prims.fst(410,17-410,23): (Warning 252) (Hint-replay failed): Subtyping check failed; expected type Prims.eqtype; got type Type0 (see also prims.fst(27,22-27,29))
C:/build/agent2/_work/36/s/kremlin/kremlib/C.Loops.fst(301,4-301,16): (Warning 252) (Hint-replay failed): Subtyping check failed; expected type Prims.eqtype; got type Type0 (see also prims.fst(27,22-27,29))
prims.fst(410,17-410,23): (Warning 252) (Hint-replay failed): Subtyping check failed; expected type Prims.eqtype; got type Type0 (see also prims.fst(27,22-27,29))
C:/build/agent2/_work/36/s/kremlin/kremlib/C.Loops.fst(340,4-340,17): (Warning 252) (Hint-replay failed): Subtyping check failed; expected type Prims.eqtype; got type Type0 (see also prims.fst(27,22-27,29))
Monad.fst(28,2-28,6): (Warning 252) (Hint-replay failed): Subtyping check failed; expected type Monad.monad_laws m (Mkmonad?.return projectee) (Mkmonad?.bind projectee); got type Monad.monad_laws m return bind (see also Monad.fst(25,6-25,11))
Monad.fst(40,2-40,8): (Warning 252) (Hint-replay failed): assertion failed (see also Monad.fst(40,9-40,90))
Monad.fst(40,2-40,8): (Warning 252) assertion failed (see also Monad.fst(40,9-40,90))
Monad.fst(40,2-40,8): (Warning 252) assertion failed (see also Monad.fst(40,9-40,90))
Monad.fst(40,2-40,8): (Warning 252) assertion failed (see also Monad.fst(40,9-40,90))
Monad.fst(40,2-40,8): (Warning 252) assertion failed (see also Monad.fst(40,9-40,90))
Monad.fst(40,2-40,8): (Error 19) assertion failed (see also Monad.fst(40,9-40,90))
1 error was reported (see above)
make[2]: *** [../Makefile.common:60: _cache/Monad.fst.checked] Error 1
bug1521.fst(55,17-55,20): (Warning 252) could not prove post-condition (see also bug1521.fst(53,65-53,68))
bug1521.fst(55,17-55,20): (Warning 252) could not prove post-condition (see also bug1521.fst(53,65-53,68))
bug1521.fst(55,17-55,20): (Warning 252) could not prove post-condition (see also bug1521.fst(53,65-53,68))
bug1521.fst(55,17-55,20): (Warning 252) could not prove post-condition (see also bug1521.fst(53,65-53,68))
bug1521.fst(60,17-60,20): (Warning 252) (Hint-replay failed): could not prove post-condition (see also bug1521.fst(58,71-58,74))
SL.Heap.fst(66,39-69,38): (Warning 252) (Hint-replay failed): Patterns are incomplete
SL.Heap.fst(86,51-89,71): (Warning 252) (Hint-replay failed): Patterns are incomplete
SL.Heap.fst(122,19-122,29): (Warning 252) (Hint-replay failed): Subtyping check failed; expected type SL.Heap.heap; got type SL.Heap.heap_rec (see also SL.Heap.fst(20,53-20,71))
SL.Heap.fst(207,39-207,41): (Warning 252) (Hint-replay failed): could not prove post-condition (see also SL.Heap.fsti(123,10-123,62))
SL.Heap.fst(209,39-209,41): (Warning 252) (Hint-replay failed): could not prove post-condition (see also SL.Heap.fsti(127,10-127,34))
SL.Heap.fst(224,26-224,28): (Warning 252) (Hint-replay failed): could not prove post-condition (see also SL.Heap.fsti(168,19-168,29))
(Warning 252) assertion failed
(Warning 252) assertion failed
(Warning 252) assertion failed
(Warning 252) assertion failed
GMST.fst(28,51-28,66): (Warning 252) (Hint-replay failed): Subtyping check failed; expected type _: b -> s1: s{rel2 s1 s1} -> Prims.GTot Type0; got type _: b -> s1: s{(rel2 @ rel1) s0 s1} -> Prims.GTot Type0 (see also GMST.fst(14,69-14,78))
GMST.fst(133,71-133,72): (Warning 252) (Hint-replay failed): Subtyping check failed; expected type _: b -> s1: GMST.state{rel2 s1 s1} -> Prims.Tot Type0; got type _: b -> s1: GMST.state{(rel2 @ rel1) s0 s1} -> Prims.Tot Type0 (see also GMST.fst(103,70-103,79))
GMST.fst(155,4-155,6): (Warning 252) (Hint-replay failed): could not prove post-condition (see also GMST.fst(154,24-154,52))
GMST.fst(189,4-193,72): (Warning 252) (Hint-replay failed): assertion failed (see also GMST.fst(28,4-28,68))
GMST.fst(28,51-28,66): (Warning 252) (Hint-replay failed): Subtyping check failed; expected type _: b -> s1: s{rel2 s1 s1} -> Prims.GTot Type0; got type _: b -> s1: s{(rel2 @ rel1) s0 s1} -> Prims.GTot Type0 (see also GMST.fst(14,69-14,78))
GMST.fst(133,71-133,72): (Warning 252) (Hint-replay failed): Subtyping check failed; expected type _: b -> s1: GMST.state{rel2 s1 s1} -> Prims.Tot Type0; got type _: b -> s1: GMST.state{(rel2 @ rel1) s0 s1} -> Prims.Tot Type0 (see also GMST.fst(103,70-103,79))
bug1535a.fst(7,2-8,13): (Warning 252) Patterns are incomplete
bug1535a.fst(7,2-8,13): (Warning 252) Patterns are incomplete
bug1535a.fst(7,2-8,13): (Warning 252) Patterns are incomplete
bug1535a.fst(7,2-8,13): (Warning 252) Patterns are incomplete
bug1370a.fst(26,11-28,24): (Warning 252) could not prove post-condition (see also bug1370a.fst(11,27-11,34))
bug1370a.fst(26,11-28,24): (Warning 252) could not prove post-condition (see also bug1370a.fst(11,27-11,34))
bug1370a.fst(26,11-28,24): (Warning 252) could not prove post-condition (see also bug1370a.fst(11,27-11,34))
bug1370a.fst(26,11-28,24): (Warning 252) could not prove post-condition (see also bug1370a.fst(11,27-11,34))
LowStar.Ex3.fst(54,28-54,39): (Warning 288) FStar.Seq.Base.createEmpty is deprecated, use Seq.empty instead
LowStar.Ex3.fst(101,39-101,50): (Warning 288) FStar.Seq.Base.createEmpty is deprecated, use Seq.empty instead
Evens.fst(11,29-11,38): (Warning 238) Plugin nat2unary will not run natively because Embedding not defined for type Evens.unary_nat.

EtM.CPA.fst(46,21-46,32): (Warning 288) FStar.Seq.Base.createEmpty is deprecated, use Seq.empty instead
EtM.CPA.fst(55,34-55,45): (Warning 288) FStar.Seq.Base.createEmpty is deprecated, use Seq.empty instead
EtM.MAC.fst(59,21-59,32): (Warning 288) FStar.Seq.Base.createEmpty is deprecated, use Seq.empty instead
EtM.MAC.fst(72,34-72,45): (Warning 288) FStar.Seq.Base.createEmpty is deprecated, use Seq.empty instead
EtM.AE.fst(67,21-67,32): (Warning 288) FStar.Seq.Base.createEmpty is deprecated, use Seq.empty instead
EtM.AE.fst(80,34-80,45): (Warning 288) FStar.Seq.Base.createEmpty is deprecated, use Seq.empty instead
Ex01a.fst(60,0-60,48): (Warning 272) Top-level let-bindings must be total; this term may have effects
Ex01a.fst(60,0-60,48): (Warning 272) Top-level let-bindings must be total; this term may have effects
make[2]: [Makefile:69: Ex01a-ocaml] Error 2 (ignored)
Plugins.fst(33,35-33,44): (Warning 238) Plugin norm_step_plugin will not run natively because Embedding not defined for type FStar.Pervasives.Native.norm_step.

Embeddings.fst(34,36-34,45): (Warning 238) Plugin norm_step_tac will not run natively because Embedding not defined for type FStar.Pervasives.Native.norm_step.

make[2]: Target 'all' not remade because of errors.
make[1]: *** [Makefile:44: typeclasses.all] Error 2
TestHasEq.fst(43,10-43,11): (Warning 252) Failed to prove that the type 'TestHasEq.t3' supports decidable equality because of this argument; add either the 'noeq' or 'unopteq' qualifier (see also TestHasEq.fst(42,0-43,19))
TestHasEq.fst(43,10-43,11): (Warning 252) Failed to prove that the type 'TestHasEq.t3' supports decidable equality because of this argument; add either the 'noeq' or 'unopteq' qualifier (see also TestHasEq.fst(42,0-43,19))
TestHasEq.fst(43,10-43,11): (Warning 252) Failed to prove that the type 'TestHasEq.t3' supports decidable equality because of this argument; add either the 'noeq' or 'unopteq' qualifier (see also TestHasEq.fst(42,0-43,19))
TestHasEq.fst(43,10-43,11): (Warning 252) Failed to prove that the type 'TestHasEq.t3' supports decidable equality because of this argument; add either the 'noeq' or 'unopteq' qualifier (see also TestHasEq.fst(42,0-43,19))
FStar.Tactics.Effect.fst(100,49-100,55): (Warning 296) Tactics admitted goal <:
(_:
Prims.squash (CanonDeep.x * (CanonDeep.y * CanonDeep.z) == CanonDeep.x * (CanonDeep.y * CanonDeep.z)
)), (_:
Prims.squash ((CanonDeep.x * CanonDeep.y) * CanonDeep.z == (CanonDeep.x * CanonDeep.y) * CanonDeep.z
)) |- _ : Prims.squash (CanonDeep.x * (CanonDeep.y * CanonDeep.z) == (CanonDeep.x * CanonDeep.y) * CanonDeep.z
)

>

(see also FStar.Tactics.Effect.fst(100,48-100,58))
CanonDeep.fst(190,12-190,28): (Warning 296) Tactics admitted goal <:
(_:
Prims.squash (CanonDeep.x * (CanonDeep.y * CanonDeep.z) == CanonDeep.x * (CanonDeep.y * CanonDeep.z)
)) |- _ : Prims.squash ((CanonDeep.x * CanonDeep.y) * CanonDeep.z == (CanonDeep.x * CanonDeep.y) * CanonDeep.z
)

>

(see also CanonDeep.fst(190,45-190,56))
CanonDeep.fst(190,12-190,28): (Warning 296) Tactics admitted goal <:
|- _ : Prims.squash (CanonDeep.x * (CanonDeep.y * CanonDeep.z) == CanonDeep.x * (CanonDeep.y * CanonDeep.z)
)

>

(see also CanonDeep.fst(190,30-190,41))
PatAnnot.fst(10,8-10,9): (Warning 252) Subtyping check failed; expected type Prims.squash Prims.l_False; got type Prims.unit (see also PatAnnot.fst(10,19-10,24))
PatAnnot.fst(10,8-10,9): (Warning 252) Subtyping check failed; expected type Prims.squash Prims.l_False; got type Prims.unit (see also PatAnnot.fst(10,19-10,24))
PatAnnot.fst(10,8-10,9): (Warning 252) Subtyping check failed; expected type Prims.squash Prims.l_False; got type Prims.unit (see also PatAnnot.fst(10,19-10,24))
PatAnnot.fst(10,8-10,9): (Warning 252) Subtyping check failed; expected type Prims.squash Prims.l_False; got type Prims.unit (see also PatAnnot.fst(10,19-10,24))
prims.fst(219,22-219,35): (Warning 252) assertion failed (see also prims.fst(199,69-199,78))
prims.fst(219,22-219,35): (Warning 252) assertion failed (see also prims.fst(199,69-199,78))
prims.fst(219,22-219,35): (Warning 252) assertion failed (see also prims.fst(199,69-199,78))
prims.fst(219,22-219,35): (Warning 252) assertion failed (see also prims.fst(199,69-199,78))
prims.fst(219,22-219,35): (Warning 252) assertion failed (see also prims.fst(199,69-199,78))
prims.fst(219,22-219,35): (Warning 252) assertion failed (see also prims.fst(199,69-199,78))
prims.fst(219,22-219,35): (Warning 252) assertion failed (see also prims.fst(199,69-199,78))
prims.fst(219,22-219,35): (Warning 252) assertion failed (see also prims.fst(199,69-199,78))
PatAnnot.fst(24,10-24,12): (Warning 252) Subtyping check failed; expected type Prims.squash Prims.l_False; got type Prims.unit (see also PatAnnot.fst(25,26-25,31))
PatAnnot.fst(24,10-24,12): (Warning 252) Subtyping check failed; expected type Prims.squash Prims.l_False; got type Prims.unit (see also PatAnnot.fst(25,26-25,31))
PatAnnot.fst(24,10-24,12): (Warning 252) Subtyping check failed; expected type Prims.squash Prims.l_False; got type Prims.unit (see also PatAnnot.fst(25,26-25,31))
PatAnnot.fst(24,10-24,12): (Warning 252) Subtyping check failed; expected type Prims.squash Prims.l_False; got type Prims.unit (see also PatAnnot.fst(25,26-25,31))
PatAnnot.fst(31,10-31,11): (Warning 252) Subtyping check failed; expected type Prims.nat; got type Prims.int (see also prims.fst(410,17-410,23))
PatAnnot.fst(31,10-31,11): (Warning 252) Subtyping check failed; expected type Prims.nat; got type Prims.int (see also prims.fst(410,17-410,23))
PatAnnot.fst(31,10-31,11): (Warning 252) Subtyping check failed; expected type Prims.nat; got type Prims.int (see also prims.fst(410,17-410,23))
PatAnnot.fst(31,10-31,11): (Warning 252) Subtyping check failed; expected type Prims.nat; got type Prims.int (see also prims.fst(410,17-410,23))
PatAnnot.fst(40,44-40,45): (Warning 252) Type annotation on parameter incompatible with the expected type (see also prims.fst(410,17-410,23))
PatAnnot.fst(40,44-40,45): (Warning 252) Type annotation on parameter incompatible with the expected type (see also prims.fst(410,17-410,23))
PatAnnot.fst(40,44-40,45): (Warning 252) Type annotation on parameter incompatible with the expected type (see also prims.fst(410,17-410,23))
PatAnnot.fst(40,44-40,45): (Warning 252) Type annotation on parameter incompatible with the expected type (see also prims.fst(410,17-410,23))
SepLogic.Heap.fst(61,39-64,38): (Warning 252) (Hint-replay failed): Patterns are incomplete
SepLogic.Heap.fst(80,51-83,71): (Warning 252) (Hint-replay failed): Patterns are incomplete
SepLogic.Heap.fst(115,19-115,29): (Warning 252) (Hint-replay failed): Subtyping check failed; expected type SepLogic.Heap.heap; got type SepLogic.Heap.heap_rec (see also SepLogic.Heap.fst(15,53-15,71))
SepLogic.Heap.fst(226,39-226,41): (Warning 252) (Hint-replay failed): could not prove post-condition (see also SepLogic.Heap.fsti(155,10-155,62))
SepLogic.Heap.fst(228,39-228,41): (Warning 252) (Hint-replay failed): could not prove post-condition (see also SepLogic.Heap.fsti(159,10-159,34))
SepLogic.Heap.fst(237,35-237,37): (Warning 252) (Hint-replay failed): could not prove post-condition (see also SepLogic.Heap.fsti(187,11-187,27))
SepLogic.Heap.fst(305,4-305,6): (Warning 252) (Hint-replay failed): could not prove post-condition (see also SepLogic.Heap.fst(304,21-304,58))
X64.Vale.StateLemmas_i.fst(40,2-40,8): (Warning 252) (Hint-replay failed): assertion failed (see also X64.Vale.StateLemmas_i.fst(40,9-40,49))
MiniParse.Spec.TSum.fst(114,5-114,6): (Warning 252) (Hint-replay failed): Subtyping check failed; expected type Prims.squash (MiniParse.Spec.Combinators.synth_inverse (Case?.ty_to_data projectee)
(Case?.data_to_ty projectee) /\
MiniParse.Spec.Combinators.synth_inverse (Case?.data_to_ty projectee)
(Case?.ty_to_data projectee)); got type Prims.squash (MiniParse.Spec.Combinators.synth_inverse ty_to_data data_to_ty /\
MiniParse.Spec.Combinators.synth_inverse data_to_ty ty_to_data) (see also MiniParse.Spec.TSum.fst(114,16-114,51))
MiniParse.Spec.TSum.fst(129,14-129,25): (Warning 252) (Hint-replay failed): assertion failed (see also MiniParse.Spec.Combinators.fst(580,12-582,3))
MiniParse.Spec.TSum.fst(142,14-142,29): (Warning 252) (Hint-replay failed): assertion failed (see also MiniParse.Spec.Combinators.fst(580,12-582,3))
MiniParse.Spec.TSum.fst(114,5-114,6): (Warning 252) (Hint-replay failed): Subtyping check failed; expected type Prims.squash (MiniParse.Spec.Combinators.synth_inverse (Case?.ty_to_data projectee)
(Case?.data_to_ty projectee) /\
MiniParse.Spec.Combinators.synth_inverse (Case?.data_to_ty projectee)
(Case?.ty_to_data projectee)); got type Prims.squash (MiniParse.Spec.Combinators.synth_inverse ty_to_data data_to_ty /\
MiniParse.Spec.Combinators.synth_inverse data_to_ty ty_to_data) (see also MiniParse.Spec.TSum.fst(114,16-114,51))
MiniParse.Spec.TSum.fst(129,14-129,25): (Warning 252) (Hint-replay failed): assertion failed (see also MiniParse.Spec.Combinators.fst(580,12-582,3))
MiniParse.Spec.TSum.fst(142,14-142,29): (Warning 252) (Hint-replay failed): assertion failed (see also MiniParse.Spec.Combinators.fst(580,12-582,3))
Arith.fst(40,4-40,10): (Warning 252) (Hint-replay failed): Could not prove goal #3 (see also Arith.fst(42,49-42,60))
Arith.fst(40,4-40,10): (Warning 252) (Hint-replay failed): Could not prove goal #1 (see also Arith.fst(41,22-41,29))
UnionFind.fst(170,4-170,6): (Warning 252) (Hint-replay failed): could not prove post-condition (see also UnionFind.fst(166,7-166,47))
OTP.fst(15,6-15,20): (Warning 252) (Hint-replay failed): assertion failed (see also FStar.Seq.Base.fst(202,87-202,113))
OTP.fst(32,6-32,20): (Warning 252) (Hint-replay failed): assertion failed (see also FStar.Seq.Base.fst(202,87-202,113))
OTP.fst(43,2-43,7): (Warning 252) (Hint-replay failed): assertion failed (see also C:\build\agent2\_work\36\s\examples\dm4free\FStar.DM4F.OTP.Random.fst(146,10-146,24))
Test.FunctionalExtensionality.fst(21,49-21,50): (Warning 252) Subtyping check failed; expected type Prims.nat ^-> Prims.int; got type Prims.int ^-> Prims.int (see also FStar.FunctionalExtensionality.fsti(114,16-114,33))
Test.FunctionalExtensionality.fst(21,49-21,50): (Warning 252) Subtyping check failed; expected type Prims.nat ^-> Prims.int; got type Prims.int ^-> Prims.int (see also FStar.FunctionalExtensionality.fsti(114,16-114,33))
Test.FunctionalExtensionality.fst(21,49-21,50): (Warning 252) Subtyping check failed; expected type Prims.nat ^-> Prims.int; got type Prims.int ^-> Prims.int (see also FStar.FunctionalExtensionality.fsti(114,16-114,33))
Test.FunctionalExtensionality.fst(21,49-21,50): (Warning 252) Subtyping check failed; expected type Prims.nat ^-> Prims.int; got type Prims.int ^-> Prims.int (see also FStar.FunctionalExtensionality.fsti(114,16-114,33))
Test.FunctionalExtensionality.fst(65,2-65,8): (Warning 252) assertion failed (see also Test.FunctionalExtensionality.fst(65,9-65,43))
Test.FunctionalExtensionality.fst(65,2-65,8): (Warning 252) assertion failed (see also Test.FunctionalExtensionality.fst(65,9-65,43))
Test.FunctionalExtensionality.fst(65,2-65,8): (Warning 252) assertion failed (see also Test.FunctionalExtensionality.fst(65,9-65,43))
Test.FunctionalExtensionality.fst(65,2-65,8): (Warning 252) assertion failed (see also Test.FunctionalExtensionality.fst(65,9-65,43))
Test.FunctionalExtensionality.fst(77,36-77,47): (Warning 252) Subtyping check failed; expected type _: Prims.int -> Prims.Tot Prims.int; got type Prims.nat ^-> Prims.int (see also prims.fst(410,17-410,23))
Test.FunctionalExtensionality.fst(77,36-77,47): (Warning 252) Subtyping check failed; expected type _: Prims.int -> Prims.Tot Prims.int; got type Prims.nat ^-> Prims.int (see also prims.fst(410,17-410,23))
Test.FunctionalExtensionality.fst(77,36-77,47): (Warning 252) Subtyping check failed; expected type _: Prims.int -> Prims.Tot Prims.int; got type Prims.nat ^-> Prims.int (see also prims.fst(410,17-410,23))
Test.FunctionalExtensionality.fst(77,36-77,47): (Warning 252) Subtyping check failed; expected type _: Prims.int -> Prims.Tot Prims.int; got type Prims.nat ^-> Prims.int (see also prims.fst(410,17-410,23))
Test.FunctionalExtensionality.fst(127,57-127,58): (Warning 252) Subtyping check failed; expected type Prims.int ^-> Prims.int; got type Prims.int ^-> Prims.nat (see also FStar.FunctionalExtensionality.fsti(114,16-114,33))
Test.FunctionalExtensionality.fst(127,57-127,58): (Warning 252) Subtyping check failed; expected type Prims.int ^-> Prims.int; got type Prims.int ^-> Prims.nat (see also FStar.FunctionalExtensionality.fsti(114,16-114,33))
Test.FunctionalExtensionality.fst(127,57-127,58): (Warning 252) Subtyping check failed; expected type Prims.int ^-> Prims.int; got type Prims.int ^-> Prims.nat (see also FStar.FunctionalExtensionality.fsti(114,16-114,33))
Test.FunctionalExtensionality.fst(127,57-127,58): (Warning 252) Subtyping check failed; expected type Prims.int ^-> Prims.int; got type Prims.int ^-> Prims.nat (see also FStar.FunctionalExtensionality.fsti(114,16-114,33))
/bin/sh: dep: command not found
make[3]: [Makefile:11: .depend] Error 127 (ignored)
LowParse.SLow.Combinators.fst(32,21-32,26): (Warning 252) (Hint-replay failed): Subtyping check failed; expected type j: Prims.nat{FStar.UInt32.v l <= j && j <= FStar.Seq.Base.length (FStar.Bytes.reveal input)}; got type FStar.UInt.uint_t FStar.UInt32.n (see also FStar.Bytes.fsti(146,56-146,65))
LowParse.SLow.Combinators.fst(55,21-55,26): (Warning 252) (Hint-replay failed): Subtyping check failed; expected type j: Prims.nat{FStar.UInt32.v l <= j && j <= FStar.Seq.Base.length (FStar.Bytes.reveal input)}; got type FStar.UInt.uint_t FStar.UInt32.n (see also FStar.Bytes.fsti(146,56-146,65))
LowParse.SLow.Combinators.fst(109,36-109,52): (Warning 252) (Hint-replay failed): Subtyping check failed; expected type LowParse.Spec.Base.consumed_length (FStar.Bytes.reveal xbytes); got type FStar.UInt.uint_t FStar.UInt32.n (see also LowParse.Spec.Base.fst(22,55-22,72))
LowParse.SLow.Combinators.fst(32,21-32,26): (Warning 252) (Hint-replay failed): Subtyping check failed; expected type j: Prims.nat{FStar.UInt32.v l <= j && j <= FStar.Seq.Base.length (FStar.Bytes.reveal input)}; got type FStar.UInt.uint_t FStar.UInt32.n (see also FStar.Bytes.fsti(146,56-146,65))
LowParse.SLow.Combinators.fst(55,21-55,26): (Warning 252) (Hint-replay failed): Subtyping check failed; expected type j: Prims.nat{FStar.UInt32.v l <= j && j <= FStar.Seq.Base.length (FStar.Bytes.reveal input)}; got type FStar.UInt.uint_t FStar.UInt32.n (see also FStar.Bytes.fsti(146,56-146,65))
LowParse.SLow.Combinators.fst(109,36-109,52): (Warning 252) (Hint-replay failed): Subtyping check failed; expected type LowParse.Spec.Base.consumed_length (FStar.Bytes.reveal xbytes); got type FStar.UInt.uint_t FStar.UInt32.n (see also LowParse.Spec.Base.fst(22,55-22,72))
Sequences.fst(89,2-89,8): (Warning 252) (Hint-replay failed): Could not prove goal #1 (see also FStar.Seq.Base.fst(214,15-214,28))
MiniParse.Impl.Combinators.fst(152,43-152,48): (Warning 252) (Hint-replay failed): Subtyping check failed; expected type y: t1{y == g1 x}; got type t1 (see also MiniParse.Impl.Combinators.fst(124,32-124,41))
MiniParse.Impl.Combinators.fst(152,43-152,48): (Warning 252) (Hint-replay failed): Subtyping check failed; expected type y: t1{y == g1 x}; got type t1 (see also MiniParse.Impl.Combinators.fst(124,32-124,41))
Point.fst(117,2-117,8): (Warning 252) (Hint-replay failed): assertion failed (see also Point.fst(117,9-117,68))
Point.fst(117,2-117,8): (Warning 252) (Hint-replay failed): assertion failed (see also Point.fst(117,9-117,68))
prims.fst(98,30-98,31): (Warning 252) assertion failed
prims.fst(98,30-98,31): (Warning 252) assertion failed
prims.fst(98,30-98,31): (Warning 252) assertion failed
prims.fst(98,30-98,31): (Warning 252) assertion failed
SimpleTactic.Test.fst(5,2-5,18): (Warning 296) Tactics admitted goal <:
(_: Prims.unit) |- _ : Prims.squash (FStar.Pervasives.id 1000 = 1000)

>

(see also FStar.Tactics.Effect.fst(100,48-100,58))
FStar.Pointer.Base.fsti(306,36-306,37): (Warning 252) (Hint-replay failed): Subtyping check failed; expected type FStar.Pointer.Base.type_of_struct_field s f; got type FStar.Pointer.Base.type_of_struct_field s _ (see also FStar.Pointer.Base.fsti(212,10-212,34))
FStar.Pointer.Base.fst(266,42-266,44): (Warning 252) (Hint-replay failed): could not prove post-condition (see also FStar.Pointer.Base.fsti(333,2-333,49))
FStar.Pointer.Base.fst(491,25-491,26): (Warning 252) (Hint-replay failed): Subtyping check failed; expected type FStar.Pointer.Base.ostruct l; got type FStar.Pointer.Base.otype_of_typ (FStar.Pointer.Base.TStruct l) (see also FStar.Pointer.Base.fst(342,34-382,85))
FStar.Pointer.Base.fst(491,25-491,26): (Warning 252) Subtyping check failed; expected type FStar.Pointer.Base.ostruct l; got type FStar.Pointer.Base.otype_of_typ (FStar.Pointer.Base.TStruct l) (see also FStar.Pointer.Base.fst(342,34-382,85))
FStar.Pointer.Base.fst(503,25-503,26): (Warning 252) (Hint-replay failed): Subtyping check failed; expected type FStar.Pointer.Base.ostruct l; got type FStar.Pointer.Base.otype_of_typ (FStar.Pointer.Base.TStruct l) (see also FStar.Pointer.Base.fst(342,34-382,85))
FStar.Pointer.Base.fst(503,25-503,26): (Warning 252) Subtyping check failed; expected type FStar.Pointer.Base.ostruct l; got type FStar.Pointer.Base.otype_of_typ (FStar.Pointer.Base.TStruct l) (see also FStar.Pointer.Base.fst(342,34-382,85))
FStar.Pointer.Base.fst(519,25-519,26): (Warning 252) (Hint-replay failed): Subtyping check failed; expected type FStar.Pointer.Base.ostruct l; got type FStar.Pointer.Base.otype_of_typ (FStar.Pointer.Base.TStruct l) (see also FStar.Pointer.Base.fst(342,34-382,85))
FStar.Pointer.Base.fst(519,25-519,26): (Warning 252) Subtyping check failed; expected type FStar.Pointer.Base.ostruct l; got type FStar.Pointer.Base.otype_of_typ (FStar.Pointer.Base.TStruct l) (see also FStar.Pointer.Base.fst(342,34-382,85))
FStar.Pointer.Base.fst(606,4-606,61): (Warning 252) (Hint-replay failed): Subtyping check failed; expected type FStar.Pointer.Base.otype_of_typ t; got type s': FStar.Pointer.Base.ostruct l {Some? s'}
FStar.Pointer.Base.fst(649,26-649,55): (Warning 252) (Hint-replay failed): Subtyping check failed; expected type FStar.Pointer.Base.ostruct l; got type FStar.Pointer.Base.otype_of_typ (FStar.Pointer.Base.TStruct l) (see also FStar.Pointer.Base.fst(342,34-382,85))
FStar.Pointer.Base.fst(649,26-649,55): (Warning 252) Subtyping check failed; expected type FStar.Pointer.Base.ostruct l; got type FStar.Pointer.Base.otype_of_typ (FStar.Pointer.Base.TStruct l) (see also FStar.Pointer.Base.fst(342,34-382,85))
FStar.Pointer.Base.fst(774,6-774,76): (Warning 252) (Hint-replay failed): could not prove post-condition (see also FStar.Pointer.Base.fst(773,6-773,47))
FStar.Pointer.Base.fst(809,17-809,36): (Warning 252) (Hint-replay failed): Subtyping check failed; expected type FStar.Pointer.Base.otype_of_typ t; got type FStar.Pointer.Base.ostruct l
FStar.Pointer.Base.fst(889,44-889,45): (Warning 252) (Hint-replay failed): Subtyping check failed; expected type FStar.Pointer.Base.otype_of_typ (FStar.Pointer.Base.TStruct l); got type FStar.Pointer.Base.ostruct l (see also FStar.Pointer.Base.fst(342,34-382,85))
FStar.Pointer.Base.fst(889,44-889,45): (Warning 252) Subtyping check failed; expected type FStar.Pointer.Base.otype_of_typ (FStar.Pointer.Base.TStruct l); got type FStar.Pointer.Base.ostruct l (see also FStar.Pointer.Base.fst(342,34-382,85))
FStar.Pointer.Base.fst(963,6-963,26): (Warning 252) (Hint-replay failed): Subtyping check failed; expected type FStar.Pointer.Base.otype_of_typ from; got type s': FStar.Pointer.Base.ostruct l {Some? s'}
FStar.Pointer.Base.fst(1002,2-1002,4): (Warning 252) (Hint-replay failed): could not prove post-condition (see also FStar.Pointer.Base.fst(1001,2-1001,36))
FStar.Pointer.Base.fst(1851,2-1866,7): (Warning 252) (Hint-replay failed): could not prove post-condition (see also FStar.Pointer.Base.fst(1850,2-1850,50))
FStar.Pointer.Base.fst(2138,2-2138,4): (Warning 252) (Hint-replay failed): could not prove post-condition (see also FStar.Pointer.Base.fsti(524,11-524,63))
FStar.Pointer.Base.fst(2430,33-2430,34): (Warning 252) (Hint-replay failed): Subtyping check failed; expected type v: FStar.Pointer.Base.ostruct l {Some? v}; got type FStar.Pointer.Base.otype_of_typ (FStar.Pointer.Base.TStruct l) (see also FStar.Pointer.Base.fst(342,34-382,85))
FStar.Pointer.Base.fst(2430,33-2430,34): (Warning 252) Subtyping check failed; expected type v: FStar.Pointer.Base.ostruct l {Some? v}; got type FStar.Pointer.Base.otype_of_typ (FStar.Pointer.Base.TStruct l) (see also FStar.Pointer.Base.fst(342,34-382,85))
FStar.Pointer.Base.fst(2523,2-2523,4): (Warning 252) (Hint-replay failed): could not prove post-condition (see also FStar.Pointer.Base.fsti(855,11-855,93))
FStar.Pointer.Base.fst(2596,47-2596,75): (Warning 252) (Hint-replay failed): could not prove post-condition
FStar.Pointer.Base.fst(4149,5-4149,28): (Warning 252) (Hint-replay failed): assertion failed (see also FStar.ModifiesGen.fsti(382,40-382,61))
FStar.Pointer.Base.fst(4152,5-4152,28): (Warning 252) (Hint-replay failed): assertion failed (see also FStar.ModifiesGen.fsti(382,40-382,61))
FStar.Pointer.Base.fst(491,25-491,26): (Error 19) Subtyping check failed; expected type FStar.Pointer.Base.ostruct l; got type FStar.Pointer.Base.otype_of_typ (FStar.Pointer.Base.TStruct l) (see also FStar.Pointer.Base.fst(342,34-382,85))
FStar.Pointer.Base.fst(503,25-503,26): (Error 19) Subtyping check failed; expected type FStar.Pointer.Base.ostruct l; got type FStar.Pointer.Base.otype_of_typ (FStar.Pointer.Base.TStruct l) (see also FStar.Pointer.Base.fst(342,34-382,85))
FStar.Pointer.Base.fst(519,25-519,26): (Error 19) Subtyping check failed; expected type FStar.Pointer.Base.ostruct l; got type FStar.Pointer.Base.otype_of_typ (FStar.Pointer.Base.TStruct l) (see also FStar.Pointer.Base.fst(342,34-382,85))
FStar.Pointer.Base.fst(649,26-649,55): (Error 19) Subtyping check failed; expected type FStar.Pointer.Base.ostruct l; got type FStar.Pointer.Base.otype_of_typ (FStar.Pointer.Base.TStruct l) (see also FStar.Pointer.Base.fst(342,34-382,85))
FStar.Pointer.Base.fst(889,44-889,45): (Error 19) Subtyping check failed; expected type FStar.Pointer.Base.otype_of_typ (FStar.Pointer.Base.TStruct l); got type FStar.Pointer.Base.ostruct l (see also FStar.Pointer.Base.fst(342,34-382,85))
FStar.Pointer.Base.fst(2430,33-2430,34): (Error 19) Subtyping check failed; expected type v: FStar.Pointer.Base.ostruct l {Some? v}; got type FStar.Pointer.Base.otype_of_typ (FStar.Pointer.Base.TStruct l) (see also FStar.Pointer.Base.fst(342,34-382,85))
Verified module: FStar.Pointer.Base (269361 milliseconds)
6 errors were reported (see above)
make[2]: *** [gmake/Makefile.tmpl:29: FStar.Pointer.Base.fst.checked] Error 1
make[2]: Target 'verify-extra' not remade because of errors.
make[1]: *** [Makefile:15: extra] Error 2
make: *** [Makefile:196: ulib-extra] Error 2
File "./Evens.ml", line 10, characters 20-54:
Warning 8: this pattern-matching is not exhaustive.
Here is an example of a case that is not matched:
U0
File "./Evens.ml", line 26, characters 22-67:
Warning 8: this pattern-matching is not exhaustive.
Here is an example of a case that is not matched:
Even0
File "./Evens.ml", line 30, characters 22-67:
Warning 8: this pattern-matching is not exhaustive.
Here is an example of a case that is not matched:
Even0
File "out_ExtractionBug2/ExtractionBug2.ml", line 13, characters 20-56:
Warning 8: this pattern-matching is not exhaustive.
Here is an example of a case that is not matched:
Nil
FStar.Tactics.Simplifier.fst(277,18-277,23): (Warning 296) Tactics admitted goal <:
(r: FStar.ST.ref Prims.int) |- _ : Prims.squash (forall (x: FStar.Pervasives.st_post_h FStar.Monotonic.Heap.heap Prims.unit)
(x: FStar.Monotonic.Heap.heap).
(forall (x: Prims.unit) (x: FStar.Monotonic.Heap.heap). Prims.auto_squash (x x x)) ==>
FStar.Heap.trivial_preorder Prims.int (FStar.Monotonic.Heap.sel x r) 0 /\
(forall (x: Prims.unit)
(x:
_:
FStar.Monotonic.Heap.heap
{FStar.Heap.trivial_preorder Prims.int (FStar.Monotonic.Heap.sel x r) 0}).
FStar.Heap.trivial_preorder Prims.int (FStar.Monotonic.Heap.sel x r) 0 /\
FStar.Monotonic.Heap.contains x r /\
FStar.Monotonic.Heap.modifies (FStar.Set.singleton (FStar.Monotonic.Heap.addr_of r)) x x /\
FStar.Monotonic.Heap.equal_dom x x /\ FStar.Monotonic.Heap.sel x r == 0 ==>
FStar.Heap.trivial_preorder Prims.int (FStar.Monotonic.Heap.sel x r) 1 /\
(forall (x: Prims.unit)
(x:
_:
FStar.Monotonic.Heap.heap
{FStar.Heap.trivial_preorder Prims.int (FStar.Monotonic.Heap.sel x r) 1}).
FStar.Heap.trivial_preorder Prims.int (FStar.Monotonic.Heap.sel x r) 1 /\
FStar.Monotonic.Heap.contains x r /\
FStar.Monotonic.Heap.modifies (FStar.Set.singleton (FStar.Monotonic.Heap.addr_of r))
x
x /\ FStar.Monotonic.Heap.equal_dom x x /\ FStar.Monotonic.Heap.sel x r == 1 ==>
FStar.Heap.trivial_preorder Prims.int (FStar.Monotonic.Heap.sel x r) 2 /\
(forall (x: Prims.unit)
(x:
_:
FStar.Monotonic.Heap.heap
{FStar.Heap.trivial_preorder Prims.int (FStar.Monotonic.Heap.sel x r) 2}).
FStar.Heap.trivial_preorder Prims.int (FStar.Monotonic.Heap.sel x r) 2 /\
FStar.Monotonic.Heap.contains x r /\
FStar.Monotonic.Heap.modifies (FStar.Set.singleton (FStar.Monotonic.Heap.addr_of r
))
x
x /\ FStar.Monotonic.Heap.equal_dom x x /\ FStar.Monotonic.Heap.sel x r == 2 ==>
FStar.Heap.trivial_preorder Prims.int (FStar.Monotonic.Heap.sel x r) 3 /\
(forall (x: Prims.unit)
(x:
_:
FStar.Monotonic.Heap.heap
{FStar.Heap.trivial_preorder Prims.int (FStar.Monotonic.Heap.sel x r) 3}).
FStar.Heap.trivial_preorder Prims.int (FStar.Monotonic.Heap.sel x r) 3 /\
FStar.Monotonic.Heap.contains x r /\
FStar.Monotonic.Heap.modifies (FStar.Set.singleton (FStar.Monotonic.Heap.addr_of 
r))
x
x /\ FStar.Monotonic.Heap.equal_dom x x /\ FStar.Monotonic.Heap.sel x r == 3 ==>
x x x)))))

>

(see also FStar.Tactics.Simplifier.fst(273,55-273,63))
FStar.Tactics.Simplifier.fst(277,18-277,23): (Warning 296) Tactics admitted goal <:
(r: FStar.ST.ref Prims.int) |- _ : Prims.squash (forall (x: FStar.Pervasives.st_post_h FStar.Monotonic.Heap.heap Prims.unit)
(x: FStar.Monotonic.Heap.heap).
(forall (x: Prims.unit) (x: FStar.Monotonic.Heap.heap). Prims.auto_squash (x x x)) ==>
FStar.Heap.trivial_preorder Prims.int (FStar.Monotonic.Heap.sel x r) 0 /\
(forall (x: Prims.unit)
(x:
_:
FStar.Monotonic.Heap.heap
{FStar.Heap.trivial_preorder Prims.int (FStar.Monotonic.Heap.sel x r) 0}).
FStar.Heap.trivial_preorder Prims.int (FStar.Monotonic.Heap.sel x r) 0 /\
FStar.Monotonic.Heap.contains x r /\
FStar.Monotonic.Heap.modifies (FStar.Set.singleton (FStar.Monotonic.Heap.addr_of r)) x x /\
FStar.Monotonic.Heap.equal_dom x x /\ FStar.Monotonic.Heap.sel x r == 0 ==>
FStar.Heap.trivial_preorder Prims.int (FStar.Monotonic.Heap.sel x r) 1 /\
(forall (x: Prims.unit)
(x:
_:
FStar.Monotonic.Heap.heap
{FStar.Heap.trivial_preorder Prims.int (FStar.Monotonic.Heap.sel x r) 1}).
FStar.Heap.trivial_preorder Prims.int (FStar.Monotonic.Heap.sel x r) 1 /\
FStar.Monotonic.Heap.contains x r /\
FStar.Monotonic.Heap.modifies (FStar.Set.singleton (FStar.Monotonic.Heap.addr_of r))
x
x /\ FStar.Monotonic.Heap.equal_dom x x /\ FStar.Monotonic.Heap.sel x r == 1 ==>
FStar.Heap.trivial_preorder Prims.int (FStar.Monotonic.Heap.sel x r) 2 /\
(forall (x: Prims.unit)
(x:
_:
FStar.Monotonic.Heap.heap
{FStar.Heap.trivial_preorder Prims.int (FStar.Monotonic.Heap.sel x r) 2}).
FStar.Heap.trivial_preorder Prims.int (FStar.Monotonic.Heap.sel x r) 2 /\
FStar.Monotonic.Heap.contains x r /\
FStar.Monotonic.Heap.modifies (FStar.Set.singleton (FStar.Monotonic.Heap.addr_of r
))
x
x /\ FStar.Monotonic.Heap.equal_dom x x /\ FStar.Monotonic.Heap.sel x r == 2 ==>
FStar.Heap.trivial_preorder Prims.int (FStar.Monotonic.Heap.sel x r) 3 /\
(forall (x: Prims.unit)
(x:
_:
FStar.Monotonic.Heap.heap
{FStar.Heap.trivial_preorder Prims.int (FStar.Monotonic.Heap.sel x r) 3}).
FStar.Heap.trivial_preorder Prims.int (FStar.Monotonic.Heap.sel x r) 3 /\
FStar.Monotonic.Heap.contains x r /\
FStar.Monotonic.Heap.modifies (FStar.Set.singleton (FStar.Monotonic.Heap.addr_of 
r))
x
x /\ FStar.Monotonic.Heap.equal_dom x x /\ FStar.Monotonic.Heap.sel x r == 3 ==>
FStar.Heap.trivial_preorder Prims.int (FStar.Monotonic.Heap.sel x r) 4 /\
(forall (x: Prims.unit)
(x:
_:
FStar.Monotonic.Heap.heap
{FStar.Heap.trivial_preorder Prims.int (FStar.Monotonic.Heap.sel x r) 4})
.
FStar.Heap.trivial_preorder Prims.int (FStar.Monotonic.Heap.sel x r) 4 /\
FStar.Monotonic.Heap.contains x r /\
FStar.Monotonic.Heap.modifies (FStar.Set.singleton (FStar.Monotonic.Heap.addr_of 
r))
x
x /\ FStar.Monotonic.Heap.equal_dom x x /\
FStar.Monotonic.Heap.sel x r == 4 ==>
FStar.Heap.trivial_preorder Prims.int (FStar.Monotonic.Heap.sel x r) 5 /\
(forall (x: Prims.unit)
(x:
_:
FStar.Monotonic.Heap.heap
{ FStar.Heap.trivial_preorder Prims.int
(FStar.Monotonic.Heap.sel x r)
5 }).
FStar.Heap.trivial_preorder Prims.int (FStar.Monotonic.Heap.sel x r) 5 /\
FStar.Monotonic.Heap.contains x r /\
FStar.Monotonic.Heap.modifies (FStar.Set.singleton (FStar.Monotonic.Heap.addr_of 
r))
x
x /\ FStar.Monotonic.Heap.equal_dom x x /\
FStar.Monotonic.Heap.sel x r == 5 ==>
FStar.Heap.trivial_preorder Prims.int (FStar.Monotonic.Heap.sel x r) 6 /\
(forall (x: Prims.unit)
(x:
_:
FStar.Monotonic.Heap.heap
{ FStar.Heap.trivial_preorder Prims.int
(FStar.Monotonic.Heap.sel x r)
6 }).
FStar.Heap.trivial_preorder Prims.int
(FStar.Monotonic.Heap.sel x r)
6 /\ FStar.Monotonic.Heap.contains x r /\
FStar.Monotonic.Heap.modifies (FStar.Set.singleton (FStar.Monotonic.Heap.addr_of 
r))
x
x /\ FStar.Monotonic.Heap.equal_dom x x /\
FStar.Monotonic.Heap.sel x r == 6 ==>
FStar.Heap.trivial_preorder Prims.int
(FStar.Monotonic.Heap.sel x r)
7 /\
(forall (x: Prims.unit)
(x:
_:
FStar.Monotonic.Heap.heap
{ FStar.Heap.trivial_preorder Prims.int
(FStar.Monotonic.Heap.sel x r)
7 }).
FStar.Heap.trivial_preorder Prims.int
(FStar.Monotonic.Heap.sel x r)
7 /\ FStar.Monotonic.Heap.contains x r /\
FStar.Monotonic.Heap.modifies (FStar.Set.singleton (FStar.Monotonic.Heap.addr_of 
r))
x
x /\ FStar.Monotonic.Heap.equal_dom x x /\
FStar.Monotonic.Heap.sel x r == 7 ==>
FStar.Heap.trivial_preorder Prims.int
(FStar.Monotonic.Heap.sel x r)
8 /\
(forall (x: Prims.unit)
(x:
_:
FStar.Monotonic.Heap.heap
{ FStar.Heap.trivial_preorder Prims.int
(FStar.Monotonic.Heap.sel x r)
8 }).
FStar.Heap.trivial_preorder Prims.int
(FStar.Monotonic.Heap.sel x r)
8 /\ FStar.Monotonic.Heap.contains x r /\
FStar.Monotonic.Heap.modifies (FStar.Set.singleton (FStar.Monotonic.Heap.addr_of 
r))
x
x /\ FStar.Monotonic.Heap.equal_dom x x /\
FStar.Monotonic.Heap.sel x r == 8 ==>
FStar.Heap.trivial_preorder Prims.int
(FStar.Monotonic.Heap.sel x r)
9 /\
(forall (x: Prims.unit)
(x:
_:
FStar.Monotonic.Heap.heap
{ FStar.Heap.trivial_preorder Prims.int
(FStar.Monotonic.Heap.sel x r)
9 }).
FStar.Heap.trivial_preorder Prims.int
(FStar.Monotonic.Heap.sel x r)
9 /\ FStar.Monotonic.Heap.contains x r /\
FStar.Monotonic.Heap.modifies (FStar.Set.singleton (FStar.Monotonic.Heap.addr_of 
r))
x
x /\ FStar.Monotonic.Heap.equal_dom x x /\
FStar.Monotonic.Heap.sel x r == 9 ==>
FStar.Heap.trivial_preorder Prims.int
(FStar.Monotonic.Heap.sel x r)
10 /\
(forall (x: Prims.unit)
(x:
_:
FStar.Monotonic.Heap.heap
{ FStar.Heap.trivial_preorder Prims.int
(FStar.Monotonic.Heap.sel x r)
10 }).
FStar.Heap.trivial_preorder Prims.int
(FStar.Monotonic.Heap.sel x r)
10 /\ FStar.Monotonic.Heap.contains x r /\
FStar.Monotonic.Heap.modifies (FStar.Set.singleton 
(FStar.Monotonic.Heap.addr_of r))
x
x /\ FStar.Monotonic.Heap.equal_dom x x /\
FStar.Monotonic.Heap.sel x r == 10 ==>
x x x))))))))))))

>

(see also FStar.Tactics.Simplifier.fst(273,55-273,63))
File "out_bug734/Bug734.ml", line 23, characters 45-47:
Warning 20: this argument will not be used by the function.
TacF.fst(16,44-16,45): (Warning 252) Subtyping check failed; expected type Prims.int; got type a (see also TacF.fst(16,20-16,21))
TacF.fst(16,44-16,45): (Warning 252) Subtyping check failed; expected type Prims.int; got type a (see also TacF.fst(16,20-16,21))
TacF.fst(16,44-16,45): (Warning 252) Subtyping check failed; expected type Prims.int; got type a (see also TacF.fst(16,20-16,21))
TacF.fst(16,44-16,45): (Warning 252) Subtyping check failed; expected type Prims.int; got type a (see also TacF.fst(16,20-16,21))
TacF.fst(16,44-16,45): (Warning 252) Subtyping check failed; expected type Prims.int; got type a (see also TacF.fst(16,20-16,21))
TacF.fst(16,44-16,45): (Warning 252) Subtyping check failed; expected type Prims.int; got type a (see also TacF.fst(16,20-16,21))
TacF.fst(16,44-16,45): (Warning 252) Subtyping check failed; expected type Prims.int; got type a (see also TacF.fst(16,20-16,21))
TacF.fst(16,44-16,45): (Warning 252) Subtyping check failed; expected type Prims.int; got type a (see also TacF.fst(16,20-16,21))
Destruct.fst(115,42-115,102): (Warning 252) Patterns are incomplete
Destruct.fst(115,42-115,102): (Warning 252) Patterns are incomplete
Destruct.fst(115,42-115,102): (Warning 252) Patterns are incomplete
Destruct.fst(115,42-115,102): (Warning 252) Patterns are incomplete
Destruct.fst(115,42-115,102): (Warning 252) Patterns are incomplete
Destruct.fst(115,42-115,102): (Warning 252) Patterns are incomplete
Destruct.fst(115,42-115,102): (Warning 252) Patterns are incomplete
Destruct.fst(115,42-115,102): (Warning 252) Patterns are incomplete
FailFlow.fst(13,4-13,10): (Warning 252) assertion failed (see also FailFlow.fst(13,11-13,16))
FailFlow.fst(13,4-13,10): (Warning 252) assertion failed (see also FailFlow.fst(13,11-13,16))
FailFlow.fst(13,4-13,10): (Warning 252) assertion failed (see also FailFlow.fst(13,11-13,16))
FailFlow.fst(13,4-13,10): (Warning 252) assertion failed (see also FailFlow.fst(13,11-13,16))
FailFlow.fst(18,4-19,16): (Warning 252) assertion failed (see also FStar.Tactics.Effect.fst(52,82-52,88))
FailFlow.fst(18,4-19,16): (Warning 252) assertion failed (see also FStar.Tactics.Effect.fst(52,82-52,88))
FailFlow.fst(18,4-19,16): (Warning 252) assertion failed (see also FStar.Tactics.Effect.fst(52,82-52,88))
FailFlow.fst(18,4-19,16): (Warning 252) assertion failed (see also FStar.Tactics.Effect.fst(52,82-52,88))
FailFlow.fst(24,4-24,10): (Warning 252) assertion failed (see also FailFlow.fst(24,11-24,16))
FailFlow.fst(24,4-24,10): (Warning 252) assertion failed (see also FailFlow.fst(24,11-24,16))
FailFlow.fst(24,4-24,10): (Warning 252) assertion failed (see also FailFlow.fst(24,11-24,16))
FailFlow.fst(24,4-24,10): (Warning 252) assertion failed (see also FailFlow.fst(24,11-24,16))
Trans.fst(15,63-15,68): (Warning 296) Tactics admitted goal <:
|- _ : Prims.squash (Trans.a == (*?u50*) _)

>

(see also Trans.fst(10,20-10,35))
Trans.fst(15,63-15,68): (Warning 296) Tactics admitted goal <:
|- _ : Prims.squash ((*?u50*) _ == Trans.b)

>

(see also Trans.fst(10,39-10,54))
LemmaArgs.fst(12,2-12,18): (Warning 252) (Hint-replay failed): Subtyping check failed; expected type b: Prims.int{b <> 5}; got type Prims.int (see also LemmaArgs.fst(5,34-5,40))
LemmaArgs.fst(16,2-16,18): (Warning 252) Subtyping check failed; expected type b: Prims.int{b <> 5}; got type Prims.int (see also LemmaArgs.fst(5,34-5,40))
LemmaArgs.fst(16,2-16,18): (Warning 252) Subtyping check failed; expected type b: Prims.int{b <> 5}; got type Prims.int (see also LemmaArgs.fst(5,34-5,40))
LemmaArgs.fst(16,2-16,18): (Warning 252) Subtyping check failed; expected type b: Prims.int{b <> 5}; got type Prims.int (see also LemmaArgs.fst(5,34-5,40))
LemmaArgs.fst(16,2-16,18): (Warning 252) Subtyping check failed; expected type b: Prims.int{b <> 5}; got type Prims.int (see also LemmaArgs.fst(5,34-5,40))
Sequences.fst(87,2-87,8): (Warning 252) (Hint-replay failed): Could not prove goal #1 (see also FStar.Seq.Base.fst(214,15-214,28))
Sequences.fst(87,2-87,8): (Warning 252) (Hint-replay failed): Could not prove goal #1 (see also FStar.Seq.Base.fst(214,15-214,28))
Goals.fst(12,26-12,32): (Warning 252) assertion failed (see also Goals.fst(12,33-12,38))
Goals.fst(12,26-12,32): (Warning 252) assertion failed (see also Goals.fst(12,33-12,38))
Goals.fst(12,26-12,32): (Warning 252) assertion failed (see also Goals.fst(12,33-12,38))
Goals.fst(12,26-12,32): (Warning 252) assertion failed (see also Goals.fst(12,33-12,38))
Goals.fst(18,26-18,32): (Warning 252) Could not prove goal #1 (see also Goals.fst(18,33-18,38))
Goals.fst(18,26-18,32): (Warning 252) Could not prove goal #1 (see also Goals.fst(18,33-18,38))
Goals.fst(18,26-18,32): (Warning 252) Could not prove goal #1 (see also Goals.fst(18,33-18,38))
Goals.fst(18,26-18,32): (Warning 252) Could not prove goal #1 (see also Goals.fst(18,33-18,38))
Goals.fst(19,26-19,32): (Warning 252) Could not prove goal #1 (see also Goals.fst(19,33-19,38))
Goals.fst(19,26-19,32): (Warning 252) Could not prove goal #1 (see also Goals.fst(19,33-19,38))
Goals.fst(19,26-19,32): (Warning 252) Could not prove goal #1 (see also Goals.fst(19,33-19,38))
Goals.fst(19,26-19,32): (Warning 252) Could not prove goal #1 (see also Goals.fst(19,33-19,38))
Goals.fst(24,26-24,32): (Warning 252) Could not prove goal #1 (see also Goals.fst(24,33-24,38))
Goals.fst(24,26-24,32): (Warning 252) Could not prove goal #1 (see also Goals.fst(24,33-24,38))
Goals.fst(24,26-24,32): (Warning 252) Could not prove goal #1 (see also Goals.fst(24,33-24,38))
Goals.fst(24,26-24,32): (Warning 252) Could not prove goal #1 (see also Goals.fst(24,33-24,38))
Goals.fst(25,26-25,32): (Warning 252) Could not prove goal #1 (see also Goals.fst(25,33-25,38))
Goals.fst(25,26-25,32): (Warning 252) Could not prove goal #1 (see also Goals.fst(25,33-25,38))
Goals.fst(25,26-25,32): (Warning 252) Could not prove goal #1 (see also Goals.fst(25,33-25,38))
Goals.fst(25,26-25,32): (Warning 252) Could not prove goal #1 (see also Goals.fst(25,33-25,38))
Goals.fst(38,26-38,32): (Warning 252) Could not prove goal #1 (see also Goals.fst(38,33-38,38))
Goals.fst(38,26-38,32): (Warning 252) Could not prove goal #1 (see also Goals.fst(38,33-38,38))
Goals.fst(38,26-38,32): (Warning 252) Could not prove goal #1 (see also Goals.fst(38,33-38,38))
Goals.fst(38,26-38,32): (Warning 252) Could not prove goal #1 (see also Goals.fst(38,33-38,38))
Goals.fst(43,26-43,32): (Warning 252) Could not prove goal #1 (see also Goals.fst(43,33-43,38))
Goals.fst(43,26-43,32): (Warning 252) Could not prove goal #1 (see also Goals.fst(43,33-43,38))
Goals.fst(43,26-43,32): (Warning 252) Could not prove goal #1 (see also Goals.fst(43,33-43,38))
Goals.fst(43,26-43,32): (Warning 252) Could not prove goal #1 (see also Goals.fst(43,33-43,38))
FStar.Tactics.Logic.fst(62,41-62,54): (Warning 252) Subtyping check failed; expected type n: Prims.nat{n > 20}; got type Prims.nat (see also AnnoyingVCs.fst(10,21-10,27))
FStar.Tactics.Logic.fst(62,41-62,54): (Warning 252) Subtyping check failed; expected type n: Prims.nat{n > 20}; got type Prims.nat (see also AnnoyingVCs.fst(10,21-10,27))
FStar.Tactics.Logic.fst(62,41-62,54): (Warning 252) Subtyping check failed; expected type n: Prims.nat{n > 20}; got type Prims.nat (see also AnnoyingVCs.fst(10,21-10,27))
FStar.Tactics.Logic.fst(62,41-62,54): (Warning 252) Subtyping check failed; expected type n: Prims.nat{n > 20}; got type Prims.nat (see also AnnoyingVCs.fst(10,21-10,27))
CanonCommMonoidSimple.fst(186,2-186,8): (Warning 296) Tactics admitted goal <:
(a: Type), (am: CanonCommMonoidSimple.amap a), (xs: Prims.list CanonCommMonoidSimple.atom), (p: Prims.pure_post Prims.unit), (_:
(forall (pure_result: Prims.unit).
(exists (ss: Prims.list (CanonCommMonoidSimple.swap (FStar.List.Tot.Base.length xs))).
CanonCommMonoidSimple.sort xs == CanonCommMonoidSimple.apply_swaps xs ss) ==>
p pure_result)), (return_val: Type0), (_: return_val == Prims.nat), (return_val: Type0), (_: return_val == Prims.int), (any_result: (x: Prims.int -> y: Prims.int -> Prims.Tot Prims.int)), (_: FStar.List.Tot.Base.compare_of_bool Prims.op_LessThan == any_result), (pure_result: Prims.unit), (_:
(forall (x: Prims.nat).
FStar.List.Tot.Base.count x xs =
FStar.List.Tot.Base.count x
(FStar.List.Tot.Base.sortWith (FStar.List.Tot.Base.compare_of_bool Prims.op_LessThan) xs))), (return_val: Type0), (_: return_val == Prims.nat), (pure_result: Prims.list (CanonCommSwaps.swap (FStar.List.Tot.Base.length xs))), (_: CanonCommMonoidSimple.sort xs == CanonCommSwaps.apply_swaps xs pure_result), (_: CanonCommSwaps.equal_counts_implies_swaps xs (CanonCommMonoidSimple.sort xs) == pure_result), (pure_result: Prims.list CanonCommMonoidSimple.atom), (_: FStar.List.Tot.Base.length pure_result == FStar.List.Tot.Base.length xs), (_:
CanonCommMonoidSimple.apply_swaps xs
(CanonCommSwaps.equal_counts_implies_swaps xs (CanonCommMonoidSimple.sort xs)) ==
pure_result), (any_result: Prims.logical), (_:
CanonCommMonoidSimple.sort xs ==
CanonCommMonoidSimple.apply_swaps xs
(CanonCommSwaps.equal_counts_implies_swaps xs (CanonCommMonoidSimple.sort xs)) ==
any_result) |- _ : Prims.squash (CanonCommMonoidSimple.sort xs ==
CanonCommMonoidSimple.apply_swaps xs
(CanonCommSwaps.equal_counts_implies_swaps xs (CanonCommMonoidSimple.sort xs)))

>

(see also FStar.Tactics.Effect.fst(100,48-100,58))
EnumParsing.fst(303,29-303,37): (Warning 252) (Hint-replay failed): could not prove post-condition (see also Serializing.fst(102,8-102,39))
<dummy>(0,0-0,0): (Warning 252) (Hint-replay failed): Could not prove goal #6 (see also SL.Examples.fst(20,14-20,33))
<dummy>(0,0-0,0): (Warning 252) (Hint-replay failed): Could not prove goal #5 (see also SL.Examples.fst(309,20-309,29))
<dummy>(0,0-0,0): (Warning 252) (Hint-replay failed): Could not prove goal #3 (see also SL.Examples.fst(20,14-20,33))
SL.Examples.fst(374,9-374,12): (Warning 252) (Hint-replay failed): could not prove post-condition (see also SL.Examples.fst(372,45-372,48))
SL.Examples.fst(380,9-380,12): (Warning 252) (Hint-replay failed): could not prove post-condition (see also SL.Examples.fst(378,29-378,32))
<dummy>(0,0-0,0): (Warning 252) (Hint-replay failed): Could not prove goal #12 (see also SL.Examples.fst(20,14-20,33))
<dummy>(0,0-0,0): (Warning 252) (Hint-replay failed): Could not prove goal #11 (see also SL.Examples.fst(309,20-309,29))
<dummy>(0,0-0,0): (Warning 252) (Hint-replay failed): Could not prove goal #10 (see also SL.Examples.fst(20,14-20,33))
<dummy>(0,0-0,0): (Warning 252) (Hint-replay failed): Could not prove goal #9 (see also SL.Examples.fst(20,14-20,33))
<dummy>(0,0-0,0): (Warning 252) (Hint-replay failed): Could not prove goal #8 (see also SL.Examples.fst(20,14-20,33))
<dummy>(0,0-0,0): (Warning 252) (Hint-replay failed): Could not prove goal #7 (see also SL.Examples.fst(309,20-309,29))
<dummy>(0,0-0,0): (Warning 252) (Hint-replay failed): Could not prove goal #6 (see also SL.Examples.fst(20,14-20,33))
<dummy>(0,0-0,0): (Warning 252) (Hint-replay failed): Could not prove goal #5 (see also SL.Examples.fst(20,14-20,33))
<dummy>(0,0-0,0): (Warning 252) (Hint-replay failed): Could not prove goal #4 (see also SL.Examples.fst(309,20-309,29))
<dummy>(0,0-0,0): (Warning 252) (Hint-replay failed): Could not prove goal #3 (see also SL.Examples.fst(20,14-20,33))
<dummy>(0,0-0,0): (Warning 252) (Hint-replay failed): Could not prove goal #1 (see also SL.Examples.fst(20,37-20,52))
<dummy>(0,0-0,0): (Warning 252) (Hint-replay failed): Could not prove goal #52 (see also SL.Examples.fst(20,37-20,52))
<dummy>(0,0-0,0): (Warning 252) (Hint-replay failed): Could not prove goal #26 (see also SL.Examples.fst(20,37-20,52))
<dummy>(0,0-0,0): (Warning 252) (Hint-replay failed): Could not prove goal #1 (see also SL.Examples.fst(20,37-20,52))
<dummy>(0,0-0,0): (Warning 252) (Hint-replay failed): Could not prove goal #28 (see also SL.Examples.fst(20,37-20,52))
<dummy>(0,0-0,0): (Warning 252) (Hint-replay failed): Could not prove goal #14 (see also SL.Examples.fst(722,4-722,19))
Arith.fst(40,4-40,10): (Warning 252) (Hint-replay failed): Could not prove goal #3 (see also Arith.fst(42,49-42,60))
Arith.fst(40,4-40,10): (Warning 252) (Hint-replay failed): Could not prove goal #1 (see also Arith.fst(41,22-41,29))
Arith.fst(40,4-40,10): (Warning 252) (Hint-replay failed): Could not prove goal #3 (see also Arith.fst(42,49-42,60))
Arith.fst(40,4-40,10): (Warning 252) (Hint-replay failed): Could not prove goal #1 (see also Arith.fst(41,22-41,29))
SL.AutoTactic.fst(109,4-109,6): (Warning 252) (Hint-replay failed): could not prove post-condition (see also SL.AutoTactic.fst(108,9-108,36))
SL.AutoTactic.fst(545,9-545,12): (Warning 252) (Hint-replay failed): could not prove post-condition (see also SL.AutoTactic.fst(544,29-544,32))
StringPrinter.RecC.fst(70,2-83,24): (Warning 252) (Hint-replay failed): could not prove post-condition (see also StringPrinter.RecC.fst(65,4-65,81))
StringPrinter.RecC.fst(70,2-83,24): (Warning 252) could not prove post-condition (see also StringPrinter.RecC.fst(67,9-67,91))
Imp.fst(114,26-114,32): (Warning 252) assertion failed (see also Imp.fst(114,46-114,73))
Imp.fst(114,26-114,32): (Warning 252) assertion failed (see also Imp.fst(114,46-114,73))
Imp.fst(115,26-115,32): (Warning 252) assertion failed (see also Imp.fst(115,46-115,73))
Imp.fst(115,26-115,32): (Warning 252) assertion failed (see also Imp.fst(115,46-115,73))
Imp.fst(116,26-116,32): (Warning 252) assertion failed (see also Imp.fst(116,46-116,73))
Imp.fst(116,26-116,32): (Warning 252) assertion failed (see also Imp.fst(116,46-116,73))
Imp.fst(117,26-117,32): (Warning 252) assertion failed (see also Imp.fst(117,46-117,73))
Imp.fst(117,26-117,32): (Warning 252) assertion failed (see also Imp.fst(117,46-117,73))
Imp.fst(118,26-118,32): (Warning 252) assertion failed (see also Imp.fst(118,46-118,73))
Imp.fst(118,26-118,32): (Warning 252) assertion failed (see also Imp.fst(118,46-118,73))
Imp.fst(119,26-119,32): (Warning 252) assertion failed (see also Imp.fst(119,46-119,73))
Imp.fst(119,26-119,32): (Warning 252) assertion failed (see also Imp.fst(119,46-119,73))
SL.ExamplesAuto.fst(81,4-81,6): (Warning 252) (Hint-replay failed): could not prove post-condition (see also SL.ExamplesAuto.fst(80,9-80,36))
SL.ExamplesAuto.fst(331,9-331,12): (Warning 252) (Hint-replay failed): could not prove post-condition (see also SL.ExamplesAuto.fst(330,29-330,32))
<dummy>(0,0-0,0): (Warning 252) (Hint-replay failed): Could not prove goal #8 (see also SL.Effect.fst(16,14-16,33))
<dummy>(0,0-0,0): (Warning 252) (Hint-replay failed): Could not prove goal #7 (see also SL.ExamplesAuto.fst(64,18-64,27))
<dummy>(0,0-0,0): (Warning 252) (Hint-replay failed): Could not prove goal #6 (see also SL.Effect.fst(16,14-16,33))
<dummy>(0,0-0,0): (Warning 252) (Hint-replay failed): Could not prove goal #5 (see also SL.ExamplesAuto.fst(64,18-64,27))
<dummy>(0,0-0,0): (Warning 252) (Hint-replay failed): Could not prove goal #3 (see also SL.ExamplesAuto.fst(64,18-64,27))
<dummy>(0,0-0,0): (Warning 252) (Hint-replay failed): Could not prove goal #2 (see also SL.Effect.fst(16,14-16,33))
<dummy>(0,0-0,0): (Warning 252) (Hint-replay failed): Could not prove goal #1 (see also SL.Effect.fst(16,37-16,52))
<dummy>(0,0-0,0): (Warning 252) (Hint-replay failed): Could not prove goal #2 (see also SL.Effect.fst(16,14-16,33))
<dummy>(0,0-0,0): (Warning 252) (Hint-replay failed): Could not prove goal #1 (see also SL.Effect.fst(16,37-16,52))
<dummy>(0,0-0,0): (Warning 252) (Hint-replay failed): Could not prove goal #4 (see also SL.Effect.fst(16,14-16,33))
<dummy>(0,0-0,0): (Warning 252) (Hint-replay failed): Could not prove goal #3 (see also SL.ExamplesAuto.fst(64,18-64,27))
SL.ExamplesPar.fst(34,2-34,3): (Warning 252) (Hint-replay failed): assertion failed
SL.ExamplesPar.fst(37,2-38,3): (Warning 252) (Hint-replay failed): assertion failed
<dummy>(0,0-0,0): (Warning 252) (Hint-replay failed): Could not prove goal #1 (Unknown None,) (see also SL.Effect.fst(13,38-13,53))
<dummy>(0,0-0,0): (Warning 252) (Hint-replay failed): Could not prove goal #1 (Unknown None,) (see also SL.Effect.fst(13,38-13,53))
C:\build\agent2\_work\36\s\hacl-star\specs\Spec.Lib.fst(36,28-36,39): (Warning 288) Spec.Loops.repeat_spec is deprecated, use Spec.Loops.repeat instead
make: *** [Makefile.old:204: aead/Crypto.AEAD.Encrypt.fst-ver] Terminated
MiniParse.Impl.List.fst(415,18-415,29): (Warning 288) FStar.Seq.Base.createEmpty is deprecated, use Seq.empty instead
MiniParse.Impl.List.fst(245,15-245,17): (Warning 252) Subtyping check failed; expected type MiniParse.Spec.List.nlist n t; got type l': Prims.list t {l' == FStar.List.Tot.Base.rev l} (see also MiniParse.Spec.List.fst(10,45-10,60))
MiniParse.Impl.List.fst(380,2-380,8): (Warning 252) (Hint-replay failed): assertion failed (see also MiniParse.Impl.List.fst(380,9-380,63))
MiniParse.Impl.List.fst(95,37-95,40): (Warning 252) (Hint-replay failed): assertion failed (see also FStar.UInt32.fst(64,12-64,32))
MiniParse.Impl.List.fst(245,15-245,17): (Warning 252) Subtyping check failed; expected type MiniParse.Spec.List.nlist n t; got type l': Prims.list t {l' == FStar.List.Tot.Base.rev l} (see also MiniParse.Spec.List.fst(10,45-10,60))
MiniParse.Impl.List.fst(380,2-380,8): (Warning 252) (Hint-replay failed): assertion failed (see also MiniParse.Impl.List.fst(380,9-380,63))
StringPrinterTest.Aux.fst(19,2-19,52): (Warning 252) (Hint-replay failed): assertion failed (see also StringPrinter.Rec.fst(117,12-117,57))
StringPrinterTest.Aux.fst(19,2-19,52): (Warning 252) (Hint-replay failed): assertion failed (see also StringPrinter.Rec.fst(117,12-117,57))
Flags(0,0-0,0): (Warning 283) use_extracted_interfaces option is set but could not find an interface in the cache for: Flags
TLSError(0,0-0,0): (Warning 283) use_extracted_interfaces option is set but could not find an interface in the cache for: TLSError
Mem(0,0-0,0): (Warning 283) use_extracted_interfaces option is set but could not find an interface in the cache for: Mem
MiniParseExample.fst(11,8-11,67): (Warning 252) (Hint-replay failed): assertion failed (see also MiniParse.Spec.Combinators.fst(580,12-582,3))
<dummy>(0,0-0,0): (Warning 252) (Hint-replay failed): Could not prove goal #5 (Unknown None,) (see also SL.Actions.fst(6,77-6,82))
<dummy>(0,0-0,0): (Warning 252) (Hint-replay failed): Could not prove goal #8 (Unknown None,) (see also SL.Actions.fst(6,77-6,82))
<dummy>(0,0-0,0): (Warning 252) (Hint-replay failed): Could not prove goal #9 (Unknown None,) (see also SL.Actions.fst(6,77-6,82))
<dummy>(0,0-0,0): (Warning 252) (Hint-replay failed): Could not prove goal #5 (Unknown None,) (see also SL.Actions.fst(6,77-6,82))
<dummy>(0,0-0,0): (Warning 252) (Hint-replay failed): Could not prove goal #8 (Unknown None,) (see also SL.Actions.fst(6,77-6,82))
<dummy>(0,0-0,0): (Warning 252) (Hint-replay failed): Could not prove goal #9 (Unknown None,) (see also SL.Actions.fst(6,77-6,82))
<dummy>(0,0-0,0): (Warning 252) (Hint-replay failed): Could not prove goal #10 (Unknown None,) (see also SL.Actions.fst(6,77-6,82))
make[1]: Target 'all' not remade because of errors.
make: *** [Makefile:202: uexamples] Error 2
make: Target 'uregressions' not remade because of errors.
Command exited with non-zero status 2
16.57user 65.76system 17:09.41elapsed 7%CPU (0avgtext+0avgdata 23934144maxresident)k
0inputs+0outputs (6230259major+0minor)pagefaults 0swaps
