dos2unix: converting file parser/parse.fsi to Unix format...
Warning: you are using the standard library and/or the %inline keyword. We
recommend switching on --infer in order to avoid obscure type error messages.
warning: CRLF will be replaced by LF in src/parser/parse.fsy.
The file will have its original line endings in your working directory.
FStar.List.Tot.Properties.fst(855,2-855,37): (Warning 252) (Hint-replay failed): could not prove post-condition (see also FStar.List.Tot.Properties.fst(853,12-853,18))
FStar.List.Tot.Properties.fst(855,2-855,37): (Warning 252) could not prove post-condition (see also FStar.List.Tot.Properties.fst(853,12-853,18))
FStar.List.Tot.Properties.fst(884,2-885,24): (Warning 252) (Hint-replay failed): could not prove post-condition (see also FStar.List.Tot.Properties.fst(883,12-883,18))
FStar.OrdSet.fst(48,16-48,18): (Warning 252) (Hint-replay failed): Subtyping check failed; expected type a: Type{Prims.hasEq a}; got type Type (see also prims.fst(310,29-310,36))
FStar.Monotonic.HyperStack.fst(344,4-344,33): (Warning 252) (Hint-replay failed): assertion failed (see also FStar.Monotonic.HyperStack.fst(38,12-41,66))
FStar.Monotonic.HyperStack.fst(344,4-344,33): (Warning 252) (Hint-replay failed): assertion failed (see also FStar.Monotonic.HyperStack.fst(38,12-41,66))
FStar.Seq.Properties.fst(472,2-475,29): (Warning 252) (Hint-replay failed): could not prove post-condition (see also FStar.Seq.Properties.fst(470,20-470,28))
FStar.Seq.Properties.fst(245,2-249,81): (Error 16) Unknown assertion failed (SMT solver says: unknown because (resource limits reached) (fuel=1; ifuel=0; ); SMT solver says: unknown because (resource limits reached) (fuel=1; ifuel=0; with hint))
Verified module: FStar.Seq.Properties (29798 milliseconds)
1 error was reported (see above)
make[3]: *** [gmake/Makefile.tmpl:29: FStar.Seq.Properties.fst.checked] Error 1
FStar.Math.Lemmas.fst(485,2-498,5): (Error 16) Unknown assertion failed (SMT solver says: unknown because (resource limits reached) (fuel=8; ifuel=2; ); SMT solver says: unknown because (resource limits reached) (fuel=8; ifuel=1; ); SMT solver says: unknown because (resource limits reached) (fuel=8; ifuel=2; with hint))
Verified module: FStar.Math.Lemmas (77899 milliseconds)
1 error was reported (see above)
make[3]: *** [gmake/Makefile.tmpl:29: FStar.Math.Lemmas.fst.checked] Error 1
FStar.ModifiesGen.fst(340,33-340,35): (Warning 252) (Hint-replay failed): could not prove post-condition (see also FStar.ModifiesGen.fsti(232,2-232,27))
FStar.ModifiesGen.fst(356,50-356,52): (Warning 252) (Hint-replay failed): could not prove post-condition (see also FStar.ModifiesGen.fsti(251,11-251,67))
FStar.ModifiesGen.fst(358,48-358,50): (Warning 252) (Hint-replay failed): could not prove post-condition (see also FStar.ModifiesGen.fsti(261,11-261,63))
FStar.ModifiesGen.fst(360,49-360,51): (Warning 252) (Hint-replay failed): could not prove post-condition (see also FStar.ModifiesGen.fsti(270,11-270,67))
FStar.ModifiesGen.fst(362,46-362,48): (Warning 252) (Hint-replay failed): could not prove post-condition (see also FStar.ModifiesGen.fsti(277,11-277,65))
FStar.ModifiesGen.fst(364,49-364,51): (Warning 252) (Hint-replay failed): could not prove post-condition (see also FStar.ModifiesGen.fsti(285,11-285,73))
FStar.ModifiesGen.fst(455,35-455,37): (Warning 252) (Hint-replay failed): could not prove post-condition (see also FStar.ModifiesGen.fsti(306,11-306,36))
FStar.ModifiesGen.fst(499,2-499,135): (Warning 252) (Hint-replay failed): could not prove post-condition (see also FStar.ModifiesGen.fsti(352,11-352,75))
FStar.ModifiesGen.fst(501,53-501,55): (Warning 252) (Hint-replay failed): could not prove post-condition (see also FStar.ModifiesGen.fsti(362,11-362,67))
FStar.ModifiesGen.fst(505,60-505,62): (Warning 252) (Hint-replay failed): could not prove post-condition (see also FStar.ModifiesGen.fsti(384,24-384,42))
FStar.ModifiesGen.fst(652,55-652,57): (Warning 252) (Hint-replay failed): could not prove post-condition (see also FStar.ModifiesGen.fsti(452,4-452,20))
FStar.ModifiesGen.fst(654,47-654,49): (Warning 252) (Hint-replay failed): could not prove post-condition (see also FStar.ModifiesGen.fsti(468,11-470,3))
FStar.ModifiesGen.fst(677,2-677,23): (Warning 252) (Hint-replay failed): assertion failed (see also FStar.ModifiesGen.fsti(485,33-485,51))
FStar.ModifiesGen.fst(705,2-705,117): (Warning 252) (Hint-replay failed): could not prove post-condition (see also FStar.ModifiesGen.fst(704,11-704,28))
FStar.ModifiesGen.fst(756,2-756,55): (Warning 252) (Hint-replay failed): could not prove post-condition (see also FStar.ModifiesGen.fst(755,2-755,45))
FStar.ModifiesGen.fst(772,2-772,55): (Warning 252) (Hint-replay failed): could not prove post-condition (see also FStar.ModifiesGen.fst(771,2-771,60))
FStar.ModifiesGen.fst(786,2-786,20): (Warning 252) (Hint-replay failed): assertion failed (see also FStar.ModifiesGen.fsti(211,35-211,53))
FStar.ModifiesGen.fst(813,2-813,23): (Warning 252) (Hint-replay failed): assertion failed (see also FStar.ModifiesGen.fsti(485,33-485,51))
FStar.ModifiesGen.fst(936,9-936,85): (Warning 252) (Hint-replay failed): assertion failed
FStar.ModifiesGen.fst(987,6-987,115): (Warning 252) (Hint-replay failed): Subtyping check failed; expected type aux:
FStar.Ghost.erased (FStar.GSet.set (FStar.ModifiesGen.aloc c))
{ FStar.GSet.subset (FStar.ModifiesGen.aloc_domain c (FStar.Ghost.hide regions') addrs')
(FStar.Ghost.reveal aux) /\
FStar.GSet.subset (FStar.Ghost.reveal aux)
(FStar.ModifiesGen.aloc_domain c
(FStar.Ghost.hide regions')
(fun _ -> FStar.Set.complement FStar.Set.empty)) }; got type FStar.Ghost.erased (FStar.GSet.set (FStar.ModifiesGen.aloc c)) (see also FStar.ModifiesGen.fst(26,8-26,66))
FStar.ModifiesGen.fst(1087,12-1087,33): (Warning 252) (Hint-replay failed): assertion failed (see also FStar.ModifiesGen.fst(974,13-974,47))
FStar.ModifiesGen.fst(1112,4-1112,10): (Warning 252) (Hint-replay failed): assertion failed (see also FStar.ModifiesGen.fst(1112,11-1112,47))
FStar.ModifiesGen.fst(1355,2-1355,8): (Warning 252) (Hint-replay failed): assertion failed (see also FStar.ModifiesGen.fst(1355,9-1355,39))
FStar.ModifiesGen.fst(1417,2-1417,8): (Warning 252) (Hint-replay failed): assertion failed (see also FStar.ModifiesGen.fst(1417,9-1417,40))
FStar.ModifiesGen.fst(1477,2-1485,39): (Warning 252) (Hint-replay failed): could not prove post-condition (see also FStar.ModifiesGen.fst(1476,11-1476,42))
FStar.ModifiesGen.fst(1555,4-1555,10): (Warning 252) (Hint-replay failed): assertion failed (see also FStar.ModifiesGen.fst(1564,8-1564,36))
make[3]: Target 'verify-core' not remade because of errors.
make[2]: *** [Makefile:12: all] Error 2
make[1]: *** [Makefile:175: fstarlib] Error 2
make: *** [Makefile:158: utest-prelude] Error 2
Command exited with non-zero status 2
9.59user 40.61system 8:45.12elapsed 9%CPU (0avgtext+0avgdata 1181500416maxresident)k
0inputs+0outputs (4845672major+0minor)pagefaults 0swaps
