From https://github.com/mitls/mitls-fstar
88861ea6..770ae3bf  taramana_ocaml_kremlin_no_hints -> origin/taramana_ocaml_kremlin_no_hints
From https://github.com/mitls/hacl-star
b0620fbb..db89b477  anilam_pkcs11  -> origin/anilam_pkcs11
750643bb..8d3a89ec  fstar-master   -> origin/fstar-master
5dbd4cac..8ff6412a  polubelova_rsa -> origin/polubelova_rsa
dos2unix: converting file parser/parse.fsi to Unix format...
Warning: you are using the standard library and/or the %inline keyword. We
recommend switching on --infer in order to avoid obscure type error messages.
warning: CRLF will be replaced by LF in src/parser/parse.fsy.
The file will have its original line endings in your working directory.
cp: cannot stat './_build/src/tests/ml/FStar_Tests_Main.cmx': No such file or directory
FStar.List.Tot.Properties.fst(855,2-855,37): (Warning 252) (Hint-replay failed): could not prove post-condition (see also FStar.List.Tot.Properties.fst(853,12-853,18))
FStar.List.Tot.Properties.fst(855,2-855,37): (Warning 252) could not prove post-condition (see also FStar.List.Tot.Properties.fst(853,12-853,18))
FStar.List.Tot.Properties.fst(884,2-885,24): (Warning 252) (Hint-replay failed): could not prove post-condition (see also FStar.List.Tot.Properties.fst(883,12-883,18))
FStar.OrdSet.fst(48,16-48,18): (Warning 252) (Hint-replay failed): Subtyping check failed; expected type a: Type{Prims.hasEq a}; got type Type (see also prims.fst(310,29-310,36))
FStar.Seq.Properties.fst(471,2-474,29): (Warning 252) (Hint-replay failed): could not prove post-condition (see also FStar.Seq.Properties.fst(469,20-469,28))
FStar.Fin.fst(36,2-51,18): (Warning 252) (Hint-replay failed): could not prove post-condition (see also FStar.Fin.fst(33,41-33,68))
FStar.Fin.fst(36,2-51,18): (Warning 252) (Hint-replay failed): could not prove post-condition (see also FStar.Fin.fst(33,41-33,68))
FStar.Monotonic.HyperStack.fst(113,4-113,6): (Warning 252) (Hint-replay failed): could not prove post-condition (see also FStar.Monotonic.HyperStack.fst(110,11-110,25))
FStar.Monotonic.HyperStack.fst(121,4-121,6): (Warning 252) (Hint-replay failed): could not prove post-condition (see also FStar.Monotonic.HyperStack.fst(119,19-119,41))
FStar.Monotonic.HyperStack.fst(134,4-134,6): (Warning 252) (Hint-replay failed): could not prove post-condition (see also FStar.Monotonic.HyperStack.fst(129,20-129,76))
FStar.Monotonic.HyperStack.fst(142,4-142,6): (Warning 252) (Hint-replay failed): could not prove post-condition (see also FStar.Monotonic.HyperStack.fst(141,9-141,59))
FStar.Monotonic.HyperStack.fst(154,4-154,6): (Warning 252) (Hint-replay failed): could not prove post-condition (see also FStar.Monotonic.HyperStack.fst(151,19-151,69))
FStar.Monotonic.HyperStack.fst(165,4-165,6): (Warning 252) (Hint-replay failed): could not prove post-condition (see also FStar.Monotonic.HyperStack.fst(164,106-164,142))
FStar.Monotonic.HyperStack.fst(181,4-181,25): (Warning 252) (Hint-replay failed): could not prove post-condition (see also FStar.Monotonic.HyperStack.fst(180,19-180,45))
FStar.Monotonic.HyperStack.fst(195,40-195,50): (Warning 252) (Hint-replay failed): Subtyping check failed; expected type r: FStar.Monotonic.HyperHeap.rid{r <> FStar.Monotonic.HyperHeap.root}; got type FStar.Monotonic.HyperHeap.rid (see also FStar.Monotonic.HyperHeap.fst(104,27-104,34))
FStar.Monotonic.HyperStack.fst(322,4-322,33): (Warning 252) (Hint-replay failed): assertion failed (see also FStar.Monotonic.HyperStack.fst(102,20-102,34))
FStar.Monotonic.HyperStack.fst(333,4-333,33): (Warning 252) (Hint-replay failed): assertion failed (see also FStar.Monotonic.HyperStack.fst(102,20-102,34))
FStar.Monotonic.HyperStack.fst(342,31-342,41): (Warning 252) (Hint-replay failed): Subtyping check failed; expected type r:
FStar.Monotonic.Heap.mref a rel
{FStar.Monotonic.Heap.contains i_h r /\ FStar.Monotonic.Heap.is_mm r}; got type FStar.Monotonic.Heap.mref a rel (see also FStar.Monotonic.Heap.fsti(64,67-64,81))
FStar.Monotonic.HyperStack.fst(353,31-353,41): (Warning 252) (Hint-replay failed): Subtyping check failed; expected type r: FStar.Monotonic.Heap.mref a rel {FStar.Monotonic.Heap.contains i_h r}; got type FStar.Monotonic.Heap.mref a rel (see also FStar.Monotonic.Heap.fsti(58,67-58,81))
FStar.Monotonic.HyperStack.fst(360,52-360,62): (Warning 252) (Hint-replay failed): Subtyping check failed; expected type r:
FStar.Monotonic.Heap.mref a rel
{ FStar.Monotonic.Heap.contains (FStar.Map.sel (FStar.Monotonic.HyperStack.get_hmap m)
(FStar.Monotonic.HyperStack.frameOf r))
r }; got type FStar.Monotonic.Heap.mref a rel (see also FStar.Monotonic.Heap.fsti(54,67-54,81))
FStar.Monotonic.HyperStack.fst(364,9-364,21): (Warning 252) (Hint-replay failed): Subtyping check failed; expected type r: FStar.Monotonic.HyperHeap.rid{r <> FStar.Monotonic.HyperHeap.root}; got type FStar.Monotonic.HyperHeap.rid (see also FStar.Monotonic.HyperHeap.fst(104,27-104,34))
FStar.Monotonic.HyperStack.fst(372,4-372,10): (Warning 252) (Hint-replay failed): assertion failed (see also FStar.Monotonic.HyperStack.fst(372,74-372,89))
FStar.Monotonic.HyperStack.fst(386,4-386,33): (Warning 252) (Hint-replay failed): assertion failed (see also FStar.Monotonic.HyperStack.fst(102,20-102,34))
FStar.Monotonic.HyperStack.fst(394,9-394,28): (Warning 252) (Hint-replay failed): assertion failed (see also FStar.Monotonic.Heap.fsti(152,20-152,35))
FStar.Monotonic.HyperStack.fst(400,25-400,58): (Warning 252) (Hint-replay failed): assertion failed (see also FStar.Monotonic.Heap.fsti(236,20-236,56))
FStar.Monotonic.HyperStack.fst(413,77-413,88): (Warning 252) (Hint-replay failed): Subtyping check failed; expected type FStar.Monotonic.Heap.mref a rel1; got type FStar.Monotonic.Heap.mref a rel2 (see also FStar.Monotonic.HyperStack.fst(408,15-408,39))
FStar.Monotonic.HyperStack.fst(432,45-432,47): (Warning 252) (Hint-replay failed): Subtyping check failed; expected type m0: FStar.Monotonic.HyperStack.mem{FStar.Monotonic.HyperStack.poppable m0}; got type FStar.Monotonic.HyperStack.mem (see also FStar.Monotonic.HyperStack.fst(194,16-194,27))
FStar.Monotonic.HyperStack.fst(438,11-438,78): (Warning 252) (Hint-replay failed): assertion failed
FStar.Monotonic.HyperStack.fst(450,4-450,6): (Warning 252) (Hint-replay failed): could not prove post-condition (see also FStar.Monotonic.HyperStack.fst(447,15-447,53))
FStar.Monotonic.HyperStack.fst(455,49-455,50): (Warning 252) (Hint-replay failed): Subtyping check failed; expected type s:
FStar.Monotonic.HyperStack.mreference a rel
{FStar.Monotonic.HyperStack.live_region h (FStar.Monotonic.HyperStack.frameOf s)}; got type FStar.Monotonic.HyperStack.mreference a rel (see also FStar.Monotonic.HyperStack.fst(316,64-316,89))
FStar.Monotonic.HyperStack.fst(464,44-464,46): (Warning 252) (Hint-replay failed): could not prove post-condition (see also FStar.Monotonic.HyperStack.fst(463,12-463,67))
FStar.Monotonic.HyperStack.fst(469,4-469,6): (Warning 252) (Hint-replay failed): could not prove post-condition (see also FStar.Monotonic.HyperStack.fst(468,11-468,41))
FStar.Monotonic.HyperStack.fst(517,5-517,7): (Warning 252) (Hint-replay failed): could not prove post-condition (see also FStar.Monotonic.HyperStack.fst(516,11-516,35))
FStar.Monotonic.HyperStack.fst(524,36-524,37): (Warning 252) (Hint-replay failed): Subtyping check failed; expected type s:
FStar.Monotonic.HyperStack.mreference a rel
{ FStar.Monotonic.HyperStack.live_region (FStar.Monotonic.HyperStack.upd h r x)
(FStar.Monotonic.HyperStack.frameOf s) }; got type FStar.Monotonic.HyperStack.mreference a rel (see also FStar.Monotonic.HyperStack.fst(316,64-316,89))
FStar.Monotonic.HyperStack.fst(535,9-535,41): (Warning 252) (Hint-replay failed): assertion failed (see also FStar.Monotonic.Heap.fsti(247,19-247,35))
FStar.Monotonic.HyperStack.fst(542,37-542,39): (Warning 252) (Hint-replay failed): Subtyping check failed; expected type s:
FStar.Monotonic.HyperStack.mreference b rel_b
{ FStar.Monotonic.HyperStack.live_region (FStar.Monotonic.HyperStack.upd h r1 x)
(FStar.Monotonic.HyperStack.frameOf s) }; got type FStar.Monotonic.HyperStack.mreference b rel_b (see also FStar.Monotonic.HyperStack.fst(316,64-316,89))
FStar.Monotonic.HyperStack.fst(635,2-635,61): (Warning 252) (Hint-replay failed): could not prove post-condition (see also FStar.Monotonic.HyperStack.fst(633,2-633,51))
FStar.Monotonic.HyperStack.fst(645,9-645,32): (Warning 252) (Hint-replay failed): assertion failed (see also FStar.Monotonic.Heap.fsti(277,13-277,25))
FStar.Monotonic.HyperStack.fst(668,28-668,35): (Warning 252) (Hint-replay failed): assertion failed (see also FStar.Monotonic.Heap.fsti(282,84-282,119))
FStar.Monotonic.HyperStack.fst(679,2-679,81): (Warning 252) (Hint-replay failed): could not prove post-condition (see also FStar.Monotonic.HyperStack.fst(678,78-678,105))
FStar.Monotonic.HyperStack.fst(690,2-690,4): (Warning 252) (Hint-replay failed): could not prove post-condition (see also FStar.Monotonic.HyperStack.fst(688,2-688,54))
FStar.Monotonic.HyperStack.fst(705,2-705,4): (Warning 252) (Hint-replay failed): could not prove post-condition (see also FStar.Monotonic.HyperStack.fst(700,53-700,117))
FStar.Monotonic.HyperStack.fst(716,2-716,4): (Warning 252) (Hint-replay failed): could not prove post-condition (see also FStar.Monotonic.HyperStack.fst(714,53-714,89))
FStar.Monotonic.HyperStack.fst(739,2-739,4): (Warning 252) (Hint-replay failed): could not prove post-condition (see also FStar.Monotonic.HyperStack.fst(737,51-737,100))
FStar.Monotonic.HyperStack.fst(750,2-750,4): (Warning 252) (Hint-replay failed): could not prove post-condition (see also FStar.Monotonic.HyperStack.fst(748,51-748,96))
FStar.Monotonic.HyperStack.fst(762,2-762,4): (Warning 252) (Hint-replay failed): could not prove post-condition (see also FStar.Monotonic.HyperStack.fst(760,51-760,112))
FStar.Monotonic.HyperStack.fst(774,2-774,4): (Warning 252) (Hint-replay failed): could not prove post-condition (see also FStar.Monotonic.HyperStack.fst(772,39-772,105))
FStar.Monotonic.HyperStack.fst(787,2-787,4): (Warning 252) (Hint-replay failed): could not prove post-condition (see also FStar.Monotonic.HyperStack.fst(785,66-785,136))
FStar.Monotonic.HyperStack.fst(195,40-195,50): (Warning 252) (Hint-replay failed): Subtyping check failed; expected type r: FStar.Monotonic.HyperHeap.rid{r <> FStar.Monotonic.HyperHeap.root}; got type FStar.Monotonic.HyperHeap.rid (see also FStar.Monotonic.HyperHeap.fst(104,27-104,34))
FStar.Monotonic.HyperStack.fst(322,4-322,33): (Warning 252) (Hint-replay failed): assertion failed (see also FStar.Monotonic.HyperStack.fst(102,20-102,34))
FStar.Monotonic.HyperStack.fst(333,4-333,33): (Warning 252) (Hint-replay failed): assertion failed (see also FStar.Monotonic.HyperStack.fst(102,20-102,34))
FStar.Monotonic.HyperStack.fst(342,31-342,41): (Warning 252) (Hint-replay failed): Subtyping check failed; expected type r:
FStar.Monotonic.Heap.mref a rel
{FStar.Monotonic.Heap.contains i_h r /\ FStar.Monotonic.Heap.is_mm r}; got type FStar.Monotonic.Heap.mref a rel (see also FStar.Monotonic.Heap.fsti(64,67-64,81))
FStar.Monotonic.HyperStack.fst(353,31-353,41): (Warning 252) (Hint-replay failed): Subtyping check failed; expected type r: FStar.Monotonic.Heap.mref a rel {FStar.Monotonic.Heap.contains i_h r}; got type FStar.Monotonic.Heap.mref a rel (see also FStar.Monotonic.Heap.fsti(58,67-58,81))
FStar.Monotonic.HyperStack.fst(360,52-360,62): (Warning 252) (Hint-replay failed): Subtyping check failed; expected type r:
FStar.Monotonic.Heap.mref a rel
{ FStar.Monotonic.Heap.contains (FStar.Map.sel (FStar.Monotonic.HyperStack.get_hmap m)
(FStar.Monotonic.HyperStack.frameOf r))
r }; got type FStar.Monotonic.Heap.mref a rel (see also FStar.Monotonic.Heap.fsti(54,67-54,81))
FStar.Monotonic.HyperStack.fst(364,9-364,21): (Warning 252) (Hint-replay failed): Subtyping check failed; expected type r: FStar.Monotonic.HyperHeap.rid{r <> FStar.Monotonic.HyperHeap.root}; got type FStar.Monotonic.HyperHeap.rid (see also FStar.Monotonic.HyperHeap.fst(104,27-104,34))
FStar.Monotonic.HyperStack.fst(372,4-372,10): (Warning 252) (Hint-replay failed): assertion failed (see also FStar.Monotonic.HyperStack.fst(372,74-372,89))
FStar.Monotonic.HyperStack.fst(386,4-386,33): (Warning 252) (Hint-replay failed): assertion failed (see also FStar.Monotonic.HyperStack.fst(102,20-102,34))
FStar.Monotonic.HyperStack.fst(432,45-432,47): (Warning 252) (Hint-replay failed): Subtyping check failed; expected type m0: FStar.Monotonic.HyperStack.mem{FStar.Monotonic.HyperStack.poppable m0}; got type FStar.Monotonic.HyperStack.mem (see also FStar.Monotonic.HyperStack.fst(194,16-194,27))
FStar.Monotonic.HyperStack.fst(455,49-455,50): (Warning 252) (Hint-replay failed): Subtyping check failed; expected type s:
FStar.Monotonic.HyperStack.mreference a rel
{FStar.Monotonic.HyperStack.live_region h (FStar.Monotonic.HyperStack.frameOf s)}; got type FStar.Monotonic.HyperStack.mreference a rel (see also FStar.Monotonic.HyperStack.fst(316,64-316,89))
FStar.Monotonic.HyperStack.fst(524,36-524,37): (Warning 252) (Hint-replay failed): Subtyping check failed; expected type s:
FStar.Monotonic.HyperStack.mreference a rel
{ FStar.Monotonic.HyperStack.live_region (FStar.Monotonic.HyperStack.upd h r x)
(FStar.Monotonic.HyperStack.frameOf s) }; got type FStar.Monotonic.HyperStack.mreference a rel (see also FStar.Monotonic.HyperStack.fst(316,64-316,89))
FStar.Monotonic.HyperStack.fst(542,37-542,39): (Warning 252) (Hint-replay failed): Subtyping check failed; expected type s:
FStar.Monotonic.HyperStack.mreference b rel_b
{ FStar.Monotonic.HyperStack.live_region (FStar.Monotonic.HyperStack.upd h r1 x)
(FStar.Monotonic.HyperStack.frameOf s) }; got type FStar.Monotonic.HyperStack.mreference b rel_b (see also FStar.Monotonic.HyperStack.fst(316,64-316,89))
FStar.HyperStack.ST.fst(55,2-55,9): (Warning 252) (Hint-replay failed): Subtyping check failed; expected type FStar.Preorder.preorder FStar.Monotonic.HyperStack.mem; got type m1: FStar.Monotonic.HyperStack.mem -> m2: FStar.Monotonic.HyperStack.mem -> Prims.Tot Type0 (see also FStar.Preorder.fst(12,40-12,56))
FStar.HyperStack.ST.fst(105,32-105,57): (Warning 252) (Hint-replay failed): assertion failed (see also FStar.Monotonic.Witnessed.fsti(27,69-27,72))
FStar.HyperStack.ST.fst(183,46-183,48): (Warning 252) (Hint-replay failed): could not prove post-condition (see also FStar.HyperStack.ST.fst(182,72-182,104))
FStar.HyperStack.ST.fst(187,99-187,101): (Warning 252) (Hint-replay failed): could not prove post-condition (see also FStar.HyperStack.ST.fst(148,4-148,70))
FStar.HyperStack.ST.fst(190,49-190,51): (Warning 252) (Hint-replay failed): could not prove post-condition (see also FStar.HyperStack.ST.fst(189,78-189,112))
FStar.HyperStack.ST.fst(195,4-195,6): (Warning 252) (Hint-replay failed): could not prove post-condition (see also FStar.HyperStack.ST.fst(148,4-148,70))
FStar.HyperStack.ST.fst(199,57-199,59): (Warning 252) (Hint-replay failed): could not prove post-condition (see also FStar.HyperStack.ST.fst(198,79-198,115))
FStar.HyperStack.ST.fst(204,4-204,6): (Warning 252) (Hint-replay failed): could not prove post-condition (see also FStar.HyperStack.ST.fst(148,4-148,70))
FStar.HyperStack.ST.fst(208,63-208,65): (Warning 252) (Hint-replay failed): could not prove post-condition (see also FStar.HyperStack.ST.fst(207,85-207,127))
FStar.HyperStack.ST.fst(214,4-214,6): (Warning 252) (Hint-replay failed): could not prove post-condition (see also FStar.HyperStack.ST.fst(148,4-148,70))
FStar.HyperStack.ST.fst(227,4-227,6): (Warning 252) (Hint-replay failed): could not prove post-condition (see also FStar.HyperStack.ST.fst(225,19-225,40))
FStar.HyperStack.ST.fst(356,4-356,11): (Warning 252) (Hint-replay failed): assertion failed (see also FStar.HyperStack.ST.fst(98,60-98,73))
FStar.HyperStack.ST.fst(366,4-366,11): (Warning 252) (Hint-replay failed): assertion failed (see also FStar.HyperStack.ST.fst(98,60-98,73))
FStar.HyperStack.ST.fst(375,28-375,29): (Warning 252) (Hint-replay failed): Subtyping check failed; expected type s:
FStar.Monotonic.HyperStack.mreference a rel
{FStar.Monotonic.HyperStack.live_region m0 (FStar.Monotonic.HyperStack.frameOf s)}; got type s:
FStar.HyperStack.ST.mreference a rel
{FStar.Monotonic.HyperStack.is_stack_region (FStar.Monotonic.HyperStack.frameOf s)} (see also FStar.Monotonic.HyperStack.fst(316,64-316,89))
FStar.HyperStack.ST.fst(382,50-382,52): (Warning 252) (Hint-replay failed): Subtyping check failed; expected type m:
FStar.Monotonic.HyperStack.mem
{ FStar.Map.contains (FStar.Monotonic.HyperStack.get_hmap m)
(FStar.Monotonic.HyperStack.get_tip m0) }; got type FStar.Monotonic.HyperStack.mem (see also FStar.Monotonic.HyperStack.fst(325,73-325,101))
FStar.HyperStack.ST.fst(415,4-415,10): (Warning 252) (Hint-replay failed): assertion failed (see also FStar.HyperStack.ST.fst(415,11-415,76))
FStar.HyperStack.ST.fst(433,47-433,49): (Warning 252) (Hint-replay failed): Subtyping check failed; expected type parent:
FStar.Monotonic.HyperHeap.rid
{ FStar.Monotonic.HyperStack.is_eternal_color (FStar.Monotonic.HyperHeap.color parent) /\
FStar.Map.contains (FStar.Monotonic.HyperStack.get_hmap m0) parent }; got type FStar.Monotonic.HyperHeap.rid (see also FStar.Monotonic.HyperStack.fst(376,78-376,110))
FStar.HyperStack.ST.fst(453,47-453,49): (Warning 252) (Hint-replay failed): Subtyping check failed; expected type parent:
FStar.Monotonic.HyperHeap.rid
{ FStar.Monotonic.HyperStack.is_eternal_color (FStar.Monotonic.HyperHeap.color parent) /\
FStar.Map.contains (FStar.Monotonic.HyperStack.get_hmap m0) parent }; got type FStar.Monotonic.HyperHeap.rid (see also FStar.Monotonic.HyperStack.fst(376,78-376,110))
FStar.HyperStack.ST.fst(472,39-472,41): (Warning 252) (Hint-replay failed): Subtyping check failed; expected type m: FStar.Monotonic.HyperStack.mem{FStar.Map.contains (FStar.Monotonic.HyperStack.get_hmap m) i}; got type FStar.Monotonic.HyperStack.mem (see also FStar.Monotonic.HyperStack.fst(325,73-325,101))
FStar.HyperStack.ST.fst(511,23-511,25): (Warning 252) (Hint-replay failed): Subtyping check failed; expected type m: FStar.Monotonic.HyperStack.mem{FStar.Monotonic.HyperStack.contains m r}; got type FStar.Monotonic.HyperStack.mem (see also FStar.Monotonic.HyperStack.fst(336,75-336,89))
FStar.HyperStack.ST.fst(531,27-531,28): (Warning 252) (Hint-replay failed): Subtyping check failed; expected type r: FStar.Monotonic.HyperStack.mreference a rel {FStar.Monotonic.HyperStack.contains m0 r}; got type FStar.HyperStack.ST.mreference a rel (see also FStar.Monotonic.HyperStack.fst(347,68-347,82))
FStar.HyperStack.ST.fst(550,92-550,105): (Warning 252) (Hint-replay failed): Subtyping check failed; expected type r:
FStar.Monotonic.Heap.mref a rel
{ FStar.Monotonic.Heap.contains (FStar.Map.sel (FStar.Monotonic.HyperStack.get_hmap m0)
(FStar.Monotonic.HyperStack.frameOf r))
r }; got type FStar.Monotonic.Heap.mref a rel (see also FStar.Monotonic.Heap.fsti(220,54-220,68))
FStar.HyperStack.ST.fst(563,4-563,14): (Warning 252) (Hint-replay failed): could not prove post-condition (see also FStar.HyperStack.ST.fst(237,91-237,109))
FStar.HyperStack.ST.fst(571,4-572,52): (Warning 252) (Hint-replay failed): could not prove post-condition (see also FStar.HyperStack.ST.fst(570,51-570,66))
FStar.HyperStack.ST.fst(580,4-580,60): (Warning 252) (Hint-replay failed): could not prove post-condition (see also FStar.HyperStack.ST.fst(579,51-579,72))
FStar.HyperStack.ST.fst(585,4-585,15): (Warning 252) (Hint-replay failed): assertion failed (see also FStar.HyperStack.ST.fst(100,76-100,80))
FStar.HyperStack.ST.fst(591,4-591,15): (Warning 252) (Hint-replay failed): assertion failed (see also FStar.HyperStack.ST.fst(100,76-100,80))
FStar.HyperStack.ST.fst(617,4-617,15): (Warning 252) (Hint-replay failed): assertion failed (see also FStar.HyperStack.ST.fst(100,84-100,92))
<dummy>(0,0-0,0): (Warning 252) (Hint-replay failed): could not prove post-condition
FStar.HyperStack.ST.fst(638,4-638,14): (Warning 252) (Hint-replay failed): assertion failed (see also FStar.HyperStack.ST.fst(101,76-101,87))
FStar.HyperStack.ST.fst(646,52-646,54): (Warning 252) (Hint-replay failed): Subtyping check failed; expected type Prims.squash (forall (x: c). FStar.HyperStack.ST.witnessed (p' x)); got type Prims.unit (see also FStar.HyperStack.ST.fst(646,32-646,48))
FStar.HyperStack.ST.fst(661,4-661,10): (Warning 252) (Hint-replay failed): assertion failed (see also FStar.HyperStack.ST.fst(661,11-661,115))
FStar.HyperStack.ST.fst(375,28-375,29): (Warning 252) (Hint-replay failed): Subtyping check failed; expected type s:
FStar.Monotonic.HyperStack.mreference a rel
{FStar.Monotonic.HyperStack.live_region m0 (FStar.Monotonic.HyperStack.frameOf s)}; got type s:
FStar.HyperStack.ST.mreference a rel
{FStar.Monotonic.HyperStack.is_stack_region (FStar.Monotonic.HyperStack.frameOf s)} (see also FStar.Monotonic.HyperStack.fst(316,64-316,89))
FStar.Monotonic.DependentMap.fsti(110,12-110,32): (Warning 252) (Hint-replay failed): Subtyping check failed; expected type _: FStar.Pervasives.Native.option (b x) {Some? _}; got type FStar.Pervasives.Native.option (b x) (see also FStar.Pervasives.Native.fst(6,4-6,8))
FStar.Monotonic.DependentMap.fsti(110,12-110,32): (Warning 252) (Hint-replay failed): Subtyping check failed; expected type _: FStar.Pervasives.Native.option (b x) {Some? _}; got type FStar.Pervasives.Native.option (b x) (see also FStar.Pervasives.Native.fst(6,4-6,8))
<dummy>(0,0-0,0): (Warning 252) (Hint-replay failed): could not prove post-condition
FStar.Monotonic.DependentMap.fst(53,4-53,14): (Warning 252) (Hint-replay failed): assertion failed (see also FStar.HyperStack.ST.fst(609,37-609,41))
<dummy>(0,0-0,0): (Warning 252) (Hint-replay failed): could not prove post-condition
FStar.Monotonic.Map.fst(28,2-29,71): (Warning 252) (Hint-replay failed): assertion failed (see also FStar.Preorder.fst(12,40-12,56))
<dummy>(0,0-0,0): (Warning 252) (Hint-replay failed): could not prove post-condition
FStar.Monotonic.Map.fst(58,12-58,32): (Warning 252) (Hint-replay failed): Subtyping check failed; expected type _: FStar.Pervasives.Native.option (b x) {Some? _}; got type FStar.Pervasives.Native.option (b x) (see also FStar.Pervasives.Native.fst(6,4-6,8))
FStar.Monotonic.Map.fst(66,4-66,6): (Warning 252) (Hint-replay failed): could not prove post-condition (see also FStar.HyperStack.ST.fst(605,56-605,60))
FStar.Monotonic.Map.fst(82,6-82,8): (Warning 252) (Hint-replay failed): assertion failed (see also FStar.HyperStack.ST.fst(526,54-526,72))
FStar.Monotonic.Map.fst(105,8-105,18): (Warning 252) (Hint-replay failed): assertion failed (see also FStar.HyperStack.ST.fst(605,56-605,60))
FStar.Monotonic.Map.fst(58,12-58,32): (Warning 252) (Hint-replay failed): Subtyping check failed; expected type _: FStar.Pervasives.Native.option (b x) {Some? _}; got type FStar.Pervasives.Native.option (b x) (see also FStar.Pervasives.Native.fst(6,4-6,8))
LowStar.Buffer.fsti(622,69-622,79): (Warning 252) (Hint-replay failed): assertion failed (see also LowStar.Buffer.fsti(261,12-261,45))
LowStar.Buffer.fsti(635,59-635,69): (Warning 252) (Hint-replay failed): assertion failed (see also FStar.UInt32.fst(64,12-64,32))
LowStar.Buffer.fsti(644,65-644,74): (Warning 252) (Hint-replay failed): Subtyping check failed; expected type i: Prims.nat{i < FStar.Seq.Base.length (LowStar.Buffer.as_seq h b)}; got type FStar.UInt.uint_t FStar.UInt32.n (see also FStar.Seq.Base.fst(30,49-30,61))
LowStar.Buffer.fsti(673,40-673,49): (Warning 252) (Hint-replay failed): Subtyping check failed; expected type n: Prims.nat{n < FStar.Seq.Base.length (LowStar.Buffer.as_seq h b)}; got type FStar.UInt.uint_t FStar.UInt32.n (see also FStar.Seq.Base.fst(78,46-78,58))
LowStar.Buffer.fsti(778,24-778,35): (Warning 252) (Hint-replay failed): Subtyping check failed; expected type Prims.nat; got type FStar.UInt.uint_t FStar.UInt32.n (see also prims.fst(408,17-408,23))
LowStar.Buffer.fsti(797,37-797,48): (Warning 252) (Hint-replay failed): Subtyping check failed; expected type Prims.nat; got type FStar.UInt.uint_t FStar.UInt32.n (see also prims.fst(408,17-408,23))
LowStar.BufferCompat.fst(43,26-43,37): (Warning 252) (Hint-replay failed): Subtyping check failed; expected type Prims.nat; got type FStar.UInt.uint_t FStar.UInt32.n (see also prims.fst(408,17-408,23))
LowStar.BufferCompat.fst(59,26-59,37): (Warning 252) (Hint-replay failed): Subtyping check failed; expected type Prims.nat; got type FStar.UInt.uint_t FStar.UInt32.n (see also prims.fst(408,17-408,23))
LowStar.BufferCompat.fst(73,39-73,50): (Warning 252) (Hint-replay failed): Subtyping check failed; expected type Prims.nat; got type FStar.UInt.uint_t FStar.UInt32.n (see also prims.fst(408,17-408,23))
LowStar.BufferCompat.fst(43,26-43,37): (Warning 252) (Hint-replay failed): Subtyping check failed; expected type Prims.nat; got type FStar.UInt.uint_t FStar.UInt32.n (see also prims.fst(408,17-408,23))
LowStar.BufferCompat.fst(59,26-59,37): (Warning 252) (Hint-replay failed): Subtyping check failed; expected type Prims.nat; got type FStar.UInt.uint_t FStar.UInt32.n (see also prims.fst(408,17-408,23))
LowStar.BufferCompat.fst(73,39-73,50): (Warning 252) (Hint-replay failed): Subtyping check failed; expected type Prims.nat; got type FStar.UInt.uint_t FStar.UInt32.n (see also prims.fst(408,17-408,23))
LowStar.Modifies.fsti(611,2-611,42): (Warning 252) (Hint-replay failed): assertion failed (see also LowStar.Modifies.fsti(584,48-584,82))
LowStar.Modifies.fsti(625,2-625,38): (Warning 252) (Hint-replay failed): assertion failed (see also LowStar.Modifies.fsti(594,48-594,78))
LowStar.Modifies.fsti(668,2-668,38): (Warning 252) (Hint-replay failed): assertion failed (see also LowStar.Modifies.fsti(632,48-632,89))
LowStar.Modifies.fsti(683,2-683,49): (Warning 252) (Hint-replay failed): assertion failed (see also LowStar.Modifies.fsti(643,48-643,82))
LowStar.Modifies.fsti(697,2-697,45): (Warning 252) (Hint-replay failed): assertion failed (see also LowStar.Modifies.fsti(653,48-653,78))
FStar.Pointer.Base.fsti(2255,35-2255,47): (Warning 252) (Hint-replay failed): Subtyping check failed; expected type i: Prims.nat{i < FStar.Seq.Base.length (FStar.Pointer.Base.buffer_as_seq h' b)}; got type FStar.UInt.uint_t FStar.UInt32.n (see also FStar.Seq.Base.fst(30,49-30,61))
FStar.Monotonic.Seq.fst(28,4-29,111): (Warning 252) (Hint-replay failed): assertion failed (see also FStar.Preorder.fst(12,40-12,56))
FStar.Monotonic.Seq.fst(41,4-41,6): (Warning 252) (Hint-replay failed): could not prove post-condition (see also FStar.Monotonic.Seq.fst(39,12-39,36))
<dummy>(0,0-0,0): (Warning 252) (Hint-replay failed): could not prove post-condition
FStar.Monotonic.Seq.fst(61,4-61,6): (Warning 252) (Hint-replay failed): could not prove post-condition (see also FStar.HyperStack.ST.fst(605,56-605,60))
FStar.Monotonic.Seq.fst(80,4-80,14): (Warning 252) (Hint-replay failed): assertion failed (see also FStar.HyperStack.ST.fst(609,37-609,41))
<dummy>(0,0-0,0): (Warning 252) (Hint-replay failed): could not prove post-condition
FStar.Monotonic.Seq.fst(103,4-103,6): (Warning 252) (Hint-replay failed): could not prove post-condition (see also FStar.HyperStack.ST.fst(605,56-605,60))
FStar.Monotonic.Seq.fst(142,4-142,14): (Warning 252) (Hint-replay failed): assertion failed (see also FStar.HyperStack.ST.fst(609,37-609,41))
<dummy>(0,0-0,0): (Warning 252) (Hint-replay failed): could not prove post-condition
<dummy>(0,0-0,0): (Warning 252) (Hint-replay failed): could not prove post-condition
FStar.Monotonic.Seq.fst(174,2-174,8): (Warning 252) (Hint-replay failed): assertion failed (see also FStar.Monotonic.Seq.fst(174,9-174,29))
FStar.Monotonic.Seq.fst(248,4-248,6): (Warning 252) (Hint-replay failed): could not prove post-condition (see also FStar.Monotonic.Seq.fst(247,8-247,35))
FStar.Monotonic.Seq.fst(260,4-260,6): (Warning 252) (Hint-replay failed): could not prove post-condition (see also FStar.HyperStack.ST.fst(605,56-605,60))
FStar.Monotonic.Seq.fst(274,4-274,6): (Warning 252) (Hint-replay failed): could not prove post-condition (see also FStar.HyperStack.ST.fst(605,56-605,60))
FStar.Monotonic.Seq.fst(303,38-303,44): (Warning 252) (Hint-replay failed): assertion failed (see also FStar.Monotonic.Seq.fst(303,45-303,62))
FStar.Monotonic.Seq.fst(344,4-344,46): (Warning 252) (Hint-replay failed): could not prove post-condition (see also FStar.HyperStack.ST.fst(605,56-605,60))
FStar.Monotonic.Seq.fst(370,4-370,6): (Warning 252) (Hint-replay failed): could not prove post-condition (see also FStar.HyperStack.ST.fst(605,56-605,60))
FStar.Monotonic.Seq.fst(386,4-386,14): (Warning 252) (Hint-replay failed): assertion failed (see also FStar.HyperStack.ST.fst(609,37-609,41))
FStar.Monotonic.Seq.fst(403,4-403,14): (Warning 252) (Hint-replay failed): assertion failed (see also FStar.HyperStack.ST.fst(609,37-609,41))
<dummy>(0,0-0,0): (Warning 252) (Hint-replay failed): could not prove post-condition
<dummy>(0,0-0,0): (Warning 252) (Hint-replay failed): could not prove post-condition
LowStar.BufferOps.fst(17,24-17,29): (Warning 252) (Hint-replay failed): Subtyping check failed; expected type i: Prims.nat{i < FStar.Seq.Base.length (LowStar.Buffer.as_seq h b)}; got type FStar.UInt.uint_t FStar.UInt32.n (see also FStar.Seq.Base.fst(30,49-30,61))
LowStar.BufferOps.fst(21,28-21,31): (Warning 252) (Hint-replay failed): Subtyping check failed; expected type n: Prims.nat{n < FStar.Seq.Base.length (LowStar.Buffer.as_seq h b)}; got type FStar.UInt.uint_t FStar.UInt32.n (see also FStar.Seq.Base.fst(78,46-78,58))
<dummy>(0,0-0,0): (Warning 252) (Hint-replay failed): could not prove post-condition
<dummy>(0,0-0,0): (Warning 252) (Hint-replay failed): could not prove post-condition
FStar.Pointer.Derived3.fst(143,2-143,17): (Warning 252) (Hint-replay failed): assertion failed (see also FStar.Pointer.Derived3.fst(91,4-91,48))
FStar.Pointer.Derived2.fst(82,10-82,21): (Warning 252) (Hint-replay failed): assertion failed (see also FStar.Pointer.Base.fsti(2238,65-2238,105))
<dummy>(0,0-0,0): (Warning 252) (Hint-replay failed): could not prove post-condition
FStar.Pointer.Derived2.fst(155,2-155,26): (Warning 252) (Hint-replay failed): assertion failed (see also FStar.Pointer.Derived2.fst(96,4-96,57))
LowStar.Modifies.fsti(611,2-611,42): (Warning 252) (Hint-replay failed): assertion failed (see also LowStar.Modifies.fsti(584,48-584,82))
LowStar.Modifies.fsti(625,2-625,38): (Warning 252) (Hint-replay failed): assertion failed (see also LowStar.Modifies.fsti(594,48-594,78))
LowStar.Modifies.fst(157,43-157,80): (Warning 252) (Hint-replay failed): Subtyping check failed; expected type 
l1: LowStar.Modifies.loc ->
l2: LowStar.Modifies.loc ->
h: FStar.Monotonic.HyperStack.mem ->
h': FStar.Monotonic.HyperStack.mem ->
x: FStar.Monotonic.HyperHeap.rid ->
Prims.Lemma Prims.unit; got type 
l1: FStar.ModifiesGen.loc LowStar.Modifies.cls ->
l2: FStar.ModifiesGen.loc LowStar.Modifies.cls ->
h: FStar.Monotonic.HyperStack.mem ->
h': FStar.Monotonic.HyperStack.mem ->
r: FStar.Monotonic.HyperHeap.rid ->
Prims.Lemma Prims.unit (see also FStar.ModifiesGen.fsti(658,104-658,145))
LowStar.Modifies.fst(159,54-159,101): (Warning 252) (Hint-replay failed): Subtyping check failed; expected type 
l1: LowStar.Modifies.loc ->
l2: LowStar.Modifies.loc ->
h: FStar.Monotonic.HyperStack.mem ->
h': FStar.Monotonic.HyperStack.mem ->
x: FStar.Monotonic.HyperStack.mreference t pre ->
Prims.Lemma Prims.unit; got type 
l1: FStar.ModifiesGen.loc LowStar.Modifies.cls ->
l2: FStar.ModifiesGen.loc LowStar.Modifies.cls ->
h: FStar.Monotonic.HyperStack.mem ->
h': FStar.Monotonic.HyperStack.mem ->
r: FStar.Monotonic.HyperStack.mreference t pre ->
Prims.Lemma Prims.unit (see also FStar.ModifiesGen.fsti(669,104-669,138))
LowStar.Modifies.fst(162,5-162,44): (Warning 252) (Hint-replay failed): assertion failed (see also FStar.ModifiesGen.fsti(680,104-680,135))
LowStar.Modifies.fsti(668,2-668,38): (Warning 252) (Hint-replay failed): assertion failed (see also LowStar.Modifies.fsti(632,48-632,89))
LowStar.Modifies.fsti(683,2-683,49): (Warning 252) (Hint-replay failed): assertion failed (see also LowStar.Modifies.fsti(643,48-643,82))
LowStar.Modifies.fsti(697,2-697,45): (Warning 252) (Hint-replay failed): assertion failed (see also LowStar.Modifies.fsti(653,48-653,78))
LowStar.Modifies.fst(172,34-172,64): (Warning 252) (Hint-replay failed): Subtyping check failed; expected type 
h0: FStar.Monotonic.HyperStack.mem ->
h1: FStar.Monotonic.HyperStack.mem ->
s: LowStar.Modifies.loc ->
h2: FStar.Monotonic.HyperStack.mem ->
h3: FStar.Monotonic.HyperStack.mem ->
Prims.Lemma Prims.unit; got type 
h0: FStar.Monotonic.HyperStack.mem ->
h1: FStar.Monotonic.HyperStack.mem ->
s: FStar.ModifiesGen.loc LowStar.Modifies.cls ->
h2: FStar.Monotonic.HyperStack.mem ->
h3: FStar.Monotonic.HyperStack.mem ->
Prims.Lemma Prims.unit (see also FStar.ModifiesGen.fsti(730,4-730,77))
LowStar.Modifies.fst(223,2-223,23): (Warning 252) (Hint-replay failed): assertion failed (see also LowStar.Modifies.fsti(353,59-353,77))
LowStar.Modifies.fst(227,2-227,23): (Warning 252) (Hint-replay failed): assertion failed (see also LowStar.Modifies.fsti(353,59-353,77))
<dummy>(0,0-0,0): (Warning 252) (Hint-replay failed): could not prove post-condition
<dummy>(0,0-0,0): (Warning 252) (Hint-replay failed): could not prove post-condition
<dummy>(0,0-0,0): (Warning 252) (Hint-replay failed): could not prove post-condition
FStar.TaggedUnion.fst(247,4-247,21): (Warning 252) (Hint-replay failed): assertion failed (see also FStar.Pointer.Base.fsti(2147,22-2147,30))
FStar.Pointer.Derived1.fst(111,2-111,29): (Warning 252) (Hint-replay failed): assertion failed (see also FStar.Pointer.Base.fsti(2160,4-2160,91))
FStar.Pointer.Derived1.fst(118,2-118,8): (Warning 252) (Hint-replay failed): assertion failed (see also FStar.Pointer.Derived1.fst(118,9-118,104))
<dummy>(0,0-0,0): (Warning 252) (Hint-replay failed): could not prove post-condition
<dummy>(0,0-0,0): (Warning 252) (Hint-replay failed): could not prove post-condition
FStar.Pointer.Derived1.fst(168,2-168,8): (Warning 252) (Hint-replay failed): assertion failed (see also FStar.Pointer.Derived1.fst(168,9-168,91))
FStar.Pointer.Derived1.fst(171,2-171,23): (Warning 252) (Hint-replay failed): assertion failed (see also FStar.Pointer.Base.fsti(1493,5-1493,45))
<dummy>(0,0-0,0): (Warning 252) (Hint-replay failed): could not prove post-condition
<dummy>(0,0-0,0): (Warning 252) (Hint-replay failed): could not prove post-condition
prims.fst(243,30-243,42): (Warning 252) (Hint-replay failed): assertion failed (see also prims.fst(215,68-215,80))
LowStar.Buffer.fst(56,2-56,95): (Warning 252) (Hint-replay failed): could not prove post-condition (see also LowStar.Buffer.fsti(131,11-131,136))
LowStar.Buffer.fst(58,33-58,35): (Warning 252) (Hint-replay failed): could not prove post-condition (see also LowStar.Buffer.fsti(138,11-138,41))
LowStar.Buffer.fst(190,46-190,48): (Warning 252) (Hint-replay failed): could not prove post-condition (see also LowStar.Buffer.fsti(351,11-351,27))
LowStar.Buffer.fst(203,4-203,10): (Warning 252) (Hint-replay failed): assertion failed (see also LowStar.Buffer.fst(203,11-203,59))
LowStar.Buffer.fst(290,53-290,55): (Warning 252) (Hint-replay failed): could not prove post-condition (see also LowStar.Buffer.fsti(457,11-457,38))
LowStar.Buffer.fst(314,30-314,56): (Warning 252) (Hint-replay failed): Subtyping check failed; expected type FStar.UInt.uint_t FStar.UInt32.n; got type Prims.nat (see also FStar.UInt.fst(52,28-52,36))
LowStar.Buffer.fst(321,47-321,49): (Warning 252) (Hint-replay failed): could not prove post-condition (see also LowStar.Buffer.fsti(496,4-496,81))
LowStar.Buffer.fst(335,43-335,45): (Warning 252) (Hint-replay failed): could not prove post-condition (see also LowStar.Buffer.fsti(513,4-513,72))
<dummy>(0,0-0,0): (Warning 252) (Hint-replay failed): could not prove post-condition
LowStar.Buffer.fsti(622,69-622,79): (Warning 252) (Hint-replay failed): assertion failed (see also LowStar.Buffer.fsti(261,12-261,45))
<dummy>(0,0-0,0): (Warning 252) (Hint-replay failed): could not prove post-condition
LowStar.Buffer.fsti(635,59-635,69): (Warning 252) (Hint-replay failed): assertion failed (see also FStar.UInt32.fst(64,12-64,32))
<dummy>(0,0-0,0): (Warning 252) (Hint-replay failed): could not prove post-condition
LowStar.Buffer.fsti(644,65-644,74): (Warning 252) (Hint-replay failed): Subtyping check failed; expected type i: Prims.nat{i < FStar.Seq.Base.length (LowStar.Buffer.as_seq h b)}; got type FStar.UInt.uint_t FStar.UInt32.n (see also FStar.Seq.Base.fst(30,49-30,61))
<dummy>(0,0-0,0): (Warning 252) (Hint-replay failed): could not prove post-condition
LowStar.Buffer.fsti(673,40-673,49): (Warning 252) (Hint-replay failed): Subtyping check failed; expected type n: Prims.nat{n < FStar.Seq.Base.length (LowStar.Buffer.as_seq h b)}; got type FStar.UInt.uint_t FStar.UInt32.n (see also FStar.Seq.Base.fst(78,46-78,58))
<dummy>(0,0-0,0): (Warning 252) (Hint-replay failed): could not prove post-condition
<dummy>(0,0-0,0): (Warning 252) (Hint-replay failed): could not prove post-condition
LowStar.Buffer.fst(481,29-481,30): (Warning 252) (Hint-replay failed): Subtyping check failed; expected type _: LowStar.Buffer.buffer' a {Buffer? _}; got type LowStar.Buffer.buffer a (see also LowStar.Buffer.fst(16,2-16,8))
<dummy>(0,0-0,0): (Warning 252) (Hint-replay failed): could not prove post-condition
LowStar.Buffer.fsti(778,24-778,35): (Warning 252) (Hint-replay failed): Subtyping check failed; expected type Prims.nat; got type FStar.UInt.uint_t FStar.UInt32.n (see also prims.fst(408,17-408,23))
LowStar.Buffer.fsti(797,37-797,48): (Warning 252) (Hint-replay failed): Subtyping check failed; expected type Prims.nat; got type FStar.UInt.uint_t FStar.UInt32.n (see also prims.fst(408,17-408,23))
<dummy>(0,0-0,0): (Warning 252) (Hint-replay failed): could not prove post-condition
<dummy>(0,0-0,0): (Warning 252) (Hint-replay failed): could not prove post-condition
<dummy>(0,0-0,0): (Warning 252) (Hint-replay failed): could not prove post-condition
<dummy>(0,0-0,0): (Warning 252) (Hint-replay failed): could not prove post-condition
<dummy>(0,0-0,0): (Warning 252) (Hint-replay failed): could not prove post-condition
FStar.BufferNG.fst(198,30-198,44): (Warning 252) (Hint-replay failed): Subtyping check failed; expected type Prims.nat; got type FStar.UInt.uint_t FStar.UInt32.n (see also prims.fst(408,17-408,23))
<dummy>(0,0-0,0): (Warning 252) (Hint-replay failed): could not prove post-condition
<dummy>(0,0-0,0): (Warning 252) (Hint-replay failed): could not prove post-condition
<dummy>(0,0-0,0): (Warning 252) (Hint-replay failed): could not prove post-condition
<dummy>(0,0-0,0): (Warning 252) (Hint-replay failed): could not prove post-condition
<dummy>(0,0-0,0): (Warning 252) (Hint-replay failed): could not prove post-condition
<dummy>(0,0-0,0): (Warning 252) (Hint-replay failed): could not prove post-condition
FStar.BufferNG.fst(442,50-442,81): (Warning 252) (Hint-replay failed): Subtyping check failed; expected type j: Prims.nat{FStar.UInt32.v idx_b <= j && j <= FStar.Seq.Base.length (FStar.BufferNG.as_seq h1 b)}; got type Prims.int
<dummy>(0,0-0,0): (Warning 252) (Hint-replay failed): could not prove post-condition
FStar.BufferNG.fst(472,35-472,49): (Warning 252) (Hint-replay failed): Subtyping check failed; expected type j: Prims.nat{0 <= j && j <= FStar.Seq.Base.length (FStar.BufferNG.as_seq h1 b)}; got type FStar.UInt.uint_t FStar.UInt32.n
<dummy>(0,0-0,0): (Warning 252) (Hint-replay failed): could not prove post-condition
FStar.BufferNG.fst(201,4-201,11): (Warning 252) (Hint-replay failed): Subtyping check failed; expected type Prims.nat; got type FStar.UInt.uint_t FStar.UInt32.n (see also prims.fst(408,17-408,23))
FStar.BufferNG.fst(449,4-449,8): (Warning 252) (Hint-replay failed): Subtyping check failed; expected type j: Prims.nat{FStar.UInt32.v idx_b <= j && j <= FStar.Seq.Base.length (FStar.BufferNG.as_seq h1 b)}; got type Prims.int (see also FStar.BufferNG.fst(442,50-442,81))
FStar.BufferNG.fst(476,4-476,8): (Warning 252) (Hint-replay failed): Subtyping check failed; expected type j: Prims.nat{0 <= j && j <= FStar.Seq.Base.length (FStar.BufferNG.as_seq h1 b)}; got type FStar.UInt.uint_t FStar.UInt32.n (see also FStar.BufferNG.fst(472,35-472,49))
FStar.Buffer.fst(134,40-134,42): (Warning 252) (Hint-replay failed): could not prove post-condition (see also FStar.Buffer.fst(132,11-132,26))
FStar.Buffer.fst(576,4-576,6): (Warning 252) (Hint-replay failed): could not prove post-condition (see also FStar.Buffer.fst(574,12-574,48))
FStar.Buffer.fst(582,4-582,6): (Warning 252) (Hint-replay failed): could not prove post-condition (see also FStar.Buffer.fst(580,12-580,35))
FStar.Buffer.fst(593,4-593,6): (Warning 252) (Hint-replay failed): could not prove post-condition (see also FStar.Buffer.fst(591,12-591,62))
FStar.Buffer.fst(599,4-599,6): (Warning 252) (Hint-replay failed): could not prove post-condition (see also FStar.Buffer.fst(597,12-597,66))
FStar.Buffer.fst(609,4-609,6): (Warning 252) (Hint-replay failed): could not prove post-condition (see also FStar.Buffer.fst(607,12-607,30))
FStar.Buffer.fst(615,4-615,6): (Warning 252) (Hint-replay failed): could not prove post-condition (see also FStar.Buffer.fst(613,11-613,31))
FStar.Buffer.fst(621,4-621,6): (Warning 252) (Hint-replay failed): could not prove post-condition (see also FStar.Buffer.fst(619,11-619,33))
FStar.Buffer.fst(632,4-632,6): (Warning 252) (Hint-replay failed): could not prove post-condition (see also FStar.Buffer.fst(625,12-625,35))
FStar.Buffer.fst(647,4-647,6): (Warning 252) (Hint-replay failed): could not prove post-condition (see also FStar.Buffer.fst(644,11-644,38))
FStar.Buffer.fst(655,4-655,6): (Warning 252) (Hint-replay failed): could not prove post-condition (see also FStar.Buffer.fst(653,11-653,36))
FStar.Buffer.fst(677,4-677,6): (Warning 252) (Hint-replay failed): could not prove post-condition (see also FStar.Buffer.fst(675,13-675,22))
FStar.Buffer.fst(683,4-683,6): (Warning 252) (Hint-replay failed): could not prove post-condition (see also FStar.Buffer.fst(681,12-681,34))
FStar.Buffer.fst(689,4-689,6): (Warning 252) (Hint-replay failed): could not prove post-condition (see also FStar.Buffer.fst(687,12-687,30))
FStar.Buffer.fst(697,4-698,11): (Warning 252) (Hint-replay failed): could not prove post-condition (see also FStar.Buffer.fst(695,13-695,34))
FStar.Buffer.fst(707,4-707,6): (Warning 252) (Hint-replay failed): could not prove post-condition (see also FStar.Buffer.fst(705,12-705,34))
FStar.Buffer.fst(721,4-721,6): (Warning 252) (Hint-replay failed): could not prove post-condition (see also FStar.Buffer.fst(719,12-719,34))
FStar.Buffer.fst(734,4-734,6): (Warning 252) (Hint-replay failed): could not prove post-condition (see also FStar.Buffer.fst(732,12-732,35))
FStar.Buffer.fst(740,4-740,6): (Warning 252) (Hint-replay failed): could not prove post-condition (see also FStar.Buffer.fst(738,12-738,35))
FStar.Buffer.fst(747,4-747,6): (Warning 252) (Hint-replay failed): could not prove post-condition (see also FStar.Buffer.fst(745,12-745,34))
FStar.Buffer.fst(753,4-753,6): (Warning 252) (Hint-replay failed): could not prove post-condition (see also FStar.Buffer.fst(751,12-751,35))
FStar.Buffer.fst(765,4-765,6): (Warning 252) (Hint-replay failed): could not prove post-condition (see also FStar.Buffer.fst(763,12-763,37))
FStar.Buffer.fst(775,4-775,6): (Warning 252) (Hint-replay failed): could not prove post-condition (see also FStar.Buffer.fst(774,11-774,29))
FStar.Buffer.fst(782,4-782,6): (Warning 252) (Hint-replay failed): could not prove post-condition (see also FStar.Buffer.fst(781,11-781,31))
FStar.Buffer.fst(788,4-788,6): (Warning 252) (Hint-replay failed): could not prove post-condition (see also FStar.Buffer.fst(787,11-787,29))
FStar.Buffer.fst(806,2-806,8): (Warning 252) (Hint-replay failed): assertion failed (see also FStar.Buffer.fst(806,9-806,43))
FStar.Buffer.fst(841,2-841,8): (Warning 252) (Hint-replay failed): assertion failed (see also FStar.Buffer.fst(841,9-841,43))
FStar.Buffer.fst(850,8-850,25): (Warning 252) (Hint-replay failed): assertion failed (see also FStar.Set.fst(98,26-98,45))
FStar.Buffer.fst(865,4-874,5): (Warning 252) (Hint-replay failed): could not prove post-condition (see also FStar.Buffer.fst(853,4-853,20))
FStar.Buffer.fst(899,4-899,34): (Warning 252) (Hint-replay failed): could not prove post-condition (see also FStar.Buffer.fst(898,106-898,116))
FStar.Buffer.fst(906,117-906,119): (Warning 252) (Hint-replay failed): Subtyping check failed; expected type m: FStar.Monotonic.HyperStack.mem{FStar.Monotonic.HyperStack.contains m (FStar.Buffer.content b)}; got type FStar.Monotonic.HyperStack.mem (see also FStar.Monotonic.HyperStack.fst(336,75-336,89))
<dummy>(0,0-0,0): (Warning 252) (Hint-replay failed): could not prove post-condition
<dummy>(0,0-0,0): (Warning 252) (Hint-replay failed): could not prove post-condition
<dummy>(0,0-0,0): (Warning 252) (Hint-replay failed): could not prove post-condition
FStar.Buffer.fst(960,4-961,44): (Warning 252) (Hint-replay failed): could not prove post-condition (see also FStar.Buffer.fst(959,7-959,35))
FStar.Buffer.fst(992,28-992,48): (Warning 252) (Hint-replay failed): could not prove post-condition (see also FStar.Buffer.fst(990,7-990,81))
FStar.Buffer.fst(1006,6-1006,20): (Warning 252) (Hint-replay failed): assertion failed (see also FStar.Seq.Base.fst(214,16-214,37))
<dummy>(0,0-0,0): (Warning 252) (Hint-replay failed): could not prove post-condition
FStar.Buffer.fst(1139,4-1139,6): (Warning 252) (Hint-replay failed): could not prove post-condition (see also FStar.Buffer.fst(1137,11-1137,43))
FStar.Buffer.fst(1153,43-1153,60): (Warning 252) (Hint-replay failed): Subtyping check failed; expected type j: Prims.nat{FStar.UInt32.v idx_b <= j && j <= FStar.Seq.Base.length (FStar.Buffer.as_seq h1 b)}; got type Prims.int
<dummy>(0,0-0,0): (Warning 252) (Hint-replay failed): could not prove post-condition
FStar.Buffer.fst(1182,35-1182,42): (Warning 252) (Hint-replay failed): Subtyping check failed; expected type j: Prims.nat{0 <= j && j <= FStar.Seq.Base.length (FStar.Buffer.as_seq h1 b)}; got type FStar.UInt.uint_t FStar.UInt32.n
<dummy>(0,0-0,0): (Warning 252) (Hint-replay failed): could not prove post-condition
FStar.Buffer.fst(1212,32-1212,34): (Warning 252) (Hint-replay failed): could not prove post-condition (see also FStar.Buffer.fst(1210,26-1210,35))
FStar.Buffer.fst(1218,38-1218,40): (Warning 252) (Hint-replay failed): could not prove post-condition (see also FStar.Buffer.fst(1216,26-1216,35))
FStar.Buffer.fst(1226,46-1226,48): (Warning 252) (Hint-replay failed): could not prove post-condition (see also FStar.Buffer.fst(1224,26-1224,35))
FStar.Buffer.fst(1232,40-1232,42): (Warning 252) (Hint-replay failed): could not prove post-condition (see also FStar.Buffer.fst(1230,26-1230,35))
FStar.Buffer.fst(1238,30-1238,32): (Warning 252) (Hint-replay failed): could not prove post-condition (see also FStar.Buffer.fst(1236,26-1236,35))
FStar.Buffer.fst(1244,31-1244,33): (Warning 252) (Hint-replay failed): could not prove post-condition (see also FStar.Buffer.fst(1242,26-1242,35))
FStar.Buffer.fst(1251,4-1251,6): (Warning 252) (Hint-replay failed): could not prove post-condition (see also FStar.Buffer.fst(1249,12-1249,30))
FStar.Buffer.fst(1257,4-1257,6): (Warning 252) (Hint-replay failed): could not prove post-condition (see also FStar.Buffer.fst(1255,12-1255,32))
FStar.Buffer.fst(1263,4-1263,6): (Warning 252) (Hint-replay failed): could not prove post-condition (see also FStar.Buffer.fst(1261,12-1261,35))
FStar.Buffer.fst(1269,4-1269,6): (Warning 252) (Hint-replay failed): could not prove post-condition (see also FStar.Buffer.fst(1267,12-1267,34))
FStar.Buffer.fst(1277,4-1277,6): (Warning 252) (Hint-replay failed): could not prove post-condition (see also FStar.Buffer.fst(1275,35-1275,44))
FStar.Buffer.fst(1283,4-1283,6): (Warning 252) (Hint-replay failed): could not prove post-condition (see also FStar.Buffer.fst(1281,63-1281,72))
FStar.Buffer.fst(1295,4-1295,6): (Warning 252) (Hint-replay failed): could not prove post-condition (see also FStar.Buffer.fst(1293,37-1293,46))
FStar.Buffer.fst(1301,4-1301,6): (Warning 252) (Hint-replay failed): could not prove post-condition (see also FStar.Buffer.fst(1299,13-1299,31))
FStar.Buffer.fst(1307,4-1307,6): (Warning 252) (Hint-replay failed): could not prove post-condition (see also FStar.Buffer.fst(1305,12-1305,34))
FStar.Buffer.fst(1319,4-1319,6): (Warning 252) (Hint-replay failed): could not prove post-condition (see also FStar.Buffer.fst(1317,12-1317,32))
FStar.Buffer.fst(1325,4-1325,6): (Warning 252) (Hint-replay failed): could not prove post-condition (see also FStar.Buffer.fst(1323,12-1323,32))
FStar.Buffer.fst(1331,4-1331,6): (Warning 252) (Hint-replay failed): could not prove post-condition (see also FStar.Buffer.fst(1329,12-1329,30))
FStar.Buffer.fst(1337,4-1337,6): (Warning 252) (Hint-replay failed): could not prove post-condition (see also FStar.Buffer.fst(1335,12-1335,23))
FStar.Buffer.fst(1354,4-1354,6): (Warning 252) (Hint-replay failed): could not prove post-condition (see also FStar.Buffer.fst(1353,12-1353,33))
FStar.Buffer.fst(1359,4-1359,6): (Warning 252) (Hint-replay failed): could not prove post-condition (see also FStar.Buffer.fst(1358,12-1358,33))
FStar.Buffer.fst(1365,4-1365,6): (Warning 252) (Hint-replay failed): could not prove post-condition (see also FStar.Buffer.fst(1363,12-1363,34))
FStar.Buffer.fst(1407,4-1407,6): (Warning 252) (Hint-replay failed): could not prove post-condition (see also FStar.Buffer.fst(1405,12-1405,25))
FStar.Buffer.fst(1412,4-1412,6): (Warning 252) (Hint-replay failed): could not prove post-condition (see also FStar.Buffer.fst(1411,12-1411,33))
FStar.Buffer.fst(1418,4-1418,6): (Warning 252) (Hint-replay failed): could not prove post-condition (see also FStar.Buffer.fst(1416,12-1416,33))
FStar.Buffer.fst(1426,4-1426,6): (Warning 252) (Hint-replay failed): could not prove post-condition (see also FStar.Buffer.fst(1424,12-1424,33))
FStar.Buffer.fst(906,117-906,119): (Warning 252) (Hint-replay failed): Subtyping check failed; expected type m: FStar.Monotonic.HyperStack.mem{FStar.Monotonic.HyperStack.contains m (FStar.Buffer.content b)}; got type FStar.Monotonic.HyperStack.mem (see also FStar.Monotonic.HyperStack.fst(336,75-336,89))
FStar.Buffer.fst(1159,8-1159,12): (Warning 252) (Hint-replay failed): Subtyping check failed; expected type j: Prims.nat{FStar.UInt32.v idx_b <= j && j <= FStar.Seq.Base.length (FStar.Buffer.as_seq h1 b)}; got type Prims.int (see also FStar.Buffer.fst(1153,43-1153,60))
FStar.Buffer.fst(1185,8-1185,12): (Warning 252) (Hint-replay failed): Subtyping check failed; expected type j: Prims.nat{0 <= j && j <= FStar.Seq.Base.length (FStar.Buffer.as_seq h1 b)}; got type FStar.UInt.uint_t FStar.UInt32.n (see also FStar.Buffer.fst(1182,35-1182,42))
FStar.Modifies.fsti(470,2-470,42): (Warning 252) (Hint-replay failed): assertion failed (see also FStar.Modifies.fsti(443,48-443,82))
FStar.Modifies.fsti(484,2-484,38): (Warning 252) (Hint-replay failed): assertion failed (see also FStar.Modifies.fsti(453,48-453,78))
FStar.Modifies.fsti(527,2-527,38): (Warning 252) (Hint-replay failed): assertion failed (see also FStar.Modifies.fsti(491,48-491,89))
FStar.Modifies.fsti(542,2-542,49): (Warning 252) (Hint-replay failed): assertion failed (see also FStar.Modifies.fsti(502,48-502,82))
FStar.Modifies.fsti(556,2-556,45): (Warning 252) (Hint-replay failed): assertion failed (see also FStar.Modifies.fsti(512,48-512,78))
FStar.Modifies.fst(114,2-114,4): (Warning 252) (Hint-replay failed): could not prove post-condition (see also FStar.Modifies.fst(113,11-113,41))
FStar.Modifies.fst(252,2-252,82): (Warning 252) (Hint-replay failed): could not prove post-condition (see also FStar.Modifies.fsti(373,4-373,15))
FStar.Modifies.fsti(470,2-470,42): (Warning 252) (Hint-replay failed): assertion failed (see also FStar.Modifies.fsti(443,48-443,82))
FStar.Modifies.fsti(484,2-484,38): (Warning 252) (Hint-replay failed): assertion failed (see also FStar.Modifies.fsti(453,48-453,78))
FStar.Modifies.fst(285,43-285,80): (Warning 252) (Hint-replay failed): Subtyping check failed; expected type 
l1: FStar.Modifies.loc ->
l2: FStar.Modifies.loc ->
h: FStar.Monotonic.HyperStack.mem ->
h': FStar.Monotonic.HyperStack.mem ->
x: FStar.Monotonic.HyperHeap.rid ->
Prims.Lemma Prims.unit; got type 
l1: FStar.ModifiesGen.loc FStar.Modifies.cls ->
l2: FStar.ModifiesGen.loc FStar.Modifies.cls ->
h: FStar.Monotonic.HyperStack.mem ->
h': FStar.Monotonic.HyperStack.mem ->
r: FStar.Monotonic.HyperHeap.rid ->
Prims.Lemma Prims.unit (see also FStar.ModifiesGen.fsti(658,104-658,145))
FStar.Modifies.fst(287,54-287,101): (Warning 252) (Hint-replay failed): Subtyping check failed; expected type 
l1: FStar.Modifies.loc ->
l2: FStar.Modifies.loc ->
h: FStar.Monotonic.HyperStack.mem ->
h': FStar.Monotonic.HyperStack.mem ->
x: FStar.Monotonic.HyperStack.mreference t pre ->
Prims.Lemma Prims.unit; got type 
l1: FStar.ModifiesGen.loc FStar.Modifies.cls ->
l2: FStar.ModifiesGen.loc FStar.Modifies.cls ->
h: FStar.Monotonic.HyperStack.mem ->
h': FStar.Monotonic.HyperStack.mem ->
r: FStar.Monotonic.HyperStack.mreference t pre ->
Prims.Lemma Prims.unit (see also FStar.ModifiesGen.fsti(669,104-669,138))
FStar.Modifies.fst(290,5-290,44): (Warning 252) (Hint-replay failed): assertion failed (see also FStar.ModifiesGen.fsti(680,104-680,135))
FStar.Modifies.fsti(527,2-527,38): (Warning 252) (Hint-replay failed): assertion failed (see also FStar.Modifies.fsti(491,48-491,89))
FStar.Modifies.fsti(542,2-542,49): (Warning 252) (Hint-replay failed): assertion failed (see also FStar.Modifies.fsti(502,48-502,82))
FStar.Modifies.fsti(556,2-556,45): (Warning 252) (Hint-replay failed): assertion failed (see also FStar.Modifies.fsti(512,48-512,78))
FStar.Modifies.fst(299,34-299,64): (Warning 252) (Hint-replay failed): Subtyping check failed; expected type 
h0: FStar.Monotonic.HyperStack.mem ->
h1: FStar.Monotonic.HyperStack.mem ->
s: FStar.Modifies.loc ->
h2: FStar.Monotonic.HyperStack.mem ->
h3: FStar.Monotonic.HyperStack.mem ->
Prims.Lemma Prims.unit; got type 
h0: FStar.Monotonic.HyperStack.mem ->
h1: FStar.Monotonic.HyperStack.mem ->
s: FStar.ModifiesGen.loc FStar.Modifies.cls ->
h2: FStar.Monotonic.HyperStack.mem ->
h3: FStar.Monotonic.HyperStack.mem ->
Prims.Lemma Prims.unit (see also FStar.ModifiesGen.fsti(730,4-730,77))
FStar.Modifies.fst(315,14-315,16): (Warning 252) (Hint-replay failed): could not prove post-condition (see also FStar.ModifiesGen.fsti(505,13-505,34))
FStar.Modifies.fst(321,14-321,16): (Warning 252) (Hint-replay failed): could not prove post-condition (see also FStar.ModifiesGen.fsti(505,13-505,34))
FStar.Modifies.fst(327,14-327,16): (Warning 252) (Hint-replay failed): could not prove post-condition (see also FStar.ModifiesGen.fsti(470,13-470,34))
FStar.Modifies.fst(340,14-340,16): (Warning 252) (Hint-replay failed): could not prove post-condition (see also FStar.ModifiesGen.fsti(470,13-470,34))
FStar.Modifies.fst(362,14-362,16): (Warning 252) (Hint-replay failed): could not prove post-condition (see also FStar.ModifiesGen.fsti(470,13-470,34))
FStar.Modifies.fst(388,14-388,16): (Warning 252) (Hint-replay failed): could not prove post-condition (see also FStar.ModifiesGen.fsti(505,13-505,34))
FStar.Modifies.fst(392,2-392,23): (Warning 252) (Hint-replay failed): assertion failed (see also FStar.Modifies.fsti(262,59-262,77))
FStar.Modifies.fst(395,2-395,23): (Warning 252) (Hint-replay failed): assertion failed (see also FStar.Modifies.fsti(262,59-262,77))
FStar.ModifiesGen.fst(320,9-320,109): (Warning 252) (Hint-replay failed): assertion failed
FStar.ModifiesGen.fst(343,2-343,51): (Warning 252) (Hint-replay failed): could not prove post-condition (see also FStar.ModifiesGen.fsti(217,2-217,20))
FStar.ModifiesGen.fst(354,2-354,111): (Warning 252) (Hint-replay failed): could not prove post-condition (see also FStar.ModifiesGen.fsti(224,11-224,31))
FStar.ModifiesGen.fst(356,42-356,44): (Warning 252) (Hint-replay failed): could not prove post-condition (see also FStar.ModifiesGen.fsti(231,11-231,45))
FStar.ModifiesGen.fst(366,8-366,14): (Warning 252) (Hint-replay failed): assertion failed (see also FStar.ModifiesGen.fst(366,15-366,50))
FStar.ModifiesGen.fst(373,33-373,35): (Warning 252) (Hint-replay failed): could not prove post-condition (see also FStar.ModifiesGen.fsti(244,2-244,27))
FStar.ModifiesGen.fst(375,43-375,45): (Warning 252) (Hint-replay failed): could not prove post-condition (see also FStar.ModifiesGen.fsti(253,11-253,65))
FStar.ModifiesGen.fst(387,2-387,4): (Warning 252) (Hint-replay failed): could not prove post-condition (see also FStar.ModifiesGen.fst(385,2-385,104))
FStar.ModifiesGen.fst(389,68-389,70): (Warning 252) (Hint-replay failed): could not prove post-condition (see also FStar.ModifiesGen.fsti(264,11-264,85))
FStar.ModifiesGen.fst(391,66-391,68): (Warning 252) (Hint-replay failed): could not prove post-condition (see also FStar.ModifiesGen.fsti(275,11-275,81))
FStar.ModifiesGen.fst(393,87-393,89): (Warning 252) (Hint-replay failed): could not prove post-condition (see also FStar.ModifiesGen.fsti(285,11-285,105))
FStar.ModifiesGen.fst(395,84-395,86): (Warning 252) (Hint-replay failed): could not prove post-condition (see also FStar.ModifiesGen.fsti(293,11-293,103))
FStar.ModifiesGen.fst(404,91-404,93): (Warning 252) (Hint-replay failed): could not prove post-condition (see also FStar.ModifiesGen.fsti(311,11-311,111))
FStar.ModifiesGen.fst(494,35-494,37): (Warning 252) (Hint-replay failed): could not prove post-condition (see also FStar.ModifiesGen.fsti(332,11-332,36))
FStar.ModifiesGen.fst(519,2-528,30): (Warning 252) (Hint-replay failed): could not prove post-condition (see also FStar.ModifiesGen.fsti(346,11-346,33))
FStar.ModifiesGen.fst(538,2-538,173): (Warning 252) (Hint-replay failed): could not prove post-condition (see also FStar.ModifiesGen.fsti(379,11-379,113))
FStar.ModifiesGen.fst(540,91-540,93): (Warning 252) (Hint-replay failed): could not prove post-condition (see also FStar.ModifiesGen.fsti(390,11-390,67))
FStar.ModifiesGen.fst(544,78-544,80): (Warning 252) (Hint-replay failed): could not prove post-condition (see also FStar.ModifiesGen.fsti(414,24-414,42))
FStar.ModifiesGen.fst(548,2-548,165): (Warning 252) (Hint-replay failed): could not prove post-condition (see also FStar.ModifiesGen.fsti(422,11-422,105))
FStar.ModifiesGen.fst(561,73-561,75): (Warning 252) (Hint-replay failed): could not prove post-condition (see also FStar.ModifiesGen.fsti(430,2-430,70))
FStar.ModifiesGen.fst(563,73-563,75): (Warning 252) (Hint-replay failed): could not prove post-condition (see also FStar.ModifiesGen.fsti(433,2-433,79))
FStar.ModifiesGen.fst(573,92-573,94): (Warning 252) (Hint-replay failed): could not prove post-condition (see also FStar.ModifiesGen.fsti(438,2-438,91))
FStar.ModifiesGen.fst(575,72-575,74): (Warning 252) (Hint-replay failed): could not prove post-condition (see also FStar.ModifiesGen.fsti(443,2-443,78))
FStar.ModifiesGen.fst(577,94-577,96): (Warning 252) (Hint-replay failed): could not prove post-condition (see also FStar.ModifiesGen.fsti(448,2-448,95))
FStar.ModifiesGen.fst(579,78-579,80): (Warning 252) (Hint-replay failed): could not prove post-condition (see also FStar.ModifiesGen.fsti(453,2-453,73))
FStar.ModifiesGen.fst(753,4-753,9): (Warning 252) (Hint-replay failed): assertion failed (see also FStar.ModifiesGen.fsti(477,15-477,50))
FStar.ModifiesGen.fst(789,20-789,25): (Warning 252) (Hint-replay failed): assertion failed (see also FStar.ModifiesGen.fsti(550,15-550,55))
FStar.ModifiesGen.fst(804,55-804,57): (Warning 252) (Hint-replay failed): could not prove post-condition (see also FStar.ModifiesGen.fsti(593,4-593,20))
FStar.ModifiesGen.fst(806,47-806,49): (Warning 252) (Hint-replay failed): could not prove post-condition (see also FStar.ModifiesGen.fsti(609,11-611,3))
FStar.ModifiesGen.fst(812,2-812,8): (Warning 252) (Hint-replay failed): assertion failed (see also FStar.ModifiesGen.fst(812,9-812,49))
FStar.ModifiesGen.fst(817,62-817,64): (Warning 252) (Hint-replay failed): could not prove post-condition (see also FStar.ModifiesGen.fsti(638,11-638,31))
FStar.ModifiesGen.fst(822,2-822,141): (Warning 252) (Hint-replay failed): could not prove post-condition (see also FStar.ModifiesGen.fsti(650,11-650,31))
FStar.ModifiesGen.fst(828,79-828,81): (Warning 252) (Hint-replay failed): could not prove post-condition (see also FStar.ModifiesGen.fsti(670,11-670,45))
FStar.ModifiesGen.fst(844,2-844,23): (Warning 252) (Hint-replay failed): assertion failed (see also FStar.ModifiesGen.fsti(626,33-626,51))
FStar.ModifiesGen.fst(858,68-858,73): (Warning 252) (Hint-replay failed): assertion failed
FStar.ModifiesGen.fst(872,2-872,117): (Warning 252) (Hint-replay failed): could not prove post-condition (see also FStar.ModifiesGen.fst(871,11-871,28))
FStar.ModifiesGen.fst(916,2-916,8): (Warning 252) (Hint-replay failed): assertion failed (see also FStar.ModifiesGen.fst(916,9-916,121))
FStar.ModifiesGen.fst(924,2-924,55): (Warning 252) (Hint-replay failed): could not prove post-condition (see also FStar.ModifiesGen.fst(923,2-923,45))
FStar.ModifiesGen.fst(940,2-940,55): (Warning 252) (Hint-replay failed): could not prove post-condition (see also FStar.ModifiesGen.fst(939,2-939,66))
FStar.ModifiesGen.fst(954,2-954,20): (Warning 252) (Hint-replay failed): assertion failed (see also FStar.ModifiesGen.fsti(223,35-223,53))
FStar.ModifiesGen.fst(969,14-969,16): (Warning 252) (Hint-replay failed): could not prove post-condition (see also FStar.ModifiesGen.fsti(470,13-470,34))
FStar.ModifiesGen.fst(980,2-980,17): (Warning 252) (Hint-replay failed): assertion failed (see also FStar.ModifiesGen.fst(838,13-838,29))
FStar.ModifiesGen.fst(997,69-997,71): (Warning 252) (Hint-replay failed): could not prove post-condition (see also FStar.ModifiesGen.fsti(106,16-106,35))
FStar.ModifiesGen.fst(1019,4-1019,6): (Warning 252) (Hint-replay failed): could not prove post-condition (see also FStar.ModifiesGen.fst(652,14-652,30))
FStar.ModifiesGen.fst(1043,2-1043,35): (Warning 252) (Hint-replay failed): assertion failed (see also FStar.ModifiesGen.fst(1013,4-1013,58))
FStar.ModifiesGen.fst(1051,68-1051,70): (Warning 252) (Hint-replay failed): could not prove post-condition (see also FStar.ModifiesGen.fsti(106,16-106,35))
FStar.ModifiesGen.fst(1058,68-1058,70): (Warning 252) (Hint-replay failed): could not prove post-condition (see also FStar.ModifiesGen.fsti(106,16-106,35))
FStar.ModifiesGen.fst(1066,80-1066,82): (Warning 252) (Hint-replay failed): could not prove post-condition (see also FStar.ModifiesGen.fsti(106,16-106,35))
FStar.ModifiesGen.fst(1073,69-1073,71): (Warning 252) (Hint-replay failed): could not prove post-condition (see also FStar.ModifiesGen.fsti(106,16-106,35))
FStar.ModifiesGen.fst(1085,50-1085,52): (Warning 252) (Hint-replay failed): could not prove post-condition (see also FStar.ModifiesGen.fsti(823,11-823,67))
FStar.ModifiesGen.fst(1087,48-1087,50): (Warning 252) (Hint-replay failed): could not prove post-condition (see also FStar.ModifiesGen.fsti(830,11-830,41))
FStar.ModifiesGen.fst(1089,47-1089,49): (Warning 252) (Hint-replay failed): could not prove post-condition (see also FStar.ModifiesGen.fsti(845,11-847,3))
FStar.ModifiesGen.fst(1104,9-1104,85): (Warning 252) (Hint-replay failed): assertion failed
FStar.ModifiesGen.fst(1123,9-1123,43): (Warning 252) (Hint-replay failed): assertion failed (see also FStar.ModifiesGen.fst(1100,16-1100,95))
FStar.ModifiesGen.fst(1153,9-1153,40): (Warning 252) (Hint-replay failed): Subtyping check failed; expected type y: FStar.Set.set Prims.nat {FStar.Set.subset (non_live_addrs' r') y}; got type FStar.Set.set Prims.nat (see also FStar.ModifiesGen.fst(1151,82-1151,115))
FStar.ModifiesGen.fst(1196,2-1196,8): (Warning 252) (Hint-replay failed): assertion failed (see also FStar.ModifiesGen.fst(1196,9-1196,120))
FStar.ModifiesGen.fst(1207,2-1207,104): (Warning 252) (Hint-replay failed): could not prove post-condition (see also FStar.ModifiesGen.fst(1206,11-1206,58))
FStar.ModifiesGen.fst(1231,2-1231,104): (Warning 252) (Hint-replay failed): could not prove post-condition (see also FStar.ModifiesGen.fst(1230,11-1230,83))
FStar.ModifiesGen.fst(1241,2-1241,36): (Warning 252) (Hint-replay failed): assertion failed (see also FStar.ModifiesGen.fst(1100,16-1100,95))
FStar.ModifiesGen.fst(1263,12-1263,33): (Warning 252) (Hint-replay failed): assertion failed (see also FStar.ModifiesGen.fst(1142,13-1142,53))
FStar.ModifiesGen.fst(1290,4-1290,10): (Warning 252) (Hint-replay failed): assertion failed (see also FStar.ModifiesGen.fst(1290,11-1290,53))
FStar.ModifiesGen.fst(1500,2-1500,4): (Warning 252) (Hint-replay failed): could not prove post-condition (see also FStar.ModifiesGen.fst(1498,2-1498,73))
FStar.ModifiesGen.fst(1538,2-1538,8): (Warning 252) (Hint-replay failed): assertion failed (see also FStar.ModifiesGen.fst(1538,9-1538,39))
FStar.ModifiesGen.fst(1596,2-1596,8): (Warning 252) (Hint-replay failed): assertion failed (see also FStar.ModifiesGen.fst(1598,4-1598,37))
FStar.ModifiesGen.fst(1634,2-1634,8): (Warning 252) (Hint-replay failed): assertion failed (see also FStar.ModifiesGen.fst(1637,4-1637,53))
FStar.ModifiesGen.fst(1660,2-1668,39): (Warning 252) (Hint-replay failed): could not prove post-condition (see also FStar.ModifiesGen.fst(1659,11-1659,42))
FStar.ModifiesGen.fst(1705,4-1705,10): (Warning 252) (Hint-replay failed): assertion failed (see also FStar.ModifiesGen.fst(1705,11-1705,74))
FStar.ModifiesGen.fst(1725,4-1725,10): (Warning 252) (Hint-replay failed): assertion failed (see also FStar.ModifiesGen.fst(1725,11-1736,7))
FStar.ModifiesGen.fst(1824,2-1830,167): (Warning 252) (Hint-replay failed): could not prove post-condition (see also FStar.ModifiesGen.fsti(961,2-961,78))
FStar.ModifiesGen.fst(1841,2-1841,8): (Warning 252) (Hint-replay failed): assertion failed (see also FStar.ModifiesGen.fst(1841,21-1841,70))
FStar.ModifiesGen.fst(1850,2-1850,8): (Warning 252) (Hint-replay failed): assertion failed (see also FStar.ModifiesGen.fst(1850,21-1850,68))
10.50user 43.32system 12:18.98elapsed 7%CPU (0avgtext+0avgdata 1315880192maxresident)k
0inputs+0outputs (5391166major+0minor)pagefaults 0swaps
C:/build/agent2/_work/2/s/ulib/prims.fst(0,0-0,0): (Warning 241) Stale cache file cache\Model\prims.fst.checked; will recheck C:/build/agent2/_work/2/s/ulib/prims.fst and all subsequent files
C:/build/agent2/_work/2/s/ulib/FStar.Pervasives.Native.fst(0,0-0,0): (Warning 241) Stale cache file cache\Model\FStar.Pervasives.Native.fst.checked; will recheck C:/build/agent2/_work/2/s/ulib/FStar.Pervasives.Native.fst and all subsequent files
C:/build/agent2/_work/2/s/ulib/FStar.Pervasives.fst(0,0-0,0): (Warning 241) Stale cache file cache\Model\FStar.Pervasives.fst.checked; will recheck C:/build/agent2/_work/2/s/ulib/FStar.Pervasives.fst and all subsequent files
C:\build\agent2\_work\2\s\hacl-star\secure_api\aead\Crypto.AEAD.BufferUtils.fst(53,18-53,21): (Error 72) Identifier not found: [tip]
1 error was reported (see above)
make: *** [Makefile.old:204: aead/Crypto.AEAD.Encrypt.fst-ver] Error 1
C:/build/agent2/_work/2/s/ulib/FStar.StrongExcludedMiddle.fst(0,0-0,0): (Warning 241) Stale cache file cache\Model\FStar.StrongExcludedMiddle.fst.checked; will recheck C:/build/agent2/_work/2/s/ulib/FStar.StrongExcludedMiddle.fst and all subsequent files
C:/build/agent2/_work/2/s/ulib/FStar.Preorder.fst(0,0-0,0): (Warning 241) Stale cache file cache\Model\FStar.Preorder.fst.checked; will recheck C:/build/agent2/_work/2/s/ulib/FStar.Preorder.fst and all subsequent files
C:/build/agent2/_work/2/s/ulib/FStar.Squash.fsti(0,0-0,0): (Warning 241) Stale cache file cache\Model\FStar.Squash.fsti.checked; will recheck C:/build/agent2/_work/2/s/ulib/FStar.Squash.fsti and all subsequent files
C:/build/agent2/_work/2/s/ulib/FStar.Classical.fsti(0,0-0,0): (Warning 241) Stale cache file cache\Model\FStar.Classical.fsti.checked; will recheck C:/build/agent2/_work/2/s/ulib/FStar.Classical.fsti and all subsequent files
C:/build/agent2/_work/2/s/ulib/FStar.FunctionalExtensionality.fst(0,0-0,0): (Warning 241) Stale cache file cache\Model\FStar.FunctionalExtensionality.fst.checked; will recheck C:/build/agent2/_work/2/s/ulib/FStar.FunctionalExtensionality.fst and all subsequent files
C:/build/agent2/_work/2/s/ulib/FStar.PropositionalExtensionality.fst(0,0-0,0): (Warning 241) Stale cache file cache\Model\FStar.PropositionalExtensionality.fst.checked; will recheck C:/build/agent2/_work/2/s/ulib/FStar.PropositionalExtensionality.fst and all subsequent files
C:/build/agent2/_work/2/s/ulib/FStar.Mul.fst(0,0-0,0): (Warning 241) Stale cache file cache\Model\FStar.Mul.fst.checked; will recheck C:/build/agent2/_work/2/s/ulib/FStar.Mul.fst and all subsequent files
C:/build/agent2/_work/2/s/ulib/FStar.Exn.fst(0,0-0,0): (Warning 241) Stale cache file cache\Model\FStar.Exn.fst.checked; will recheck C:/build/agent2/_work/2/s/ulib/FStar.Exn.fst and all subsequent files
C:/build/agent2/_work/2/s/ulib/FStar.Ghost.fsti(0,0-0,0): (Warning 241) Stale cache file cache\Model\FStar.Ghost.fsti.checked; will recheck C:/build/agent2/_work/2/s/ulib/FStar.Ghost.fsti and all subsequent files
C:/build/agent2/_work/2/s/ulib/FStar.Monotonic.Witnessed.fsti(0,0-0,0): (Warning 241) Stale cache file cache\Model\FStar.Monotonic.Witnessed.fsti.checked; will recheck C:/build/agent2/_work/2/s/ulib/FStar.Monotonic.Witnessed.fsti and all subsequent files
C:/build/agent2/_work/2/s/ulib/FStar.Float.fsti(0,0-0,0): (Warning 241) Stale cache file cache\Model\FStar.Float.fsti.checked; will recheck C:/build/agent2/_work/2/s/ulib/FStar.Float.fsti and all subsequent files
C:/build/agent2/_work/2/s/ulib/FStar.Date.fsti(0,0-0,0): (Warning 241) Stale cache file cache\Model\FStar.Date.fsti.checked; will recheck C:/build/agent2/_work/2/s/ulib/FStar.Date.fsti and all subsequent files
C:/build/agent2/_work/2/s/ulib/FStar.DependentMap.fst(0,0-0,0): (Warning 241) Stale cache file cache\Model\FStar.DependentMap.fst.checked; will recheck C:/build/agent2/_work/2/s/ulib/FStar.DependentMap.fst and all subsequent files
C:/build/agent2/_work/2/s/ulib/FStar.Int.fst(0,0-0,0): (Warning 241) Stale cache file cache\Model\FStar.Int.fst.checked; will recheck C:/build/agent2/_work/2/s/ulib/FStar.Int.fst and all subsequent files
C:/build/agent2/_work/2/s/ulib/FStar.PredicateExtensionality.fst(0,0-0,0): (Warning 241) Stale cache file cache\Model\FStar.PredicateExtensionality.fst.checked; will recheck C:/build/agent2/_work/2/s/ulib/FStar.PredicateExtensionality.fst and all subsequent files
C:/build/agent2/_work/2/s/ulib/FStar.Set.fst(0,0-0,0): (Warning 241) Stale cache file cache\Model\FStar.Set.fst.checked; will recheck C:/build/agent2/_work/2/s/ulib/FStar.Set.fst and all subsequent files
C:/build/agent2/_work/2/s/ulib/FStar.Math.Lib.fst(0,0-0,0): (Warning 241) Stale cache file cache\Model\FStar.Math.Lib.fst.checked; will recheck C:/build/agent2/_work/2/s/ulib/FStar.Math.Lib.fst and all subsequent files
C:/build/agent2/_work/2/s/ulib/FStar.TSet.fst(0,0-0,0): (Warning 241) Stale cache file cache\Model\FStar.TSet.fst.checked; will recheck C:/build/agent2/_work/2/s/ulib/FStar.TSet.fst and all subsequent files
C:/build/agent2/_work/2/s/ulib/FStar.Map.fst(0,0-0,0): (Warning 241) Stale cache file cache\Model\FStar.Map.fst.checked; will recheck C:/build/agent2/_work/2/s/ulib/FStar.Map.fst and all subsequent files
C:/build/agent2/_work/2/s/ulib/FStar.List.Tot.Base.fst(0,0-0,0): (Warning 241) Stale cache file cache\Model\FStar.List.Tot.Base.fst.checked; will recheck C:/build/agent2/_work/2/s/ulib/FStar.List.Tot.Base.fst and all subsequent files
C:/build/agent2/_work/2/s/ulib/FStar.Monotonic.Heap.fsti(0,0-0,0): (Warning 241) Stale cache file cache\Model\FStar.Monotonic.Heap.fsti.checked; will recheck C:/build/agent2/_work/2/s/ulib/FStar.Monotonic.Heap.fsti and all subsequent files
C:/build/agent2/_work/2/s/ulib/FStar.Math.Lemmas.fst(0,0-0,0): (Warning 241) Stale cache file cache\Model\FStar.Math.Lemmas.fst.checked; will recheck C:/build/agent2/_work/2/s/ulib/FStar.Math.Lemmas.fst and all subsequent files
C:/build/agent2/_work/2/s/ulib/FStar.Heap.fst(0,0-0,0): (Warning 241) Stale cache file cache\Model\FStar.Heap.fst.checked; will recheck C:/build/agent2/_work/2/s/ulib/FStar.Heap.fst and all subsequent files
C:/build/agent2/_work/2/s/ulib/FStar.List.Tot.Properties.fst(0,0-0,0): (Warning 241) Stale cache file cache\Model\FStar.List.Tot.Properties.fst.checked; will recheck C:/build/agent2/_work/2/s/ulib/FStar.List.Tot.Properties.fst and all subsequent files
C:/build/agent2/_work/2/s/ulib/FStar.ST.fst(0,0-0,0): (Warning 241) Stale cache file cache\Model\FStar.ST.fst.checked; will recheck C:/build/agent2/_work/2/s/ulib/FStar.ST.fst and all subsequent files
C:/build/agent2/_work/2/s/ulib/FStar.List.Tot.fst(0,0-0,0): (Warning 241) Stale cache file cache\Model\FStar.List.Tot.fst.checked; will recheck C:/build/agent2/_work/2/s/ulib/FStar.List.Tot.fst and all subsequent files
C:/build/agent2/_work/2/s/ulib/FStar.All.fst(0,0-0,0): (Warning 241) Stale cache file cache\Model\FStar.All.fst.checked; will recheck C:/build/agent2/_work/2/s/ulib/FStar.All.fst and all subsequent files
C:/build/agent2/_work/2/s/ulib/FStar.Dyn.fsti(0,0-0,0): (Warning 241) Stale cache file cache\Model\FStar.Dyn.fsti.checked; will recheck C:/build/agent2/_work/2/s/ulib/FStar.Dyn.fsti and all subsequent files

tools\Vale\src\emit_vale_text.fs(61,11): warning FS0025: Incomplete pattern matches on this expression. For example, the value 'EOp (Uop (UCall (_)), [_])' may indicate a case not covered by the pattern(s).
C:/build/agent2/_work/2/s/ulib/FStar.Monotonic.HyperHeap.fst(0,0-0,0): (Warning 241) Stale cache file cache\Model\FStar.Monotonic.HyperHeap.fst.checked; will recheck C:/build/agent2/_work/2/s/ulib/FStar.Monotonic.HyperHeap.fst and all subsequent files
C:/build/agent2/_work/2/s/ulib/FStar.List.fst(0,0-0,0): (Warning 241) Stale cache file cache\Model\FStar.List.fst.checked; will recheck C:/build/agent2/_work/2/s/ulib/FStar.List.fst and all subsequent files

tools\Vale\src\emit_dafny_text.fs(60,11): warning FS0025: Incomplete pattern matches on this expression. For example, the value 'EOp (Uop (UCall (_)), [_])' may indicate a case not covered by the pattern(s).

tools\Vale\src\emit_dafny_direct.fs(229,11): warning FS0025: Incomplete pattern matches on this expression. For example, the value 'EOp (Uop (UCall (_)), [_])' may indicate a case not covered by the pattern(s).
Ex01a.fst(70,0-70,48): (Warning 272) Top-level let-bindings must be total; this term may have effects
Ex01a.fst(70,0-70,48): (Warning 272) Top-level let-bindings must be total; this term may have effects
C:/build/agent2/_work/2/s/ulib/FStar.Seq.Base.fst(0,0-0,0): (Warning 241) Stale cache file cache\Model\FStar.Seq.Base.fst.checked; will recheck C:/build/agent2/_work/2/s/ulib/FStar.Seq.Base.fst and all subsequent files

tools\Vale\src\emit_fstar_text.fs(85,11): warning FS0025: Incomplete pattern matches on this expression. For example, the value 'EOp (Uop (UCall (CallInline)), [_])' may indicate a case not covered by the pattern(s).
Hacl.Impl.SHA2_256.fst(464,104-464,107): (Error 72) Identifier not found: [tip]
1 error was reported (see above)
make: *** [../../Makefile.include:162: Hacl.Impl.SHA2_256.fst-verify] Error 1
Ex04g.fst(5,4-5,6): (Warning 240) Admitting Ex04g.tl without a definition
Ex04g.fst(4,4-4,6): (Warning 240) Admitting Ex04g.hd without a definition
Ex01a.fst(60,0-60,48): (Warning 272) Top-level let-bindings must be total; this term may have effects
Ex01a.fst(60,0-60,48): (Warning 272) Top-level let-bindings must be total; this term may have effects
Effects.Def.fst(165,2-165,22): (Warning 252) (Hint-replay failed): assertion failed (see also Effects.Def.fst(44,11-44,91))
C:/build/agent2/_work/2/s/ulib/FStar.Monotonic.HyperStack.fst(0,0-0,0): (Warning 241) Stale cache file cache\Model\FStar.Monotonic.HyperStack.fst.checked; will recheck C:/build/agent2/_work/2/s/ulib/FStar.Monotonic.HyperStack.fst and all subsequent files
Ex05a.fst(28,4-28,13): (Warning 240) Admitting Ex05a.rev_is_ok without a definition
C:/build/agent2/_work/2/s/ulib/FStar.HyperStack.fst(0,0-0,0): (Warning 241) Stale cache file cache\Model\FStar.HyperStack.fst.checked; will recheck C:/build/agent2/_work/2/s/ulib/FStar.HyperStack.fst and all subsequent files
Ex06a.fst(5,4-5,13): (Warning 240) Admitting Ex06a.partition without a definition
Ex06e.fst(18,4-18,8): (Warning 240) Admitting Ex06e.sort without a definition
C:/build/agent2/_work/2/s/ulib/FStar.HyperStack.ST.fst(0,0-0,0): (Warning 241) Stale cache file cache\Model\FStar.HyperStack.ST.fst.checked; will recheck C:/build/agent2/_work/2/s/ulib/FStar.HyperStack.ST.fst and all subsequent files
Encrypt_SymEnc.fst(30,0-30,27): (Warning 272) Top-level let-bindings must be total; this term may have effects
Encrypt_SymEnc.fst(30,0-30,27): (Warning 272) Top-level let-bindings must be total; this term may have effects
C:/build/agent2/_work/2/s/ulib/FStar.HyperStack.All.fst(0,0-0,0): (Warning 241) Stale cache file cache\Model\FStar.HyperStack.All.fst.checked; will recheck C:/build/agent2/_work/2/s/ulib/FStar.HyperStack.All.fst and all subsequent files
C:/build/agent2/_work/2/s/ulib/FStar.Monotonic.DependentMap.fsti(0,0-0,0): (Warning 241) Stale cache file cache\Model\FStar.Monotonic.DependentMap.fsti.checked; will recheck C:/build/agent2/_work/2/s/ulib/FStar.Monotonic.DependentMap.fsti and all subsequent files
NatHeap.fst(68,12-69,30): (Warning 252) (Hint-replay failed): Subtyping check failed; expected type NatHeap.heap; got type Prims.nat * (_: Prims.nat -> Prims.Tot (FStar.Pervasives.Native.option (a: Type0 & a))) (see also NatHeap.fst(12,42-12,72))
Ex07a.fst(228,4-228,14): (Warning 240) Admitting Ex07a.typed_step without a definition
C:/build/agent2/_work/2/s/ulib/FStar.Seq.Properties.fst(0,0-0,0): (Warning 241) Stale cache file cache\Model\FStar.Seq.Properties.fst.checked; will recheck C:/build/agent2/_work/2/s/ulib/FStar.Seq.Properties.fst and all subsequent files
C:/build/agent2/_work/2/s/ulib/FStar.Seq.fst(0,0-0,0): (Warning 241) Stale cache file cache\Model\FStar.Seq.fst.checked; will recheck C:/build/agent2/_work/2/s/ulib/FStar.Seq.fst and all subsequent files
MonotonicArray.fst(40,61-40,72): (Warning 252) (Hint-replay failed): Subtyping check failed; expected type FStar.Preorder.preorder (MonotonicArray.repr a n); got type FStar.Preorder.relation (MonotonicArray.repr a n) (see also C:\build\agent2\_work\2\s\ulib\FStar.Preorder.fst(12,40-12,56))
MonotonicArray.fst(40,61-40,72): (Warning 252) (Hint-replay failed): Subtyping check failed; expected type FStar.Preorder.preorder (MonotonicArray.repr a n); got type FStar.Preorder.relation (MonotonicArray.repr a n) (see also C:\build\agent2\_work\2\s\ulib\FStar.Preorder.fst(12,40-12,56))
array.pos\Test.fst(34,12-34,17): (Warning 252) (Hint-replay failed): assertion failed (see also FStar.Pointer.Base.fsti(2098,22-2098,30))
array.pos\Test.fst(45,39-45,46): (Warning 252) (Hint-replay failed): assertion failed (see also FStar.HyperStack.ST.fst(281,52-281,79))
Encrypt_SymEnc.fst(30,0-30,27): (Warning 272) Top-level let-bindings must be total; this term may have effects
StlcStrongDbParSubst.fst(203,27-203,29): (Warning 252) (Hint-replay failed): Subtyping check failed; expected type StlcStrongDbParSubst.typing g
(StlcStrongDbParSubst.sub_beta v y)
(Some?.v (StlcStrongDbParSubst.extend t_x g y)); got type StlcStrongDbParSubst.typing g v t_x (see also StlcStrongDbParSubst.fst(170,46-201,36))
StlcStrongDbParSubst.fst(203,27-203,29): (Warning 252) (Hint-replay failed): Subtyping check failed; expected type StlcStrongDbParSubst.typing g
(StlcStrongDbParSubst.sub_beta v y)
(Some?.v (StlcStrongDbParSubst.extend t_x g y)); got type StlcStrongDbParSubst.typing g v t_x (see also StlcStrongDbParSubst.fst(170,46-201,36))
C:/build/agent2/_work/2/s/kremlin/kremlib/Spec.Loops.fst(0,0-0,0): (Warning 241) Stale cache file cache\Model\Spec.Loops.fst.checked; will recheck C:/build/agent2/_work/2/s/kremlin/kremlib/Spec.Loops.fst and all subsequent files
Huffman.fst(182,53-182,54): (Warning 252) (Hint-replay failed): Subtyping check failed; expected type s:
Huffman.symbol
{%[ bs; if Leaf? t' && Cons? bs then 1 else 0 ] << %[ bs; if Leaf? t && Cons? bs then 1 else 0 ]}; got type Huffman.symbol (see also Huffman.fst(180,2-184,60))
C:/build/agent2/_work/2/s/ulib/FStar.BitVector.fst(0,0-0,0): (Warning 241) Stale cache file cache\Model\FStar.BitVector.fst.checked; will recheck C:/build/agent2/_work/2/s/ulib/FStar.BitVector.fst and all subsequent files
MRefHeap.fst(60,11-61,26): (Warning 252) (Hint-replay failed): Subtyping check failed; expected type MRefHeap.heap; got type Prims.nat * (_: Prims.nat -> Prims.Tot (FStar.Pervasives.Native.option MRefHeap.heap_cell)) (see also MRefHeap.fst(13,42-13,72))
C:/build/agent2/_work/2/s/ulib/FStar.Monotonic.Seq.fst(0,0-0,0): (Warning 241) Stale cache file cache\Model\FStar.Monotonic.Seq.fst.checked; will recheck C:/build/agent2/_work/2/s/ulib/FStar.Monotonic.Seq.fst and all subsequent files
bug185.fst(33,15-33,21): (Warning 252) (Hint-replay failed): assertion failed (see also bug185.fst(33,22-33,48))
hello.fst(5,0-5,37): (Warning 272) Top-level let-bindings must be total; this term may have effects
hello.fst(5,0-5,37): (Warning 272) Top-level let-bindings must be total; this term may have effects
StlcCbvDbParSubst.fst(197,19-197,25): (Warning 252) (Hint-replay failed): assertion failed (see also StlcCbvDbParSubst.fst(197,25-197,68))
TestMRef.fst(8,0-8,15): (Warning 272) Top-level let-bindings must be total; this term may have effects
TestMRef.fst(8,0-8,15): (Warning 272) Top-level let-bindings must be total; this term may have effects
TestMRef.fst(8,0-8,15): (Warning 272) Top-level let-bindings must be total; this term may have effects
TestMRef.fst(8,0-8,15): (Warning 272) Top-level let-bindings must be total; this term may have effects
MAC.fst(45,0-45,53): (Warning 272) Top-level let-bindings must be total; this term may have effects
MAC.fst(45,0-45,53): (Warning 272) Top-level let-bindings must be total; this term may have effects
Mac.fst(70,0-70,53): (Warning 272) Top-level let-bindings must be total; this term may have effects
Mac.fst(70,0-70,53): (Warning 272) Top-level let-bindings must be total; this term may have effects
Mac.fst(70,0-70,53): (Warning 272) Top-level let-bindings must be total; this term may have effects
Mac.fst(70,0-70,53): (Warning 272) Top-level let-bindings must be total; this term may have effects
Ex07d.fst(225,4-225,8): (Warning 240) Admitting Ex07d.eval without a definition
C:/build/agent2/_work/2/s/ulib/FStar.UInt.fst(0,0-0,0): (Warning 241) Stale cache file cache\Model\FStar.UInt.fst.checked; will recheck C:/build/agent2/_work/2/s/ulib/FStar.UInt.fst and all subsequent files
testseq.fst(12,0-14,15): (Warning 272) Top-level let-bindings must be total; this term may have effects
testseq.fst(12,0-14,15): (Warning 272) Top-level let-bindings must be total; this term may have effects
SepLogic.Heap.fst(59,26-62,30): (Warning 252) (Hint-replay failed): Patterns are incomplete
SepLogic.Heap.fst(78,38-81,62): (Warning 252) (Hint-replay failed): Patterns are incomplete
SepLogic.Heap.fst(196,12-196,18): (Warning 252) (Hint-replay failed): assertion failed (see also SepLogic.Heap.fst(196,19-196,77))
SepLogic.Heap.fst(303,4-303,6): (Warning 252) (Hint-replay failed): could not prove post-condition (see also SepLogic.Heap.fst(302,21-302,58))
C:/build/agent2/_work/2/s/ulib/FStar.UInt32.fst(0,0-0,0): (Warning 241) Stale cache file cache\Model\FStar.UInt32.fst.checked; will recheck C:/build/agent2/_work/2/s/ulib/FStar.UInt32.fst and all subsequent files
Ex10a.fst(24,0-24,22): (Warning 272) Top-level let-bindings must be total; this term may have effects
Ex10a.fst(24,0-24,22): (Warning 272) Top-level let-bindings must be total; this term may have effects
Ex10a.fst(24,0-24,22): (Warning 272) Top-level let-bindings must be total; this term may have effects
Ex10a.fst(24,0-24,22): (Warning 272) Top-level let-bindings must be total; this term may have effects
disjoint.pos\Test.fst(30,12-30,17): (Warning 252) (Hint-replay failed): assertion failed (see also FStar.Pointer.Base.fsti(2098,22-2098,30))
disjoint.pos\Test.fst(52,22-52,29): (Warning 252) (Hint-replay failed): assertion failed (see also FStar.HyperStack.ST.fst(281,52-281,79))
C:/build/agent2/_work/2/s/ulib/FStar.Char.fsti(0,0-0,0): (Warning 241) Stale cache file cache\Model\FStar.Char.fsti.checked; will recheck C:/build/agent2/_work/2/s/ulib/FStar.Char.fsti and all subsequent files
Ex10a.fst(26,0-26,22): (Warning 272) Top-level let-bindings must be total; this term may have effects
Ex10a.fst(26,0-26,22): (Warning 272) Top-level let-bindings must be total; this term may have effects
Ex10a.fst(26,0-26,22): (Warning 272) Top-level let-bindings must be total; this term may have effects
Ex10a.fst(26,0-26,22): (Warning 272) Top-level let-bindings must be total; this term may have effects
C:/build/agent2/_work/2/s/ulib/FStar.UInt16.fst(0,0-0,0): (Warning 241) Stale cache file cache\Model\FStar.UInt16.fst.checked; will recheck C:/build/agent2/_work/2/s/ulib/FStar.UInt16.fst and all subsequent files
C:/build/agent2/_work/2/s/ulib/FStar.UInt64.fst(0,0-0,0): (Warning 241) Stale cache file cache\Model\FStar.UInt64.fst.checked; will recheck C:/build/agent2/_work/2/s/ulib/FStar.UInt64.fst and all subsequent files
C:/build/agent2/_work/2/s/ulib/FStar.UInt8.fst(0,0-0,0): (Warning 241) Stale cache file cache\Model\FStar.UInt8.fst.checked; will recheck C:/build/agent2/_work/2/s/ulib/FStar.UInt8.fst and all subsequent files
MAC.fst(45,0-45,53): (Warning 272) Top-level let-bindings must be total; this term may have effects
C:/build/agent2/_work/2/s/ulib/FStar.Int32.fst(0,0-0,0): (Warning 241) Stale cache file cache\Model\FStar.Int32.fst.checked; will recheck C:/build/agent2/_work/2/s/ulib/FStar.Int32.fst and all subsequent files
Ex11a.fst(54,19-54,20): (Error 72) Identifier not found: [h]
1 error was reported (see above)
make[2]: *** [Makefile:40: verify-Ex11a.fst] Error 1
C:/build/agent2/_work/2/s/ulib/FStar.Int64.fst(0,0-0,0): (Warning 241) Stale cache file cache\Model\FStar.Int64.fst.checked; will recheck C:/build/agent2/_work/2/s/ulib/FStar.Int64.fst and all subsequent files
C:/build/agent2/_work/2/s/ulib/FStar.Int63.fst(0,0-0,0): (Warning 241) Stale cache file cache\Model\FStar.Int63.fst.checked; will recheck C:/build/agent2/_work/2/s/ulib/FStar.Int63.fst and all subsequent files
C:/build/agent2/_work/2/s/ulib/FStar.Int16.fst(0,0-0,0): (Warning 241) Stale cache file cache\Model\FStar.Int16.fst.checked; will recheck C:/build/agent2/_work/2/s/ulib/FStar.Int16.fst and all subsequent files
C:/build/agent2/_work/2/s/ulib/FStar.Int8.fst(0,0-0,0): (Warning 241) Stale cache file cache\Model\FStar.Int8.fst.checked; will recheck C:/build/agent2/_work/2/s/ulib/FStar.Int8.fst and all subsequent files
<dummy>(0,0-0,0): (Warning 252) (Hint-replay failed): could not prove post-condition
Slice.fst(95,4-95,26): (Warning 252) (Hint-replay failed): assertion failed (see also FStar.Buffer.fst(434,28-434,54))
Slice.fst(105,4-105,26): (Warning 252) (Hint-replay failed): assertion failed (see also FStar.Buffer.fst(434,28-434,54))
Ex11a.fst(56,19-56,20): (Error 72) Identifier not found: [h]
1 error was reported (see above)
make[2]: *** [Makefile:48: verify-Ex11a.fst] Error 1
C:/build/agent2/_work/2/s/mitls-fstar/src/lowparse/LowParse.Bytes.fst(0,0-0,0): (Warning 241) Stale cache file cache\Model\LowParse.Bytes.fst.checked; will recheck C:/build/agent2/_work/2/s/mitls-fstar/src/lowparse/LowParse.Bytes.fst and all subsequent files
C:/build/agent2/_work/2/s/ulib/FStar.UInt63.fst(0,0-0,0): (Warning 241) Stale cache file cache\Model\FStar.UInt63.fst.checked; will recheck C:/build/agent2/_work/2/s/ulib/FStar.UInt63.fst and all subsequent files
C:/build/agent2/_work/2/s/ulib/FStar.String.fsti(0,0-0,0): (Warning 241) Stale cache file cache\Model\FStar.String.fsti.checked; will recheck C:/build/agent2/_work/2/s/ulib/FStar.String.fsti and all subsequent files
Benton2004.RHL.fst(258,2-258,4): (Warning 252) (Hint-replay failed): could not prove post-condition (see also Benton2004.RHL.fst(254,2-257,3))
Benton2004.RHL.fst(459,4-459,19): (Warning 252) (Hint-replay failed): assertion failed (see also Benton2004.RHL.fst(443,4-443,84))
Benton2004.RHL.fst(500,63-500,152): (Warning 252) (Hint-replay failed): assertion failed
C:/build/agent2/_work/2/s/ulib/FStar.IO.fst(0,0-0,0): (Warning 241) Stale cache file cache\Model\FStar.IO.fst.checked; will recheck C:/build/agent2/_work/2/s/ulib/FStar.IO.fst and all subsequent files
InlineLet.fst(32,6-32,13): (Warning 252) (Hint-replay failed): Subtyping check failed; expected type _: a -> FStar.HyperStack.ST.St (a * Prims.int); got type x: a -> FStar.HyperStack.ST.STATE (a * Prims.int) (see also FStar.HyperStack.ST.fst(76,86-76,91))
Ex12.MAC.fst(41,0-41,41): (Warning 272) Top-level let-bindings must be total; this term may have effects
Ex12.MAC.fst(41,0-41,41): (Warning 272) Top-level let-bindings must be total; this term may have effects
Ex12a.ACLs.fst(59,0-59,48): (Warning 272) Top-level let-bindings must be total; this term may have effects
Ex12a1.Cap.fst(23,0-23,26): (Warning 272) Top-level let-bindings must be total; this term may have effects
Ex12a1.Cap.fst(23,0-23,26): (Warning 272) Top-level let-bindings must be total; this term may have effects
Ex12a1.Cap.fst(23,0-23,26): (Warning 272) Top-level let-bindings must be total; this term may have effects
Ex12a1.Cap.fst(23,0-23,26): (Warning 272) Top-level let-bindings must be total; this term may have effects
C:/build/agent2/_work/2/s/ulib/FStar.UInt128.fsti(0,0-0,0): (Warning 241) Stale cache file cache\Model\FStar.UInt128.fsti.checked; will recheck C:/build/agent2/_work/2/s/ulib/FStar.UInt128.fsti and all subsequent files
SL.Heap.fst(65,26-68,30): (Warning 252) (Hint-replay failed): Patterns are incomplete
SL.Heap.fst(85,38-88,62): (Warning 252) (Hint-replay failed): Patterns are incomplete
SL.Heap.fst(169,12-169,18): (Warning 252) (Hint-replay failed): assertion failed (see also SL.Heap.fst(169,19-169,77))
C:/build/agent2/_work/2/s/ulib/FStar.Int.Cast.fst(0,0-0,0): (Warning 241) Stale cache file cache\Model\FStar.Int.Cast.fst.checked; will recheck C:/build/agent2/_work/2/s/ulib/FStar.Int.Cast.fst and all subsequent files
C:/build/agent2/_work/2/s/ulib/FStar.Bytes.fsti(0,0-0,0): (Warning 241) Stale cache file cache\Model\FStar.Bytes.fsti.checked; will recheck C:/build/agent2/_work/2/s/ulib/FStar.Bytes.fsti and all subsequent files
point.pos\Test.fst(35,13-35,18): (Warning 252) (Hint-replay failed): assertion failed (see also FStar.Pointer.Base.fsti(2098,22-2098,30))
point.pos\Test.fst(29,36-29,37): (Warning 252) Subtyping check failed; expected type FStar.Pointer.Base.struct_field Test.point_struct; got type Prims.string (see also FStar.Pointer.Base.fsti(69,15-69,50))
point.pos\Test.fst(29,36-29,37): (Warning 252) Subtyping check failed; expected type FStar.Pointer.Base.struct_field Test.point_struct; got type Prims.string (see also FStar.Pointer.Base.fsti(69,15-69,50))
point.pos\Test.fst(55,13-55,18): (Warning 252) (Hint-replay failed): assertion failed (see also FStar.Pointer.Base.fsti(2098,22-2098,30))
point.pos\Test.fst(50,36-50,37): (Warning 252) Subtyping check failed; expected type FStar.Pointer.Base.struct_field Test.point_struct; got type Prims.string (see also FStar.Pointer.Base.fsti(69,15-69,50))
point.pos\Test.fst(50,36-50,37): (Warning 252) Subtyping check failed; expected type FStar.Pointer.Base.struct_field Test.point_struct; got type Prims.string (see also FStar.Pointer.Base.fsti(69,15-69,50))
Eta_expand.fst(22,0-26,35): (Warning 272) Top-level let-bindings must be total; this term may have effects
Eta_expand.fst(22,0-26,35): (Warning 272) Top-level let-bindings must be total; this term may have effects
File "out/Eta_expand.ml", line 19, characters 37-41:
Warning 20: this argument will not be used by the function.
File "out/Eta_expand.ml", line 19, characters 42-46:
Warning 20: this argument will not be used by the function.
C:/build/agent2/_work/2/s/ulib/FStar.Error.fst(0,0-0,0): (Warning 241) Stale cache file cache\Model\FStar.Error.fst.checked; will recheck C:/build/agent2/_work/2/s/ulib/FStar.Error.fst and all subsequent files
Unable to open hints file: C:\build\agent2\_work\2\s\kremlin\kremlib\Spec.Loops.fst.hints; ran without hints
C:/build/agent2/_work/2/s/mitls-fstar/src/lowparse/LowParse.Spec.Base.fst(0,0-0,0): (Warning 241) Stale cache file cache\Model\LowParse.Spec.Base.fst.checked; will recheck C:/build/agent2/_work/2/s/mitls-fstar/src/lowparse/LowParse.Spec.Base.fst and all subsequent files
MAC.fst(45,0-45,53): (Warning 272) Top-level let-bindings must be total; this term may have effects
RPC.fst(9,0-9,53): (Warning 272) Top-level let-bindings must be total; this term may have effects
RPC.fst(9,0-9,53): (Warning 272) Top-level let-bindings must be total; this term may have effects
RPC.fst(23,0-23,39): (Warning 272) Top-level let-bindings must be total; this term may have effects
RPC.fst(23,0-23,39): (Warning 272) Top-level let-bindings must be total; this term may have effects
RPC.fst(48,0-49,16): (Warning 272) Top-level let-bindings must be total; this term may have effects
RPC.fst(48,0-49,16): (Warning 272) Top-level let-bindings must be total; this term may have effects
RPC.fst(116,0-116,17): (Warning 272) Top-level let-bindings must be total; this term may have effects
RPC.fst(116,0-116,17): (Warning 272) Top-level let-bindings must be total; this term may have effects
Ex12b1.Format.fst(97,4-97,18): (Warning 240) Admitting Ex12b1.Format.resp_injective without a definition
Ex12b1.Format.fst(91,4-91,17): (Warning 240) Admitting Ex12b1.Format.req_injective without a definition
Ex12b1.Format.fst(85,4-85,21): (Warning 240) Admitting Ex12b1.Format.req_resp_distinct without a definition
LowParse.Spec.Combinators.fst(181,2-181,12): (Warning 252) (Hint-replay failed): assertion failed (see also LowParse.Spec.Base.fst(472,12-472,34))
LowParse.Spec.Combinators.fst(534,2-534,8): (Warning 252) (Hint-replay failed): assertion failed (see also LowParse.Spec.Combinators.fst(534,9-534,72))
LowParse.Spec.Combinators.fst(181,2-181,12): (Warning 252) (Hint-replay failed): assertion failed (see also LowParse.Spec.Base.fst(472,12-472,34))
C:/build/agent2/_work/2/s/ulib/FStar.Int.Cast.Full.fst(0,0-0,0): (Warning 241) Stale cache file cache\Model\FStar.Int.Cast.Full.fst.checked; will recheck C:/build/agent2/_work/2/s/ulib/FStar.Int.Cast.Full.fst and all subsequent files
Parsing.fst(294,36-294,39): (Error 72) Identifier not found: [tip]
1 error was reported (see above)
make[2]: *** [../Makefile.include:18: Parsing.uver] Error 1
Ex12.MAC.fst(60,0-63,4): (Warning 272) Top-level let-bindings must be total; this term may have effects
Ex12.MAC.fst(60,0-63,4): (Warning 272) Top-level let-bindings must be total; this term may have effects
Ex12.MAC.fst(199,0-199,33): (Warning 272) Top-level let-bindings must be total; this term may have effects
Ex12.MAC.fst(199,0-199,33): (Warning 272) Top-level let-bindings must be total; this term may have effects
Ex12.MAC.fst(221,12-221,14): (Warning 252) (Hint-replay failed): assertion failed (see also C:\build\agent2\_work\2\s\ulib\FStar.ST.fst(122,14-122,29))
Ex12.MAC.fst(60,0-63,4): (Warning 272) Top-level let-bindings must be total; this term may have effects
Ex12.MAC.fst(60,0-63,4): (Warning 272) Top-level let-bindings must be total; this term may have effects
Ex12.MAC.fst(199,0-199,33): (Warning 272) Top-level let-bindings must be total; this term may have effects
Ex12.MAC.fst(199,0-199,33): (Warning 272) Top-level let-bindings must be total; this term may have effects
C:/build/agent2/_work/2/s/mitls-fstar/src/lowparse/LowParse.Bytes32.fst(0,0-0,0): (Warning 241) Stale cache file cache\Model\LowParse.Bytes32.fst.checked; will recheck C:/build/agent2/_work/2/s/mitls-fstar/src/lowparse/LowParse.Bytes32.fst and all subsequent files
C:/build/agent2/_work/2/s/hacl-star/code/lib/FStar.Endianness.fst(0,0-0,0): (Warning 241) Stale cache file cache\Model\FStar.Endianness.fst.checked; will recheck C:/build/agent2/_work/2/s/hacl-star/code/lib/FStar.Endianness.fst and all subsequent files
AssumeRequires.fst(31,85-31,86): (Warning 252) (Hint-replay failed): Subtyping check failed; expected type _: FStar.Pervasives.Native.option 'a {Some? _}; got type FStar.Pervasives.Native.option 'a (see also FStar.Pervasives.Native.fst(6,4-6,8))
<dummy>(0,0-0,0): (Warning 252) (Hint-replay failed): could not prove post-condition
AssumeRequires.fst(31,85-31,86): (Warning 252) (Hint-replay failed): Subtyping check failed; expected type _: FStar.Pervasives.Native.option 'a {Some? _}; got type FStar.Pervasives.Native.option 'a (see also FStar.Pervasives.Native.fst(6,4-6,8))
C:/build/agent2/_work/2/s/ulib/FStar.Buffer.fst(0,0-0,0): (Warning 241) Stale cache file cache\Model\FStar.Buffer.fst.checked; will recheck C:/build/agent2/_work/2/s/ulib/FStar.Buffer.fst and all subsequent files
nested.pos\Test.fst(25,31-25,38): (Warning 252) (Hint-replay failed): assertion failed (see also FStar.HyperStack.ST.fst(281,52-281,79))
nested.pos\Test.fst(15,13-18,5): (Warning 252) Subtyping check failed; expected type l:
Prims.list (Prims.string * FStar.Pointer.Base.typ)
{Cons? l /\ FStar.List.Tot.Base.noRepeats (FStar.List.Tot.Base.map FStar.Pervasives.Native.fst l)}; got type Prims.list (Prims.string * FStar.Pointer.Base.typ) (see also FStar.Pointer.Base.fsti(55,2-55,41))
<dummy>(0,0-0,0): (Warning 252) (Hint-replay failed): could not prove post-condition
point-with-nesting.pos\Test.fst(73,2-73,20): (Warning 252) (Hint-replay failed): assertion failed (see also point-with-nesting.pos\Test.fst(42,22-42,36))
point-with-nesting.pos\Test.fst(93,24-93,29): (Warning 252) (Hint-replay failed): assertion failed (see also FStar.Pointer.Base.fsti(2098,22-2098,30))
Ex12.MAC.fst(60,0-63,4): (Warning 272) Top-level let-bindings must be total; this term may have effects
Ex12.MAC.fst(199,0-199,33): (Warning 272) Top-level let-bindings must be total; this term may have effects
Ex12.MAC.fst(60,0-63,4): (Warning 272) Top-level let-bindings must be total; this term may have effects
Ex12.MAC.fst(199,0-199,33): (Warning 272) Top-level let-bindings must be total; this term may have effects
Ex12a.ACLs.fst(59,0-59,48): (Warning 272) Top-level let-bindings must be total; this term may have effects
Ex12a1.Cap.fst(21,0-21,26): (Warning 272) Top-level let-bindings must be total; this term may have effects
Ex12a1.Cap.fst(21,0-21,26): (Warning 272) Top-level let-bindings must be total; this term may have effects
Ex12a1.Cap.fst(21,0-21,26): (Warning 272) Top-level let-bindings must be total; this term may have effects
Ex12a1.Cap.fst(21,0-21,26): (Warning 272) Top-level let-bindings must be total; this term may have effects
C:/build/agent2/_work/2/s/mitls-fstar/src/lowparse/LowParse.SLow.Base.fst(0,0-0,0): (Warning 241) Stale cache file cache\Model\LowParse.SLow.Base.fst.checked; will recheck C:/build/agent2/_work/2/s/mitls-fstar/src/lowparse/LowParse.SLow.Base.fst and all subsequent files
X64.Poly1305.Math_i.fst(153,53-153,59): (Warning 296) Tactics admitted goal <(n: Prims.int), (p: Prims.pos), (h: Prims.nat), (h2: Prims.nat), (h10: Prims.int), (c: Prims.int), (hh: Prims.int), (p: Prims.pure_post Prims.unit), (_:
Prims.squash (n * n > 0 /\ h2 >= 0 /\ 4 * (n * n) == p + 5 /\ h2 == h / (n * n) /\
h10 == h % (n * n) /\ c == h2 / 4 + (h2 / 4) * 4 /\ hh == h10 + c + (h2 % 4) * (n * n) /\
(forall (pure_result: Prims.unit). h % p == hh % p ==> p pure_result))), (return_val: Prims.pos), (_: Prims.squash (return_val == n * n)), (pure_result: Prims.unit), (_: Prims.squash (h = (n * n) * (h / (n * n)) + h % (n * n))), (pure_result: Prims.unit), (_: Prims.squash (h == (n * n) * h2 + h10)), (return_val: Prims.pos), (_: Prims.squash (return_val == n * n)), (pure_result: Prims.unit), (_:
Prims.squash ((n * n) * h2 + h10 =
(n * n) * (((n * n) * h2 + h10) / (n * n)) + ((n * n) * h2 + h10) % (n * n))), (any_result: (_: Prims.unit -> Prims.Tot Prims.unit)), (_:
Prims.squash (Calc.using (FStar.Math.Lemmas.lemma_div_mod ((n * n) * h2 + h10) (n * n)) ==
any_result)), (return_val: (_: Prims.unit -> Prims.Lemma Prims.unit)), (_: Prims.squash (return_val == Calc.using (FStar.Math.Lemmas.lemma_div_mod h (n * n)))), (_:
Prims.squash (Calc.using (FStar.Math.Lemmas.lemma_div_mod ((n * n) * h2 + h10) (n * n)) ==
Calc.using (FStar.Math.Lemmas.lemma_div_mod h (n * n)))), (any_result:
x:
Prims.int
{ (n * n) * h2 + h10 == (n * n) * h2 + h10 /\
(x == (n * n) * h2 + h10) /\ ((n * n) * h2 + h10 == (n * n) * h2 + h10) }), (_:
Prims.squash (((n * n) * h2 + h10 &= (n * n) * h2 + h10 &|
Calc.using (FStar.Math.Lemmas.lemma_div_mod ((n * n) * h2 + h10) (n * n))) ==
any_result)), (any_result: (_: Prims.unit -> Prims.Pure Prims.int)), (_:
Prims.squash (((n * n) * h2 + h10 &= (n * n) * h2 + h10 &|
Calc.using (FStar.Math.Lemmas.lemma_div_mod ((n * n) * h2 + h10) (n * n)) &=
(n * n) * ((h2 / 4) * 4 + h2 % 4) + h10) ==
any_result)), (return_val: (_: Prims.unit -> Prims.Lemma Prims.unit)), (_: Prims.squash (return_val == Calc.using Calc.z3)), (any_result:
x:
Prims.int
{ (n * n) * h2 + h10 == (n * n) * ((h2 / 4) * 4 + h2 % 4) + h10 /\
(x == (n * n) * ((h2 / 4) * 4 + h2 % 4) + h10) /\
((n * n) * h2 + h10 == (n * n) * ((h2 / 4) * 4 + h2 % 4) + h10) }), (_:
Prims.squash (((n * n) * h2 + h10 &= (n * n) * h2 + h10 &|
Calc.using (FStar.Math.Lemmas.lemma_div_mod ((n * n) * h2 + h10) (n * n)) &=
(n * n) * ((h2 / 4) * 4 + h2 % 4) + h10 &|
Calc.using Calc.z3) ==
any_result)), (any_result: (_: Prims.unit -> Prims.Pure Prims.int)), (_:
Prims.squash (((n * n) * h2 + h10 &= (n * n) * h2 + h10 &|
Calc.using (FStar.Math.Lemmas.lemma_div_mod ((n * n) * h2 + h10) (n * n)) &=
(n * n) * ((h2 / 4) * 4 + h2 % 4) + h10 &|
Calc.using Calc.z3 &=
h10 + (h2 % 4) * (n * n) + (h2 / 4) * (p + 5)) ==
any_result)) |- _ : Prims.squash ((n * n) * ((h2 / 4) * 4 + h2 % 4) + h10 ==
h10 + (h2 % 4) * (n * n) + (h2 / 4) * (p + 5))>

(see also Calc.fst(27,62-27,74))
Test.HyperStack.fst(9,40-9,43): (Error 72) Identifier not found: [tip]
1 error was reported (see above)
make[2]: *** [../Makefile.include:18: Test.HyperStack.uver] Error 1
MAC.fst(45,0-45,53): (Warning 272) Top-level let-bindings must be total; this term may have effects
CntProtocol.fst(12,0-12,53): (Warning 272) Top-level let-bindings must be total; this term may have effects
CntProtocol.fst(12,0-12,53): (Warning 272) Top-level let-bindings must be total; this term may have effects
CntProtocol.fst(27,0-27,26): (Warning 272) Top-level let-bindings must be total; this term may have effects
CntProtocol.fst(27,0-27,26): (Warning 272) Top-level let-bindings must be total; this term may have effects
CntProtocol.fst(30,0-30,54): (Warning 272) Top-level let-bindings must be total; this term may have effects
CntProtocol.fst(30,0-30,54): (Warning 272) Top-level let-bindings must be total; this term may have effects
CntProtocol.fst(33,0-33,54): (Warning 272) Top-level let-bindings must be total; this term may have effects
CntProtocol.fst(33,0-33,54): (Warning 272) Top-level let-bindings must be total; this term may have effects
CntProtocol.fst(97,0-97,39): (Warning 272) Top-level let-bindings must be total; this term may have effects
CntProtocol.fst(97,0-97,39): (Warning 272) Top-level let-bindings must be total; this term may have effects
CntProtocol.fst(124,0-124,18): (Warning 272) Top-level let-bindings must be total; this term may have effects
CntProtocol.fst(124,0-124,18): (Warning 272) Top-level let-bindings must be total; this term may have effects
CntProtocol.fst(168,0-184,5): (Warning 272) Top-level let-bindings must be total; this term may have effects
CntProtocol.fst(168,0-184,5): (Warning 272) Top-level let-bindings must be total; this term may have effects
Ex12f.TMAC.fst(26,4-26,10): (Warning 240) Admitting Ex12f.TMAC.verify without a definition
Ex12f.TMAC.fst(25,4-25,7): (Warning 240) Admitting Ex12f.TMAC.mac without a definition
Ex12f.TMAC.fst(24,4-24,10): (Warning 240) Admitting Ex12f.TMAC.keygen without a definition
Ex12g.TMAC2.fst(30,4-30,10): (Warning 240) Admitting Ex12g.TMAC2.verify without a definition
Ex12g.TMAC2.fst(29,4-29,7): (Warning 240) Admitting Ex12g.TMAC2.mac without a definition
make[2]: Target 'all' not remade because of errors.
make[1]: *** [Makefile:27: code/exercises.ver] Error 2
Parsing.fst(294,36-294,39): (Error 72) Identifier not found: [tip]
1 error was reported (see above)
make[2]: *** [../Makefile.include:18: IntegerParsing.uver] Error 1
Ex12.MAC.fst(60,0-63,4): (Warning 272) Top-level let-bindings must be total; this term may have effects
Ex12.MAC.fst(199,0-199,33): (Warning 272) Top-level let-bindings must be total; this term may have effects
Ex12.MAC.fst(60,0-63,4): (Warning 272) Top-level let-bindings must be total; this term may have effects
Ex12.MAC.fst(199,0-199,33): (Warning 272) Top-level let-bindings must be total; this term may have effects
Ex12a.ACLs.fst(59,0-59,48): (Warning 272) Top-level let-bindings must be total; this term may have effects
Ex12a2.Cap.fst(21,0-21,31): (Warning 272) Top-level let-bindings must be total; this term may have effects
Ex12a2.Cap.fst(21,0-21,31): (Warning 272) Top-level let-bindings must be total; this term may have effects
Ex12a2.Cap.fst(43,0-43,33): (Warning 272) Top-level let-bindings must be total; this term may have effects
Ex12a2.Cap.fst(43,0-43,33): (Warning 272) Top-level let-bindings must be total; this term may have effects
Ex12a2.Cap.fst(21,0-21,31): (Warning 272) Top-level let-bindings must be total; this term may have effects
Ex12a2.Cap.fst(21,0-21,31): (Warning 272) Top-level let-bindings must be total; this term may have effects
Ex12a2.Cap.fst(43,0-43,33): (Warning 272) Top-level let-bindings must be total; this term may have effects
Ex12a2.Cap.fst(43,0-43,33): (Warning 272) Top-level let-bindings must be total; this term may have effects
Protocol.fst(23,0-23,9): (Warning 239) Adding an implicit 'assume new' qualifier on byte
Protocol.fst(341,4-341,25): (Warning 252) (Hint-replay failed): could not prove post-condition (see also Protocol.fst(340,7-340,35))
WPExtensionality.fst(103,3-103,34): (Warning 252) assertion failed (see also prims.fst(215,68-215,80))
WPExtensionality.fst(103,3-103,34): (Warning 252) assertion failed (see also prims.fst(215,68-215,80))
WPExtensionality.fst(103,3-103,34): (Warning 252) assertion failed (see also prims.fst(215,68-215,80))
WPExtensionality.fst(103,3-103,34): (Warning 252) assertion failed (see also prims.fst(215,68-215,80))
X64.Vale.StateLemmas_i.fst(38,2-38,8): (Warning 252) (Hint-replay failed): assertion failed (see also X64.Vale.StateLemmas_i.fst(38,9-38,49))
C:/build/agent2/_work/2/s/kremlin/kremlib/C.Loops.fst(0,0-0,0): (Warning 241) Stale cache file cache\Model\C.Loops.fst.checked; will recheck C:/build/agent2/_work/2/s/kremlin/kremlib/C.Loops.fst and all subsequent files
<dummy>(0,0-0,0): (Warning 252) (Hint-replay failed): could not prove post-condition
Demo.fst(47,6-47,11): (Warning 252) (Hint-replay failed): assertion failed (see also Demo.fst(40,9-40,19))
Demo.fst(89,6-89,11): (Warning 252) (Hint-replay failed): assertion failed (see also Demo.fst(79,9-79,19))
Ex12b1.Format.fst(95,4-95,18): (Warning 240) Admitting Ex12b1.Format.resp_injective without a definition
Ex12b1.Format.fst(89,4-89,17): (Warning 240) Admitting Ex12b1.Format.req_injective without a definition
Ex12b1.Format.fst(83,4-83,21): (Warning 240) Admitting Ex12b1.Format.req_resp_distinct without a definition
NegativeTests.BST.fst(22,38-22,42): (Warning 252) Subtyping check failed; expected type right:
FStar.Pervasives.Native.option (NegativeTests.BST.tree 2)
{ 0 <= 1 /\ 1 <= 2 /\ None? right <==> (1 = 2) /\
None? (FStar.Pervasives.Native.None) <==> (1 = 0) }; got type FStar.Pervasives.Native.option (NegativeTests.BST.tree 2) (see also NegativeTests.BST.fst(12,37-12,48))
NegativeTests.BST.fst(22,38-22,42): (Warning 252) Subtyping check failed; expected type right:
FStar.Pervasives.Native.option (NegativeTests.BST.tree 2)
{ 0 <= 1 /\ 1 <= 2 /\ None? right <==> (1 = 2) /\
None? (FStar.Pervasives.Native.None) <==> (1 = 0) }; got type FStar.Pervasives.Native.option (NegativeTests.BST.tree 2) (see also NegativeTests.BST.fst(12,37-12,48))
NegativeTests.BST.fst(22,38-22,42): (Warning 252) Subtyping check failed; expected type right:
FStar.Pervasives.Native.option (NegativeTests.BST.tree 2)
{ 0 <= 1 /\ 1 <= 2 /\ None? right <==> (1 = 2) /\
None? (FStar.Pervasives.Native.None) <==> (1 = 0) }; got type FStar.Pervasives.Native.option (NegativeTests.BST.tree 2) (see also NegativeTests.BST.fst(12,37-12,48))
NegativeTests.BST.fst(22,38-22,42): (Warning 252) Subtyping check failed; expected type right:
FStar.Pervasives.Native.option (NegativeTests.BST.tree 2)
{ 0 <= 1 /\ 1 <= 2 /\ None? right <==> (1 = 2) /\
None? (FStar.Pervasives.Native.None) <==> (1 = 0) }; got type FStar.Pervasives.Native.option (NegativeTests.BST.tree 2) (see also NegativeTests.BST.fst(12,37-12,48))
NegativeTests.BST.fst(25,61-25,65): (Warning 252) Subtyping check failed; expected type right:
FStar.Pervasives.Native.option (NegativeTests.BST.tree (l + 1))
{ l <= l /\ l <= l + 1 /\ None? right <==> (l = l + 1) /\
None? (FStar.Pervasives.Native.Some t) <==> (l = l) }; got type FStar.Pervasives.Native.option (NegativeTests.BST.tree (l + 1)) (see also NegativeTests.BST.fst(12,36-12,58))
NegativeTests.BST.fst(25,61-25,65): (Warning 252) Subtyping check failed; expected type right:
FStar.Pervasives.Native.option (NegativeTests.BST.tree (l + 1))
{ l <= l /\ l <= l + 1 /\ None? right <==> (l = l + 1) /\
None? (FStar.Pervasives.Native.Some t) <==> (l = l) }; got type FStar.Pervasives.Native.option (NegativeTests.BST.tree (l + 1)) (see also NegativeTests.BST.fst(12,36-12,58))
NegativeTests.BST.fst(25,61-25,65): (Warning 252) Subtyping check failed; expected type right:
FStar.Pervasives.Native.option (NegativeTests.BST.tree (l + 1))
{ l <= l /\ l <= l + 1 /\ None? right <==> (l = l + 1) /\
None? (FStar.Pervasives.Native.Some t) <==> (l = l) }; got type FStar.Pervasives.Native.option (NegativeTests.BST.tree (l + 1)) (see also NegativeTests.BST.fst(12,36-12,58))
NegativeTests.BST.fst(25,61-25,65): (Warning 252) Subtyping check failed; expected type right:
FStar.Pervasives.Native.option (NegativeTests.BST.tree (l + 1))
{ l <= l /\ l <= l + 1 /\ None? right <==> (l = l + 1) /\
None? (FStar.Pervasives.Native.Some t) <==> (l = l) }; got type FStar.Pervasives.Native.option (NegativeTests.BST.tree (l + 1)) (see also NegativeTests.BST.fst(12,36-12,58))
NegativeTests.BST.fst(28,78-28,87): (Warning 252) Subtyping check failed; expected type right:
FStar.Pervasives.Native.option (NegativeTests.BST.tree (l + 1))
{ l <= l + 1 /\ l + 1 <= l + 1 /\ None? right <==> (l + 1 = l + 1) /\
None? (FStar.Pervasives.Native.Some t1) <==> (l + 1 = l) }; got type FStar.Pervasives.Native.option (NegativeTests.BST.tree (l + 1)) (see also NegativeTests.BST.fst(12,37-12,48))
NegativeTests.BST.fst(28,78-28,87): (Warning 252) Subtyping check failed; expected type right:
FStar.Pervasives.Native.option (NegativeTests.BST.tree (l + 1))
{ l <= l + 1 /\ l + 1 <= l + 1 /\ None? right <==> (l + 1 = l + 1) /\
None? (FStar.Pervasives.Native.Some t1) <==> (l + 1 = l) }; got type FStar.Pervasives.Native.option (NegativeTests.BST.tree (l + 1)) (see also NegativeTests.BST.fst(12,37-12,48))
NegativeTests.BST.fst(28,78-28,87): (Warning 252) Subtyping check failed; expected type right:
FStar.Pervasives.Native.option (NegativeTests.BST.tree (l + 1))
{ l <= l + 1 /\ l + 1 <= l + 1 /\ None? right <==> (l + 1 = l + 1) /\
None? (FStar.Pervasives.Native.Some t1) <==> (l + 1 = l) }; got type FStar.Pervasives.Native.option (NegativeTests.BST.tree (l + 1)) (see also NegativeTests.BST.fst(12,37-12,48))
NegativeTests.BST.fst(28,78-28,87): (Warning 252) Subtyping check failed; expected type right:
FStar.Pervasives.Native.option (NegativeTests.BST.tree (l + 1))
{ l <= l + 1 /\ l + 1 <= l + 1 /\ None? right <==> (l + 1 = l + 1) /\
None? (FStar.Pervasives.Native.Some t1) <==> (l + 1 = l) }; got type FStar.Pervasives.Native.option (NegativeTests.BST.tree (l + 1)) (see also NegativeTests.BST.fst(12,37-12,48))
<dummy>(0,0-0,0): (Warning 252) (Hint-replay failed): could not prove post-condition
union.pos\Test.fst(35,2-43,5): (Warning 252) could not prove post-condition (see also union.pos\Test.fst(32,4-32,17))
union.pos\Test.fst(35,2-43,5): (Warning 252) could not prove post-condition (see also union.pos\Test.fst(32,4-32,17))
NegativeTests.Heap.fst(11,14-11,20): (Warning 252) assertion failed (see also NegativeTests.Heap.fst(11,21-11,54))
NegativeTests.Heap.fst(11,14-11,20): (Warning 252) assertion failed (see also NegativeTests.Heap.fst(11,21-11,54))
NegativeTests.Heap.fst(11,14-11,20): (Warning 252) assertion failed (see also NegativeTests.Heap.fst(11,21-11,54))
NegativeTests.Heap.fst(11,14-11,20): (Warning 252) assertion failed (see also NegativeTests.Heap.fst(11,21-11,54))
NegativeTests.ShortCircuiting.fst(6,16-6,33): (Warning 252) Subtyping check failed; expected type b: Prims.bool{NegativeTests.ShortCircuiting.bad_p b}; got type Prims.bool (see also NegativeTests.ShortCircuiting.fst(4,31-4,38))
NegativeTests.ShortCircuiting.fst(6,16-6,33): (Warning 252) Subtyping check failed; expected type b: Prims.bool{NegativeTests.ShortCircuiting.bad_p b}; got type Prims.bool (see also NegativeTests.ShortCircuiting.fst(4,31-4,38))
NegativeTests.ShortCircuiting.fst(6,16-6,33): (Warning 252) Subtyping check failed; expected type b: Prims.bool{NegativeTests.ShortCircuiting.bad_p b}; got type Prims.bool (see also NegativeTests.ShortCircuiting.fst(4,31-4,38))
NegativeTests.ShortCircuiting.fst(6,16-6,33): (Warning 252) Subtyping check failed; expected type b: Prims.bool{NegativeTests.ShortCircuiting.bad_p b}; got type Prims.bool (see also NegativeTests.ShortCircuiting.fst(4,31-4,38))
prims.fst(243,30-243,42): (Warning 252) assertion failed (see also prims.fst(215,68-215,80))
prims.fst(243,30-243,42): (Warning 252) assertion failed (see also prims.fst(215,68-215,80))
prims.fst(243,30-243,42): (Warning 252) assertion failed (see also prims.fst(215,68-215,80))
prims.fst(243,30-243,42): (Warning 252) assertion failed (see also prims.fst(215,68-215,80))
LowParse.SLow.Base.fst(113,2-113,4): (Warning 252) (Hint-replay failed): could not prove post-condition (see also LowParse.SLow.Base.fst(112,2-112,56))
LowParse.SLow.Base.fst(113,2-113,4): (Warning 252) could not prove post-condition (see also LowParse.SLow.Base.fst(112,2-112,56))
LowParse.SLow.Base.fst(130,2-130,41): (Warning 252) (Hint-replay failed): could not prove post-condition (see also LowParse.SLow.Base.fst(127,4-127,38))
LowParse.SLow.Base.fst(130,2-130,41): (Warning 252) could not prove post-condition (see also LowParse.SLow.Base.fst(128,4-128,44))
LowParse.SLow.Base.fst(180,2-180,8): (Warning 252) (Hint-replay failed): assertion failed (see also LowParse.SLow.Base.fst(180,9-180,70))
LowParse.SLow.Base.fst(180,2-181,71): (Warning 252) could not prove post-condition (see also LowParse.SLow.Base.fst(175,4-175,26))
Parsing.fst(294,36-294,39): (Error 72) Identifier not found: [tip]
1 error was reported (see above)
make[2]: *** [../Makefile.include:18: KeyValue.uver] Error 1
NegativeTests.Bug260.fst(11,12-11,19): (Warning 252) Subtyping check failed; expected type NegativeTests.Bug260.validity (NegativeTests.Bug260.S (NegativeTests.Bug260.S t)); got type NegativeTests.Bug260.validity (NegativeTests.Bug260.S t) (see also NegativeTests.Bug260.fst(8,37-11,9))
NegativeTests.Bug260.fst(11,12-11,19): (Warning 252) Subtyping check failed; expected type NegativeTests.Bug260.validity (NegativeTests.Bug260.S (NegativeTests.Bug260.S t)); got type NegativeTests.Bug260.validity (NegativeTests.Bug260.S t) (see also NegativeTests.Bug260.fst(8,37-11,9))
NegativeTests.Bug260.fst(11,12-11,19): (Warning 252) Subtyping check failed; expected type NegativeTests.Bug260.validity (NegativeTests.Bug260.S (NegativeTests.Bug260.S t)); got type NegativeTests.Bug260.validity (NegativeTests.Bug260.S t) (see also NegativeTests.Bug260.fst(8,37-11,9))
NegativeTests.Bug260.fst(11,12-11,19): (Warning 252) Subtyping check failed; expected type NegativeTests.Bug260.validity (NegativeTests.Bug260.S (NegativeTests.Bug260.S t)); got type NegativeTests.Bug260.validity (NegativeTests.Bug260.S t) (see also NegativeTests.Bug260.fst(8,37-11,9))
NegativeTests.Neg.fst(5,8-5,10): (Warning 252) Subtyping check failed; expected type Prims.nat; got type Prims.int (see also prims.fst(408,17-408,23))
NegativeTests.Neg.fst(5,8-5,10): (Warning 252) Subtyping check failed; expected type Prims.nat; got type Prims.int (see also prims.fst(408,17-408,23))
NegativeTests.Neg.fst(5,8-5,10): (Warning 252) Subtyping check failed; expected type Prims.nat; got type Prims.int (see also prims.fst(408,17-408,23))
NegativeTests.Neg.fst(5,8-5,10): (Warning 252) Subtyping check failed; expected type Prims.nat; got type Prims.int (see also prims.fst(408,17-408,23))
NegativeTests.Neg.fst(8,8-8,10): (Warning 252) Subtyping check failed; expected type Prims.nat; got type Prims.int (see also prims.fst(408,17-408,23))
NegativeTests.Neg.fst(8,8-8,10): (Warning 252) Subtyping check failed; expected type Prims.nat; got type Prims.int (see also prims.fst(408,17-408,23))
NegativeTests.Neg.fst(8,8-8,10): (Warning 252) Subtyping check failed; expected type Prims.nat; got type Prims.int (see also prims.fst(408,17-408,23))
NegativeTests.Neg.fst(8,8-8,10): (Warning 252) Subtyping check failed; expected type Prims.nat; got type Prims.int (see also prims.fst(408,17-408,23))
NegativeTests.Neg.fst(11,23-11,29): (Warning 252) assertion failed (see also NegativeTests.Neg.fst(11,30-11,35))
NegativeTests.Neg.fst(11,23-11,29): (Warning 252) assertion failed (see also NegativeTests.Neg.fst(11,30-11,35))
NegativeTests.Neg.fst(11,23-11,29): (Warning 252) assertion failed (see also NegativeTests.Neg.fst(11,30-11,35))
NegativeTests.Neg.fst(11,23-11,29): (Warning 252) assertion failed (see also NegativeTests.Neg.fst(11,30-11,35))
NegativeTests.Neg.fst(14,28-15,15): (Warning 252) Patterns are incomplete
NegativeTests.Neg.fst(14,28-15,15): (Warning 252) Patterns are incomplete
NegativeTests.Neg.fst(14,28-15,15): (Warning 252) Patterns are incomplete
NegativeTests.Neg.fst(14,28-15,15): (Warning 252) Patterns are incomplete
NegativeTests.Neg.fst(22,32-22,42): (Warning 252) assertion failed (see also NegativeTests.Neg.fst(17,44-17,57))
NegativeTests.Neg.fst(22,32-22,42): (Warning 252) assertion failed (see also NegativeTests.Neg.fst(17,44-17,57))
NegativeTests.Neg.fst(22,32-22,42): (Warning 252) assertion failed (see also NegativeTests.Neg.fst(17,44-17,57))
NegativeTests.Neg.fst(22,32-22,42): (Warning 252) assertion failed (see also NegativeTests.Neg.fst(17,44-17,57))
NegativeTests.Neg.fst(26,33-26,34): (Warning 252) could not prove post-condition (see also NegativeTests.Neg.fst(24,83-24,88))
NegativeTests.Neg.fst(26,33-26,34): (Warning 252) could not prove post-condition (see also NegativeTests.Neg.fst(24,83-24,88))
NegativeTests.Neg.fst(26,33-26,34): (Warning 252) could not prove post-condition (see also NegativeTests.Neg.fst(24,83-24,88))
NegativeTests.Neg.fst(26,33-26,34): (Warning 252) could not prove post-condition (see also NegativeTests.Neg.fst(24,83-24,88))
NegativeTests.Neg.fst(30,30-30,31): (Warning 252) Subtyping check failed; expected type _: FStar.Pervasives.Native.option 'a {Some? _}; got type FStar.Pervasives.Native.option 'a (see also FStar.Pervasives.Native.fst(6,4-6,8))
NegativeTests.Neg.fst(30,30-30,31): (Warning 252) Subtyping check failed; expected type _: FStar.Pervasives.Native.option 'a {Some? _}; got type FStar.Pervasives.Native.option 'a (see also FStar.Pervasives.Native.fst(6,4-6,8))
NegativeTests.Neg.fst(30,30-30,31): (Warning 252) Subtyping check failed; expected type _: FStar.Pervasives.Native.option 'a {Some? _}; got type FStar.Pervasives.Native.option 'a (see also FStar.Pervasives.Native.fst(6,4-6,8))
NegativeTests.Neg.fst(30,30-30,31): (Warning 252) Subtyping check failed; expected type _: FStar.Pervasives.Native.option 'a {Some? _}; got type FStar.Pervasives.Native.option 'a (see also FStar.Pervasives.Native.fst(6,4-6,8))
NegativeTests.Neg.fst(34,45-34,47): (Warning 252) Subtyping check failed; expected type _: FStar.Pervasives.result Prims.int {V? _}; got type FStar.Pervasives.result Prims.int (see also FStar.Pervasives.fst(88,4-88,5))
NegativeTests.Neg.fst(34,45-34,47): (Warning 252) Subtyping check failed; expected type _: FStar.Pervasives.result Prims.int {V? _}; got type FStar.Pervasives.result Prims.int (see also FStar.Pervasives.fst(88,4-88,5))
NegativeTests.Neg.fst(34,45-34,47): (Warning 252) Subtyping check failed; expected type _: FStar.Pervasives.result Prims.int {V? _}; got type FStar.Pervasives.result Prims.int (see also FStar.Pervasives.fst(88,4-88,5))
NegativeTests.Neg.fst(34,45-34,47): (Warning 252) Subtyping check failed; expected type _: FStar.Pervasives.result Prims.int {V? _}; got type FStar.Pervasives.result Prims.int (see also FStar.Pervasives.fst(88,4-88,5))
NegativeTests.Neg.fst(39,25-39,26): (Warning 252) Subtyping check failed; expected type Prims.nat; got type Prims.int (see also prims.fst(408,17-408,23))
NegativeTests.Neg.fst(39,25-39,26): (Warning 252) Subtyping check failed; expected type Prims.nat; got type Prims.int (see also prims.fst(408,17-408,23))
NegativeTests.Neg.fst(39,25-39,26): (Warning 252) Subtyping check failed; expected type Prims.nat; got type Prims.int (see also prims.fst(408,17-408,23))
NegativeTests.Neg.fst(39,25-39,26): (Warning 252) Subtyping check failed; expected type Prims.nat; got type Prims.int (see also prims.fst(408,17-408,23))
EtM.MAC.fst(70,12-70,26): (Warning 252) (Hint-replay failed): assertion failed (see also C:\build\agent2\_work\2\s\ulib\FStar.Monotonic.Seq.fst(45,27-45,65))
EtM.MAC.fst(99,2-106,12): (Warning 252) (Hint-replay failed): could not prove post-condition (see also EtM.MAC.fst(95,5-95,24))
Embeddings.fst(34,36-34,45): (Warning 238) Plugin Embeddings.norm_step_tac will not run natively because Embedding not defined for type FStar.Pervasives.Native.norm_step.

NegativeTests.Termination.fst(6,26-6,27): (Warning 252) Subtyping check failed; expected type m: Prims.int{m << %[ m; l ]}; got type Prims.int (see also NegativeTests.Termination.fst(6,20-6,29))
NegativeTests.Termination.fst(6,26-6,27): (Warning 252) Subtyping check failed; expected type m: Prims.int{m << %[ m; l ]}; got type Prims.int (see also NegativeTests.Termination.fst(6,20-6,29))
NegativeTests.Termination.fst(6,26-6,27): (Warning 252) Subtyping check failed; expected type m: Prims.int{m << %[ m; l ]}; got type Prims.int (see also NegativeTests.Termination.fst(6,20-6,29))
NegativeTests.Termination.fst(6,26-6,27): (Warning 252) Subtyping check failed; expected type m: Prims.int{m << %[ m; l ]}; got type Prims.int (see also NegativeTests.Termination.fst(6,20-6,29))
NegativeTests.Termination.fst(13,26-13,35): (Warning 252) Subtyping check failed; expected type _: Prims.int{%[ n; _ ] << %[ n; count ]}; got type Prims.int (see also NegativeTests.Termination.fst(11,2-13,35))
NegativeTests.Termination.fst(13,26-13,35): (Warning 252) Subtyping check failed; expected type _: Prims.int{%[ n; _ ] << %[ n; count ]}; got type Prims.int (see also NegativeTests.Termination.fst(11,2-13,35))
NegativeTests.Termination.fst(13,26-13,35): (Warning 252) Subtyping check failed; expected type _: Prims.int{%[ n; _ ] << %[ n; count ]}; got type Prims.int (see also NegativeTests.Termination.fst(11,2-13,35))
NegativeTests.Termination.fst(13,26-13,35): (Warning 252) Subtyping check failed; expected type _: Prims.int{%[ n; _ ] << %[ n; count ]}; got type Prims.int (see also NegativeTests.Termination.fst(11,2-13,35))
NegativeTests.Termination.fst(20,43-20,44): (Warning 252) Subtyping check failed; expected type n: Prims.int{%[ m - 1; n ] << %[ m; n ]}; got type Prims.int (see also NegativeTests.Termination.fst(19,2-21,54))
NegativeTests.Termination.fst(20,43-20,44): (Warning 252) Subtyping check failed; expected type n: Prims.int{%[ m - 1; n ] << %[ m; n ]}; got type Prims.int (see also NegativeTests.Termination.fst(19,2-21,54))
NegativeTests.Termination.fst(20,43-20,44): (Warning 252) Subtyping check failed; expected type n: Prims.int{%[ m - 1; n ] << %[ m; n ]}; got type Prims.int (see also NegativeTests.Termination.fst(19,2-21,54))
NegativeTests.Termination.fst(20,43-20,44): (Warning 252) Subtyping check failed; expected type n: Prims.int{%[ m - 1; n ] << %[ m; n ]}; got type Prims.int (see also NegativeTests.Termination.fst(19,2-21,54))
NegativeTests.Termination.fst(27,28-27,29): (Warning 252) Subtyping check failed; expected type _: Prims.list 'a {_ << l}; got type Prims.list 'a (see also NegativeTests.Termination.fst(25,23-27,29))
NegativeTests.Termination.fst(27,28-27,29): (Warning 252) Subtyping check failed; expected type _: Prims.list 'a {_ << l}; got type Prims.list 'a (see also NegativeTests.Termination.fst(25,23-27,29))
NegativeTests.Termination.fst(27,28-27,29): (Warning 252) Subtyping check failed; expected type _: Prims.list 'a {_ << l}; got type Prims.list 'a (see also NegativeTests.Termination.fst(25,23-27,29))
NegativeTests.Termination.fst(27,28-27,29): (Warning 252) Subtyping check failed; expected type _: Prims.list 'a {_ << l}; got type Prims.list 'a (see also NegativeTests.Termination.fst(25,23-27,29))
NegativeTests.Termination.fst(40,15-40,29): (Warning 252) Subtyping check failed; expected type x: Prims.nat{x <= v} -> Prims.Tot Prims.nat; got type _: _: Prims.nat{_ << v} -> Prims.Tot Prims.nat (see also NegativeTests.Termination.fst(38,2-40,29))
NegativeTests.Termination.fst(40,15-40,29): (Warning 252) Subtyping check failed; expected type x: Prims.nat{x <= v} -> Prims.Tot Prims.nat; got type _: _: Prims.nat{_ << v} -> Prims.Tot Prims.nat (see also NegativeTests.Termination.fst(38,2-40,29))
NegativeTests.Termination.fst(40,15-40,29): (Warning 252) Subtyping check failed; expected type x: Prims.nat{x <= v} -> Prims.Tot Prims.nat; got type _: _: Prims.nat{_ << v} -> Prims.Tot Prims.nat (see also NegativeTests.Termination.fst(38,2-40,29))
NegativeTests.Termination.fst(40,15-40,29): (Warning 252) Subtyping check failed; expected type x: Prims.nat{x <= v} -> Prims.Tot Prims.nat; got type _: _: Prims.nat{_ << v} -> Prims.Tot Prims.nat (see also NegativeTests.Termination.fst(38,2-40,29))
NegativeTests.Termination.fst(52,19-52,29): (Warning 252) Subtyping check failed; expected type _: NegativeTests.Termination.snat{_ << n}; got type NegativeTests.Termination.snat (see also NegativeTests.Termination.fst(49,2-52,29))
NegativeTests.Termination.fst(52,19-52,29): (Warning 252) Subtyping check failed; expected type _: NegativeTests.Termination.snat{_ << n}; got type NegativeTests.Termination.snat (see also NegativeTests.Termination.fst(49,2-52,29))
NegativeTests.Termination.fst(52,19-52,29): (Warning 252) Subtyping check failed; expected type _: NegativeTests.Termination.snat{_ << n}; got type NegativeTests.Termination.snat (see also NegativeTests.Termination.fst(49,2-52,29))
NegativeTests.Termination.fst(52,19-52,29): (Warning 252) Subtyping check failed; expected type _: NegativeTests.Termination.snat{_ << n}; got type NegativeTests.Termination.snat (see also NegativeTests.Termination.fst(49,2-52,29))
NegativeTests.Termination.fst(60,34-60,35): (Warning 252) Subtyping check failed; expected type _:
NegativeTests.Termination.snat
{%[ NegativeTests.Termination.S (NegativeTests.Termination.S n'); _ ] << %[ n; m ]}; got type NegativeTests.Termination.snat (see also NegativeTests.Termination.fst(57,2-60,35))
NegativeTests.Termination.fst(60,34-60,35): (Warning 252) Subtyping check failed; expected type _:
NegativeTests.Termination.snat
{%[ NegativeTests.Termination.S (NegativeTests.Termination.S n'); _ ] << %[ n; m ]}; got type NegativeTests.Termination.snat (see also NegativeTests.Termination.fst(57,2-60,35))
NegativeTests.Termination.fst(60,34-60,35): (Warning 252) Subtyping check failed; expected type _:
NegativeTests.Termination.snat
{%[ NegativeTests.Termination.S (NegativeTests.Termination.S n'); _ ] << %[ n; m ]}; got type NegativeTests.Termination.snat (see also NegativeTests.Termination.fst(57,2-60,35))
NegativeTests.Termination.fst(60,34-60,35): (Warning 252) Subtyping check failed; expected type _:
NegativeTests.Termination.snat
{%[ NegativeTests.Termination.S (NegativeTests.Termination.S n'); _ ] << %[ n; m ]}; got type NegativeTests.Termination.snat (see also NegativeTests.Termination.fst(57,2-60,35))
NegativeTests.Termination.fst(65,2-67,14): (Warning 252) Patterns are incomplete
NegativeTests.Termination.fst(65,2-67,14): (Warning 252) Patterns are incomplete
NegativeTests.Termination.fst(65,2-67,14): (Warning 252) Patterns are incomplete
NegativeTests.Termination.fst(65,2-67,14): (Warning 252) Patterns are incomplete
NegativeTests.Termination.fst(74,29-74,31): (Warning 252) Subtyping check failed; expected type _: NegativeTests.Termination.snat{%[ NegativeTests.Termination.S n'; _ ] << %[ n; m ]}; got type NegativeTests.Termination.snat (see also NegativeTests.Termination.fst(72,2-74,31))
NegativeTests.Termination.fst(74,29-74,31): (Warning 252) Subtyping check failed; expected type _: NegativeTests.Termination.snat{%[ NegativeTests.Termination.S n'; _ ] << %[ n; m ]}; got type NegativeTests.Termination.snat (see also NegativeTests.Termination.fst(72,2-74,31))
NegativeTests.Termination.fst(74,29-74,31): (Warning 252) Subtyping check failed; expected type _: NegativeTests.Termination.snat{%[ NegativeTests.Termination.S n'; _ ] << %[ n; m ]}; got type NegativeTests.Termination.snat (see also NegativeTests.Termination.fst(72,2-74,31))
NegativeTests.Termination.fst(74,29-74,31): (Warning 252) Subtyping check failed; expected type _: NegativeTests.Termination.snat{%[ NegativeTests.Termination.S n'; _ ] << %[ n; m ]}; got type NegativeTests.Termination.snat (see also NegativeTests.Termination.fst(72,2-74,31))
NegativeTests.Termination.fst(81,20-81,26): (Warning 252) Subtyping check failed; expected type _: NegativeTests.Termination.snat{_ << n}; got type NegativeTests.Termination.snat (see also NegativeTests.Termination.fst(79,2-81,26))
NegativeTests.Termination.fst(81,20-81,26): (Warning 252) Subtyping check failed; expected type _: NegativeTests.Termination.snat{_ << n}; got type NegativeTests.Termination.snat (see also NegativeTests.Termination.fst(79,2-81,26))
NegativeTests.Termination.fst(81,20-81,26): (Warning 252) Subtyping check failed; expected type _: NegativeTests.Termination.snat{_ << n}; got type NegativeTests.Termination.snat (see also NegativeTests.Termination.fst(79,2-81,26))
NegativeTests.Termination.fst(81,20-81,26): (Warning 252) Subtyping check failed; expected type _: NegativeTests.Termination.snat{_ << n}; got type NegativeTests.Termination.snat (see also NegativeTests.Termination.fst(79,2-81,26))
Evens.fst(11,29-11,38): (Warning 238) Plugin Evens.nat2unary will not run natively because Embedding not defined for type Evens.unary_nat.

NegativeTests.False.fst(8,13-8,33): (Warning 252) assertion failed (see also prims.fst(209,69-209,78))
NegativeTests.False.fst(8,13-8,33): (Warning 252) assertion failed (see also prims.fst(209,69-209,78))
NegativeTests.False.fst(8,13-8,33): (Warning 252) assertion failed (see also prims.fst(209,69-209,78))
NegativeTests.False.fst(8,13-8,33): (Warning 252) assertion failed (see also prims.fst(209,69-209,78))
Parsing.fst(294,36-294,39): (Error 72) Identifier not found: [tip]
1 error was reported (see above)
make[2]: *** [../Makefile.include:18: Validator.uver] Error 1
Parsing.fst(294,36-294,39): (Error 72) Identifier not found: [tip]
1 error was reported (see above)
make[2]: *** [../Makefile.include:18: PureParser.uver] Error 1
NegativeTests.Set.fst(13,9-13,30): (Warning 252) assertion failed
NegativeTests.Set.fst(13,9-13,30): (Warning 252) assertion failed
NegativeTests.Set.fst(13,9-13,30): (Warning 252) assertion failed
NegativeTests.Set.fst(13,9-13,30): (Warning 252) assertion failed
NegativeTests.Set.fst(18,9-18,67): (Warning 252) assertion failed
NegativeTests.Set.fst(18,9-18,67): (Warning 252) assertion failed
NegativeTests.Set.fst(18,9-18,67): (Warning 252) assertion failed
NegativeTests.Set.fst(18,9-18,67): (Warning 252) assertion failed
NegativeTests.Set.fst(23,9-23,52): (Warning 252) assertion failed
NegativeTests.Set.fst(23,9-23,52): (Warning 252) assertion failed
NegativeTests.Set.fst(23,9-23,52): (Warning 252) assertion failed
NegativeTests.Set.fst(23,9-23,52): (Warning 252) assertion failed
LowParse.SLow.Combinators.fst(32,21-32,26): (Warning 252) (Hint-replay failed): Subtyping check failed; expected type j: Prims.nat{FStar.UInt32.v l <= j && j <= FStar.Seq.Base.length (FStar.Bytes.reveal input)}; got type FStar.UInt.uint_t FStar.UInt32.n (see also FStar.Bytes.fsti(146,56-146,65))
LowParse.SLow.Combinators.fst(55,21-55,26): (Warning 252) (Hint-replay failed): Subtyping check failed; expected type j: Prims.nat{FStar.UInt32.v l <= j && j <= FStar.Seq.Base.length (FStar.Bytes.reveal input)}; got type FStar.UInt.uint_t FStar.UInt32.n (see also FStar.Bytes.fsti(146,56-146,65))
LowParse.SLow.Combinators.fst(109,36-109,52): (Warning 252) (Hint-replay failed): Subtyping check failed; expected type LowParse.Spec.Base.consumed_length (FStar.Bytes.reveal xbytes); got type FStar.UInt.uint_t FStar.UInt32.n (see also LowParse.Spec.Base.fst(22,55-22,72))
LowParse.SLow.Combinators.fst(32,21-32,26): (Warning 252) (Hint-replay failed): Subtyping check failed; expected type j: Prims.nat{FStar.UInt32.v l <= j && j <= FStar.Seq.Base.length (FStar.Bytes.reveal input)}; got type FStar.UInt.uint_t FStar.UInt32.n (see also FStar.Bytes.fsti(146,56-146,65))
LowParse.SLow.Combinators.fst(55,21-55,26): (Warning 252) (Hint-replay failed): Subtyping check failed; expected type j: Prims.nat{FStar.UInt32.v l <= j && j <= FStar.Seq.Base.length (FStar.Bytes.reveal input)}; got type FStar.UInt.uint_t FStar.UInt32.n (see also FStar.Bytes.fsti(146,56-146,65))
LowParse.SLow.Combinators.fst(109,36-109,52): (Warning 252) (Hint-replay failed): Subtyping check failed; expected type LowParse.Spec.Base.consumed_length (FStar.Bytes.reveal xbytes); got type FStar.UInt.uint_t FStar.UInt32.n (see also LowParse.Spec.Base.fst(22,55-22,72))
Ex12.MAC.fst(60,0-63,4): (Warning 272) Top-level let-bindings must be total; this term may have effects
Ex12.MAC.fst(199,0-199,33): (Warning 272) Top-level let-bindings must be total; this term may have effects
Ex12.MAC.fst(60,0-63,4): (Warning 272) Top-level let-bindings must be total; this term may have effects
Ex12.MAC.fst(199,0-199,33): (Warning 272) Top-level let-bindings must be total; this term may have effects
Ex12b.RPC.fst(15,0-15,53): (Warning 272) Top-level let-bindings must be total; this term may have effects
Ex12b.RPC.fst(15,0-15,53): (Warning 272) Top-level let-bindings must be total; this term may have effects
Ex12b.RPC.fst(27,0-27,36): (Warning 272) Top-level let-bindings must be total; this term may have effects
Ex12b.RPC.fst(27,0-27,36): (Warning 272) Top-level let-bindings must be total; this term may have effects
Ex12b.RPC.fst(56,8-56,57): (Warning 272) Top-level let-bindings must be total; this term may have effects
Ex12b.RPC.fst(56,8-56,57): (Warning 272) Top-level let-bindings must be total; this term may have effects
Ex12b.RPC.fst(85,0-86,16): (Warning 272) Top-level let-bindings must be total; this term may have effects
Ex12b.RPC.fst(85,0-86,16): (Warning 272) Top-level let-bindings must be total; this term may have effects
Ex12b.RPC.fst(166,0-166,17): (Warning 272) Top-level let-bindings must be total; this term may have effects
Ex12b.RPC.fst(166,0-166,17): (Warning 272) Top-level let-bindings must be total; this term may have effects
Ex12b.RPC.fst(27,0-27,36): (Warning 272) Top-level let-bindings must be total; this term may have effects
Ex12b.RPC.fst(27,0-27,36): (Warning 272) Top-level let-bindings must be total; this term may have effects
Ex12b.RPC.fst(56,8-56,57): (Warning 272) Top-level let-bindings must be total; this term may have effects
Ex12b.RPC.fst(56,8-56,57): (Warning 272) Top-level let-bindings must be total; this term may have effects
Ex12b.RPC.fst(85,0-86,16): (Warning 272) Top-level let-bindings must be total; this term may have effects
Ex12b.RPC.fst(85,0-86,16): (Warning 272) Top-level let-bindings must be total; this term may have effects
Plugins.fst(33,35-33,44): (Warning 238) Plugin Plugins.norm_step_plugin will not run natively because Embedding not defined for type FStar.Pervasives.Native.norm_step.

Parsing.fst(294,36-294,39): (Error 72) Identifier not found: [tip]
1 error was reported (see above)
make[2]: *** [../Makefile.include:18: PureValidator.uver] Error 1
EtM.AE.fst(164,17-164,18): (Error 72) Identifier not found: [h]
1 error was reported (see above)
make[2]: *** [Makefile:63: verify_hh-EtM.AE.fst] Error 1
Parsing.fst(294,36-294,39): (Error 72) Identifier not found: [tip]
1 error was reported (see above)
make[2]: *** [../Makefile.include:18: ValidatedParser.uver] Error 1
EtM.CPA.fst(182,12-182,26): (Warning 252) (Hint-replay failed): assertion failed (see also C:\build\agent2\_work\2\s\ulib\FStar.Monotonic.Seq.fst(45,27-45,65))
<dummy>(0,0-0,0): (Warning 252) (Hint-replay failed): could not prove post-condition
<dummy>(0,0-0,0): (Warning 252) (Hint-replay failed): could not prove post-condition
Parsing.fst(294,36-294,39): (Error 72) Identifier not found: [tip]
1 error was reported (see above)
make[2]: *** [../Makefile.include:18: ValidatedAccess.uver] Error 1
<dummy>(0,0-0,0): (Warning 252) (Hint-replay failed): could not prove post-condition
<dummy>(0,0-0,0): (Warning 252) (Hint-replay failed): could not prove post-condition
<dummy>(0,0-0,0): (Warning 252) (Hint-replay failed): could not prove post-condition
FStar.Tactics.Effect.fst(87,47-87,53): (Warning 296) Tactics admitted goal <(_:
Prims.squash (CanonDeep.x * (CanonDeep.y * CanonDeep.z) == CanonDeep.x * (CanonDeep.y * CanonDeep.z)
)), (_:
Prims.squash ((CanonDeep.x * CanonDeep.y) * CanonDeep.z == (CanonDeep.x * CanonDeep.y) * CanonDeep.z
)) |- _ : Prims.squash (CanonDeep.x * (CanonDeep.y * CanonDeep.z) == (CanonDeep.x * CanonDeep.y) * CanonDeep.z
)>

(see also FStar.Tactics.Effect.fst(87,46-87,56))
CanonDeep.fst(190,12-190,28): (Warning 296) Tactics admitted goal <(_:
Prims.squash (CanonDeep.x * (CanonDeep.y * CanonDeep.z) == CanonDeep.x * (CanonDeep.y * CanonDeep.z)
)) |- _ : Prims.squash ((CanonDeep.x * CanonDeep.y) * CanonDeep.z == (CanonDeep.x * CanonDeep.y) * CanonDeep.z
)>

(see also CanonDeep.fst(190,45-190,56))
CanonDeep.fst(190,12-190,28): (Warning 296) Tactics admitted goal < |- _ : Prims.squash (CanonDeep.x * (CanonDeep.y * CanonDeep.z) == CanonDeep.x * (CanonDeep.y * CanonDeep.z)
)>

(see also CanonDeep.fst(190,30-190,41))
EtM.CPA.fst(100,20-100,21): (Error 72) Identifier not found: [h]
1 error was reported (see above)
make[2]: *** [Makefile:48: verify-EtM.CPA.fst] Error 1
Parsing.fst(294,36-294,39): (Error 72) Identifier not found: [tip]
1 error was reported (see above)
make[2]: *** [../Makefile.include:18: EnumParsing.uver] Error 1
Parsing.fst(294,36-294,39): (Error 72) Identifier not found: [tip]
1 error was reported (see above)
make[2]: *** [../Makefile.include:18: Serializer.uver] Error 1
Parsing.fst(294,36-294,39): (Error 72) Identifier not found: [tip]
1 error was reported (see above)
make[2]: *** [../Makefile.include:18: PureEncoder.uver] Error 1
MAC.fst(45,0-45,53): (Warning 272) Top-level let-bindings must be total; this term may have effects
RPC.fst(9,0-9,53): (Warning 272) Top-level let-bindings must be total; this term may have effects
RPC.fst(23,0-23,39): (Warning 272) Top-level let-bindings must be total; this term may have effects
RPC.fst(48,0-49,16): (Warning 272) Top-level let-bindings must be total; this term may have effects
RPC.fst(116,0-116,17): (Warning 272) Top-level let-bindings must be total; this term may have effects
MAC.fst(45,0-45,53): (Warning 272) Top-level let-bindings must be total; this term may have effects
CntProtocol.fst(12,0-12,53): (Warning 272) Top-level let-bindings must be total; this term may have effects
CntProtocol.fst(27,0-27,26): (Warning 272) Top-level let-bindings must be total; this term may have effects
CntProtocol.fst(30,0-30,54): (Warning 272) Top-level let-bindings must be total; this term may have effects
CntProtocol.fst(33,0-33,54): (Warning 272) Top-level let-bindings must be total; this term may have effects
CntProtocol.fst(97,0-97,39): (Warning 272) Top-level let-bindings must be total; this term may have effects
CntProtocol.fst(124,0-124,18): (Warning 272) Top-level let-bindings must be total; this term may have effects
CntProtocol.fst(168,0-184,5): (Warning 272) Top-level let-bindings must be total; this term may have effects
Parsing.fst(294,36-294,39): (Error 72) Identifier not found: [tip]
1 error was reported (see above)
make[2]: *** [../Makefile.include:18: VectorParsing.uver] Error 1
StringPrinter.Base.fst(647,21-647,22): (Error 72) Identifier not found: [HS.h]
Module HS resolved into FStar.HyperStack, definition h not found
1 error was reported (see above)
make[2]: *** [../Makefile.common:60: _cache/StringPrinter.Base.fst.checked] Error 1
Ex01a.fst(60,0-60,48): (Warning 272) Top-level let-bindings must be total; this term may have effects
Ex01a.fst(60,0-60,48): (Warning 272) Top-level let-bindings must be total; this term may have effects
make[2]: [Makefile:67: Ex01a-ocaml] Error 2 (ignored)
HyE.AE.fst(49,12-49,26): (Warning 252) (Hint-replay failed): assertion failed (see also C:\build\agent2\_work\2\s\ulib\FStar.Monotonic.Seq.fst(45,27-45,65))
HyE.AE.fst(93,2-105,10): (Warning 252) (Hint-replay failed): could not prove post-condition (see also HyE.AE.fst(85,4-85,23))
HyE.HCCA2.fst(39,19-39,25): (Warning 252) (Hint-replay failed): Subtyping check failed; expected type region:
HyE.HCCA2.rid{FStar.HyperStack.ST.witnessed (FStar.HyperStack.ST.region_contains_pred region)}; got type FStar.Monotonic.HyperHeap.rid (see also HyE.HCCA2.fst(21,22-21,75))
HyE.HCCA2.fst(45,12-45,18): (Warning 252) (Hint-replay failed): assertion failed (see also HyE.AE.fst(42,22-42,75))
EtM.CPA.fst(100,20-100,21): (Error 72) Identifier not found: [h]
1 error was reported (see above)
make[2]: *** [Makefile:48: verify-EtM.MAC.fst] Error 1
EtM.CPA.fst(100,20-100,21): (Error 72) Identifier not found: [h]
1 error was reported (see above)
make[2]: *** [Makefile:48: verify-EtM.AE.fst] Error 1
make[2]: Target 'all' not remade because of errors.
make[1]: *** [Makefile:27: code/solutions.ver] Error 2
make[1]: Target 'regressions' not remade because of errors.
make: *** [Makefile:181: tutorial] Error 2
<dummy>(0,0-0,0): (Warning 252) (Hint-replay failed): Could not prove goal #6 (see also SL.Examples.fst(18,14-18,33))
<dummy>(0,0-0,0): (Warning 252) (Hint-replay failed): Could not prove goal #5 (see also SL.Examples.fst(308,20-308,29))
<dummy>(0,0-0,0): (Warning 252) (Hint-replay failed): Could not prove goal #3 (see also SL.Examples.fst(18,14-18,33))
<dummy>(0,0-0,0): (Warning 252) (Hint-replay failed): Could not prove goal #12 (see also SL.Examples.fst(18,14-18,33))
<dummy>(0,0-0,0): (Warning 252) (Hint-replay failed): Could not prove goal #11 (see also SL.Examples.fst(308,20-308,29))
<dummy>(0,0-0,0): (Warning 252) (Hint-replay failed): Could not prove goal #10 (see also SL.Examples.fst(18,14-18,33))
<dummy>(0,0-0,0): (Warning 252) (Hint-replay failed): Could not prove goal #9 (see also SL.Examples.fst(18,14-18,33))
<dummy>(0,0-0,0): (Warning 252) (Hint-replay failed): Could not prove goal #8 (see also SL.Examples.fst(18,14-18,33))
<dummy>(0,0-0,0): (Warning 252) (Hint-replay failed): Could not prove goal #7 (see also SL.Examples.fst(308,20-308,29))
<dummy>(0,0-0,0): (Warning 252) (Hint-replay failed): Could not prove goal #6 (see also SL.Examples.fst(18,14-18,33))
<dummy>(0,0-0,0): (Warning 252) (Hint-replay failed): Could not prove goal #5 (see also SL.Examples.fst(18,14-18,33))
<dummy>(0,0-0,0): (Warning 252) (Hint-replay failed): Could not prove goal #4 (see also SL.Examples.fst(308,20-308,29))
<dummy>(0,0-0,0): (Warning 252) (Hint-replay failed): Could not prove goal #3 (see also SL.Examples.fst(18,14-18,33))
<dummy>(0,0-0,0): (Warning 252) (Hint-replay failed): Could not prove goal #1 (see also SL.Examples.fst(18,37-18,52))
bug1091.fst(17,50-17,66): (Warning 252) Subtyping check failed; expected type FStar.UInt.uint_t (*?u21*) _; got type n: Prims.nat{n < Prims.pow2 128} (see also FStar.UInt.fst(52,28-52,36))
bug1091.fst(23,91-23,92): (Warning 252) could not prove post-condition (see also bug1091.fst(23,21-23,86))
bug1091.fst(81,26-81,40): (Warning 252) Failed to verify implicit argument: (*?u26*) _ (Introduced at bug1091.fst(81,26-81,40) for Instantiating implicit argument in application resolved at bug1091.fst(80,0-81,77)) :: Subtyping check failed; expected type Prims.eqtype; got type Type (see also prims.fst(27,21-27,28))
bug1091.fst(81,51-81,65): (Warning 252) Failed to verify implicit argument: (*?u26*) _ (Introduced at bug1091.fst(81,51-81,65) for Instantiating implicit argument in application resolved at bug1091.fst(80,0-81,77)) :: Subtyping check failed; expected type Prims.eqtype; got type Type (see also prims.fst(27,21-27,28))
bug1091.fst(81,26-81,40): (Warning 252) Failed to verify implicit argument: (*?u26*) _ (Introduced at bug1091.fst(81,26-81,40) for flex-flex quasi:	lhs=Instantiating implicit argument in application	rhs=Instantiating implicit argument in application resolved at bug1091.fst(80,0-81,77)) :: Subtyping check failed; expected type Prims.eqtype; got type Type (see also prims.fst(27,21-27,28))
bug1091.fst(92,55-92,56): (Warning 252) Subtyping check failed; expected type n: Prims.int{%[ m - 1; n ] << %[ m; n ]}; got type Prims.int (see also bug1091.fst(91,2-93,78))
make[2]: Target 'all' not remade because of errors.
make[1]: *** [Makefile:39: micro-benchmarks.all] Error 2
Unable to open hints file: C:\build\agent2\_work\2\s\kremlin\kremlib\C.Loops.fst.hints; ran without hints
HyE.CCA2.fst(38,12-38,26): (Warning 252) (Hint-replay failed): assertion failed (see also C:\build\agent2\_work\2\s\ulib\FStar.Monotonic.Seq.fst(45,27-45,65))
HyE.CCA2.fst(46,2-46,14): (Warning 271) Pattern ((ite (= (BoundV 0) (BoxBool (true ))) (BoundV 3) (HyE.PlainPKE.repr (BoundV 4)))) contains illegal symbols; dropping it (see also C:\build\agent2\_work\2\s\ulib\FStar.Monotonic.Seq.fst(72,20-72,61))
make[2]: Target 'all' not remade because of errors.
make[1]: *** [Makefile:39: crypto.all] Error 2
SimpleTactic.Test.fst(5,2-5,18): (Warning 296) Tactics admitted goal <(_: Prims.unit) |- _ : Prims.squash (FStar.Pervasives.id 1000 = 1000)>

(see also FStar.Tactics.Effect.fst(87,46-87,56))
NatNeg.fst(6,14-6,60): (Warning 252) Subtyping check failed; expected type Prims.nat; got type Prims.int (see also prims.fst(408,17-408,23))
NatNeg.fst(6,14-6,60): (Warning 252) Subtyping check failed; expected type Prims.nat; got type Prims.int (see also prims.fst(408,17-408,23))
NatNeg.fst(6,14-6,60): (Warning 252) Subtyping check failed; expected type Prims.nat; got type Prims.int (see also prims.fst(408,17-408,23))
NatNeg.fst(6,14-6,60): (Warning 252) Subtyping check failed; expected type Prims.nat; got type Prims.int (see also prims.fst(408,17-408,23))
File "out_ExtractionBug2/ExtractionBug2.ml", line 13, characters 20-56:
Warning 8: this pattern-matching is not exhaustive.
Here is an example of a case that is not matched:
Nil
File "./Evens.ml", line 10, characters 20-54:
Warning 8: this pattern-matching is not exhaustive.
Here is an example of a case that is not matched:
U0
File "./Evens.ml", line 26, characters 22-67:
Warning 8: this pattern-matching is not exhaustive.
Here is an example of a case that is not matched:
Even0
File "./Evens.ml", line 30, characters 22-67:
Warning 8: this pattern-matching is not exhaustive.
Here is an example of a case that is not matched:
Even0
LemmaArgs.fst(16,20-16,21): (Warning 252) Subtyping check failed; expected type b: Prims.int{b <> 5}; got type Prims.int (see also LemmaArgs.fst(5,34-5,40))
LemmaArgs.fst(16,20-16,21): (Warning 252) Subtyping check failed; expected type b: Prims.int{b <> 5}; got type Prims.int (see also LemmaArgs.fst(5,34-5,40))
LemmaArgs.fst(16,20-16,21): (Warning 252) Subtyping check failed; expected type b: Prims.int{b <> 5}; got type Prims.int (see also LemmaArgs.fst(5,34-5,40))
LemmaArgs.fst(16,20-16,21): (Warning 252) Subtyping check failed; expected type b: Prims.int{b <> 5}; got type Prims.int (see also LemmaArgs.fst(5,34-5,40))
Admit.fst(6,12-6,22): (Warning 296) Tactics admitted goal <(x: Prims.int), (y: Prims.int) |- _ : Prims.squash (x + y == x + x)>

(see also Admit.fst(5,26-5,49))
Admit.fst(9,13-9,23): (Warning 296) Tactics admitted goal <(x: Prims.int), (y: Prims.int), (p: Prims.pure_post Prims.unit), (_: Prims.squash (forall (pure_result: Prims.unit). x + y == x + x ==> p pure_result)) |- _ : Prims.unit>

(see also Admit.fst(8,27-8,49))
Admit.fst(6,12-6,22): (Warning 296) Tactics admitted goal <(x: Prims.int), (y: Prims.int) |- _ : Prims.squash (x + y == x + x)>

(see also Admit.fst(5,26-5,49))
ProgramEquivalence.fst(105,4-108,38): (Warning 252) (Hint-replay failed): assertion failed (see also C:\build\agent2\_work\2\s\examples\dm4free\FStar.DM4F.Heap.ST.fst(20,93-20,101))
ProgramEquivalence.fst(105,4-108,38): (Warning 252) assertion failed (see also C:\build\agent2\_work\2\s\examples\dm4free\FStar.DM4F.Heap.ST.fst(20,93-20,101))
ProgramEquivalence.fst(105,4-108,38): (Warning 252) assertion failed (see also C:\build\agent2\_work\2\s\examples\dm4free\FStar.DM4F.Heap.ST.fst(20,93-20,101))
Trace.fst(46,10-46,24): (Warning 266) Not an embedded list: Trace.tick_last ["Trace"; "fall"]
Trace.fst(46,10-46,24): (Warning 266) Not an embedded list: Trace.tick_last ["Trace"; "fact_aux"]
Trace.fst(46,10-46,24): (Warning 266) Not an embedded list: Trace.tick_last ["Trace"; "fact"]
CanonCommMonoid.fst(308,25-308,39): (Warning 296) Tactics admitted goal <(a: Prims.int), (b: Prims.int), (c: Prims.int), (d: Prims.int) |- _ : Prims.squash (CM?.mult FStar.Algebra.CommMonoid.int_plus_cm
a
(CM?.mult FStar.Algebra.CommMonoid.int_plus_cm
b
(CM?.mult FStar.Algebra.CommMonoid.int_plus_cm
2
(CM?.mult FStar.Algebra.CommMonoid.int_plus_cm
d
(CM?.mult FStar.Algebra.CommMonoid.int_plus_cm c 1)))) ==
CM?.mult FStar.Algebra.CommMonoid.int_plus_cm
a
(CM?.mult FStar.Algebra.CommMonoid.int_plus_cm
b
(CM?.mult FStar.Algebra.CommMonoid.int_plus_cm
1
(CM?.mult FStar.Algebra.CommMonoid.int_plus_cm
c
(CM?.mult FStar.Algebra.CommMonoid.int_plus_cm d 2)))))>

(see also CanonCommMonoid.fst(226,9-227,47))
Inlining.fst(28,10-28,16): (Warning 252) (Hint-replay failed): assertion failed (see also FStar.HyperStack.ST.fst(281,52-281,79))
Inlining.fst(42,31-42,35): (Warning 252) (Hint-replay failed): assertion failed (see also FStar.HyperStack.ST.fst(281,52-281,79))
Inlining.fst(51,10-51,16): (Warning 252) (Hint-replay failed): assertion failed (see also FStar.HyperStack.ST.fst(281,52-281,79))
Inlining.fst(56,33-56,37): (Warning 252) (Hint-replay failed): assertion failed (see also FStar.HyperStack.ST.fst(281,52-281,79))
Serializing.fst(69,48-69,54): (Warning 252) (Hint-replay failed): assertion failed (see also Slice.fst(25,12-25,22))
Serializing.fst(113,59-113,64): (Warning 252) (Hint-replay failed): assertion failed (see also Serializing.fst(70,6-70,18))
<dummy>(0,0-0,0): (Warning 252) (Hint-replay failed): could not prove post-condition
Serializing.fst(127,4-127,20): (Warning 252) (Hint-replay failed): assertion failed (see also Serializing.fst(70,6-70,18))
Serializing.fst(138,2-170,16): (Warning 252) (Hint-replay failed): assertion failed (see also Serializing.fst(70,6-70,18))
Serializing.fst(177,58-177,64): (Warning 252) (Hint-replay failed): assertion failed (see also Slice.fst(25,12-25,22))
<dummy>(0,0-0,0): (Warning 252) (Hint-replay failed): could not prove post-condition
Serializing.fst(69,48-69,54): (Warning 252) (Hint-replay failed): assertion failed (see also Slice.fst(25,12-25,22))
Serializing.fst(113,59-113,64): (Warning 252) (Hint-replay failed): assertion failed (see also Serializing.fst(70,6-70,18))
<dummy>(0,0-0,0): (Warning 252) (Hint-replay failed): could not prove post-condition
Serializing.fst(127,4-127,20): (Warning 252) (Hint-replay failed): assertion failed (see also Serializing.fst(70,6-70,18))
Serializing.fst(127,4-127,20): (Warning 252) (Hint-replay failed): Ill-kinded type (see also Serializing.fst(70,6-70,18))
Serializing.fst(138,2-170,16): (Warning 252) (Hint-replay failed): assertion failed (see also Serializing.fst(70,6-70,18))
Serializing.fst(138,2-170,16): (Warning 252) (Hint-replay failed): Ill-kinded type (see also Serializing.fst(70,6-70,18))
<dummy>(0,0-0,0): (Warning 252) (Hint-replay failed): could not prove post-condition
Serializing.fst(180,2-185,5): (Warning 252) (Hint-replay failed): Ill-kinded type (see also Slice.fst(25,12-25,22))
make[2]: Target 'all' not remade because of errors.
make[1]: *** [Makefile:39: kv_parsing.all] Error 2
Point.fst(68,4-70,48): (Warning 252) (Hint-replay failed): assertion failed (see also C:\build\agent2\_work\2\s\examples\dm4free\FStar.DM4F.Heap.ST.fst(20,93-20,101))
Point.fst(68,4-70,48): (Warning 252) assertion failed (see also C:\build\agent2\_work\2\s\examples\dm4free\FStar.DM4F.Heap.ST.fst(20,93-20,101))
Point.fst(68,4-70,48): (Warning 252) assertion failed (see also C:\build\agent2\_work\2\s\examples\dm4free\FStar.DM4F.Heap.ST.fst(20,93-20,101))
Point.fst(94,4-97,79): (Warning 252) (Hint-replay failed): assertion failed (see also C:\build\agent2\_work\2\s\examples\dm4free\FStar.DM4F.Heap.ST.fst(20,93-20,101))
Point.fst(94,4-97,79): (Warning 252) assertion failed (see also C:\build\agent2\_work\2\s\examples\dm4free\FStar.DM4F.Heap.ST.fst(20,93-20,101))
Point.fst(94,4-97,79): (Warning 252) assertion failed (see also C:\build\agent2\_work\2\s\examples\dm4free\FStar.DM4F.Heap.ST.fst(20,93-20,101))
Point.fst(117,2-117,8): (Warning 252) (Hint-replay failed): assertion failed (see also Point.fst(117,9-117,68))
Point.fst(68,4-70,48): (Warning 252) (Hint-replay failed): assertion failed (see also C:\build\agent2\_work\2\s\examples\dm4free\FStar.DM4F.Heap.ST.fst(20,93-20,101))
Point.fst(68,4-70,48): (Warning 252) assertion failed (see also C:\build\agent2\_work\2\s\examples\dm4free\FStar.DM4F.Heap.ST.fst(20,93-20,101))
Point.fst(68,4-70,48): (Warning 252) assertion failed (see also C:\build\agent2\_work\2\s\examples\dm4free\FStar.DM4F.Heap.ST.fst(20,93-20,101))
Point.fst(94,4-97,79): (Warning 252) (Hint-replay failed): assertion failed (see also C:\build\agent2\_work\2\s\examples\dm4free\FStar.DM4F.Heap.ST.fst(20,93-20,101))
Point.fst(94,4-97,79): (Warning 252) assertion failed (see also C:\build\agent2\_work\2\s\examples\dm4free\FStar.DM4F.Heap.ST.fst(20,93-20,101))
Point.fst(94,4-97,79): (Warning 252) assertion failed (see also C:\build\agent2\_work\2\s\examples\dm4free\FStar.DM4F.Heap.ST.fst(20,93-20,101))
make[2]: Target 'all' not remade because of errors.
make[1]: *** [Makefile:39: tactics.all] Error 2
FStar.Tactics.Simplifier.fst(277,18-277,23): (Warning 296) Tactics admitted goal <(r: FStar.ST.ref Prims.int) |- _ : Prims.squash (forall (x: FStar.Pervasives.st_post_h FStar.Monotonic.Heap.heap Prims.unit)
(x: FStar.Monotonic.Heap.heap).
(forall (x: Prims.unit) (x: FStar.Monotonic.Heap.heap). Prims.auto_squash (x x x)) ==>
FStar.Heap.trivial_preorder Prims.int (FStar.Monotonic.Heap.sel x r) 0 /\
(forall (x: Prims.unit)
(x:
_:
FStar.Monotonic.Heap.heap
{FStar.Heap.trivial_preorder Prims.int (FStar.Monotonic.Heap.sel x r) 0}).
FStar.Heap.trivial_preorder Prims.int (FStar.Monotonic.Heap.sel x r) 0 /\
FStar.Monotonic.Heap.contains x r /\
FStar.Monotonic.Heap.modifies (FStar.Set.singleton (FStar.Monotonic.Heap.addr_of r)) x x /\
FStar.Monotonic.Heap.equal_dom x x /\ FStar.Monotonic.Heap.sel x r == 0 ==>
FStar.Heap.trivial_preorder Prims.int (FStar.Monotonic.Heap.sel x r) 1 /\
(forall (x: Prims.unit)
(x:
_:
FStar.Monotonic.Heap.heap
{FStar.Heap.trivial_preorder Prims.int (FStar.Monotonic.Heap.sel x r) 1}).
FStar.Heap.trivial_preorder Prims.int (FStar.Monotonic.Heap.sel x r) 1 /\
FStar.Monotonic.Heap.contains x r /\
FStar.Monotonic.Heap.modifies (FStar.Set.singleton (FStar.Monotonic.Heap.addr_of r))
x
x /\ FStar.Monotonic.Heap.equal_dom x x /\ FStar.Monotonic.Heap.sel x r == 1 ==>
FStar.Heap.trivial_preorder Prims.int (FStar.Monotonic.Heap.sel x r) 2 /\
(forall (x: Prims.unit)
(x:
_:
FStar.Monotonic.Heap.heap
{FStar.Heap.trivial_preorder Prims.int (FStar.Monotonic.Heap.sel x r) 2}).
FStar.Heap.trivial_preorder Prims.int (FStar.Monotonic.Heap.sel x r) 2 /\
FStar.Monotonic.Heap.contains x r /\
FStar.Monotonic.Heap.modifies (FStar.Set.singleton (FStar.Monotonic.Heap.addr_of r
))
x
x /\ FStar.Monotonic.Heap.equal_dom x x /\ FStar.Monotonic.Heap.sel x r == 2 ==>
FStar.Heap.trivial_preorder Prims.int (FStar.Monotonic.Heap.sel x r) 3 /\
(forall (x: Prims.unit)
(x:
_:
FStar.Monotonic.Heap.heap
{FStar.Heap.trivial_preorder Prims.int (FStar.Monotonic.Heap.sel x r) 3}).
FStar.Heap.trivial_preorder Prims.int (FStar.Monotonic.Heap.sel x r) 3 /\
FStar.Monotonic.Heap.contains x r /\
FStar.Monotonic.Heap.modifies (FStar.Set.singleton (FStar.Monotonic.Heap.addr_of 
r))
x
x /\ FStar.Monotonic.Heap.equal_dom x x /\ FStar.Monotonic.Heap.sel x r == 3 ==>
x x x)))))>

(see also FStar.Tactics.Simplifier.fst(273,55-273,63))
FStar.Tactics.Simplifier.fst(277,18-277,23): (Warning 296) Tactics admitted goal <(r: FStar.ST.ref Prims.int) |- _ : Prims.squash (forall (x: FStar.Pervasives.st_post_h FStar.Monotonic.Heap.heap Prims.unit)
(x: FStar.Monotonic.Heap.heap).
(forall (x: Prims.unit) (x: FStar.Monotonic.Heap.heap). Prims.auto_squash (x x x)) ==>
FStar.Heap.trivial_preorder Prims.int (FStar.Monotonic.Heap.sel x r) 0 /\
(forall (x: Prims.unit)
(x:
_:
FStar.Monotonic.Heap.heap
{FStar.Heap.trivial_preorder Prims.int (FStar.Monotonic.Heap.sel x r) 0}).
FStar.Heap.trivial_preorder Prims.int (FStar.Monotonic.Heap.sel x r) 0 /\
FStar.Monotonic.Heap.contains x r /\
FStar.Monotonic.Heap.modifies (FStar.Set.singleton (FStar.Monotonic.Heap.addr_of r)) x x /\
FStar.Monotonic.Heap.equal_dom x x /\ FStar.Monotonic.Heap.sel x r == 0 ==>
FStar.Heap.trivial_preorder Prims.int (FStar.Monotonic.Heap.sel x r) 1 /\
(forall (x: Prims.unit)
(x:
_:
FStar.Monotonic.Heap.heap
{FStar.Heap.trivial_preorder Prims.int (FStar.Monotonic.Heap.sel x r) 1}).
FStar.Heap.trivial_preorder Prims.int (FStar.Monotonic.Heap.sel x r) 1 /\
FStar.Monotonic.Heap.contains x r /\
FStar.Monotonic.Heap.modifies (FStar.Set.singleton (FStar.Monotonic.Heap.addr_of r))
x
x /\ FStar.Monotonic.Heap.equal_dom x x /\ FStar.Monotonic.Heap.sel x r == 1 ==>
FStar.Heap.trivial_preorder Prims.int (FStar.Monotonic.Heap.sel x r) 2 /\
(forall (x: Prims.unit)
(x:
_:
FStar.Monotonic.Heap.heap
{FStar.Heap.trivial_preorder Prims.int (FStar.Monotonic.Heap.sel x r) 2}).
FStar.Heap.trivial_preorder Prims.int (FStar.Monotonic.Heap.sel x r) 2 /\
FStar.Monotonic.Heap.contains x r /\
FStar.Monotonic.Heap.modifies (FStar.Set.singleton (FStar.Monotonic.Heap.addr_of r
))
x
x /\ FStar.Monotonic.Heap.equal_dom x x /\ FStar.Monotonic.Heap.sel x r == 2 ==>
FStar.Heap.trivial_preorder Prims.int (FStar.Monotonic.Heap.sel x r) 3 /\
(forall (x: Prims.unit)
(x:
_:
FStar.Monotonic.Heap.heap
{FStar.Heap.trivial_preorder Prims.int (FStar.Monotonic.Heap.sel x r) 3}).
FStar.Heap.trivial_preorder Prims.int (FStar.Monotonic.Heap.sel x r) 3 /\
FStar.Monotonic.Heap.contains x r /\
FStar.Monotonic.Heap.modifies (FStar.Set.singleton (FStar.Monotonic.Heap.addr_of 
r))
x
x /\ FStar.Monotonic.Heap.equal_dom x x /\ FStar.Monotonic.Heap.sel x r == 3 ==>
FStar.Heap.trivial_preorder Prims.int (FStar.Monotonic.Heap.sel x r) 4 /\
(forall (x: Prims.unit)
(x:
_:
FStar.Monotonic.Heap.heap
{FStar.Heap.trivial_preorder Prims.int (FStar.Monotonic.Heap.sel x r) 4})
.
FStar.Heap.trivial_preorder Prims.int (FStar.Monotonic.Heap.sel x r) 4 /\
FStar.Monotonic.Heap.contains x r /\
FStar.Monotonic.Heap.modifies (FStar.Set.singleton (FStar.Monotonic.Heap.addr_of 
r))
x
x /\ FStar.Monotonic.Heap.equal_dom x x /\
FStar.Monotonic.Heap.sel x r == 4 ==>
FStar.Heap.trivial_preorder Prims.int (FStar.Monotonic.Heap.sel x r) 5 /\
(forall (x: Prims.unit)
(x:
_:
FStar.Monotonic.Heap.heap
{ FStar.Heap.trivial_preorder Prims.int
(FStar.Monotonic.Heap.sel x r)
5 }).
FStar.Heap.trivial_preorder Prims.int (FStar.Monotonic.Heap.sel x r) 5 /\
FStar.Monotonic.Heap.contains x r /\
FStar.Monotonic.Heap.modifies (FStar.Set.singleton (FStar.Monotonic.Heap.addr_of 
r))
x
x /\ FStar.Monotonic.Heap.equal_dom x x /\
FStar.Monotonic.Heap.sel x r == 5 ==>
FStar.Heap.trivial_preorder Prims.int (FStar.Monotonic.Heap.sel x r) 6 /\
(forall (x: Prims.unit)
(x:
_:
FStar.Monotonic.Heap.heap
{ FStar.Heap.trivial_preorder Prims.int
(FStar.Monotonic.Heap.sel x r)
6 }).
FStar.Heap.trivial_preorder Prims.int
(FStar.Monotonic.Heap.sel x r)
6 /\ FStar.Monotonic.Heap.contains x r /\
FStar.Monotonic.Heap.modifies (FStar.Set.singleton (FStar.Monotonic.Heap.addr_of 
r))
x
x /\ FStar.Monotonic.Heap.equal_dom x x /\
FStar.Monotonic.Heap.sel x r == 6 ==>
FStar.Heap.trivial_preorder Prims.int
(FStar.Monotonic.Heap.sel x r)
7 /\
(forall (x: Prims.unit)
(x:
_:
FStar.Monotonic.Heap.heap
{ FStar.Heap.trivial_preorder Prims.int
(FStar.Monotonic.Heap.sel x r)
7 }).
FStar.Heap.trivial_preorder Prims.int
(FStar.Monotonic.Heap.sel x r)
7 /\ FStar.Monotonic.Heap.contains x r /\
FStar.Monotonic.Heap.modifies (FStar.Set.singleton (FStar.Monotonic.Heap.addr_of 
r))
x
x /\ FStar.Monotonic.Heap.equal_dom x x /\
FStar.Monotonic.Heap.sel x r == 7 ==>
FStar.Heap.trivial_preorder Prims.int
(FStar.Monotonic.Heap.sel x r)
8 /\
(forall (x: Prims.unit)
(x:
_:
FStar.Monotonic.Heap.heap
{ FStar.Heap.trivial_preorder Prims.int
(FStar.Monotonic.Heap.sel x r)
8 }).
FStar.Heap.trivial_preorder Prims.int
(FStar.Monotonic.Heap.sel x r)
8 /\ FStar.Monotonic.Heap.contains x r /\
FStar.Monotonic.Heap.modifies (FStar.Set.singleton (FStar.Monotonic.Heap.addr_of 
r))
x
x /\ FStar.Monotonic.Heap.equal_dom x x /\
FStar.Monotonic.Heap.sel x r == 8 ==>
FStar.Heap.trivial_preorder Prims.int
(FStar.Monotonic.Heap.sel x r)
9 /\
(forall (x: Prims.unit)
(x:
_:
FStar.Monotonic.Heap.heap
{ FStar.Heap.trivial_preorder Prims.int
(FStar.Monotonic.Heap.sel x r)
9 }).
FStar.Heap.trivial_preorder Prims.int
(FStar.Monotonic.Heap.sel x r)
9 /\ FStar.Monotonic.Heap.contains x r /\
FStar.Monotonic.Heap.modifies (FStar.Set.singleton (FStar.Monotonic.Heap.addr_of 
r))
x
x /\ FStar.Monotonic.Heap.equal_dom x x /\
FStar.Monotonic.Heap.sel x r == 9 ==>
FStar.Heap.trivial_preorder Prims.int
(FStar.Monotonic.Heap.sel x r)
10 /\
(forall (x: Prims.unit)
(x:
_:
FStar.Monotonic.Heap.heap
{ FStar.Heap.trivial_preorder Prims.int
(FStar.Monotonic.Heap.sel x r)
10 }).
FStar.Heap.trivial_preorder Prims.int
(FStar.Monotonic.Heap.sel x r)
10 /\ FStar.Monotonic.Heap.contains x r /\
FStar.Monotonic.Heap.modifies (FStar.Set.singleton 
(FStar.Monotonic.Heap.addr_of r))
x
x /\ FStar.Monotonic.Heap.equal_dom x x /\
FStar.Monotonic.Heap.sel x r == 10 ==>
x x x))))))))))))>

(see also FStar.Tactics.Simplifier.fst(273,55-273,63))
make[1]: Target 'all' not remade because of errors.
make: *** [Makefile:184: uexamples] Error 2
FStar.Pointer.Base.fst(258,2-258,12): (Warning 252) (Hint-replay failed): Subtyping check failed; expected type FStar.Pointer.Base.type_of_struct_field l f; got type FStar.Pointer.Base.type_of_struct_field' l (fun x -> FStar.Pointer.Base.type_of_typ' x) f (see also FStar.Pointer.Base.fsti(259,50-259,63))
FStar.Pointer.Base.fst(261,13-261,14): (Warning 252) (Hint-replay failed): Subtyping check failed; expected type FStar.Pointer.Base.type_of_struct_field' l (fun x -> FStar.Pointer.Base.type_of_typ' x) f; got type FStar.Pointer.Base.type_of_struct_field l f (see also FStar.Pointer.Base.fst(238,59-238,73))
FStar.Pointer.Base.fst(264,83-264,84): (Warning 252) (Hint-replay failed): Subtyping check failed; expected type k: FStar.Pointer.Base.struct_field l ->
Prims.Tot
(FStar.Pointer.Base.type_of_struct_field' l (fun x -> FStar.Pointer.Base.type_of_typ' x) k); got type fd: FStar.Pointer.Base.struct_field l -> Prims.Tot (FStar.Pointer.Base.type_of_struct_field l fd) (see also FStar.Pointer.Base.fst(264,66-264,80))
FStar.Pointer.Base.fst(266,42-266,44): (Warning 252) (Hint-replay failed): could not prove post-condition (see also FStar.Pointer.Base.fsti(333,2-333,49))
FStar.Pointer.Base.fst(270,30-270,51): (Warning 252) (Hint-replay failed): Subtyping check failed; expected type FStar.Pointer.Base.type_of_struct_field l fd; got type FStar.Pointer.Base.type_of_struct_field' l (fun x -> FStar.Pointer.Base.type_of_typ' x) fd (see also FStar.Pointer.Base.fsti(259,50-259,63))
FStar.Pointer.Base.fst(272,43-272,44): (Warning 252) (Hint-replay failed): Subtyping check failed; expected type FStar.Pointer.Base.type_of_struct_field' l (fun x -> FStar.Pointer.Base.type_of_typ' x) fd; got type FStar.Pointer.Base.type_of_struct_field l fd (see also FStar.Pointer.Base.fst(240,61-240,75))
FStar.Pointer.Base.fst(777,7-777,17): (Warning 252) (Hint-replay failed): assertion failed (see also FStar.DependentMap.fst(105,12-105,25))
FStar.Pointer.Base.fst(992,23-992,24): (Warning 252) (Hint-replay failed): Subtyping check failed; expected type FStar.Pointer.Base.otype_of_struct_field l fd; got type FStar.Pointer.Base.otype_of_typ to (see also FStar.Pointer.Base.fst(945,3-945,4))
FStar.Pointer.Base.fst(2077,2-2078,26): (Warning 252) (Hint-replay failed): could not prove post-condition (see also FStar.Pointer.Base.fst(2076,11-2076,72))
FStar.Pointer.Base.fst(2138,2-2138,4): (Warning 252) (Hint-replay failed): could not prove post-condition (see also FStar.Pointer.Base.fsti(524,11-524,63))
FStar.Pointer.Base.fst(2504,2-2504,4): (Warning 252) (Hint-replay failed): could not prove post-condition (see also FStar.Pointer.Base.fsti(830,44-830,66))
FStar.Pointer.Base.fst(2523,2-2523,4): (Warning 252) (Hint-replay failed): could not prove post-condition (see also FStar.Pointer.Base.fsti(855,11-855,93))
<dummy>(0,0-0,0): (Warning 252) (Hint-replay failed): could not prove post-condition
<dummy>(0,0-0,0): (Warning 252) (Hint-replay failed): could not prove post-condition
<dummy>(0,0-0,0): (Warning 252) (Hint-replay failed): could not prove post-condition
<dummy>(0,0-0,0): (Warning 252) (Hint-replay failed): could not prove post-condition
<dummy>(0,0-0,0): (Warning 252) (Hint-replay failed): could not prove post-condition
FStar.Pointer.Base.fst(3607,18-3607,20): (Warning 252) (Hint-replay failed): could not prove post-condition (see also FStar.ModifiesGen.fsti(28,4-28,23))
FStar.Pointer.Base.fst(3672,5-3672,22): (Warning 252) (Hint-replay failed): assertion failed (see also FStar.ModifiesGen.fsti(252,12-252,35))
FStar.Pointer.Base.fst(3678,5-3678,22): (Warning 252) (Hint-replay failed): assertion failed (see also FStar.ModifiesGen.fsti(252,12-252,35))
FStar.Pointer.Base.fst(3763,2-3763,81): (Warning 252) (Hint-replay failed): could not prove post-condition (see also FStar.Pointer.Base.fsti(1962,11-1964,3))
FStar.Pointer.Base.fst(3857,2-3857,8): (Warning 252) (Hint-replay failed): assertion failed (see also FStar.Pointer.Base.fst(3857,9-3857,100))
FStar.Pointer.Base.fst(3884,8-3884,25): (Warning 252) (Hint-replay failed): assertion failed (see also FStar.Set.fst(98,26-98,45))
FStar.Pointer.Base.fst(3903,2-3903,8): (Warning 252) (Hint-replay failed): assertion failed (see also FStar.Pointer.Base.fst(3903,9-3903,100))
<dummy>(0,0-0,0): (Warning 252) (Hint-replay failed): could not prove post-condition
<dummy>(0,0-0,0): (Warning 252) (Hint-replay failed): could not prove post-condition
<dummy>(0,0-0,0): (Warning 252) (Hint-replay failed): could not prove post-condition
<dummy>(0,0-0,0): (Warning 252) (Hint-replay failed): could not prove post-condition
<dummy>(0,0-0,0): (Warning 252) (Hint-replay failed): could not prove post-condition
FStar.Pointer.Base.fst(4033,7-4033,26): (Warning 252) (Hint-replay failed): assertion failed (see also FStar.Monotonic.HyperStack.fst(392,48-392,63))
FStar.Pointer.Base.fst(4081,2-4081,32): (Warning 252) (Hint-replay failed): could not prove post-condition (see also FStar.Pointer.Base.fsti(2137,7-2137,22))
FStar.Pointer.Base.fst(4102,34-4102,64): (Warning 252) (Hint-replay failed): Subtyping check failed; expected type 
h0: FStar.Monotonic.HyperStack.mem ->
h1: FStar.Monotonic.HyperStack.mem ->
s: FStar.Pointer.Base.loc ->
h2: FStar.Monotonic.HyperStack.mem ->
h3: FStar.Monotonic.HyperStack.mem ->
Prims.Lemma Prims.unit; got type 
h0: FStar.Monotonic.HyperStack.mem ->
h1: FStar.Monotonic.HyperStack.mem ->
s: FStar.ModifiesGen.loc FStar.Pointer.Base.cls ->
h2: FStar.Monotonic.HyperStack.mem ->
h3: FStar.Monotonic.HyperStack.mem ->
Prims.Lemma Prims.unit (see also FStar.ModifiesGen.fsti(730,4-730,77))
<dummy>(0,0-0,0): (Warning 252) (Hint-replay failed): could not prove post-condition
FStar.Pointer.Base.fsti(2255,35-2255,47): (Warning 252) (Hint-replay failed): Subtyping check failed; expected type i: Prims.nat{i < FStar.Seq.Base.length (FStar.Pointer.Base.buffer_as_seq h' b)}; got type FStar.UInt.uint_t FStar.UInt32.n (see also FStar.Seq.Base.fst(30,49-30,61))
<dummy>(0,0-0,0): (Warning 252) (Hint-replay failed): could not prove post-condition
FStar.Pointer.Base.fst(4146,5-4146,28): (Warning 252) (Hint-replay failed): assertion failed (see also FStar.ModifiesGen.fsti(357,40-357,61))
FStar.Pointer.Base.fst(4149,5-4149,28): (Warning 252) (Hint-replay failed): assertion failed (see also FStar.ModifiesGen.fsti(357,40-357,61))
FStar.Pointer.Base.fst(4154,5-4154,27): (Warning 252) (Hint-replay failed): assertion failed (see also FStar.ModifiesGen.fsti(378,12-378,68))
make: Target 'uregressions' not remade because of errors.
Command exited with non-zero status 2
9.34user 39.89system 4:20.40elapsed 18%CPU (0avgtext+0avgdata 977896960maxresident)k
0inputs+0outputs (3981913major+0minor)pagefaults 0swaps
C:/build/agent2/_work/2/s/hacl-star/secure_api/Crypto.Plain.fst(102,43-102,46): (Error 72) Identifier not found: [tip]
1 error was reported (see above)
make[1]: *** [Makefile.common:125: cache/Model/Crypto.Plain.fst.checked] Error 1
make[1]: *** Waiting for unfinished jobs....
make: *** [Makefile:48: StreamAE.fst-ver] Error 2
