

[0;31mWarning:[0m could not find "msbuild", trying (deprecated) "xbuild"




[0;31mWarning:[0m could not find "msbuild", trying (deprecated) "xbuild"


From https://github.com/project-everest/vale
6632a4d..98762fe  interop_mem -> origin/interop_mem
From https://github.com/mitls/mitls-fstar
8a5b4f99..1f58057d  master                -> origin/master
e2121baf..ab2ce4e6  adl_quic12            -> origin/adl_quic12
0a3247c9..57699f44  taramana_lowparse_low -> origin/taramana_lowparse_low
/home/everest/everest-ci/ci: line 630: nuget.exe: command not found
From https://github.com/mitls/hacl-star
224f96b5..5f4b084a  dev                -> origin/dev
11a2c8cf..bb80a6f6  fstar-master       -> origin/fstar-master
22810eea..32038760  mini_hackathon_nyc -> origin/mini_hackathon_nyc
7b974b62..97ef39bc  pqcrypto           -> origin/pqcrypto
make: *** [uint128/Makefile.include] Error 1
make: *** Waiting for unfinished jobs....
make: *** [extracted/Makefile.include] Error 1


[0;31mWarning:[0m could not find "msbuild", trying (deprecated) "xbuild"




[0;31mWarning:[0m could not find "msbuild", trying (deprecated) "xbuild"


Warning: you are using the standard library and/or the %inline keyword. We
recommend switching on --infer in order to avoid obscure type error messages.


[0;31mWarning:[0m could not find "msbuild", trying (deprecated) "xbuild"




[0;31mWarning:[0m could not find "msbuild", trying (deprecated) "xbuild"




[0;31mWarning:[0m could not find "msbuild", trying (deprecated) "xbuild"


Makefile.boot:98: .depend: No such file or directory


[0;31mWarning:[0m could not find "msbuild", trying (deprecated) "xbuild"


/home/everest/vsts-agent/_work/2/s/ulib/FStar.Seq.Base.fst(59,28-59,35): (Warning 288) FStar.Seq.Base.of_list is deprecated, use seq_of_list instead
/home/everest/vsts-agent/_work/2/s/ulib/FStar.Seq.Base.fst(60,27-60,34): (Warning 288) FStar.Seq.Base.of_list is deprecated, use seq_of_list instead
/home/everest/vsts-agent/_work/2/s/ulib/FStar.Seq.Base.fst(64,27-64,34): (Warning 288) FStar.Seq.Base.of_list is deprecated, use seq_of_list instead
/home/everest/vsts-agent/_work/2/s/ulib/FStar.Seq.Base.fst(65,26-65,33): (Warning 288) FStar.Seq.Base.of_list is deprecated, use seq_of_list instead
/home/everest/vsts-agent/_work/2/s/ulib/FStar.Seq.Properties.fst(937,33-937,40): (Warning 288) FStar.Seq.Base.of_list is deprecated, use seq_of_list instead
/home/everest/vsts-agent/_work/2/s/ulib/FStar.Seq.Properties.fst(938,55-938,62): (Warning 288) FStar.Seq.Base.of_list is deprecated, use seq_of_list instead
/home/everest/vsts-agent/_work/2/s/ulib/FStar.Seq.Properties.fst(938,30-938,37): (Warning 288) FStar.Seq.Base.of_list is deprecated, use seq_of_list instead
/home/everest/vsts-agent/_work/2/s/ulib/FStar.Seq.Properties.fst(940,53-940,60): (Warning 288) FStar.Seq.Base.of_list is deprecated, use seq_of_list instead
/home/everest/vsts-agent/_work/2/s/ulib/FStar.Seq.Properties.fst(945,34-945,41): (Warning 288) FStar.Seq.Base.of_list is deprecated, use seq_of_list instead


[0;31mWarning:[0m could not find "msbuild", trying (deprecated) "xbuild"




[0;31mWarning:[0m could not find "msbuild", trying (deprecated) "xbuild"




[0;31mWarning:[0m could not find "msbuild", trying (deprecated) "xbuild"


Makefile.extract:24: .depend.extract: No such file or directory
FStar.Seq.Base.fst(59,28-59,35): (Warning 288) FStar.Seq.Base.of_list is deprecated, use seq_of_list instead
FStar.Seq.Base.fst(60,27-60,34): (Warning 288) FStar.Seq.Base.of_list is deprecated, use seq_of_list instead
FStar.Seq.Base.fst(64,27-64,34): (Warning 288) FStar.Seq.Base.of_list is deprecated, use seq_of_list instead
FStar.Seq.Base.fst(65,26-65,33): (Warning 288) FStar.Seq.Base.of_list is deprecated, use seq_of_list instead
FStar.Seq.Properties.fst(937,33-937,40): (Warning 288) FStar.Seq.Base.of_list is deprecated, use seq_of_list instead
FStar.Seq.Properties.fst(938,55-938,62): (Warning 288) FStar.Seq.Base.of_list is deprecated, use seq_of_list instead
FStar.Seq.Properties.fst(938,30-938,37): (Warning 288) FStar.Seq.Base.of_list is deprecated, use seq_of_list instead
FStar.Seq.Properties.fst(940,53-940,60): (Warning 288) FStar.Seq.Base.of_list is deprecated, use seq_of_list instead
FStar.Seq.Properties.fst(945,34-945,41): (Warning 288) FStar.Seq.Base.of_list is deprecated, use seq_of_list instead
LowStar.Buffer.fsti(1802,23-1802,30): (Warning 288) FStar.Seq.Base.of_list is deprecated, use seq_of_list instead
LowStar.Buffer.fsti(1820,23-1820,30): (Warning 288) FStar.Seq.Base.of_list is deprecated, use seq_of_list instead
LowStar.BufferCompat.fst(92,23-92,30): (Warning 288) FStar.Seq.Base.of_list is deprecated, use seq_of_list instead
FStar.Buffer.fst(829,27-829,34): (Warning 288) FStar.Seq.Base.of_list is deprecated, use seq_of_list instead
FStar.Buffer.fst(835,14-835,21): (Warning 288) FStar.Seq.Base.of_list is deprecated, use seq_of_list instead
FStar.Buffer.fst(837,16-837,23): (Warning 288) FStar.Seq.Base.of_list is deprecated, use seq_of_list instead
FStar.Buffer.fst(1437,23-1437,30): (Warning 288) FStar.Seq.Base.of_list is deprecated, use seq_of_list instead
FStar.Buffer.fst(1453,35-1453,42): (Warning 288) FStar.Seq.Base.of_list is deprecated, use seq_of_list instead
FStar.Buffer.fst(1455,32-1455,39): (Warning 288) FStar.Seq.Base.of_list is deprecated, use seq_of_list instead
LowStar.Buffer.fsti(1802,23-1802,30): (Warning 288) FStar.Seq.Base.of_list is deprecated, use seq_of_list instead
LowStar.Buffer.fst(1143,14-1143,21): (Warning 288) FStar.Seq.Base.of_list is deprecated, use seq_of_list instead
LowStar.Buffer.fsti(1820,23-1820,30): (Warning 288) FStar.Seq.Base.of_list is deprecated, use seq_of_list instead
LowStar.Buffer.fst(1152,14-1152,21): (Warning 288) FStar.Seq.Base.of_list is deprecated, use seq_of_list instead
Makefile.extract:24: .depend.extract: No such file or directory
gmake/Makefile.tmpl:83: .depend: No such file or directory
FStar.List.Tot.Properties.fst(858,2-858,37): (Warning 252) (Hint-replay failed): could not prove post-condition (see also FStar.List.Tot.Properties.fst(856,12-856,18))
FStar.List.Tot.Properties.fst(858,2-858,37): (Warning 252) could not prove post-condition (see also FStar.List.Tot.Properties.fst(856,12-856,18))
FStar.List.Tot.Properties.fst(887,2-888,24): (Warning 252) (Hint-replay failed): could not prove post-condition (see also FStar.List.Tot.Properties.fst(886,12-886,18))
FStar.Seq.Base.fst(59,28-59,35): (Warning 288) FStar.Seq.Base.of_list is deprecated, use seq_of_list instead
FStar.Seq.Base.fst(60,27-60,34): (Warning 288) FStar.Seq.Base.of_list is deprecated, use seq_of_list instead
FStar.Seq.Base.fst(64,27-64,34): (Warning 288) FStar.Seq.Base.of_list is deprecated, use seq_of_list instead
FStar.Seq.Base.fst(65,26-65,33): (Warning 288) FStar.Seq.Base.of_list is deprecated, use seq_of_list instead
FStar.OrdSet.fst(48,16-48,18): (Warning 252) (Hint-replay failed): Subtyping check failed; expected type Prims.eqtype; got type Type (see also prims.fst(27,21-27,28))
FStar.Monotonic.HyperStack.fst(373,4-373,33): (Warning 252) (Hint-replay failed): assertion failed (see also FStar.Monotonic.HyperStack.fst(38,12-41,66))
FStar.Monotonic.HyperStack.fst(373,4-373,33): (Warning 252) (Hint-replay failed): assertion failed (see also FStar.Monotonic.HyperStack.fst(38,12-41,66))
FStar.Seq.Properties.fst(937,33-937,40): (Warning 288) FStar.Seq.Base.of_list is deprecated, use seq_of_list instead
FStar.Seq.Properties.fst(938,55-938,62): (Warning 288) FStar.Seq.Base.of_list is deprecated, use seq_of_list instead
FStar.Seq.Properties.fst(938,30-938,37): (Warning 288) FStar.Seq.Base.of_list is deprecated, use seq_of_list instead
FStar.Seq.Properties.fst(940,53-940,60): (Warning 288) FStar.Seq.Base.of_list is deprecated, use seq_of_list instead
FStar.Seq.Properties.fst(945,34-945,41): (Warning 288) FStar.Seq.Base.of_list is deprecated, use seq_of_list instead
FStar.Seq.Properties.fst(474,2-477,29): (Warning 252) (Hint-replay failed): could not prove post-condition (see also FStar.Seq.Properties.fst(472,20-472,28))
FStar.Fin.fst(36,2-51,18): (Warning 252) (Hint-replay failed): could not prove post-condition (see also FStar.Fin.fst(33,41-33,68))
FStar.Fin.fst(36,2-51,18): (Warning 252) (Hint-replay failed): could not prove post-condition (see also FStar.Fin.fst(33,41-33,68))
LowStar.Buffer.fsti(1802,23-1802,30): (Warning 288) FStar.Seq.Base.of_list is deprecated, use seq_of_list instead
LowStar.Buffer.fsti(1820,23-1820,30): (Warning 288) FStar.Seq.Base.of_list is deprecated, use seq_of_list instead
LowStar.BufferCompat.fst(92,23-92,30): (Warning 288) FStar.Seq.Base.of_list is deprecated, use seq_of_list instead
FStar.Buffer.fst(829,27-829,34): (Warning 288) FStar.Seq.Base.of_list is deprecated, use seq_of_list instead
FStar.Buffer.fst(835,14-835,21): (Warning 288) FStar.Seq.Base.of_list is deprecated, use seq_of_list instead
FStar.Buffer.fst(837,16-837,23): (Warning 288) FStar.Seq.Base.of_list is deprecated, use seq_of_list instead
FStar.Buffer.fst(1437,23-1437,30): (Warning 288) FStar.Seq.Base.of_list is deprecated, use seq_of_list instead
FStar.Buffer.fst(1453,35-1453,42): (Warning 288) FStar.Seq.Base.of_list is deprecated, use seq_of_list instead
FStar.Buffer.fst(1455,32-1455,39): (Warning 288) FStar.Seq.Base.of_list is deprecated, use seq_of_list instead
FStar.Buffer.fst(65,4-65,10): (Warning 252) (Hint-replay failed): Subtyping check failed; expected type Prims.nat; got type FStar.UInt.uint_t FStar.UInt32.n (see also prims.fst(408,17-408,23))
LowStar.BufferView.fst(79,31-79,33): (Warning 252) (Hint-replay failed): Subtyping check failed; expected type FStar.Seq.Properties.lseq (FStar.Pervasives.dfst vb)
(LowStar.Buffer.length (LowStar.BufferView.as_buffer vb)); got type FStar.Seq.Base.seq (FStar.Pervasives.dfst vb) (see also FStar.Seq.Properties.fst(24,19-24,36))
LowStar.BufferView.fst(84,4-98,24): (Warning 252) (Hint-replay failed): could not prove post-condition (see also LowStar.BufferView.fst(82,11-82,41))
LowStar.BufferView.fst(156,38-156,40): (Warning 252) (Hint-replay failed): Subtyping check failed; expected type FStar.Seq.Properties.lseq (FStar.Pervasives.dfst vb)
(LowStar.Buffer.length (LowStar.BufferView.as_buffer vb)); got type FStar.Seq.Base.seq (FStar.Pervasives.dfst vb) (see also FStar.Seq.Properties.fst(24,19-24,36))
FStar.Integers.fst(440,5-454,43): (Warning 252) (Hint-replay failed): Patterns are incomplete
LowStar.ToFStarBuffer.fst(208,2-216,112): (Warning 252) (Hint-replay failed): could not prove post-condition (see also LowStar.ToFStarBuffer.fst(206,2-206,102))
LowStar.ToFStarBuffer.fst(221,2-224,66): (Warning 252) (Hint-replay failed): could not prove post-condition (see also LowStar.ToFStarBuffer.fst(219,2-219,104))
LowStar.ToFStarBuffer.fst(229,2-232,62): (Warning 252) (Hint-replay failed): could not prove post-condition (see also LowStar.ToFStarBuffer.fst(227,2-227,96))
LowStar.ToFStarBuffer.fst(256,2-256,4): (Warning 252) (Hint-replay failed): could not prove post-condition (see also LowStar.ToFStarBuffer.fst(255,11-255,51))
LowStar.ToFStarBuffer.fst(266,2-266,4): (Warning 252) (Hint-replay failed): could not prove post-condition (see also LowStar.ToFStarBuffer.fst(265,11-265,90))
LowStar.ToFStarBuffer.fst(285,2-286,19): (Warning 252) (Hint-replay failed): could not prove post-condition (see also LowStar.ToFStarBuffer.fst(281,13-281,49))
LowStar.ToFStarBuffer.fst(325,2-327,40): (Warning 252) (Hint-replay failed): could not prove post-condition (see also LowStar.ToFStarBuffer.fst(316,4-316,44))
LowStar.ToFStarBuffer.fst(341,2-342,19): (Warning 252) (Hint-replay failed): could not prove post-condition (see also LowStar.ToFStarBuffer.fst(337,4-337,42))
(Warning 252) (Hint-replay failed): could not prove post-condition
FStar.BufferNG.fst(165,24-165,31): (Warning 288) FStar.Seq.Base.of_list is deprecated, use seq_of_list instead
FStar.BufferNG.fst(174,14-174,21): (Warning 288) FStar.Seq.Base.of_list is deprecated, use seq_of_list instead
FStar.Tactics.Typeclasses.fst(79,4-124,16): (Warning 252) (Hint-replay failed): Patterns are incomplete
FStar.Tactics.Typeclasses.fst(79,4-124,16): (Warning 252) (Hint-replay failed): Patterns are incomplete
FStar.Reflection.Arith.fst(116,30-116,32): (Warning 252) (Hint-replay failed): Subtyping check failed; expected type t: FStar.Reflection.Types.term{t << t}; got type FStar.Reflection.Types.term (see also FStar.Reflection.Arith.fst(110,4-153,14))
FStar.Reflection.Arith.fst(116,30-116,32): (Warning 252) Subtyping check failed; expected type t: FStar.Reflection.Types.term{t << t}; got type FStar.Reflection.Types.term (see also FStar.Reflection.Arith.fst(110,4-153,14))
FStar.Reflection.Arith.fst(116,30-116,32): (Warning 252) Subtyping check failed; expected type t: FStar.Reflection.Types.term{t << t}; got type FStar.Reflection.Types.term (see also FStar.Reflection.Arith.fst(110,4-153,14))
LowStar.Buffer.fsti(1802,23-1802,30): (Warning 288) FStar.Seq.Base.of_list is deprecated, use seq_of_list instead
LowStar.Buffer.fst(1143,14-1143,21): (Warning 288) FStar.Seq.Base.of_list is deprecated, use seq_of_list instead
LowStar.Buffer.fsti(1820,23-1820,30): (Warning 288) FStar.Seq.Base.of_list is deprecated, use seq_of_list instead
LowStar.Buffer.fst(1152,14-1152,21): (Warning 288) FStar.Seq.Base.of_list is deprecated, use seq_of_list instead
LowStar.Buffer.fst(129,27-129,29): (Warning 252) (Hint-replay failed): could not prove post-condition (see also LowStar.Buffer.fsti(233,11-233,40))
LowStar.Buffer.fst(931,2-934,166): (Warning 252) (Hint-replay failed): could not prove post-condition (see also LowStar.Buffer.fsti(1520,11-1520,46))
LowStar.Buffer.fst(937,2-940,166): (Warning 252) (Hint-replay failed): could not prove post-condition (see also LowStar.Buffer.fsti(1528,53-1528,86))
LowStar.Buffer.fst(953,4-953,23): (Warning 252) (Hint-replay failed): assertion failed (see also LowStar.Buffer.fst(704,72-704,162))
LowStar.Buffer.fst(1064,2-1064,21): (Warning 252) (Hint-replay failed): assertion failed (see also LowStar.Buffer.fst(830,12-830,32))
LowStar.Buffer.fst(1079,2-1082,166): (Warning 252) (Hint-replay failed): could not prove post-condition (see also LowStar.Buffer.fsti(1660,11-1660,54))
LowStar.Buffer.fst(1102,2-1102,31): (Warning 252) (Hint-replay failed): could not prove post-condition (see also LowStar.Buffer.fsti(1688,4-1688,41))
LowStar.Buffer.fst(1121,2-1126,3): (Warning 252) (Hint-replay failed): could not prove post-condition (see also LowStar.Buffer.fsti(1720,2-1720,25))
LowStar.Buffer.fst(1135,2-1139,3): (Warning 252) (Hint-replay failed): could not prove post-condition (see also LowStar.Buffer.fsti(1720,2-1720,25))
LowStar.Buffer.fst(1142,2-1148,3): (Warning 252) (Hint-replay failed): could not prove post-condition (see also LowStar.Buffer.fsti(1720,2-1720,25))
LowStar.Buffer.fst(1151,2-1157,3): (Warning 252) (Hint-replay failed): could not prove post-condition (see also LowStar.Buffer.fsti(1720,2-1720,25))
FStar.ModifiesGen.fst(501,35-501,37): (Warning 252) (Hint-replay failed): could not prove post-condition (see also FStar.ModifiesGen.fsti(357,11-357,36))
FStar.ModifiesGen.fst(547,91-547,93): (Warning 252) (Hint-replay failed): could not prove post-condition (see also FStar.ModifiesGen.fsti(415,11-415,67))
FStar.ModifiesGen.fst(551,78-551,80): (Warning 252) (Hint-replay failed): could not prove post-condition (see also FStar.ModifiesGen.fsti(439,24-439,42))
FStar.ModifiesGen.fst(906,20-906,25): (Warning 252) (Hint-replay failed): assertion failed (see also FStar.ModifiesGen.fsti(599,15-599,55))
FStar.ModifiesGen.fst(922,55-922,57): (Warning 252) (Hint-replay failed): could not prove post-condition (see also FStar.ModifiesGen.fsti(649,4-649,20))
FStar.ModifiesGen.fst(940,2-940,8): (Warning 252) (Hint-replay failed): assertion failed (see also FStar.ModifiesGen.fst(940,57-940,141))
FStar.ModifiesGen.fst(946,79-946,81): (Warning 252) (Hint-replay failed): could not prove post-condition (see also FStar.ModifiesGen.fsti(726,11-726,45))
FStar.ModifiesGen.fst(948,72-948,74): (Warning 252) (Hint-replay failed): could not prove post-condition (see also FStar.ModifiesGen.fsti(737,11-737,32))
FStar.ModifiesGen.fst(990,2-991,117): (Warning 252) (Hint-replay failed): could not prove post-condition (see also FStar.ModifiesGen.fst(989,11-989,28))
FStar.ModifiesGen.fst(1219,20-1219,22): (Warning 252) (Hint-replay failed): could not prove post-condition (see also FStar.ModifiesGen.fsti(503,34-503,59))
FStar.ModifiesGen.fst(1304,9-1304,41): (Warning 252) (Hint-replay failed): Subtyping check failed; expected type y: FStar.GSet.set Prims.nat {FStar.GSet.subset (non_live_addrs' r') y}; got type FStar.GSet.set Prims.nat (see also FStar.ModifiesGen.fst(1302,83-1302,117))
FStar.ModifiesGen.fst(1483,2-1483,64): (Warning 252) (Hint-replay failed): could not prove post-condition (see also FStar.ModifiesGen.fsti(979,12-979,71))
FStar.ModifiesGen.fst(1751,2-1761,39): (Warning 252) (Hint-replay failed): could not prove post-condition (see also FStar.ModifiesGen.fst(1750,11-1750,84))
FStar.ModifiesGen.fst(1787,41-1787,60): (Warning 252) (Hint-replay failed): could not prove post-condition
FStar.ModifiesGen.fst(1883,2-1891,39): (Warning 252) (Hint-replay failed): could not prove post-condition (see also FStar.ModifiesGen.fst(1882,11-1882,42))
FStar.ModifiesGen.fst(1993,4-1993,21): (Warning 252) (Hint-replay failed): Subtyping check failed; expected type aux:
FStar.Ghost.erased (FStar.GSet.set (FStar.ModifiesGen.aloc (c b)))
{ FStar.GSet.subset (FStar.ModifiesGen.aloc_domain (c b) regions live_addrs)
(FStar.Ghost.reveal aux) /\
FStar.GSet.subset (FStar.Ghost.reveal aux)
(FStar.ModifiesGen.aloc_domain (c b) regions (fun _ -> FStar.GSet.complement FStar.GSet.empty)
) }; got type FStar.Ghost.erased (FStar.GSet.set (FStar.ModifiesGen.aloc (c b))) (see also FStar.ModifiesGen.fst(30,8-30,71))
FStar.ModifiesGen.fst(2002,9-2002,119): (Warning 252) (Hint-replay failed): assertion failed
FStar.ModifiesGen.fst(2005,9-2005,121): (Warning 252) (Hint-replay failed): assertion failed
FStar.ModifiesGen.fst(2076,2-2082,167): (Warning 252) (Hint-replay failed): could not prove post-condition (see also FStar.ModifiesGen.fsti(1134,2-1134,78))


[0;31mWarning:[0m could not find "msbuild", trying (deprecated) "xbuild"


warning CS8001: SDK path could not be resolved


[0;31mWarning:[0m could not find "msbuild", trying (deprecated) "xbuild"




[0;31mWarning:[0m could not find "msbuild", trying (deprecated) "xbuild"




[0;31mWarning:[0m could not find "msbuild", trying (deprecated) "xbuild"


Ex01a.fst(70,0-70,48): (Warning 272) Top-level let-bindings must be total; this term may have effects
Ex01a.fst(70,0-70,48): (Warning 272) Top-level let-bindings must be total; this term may have effects


[0;31mWarning:[0m could not find "msbuild", trying (deprecated) "xbuild"




[0;31mWarning:[0m could not find "msbuild", trying (deprecated) "xbuild"




[0;31mWarning:[0m could not find "msbuild", trying (deprecated) "xbuild"




[0;31mWarning:[0m could not find "msbuild", trying (deprecated) "xbuild"




[0;31mWarning:[0m could not find "msbuild", trying (deprecated) "xbuild"




[0;31mWarning:[0m could not find "msbuild", trying (deprecated) "xbuild"




[0;31mWarning:[0m could not find "msbuild", trying (deprecated) "xbuild"




[0;31mWarning:[0m could not find "msbuild", trying (deprecated) "xbuild"



/home/everest/vsts-agent/_work/2/s/vale/tools/Vale/src/emit_vale_text.fs(61,11): warning FS0025: Incomplete pattern matches on this expression. For example, the value 'EOp (Uop (UCall (_)), [_])' may indicate a case not covered by the pattern(s).


[0;31mWarning:[0m could not find "msbuild", trying (deprecated) "xbuild"


/home/everest/vsts-agent/_work/2/s/kremlin/kremlib/Spec.Loops.fst(14,8-14,19): (Warning 288) FStar.Seq.Base.createEmpty is deprecated, use Seq.empty instead
/home/everest/vsts-agent/_work/2/s/kremlin/kremlib/Spec.Loops.fst(28,31-28,42): (Warning 288) FStar.Seq.Base.createEmpty is deprecated, use Seq.empty instead
Ex01a.fst(60,0-60,48): (Warning 272) Top-level let-bindings must be total; this term may have effects
Ex01a.fst(60,0-60,48): (Warning 272) Top-level let-bindings must be total; this term may have effects


[0;31mWarning:[0m could not find "msbuild", trying (deprecated) "xbuild"




[0;31mWarning:[0m could not find "msbuild", trying (deprecated) "xbuild"



/home/everest/vsts-agent/_work/2/s/vale/tools/Vale/src/emit_dafny_text.fs(60,11): warning FS0025: Incomplete pattern matches on this expression. For example, the value 'EOp (Uop (UCall (_)), [_])' may indicate a case not covered by the pattern(s).

/home/everest/vsts-agent/_work/2/s/vale/tools/Vale/src/emit_dafny_direct.fs(229,11): warning FS0025: Incomplete pattern matches on this expression. For example, the value 'EOp (Uop (UCall (_)), [_])' may indicate a case not covered by the pattern(s).

/home/everest/vsts-agent/_work/2/s/vale/tools/Vale/src/emit_fstar_text.fs(85,11): warning FS0025: Incomplete pattern matches on this expression. For example, the value 'EOp (Uop (UCall (CallInline)), [_])' may indicate a case not covered by the pattern(s).


[0;31mWarning:[0m could not find "msbuild", trying (deprecated) "xbuild"




[0;31mWarning:[0m could not find "msbuild", trying (deprecated) "xbuild"




[0;31mWarning:[0m could not find "msbuild", trying (deprecated) "xbuild"


Ex04g.fst(5,4-5,6): (Warning 240) Admitting Ex04g.tl without a definition
Ex04g.fst(4,4-4,6): (Warning 240) Admitting Ex04g.hd without a definition


[0;31mWarning:[0m could not find "msbuild", trying (deprecated) "xbuild"




[0;31mWarning:[0m could not find "msbuild", trying (deprecated) "xbuild"




[0;31mWarning:[0m could not find "msbuild", trying (deprecated) "xbuild"




[0;31mWarning:[0m could not find "msbuild", trying (deprecated) "xbuild"




[0;31mWarning:[0m could not find "msbuild", trying (deprecated) "xbuild"


Ex05a.fst(28,4-28,13): (Warning 240) Admitting Ex05a.rev_is_ok without a definition


[0;31mWarning:[0m could not find "msbuild", trying (deprecated) "xbuild"




[0;31mWarning:[0m could not find "msbuild", trying (deprecated) "xbuild"




[0;31mWarning:[0m could not find "msbuild", trying (deprecated) "xbuild"


Ex06a.fst(5,4-5,13): (Warning 240) Admitting Ex06a.partition without a definition


[0;31mWarning:[0m could not find "msbuild", trying (deprecated) "xbuild"




[0;31mWarning:[0m could not find "msbuild", trying (deprecated) "xbuild"




[0;31mWarning:[0m could not find "msbuild", trying (deprecated) "xbuild"


/home/everest/vsts-agent/_work/2/s/mitls-fstar/src/lowparse/LowParse.Spec.Base.fst(319,44-319,55): (Warning 288) FStar.Seq.Base.createEmpty is deprecated, use Seq.empty instead
/home/everest/vsts-agent/_work/2/s/mitls-fstar/src/lowparse/LowParse.Spec.Base.fst(320,36-320,47): (Warning 288) FStar.Seq.Base.createEmpty is deprecated, use Seq.empty instead
/home/everest/vsts-agent/_work/2/s/mitls-fstar/src/lowparse/LowParse.Spec.Base.fst(321,44-321,55): (Warning 288) FStar.Seq.Base.createEmpty is deprecated, use Seq.empty instead
/home/everest/vsts-agent/_work/2/s/mitls-fstar/src/lowparse/LowParse.Spec.Base.fst(322,45-322,56): (Warning 288) FStar.Seq.Base.createEmpty is deprecated, use Seq.empty instead
/home/everest/vsts-agent/_work/2/s/mitls-fstar/src/lowparse/LowParse.Spec.Base.fst(323,38-323,49): (Warning 288) FStar.Seq.Base.createEmpty is deprecated, use Seq.empty instead
/home/everest/vsts-agent/_work/2/s/mitls-fstar/src/lowparse/LowParse.Spec.Base.fst(324,39-324,50): (Warning 288) FStar.Seq.Base.createEmpty is deprecated, use Seq.empty instead
Ex06e.fst(18,4-18,8): (Warning 240) Admitting Ex06e.sort without a definition


[0;31mWarning:[0m could not find "msbuild", trying (deprecated) "xbuild"




[0;31mWarning:[0m could not find "msbuild", trying (deprecated) "xbuild"




[0;31mWarning:[0m could not find "msbuild", trying (deprecated) "xbuild"




[0;31mWarning:[0m could not find "msbuild", trying (deprecated) "xbuild"




[0;31mWarning:[0m could not find "msbuild", trying (deprecated) "xbuild"




[0;31mWarning:[0m could not find "msbuild", trying (deprecated) "xbuild"




[0;31mWarning:[0m could not find "msbuild", trying (deprecated) "xbuild"


/home/everest/vsts-agent/_work/2/s/hacl-star/code/lib/FStar.Endianness.fst(190,8-190,19): (Warning 288) FStar.Seq.Base.createEmpty is deprecated, use Seq.empty instead
/home/everest/vsts-agent/_work/2/s/hacl-star/code/lib/FStar.Endianness.fst(309,16-309,27): (Warning 288) FStar.Seq.Base.createEmpty is deprecated, use Seq.empty instead
/home/everest/vsts-agent/_work/2/s/hacl-star/code/lib/FStar.Endianness.fst(330,16-330,27): (Warning 288) FStar.Seq.Base.createEmpty is deprecated, use Seq.empty instead
/home/everest/vsts-agent/_work/2/s/hacl-star/code/lib/FStar.Endianness.fst(354,8-354,19): (Warning 288) FStar.Seq.Base.createEmpty is deprecated, use Seq.empty instead


[0;31mWarning:[0m could not find "msbuild", trying (deprecated) "xbuild"




[0;31mWarning:[0m could not find "msbuild", trying (deprecated) "xbuild"




[0;31mWarning:[0m could not find "msbuild", trying (deprecated) "xbuild"




[0;31mWarning:[0m could not find "msbuild", trying (deprecated) "xbuild"




[0;31mWarning:[0m could not find "msbuild", trying (deprecated) "xbuild"


Ex07a.fst(228,4-228,14): (Warning 240) Admitting Ex07a.typed_step without a definition


[0;31mWarning:[0m could not find "msbuild", trying (deprecated) "xbuild"


/home/everest/vsts-agent/_work/2/s/mitls-fstar/src/lowparse/LowParse.Bytes32.fst(60,29-60,40): (Warning 288) FStar.Seq.Base.createEmpty is deprecated, use Seq.empty instead
/home/everest/vsts-agent/_work/2/s/mitls-fstar/src/lowparse/LowParse.Bytes32.fst(61,45-61,56): (Warning 288) FStar.Seq.Base.createEmpty is deprecated, use Seq.empty instead


[0;31mWarning:[0m could not find "msbuild", trying (deprecated) "xbuild"




[0;31mWarning:[0m could not find "msbuild", trying (deprecated) "xbuild"




[0;31mWarning:[0m could not find "msbuild", trying (deprecated) "xbuild"




[0;31mWarning:[0m could not find "msbuild", trying (deprecated) "xbuild"




[0;31mWarning:[0m could not find "msbuild", trying (deprecated) "xbuild"




[0;31mWarning:[0m could not find "msbuild", trying (deprecated) "xbuild"




[0;31mWarning:[0m could not find "msbuild", trying (deprecated) "xbuild"




[0;31mWarning:[0m could not find "msbuild", trying (deprecated) "xbuild"




[0;31mWarning:[0m could not find "msbuild", trying (deprecated) "xbuild"




[0;31mWarning:[0m could not find "msbuild", trying (deprecated) "xbuild"




[0;31mWarning:[0m could not find "msbuild", trying (deprecated) "xbuild"


bug185.fst(33,15-33,21): (Warning 252) (Hint-replay failed): assertion failed (see also bug185.fst(33,22-33,48))


[0;31mWarning:[0m could not find "msbuild", trying (deprecated) "xbuild"




[0;31mWarning:[0m could not find "msbuild", trying (deprecated) "xbuild"




[0;31mWarning:[0m could not find "msbuild", trying (deprecated) "xbuild"




[0;31mWarning:[0m could not find "msbuild", trying (deprecated) "xbuild"




[0;31mWarning:[0m could not find "msbuild", trying (deprecated) "xbuild"




[0;31mWarning:[0m could not find "msbuild", trying (deprecated) "xbuild"




[0;31mWarning:[0m could not find "msbuild", trying (deprecated) "xbuild"




[0;31mWarning:[0m could not find "msbuild", trying (deprecated) "xbuild"




[0;31mWarning:[0m could not find "msbuild", trying (deprecated) "xbuild"




[0;31mWarning:[0m could not find "msbuild", trying (deprecated) "xbuild"




[0;31mWarning:[0m could not find "msbuild", trying (deprecated) "xbuild"




[0;31mWarning:[0m could not find "msbuild", trying (deprecated) "xbuild"




[0;31mWarning:[0m could not find "msbuild", trying (deprecated) "xbuild"




[0;31mWarning:[0m could not find "msbuild", trying (deprecated) "xbuild"




[0;31mWarning:[0m could not find "msbuild", trying (deprecated) "xbuild"




[0;31mWarning:[0m could not find "msbuild", trying (deprecated) "xbuild"




[0;31mWarning:[0m could not find "msbuild", trying (deprecated) "xbuild"


Ex07d.fst(225,4-225,8): (Warning 240) Admitting Ex07d.eval without a definition


[0;31mWarning:[0m could not find "msbuild", trying (deprecated) "xbuild"




[0;31mWarning:[0m could not find "msbuild", trying (deprecated) "xbuild"




[0;31mWarning:[0m could not find "msbuild", trying (deprecated) "xbuild"




[0;31mWarning:[0m could not find "msbuild", trying (deprecated) "xbuild"


Ex10a.fst(24,0-24,22): (Warning 272) Top-level let-bindings must be total; this term may have effects
Ex10a.fst(24,0-24,22): (Warning 272) Top-level let-bindings must be total; this term may have effects
Ex10a.fst(24,0-24,22): (Warning 272) Top-level let-bindings must be total; this term may have effects
Ex10a.fst(24,0-24,22): (Warning 272) Top-level let-bindings must be total; this term may have effects


[0;31mWarning:[0m could not find "msbuild", trying (deprecated) "xbuild"




[0;31mWarning:[0m could not find "msbuild", trying (deprecated) "xbuild"




[0;31mWarning:[0m could not find "msbuild", trying (deprecated) "xbuild"




[0;31mWarning:[0m could not find "msbuild", trying (deprecated) "xbuild"




[0;31mWarning:[0m could not find "msbuild", trying (deprecated) "xbuild"




[0;31mWarning:[0m could not find "msbuild", trying (deprecated) "xbuild"




[0;31mWarning:[0m could not find "msbuild", trying (deprecated) "xbuild"




[0;31mWarning:[0m could not find "msbuild", trying (deprecated) "xbuild"




[0;31mWarning:[0m could not find "msbuild", trying (deprecated) "xbuild"




[0;31mWarning:[0m could not find "msbuild", trying (deprecated) "xbuild"




[0;31mWarning:[0m could not find "msbuild", trying (deprecated) "xbuild"




[0;31mWarning:[0m could not find "msbuild", trying (deprecated) "xbuild"




[0;31mWarning:[0m could not find "msbuild", trying (deprecated) "xbuild"




[0;31mWarning:[0m could not find "msbuild", trying (deprecated) "xbuild"




[0;31mWarning:[0m could not find "msbuild", trying (deprecated) "xbuild"




[0;31mWarning:[0m could not find "msbuild", trying (deprecated) "xbuild"




[0;31mWarning:[0m could not find "msbuild", trying (deprecated) "xbuild"




[0;31mWarning:[0m could not find "msbuild", trying (deprecated) "xbuild"




[0;31mWarning:[0m could not find "msbuild", trying (deprecated) "xbuild"




[0;31mWarning:[0m could not find "msbuild", trying (deprecated) "xbuild"


Huffman.fst(182,53-182,54): (Warning 252) (Hint-replay failed): Subtyping check failed; expected type s:
Huffman.symbol
{%[ bs; if Leaf? t' && Cons? bs then 1 else 0 ] << %[ bs; if Leaf? t && Cons? bs then 1 else 0 ]}; got type Huffman.symbol (see also Huffman.fst(180,2-184,60))


[0;31mWarning:[0m could not find "msbuild", trying (deprecated) "xbuild"




[0;31mWarning:[0m could not find "msbuild", trying (deprecated) "xbuild"




[0;31mWarning:[0m could not find "msbuild", trying (deprecated) "xbuild"




[0;31mWarning:[0m could not find "msbuild", trying (deprecated) "xbuild"




[0;31mWarning:[0m could not find "msbuild", trying (deprecated) "xbuild"


Ex10a.fst(26,0-26,22): (Warning 272) Top-level let-bindings must be total; this term may have effects
Ex10a.fst(26,0-26,22): (Warning 272) Top-level let-bindings must be total; this term may have effects
Ex10a.fst(26,0-26,22): (Warning 272) Top-level let-bindings must be total; this term may have effects
Ex10a.fst(26,0-26,22): (Warning 272) Top-level let-bindings must be total; this term may have effects


[0;31mWarning:[0m could not find "msbuild", trying (deprecated) "xbuild"




[0;31mWarning:[0m could not find "msbuild", trying (deprecated) "xbuild"




[0;31mWarning:[0m could not find "msbuild", trying (deprecated) "xbuild"




[0;31mWarning:[0m could not find "msbuild", trying (deprecated) "xbuild"




[0;31mWarning:[0m could not find "msbuild", trying (deprecated) "xbuild"




[0;31mWarning:[0m could not find "msbuild", trying (deprecated) "xbuild"




[0;31mWarning:[0m could not find "msbuild", trying (deprecated) "xbuild"




[0;31mWarning:[0m could not find "msbuild", trying (deprecated) "xbuild"


Ex12.MAC.fst(41,0-41,41): (Warning 272) Top-level let-bindings must be total; this term may have effects
Ex12.MAC.fst(41,0-41,41): (Warning 272) Top-level let-bindings must be total; this term may have effects
Ex12a.ACLs.fst(59,0-59,48): (Warning 272) Top-level let-bindings must be total; this term may have effects
Ex12a1.Cap.fst(23,0-23,26): (Warning 272) Top-level let-bindings must be total; this term may have effects
Ex12a1.Cap.fst(23,0-23,26): (Warning 272) Top-level let-bindings must be total; this term may have effects
Ex12a1.Cap.fst(23,0-23,26): (Warning 272) Top-level let-bindings must be total; this term may have effects
Ex12a1.Cap.fst(23,0-23,26): (Warning 272) Top-level let-bindings must be total; this term may have effects


[0;31mWarning:[0m could not find "msbuild", trying (deprecated) "xbuild"




[0;31mWarning:[0m could not find "msbuild", trying (deprecated) "xbuild"




[0;31mWarning:[0m could not find "msbuild", trying (deprecated) "xbuild"




[0;31mWarning:[0m could not find "msbuild", trying (deprecated) "xbuild"


/home/everest/vsts-agent/_work/2/s/hacl-star/secure_api/utils/Crypto.Symmetric.Bytes.fst(89,8-89,19): (Warning 288) FStar.Seq.Base.createEmpty is deprecated, use Seq.empty instead
/home/everest/vsts-agent/_work/2/s/hacl-star/secure_api/utils/Crypto.Symmetric.Bytes.fst(447,16-447,27): (Warning 288) FStar.Seq.Base.createEmpty is deprecated, use Seq.empty instead
/home/everest/vsts-agent/_work/2/s/hacl-star/secure_api/utils/Crypto.Symmetric.Bytes.fst(472,16-472,27): (Warning 288) FStar.Seq.Base.createEmpty is deprecated, use Seq.empty instead
/home/everest/vsts-agent/_work/2/s/hacl-star/secure_api/utils/Crypto.Symmetric.Bytes.fst(518,8-518,19): (Warning 288) FStar.Seq.Base.createEmpty is deprecated, use Seq.empty instead


[0;31mWarning:[0m could not find "msbuild", trying (deprecated) "xbuild"




[0;31mWarning:[0m could not find "msbuild", trying (deprecated) "xbuild"




[0;31mWarning:[0m could not find "msbuild", trying (deprecated) "xbuild"


Ex12b1.Format.fst(97,4-97,18): (Warning 240) Admitting Ex12b1.Format.resp_injective without a definition
Ex12b1.Format.fst(91,4-91,17): (Warning 240) Admitting Ex12b1.Format.req_injective without a definition
Ex12b1.Format.fst(85,4-85,21): (Warning 240) Admitting Ex12b1.Format.req_resp_distinct without a definition


[0;31mWarning:[0m could not find "msbuild", trying (deprecated) "xbuild"




[0;31mWarning:[0m could not find "msbuild", trying (deprecated) "xbuild"




[0;31mWarning:[0m could not find "msbuild", trying (deprecated) "xbuild"




[0;31mWarning:[0m could not find "msbuild", trying (deprecated) "xbuild"




[0;31mWarning:[0m could not find "msbuild", trying (deprecated) "xbuild"


Encrypt_SymEnc.fst(30,0-30,27): (Warning 272) Top-level let-bindings must be total; this term may have effects
Encrypt_SymEnc.fst(30,0-30,27): (Warning 272) Top-level let-bindings must be total; this term may have effects


[0;31mWarning:[0m could not find "msbuild", trying (deprecated) "xbuild"




[0;31mWarning:[0m could not find "msbuild", trying (deprecated) "xbuild"




[0;31mWarning:[0m could not find "msbuild", trying (deprecated) "xbuild"




[0;31mWarning:[0m could not find "msbuild", trying (deprecated) "xbuild"


Ex12.MAC.fst(60,0-63,4): (Warning 272) Top-level let-bindings must be total; this term may have effects
Ex12.MAC.fst(60,0-63,4): (Warning 272) Top-level let-bindings must be total; this term may have effects
Ex12.MAC.fst(199,0-199,33): (Warning 272) Top-level let-bindings must be total; this term may have effects
Ex12.MAC.fst(199,0-199,33): (Warning 272) Top-level let-bindings must be total; this term may have effects
Ex12.MAC.fst(60,0-63,4): (Warning 272) Top-level let-bindings must be total; this term may have effects
Ex12.MAC.fst(60,0-63,4): (Warning 272) Top-level let-bindings must be total; this term may have effects
Ex12.MAC.fst(199,0-199,33): (Warning 272) Top-level let-bindings must be total; this term may have effects
Ex12.MAC.fst(199,0-199,33): (Warning 272) Top-level let-bindings must be total; this term may have effects


[0;31mWarning:[0m could not find "msbuild", trying (deprecated) "xbuild"




[0;31mWarning:[0m could not find "msbuild", trying (deprecated) "xbuild"




[0;31mWarning:[0m could not find "msbuild", trying (deprecated) "xbuild"




[0;31mWarning:[0m could not find "msbuild", trying (deprecated) "xbuild"


Encrypt_SymEnc.fst(30,0-30,27): (Warning 272) Top-level let-bindings must be total; this term may have effects


[0;31mWarning:[0m could not find "msbuild", trying (deprecated) "xbuild"




[0;31mWarning:[0m could not find "msbuild", trying (deprecated) "xbuild"




[0;31mWarning:[0m could not find "msbuild", trying (deprecated) "xbuild"




[0;31mWarning:[0m could not find "msbuild", trying (deprecated) "xbuild"


Ex12.MAC.fst(60,0-63,4): (Warning 272) Top-level let-bindings must be total; this term may have effects
Ex12.MAC.fst(199,0-199,33): (Warning 272) Top-level let-bindings must be total; this term may have effects
Ex12.MAC.fst(60,0-63,4): (Warning 272) Top-level let-bindings must be total; this term may have effects
Ex12.MAC.fst(199,0-199,33): (Warning 272) Top-level let-bindings must be total; this term may have effects
Ex12a.ACLs.fst(59,0-59,48): (Warning 272) Top-level let-bindings must be total; this term may have effects
Ex12a1.Cap.fst(21,0-21,26): (Warning 272) Top-level let-bindings must be total; this term may have effects
Ex12a1.Cap.fst(21,0-21,26): (Warning 272) Top-level let-bindings must be total; this term may have effects
Ex12a1.Cap.fst(21,0-21,26): (Warning 272) Top-level let-bindings must be total; this term may have effects
Ex12a1.Cap.fst(21,0-21,26): (Warning 272) Top-level let-bindings must be total; this term may have effects


[0;31mWarning:[0m could not find "msbuild", trying (deprecated) "xbuild"




[0;31mWarning:[0m could not find "msbuild", trying (deprecated) "xbuild"




[0;31mWarning:[0m could not find "msbuild", trying (deprecated) "xbuild"




[0;31mWarning:[0m could not find "msbuild", trying (deprecated) "xbuild"




[0;31mWarning:[0m could not find "msbuild", trying (deprecated) "xbuild"


Ex12.MAC.fst(60,0-63,4): (Warning 272) Top-level let-bindings must be total; this term may have effects
Ex12.MAC.fst(199,0-199,33): (Warning 272) Top-level let-bindings must be total; this term may have effects
Ex12.MAC.fst(60,0-63,4): (Warning 272) Top-level let-bindings must be total; this term may have effects
Ex12.MAC.fst(199,0-199,33): (Warning 272) Top-level let-bindings must be total; this term may have effects
Ex12a.ACLs.fst(59,0-59,48): (Warning 272) Top-level let-bindings must be total; this term may have effects
Ex12a2.Cap.fst(21,0-21,31): (Warning 272) Top-level let-bindings must be total; this term may have effects
Ex12a2.Cap.fst(21,0-21,31): (Warning 272) Top-level let-bindings must be total; this term may have effects
Ex12a2.Cap.fst(43,0-43,33): (Warning 272) Top-level let-bindings must be total; this term may have effects
Ex12a2.Cap.fst(43,0-43,33): (Warning 272) Top-level let-bindings must be total; this term may have effects
Ex12a2.Cap.fst(21,0-21,31): (Warning 272) Top-level let-bindings must be total; this term may have effects
Ex12a2.Cap.fst(21,0-21,31): (Warning 272) Top-level let-bindings must be total; this term may have effects
Ex12a2.Cap.fst(43,0-43,33): (Warning 272) Top-level let-bindings must be total; this term may have effects
Ex12a2.Cap.fst(43,0-43,33): (Warning 272) Top-level let-bindings must be total; this term may have effects


[0;31mWarning:[0m could not find "msbuild", trying (deprecated) "xbuild"




[0;31mWarning:[0m could not find "msbuild", trying (deprecated) "xbuild"




[0;31mWarning:[0m could not find "msbuild", trying (deprecated) "xbuild"




[0;31mWarning:[0m could not find "msbuild", trying (deprecated) "xbuild"




[0;31mWarning:[0m could not find "msbuild", trying (deprecated) "xbuild"




[0;31mWarning:[0m could not find "msbuild", trying (deprecated) "xbuild"




[0;31mWarning:[0m could not find "msbuild", trying (deprecated) "xbuild"




[0;31mWarning:[0m could not find "msbuild", trying (deprecated) "xbuild"




[0;31mWarning:[0m could not find "msbuild", trying (deprecated) "xbuild"


MAC.fst(45,0-45,53): (Warning 272) Top-level let-bindings must be total; this term may have effects
MAC.fst(45,0-45,53): (Warning 272) Top-level let-bindings must be total; this term may have effects


[0;31mWarning:[0m could not find "msbuild", trying (deprecated) "xbuild"




[0;31mWarning:[0m could not find "msbuild", trying (deprecated) "xbuild"




[0;31mWarning:[0m could not find "msbuild", trying (deprecated) "xbuild"




[0;31mWarning:[0m could not find "msbuild", trying (deprecated) "xbuild"


scons: *** [obj/arch/x64/Views.fst.verified.tmp] Error 1


[0;31mWarning:[0m could not find "msbuild", trying (deprecated) "xbuild"




[0;31mWarning:[0m could not find "msbuild", trying (deprecated) "xbuild"




[0;31mWarning:[0m could not find "msbuild", trying (deprecated) "xbuild"




[0;31mWarning:[0m could not find "msbuild", trying (deprecated) "xbuild"




[0;31mWarning:[0m could not find "msbuild", trying (deprecated) "xbuild"


Ex12f.TMAC.fst(26,4-26,10): (Warning 240) Admitting Ex12f.TMAC.verify without a definition
Ex12f.TMAC.fst(25,4-25,7): (Warning 240) Admitting Ex12f.TMAC.mac without a definition
Ex12f.TMAC.fst(24,4-24,10): (Warning 240) Admitting Ex12f.TMAC.keygen without a definition


[0;31mWarning:[0m could not find "msbuild", trying (deprecated) "xbuild"


Ex12b1.Format.fst(95,4-95,18): (Warning 240) Admitting Ex12b1.Format.resp_injective without a definition
Ex12b1.Format.fst(89,4-89,17): (Warning 240) Admitting Ex12b1.Format.req_injective without a definition
Ex12b1.Format.fst(83,4-83,21): (Warning 240) Admitting Ex12b1.Format.req_resp_distinct without a definition


[0;31mWarning:[0m could not find "msbuild", trying (deprecated) "xbuild"




[0;31mWarning:[0m could not find "msbuild", trying (deprecated) "xbuild"




[0;31mWarning:[0m could not find "msbuild", trying (deprecated) "xbuild"


Ex12g.TMAC2.fst(30,4-30,10): (Warning 240) Admitting Ex12g.TMAC2.verify without a definition
Ex12g.TMAC2.fst(29,4-29,7): (Warning 240) Admitting Ex12g.TMAC2.mac without a definition


[0;31mWarning:[0m could not find "msbuild", trying (deprecated) "xbuild"




[0;31mWarning:[0m could not find "msbuild", trying (deprecated) "xbuild"




[0;31mWarning:[0m could not find "msbuild", trying (deprecated) "xbuild"




[0;31mWarning:[0m could not find "msbuild", trying (deprecated) "xbuild"




[0;31mWarning:[0m could not find "msbuild", trying (deprecated) "xbuild"




[0;31mWarning:[0m could not find "msbuild", trying (deprecated) "xbuild"




[0;31mWarning:[0m could not find "msbuild", trying (deprecated) "xbuild"




[0;31mWarning:[0m could not find "msbuild", trying (deprecated) "xbuild"




[0;31mWarning:[0m could not find "msbuild", trying (deprecated) "xbuild"




[0;31mWarning:[0m could not find "msbuild", trying (deprecated) "xbuild"




[0;31mWarning:[0m could not find "msbuild", trying (deprecated) "xbuild"




[0;31mWarning:[0m could not find "msbuild", trying (deprecated) "xbuild"




[0;31mWarning:[0m could not find "msbuild", trying (deprecated) "xbuild"




[0;31mWarning:[0m could not find "msbuild", trying (deprecated) "xbuild"




[0;31mWarning:[0m could not find "msbuild", trying (deprecated) "xbuild"


MAC.fst(45,0-45,53): (Warning 272) Top-level let-bindings must be total; this term may have effects


[0;31mWarning:[0m could not find "msbuild", trying (deprecated) "xbuild"




[0;31mWarning:[0m could not find "msbuild", trying (deprecated) "xbuild"




[0;31mWarning:[0m could not find "msbuild", trying (deprecated) "xbuild"


LowStar.Ex3.fst(52,28-52,39): (Warning 288) FStar.Seq.Base.createEmpty is deprecated, use Seq.empty instead


[0;31mWarning:[0m could not find "msbuild", trying (deprecated) "xbuild"


Ex12.MAC.fst(60,0-63,4): (Warning 272) Top-level let-bindings must be total; this term may have effects
Ex12.MAC.fst(199,0-199,33): (Warning 272) Top-level let-bindings must be total; this term may have effects
Ex12.MAC.fst(60,0-63,4): (Warning 272) Top-level let-bindings must be total; this term may have effects
Ex12.MAC.fst(199,0-199,33): (Warning 272) Top-level let-bindings must be total; this term may have effects
Ex12b.RPC.fst(15,0-15,53): (Warning 272) Top-level let-bindings must be total; this term may have effects
Ex12b.RPC.fst(15,0-15,53): (Warning 272) Top-level let-bindings must be total; this term may have effects
Ex12b.RPC.fst(27,0-27,36): (Warning 272) Top-level let-bindings must be total; this term may have effects
Ex12b.RPC.fst(27,0-27,36): (Warning 272) Top-level let-bindings must be total; this term may have effects
Ex12b.RPC.fst(56,8-56,57): (Warning 272) Top-level let-bindings must be total; this term may have effects
Ex12b.RPC.fst(56,8-56,57): (Warning 272) Top-level let-bindings must be total; this term may have effects
Ex12b.RPC.fst(85,0-86,16): (Warning 272) Top-level let-bindings must be total; this term may have effects
Ex12b.RPC.fst(85,0-86,16): (Warning 272) Top-level let-bindings must be total; this term may have effects
Ex12b.RPC.fst(166,0-166,17): (Warning 272) Top-level let-bindings must be total; this term may have effects
Ex12b.RPC.fst(166,0-166,17): (Warning 272) Top-level let-bindings must be total; this term may have effects
Ex12b.RPC.fst(27,0-27,36): (Warning 272) Top-level let-bindings must be total; this term may have effects
Ex12b.RPC.fst(27,0-27,36): (Warning 272) Top-level let-bindings must be total; this term may have effects
Ex12b.RPC.fst(56,8-56,57): (Warning 272) Top-level let-bindings must be total; this term may have effects
Ex12b.RPC.fst(56,8-56,57): (Warning 272) Top-level let-bindings must be total; this term may have effects
Ex12b.RPC.fst(85,0-86,16): (Warning 272) Top-level let-bindings must be total; this term may have effects
Ex12b.RPC.fst(85,0-86,16): (Warning 272) Top-level let-bindings must be total; this term may have effects


[0;31mWarning:[0m could not find "msbuild", trying (deprecated) "xbuild"




[0;31mWarning:[0m could not find "msbuild", trying (deprecated) "xbuild"


MAC.fst(45,0-45,53): (Warning 272) Top-level let-bindings must be total; this term may have effects
RPC.fst(9,0-9,53): (Warning 272) Top-level let-bindings must be total; this term may have effects
RPC.fst(9,0-9,53): (Warning 272) Top-level let-bindings must be total; this term may have effects
RPC.fst(23,0-23,39): (Warning 272) Top-level let-bindings must be total; this term may have effects
RPC.fst(23,0-23,39): (Warning 272) Top-level let-bindings must be total; this term may have effects
RPC.fst(48,0-49,16): (Warning 272) Top-level let-bindings must be total; this term may have effects
RPC.fst(48,0-49,16): (Warning 272) Top-level let-bindings must be total; this term may have effects
RPC.fst(116,0-116,17): (Warning 272) Top-level let-bindings must be total; this term may have effects
RPC.fst(116,0-116,17): (Warning 272) Top-level let-bindings must be total; this term may have effects


[0;31mWarning:[0m could not find "msbuild", trying (deprecated) "xbuild"




[0;31mWarning:[0m could not find "msbuild", trying (deprecated) "xbuild"




[0;31mWarning:[0m could not find "msbuild", trying (deprecated) "xbuild"




[0;31mWarning:[0m could not find "msbuild", trying (deprecated) "xbuild"




[0;31mWarning:[0m could not find "msbuild", trying (deprecated) "xbuild"


MAC.fst(45,0-45,53): (Warning 272) Top-level let-bindings must be total; this term may have effects
CntProtocol.fst(12,0-12,53): (Warning 272) Top-level let-bindings must be total; this term may have effects
CntProtocol.fst(12,0-12,53): (Warning 272) Top-level let-bindings must be total; this term may have effects
CntProtocol.fst(27,0-27,26): (Warning 272) Top-level let-bindings must be total; this term may have effects
CntProtocol.fst(27,0-27,26): (Warning 272) Top-level let-bindings must be total; this term may have effects
CntProtocol.fst(30,0-30,54): (Warning 272) Top-level let-bindings must be total; this term may have effects
CntProtocol.fst(30,0-30,54): (Warning 272) Top-level let-bindings must be total; this term may have effects
CntProtocol.fst(33,0-33,54): (Warning 272) Top-level let-bindings must be total; this term may have effects
CntProtocol.fst(33,0-33,54): (Warning 272) Top-level let-bindings must be total; this term may have effects
CntProtocol.fst(97,0-97,39): (Warning 272) Top-level let-bindings must be total; this term may have effects
CntProtocol.fst(97,0-97,39): (Warning 272) Top-level let-bindings must be total; this term may have effects
CntProtocol.fst(124,0-124,18): (Warning 272) Top-level let-bindings must be total; this term may have effects
CntProtocol.fst(124,0-124,18): (Warning 272) Top-level let-bindings must be total; this term may have effects
CntProtocol.fst(168,0-184,5): (Warning 272) Top-level let-bindings must be total; this term may have effects
CntProtocol.fst(168,0-184,5): (Warning 272) Top-level let-bindings must be total; this term may have effects


[0;31mWarning:[0m could not find "msbuild", trying (deprecated) "xbuild"




[0;31mWarning:[0m could not find "msbuild", trying (deprecated) "xbuild"




[0;31mWarning:[0m could not find "msbuild", trying (deprecated) "xbuild"




[0;31mWarning:[0m could not find "msbuild", trying (deprecated) "xbuild"




[0;31mWarning:[0m could not find "msbuild", trying (deprecated) "xbuild"




[0;31mWarning:[0m could not find "msbuild", trying (deprecated) "xbuild"




[0;31mWarning:[0m could not find "msbuild", trying (deprecated) "xbuild"




[0;31mWarning:[0m could not find "msbuild", trying (deprecated) "xbuild"




[0;31mWarning:[0m could not find "msbuild", trying (deprecated) "xbuild"




[0;31mWarning:[0m could not find "msbuild", trying (deprecated) "xbuild"


/home/everest/vsts-agent/_work/2/s/ulib/FStar.Seq.Base.fst(59,28-59,35): (Warning 288) FStar.Seq.Base.of_list is deprecated, use seq_of_list instead
/home/everest/vsts-agent/_work/2/s/ulib/FStar.Seq.Base.fst(60,27-60,34): (Warning 288) FStar.Seq.Base.of_list is deprecated, use seq_of_list instead
/home/everest/vsts-agent/_work/2/s/ulib/FStar.Seq.Base.fst(64,27-64,34): (Warning 288) FStar.Seq.Base.of_list is deprecated, use seq_of_list instead
/home/everest/vsts-agent/_work/2/s/ulib/FStar.Seq.Base.fst(65,26-65,33): (Warning 288) FStar.Seq.Base.of_list is deprecated, use seq_of_list instead
/home/everest/vsts-agent/_work/2/s/ulib/FStar.Seq.Properties.fst(937,33-937,40): (Warning 288) FStar.Seq.Base.of_list is deprecated, use seq_of_list instead
/home/everest/vsts-agent/_work/2/s/ulib/FStar.Seq.Properties.fst(938,55-938,62): (Warning 288) FStar.Seq.Base.of_list is deprecated, use seq_of_list instead
/home/everest/vsts-agent/_work/2/s/ulib/FStar.Seq.Properties.fst(938,30-938,37): (Warning 288) FStar.Seq.Base.of_list is deprecated, use seq_of_list instead
/home/everest/vsts-agent/_work/2/s/ulib/FStar.Seq.Properties.fst(940,53-940,60): (Warning 288) FStar.Seq.Base.of_list is deprecated, use seq_of_list instead
/home/everest/vsts-agent/_work/2/s/ulib/FStar.Seq.Properties.fst(945,34-945,41): (Warning 288) FStar.Seq.Base.of_list is deprecated, use seq_of_list instead


[0;31mWarning:[0m could not find "msbuild", trying (deprecated) "xbuild"




[0;31mWarning:[0m could not find "msbuild", trying (deprecated) "xbuild"


/home/everest/vsts-agent/_work/2/s/ulib/FStar.Seq.Base.fst(59,28-59,35): (Warning 288) FStar.Seq.Base.of_list is deprecated, use seq_of_list instead
/home/everest/vsts-agent/_work/2/s/ulib/FStar.Seq.Base.fst(60,27-60,34): (Warning 288) FStar.Seq.Base.of_list is deprecated, use seq_of_list instead
/home/everest/vsts-agent/_work/2/s/ulib/FStar.Seq.Base.fst(64,27-64,34): (Warning 288) FStar.Seq.Base.of_list is deprecated, use seq_of_list instead
/home/everest/vsts-agent/_work/2/s/ulib/FStar.Seq.Base.fst(65,26-65,33): (Warning 288) FStar.Seq.Base.of_list is deprecated, use seq_of_list instead
/home/everest/vsts-agent/_work/2/s/ulib/FStar.Seq.Properties.fst(937,33-937,40): (Warning 288) FStar.Seq.Base.of_list is deprecated, use seq_of_list instead
/home/everest/vsts-agent/_work/2/s/ulib/FStar.Seq.Properties.fst(938,55-938,62): (Warning 288) FStar.Seq.Base.of_list is deprecated, use seq_of_list instead
/home/everest/vsts-agent/_work/2/s/ulib/FStar.Seq.Properties.fst(938,30-938,37): (Warning 288) FStar.Seq.Base.of_list is deprecated, use seq_of_list instead
/home/everest/vsts-agent/_work/2/s/ulib/FStar.Seq.Properties.fst(940,53-940,60): (Warning 288) FStar.Seq.Base.of_list is deprecated, use seq_of_list instead
/home/everest/vsts-agent/_work/2/s/ulib/FStar.Seq.Properties.fst(945,34-945,41): (Warning 288) FStar.Seq.Base.of_list is deprecated, use seq_of_list instead


[0;31mWarning:[0m could not find "msbuild", trying (deprecated) "xbuild"




[0;31mWarning:[0m could not find "msbuild", trying (deprecated) "xbuild"




[0;31mWarning:[0m could not find "msbuild", trying (deprecated) "xbuild"




[0;31mWarning:[0m could not find "msbuild", trying (deprecated) "xbuild"




[0;31mWarning:[0m could not find "msbuild", trying (deprecated) "xbuild"




[0;31mWarning:[0m could not find "msbuild", trying (deprecated) "xbuild"


EtM.CPA.fst(46,21-46,32): (Warning 288) FStar.Seq.Base.createEmpty is deprecated, use Seq.empty instead
EtM.CPA.fst(55,34-55,45): (Warning 288) FStar.Seq.Base.createEmpty is deprecated, use Seq.empty instead


[0;31mWarning:[0m could not find "msbuild", trying (deprecated) "xbuild"




[0;31mWarning:[0m could not find "msbuild", trying (deprecated) "xbuild"




[0;31mWarning:[0m could not find "msbuild", trying (deprecated) "xbuild"




[0;31mWarning:[0m could not find "msbuild", trying (deprecated) "xbuild"


bug1091.fst(18,50-18,66): (Warning 252) Subtyping check failed; expected type FStar.UInt.uint_t (*?u19*) _; got type n: Prims.nat{n < Prims.pow2 128} (see also FStar.UInt.fst(52,28-52,36))
bug1091.fst(24,91-24,92): (Warning 252) could not prove post-condition (see also bug1091.fst(24,21-24,86))
bug1091.fst(82,26-82,40): (Warning 252) Failed to verify implicit argument: (*?u26*) _ (Introduced at bug1091.fst(82,26-82,40) for Instantiating implicit argument in application resolved at bug1091.fst(81,0-82,77)) :: Subtyping check failed; expected type Prims.eqtype; got type Type (see also prims.fst(27,21-27,28))
bug1091.fst(82,51-82,65): (Warning 252) Failed to verify implicit argument: (*?u26*) _ (Introduced at bug1091.fst(82,51-82,65) for Instantiating implicit argument in application resolved at bug1091.fst(81,0-82,77)) :: Subtyping check failed; expected type Prims.eqtype; got type Type (see also prims.fst(27,21-27,28))
bug1091.fst(82,26-82,40): (Warning 252) Failed to verify implicit argument: (*?u26*) _ (Introduced at bug1091.fst(82,26-82,40) for flex-flex quasi:	lhs=Instantiating implicit argument in application	rhs=Instantiating implicit argument in application resolved at bug1091.fst(81,0-82,77)) :: Subtyping check failed; expected type Prims.eqtype; got type Type (see also prims.fst(27,21-27,28))
bug1091.fst(93,55-93,56): (Warning 252) Subtyping check failed; expected type n: Prims.int{%[ m - 1; n ] << %[ m; n ]}; got type Prims.int (see also bug1091.fst(92,2-94,78))


[0;31mWarning:[0m could not find "msbuild", trying (deprecated) "xbuild"




[0;31mWarning:[0m could not find "msbuild", trying (deprecated) "xbuild"




[0;31mWarning:[0m could not find "msbuild", trying (deprecated) "xbuild"




[0;31mWarning:[0m could not find "msbuild", trying (deprecated) "xbuild"




[0;31mWarning:[0m could not find "msbuild", trying (deprecated) "xbuild"




[0;31mWarning:[0m could not find "msbuild", trying (deprecated) "xbuild"




[0;31mWarning:[0m could not find "msbuild", trying (deprecated) "xbuild"


ScopeOfBinderGuard.fst(9,47-9,48): (Warning 252) Subtyping check failed; expected type Prims.unit; got type ScopeOfBinderGuard.bool_t (see also ScopeOfBinderGuard.fst(9,17-9,18))
ScopeOfBinderGuard.fst(9,47-9,48): (Warning 252) Subtyping check failed; expected type Prims.unit; got type ScopeOfBinderGuard.bool_t (see also ScopeOfBinderGuard.fst(9,17-9,18))
ScopeOfBinderGuard.fst(9,47-9,48): (Warning 252) Subtyping check failed; expected type Prims.unit; got type ScopeOfBinderGuard.bool_t (see also ScopeOfBinderGuard.fst(9,17-9,18))
ScopeOfBinderGuard.fst(9,47-9,48): (Warning 252) Subtyping check failed; expected type Prims.unit; got type ScopeOfBinderGuard.bool_t (see also ScopeOfBinderGuard.fst(9,17-9,18))
ScopeOfBinderGuard.fst(11,46-11,47): (Warning 252) Subtyping check failed; expected type Prims.bool; got type ScopeOfBinderGuard.t false (see also ScopeOfBinderGuard.fst(11,26-11,27))
ScopeOfBinderGuard.fst(11,46-11,47): (Warning 252) Subtyping check failed; expected type Prims.bool; got type ScopeOfBinderGuard.t false (see also ScopeOfBinderGuard.fst(11,26-11,27))
ScopeOfBinderGuard.fst(11,46-11,47): (Warning 252) Subtyping check failed; expected type Prims.bool; got type ScopeOfBinderGuard.t false (see also ScopeOfBinderGuard.fst(11,26-11,27))
ScopeOfBinderGuard.fst(11,46-11,47): (Warning 252) Subtyping check failed; expected type Prims.bool; got type ScopeOfBinderGuard.t false (see also ScopeOfBinderGuard.fst(11,26-11,27))


[0;31mWarning:[0m could not find "msbuild", trying (deprecated) "xbuild"




[0;31mWarning:[0m could not find "msbuild", trying (deprecated) "xbuild"




[0;31mWarning:[0m could not find "msbuild", trying (deprecated) "xbuild"




[0;31mWarning:[0m could not find "msbuild", trying (deprecated) "xbuild"




[0;31mWarning:[0m could not find "msbuild", trying (deprecated) "xbuild"




[0;31mWarning:[0m could not find "msbuild", trying (deprecated) "xbuild"




[0;31mWarning:[0m could not find "msbuild", trying (deprecated) "xbuild"




[0;31mWarning:[0m could not find "msbuild", trying (deprecated) "xbuild"




[0;31mWarning:[0m could not find "msbuild", trying (deprecated) "xbuild"




[0;31mWarning:[0m could not find "msbuild", trying (deprecated) "xbuild"




[0;31mWarning:[0m could not find "msbuild", trying (deprecated) "xbuild"


../Makefile.common:55: .depend: No such file or directory


[0;31mWarning:[0m could not find "msbuild", trying (deprecated) "xbuild"




[0;31mWarning:[0m could not find "msbuild", trying (deprecated) "xbuild"




[0;31mWarning:[0m could not find "msbuild", trying (deprecated) "xbuild"




[0;31mWarning:[0m could not find "msbuild", trying (deprecated) "xbuild"




[0;31mWarning:[0m could not find "msbuild", trying (deprecated) "xbuild"




[0;31mWarning:[0m could not find "msbuild", trying (deprecated) "xbuild"




[0;31mWarning:[0m could not find "msbuild", trying (deprecated) "xbuild"


/home/everest/vsts-agent/_work/2/s/ulib/FStar.Seq.Base.fst(59,28-59,35): (Warning 288) FStar.Seq.Base.of_list is deprecated, use seq_of_list instead
/home/everest/vsts-agent/_work/2/s/ulib/FStar.Seq.Base.fst(60,27-60,34): (Warning 288) FStar.Seq.Base.of_list is deprecated, use seq_of_list instead
/home/everest/vsts-agent/_work/2/s/ulib/FStar.Seq.Base.fst(64,27-64,34): (Warning 288) FStar.Seq.Base.of_list is deprecated, use seq_of_list instead
/home/everest/vsts-agent/_work/2/s/ulib/FStar.Seq.Base.fst(65,26-65,33): (Warning 288) FStar.Seq.Base.of_list is deprecated, use seq_of_list instead
/home/everest/vsts-agent/_work/2/s/ulib/FStar.Seq.Properties.fst(937,33-937,40): (Warning 288) FStar.Seq.Base.of_list is deprecated, use seq_of_list instead
/home/everest/vsts-agent/_work/2/s/ulib/FStar.Seq.Properties.fst(938,55-938,62): (Warning 288) FStar.Seq.Base.of_list is deprecated, use seq_of_list instead
/home/everest/vsts-agent/_work/2/s/ulib/FStar.Seq.Properties.fst(938,30-938,37): (Warning 288) FStar.Seq.Base.of_list is deprecated, use seq_of_list instead
/home/everest/vsts-agent/_work/2/s/ulib/FStar.Seq.Properties.fst(940,53-940,60): (Warning 288) FStar.Seq.Base.of_list is deprecated, use seq_of_list instead
/home/everest/vsts-agent/_work/2/s/ulib/FStar.Seq.Properties.fst(945,34-945,41): (Warning 288) FStar.Seq.Base.of_list is deprecated, use seq_of_list instead


[0;31mWarning:[0m could not find "msbuild", trying (deprecated) "xbuild"




[0;31mWarning:[0m could not find "msbuild", trying (deprecated) "xbuild"




[0;31mWarning:[0m could not find "msbuild", trying (deprecated) "xbuild"




[0;31mWarning:[0m could not find "msbuild", trying (deprecated) "xbuild"




[0;31mWarning:[0m could not find "msbuild", trying (deprecated) "xbuild"




[0;31mWarning:[0m could not find "msbuild", trying (deprecated) "xbuild"




[0;31mWarning:[0m could not find "msbuild", trying (deprecated) "xbuild"


/home/everest/vsts-agent/_work/2/s/ulib/FStar.Seq.Base.fst(59,28-59,35): (Warning 288) FStar.Seq.Base.of_list is deprecated, use seq_of_list instead
/home/everest/vsts-agent/_work/2/s/ulib/FStar.Seq.Base.fst(60,27-60,34): (Warning 288) FStar.Seq.Base.of_list is deprecated, use seq_of_list instead
/home/everest/vsts-agent/_work/2/s/ulib/FStar.Seq.Base.fst(64,27-64,34): (Warning 288) FStar.Seq.Base.of_list is deprecated, use seq_of_list instead
/home/everest/vsts-agent/_work/2/s/ulib/FStar.Seq.Base.fst(65,26-65,33): (Warning 288) FStar.Seq.Base.of_list is deprecated, use seq_of_list instead
/home/everest/vsts-agent/_work/2/s/ulib/FStar.Seq.Properties.fst(937,33-937,40): (Warning 288) FStar.Seq.Base.of_list is deprecated, use seq_of_list instead
/home/everest/vsts-agent/_work/2/s/ulib/FStar.Seq.Properties.fst(938,55-938,62): (Warning 288) FStar.Seq.Base.of_list is deprecated, use seq_of_list instead
/home/everest/vsts-agent/_work/2/s/ulib/FStar.Seq.Properties.fst(938,30-938,37): (Warning 288) FStar.Seq.Base.of_list is deprecated, use seq_of_list instead
/home/everest/vsts-agent/_work/2/s/ulib/FStar.Seq.Properties.fst(940,53-940,60): (Warning 288) FStar.Seq.Base.of_list is deprecated, use seq_of_list instead
/home/everest/vsts-agent/_work/2/s/ulib/FStar.Seq.Properties.fst(945,34-945,41): (Warning 288) FStar.Seq.Base.of_list is deprecated, use seq_of_list instead
EtM.CPA.fst(46,21-46,32): (Warning 288) FStar.Seq.Base.createEmpty is deprecated, use Seq.empty instead
EtM.CPA.fst(55,34-55,45): (Warning 288) FStar.Seq.Base.createEmpty is deprecated, use Seq.empty instead
EtM.MAC.fst(59,21-59,32): (Warning 288) FStar.Seq.Base.createEmpty is deprecated, use Seq.empty instead
EtM.MAC.fst(72,34-72,45): (Warning 288) FStar.Seq.Base.createEmpty is deprecated, use Seq.empty instead


[0;31mWarning:[0m could not find "msbuild", trying (deprecated) "xbuild"




[0;31mWarning:[0m could not find "msbuild", trying (deprecated) "xbuild"




[0;31mWarning:[0m could not find "msbuild", trying (deprecated) "xbuild"




[0;31mWarning:[0m could not find "msbuild", trying (deprecated) "xbuild"


Benton2004.RHL.fst(258,2-258,4): (Warning 252) (Hint-replay failed): could not prove post-condition (see also Benton2004.RHL.fst(254,2-257,3))
Benton2004.RHL.fst(459,4-459,19): (Warning 252) (Hint-replay failed): assertion failed (see also Benton2004.RHL.fst(443,4-443,84))
Benton2004.RHL.fst(513,63-513,152): (Warning 252) (Hint-replay failed): assertion failed


[0;31mWarning:[0m could not find "msbuild", trying (deprecated) "xbuild"




[0;31mWarning:[0m could not find "msbuild", trying (deprecated) "xbuild"




[0;31mWarning:[0m could not find "msbuild", trying (deprecated) "xbuild"




[0;31mWarning:[0m could not find "msbuild", trying (deprecated) "xbuild"




[0;31mWarning:[0m could not find "msbuild", trying (deprecated) "xbuild"




[0;31mWarning:[0m could not find "msbuild", trying (deprecated) "xbuild"




[0;31mWarning:[0m could not find "msbuild", trying (deprecated) "xbuild"




[0;31mWarning:[0m could not find "msbuild", trying (deprecated) "xbuild"




[0;31mWarning:[0m could not find "msbuild", trying (deprecated) "xbuild"




[0;31mWarning:[0m could not find "msbuild", trying (deprecated) "xbuild"


FStar.Pointer.Base.fst(992,23-992,24): (Warning 252) (Hint-replay failed): Subtyping check failed; expected type FStar.Pointer.Base.otype_of_struct_field l fd; got type FStar.Pointer.Base.otype_of_typ to (see also FStar.Pointer.Base.fst(945,3-945,4))
FStar.Pointer.Base.fst(4149,5-4149,28): (Warning 252) (Hint-replay failed): assertion failed (see also FStar.ModifiesGen.fsti(382,40-382,61))
FStar.Pointer.Base.fst(4152,5-4152,28): (Warning 252) (Hint-replay failed): assertion failed (see also FStar.ModifiesGen.fsti(382,40-382,61))


[0;31mWarning:[0m could not find "msbuild", trying (deprecated) "xbuild"




[0;31mWarning:[0m could not find "msbuild", trying (deprecated) "xbuild"




[0;31mWarning:[0m could not find "msbuild", trying (deprecated) "xbuild"




[0;31mWarning:[0m could not find "msbuild", trying (deprecated) "xbuild"


StlcStrongDbParSubst.fst(203,27-203,29): (Warning 252) (Hint-replay failed): Subtyping check failed; expected type StlcStrongDbParSubst.typing g
(StlcStrongDbParSubst.sub_beta v y)
(Some?.v (StlcStrongDbParSubst.extend t_x g y)); got type StlcStrongDbParSubst.typing g v t_x (see also StlcStrongDbParSubst.fst(170,46-201,36))
StlcStrongDbParSubst.fst(203,27-203,29): (Warning 252) (Hint-replay failed): Subtyping check failed; expected type StlcStrongDbParSubst.typing g
(StlcStrongDbParSubst.sub_beta v y)
(Some?.v (StlcStrongDbParSubst.extend t_x g y)); got type StlcStrongDbParSubst.typing g v t_x (see also StlcStrongDbParSubst.fst(170,46-201,36))


[0;31mWarning:[0m could not find "msbuild", trying (deprecated) "xbuild"




[0;31mWarning:[0m could not find "msbuild", trying (deprecated) "xbuild"




[0;31mWarning:[0m could not find "msbuild", trying (deprecated) "xbuild"




[0;31mWarning:[0m could not find "msbuild", trying (deprecated) "xbuild"




[0;31mWarning:[0m could not find "msbuild", trying (deprecated) "xbuild"




[0;31mWarning:[0m could not find "msbuild", trying (deprecated) "xbuild"




[0;31mWarning:[0m could not find "msbuild", trying (deprecated) "xbuild"




[0;31mWarning:[0m could not find "msbuild", trying (deprecated) "xbuild"




[0;31mWarning:[0m could not find "msbuild", trying (deprecated) "xbuild"




[0;31mWarning:[0m could not find "msbuild", trying (deprecated) "xbuild"




[0;31mWarning:[0m could not find "msbuild", trying (deprecated) "xbuild"




[0;31mWarning:[0m could not find "msbuild", trying (deprecated) "xbuild"




[0;31mWarning:[0m could not find "msbuild", trying (deprecated) "xbuild"




[0;31mWarning:[0m could not find "msbuild", trying (deprecated) "xbuild"


/home/everest/vsts-agent/_work/2/s/ulib/FStar.Seq.Base.fst(59,28-59,35): (Warning 288) FStar.Seq.Base.of_list is deprecated, use seq_of_list instead
/home/everest/vsts-agent/_work/2/s/ulib/FStar.Seq.Base.fst(60,27-60,34): (Warning 288) FStar.Seq.Base.of_list is deprecated, use seq_of_list instead
/home/everest/vsts-agent/_work/2/s/ulib/FStar.Seq.Base.fst(64,27-64,34): (Warning 288) FStar.Seq.Base.of_list is deprecated, use seq_of_list instead
/home/everest/vsts-agent/_work/2/s/ulib/FStar.Seq.Base.fst(65,26-65,33): (Warning 288) FStar.Seq.Base.of_list is deprecated, use seq_of_list instead
/home/everest/vsts-agent/_work/2/s/ulib/FStar.Seq.Properties.fst(937,33-937,40): (Warning 288) FStar.Seq.Base.of_list is deprecated, use seq_of_list instead
/home/everest/vsts-agent/_work/2/s/ulib/FStar.Seq.Properties.fst(938,55-938,62): (Warning 288) FStar.Seq.Base.of_list is deprecated, use seq_of_list instead
/home/everest/vsts-agent/_work/2/s/ulib/FStar.Seq.Properties.fst(938,30-938,37): (Warning 288) FStar.Seq.Base.of_list is deprecated, use seq_of_list instead
/home/everest/vsts-agent/_work/2/s/ulib/FStar.Seq.Properties.fst(940,53-940,60): (Warning 288) FStar.Seq.Base.of_list is deprecated, use seq_of_list instead
/home/everest/vsts-agent/_work/2/s/ulib/FStar.Seq.Properties.fst(945,34-945,41): (Warning 288) FStar.Seq.Base.of_list is deprecated, use seq_of_list instead


[0;31mWarning:[0m could not find "msbuild", trying (deprecated) "xbuild"




[0;31mWarning:[0m could not find "msbuild", trying (deprecated) "xbuild"




[0;31mWarning:[0m could not find "msbuild", trying (deprecated) "xbuild"




[0;31mWarning:[0m could not find "msbuild", trying (deprecated) "xbuild"




[0;31mWarning:[0m could not find "msbuild", trying (deprecated) "xbuild"




[0;31mWarning:[0m could not find "msbuild", trying (deprecated) "xbuild"




[0;31mWarning:[0m could not find "msbuild", trying (deprecated) "xbuild"




[0;31mWarning:[0m could not find "msbuild", trying (deprecated) "xbuild"




[0;31mWarning:[0m could not find "msbuild", trying (deprecated) "xbuild"




[0;31mWarning:[0m could not find "msbuild", trying (deprecated) "xbuild"




[0;31mWarning:[0m could not find "msbuild", trying (deprecated) "xbuild"


/home/everest/vsts-agent/_work/2/s/ulib/FStar.Seq.Base.fst(59,28-59,35): (Warning 288) FStar.Seq.Base.of_list is deprecated, use seq_of_list instead
/home/everest/vsts-agent/_work/2/s/ulib/FStar.Seq.Base.fst(60,27-60,34): (Warning 288) FStar.Seq.Base.of_list is deprecated, use seq_of_list instead
/home/everest/vsts-agent/_work/2/s/ulib/FStar.Seq.Base.fst(64,27-64,34): (Warning 288) FStar.Seq.Base.of_list is deprecated, use seq_of_list instead
/home/everest/vsts-agent/_work/2/s/ulib/FStar.Seq.Base.fst(65,26-65,33): (Warning 288) FStar.Seq.Base.of_list is deprecated, use seq_of_list instead
/home/everest/vsts-agent/_work/2/s/ulib/FStar.Seq.Properties.fst(937,33-937,40): (Warning 288) FStar.Seq.Base.of_list is deprecated, use seq_of_list instead
/home/everest/vsts-agent/_work/2/s/ulib/FStar.Seq.Properties.fst(938,55-938,62): (Warning 288) FStar.Seq.Base.of_list is deprecated, use seq_of_list instead
/home/everest/vsts-agent/_work/2/s/ulib/FStar.Seq.Properties.fst(938,30-938,37): (Warning 288) FStar.Seq.Base.of_list is deprecated, use seq_of_list instead
/home/everest/vsts-agent/_work/2/s/ulib/FStar.Seq.Properties.fst(940,53-940,60): (Warning 288) FStar.Seq.Base.of_list is deprecated, use seq_of_list instead
/home/everest/vsts-agent/_work/2/s/ulib/FStar.Seq.Properties.fst(945,34-945,41): (Warning 288) FStar.Seq.Base.of_list is deprecated, use seq_of_list instead
EtM.CPA.fst(46,21-46,32): (Warning 288) FStar.Seq.Base.createEmpty is deprecated, use Seq.empty instead
EtM.CPA.fst(55,34-55,45): (Warning 288) FStar.Seq.Base.createEmpty is deprecated, use Seq.empty instead
EtM.MAC.fst(59,21-59,32): (Warning 288) FStar.Seq.Base.createEmpty is deprecated, use Seq.empty instead
EtM.MAC.fst(72,34-72,45): (Warning 288) FStar.Seq.Base.createEmpty is deprecated, use Seq.empty instead
EtM.AE.fst(67,21-67,32): (Warning 288) FStar.Seq.Base.createEmpty is deprecated, use Seq.empty instead
EtM.AE.fst(80,34-80,45): (Warning 288) FStar.Seq.Base.createEmpty is deprecated, use Seq.empty instead


[0;31mWarning:[0m could not find "msbuild", trying (deprecated) "xbuild"




[0;31mWarning:[0m could not find "msbuild", trying (deprecated) "xbuild"




[0;31mWarning:[0m could not find "msbuild", trying (deprecated) "xbuild"




[0;31mWarning:[0m could not find "msbuild", trying (deprecated) "xbuild"




[0;31mWarning:[0m could not find "msbuild", trying (deprecated) "xbuild"




[0;31mWarning:[0m could not find "msbuild", trying (deprecated) "xbuild"




[0;31mWarning:[0m could not find "msbuild", trying (deprecated) "xbuild"




[0;31mWarning:[0m could not find "msbuild", trying (deprecated) "xbuild"




[0;31mWarning:[0m could not find "msbuild", trying (deprecated) "xbuild"


/home/everest/vsts-agent/_work/2/s/ulib/FStar.Seq.Base.fst(59,28-59,35): (Warning 288) FStar.Seq.Base.of_list is deprecated, use seq_of_list instead
/home/everest/vsts-agent/_work/2/s/ulib/FStar.Seq.Base.fst(60,27-60,34): (Warning 288) FStar.Seq.Base.of_list is deprecated, use seq_of_list instead
/home/everest/vsts-agent/_work/2/s/ulib/FStar.Seq.Base.fst(64,27-64,34): (Warning 288) FStar.Seq.Base.of_list is deprecated, use seq_of_list instead
/home/everest/vsts-agent/_work/2/s/ulib/FStar.Seq.Base.fst(65,26-65,33): (Warning 288) FStar.Seq.Base.of_list is deprecated, use seq_of_list instead
/home/everest/vsts-agent/_work/2/s/ulib/FStar.Seq.Properties.fst(937,33-937,40): (Warning 288) FStar.Seq.Base.of_list is deprecated, use seq_of_list instead
/home/everest/vsts-agent/_work/2/s/ulib/FStar.Seq.Properties.fst(938,55-938,62): (Warning 288) FStar.Seq.Base.of_list is deprecated, use seq_of_list instead
/home/everest/vsts-agent/_work/2/s/ulib/FStar.Seq.Properties.fst(938,30-938,37): (Warning 288) FStar.Seq.Base.of_list is deprecated, use seq_of_list instead
/home/everest/vsts-agent/_work/2/s/ulib/FStar.Seq.Properties.fst(940,53-940,60): (Warning 288) FStar.Seq.Base.of_list is deprecated, use seq_of_list instead
/home/everest/vsts-agent/_work/2/s/ulib/FStar.Seq.Properties.fst(945,34-945,41): (Warning 288) FStar.Seq.Base.of_list is deprecated, use seq_of_list instead


[0;31mWarning:[0m could not find "msbuild", trying (deprecated) "xbuild"




[0;31mWarning:[0m could not find "msbuild", trying (deprecated) "xbuild"




[0;31mWarning:[0m could not find "msbuild", trying (deprecated) "xbuild"




[0;31mWarning:[0m could not find "msbuild", trying (deprecated) "xbuild"




[0;31mWarning:[0m could not find "msbuild", trying (deprecated) "xbuild"


Protocol.fst(23,0-23,9): (Warning 239) Adding an implicit 'assume new' qualifier on byte
Protocol.fst(341,4-341,25): (Warning 252) (Hint-replay failed): could not prove post-condition (see also Protocol.fst(340,7-340,35))


[0;31mWarning:[0m could not find "msbuild", trying (deprecated) "xbuild"


LowStar.Ex2.fst(25,4-25,6): (Warning 252) (Hint-replay failed): assertion failed (see also LowStar.BufferOps.fst(37,22-37,32))
LowStar.Ex2.fst(68,4-68,16): (Warning 252) (Hint-replay failed): assertion failed (see also LowStar.Ex2.fst(55,17-55,30))


[0;31mWarning:[0m could not find "msbuild", trying (deprecated) "xbuild"




[0;31mWarning:[0m could not find "msbuild", trying (deprecated) "xbuild"




[0;31mWarning:[0m could not find "msbuild", trying (deprecated) "xbuild"




[0;31mWarning:[0m could not find "msbuild", trying (deprecated) "xbuild"




[0;31mWarning:[0m could not find "msbuild", trying (deprecated) "xbuild"


File "out_ExtractionBug2/ExtractionBug2.ml", line 13, characters 20-56:
Warning 8: this pattern-matching is not exhaustive.
Here is an example of a case that is not matched:
Nil


[0;31mWarning:[0m could not find "msbuild", trying (deprecated) "xbuild"




[0;31mWarning:[0m could not find "msbuild", trying (deprecated) "xbuild"




[0;31mWarning:[0m could not find "msbuild", trying (deprecated) "xbuild"




[0;31mWarning:[0m could not find "msbuild", trying (deprecated) "xbuild"


/home/everest/vsts-agent/_work/2/s/ulib/FStar.Seq.Base.fst(59,28-59,35): (Warning 288) FStar.Seq.Base.of_list is deprecated, use seq_of_list instead
/home/everest/vsts-agent/_work/2/s/ulib/FStar.Seq.Base.fst(60,27-60,34): (Warning 288) FStar.Seq.Base.of_list is deprecated, use seq_of_list instead
/home/everest/vsts-agent/_work/2/s/ulib/FStar.Seq.Base.fst(64,27-64,34): (Warning 288) FStar.Seq.Base.of_list is deprecated, use seq_of_list instead
/home/everest/vsts-agent/_work/2/s/ulib/FStar.Seq.Base.fst(65,26-65,33): (Warning 288) FStar.Seq.Base.of_list is deprecated, use seq_of_list instead
/home/everest/vsts-agent/_work/2/s/ulib/FStar.Seq.Properties.fst(937,33-937,40): (Warning 288) FStar.Seq.Base.of_list is deprecated, use seq_of_list instead
/home/everest/vsts-agent/_work/2/s/ulib/FStar.Seq.Properties.fst(938,55-938,62): (Warning 288) FStar.Seq.Base.of_list is deprecated, use seq_of_list instead
/home/everest/vsts-agent/_work/2/s/ulib/FStar.Seq.Properties.fst(938,30-938,37): (Warning 288) FStar.Seq.Base.of_list is deprecated, use seq_of_list instead
/home/everest/vsts-agent/_work/2/s/ulib/FStar.Seq.Properties.fst(940,53-940,60): (Warning 288) FStar.Seq.Base.of_list is deprecated, use seq_of_list instead
/home/everest/vsts-agent/_work/2/s/ulib/FStar.Seq.Properties.fst(945,34-945,41): (Warning 288) FStar.Seq.Base.of_list is deprecated, use seq_of_list instead
HyE.CCA2.fst(46,2-46,14): (Warning 271) Pattern ((ite (= (BoundV 0) (BoxBool (true ))) (BoundV 3) (HyE.PlainPKE.repr (BoundV 4)))) contains illegal symbols; dropping it (see also /home/everest/vsts-agent/_work/2/s/ulib/FStar.Monotonic.Seq.fst(72,20-72,61))


[0;31mWarning:[0m could not find "msbuild", trying (deprecated) "xbuild"




[0;31mWarning:[0m could not find "msbuild", trying (deprecated) "xbuild"




[0;31mWarning:[0m could not find "msbuild", trying (deprecated) "xbuild"


MRefHeap.fst(71,11-72,26): (Warning 252) (Hint-replay failed): Subtyping check failed; expected type MRefHeap.heap; got type Prims.nat * (_: Prims.nat -> Prims.Tot (FStar.Pervasives.Native.option MRefHeap.heap_cell)) (see also MRefHeap.fst(13,42-13,72))


[0;31mWarning:[0m could not find "msbuild", trying (deprecated) "xbuild"




[0;31mWarning:[0m could not find "msbuild", trying (deprecated) "xbuild"




[0;31mWarning:[0m could not find "msbuild", trying (deprecated) "xbuild"


IfcDelimitedRelease.fst(116,39-116,128): (Warning 252) (Hint-replay failed): could not prove post-condition (see also IfcDelimitedRelease.fst(106,6-114,15))
IfcDelimitedRelease.fst(116,39-116,128): (Warning 252) could not prove post-condition (see also IfcDelimitedRelease.fst(106,6-114,15))
IfcDelimitedRelease.fst(116,39-116,128): (Warning 252) could not prove post-condition (see also IfcDelimitedRelease.fst(106,6-114,15))
IfcDelimitedRelease.fst(116,39-116,128): (Warning 252) could not prove post-condition (see also IfcDelimitedRelease.fst(106,6-114,15))
IfcDelimitedRelease.fst(165,30-165,119): (Warning 252) (Hint-replay failed): could not prove post-condition (see also IfcDelimitedRelease.fst(157,5-164,13))
IfcDelimitedRelease.fst(165,30-165,119): (Warning 252) could not prove post-condition (see also IfcDelimitedRelease.fst(157,5-164,13))
IfcDelimitedRelease.fst(165,30-165,119): (Warning 252) could not prove post-condition (see also IfcDelimitedRelease.fst(157,5-164,13))
IfcDelimitedRelease.fst(177,37-177,38): (Warning 252) (Hint-replay failed): Subtyping check failed; expected type h:
(h: FStar.Monotonic.Heap.heap{IfcDelimitedRelease.refs_invariant [n; x_h; k; x_l] h})
{ %[ FStar.Monotonic.Heap.sel h (FStar.List.Tot.Base.hd [n; x_h; k; x_l]) ] <<
%[ FStar.Monotonic.Heap.sel h (FStar.List.Tot.Base.hd _) ] }; got type FStar.Monotonic.Heap.heap (see also IfcDelimitedRelease.fst(171,2-177,38))
IfcDelimitedRelease.fst(175,31-175,32): (Warning 252) Subtyping check failed; expected type h: FStar.Monotonic.Heap.heap{IfcDelimitedRelease.refs_invariant [x_h; k; x_l] h}; got type FStar.Monotonic.Heap.heap (see also IfcDelimitedRelease.fst(24,71-24,90))
IfcDelimitedRelease.fst(175,31-175,32): (Warning 252) Subtyping check failed; expected type h: FStar.Monotonic.Heap.heap{IfcDelimitedRelease.refs_invariant [x_h; k; x_l] h}; got type FStar.Monotonic.Heap.heap (see also IfcDelimitedRelease.fst(24,71-24,90))
IfcDelimitedRelease.fst(177,37-177,38): (Warning 252) Subtyping check failed; expected type h:
(h: FStar.Monotonic.Heap.heap{IfcDelimitedRelease.refs_invariant [n; x_h; k; x_l] h})
{ %[ FStar.Monotonic.Heap.sel h (FStar.List.Tot.Base.hd [n; x_h; k; x_l]) ] <<
%[ FStar.Monotonic.Heap.sel h (FStar.List.Tot.Base.hd _) ] }; got type FStar.Monotonic.Heap.heap (see also IfcDelimitedRelease.fst(169,76-169,95))
IfcDelimitedRelease.fst(177,37-177,38): (Warning 252) (Hint-replay failed): Subtyping check failed; expected type h:
(h: FStar.Monotonic.Heap.heap{IfcDelimitedRelease.refs_invariant [n; x_h; k; x_l] h})
{ %[ FStar.Monotonic.Heap.sel h (FStar.List.Tot.Base.hd [n; x_h; k; x_l]) ] <<
%[ FStar.Monotonic.Heap.sel h (FStar.List.Tot.Base.hd _) ] }; got type FStar.Monotonic.Heap.heap (see also IfcDelimitedRelease.fst(171,2-177,38))
IfcDelimitedRelease.fst(175,31-175,32): (Warning 252) Subtyping check failed; expected type h: FStar.Monotonic.Heap.heap{IfcDelimitedRelease.refs_invariant [x_h; k; x_l] h}; got type FStar.Monotonic.Heap.heap (see also IfcDelimitedRelease.fst(24,71-24,90))
IfcDelimitedRelease.fst(175,31-175,32): (Warning 252) Subtyping check failed; expected type h: FStar.Monotonic.Heap.heap{IfcDelimitedRelease.refs_invariant [x_h; k; x_l] h}; got type FStar.Monotonic.Heap.heap (see also IfcDelimitedRelease.fst(24,71-24,90))
IfcDelimitedRelease.fst(177,37-177,38): (Warning 252) Subtyping check failed; expected type h:
(h: FStar.Monotonic.Heap.heap{IfcDelimitedRelease.refs_invariant [n; x_h; k; x_l] h})
{ %[ FStar.Monotonic.Heap.sel h (FStar.List.Tot.Base.hd [n; x_h; k; x_l]) ] <<
%[ FStar.Monotonic.Heap.sel h (FStar.List.Tot.Base.hd _) ] }; got type FStar.Monotonic.Heap.heap (see also IfcDelimitedRelease.fst(169,76-169,95))


[0;31mWarning:[0m could not find "msbuild", trying (deprecated) "xbuild"


MAC.fst(45,0-45,53): (Warning 272) Top-level let-bindings must be total; this term may have effects
RPC.fst(9,0-9,53): (Warning 272) Top-level let-bindings must be total; this term may have effects
RPC.fst(23,0-23,39): (Warning 272) Top-level let-bindings must be total; this term may have effects
RPC.fst(48,0-49,16): (Warning 272) Top-level let-bindings must be total; this term may have effects
RPC.fst(116,0-116,17): (Warning 272) Top-level let-bindings must be total; this term may have effects
StlcCbvDbParSubst.fst(197,19-197,25): (Warning 252) (Hint-replay failed): assertion failed (see also StlcCbvDbParSubst.fst(197,25-197,68))


[0;31mWarning:[0m could not find "msbuild", trying (deprecated) "xbuild"




[0;31mWarning:[0m could not find "msbuild", trying (deprecated) "xbuild"


MAC.fst(45,0-45,53): (Warning 272) Top-level let-bindings must be total; this term may have effects
CntProtocol.fst(12,0-12,53): (Warning 272) Top-level let-bindings must be total; this term may have effects
CntProtocol.fst(27,0-27,26): (Warning 272) Top-level let-bindings must be total; this term may have effects
CntProtocol.fst(30,0-30,54): (Warning 272) Top-level let-bindings must be total; this term may have effects
CntProtocol.fst(33,0-33,54): (Warning 272) Top-level let-bindings must be total; this term may have effects
CntProtocol.fst(97,0-97,39): (Warning 272) Top-level let-bindings must be total; this term may have effects
CntProtocol.fst(124,0-124,18): (Warning 272) Top-level let-bindings must be total; this term may have effects
CntProtocol.fst(168,0-184,5): (Warning 272) Top-level let-bindings must be total; this term may have effects


[0;31mWarning:[0m could not find "msbuild", trying (deprecated) "xbuild"




[0;31mWarning:[0m could not find "msbuild", trying (deprecated) "xbuild"




[0;31mWarning:[0m could not find "msbuild", trying (deprecated) "xbuild"




[0;31mWarning:[0m could not find "msbuild", trying (deprecated) "xbuild"




[0;31mWarning:[0m could not find "msbuild", trying (deprecated) "xbuild"




[0;31mWarning:[0m could not find "msbuild", trying (deprecated) "xbuild"


Effects.Def.fst(165,2-165,22): (Warning 252) (Hint-replay failed): assertion failed (see also Effects.Def.fst(44,11-44,91))


[0;31mWarning:[0m could not find "msbuild", trying (deprecated) "xbuild"


/home/everest/vsts-agent/_work/2/s/ulib/FStar.Seq.Base.fst(59,28-59,35): (Warning 288) FStar.Seq.Base.of_list is deprecated, use seq_of_list instead
/home/everest/vsts-agent/_work/2/s/ulib/FStar.Seq.Base.fst(60,27-60,34): (Warning 288) FStar.Seq.Base.of_list is deprecated, use seq_of_list instead
/home/everest/vsts-agent/_work/2/s/ulib/FStar.Seq.Base.fst(64,27-64,34): (Warning 288) FStar.Seq.Base.of_list is deprecated, use seq_of_list instead
/home/everest/vsts-agent/_work/2/s/ulib/FStar.Seq.Base.fst(65,26-65,33): (Warning 288) FStar.Seq.Base.of_list is deprecated, use seq_of_list instead
/home/everest/vsts-agent/_work/2/s/ulib/FStar.Seq.Properties.fst(937,33-937,40): (Warning 288) FStar.Seq.Base.of_list is deprecated, use seq_of_list instead
/home/everest/vsts-agent/_work/2/s/ulib/FStar.Seq.Properties.fst(938,55-938,62): (Warning 288) FStar.Seq.Base.of_list is deprecated, use seq_of_list instead
/home/everest/vsts-agent/_work/2/s/ulib/FStar.Seq.Properties.fst(938,30-938,37): (Warning 288) FStar.Seq.Base.of_list is deprecated, use seq_of_list instead
/home/everest/vsts-agent/_work/2/s/ulib/FStar.Seq.Properties.fst(940,53-940,60): (Warning 288) FStar.Seq.Base.of_list is deprecated, use seq_of_list instead
/home/everest/vsts-agent/_work/2/s/ulib/FStar.Seq.Properties.fst(945,34-945,41): (Warning 288) FStar.Seq.Base.of_list is deprecated, use seq_of_list instead


[0;31mWarning:[0m could not find "msbuild", trying (deprecated) "xbuild"




[0;31mWarning:[0m could not find "msbuild", trying (deprecated) "xbuild"


LowStar.Ex3.fst(54,28-54,39): (Warning 288) FStar.Seq.Base.createEmpty is deprecated, use Seq.empty instead
LowStar.Ex3.fst(101,39-101,50): (Warning 288) FStar.Seq.Base.createEmpty is deprecated, use Seq.empty instead
LowStar.Ex3.fst(50,53-50,60): (Warning 252) (Hint-replay failed): Subtyping check failed; expected type y:
FStar.Integers.int_t (FStar.Integers.Unsigned (FStar.Integers.W32))
{FStar.UInt.size (FStar.UInt32.v (Mkt_struct?.total_length x) - FStar.UInt32.v y) 32 <: Type0}; got type FStar.Integers.uint_32 (see also FStar.Integers.fst(73,26-73,45))
LowStar.Ex3.fst(69,54-69,55): (Warning 252) (Hint-replay failed): Subtyping check failed; expected type xs: LowStar.Ex3.t a {LowStar.Ex3.ok h0 xs}; got type LowStar.Ex3.t a (see also LowStar.Ex3.fst(39,2-39,13))
LowStar.Ex3.fst(84,56-84,57): (Warning 252) (Hint-replay failed): Subtyping check failed; expected type xs: LowStar.Ex3.t a {LowStar.Ex3.ok h0 xs}; got type LowStar.Ex3.t a (see also LowStar.Ex3.fst(39,2-39,13))
LowStar.Ex3.fst(104,3-109,50): (Warning 252) (Hint-replay failed): could not prove post-condition (see also LowStar.Ex3.fst(41,3-41,15))
LowStar.Ex3.fst(114,2-114,6): (Warning 252) (Hint-replay failed): assertion failed (see also LowStar.Ex3.fst(81,31-81,42))
LowStar.Ex3.fst(50,53-50,60): (Warning 252) (Hint-replay failed): Subtyping check failed; expected type y:
FStar.Integers.int_t (FStar.Integers.Unsigned (FStar.Integers.W32))
{FStar.UInt.size (FStar.UInt32.v (Mkt_struct?.total_length x) - FStar.UInt32.v y) 32 <: Type0}; got type FStar.Integers.uint_32 (see also FStar.Integers.fst(73,26-73,45))
LowStar.Ex3.fst(69,54-69,55): (Warning 252) (Hint-replay failed): Subtyping check failed; expected type xs:
LowStar.Ex3.t a
{ LowStar.Buffer.live h0 xs /\
LowStar.Buffer.live h0 (Mkt_struct?.b (LowStar.Buffer.get h0 xs 0)) /\
LowStar.Buffer.loc_disjoint (LowStar.Buffer.loc_buffer (Mkt_struct?.b (LowStar.Buffer.get h0
xs
0)))
(LowStar.Buffer.loc_buffer xs) /\
(LowStar.Buffer.len (Mkt_struct?.b (LowStar.Buffer.get h0 xs 0)) =
Mkt_struct?.total_length (LowStar.Buffer.get h0 xs 0)) /\
FStar.UInt32.lte (Mkt_struct?.first (LowStar.Buffer.get h0 xs 0))
(Mkt_struct?.total_length (LowStar.Buffer.get h0 xs 0)) }; got type LowStar.Ex3.t a (see also LowStar.Ex3.fst(39,2-39,13))
LowStar.Ex3.fst(84,56-84,57): (Warning 252) (Hint-replay failed): Subtyping check failed; expected type xs:
LowStar.Ex3.t a
{ LowStar.Buffer.live h0 xs /\
LowStar.Buffer.live h0 (Mkt_struct?.b (LowStar.Buffer.get h0 xs 0)) /\
LowStar.Buffer.loc_disjoint (LowStar.Buffer.loc_buffer (Mkt_struct?.b (LowStar.Buffer.get h0
xs
0)))
(LowStar.Buffer.loc_buffer xs) /\
(LowStar.Buffer.len (Mkt_struct?.b (LowStar.Buffer.get h0 xs 0)) =
Mkt_struct?.total_length (LowStar.Buffer.get h0 xs 0)) /\
FStar.UInt32.lte (Mkt_struct?.first (LowStar.Buffer.get h0 xs 0))
(Mkt_struct?.total_length (LowStar.Buffer.get h0 xs 0)) }; got type LowStar.Ex3.t a (see also LowStar.Ex3.fst(39,2-39,13))


[0;31mWarning:[0m could not find "msbuild", trying (deprecated) "xbuild"




[0;31mWarning:[0m could not find "msbuild", trying (deprecated) "xbuild"


NatHeap.fst(68,12-69,30): (Warning 252) (Hint-replay failed): Subtyping check failed; expected type NatHeap.heap; got type Prims.nat * (_: Prims.nat -> Prims.Tot (FStar.Pervasives.Native.option (a: Type0 & a))) (see also NatHeap.fst(12,42-12,72))


[0;31mWarning:[0m could not find "msbuild", trying (deprecated) "xbuild"




[0;31mWarning:[0m could not find "msbuild", trying (deprecated) "xbuild"




[0;31mWarning:[0m could not find "msbuild", trying (deprecated) "xbuild"


/home/everest/vsts-agent/_work/2/s/hacl-star/secure_api/Crypto.AEAD.Main.fsti(169,44-169,55): (Warning 288) FStar.Seq.Base.createEmpty is deprecated, use Seq.empty instead
Ex01a.fst(60,0-60,48): (Warning 272) Top-level let-bindings must be total; this term may have effects
Ex01a.fst(60,0-60,48): (Warning 272) Top-level let-bindings must be total; this term may have effects
make[2]: [Ex01a-ocaml] Error 2 (ignored)


[0;31mWarning:[0m could not find "msbuild", trying (deprecated) "xbuild"




[0;31mWarning:[0m could not find "msbuild", trying (deprecated) "xbuild"




[0;31mWarning:[0m could not find "msbuild", trying (deprecated) "xbuild"


/home/everest/vsts-agent/_work/2/s/ulib/FStar.Seq.Base.fst(59,28-59,35): (Warning 288) FStar.Seq.Base.of_list is deprecated, use seq_of_list instead
/home/everest/vsts-agent/_work/2/s/ulib/FStar.Seq.Base.fst(60,27-60,34): (Warning 288) FStar.Seq.Base.of_list is deprecated, use seq_of_list instead
/home/everest/vsts-agent/_work/2/s/ulib/FStar.Seq.Base.fst(64,27-64,34): (Warning 288) FStar.Seq.Base.of_list is deprecated, use seq_of_list instead
/home/everest/vsts-agent/_work/2/s/ulib/FStar.Seq.Base.fst(65,26-65,33): (Warning 288) FStar.Seq.Base.of_list is deprecated, use seq_of_list instead
/home/everest/vsts-agent/_work/2/s/ulib/FStar.Seq.Properties.fst(937,33-937,40): (Warning 288) FStar.Seq.Base.of_list is deprecated, use seq_of_list instead
/home/everest/vsts-agent/_work/2/s/ulib/FStar.Seq.Properties.fst(938,55-938,62): (Warning 288) FStar.Seq.Base.of_list is deprecated, use seq_of_list instead
/home/everest/vsts-agent/_work/2/s/ulib/FStar.Seq.Properties.fst(938,30-938,37): (Warning 288) FStar.Seq.Base.of_list is deprecated, use seq_of_list instead
/home/everest/vsts-agent/_work/2/s/ulib/FStar.Seq.Properties.fst(940,53-940,60): (Warning 288) FStar.Seq.Base.of_list is deprecated, use seq_of_list instead
/home/everest/vsts-agent/_work/2/s/ulib/FStar.Seq.Properties.fst(945,34-945,41): (Warning 288) FStar.Seq.Base.of_list is deprecated, use seq_of_list instead


[0;31mWarning:[0m could not find "msbuild", trying (deprecated) "xbuild"




[0;31mWarning:[0m could not find "msbuild", trying (deprecated) "xbuild"




[0;31mWarning:[0m could not find "msbuild", trying (deprecated) "xbuild"




[0;31mWarning:[0m could not find "msbuild", trying (deprecated) "xbuild"




[0;31mWarning:[0m could not find "msbuild", trying (deprecated) "xbuild"


/home/everest/vsts-agent/_work/2/s/ulib/FStar.Seq.Base.fst(59,28-59,35): (Warning 288) FStar.Seq.Base.of_list is deprecated, use seq_of_list instead
/home/everest/vsts-agent/_work/2/s/ulib/FStar.Seq.Base.fst(60,27-60,34): (Warning 288) FStar.Seq.Base.of_list is deprecated, use seq_of_list instead
/home/everest/vsts-agent/_work/2/s/ulib/FStar.Seq.Base.fst(64,27-64,34): (Warning 288) FStar.Seq.Base.of_list is deprecated, use seq_of_list instead
/home/everest/vsts-agent/_work/2/s/ulib/FStar.Seq.Base.fst(65,26-65,33): (Warning 288) FStar.Seq.Base.of_list is deprecated, use seq_of_list instead
/home/everest/vsts-agent/_work/2/s/ulib/FStar.Seq.Properties.fst(937,33-937,40): (Warning 288) FStar.Seq.Base.of_list is deprecated, use seq_of_list instead
/home/everest/vsts-agent/_work/2/s/ulib/FStar.Seq.Properties.fst(938,55-938,62): (Warning 288) FStar.Seq.Base.of_list is deprecated, use seq_of_list instead
/home/everest/vsts-agent/_work/2/s/ulib/FStar.Seq.Properties.fst(938,30-938,37): (Warning 288) FStar.Seq.Base.of_list is deprecated, use seq_of_list instead
/home/everest/vsts-agent/_work/2/s/ulib/FStar.Seq.Properties.fst(940,53-940,60): (Warning 288) FStar.Seq.Base.of_list is deprecated, use seq_of_list instead
/home/everest/vsts-agent/_work/2/s/ulib/FStar.Seq.Properties.fst(945,34-945,41): (Warning 288) FStar.Seq.Base.of_list is deprecated, use seq_of_list instead


[0;31mWarning:[0m could not find "msbuild", trying (deprecated) "xbuild"




[0;31mWarning:[0m could not find "msbuild", trying (deprecated) "xbuild"




[0;31mWarning:[0m could not find "msbuild", trying (deprecated) "xbuild"




[0;31mWarning:[0m could not find "msbuild", trying (deprecated) "xbuild"


/home/everest/vsts-agent/_work/2/s/ulib/FStar.Seq.Base.fst(59,28-59,35): (Warning 288) FStar.Seq.Base.of_list is deprecated, use seq_of_list instead
/home/everest/vsts-agent/_work/2/s/ulib/FStar.Seq.Base.fst(60,27-60,34): (Warning 288) FStar.Seq.Base.of_list is deprecated, use seq_of_list instead
/home/everest/vsts-agent/_work/2/s/ulib/FStar.Seq.Base.fst(64,27-64,34): (Warning 288) FStar.Seq.Base.of_list is deprecated, use seq_of_list instead
/home/everest/vsts-agent/_work/2/s/ulib/FStar.Seq.Base.fst(65,26-65,33): (Warning 288) FStar.Seq.Base.of_list is deprecated, use seq_of_list instead
/home/everest/vsts-agent/_work/2/s/ulib/FStar.Seq.Properties.fst(937,33-937,40): (Warning 288) FStar.Seq.Base.of_list is deprecated, use seq_of_list instead
/home/everest/vsts-agent/_work/2/s/ulib/FStar.Seq.Properties.fst(938,55-938,62): (Warning 288) FStar.Seq.Base.of_list is deprecated, use seq_of_list instead
/home/everest/vsts-agent/_work/2/s/ulib/FStar.Seq.Properties.fst(938,30-938,37): (Warning 288) FStar.Seq.Base.of_list is deprecated, use seq_of_list instead
/home/everest/vsts-agent/_work/2/s/ulib/FStar.Seq.Properties.fst(940,53-940,60): (Warning 288) FStar.Seq.Base.of_list is deprecated, use seq_of_list instead
/home/everest/vsts-agent/_work/2/s/ulib/FStar.Seq.Properties.fst(945,34-945,41): (Warning 288) FStar.Seq.Base.of_list is deprecated, use seq_of_list instead


[0;31mWarning:[0m could not find "msbuild", trying (deprecated) "xbuild"


MonotonicArray.fst(40,61-40,72): (Warning 252) (Hint-replay failed): Subtyping check failed; expected type FStar.Preorder.preorder (MonotonicArray.repr a n); got type FStar.Preorder.relation (MonotonicArray.repr a n) (see also /home/everest/vsts-agent/_work/2/s/ulib/FStar.Preorder.fst(12,40-12,56))
MonotonicArray.fst(40,61-40,72): (Warning 252) (Hint-replay failed): Subtyping check failed; expected type FStar.Preorder.preorder (MonotonicArray.repr a n); got type FStar.Preorder.relation (MonotonicArray.repr a n) (see also /home/everest/vsts-agent/_work/2/s/ulib/FStar.Preorder.fst(12,40-12,56))


[0;31mWarning:[0m could not find "msbuild", trying (deprecated) "xbuild"




[0;31mWarning:[0m could not find "msbuild", trying (deprecated) "xbuild"




[0;31mWarning:[0m could not find "msbuild", trying (deprecated) "xbuild"


../Makefile.common:55: .depend: No such file or directory


[0;31mWarning:[0m could not find "msbuild", trying (deprecated) "xbuild"


../Makefile.common:55: .depend: No such file or directory


[0;31mWarning:[0m could not find "msbuild", trying (deprecated) "xbuild"




[0;31mWarning:[0m could not find "msbuild", trying (deprecated) "xbuild"




[0;31mWarning:[0m could not find "msbuild", trying (deprecated) "xbuild"




[0;31mWarning:[0m could not find "msbuild", trying (deprecated) "xbuild"




[0;31mWarning:[0m could not find "msbuild", trying (deprecated) "xbuild"




[0;31mWarning:[0m could not find "msbuild", trying (deprecated) "xbuild"




[0;31mWarning:[0m could not find "msbuild", trying (deprecated) "xbuild"




[0;31mWarning:[0m could not find "msbuild", trying (deprecated) "xbuild"


/home/everest/vsts-agent/_work/2/s/ulib/FStar.Seq.Base.fst(59,28-59,35): (Warning 288) FStar.Seq.Base.of_list is deprecated, use seq_of_list instead
/home/everest/vsts-agent/_work/2/s/ulib/FStar.Seq.Base.fst(60,27-60,34): (Warning 288) FStar.Seq.Base.of_list is deprecated, use seq_of_list instead
/home/everest/vsts-agent/_work/2/s/ulib/FStar.Seq.Base.fst(64,27-64,34): (Warning 288) FStar.Seq.Base.of_list is deprecated, use seq_of_list instead
/home/everest/vsts-agent/_work/2/s/ulib/FStar.Seq.Base.fst(65,26-65,33): (Warning 288) FStar.Seq.Base.of_list is deprecated, use seq_of_list instead
/home/everest/vsts-agent/_work/2/s/ulib/FStar.Seq.Properties.fst(937,33-937,40): (Warning 288) FStar.Seq.Base.of_list is deprecated, use seq_of_list instead
/home/everest/vsts-agent/_work/2/s/ulib/FStar.Seq.Properties.fst(938,55-938,62): (Warning 288) FStar.Seq.Base.of_list is deprecated, use seq_of_list instead
/home/everest/vsts-agent/_work/2/s/ulib/FStar.Seq.Properties.fst(938,30-938,37): (Warning 288) FStar.Seq.Base.of_list is deprecated, use seq_of_list instead
/home/everest/vsts-agent/_work/2/s/ulib/FStar.Seq.Properties.fst(940,53-940,60): (Warning 288) FStar.Seq.Base.of_list is deprecated, use seq_of_list instead
/home/everest/vsts-agent/_work/2/s/ulib/FStar.Seq.Properties.fst(945,34-945,41): (Warning 288) FStar.Seq.Base.of_list is deprecated, use seq_of_list instead


[0;31mWarning:[0m could not find "msbuild", trying (deprecated) "xbuild"




[0;31mWarning:[0m could not find "msbuild", trying (deprecated) "xbuild"




[0;31mWarning:[0m could not find "msbuild", trying (deprecated) "xbuild"




[0;31mWarning:[0m could not find "msbuild", trying (deprecated) "xbuild"




[0;31mWarning:[0m could not find "msbuild", trying (deprecated) "xbuild"




[0;31mWarning:[0m could not find "msbuild", trying (deprecated) "xbuild"


CanonCommSwaps.fst(10,2-14,68): (Warning 252) (Hint-replay failed): Patterns are incomplete


[0;31mWarning:[0m could not find "msbuild", trying (deprecated) "xbuild"




[0;31mWarning:[0m could not find "msbuild", trying (deprecated) "xbuild"




[0;31mWarning:[0m could not find "msbuild", trying (deprecated) "xbuild"




[0;31mWarning:[0m could not find "msbuild", trying (deprecated) "xbuild"




[0;31mWarning:[0m could not find "msbuild", trying (deprecated) "xbuild"




[0;31mWarning:[0m could not find "msbuild", trying (deprecated) "xbuild"




[0;31mWarning:[0m could not find "msbuild", trying (deprecated) "xbuild"




[0;31mWarning:[0m could not find "msbuild", trying (deprecated) "xbuild"




[0;31mWarning:[0m could not find "msbuild", trying (deprecated) "xbuild"




[0;31mWarning:[0m could not find "msbuild", trying (deprecated) "xbuild"


/home/everest/vsts-agent/_work/2/s/kremlin/kremlib/Spec.Loops.fst(14,8-14,19): (Warning 288) FStar.Seq.Base.createEmpty is deprecated, use Seq.empty instead
/home/everest/vsts-agent/_work/2/s/kremlin/kremlib/Spec.Loops.fst(28,31-28,42): (Warning 288) FStar.Seq.Base.createEmpty is deprecated, use Seq.empty instead


[0;31mWarning:[0m could not find "msbuild", trying (deprecated) "xbuild"




[0;31mWarning:[0m could not find "msbuild", trying (deprecated) "xbuild"


TestMRef.fst(8,0-8,15): (Warning 272) Top-level let-bindings must be total; this term may have effects
TestMRef.fst(8,0-8,15): (Warning 272) Top-level let-bindings must be total; this term may have effects
TestMRef.fst(8,0-8,15): (Warning 272) Top-level let-bindings must be total; this term may have effects
TestMRef.fst(8,0-8,15): (Warning 272) Top-level let-bindings must be total; this term may have effects


[0;31mWarning:[0m could not find "msbuild", trying (deprecated) "xbuild"




[0;31mWarning:[0m could not find "msbuild", trying (deprecated) "xbuild"


Mac.fst(70,0-70,53): (Warning 272) Top-level let-bindings must be total; this term may have effects
Mac.fst(70,0-70,53): (Warning 272) Top-level let-bindings must be total; this term may have effects
Mac.fst(70,0-70,53): (Warning 272) Top-level let-bindings must be total; this term may have effects
Mac.fst(70,0-70,53): (Warning 272) Top-level let-bindings must be total; this term may have effects


[0;31mWarning:[0m could not find "msbuild", trying (deprecated) "xbuild"




[0;31mWarning:[0m could not find "msbuild", trying (deprecated) "xbuild"




[0;31mWarning:[0m could not find "msbuild", trying (deprecated) "xbuild"




[0;31mWarning:[0m could not find "msbuild", trying (deprecated) "xbuild"


FStar.DM4F.Id.fst(23,8-23,14): (Warning 252) assertion failed (see also FStar.DM4F.Id.fst(23,15-23,20))
FStar.DM4F.Id.fst(23,8-23,14): (Warning 252) assertion failed (see also FStar.DM4F.Id.fst(23,15-23,20))
FStar.DM4F.Id.fst(23,8-23,14): (Warning 252) assertion failed (see also FStar.DM4F.Id.fst(23,15-23,20))
FStar.DM4F.Id.fst(23,8-23,14): (Warning 252) assertion failed (see also FStar.DM4F.Id.fst(23,15-23,20))


[0;31mWarning:[0m could not find "msbuild", trying (deprecated) "xbuild"




[0;31mWarning:[0m could not find "msbuild", trying (deprecated) "xbuild"


../Makefile.common:55: .depend: No such file or directory


[0;31mWarning:[0m could not find "msbuild", trying (deprecated) "xbuild"




[0;31mWarning:[0m could not find "msbuild", trying (deprecated) "xbuild"


/home/everest/vsts-agent/_work/2/s/ulib/FStar.Seq.Base.fst(59,28-59,35): (Warning 288) FStar.Seq.Base.of_list is deprecated, use seq_of_list instead
/home/everest/vsts-agent/_work/2/s/ulib/FStar.Seq.Base.fst(60,27-60,34): (Warning 288) FStar.Seq.Base.of_list is deprecated, use seq_of_list instead
/home/everest/vsts-agent/_work/2/s/ulib/FStar.Seq.Base.fst(64,27-64,34): (Warning 288) FStar.Seq.Base.of_list is deprecated, use seq_of_list instead
/home/everest/vsts-agent/_work/2/s/ulib/FStar.Seq.Base.fst(65,26-65,33): (Warning 288) FStar.Seq.Base.of_list is deprecated, use seq_of_list instead
/home/everest/vsts-agent/_work/2/s/ulib/FStar.Seq.Properties.fst(937,33-937,40): (Warning 288) FStar.Seq.Base.of_list is deprecated, use seq_of_list instead
/home/everest/vsts-agent/_work/2/s/ulib/FStar.Seq.Properties.fst(938,55-938,62): (Warning 288) FStar.Seq.Base.of_list is deprecated, use seq_of_list instead
/home/everest/vsts-agent/_work/2/s/ulib/FStar.Seq.Properties.fst(938,30-938,37): (Warning 288) FStar.Seq.Base.of_list is deprecated, use seq_of_list instead
/home/everest/vsts-agent/_work/2/s/ulib/FStar.Seq.Properties.fst(940,53-940,60): (Warning 288) FStar.Seq.Base.of_list is deprecated, use seq_of_list instead
/home/everest/vsts-agent/_work/2/s/ulib/FStar.Seq.Properties.fst(945,34-945,41): (Warning 288) FStar.Seq.Base.of_list is deprecated, use seq_of_list instead
MiniParse.Spec.Combinators.fst(133,27-133,38): (Warning 288) FStar.Seq.Base.createEmpty is deprecated, use Seq.empty instead
MiniParse.Spec.Combinators.fst(362,70-362,74): (Warning 252) (Hint-replay failed): Subtyping check failed; expected type j: Prims.nat{0 <= j && j <= FStar.Seq.Base.length (FStar.Seq.Base.slice x' 0 off_x')}; got type MiniParse.Spec.Base.consumed_length x (see also MiniParse.Spec.Combinators.fst(359,18-359,22))
MiniParse.Spec.Combinators.fst(360,3-360,9): (Warning 252) assertion failed (see also MiniParse.Spec.Combinators.fst(360,10-360,23))
MiniParse.Spec.Combinators.fst(470,2-470,8): (Warning 252) (Hint-replay failed): assertion failed (see also MiniParse.Spec.Combinators.fst(470,9-470,72))
MiniParse.Spec.Combinators.fst(538,9-538,26): (Warning 252) (Hint-replay failed): Subtyping check failed; expected type f:
MiniParse.Spec.Base.bare_parser t'
{ MiniParse.Spec.Base.no_lookahead_weak f /\ MiniParse.Spec.Base.injective f /\
MiniParse.Spec.Base.no_lookahead f }; got type MiniParse.Spec.Base.bare_parser t' (see also MiniParse.Spec.Base.fst(227,4-227,15))
MiniParse.Spec.Combinators.fst(538,9-538,26): (Warning 252) (Hint-replay failed): Subtyping check failed; expected type f:
MiniParse.Spec.Base.bare_parser t'
{ MiniParse.Spec.Base.no_lookahead_weak f /\ MiniParse.Spec.Base.injective f /\
MiniParse.Spec.Base.no_lookahead f }; got type MiniParse.Spec.Base.bare_parser t' (see also MiniParse.Spec.Base.fst(227,4-227,15))


[0;31mWarning:[0m could not find "msbuild", trying (deprecated) "xbuild"




[0;31mWarning:[0m could not find "msbuild", trying (deprecated) "xbuild"




[0;31mWarning:[0m could not find "msbuild", trying (deprecated) "xbuild"




[0;31mWarning:[0m could not find "msbuild", trying (deprecated) "xbuild"


MiniParse.Spec.List.fst(43,32-43,43): (Warning 288) FStar.Seq.Base.createEmpty is deprecated, use Seq.empty instead
MiniParse.Spec.List.fst(51,54-51,65): (Warning 288) FStar.Seq.Base.createEmpty is deprecated, use Seq.empty instead
MiniParse.Spec.List.fst(43,28-43,43): (Warning 252) (Hint-replay failed): assertion failed (see also MiniParse.Spec.Base.fst(328,41-328,63))
MiniParse.Spec.List.fst(43,28-43,43): (Warning 252) (Hint-replay failed): assertion failed (see also MiniParse.Spec.Base.fst(328,41-328,63))


[0;31mWarning:[0m could not find "msbuild", trying (deprecated) "xbuild"




[0;31mWarning:[0m could not find "msbuild", trying (deprecated) "xbuild"




[0;31mWarning:[0m could not find "msbuild", trying (deprecated) "xbuild"




[0;31mWarning:[0m could not find "msbuild", trying (deprecated) "xbuild"


LowParse.Spec.Base.fst(733,2-733,8): (Warning 252) (Hint-replay failed): assertion failed (see also LowParse.Spec.Base.fst(733,9-733,22))


[0;31mWarning:[0m could not find "msbuild", trying (deprecated) "xbuild"




[0;31mWarning:[0m could not find "msbuild", trying (deprecated) "xbuild"




[0;31mWarning:[0m could not find "msbuild", trying (deprecated) "xbuild"


Test.HyperStack.fst(253,27-253,36): (Warning 288) FStar.HyperStack.ST.salloc_mm is deprecated, use use salloc instead instead
Test.HyperStack.fst(262,10-262,15): (Warning 288) FStar.HyperStack.ST.sfree is deprecated, use use salloc instead instead
Test.HyperStack.fst(272,27-272,36): (Warning 288) FStar.HyperStack.ST.salloc_mm is deprecated, use use salloc instead instead


[0;31mWarning:[0m could not find "msbuild", trying (deprecated) "xbuild"




[0;31mWarning:[0m could not find "msbuild", trying (deprecated) "xbuild"




[0;31mWarning:[0m could not find "msbuild", trying (deprecated) "xbuild"




[0;31mWarning:[0m could not find "msbuild", trying (deprecated) "xbuild"


prims.fst(243,30-243,42): (Warning 252) assertion failed (see also prims.fst(215,68-215,80))
prims.fst(243,30-243,42): (Warning 252) assertion failed (see also prims.fst(215,68-215,80))
prims.fst(243,30-243,42): (Warning 252) assertion failed (see also prims.fst(215,68-215,80))
prims.fst(243,30-243,42): (Warning 252) assertion failed (see also prims.fst(215,68-215,80))


[0;31mWarning:[0m could not find "msbuild", trying (deprecated) "xbuild"


/home/everest/vsts-agent/_work/2/s/kremlin/kremlib/Spec.Loops.fst(14,8-14,19): (Warning 288) FStar.Seq.Base.createEmpty is deprecated, use Seq.empty instead
/home/everest/vsts-agent/_work/2/s/kremlin/kremlib/Spec.Loops.fst(28,31-28,42): (Warning 288) FStar.Seq.Base.createEmpty is deprecated, use Seq.empty instead
/home/everest/vsts-agent/_work/2/s/ulib/FStar.Buffer.fst(829,27-829,34): (Warning 288) FStar.Seq.Base.of_list is deprecated, use seq_of_list instead
/home/everest/vsts-agent/_work/2/s/ulib/FStar.Buffer.fst(835,14-835,21): (Warning 288) FStar.Seq.Base.of_list is deprecated, use seq_of_list instead
/home/everest/vsts-agent/_work/2/s/ulib/FStar.Buffer.fst(837,16-837,23): (Warning 288) FStar.Seq.Base.of_list is deprecated, use seq_of_list instead
/home/everest/vsts-agent/_work/2/s/ulib/FStar.Buffer.fst(1437,23-1437,30): (Warning 288) FStar.Seq.Base.of_list is deprecated, use seq_of_list instead
/home/everest/vsts-agent/_work/2/s/ulib/FStar.Buffer.fst(1453,35-1453,42): (Warning 288) FStar.Seq.Base.of_list is deprecated, use seq_of_list instead
/home/everest/vsts-agent/_work/2/s/ulib/FStar.Buffer.fst(1455,32-1455,39): (Warning 288) FStar.Seq.Base.of_list is deprecated, use seq_of_list instead
/home/everest/vsts-agent/_work/2/s/kremlin/kremlib/FStar.Kremlin.Endianness.fst(85,4-85,15): (Warning 288) FStar.Seq.Base.createEmpty is deprecated, use Seq.empty instead
/home/everest/vsts-agent/_work/2/s/kremlin/kremlib/FStar.Kremlin.Endianness.fst(105,4-105,15): (Warning 288) FStar.Seq.Base.createEmpty is deprecated, use Seq.empty instead
LowParse.Spec.Combinators.fst(181,2-181,12): (Warning 252) (Hint-replay failed): assertion failed (see also LowParse.Spec.Base.fst(472,12-472,34))
LowParse.Spec.Combinators.fst(534,2-534,8): (Warning 252) (Hint-replay failed): assertion failed (see also LowParse.Spec.Combinators.fst(534,9-534,72))
LowParse.Spec.Combinators.fst(181,2-181,12): (Warning 252) (Hint-replay failed): assertion failed (see also LowParse.Spec.Base.fst(472,12-472,34))
Content.fst(47,32-47,43): (Warning 288) FStar.Seq.Base.createEmpty is deprecated, use Seq.empty instead
/home/everest/vsts-agent/_work/2/s/kremlin/kremlib/FStar.Kremlin.Endianness.fst(85,4-85,15): (Warning 288) FStar.Seq.Base.createEmpty is deprecated, use Seq.empty instead
/home/everest/vsts-agent/_work/2/s/kremlin/kremlib/FStar.Kremlin.Endianness.fst(105,4-105,15): (Warning 288) FStar.Seq.Base.createEmpty is deprecated, use Seq.empty instead
/home/everest/vsts-agent/_work/2/s/hacl-star/code/lib/kremlin/FStar.Endianness.fst(190,8-190,19): (Warning 288) FStar.Seq.Base.createEmpty is deprecated, use Seq.empty instead
/home/everest/vsts-agent/_work/2/s/hacl-star/code/lib/kremlin/FStar.Endianness.fst(309,16-309,27): (Warning 288) FStar.Seq.Base.createEmpty is deprecated, use Seq.empty instead
/home/everest/vsts-agent/_work/2/s/hacl-star/code/lib/kremlin/FStar.Endianness.fst(330,16-330,27): (Warning 288) FStar.Seq.Base.createEmpty is deprecated, use Seq.empty instead
/home/everest/vsts-agent/_work/2/s/hacl-star/code/lib/kremlin/FStar.Endianness.fst(354,8-354,19): (Warning 288) FStar.Seq.Base.createEmpty is deprecated, use Seq.empty instead
/home/everest/vsts-agent/_work/2/s/hacl-star/code/lib/kremlin/Hacl.Spec.Endianness.fst(48,31-48,42): (Warning 288) FStar.Seq.Base.createEmpty is deprecated, use Seq.empty instead
/home/everest/vsts-agent/_work/2/s/kremlin/kremlib/Spec.Loops.fst(14,8-14,19): (Warning 288) FStar.Seq.Base.createEmpty is deprecated, use Seq.empty instead
/home/everest/vsts-agent/_work/2/s/kremlin/kremlib/Spec.Loops.fst(28,31-28,42): (Warning 288) FStar.Seq.Base.createEmpty is deprecated, use Seq.empty instead
/home/everest/vsts-agent/_work/2/s/hacl-star/specs/Spec.Lib.fst(109,18-109,29): (Warning 288) FStar.Seq.Base.createEmpty is deprecated, use Seq.empty instead
/home/everest/vsts-agent/_work/2/s/hacl-star/specs/Spec.Lib.fst(126,18-126,29): (Warning 288) FStar.Seq.Base.createEmpty is deprecated, use Seq.empty instead
/home/everest/vsts-agent/_work/2/s/hacl-star/specs/Spec.Lib.fst(135,18-135,29): (Warning 288) FStar.Seq.Base.createEmpty is deprecated, use Seq.empty instead
/home/everest/vsts-agent/_work/2/s/hacl-star/specs/Spec.Lib.fst(143,18-143,29): (Warning 288) FStar.Seq.Base.createEmpty is deprecated, use Seq.empty instead
/home/everest/vsts-agent/_work/2/s/hacl-star/specs/Spec.Lib.fst(153,18-153,29): (Warning 288) FStar.Seq.Base.createEmpty is deprecated, use Seq.empty instead
/home/everest/vsts-agent/_work/2/s/hacl-star/specs/Spec.Lib.fst(161,18-161,29): (Warning 288) FStar.Seq.Base.createEmpty is deprecated, use Seq.empty instead
/home/everest/vsts-agent/_work/2/s/hacl-star/specs/Spec.Lib.fst(170,18-170,29): (Warning 288) FStar.Seq.Base.createEmpty is deprecated, use Seq.empty instead
/home/everest/vsts-agent/_work/2/s/hacl-star/specs/Spec.Lib.fst(178,18-178,29): (Warning 288) FStar.Seq.Base.createEmpty is deprecated, use Seq.empty instead
/home/everest/vsts-agent/_work/2/s/hacl-star/specs/Spec.Lib.fst(189,32-189,43): (Warning 288) FStar.Seq.Base.createEmpty is deprecated, use Seq.empty instead
/home/everest/vsts-agent/_work/2/s/hacl-star/specs/Spec.Lib.fst(199,30-199,41): (Warning 288) FStar.Seq.Base.createEmpty is deprecated, use Seq.empty instead
/home/everest/vsts-agent/_work/2/s/hacl-star/specs/Spec.Lib.fst(208,32-208,43): (Warning 288) FStar.Seq.Base.createEmpty is deprecated, use Seq.empty instead
/home/everest/vsts-agent/_work/2/s/hacl-star/specs/Spec.Lib.fst(218,30-218,41): (Warning 288) FStar.Seq.Base.createEmpty is deprecated, use Seq.empty instead
/home/everest/vsts-agent/_work/2/s/hacl-star/specs/Spec.Lib.fst(227,32-227,43): (Warning 288) FStar.Seq.Base.createEmpty is deprecated, use Seq.empty instead
/home/everest/vsts-agent/_work/2/s/hacl-star/specs/Spec.Lib.fst(237,30-237,41): (Warning 288) FStar.Seq.Base.createEmpty is deprecated, use Seq.empty instead
/home/everest/vsts-agent/_work/2/s/hacl-star/specs/Spec.Lib.fst(282,35-282,46): (Warning 288) FStar.Seq.Base.createEmpty is deprecated, use Seq.empty instead
/home/everest/vsts-agent/_work/2/s/hacl-star/specs/Spec.Lib.fst(331,37-331,48): (Warning 288) FStar.Seq.Base.createEmpty is deprecated, use Seq.empty instead
/home/everest/vsts-agent/_work/2/s/hacl-star/specs/Spec.Lib.fst(362,65-362,76): (Warning 288) FStar.Seq.Base.createEmpty is deprecated, use Seq.empty instead
/home/everest/vsts-agent/_work/2/s/hacl-star/specs/Spec.Lib.fst(363,45-363,56): (Warning 288) FStar.Seq.Base.createEmpty is deprecated, use Seq.empty instead
/home/everest/vsts-agent/_work/2/s/hacl-star/specs/Spec.Lib.fst(388,55-388,66): (Warning 288) FStar.Seq.Base.createEmpty is deprecated, use Seq.empty instead
/home/everest/vsts-agent/_work/2/s/hacl-star/specs/Spec.Lib.fst(389,43-389,54): (Warning 288) FStar.Seq.Base.createEmpty is deprecated, use Seq.empty instead
/home/everest/vsts-agent/_work/2/s/hacl-star/specs/Spec.SHA2_256.fst(100,18-100,25): (Warning 288) FStar.Seq.Base.of_list is deprecated, use seq_of_list instead
/home/everest/vsts-agent/_work/2/s/hacl-star/specs/Spec.SHA2_256.fst(113,23-113,30): (Warning 288) FStar.Seq.Base.of_list is deprecated, use seq_of_list instead
Hacl.Hash.Lib.LoadStore.fst(64,60-64,71): (Warning 288) FStar.Seq.Base.createEmpty is deprecated, use Seq.empty instead
Hacl.Hash.Lib.LoadStore.fst(121,60-121,71): (Warning 288) FStar.Seq.Base.createEmpty is deprecated, use Seq.empty instead
Hacl.Hash.Lib.LoadStore.fst(170,60-170,71): (Warning 288) FStar.Seq.Base.createEmpty is deprecated, use Seq.empty instead
Hacl.Hash.Lib.LoadStore.fst(226,60-226,71): (Warning 288) FStar.Seq.Base.createEmpty is deprecated, use Seq.empty instead
Hacl.Impl.SHA2_256.fst(151,62-151,69): (Warning 288) FStar.Seq.Base.of_list is deprecated, use seq_of_list instead
Hacl.Impl.SHA2_256.fst(174,62-174,69): (Warning 288) FStar.Seq.Base.of_list is deprecated, use seq_of_list instead
Hacl.Impl.SHA2_256.fst(1016,11-1016,25): (Warning 271) Pattern FStar.Seq.Base.index (if FStar.UInt32.lt len (FStar.UInt32.uint_to_t 56)
then
FStar.Seq.Base.create (FStar.UInt32.v Hacl.Impl.SHA2_256.size_block) (FStar.UInt8.uint_to_t 0)
else
FStar.Seq.Base.create (FStar.UInt32.v Hacl.Impl.SHA2_256.size_block +
FStar.UInt32.v Hacl.Impl.SHA2_256.size_block)
(FStar.UInt8.uint_to_t 0))
i contains illegal sub-term ((ite (= (BoundV 0) (BoxBool (true ))) (FStar.Seq.Base.create (FreeV FStar.UInt8.t) (FStar.UInt32.v (FreeV Hacl.Impl.SHA2_256.size_block)) (FStar.UInt8.uint_to_t (BoxInt (Integer 0)))) (FStar.Seq.Base.create (FreeV FStar.UInt8.t) (Prims.op_Addition (FStar.UInt32.v (FreeV Hacl.Impl.SHA2_256.size_block)) (FStar.UInt32.v (FreeV Hacl.Impl.SHA2_256.size_block))) (FStar.UInt8.uint_to_t (BoxInt (Integer 0)))))); dropping it (see also FStar.Seq.Base.fst(216,73-216,85))
Hacl.Impl.SHA2_256.fst(1020,11-1020,25): (Warning 271) Pattern FStar.Seq.Base.index (FStar.Seq.Base.create (FStar.UInt32.v (if
FStar.UInt32.lt len (FStar.UInt32.uint_to_t 56)
then FStar.UInt32.uint_to_t 1 <: Prims.Tot FStar.UInt32.t
else FStar.UInt32.uint_to_t 2 <: Prims.Tot FStar.UInt32.t) *
FStar.UInt32.v Hacl.Impl.SHA2_256.size_block)
(FStar.UInt8.uint_to_t 0))
i contains illegal sub-term ((ite (= (BoundV 0) (BoxBool (true ))) (FStar.UInt32.uint_to_t (BoxInt (Integer 1))) (FStar.UInt32.uint_to_t (BoxInt (Integer 2))))); dropping it (see also FStar.Seq.Base.fst(216,73-216,85))
Hacl.Impl.SHA2_256.fst(1056,11-1056,25): (Warning 271) Pattern FStar.Seq.Base.index (FStar.Seq.Base.slice (FStar.Buffer.as_seq a return_val)
(FStar.UInt32.v len)
(FStar.UInt32.v (if FStar.UInt32.lt len (FStar.UInt32.uint_to_t 56)
then FStar.UInt32.uint_to_t 1 <: Prims.Tot FStar.UInt32.t
else FStar.UInt32.uint_to_t 2 <: Prims.Tot FStar.UInt32.t) *
FStar.UInt32.v Hacl.Impl.SHA2_256.size_block))
i contains illegal sub-term ((ite (= (BoundV 0) (BoxBool (true ))) (FStar.UInt32.uint_to_t (BoxInt (Integer 1))) (FStar.UInt32.uint_to_t (BoxInt (Integer 2))))); dropping it (see also FStar.Seq.Base.fst(216,73-216,85))
Hacl.Impl.SHA2_256.fst(1057,11-1057,25): (Warning 271) Pattern FStar.Seq.Base.index (FStar.Seq.Base.slice (FStar.Buffer.as_seq a return_val)
(FStar.UInt32.v len)
(FStar.UInt32.v (if FStar.UInt32.lt len (FStar.UInt32.uint_to_t 56)
then FStar.UInt32.uint_to_t 1 <: Prims.Tot FStar.UInt32.t
else FStar.UInt32.uint_to_t 2 <: Prims.Tot FStar.UInt32.t) *
FStar.UInt32.v Hacl.Impl.SHA2_256.size_block))
i contains illegal sub-term ((ite (= (BoundV 0) (BoxBool (true ))) (FStar.UInt32.uint_to_t (BoxInt (Integer 1))) (FStar.UInt32.uint_to_t (BoxInt (Integer 2))))); dropping it (see also FStar.Seq.Base.fst(216,73-216,85))


[0;31mWarning:[0m could not find "msbuild", trying (deprecated) "xbuild"




[0;31mWarning:[0m could not find "msbuild", trying (deprecated) "xbuild"




[0;31mWarning:[0m could not find "msbuild", trying (deprecated) "xbuild"


NegativeTests.BST.fst(22,38-22,42): (Warning 252) Subtyping check failed; expected type right:
FStar.Pervasives.Native.option (NegativeTests.BST.tree 2)
{ 0 <= 1 /\ 1 <= 2 /\ None? right <==> (1 = 2) /\
None? (FStar.Pervasives.Native.None) <==> (1 = 0) }; got type FStar.Pervasives.Native.option (NegativeTests.BST.tree 2) (see also NegativeTests.BST.fst(12,37-12,48))
NegativeTests.BST.fst(22,38-22,42): (Warning 252) Subtyping check failed; expected type right:
FStar.Pervasives.Native.option (NegativeTests.BST.tree 2)
{ 0 <= 1 /\ 1 <= 2 /\ None? right <==> (1 = 2) /\
None? (FStar.Pervasives.Native.None) <==> (1 = 0) }; got type FStar.Pervasives.Native.option (NegativeTests.BST.tree 2) (see also NegativeTests.BST.fst(12,37-12,48))
NegativeTests.BST.fst(22,38-22,42): (Warning 252) Subtyping check failed; expected type right:
FStar.Pervasives.Native.option (NegativeTests.BST.tree 2)
{ 0 <= 1 /\ 1 <= 2 /\ None? right <==> (1 = 2) /\
None? (FStar.Pervasives.Native.None) <==> (1 = 0) }; got type FStar.Pervasives.Native.option (NegativeTests.BST.tree 2) (see also NegativeTests.BST.fst(12,37-12,48))
NegativeTests.BST.fst(22,38-22,42): (Warning 252) Subtyping check failed; expected type right:
FStar.Pervasives.Native.option (NegativeTests.BST.tree 2)
{ 0 <= 1 /\ 1 <= 2 /\ None? right <==> (1 = 2) /\
None? (FStar.Pervasives.Native.None) <==> (1 = 0) }; got type FStar.Pervasives.Native.option (NegativeTests.BST.tree 2) (see also NegativeTests.BST.fst(12,37-12,48))
NegativeTests.BST.fst(25,61-25,65): (Warning 252) Subtyping check failed; expected type right:
FStar.Pervasives.Native.option (NegativeTests.BST.tree (l + 1))
{ l <= l /\ l <= l + 1 /\ None? right <==> (l = l + 1) /\
None? (FStar.Pervasives.Native.Some t) <==> (l = l) }; got type FStar.Pervasives.Native.option (NegativeTests.BST.tree (l + 1)) (see also NegativeTests.BST.fst(12,36-12,58))
NegativeTests.BST.fst(25,61-25,65): (Warning 252) Subtyping check failed; expected type right:
FStar.Pervasives.Native.option (NegativeTests.BST.tree (l + 1))
{ l <= l /\ l <= l + 1 /\ None? right <==> (l = l + 1) /\
None? (FStar.Pervasives.Native.Some t) <==> (l = l) }; got type FStar.Pervasives.Native.option (NegativeTests.BST.tree (l + 1)) (see also NegativeTests.BST.fst(12,36-12,58))
NegativeTests.BST.fst(25,61-25,65): (Warning 252) Subtyping check failed; expected type right:
FStar.Pervasives.Native.option (NegativeTests.BST.tree (l + 1))
{ l <= l /\ l <= l + 1 /\ None? right <==> (l = l + 1) /\
None? (FStar.Pervasives.Native.Some t) <==> (l = l) }; got type FStar.Pervasives.Native.option (NegativeTests.BST.tree (l + 1)) (see also NegativeTests.BST.fst(12,36-12,58))
NegativeTests.BST.fst(25,61-25,65): (Warning 252) Subtyping check failed; expected type right:
FStar.Pervasives.Native.option (NegativeTests.BST.tree (l + 1))
{ l <= l /\ l <= l + 1 /\ None? right <==> (l = l + 1) /\
None? (FStar.Pervasives.Native.Some t) <==> (l = l) }; got type FStar.Pervasives.Native.option (NegativeTests.BST.tree (l + 1)) (see also NegativeTests.BST.fst(12,36-12,58))
NegativeTests.BST.fst(28,78-28,87): (Warning 252) Subtyping check failed; expected type right:
FStar.Pervasives.Native.option (NegativeTests.BST.tree (l + 1))
{ l <= l + 1 /\ l + 1 <= l + 1 /\ None? right <==> (l + 1 = l + 1) /\
None? (FStar.Pervasives.Native.Some t1) <==> (l + 1 = l) }; got type FStar.Pervasives.Native.option (NegativeTests.BST.tree (l + 1)) (see also NegativeTests.BST.fst(12,37-12,48))
NegativeTests.BST.fst(28,78-28,87): (Warning 252) Subtyping check failed; expected type right:
FStar.Pervasives.Native.option (NegativeTests.BST.tree (l + 1))
{ l <= l + 1 /\ l + 1 <= l + 1 /\ None? right <==> (l + 1 = l + 1) /\
None? (FStar.Pervasives.Native.Some t1) <==> (l + 1 = l) }; got type FStar.Pervasives.Native.option (NegativeTests.BST.tree (l + 1)) (see also NegativeTests.BST.fst(12,37-12,48))
NegativeTests.BST.fst(28,78-28,87): (Warning 252) Subtyping check failed; expected type right:
FStar.Pervasives.Native.option (NegativeTests.BST.tree (l + 1))
{ l <= l + 1 /\ l + 1 <= l + 1 /\ None? right <==> (l + 1 = l + 1) /\
None? (FStar.Pervasives.Native.Some t1) <==> (l + 1 = l) }; got type FStar.Pervasives.Native.option (NegativeTests.BST.tree (l + 1)) (see also NegativeTests.BST.fst(12,37-12,48))
NegativeTests.BST.fst(28,78-28,87): (Warning 252) Subtyping check failed; expected type right:
FStar.Pervasives.Native.option (NegativeTests.BST.tree (l + 1))
{ l <= l + 1 /\ l + 1 <= l + 1 /\ None? right <==> (l + 1 = l + 1) /\
None? (FStar.Pervasives.Native.Some t1) <==> (l + 1 = l) }; got type FStar.Pervasives.Native.option (NegativeTests.BST.tree (l + 1)) (see also NegativeTests.BST.fst(12,37-12,48))


[0;31mWarning:[0m could not find "msbuild", trying (deprecated) "xbuild"


NegativeTests.Heap.fst(11,14-11,20): (Warning 252) assertion failed (see also NegativeTests.Heap.fst(11,21-11,54))
NegativeTests.Heap.fst(11,14-11,20): (Warning 252) assertion failed (see also NegativeTests.Heap.fst(11,21-11,54))
NegativeTests.Heap.fst(11,14-11,20): (Warning 252) assertion failed (see also NegativeTests.Heap.fst(11,21-11,54))
NegativeTests.Heap.fst(11,14-11,20): (Warning 252) assertion failed (see also NegativeTests.Heap.fst(11,21-11,54))


[0;31mWarning:[0m could not find "msbuild", trying (deprecated) "xbuild"


NegativeTests.ShortCircuiting.fst(6,16-6,33): (Warning 252) Subtyping check failed; expected type b: Prims.bool{NegativeTests.ShortCircuiting.bad_p b}; got type Prims.bool (see also NegativeTests.ShortCircuiting.fst(4,31-4,38))
NegativeTests.ShortCircuiting.fst(6,16-6,33): (Warning 252) Subtyping check failed; expected type b: Prims.bool{NegativeTests.ShortCircuiting.bad_p b}; got type Prims.bool (see also NegativeTests.ShortCircuiting.fst(4,31-4,38))
NegativeTests.ShortCircuiting.fst(6,16-6,33): (Warning 252) Subtyping check failed; expected type b: Prims.bool{NegativeTests.ShortCircuiting.bad_p b}; got type Prims.bool (see also NegativeTests.ShortCircuiting.fst(4,31-4,38))
NegativeTests.ShortCircuiting.fst(6,16-6,33): (Warning 252) Subtyping check failed; expected type b: Prims.bool{NegativeTests.ShortCircuiting.bad_p b}; got type Prims.bool (see also NegativeTests.ShortCircuiting.fst(4,31-4,38))
prims.fst(243,30-243,42): (Warning 252) assertion failed (see also prims.fst(215,68-215,80))
prims.fst(243,30-243,42): (Warning 252) assertion failed (see also prims.fst(215,68-215,80))
prims.fst(243,30-243,42): (Warning 252) assertion failed (see also prims.fst(215,68-215,80))
prims.fst(243,30-243,42): (Warning 252) assertion failed (see also prims.fst(215,68-215,80))


[0;31mWarning:[0m could not find "msbuild", trying (deprecated) "xbuild"


NegativeTests.Bug260.fst(11,12-11,19): (Warning 252) Subtyping check failed; expected type NegativeTests.Bug260.validity (NegativeTests.Bug260.S (NegativeTests.Bug260.S t)); got type NegativeTests.Bug260.validity (NegativeTests.Bug260.S t) (see also NegativeTests.Bug260.fst(8,37-11,9))
NegativeTests.Bug260.fst(11,12-11,19): (Warning 252) Subtyping check failed; expected type NegativeTests.Bug260.validity (NegativeTests.Bug260.S (NegativeTests.Bug260.S t)); got type NegativeTests.Bug260.validity (NegativeTests.Bug260.S t) (see also NegativeTests.Bug260.fst(8,37-11,9))
NegativeTests.Bug260.fst(11,12-11,19): (Warning 252) Subtyping check failed; expected type NegativeTests.Bug260.validity (NegativeTests.Bug260.S (NegativeTests.Bug260.S t)); got type NegativeTests.Bug260.validity (NegativeTests.Bug260.S t) (see also NegativeTests.Bug260.fst(8,37-11,9))
NegativeTests.Bug260.fst(11,12-11,19): (Warning 252) Subtyping check failed; expected type NegativeTests.Bug260.validity (NegativeTests.Bug260.S (NegativeTests.Bug260.S t)); got type NegativeTests.Bug260.validity (NegativeTests.Bug260.S t) (see also NegativeTests.Bug260.fst(8,37-11,9))


[0;31mWarning:[0m could not find "msbuild", trying (deprecated) "xbuild"


NegativeTests.Neg.fst(5,8-5,10): (Warning 252) Subtyping check failed; expected type Prims.nat; got type Prims.int (see also prims.fst(408,17-408,23))
NegativeTests.Neg.fst(5,8-5,10): (Warning 252) Subtyping check failed; expected type Prims.nat; got type Prims.int (see also prims.fst(408,17-408,23))
NegativeTests.Neg.fst(5,8-5,10): (Warning 252) Subtyping check failed; expected type Prims.nat; got type Prims.int (see also prims.fst(408,17-408,23))
NegativeTests.Neg.fst(5,8-5,10): (Warning 252) Subtyping check failed; expected type Prims.nat; got type Prims.int (see also prims.fst(408,17-408,23))
NegativeTests.Neg.fst(8,8-8,10): (Warning 252) Subtyping check failed; expected type Prims.nat; got type Prims.int (see also prims.fst(408,17-408,23))
NegativeTests.Neg.fst(8,8-8,10): (Warning 252) Subtyping check failed; expected type Prims.nat; got type Prims.int (see also prims.fst(408,17-408,23))
NegativeTests.Neg.fst(8,8-8,10): (Warning 252) Subtyping check failed; expected type Prims.nat; got type Prims.int (see also prims.fst(408,17-408,23))
NegativeTests.Neg.fst(8,8-8,10): (Warning 252) Subtyping check failed; expected type Prims.nat; got type Prims.int (see also prims.fst(408,17-408,23))
NegativeTests.Neg.fst(11,23-11,29): (Warning 252) assertion failed (see also NegativeTests.Neg.fst(11,30-11,35))
NegativeTests.Neg.fst(11,23-11,29): (Warning 252) assertion failed (see also NegativeTests.Neg.fst(11,30-11,35))
NegativeTests.Neg.fst(11,23-11,29): (Warning 252) assertion failed (see also NegativeTests.Neg.fst(11,30-11,35))
NegativeTests.Neg.fst(11,23-11,29): (Warning 252) assertion failed (see also NegativeTests.Neg.fst(11,30-11,35))
NegativeTests.Neg.fst(14,28-15,15): (Warning 252) Patterns are incomplete
NegativeTests.Neg.fst(14,28-15,15): (Warning 252) Patterns are incomplete
NegativeTests.Neg.fst(14,28-15,15): (Warning 252) Patterns are incomplete
NegativeTests.Neg.fst(14,28-15,15): (Warning 252) Patterns are incomplete
NegativeTests.Neg.fst(22,32-22,42): (Warning 252) assertion failed (see also NegativeTests.Neg.fst(17,44-17,57))
NegativeTests.Neg.fst(22,32-22,42): (Warning 252) assertion failed (see also NegativeTests.Neg.fst(17,44-17,57))
NegativeTests.Neg.fst(22,32-22,42): (Warning 252) assertion failed (see also NegativeTests.Neg.fst(17,44-17,57))
NegativeTests.Neg.fst(22,32-22,42): (Warning 252) assertion failed (see also NegativeTests.Neg.fst(17,44-17,57))
NegativeTests.Neg.fst(26,33-26,34): (Warning 252) could not prove post-condition (see also NegativeTests.Neg.fst(24,83-24,88))
NegativeTests.Neg.fst(26,33-26,34): (Warning 252) could not prove post-condition (see also NegativeTests.Neg.fst(24,83-24,88))
NegativeTests.Neg.fst(26,33-26,34): (Warning 252) could not prove post-condition (see also NegativeTests.Neg.fst(24,83-24,88))
NegativeTests.Neg.fst(26,33-26,34): (Warning 252) could not prove post-condition (see also NegativeTests.Neg.fst(24,83-24,88))
NegativeTests.Neg.fst(30,30-30,31): (Warning 252) Subtyping check failed; expected type _: FStar.Pervasives.Native.option 'a {Some? _}; got type FStar.Pervasives.Native.option 'a (see also FStar.Pervasives.Native.fst(6,4-6,8))
NegativeTests.Neg.fst(30,30-30,31): (Warning 252) Subtyping check failed; expected type _: FStar.Pervasives.Native.option 'a {Some? _}; got type FStar.Pervasives.Native.option 'a (see also FStar.Pervasives.Native.fst(6,4-6,8))
NegativeTests.Neg.fst(30,30-30,31): (Warning 252) Subtyping check failed; expected type _: FStar.Pervasives.Native.option 'a {Some? _}; got type FStar.Pervasives.Native.option 'a (see also FStar.Pervasives.Native.fst(6,4-6,8))
NegativeTests.Neg.fst(30,30-30,31): (Warning 252) Subtyping check failed; expected type _: FStar.Pervasives.Native.option 'a {Some? _}; got type FStar.Pervasives.Native.option 'a (see also FStar.Pervasives.Native.fst(6,4-6,8))
NegativeTests.Neg.fst(34,45-34,47): (Warning 252) Subtyping check failed; expected type _: FStar.Pervasives.result Prims.int {V? _}; got type FStar.Pervasives.result Prims.int (see also FStar.Pervasives.fst(88,4-88,5))
NegativeTests.Neg.fst(34,45-34,47): (Warning 252) Subtyping check failed; expected type _: FStar.Pervasives.result Prims.int {V? _}; got type FStar.Pervasives.result Prims.int (see also FStar.Pervasives.fst(88,4-88,5))
NegativeTests.Neg.fst(34,45-34,47): (Warning 252) Subtyping check failed; expected type _: FStar.Pervasives.result Prims.int {V? _}; got type FStar.Pervasives.result Prims.int (see also FStar.Pervasives.fst(88,4-88,5))
NegativeTests.Neg.fst(34,45-34,47): (Warning 252) Subtyping check failed; expected type _: FStar.Pervasives.result Prims.int {V? _}; got type FStar.Pervasives.result Prims.int (see also FStar.Pervasives.fst(88,4-88,5))
NegativeTests.Neg.fst(39,25-39,26): (Warning 252) Subtyping check failed; expected type Prims.nat; got type Prims.int (see also prims.fst(408,17-408,23))
NegativeTests.Neg.fst(39,25-39,26): (Warning 252) Subtyping check failed; expected type Prims.nat; got type Prims.int (see also prims.fst(408,17-408,23))
NegativeTests.Neg.fst(39,25-39,26): (Warning 252) Subtyping check failed; expected type Prims.nat; got type Prims.int (see also prims.fst(408,17-408,23))
NegativeTests.Neg.fst(39,25-39,26): (Warning 252) Subtyping check failed; expected type Prims.nat; got type Prims.int (see also prims.fst(408,17-408,23))
MiniParse.Impl.Combinators.fst(15,13-15,48): (Warning 252) (Hint-replay failed): assertion failed (see also FStar.HyperStack.ST.fst(76,86-76,91))
MiniParse.Impl.Combinators.fst(30,19-30,25): (Warning 252) (Hint-replay failed): assertion failed (see also LowStar.Buffer.fsti(1593,45-1593,53))
MiniParse.Impl.Combinators.fst(30,19-30,25): (Warning 252) assertion failed (see also LowStar.Buffer.fsti(1593,22-1593,41))
MiniParse.Impl.Combinators.fst(83,8-83,14): (Warning 252) (Hint-replay failed): assertion failed (see also MiniParse.Impl.Combinators.fst(83,15-83,89))
MiniParse.Impl.Combinators.fst(178,4-185,7): (Warning 252) (Hint-replay failed): assertion failed (see also FStar.Pervasives.fst(47,57-47,65))
MiniParse.Impl.Combinators.fst(206,4-210,34): (Warning 252) (Hint-replay failed): assertion failed (see also FStar.Pervasives.fst(47,57-47,65))
MiniParse.Impl.Combinators.fst(15,13-15,48): (Warning 252) (Hint-replay failed): assertion failed (see also FStar.HyperStack.ST.fst(76,86-76,91))
MiniParse.Impl.Combinators.fst(30,19-30,25): (Warning 252) (Hint-replay failed): assertion failed (see also LowStar.Buffer.fsti(1593,45-1593,53))
MiniParse.Impl.Combinators.fst(30,19-30,25): (Warning 252) assertion failed (see also LowStar.Buffer.fsti(1593,22-1593,41))
MiniParse.Impl.Combinators.fst(83,8-83,14): (Warning 252) (Hint-replay failed): assertion failed (see also MiniParse.Impl.Combinators.fst(83,15-83,89))
MiniParse.Impl.Combinators.fst(178,4-185,7): (Warning 252) (Hint-replay failed): assertion failed (see also FStar.Pervasives.fst(47,57-47,65))
MiniParse.Impl.Combinators.fst(206,4-210,34): (Warning 252) (Hint-replay failed): assertion failed (see also FStar.Pervasives.fst(47,57-47,65))


[0;31mWarning:[0m could not find "msbuild", trying (deprecated) "xbuild"


NegativeTests.Termination.fst(6,26-6,27): (Warning 252) Subtyping check failed; expected type m: Prims.int{m << %[ m; l ]}; got type Prims.int (see also NegativeTests.Termination.fst(6,20-6,29))
NegativeTests.Termination.fst(6,26-6,27): (Warning 252) Subtyping check failed; expected type m: Prims.int{m << %[ m; l ]}; got type Prims.int (see also NegativeTests.Termination.fst(6,20-6,29))
NegativeTests.Termination.fst(6,26-6,27): (Warning 252) Subtyping check failed; expected type m: Prims.int{m << %[ m; l ]}; got type Prims.int (see also NegativeTests.Termination.fst(6,20-6,29))
NegativeTests.Termination.fst(6,26-6,27): (Warning 252) Subtyping check failed; expected type m: Prims.int{m << %[ m; l ]}; got type Prims.int (see also NegativeTests.Termination.fst(6,20-6,29))
NegativeTests.Termination.fst(13,26-13,35): (Warning 252) Subtyping check failed; expected type _: Prims.int{%[ n; _ ] << %[ n; count ]}; got type Prims.int (see also NegativeTests.Termination.fst(11,2-13,35))
NegativeTests.Termination.fst(13,26-13,35): (Warning 252) Subtyping check failed; expected type _: Prims.int{%[ n; _ ] << %[ n; count ]}; got type Prims.int (see also NegativeTests.Termination.fst(11,2-13,35))
NegativeTests.Termination.fst(13,26-13,35): (Warning 252) Subtyping check failed; expected type _: Prims.int{%[ n; _ ] << %[ n; count ]}; got type Prims.int (see also NegativeTests.Termination.fst(11,2-13,35))
NegativeTests.Termination.fst(13,26-13,35): (Warning 252) Subtyping check failed; expected type _: Prims.int{%[ n; _ ] << %[ n; count ]}; got type Prims.int (see also NegativeTests.Termination.fst(11,2-13,35))
NegativeTests.Termination.fst(20,43-20,44): (Warning 252) Subtyping check failed; expected type n: Prims.int{%[ m - 1; n ] << %[ m; n ]}; got type Prims.int (see also NegativeTests.Termination.fst(19,2-21,54))
NegativeTests.Termination.fst(20,43-20,44): (Warning 252) Subtyping check failed; expected type n: Prims.int{%[ m - 1; n ] << %[ m; n ]}; got type Prims.int (see also NegativeTests.Termination.fst(19,2-21,54))
NegativeTests.Termination.fst(20,43-20,44): (Warning 252) Subtyping check failed; expected type n: Prims.int{%[ m - 1; n ] << %[ m; n ]}; got type Prims.int (see also NegativeTests.Termination.fst(19,2-21,54))
NegativeTests.Termination.fst(20,43-20,44): (Warning 252) Subtyping check failed; expected type n: Prims.int{%[ m - 1; n ] << %[ m; n ]}; got type Prims.int (see also NegativeTests.Termination.fst(19,2-21,54))
NegativeTests.Termination.fst(27,28-27,29): (Warning 252) Subtyping check failed; expected type _: Prims.list 'a {_ << l}; got type Prims.list 'a (see also NegativeTests.Termination.fst(25,23-27,29))
NegativeTests.Termination.fst(27,28-27,29): (Warning 252) Subtyping check failed; expected type _: Prims.list 'a {_ << l}; got type Prims.list 'a (see also NegativeTests.Termination.fst(25,23-27,29))
NegativeTests.Termination.fst(27,28-27,29): (Warning 252) Subtyping check failed; expected type _: Prims.list 'a {_ << l}; got type Prims.list 'a (see also NegativeTests.Termination.fst(25,23-27,29))
NegativeTests.Termination.fst(27,28-27,29): (Warning 252) Subtyping check failed; expected type _: Prims.list 'a {_ << l}; got type Prims.list 'a (see also NegativeTests.Termination.fst(25,23-27,29))
NegativeTests.Termination.fst(40,15-40,29): (Warning 252) Subtyping check failed; expected type x: Prims.nat{x <= v} -> Prims.Tot Prims.nat; got type _: _: Prims.nat{_ << v} -> Prims.Tot Prims.nat (see also NegativeTests.Termination.fst(38,2-40,29))
NegativeTests.Termination.fst(40,15-40,29): (Warning 252) Subtyping check failed; expected type x: Prims.nat{x <= v} -> Prims.Tot Prims.nat; got type _: _: Prims.nat{_ << v} -> Prims.Tot Prims.nat (see also NegativeTests.Termination.fst(38,2-40,29))
NegativeTests.Termination.fst(40,15-40,29): (Warning 252) Subtyping check failed; expected type x: Prims.nat{x <= v} -> Prims.Tot Prims.nat; got type _: _: Prims.nat{_ << v} -> Prims.Tot Prims.nat (see also NegativeTests.Termination.fst(38,2-40,29))
NegativeTests.Termination.fst(40,15-40,29): (Warning 252) Subtyping check failed; expected type x: Prims.nat{x <= v} -> Prims.Tot Prims.nat; got type _: _: Prims.nat{_ << v} -> Prims.Tot Prims.nat (see also NegativeTests.Termination.fst(38,2-40,29))
NegativeTests.Termination.fst(52,19-52,29): (Warning 252) Subtyping check failed; expected type _: NegativeTests.Termination.snat{_ << n}; got type NegativeTests.Termination.snat (see also NegativeTests.Termination.fst(49,2-52,29))
NegativeTests.Termination.fst(52,19-52,29): (Warning 252) Subtyping check failed; expected type _: NegativeTests.Termination.snat{_ << n}; got type NegativeTests.Termination.snat (see also NegativeTests.Termination.fst(49,2-52,29))
NegativeTests.Termination.fst(52,19-52,29): (Warning 252) Subtyping check failed; expected type _: NegativeTests.Termination.snat{_ << n}; got type NegativeTests.Termination.snat (see also NegativeTests.Termination.fst(49,2-52,29))
NegativeTests.Termination.fst(52,19-52,29): (Warning 252) Subtyping check failed; expected type _: NegativeTests.Termination.snat{_ << n}; got type NegativeTests.Termination.snat (see also NegativeTests.Termination.fst(49,2-52,29))
NegativeTests.Termination.fst(60,34-60,35): (Warning 252) Subtyping check failed; expected type _:
NegativeTests.Termination.snat
{%[ NegativeTests.Termination.S (NegativeTests.Termination.S n'); _ ] << %[ n; m ]}; got type NegativeTests.Termination.snat (see also NegativeTests.Termination.fst(57,2-60,35))
NegativeTests.Termination.fst(60,34-60,35): (Warning 252) Subtyping check failed; expected type _:
NegativeTests.Termination.snat
{%[ NegativeTests.Termination.S (NegativeTests.Termination.S n'); _ ] << %[ n; m ]}; got type NegativeTests.Termination.snat (see also NegativeTests.Termination.fst(57,2-60,35))
NegativeTests.Termination.fst(60,34-60,35): (Warning 252) Subtyping check failed; expected type _:
NegativeTests.Termination.snat
{%[ NegativeTests.Termination.S (NegativeTests.Termination.S n'); _ ] << %[ n; m ]}; got type NegativeTests.Termination.snat (see also NegativeTests.Termination.fst(57,2-60,35))
NegativeTests.Termination.fst(60,34-60,35): (Warning 252) Subtyping check failed; expected type _:
NegativeTests.Termination.snat
{%[ NegativeTests.Termination.S (NegativeTests.Termination.S n'); _ ] << %[ n; m ]}; got type NegativeTests.Termination.snat (see also NegativeTests.Termination.fst(57,2-60,35))
NegativeTests.Termination.fst(65,2-67,14): (Warning 252) Patterns are incomplete
NegativeTests.Termination.fst(65,2-67,14): (Warning 252) Patterns are incomplete
NegativeTests.Termination.fst(65,2-67,14): (Warning 252) Patterns are incomplete
NegativeTests.Termination.fst(65,2-67,14): (Warning 252) Patterns are incomplete
NegativeTests.Termination.fst(74,29-74,31): (Warning 252) Subtyping check failed; expected type _: NegativeTests.Termination.snat{%[ NegativeTests.Termination.S n'; _ ] << %[ n; m ]}; got type NegativeTests.Termination.snat (see also NegativeTests.Termination.fst(72,2-74,31))
NegativeTests.Termination.fst(74,29-74,31): (Warning 252) Subtyping check failed; expected type _: NegativeTests.Termination.snat{%[ NegativeTests.Termination.S n'; _ ] << %[ n; m ]}; got type NegativeTests.Termination.snat (see also NegativeTests.Termination.fst(72,2-74,31))
NegativeTests.Termination.fst(74,29-74,31): (Warning 252) Subtyping check failed; expected type _: NegativeTests.Termination.snat{%[ NegativeTests.Termination.S n'; _ ] << %[ n; m ]}; got type NegativeTests.Termination.snat (see also NegativeTests.Termination.fst(72,2-74,31))
NegativeTests.Termination.fst(74,29-74,31): (Warning 252) Subtyping check failed; expected type _: NegativeTests.Termination.snat{%[ NegativeTests.Termination.S n'; _ ] << %[ n; m ]}; got type NegativeTests.Termination.snat (see also NegativeTests.Termination.fst(72,2-74,31))
NegativeTests.Termination.fst(81,20-81,26): (Warning 252) Subtyping check failed; expected type _: NegativeTests.Termination.snat{_ << n}; got type NegativeTests.Termination.snat (see also NegativeTests.Termination.fst(79,2-81,26))
NegativeTests.Termination.fst(81,20-81,26): (Warning 252) Subtyping check failed; expected type _: NegativeTests.Termination.snat{_ << n}; got type NegativeTests.Termination.snat (see also NegativeTests.Termination.fst(79,2-81,26))
NegativeTests.Termination.fst(81,20-81,26): (Warning 252) Subtyping check failed; expected type _: NegativeTests.Termination.snat{_ << n}; got type NegativeTests.Termination.snat (see also NegativeTests.Termination.fst(79,2-81,26))
NegativeTests.Termination.fst(81,20-81,26): (Warning 252) Subtyping check failed; expected type _: NegativeTests.Termination.snat{_ << n}; got type NegativeTests.Termination.snat (see also NegativeTests.Termination.fst(79,2-81,26))


[0;31mWarning:[0m could not find "msbuild", trying (deprecated) "xbuild"


NegativeTests.False.fst(8,13-8,33): (Warning 252) assertion failed (see also prims.fst(209,69-209,78))
NegativeTests.False.fst(8,13-8,33): (Warning 252) assertion failed (see also prims.fst(209,69-209,78))
NegativeTests.False.fst(8,13-8,33): (Warning 252) assertion failed (see also prims.fst(209,69-209,78))
NegativeTests.False.fst(8,13-8,33): (Warning 252) assertion failed (see also prims.fst(209,69-209,78))


[0;31mWarning:[0m could not find "msbuild", trying (deprecated) "xbuild"


NegativeTests.Set.fst(13,9-13,30): (Warning 252) assertion failed
NegativeTests.Set.fst(13,9-13,30): (Warning 252) assertion failed
NegativeTests.Set.fst(13,9-13,30): (Warning 252) assertion failed
NegativeTests.Set.fst(13,9-13,30): (Warning 252) assertion failed
NegativeTests.Set.fst(18,9-18,67): (Warning 252) assertion failed
NegativeTests.Set.fst(18,9-18,67): (Warning 252) assertion failed
NegativeTests.Set.fst(18,9-18,67): (Warning 252) assertion failed
NegativeTests.Set.fst(18,9-18,67): (Warning 252) assertion failed
NegativeTests.Set.fst(23,9-23,52): (Warning 252) assertion failed
NegativeTests.Set.fst(23,9-23,52): (Warning 252) assertion failed
NegativeTests.Set.fst(23,9-23,52): (Warning 252) assertion failed
NegativeTests.Set.fst(23,9-23,52): (Warning 252) assertion failed
CanonCommMonoid.fst(308,25-308,39): (Warning 296) Tactics admitted goal <(a: Prims.int), (b: Prims.int), (c: Prims.int), (d: Prims.int) |- _ : Prims.squash (CM?.mult FStar.Algebra.CommMonoid.int_plus_cm
a
(CM?.mult FStar.Algebra.CommMonoid.int_plus_cm
b
(CM?.mult FStar.Algebra.CommMonoid.int_plus_cm
2
(CM?.mult FStar.Algebra.CommMonoid.int_plus_cm
d
(CM?.mult FStar.Algebra.CommMonoid.int_plus_cm c 1)))) ==
CM?.mult FStar.Algebra.CommMonoid.int_plus_cm
a
(CM?.mult FStar.Algebra.CommMonoid.int_plus_cm
b
(CM?.mult FStar.Algebra.CommMonoid.int_plus_cm
1
(CM?.mult FStar.Algebra.CommMonoid.int_plus_cm
c
(CM?.mult FStar.Algebra.CommMonoid.int_plus_cm d 2)))))>

(see also CanonCommMonoid.fst(226,9-227,47))


[0;31mWarning:[0m could not find "msbuild", trying (deprecated) "xbuild"




[0;31mWarning:[0m could not find "msbuild", trying (deprecated) "xbuild"




[0;31mWarning:[0m could not find "msbuild", trying (deprecated) "xbuild"




[0;31mWarning:[0m could not find "msbuild", trying (deprecated) "xbuild"


/home/everest/vsts-agent/_work/2/s/kremlin/kremlib/Spec.Loops.fst(14,8-14,19): (Warning 288) FStar.Seq.Base.createEmpty is deprecated, use Seq.empty instead
/home/everest/vsts-agent/_work/2/s/kremlin/kremlib/Spec.Loops.fst(28,31-28,42): (Warning 288) FStar.Seq.Base.createEmpty is deprecated, use Seq.empty instead
/home/everest/vsts-agent/_work/2/s/ulib/FStar.Buffer.fst(829,27-829,34): (Warning 288) FStar.Seq.Base.of_list is deprecated, use seq_of_list instead
/home/everest/vsts-agent/_work/2/s/ulib/FStar.Buffer.fst(835,14-835,21): (Warning 288) FStar.Seq.Base.of_list is deprecated, use seq_of_list instead
/home/everest/vsts-agent/_work/2/s/ulib/FStar.Buffer.fst(837,16-837,23): (Warning 288) FStar.Seq.Base.of_list is deprecated, use seq_of_list instead
/home/everest/vsts-agent/_work/2/s/ulib/FStar.Buffer.fst(1437,23-1437,30): (Warning 288) FStar.Seq.Base.of_list is deprecated, use seq_of_list instead
/home/everest/vsts-agent/_work/2/s/ulib/FStar.Buffer.fst(1453,35-1453,42): (Warning 288) FStar.Seq.Base.of_list is deprecated, use seq_of_list instead
/home/everest/vsts-agent/_work/2/s/ulib/FStar.Buffer.fst(1455,32-1455,39): (Warning 288) FStar.Seq.Base.of_list is deprecated, use seq_of_list instead
/home/everest/vsts-agent/_work/2/s/kremlin/kremlib/FStar.Kremlin.Endianness.fst(85,4-85,15): (Warning 288) FStar.Seq.Base.createEmpty is deprecated, use Seq.empty instead
/home/everest/vsts-agent/_work/2/s/kremlin/kremlib/FStar.Kremlin.Endianness.fst(105,4-105,15): (Warning 288) FStar.Seq.Base.createEmpty is deprecated, use Seq.empty instead
LemmaArgs.fst(16,2-16,18): (Warning 252) Subtyping check failed; expected type b: Prims.int{b <> 5}; got type Prims.int (see also LemmaArgs.fst(5,34-5,40))
LemmaArgs.fst(16,2-16,18): (Warning 252) Subtyping check failed; expected type b: Prims.int{b <> 5}; got type Prims.int (see also LemmaArgs.fst(5,34-5,40))
LemmaArgs.fst(16,2-16,18): (Warning 252) Subtyping check failed; expected type b: Prims.int{b <> 5}; got type Prims.int (see also LemmaArgs.fst(5,34-5,40))
LemmaArgs.fst(16,2-16,18): (Warning 252) Subtyping check failed; expected type b: Prims.int{b <> 5}; got type Prims.int (see also LemmaArgs.fst(5,34-5,40))
LowParse.SLow.Base.fst(113,2-113,4): (Warning 252) (Hint-replay failed): could not prove post-condition (see also LowParse.SLow.Base.fst(112,2-112,56))
LowParse.SLow.Base.fst(113,2-113,4): (Warning 252) could not prove post-condition (see also LowParse.SLow.Base.fst(112,2-112,56))
LowParse.SLow.Base.fst(130,2-130,41): (Warning 252) (Hint-replay failed): could not prove post-condition (see also LowParse.SLow.Base.fst(127,4-127,38))
LowParse.SLow.Base.fst(130,2-130,41): (Warning 252) could not prove post-condition (see also LowParse.SLow.Base.fst(128,4-128,44))
MiniParse.Impl.Int.fst(11,115-11,128): (Warning 252) (Hint-replay failed): could not prove post-condition (see also MiniParse.Impl.Combinators.fst(201,6-201,32))
MiniParse.Impl.Int.fst(16,4-25,7): (Warning 252) (Hint-replay failed): assertion failed (see also FStar.Pervasives.fst(47,57-47,65))
MiniParse.Impl.Int.fst(11,115-11,128): (Warning 252) (Hint-replay failed): could not prove post-condition (see also MiniParse.Impl.Combinators.fst(201,6-201,32))
MiniParse.Impl.Int.fst(16,4-25,7): (Warning 252) (Hint-replay failed): assertion failed (see also FStar.Pervasives.fst(47,57-47,65))


[0;31mWarning:[0m could not find "msbuild", trying (deprecated) "xbuild"




[0;31mWarning:[0m could not find "msbuild", trying (deprecated) "xbuild"




[0;31mWarning:[0m could not find "msbuild", trying (deprecated) "xbuild"


StreamAE.fst(106,30-106,41): (Warning 288) FStar.Seq.Base.createEmpty is deprecated, use Seq.empty instead
StreamAE.fst(125,65-125,76): (Warning 288) FStar.Seq.Base.createEmpty is deprecated, use Seq.empty instead


[0;31mWarning:[0m could not find "msbuild", trying (deprecated) "xbuild"




[0;31mWarning:[0m could not find "msbuild", trying (deprecated) "xbuild"




[0;31mWarning:[0m could not find "msbuild", trying (deprecated) "xbuild"


Point.fst(68,4-70,48): (Warning 252) (Hint-replay failed): assertion failed (see also /home/everest/vsts-agent/_work/2/s/examples/dm4free/FStar.DM4F.Heap.ST.fst(20,93-20,101))
Point.fst(68,4-70,48): (Warning 252) assertion failed (see also /home/everest/vsts-agent/_work/2/s/examples/dm4free/FStar.DM4F.Heap.ST.fst(20,93-20,101))
Point.fst(68,4-70,48): (Warning 252) assertion failed (see also /home/everest/vsts-agent/_work/2/s/examples/dm4free/FStar.DM4F.Heap.ST.fst(20,93-20,101))
Point.fst(94,4-97,79): (Warning 252) (Hint-replay failed): assertion failed (see also /home/everest/vsts-agent/_work/2/s/examples/dm4free/FStar.DM4F.Heap.ST.fst(20,93-20,101))
Point.fst(94,4-97,79): (Warning 252) assertion failed (see also /home/everest/vsts-agent/_work/2/s/examples/dm4free/FStar.DM4F.Heap.ST.fst(20,93-20,101))
Point.fst(94,4-97,79): (Warning 252) assertion failed (see also /home/everest/vsts-agent/_work/2/s/examples/dm4free/FStar.DM4F.Heap.ST.fst(20,93-20,101))
Point.fst(117,2-117,8): (Warning 252) (Hint-replay failed): assertion failed (see also Point.fst(117,9-117,68))
Point.fst(68,4-70,48): (Warning 252) (Hint-replay failed): assertion failed (see also /home/everest/vsts-agent/_work/2/s/examples/dm4free/FStar.DM4F.Heap.ST.fst(20,93-20,101))
Point.fst(68,4-70,48): (Warning 252) assertion failed (see also /home/everest/vsts-agent/_work/2/s/examples/dm4free/FStar.DM4F.Heap.ST.fst(20,93-20,101))
Point.fst(68,4-70,48): (Warning 252) assertion failed (see also /home/everest/vsts-agent/_work/2/s/examples/dm4free/FStar.DM4F.Heap.ST.fst(20,93-20,101))
Point.fst(94,4-97,79): (Warning 252) (Hint-replay failed): assertion failed (see also /home/everest/vsts-agent/_work/2/s/examples/dm4free/FStar.DM4F.Heap.ST.fst(20,93-20,101))
Point.fst(94,4-97,79): (Warning 252) assertion failed (see also /home/everest/vsts-agent/_work/2/s/examples/dm4free/FStar.DM4F.Heap.ST.fst(20,93-20,101))
Point.fst(94,4-97,79): (Warning 252) assertion failed (see also /home/everest/vsts-agent/_work/2/s/examples/dm4free/FStar.DM4F.Heap.ST.fst(20,93-20,101))


[0;31mWarning:[0m could not find "msbuild", trying (deprecated) "xbuild"




[0;31mWarning:[0m could not find "msbuild", trying (deprecated) "xbuild"


ProgramEquivalence.fst(105,4-108,38): (Warning 252) (Hint-replay failed): assertion failed (see also /home/everest/vsts-agent/_work/2/s/examples/dm4free/FStar.DM4F.Heap.ST.fst(20,93-20,101))
ProgramEquivalence.fst(105,4-108,38): (Warning 252) assertion failed (see also /home/everest/vsts-agent/_work/2/s/examples/dm4free/FStar.DM4F.Heap.ST.fst(20,93-20,101))
ProgramEquivalence.fst(105,4-108,38): (Warning 252) assertion failed (see also /home/everest/vsts-agent/_work/2/s/examples/dm4free/FStar.DM4F.Heap.ST.fst(20,93-20,101))


[0;31mWarning:[0m could not find "msbuild", trying (deprecated) "xbuild"




[0;31mWarning:[0m could not find "msbuild", trying (deprecated) "xbuild"




[0;31mWarning:[0m could not find "msbuild", trying (deprecated) "xbuild"


LowParse.SLow.Combinators.fst(32,21-32,26): (Warning 252) (Hint-replay failed): Subtyping check failed; expected type j: Prims.nat{FStar.UInt32.v l <= j && j <= FStar.Seq.Base.length (FStar.Bytes.reveal input)}; got type FStar.UInt.uint_t FStar.UInt32.n (see also FStar.Bytes.fsti(146,56-146,65))
LowParse.SLow.Combinators.fst(55,21-55,26): (Warning 252) (Hint-replay failed): Subtyping check failed; expected type j: Prims.nat{FStar.UInt32.v l <= j && j <= FStar.Seq.Base.length (FStar.Bytes.reveal input)}; got type FStar.UInt.uint_t FStar.UInt32.n (see also FStar.Bytes.fsti(146,56-146,65))
LowParse.SLow.Combinators.fst(109,36-109,52): (Warning 252) (Hint-replay failed): Subtyping check failed; expected type LowParse.Spec.Base.consumed_length (FStar.Bytes.reveal xbytes); got type FStar.UInt.uint_t FStar.UInt32.n (see also LowParse.Spec.Base.fst(22,55-22,72))
LowParse.SLow.Combinators.fst(32,21-32,26): (Warning 252) (Hint-replay failed): Subtyping check failed; expected type j: Prims.nat{FStar.UInt32.v l <= j && j <= FStar.Seq.Base.length (FStar.Bytes.reveal input)}; got type FStar.UInt.uint_t FStar.UInt32.n (see also FStar.Bytes.fsti(146,56-146,65))
LowParse.SLow.Combinators.fst(55,21-55,26): (Warning 252) (Hint-replay failed): Subtyping check failed; expected type j: Prims.nat{FStar.UInt32.v l <= j && j <= FStar.Seq.Base.length (FStar.Bytes.reveal input)}; got type FStar.UInt.uint_t FStar.UInt32.n (see also FStar.Bytes.fsti(146,56-146,65))
LowParse.SLow.Combinators.fst(109,36-109,52): (Warning 252) (Hint-replay failed): Subtyping check failed; expected type LowParse.Spec.Base.consumed_length (FStar.Bytes.reveal xbytes); got type FStar.UInt.uint_t FStar.UInt32.n (see also LowParse.Spec.Base.fst(22,55-22,72))
MiniParse.Impl.TSum.fst(24,19-24,22): (Warning 252) (Hint-replay failed): assertion failed (see also LowStar.Buffer.fsti(1580,57-1580,65))
MiniParse.Impl.TSum.fst(23,24-23,27): (Warning 252) assertion failed (see also FStar.UInt32.fst(64,12-64,32))
MiniParse.Impl.TSum.fst(48,2-60,13): (Warning 252) (Hint-replay failed): assertion failed (see also FStar.Pervasives.fst(47,57-47,65))
MiniParse.Impl.TSum.fst(24,19-24,22): (Warning 252) (Hint-replay failed): assertion failed (see also LowStar.Buffer.fsti(1580,57-1580,65))
MiniParse.Impl.TSum.fst(23,24-23,27): (Warning 252) assertion failed (see also FStar.UInt32.fst(64,12-64,32))
MiniParse.Impl.TSum.fst(48,2-60,13): (Warning 252) (Hint-replay failed): assertion failed (see also FStar.Pervasives.fst(47,57-47,65))


[0;31mWarning:[0m could not find "msbuild", trying (deprecated) "xbuild"


/home/everest/vsts-agent/_work/2/s/kremlin/kremlib/FStar.Kremlin.Endianness.fst(85,4-85,15): (Warning 288) FStar.Seq.Base.createEmpty is deprecated, use Seq.empty instead
/home/everest/vsts-agent/_work/2/s/kremlin/kremlib/FStar.Kremlin.Endianness.fst(105,4-105,15): (Warning 288) FStar.Seq.Base.createEmpty is deprecated, use Seq.empty instead
/home/everest/vsts-agent/_work/2/s/kremlin/kremlib/Spec.Loops.fst(14,8-14,19): (Warning 288) FStar.Seq.Base.createEmpty is deprecated, use Seq.empty instead
/home/everest/vsts-agent/_work/2/s/kremlin/kremlib/Spec.Loops.fst(28,31-28,42): (Warning 288) FStar.Seq.Base.createEmpty is deprecated, use Seq.empty instead
/home/everest/vsts-agent/_work/2/s/ulib/FStar.Buffer.fst(829,27-829,34): (Warning 288) FStar.Seq.Base.of_list is deprecated, use seq_of_list instead
/home/everest/vsts-agent/_work/2/s/ulib/FStar.Buffer.fst(835,14-835,21): (Warning 288) FStar.Seq.Base.of_list is deprecated, use seq_of_list instead
/home/everest/vsts-agent/_work/2/s/ulib/FStar.Buffer.fst(837,16-837,23): (Warning 288) FStar.Seq.Base.of_list is deprecated, use seq_of_list instead
/home/everest/vsts-agent/_work/2/s/ulib/FStar.Buffer.fst(1437,23-1437,30): (Warning 288) FStar.Seq.Base.of_list is deprecated, use seq_of_list instead
/home/everest/vsts-agent/_work/2/s/ulib/FStar.Buffer.fst(1453,35-1453,42): (Warning 288) FStar.Seq.Base.of_list is deprecated, use seq_of_list instead
/home/everest/vsts-agent/_work/2/s/ulib/FStar.Buffer.fst(1455,32-1455,39): (Warning 288) FStar.Seq.Base.of_list is deprecated, use seq_of_list instead


[0;31mWarning:[0m could not find "msbuild", trying (deprecated) "xbuild"




[0;31mWarning:[0m could not find "msbuild", trying (deprecated) "xbuild"




[0;31mWarning:[0m could not find "msbuild", trying (deprecated) "xbuild"




[0;31mWarning:[0m could not find "msbuild", trying (deprecated) "xbuild"




[0;31mWarning:[0m could not find "msbuild", trying (deprecated) "xbuild"


/home/everest/vsts-agent/_work/2/s/kremlin/kremlib/FStar.Kremlin.Endianness.fst(85,4-85,15): (Warning 288) FStar.Seq.Base.createEmpty is deprecated, use Seq.empty instead
/home/everest/vsts-agent/_work/2/s/kremlin/kremlib/FStar.Kremlin.Endianness.fst(105,4-105,15): (Warning 288) FStar.Seq.Base.createEmpty is deprecated, use Seq.empty instead
/home/everest/vsts-agent/_work/2/s/kremlin/kremlib/Spec.Loops.fst(14,8-14,19): (Warning 288) FStar.Seq.Base.createEmpty is deprecated, use Seq.empty instead
/home/everest/vsts-agent/_work/2/s/kremlin/kremlib/Spec.Loops.fst(28,31-28,42): (Warning 288) FStar.Seq.Base.createEmpty is deprecated, use Seq.empty instead
/home/everest/vsts-agent/_work/2/s/ulib/FStar.Buffer.fst(829,27-829,34): (Warning 288) FStar.Seq.Base.of_list is deprecated, use seq_of_list instead
/home/everest/vsts-agent/_work/2/s/ulib/FStar.Buffer.fst(835,14-835,21): (Warning 288) FStar.Seq.Base.of_list is deprecated, use seq_of_list instead
/home/everest/vsts-agent/_work/2/s/ulib/FStar.Buffer.fst(837,16-837,23): (Warning 288) FStar.Seq.Base.of_list is deprecated, use seq_of_list instead
/home/everest/vsts-agent/_work/2/s/ulib/FStar.Buffer.fst(1437,23-1437,30): (Warning 288) FStar.Seq.Base.of_list is deprecated, use seq_of_list instead
/home/everest/vsts-agent/_work/2/s/ulib/FStar.Buffer.fst(1453,35-1453,42): (Warning 288) FStar.Seq.Base.of_list is deprecated, use seq_of_list instead
/home/everest/vsts-agent/_work/2/s/ulib/FStar.Buffer.fst(1455,32-1455,39): (Warning 288) FStar.Seq.Base.of_list is deprecated, use seq_of_list instead


[0;31mWarning:[0m could not find "msbuild", trying (deprecated) "xbuild"




[0;31mWarning:[0m could not find "msbuild", trying (deprecated) "xbuild"




[0;31mWarning:[0m could not find "msbuild", trying (deprecated) "xbuild"


HSL.fst(115,44-115,46): (Warning 252) (Hint-replay failed): Subtyping check failed; expected type p1: HSL.u32{p1 <=^ LowStar.Buffer.len buf /\ p0 <=^ p1}; got type HSL.u32 (see also HSL.fst(106,43-106,64))
HSL.fst(133,40-133,42): (Warning 252) (Hint-replay failed): Subtyping check failed; expected type p0: HSL.u32{p0 <=^ LowStar.Buffer.len buf}; got type HSL.u32 (see also HSL.fst(122,55-122,76))
HSL.fst(177,35-177,37): (Warning 252) (Hint-replay failed): Subtyping check failed; expected type h: FStar.Monotonic.HyperStack.mem{HSL.liveness_and_disjointness st h}; got type FStar.Monotonic.HyperStack.mem (see also HSL.fst(95,2-95,19))
HSL.fst(194,4-211,6): (Warning 252) (Hint-replay failed): could not prove post-condition (see also HSL.fst(188,26-188,45))
HSL.fst(230,4-236,43): (Warning 252) (Hint-replay failed): could not prove post-condition (see also HSL.fst(229,27-229,55))
HSL.fst(257,7-257,9): (Warning 252) (Hint-replay failed): assertion failed (see also FStar.HyperStack.ST.fst(526,27-526,50))
HSL.fst(115,44-115,46): (Warning 252) (Hint-replay failed): Subtyping check failed; expected type p1: HSL.u32{FStar.UInt32.lte p1 (LowStar.Buffer.len buf) /\ FStar.UInt32.lte p0 p1}; got type HSL.u32 (see also HSL.fst(106,43-106,64))
HSL.fst(133,40-133,42): (Warning 252) (Hint-replay failed): Subtyping check failed; expected type p0: HSL.u32{FStar.UInt32.lte p0 (LowStar.Buffer.len buf)}; got type HSL.u32 (see also HSL.fst(122,55-122,76))


[0;31mWarning:[0m could not find "msbuild", trying (deprecated) "xbuild"


/home/everest/vsts-agent/_work/2/s/ulib/FStar.Seq.Base.fst(59,28-59,35): (Warning 288) FStar.Seq.Base.of_list is deprecated, use seq_of_list instead
/home/everest/vsts-agent/_work/2/s/ulib/FStar.Seq.Base.fst(60,27-60,34): (Warning 288) FStar.Seq.Base.of_list is deprecated, use seq_of_list instead
/home/everest/vsts-agent/_work/2/s/ulib/FStar.Seq.Base.fst(64,27-64,34): (Warning 288) FStar.Seq.Base.of_list is deprecated, use seq_of_list instead
/home/everest/vsts-agent/_work/2/s/ulib/FStar.Seq.Base.fst(65,26-65,33): (Warning 288) FStar.Seq.Base.of_list is deprecated, use seq_of_list instead
/home/everest/vsts-agent/_work/2/s/ulib/FStar.Seq.Properties.fst(937,33-937,40): (Warning 288) FStar.Seq.Base.of_list is deprecated, use seq_of_list instead
/home/everest/vsts-agent/_work/2/s/ulib/FStar.Seq.Properties.fst(938,55-938,62): (Warning 288) FStar.Seq.Base.of_list is deprecated, use seq_of_list instead
/home/everest/vsts-agent/_work/2/s/ulib/FStar.Seq.Properties.fst(938,30-938,37): (Warning 288) FStar.Seq.Base.of_list is deprecated, use seq_of_list instead
/home/everest/vsts-agent/_work/2/s/ulib/FStar.Seq.Properties.fst(940,53-940,60): (Warning 288) FStar.Seq.Base.of_list is deprecated, use seq_of_list instead
/home/everest/vsts-agent/_work/2/s/ulib/FStar.Seq.Properties.fst(945,34-945,41): (Warning 288) FStar.Seq.Base.of_list is deprecated, use seq_of_list instead


[0;31mWarning:[0m could not find "msbuild", trying (deprecated) "xbuild"


FailFlow.fst(17,4-17,10): (Warning 252) assertion failed (see also FailFlow.fst(17,11-17,16))
FailFlow.fst(17,4-17,10): (Warning 252) assertion failed (see also FailFlow.fst(17,11-17,16))
FailFlow.fst(17,4-17,10): (Warning 252) assertion failed (see also FailFlow.fst(17,11-17,16))
FailFlow.fst(17,4-17,10): (Warning 252) assertion failed (see also FailFlow.fst(17,11-17,16))
FailFlow.fst(25,4-26,16): (Warning 252) assertion failed (see also FStar.Tactics.Effect.fst(47,82-47,88))
FailFlow.fst(25,4-26,16): (Warning 252) assertion failed (see also FStar.Tactics.Effect.fst(47,82-47,88))
FailFlow.fst(25,4-26,16): (Warning 252) assertion failed (see also FStar.Tactics.Effect.fst(47,82-47,88))
FailFlow.fst(25,4-26,16): (Warning 252) assertion failed (see also FStar.Tactics.Effect.fst(47,82-47,88))
FailFlow.fst(30,4-31,16): (Warning 252) assertion failed (see also FStar.Tactics.Effect.fst(47,82-47,88))
FailFlow.fst(30,4-31,16): (Warning 252) assertion failed (see also FStar.Tactics.Effect.fst(47,82-47,88))
FailFlow.fst(30,4-31,16): (Warning 252) assertion failed (see also FStar.Tactics.Effect.fst(47,82-47,88))
FailFlow.fst(30,4-31,16): (Warning 252) assertion failed (see also FStar.Tactics.Effect.fst(47,82-47,88))
FailFlow.fst(36,4-36,10): (Warning 252) assertion failed (see also FailFlow.fst(36,11-36,16))
FailFlow.fst(36,4-36,10): (Warning 252) assertion failed (see also FailFlow.fst(36,11-36,16))
FailFlow.fst(36,4-36,10): (Warning 252) assertion failed (see also FailFlow.fst(36,11-36,16))
FailFlow.fst(36,4-36,10): (Warning 252) assertion failed (see also FailFlow.fst(36,11-36,16))


[0;31mWarning:[0m could not find "msbuild", trying (deprecated) "xbuild"


/home/everest/vsts-agent/_work/2/s/kremlin/kremlib/FStar.Kremlin.Endianness.fst(85,4-85,15): (Warning 288) FStar.Seq.Base.createEmpty is deprecated, use Seq.empty instead
/home/everest/vsts-agent/_work/2/s/kremlin/kremlib/FStar.Kremlin.Endianness.fst(105,4-105,15): (Warning 288) FStar.Seq.Base.createEmpty is deprecated, use Seq.empty instead
/home/everest/vsts-agent/_work/2/s/kremlin/kremlib/Spec.Loops.fst(14,8-14,19): (Warning 288) FStar.Seq.Base.createEmpty is deprecated, use Seq.empty instead
/home/everest/vsts-agent/_work/2/s/kremlin/kremlib/Spec.Loops.fst(28,31-28,42): (Warning 288) FStar.Seq.Base.createEmpty is deprecated, use Seq.empty instead
/home/everest/vsts-agent/_work/2/s/ulib/FStar.Buffer.fst(829,27-829,34): (Warning 288) FStar.Seq.Base.of_list is deprecated, use seq_of_list instead
/home/everest/vsts-agent/_work/2/s/ulib/FStar.Buffer.fst(835,14-835,21): (Warning 288) FStar.Seq.Base.of_list is deprecated, use seq_of_list instead
/home/everest/vsts-agent/_work/2/s/ulib/FStar.Buffer.fst(837,16-837,23): (Warning 288) FStar.Seq.Base.of_list is deprecated, use seq_of_list instead
/home/everest/vsts-agent/_work/2/s/ulib/FStar.Buffer.fst(1437,23-1437,30): (Warning 288) FStar.Seq.Base.of_list is deprecated, use seq_of_list instead
/home/everest/vsts-agent/_work/2/s/ulib/FStar.Buffer.fst(1453,35-1453,42): (Warning 288) FStar.Seq.Base.of_list is deprecated, use seq_of_list instead
/home/everest/vsts-agent/_work/2/s/ulib/FStar.Buffer.fst(1455,32-1455,39): (Warning 288) FStar.Seq.Base.of_list is deprecated, use seq_of_list instead


[0;31mWarning:[0m could not find "msbuild", trying (deprecated) "xbuild"


Flags(0,0-0,0): (Warning 283) use_extracted_interfaces option is set but could not find an interface in the cache for: Flags
TLSError(0,0-0,0): (Warning 283) use_extracted_interfaces option is set but could not find an interface in the cache for: TLSError
Mem(0,0-0,0): (Warning 283) use_extracted_interfaces option is set but could not find an interface in the cache for: Mem


[0;31mWarning:[0m could not find "msbuild", trying (deprecated) "xbuild"


X64.Vale.StateLemmas_i.fst(38,2-38,8): (Warning 252) (Hint-replay failed): assertion failed (see also X64.Vale.StateLemmas_i.fst(38,9-38,49))
/home/everest/vsts-agent/_work/2/s/kremlin/kremlib/Spec.Loops.fst(14,8-14,19): (Warning 288) FStar.Seq.Base.createEmpty is deprecated, use Seq.empty instead
/home/everest/vsts-agent/_work/2/s/kremlin/kremlib/Spec.Loops.fst(28,31-28,42): (Warning 288) FStar.Seq.Base.createEmpty is deprecated, use Seq.empty instead
/home/everest/vsts-agent/_work/2/s/hacl-star/code/lib/kremlin/FStar.Endianness.fst(190,8-190,19): (Warning 288) FStar.Seq.Base.createEmpty is deprecated, use Seq.empty instead
/home/everest/vsts-agent/_work/2/s/hacl-star/code/lib/kremlin/FStar.Endianness.fst(309,16-309,27): (Warning 288) FStar.Seq.Base.createEmpty is deprecated, use Seq.empty instead
/home/everest/vsts-agent/_work/2/s/hacl-star/code/lib/kremlin/FStar.Endianness.fst(330,16-330,27): (Warning 288) FStar.Seq.Base.createEmpty is deprecated, use Seq.empty instead
/home/everest/vsts-agent/_work/2/s/hacl-star/code/lib/kremlin/FStar.Endianness.fst(354,8-354,19): (Warning 288) FStar.Seq.Base.createEmpty is deprecated, use Seq.empty instead
/home/everest/vsts-agent/_work/2/s/hacl-star/specs/Spec.Lib.fst(109,18-109,29): (Warning 288) FStar.Seq.Base.createEmpty is deprecated, use Seq.empty instead
/home/everest/vsts-agent/_work/2/s/hacl-star/specs/Spec.Lib.fst(126,18-126,29): (Warning 288) FStar.Seq.Base.createEmpty is deprecated, use Seq.empty instead
/home/everest/vsts-agent/_work/2/s/hacl-star/specs/Spec.Lib.fst(135,18-135,29): (Warning 288) FStar.Seq.Base.createEmpty is deprecated, use Seq.empty instead
/home/everest/vsts-agent/_work/2/s/hacl-star/specs/Spec.Lib.fst(143,18-143,29): (Warning 288) FStar.Seq.Base.createEmpty is deprecated, use Seq.empty instead
/home/everest/vsts-agent/_work/2/s/hacl-star/specs/Spec.Lib.fst(153,18-153,29): (Warning 288) FStar.Seq.Base.createEmpty is deprecated, use Seq.empty instead
/home/everest/vsts-agent/_work/2/s/hacl-star/specs/Spec.Lib.fst(161,18-161,29): (Warning 288) FStar.Seq.Base.createEmpty is deprecated, use Seq.empty instead
/home/everest/vsts-agent/_work/2/s/hacl-star/specs/Spec.Lib.fst(170,18-170,29): (Warning 288) FStar.Seq.Base.createEmpty is deprecated, use Seq.empty instead
/home/everest/vsts-agent/_work/2/s/hacl-star/specs/Spec.Lib.fst(178,18-178,29): (Warning 288) FStar.Seq.Base.createEmpty is deprecated, use Seq.empty instead
/home/everest/vsts-agent/_work/2/s/hacl-star/specs/Spec.Lib.fst(189,32-189,43): (Warning 288) FStar.Seq.Base.createEmpty is deprecated, use Seq.empty instead
/home/everest/vsts-agent/_work/2/s/hacl-star/specs/Spec.Lib.fst(199,30-199,41): (Warning 288) FStar.Seq.Base.createEmpty is deprecated, use Seq.empty instead
/home/everest/vsts-agent/_work/2/s/hacl-star/specs/Spec.Lib.fst(208,32-208,43): (Warning 288) FStar.Seq.Base.createEmpty is deprecated, use Seq.empty instead
/home/everest/vsts-agent/_work/2/s/hacl-star/specs/Spec.Lib.fst(218,30-218,41): (Warning 288) FStar.Seq.Base.createEmpty is deprecated, use Seq.empty instead
/home/everest/vsts-agent/_work/2/s/hacl-star/specs/Spec.Lib.fst(227,32-227,43): (Warning 288) FStar.Seq.Base.createEmpty is deprecated, use Seq.empty instead
/home/everest/vsts-agent/_work/2/s/hacl-star/specs/Spec.Lib.fst(237,30-237,41): (Warning 288) FStar.Seq.Base.createEmpty is deprecated, use Seq.empty instead
/home/everest/vsts-agent/_work/2/s/hacl-star/specs/Spec.Lib.fst(282,35-282,46): (Warning 288) FStar.Seq.Base.createEmpty is deprecated, use Seq.empty instead
/home/everest/vsts-agent/_work/2/s/hacl-star/specs/Spec.Lib.fst(331,37-331,48): (Warning 288) FStar.Seq.Base.createEmpty is deprecated, use Seq.empty instead
/home/everest/vsts-agent/_work/2/s/hacl-star/specs/Spec.Lib.fst(362,65-362,76): (Warning 288) FStar.Seq.Base.createEmpty is deprecated, use Seq.empty instead
/home/everest/vsts-agent/_work/2/s/hacl-star/specs/Spec.Lib.fst(363,45-363,56): (Warning 288) FStar.Seq.Base.createEmpty is deprecated, use Seq.empty instead
/home/everest/vsts-agent/_work/2/s/hacl-star/specs/Spec.Lib.fst(388,55-388,66): (Warning 288) FStar.Seq.Base.createEmpty is deprecated, use Seq.empty instead
/home/everest/vsts-agent/_work/2/s/hacl-star/specs/Spec.Lib.fst(389,43-389,54): (Warning 288) FStar.Seq.Base.createEmpty is deprecated, use Seq.empty instead
/home/everest/vsts-agent/_work/2/s/hacl-star/code/salsa-family/Hacl.Impl.Xor.Lemmas.fst(19,65-19,76): (Warning 288) FStar.Seq.Base.createEmpty is deprecated, use Seq.empty instead
/home/everest/vsts-agent/_work/2/s/hacl-star/specs/Spec.CTR.fst(41,22-41,33): (Warning 288) FStar.Seq.Base.createEmpty is deprecated, use Seq.empty instead
/home/everest/vsts-agent/_work/2/s/hacl-star/specs/Spec.CTR.fst(82,9-82,20): (Warning 288) FStar.Seq.Base.createEmpty is deprecated, use Seq.empty instead
/home/everest/vsts-agent/_work/2/s/kremlin/kremlib/FStar.Kremlin.Endianness.fst(85,4-85,15): (Warning 288) FStar.Seq.Base.createEmpty is deprecated, use Seq.empty instead
/home/everest/vsts-agent/_work/2/s/kremlin/kremlib/FStar.Kremlin.Endianness.fst(105,4-105,15): (Warning 288) FStar.Seq.Base.createEmpty is deprecated, use Seq.empty instead
/home/everest/vsts-agent/_work/2/s/hacl-star/code/lib/kremlin/Hacl.Spec.Endianness.fst(48,31-48,42): (Warning 288) FStar.Seq.Base.createEmpty is deprecated, use Seq.empty instead
/home/everest/vsts-agent/_work/2/s/hacl-star/code/salsa-family/Hacl.Lib.LoadStore32.fst(63,60-63,71): (Warning 288) FStar.Seq.Base.createEmpty is deprecated, use Seq.empty instead
/home/everest/vsts-agent/_work/2/s/hacl-star/code/salsa-family/Hacl.Lib.LoadStore32.fst(120,60-120,71): (Warning 288) FStar.Seq.Base.createEmpty is deprecated, use Seq.empty instead
/home/everest/vsts-agent/_work/2/s/hacl-star/code/salsa-family/Hacl.Impl.Chacha20.fst(524,39-524,50): (Warning 288) FStar.Seq.Base.createEmpty is deprecated, use Seq.empty instead
/home/everest/vsts-agent/_work/2/s/hacl-star/code/salsa-family/Hacl.Impl.Chacha20.fst(526,37-526,48): (Warning 288) FStar.Seq.Base.createEmpty is deprecated, use Seq.empty instead
/home/everest/vsts-agent/_work/2/s/hacl-star/code/salsa-family/Hacl.Impl.Chacha20.fst(562,12-562,23): (Warning 288) FStar.Seq.Base.createEmpty is deprecated, use Seq.empty instead
/home/everest/vsts-agent/_work/2/s/hacl-star/code/salsa-family/Hacl.Impl.Chacha20.fst(565,44-565,55): (Warning 288) FStar.Seq.Base.createEmpty is deprecated, use Seq.empty instead
/home/everest/vsts-agent/_work/2/s/hacl-star/code/salsa-family/Hacl.Impl.Chacha20.fst(669,12-669,23): (Warning 288) FStar.Seq.Base.createEmpty is deprecated, use Seq.empty instead
/home/everest/vsts-agent/_work/2/s/hacl-star/code/salsa-family/Hacl.Impl.Chacha20.fst(672,27-672,38): (Warning 288) FStar.Seq.Base.createEmpty is deprecated, use Seq.empty instead
/home/everest/vsts-agent/_work/2/s/hacl-star/code/salsa-family/Hacl.Impl.Chacha20.fst(744,59-744,70): (Warning 288) FStar.Seq.Base.createEmpty is deprecated, use Seq.empty instead
/home/everest/vsts-agent/_work/2/s/hacl-star/code/salsa-family/Hacl.Impl.Chacha20.fst(745,60-745,71): (Warning 288) FStar.Seq.Base.createEmpty is deprecated, use Seq.empty instead
/home/everest/vsts-agent/_work/2/s/hacl-star/code/salsa-family/Hacl.Impl.Chacha20.fst(791,56-791,67): (Warning 288) FStar.Seq.Base.createEmpty is deprecated, use Seq.empty instead
/home/everest/vsts-agent/_work/2/s/hacl-star/secure_api/utils/Crypto.Symmetric.Bytes.fst(89,8-89,19): (Warning 288) FStar.Seq.Base.createEmpty is deprecated, use Seq.empty instead
/home/everest/vsts-agent/_work/2/s/hacl-star/secure_api/utils/Crypto.Symmetric.Bytes.fst(447,16-447,27): (Warning 288) FStar.Seq.Base.createEmpty is deprecated, use Seq.empty instead
/home/everest/vsts-agent/_work/2/s/hacl-star/secure_api/utils/Crypto.Symmetric.Bytes.fst(472,16-472,27): (Warning 288) FStar.Seq.Base.createEmpty is deprecated, use Seq.empty instead
/home/everest/vsts-agent/_work/2/s/hacl-star/secure_api/utils/Crypto.Symmetric.Bytes.fst(518,8-518,19): (Warning 288) FStar.Seq.Base.createEmpty is deprecated, use Seq.empty instead
/home/everest/vsts-agent/_work/2/s/hacl-star/specs/Spec.Poly1305.fst(50,25-50,36): (Warning 288) FStar.Seq.Base.createEmpty is deprecated, use Seq.empty instead
/home/everest/vsts-agent/_work/2/s/hacl-star/code/poly1305/Hacl.Spec.Poly1305_64.fst(332,19-332,30): (Warning 288) FStar.Seq.Base.createEmpty is deprecated, use Seq.empty instead
/home/everest/vsts-agent/_work/2/s/hacl-star/code/poly1305/Hacl.Spe.Poly1305_64.fst(163,54-163,65): (Warning 288) FStar.Seq.Base.createEmpty is deprecated, use Seq.empty instead
/home/everest/vsts-agent/_work/2/s/hacl-star/code/poly1305/Hacl.Spe.Poly1305_64.fst(210,8-210,19): (Warning 288) FStar.Seq.Base.createEmpty is deprecated, use Seq.empty instead
/home/everest/vsts-agent/_work/2/s/hacl-star/code/poly1305/Hacl.Spe.Poly1305_64.fst(211,57-211,68): (Warning 288) FStar.Seq.Base.createEmpty is deprecated, use Seq.empty instead
/home/everest/vsts-agent/_work/2/s/hacl-star/code/poly1305/Hacl.Impl.Poly1305_64.fst(192,22-192,33): (Warning 288) FStar.Seq.Base.createEmpty is deprecated, use Seq.empty instead
/home/everest/vsts-agent/_work/2/s/hacl-star/specs/Spec.GF128.fst(75,8-75,19): (Warning 288) FStar.Seq.Base.createEmpty is deprecated, use Seq.empty instead
/home/everest/vsts-agent/_work/2/s/hacl-star/secure_api/uf1cma/Crypto.Symmetric.MAC.fst(46,31-46,42): (Warning 288) FStar.Seq.Base.createEmpty is deprecated, use Seq.empty instead
/home/everest/vsts-agent/_work/2/s/hacl-star/secure_api/uf1cma/Crypto.Symmetric.MAC.fst(505,40-505,51): (Warning 288) FStar.Seq.Base.createEmpty is deprecated, use Seq.empty instead
/home/everest/vsts-agent/_work/2/s/hacl-star/secure_api/uf1cma/Crypto.Symmetric.UF1CMA.fst(388,31-388,42): (Warning 288) FStar.Seq.Base.createEmpty is deprecated, use Seq.empty instead
/home/everest/vsts-agent/_work/2/s/hacl-star/secure_api/uf1cma/Crypto.Symmetric.UF1CMA.fst(401,61-401,72): (Warning 288) FStar.Seq.Base.createEmpty is deprecated, use Seq.empty instead
/home/everest/vsts-agent/_work/2/s/hacl-star/secure_api/uf1cma/Crypto.Symmetric.UF1CMA.fst(404,68-404,79): (Warning 288) FStar.Seq.Base.createEmpty is deprecated, use Seq.empty instead
/home/everest/vsts-agent/_work/2/s/hacl-star/secure_api/uf1cma/Crypto.Symmetric.UF1CMA.fst(455,15-455,26): (Warning 288) FStar.Seq.Base.createEmpty is deprecated, use Seq.empty instead
/home/everest/vsts-agent/_work/2/s/hacl-star/secure_api/prf/Crypto.Symmetric.PRF.fst(177,36-177,47): (Warning 288) FStar.Seq.Base.createEmpty is deprecated, use Seq.empty instead
/home/everest/vsts-agent/_work/2/s/hacl-star/secure_api/prf/Crypto.Symmetric.PRF.fst(212,47-212,58): (Warning 288) FStar.Seq.Base.createEmpty is deprecated, use Seq.empty instead
/home/everest/vsts-agent/_work/2/s/hacl-star/secure_api/aead/Crypto.AEAD.Encoding.fst(66,8-66,19): (Warning 288) FStar.Seq.Base.createEmpty is deprecated, use Seq.empty instead
/home/everest/vsts-agent/_work/2/s/hacl-star/secure_api/aead/Crypto.AEAD.Encoding.fst(544,37-544,48): (Warning 288) FStar.Seq.Base.createEmpty is deprecated, use Seq.empty instead
/home/everest/vsts-agent/_work/2/s/hacl-star/secure_api/aead/Crypto.AEAD.Encoding.fst(552,67-552,78): (Warning 288) FStar.Seq.Base.createEmpty is deprecated, use Seq.empty instead
/home/everest/vsts-agent/_work/2/s/hacl-star/secure_api/aead/Crypto.AEAD.Invariant.fst(195,8-195,19): (Warning 288) FStar.Seq.Base.createEmpty is deprecated, use Seq.empty instead
/home/everest/vsts-agent/_work/2/s/hacl-star/secure_api/aead/Crypto.AEAD.Invariant.fst(603,83-603,94): (Warning 288) FStar.Seq.Base.createEmpty is deprecated, use Seq.empty instead
/home/everest/vsts-agent/_work/2/s/hacl-star/secure_api/aead/Crypto.AEAD.EnxorDexor.fst(114,27-114,38): (Warning 288) FStar.Seq.Base.createEmpty is deprecated, use Seq.empty instead
/home/everest/vsts-agent/_work/2/s/hacl-star/secure_api/aead/Crypto.AEAD.EnxorDexor.fst(527,52-527,63): (Warning 288) FStar.Seq.Base.createEmpty is deprecated, use Seq.empty instead
make: *** [aead/Crypto.AEAD.Encrypt.fst-ver] Terminated


[0;31mWarning:[0m could not find "msbuild", trying (deprecated) "xbuild"


SepLogic.Heap.fst(59,26-62,30): (Warning 252) (Hint-replay failed): Patterns are incomplete
SepLogic.Heap.fst(78,38-81,62): (Warning 252) (Hint-replay failed): Patterns are incomplete
SepLogic.Heap.fst(303,4-303,6): (Warning 252) (Hint-replay failed): could not prove post-condition (see also SepLogic.Heap.fst(302,21-302,58))


[0;31mWarning:[0m could not find "msbuild", trying (deprecated) "xbuild"




[0;31mWarning:[0m could not find "msbuild", trying (deprecated) "xbuild"


SL.Heap.fst(65,26-68,30): (Warning 252) (Hint-replay failed): Patterns are incomplete
SL.Heap.fst(85,38-88,62): (Warning 252) (Hint-replay failed): Patterns are incomplete


[0;31mWarning:[0m could not find "msbuild", trying (deprecated) "xbuild"




[0;31mWarning:[0m could not find "msbuild", trying (deprecated) "xbuild"




[0;31mWarning:[0m could not find "msbuild", trying (deprecated) "xbuild"




[0;31mWarning:[0m could not find "msbuild", trying (deprecated) "xbuild"




[0;31mWarning:[0m could not find "msbuild", trying (deprecated) "xbuild"


/home/everest/vsts-agent/_work/2/s/kremlin/kremlib/FStar.Kremlin.Endianness.fst(85,4-85,15): (Warning 288) FStar.Seq.Base.createEmpty is deprecated, use Seq.empty instead
/home/everest/vsts-agent/_work/2/s/kremlin/kremlib/FStar.Kremlin.Endianness.fst(105,4-105,15): (Warning 288) FStar.Seq.Base.createEmpty is deprecated, use Seq.empty instead
/home/everest/vsts-agent/_work/2/s/kremlin/kremlib/Spec.Loops.fst(14,8-14,19): (Warning 288) FStar.Seq.Base.createEmpty is deprecated, use Seq.empty instead
/home/everest/vsts-agent/_work/2/s/kremlin/kremlib/Spec.Loops.fst(28,31-28,42): (Warning 288) FStar.Seq.Base.createEmpty is deprecated, use Seq.empty instead
/home/everest/vsts-agent/_work/2/s/ulib/FStar.Buffer.fst(829,27-829,34): (Warning 288) FStar.Seq.Base.of_list is deprecated, use seq_of_list instead
/home/everest/vsts-agent/_work/2/s/ulib/FStar.Buffer.fst(835,14-835,21): (Warning 288) FStar.Seq.Base.of_list is deprecated, use seq_of_list instead
/home/everest/vsts-agent/_work/2/s/ulib/FStar.Buffer.fst(837,16-837,23): (Warning 288) FStar.Seq.Base.of_list is deprecated, use seq_of_list instead
/home/everest/vsts-agent/_work/2/s/ulib/FStar.Buffer.fst(1437,23-1437,30): (Warning 288) FStar.Seq.Base.of_list is deprecated, use seq_of_list instead
/home/everest/vsts-agent/_work/2/s/ulib/FStar.Buffer.fst(1453,35-1453,42): (Warning 288) FStar.Seq.Base.of_list is deprecated, use seq_of_list instead
/home/everest/vsts-agent/_work/2/s/ulib/FStar.Buffer.fst(1455,32-1455,39): (Warning 288) FStar.Seq.Base.of_list is deprecated, use seq_of_list instead


[0;31mWarning:[0m could not find "msbuild", trying (deprecated) "xbuild"


prims.fst(98,30-98,31): (Warning 252) assertion failed
prims.fst(98,30-98,31): (Warning 252) assertion failed
prims.fst(98,30-98,31): (Warning 252) assertion failed
prims.fst(98,30-98,31): (Warning 252) assertion failed


[0;31mWarning:[0m could not find "msbuild", trying (deprecated) "xbuild"




[0;31mWarning:[0m could not find "msbuild", trying (deprecated) "xbuild"




[0;31mWarning:[0m could not find "msbuild", trying (deprecated) "xbuild"


/home/everest/vsts-agent/_work/2/s/kremlin/kremlib/Spec.Loops.fst(14,8-14,19): (Warning 288) FStar.Seq.Base.createEmpty is deprecated, use Seq.empty instead
/home/everest/vsts-agent/_work/2/s/kremlin/kremlib/Spec.Loops.fst(28,31-28,42): (Warning 288) FStar.Seq.Base.createEmpty is deprecated, use Seq.empty instead
/home/everest/vsts-agent/_work/2/s/kremlin/kremlib/FStar.Kremlin.Endianness.fst(85,4-85,15): (Warning 288) FStar.Seq.Base.createEmpty is deprecated, use Seq.empty instead
/home/everest/vsts-agent/_work/2/s/kremlin/kremlib/FStar.Kremlin.Endianness.fst(105,4-105,15): (Warning 288) FStar.Seq.Base.createEmpty is deprecated, use Seq.empty instead


[0;31mWarning:[0m could not find "msbuild", trying (deprecated) "xbuild"




[0;31mWarning:[0m could not find "msbuild", trying (deprecated) "xbuild"


/home/everest/vsts-agent/_work/2/s/ulib/FStar.Seq.Base.fst(59,28-59,35): (Warning 288) FStar.Seq.Base.of_list is deprecated, use seq_of_list instead
/home/everest/vsts-agent/_work/2/s/ulib/FStar.Seq.Base.fst(60,27-60,34): (Warning 288) FStar.Seq.Base.of_list is deprecated, use seq_of_list instead
/home/everest/vsts-agent/_work/2/s/ulib/FStar.Seq.Base.fst(64,27-64,34): (Warning 288) FStar.Seq.Base.of_list is deprecated, use seq_of_list instead
/home/everest/vsts-agent/_work/2/s/ulib/FStar.Seq.Base.fst(65,26-65,33): (Warning 288) FStar.Seq.Base.of_list is deprecated, use seq_of_list instead
/home/everest/vsts-agent/_work/2/s/ulib/FStar.Seq.Properties.fst(937,33-937,40): (Warning 288) FStar.Seq.Base.of_list is deprecated, use seq_of_list instead
/home/everest/vsts-agent/_work/2/s/ulib/FStar.Seq.Properties.fst(938,55-938,62): (Warning 288) FStar.Seq.Base.of_list is deprecated, use seq_of_list instead
/home/everest/vsts-agent/_work/2/s/ulib/FStar.Seq.Properties.fst(938,30-938,37): (Warning 288) FStar.Seq.Base.of_list is deprecated, use seq_of_list instead
/home/everest/vsts-agent/_work/2/s/ulib/FStar.Seq.Properties.fst(940,53-940,60): (Warning 288) FStar.Seq.Base.of_list is deprecated, use seq_of_list instead
/home/everest/vsts-agent/_work/2/s/ulib/FStar.Seq.Properties.fst(945,34-945,41): (Warning 288) FStar.Seq.Base.of_list is deprecated, use seq_of_list instead


[0;31mWarning:[0m could not find "msbuild", trying (deprecated) "xbuild"




[0;31mWarning:[0m could not find "msbuild", trying (deprecated) "xbuild"




[0;31mWarning:[0m could not find "msbuild", trying (deprecated) "xbuild"




[0;31mWarning:[0m could not find "msbuild", trying (deprecated) "xbuild"


X64.Poly1305.Math_i.fst(153,53-153,59): (Warning 296) Tactics admitted goal <(n: Prims.int), (p: Prims.pos), (h: Prims.nat), (h2: Prims.nat), (h10: Prims.int), (c: Prims.int), (hh: Prims.int), (p: Prims.pure_post Prims.unit), (_:
Prims.squash (n * n > 0 /\ h2 >= 0 /\ 4 * (n * n) == p + 5 /\ h2 == h / (n * n) /\
h10 == h % (n * n) /\ c == h2 / 4 + (h2 / 4) * 4 /\ hh == h10 + c + (h2 % 4) * (n * n) /\
(forall (pure_result: Prims.unit). h % p == hh % p ==> p pure_result))), (return_val: Prims.pos), (_: Prims.squash (return_val == n * n)), (pure_result: Prims.unit), (_: Prims.squash (h = (n * n) * (h / (n * n)) + h % (n * n))), (pure_result: Prims.unit), (_: Prims.squash (h == (n * n) * h2 + h10)), (return_val: Prims.pos), (_: Prims.squash (return_val == n * n)), (pure_result: Prims.unit), (_:
Prims.squash ((n * n) * h2 + h10 =
(n * n) * (((n * n) * h2 + h10) / (n * n)) + ((n * n) * h2 + h10) % (n * n))), (any_result: (_: Prims.unit -> Prims.Tot Prims.unit)), (_:
Prims.squash (Calc.using (FStar.Math.Lemmas.lemma_div_mod ((n * n) * h2 + h10) (n * n)) ==
any_result)), (return_val: (_: Prims.unit -> Prims.Lemma Prims.unit)), (_: Prims.squash (return_val == Calc.using (FStar.Math.Lemmas.lemma_div_mod h (n * n)))), (_:
Prims.squash (Calc.using (FStar.Math.Lemmas.lemma_div_mod ((n * n) * h2 + h10) (n * n)) ==
Calc.using (FStar.Math.Lemmas.lemma_div_mod h (n * n)))), (any_result:
x:
Prims.int
{ (n * n) * h2 + h10 == (n * n) * h2 + h10 /\
(x == (n * n) * h2 + h10) /\ ((n * n) * h2 + h10 == (n * n) * h2 + h10) }), (_:
Prims.squash (((n * n) * h2 + h10 &= (n * n) * h2 + h10 &|
Calc.using (FStar.Math.Lemmas.lemma_div_mod ((n * n) * h2 + h10) (n * n))) ==
any_result)), (any_result: (_: Prims.unit -> Prims.Pure Prims.int)), (_:
Prims.squash (((n * n) * h2 + h10 &= (n * n) * h2 + h10 &|
Calc.using (FStar.Math.Lemmas.lemma_div_mod ((n * n) * h2 + h10) (n * n)) &=
(n * n) * ((h2 / 4) * 4 + h2 % 4) + h10) ==
any_result)), (return_val: (_: Prims.unit -> Prims.Lemma Prims.unit)), (_: Prims.squash (return_val == Calc.using Calc.z3)), (any_result:
x:
Prims.int
{ (n * n) * h2 + h10 == (n * n) * ((h2 / 4) * 4 + h2 % 4) + h10 /\
(x == (n * n) * ((h2 / 4) * 4 + h2 % 4) + h10) /\
((n * n) * h2 + h10 == (n * n) * ((h2 / 4) * 4 + h2 % 4) + h10) }), (_:
Prims.squash (((n * n) * h2 + h10 &= (n * n) * h2 + h10 &|
Calc.using (FStar.Math.Lemmas.lemma_div_mod ((n * n) * h2 + h10) (n * n)) &=
(n * n) * ((h2 / 4) * 4 + h2 % 4) + h10 &|
Calc.using Calc.z3) ==
any_result)), (any_result: (_: Prims.unit -> Prims.Pure Prims.int)), (_:
Prims.squash (((n * n) * h2 + h10 &= (n * n) * h2 + h10 &|
Calc.using (FStar.Math.Lemmas.lemma_div_mod ((n * n) * h2 + h10) (n * n)) &=
(n * n) * ((h2 / 4) * 4 + h2 % 4) + h10 &|
Calc.using Calc.z3 &=
h10 + (h2 % 4) * (n * n) + (h2 / 4) * (p + 5)) ==
any_result)) |- _ : Prims.squash ((n * n) * ((h2 / 4) * 4 + h2 % 4) + h10 ==
h10 + (h2 % 4) * (n * n) + (h2 / 4) * (p + 5))>

(see also Calc.fst(27,62-27,74))


[0;31mWarning:[0m could not find "msbuild", trying (deprecated) "xbuild"


/home/everest/vsts-agent/_work/2/s/ulib/FStar.Seq.Base.fst(59,28-59,35): (Warning 288) FStar.Seq.Base.of_list is deprecated, use seq_of_list instead
/home/everest/vsts-agent/_work/2/s/ulib/FStar.Seq.Base.fst(60,27-60,34): (Warning 288) FStar.Seq.Base.of_list is deprecated, use seq_of_list instead
/home/everest/vsts-agent/_work/2/s/ulib/FStar.Seq.Base.fst(64,27-64,34): (Warning 288) FStar.Seq.Base.of_list is deprecated, use seq_of_list instead
/home/everest/vsts-agent/_work/2/s/ulib/FStar.Seq.Base.fst(65,26-65,33): (Warning 288) FStar.Seq.Base.of_list is deprecated, use seq_of_list instead
/home/everest/vsts-agent/_work/2/s/ulib/FStar.Seq.Properties.fst(937,33-937,40): (Warning 288) FStar.Seq.Base.of_list is deprecated, use seq_of_list instead
/home/everest/vsts-agent/_work/2/s/ulib/FStar.Seq.Properties.fst(938,55-938,62): (Warning 288) FStar.Seq.Base.of_list is deprecated, use seq_of_list instead
/home/everest/vsts-agent/_work/2/s/ulib/FStar.Seq.Properties.fst(938,30-938,37): (Warning 288) FStar.Seq.Base.of_list is deprecated, use seq_of_list instead
/home/everest/vsts-agent/_work/2/s/ulib/FStar.Seq.Properties.fst(940,53-940,60): (Warning 288) FStar.Seq.Base.of_list is deprecated, use seq_of_list instead
/home/everest/vsts-agent/_work/2/s/ulib/FStar.Seq.Properties.fst(945,34-945,41): (Warning 288) FStar.Seq.Base.of_list is deprecated, use seq_of_list instead


[0;31mWarning:[0m could not find "msbuild", trying (deprecated) "xbuild"


/home/everest/vsts-agent/_work/2/s/kremlin/kremlib/Spec.Loops.fst(14,8-14,19): (Warning 288) FStar.Seq.Base.createEmpty is deprecated, use Seq.empty instead
/home/everest/vsts-agent/_work/2/s/kremlin/kremlib/Spec.Loops.fst(28,31-28,42): (Warning 288) FStar.Seq.Base.createEmpty is deprecated, use Seq.empty instead
/home/everest/vsts-agent/_work/2/s/kremlin/kremlib/FStar.Kremlin.Endianness.fst(85,4-85,15): (Warning 288) FStar.Seq.Base.createEmpty is deprecated, use Seq.empty instead
/home/everest/vsts-agent/_work/2/s/kremlin/kremlib/FStar.Kremlin.Endianness.fst(105,4-105,15): (Warning 288) FStar.Seq.Base.createEmpty is deprecated, use Seq.empty instead


[0;31mWarning:[0m could not find "msbuild", trying (deprecated) "xbuild"




[0;31mWarning:[0m could not find "msbuild", trying (deprecated) "xbuild"


/home/everest/vsts-agent/_work/2/s/kremlin/kremlib/Spec.Loops.fst(14,8-14,19): (Warning 288) FStar.Seq.Base.createEmpty is deprecated, use Seq.empty instead
/home/everest/vsts-agent/_work/2/s/kremlin/kremlib/Spec.Loops.fst(28,31-28,42): (Warning 288) FStar.Seq.Base.createEmpty is deprecated, use Seq.empty instead
/home/everest/vsts-agent/_work/2/s/kremlin/kremlib/FStar.Kremlin.Endianness.fst(85,4-85,15): (Warning 288) FStar.Seq.Base.createEmpty is deprecated, use Seq.empty instead
/home/everest/vsts-agent/_work/2/s/kremlin/kremlib/FStar.Kremlin.Endianness.fst(105,4-105,15): (Warning 288) FStar.Seq.Base.createEmpty is deprecated, use Seq.empty instead


[0;31mWarning:[0m could not find "msbuild", trying (deprecated) "xbuild"




[0;31mWarning:[0m could not find "msbuild", trying (deprecated) "xbuild"


/home/everest/vsts-agent/_work/2/s/ulib/FStar.Seq.Base.fst(59,28-59,35): (Warning 288) FStar.Seq.Base.of_list is deprecated, use seq_of_list instead
/home/everest/vsts-agent/_work/2/s/ulib/FStar.Seq.Base.fst(60,27-60,34): (Warning 288) FStar.Seq.Base.of_list is deprecated, use seq_of_list instead
/home/everest/vsts-agent/_work/2/s/ulib/FStar.Seq.Base.fst(64,27-64,34): (Warning 288) FStar.Seq.Base.of_list is deprecated, use seq_of_list instead
/home/everest/vsts-agent/_work/2/s/ulib/FStar.Seq.Base.fst(65,26-65,33): (Warning 288) FStar.Seq.Base.of_list is deprecated, use seq_of_list instead
/home/everest/vsts-agent/_work/2/s/ulib/FStar.Seq.Properties.fst(937,33-937,40): (Warning 288) FStar.Seq.Base.of_list is deprecated, use seq_of_list instead
/home/everest/vsts-agent/_work/2/s/ulib/FStar.Seq.Properties.fst(938,55-938,62): (Warning 288) FStar.Seq.Base.of_list is deprecated, use seq_of_list instead
/home/everest/vsts-agent/_work/2/s/ulib/FStar.Seq.Properties.fst(938,30-938,37): (Warning 288) FStar.Seq.Base.of_list is deprecated, use seq_of_list instead
/home/everest/vsts-agent/_work/2/s/ulib/FStar.Seq.Properties.fst(940,53-940,60): (Warning 288) FStar.Seq.Base.of_list is deprecated, use seq_of_list instead
/home/everest/vsts-agent/_work/2/s/ulib/FStar.Seq.Properties.fst(945,34-945,41): (Warning 288) FStar.Seq.Base.of_list is deprecated, use seq_of_list instead


[0;31mWarning:[0m could not find "msbuild", trying (deprecated) "xbuild"


/home/everest/vsts-agent/_work/2/s/ulib/FStar.Seq.Base.fst(59,28-59,35): (Warning 288) FStar.Seq.Base.of_list is deprecated, use seq_of_list instead
/home/everest/vsts-agent/_work/2/s/ulib/FStar.Seq.Base.fst(60,27-60,34): (Warning 288) FStar.Seq.Base.of_list is deprecated, use seq_of_list instead
/home/everest/vsts-agent/_work/2/s/ulib/FStar.Seq.Base.fst(64,27-64,34): (Warning 288) FStar.Seq.Base.of_list is deprecated, use seq_of_list instead
/home/everest/vsts-agent/_work/2/s/ulib/FStar.Seq.Base.fst(65,26-65,33): (Warning 288) FStar.Seq.Base.of_list is deprecated, use seq_of_list instead
/home/everest/vsts-agent/_work/2/s/ulib/FStar.Seq.Properties.fst(937,33-937,40): (Warning 288) FStar.Seq.Base.of_list is deprecated, use seq_of_list instead
/home/everest/vsts-agent/_work/2/s/ulib/FStar.Seq.Properties.fst(938,55-938,62): (Warning 288) FStar.Seq.Base.of_list is deprecated, use seq_of_list instead
/home/everest/vsts-agent/_work/2/s/ulib/FStar.Seq.Properties.fst(938,30-938,37): (Warning 288) FStar.Seq.Base.of_list is deprecated, use seq_of_list instead
/home/everest/vsts-agent/_work/2/s/ulib/FStar.Seq.Properties.fst(940,53-940,60): (Warning 288) FStar.Seq.Base.of_list is deprecated, use seq_of_list instead
/home/everest/vsts-agent/_work/2/s/ulib/FStar.Seq.Properties.fst(945,34-945,41): (Warning 288) FStar.Seq.Base.of_list is deprecated, use seq_of_list instead


[0;31mWarning:[0m could not find "msbuild", trying (deprecated) "xbuild"




[0;31mWarning:[0m could not find "msbuild", trying (deprecated) "xbuild"




[0;31mWarning:[0m could not find "msbuild", trying (deprecated) "xbuild"




[0;31mWarning:[0m could not find "msbuild", trying (deprecated) "xbuild"




[0;31mWarning:[0m could not find "msbuild", trying (deprecated) "xbuild"




[0;31mWarning:[0m could not find "msbuild", trying (deprecated) "xbuild"




[0;31mWarning:[0m could not find "msbuild", trying (deprecated) "xbuild"


/home/everest/vsts-agent/_work/2/s/kremlin/kremlib/FStar.Kremlin.Endianness.fst(85,4-85,15): (Warning 288) FStar.Seq.Base.createEmpty is deprecated, use Seq.empty instead
/home/everest/vsts-agent/_work/2/s/kremlin/kremlib/FStar.Kremlin.Endianness.fst(105,4-105,15): (Warning 288) FStar.Seq.Base.createEmpty is deprecated, use Seq.empty instead
/home/everest/vsts-agent/_work/2/s/kremlin/kremlib/Spec.Loops.fst(14,8-14,19): (Warning 288) FStar.Seq.Base.createEmpty is deprecated, use Seq.empty instead
/home/everest/vsts-agent/_work/2/s/kremlin/kremlib/Spec.Loops.fst(28,31-28,42): (Warning 288) FStar.Seq.Base.createEmpty is deprecated, use Seq.empty instead
/home/everest/vsts-agent/_work/2/s/ulib/FStar.Buffer.fst(829,27-829,34): (Warning 288) FStar.Seq.Base.of_list is deprecated, use seq_of_list instead
/home/everest/vsts-agent/_work/2/s/ulib/FStar.Buffer.fst(835,14-835,21): (Warning 288) FStar.Seq.Base.of_list is deprecated, use seq_of_list instead
/home/everest/vsts-agent/_work/2/s/ulib/FStar.Buffer.fst(837,16-837,23): (Warning 288) FStar.Seq.Base.of_list is deprecated, use seq_of_list instead
/home/everest/vsts-agent/_work/2/s/ulib/FStar.Buffer.fst(1437,23-1437,30): (Warning 288) FStar.Seq.Base.of_list is deprecated, use seq_of_list instead
/home/everest/vsts-agent/_work/2/s/ulib/FStar.Buffer.fst(1453,35-1453,42): (Warning 288) FStar.Seq.Base.of_list is deprecated, use seq_of_list instead
/home/everest/vsts-agent/_work/2/s/ulib/FStar.Buffer.fst(1455,32-1455,39): (Warning 288) FStar.Seq.Base.of_list is deprecated, use seq_of_list instead


[0;31mWarning:[0m could not find "msbuild", trying (deprecated) "xbuild"




[0;31mWarning:[0m could not find "msbuild", trying (deprecated) "xbuild"




[0;31mWarning:[0m could not find "msbuild", trying (deprecated) "xbuild"


hello.fst(5,0-5,37): (Warning 272) Top-level let-bindings must be total; this term may have effects
hello.fst(5,0-5,37): (Warning 272) Top-level let-bindings must be total; this term may have effects


[0;31mWarning:[0m could not find "msbuild", trying (deprecated) "xbuild"


<dummy>(0,0-0,0): (Warning 252) (Hint-replay failed): Could not prove goal #6 (see also SL.Examples.fst(18,14-18,33))
<dummy>(0,0-0,0): (Warning 252) (Hint-replay failed): Could not prove goal #5 (see also SL.Examples.fst(308,20-308,29))
<dummy>(0,0-0,0): (Warning 252) (Hint-replay failed): Could not prove goal #3 (see also SL.Examples.fst(18,14-18,33))
<dummy>(0,0-0,0): (Warning 252) (Hint-replay failed): Could not prove goal #12 (see also SL.Examples.fst(18,14-18,33))
<dummy>(0,0-0,0): (Warning 252) (Hint-replay failed): Could not prove goal #11 (see also SL.Examples.fst(308,20-308,29))
<dummy>(0,0-0,0): (Warning 252) (Hint-replay failed): Could not prove goal #10 (see also SL.Examples.fst(18,14-18,33))
<dummy>(0,0-0,0): (Warning 252) (Hint-replay failed): Could not prove goal #9 (see also SL.Examples.fst(18,14-18,33))
<dummy>(0,0-0,0): (Warning 252) (Hint-replay failed): Could not prove goal #8 (see also SL.Examples.fst(18,14-18,33))
<dummy>(0,0-0,0): (Warning 252) (Hint-replay failed): Could not prove goal #7 (see also SL.Examples.fst(308,20-308,29))
<dummy>(0,0-0,0): (Warning 252) (Hint-replay failed): Could not prove goal #6 (see also SL.Examples.fst(18,14-18,33))
<dummy>(0,0-0,0): (Warning 252) (Hint-replay failed): Could not prove goal #5 (see also SL.Examples.fst(18,14-18,33))
<dummy>(0,0-0,0): (Warning 252) (Hint-replay failed): Could not prove goal #4 (see also SL.Examples.fst(308,20-308,29))
<dummy>(0,0-0,0): (Warning 252) (Hint-replay failed): Could not prove goal #3 (see also SL.Examples.fst(18,14-18,33))
<dummy>(0,0-0,0): (Warning 252) (Hint-replay failed): Could not prove goal #1 (see also SL.Examples.fst(18,37-18,52))


[0;31mWarning:[0m could not find "msbuild", trying (deprecated) "xbuild"


testseq.fst(12,0-14,15): (Warning 272) Top-level let-bindings must be total; this term may have effects
testseq.fst(12,0-14,15): (Warning 272) Top-level let-bindings must be total; this term may have effects


[0;31mWarning:[0m could not find "msbuild", trying (deprecated) "xbuild"


/home/everest/vsts-agent/_work/2/s/kremlin/kremlib/FStar.Kremlin.Endianness.fst(85,4-85,15): (Warning 288) FStar.Seq.Base.createEmpty is deprecated, use Seq.empty instead
/home/everest/vsts-agent/_work/2/s/kremlin/kremlib/FStar.Kremlin.Endianness.fst(105,4-105,15): (Warning 288) FStar.Seq.Base.createEmpty is deprecated, use Seq.empty instead
/home/everest/vsts-agent/_work/2/s/kremlin/kremlib/Spec.Loops.fst(14,8-14,19): (Warning 288) FStar.Seq.Base.createEmpty is deprecated, use Seq.empty instead
/home/everest/vsts-agent/_work/2/s/kremlin/kremlib/Spec.Loops.fst(28,31-28,42): (Warning 288) FStar.Seq.Base.createEmpty is deprecated, use Seq.empty instead
/home/everest/vsts-agent/_work/2/s/ulib/FStar.Buffer.fst(829,27-829,34): (Warning 288) FStar.Seq.Base.of_list is deprecated, use seq_of_list instead
/home/everest/vsts-agent/_work/2/s/ulib/FStar.Buffer.fst(835,14-835,21): (Warning 288) FStar.Seq.Base.of_list is deprecated, use seq_of_list instead
/home/everest/vsts-agent/_work/2/s/ulib/FStar.Buffer.fst(837,16-837,23): (Warning 288) FStar.Seq.Base.of_list is deprecated, use seq_of_list instead
/home/everest/vsts-agent/_work/2/s/ulib/FStar.Buffer.fst(1437,23-1437,30): (Warning 288) FStar.Seq.Base.of_list is deprecated, use seq_of_list instead
/home/everest/vsts-agent/_work/2/s/ulib/FStar.Buffer.fst(1453,35-1453,42): (Warning 288) FStar.Seq.Base.of_list is deprecated, use seq_of_list instead
/home/everest/vsts-agent/_work/2/s/ulib/FStar.Buffer.fst(1455,32-1455,39): (Warning 288) FStar.Seq.Base.of_list is deprecated, use seq_of_list instead


[0;31mWarning:[0m could not find "msbuild", trying (deprecated) "xbuild"




[0;31mWarning:[0m could not find "msbuild", trying (deprecated) "xbuild"


/home/everest/vsts-agent/_work/2/s/ulib/FStar.Seq.Base.fst(59,28-59,35): (Warning 288) FStar.Seq.Base.of_list is deprecated, use seq_of_list instead
/home/everest/vsts-agent/_work/2/s/ulib/FStar.Seq.Base.fst(60,27-60,34): (Warning 288) FStar.Seq.Base.of_list is deprecated, use seq_of_list instead
/home/everest/vsts-agent/_work/2/s/ulib/FStar.Seq.Base.fst(64,27-64,34): (Warning 288) FStar.Seq.Base.of_list is deprecated, use seq_of_list instead
/home/everest/vsts-agent/_work/2/s/ulib/FStar.Seq.Base.fst(65,26-65,33): (Warning 288) FStar.Seq.Base.of_list is deprecated, use seq_of_list instead
/home/everest/vsts-agent/_work/2/s/ulib/FStar.Seq.Properties.fst(937,33-937,40): (Warning 288) FStar.Seq.Base.of_list is deprecated, use seq_of_list instead
/home/everest/vsts-agent/_work/2/s/ulib/FStar.Seq.Properties.fst(938,55-938,62): (Warning 288) FStar.Seq.Base.of_list is deprecated, use seq_of_list instead
/home/everest/vsts-agent/_work/2/s/ulib/FStar.Seq.Properties.fst(938,30-938,37): (Warning 288) FStar.Seq.Base.of_list is deprecated, use seq_of_list instead
/home/everest/vsts-agent/_work/2/s/ulib/FStar.Seq.Properties.fst(940,53-940,60): (Warning 288) FStar.Seq.Base.of_list is deprecated, use seq_of_list instead
/home/everest/vsts-agent/_work/2/s/ulib/FStar.Seq.Properties.fst(945,34-945,41): (Warning 288) FStar.Seq.Base.of_list is deprecated, use seq_of_list instead


[0;31mWarning:[0m could not find "msbuild", trying (deprecated) "xbuild"


/home/everest/vsts-agent/_work/2/s/kremlin/kremlib/Spec.Loops.fst(14,8-14,19): (Warning 288) FStar.Seq.Base.createEmpty is deprecated, use Seq.empty instead
/home/everest/vsts-agent/_work/2/s/kremlin/kremlib/Spec.Loops.fst(28,31-28,42): (Warning 288) FStar.Seq.Base.createEmpty is deprecated, use Seq.empty instead
/home/everest/vsts-agent/_work/2/s/kremlin/kremlib/FStar.Kremlin.Endianness.fst(85,4-85,15): (Warning 288) FStar.Seq.Base.createEmpty is deprecated, use Seq.empty instead
/home/everest/vsts-agent/_work/2/s/kremlin/kremlib/FStar.Kremlin.Endianness.fst(105,4-105,15): (Warning 288) FStar.Seq.Base.createEmpty is deprecated, use Seq.empty instead


[0;31mWarning:[0m could not find "msbuild", trying (deprecated) "xbuild"




[0;31mWarning:[0m could not find "msbuild", trying (deprecated) "xbuild"




[0;31mWarning:[0m could not find "msbuild", trying (deprecated) "xbuild"




[0;31mWarning:[0m could not find "msbuild", trying (deprecated) "xbuild"


Eta_expand.fst(22,0-26,35): (Warning 272) Top-level let-bindings must be total; this term may have effects
Eta_expand.fst(22,0-26,35): (Warning 272) Top-level let-bindings must be total; this term may have effects
File "out/Eta_expand.ml", line 19, characters 37-41:
Warning 20: this argument will not be used by the function.
File "out/Eta_expand.ml", line 19, characters 42-46:
Warning 20: this argument will not be used by the function.


[0;31mWarning:[0m could not find "msbuild", trying (deprecated) "xbuild"




[0;31mWarning:[0m could not find "msbuild", trying (deprecated) "xbuild"




[0;31mWarning:[0m could not find "msbuild", trying (deprecated) "xbuild"




[0;31mWarning:[0m could not find "msbuild", trying (deprecated) "xbuild"


Evens.fst(11,29-11,38): (Warning 238) Plugin Evens.nat2unary will not run natively because Embedding not defined for type Evens.unary_nat.

Embeddings.fst(34,36-34,45): (Warning 238) Plugin Embeddings.norm_step_tac will not run natively because Embedding not defined for type FStar.Pervasives.Native.norm_step.

Plugins.fst(33,35-33,44): (Warning 238) Plugin Plugins.norm_step_plugin will not run natively because Embedding not defined for type FStar.Pervasives.Native.norm_step.



[0;31mWarning:[0m could not find "msbuild", trying (deprecated) "xbuild"


/home/everest/vsts-agent/_work/2/s/kremlin/kremlib/FStar.Kremlin.Endianness.fst(85,4-85,15): (Warning 288) FStar.Seq.Base.createEmpty is deprecated, use Seq.empty instead
/home/everest/vsts-agent/_work/2/s/kremlin/kremlib/FStar.Kremlin.Endianness.fst(105,4-105,15): (Warning 288) FStar.Seq.Base.createEmpty is deprecated, use Seq.empty instead
/home/everest/vsts-agent/_work/2/s/kremlin/kremlib/Spec.Loops.fst(14,8-14,19): (Warning 288) FStar.Seq.Base.createEmpty is deprecated, use Seq.empty instead
/home/everest/vsts-agent/_work/2/s/kremlin/kremlib/Spec.Loops.fst(28,31-28,42): (Warning 288) FStar.Seq.Base.createEmpty is deprecated, use Seq.empty instead
EnumParsing.fst(303,29-303,37): (Warning 252) (Hint-replay failed): could not prove post-condition (see also Serializing.fst(102,8-102,39))
FStar.Tactics.Effect.fst(88,47-88,53): (Warning 296) Tactics admitted goal <(_:
Prims.squash (CanonDeep.x * (CanonDeep.y * CanonDeep.z) == CanonDeep.x * (CanonDeep.y * CanonDeep.z)
)), (_:
Prims.squash ((CanonDeep.x * CanonDeep.y) * CanonDeep.z == (CanonDeep.x * CanonDeep.y) * CanonDeep.z
)) |- _ : Prims.squash (CanonDeep.x * (CanonDeep.y * CanonDeep.z) == (CanonDeep.x * CanonDeep.y) * CanonDeep.z
)>

(see also FStar.Tactics.Effect.fst(88,46-88,56))
CanonDeep.fst(190,12-190,28): (Warning 296) Tactics admitted goal <(_:
Prims.squash (CanonDeep.x * (CanonDeep.y * CanonDeep.z) == CanonDeep.x * (CanonDeep.y * CanonDeep.z)
)) |- _ : Prims.squash ((CanonDeep.x * CanonDeep.y) * CanonDeep.z == (CanonDeep.x * CanonDeep.y) * CanonDeep.z
)>

(see also CanonDeep.fst(190,45-190,56))
CanonDeep.fst(190,12-190,28): (Warning 296) Tactics admitted goal < |- _ : Prims.squash (CanonDeep.x * (CanonDeep.y * CanonDeep.z) == CanonDeep.x * (CanonDeep.y * CanonDeep.z)
)>

(see also CanonDeep.fst(190,30-190,41))
Admit.fst(6,12-6,22): (Warning 296) Tactics admitted goal <(x: Prims.int), (y: Prims.int) |- _ : Prims.squash (x + y == x + x)>

(see also Admit.fst(5,26-5,49))
Admit.fst(9,13-9,23): (Warning 296) Tactics admitted goal <(x: Prims.int), (y: Prims.int), (p: Prims.pure_post Prims.unit), (_: Prims.squash (forall (pure_result: Prims.unit). x + y == x + x ==> p pure_result)) |- _ : Prims.unit>

(see also Admit.fst(8,27-8,49))
Admit.fst(6,12-6,22): (Warning 296) Tactics admitted goal <(x: Prims.int), (y: Prims.int) |- _ : Prims.squash (x + y == x + x)>

(see also Admit.fst(5,26-5,49))


[0;31mWarning:[0m could not find "msbuild", trying (deprecated) "xbuild"


Trans.fst(15,63-15,68): (Warning 296) Tactics admitted goal < |- _ : Prims.squash (Trans.a == (*?u58*) _)>

(see also Trans.fst(10,20-10,35))
Trans.fst(15,63-15,68): (Warning 296) Tactics admitted goal < |- _ : Prims.squash ((*?u58*) _ == Trans.b)>

(see also Trans.fst(10,39-10,54))
FStar.Tactics.Logic.fst(61,41-61,54): (Warning 252) Subtyping check failed; expected type n: Prims.nat{n > 20}; got type Prims.nat (see also AnnoyingVCs.fst(10,21-10,27))
FStar.Tactics.Logic.fst(61,41-61,54): (Warning 252) Subtyping check failed; expected type n: Prims.nat{n > 20}; got type Prims.nat (see also AnnoyingVCs.fst(10,21-10,27))
FStar.Tactics.Logic.fst(61,41-61,54): (Warning 252) Subtyping check failed; expected type n: Prims.nat{n > 20}; got type Prims.nat (see also AnnoyingVCs.fst(10,21-10,27))
FStar.Tactics.Logic.fst(61,41-61,54): (Warning 252) Subtyping check failed; expected type n: Prims.nat{n > 20}; got type Prims.nat (see also AnnoyingVCs.fst(10,21-10,27))
CanonCommMonoidSimple.fst(103,2-107,68): (Warning 252) (Hint-replay failed): Patterns are incomplete
findlib: [WARNING] Interface main.cmi occurs in several directories: /home/everest/vsts-agent/_work/2/s/bin/fstar-compiler-lib, /home/everest/.opam/4.05.0/lib/ocaml/compiler-libs
findlib: [WARNING] Interface topdirs.cmi occurs in several directories: /home/everest/.opam/4.05.0/lib/ocaml/compiler-libs, /home/everest/.opam/4.05.0/lib/ocaml
findlib: [WARNING] Interface main.cmi occurs in several directories: /home/everest/vsts-agent/_work/2/s/bin/fstar-compiler-lib, /home/everest/.opam/4.05.0/lib/ocaml/compiler-libs
findlib: [WARNING] Interface topdirs.cmi occurs in several directories: /home/everest/.opam/4.05.0/lib/ocaml/compiler-libs, /home/everest/.opam/4.05.0/lib/ocaml
findlib: [WARNING] Interface main.cmi occurs in several directories: /home/everest/vsts-agent/_work/2/s/bin/fstar-compiler-lib, /home/everest/.opam/4.05.0/lib/ocaml/compiler-libs
findlib: [WARNING] Interface topdirs.cmi occurs in several directories: /home/everest/.opam/4.05.0/lib/ocaml/compiler-libs, /home/everest/.opam/4.05.0/lib/ocaml
findlib: [WARNING] Interface main.cmi occurs in several directories: /home/everest/vsts-agent/_work/2/s/bin/fstar-compiler-lib, /home/everest/.opam/4.05.0/lib/ocaml/compiler-libs
findlib: [WARNING] Interface topdirs.cmi occurs in several directories: /home/everest/.opam/4.05.0/lib/ocaml/compiler-libs, /home/everest/.opam/4.05.0/lib/ocaml
findlib: [WARNING] Interface main.cmi occurs in several directories: /home/everest/vsts-agent/_work/2/s/bin/fstar-compiler-lib, /home/everest/.opam/4.05.0/lib/ocaml/compiler-libs
findlib: [WARNING] Interface topdirs.cmi occurs in several directories: /home/everest/.opam/4.05.0/lib/ocaml/compiler-libs, /home/everest/.opam/4.05.0/lib/ocaml
findlib: [WARNING] Interface main.cmi occurs in several directories: /home/everest/vsts-agent/_work/2/s/bin/fstar-compiler-lib, /home/everest/.opam/4.05.0/lib/ocaml/compiler-libs
findlib: [WARNING] Interface topdirs.cmi occurs in several directories: /home/everest/.opam/4.05.0/lib/ocaml/compiler-libs, /home/everest/.opam/4.05.0/lib/ocaml
SimpleTactic.Test.fst(5,2-5,18): (Warning 296) Tactics admitted goal <(_: Prims.unit) |- _ : Prims.squash (FStar.Pervasives.id 1000 = 1000)>

(see also FStar.Tactics.Effect.fst(88,46-88,56))
FStar.Tactics.Simplifier.fst(277,18-277,23): (Warning 296) Tactics admitted goal <(r: FStar.ST.ref Prims.int) |- _ : Prims.squash (forall (x: FStar.Pervasives.st_post_h FStar.Monotonic.Heap.heap Prims.unit)
(x: FStar.Monotonic.Heap.heap).
(forall (x: Prims.unit) (x: FStar.Monotonic.Heap.heap). Prims.auto_squash (x x x)) ==>
FStar.Heap.trivial_preorder Prims.int (FStar.Monotonic.Heap.sel x r) 0 /\
(forall (x: Prims.unit)
(x:
_:
FStar.Monotonic.Heap.heap
{FStar.Heap.trivial_preorder Prims.int (FStar.Monotonic.Heap.sel x r) 0}).
FStar.Heap.trivial_preorder Prims.int (FStar.Monotonic.Heap.sel x r) 0 /\
FStar.Monotonic.Heap.contains x r /\
FStar.Monotonic.Heap.modifies (FStar.Set.singleton (FStar.Monotonic.Heap.addr_of r)) x x /\
FStar.Monotonic.Heap.equal_dom x x /\ FStar.Monotonic.Heap.sel x r == 0 ==>
FStar.Heap.trivial_preorder Prims.int (FStar.Monotonic.Heap.sel x r) 1 /\
(forall (x: Prims.unit)
(x:
_:
FStar.Monotonic.Heap.heap
{FStar.Heap.trivial_preorder Prims.int (FStar.Monotonic.Heap.sel x r) 1}).
FStar.Heap.trivial_preorder Prims.int (FStar.Monotonic.Heap.sel x r) 1 /\
FStar.Monotonic.Heap.contains x r /\
FStar.Monotonic.Heap.modifies (FStar.Set.singleton (FStar.Monotonic.Heap.addr_of r))
x
x /\ FStar.Monotonic.Heap.equal_dom x x /\ FStar.Monotonic.Heap.sel x r == 1 ==>
FStar.Heap.trivial_preorder Prims.int (FStar.Monotonic.Heap.sel x r) 2 /\
(forall (x: Prims.unit)
(x:
_:
FStar.Monotonic.Heap.heap
{FStar.Heap.trivial_preorder Prims.int (FStar.Monotonic.Heap.sel x r) 2}).
FStar.Heap.trivial_preorder Prims.int (FStar.Monotonic.Heap.sel x r) 2 /\
FStar.Monotonic.Heap.contains x r /\
FStar.Monotonic.Heap.modifies (FStar.Set.singleton (FStar.Monotonic.Heap.addr_of r
))
x
x /\ FStar.Monotonic.Heap.equal_dom x x /\ FStar.Monotonic.Heap.sel x r == 2 ==>
FStar.Heap.trivial_preorder Prims.int (FStar.Monotonic.Heap.sel x r) 3 /\
(forall (x: Prims.unit)
(x:
_:
FStar.Monotonic.Heap.heap
{FStar.Heap.trivial_preorder Prims.int (FStar.Monotonic.Heap.sel x r) 3}).
FStar.Heap.trivial_preorder Prims.int (FStar.Monotonic.Heap.sel x r) 3 /\
FStar.Monotonic.Heap.contains x r /\
FStar.Monotonic.Heap.modifies (FStar.Set.singleton (FStar.Monotonic.Heap.addr_of
r))
x
x /\ FStar.Monotonic.Heap.equal_dom x x /\ FStar.Monotonic.Heap.sel x r == 3 ==>
x x x)))))>

(see also FStar.Tactics.Simplifier.fst(273,55-273,63))
FStar.Tactics.Simplifier.fst(277,18-277,23): (Warning 296) Tactics admitted goal <(r: FStar.ST.ref Prims.int) |- _ : Prims.squash (forall (x: FStar.Pervasives.st_post_h FStar.Monotonic.Heap.heap Prims.unit)
(x: FStar.Monotonic.Heap.heap).
(forall (x: Prims.unit) (x: FStar.Monotonic.Heap.heap). Prims.auto_squash (x x x)) ==>
FStar.Heap.trivial_preorder Prims.int (FStar.Monotonic.Heap.sel x r) 0 /\
(forall (x: Prims.unit)
(x:
_:
FStar.Monotonic.Heap.heap
{FStar.Heap.trivial_preorder Prims.int (FStar.Monotonic.Heap.sel x r) 0}).
FStar.Heap.trivial_preorder Prims.int (FStar.Monotonic.Heap.sel x r) 0 /\
FStar.Monotonic.Heap.contains x r /\
FStar.Monotonic.Heap.modifies (FStar.Set.singleton (FStar.Monotonic.Heap.addr_of r)) x x /\
FStar.Monotonic.Heap.equal_dom x x /\ FStar.Monotonic.Heap.sel x r == 0 ==>
FStar.Heap.trivial_preorder Prims.int (FStar.Monotonic.Heap.sel x r) 1 /\
(forall (x: Prims.unit)
(x:
_:
FStar.Monotonic.Heap.heap
{FStar.Heap.trivial_preorder Prims.int (FStar.Monotonic.Heap.sel x r) 1}).
FStar.Heap.trivial_preorder Prims.int (FStar.Monotonic.Heap.sel x r) 1 /\
FStar.Monotonic.Heap.contains x r /\
FStar.Monotonic.Heap.modifies (FStar.Set.singleton (FStar.Monotonic.Heap.addr_of r))
x
x /\ FStar.Monotonic.Heap.equal_dom x x /\ FStar.Monotonic.Heap.sel x r == 1 ==>
FStar.Heap.trivial_preorder Prims.int (FStar.Monotonic.Heap.sel x r) 2 /\
(forall (x: Prims.unit)
(x:
_:
FStar.Monotonic.Heap.heap
{FStar.Heap.trivial_preorder Prims.int (FStar.Monotonic.Heap.sel x r) 2}).
FStar.Heap.trivial_preorder Prims.int (FStar.Monotonic.Heap.sel x r) 2 /\
FStar.Monotonic.Heap.contains x r /\
FStar.Monotonic.Heap.modifies (FStar.Set.singleton (FStar.Monotonic.Heap.addr_of r
))
x
x /\ FStar.Monotonic.Heap.equal_dom x x /\ FStar.Monotonic.Heap.sel x r == 2 ==>
FStar.Heap.trivial_preorder Prims.int (FStar.Monotonic.Heap.sel x r) 3 /\
(forall (x: Prims.unit)
(x:
_:
FStar.Monotonic.Heap.heap
{FStar.Heap.trivial_preorder Prims.int (FStar.Monotonic.Heap.sel x r) 3}).
FStar.Heap.trivial_preorder Prims.int (FStar.Monotonic.Heap.sel x r) 3 /\
FStar.Monotonic.Heap.contains x r /\
FStar.Monotonic.Heap.modifies (FStar.Set.singleton (FStar.Monotonic.Heap.addr_of
r))
x
x /\ FStar.Monotonic.Heap.equal_dom x x /\ FStar.Monotonic.Heap.sel x r == 3 ==>
FStar.Heap.trivial_preorder Prims.int (FStar.Monotonic.Heap.sel x r) 4 /\
(forall (x: Prims.unit)
(x:
_:
FStar.Monotonic.Heap.heap
{FStar.Heap.trivial_preorder Prims.int (FStar.Monotonic.Heap.sel x r) 4})
.
FStar.Heap.trivial_preorder Prims.int (FStar.Monotonic.Heap.sel x r) 4 /\
FStar.Monotonic.Heap.contains x r /\
FStar.Monotonic.Heap.modifies (FStar.Set.singleton (FStar.Monotonic.Heap.addr_of
r))
x
x /\ FStar.Monotonic.Heap.equal_dom x x /\
FStar.Monotonic.Heap.sel x r == 4 ==>
FStar.Heap.trivial_preorder Prims.int (FStar.Monotonic.Heap.sel x r) 5 /\
(forall (x: Prims.unit)
(x:
_:
FStar.Monotonic.Heap.heap
{ FStar.Heap.trivial_preorder Prims.int
(FStar.Monotonic.Heap.sel x r)
5 }).
FStar.Heap.trivial_preorder Prims.int (FStar.Monotonic.Heap.sel x r) 5 /\
FStar.Monotonic.Heap.contains x r /\
FStar.Monotonic.Heap.modifies (FStar.Set.singleton (FStar.Monotonic.Heap.addr_of
r))
x
x /\ FStar.Monotonic.Heap.equal_dom x x /\
FStar.Monotonic.Heap.sel x r == 5 ==>
FStar.Heap.trivial_preorder Prims.int (FStar.Monotonic.Heap.sel x r) 6 /\
(forall (x: Prims.unit)
(x:
_:
FStar.Monotonic.Heap.heap
{ FStar.Heap.trivial_preorder Prims.int
(FStar.Monotonic.Heap.sel x r)
6 }).
FStar.Heap.trivial_preorder Prims.int
(FStar.Monotonic.Heap.sel x r)
6 /\ FStar.Monotonic.Heap.contains x r /\
FStar.Monotonic.Heap.modifies (FStar.Set.singleton (FStar.Monotonic.Heap.addr_of
r))
x
x /\ FStar.Monotonic.Heap.equal_dom x x /\
FStar.Monotonic.Heap.sel x r == 6 ==>
FStar.Heap.trivial_preorder Prims.int
(FStar.Monotonic.Heap.sel x r)
7 /\
(forall (x: Prims.unit)
(x:
_:
FStar.Monotonic.Heap.heap
{ FStar.Heap.trivial_preorder Prims.int
(FStar.Monotonic.Heap.sel x r)
7 }).
FStar.Heap.trivial_preorder Prims.int
(FStar.Monotonic.Heap.sel x r)
7 /\ FStar.Monotonic.Heap.contains x r /\
FStar.Monotonic.Heap.modifies (FStar.Set.singleton (FStar.Monotonic.Heap.addr_of
r))
x
x /\ FStar.Monotonic.Heap.equal_dom x x /\
FStar.Monotonic.Heap.sel x r == 7 ==>
FStar.Heap.trivial_preorder Prims.int
(FStar.Monotonic.Heap.sel x r)
8 /\
(forall (x: Prims.unit)
(x:
_:
FStar.Monotonic.Heap.heap
{ FStar.Heap.trivial_preorder Prims.int
(FStar.Monotonic.Heap.sel x r)
8 }).
FStar.Heap.trivial_preorder Prims.int
(FStar.Monotonic.Heap.sel x r)
8 /\ FStar.Monotonic.Heap.contains x r /\
FStar.Monotonic.Heap.modifies (FStar.Set.singleton (FStar.Monotonic.Heap.addr_of
r))
x
x /\ FStar.Monotonic.Heap.equal_dom x x /\
FStar.Monotonic.Heap.sel x r == 8 ==>
FStar.Heap.trivial_preorder Prims.int
(FStar.Monotonic.Heap.sel x r)
9 /\
(forall (x: Prims.unit)
(x:
_:
FStar.Monotonic.Heap.heap
{ FStar.Heap.trivial_preorder Prims.int
(FStar.Monotonic.Heap.sel x r)
9 }).
FStar.Heap.trivial_preorder Prims.int
(FStar.Monotonic.Heap.sel x r)
9 /\ FStar.Monotonic.Heap.contains x r /\
FStar.Monotonic.Heap.modifies (FStar.Set.singleton (FStar.Monotonic.Heap.addr_of
r))
x
x /\ FStar.Monotonic.Heap.equal_dom x x /\
FStar.Monotonic.Heap.sel x r == 9 ==>
FStar.Heap.trivial_preorder Prims.int
(FStar.Monotonic.Heap.sel x r)
10 /\
(forall (x: Prims.unit)
(x:
_:
FStar.Monotonic.Heap.heap
{ FStar.Heap.trivial_preorder Prims.int
(FStar.Monotonic.Heap.sel x r)
10 }).
FStar.Heap.trivial_preorder Prims.int
(FStar.Monotonic.Heap.sel x r)
10 /\ FStar.Monotonic.Heap.contains x r /\
FStar.Monotonic.Heap.modifies (FStar.Set.singleton
(FStar.Monotonic.Heap.addr_of r))
x
x /\ FStar.Monotonic.Heap.equal_dom x x /\
FStar.Monotonic.Heap.sel x r == 10 ==>
x x x))))))))))))>

(see also FStar.Tactics.Simplifier.fst(273,55-273,63))
Typeclasses.fst(167,12-167,18): (Warning 252) (Hint-replay failed): assertion failed (see also Typeclasses.fst(167,19-167,44))
Typeclasses.fst(167,12-167,18): (Warning 252) assertion failed (see also Typeclasses.fst(167,19-167,44))
Typeclasses.fst(167,12-167,18): (Warning 252) assertion failed (see also Typeclasses.fst(167,19-167,44))
Typeclasses.fst(167,12-167,18): (Warning 252) assertion failed (see also Typeclasses.fst(167,19-167,44))
findlib: [WARNING] Interface main.cmi occurs in several directories: /home/everest/vsts-agent/_work/2/s/bin/fstar-compiler-lib, /home/everest/.opam/4.05.0/lib/ocaml/compiler-libs
findlib: [WARNING] Interface topdirs.cmi occurs in several directories: /home/everest/.opam/4.05.0/lib/ocaml/compiler-libs, /home/everest/.opam/4.05.0/lib/ocaml
findlib: [WARNING] Interface main.cmi occurs in several directories: /home/everest/vsts-agent/_work/2/s/bin/fstar-compiler-lib, /home/everest/.opam/4.05.0/lib/ocaml/compiler-libs
findlib: [WARNING] Interface topdirs.cmi occurs in several directories: /home/everest/.opam/4.05.0/lib/ocaml/compiler-libs, /home/everest/.opam/4.05.0/lib/ocaml
File "./Evens.ml", line 10, characters 20-54:
Warning 8: this pattern-matching is not exhaustive.
Here is an example of a case that is not matched:
U0
File "./Evens.ml", line 26, characters 22-67:
Warning 8: this pattern-matching is not exhaustive.
Here is an example of a case that is not matched:
Even0
File "./Evens.ml", line 30, characters 22-67:
Warning 8: this pattern-matching is not exhaustive.
Here is an example of a case that is not matched:
Even0
findlib: [WARNING] Interface main.cmi occurs in several directories: /home/everest/vsts-agent/_work/2/s/bin/fstar-compiler-lib, /home/everest/.opam/4.05.0/lib/ocaml/compiler-libs
findlib: [WARNING] Interface topdirs.cmi occurs in several directories: /home/everest/.opam/4.05.0/lib/ocaml/compiler-libs, /home/everest/.opam/4.05.0/lib/ocaml
findlib: [WARNING] Interface main.cmi occurs in several directories: /home/everest/vsts-agent/_work/2/s/bin/fstar-compiler-lib, /home/everest/.opam/4.05.0/lib/ocaml/compiler-libs
findlib: [WARNING] Interface topdirs.cmi occurs in several directories: /home/everest/.opam/4.05.0/lib/ocaml/compiler-libs, /home/everest/.opam/4.05.0/lib/ocaml
findlib: [WARNING] Interface main.cmi occurs in several directories: /home/everest/vsts-agent/_work/2/s/bin/fstar-compiler-lib, /home/everest/.opam/4.05.0/lib/ocaml/compiler-libs
findlib: [WARNING] Interface topdirs.cmi occurs in several directories: /home/everest/.opam/4.05.0/lib/ocaml/compiler-libs, /home/everest/.opam/4.05.0/lib/ocaml
findlib: [WARNING] Interface main.cmi occurs in several directories: /home/everest/vsts-agent/_work/2/s/bin/fstar-compiler-lib, /home/everest/.opam/4.05.0/lib/ocaml/compiler-libs
findlib: [WARNING] Interface topdirs.cmi occurs in several directories: /home/everest/.opam/4.05.0/lib/ocaml/compiler-libs, /home/everest/.opam/4.05.0/lib/ocaml
findlib: [WARNING] Interface main.cmi occurs in several directories: /home/everest/vsts-agent/_work/2/s/bin/fstar-compiler-lib, /home/everest/.opam/4.05.0/lib/ocaml/compiler-libs
findlib: [WARNING] Interface topdirs.cmi occurs in several directories: /home/everest/.opam/4.05.0/lib/ocaml/compiler-libs, /home/everest/.opam/4.05.0/lib/ocaml
findlib: [WARNING] Interface main.cmi occurs in several directories: /home/everest/vsts-agent/_work/2/s/bin/fstar-compiler-lib, /home/everest/.opam/4.05.0/lib/ocaml/compiler-libs
findlib: [WARNING] Interface topdirs.cmi occurs in several directories: /home/everest/.opam/4.05.0/lib/ocaml/compiler-libs, /home/everest/.opam/4.05.0/lib/ocaml
findlib: [WARNING] Interface main.cmi occurs in several directories: /home/everest/vsts-agent/_work/2/s/bin/fstar-compiler-lib, /home/everest/.opam/4.05.0/lib/ocaml/compiler-libs
findlib: [WARNING] Interface topdirs.cmi occurs in several directories: /home/everest/.opam/4.05.0/lib/ocaml/compiler-libs, /home/everest/.opam/4.05.0/lib/ocaml
findlib: [WARNING] Interface main.cmi occurs in several directories: /home/everest/vsts-agent/_work/2/s/bin/fstar-compiler-lib, /home/everest/.opam/4.05.0/lib/ocaml/compiler-libs
findlib: [WARNING] Interface topdirs.cmi occurs in several directories: /home/everest/.opam/4.05.0/lib/ocaml/compiler-libs, /home/everest/.opam/4.05.0/lib/ocaml
findlib: [WARNING] Interface main.cmi occurs in several directories: /home/everest/vsts-agent/_work/2/s/bin/fstar-compiler-lib, /home/everest/.opam/4.05.0/lib/ocaml/compiler-libs
findlib: [WARNING] Interface topdirs.cmi occurs in several directories: /home/everest/.opam/4.05.0/lib/ocaml/compiler-libs, /home/everest/.opam/4.05.0/lib/ocaml
findlib: [WARNING] Interface main.cmi occurs in several directories: /home/everest/vsts-agent/_work/2/s/bin/fstar-compiler-lib, /home/everest/.opam/4.05.0/lib/ocaml/compiler-libs
findlib: [WARNING] Interface topdirs.cmi occurs in several directories: /home/everest/.opam/4.05.0/lib/ocaml/compiler-libs, /home/everest/.opam/4.05.0/lib/ocaml
findlib: [WARNING] Interface main.cmi occurs in several directories: /home/everest/vsts-agent/_work/2/s/bin/fstar-compiler-lib, /home/everest/.opam/4.05.0/lib/ocaml/compiler-libs
findlib: [WARNING] Interface topdirs.cmi occurs in several directories: /home/everest/.opam/4.05.0/lib/ocaml/compiler-libs, /home/everest/.opam/4.05.0/lib/ocaml
findlib: [WARNING] Interface main.cmi occurs in several directories: /home/everest/vsts-agent/_work/2/s/bin/fstar-compiler-lib, /home/everest/.opam/4.05.0/lib/ocaml/compiler-libs
findlib: [WARNING] Interface topdirs.cmi occurs in several directories: /home/everest/.opam/4.05.0/lib/ocaml/compiler-libs, /home/everest/.opam/4.05.0/lib/ocaml
findlib: [WARNING] Interface main.cmi occurs in several directories: /home/everest/vsts-agent/_work/2/s/bin/fstar-compiler-lib, /home/everest/.opam/4.05.0/lib/ocaml/compiler-libs
findlib: [WARNING] Interface topdirs.cmi occurs in several directories: /home/everest/.opam/4.05.0/lib/ocaml/compiler-libs, /home/everest/.opam/4.05.0/lib/ocaml
findlib: [WARNING] Interface main.cmi occurs in several directories: /home/everest/vsts-agent/_work/2/s/bin/fstar-compiler-lib, /home/everest/.opam/4.05.0/lib/ocaml/compiler-libs
findlib: [WARNING] Interface topdirs.cmi occurs in several directories: /home/everest/.opam/4.05.0/lib/ocaml/compiler-libs, /home/everest/.opam/4.05.0/lib/ocaml
findlib: [WARNING] Interface main.cmi occurs in several directories: /home/everest/vsts-agent/_work/2/s/bin/fstar-compiler-lib, /home/everest/.opam/4.05.0/lib/ocaml/compiler-libs
findlib: [WARNING] Interface topdirs.cmi occurs in several directories: /home/everest/.opam/4.05.0/lib/ocaml/compiler-libs, /home/everest/.opam/4.05.0/lib/ocaml
findlib: [WARNING] Interface main.cmi occurs in several directories: /home/everest/vsts-agent/_work/2/s/bin/fstar-compiler-lib, /home/everest/.opam/4.05.0/lib/ocaml/compiler-libs
findlib: [WARNING] Interface topdirs.cmi occurs in several directories: /home/everest/.opam/4.05.0/lib/ocaml/compiler-libs, /home/everest/.opam/4.05.0/lib/ocaml
findlib: [WARNING] Interface main.cmi occurs in several directories: /home/everest/vsts-agent/_work/2/s/bin/fstar-compiler-lib, /home/everest/.opam/4.05.0/lib/ocaml/compiler-libs
findlib: [WARNING] Interface topdirs.cmi occurs in several directories: /home/everest/.opam/4.05.0/lib/ocaml/compiler-libs, /home/everest/.opam/4.05.0/lib/ocaml
findlib: [WARNING] Interface main.cmi occurs in several directories: /home/everest/vsts-agent/_work/2/s/bin/fstar-compiler-lib, /home/everest/.opam/4.05.0/lib/ocaml/compiler-libs
findlib: [WARNING] Interface topdirs.cmi occurs in several directories: /home/everest/.opam/4.05.0/lib/ocaml/compiler-libs, /home/everest/.opam/4.05.0/lib/ocaml
Imp.fst(114,26-114,32): (Warning 252) assertion failed (see also Imp.fst(114,46-114,73))
Imp.fst(114,26-114,32): (Warning 252) assertion failed (see also Imp.fst(114,46-114,73))
Imp.fst(115,26-115,32): (Warning 252) assertion failed (see also Imp.fst(115,46-115,73))
Imp.fst(115,26-115,32): (Warning 252) assertion failed (see also Imp.fst(115,46-115,73))
Imp.fst(116,26-116,32): (Warning 252) assertion failed (see also Imp.fst(116,46-116,73))
Imp.fst(116,26-116,32): (Warning 252) assertion failed (see also Imp.fst(116,46-116,73))
Imp.fst(117,26-117,32): (Warning 252) assertion failed (see also Imp.fst(117,46-117,73))
Imp.fst(117,26-117,32): (Warning 252) assertion failed (see also Imp.fst(117,46-117,73))
Imp.fst(118,26-118,32): (Warning 252) assertion failed (see also Imp.fst(118,46-118,73))
Imp.fst(118,26-118,32): (Warning 252) assertion failed (see also Imp.fst(118,46-118,73))
Imp.fst(119,26-119,32): (Warning 252) assertion failed (see also Imp.fst(119,46-119,73))
Imp.fst(119,26-119,32): (Warning 252) assertion failed (see also Imp.fst(119,46-119,73))
findlib: [WARNING] Interface main.cmi occurs in several directories: /home/everest/vsts-agent/_work/2/s/bin/fstar-compiler-lib, /home/everest/.opam/4.05.0/lib/ocaml/compiler-libs
findlib: [WARNING] Interface topdirs.cmi occurs in several directories: /home/everest/.opam/4.05.0/lib/ocaml/compiler-libs, /home/everest/.opam/4.05.0/lib/ocaml
StringPrinter.RecC.fst(70,2-83,24): (Warning 252) (Hint-replay failed): could not prove post-condition (see also StringPrinter.RecC.fst(65,4-65,81))
StringPrinter.RecC.fst(70,2-83,24): (Warning 252) could not prove post-condition (see also StringPrinter.RecC.fst(67,9-67,91))
findlib: [WARNING] Interface main.cmi occurs in several directories: /home/everest/vsts-agent/_work/2/s/bin/fstar-compiler-lib, /home/everest/.opam/4.05.0/lib/ocaml/compiler-libs
findlib: [WARNING] Interface topdirs.cmi occurs in several directories: /home/everest/.opam/4.05.0/lib/ocaml/compiler-libs, /home/everest/.opam/4.05.0/lib/ocaml
StringPrinterTest.Aux.fst(19,2-19,52): (Warning 252) (Hint-replay failed): assertion failed (see also StringPrinter.Rec.fst(117,12-117,57))
StringPrinterTest.Aux.fst(19,2-19,52): (Warning 252) (Hint-replay failed): assertion failed (see also StringPrinter.Rec.fst(117,12-117,57))
