dos2unix: converting file parser/parse.fsi to Unix format...
Warning: you are using the standard library and/or the %inline keyword. We
recommend switching on --infer in order to avoid obscure type error messages.
warning: CRLF will be replaced by LF in src/parser/parse.fsy.
The file will have its original line endings in your working directory.
FStar.List.Tot.Base.fst(265,10-265,12): (Warning 252) (Hint-replay failed): Subtyping check failed; expected type m:
Prims.list a
{ forall (u57593: FStar.Pervasives.Native.option (x: Prims.unit{Prims.hasEq a})).
FStar.List.Tot.Base.mem_filter_spec f m u57593 }; got type Prims.list a (see also FStar.List.Tot.Base.fst(263,86-263,107))
FStar.List.Tot.Properties.fst(855,2-855,37): (Warning 252) (Hint-replay failed): could not prove post-condition (see also FStar.List.Tot.Properties.fst(853,12-853,18))
FStar.List.Tot.Properties.fst(855,2-855,37): (Warning 252) could not prove post-condition (see also FStar.List.Tot.Properties.fst(853,12-853,18))
FStar.List.Tot.Properties.fst(884,2-885,24): (Warning 252) (Hint-replay failed): could not prove post-condition (see also FStar.List.Tot.Properties.fst(883,12-883,18))
FStar.OrdSet.fst(48,16-48,18): (Warning 252) (Hint-replay failed): Subtyping check failed; expected type Prims.eqtype; got type Type (see also prims.fst(27,21-27,28))
FStar.Monotonic.HyperStack.fst(344,4-344,33): (Warning 252) (Hint-replay failed): assertion failed (see also FStar.Monotonic.HyperStack.fst(38,12-41,66))
FStar.Monotonic.HyperStack.fst(344,4-344,33): (Warning 252) (Hint-replay failed): assertion failed (see also FStar.Monotonic.HyperStack.fst(38,12-41,66))
FStar.Seq.Properties.fst(471,2-474,29): (Warning 252) (Hint-replay failed): could not prove post-condition (see also FStar.Seq.Properties.fst(469,20-469,28))
FStar.Fin.fst(36,2-51,18): (Warning 252) (Hint-replay failed): could not prove post-condition (see also FStar.Fin.fst(33,41-33,68))
FStar.Fin.fst(36,2-51,18): (Warning 252) (Hint-replay failed): could not prove post-condition (see also FStar.Fin.fst(33,41-33,68))
LowStar.Modifies.fsti(611,2-611,42): (Warning 252) (Hint-replay failed): assertion failed (see also LowStar.Modifies.fsti(584,48-584,82))
LowStar.Modifies.fsti(625,2-625,38): (Warning 252) (Hint-replay failed): assertion failed (see also LowStar.Modifies.fsti(594,48-594,78))
LowStar.Modifies.fsti(668,2-668,38): (Warning 252) (Hint-replay failed): assertion failed (see also LowStar.Modifies.fsti(632,48-632,89))
LowStar.Modifies.fsti(683,2-683,49): (Warning 252) (Hint-replay failed): assertion failed (see also LowStar.Modifies.fsti(643,48-643,82))
LowStar.Modifies.fsti(697,2-697,45): (Warning 252) (Hint-replay failed): assertion failed (see also LowStar.Modifies.fsti(653,48-653,78))
LowStar.Buffer.fst(531,2-538,3): (Warning 252) (Hint-replay failed): could not prove post-condition (see also LowStar.Buffer.fsti(840,4-840,35))
FStar.Bytes.fsti(195,17-195,27): (Warning 252) (Hint-replay failed): Subtyping check failed; expected type Prims.nat; got type FStar.UInt.uint_t 32 (see also prims.fst(408,17-408,23))
FStar.Bytes.fsti(210,34-210,44): (Warning 252) (Hint-replay failed): Subtyping check failed; expected type Prims.nat; got type FStar.UInt.uint_t 32 (see also prims.fst(408,17-408,23))
FStar.Bytes.fsti(216,22-216,34): (Warning 252) (Hint-replay failed): Subtyping check failed; expected type Prims.nat; got type FStar.UInt.uint_t 32 (see also prims.fst(408,17-408,23))
FStar.Bytes.fsti(220,22-220,34): (Warning 252) (Hint-replay failed): Subtyping check failed; expected type Prims.nat; got type FStar.UInt.uint_t 32 (see also prims.fst(408,17-408,23))
FStar.Bytes.fsti(262,24-262,34): (Warning 252) (Hint-replay failed): Subtyping check failed; expected type FStar.Bytes.minbytes (FStar.UInt32.v (FStar.Bytes.len b1 +^ FStar.Bytes.len b2)); got type FStar.Bytes.bytes (see also FStar.Bytes.fsti(239,32-239,45))
LowStar.Modifies.fsti(611,2-611,42): (Warning 252) (Hint-replay failed): assertion failed (see also LowStar.Modifies.fsti(584,48-584,82))
LowStar.Modifies.fsti(625,2-625,38): (Warning 252) (Hint-replay failed): assertion failed (see also LowStar.Modifies.fsti(594,48-594,78))
LowStar.Modifies.fst(157,43-157,80): (Warning 252) (Hint-replay failed): Subtyping check failed; expected type 
l1: LowStar.Modifies.loc ->
l2: LowStar.Modifies.loc ->
h: FStar.Monotonic.HyperStack.mem ->
h': FStar.Monotonic.HyperStack.mem ->
x: FStar.Monotonic.HyperHeap.rid ->
Prims.Lemma Prims.unit; got type 
l1: FStar.ModifiesGen.loc LowStar.Modifies.cls ->
l2: FStar.ModifiesGen.loc LowStar.Modifies.cls ->
h: FStar.Monotonic.HyperStack.mem ->
h': FStar.Monotonic.HyperStack.mem ->
r: FStar.Monotonic.HyperHeap.rid ->
Prims.Lemma Prims.unit (see also FStar.ModifiesGen.fsti(658,104-658,145))
LowStar.Modifies.fst(159,54-159,101): (Warning 252) (Hint-replay failed): Subtyping check failed; expected type 
l1: LowStar.Modifies.loc ->
l2: LowStar.Modifies.loc ->
h: FStar.Monotonic.HyperStack.mem ->
h': FStar.Monotonic.HyperStack.mem ->
x: FStar.Monotonic.HyperStack.mreference t pre ->
Prims.Lemma Prims.unit; got type 
l1: FStar.ModifiesGen.loc LowStar.Modifies.cls ->
l2: FStar.ModifiesGen.loc LowStar.Modifies.cls ->
h: FStar.Monotonic.HyperStack.mem ->
h': FStar.Monotonic.HyperStack.mem ->
r: FStar.Monotonic.HyperStack.mreference t pre ->
Prims.Lemma Prims.unit (see also FStar.ModifiesGen.fsti(669,104-669,138))
LowStar.Modifies.fst(162,5-162,44): (Warning 252) (Hint-replay failed): assertion failed (see also FStar.ModifiesGen.fsti(680,104-680,135))
LowStar.Modifies.fsti(668,2-668,38): (Warning 252) (Hint-replay failed): assertion failed (see also LowStar.Modifies.fsti(632,48-632,89))
LowStar.Modifies.fsti(683,2-683,49): (Warning 252) (Hint-replay failed): assertion failed (see also LowStar.Modifies.fsti(643,48-643,82))
LowStar.Modifies.fsti(697,2-697,45): (Warning 252) (Hint-replay failed): assertion failed (see also LowStar.Modifies.fsti(653,48-653,78))
LowStar.Modifies.fst(227,2-227,23): (Warning 252) (Hint-replay failed): assertion failed (see also LowStar.Modifies.fsti(353,59-353,77))
FStar.Buffer.fst(740,4-740,6): (Warning 252) (Hint-replay failed): could not prove post-condition (see also FStar.Buffer.fst(738,12-738,35))
FStar.Buffer.fst(765,4-765,6): (Warning 252) (Hint-replay failed): could not prove post-condition (see also FStar.Buffer.fst(763,12-763,37))
FStar.Buffer.fst(1301,4-1301,6): (Warning 252) (Hint-replay failed): could not prove post-condition (see also FStar.Buffer.fst(1299,13-1299,31))
FStar.Pointer.Derived1.fst(118,2-118,8): (Warning 252) (Hint-replay failed): assertion failed (see also FStar.Pointer.Derived1.fst(118,9-118,104))
FStar.Pointer.Derived1.fst(168,2-168,8): (Warning 252) (Hint-replay failed): assertion failed (see also FStar.Pointer.Derived1.fst(168,9-168,91))
FStar.Pointer.Derived1.fst(171,2-171,23): (Warning 252) (Hint-replay failed): assertion failed (see also FStar.Pointer.Base.fsti(1493,5-1493,45))
FStar.Modifies.fsti(470,2-470,42): (Warning 252) (Hint-replay failed): assertion failed (see also FStar.Modifies.fsti(443,48-443,82))
FStar.Modifies.fsti(484,2-484,38): (Warning 252) (Hint-replay failed): assertion failed (see also FStar.Modifies.fsti(453,48-453,78))
FStar.Modifies.fsti(527,2-527,38): (Warning 252) (Hint-replay failed): assertion failed (see also FStar.Modifies.fsti(491,48-491,89))
FStar.Modifies.fsti(542,2-542,49): (Warning 252) (Hint-replay failed): assertion failed (see also FStar.Modifies.fsti(502,48-502,82))
FStar.Modifies.fsti(556,2-556,45): (Warning 252) (Hint-replay failed): assertion failed (see also FStar.Modifies.fsti(512,48-512,78))
FStar.Modifies.fst(114,2-114,4): (Warning 252) (Hint-replay failed): could not prove post-condition (see also FStar.Modifies.fst(113,11-113,41))
FStar.Modifies.fsti(470,2-470,42): (Warning 252) (Hint-replay failed): assertion failed (see also FStar.Modifies.fsti(443,48-443,82))
FStar.Modifies.fsti(484,2-484,38): (Warning 252) (Hint-replay failed): assertion failed (see also FStar.Modifies.fsti(453,48-453,78))
FStar.Modifies.fst(285,43-285,80): (Warning 252) (Hint-replay failed): Subtyping check failed; expected type 
l1: FStar.Modifies.loc ->
l2: FStar.Modifies.loc ->
h: FStar.Monotonic.HyperStack.mem ->
h': FStar.Monotonic.HyperStack.mem ->
x: FStar.Monotonic.HyperHeap.rid ->
Prims.Lemma Prims.unit; got type 
l1: FStar.ModifiesGen.loc FStar.Modifies.cls ->
l2: FStar.ModifiesGen.loc FStar.Modifies.cls ->
h: FStar.Monotonic.HyperStack.mem ->
h': FStar.Monotonic.HyperStack.mem ->
r: FStar.Monotonic.HyperHeap.rid ->
Prims.Lemma Prims.unit (see also FStar.ModifiesGen.fsti(658,104-658,145))
FStar.Modifies.fst(287,54-287,101): (Warning 252) (Hint-replay failed): Subtyping check failed; expected type 
l1: FStar.Modifies.loc ->
l2: FStar.Modifies.loc ->
h: FStar.Monotonic.HyperStack.mem ->
h': FStar.Monotonic.HyperStack.mem ->
x: FStar.Monotonic.HyperStack.mreference t pre ->
Prims.Lemma Prims.unit; got type 
l1: FStar.ModifiesGen.loc FStar.Modifies.cls ->
l2: FStar.ModifiesGen.loc FStar.Modifies.cls ->
h: FStar.Monotonic.HyperStack.mem ->
h': FStar.Monotonic.HyperStack.mem ->
r: FStar.Monotonic.HyperStack.mreference t pre ->
Prims.Lemma Prims.unit (see also FStar.ModifiesGen.fsti(669,104-669,138))
FStar.Modifies.fst(290,5-290,44): (Warning 252) (Hint-replay failed): assertion failed (see also FStar.ModifiesGen.fsti(680,104-680,135))
FStar.Modifies.fsti(527,2-527,38): (Warning 252) (Hint-replay failed): assertion failed (see also FStar.Modifies.fsti(491,48-491,89))
FStar.Modifies.fsti(542,2-542,49): (Warning 252) (Hint-replay failed): assertion failed (see also FStar.Modifies.fsti(502,48-502,82))
FStar.Modifies.fsti(556,2-556,45): (Warning 252) (Hint-replay failed): assertion failed (see also FStar.Modifies.fsti(512,48-512,78))
FStar.ModifiesGen.fst(373,33-373,35): (Warning 252) (Hint-replay failed): could not prove post-condition (see also FStar.ModifiesGen.fsti(244,2-244,27))
FStar.ModifiesGen.fst(389,68-389,70): (Warning 252) (Hint-replay failed): could not prove post-condition (see also FStar.ModifiesGen.fsti(264,11-264,85))
FStar.ModifiesGen.fst(391,66-391,68): (Warning 252) (Hint-replay failed): could not prove post-condition (see also FStar.ModifiesGen.fsti(275,11-275,81))
FStar.ModifiesGen.fst(393,87-393,89): (Warning 252) (Hint-replay failed): could not prove post-condition (see also FStar.ModifiesGen.fsti(285,11-285,105))
FStar.ModifiesGen.fst(395,84-395,86): (Warning 252) (Hint-replay failed): could not prove post-condition (see also FStar.ModifiesGen.fsti(293,11-293,103))
FStar.ModifiesGen.fst(404,91-404,93): (Warning 252) (Hint-replay failed): could not prove post-condition (see also FStar.ModifiesGen.fsti(311,11-311,111))
FStar.ModifiesGen.fst(494,35-494,37): (Warning 252) (Hint-replay failed): could not prove post-condition (see also FStar.ModifiesGen.fsti(332,11-332,36))
FStar.ModifiesGen.fst(538,2-538,173): (Warning 252) (Hint-replay failed): could not prove post-condition (see also FStar.ModifiesGen.fsti(379,11-379,113))
FStar.ModifiesGen.fst(540,91-540,93): (Warning 252) (Hint-replay failed): could not prove post-condition (see also FStar.ModifiesGen.fsti(390,11-390,67))
FStar.ModifiesGen.fst(544,78-544,80): (Warning 252) (Hint-replay failed): could not prove post-condition (see also FStar.ModifiesGen.fsti(414,24-414,42))
FStar.ModifiesGen.fst(561,73-561,75): (Warning 252) (Hint-replay failed): could not prove post-condition (see also FStar.ModifiesGen.fsti(430,2-430,70))
FStar.ModifiesGen.fst(563,73-563,75): (Warning 252) (Hint-replay failed): could not prove post-condition (see also FStar.ModifiesGen.fsti(433,2-433,79))
FStar.ModifiesGen.fst(573,92-573,94): (Warning 252) (Hint-replay failed): could not prove post-condition (see also FStar.ModifiesGen.fsti(438,2-438,91))
FStar.ModifiesGen.fst(575,72-575,74): (Warning 252) (Hint-replay failed): could not prove post-condition (see also FStar.ModifiesGen.fsti(443,2-443,78))
FStar.ModifiesGen.fst(577,94-577,96): (Warning 252) (Hint-replay failed): could not prove post-condition (see also FStar.ModifiesGen.fsti(448,2-448,95))
FStar.ModifiesGen.fst(579,78-579,80): (Warning 252) (Hint-replay failed): could not prove post-condition (see also FStar.ModifiesGen.fsti(453,2-453,73))
FStar.ModifiesGen.fst(789,20-789,25): (Warning 252) (Hint-replay failed): assertion failed (see also FStar.ModifiesGen.fsti(550,15-550,55))
FStar.ModifiesGen.fst(804,55-804,57): (Warning 252) (Hint-replay failed): could not prove post-condition (see also FStar.ModifiesGen.fsti(593,4-593,20))
FStar.ModifiesGen.fst(806,47-806,49): (Warning 252) (Hint-replay failed): could not prove post-condition (see also FStar.ModifiesGen.fsti(609,11-611,3))
FStar.ModifiesGen.fst(822,2-822,141): (Warning 252) (Hint-replay failed): could not prove post-condition (see also FStar.ModifiesGen.fsti(650,11-650,31))
FStar.ModifiesGen.fst(828,79-828,81): (Warning 252) (Hint-replay failed): could not prove post-condition (see also FStar.ModifiesGen.fsti(670,11-670,45))
FStar.ModifiesGen.fst(844,2-844,23): (Warning 252) (Hint-replay failed): assertion failed (see also FStar.ModifiesGen.fsti(626,33-626,51))
FStar.ModifiesGen.fst(924,2-924,55): (Warning 252) (Hint-replay failed): could not prove post-condition (see also FStar.ModifiesGen.fst(923,2-923,45))
FStar.ModifiesGen.fst(940,2-940,55): (Warning 252) (Hint-replay failed): could not prove post-condition (see also FStar.ModifiesGen.fst(939,2-939,66))
FStar.ModifiesGen.fst(954,2-954,20): (Warning 252) (Hint-replay failed): assertion failed (see also FStar.ModifiesGen.fsti(223,35-223,53))
FStar.ModifiesGen.fst(1063,2-1068,99): (Warning 252) (Hint-replay failed): could not prove post-condition (see also FStar.ModifiesGen.fsti(793,2-793,59))
FStar.ModifiesGen.fst(1104,9-1104,85): (Warning 252) (Hint-replay failed): assertion failed
FStar.ModifiesGen.fst(1153,9-1153,40): (Warning 252) (Hint-replay failed): Subtyping check failed; expected type y: FStar.Set.set Prims.nat {FStar.Set.subset (non_live_addrs' r') y}; got type FStar.Set.set Prims.nat (see also FStar.ModifiesGen.fst(1151,82-1151,115))
FStar.ModifiesGen.fst(1231,2-1231,104): (Warning 252) (Hint-replay failed): could not prove post-condition (see also FStar.ModifiesGen.fst(1230,11-1230,83))
FStar.ModifiesGen.fst(1263,12-1263,33): (Warning 252) (Hint-replay failed): assertion failed (see also FStar.ModifiesGen.fst(1142,13-1142,53))
FStar.ModifiesGen.fst(1290,4-1290,10): (Warning 252) (Hint-replay failed): assertion failed (see also FStar.ModifiesGen.fst(1290,11-1290,53))
FStar.ModifiesGen.fst(1538,2-1538,8): (Warning 252) (Hint-replay failed): assertion failed (see also FStar.ModifiesGen.fst(1538,9-1538,39))
FStar.ModifiesGen.fst(1600,2-1600,8): (Warning 252) (Hint-replay failed): assertion failed (see also FStar.ModifiesGen.fst(1600,9-1600,40))
FStar.ModifiesGen.fst(1660,2-1668,39): (Warning 252) (Hint-replay failed): could not prove post-condition (see also FStar.ModifiesGen.fst(1659,11-1659,42))
FStar.ModifiesGen.fst(1738,4-1738,10): (Warning 252) (Hint-replay failed): assertion failed (see also FStar.ModifiesGen.fst(1747,8-1747,36))
FStar.ModifiesGen.fst(1824,2-1830,167): (Warning 252) (Hint-replay failed): could not prove post-condition (see also FStar.ModifiesGen.fsti(961,2-961,78))
11.85user 47.25system 10:03.60elapsed 9%CPU (0avgtext+0avgdata 1315841792maxresident)k
0inputs+0outputs (5391864major+0minor)pagefaults 0swaps
C:/build/agent1/_work/1/s/ulib/prims.fst(0,0-0,0): (Warning 241) Stale cache file cache\Model\prims.fst.checked; will recheck C:/build/agent1/_work/1/s/ulib/prims.fst and all subsequent files
C:/build/agent1/_work/1/s/ulib/FStar.Pervasives.Native.fst(0,0-0,0): (Warning 241) Stale cache file cache\Model\FStar.Pervasives.Native.fst.checked; will recheck C:/build/agent1/_work/1/s/ulib/FStar.Pervasives.Native.fst and all subsequent files
make[1]: *** [Makefile:63: fstarmode_gh73.out.check] Error 1
C:/build/agent1/_work/1/s/ulib/FStar.Pervasives.fst(0,0-0,0): (Warning 241) Stale cache file cache\Model\FStar.Pervasives.fst.checked; will recheck C:/build/agent1/_work/1/s/ulib/FStar.Pervasives.fst and all subsequent files
C:/build/agent1/_work/1/s/ulib/FStar.Squash.fsti(0,0-0,0): (Warning 241) Stale cache file cache\Model\FStar.Squash.fsti.checked; will recheck C:/build/agent1/_work/1/s/ulib/FStar.Squash.fsti and all subsequent files
C:/build/agent1/_work/1/s/ulib/FStar.Preorder.fst(0,0-0,0): (Warning 241) Stale cache file cache\Model\FStar.Preorder.fst.checked; will recheck C:/build/agent1/_work/1/s/ulib/FStar.Preorder.fst and all subsequent files
C:/build/agent1/_work/1/s/ulib/FStar.StrongExcludedMiddle.fst(0,0-0,0): (Warning 241) Stale cache file cache\Model\FStar.StrongExcludedMiddle.fst.checked; will recheck C:/build/agent1/_work/1/s/ulib/FStar.StrongExcludedMiddle.fst and all subsequent files
C:/build/agent1/_work/1/s/ulib/FStar.Classical.fsti(0,0-0,0): (Warning 241) Stale cache file cache\Model\FStar.Classical.fsti.checked; will recheck C:/build/agent1/_work/1/s/ulib/FStar.Classical.fsti and all subsequent files
C:/build/agent1/_work/1/s/ulib/FStar.FunctionalExtensionality.fst(0,0-0,0): (Warning 241) Stale cache file cache\Model\FStar.FunctionalExtensionality.fst.checked; will recheck C:/build/agent1/_work/1/s/ulib/FStar.FunctionalExtensionality.fst and all subsequent files
C:/build/agent1/_work/1/s/ulib/FStar.PropositionalExtensionality.fst(0,0-0,0): (Warning 241) Stale cache file cache\Model\FStar.PropositionalExtensionality.fst.checked; will recheck C:/build/agent1/_work/1/s/ulib/FStar.PropositionalExtensionality.fst and all subsequent files
C:/build/agent1/_work/1/s/ulib/FStar.Mul.fst(0,0-0,0): (Warning 241) Stale cache file cache\Model\FStar.Mul.fst.checked; will recheck C:/build/agent1/_work/1/s/ulib/FStar.Mul.fst and all subsequent files
C:/build/agent1/_work/1/s/ulib/FStar.Exn.fst(0,0-0,0): (Warning 241) Stale cache file cache\Model\FStar.Exn.fst.checked; will recheck C:/build/agent1/_work/1/s/ulib/FStar.Exn.fst and all subsequent files
C:/build/agent1/_work/1/s/ulib/FStar.Ghost.fsti(0,0-0,0): (Warning 241) Stale cache file cache\Model\FStar.Ghost.fsti.checked; will recheck C:/build/agent1/_work/1/s/ulib/FStar.Ghost.fsti and all subsequent files
C:/build/agent1/_work/1/s/ulib/FStar.Monotonic.Witnessed.fsti(0,0-0,0): (Warning 241) Stale cache file cache\Model\FStar.Monotonic.Witnessed.fsti.checked; will recheck C:/build/agent1/_work/1/s/ulib/FStar.Monotonic.Witnessed.fsti and all subsequent files
C:/build/agent1/_work/1/s/ulib/FStar.Float.fsti(0,0-0,0): (Warning 241) Stale cache file cache\Model\FStar.Float.fsti.checked; will recheck C:/build/agent1/_work/1/s/ulib/FStar.Float.fsti and all subsequent files
C:/build/agent1/_work/1/s/ulib/FStar.Date.fsti(0,0-0,0): (Warning 241) Stale cache file cache\Model\FStar.Date.fsti.checked; will recheck C:/build/agent1/_work/1/s/ulib/FStar.Date.fsti and all subsequent files
C:/build/agent1/_work/1/s/ulib/FStar.DependentMap.fst(0,0-0,0): (Warning 241) Stale cache file cache\Model\FStar.DependentMap.fst.checked; will recheck C:/build/agent1/_work/1/s/ulib/FStar.DependentMap.fst and all subsequent files
C:/build/agent1/_work/1/s/ulib/FStar.Int.fst(0,0-0,0): (Warning 241) Stale cache file cache\Model\FStar.Int.fst.checked; will recheck C:/build/agent1/_work/1/s/ulib/FStar.Int.fst and all subsequent files
C:/build/agent1/_work/1/s/ulib/FStar.PredicateExtensionality.fst(0,0-0,0): (Warning 241) Stale cache file cache\Model\FStar.PredicateExtensionality.fst.checked; will recheck C:/build/agent1/_work/1/s/ulib/FStar.PredicateExtensionality.fst and all subsequent files
C:/build/agent1/_work/1/s/ulib/FStar.Set.fst(0,0-0,0): (Warning 241) Stale cache file cache\Model\FStar.Set.fst.checked; will recheck C:/build/agent1/_work/1/s/ulib/FStar.Set.fst and all subsequent files
C:/build/agent1/_work/1/s/ulib/FStar.Math.Lib.fst(0,0-0,0): (Warning 241) Stale cache file cache\Model\FStar.Math.Lib.fst.checked; will recheck C:/build/agent1/_work/1/s/ulib/FStar.Math.Lib.fst and all subsequent files
C:/build/agent1/_work/1/s/ulib/FStar.Map.fst(0,0-0,0): (Warning 241) Stale cache file cache\Model\FStar.Map.fst.checked; will recheck C:/build/agent1/_work/1/s/ulib/FStar.Map.fst and all subsequent files
C:/build/agent1/_work/1/s/ulib/FStar.TSet.fst(0,0-0,0): (Warning 241) Stale cache file cache\Model\FStar.TSet.fst.checked; will recheck C:/build/agent1/_work/1/s/ulib/FStar.TSet.fst and all subsequent files
C:/build/agent1/_work/1/s/ulib/FStar.List.Tot.Base.fst(0,0-0,0): (Warning 241) Stale cache file cache\Model\FStar.List.Tot.Base.fst.checked; will recheck C:/build/agent1/_work/1/s/ulib/FStar.List.Tot.Base.fst and all subsequent files
make[1]: Target 'default' not remade because of errors.
make: *** [Makefile:188: interactive-test] Error 2
C:/build/agent1/_work/1/s/ulib/FStar.Monotonic.Heap.fsti(0,0-0,0): (Warning 241) Stale cache file cache\Model\FStar.Monotonic.Heap.fsti.checked; will recheck C:/build/agent1/_work/1/s/ulib/FStar.Monotonic.Heap.fsti and all subsequent files
C:/build/agent1/_work/1/s/ulib/FStar.Math.Lemmas.fst(0,0-0,0): (Warning 241) Stale cache file cache\Model\FStar.Math.Lemmas.fst.checked; will recheck C:/build/agent1/_work/1/s/ulib/FStar.Math.Lemmas.fst and all subsequent files
C:/build/agent1/_work/1/s/ulib/FStar.Heap.fst(0,0-0,0): (Warning 241) Stale cache file cache\Model\FStar.Heap.fst.checked; will recheck C:/build/agent1/_work/1/s/ulib/FStar.Heap.fst and all subsequent files
C:/build/agent1/_work/1/s/ulib/FStar.List.Tot.Properties.fst(0,0-0,0): (Warning 241) Stale cache file cache\Model\FStar.List.Tot.Properties.fst.checked; will recheck C:/build/agent1/_work/1/s/ulib/FStar.List.Tot.Properties.fst and all subsequent files
C:/build/agent1/_work/1/s/ulib/FStar.ST.fst(0,0-0,0): (Warning 241) Stale cache file cache\Model\FStar.ST.fst.checked; will recheck C:/build/agent1/_work/1/s/ulib/FStar.ST.fst and all subsequent files
C:/build/agent1/_work/1/s/ulib/FStar.List.Tot.fst(0,0-0,0): (Warning 241) Stale cache file cache\Model\FStar.List.Tot.fst.checked; will recheck C:/build/agent1/_work/1/s/ulib/FStar.List.Tot.fst and all subsequent files

tools\Vale\src\emit_vale_text.fs(61,11): warning FS0025: Incomplete pattern matches on this expression. For example, the value 'EOp (Uop (UCall (_)), [_])' may indicate a case not covered by the pattern(s).
C:/build/agent1/_work/1/s/ulib/FStar.All.fst(0,0-0,0): (Warning 241) Stale cache file cache\Model\FStar.All.fst.checked; will recheck C:/build/agent1/_work/1/s/ulib/FStar.All.fst and all subsequent files

tools\Vale\src\emit_dafny_text.fs(60,11): warning FS0025: Incomplete pattern matches on this expression. For example, the value 'EOp (Uop (UCall (_)), [_])' may indicate a case not covered by the pattern(s).

tools\Vale\src\emit_dafny_direct.fs(229,11): warning FS0025: Incomplete pattern matches on this expression. For example, the value 'EOp (Uop (UCall (_)), [_])' may indicate a case not covered by the pattern(s).
C:/build/agent1/_work/1/s/ulib/FStar.Dyn.fsti(0,0-0,0): (Warning 241) Stale cache file cache\Model\FStar.Dyn.fsti.checked; will recheck C:/build/agent1/_work/1/s/ulib/FStar.Dyn.fsti and all subsequent files

tools\Vale\src\emit_fstar_text.fs(85,11): warning FS0025: Incomplete pattern matches on this expression. For example, the value 'EOp (Uop (UCall (CallInline)), [_])' may indicate a case not covered by the pattern(s).
C:/build/agent1/_work/1/s/ulib/FStar.Monotonic.HyperHeap.fst(0,0-0,0): (Warning 241) Stale cache file cache\Model\FStar.Monotonic.HyperHeap.fst.checked; will recheck C:/build/agent1/_work/1/s/ulib/FStar.Monotonic.HyperHeap.fst and all subsequent files
C:/build/agent1/_work/1/s/ulib/FStar.List.fst(0,0-0,0): (Warning 241) Stale cache file cache\Model\FStar.List.fst.checked; will recheck C:/build/agent1/_work/1/s/ulib/FStar.List.fst and all subsequent files
Ex01a.fst(70,0-70,48): (Warning 272) Top-level let-bindings must be total; this term may have effects
Ex01a.fst(70,0-70,48): (Warning 272) Top-level let-bindings must be total; this term may have effects
Ex01a.fst(60,0-60,48): (Warning 272) Top-level let-bindings must be total; this term may have effects
Ex01a.fst(60,0-60,48): (Warning 272) Top-level let-bindings must be total; this term may have effects
C:/build/agent1/_work/1/s/ulib/FStar.Seq.Base.fst(0,0-0,0): (Warning 241) Stale cache file cache\Model\FStar.Seq.Base.fst.checked; will recheck C:/build/agent1/_work/1/s/ulib/FStar.Seq.Base.fst and all subsequent files
Effects.Def.fst(165,2-165,22): (Warning 252) (Hint-replay failed): assertion failed (see also Effects.Def.fst(44,11-44,91))
Ex04g.fst(5,4-5,6): (Warning 240) Admitting Ex04g.tl without a definition
Ex04g.fst(4,4-4,6): (Warning 240) Admitting Ex04g.hd without a definition
Ex05a.fst(28,4-28,13): (Warning 240) Admitting Ex05a.rev_is_ok without a definition
Ex06a.fst(5,4-5,13): (Warning 240) Admitting Ex06a.partition without a definition
C:/build/agent1/_work/1/s/ulib/FStar.Monotonic.HyperStack.fst(0,0-0,0): (Warning 241) Stale cache file cache\Model\FStar.Monotonic.HyperStack.fst.checked; will recheck C:/build/agent1/_work/1/s/ulib/FStar.Monotonic.HyperStack.fst and all subsequent files
Encrypt_SymEnc.fst(30,0-30,27): (Warning 272) Top-level let-bindings must be total; this term may have effects
Encrypt_SymEnc.fst(30,0-30,27): (Warning 272) Top-level let-bindings must be total; this term may have effects
Encrypt_SymEnc.fst(30,0-30,27): (Warning 272) Top-level let-bindings must be total; this term may have effects
Ex06e.fst(18,4-18,8): (Warning 240) Admitting Ex06e.sort without a definition
C:/build/agent1/_work/1/s/ulib/FStar.HyperStack.fst(0,0-0,0): (Warning 241) Stale cache file cache\Model\FStar.HyperStack.fst.checked; will recheck C:/build/agent1/_work/1/s/ulib/FStar.HyperStack.fst and all subsequent files
MAC.fst(45,0-45,53): (Warning 272) Top-level let-bindings must be total; this term may have effects
MAC.fst(45,0-45,53): (Warning 272) Top-level let-bindings must be total; this term may have effects
Ex07a.fst(228,4-228,14): (Warning 240) Admitting Ex07a.typed_step without a definition
C:/build/agent1/_work/1/s/ulib/FStar.HyperStack.ST.fst(0,0-0,0): (Warning 241) Stale cache file cache\Model\FStar.HyperStack.ST.fst.checked; will recheck C:/build/agent1/_work/1/s/ulib/FStar.HyperStack.ST.fst and all subsequent files
C:/build/agent1/_work/1/s/ulib/FStar.HyperStack.All.fst(0,0-0,0): (Warning 241) Stale cache file cache\Model\FStar.HyperStack.All.fst.checked; will recheck C:/build/agent1/_work/1/s/ulib/FStar.HyperStack.All.fst and all subsequent files
MonotonicArray.fst(40,61-40,72): (Warning 252) (Hint-replay failed): Subtyping check failed; expected type FStar.Preorder.preorder (MonotonicArray.repr a n); got type FStar.Preorder.relation (MonotonicArray.repr a n) (see also C:\build\agent1\_work\1\s\ulib\FStar.Preorder.fst(12,40-12,56))
MonotonicArray.fst(40,61-40,72): (Warning 252) (Hint-replay failed): Subtyping check failed; expected type FStar.Preorder.preorder (MonotonicArray.repr a n); got type FStar.Preorder.relation (MonotonicArray.repr a n) (see also C:\build\agent1\_work\1\s\ulib\FStar.Preorder.fst(12,40-12,56))
C:/build/agent1/_work/1/s/ulib/FStar.Monotonic.DependentMap.fsti(0,0-0,0): (Warning 241) Stale cache file cache\Model\FStar.Monotonic.DependentMap.fsti.checked; will recheck C:/build/agent1/_work/1/s/ulib/FStar.Monotonic.DependentMap.fsti and all subsequent files
C:/build/agent1/_work/1/s/ulib/FStar.Seq.Properties.fst(0,0-0,0): (Warning 241) Stale cache file cache\Model\FStar.Seq.Properties.fst.checked; will recheck C:/build/agent1/_work/1/s/ulib/FStar.Seq.Properties.fst and all subsequent files
C:/build/agent1/_work/1/s/ulib/FStar.Seq.fst(0,0-0,0): (Warning 241) Stale cache file cache\Model\FStar.Seq.fst.checked; will recheck C:/build/agent1/_work/1/s/ulib/FStar.Seq.fst and all subsequent files
StlcStrongDbParSubst.fst(203,27-203,29): (Warning 252) (Hint-replay failed): Subtyping check failed; expected type StlcStrongDbParSubst.typing g
(StlcStrongDbParSubst.sub_beta v y)
(Some?.v (StlcStrongDbParSubst.extend t_x g y)); got type StlcStrongDbParSubst.typing g v t_x (see also StlcStrongDbParSubst.fst(170,46-201,36))
StlcStrongDbParSubst.fst(203,27-203,29): (Warning 252) (Hint-replay failed): Subtyping check failed; expected type StlcStrongDbParSubst.typing g
(StlcStrongDbParSubst.sub_beta v y)
(Some?.v (StlcStrongDbParSubst.extend t_x g y)); got type StlcStrongDbParSubst.typing g v t_x (see also StlcStrongDbParSubst.fst(170,46-201,36))
MAC.fst(45,0-45,53): (Warning 272) Top-level let-bindings must be total; this term may have effects
hello.fst(5,0-5,37): (Warning 272) Top-level let-bindings must be total; this term may have effects
hello.fst(5,0-5,37): (Warning 272) Top-level let-bindings must be total; this term may have effects
C:/build/agent1/_work/1/s/kremlin/kremlib/Spec.Loops.fst(0,0-0,0): (Warning 241) Stale cache file cache\Model\Spec.Loops.fst.checked; will recheck C:/build/agent1/_work/1/s/kremlin/kremlib/Spec.Loops.fst and all subsequent files
C:/build/agent1/_work/1/s/ulib/FStar.BitVector.fst(0,0-0,0): (Warning 241) Stale cache file cache\Model\FStar.BitVector.fst.checked; will recheck C:/build/agent1/_work/1/s/ulib/FStar.BitVector.fst and all subsequent files
Formatting.fst(113,32-113,33): (Warning 252) (Hint-replay failed): Subtyping check failed; expected type i: Prims.nat{i < FStar.Seq.Base.length (Formatting.request s)}; got type Prims.int (see also FStar.Seq.Base.fst(30,49-30,61))
C:/build/agent1/_work/1/s/ulib/FStar.Monotonic.Seq.fst(0,0-0,0): (Warning 241) Stale cache file cache\Model\FStar.Monotonic.Seq.fst.checked; will recheck C:/build/agent1/_work/1/s/ulib/FStar.Monotonic.Seq.fst and all subsequent files
bug185.fst(33,15-33,21): (Warning 252) (Hint-replay failed): assertion failed (see also bug185.fst(33,22-33,48))
testseq.fst(12,0-14,15): (Warning 272) Top-level let-bindings must be total; this term may have effects
testseq.fst(12,0-14,15): (Warning 272) Top-level let-bindings must be total; this term may have effects
NatHeap.fst(68,12-69,30): (Warning 252) (Hint-replay failed): Subtyping check failed; expected type NatHeap.heap; got type Prims.nat * (_: Prims.nat -> Prims.Tot (FStar.Pervasives.Native.option (a: Type0 & a))) (see also NatHeap.fst(12,42-12,72))
nested.pos\Test.fst(32,18-32,22): (Warning 252) (Hint-replay failed): assertion failed (see also FStar.Pointer.Base.fsti(2122,22-2122,34))
nested.pos\Test.fst(15,13-18,5): (Warning 252) Subtyping check failed; expected type l:
Prims.list (Prims.string * FStar.Pointer.Base.typ)
{Cons? l /\ FStar.List.Tot.Base.noRepeats (FStar.List.Tot.Base.map FStar.Pervasives.Native.fst l)}; got type Prims.list (Prims.string * FStar.Pointer.Base.typ) (see also FStar.Pointer.Base.fsti(55,2-55,41))
MAC.fst(45,0-45,53): (Warning 272) Top-level let-bindings must be total; this term may have effects
RPC.fst(9,0-9,53): (Warning 272) Top-level let-bindings must be total; this term may have effects
RPC.fst(9,0-9,53): (Warning 272) Top-level let-bindings must be total; this term may have effects
RPC.fst(23,0-23,39): (Warning 272) Top-level let-bindings must be total; this term may have effects
RPC.fst(23,0-23,39): (Warning 272) Top-level let-bindings must be total; this term may have effects
RPC.fst(48,0-49,16): (Warning 272) Top-level let-bindings must be total; this term may have effects
RPC.fst(48,0-49,16): (Warning 272) Top-level let-bindings must be total; this term may have effects
RPC.fst(116,0-116,17): (Warning 272) Top-level let-bindings must be total; this term may have effects
RPC.fst(116,0-116,17): (Warning 272) Top-level let-bindings must be total; this term may have effects
Ex07d.fst(225,4-225,8): (Warning 240) Admitting Ex07d.eval without a definition
Ex10a.fst(24,0-24,22): (Warning 272) Top-level let-bindings must be total; this term may have effects
Ex10a.fst(24,0-24,22): (Warning 272) Top-level let-bindings must be total; this term may have effects
Ex10a.fst(24,0-24,22): (Warning 272) Top-level let-bindings must be total; this term may have effects
Ex10a.fst(24,0-24,22): (Warning 272) Top-level let-bindings must be total; this term may have effects
Unit1.Basic.fst(318,31-318,33): (Warning 252) (Hint-replay failed): could not prove post-condition (see also Unit1.Basic.fst(316,2-316,62))
Unit1.Basic.fst(324,20-324,22): (Warning 252) (Hint-replay failed): could not prove post-condition (see also Unit1.Basic.fst(323,42-323,87))
C:/build/agent1/_work/1/s/ulib/FStar.UInt.fst(0,0-0,0): (Warning 241) Stale cache file cache\Model\FStar.UInt.fst.checked; will recheck C:/build/agent1/_work/1/s/ulib/FStar.UInt.fst and all subsequent files
CntFormat.fst(103,2-103,14): (Warning 252) (Hint-replay failed): Subtyping check failed; expected type CntFormat.msg CntFormat.signal_size; got type Platform.Bytes.bytes (see also C:\build\agent1\_work\1\s\ucontrib\Platform\fst\Platform.Bytes.fst(59,30-59,42))
C:/build/agent1/_work/1/s/ulib/FStar.UInt32.fst(0,0-0,0): (Warning 241) Stale cache file cache\Model\FStar.UInt32.fst.checked; will recheck C:/build/agent1/_work/1/s/ulib/FStar.UInt32.fst and all subsequent files
C:/build/agent1/_work/1/s/ulib/FStar.Char.fsti(0,0-0,0): (Warning 241) Stale cache file cache\Model\FStar.Char.fsti.checked; will recheck C:/build/agent1/_work/1/s/ulib/FStar.Char.fsti and all subsequent files
C:/build/agent1/_work/1/s/ulib/FStar.UInt16.fst(0,0-0,0): (Warning 241) Stale cache file cache\Model\FStar.UInt16.fst.checked; will recheck C:/build/agent1/_work/1/s/ulib/FStar.UInt16.fst and all subsequent files
C:/build/agent1/_work/1/s/ulib/FStar.UInt64.fst(0,0-0,0): (Warning 241) Stale cache file cache\Model\FStar.UInt64.fst.checked; will recheck C:/build/agent1/_work/1/s/ulib/FStar.UInt64.fst and all subsequent files
C:/build/agent1/_work/1/s/ulib/FStar.UInt8.fst(0,0-0,0): (Warning 241) Stale cache file cache\Model\FStar.UInt8.fst.checked; will recheck C:/build/agent1/_work/1/s/ulib/FStar.UInt8.fst and all subsequent files
X64.Poly1305.Math_i.fst(153,53-153,59): (Warning 296) Tactics admitted goal <(n: Prims.int), (p: Prims.pos), (h: Prims.nat), (h2: Prims.nat), (h10: Prims.int), (c: Prims.int), (hh: Prims.int), (p: Prims.pure_post Prims.unit), (_:
Prims.squash (n * n > 0 /\ h2 >= 0 /\ 4 * (n * n) == p + 5 /\ h2 == h / (n * n) /\
h10 == h % (n * n) /\ c == h2 / 4 + (h2 / 4) * 4 /\ hh == h10 + c + (h2 % 4) * (n * n) /\
(forall (pure_result: Prims.unit). h % p == hh % p ==> p pure_result))), (return_val: Prims.pos), (_: Prims.squash (return_val == n * n)), (pure_result: Prims.unit), (_: Prims.squash (h = (n * n) * (h / (n * n)) + h % (n * n))), (pure_result: Prims.unit), (_: Prims.squash (h == (n * n) * h2 + h10)), (return_val: Prims.pos), (_: Prims.squash (return_val == n * n)), (pure_result: Prims.unit), (_:
Prims.squash ((n * n) * h2 + h10 =
(n * n) * (((n * n) * h2 + h10) / (n * n)) + ((n * n) * h2 + h10) % (n * n))), (any_result: (_: Prims.unit -> Prims.Tot Prims.unit)), (_:
Prims.squash (Calc.using (FStar.Math.Lemmas.lemma_div_mod ((n * n) * h2 + h10) (n * n)) ==
any_result)), (return_val: (_: Prims.unit -> Prims.Lemma Prims.unit)), (_: Prims.squash (return_val == Calc.using (FStar.Math.Lemmas.lemma_div_mod h (n * n)))), (_:
Prims.squash (Calc.using (FStar.Math.Lemmas.lemma_div_mod ((n * n) * h2 + h10) (n * n)) ==
Calc.using (FStar.Math.Lemmas.lemma_div_mod h (n * n)))), (any_result:
x:
Prims.int
{ (n * n) * h2 + h10 == (n * n) * h2 + h10 /\
(x == (n * n) * h2 + h10) /\ ((n * n) * h2 + h10 == (n * n) * h2 + h10) }), (_:
Prims.squash (((n * n) * h2 + h10 &= (n * n) * h2 + h10 &|
Calc.using (FStar.Math.Lemmas.lemma_div_mod ((n * n) * h2 + h10) (n * n))) ==
any_result)), (any_result: (_: Prims.unit -> Prims.Pure Prims.int)), (_:
Prims.squash (((n * n) * h2 + h10 &= (n * n) * h2 + h10 &|
Calc.using (FStar.Math.Lemmas.lemma_div_mod ((n * n) * h2 + h10) (n * n)) &=
(n * n) * ((h2 / 4) * 4 + h2 % 4) + h10) ==
any_result)), (return_val: (_: Prims.unit -> Prims.Lemma Prims.unit)), (_: Prims.squash (return_val == Calc.using Calc.z3)), (any_result:
x:
Prims.int
{ (n * n) * h2 + h10 == (n * n) * ((h2 / 4) * 4 + h2 % 4) + h10 /\
(x == (n * n) * ((h2 / 4) * 4 + h2 % 4) + h10) /\
((n * n) * h2 + h10 == (n * n) * ((h2 / 4) * 4 + h2 % 4) + h10) }), (_:
Prims.squash (((n * n) * h2 + h10 &= (n * n) * h2 + h10 &|
Calc.using (FStar.Math.Lemmas.lemma_div_mod ((n * n) * h2 + h10) (n * n)) &=
(n * n) * ((h2 / 4) * 4 + h2 % 4) + h10 &|
Calc.using Calc.z3) ==
any_result)), (any_result: (_: Prims.unit -> Prims.Pure Prims.int)), (_:
Prims.squash (((n * n) * h2 + h10 &= (n * n) * h2 + h10 &|
Calc.using (FStar.Math.Lemmas.lemma_div_mod ((n * n) * h2 + h10) (n * n)) &=
(n * n) * ((h2 / 4) * 4 + h2 % 4) + h10 &|
Calc.using Calc.z3 &=
h10 + (h2 % 4) * (n * n) + (h2 / 4) * (p + 5)) ==
any_result)) |- _ : Prims.squash ((n * n) * ((h2 / 4) * 4 + h2 % 4) + h10 ==
h10 + (h2 % 4) * (n * n) + (h2 / 4) * (p + 5))>

(see also Calc.fst(27,62-27,74))
Eta_expand.fst(22,0-26,35): (Warning 272) Top-level let-bindings must be total; this term may have effects
Eta_expand.fst(22,0-26,35): (Warning 272) Top-level let-bindings must be total; this term may have effects
File "out/Eta_expand.ml", line 19, characters 37-41:
Warning 20: this argument will not be used by the function.
File "out/Eta_expand.ml", line 19, characters 42-46:
Warning 20: this argument will not be used by the function.
C:/build/agent1/_work/1/s/ulib/FStar.Int32.fst(0,0-0,0): (Warning 241) Stale cache file cache\Model\FStar.Int32.fst.checked; will recheck C:/build/agent1/_work/1/s/ulib/FStar.Int32.fst and all subsequent files
Huffman.fst(182,53-182,54): (Warning 252) (Hint-replay failed): Subtyping check failed; expected type s:
Huffman.symbol
{%[ bs; if Leaf? t' && Cons? bs then 1 else 0 ] << %[ bs; if Leaf? t && Cons? bs then 1 else 0 ]}; got type Huffman.symbol (see also Huffman.fst(180,2-184,60))
C:/build/agent1/_work/1/s/ulib/FStar.Int64.fst(0,0-0,0): (Warning 241) Stale cache file cache\Model\FStar.Int64.fst.checked; will recheck C:/build/agent1/_work/1/s/ulib/FStar.Int64.fst and all subsequent files
C:/build/agent1/_work/1/s/ulib/FStar.Int63.fst(0,0-0,0): (Warning 241) Stale cache file cache\Model\FStar.Int63.fst.checked; will recheck C:/build/agent1/_work/1/s/ulib/FStar.Int63.fst and all subsequent files
C:/build/agent1/_work/1/s/ulib/FStar.Int16.fst(0,0-0,0): (Warning 241) Stale cache file cache\Model\FStar.Int16.fst.checked; will recheck C:/build/agent1/_work/1/s/ulib/FStar.Int16.fst and all subsequent files
MRefHeap.fst(60,11-61,26): (Warning 252) (Hint-replay failed): Subtyping check failed; expected type MRefHeap.heap; got type Prims.nat * (_: Prims.nat -> Prims.Tot (FStar.Pervasives.Native.option MRefHeap.heap_cell)) (see also MRefHeap.fst(13,42-13,72))
C:/build/agent1/_work/1/s/ulib/FStar.Int8.fst(0,0-0,0): (Warning 241) Stale cache file cache\Model\FStar.Int8.fst.checked; will recheck C:/build/agent1/_work/1/s/ulib/FStar.Int8.fst and all subsequent files
C:/build/agent1/_work/1/s/mitls-fstar/src/lowparse/LowParse.Bytes.fst(0,0-0,0): (Warning 241) Stale cache file cache\Model\LowParse.Bytes.fst.checked; will recheck C:/build/agent1/_work/1/s/mitls-fstar/src/lowparse/LowParse.Bytes.fst and all subsequent files
C:/build/agent1/_work/1/s/ulib/FStar.String.fsti(0,0-0,0): (Warning 241) Stale cache file cache\Model\FStar.String.fsti.checked; will recheck C:/build/agent1/_work/1/s/ulib/FStar.String.fsti and all subsequent files
C:/build/agent1/_work/1/s/ulib/FStar.UInt63.fst(0,0-0,0): (Warning 241) Stale cache file cache\Model\FStar.UInt63.fst.checked; will recheck C:/build/agent1/_work/1/s/ulib/FStar.UInt63.fst and all subsequent files
MAC.fst(45,0-45,53): (Warning 272) Top-level let-bindings must be total; this term may have effects
CntProtocol.fst(12,0-12,53): (Warning 272) Top-level let-bindings must be total; this term may have effects
CntProtocol.fst(12,0-12,53): (Warning 272) Top-level let-bindings must be total; this term may have effects
CntProtocol.fst(27,0-27,26): (Warning 272) Top-level let-bindings must be total; this term may have effects
CntProtocol.fst(27,0-27,26): (Warning 272) Top-level let-bindings must be total; this term may have effects
CntProtocol.fst(30,0-30,54): (Warning 272) Top-level let-bindings must be total; this term may have effects
CntProtocol.fst(30,0-30,54): (Warning 272) Top-level let-bindings must be total; this term may have effects
CntProtocol.fst(33,0-33,54): (Warning 272) Top-level let-bindings must be total; this term may have effects
CntProtocol.fst(33,0-33,54): (Warning 272) Top-level let-bindings must be total; this term may have effects
CntProtocol.fst(97,0-97,39): (Warning 272) Top-level let-bindings must be total; this term may have effects
CntProtocol.fst(97,0-97,39): (Warning 272) Top-level let-bindings must be total; this term may have effects
CntProtocol.fst(124,0-124,18): (Warning 272) Top-level let-bindings must be total; this term may have effects
CntProtocol.fst(124,0-124,18): (Warning 272) Top-level let-bindings must be total; this term may have effects
CntProtocol.fst(168,0-184,5): (Warning 272) Top-level let-bindings must be total; this term may have effects
CntProtocol.fst(168,0-184,5): (Warning 272) Top-level let-bindings must be total; this term may have effects
LowParse.Spec.Base.fst(242,2-242,4): (Warning 252) (Hint-replay failed): could not prove post-condition (see also LowParse.Spec.Base.fst(239,11-241,3))
LowParse.Spec.Base.fst(319,6-319,12): (Warning 252) (Hint-replay failed): assertion failed (see also LowParse.Spec.Base.fst(319,13-319,56))
LowParse.Spec.Base.fst(627,4-630,41): (Warning 252) (Hint-replay failed): could not prove post-condition (see also LowParse.Spec.Base.fst(625,6-625,30))
LowParse.Spec.Base.fst(697,2-697,42): (Warning 252) (Hint-replay failed): could not prove post-condition (see also LowParse.Spec.Base.fst(696,2-696,16))
LowParse.Spec.Base.fst(733,2-733,8): (Warning 252) (Hint-replay failed): assertion failed (see also LowParse.Spec.Base.fst(733,9-733,22))
C:/build/agent1/_work/1/s/ulib/FStar.IO.fst(0,0-0,0): (Warning 241) Stale cache file cache\Model\FStar.IO.fst.checked; will recheck C:/build/agent1/_work/1/s/ulib/FStar.IO.fst and all subsequent files
SepLogic.Heap.fst(59,26-62,30): (Warning 252) (Hint-replay failed): Patterns are incomplete
SepLogic.Heap.fst(78,38-81,62): (Warning 252) (Hint-replay failed): Patterns are incomplete
SepLogic.Heap.fst(196,12-196,18): (Warning 252) (Hint-replay failed): assertion failed (see also SepLogic.Heap.fst(196,19-196,77))
SepLogic.Heap.fst(224,39-224,41): (Warning 252) (Hint-replay failed): could not prove post-condition (see also SepLogic.Heap.fsti(155,10-155,62))
SepLogic.Heap.fst(226,39-226,41): (Warning 252) (Hint-replay failed): could not prove post-condition (see also SepLogic.Heap.fsti(159,10-159,34))
SepLogic.Heap.fst(235,35-235,37): (Warning 252) (Hint-replay failed): could not prove post-condition (see also SepLogic.Heap.fsti(187,11-187,27))
SepLogic.Heap.fst(303,4-303,6): (Warning 252) (Hint-replay failed): could not prove post-condition (see also SepLogic.Heap.fst(302,21-302,58))
C:/build/agent1/_work/1/s/ulib/FStar.UInt128.fsti(0,0-0,0): (Warning 241) Stale cache file cache\Model\FStar.UInt128.fsti.checked; will recheck C:/build/agent1/_work/1/s/ulib/FStar.UInt128.fsti and all subsequent files
Unable to open hints file: C:\build\agent1\_work\1\s\kremlin\kremlib\Spec.Loops.fst.hints; ran without hints
Ex10a.fst(26,0-26,22): (Warning 272) Top-level let-bindings must be total; this term may have effects
Ex10a.fst(26,0-26,22): (Warning 272) Top-level let-bindings must be total; this term may have effects
Ex10a.fst(26,0-26,22): (Warning 272) Top-level let-bindings must be total; this term may have effects
Ex10a.fst(26,0-26,22): (Warning 272) Top-level let-bindings must be total; this term may have effects
C:/build/agent1/_work/1/s/ulib/FStar.Bytes.fsti(0,0-0,0): (Warning 241) Stale cache file cache\Model\FStar.Bytes.fsti.checked; will recheck C:/build/agent1/_work/1/s/ulib/FStar.Bytes.fsti and all subsequent files
C:/build/agent1/_work/1/s/ulib/FStar.Error.fst(0,0-0,0): (Warning 241) Stale cache file cache\Model\FStar.Error.fst.checked; will recheck C:/build/agent1/_work/1/s/ulib/FStar.Error.fst and all subsequent files
C:/build/agent1/_work/1/s/mitls-fstar/src/lowparse/LowParse.Spec.Base.fst(0,0-0,0): (Warning 241) Stale cache file cache\Model\LowParse.Spec.Base.fst.checked; will recheck C:/build/agent1/_work/1/s/mitls-fstar/src/lowparse/LowParse.Spec.Base.fst and all subsequent files
SL.Heap.fst(65,26-68,30): (Warning 252) (Hint-replay failed): Patterns are incomplete
SL.Heap.fst(85,38-88,62): (Warning 252) (Hint-replay failed): Patterns are incomplete
SL.Heap.fst(169,12-169,18): (Warning 252) (Hint-replay failed): assertion failed (see also SL.Heap.fst(169,19-169,77))
SL.Heap.fst(196,39-196,41): (Warning 252) (Hint-replay failed): could not prove post-condition (see also SL.Heap.fsti(119,10-119,62))
SL.Heap.fst(198,39-198,41): (Warning 252) (Hint-replay failed): could not prove post-condition (see also SL.Heap.fsti(123,10-123,34))
Slice.fst(35,4-35,6): (Warning 252) (Hint-replay failed): could not prove post-condition (see also Slice.fst(34,18-34,104))
Slice.fst(46,27-46,71): (Warning 252) (Hint-replay failed): could not prove post-condition (see also Slice.fst(45,24-45,72))
Slice.fst(24,34-68,40): (Warning 252) (Hint-replay failed): Subtyping check failed; expected type Prims.eqtype; got type Type0 (see also prims.fst(27,21-27,28))
Slice.fst(95,4-95,26): (Warning 252) (Hint-replay failed): assertion failed (see also FStar.Buffer.fst(434,28-434,54))
Slice.fst(105,4-105,26): (Warning 252) (Hint-replay failed): assertion failed (see also FStar.Buffer.fst(434,28-434,54))
Slice.fst(249,6-249,26): (Warning 252) (Hint-replay failed): assertion failed (see also FStar.Buffer.fst(1274,50-1274,64))
Slice.fst(257,6-257,26): (Warning 252) (Hint-replay failed): assertion failed (see also FStar.Buffer.fst(1274,50-1274,64))
Slice.fst(34,83-34,104): (Warning 252) (Hint-replay failed): Subtyping check failed; expected type j: Prims.nat{FStar.UInt32.v off <= j && j <= FStar.Seq.Base.length (Slice.as_seq h b)}; got type Prims.nat
Slice.fst(70,4-70,24): (Warning 252) (Hint-replay failed): Subtyping check failed; expected type Prims.eqtype; got type Type0 (see also prims.fst(27,21-27,28))
TestMRef.fst(8,0-8,15): (Warning 272) Top-level let-bindings must be total; this term may have effects
TestMRef.fst(8,0-8,15): (Warning 272) Top-level let-bindings must be total; this term may have effects
TestMRef.fst(8,0-8,15): (Warning 272) Top-level let-bindings must be total; this term may have effects
TestMRef.fst(8,0-8,15): (Warning 272) Top-level let-bindings must be total; this term may have effects
Ex12.MAC.fst(41,0-41,41): (Warning 272) Top-level let-bindings must be total; this term may have effects
Ex12.MAC.fst(41,0-41,41): (Warning 272) Top-level let-bindings must be total; this term may have effects
Ex12a.ACLs.fst(59,0-59,48): (Warning 272) Top-level let-bindings must be total; this term may have effects
Ex12a1.Cap.fst(23,0-23,26): (Warning 272) Top-level let-bindings must be total; this term may have effects
Ex12a1.Cap.fst(23,0-23,26): (Warning 272) Top-level let-bindings must be total; this term may have effects
Ex12a1.Cap.fst(23,0-23,26): (Warning 272) Top-level let-bindings must be total; this term may have effects
Ex12a1.Cap.fst(23,0-23,26): (Warning 272) Top-level let-bindings must be total; this term may have effects
C:/build/agent1/_work/1/s/ulib/FStar.Int.Cast.fst(0,0-0,0): (Warning 241) Stale cache file cache\Model\FStar.Int.Cast.fst.checked; will recheck C:/build/agent1/_work/1/s/ulib/FStar.Int.Cast.fst and all subsequent files
C:/build/agent1/_work/1/s/mitls-fstar/src/lowparse/LowParse.Bytes32.fst(0,0-0,0): (Warning 241) Stale cache file cache\Model\LowParse.Bytes32.fst.checked; will recheck C:/build/agent1/_work/1/s/mitls-fstar/src/lowparse/LowParse.Bytes32.fst and all subsequent files
Mac.fst(70,0-70,53): (Warning 272) Top-level let-bindings must be total; this term may have effects
Mac.fst(70,0-70,53): (Warning 272) Top-level let-bindings must be total; this term may have effects
Mac.fst(70,0-70,53): (Warning 272) Top-level let-bindings must be total; this term may have effects
Mac.fst(70,0-70,53): (Warning 272) Top-level let-bindings must be total; this term may have effects
Benton2004.RHL.fst(258,2-258,4): (Warning 252) (Hint-replay failed): could not prove post-condition (see also Benton2004.RHL.fst(254,2-257,3))
Benton2004.RHL.fst(459,4-459,19): (Warning 252) (Hint-replay failed): assertion failed (see also Benton2004.RHL.fst(443,4-443,84))
Benton2004.RHL.fst(500,63-500,152): (Warning 252) (Hint-replay failed): assertion failed
Ex12b1.Format.fst(97,4-97,18): (Warning 240) Admitting Ex12b1.Format.resp_injective without a definition
Ex12b1.Format.fst(91,4-91,17): (Warning 240) Admitting Ex12b1.Format.req_injective without a definition
Ex12b1.Format.fst(85,4-85,21): (Warning 240) Admitting Ex12b1.Format.req_resp_distinct without a definition
Evens.fst(11,29-11,38): (Warning 238) Plugin Evens.nat2unary will not run natively because Embedding not defined for type Evens.unary_nat.

C:/build/agent1/_work/1/s/ulib/FStar.Buffer.fst(0,0-0,0): (Warning 241) Stale cache file cache\Model\FStar.Buffer.fst.checked; will recheck C:/build/agent1/_work/1/s/ulib/FStar.Buffer.fst and all subsequent files
Demo.fst(30,28-30,31): (Warning 252) (Hint-replay failed): Subtyping check failed; expected type n: FStar.UInt32.t{FStar.UInt32.v n < FStar.Buffer.length src}; got type FStar.UInt32.t (see also FStar.Buffer.fst(944,47-944,61))
Demo.fst(46,25-46,28): (Warning 252) (Hint-replay failed): Subtyping check failed; expected type n: FStar.UInt32.t{FStar.UInt32.v n < FStar.Buffer.length src}; got type cur: Demo.Deps.uint32{cur <= len} (see also FStar.Buffer.fst(944,47-944,61))
Demo.fst(88,25-88,28): (Warning 252) (Hint-replay failed): Subtyping check failed; expected type n: FStar.UInt32.t{FStar.UInt32.v n < FStar.Buffer.length src}; got type cur: Demo.Deps.uint32{cur <= len} (see also FStar.Buffer.fst(944,47-944,61))
Embeddings.fst(34,36-34,45): (Warning 238) Plugin Embeddings.norm_step_tac will not run natively because Embedding not defined for type FStar.Pervasives.Native.norm_step.

Ex12f.TMAC.fst(26,4-26,10): (Warning 240) Admitting Ex12f.TMAC.verify without a definition
Ex12f.TMAC.fst(25,4-25,7): (Warning 240) Admitting Ex12f.TMAC.mac without a definition
Ex12f.TMAC.fst(24,4-24,10): (Warning 240) Admitting Ex12f.TMAC.keygen without a definition
Plugins.fst(33,35-33,44): (Warning 238) Plugin Plugins.norm_step_plugin will not run natively because Embedding not defined for type FStar.Pervasives.Native.norm_step.

C:/build/agent1/_work/1/s/ulib/FStar.Int.Cast.Full.fst(0,0-0,0): (Warning 241) Stale cache file cache\Model\FStar.Int.Cast.Full.fst.checked; will recheck C:/build/agent1/_work/1/s/ulib/FStar.Int.Cast.Full.fst and all subsequent files
Ex12g.TMAC2.fst(30,4-30,10): (Warning 240) Admitting Ex12g.TMAC2.verify without a definition
Ex12g.TMAC2.fst(29,4-29,7): (Warning 240) Admitting Ex12g.TMAC2.mac without a definition
StlcCbvDbParSubst.fst(197,19-197,25): (Warning 252) (Hint-replay failed): assertion failed (see also StlcCbvDbParSubst.fst(197,25-197,68))
C:/build/agent1/_work/1/s/hacl-star/code/lib/FStar.Endianness.fst(0,0-0,0): (Warning 241) Stale cache file cache\Model\FStar.Endianness.fst.checked; will recheck C:/build/agent1/_work/1/s/hacl-star/code/lib/FStar.Endianness.fst and all subsequent files
C:/build/agent1/_work/1/s/mitls-fstar/src/lowparse/LowParse.SLow.Base.fst(0,0-0,0): (Warning 241) Stale cache file cache\Model\LowParse.SLow.Base.fst.checked; will recheck C:/build/agent1/_work/1/s/mitls-fstar/src/lowparse/LowParse.SLow.Base.fst and all subsequent files
X64.Vale.StateLemmas_i.fst(38,2-38,8): (Warning 252) (Hint-replay failed): assertion failed (see also X64.Vale.StateLemmas_i.fst(38,9-38,49))
Ex12e.Pad.fst(23,2-23,26): (Warning 252) (Hint-replay failed): Subtyping check failed; expected type Ex12e.Pad.nbytes n; got type FStar.Seq.Base.seq FStar.UInt8.byte (see also Ex12e.Pad.fst(14,30-14,43))
Ex12e.Pad.fst(28,29-28,51): (Warning 252) (Hint-replay failed): Subtyping check failed; expected type n: Prims.nat{1 <= n /\ n <= Ex12e.Pad.blocksize}; got type Prims.int (see also Ex12e.Pad.fst(20,27-20,41))
Ex12e.Pad.fst(23,2-23,26): (Warning 252) (Hint-replay failed): Subtyping check failed; expected type Ex12e.Pad.nbytes n; got type FStar.Seq.Base.seq FStar.UInt8.byte (see also Ex12e.Pad.fst(14,30-14,43))
Ex12e.Pad.fst(28,29-28,51): (Warning 252) (Hint-replay failed): Subtyping check failed; expected type n: Prims.nat{1 <= n /\ n <= Ex12e.Pad.blocksize}; got type Prims.int (see also Ex12e.Pad.fst(20,27-20,41))
Test.HyperStack.fst(253,27-253,36): (Warning 288) FStar.HyperStack.ST.salloc_mm is deprecated, use use salloc instead instead
Test.HyperStack.fst(262,10-262,15): (Warning 288) FStar.HyperStack.ST.sfree is deprecated, use use salloc instead instead
Test.HyperStack.fst(272,27-272,36): (Warning 288) FStar.HyperStack.ST.salloc_mm is deprecated, use use salloc instead instead
Ex12.MAC.fst(60,0-63,4): (Warning 272) Top-level let-bindings must be total; this term may have effects
Ex12.MAC.fst(60,0-63,4): (Warning 272) Top-level let-bindings must be total; this term may have effects
Ex12.MAC.fst(199,0-199,33): (Warning 272) Top-level let-bindings must be total; this term may have effects
Ex12.MAC.fst(199,0-199,33): (Warning 272) Top-level let-bindings must be total; this term may have effects
Ex12.MAC.fst(221,12-221,14): (Warning 252) (Hint-replay failed): assertion failed (see also C:\build\agent1\_work\1\s\ulib\FStar.ST.fst(122,14-122,29))
Ex12.MAC.fst(60,0-63,4): (Warning 272) Top-level let-bindings must be total; this term may have effects
Ex12.MAC.fst(60,0-63,4): (Warning 272) Top-level let-bindings must be total; this term may have effects
Ex12.MAC.fst(199,0-199,33): (Warning 272) Top-level let-bindings must be total; this term may have effects
Ex12.MAC.fst(199,0-199,33): (Warning 272) Top-level let-bindings must be total; this term may have effects
Ex12.MAC.fst(60,0-63,4): (Warning 272) Top-level let-bindings must be total; this term may have effects
Ex12.MAC.fst(199,0-199,33): (Warning 272) Top-level let-bindings must be total; this term may have effects
Ex12.MAC.fst(60,0-63,4): (Warning 272) Top-level let-bindings must be total; this term may have effects
Ex12.MAC.fst(199,0-199,33): (Warning 272) Top-level let-bindings must be total; this term may have effects
Ex12a.ACLs.fst(59,0-59,48): (Warning 272) Top-level let-bindings must be total; this term may have effects
Ex12a1.Cap.fst(21,0-21,26): (Warning 272) Top-level let-bindings must be total; this term may have effects
Ex12a1.Cap.fst(21,0-21,26): (Warning 272) Top-level let-bindings must be total; this term may have effects
Ex12a1.Cap.fst(21,0-21,26): (Warning 272) Top-level let-bindings must be total; this term may have effects
Ex12a1.Cap.fst(21,0-21,26): (Warning 272) Top-level let-bindings must be total; this term may have effects
FStar.Tactics.Effect.fst(87,47-87,53): (Warning 296) Tactics admitted goal <(_:
Prims.squash (CanonDeep.x * (CanonDeep.y * CanonDeep.z) == CanonDeep.x * (CanonDeep.y * CanonDeep.z)
)), (_:
Prims.squash ((CanonDeep.x * CanonDeep.y) * CanonDeep.z == (CanonDeep.x * CanonDeep.y) * CanonDeep.z
)) |- _ : Prims.squash (CanonDeep.x * (CanonDeep.y * CanonDeep.z) == (CanonDeep.x * CanonDeep.y) * CanonDeep.z
)>

(see also FStar.Tactics.Effect.fst(87,46-87,56))
CanonDeep.fst(190,12-190,28): (Warning 296) Tactics admitted goal <(_:
Prims.squash (CanonDeep.x * (CanonDeep.y * CanonDeep.z) == CanonDeep.x * (CanonDeep.y * CanonDeep.z)
)) |- _ : Prims.squash ((CanonDeep.x * CanonDeep.y) * CanonDeep.z == (CanonDeep.x * CanonDeep.y) * CanonDeep.z
)>

(see also CanonDeep.fst(190,45-190,56))
CanonDeep.fst(190,12-190,28): (Warning 296) Tactics admitted goal < |- _ : Prims.squash (CanonDeep.x * (CanonDeep.y * CanonDeep.z) == CanonDeep.x * (CanonDeep.y * CanonDeep.z)
)>

(see also CanonDeep.fst(190,30-190,41))
WPExtensionality.fst(103,3-103,34): (Warning 252) assertion failed (see also prims.fst(215,68-215,80))
WPExtensionality.fst(103,3-103,34): (Warning 252) assertion failed (see also prims.fst(215,68-215,80))
WPExtensionality.fst(103,3-103,34): (Warning 252) assertion failed (see also prims.fst(215,68-215,80))
WPExtensionality.fst(103,3-103,34): (Warning 252) assertion failed (see also prims.fst(215,68-215,80))
NegativeTests.BST.fst(22,38-22,42): (Warning 252) Subtyping check failed; expected type right:
FStar.Pervasives.Native.option (NegativeTests.BST.tree 2)
{ 0 <= 1 /\ 1 <= 2 /\ None? right <==> (1 = 2) /\
None? (FStar.Pervasives.Native.None) <==> (1 = 0) }; got type FStar.Pervasives.Native.option (NegativeTests.BST.tree 2) (see also NegativeTests.BST.fst(12,37-12,48))
NegativeTests.BST.fst(22,38-22,42): (Warning 252) Subtyping check failed; expected type right:
FStar.Pervasives.Native.option (NegativeTests.BST.tree 2)
{ 0 <= 1 /\ 1 <= 2 /\ None? right <==> (1 = 2) /\
None? (FStar.Pervasives.Native.None) <==> (1 = 0) }; got type FStar.Pervasives.Native.option (NegativeTests.BST.tree 2) (see also NegativeTests.BST.fst(12,37-12,48))
NegativeTests.BST.fst(22,38-22,42): (Warning 252) Subtyping check failed; expected type right:
FStar.Pervasives.Native.option (NegativeTests.BST.tree 2)
{ 0 <= 1 /\ 1 <= 2 /\ None? right <==> (1 = 2) /\
None? (FStar.Pervasives.Native.None) <==> (1 = 0) }; got type FStar.Pervasives.Native.option (NegativeTests.BST.tree 2) (see also NegativeTests.BST.fst(12,37-12,48))
NegativeTests.BST.fst(22,38-22,42): (Warning 252) Subtyping check failed; expected type right:
FStar.Pervasives.Native.option (NegativeTests.BST.tree 2)
{ 0 <= 1 /\ 1 <= 2 /\ None? right <==> (1 = 2) /\
None? (FStar.Pervasives.Native.None) <==> (1 = 0) }; got type FStar.Pervasives.Native.option (NegativeTests.BST.tree 2) (see also NegativeTests.BST.fst(12,37-12,48))
NegativeTests.BST.fst(25,61-25,65): (Warning 252) Subtyping check failed; expected type right:
FStar.Pervasives.Native.option (NegativeTests.BST.tree (l + 1))
{ l <= l /\ l <= l + 1 /\ None? right <==> (l = l + 1) /\
None? (FStar.Pervasives.Native.Some t) <==> (l = l) }; got type FStar.Pervasives.Native.option (NegativeTests.BST.tree (l + 1)) (see also NegativeTests.BST.fst(12,36-12,58))
NegativeTests.BST.fst(25,61-25,65): (Warning 252) Subtyping check failed; expected type right:
FStar.Pervasives.Native.option (NegativeTests.BST.tree (l + 1))
{ l <= l /\ l <= l + 1 /\ None? right <==> (l = l + 1) /\
None? (FStar.Pervasives.Native.Some t) <==> (l = l) }; got type FStar.Pervasives.Native.option (NegativeTests.BST.tree (l + 1)) (see also NegativeTests.BST.fst(12,36-12,58))
NegativeTests.BST.fst(25,61-25,65): (Warning 252) Subtyping check failed; expected type right:
FStar.Pervasives.Native.option (NegativeTests.BST.tree (l + 1))
{ l <= l /\ l <= l + 1 /\ None? right <==> (l = l + 1) /\
None? (FStar.Pervasives.Native.Some t) <==> (l = l) }; got type FStar.Pervasives.Native.option (NegativeTests.BST.tree (l + 1)) (see also NegativeTests.BST.fst(12,36-12,58))
NegativeTests.BST.fst(25,61-25,65): (Warning 252) Subtyping check failed; expected type right:
FStar.Pervasives.Native.option (NegativeTests.BST.tree (l + 1))
{ l <= l /\ l <= l + 1 /\ None? right <==> (l = l + 1) /\
None? (FStar.Pervasives.Native.Some t) <==> (l = l) }; got type FStar.Pervasives.Native.option (NegativeTests.BST.tree (l + 1)) (see also NegativeTests.BST.fst(12,36-12,58))
NegativeTests.BST.fst(28,78-28,87): (Warning 252) Subtyping check failed; expected type right:
FStar.Pervasives.Native.option (NegativeTests.BST.tree (l + 1))
{ l <= l + 1 /\ l + 1 <= l + 1 /\ None? right <==> (l + 1 = l + 1) /\
None? (FStar.Pervasives.Native.Some t1) <==> (l + 1 = l) }; got type FStar.Pervasives.Native.option (NegativeTests.BST.tree (l + 1)) (see also NegativeTests.BST.fst(12,37-12,48))
NegativeTests.BST.fst(28,78-28,87): (Warning 252) Subtyping check failed; expected type right:
FStar.Pervasives.Native.option (NegativeTests.BST.tree (l + 1))
{ l <= l + 1 /\ l + 1 <= l + 1 /\ None? right <==> (l + 1 = l + 1) /\
None? (FStar.Pervasives.Native.Some t1) <==> (l + 1 = l) }; got type FStar.Pervasives.Native.option (NegativeTests.BST.tree (l + 1)) (see also NegativeTests.BST.fst(12,37-12,48))
NegativeTests.BST.fst(28,78-28,87): (Warning 252) Subtyping check failed; expected type right:
FStar.Pervasives.Native.option (NegativeTests.BST.tree (l + 1))
{ l <= l + 1 /\ l + 1 <= l + 1 /\ None? right <==> (l + 1 = l + 1) /\
None? (FStar.Pervasives.Native.Some t1) <==> (l + 1 = l) }; got type FStar.Pervasives.Native.option (NegativeTests.BST.tree (l + 1)) (see also NegativeTests.BST.fst(12,37-12,48))
NegativeTests.BST.fst(28,78-28,87): (Warning 252) Subtyping check failed; expected type right:
FStar.Pervasives.Native.option (NegativeTests.BST.tree (l + 1))
{ l <= l + 1 /\ l + 1 <= l + 1 /\ None? right <==> (l + 1 = l + 1) /\
None? (FStar.Pervasives.Native.Some t1) <==> (l + 1 = l) }; got type FStar.Pervasives.Native.option (NegativeTests.BST.tree (l + 1)) (see also NegativeTests.BST.fst(12,37-12,48))
C:/build/agent1/_work/1/s/kremlin/kremlib/C.Loops.fst(0,0-0,0): (Warning 241) Stale cache file cache\Model\C.Loops.fst.checked; will recheck C:/build/agent1/_work/1/s/kremlin/kremlib/C.Loops.fst and all subsequent files
EtM.CPA.fst(47,34-47,41): (Warning 252) (Hint-replay failed): Subtyping check failed; expected type EtM.CPA.cipher; got type Platform.Bytes.bytes (see also EtM.CPA.fst(29,22-29,42))
EtM.CPA.fst(216,18-216,19): (Warning 252) (Hint-replay failed): Subtyping check failed; expected type EtM.CPA.cipher; got type Platform.Bytes.bytes (see also EtM.CPA.fst(29,22-29,42))
Ex12.MAC.fst(60,0-63,4): (Warning 272) Top-level let-bindings must be total; this term may have effects
Ex12.MAC.fst(199,0-199,33): (Warning 272) Top-level let-bindings must be total; this term may have effects
Ex12.MAC.fst(60,0-63,4): (Warning 272) Top-level let-bindings must be total; this term may have effects
Ex12.MAC.fst(199,0-199,33): (Warning 272) Top-level let-bindings must be total; this term may have effects
Ex12a.ACLs.fst(59,0-59,48): (Warning 272) Top-level let-bindings must be total; this term may have effects
Ex12a2.Cap.fst(21,0-21,31): (Warning 272) Top-level let-bindings must be total; this term may have effects
Ex12a2.Cap.fst(21,0-21,31): (Warning 272) Top-level let-bindings must be total; this term may have effects
Ex12a2.Cap.fst(43,0-43,33): (Warning 272) Top-level let-bindings must be total; this term may have effects
Ex12a2.Cap.fst(43,0-43,33): (Warning 272) Top-level let-bindings must be total; this term may have effects
Ex12a2.Cap.fst(21,0-21,31): (Warning 272) Top-level let-bindings must be total; this term may have effects
Ex12a2.Cap.fst(21,0-21,31): (Warning 272) Top-level let-bindings must be total; this term may have effects
Ex12a2.Cap.fst(43,0-43,33): (Warning 272) Top-level let-bindings must be total; this term may have effects
Ex12a2.Cap.fst(43,0-43,33): (Warning 272) Top-level let-bindings must be total; this term may have effects
NegativeTests.Heap.fst(11,14-11,20): (Warning 252) assertion failed (see also NegativeTests.Heap.fst(11,21-11,54))
NegativeTests.Heap.fst(11,14-11,20): (Warning 252) assertion failed (see also NegativeTests.Heap.fst(11,21-11,54))
NegativeTests.Heap.fst(11,14-11,20): (Warning 252) assertion failed (see also NegativeTests.Heap.fst(11,21-11,54))
NegativeTests.Heap.fst(11,14-11,20): (Warning 252) assertion failed (see also NegativeTests.Heap.fst(11,21-11,54))
Ex12b1.Format.fst(95,4-95,18): (Warning 240) Admitting Ex12b1.Format.resp_injective without a definition
Ex12b1.Format.fst(89,4-89,17): (Warning 240) Admitting Ex12b1.Format.req_injective without a definition
Ex12b1.Format.fst(83,4-83,21): (Warning 240) Admitting Ex12b1.Format.req_resp_distinct without a definition
NegativeTests.ShortCircuiting.fst(6,16-6,33): (Warning 252) Subtyping check failed; expected type b: Prims.bool{NegativeTests.ShortCircuiting.bad_p b}; got type Prims.bool (see also NegativeTests.ShortCircuiting.fst(4,31-4,38))
NegativeTests.ShortCircuiting.fst(6,16-6,33): (Warning 252) Subtyping check failed; expected type b: Prims.bool{NegativeTests.ShortCircuiting.bad_p b}; got type Prims.bool (see also NegativeTests.ShortCircuiting.fst(4,31-4,38))
NegativeTests.ShortCircuiting.fst(6,16-6,33): (Warning 252) Subtyping check failed; expected type b: Prims.bool{NegativeTests.ShortCircuiting.bad_p b}; got type Prims.bool (see also NegativeTests.ShortCircuiting.fst(4,31-4,38))
NegativeTests.ShortCircuiting.fst(6,16-6,33): (Warning 252) Subtyping check failed; expected type b: Prims.bool{NegativeTests.ShortCircuiting.bad_p b}; got type Prims.bool (see also NegativeTests.ShortCircuiting.fst(4,31-4,38))
prims.fst(243,30-243,42): (Warning 252) assertion failed (see also prims.fst(215,68-215,80))
prims.fst(243,30-243,42): (Warning 252) assertion failed (see also prims.fst(215,68-215,80))
prims.fst(243,30-243,42): (Warning 252) assertion failed (see also prims.fst(215,68-215,80))
prims.fst(243,30-243,42): (Warning 252) assertion failed (see also prims.fst(215,68-215,80))
Protocol.fst(23,0-23,9): (Warning 239) Adding an implicit 'assume new' qualifier on byte
Protocol.fst(341,4-341,25): (Warning 252) (Hint-replay failed): could not prove post-condition (see also Protocol.fst(340,7-340,35))
NegativeTests.Bug260.fst(11,12-11,19): (Warning 252) Subtyping check failed; expected type NegativeTests.Bug260.validity (NegativeTests.Bug260.S (NegativeTests.Bug260.S t)); got type NegativeTests.Bug260.validity (NegativeTests.Bug260.S t) (see also NegativeTests.Bug260.fst(8,37-11,9))
NegativeTests.Bug260.fst(11,12-11,19): (Warning 252) Subtyping check failed; expected type NegativeTests.Bug260.validity (NegativeTests.Bug260.S (NegativeTests.Bug260.S t)); got type NegativeTests.Bug260.validity (NegativeTests.Bug260.S t) (see also NegativeTests.Bug260.fst(8,37-11,9))
NegativeTests.Bug260.fst(11,12-11,19): (Warning 252) Subtyping check failed; expected type NegativeTests.Bug260.validity (NegativeTests.Bug260.S (NegativeTests.Bug260.S t)); got type NegativeTests.Bug260.validity (NegativeTests.Bug260.S t) (see also NegativeTests.Bug260.fst(8,37-11,9))
NegativeTests.Bug260.fst(11,12-11,19): (Warning 252) Subtyping check failed; expected type NegativeTests.Bug260.validity (NegativeTests.Bug260.S (NegativeTests.Bug260.S t)); got type NegativeTests.Bug260.validity (NegativeTests.Bug260.S t) (see also NegativeTests.Bug260.fst(8,37-11,9))
NegativeTests.Neg.fst(5,8-5,10): (Warning 252) Subtyping check failed; expected type Prims.nat; got type Prims.int (see also prims.fst(408,17-408,23))
NegativeTests.Neg.fst(5,8-5,10): (Warning 252) Subtyping check failed; expected type Prims.nat; got type Prims.int (see also prims.fst(408,17-408,23))
NegativeTests.Neg.fst(5,8-5,10): (Warning 252) Subtyping check failed; expected type Prims.nat; got type Prims.int (see also prims.fst(408,17-408,23))
NegativeTests.Neg.fst(5,8-5,10): (Warning 252) Subtyping check failed; expected type Prims.nat; got type Prims.int (see also prims.fst(408,17-408,23))
NegativeTests.Neg.fst(8,8-8,10): (Warning 252) Subtyping check failed; expected type Prims.nat; got type Prims.int (see also prims.fst(408,17-408,23))
NegativeTests.Neg.fst(8,8-8,10): (Warning 252) Subtyping check failed; expected type Prims.nat; got type Prims.int (see also prims.fst(408,17-408,23))
NegativeTests.Neg.fst(8,8-8,10): (Warning 252) Subtyping check failed; expected type Prims.nat; got type Prims.int (see also prims.fst(408,17-408,23))
NegativeTests.Neg.fst(8,8-8,10): (Warning 252) Subtyping check failed; expected type Prims.nat; got type Prims.int (see also prims.fst(408,17-408,23))
NegativeTests.Neg.fst(11,23-11,29): (Warning 252) assertion failed (see also NegativeTests.Neg.fst(11,30-11,35))
NegativeTests.Neg.fst(11,23-11,29): (Warning 252) assertion failed (see also NegativeTests.Neg.fst(11,30-11,35))
NegativeTests.Neg.fst(11,23-11,29): (Warning 252) assertion failed (see also NegativeTests.Neg.fst(11,30-11,35))
NegativeTests.Neg.fst(11,23-11,29): (Warning 252) assertion failed (see also NegativeTests.Neg.fst(11,30-11,35))
NegativeTests.Neg.fst(14,28-15,15): (Warning 252) Patterns are incomplete
NegativeTests.Neg.fst(14,28-15,15): (Warning 252) Patterns are incomplete
NegativeTests.Neg.fst(14,28-15,15): (Warning 252) Patterns are incomplete
NegativeTests.Neg.fst(14,28-15,15): (Warning 252) Patterns are incomplete
NegativeTests.Neg.fst(22,32-22,42): (Warning 252) assertion failed (see also NegativeTests.Neg.fst(17,44-17,57))
NegativeTests.Neg.fst(22,32-22,42): (Warning 252) assertion failed (see also NegativeTests.Neg.fst(17,44-17,57))
NegativeTests.Neg.fst(22,32-22,42): (Warning 252) assertion failed (see also NegativeTests.Neg.fst(17,44-17,57))
NegativeTests.Neg.fst(22,32-22,42): (Warning 252) assertion failed (see also NegativeTests.Neg.fst(17,44-17,57))
NegativeTests.Neg.fst(26,33-26,34): (Warning 252) could not prove post-condition (see also NegativeTests.Neg.fst(24,83-24,88))
NegativeTests.Neg.fst(26,33-26,34): (Warning 252) could not prove post-condition (see also NegativeTests.Neg.fst(24,83-24,88))
NegativeTests.Neg.fst(26,33-26,34): (Warning 252) could not prove post-condition (see also NegativeTests.Neg.fst(24,83-24,88))
NegativeTests.Neg.fst(26,33-26,34): (Warning 252) could not prove post-condition (see also NegativeTests.Neg.fst(24,83-24,88))
NegativeTests.Neg.fst(30,30-30,31): (Warning 252) Subtyping check failed; expected type _: FStar.Pervasives.Native.option 'a {Some? _}; got type FStar.Pervasives.Native.option 'a (see also FStar.Pervasives.Native.fst(6,4-6,8))
NegativeTests.Neg.fst(30,30-30,31): (Warning 252) Subtyping check failed; expected type _: FStar.Pervasives.Native.option 'a {Some? _}; got type FStar.Pervasives.Native.option 'a (see also FStar.Pervasives.Native.fst(6,4-6,8))
NegativeTests.Neg.fst(30,30-30,31): (Warning 252) Subtyping check failed; expected type _: FStar.Pervasives.Native.option 'a {Some? _}; got type FStar.Pervasives.Native.option 'a (see also FStar.Pervasives.Native.fst(6,4-6,8))
NegativeTests.Neg.fst(30,30-30,31): (Warning 252) Subtyping check failed; expected type _: FStar.Pervasives.Native.option 'a {Some? _}; got type FStar.Pervasives.Native.option 'a (see also FStar.Pervasives.Native.fst(6,4-6,8))
NegativeTests.Neg.fst(34,45-34,47): (Warning 252) Subtyping check failed; expected type _: FStar.Pervasives.result Prims.int {V? _}; got type FStar.Pervasives.result Prims.int (see also FStar.Pervasives.fst(88,4-88,5))
NegativeTests.Neg.fst(34,45-34,47): (Warning 252) Subtyping check failed; expected type _: FStar.Pervasives.result Prims.int {V? _}; got type FStar.Pervasives.result Prims.int (see also FStar.Pervasives.fst(88,4-88,5))
NegativeTests.Neg.fst(34,45-34,47): (Warning 252) Subtyping check failed; expected type _: FStar.Pervasives.result Prims.int {V? _}; got type FStar.Pervasives.result Prims.int (see also FStar.Pervasives.fst(88,4-88,5))
NegativeTests.Neg.fst(34,45-34,47): (Warning 252) Subtyping check failed; expected type _: FStar.Pervasives.result Prims.int {V? _}; got type FStar.Pervasives.result Prims.int (see also FStar.Pervasives.fst(88,4-88,5))
NegativeTests.Neg.fst(39,25-39,26): (Warning 252) Subtyping check failed; expected type Prims.nat; got type Prims.int (see also prims.fst(408,17-408,23))
NegativeTests.Neg.fst(39,25-39,26): (Warning 252) Subtyping check failed; expected type Prims.nat; got type Prims.int (see also prims.fst(408,17-408,23))
NegativeTests.Neg.fst(39,25-39,26): (Warning 252) Subtyping check failed; expected type Prims.nat; got type Prims.int (see also prims.fst(408,17-408,23))
NegativeTests.Neg.fst(39,25-39,26): (Warning 252) Subtyping check failed; expected type Prims.nat; got type Prims.int (see also prims.fst(408,17-408,23))
Ex12b2.Format.fst(118,2-119,44): (Warning 252) (Hint-replay failed): could not prove post-condition (see also Ex12b2.Format.fst(104,19-104,25))
Ex12.MAC.fst(60,0-63,4): (Warning 272) Top-level let-bindings must be total; this term may have effects
Ex12.MAC.fst(199,0-199,33): (Warning 272) Top-level let-bindings must be total; this term may have effects
Ex12.MAC.fst(60,0-63,4): (Warning 272) Top-level let-bindings must be total; this term may have effects
Ex12.MAC.fst(199,0-199,33): (Warning 272) Top-level let-bindings must be total; this term may have effects
Ex12b.RPC.fst(15,0-15,53): (Warning 272) Top-level let-bindings must be total; this term may have effects
Ex12b.RPC.fst(15,0-15,53): (Warning 272) Top-level let-bindings must be total; this term may have effects
Ex12b.RPC.fst(27,0-27,36): (Warning 272) Top-level let-bindings must be total; this term may have effects
Ex12b.RPC.fst(27,0-27,36): (Warning 272) Top-level let-bindings must be total; this term may have effects
Ex12b.RPC.fst(56,8-56,57): (Warning 272) Top-level let-bindings must be total; this term may have effects
Ex12b.RPC.fst(56,8-56,57): (Warning 272) Top-level let-bindings must be total; this term may have effects
Ex12b.RPC.fst(85,0-86,16): (Warning 272) Top-level let-bindings must be total; this term may have effects
Ex12b.RPC.fst(85,0-86,16): (Warning 272) Top-level let-bindings must be total; this term may have effects
Ex12b.RPC.fst(166,0-166,17): (Warning 272) Top-level let-bindings must be total; this term may have effects
Ex12b.RPC.fst(166,0-166,17): (Warning 272) Top-level let-bindings must be total; this term may have effects
Ex12b.RPC.fst(27,0-27,36): (Warning 272) Top-level let-bindings must be total; this term may have effects
Ex12b.RPC.fst(27,0-27,36): (Warning 272) Top-level let-bindings must be total; this term may have effects
Ex12b.RPC.fst(56,8-56,57): (Warning 272) Top-level let-bindings must be total; this term may have effects
Ex12b.RPC.fst(56,8-56,57): (Warning 272) Top-level let-bindings must be total; this term may have effects
Ex12b.RPC.fst(85,0-86,16): (Warning 272) Top-level let-bindings must be total; this term may have effects
Ex12b.RPC.fst(85,0-86,16): (Warning 272) Top-level let-bindings must be total; this term may have effects
Ex12d.Pad.fst(25,2-25,26): (Warning 252) (Hint-replay failed): Subtyping check failed; expected type Ex12d.Pad.nbytes n; got type FStar.Seq.Base.seq FStar.UInt8.byte (see also Ex12d.Pad.fst(14,30-14,43))
Ex12d.Pad.fst(32,29-32,51): (Warning 252) (Hint-replay failed): Subtyping check failed; expected type n: Prims.nat{1 <= n /\ n <= Ex12d.Pad.blocksize}; got type Prims.int (see also Ex12d.Pad.fst(21,27-21,41))
Ex12d.Pad.fst(25,2-25,26): (Warning 252) (Hint-replay failed): Subtyping check failed; expected type Ex12d.Pad.nbytes n; got type FStar.Seq.Base.seq FStar.UInt8.byte (see also Ex12d.Pad.fst(14,30-14,43))
Ex12d.Pad.fst(32,29-32,51): (Warning 252) (Hint-replay failed): Subtyping check failed; expected type n: Prims.nat{1 <= n /\ n <= Ex12d.Pad.blocksize}; got type Prims.int (see also Ex12d.Pad.fst(21,27-21,41))
HyE.AE.fst(73,24-73,25): (Warning 252) (Hint-replay failed): Subtyping check failed; expected type HyE.AE.cipher; got type Platform.Bytes.bytes (see also HyE.AE.fst(21,22-21,42))
NegativeTests.Termination.fst(6,26-6,27): (Warning 252) Subtyping check failed; expected type m: Prims.int{m << %[ m; l ]}; got type Prims.int (see also NegativeTests.Termination.fst(6,20-6,29))
NegativeTests.Termination.fst(6,26-6,27): (Warning 252) Subtyping check failed; expected type m: Prims.int{m << %[ m; l ]}; got type Prims.int (see also NegativeTests.Termination.fst(6,20-6,29))
NegativeTests.Termination.fst(6,26-6,27): (Warning 252) Subtyping check failed; expected type m: Prims.int{m << %[ m; l ]}; got type Prims.int (see also NegativeTests.Termination.fst(6,20-6,29))
NegativeTests.Termination.fst(6,26-6,27): (Warning 252) Subtyping check failed; expected type m: Prims.int{m << %[ m; l ]}; got type Prims.int (see also NegativeTests.Termination.fst(6,20-6,29))
NegativeTests.Termination.fst(13,26-13,35): (Warning 252) Subtyping check failed; expected type _: Prims.int{%[ n; _ ] << %[ n; count ]}; got type Prims.int (see also NegativeTests.Termination.fst(11,2-13,35))
NegativeTests.Termination.fst(13,26-13,35): (Warning 252) Subtyping check failed; expected type _: Prims.int{%[ n; _ ] << %[ n; count ]}; got type Prims.int (see also NegativeTests.Termination.fst(11,2-13,35))
NegativeTests.Termination.fst(13,26-13,35): (Warning 252) Subtyping check failed; expected type _: Prims.int{%[ n; _ ] << %[ n; count ]}; got type Prims.int (see also NegativeTests.Termination.fst(11,2-13,35))
NegativeTests.Termination.fst(13,26-13,35): (Warning 252) Subtyping check failed; expected type _: Prims.int{%[ n; _ ] << %[ n; count ]}; got type Prims.int (see also NegativeTests.Termination.fst(11,2-13,35))
NegativeTests.Termination.fst(20,43-20,44): (Warning 252) Subtyping check failed; expected type n: Prims.int{%[ m - 1; n ] << %[ m; n ]}; got type Prims.int (see also NegativeTests.Termination.fst(19,2-21,54))
NegativeTests.Termination.fst(20,43-20,44): (Warning 252) Subtyping check failed; expected type n: Prims.int{%[ m - 1; n ] << %[ m; n ]}; got type Prims.int (see also NegativeTests.Termination.fst(19,2-21,54))
NegativeTests.Termination.fst(20,43-20,44): (Warning 252) Subtyping check failed; expected type n: Prims.int{%[ m - 1; n ] << %[ m; n ]}; got type Prims.int (see also NegativeTests.Termination.fst(19,2-21,54))
NegativeTests.Termination.fst(20,43-20,44): (Warning 252) Subtyping check failed; expected type n: Prims.int{%[ m - 1; n ] << %[ m; n ]}; got type Prims.int (see also NegativeTests.Termination.fst(19,2-21,54))
NegativeTests.Termination.fst(27,28-27,29): (Warning 252) Subtyping check failed; expected type _: Prims.list 'a {_ << l}; got type Prims.list 'a (see also NegativeTests.Termination.fst(25,23-27,29))
NegativeTests.Termination.fst(27,28-27,29): (Warning 252) Subtyping check failed; expected type _: Prims.list 'a {_ << l}; got type Prims.list 'a (see also NegativeTests.Termination.fst(25,23-27,29))
NegativeTests.Termination.fst(27,28-27,29): (Warning 252) Subtyping check failed; expected type _: Prims.list 'a {_ << l}; got type Prims.list 'a (see also NegativeTests.Termination.fst(25,23-27,29))
NegativeTests.Termination.fst(27,28-27,29): (Warning 252) Subtyping check failed; expected type _: Prims.list 'a {_ << l}; got type Prims.list 'a (see also NegativeTests.Termination.fst(25,23-27,29))
NegativeTests.Termination.fst(40,15-40,29): (Warning 252) Subtyping check failed; expected type x: Prims.nat{x <= v} -> Prims.Tot Prims.nat; got type _: _: Prims.nat{_ << v} -> Prims.Tot Prims.nat (see also NegativeTests.Termination.fst(38,2-40,29))
NegativeTests.Termination.fst(40,15-40,29): (Warning 252) Subtyping check failed; expected type x: Prims.nat{x <= v} -> Prims.Tot Prims.nat; got type _: _: Prims.nat{_ << v} -> Prims.Tot Prims.nat (see also NegativeTests.Termination.fst(38,2-40,29))
NegativeTests.Termination.fst(40,15-40,29): (Warning 252) Subtyping check failed; expected type x: Prims.nat{x <= v} -> Prims.Tot Prims.nat; got type _: _: Prims.nat{_ << v} -> Prims.Tot Prims.nat (see also NegativeTests.Termination.fst(38,2-40,29))
NegativeTests.Termination.fst(40,15-40,29): (Warning 252) Subtyping check failed; expected type x: Prims.nat{x <= v} -> Prims.Tot Prims.nat; got type _: _: Prims.nat{_ << v} -> Prims.Tot Prims.nat (see also NegativeTests.Termination.fst(38,2-40,29))
NegativeTests.Termination.fst(52,19-52,29): (Warning 252) Subtyping check failed; expected type _: NegativeTests.Termination.snat{_ << n}; got type NegativeTests.Termination.snat (see also NegativeTests.Termination.fst(49,2-52,29))
NegativeTests.Termination.fst(52,19-52,29): (Warning 252) Subtyping check failed; expected type _: NegativeTests.Termination.snat{_ << n}; got type NegativeTests.Termination.snat (see also NegativeTests.Termination.fst(49,2-52,29))
NegativeTests.Termination.fst(52,19-52,29): (Warning 252) Subtyping check failed; expected type _: NegativeTests.Termination.snat{_ << n}; got type NegativeTests.Termination.snat (see also NegativeTests.Termination.fst(49,2-52,29))
NegativeTests.Termination.fst(52,19-52,29): (Warning 252) Subtyping check failed; expected type _: NegativeTests.Termination.snat{_ << n}; got type NegativeTests.Termination.snat (see also NegativeTests.Termination.fst(49,2-52,29))
NegativeTests.Termination.fst(60,34-60,35): (Warning 252) Subtyping check failed; expected type _:
NegativeTests.Termination.snat
{%[ NegativeTests.Termination.S (NegativeTests.Termination.S n'); _ ] << %[ n; m ]}; got type NegativeTests.Termination.snat (see also NegativeTests.Termination.fst(57,2-60,35))
NegativeTests.Termination.fst(60,34-60,35): (Warning 252) Subtyping check failed; expected type _:
NegativeTests.Termination.snat
{%[ NegativeTests.Termination.S (NegativeTests.Termination.S n'); _ ] << %[ n; m ]}; got type NegativeTests.Termination.snat (see also NegativeTests.Termination.fst(57,2-60,35))
NegativeTests.Termination.fst(60,34-60,35): (Warning 252) Subtyping check failed; expected type _:
NegativeTests.Termination.snat
{%[ NegativeTests.Termination.S (NegativeTests.Termination.S n'); _ ] << %[ n; m ]}; got type NegativeTests.Termination.snat (see also NegativeTests.Termination.fst(57,2-60,35))
NegativeTests.Termination.fst(60,34-60,35): (Warning 252) Subtyping check failed; expected type _:
NegativeTests.Termination.snat
{%[ NegativeTests.Termination.S (NegativeTests.Termination.S n'); _ ] << %[ n; m ]}; got type NegativeTests.Termination.snat (see also NegativeTests.Termination.fst(57,2-60,35))
NegativeTests.Termination.fst(65,2-67,14): (Warning 252) Patterns are incomplete
NegativeTests.Termination.fst(65,2-67,14): (Warning 252) Patterns are incomplete
NegativeTests.Termination.fst(65,2-67,14): (Warning 252) Patterns are incomplete
NegativeTests.Termination.fst(65,2-67,14): (Warning 252) Patterns are incomplete
NegativeTests.Termination.fst(74,29-74,31): (Warning 252) Subtyping check failed; expected type _: NegativeTests.Termination.snat{%[ NegativeTests.Termination.S n'; _ ] << %[ n; m ]}; got type NegativeTests.Termination.snat (see also NegativeTests.Termination.fst(72,2-74,31))
NegativeTests.Termination.fst(74,29-74,31): (Warning 252) Subtyping check failed; expected type _: NegativeTests.Termination.snat{%[ NegativeTests.Termination.S n'; _ ] << %[ n; m ]}; got type NegativeTests.Termination.snat (see also NegativeTests.Termination.fst(72,2-74,31))
NegativeTests.Termination.fst(74,29-74,31): (Warning 252) Subtyping check failed; expected type _: NegativeTests.Termination.snat{%[ NegativeTests.Termination.S n'; _ ] << %[ n; m ]}; got type NegativeTests.Termination.snat (see also NegativeTests.Termination.fst(72,2-74,31))
NegativeTests.Termination.fst(74,29-74,31): (Warning 252) Subtyping check failed; expected type _: NegativeTests.Termination.snat{%[ NegativeTests.Termination.S n'; _ ] << %[ n; m ]}; got type NegativeTests.Termination.snat (see also NegativeTests.Termination.fst(72,2-74,31))
NegativeTests.Termination.fst(81,20-81,26): (Warning 252) Subtyping check failed; expected type _: NegativeTests.Termination.snat{_ << n}; got type NegativeTests.Termination.snat (see also NegativeTests.Termination.fst(79,2-81,26))
NegativeTests.Termination.fst(81,20-81,26): (Warning 252) Subtyping check failed; expected type _: NegativeTests.Termination.snat{_ << n}; got type NegativeTests.Termination.snat (see also NegativeTests.Termination.fst(79,2-81,26))
NegativeTests.Termination.fst(81,20-81,26): (Warning 252) Subtyping check failed; expected type _: NegativeTests.Termination.snat{_ << n}; got type NegativeTests.Termination.snat (see also NegativeTests.Termination.fst(79,2-81,26))
NegativeTests.Termination.fst(81,20-81,26): (Warning 252) Subtyping check failed; expected type _: NegativeTests.Termination.snat{_ << n}; got type NegativeTests.Termination.snat (see also NegativeTests.Termination.fst(79,2-81,26))
NegativeTests.False.fst(8,13-8,33): (Warning 252) assertion failed (see also prims.fst(209,69-209,78))
NegativeTests.False.fst(8,13-8,33): (Warning 252) assertion failed (see also prims.fst(209,69-209,78))
NegativeTests.False.fst(8,13-8,33): (Warning 252) assertion failed (see also prims.fst(209,69-209,78))
NegativeTests.False.fst(8,13-8,33): (Warning 252) assertion failed (see also prims.fst(209,69-209,78))
NegativeTests.Set.fst(13,9-13,30): (Warning 252) assertion failed
NegativeTests.Set.fst(13,9-13,30): (Warning 252) assertion failed
NegativeTests.Set.fst(13,9-13,30): (Warning 252) assertion failed
NegativeTests.Set.fst(13,9-13,30): (Warning 252) assertion failed
NegativeTests.Set.fst(18,9-18,67): (Warning 252) assertion failed
NegativeTests.Set.fst(18,9-18,67): (Warning 252) assertion failed
NegativeTests.Set.fst(18,9-18,67): (Warning 252) assertion failed
NegativeTests.Set.fst(18,9-18,67): (Warning 252) assertion failed
NegativeTests.Set.fst(23,9-23,52): (Warning 252) assertion failed
NegativeTests.Set.fst(23,9-23,52): (Warning 252) assertion failed
NegativeTests.Set.fst(23,9-23,52): (Warning 252) assertion failed
NegativeTests.Set.fst(23,9-23,52): (Warning 252) assertion failed
MAC.fst(45,0-45,53): (Warning 272) Top-level let-bindings must be total; this term may have effects
CntProtocol.fst(12,0-12,53): (Warning 272) Top-level let-bindings must be total; this term may have effects
CntProtocol.fst(27,0-27,26): (Warning 272) Top-level let-bindings must be total; this term may have effects
CntProtocol.fst(30,0-30,54): (Warning 272) Top-level let-bindings must be total; this term may have effects
CntProtocol.fst(33,0-33,54): (Warning 272) Top-level let-bindings must be total; this term may have effects
CntProtocol.fst(97,0-97,39): (Warning 272) Top-level let-bindings must be total; this term may have effects
CntProtocol.fst(124,0-124,18): (Warning 272) Top-level let-bindings must be total; this term may have effects
CntProtocol.fst(168,0-184,5): (Warning 272) Top-level let-bindings must be total; this term may have effects
MAC.fst(45,0-45,53): (Warning 272) Top-level let-bindings must be total; this term may have effects
RPC.fst(9,0-9,53): (Warning 272) Top-level let-bindings must be total; this term may have effects
RPC.fst(23,0-23,39): (Warning 272) Top-level let-bindings must be total; this term may have effects
RPC.fst(48,0-49,16): (Warning 272) Top-level let-bindings must be total; this term may have effects
RPC.fst(116,0-116,17): (Warning 272) Top-level let-bindings must be total; this term may have effects
Ex12e.Pad.fst(23,2-23,26): (Warning 252) (Hint-replay failed): Subtyping check failed; expected type Ex12e.Pad.nbytes n; got type FStar.Seq.Base.seq FStar.UInt8.byte (see also Ex12e.Pad.fst(14,30-14,43))
Ex12e.Pad.fst(28,29-28,51): (Warning 252) (Hint-replay failed): Subtyping check failed; expected type n: Prims.nat{1 <= n /\ n <= Ex12e.Pad.blocksize}; got type Prims.int (see also Ex12e.Pad.fst(20,27-20,41))
Ex12e.Pad.fst(44,2-50,39): (Warning 252) (Hint-replay failed): could not prove post-condition (see also Ex12e.Pad.fst(32,46-32,57))
Ex12e.Pad.fst(23,2-23,26): (Warning 252) (Hint-replay failed): Subtyping check failed; expected type Ex12e.Pad.nbytes n; got type FStar.Seq.Base.seq FStar.UInt8.byte (see also Ex12e.Pad.fst(14,30-14,43))
Ex12e.Pad.fst(28,29-28,51): (Warning 252) (Hint-replay failed): Subtyping check failed; expected type n: Prims.nat{1 <= n /\ n <= Ex12e.Pad.blocksize}; got type Prims.int (see also Ex12e.Pad.fst(20,27-20,41))
Ex12f.TMAC.fst(34,42-34,52): (Warning 252) (Hint-replay failed): Subtyping check failed; expected type t: Ex12.Pad.block{Ex12.BMAC.key_prop k t}; got type Ex12.Pad.block (see also Ex12.BMAC.fst(14,36-14,48))
Ex12f.TMAC.fst(36,23-36,51): (Warning 252) (Hint-replay failed): Subtyping check failed; expected type b: Prims.bool{b ==> p t}; got type b: Prims.bool{b ==> Ex12.BMAC.key_prop k (Ex12.Pad.encode t)} (see also Ex12f.TMAC.fst(26,74-26,77))
Ex12f.TMAC.fst(34,42-34,52): (Warning 252) (Hint-replay failed): Subtyping check failed; expected type t: Ex12.Pad.block{Ex12.BMAC.key_prop k t}; got type Ex12.Pad.block (see also Ex12.BMAC.fst(14,36-14,48))
Ex12f.TMAC.fst(36,23-36,51): (Warning 252) (Hint-replay failed): Subtyping check failed; expected type b: Prims.bool{b ==> p t}; got type b: Prims.bool{b ==> Ex12.BMAC.key_prop k (Ex12.Pad.encode t)} (see also Ex12f.TMAC.fst(26,74-26,77))
make[2]: *** No rule to make target 'AnonType.uver', needed by 'all-pos'.
HyE.CCA2.fst(46,2-46,14): (Warning 271) Pattern ((ite (= (BoundV 0) (BoxBool (true ))) (BoundV 3) (HyE.PlainPKE.repr (BoundV 4)))) contains illegal symbols; dropping it (see also C:\build\agent1\_work\1\s\ulib\FStar.Monotonic.Seq.fst(72,20-72,61))
Ex12g.TMAC2.fst(48,19-48,29): (Warning 252) (Hint-replay failed): Subtyping check failed; expected type t: Ex12.Pad.block{Ex12.BMAC.key_prop k0 t}; got type Ex12.Pad.block (see also Ex12.BMAC.fst(14,36-14,48))
Ex12g.TMAC2.fst(53,7-53,36): (Warning 252) (Hint-replay failed): Subtyping check failed; expected type b: Prims.bool{b ==> p t}; got type b: Prims.bool{b ==> Ex12.BMAC.key_prop k0 (Ex12.Pad.encode t)} (see also Ex12g.TMAC2.fst(33,76-33,79))
Ex12g.TMAC2.fst(48,19-48,29): (Warning 252) (Hint-replay failed): Subtyping check failed; expected type t: Ex12.Pad.block{Ex12.BMAC.key_prop k0 t}; got type Ex12.Pad.block (see also Ex12.BMAC.fst(14,36-14,48))
Ex12g.TMAC2.fst(53,7-53,36): (Warning 252) (Hint-replay failed): Subtyping check failed; expected type b: Prims.bool{b ==> p t}; got type b: Prims.bool{b ==> Ex12.BMAC.key_prop k0 (Ex12.Pad.encode t)} (see also Ex12g.TMAC2.fst(33,76-33,79))
EtM.CPA.fst(77,24-77,25): (Warning 252) (Hint-replay failed): Subtyping check failed; expected type EtM.CPA.cipher; got type Platform.Bytes.bytes (see also EtM.CPA.fst(25,22-25,42))
<dummy>(0,0-0,0): (Warning 252) (Hint-replay failed): Could not prove goal #6 (see also SL.Examples.fst(18,14-18,33))
<dummy>(0,0-0,0): (Warning 252) (Hint-replay failed): Could not prove goal #5 (see also SL.Examples.fst(308,20-308,29))
<dummy>(0,0-0,0): (Warning 252) (Hint-replay failed): Could not prove goal #3 (see also SL.Examples.fst(18,14-18,33))
<dummy>(0,0-0,0): (Warning 252) (Hint-replay failed): Could not prove goal #12 (see also SL.Examples.fst(18,14-18,33))
<dummy>(0,0-0,0): (Warning 252) (Hint-replay failed): Could not prove goal #11 (see also SL.Examples.fst(308,20-308,29))
<dummy>(0,0-0,0): (Warning 252) (Hint-replay failed): Could not prove goal #10 (see also SL.Examples.fst(18,14-18,33))
<dummy>(0,0-0,0): (Warning 252) (Hint-replay failed): Could not prove goal #9 (see also SL.Examples.fst(18,14-18,33))
<dummy>(0,0-0,0): (Warning 252) (Hint-replay failed): Could not prove goal #8 (see also SL.Examples.fst(18,14-18,33))
<dummy>(0,0-0,0): (Warning 252) (Hint-replay failed): Could not prove goal #7 (see also SL.Examples.fst(308,20-308,29))
<dummy>(0,0-0,0): (Warning 252) (Hint-replay failed): Could not prove goal #6 (see also SL.Examples.fst(18,14-18,33))
<dummy>(0,0-0,0): (Warning 252) (Hint-replay failed): Could not prove goal #5 (see also SL.Examples.fst(18,14-18,33))
<dummy>(0,0-0,0): (Warning 252) (Hint-replay failed): Could not prove goal #4 (see also SL.Examples.fst(308,20-308,29))
<dummy>(0,0-0,0): (Warning 252) (Hint-replay failed): Could not prove goal #3 (see also SL.Examples.fst(18,14-18,33))
<dummy>(0,0-0,0): (Warning 252) (Hint-replay failed): Could not prove goal #1 (see also SL.Examples.fst(18,37-18,52))
ProgramEquivalence.fst(105,4-108,38): (Warning 252) (Hint-replay failed): assertion failed (see also C:\build\agent1\_work\1\s\examples\dm4free\FStar.DM4F.Heap.ST.fst(20,93-20,101))
ProgramEquivalence.fst(105,4-108,38): (Warning 252) assertion failed (see also C:\build\agent1\_work\1\s\examples\dm4free\FStar.DM4F.Heap.ST.fst(20,93-20,101))
ProgramEquivalence.fst(105,4-108,38): (Warning 252) assertion failed (see also C:\build\agent1\_work\1\s\examples\dm4free\FStar.DM4F.Heap.ST.fst(20,93-20,101))
SL.ExamplesAuto.fst(325,9-325,12): (Warning 252) (Hint-replay failed): could not prove post-condition (see also SL.ExamplesAuto.fst(324,29-324,32))
Ex01a.fst(60,0-60,48): (Warning 272) Top-level let-bindings must be total; this term may have effects
Ex01a.fst(60,0-60,48): (Warning 272) Top-level let-bindings must be total; this term may have effects
make[2]: [Makefile:67: Ex01a-ocaml] Error 2 (ignored)
bug1091.fst(17,50-17,66): (Warning 252) Subtyping check failed; expected type FStar.UInt.uint_t (*?u21*) _; got type n: Prims.nat{n < Prims.pow2 128} (see also FStar.UInt.fst(52,28-52,36))
bug1091.fst(23,91-23,92): (Warning 252) could not prove post-condition (see also bug1091.fst(23,21-23,86))
bug1091.fst(81,26-81,40): (Warning 252) Failed to verify implicit argument: (*?u26*) _ (Introduced at bug1091.fst(81,26-81,40) for Instantiating implicit argument in application resolved at bug1091.fst(80,0-81,77)) :: Subtyping check failed; expected type Prims.eqtype; got type Type (see also prims.fst(27,21-27,28))
bug1091.fst(81,51-81,65): (Warning 252) Failed to verify implicit argument: (*?u26*) _ (Introduced at bug1091.fst(81,51-81,65) for Instantiating implicit argument in application resolved at bug1091.fst(80,0-81,77)) :: Subtyping check failed; expected type Prims.eqtype; got type Type (see also prims.fst(27,21-27,28))
bug1091.fst(81,26-81,40): (Warning 252) Failed to verify implicit argument: (*?u26*) _ (Introduced at bug1091.fst(81,26-81,40) for flex-flex quasi:	lhs=Instantiating implicit argument in application	rhs=Instantiating implicit argument in application resolved at bug1091.fst(80,0-81,77)) :: Subtyping check failed; expected type Prims.eqtype; got type Type (see also prims.fst(27,21-27,28))
bug1091.fst(92,55-92,56): (Warning 252) Subtyping check failed; expected type n: Prims.int{%[ m - 1; n ] << %[ m; n ]}; got type Prims.int (see also bug1091.fst(91,2-93,78))
Unable to open hints file: C:\build\agent1\_work\1\s\kremlin\kremlib\C.Loops.fst.hints; ran without hints
make[2]: Target 'all' not remade because of errors.
make[1]: *** [Makefile:39: micro-benchmarks.all] Error 2
Serializing.fst(56,6-56,12): (Warning 252) (Hint-replay failed): assertion failed (see also Slice.fst(25,12-25,22))
Serializing.fst(139,2-170,16): (Warning 252) (Hint-replay failed): assertion failed (see also Serializing.fst(94,23-94,59))
Serializing.fst(56,6-56,12): (Warning 252) (Hint-replay failed): assertion failed (see also Slice.fst(25,12-25,22))
Serializing.fst(139,2-170,16): (Warning 252) (Hint-replay failed): assertion failed (see also Serializing.fst(94,23-94,59))
SimpleTactic.Test.fst(5,2-5,18): (Warning 296) Tactics admitted goal <(_: Prims.unit) |- _ : Prims.squash (FStar.Pervasives.id 1000 = 1000)>

(see also FStar.Tactics.Effect.fst(87,46-87,56))
File "./Evens.ml", line 10, characters 20-54:
Warning 8: this pattern-matching is not exhaustive.
Here is an example of a case that is not matched:
U0
File "./Evens.ml", line 26, characters 22-67:
Warning 8: this pattern-matching is not exhaustive.
Here is an example of a case that is not matched:
Even0
File "./Evens.ml", line 30, characters 22-67:
Warning 8: this pattern-matching is not exhaustive.
Here is an example of a case that is not matched:
Even0
KeyValue.fst(22,9-22,14): (Warning 252) (Hint-replay failed): Failed to prove that the type 'KeyValue.entry' supports decidable equality because of this argument; add either the 'noeq' or 'unopteq' qualifier (see also KeyValue.fst(21,0-23,19))
KeyValue.fst(44,4-44,43): (Warning 252) (Hint-replay failed): Failed to prove that the type 'KeyValue.encoded_entry' supports decidable equality because of this argument; add either the 'noeq' or 'unopteq' qualifier (see also KeyValue.fst(41,0-47,17))
KeyValue.fst(22,9-22,14): (Warning 252) (Hint-replay failed): Failed to prove that the type 'KeyValue.entry' supports decidable equality because of this argument; add either the 'noeq' or 'unopteq' qualifier (see also KeyValue.fst(21,0-23,19))
KeyValue.fst(44,4-44,43): (Warning 252) (Hint-replay failed): Failed to prove that the type 'KeyValue.encoded_entry' supports decidable equality because of this argument; add either the 'noeq' or 'unopteq' qualifier (see also KeyValue.fst(41,0-47,17))
LowParse.Spec.Combinators.fst(20,12-20,14): (Warning 252) (Hint-replay failed): Subtyping check failed; expected type s: LowParse.Bytes.bytes{FStar.Seq.Base.length s == sz}; got type LowParse.Bytes.bytes (see also LowParse.Spec.Combinators.fst(13,18-13,36))
LowParse.Spec.Combinators.fst(76,61-76,82): (Warning 252) (Hint-replay failed): Subtyping check failed; expected type s1: LowParse.Bytes.bytes{FStar.Seq.Base.length s1 == sz}; got type FStar.Seq.Base.seq LowParse.Bytes.byte (see also LowParse.Spec.Combinators.fst(31,15-31,34))
LowParse.Spec.Combinators.fst(143,30-143,31): (Warning 252) (Hint-replay failed): Subtyping check failed; expected type LowParse.Spec.Base.consumed_length b; got type Prims.int (see also LowParse.Spec.Base.fst(22,55-22,72))
LowParse.Spec.Combinators.fst(153,2-153,14): (Warning 252) (Hint-replay failed): Subtyping check failed; expected type LowParse.Spec.Base.parser LowParse.Spec.Combinators.parse_ret_kind t; got type LowParse.Spec.Base.bare_parser t (see also LowParse.Spec.Base.fst(429,22-429,42))
LowParse.Spec.Combinators.fst(159,11-159,26): (Warning 252) (Hint-replay failed): assertion failed (see also LowParse.Spec.Base.fst(640,26-640,48))
LowParse.Spec.Combinators.fst(181,2-181,12): (Warning 252) (Hint-replay failed): assertion failed (see also LowParse.Spec.Base.fst(472,12-472,34))
LowParse.Spec.Combinators.fst(198,33-198,39): (Warning 252) (Hint-replay failed): Subtyping check failed; expected type LowParse.Spec.Base.consumed_length b; got type Prims.int (see also LowParse.Spec.Base.fst(22,55-22,72))
LowParse.Spec.Combinators.fst(238,3-238,9): (Warning 252) (Hint-replay failed): assertion failed (see also LowParse.Spec.Combinators.fst(238,10-238,23))
LowParse.Spec.Combinators.fst(238,3-238,9): (Warning 252) assertion failed (see also LowParse.Spec.Combinators.fst(238,10-238,23))
LowParse.Spec.Combinators.fst(339,36-339,50): (Warning 252) (Hint-replay failed): Subtyping check failed; expected type j: Prims.nat{0 <= j && j <= FStar.Seq.Base.length b1}; got type Prims.int
LowParse.Spec.Combinators.fst(380,3-380,9): (Warning 252) (Hint-replay failed): assertion failed (see also LowParse.Spec.Combinators.fst(380,10-380,23))
LowParse.Spec.Combinators.fst(380,3-380,9): (Warning 252) assertion failed (see also LowParse.Spec.Combinators.fst(380,10-380,23))
LowParse.Spec.Combinators.fst(477,2-479,28): (Warning 252) (Hint-replay failed): could not prove post-condition (see also LowParse.Spec.Combinators.fst(475,4-475,62))
LowParse.Spec.Combinators.fst(534,2-534,8): (Warning 252) (Hint-replay failed): assertion failed (see also LowParse.Spec.Combinators.fst(534,9-534,72))
LowParse.Spec.Combinators.fst(564,4-564,10): (Warning 252) (Hint-replay failed): assertion failed (see also LowParse.Spec.Combinators.fst(564,11-564,74))
LowParse.Spec.Combinators.fst(727,32-727,33): (Warning 252) (Hint-replay failed): Subtyping check failed; expected type LowParse.Spec.Base.consumed_length b; got type Prims.int (see also LowParse.Spec.Base.fst(22,55-22,72))
LowParse.Spec.Combinators.fst(731,2-731,17): (Warning 252) (Hint-replay failed): Subtyping check failed; expected type LowParse.Spec.Base.parser LowParse.Spec.Combinators.parse_ret_kind t'; got type LowParse.Spec.Base.bare_parser t' (see also LowParse.Spec.Base.fst(429,22-429,42))
LowParse.Spec.Combinators.fst(810,32-810,43): (Warning 252) (Hint-replay failed): assertion failed (see also LowParse.Spec.Combinators.fst(756,12-758,3))
LowParse.Spec.Combinators.fst(813,2-813,4): (Warning 252) (Hint-replay failed): could not prove post-condition (see also LowParse.Spec.Combinators.fst(810,11-810,87))
LowParse.Spec.Combinators.fst(900,2-906,3): (Warning 252) (Hint-replay failed): Subtyping check failed; expected type LowParse.Spec.Base.parser LowParse.Spec.Combinators.parse_filter_payload_kind (x: t{f x == true}); got type LowParse.Spec.Base.bare_parser (x: t{f x == true}) (see also LowParse.Spec.Base.fst(429,22-429,42))
LowParse.Spec.Combinators.fst(933,2-933,4): (Warning 252) (Hint-replay failed): could not prove post-condition (see also LowParse.Spec.Combinators.fst(932,2-932,65))
LowParse.Spec.Combinators.fst(20,12-20,14): (Warning 252) (Hint-replay failed): Subtyping check failed; expected type s: LowParse.Bytes.bytes{FStar.Seq.Base.length s == sz}; got type LowParse.Bytes.bytes (see also LowParse.Spec.Combinators.fst(13,18-13,36))
LowParse.Spec.Combinators.fst(143,30-143,31): (Warning 252) (Hint-replay failed): Subtyping check failed; expected type LowParse.Spec.Base.consumed_length b; got type Prims.int (see also LowParse.Spec.Base.fst(22,55-22,72))
LowParse.Spec.Combinators.fst(153,2-153,14): (Warning 252) (Hint-replay failed): Subtyping check failed; expected type LowParse.Spec.Base.parser LowParse.Spec.Combinators.parse_ret_kind t; got type LowParse.Spec.Base.bare_parser t (see also LowParse.Spec.Base.fst(429,22-429,42))
LowParse.Spec.Combinators.fst(159,11-159,26): (Warning 252) (Hint-replay failed): assertion failed (see also LowParse.Spec.Base.fst(640,26-640,48))
LowParse.Spec.Combinators.fst(181,2-181,12): (Warning 252) (Hint-replay failed): assertion failed (see also LowParse.Spec.Base.fst(472,12-472,34))
LowParse.Spec.Combinators.fst(198,33-198,39): (Warning 252) (Hint-replay failed): Subtyping check failed; expected type LowParse.Spec.Base.consumed_length b; got type Prims.int (see also LowParse.Spec.Base.fst(22,55-22,72))
LowParse.Spec.Combinators.fst(727,32-727,33): (Warning 252) (Hint-replay failed): Subtyping check failed; expected type LowParse.Spec.Base.consumed_length b; got type Prims.int (see also LowParse.Spec.Base.fst(22,55-22,72))
LowParse.Spec.Combinators.fst(731,2-731,17): (Warning 252) (Hint-replay failed): Subtyping check failed; expected type LowParse.Spec.Base.parser LowParse.Spec.Combinators.parse_ret_kind t'; got type LowParse.Spec.Base.bare_parser t' (see also LowParse.Spec.Base.fst(429,22-429,42))
LowParse.Spec.Combinators.fst(812,4-812,32): (Warning 252) (Hint-replay failed): assertion failed (see also LowParse.Spec.Combinators.fst(756,12-758,3))
LowParse.Spec.Combinators.fst(900,2-906,3): (Warning 252) (Hint-replay failed): Subtyping check failed; expected type LowParse.Spec.Base.parser LowParse.Spec.Combinators.parse_filter_payload_kind (x: t{f x == true}); got type LowParse.Spec.Base.bare_parser (x: t{f x == true}) (see also LowParse.Spec.Base.fst(429,22-429,42))
LowParse.Bytes32.fst(47,46-47,56): (Warning 252) (Hint-replay failed): Subtyping check failed; expected type i: Prims.nat{i < FStar.Seq.Base.length rhs}; got type Prims.nat (see also FStar.Seq.Base.fst(30,49-30,61))
LowParse.Bytes32.fst(61,9-61,57): (Warning 252) (Hint-replay failed): assertion failed
File "out_ExtractionBug2/ExtractionBug2.ml", line 13, characters 20-56:
Warning 8: this pattern-matching is not exhaustive.
Here is an example of a case that is not matched:
Nil
prims.fst(98,30-98,31): (Warning 252) assertion failed
prims.fst(98,30-98,31): (Warning 252) assertion failed
prims.fst(98,30-98,31): (Warning 252) assertion failed
prims.fst(98,30-98,31): (Warning 252) assertion failed
Point.fst(68,4-70,48): (Warning 252) (Hint-replay failed): assertion failed (see also C:\build\agent1\_work\1\s\examples\dm4free\FStar.DM4F.Heap.ST.fst(20,93-20,101))
Point.fst(68,4-70,48): (Warning 252) assertion failed (see also C:\build\agent1\_work\1\s\examples\dm4free\FStar.DM4F.Heap.ST.fst(20,93-20,101))
Point.fst(68,4-70,48): (Warning 252) assertion failed (see also C:\build\agent1\_work\1\s\examples\dm4free\FStar.DM4F.Heap.ST.fst(20,93-20,101))
Point.fst(94,4-97,79): (Warning 252) (Hint-replay failed): assertion failed (see also C:\build\agent1\_work\1\s\examples\dm4free\FStar.DM4F.Heap.ST.fst(20,93-20,101))
Point.fst(94,4-97,79): (Warning 252) assertion failed (see also C:\build\agent1\_work\1\s\examples\dm4free\FStar.DM4F.Heap.ST.fst(20,93-20,101))
Point.fst(94,4-97,79): (Warning 252) assertion failed (see also C:\build\agent1\_work\1\s\examples\dm4free\FStar.DM4F.Heap.ST.fst(20,93-20,101))
Point.fst(117,2-117,8): (Warning 252) (Hint-replay failed): assertion failed (see also Point.fst(117,9-117,68))
Point.fst(68,4-70,48): (Warning 252) (Hint-replay failed): assertion failed (see also C:\build\agent1\_work\1\s\examples\dm4free\FStar.DM4F.Heap.ST.fst(20,93-20,101))
Point.fst(68,4-70,48): (Warning 252) assertion failed (see also C:\build\agent1\_work\1\s\examples\dm4free\FStar.DM4F.Heap.ST.fst(20,93-20,101))
Point.fst(68,4-70,48): (Warning 252) assertion failed (see also C:\build\agent1\_work\1\s\examples\dm4free\FStar.DM4F.Heap.ST.fst(20,93-20,101))
Point.fst(94,4-97,79): (Warning 252) (Hint-replay failed): assertion failed (see also C:\build\agent1\_work\1\s\examples\dm4free\FStar.DM4F.Heap.ST.fst(20,93-20,101))
Point.fst(94,4-97,79): (Warning 252) assertion failed (see also C:\build\agent1\_work\1\s\examples\dm4free\FStar.DM4F.Heap.ST.fst(20,93-20,101))
Point.fst(94,4-97,79): (Warning 252) assertion failed (see also C:\build\agent1\_work\1\s\examples\dm4free\FStar.DM4F.Heap.ST.fst(20,93-20,101))
ValidatedAccess.fst(170,20-170,23): (Warning 252) (Hint-replay failed): Subtyping check failed; expected type Prims.eqtype; got type Type0 (see also prims.fst(27,21-27,28))
ValidatedAccess.fst(243,2-243,22): (Warning 252) (Hint-replay failed): assertion failed (see also ValidatedAccess.fst(175,20-175,31))
ValidatedAccess.fst(170,20-170,23): (Warning 252) (Hint-replay failed): Subtyping check failed; expected type Prims.eqtype; got type Type0 (see also prims.fst(27,21-27,28))
Validator.fst(43,2-52,16): (Warning 252) (Hint-replay failed): could not prove post-condition (see also Parsing.fst(132,15-132,22))
Parsing.fst(146,55-146,56): (Warning 252) (Hint-replay failed): Subtyping check failed; expected type FStar.Pervasives.Native.option (off:
FStar.UInt32.t{FStar.UInt32.v off <= FStar.Seq.Base.length (Slice.as_seq h1 input)}); got type FStar.Pervasives.Native.option (off:
FStar.UInt32.t{FStar.UInt32.v off <= FStar.UInt32.v (BSlice?.len input)}) (see also Parsing.fst(130,24-141,55))
Parsing.fst(146,55-146,56): (Warning 252) (Hint-replay failed): Subtyping check failed; expected type FStar.Pervasives.Native.option (off:
FStar.UInt32.t{FStar.UInt32.v off <= FStar.Seq.Base.length (Slice.as_seq h1 input)}); got type FStar.Pervasives.Native.option (off:
FStar.UInt32.t{FStar.UInt32.v off <= FStar.UInt32.v (BSlice?.len input)}) (see also Parsing.fst(130,24-141,55))
PureValidator.fst(24,25-24,47): (Warning 252) (Hint-replay failed): Subtyping check failed; expected type Parsing.bytes32; got type FStar.Seq.Base.seq Parsing.byte (see also Parsing.fst(27,23-27,42))
PureValidator.fst(76,17-76,18): (Warning 252) (Hint-replay failed): Subtyping check failed; expected type n: Prims.nat{n <= FStar.Seq.Base.length b}; got type Prims.int (see also PureValidator.fst(31,35-31,48))
PureValidator.fst(157,38-157,39): (Warning 252) (Hint-replay failed): Subtyping check failed; expected type n: Prims.nat{n <= FStar.Seq.Base.length b}; got type Prims.int (see also PureValidator.fst(31,35-31,48))
PureValidator.fst(24,25-24,47): (Warning 252) (Hint-replay failed): Subtyping check failed; expected type Parsing.bytes32; got type FStar.Seq.Base.seq Parsing.byte (see also Parsing.fst(27,23-27,42))
PureValidator.fst(76,17-76,18): (Warning 252) (Hint-replay failed): Subtyping check failed; expected type n: Prims.nat{n <= FStar.Seq.Base.length b}; got type Prims.int (see also PureValidator.fst(31,35-31,48))
PureValidator.fst(157,38-157,39): (Warning 252) (Hint-replay failed): Subtyping check failed; expected type n: Prims.nat{n <= FStar.Seq.Base.length b}; got type Prims.int (see also PureValidator.fst(31,35-31,48))
LemmaArgs.fst(16,20-16,21): (Warning 252) Subtyping check failed; expected type b: Prims.int{b <> 5}; got type Prims.int (see also LemmaArgs.fst(5,34-5,40))
LemmaArgs.fst(16,20-16,21): (Warning 252) Subtyping check failed; expected type b: Prims.int{b <> 5}; got type Prims.int (see also LemmaArgs.fst(5,34-5,40))
LemmaArgs.fst(16,20-16,21): (Warning 252) Subtyping check failed; expected type b: Prims.int{b <> 5}; got type Prims.int (see also LemmaArgs.fst(5,34-5,40))
LemmaArgs.fst(16,20-16,21): (Warning 252) Subtyping check failed; expected type b: Prims.int{b <> 5}; got type Prims.int (see also LemmaArgs.fst(5,34-5,40))
LowParse.Spec.Enum.fst(211,2-211,52): (Warning 252) (Hint-replay failed): could not prove post-condition (see also LowParse.Spec.Enum.fst(210,2-210,75))
Admit.fst(6,12-6,22): (Warning 296) Tactics admitted goal <(x: Prims.int), (y: Prims.int) |- _ : Prims.squash (x + y == x + x)>

(see also Admit.fst(5,26-5,49))
Admit.fst(9,13-9,23): (Warning 296) Tactics admitted goal <(x: Prims.int), (y: Prims.int), (p: Prims.pure_post Prims.unit), (_: Prims.squash (forall (pure_result: Prims.unit). x + y == x + x ==> p pure_result)) |- _ : Prims.unit>

(see also Admit.fst(8,27-8,49))
Admit.fst(6,12-6,22): (Warning 296) Tactics admitted goal <(x: Prims.int), (y: Prims.int) |- _ : Prims.squash (x + y == x + x)>

(see also Admit.fst(5,26-5,49))
LowParse.SLow.Base.fst(113,2-113,4): (Warning 252) (Hint-replay failed): could not prove post-condition (see also LowParse.SLow.Base.fst(112,2-112,56))
LowParse.SLow.Base.fst(113,2-113,4): (Warning 252) could not prove post-condition (see also LowParse.SLow.Base.fst(112,2-112,56))
LowParse.SLow.Base.fst(130,2-130,41): (Warning 252) (Hint-replay failed): could not prove post-condition (see also LowParse.SLow.Base.fst(127,4-127,38))
LowParse.SLow.Base.fst(130,2-130,41): (Warning 252) could not prove post-condition (see also LowParse.SLow.Base.fst(128,4-128,44))
LowParse.SLow.Base.fst(149,2-149,44): (Warning 252) (Hint-replay failed): could not prove post-condition (see also LowParse.SLow.Base.fst(145,4-145,40))
LowParse.SLow.Base.fst(180,2-180,8): (Warning 252) (Hint-replay failed): assertion failed (see also LowParse.SLow.Base.fst(180,9-180,70))
LowParse.SLow.Base.fst(180,2-181,71): (Warning 252) could not prove post-condition (see also LowParse.SLow.Base.fst(175,4-175,26))
LowParse.SLow.Base.fst(293,46-293,51): (Warning 252) (Hint-replay failed): Subtyping check failed; expected type z: FStar.UInt32.t{LowParse.SLow.Base.size32_postcond s x z}; got type FStar.UInt32.t (see also LowParse.SLow.Base.fst(293,18-293,39))
LowParse.SLow.Base.fst(293,46-293,51): (Warning 252) (Hint-replay failed): Subtyping check failed; expected type z: FStar.UInt32.t{LowParse.SLow.Base.size32_postcond s x z}; got type FStar.UInt32.t (see also LowParse.SLow.Base.fst(293,18-293,39))
Trace.fst(46,10-46,24): (Warning 266) Not an embedded list: Trace.tick_last ["Trace"; "fall"]
Trace.fst(46,10-46,24): (Warning 266) Not an embedded list: Trace.tick_last ["Trace"; "fact_aux"]
Trace.fst(46,10-46,24): (Warning 266) Not an embedded list: Trace.tick_last ["Trace"; "fact"]
CanonCommMonoid.fst(308,25-308,39): (Warning 296) Tactics admitted goal <(a: Prims.int), (b: Prims.int), (c: Prims.int), (d: Prims.int) |- _ : Prims.squash (CM?.mult FStar.Algebra.CommMonoid.int_plus_cm
a
(CM?.mult FStar.Algebra.CommMonoid.int_plus_cm
b
(CM?.mult FStar.Algebra.CommMonoid.int_plus_cm
2
(CM?.mult FStar.Algebra.CommMonoid.int_plus_cm
d
(CM?.mult FStar.Algebra.CommMonoid.int_plus_cm c 1)))) ==
CM?.mult FStar.Algebra.CommMonoid.int_plus_cm
a
(CM?.mult FStar.Algebra.CommMonoid.int_plus_cm
b
(CM?.mult FStar.Algebra.CommMonoid.int_plus_cm
1
(CM?.mult FStar.Algebra.CommMonoid.int_plus_cm
c
(CM?.mult FStar.Algebra.CommMonoid.int_plus_cm d 2)))))>

(see also CanonCommMonoid.fst(226,9-227,47))
FStar.Pointer.Base.fst(258,2-258,12): (Warning 252) (Hint-replay failed): Subtyping check failed; expected type FStar.Pointer.Base.type_of_struct_field l f; got type FStar.Pointer.Base.type_of_struct_field' l (fun x -> FStar.Pointer.Base.type_of_typ' x) f (see also FStar.Pointer.Base.fsti(259,50-259,63))
FStar.Pointer.Base.fst(261,13-261,14): (Warning 252) (Hint-replay failed): Subtyping check failed; expected type FStar.Pointer.Base.type_of_struct_field' l (fun x -> FStar.Pointer.Base.type_of_typ' x) f; got type FStar.Pointer.Base.type_of_struct_field l f (see also FStar.Pointer.Base.fst(238,59-238,73))
FStar.Pointer.Base.fst(264,83-264,84): (Warning 252) (Hint-replay failed): Subtyping check failed; expected type k: FStar.Pointer.Base.struct_field l ->
Prims.Tot
(FStar.Pointer.Base.type_of_struct_field' l (fun x -> FStar.Pointer.Base.type_of_typ' x) k); got type fd: FStar.Pointer.Base.struct_field l -> Prims.Tot (FStar.Pointer.Base.type_of_struct_field l fd) (see also FStar.Pointer.Base.fst(264,66-264,80))
FStar.Pointer.Base.fst(266,42-266,44): (Warning 252) (Hint-replay failed): could not prove post-condition (see also FStar.Pointer.Base.fsti(333,2-333,49))
FStar.Pointer.Base.fst(270,30-270,51): (Warning 252) (Hint-replay failed): Subtyping check failed; expected type FStar.Pointer.Base.type_of_struct_field l fd; got type FStar.Pointer.Base.type_of_struct_field' l (fun x -> FStar.Pointer.Base.type_of_typ' x) fd (see also FStar.Pointer.Base.fsti(259,50-259,63))
FStar.Pointer.Base.fst(272,43-272,44): (Warning 252) (Hint-replay failed): Subtyping check failed; expected type FStar.Pointer.Base.type_of_struct_field' l (fun x -> FStar.Pointer.Base.type_of_typ' x) fd; got type FStar.Pointer.Base.type_of_struct_field l fd (see also FStar.Pointer.Base.fst(240,61-240,75))
FStar.Pointer.Base.fst(777,7-777,17): (Warning 252) (Hint-replay failed): assertion failed (see also FStar.DependentMap.fst(105,12-105,25))
FStar.Pointer.Base.fst(992,23-992,24): (Warning 252) (Hint-replay failed): Subtyping check failed; expected type FStar.Pointer.Base.otype_of_struct_field l fd; got type FStar.Pointer.Base.otype_of_typ to (see also FStar.Pointer.Base.fst(945,3-945,4))
FStar.Pointer.Base.fst(3607,18-3607,20): (Warning 252) (Hint-replay failed): could not prove post-condition (see also FStar.ModifiesGen.fsti(28,4-28,23))
FStar.Pointer.Base.fst(3672,5-3672,22): (Warning 252) (Hint-replay failed): assertion failed (see also FStar.ModifiesGen.fsti(252,12-252,35))
FStar.Pointer.Base.fst(3678,5-3678,22): (Warning 252) (Hint-replay failed): assertion failed (see also FStar.ModifiesGen.fsti(252,12-252,35))
FStar.Pointer.Base.fst(4077,6-4077,91): (Warning 252) (Hint-replay failed): could not prove post-condition (see also FStar.ModifiesGen.fsti(494,13-494,38))
FStar.Pointer.Base.fst(4146,5-4146,28): (Warning 252) (Hint-replay failed): assertion failed (see also FStar.ModifiesGen.fsti(357,40-357,61))
FStar.Pointer.Base.fst(4149,5-4149,28): (Warning 252) (Hint-replay failed): assertion failed (see also FStar.ModifiesGen.fsti(357,40-357,61))
Parsing.fst(51,17-51,39): (Warning 252) (Hint-replay failed): Subtyping check failed; expected type Parsing.bytes32; got type FStar.Seq.Base.seq Parsing.byte (see also Parsing.fst(27,23-27,42))
Parsing.fst(59,20-59,21): (Warning 252) (Hint-replay failed): Subtyping check failed; expected type n: Prims.nat{n <= FStar.Seq.Base.length _}; got type Prims.int (see also Parsing.fst(40,58-40,71))
Parsing.fst(66,42-66,43): (Warning 252) (Hint-replay failed): Subtyping check failed; expected type n: Prims.nat{n <= FStar.Seq.Base.length b}; got type Prims.int (see also Parsing.fst(40,58-40,71))
Parsing.fst(159,0-167,16): (Warning 252) (Hint-replay failed): could not prove post-condition (see also Parsing.fst(132,15-132,22))
Parsing.fst(187,15-187,41): (Warning 252) (Hint-replay failed): Subtyping check failed; expected type Parsing.bytes32; got type FStar.Seq.Base.seq Parsing.byte (see also Parsing.fst(27,23-27,42))
Parsing.fst(211,44-211,47): (Warning 252) (Hint-replay failed): Subtyping check failed; expected type Parsing.bytes32; got type FStar.Seq.Base.seq Slice.byte (see also Parsing.fst(27,23-27,42))
Parsing.fst(222,4-230,12): (Warning 252) (Hint-replay failed): could not prove post-condition (see also Parsing.fst(217,20-217,51))
Parsing.fst(256,4-256,19): (Warning 252) (Hint-replay failed): assertion failed (see also Parsing.fst(211,22-211,48))
Parsing.fst(335,10-335,27): (Warning 252) (Hint-replay failed): assertion failed (see also Parsing.fst(241,22-241,47))
Parsing.fst(51,17-51,39): (Warning 252) (Hint-replay failed): Subtyping check failed; expected type Parsing.bytes32; got type FStar.Seq.Base.seq Parsing.byte (see also Parsing.fst(27,23-27,42))
Parsing.fst(59,20-59,21): (Warning 252) (Hint-replay failed): Subtyping check failed; expected type n: Prims.nat{n <= FStar.Seq.Base.length _}; got type Prims.int (see also Parsing.fst(40,58-40,71))
Parsing.fst(66,42-66,43): (Warning 252) (Hint-replay failed): Subtyping check failed; expected type n: Prims.nat{n <= FStar.Seq.Base.length b}; got type Prims.int (see also Parsing.fst(40,58-40,71))
Parsing.fst(159,0-167,16): (Warning 252) (Hint-replay failed): could not prove post-condition (see also Parsing.fst(132,15-132,22))
Parsing.fst(146,55-146,56): (Warning 252) (Hint-replay failed): Subtyping check failed; expected type FStar.Pervasives.Native.option (off:
FStar.UInt32.t{FStar.UInt32.v off <= FStar.Seq.Base.length (Slice.as_seq h1 input)}); got type FStar.Pervasives.Native.option (off:
FStar.UInt32.t{FStar.UInt32.v off <= FStar.UInt32.v (BSlice?.len input)}) (see also Parsing.fst(130,24-141,55))
Parsing.fst(146,55-146,56): (Warning 252) (Hint-replay failed): Subtyping check failed; expected type FStar.Pervasives.Native.option (off:
FStar.UInt32.t{FStar.UInt32.v off <= FStar.Seq.Base.length (Slice.as_seq h1 input)}); got type FStar.Pervasives.Native.option (off:
FStar.UInt32.t{FStar.UInt32.v off <= FStar.UInt32.v (BSlice?.len input)}) (see also Parsing.fst(130,24-141,55))
Parsing.fst(211,44-211,47): (Warning 252) (Hint-replay failed): Subtyping check failed; expected type Parsing.bytes32; got type FStar.Seq.Base.seq Slice.byte (see also Parsing.fst(27,23-27,42))
Parsing.fst(335,10-335,27): (Warning 252) (Hint-replay failed): assertion failed (see also Parsing.fst(241,22-241,47))
ValidatedParser.fst(90,33-90,55): (Warning 252) (Hint-replay failed): Subtyping check failed; expected type b: Slice.bytes{FStar.Seq.Base.length b < Prims.pow2 32}; got type FStar.Seq.Base.seq Slice.byte (see also ValidatedParser.fst(80,38-80,56))
ValidatedParser.fst(115,78-115,81): (Warning 252) (Hint-replay failed): Subtyping check failed; expected type Parsing.bytes32; got type FStar.Seq.Base.seq Slice.byte (see also Parsing.fst(27,23-27,42))
ValidatedParser.fst(149,55-149,81): (Warning 252) (Hint-replay failed): Subtyping check failed; expected type Parsing.bytes32; got type FStar.Seq.Base.seq Slice.byte (see also Parsing.fst(27,23-27,42))
ValidatedParser.fst(175,76-175,79): (Warning 252) (Hint-replay failed): Subtyping check failed; expected type Parsing.bytes32; got type FStar.Seq.Base.seq Slice.byte (see also Parsing.fst(27,23-27,42))
ValidatedParser.fst(182,2-185,28): (Warning 252) (Hint-replay failed): could not prove post-condition (see also ValidatedParser.fst(166,26-166,61))
ValidatedParser.fst(287,23-287,29): (Warning 252) (Hint-replay failed): assertion failed (see also Slice.fst(25,12-25,22))
ValidatedParser.fst(318,2-318,23): (Warning 252) (Hint-replay failed): assertion failed (see also ValidatedParser.fst(272,20-272,55))
ValidatedParser.fst(90,33-90,55): (Warning 252) (Hint-replay failed): Subtyping check failed; expected type b: Slice.bytes{FStar.Seq.Base.length b < Prims.pow2 32}; got type FStar.Seq.Base.seq Slice.byte (see also ValidatedParser.fst(80,38-80,56))
ValidatedParser.fst(115,78-115,81): (Warning 252) (Hint-replay failed): Subtyping check failed; expected type Parsing.bytes32; got type FStar.Seq.Base.seq Slice.byte (see also Parsing.fst(27,23-27,42))
ValidatedParser.fst(149,55-149,81): (Warning 252) (Hint-replay failed): Subtyping check failed; expected type Parsing.bytes32; got type FStar.Seq.Base.seq Slice.byte (see also Parsing.fst(27,23-27,42))
ValidatedParser.fst(175,76-175,79): (Warning 252) (Hint-replay failed): Subtyping check failed; expected type Parsing.bytes32; got type FStar.Seq.Base.seq Slice.byte (see also Parsing.fst(27,23-27,42))
ValidatedParser.fst(360,27-360,50): (Warning 252) (Hint-replay failed): Subtyping check failed; expected type Parsing.bytes32; got type FStar.Seq.Base.seq Slice.byte (see also Parsing.fst(27,23-27,42))
Serializer.fst(77,29-77,31): (Warning 252) (Hint-replay failed): could not prove post-condition (see also Serializer.fst(75,8-75,76))
Serializer.fst(83,33-83,35): (Warning 252) (Hint-replay failed): could not prove post-condition (see also Serializer.fst(81,17-81,66))
Serializer.fst(88,22-88,24): (Warning 252) (Hint-replay failed): could not prove post-condition (see also Serializer.fst(86,10-86,58))
Serializer.fst(96,4-104,10): (Warning 252) (Hint-replay failed): could not prove post-condition (see also Serializer.fst(95,13-95,38))
Serializer.fst(128,4-128,10): (Warning 252) (Hint-replay failed): assertion failed (see also Serializer.fst(128,11-128,29))
Serializer.fst(155,32-155,35): (Warning 252) (Hint-replay failed): assertion failed (see also FStar.UInt32.fst(44,12-44,32))
Serializer.fst(197,4-235,7): (Warning 252) (Hint-replay failed): could not prove post-condition (see also Serializer.fst(191,18-191,34))
Serializer.fst(251,14-251,17): (Warning 252) (Hint-replay failed): assertion failed (see also FStar.UInt32.fst(44,12-44,32))
Serializer.fst(269,4-288,18): (Warning 252) (Hint-replay failed): could not prove post-condition (see also Serializer.fst(266,17-266,73))
Serializer.fst(251,14-251,17): (Warning 252) (Hint-replay failed): assertion failed (see also FStar.UInt32.fst(44,12-44,32))
StringPrinter.Base.fst(91,24-91,26): (Warning 252) (Hint-replay failed): Subtyping check failed; expected type u84143:
Prims.unit
{StringPrinter.Base.m_sz_res_pred (StringPrinter.Base.ret x) x (FStar.UInt32.__uint_to_t 0)}; got type Prims.unit (see also StringPrinter.Base.fst(69,42-69,61))
StringPrinter.Base.fst(111,2-113,4): (Warning 252) (Hint-replay failed): could not prove post-condition (see also StringPrinter.Base.fst(109,4-109,47))
StringPrinter.Base.fst(143,14-143,16): (Warning 252) (Hint-replay failed): Subtyping check failed; expected type u88356:
Prims.unit
{FStar.Seq.Base.length (StringPrinter.Base.log (StringPrinter.Base.bind x y)) > 4294967295}; got type Prims.unit (see also StringPrinter.Base.fst(70,20-70,49))
StringPrinter.Base.fst(191,24-191,26): (Warning 252) (Hint-replay failed): Subtyping check failed; expected type u97217:
Prims.unit
{ StringPrinter.Base.m_sz_res_pred (StringPrinter.Base.print_char c)
()
(FStar.UInt32.__uint_to_t 1) }; got type Prims.unit (see also StringPrinter.Base.fst(69,42-69,61))
StringPrinter.Base.fst(239,2-239,46): (Warning 252) (Hint-replay failed): could not prove post-condition (see also StringPrinter.Base.fst(237,6-237,21))
StringPrinter.Base.fst(507,27-507,41): (Warning 252) (Hint-replay failed): Subtyping check failed; expected type FStar.UInt.uint_t FStar.UInt32.n; got type Prims.nat (see also FStar.UInt.fst(52,28-52,36))
StringPrinter.Base.fst(528,11-528,17): (Warning 252) (Hint-replay failed): could not prove post-condition (see also StringPrinter.Base.fst(523,4-523,26))
StringPrinter.Base.fst(583,23-583,26): (Warning 252) (Hint-replay failed): Subtyping check failed; expected type len:
FStar.UInt32.t
{FStar.UInt32.v (FStar.UInt32.__uint_to_t 0) + FStar.UInt32.v len <= FStar.Buffer.length b}; got type FStar.UInt32.t (see also FStar.Buffer.fst(1010,18-1010,41))
StringPrinter.Base.fst(682,4-682,27): (Warning 252) (Hint-replay failed): assertion failed (see also FStar.Buffer.fst(506,12-506,32))
StringPrinter.Base.fst(91,24-91,26): (Warning 252) (Hint-replay failed): Subtyping check failed; expected type u189564:
Prims.unit
{StringPrinter.Base.m_sz_res_pred (StringPrinter.Base.ret x) x (FStar.UInt32.__uint_to_t 0)}; got type Prims.unit (see also StringPrinter.Base.fst(69,42-69,61))
StringPrinter.Base.fst(143,14-143,16): (Warning 252) (Hint-replay failed): Subtyping check failed; expected type u194275:
Prims.unit
{FStar.Seq.Base.length (StringPrinter.Base.log (StringPrinter.Base.bind x y)) > 4294967295}; got type Prims.unit (see also StringPrinter.Base.fst(70,20-70,49))
StringPrinter.Base.fst(191,24-191,26): (Warning 252) (Hint-replay failed): Subtyping check failed; expected type u203308:
Prims.unit
{ StringPrinter.Base.m_sz_res_pred (StringPrinter.Base.print_char c)
()
(FStar.UInt32.__uint_to_t 1) }; got type Prims.unit (see also StringPrinter.Base.fst(69,42-69,61))
StringPrinter.Base.fst(239,2-239,46): (Warning 252) (Hint-replay failed): could not prove post-condition (see also StringPrinter.Base.fst(237,6-237,21))
StringPrinter.Base.fst(507,27-507,41): (Warning 252) (Hint-replay failed): Subtyping check failed; expected type FStar.UInt.uint_t FStar.UInt32.n; got type Prims.nat (see also FStar.UInt.fst(52,28-52,36))
StringPrinter.Base.fst(528,11-528,17): (Warning 252) (Hint-replay failed): could not prove post-condition (see also StringPrinter.Base.fst(523,4-523,26))
StringPrinter.Base.fst(543,2-563,10): (Warning 252) (Hint-replay failed): assertion failed (see also StringPrinter.Base.fst(520,4-520,34))
StringPrinter.Base.fst(583,13-583,16): (Warning 252) (Hint-replay failed): Subtyping check failed; expected type FStar.UInt.uint_t FStar.UInt32.n; got type Prims.int (see also FStar.UInt.fst(52,28-52,36))
LowParse.SLow.Combinators.fst(32,21-32,26): (Warning 252) (Hint-replay failed): Subtyping check failed; expected type j: Prims.nat{FStar.UInt32.v l <= j && j <= FStar.Seq.Base.length (FStar.Bytes.reveal input)}; got type FStar.UInt.uint_t FStar.UInt32.n (see also FStar.Bytes.fsti(146,56-146,65))
LowParse.SLow.Combinators.fst(55,21-55,26): (Warning 252) (Hint-replay failed): Subtyping check failed; expected type j: Prims.nat{FStar.UInt32.v l <= j && j <= FStar.Seq.Base.length (FStar.Bytes.reveal input)}; got type FStar.UInt.uint_t FStar.UInt32.n (see also FStar.Bytes.fsti(146,56-146,65))
LowParse.SLow.Combinators.fst(93,8-93,14): (Warning 252) (Hint-replay failed): assertion failed (see also FStar.Bytes.fsti(138,19-138,60))
LowParse.SLow.Combinators.fst(109,36-109,52): (Warning 252) (Hint-replay failed): Subtyping check failed; expected type LowParse.Spec.Base.consumed_length (FStar.Bytes.reveal xbytes); got type FStar.UInt.uint_t FStar.UInt32.n (see also LowParse.Spec.Base.fst(22,55-22,72))
LowParse.SLow.Combinators.fst(206,15-206,17): (Warning 252) (Hint-replay failed): Subtyping check failed; expected type FStar.Bytes.lbytes sz; got type r:
FStar.Bytes.bytes
{ FStar.Bytes.reveal r ==
FStar.Seq.Base.slice (FStar.Bytes.reveal input)
(FStar.UInt32.v (FStar.UInt32.uint_to_t 0))
(FStar.UInt32.v sz') } (see also FStar.Bytes.fsti(79,30-79,42))
LowParse.SLow.Combinators.fst(228,15-228,17): (Warning 252) (Hint-replay failed): Subtyping check failed; expected type FStar.Bytes.lbytes sz; got type r:
FStar.Bytes.bytes
{ FStar.Bytes.reveal r ==
FStar.Seq.Base.slice (FStar.Bytes.reveal input)
(FStar.UInt32.v (FStar.UInt32.uint_to_t 0))
(FStar.UInt32.v sz') } (see also FStar.Bytes.fsti(79,30-79,42))
LowParse.SLow.Combinators.fst(251,5-251,8): (Warning 252) (Hint-replay failed): Subtyping check failed; expected type z:
FStar.UInt32.t
{ LowParse.SLow.Base.size32_postcond (LowParse.Spec.Combinators.serialize_nondep_then p1
s1
u56605
p2
s2)
x
z }; got type FStar.UInt32.t (see also LowParse.SLow.Combinators.fst(251,25-251,80))
LowParse.SLow.Combinators.fst(15,2-15,109): (Warning 252) (Hint-replay failed): Ill-kinded type (see also LowParse.Spec.Base.fst(429,22-429,42))
LowParse.SLow.Combinators.fst(32,21-32,26): (Warning 252) (Hint-replay failed): Subtyping check failed; expected type j: Prims.nat{FStar.UInt32.v l <= j && j <= FStar.Seq.Base.length (FStar.Bytes.reveal input)}; got type FStar.UInt.uint_t FStar.UInt32.n (see also FStar.Bytes.fsti(146,56-146,65))
LowParse.SLow.Combinators.fst(55,21-55,26): (Warning 252) (Hint-replay failed): Subtyping check failed; expected type j: Prims.nat{FStar.UInt32.v l <= j && j <= FStar.Seq.Base.length (FStar.Bytes.reveal input)}; got type FStar.UInt.uint_t FStar.UInt32.n (see also FStar.Bytes.fsti(146,56-146,65))
LowParse.SLow.Combinators.fst(93,8-93,14): (Warning 252) (Hint-replay failed): assertion failed (see also FStar.Bytes.fsti(138,19-138,60))
LowParse.SLow.Combinators.fst(109,36-109,52): (Warning 252) (Hint-replay failed): Subtyping check failed; expected type LowParse.Spec.Base.consumed_length (FStar.Bytes.reveal xbytes); got type FStar.UInt.uint_t FStar.UInt32.n (see also LowParse.Spec.Base.fst(22,55-22,72))
LowParse.SLow.Combinators.fst(206,15-206,17): (Warning 252) (Hint-replay failed): Subtyping check failed; expected type FStar.Bytes.lbytes sz; got type r:
FStar.Bytes.bytes
{ FStar.Bytes.reveal r ==
FStar.Seq.Base.slice (FStar.Bytes.reveal input)
(FStar.UInt32.v (FStar.UInt32.uint_to_t 0))
(FStar.UInt32.v sz') } (see also FStar.Bytes.fsti(79,30-79,42))
LowParse.SLow.Combinators.fst(228,15-228,17): (Warning 252) (Hint-replay failed): Subtyping check failed; expected type FStar.Bytes.lbytes sz; got type r:
FStar.Bytes.bytes
{ FStar.Bytes.reveal r ==
FStar.Seq.Base.slice (FStar.Bytes.reveal input)
(FStar.UInt32.v (FStar.UInt32.uint_to_t 0))
(FStar.UInt32.v sz') } (see also FStar.Bytes.fsti(79,30-79,42))
LowParse.SLow.Combinators.fst(251,5-251,8): (Warning 252) (Hint-replay failed): Subtyping check failed; expected type z:
FStar.UInt32.t
{ LowParse.SLow.Base.size32_postcond (LowParse.Spec.Combinators.serialize_nondep_then p1
s1
u89395
p2
s2)
x
z }; got type FStar.UInt32.t (see also LowParse.SLow.Combinators.fst(251,25-251,80))
FStar.Tactics.Simplifier.fst(277,18-277,23): (Warning 296) Tactics admitted goal <(r: FStar.ST.ref Prims.int) |- _ : Prims.squash (forall (x: FStar.Pervasives.st_post_h FStar.Monotonic.Heap.heap Prims.unit)
(x: FStar.Monotonic.Heap.heap).
(forall (x: Prims.unit) (x: FStar.Monotonic.Heap.heap). Prims.auto_squash (x x x)) ==>
FStar.Heap.trivial_preorder Prims.int (FStar.Monotonic.Heap.sel x r) 0 /\
(forall (x: Prims.unit)
(x:
_:
FStar.Monotonic.Heap.heap
{FStar.Heap.trivial_preorder Prims.int (FStar.Monotonic.Heap.sel x r) 0}).
FStar.Heap.trivial_preorder Prims.int (FStar.Monotonic.Heap.sel x r) 0 /\
FStar.Monotonic.Heap.contains x r /\
FStar.Monotonic.Heap.modifies (FStar.Set.singleton (FStar.Monotonic.Heap.addr_of r)) x x /\
FStar.Monotonic.Heap.equal_dom x x /\ FStar.Monotonic.Heap.sel x r == 0 ==>
FStar.Heap.trivial_preorder Prims.int (FStar.Monotonic.Heap.sel x r) 1 /\
(forall (x: Prims.unit)
(x:
_:
FStar.Monotonic.Heap.heap
{FStar.Heap.trivial_preorder Prims.int (FStar.Monotonic.Heap.sel x r) 1}).
FStar.Heap.trivial_preorder Prims.int (FStar.Monotonic.Heap.sel x r) 1 /\
FStar.Monotonic.Heap.contains x r /\
FStar.Monotonic.Heap.modifies (FStar.Set.singleton (FStar.Monotonic.Heap.addr_of r))
x
x /\ FStar.Monotonic.Heap.equal_dom x x /\ FStar.Monotonic.Heap.sel x r == 1 ==>
FStar.Heap.trivial_preorder Prims.int (FStar.Monotonic.Heap.sel x r) 2 /\
(forall (x: Prims.unit)
(x:
_:
FStar.Monotonic.Heap.heap
{FStar.Heap.trivial_preorder Prims.int (FStar.Monotonic.Heap.sel x r) 2}).
FStar.Heap.trivial_preorder Prims.int (FStar.Monotonic.Heap.sel x r) 2 /\
FStar.Monotonic.Heap.contains x r /\
FStar.Monotonic.Heap.modifies (FStar.Set.singleton (FStar.Monotonic.Heap.addr_of r
))
x
x /\ FStar.Monotonic.Heap.equal_dom x x /\ FStar.Monotonic.Heap.sel x r == 2 ==>
FStar.Heap.trivial_preorder Prims.int (FStar.Monotonic.Heap.sel x r) 3 /\
(forall (x: Prims.unit)
(x:
_:
FStar.Monotonic.Heap.heap
{FStar.Heap.trivial_preorder Prims.int (FStar.Monotonic.Heap.sel x r) 3}).
FStar.Heap.trivial_preorder Prims.int (FStar.Monotonic.Heap.sel x r) 3 /\
FStar.Monotonic.Heap.contains x r /\
FStar.Monotonic.Heap.modifies (FStar.Set.singleton (FStar.Monotonic.Heap.addr_of 
r))
x
x /\ FStar.Monotonic.Heap.equal_dom x x /\ FStar.Monotonic.Heap.sel x r == 3 ==>
x x x)))))>

(see also FStar.Tactics.Simplifier.fst(273,55-273,63))
FStar.Tactics.Simplifier.fst(277,18-277,23): (Warning 296) Tactics admitted goal <(r: FStar.ST.ref Prims.int) |- _ : Prims.squash (forall (x: FStar.Pervasives.st_post_h FStar.Monotonic.Heap.heap Prims.unit)
(x: FStar.Monotonic.Heap.heap).
(forall (x: Prims.unit) (x: FStar.Monotonic.Heap.heap). Prims.auto_squash (x x x)) ==>
FStar.Heap.trivial_preorder Prims.int (FStar.Monotonic.Heap.sel x r) 0 /\
(forall (x: Prims.unit)
(x:
_:
FStar.Monotonic.Heap.heap
{FStar.Heap.trivial_preorder Prims.int (FStar.Monotonic.Heap.sel x r) 0}).
FStar.Heap.trivial_preorder Prims.int (FStar.Monotonic.Heap.sel x r) 0 /\
FStar.Monotonic.Heap.contains x r /\
FStar.Monotonic.Heap.modifies (FStar.Set.singleton (FStar.Monotonic.Heap.addr_of r)) x x /\
FStar.Monotonic.Heap.equal_dom x x /\ FStar.Monotonic.Heap.sel x r == 0 ==>
FStar.Heap.trivial_preorder Prims.int (FStar.Monotonic.Heap.sel x r) 1 /\
(forall (x: Prims.unit)
(x:
_:
FStar.Monotonic.Heap.heap
{FStar.Heap.trivial_preorder Prims.int (FStar.Monotonic.Heap.sel x r) 1}).
FStar.Heap.trivial_preorder Prims.int (FStar.Monotonic.Heap.sel x r) 1 /\
FStar.Monotonic.Heap.contains x r /\
FStar.Monotonic.Heap.modifies (FStar.Set.singleton (FStar.Monotonic.Heap.addr_of r))
x
x /\ FStar.Monotonic.Heap.equal_dom x x /\ FStar.Monotonic.Heap.sel x r == 1 ==>
FStar.Heap.trivial_preorder Prims.int (FStar.Monotonic.Heap.sel x r) 2 /\
(forall (x: Prims.unit)
(x:
_:
FStar.Monotonic.Heap.heap
{FStar.Heap.trivial_preorder Prims.int (FStar.Monotonic.Heap.sel x r) 2}).
FStar.Heap.trivial_preorder Prims.int (FStar.Monotonic.Heap.sel x r) 2 /\
FStar.Monotonic.Heap.contains x r /\
FStar.Monotonic.Heap.modifies (FStar.Set.singleton (FStar.Monotonic.Heap.addr_of r
))
x
x /\ FStar.Monotonic.Heap.equal_dom x x /\ FStar.Monotonic.Heap.sel x r == 2 ==>
FStar.Heap.trivial_preorder Prims.int (FStar.Monotonic.Heap.sel x r) 3 /\
(forall (x: Prims.unit)
(x:
_:
FStar.Monotonic.Heap.heap
{FStar.Heap.trivial_preorder Prims.int (FStar.Monotonic.Heap.sel x r) 3}).
FStar.Heap.trivial_preorder Prims.int (FStar.Monotonic.Heap.sel x r) 3 /\
FStar.Monotonic.Heap.contains x r /\
FStar.Monotonic.Heap.modifies (FStar.Set.singleton (FStar.Monotonic.Heap.addr_of 
r))
x
x /\ FStar.Monotonic.Heap.equal_dom x x /\ FStar.Monotonic.Heap.sel x r == 3 ==>
FStar.Heap.trivial_preorder Prims.int (FStar.Monotonic.Heap.sel x r) 4 /\
(forall (x: Prims.unit)
(x:
_:
FStar.Monotonic.Heap.heap
{FStar.Heap.trivial_preorder Prims.int (FStar.Monotonic.Heap.sel x r) 4})
.
FStar.Heap.trivial_preorder Prims.int (FStar.Monotonic.Heap.sel x r) 4 /\
FStar.Monotonic.Heap.contains x r /\
FStar.Monotonic.Heap.modifies (FStar.Set.singleton (FStar.Monotonic.Heap.addr_of 
r))
x
x /\ FStar.Monotonic.Heap.equal_dom x x /\
FStar.Monotonic.Heap.sel x r == 4 ==>
FStar.Heap.trivial_preorder Prims.int (FStar.Monotonic.Heap.sel x r) 5 /\
(forall (x: Prims.unit)
(x:
_:
FStar.Monotonic.Heap.heap
{ FStar.Heap.trivial_preorder Prims.int
(FStar.Monotonic.Heap.sel x r)
5 }).
FStar.Heap.trivial_preorder Prims.int (FStar.Monotonic.Heap.sel x r) 5 /\
FStar.Monotonic.Heap.contains x r /\
FStar.Monotonic.Heap.modifies (FStar.Set.singleton (FStar.Monotonic.Heap.addr_of 
r))
x
x /\ FStar.Monotonic.Heap.equal_dom x x /\
FStar.Monotonic.Heap.sel x r == 5 ==>
FStar.Heap.trivial_preorder Prims.int (FStar.Monotonic.Heap.sel x r) 6 /\
(forall (x: Prims.unit)
(x:
_:
FStar.Monotonic.Heap.heap
{ FStar.Heap.trivial_preorder Prims.int
(FStar.Monotonic.Heap.sel x r)
6 }).
FStar.Heap.trivial_preorder Prims.int
(FStar.Monotonic.Heap.sel x r)
6 /\ FStar.Monotonic.Heap.contains x r /\
FStar.Monotonic.Heap.modifies (FStar.Set.singleton (FStar.Monotonic.Heap.addr_of 
r))
x
x /\ FStar.Monotonic.Heap.equal_dom x x /\
FStar.Monotonic.Heap.sel x r == 6 ==>
FStar.Heap.trivial_preorder Prims.int
(FStar.Monotonic.Heap.sel x r)
7 /\
(forall (x: Prims.unit)
(x:
_:
FStar.Monotonic.Heap.heap
{ FStar.Heap.trivial_preorder Prims.int
(FStar.Monotonic.Heap.sel x r)
7 }).
FStar.Heap.trivial_preorder Prims.int
(FStar.Monotonic.Heap.sel x r)
7 /\ FStar.Monotonic.Heap.contains x r /\
FStar.Monotonic.Heap.modifies (FStar.Set.singleton (FStar.Monotonic.Heap.addr_of 
r))
x
x /\ FStar.Monotonic.Heap.equal_dom x x /\
FStar.Monotonic.Heap.sel x r == 7 ==>
FStar.Heap.trivial_preorder Prims.int
(FStar.Monotonic.Heap.sel x r)
8 /\
(forall (x: Prims.unit)
(x:
_:
FStar.Monotonic.Heap.heap
{ FStar.Heap.trivial_preorder Prims.int
(FStar.Monotonic.Heap.sel x r)
8 }).
FStar.Heap.trivial_preorder Prims.int
(FStar.Monotonic.Heap.sel x r)
8 /\ FStar.Monotonic.Heap.contains x r /\
FStar.Monotonic.Heap.modifies (FStar.Set.singleton (FStar.Monotonic.Heap.addr_of 
r))
x
x /\ FStar.Monotonic.Heap.equal_dom x x /\
FStar.Monotonic.Heap.sel x r == 8 ==>
FStar.Heap.trivial_preorder Prims.int
(FStar.Monotonic.Heap.sel x r)
9 /\
(forall (x: Prims.unit)
(x:
_:
FStar.Monotonic.Heap.heap
{ FStar.Heap.trivial_preorder Prims.int
(FStar.Monotonic.Heap.sel x r)
9 }).
FStar.Heap.trivial_preorder Prims.int
(FStar.Monotonic.Heap.sel x r)
9 /\ FStar.Monotonic.Heap.contains x r /\
FStar.Monotonic.Heap.modifies (FStar.Set.singleton (FStar.Monotonic.Heap.addr_of 
r))
x
x /\ FStar.Monotonic.Heap.equal_dom x x /\
FStar.Monotonic.Heap.sel x r == 9 ==>
FStar.Heap.trivial_preorder Prims.int
(FStar.Monotonic.Heap.sel x r)
10 /\
(forall (x: Prims.unit)
(x:
_:
FStar.Monotonic.Heap.heap
{ FStar.Heap.trivial_preorder Prims.int
(FStar.Monotonic.Heap.sel x r)
10 }).
FStar.Heap.trivial_preorder Prims.int
(FStar.Monotonic.Heap.sel x r)
10 /\ FStar.Monotonic.Heap.contains x r /\
FStar.Monotonic.Heap.modifies (FStar.Set.singleton 
(FStar.Monotonic.Heap.addr_of r))
x
x /\ FStar.Monotonic.Heap.equal_dom x x /\
FStar.Monotonic.Heap.sel x r == 10 ==>
x x x))))))))))))>

(see also FStar.Tactics.Simplifier.fst(273,55-273,63))
IntegerParsing.fst(25,30-25,66): (Warning 252) (Hint-replay failed): Failed to prove that the type 'IntegerParsing.u16_array' supports decidable equality because of this argument; add either the 'noeq' or 'unopteq' qualifier (see also IntegerParsing.fst(24,0-25,79))
IntegerParsing.fst(28,30-28,66): (Warning 252) (Hint-replay failed): Failed to prove that the type 'IntegerParsing.u32_array' supports decidable equality because of this argument; add either the 'noeq' or 'unopteq' qualifier (see also IntegerParsing.fst(27,0-28,79))
IntegerParsing.fst(39,30-39,42): (Warning 252) (Hint-replay failed): Subtyping check failed; expected type FStar.UInt.uint_t FStar.UInt16.n; got type Prims.nat (see also FStar.UInt.fst(52,28-52,36))
IntegerParsing.fst(47,30-47,42): (Warning 252) (Hint-replay failed): Subtyping check failed; expected type FStar.UInt.uint_t FStar.UInt32.n; got type Prims.nat (see also FStar.UInt.fst(52,28-52,36))
IntegerParsing.fst(56,29-56,33): (Warning 252) (Hint-replay failed): Subtyping check failed; expected type a16: FStar.Kremlin.Endianness.bytes{FStar.Seq.Base.length a16 == FStar.UInt16.v array_len}; got type FStar.Seq.Base.seq Parsing.byte (see also IntegerParsing.fst(25,40-25,65))
IntegerParsing.fst(64,29-64,33): (Warning 252) (Hint-replay failed): Subtyping check failed; expected type a32: FStar.Kremlin.Endianness.bytes{FStar.Seq.Base.length a32 == FStar.UInt32.v array_len}; got type FStar.Seq.Base.seq Parsing.byte (see also IntegerParsing.fst(28,40-28,65))
IntegerParsing.fst(85,29-85,32): (Warning 252) (Hint-replay failed): Subtyping check failed; expected type n: FStar.UInt32.t{FStar.UInt32.v n < FStar.Buffer.length (BSlice?.p input)}; got type FStar.UInt32.t (see also C:\build\agent1\_work\1\s\ulib\FStar.Buffer.fst(944,47-944,61))
IntegerParsing.fst(89,4-90,41): (Warning 252) (Hint-replay failed): could not prove post-condition (see also Parsing.fst(97,29-97,36))
IntegerParsing.fst(94,2-95,10): (Warning 252) (Hint-replay failed): could not prove post-condition (see also Parsing.fst(121,23-121,30))
IntegerParsing.fst(104,2-105,10): (Warning 252) (Hint-replay failed): could not prove post-condition (see also Parsing.fst(121,23-121,30))
IntegerParsing.fst(135,47-135,74): (Warning 252) (Hint-replay failed): Subtyping check failed; expected type len: FStar.UInt32.t{FStar.UInt32.v len <= FStar.UInt32.v (BSlice?.len input)}; got type b: FStar.UInt32.t{FStar.UInt32.v b = FStar.UInt16.v len} (see also Slice.fst(40,43-40,67))
IntegerParsing.fst(154,47-154,50): (Warning 252) (Hint-replay failed): Subtyping check failed; expected type len: FStar.UInt32.t{FStar.UInt32.v len <= FStar.UInt32.v (BSlice?.len input)}; got type FStar.UInt32.t (see also Slice.fst(40,43-40,67))
IntegerParsing.fst(158,2-167,16): (Warning 252) (Hint-replay failed): could not prove post-condition (see also Parsing.fst(132,15-132,22))
IntegerParsing.fst(176,2-188,16): (Warning 252) (Hint-replay failed): could not prove post-condition (see also Parsing.fst(132,15-132,22))
IntegerParsing.fst(190,50-190,64): (Warning 252) (Hint-replay failed): Subtyping check failed; expected type b: FStar.Kremlin.Endianness.bytes{FStar.Seq.Base.length b == 1}; got type FStar.Seq.Base.seq FStar.UInt8.t (see also IntegerParsing.fst(190,33-190,46))
IntegerParsing.fst(223,26-223,56): (Warning 252) (Hint-replay failed): Subtyping check failed; expected type Prims.nat; got type Prims.int (see also prims.fst(408,17-408,23))
IntegerParsing.fst(235,2-239,15): (Warning 252) (Hint-replay failed): could not prove post-condition (see also Serializing.fst(102,8-102,39))
IntegerParsing.fst(243,2-247,17): (Warning 252) (Hint-replay failed): could not prove post-condition (see also Serializing.fst(102,8-102,39))
IntegerParsing.fst(25,30-25,66): (Warning 252) (Hint-replay failed): Failed to prove that the type 'IntegerParsing.u16_array' supports decidable equality because of this argument; add either the 'noeq' or 'unopteq' qualifier (see also IntegerParsing.fst(24,0-25,79))
IntegerParsing.fst(28,30-28,66): (Warning 252) (Hint-replay failed): Failed to prove that the type 'IntegerParsing.u32_array' supports decidable equality because of this argument; add either the 'noeq' or 'unopteq' qualifier (see also IntegerParsing.fst(27,0-28,79))
IntegerParsing.fst(39,30-39,42): (Warning 252) (Hint-replay failed): Subtyping check failed; expected type FStar.UInt.uint_t FStar.UInt16.n; got type Prims.nat (see also FStar.UInt.fst(52,28-52,36))
IntegerParsing.fst(47,30-47,42): (Warning 252) (Hint-replay failed): Subtyping check failed; expected type FStar.UInt.uint_t FStar.UInt32.n; got type Prims.nat (see also FStar.UInt.fst(52,28-52,36))
IntegerParsing.fst(56,29-56,33): (Warning 252) (Hint-replay failed): Subtyping check failed; expected type a16: FStar.Kremlin.Endianness.bytes{FStar.Seq.Base.length a16 == FStar.UInt16.v array_len}; got type FStar.Seq.Base.seq Parsing.byte (see also IntegerParsing.fst(25,40-25,65))
IntegerParsing.fst(64,29-64,33): (Warning 252) (Hint-replay failed): Subtyping check failed; expected type a32: FStar.Kremlin.Endianness.bytes{FStar.Seq.Base.length a32 == FStar.UInt32.v array_len}; got type FStar.Seq.Base.seq Parsing.byte (see also IntegerParsing.fst(28,40-28,65))
Parsing.fst(146,55-146,56): (Warning 252) (Hint-replay failed): Subtyping check failed; expected type FStar.Pervasives.Native.option (off:
FStar.UInt32.t{FStar.UInt32.v off <= FStar.Seq.Base.length (Slice.as_seq h1 input)}); got type FStar.Pervasives.Native.option (off:
FStar.UInt32.t{FStar.UInt32.v off <= FStar.UInt32.v (BSlice?.len input)}) (see also Parsing.fst(130,24-141,55))
Parsing.fst(146,55-146,56): (Warning 252) (Hint-replay failed): Subtyping check failed; expected type FStar.Pervasives.Native.option (off:
FStar.UInt32.t{FStar.UInt32.v off <= FStar.Seq.Base.length (Slice.as_seq h1 input)}); got type FStar.Pervasives.Native.option (off:
FStar.UInt32.t{FStar.UInt32.v off <= FStar.UInt32.v (BSlice?.len input)}) (see also Parsing.fst(130,24-141,55))
IntegerParsing.fst(190,50-190,64): (Warning 252) (Hint-replay failed): Subtyping check failed; expected type b: FStar.Kremlin.Endianness.bytes{FStar.Seq.Base.length b == 1}; got type FStar.Seq.Base.seq FStar.UInt8.t (see also IntegerParsing.fst(190,33-190,46))
IntegerParsing.fst(223,26-223,56): (Warning 252) (Hint-replay failed): Subtyping check failed; expected type Prims.nat; got type Prims.int (see also prims.fst(408,17-408,23))
IntegerParsing.fst(235,2-239,15): (Warning 252) (Hint-replay failed): could not prove post-condition (see also Serializing.fst(102,8-102,39))
IntegerParsing.fst(243,2-247,17): (Warning 252) (Hint-replay failed): could not prove post-condition (see also Serializing.fst(102,8-102,39))
StringPrinter.RecC.fst(70,2-83,24): (Warning 252) (Hint-replay failed): could not prove post-condition (see also StringPrinter.RecC.fst(65,4-65,81))
StringPrinter.RecC.fst(70,2-83,24): (Warning 252) could not prove post-condition (see also StringPrinter.RecC.fst(67,9-67,91))
StringPrinter.RecC.fst(95,10-95,25): (Warning 252) (Hint-replay failed): assertion failed (see also C:/build/agent1/_work/1/s/kremlin/kremlib/C.Loops.fst(461,12-461,25))
StringPrinter.RecC.fst(143,31-143,35): (Warning 252) (Hint-replay failed): Subtyping check failed; expected type FStar.UInt.uint_t FStar.UInt32.n; got type Prims.int (see also FStar.UInt.fst(52,28-52,36))
StringPrinter.RecC.fst(257,8-257,16): (Warning 252) (Hint-replay failed): assertion failed (see also C:/build/agent1/_work/1/s/kremlin/kremlib/C.Loops.fst(141,24-141,35))
StringPrinter.RecC.fst(70,2-83,24): (Warning 252) (Hint-replay failed): could not prove post-condition (see also StringPrinter.RecC.fst(65,4-65,81))
StringPrinter.RecC.fst(70,2-83,24): (Warning 252) could not prove post-condition (see also StringPrinter.RecC.fst(67,9-67,91))
StringPrinter.RecC.fst(95,10-95,25): (Warning 252) (Hint-replay failed): assertion failed (see also C:/build/agent1/_work/1/s/kremlin/kremlib/C.Loops.fst(461,12-461,25))
StringPrinter.RecC.fst(143,31-143,35): (Warning 252) (Hint-replay failed): Subtyping check failed; expected type FStar.UInt.uint_t FStar.UInt32.n; got type Prims.int (see also FStar.UInt.fst(52,28-52,36))
StringPrinter.RecC.fst(257,8-257,16): (Warning 252) (Hint-replay failed): assertion failed (see also C:/build/agent1/_work/1/s/kremlin/kremlib/C.Loops.fst(141,24-141,35))
VectorParsing.fst(39,28-45,14): (Warning 252) (Hint-replay failed): could not prove post-condition (see also VectorParsing.fst(37,27-37,34))
VectorParsing.fst(51,30-54,16): (Warning 252) (Hint-replay failed): could not prove post-condition (see also VectorParsing.fst(49,27-49,53))
VectorParsing.fst(80,70-80,71): (Warning 252) (Hint-replay failed): Subtyping check failed; expected type b:
(b: Slice.bytes{FStar.Seq.Base.length b < Prims.pow2 32})
{%[ FStar.Seq.Base.length b ] << %[ FStar.Seq.Base.length b ]}; got type FStar.Seq.Base.seq Slice.byte (see also VectorParsing.fst(67,51-67,69))
VectorParsing.fst(93,40-93,43): (Warning 252) (Hint-replay failed): Subtyping check failed; expected type Parsing.bytes32; got type FStar.Seq.Base.seq Slice.byte (see also Parsing.fst(27,23-27,42))
VectorParsing.fst(106,50-106,51): (Warning 252) (Hint-replay failed): Subtyping check failed; expected type n: Prims.nat{n <= FStar.Seq.Base.length b}; got type Prims.int (see also Parsing.fst(40,58-40,71))
VectorParsing.fst(127,13-127,54): (Warning 252) (Hint-replay failed): Subtyping check failed; expected type b: Slice.bytes{FStar.Seq.Base.length b == VectorParsing.vector_length v}; got type FStar.Seq.Base.seq Slice.byte (see also VectorParsing.fst(123,45-123,72))
VectorParsing.fst(221,13-221,43): (Warning 252) (Hint-replay failed): assertion failed (see also VectorParsing.fst(92,22-92,75))
VectorParsing.fst(80,70-80,71): (Warning 252) (Hint-replay failed): Subtyping check failed; expected type b:
(b: Slice.bytes{FStar.Seq.Base.length b < Prims.pow2 32})
{%[ FStar.Seq.Base.length b ] << %[ FStar.Seq.Base.length b ]}; got type FStar.Seq.Base.seq Slice.byte (see also VectorParsing.fst(67,51-67,69))
VectorParsing.fst(93,40-93,43): (Warning 252) (Hint-replay failed): Subtyping check failed; expected type Parsing.bytes32; got type FStar.Seq.Base.seq Slice.byte (see also Parsing.fst(27,23-27,42))
VectorParsing.fst(106,50-106,51): (Warning 252) (Hint-replay failed): Subtyping check failed; expected type n: Prims.nat{n <= FStar.Seq.Base.length b}; got type Prims.int (see also Parsing.fst(40,58-40,71))
VectorParsing.fst(127,13-127,54): (Warning 252) (Hint-replay failed): Subtyping check failed; expected type b: Slice.bytes{FStar.Seq.Base.length b == VectorParsing.vector_length v}; got type FStar.Seq.Base.seq Slice.byte (see also VectorParsing.fst(123,45-123,72))
VectorParsing.fst(221,13-221,43): (Warning 252) (Hint-replay failed): assertion failed (see also VectorParsing.fst(92,22-92,75))
EnumParsing.fst(112,47-112,48): (Warning 252) (Hint-replay failed): Subtyping check failed; expected type off: Prims.nat{off <= FStar.Seq.Base.length input}; got type Prims.int (see also EnumParsing.fst(87,76-87,95))
EnumParsing.fst(117,28-117,40): (Warning 252) (Hint-replay failed): assertion failed (see also EnumParsing.fst(106,14-106,31))
EnumParsing.fst(133,26-133,58): (Warning 252) (Hint-replay failed): Subtyping check failed; expected type input: Slice.bytes{FStar.Seq.Base.length input < Prims.pow2 32}; got type FStar.Seq.Base.seq Slice.byte (see also EnumParsing.fst(87,33-87,55))
EnumParsing.fst(145,56-145,58): (Warning 252) (Hint-replay failed): could not prove post-condition (see also EnumParsing.fst(142,8-144,35))
EnumParsing.fst(150,32-150,64): (Warning 252) (Hint-replay failed): Subtyping check failed; expected type input: Slice.bytes{FStar.Seq.Base.length input < Prims.pow2 32}; got type FStar.Seq.Base.seq Slice.byte (see also EnumParsing.fst(87,33-87,55))
EnumParsing.fst(162,47-162,49): (Warning 252) (Hint-replay failed): could not prove post-condition (see also EnumParsing.fst(158,8-160,34))
EnumParsing.fst(162,47-162,49): (Warning 252) could not prove post-condition (see also EnumParsing.fst(158,8-160,34))
EnumParsing.fst(174,2-178,16): (Warning 252) (Hint-replay failed): could not prove post-condition (see also Parsing.fst(100,18-100,25))
EnumParsing.fst(181,19-181,36): (Warning 252) (Hint-replay failed): assertion failed (see also Parsing.fst(114,21-114,40))
Parsing.fst(146,28-146,51): (Warning 252) (Hint-replay failed): could not prove post-condition (see also Parsing.fst(132,26-132,62))
EnumParsing.fst(240,2-242,26): (Warning 252) (Hint-replay failed): could not prove post-condition (see also Parsing.fst(132,15-132,22))
Parsing.fst(146,28-146,51): (Warning 252) (Hint-replay failed): could not prove post-condition (see also Parsing.fst(132,15-132,22))
EnumParsing.fst(275,27-275,41): (Warning 252) (Hint-replay failed): Subtyping check failed; expected type b: Slice.bytes{FStar.Seq.Base.length b == 1}; got type FStar.Seq.Base.seq Slice.byte (see also EnumParsing.fst(274,47-274,60))
EnumParsing.fst(284,25-284,59): (Warning 252) (Hint-replay failed): Subtyping check failed; expected type b: Slice.bytes{FStar.Seq.Base.length b == 8}; got type FStar.Seq.Base.seq FStar.UInt8.t (see also EnumParsing.fst(283,51-283,64))
EnumParsing.fst(303,29-303,37): (Warning 252) (Hint-replay failed): could not prove post-condition (see also Serializing.fst(102,8-102,39))
EnumParsing.fst(311,33-311,71): (Warning 252) (Hint-replay failed): could not prove post-condition (see also Serializing.fst(102,8-102,39))
EnumParsing.fst(112,47-112,48): (Warning 252) (Hint-replay failed): Subtyping check failed; expected type off: Prims.nat{off <= FStar.Seq.Base.length input}; got type Prims.int (see also EnumParsing.fst(87,76-87,95))
EnumParsing.fst(117,28-117,40): (Warning 252) (Hint-replay failed): assertion failed (see also EnumParsing.fst(106,14-106,31))
EnumParsing.fst(133,26-133,58): (Warning 252) (Hint-replay failed): Subtyping check failed; expected type input: Slice.bytes{FStar.Seq.Base.length input < Prims.pow2 32}; got type FStar.Seq.Base.seq Slice.byte (see also EnumParsing.fst(87,33-87,55))
EnumParsing.fst(150,32-150,64): (Warning 252) (Hint-replay failed): Subtyping check failed; expected type input: Slice.bytes{FStar.Seq.Base.length input < Prims.pow2 32}; got type FStar.Seq.Base.seq Slice.byte (see also EnumParsing.fst(87,33-87,55))
EnumParsing.fst(240,2-242,26): (Warning 252) (Hint-replay failed): could not prove post-condition (see also Parsing.fst(132,15-132,22))
Parsing.fst(146,28-146,51): (Warning 252) (Hint-replay failed): could not prove post-condition (see also Parsing.fst(132,15-132,22))
EnumParsing.fst(275,27-275,41): (Warning 252) (Hint-replay failed): Subtyping check failed; expected type b: Slice.bytes{FStar.Seq.Base.length b == 1}; got type FStar.Seq.Base.seq Slice.byte (see also EnumParsing.fst(274,47-274,60))
EnumParsing.fst(284,25-284,59): (Warning 252) (Hint-replay failed): Subtyping check failed; expected type b: Slice.bytes{FStar.Seq.Base.length b == 8}; got type FStar.Seq.Base.seq FStar.UInt8.t (see also EnumParsing.fst(283,51-283,64))
EnumParsing.fst(311,33-311,71): (Warning 252) (Hint-replay failed): could not prove post-condition (see also Serializing.fst(102,8-102,39))
make[1]: *** [Makefile.common:125: cache/Model/AEADProvider.fst.checked] Terminated
make: *** [Makefile:48: StreamAE.fst-ver] Terminated
Hacl.Impl.SHA2_256.fst(1012,11-1012,25): (Warning 271) Pattern FStar.Seq.Base.index (if FStar.UInt32.lt len (FStar.UInt32.uint_to_t 56)
then
FStar.Seq.Base.create (FStar.UInt32.v Hacl.Impl.SHA2_256.size_block) (FStar.UInt8.uint_to_t 0)
else
FStar.Seq.Base.create (FStar.UInt32.v Hacl.Impl.SHA2_256.size_block +
FStar.UInt32.v Hacl.Impl.SHA2_256.size_block)
(FStar.UInt8.uint_to_t 0))
i contains illegal sub-term ((ite (= (BoundV 0) (BoxBool (true ))) (FStar.Seq.Base.create (FreeV FStar.UInt8.t) (FStar.UInt32.v (FreeV Hacl.Impl.SHA2_256.size_block)) (FStar.UInt8.uint_to_t (BoxInt (Integer 0)))) (FStar.Seq.Base.create (FreeV FStar.UInt8.t) (Prims.op_Addition (FStar.UInt32.v (FreeV Hacl.Impl.SHA2_256.size_block)) (FStar.UInt32.v (FreeV Hacl.Impl.SHA2_256.size_block))) (FStar.UInt8.uint_to_t (BoxInt (Integer 0)))))); dropping it (see also FStar.Seq.Base.fst(215,73-215,85))
Hacl.Impl.SHA2_256.fst(1016,11-1016,25): (Warning 271) Pattern FStar.Seq.Base.index (FStar.Seq.Base.create (FStar.UInt32.v (if
FStar.UInt32.lt len (FStar.UInt32.uint_to_t 56)
then FStar.UInt32.uint_to_t 1 <: Prims.Tot FStar.UInt32.t
else FStar.UInt32.uint_to_t 2 <: Prims.Tot FStar.UInt32.t) *
FStar.UInt32.v Hacl.Impl.SHA2_256.size_block)
(FStar.UInt8.uint_to_t 0))
i contains illegal sub-term ((ite (= (BoundV 0) (BoxBool (true ))) (FStar.UInt32.uint_to_t (BoxInt (Integer 1))) (FStar.UInt32.uint_to_t (BoxInt (Integer 2))))); dropping it (see also FStar.Seq.Base.fst(215,73-215,85))
Hacl.Impl.SHA2_256.fst(1052,11-1052,25): (Warning 271) Pattern FStar.Seq.Base.index (FStar.Seq.Base.slice (FStar.Buffer.as_seq a return_val)
(FStar.UInt32.v len)
(FStar.UInt32.v (if FStar.UInt32.lt len (FStar.UInt32.uint_to_t 56)
then FStar.UInt32.uint_to_t 1 <: Prims.Tot FStar.UInt32.t
else FStar.UInt32.uint_to_t 2 <: Prims.Tot FStar.UInt32.t) *
FStar.UInt32.v Hacl.Impl.SHA2_256.size_block))
i contains illegal sub-term ((ite (= (BoundV 0) (BoxBool (true ))) (FStar.UInt32.uint_to_t (BoxInt (Integer 1))) (FStar.UInt32.uint_to_t (BoxInt (Integer 2))))); dropping it (see also FStar.Seq.Base.fst(215,73-215,85))
Hacl.Impl.SHA2_256.fst(1053,11-1053,25): (Warning 271) Pattern FStar.Seq.Base.index (FStar.Seq.Base.slice (FStar.Buffer.as_seq a return_val)
(FStar.UInt32.v len)
(FStar.UInt32.v (if FStar.UInt32.lt len (FStar.UInt32.uint_to_t 56)
then FStar.UInt32.uint_to_t 1 <: Prims.Tot FStar.UInt32.t
else FStar.UInt32.uint_to_t 2 <: Prims.Tot FStar.UInt32.t) *
FStar.UInt32.v Hacl.Impl.SHA2_256.size_block))
i contains illegal sub-term ((ite (= (BoundV 0) (BoxBool (true ))) (FStar.UInt32.uint_to_t (BoxInt (Integer 1))) (FStar.UInt32.uint_to_t (BoxInt (Integer 2))))); dropping it (see also FStar.Seq.Base.fst(215,73-215,85))
make: *** [../../Makefile.include:162: Hacl.Impl.SHA2_256.fst-verify] Terminated
C:\build\agent1\_work\1\s\hacl-star\secure_api\aead\Crypto.AEAD.BufferUtils.fst(86,7-86,24): (Warning 288) FStar.Monotonic.HyperStack.is_eternal_region is deprecated, use FStar.HyperStack.ST.is_eternal_region instead
C:\build\agent1\_work\1\s\hacl-star\secure_api\aead\Crypto.AEAD.BufferUtils.fst(87,7-87,24): (Warning 288) FStar.Monotonic.HyperStack.is_eternal_region is deprecated, use FStar.HyperStack.ST.is_eternal_region instead
C:\build\agent1\_work\1\s\hacl-star\secure_api\aead\Crypto.AEAD.BufferUtils.fst(126,7-126,24): (Warning 288) FStar.Monotonic.HyperStack.is_eternal_region is deprecated, use FStar.HyperStack.ST.is_eternal_region instead
C:\build\agent1\_work\1\s\hacl-star\secure_api\aead\Crypto.AEAD.BufferUtils.fst(127,7-127,24): (Warning 288) FStar.Monotonic.HyperStack.is_eternal_region is deprecated, use FStar.HyperStack.ST.is_eternal_region instead
aead/Crypto.AEAD.Encrypt.fst(204,14-204,28): (Warning 252) (Hint-replay failed): assertion failed (see also C:\build\agent1\_work\1\s\hacl-star\secure_api\aead\Crypto.AEAD.BufferUtils.fst(93,7-93,51))
aead/Crypto.AEAD.Encrypt.fst(233,43-233,50): (Warning 252) (Hint-replay failed): Subtyping check failed; expected type Prims.eqtype; got type Type0 (see also prims.fst(27,21-27,28))
make: *** [Makefile.old:204: aead/Crypto.AEAD.Encrypt.fst-ver] Terminated
StringPrinterTest.Aux.fst(19,2-19,52): (Warning 252) (Hint-replay failed): assertion failed (see also StringPrinter.Rec.fst(117,12-117,57))
StringPrinter.Rec.fst(118,22-118,24): (Warning 252) (Hint-replay failed): Subtyping check failed; expected type y:
(_: Prims.unit ->
Prims.GTot
(StringPrinter.Base.c_or (StringPrinter.Rec.tin_decr FStar.UInt32.t
(fun x -> %[ FStar.UInt32.v x ])
x)
Prims.unit *
StringPrinter.Base.string))
{ StringPrinter.Rec.do_while_body_post FStar.UInt32.t
Prims.unit
(fun x -> %[ FStar.UInt32.v x ])
StringPrinterTest.Aux.example
x
y }; got type _:
StringPrinter.Rec.do_while_body_res_t FStar.UInt32.t
Prims.unit
StringPrinterTest.Aux.example
(fun x -> %[ FStar.UInt32.v x ])
x
{ StringPrinter.Rec.do_while_body_post FStar.UInt32.t
Prims.unit
(fun x -> %[ FStar.UInt32.v x ])
StringPrinterTest.Aux.example
x
(StringPrinter.Base.bind (StringPrinter.Base.print_char (FStar.Int.Cast.uint32_to_uint8 x))
(fun _ ->
(if FStar.UInt32.lt x (FStar.UInt32.__uint_to_t 256)
then
StringPrinter.Rec.lift_c_or (StringPrinter.Rec.tin_decr FStar.UInt32.t
(fun x -> %[ FStar.UInt32.v x ])
x)
Prims.unit
(StringPrinter.Base.ret ())
else
StringPrinter.Rec.ret_left (StringPrinter.Rec.tin_decr FStar.UInt32.t
(fun x -> %[ FStar.UInt32.v x ])
x)
Prims.unit
(FStar.UInt32.div x (FStar.UInt32.__uint_to_t 256)))
<:
StringPrinter.Base.m (StringPrinter.Base.c_or (StringPrinter.Rec.tin_decr FStar.UInt32.t
(fun x -> %[ FStar.UInt32.v x ])
x)
Prims.unit))) } (see also StringPrinter.Rec.fst(34,49-34,92))
StringPrinterTest.Aux.fst(28,4-28,6): (Warning 252) (Hint-replay failed): Subtyping check failed; expected type StringPrinter.Base.cond_eq (StringPrinterTest.Aux.example_do_while x ())
(StringPrinterTest.Aux.example x ()); got type Prims.unit (see also StringPrinter.Base.fst(194,13-194,23))
StringPrinter.Rec.fst(118,22-118,24): (Warning 252) (Hint-replay failed): Subtyping check failed; expected type y:
(_: Prims.unit ->
Prims.GTot
(StringPrinter.Base.c_or (StringPrinter.Rec.tin_decr FStar.UInt32.t
(fun x -> %[ FStar.UInt32.v x ])
x)
Prims.unit *
StringPrinter.Base.string))
{ StringPrinter.Rec.do_while_body_post FStar.UInt32.t
Prims.unit
(fun x -> %[ FStar.UInt32.v x ])
StringPrinterTest.Aux.example
x
y }; got type _:
StringPrinter.Rec.do_while_body_res_t FStar.UInt32.t
Prims.unit
StringPrinterTest.Aux.example
(fun x -> %[ FStar.UInt32.v x ])
x
{ StringPrinter.Rec.do_while_body_post FStar.UInt32.t
Prims.unit
(fun x -> %[ FStar.UInt32.v x ])
StringPrinterTest.Aux.example
x
(StringPrinter.Base.bind (StringPrinter.Base.print_char (FStar.Int.Cast.uint32_to_uint8 x))
(fun _ ->
(if FStar.UInt32.lt x (FStar.UInt32.__uint_to_t 256)
then
StringPrinter.Rec.lift_c_or (StringPrinter.Rec.tin_decr FStar.UInt32.t
(fun x -> %[ FStar.UInt32.v x ])
x)
Prims.unit
(StringPrinter.Base.ret ())
else
StringPrinter.Rec.ret_left (StringPrinter.Rec.tin_decr FStar.UInt32.t
(fun x -> %[ FStar.UInt32.v x ])
x)
Prims.unit
(FStar.UInt32.div x (FStar.UInt32.__uint_to_t 256)))
<:
StringPrinter.Base.m (StringPrinter.Base.c_or (StringPrinter.Rec.tin_decr FStar.UInt32.t
(fun x -> %[ FStar.UInt32.v x ])
x)
Prims.unit))) } (see also StringPrinter.Rec.fst(34,49-34,92))
StringPrinterTest.Aux.fst(37,4-37,6): (Warning 252) (Hint-replay failed): Subtyping check failed; expected type u538362:
Prims.unit{StringPrinterTest.Aux.example_do_while x () == StringPrinterTest.Aux.example x ()}; got type Prims.unit (see also StringPrinter.Base.fst(610,13-610,29))
StringPrinterTest.Aux.fst(48,4-50,52): (Warning 252) (Hint-replay failed): Patterns are incomplete
StringPrinter.Rec.fst(118,22-118,24): (Warning 252) (Hint-replay failed): Subtyping check failed; expected type y:
(_: Prims.unit ->
Prims.GTot
(StringPrinter.Base.c_or (StringPrinter.Rec.tin_decr (Prims.list StringPrinterTest.Aux.cipher_suite
)
(fun l -> %[ l ])
l)
Prims.unit *
StringPrinter.Base.string))
{ StringPrinter.Rec.do_while_body_post (Prims.list StringPrinterTest.Aux.cipher_suite)
Prims.unit
(fun l -> %[ l ])
StringPrinterTest.Aux.print_list_cipher_suite_spec
l
y }; got type _:
StringPrinter.Rec.do_while_body_res_t (Prims.list StringPrinterTest.Aux.cipher_suite)
Prims.unit
StringPrinterTest.Aux.print_list_cipher_suite_spec
(fun l -> %[ l ])
l
{ StringPrinter.Rec.do_while_body_post (Prims.list StringPrinterTest.Aux.cipher_suite)
Prims.unit
(fun l -> %[ l ])
StringPrinterTest.Aux.print_list_cipher_suite_spec
l
(if StringPrinterTest.Aux.is_nil l
then
StringPrinter.Rec.lift_c_or (StringPrinter.Rec.tin_decr (Prims.list StringPrinterTest.Aux.cipher_suite
)
(fun l -> %[ l ])
l)
Prims.unit
(StringPrinter.Base.ret ())
else
StringPrinter.Base.bind (StringPrinterTest.Aux.print_cipher_suite_spec (FStar.List.Tot.Base.hd 
l))
(fun _ ->
StringPrinter.Rec.ret_left (StringPrinter.Rec.tin_decr (Prims.list StringPrinterTest.Aux.cipher_suite
)
(fun l -> %[ l ])
l)
Prims.unit
(FStar.List.Tot.Base.tl l))) } (see also StringPrinter.Rec.fst(34,49-34,92))
StringPrinterTest.Aux.fst(126,4-126,6): (Warning 252) (Hint-replay failed): Subtyping check failed; expected type StringPrinter.Base.cond_eq (StringPrinterTest.Aux.print_list_cipher_suite_spec_do_while l ())
(StringPrinterTest.Aux.print_list_cipher_suite_spec l ()); got type Prims.unit (see also StringPrinter.Base.fst(194,13-194,23))
StringPrinter.Rec.fst(118,22-118,24): (Warning 252) (Hint-replay failed): Subtyping check failed; expected type y:
(_: Prims.unit ->
Prims.GTot
(StringPrinter.Base.c_or (StringPrinter.Rec.tin_decr (Prims.list StringPrinterTest.Aux.cipher_suite
)
(fun l -> %[ l ])
l)
Prims.unit *
StringPrinter.Base.string))
{ StringPrinter.Rec.do_while_body_post (Prims.list StringPrinterTest.Aux.cipher_suite)
Prims.unit
(fun l -> %[ l ])
StringPrinterTest.Aux.print_list_cipher_suite_spec
l
y }; got type _:
StringPrinter.Rec.do_while_body_res_t (Prims.list StringPrinterTest.Aux.cipher_suite)
Prims.unit
StringPrinterTest.Aux.print_list_cipher_suite_spec
(fun l -> %[ l ])
l
{ StringPrinter.Rec.do_while_body_post (Prims.list StringPrinterTest.Aux.cipher_suite)
Prims.unit
(fun l -> %[ l ])
StringPrinterTest.Aux.print_list_cipher_suite_spec
l
(if StringPrinterTest.Aux.is_nil l
then
StringPrinter.Rec.lift_c_or (StringPrinter.Rec.tin_decr (Prims.list StringPrinterTest.Aux.cipher_suite
)
(fun l -> %[ l ])
l)
Prims.unit
(StringPrinter.Base.ret ())
else
StringPrinter.Base.bind (StringPrinterTest.Aux.print_cipher_suite_spec (FStar.List.Tot.Base.hd 
l))
(fun _ ->
StringPrinter.Rec.ret_left (StringPrinter.Rec.tin_decr (Prims.list StringPrinterTest.Aux.cipher_suite
)
(fun l -> %[ l ])
l)
Prims.unit
(FStar.List.Tot.Base.tl l))) } (see also StringPrinter.Rec.fst(34,49-34,92))
StringPrinterTest.Aux.fst(135,4-135,6): (Warning 252) (Hint-replay failed): Subtyping check failed; expected type u1403047:
Prims.unit
{ StringPrinterTest.Aux.print_list_cipher_suite_spec_do_while l () ==
StringPrinterTest.Aux.print_list_cipher_suite_spec l () }; got type Prims.unit (see also StringPrinter.Base.fst(610,13-610,29))
StringPrinterTest.Aux.fst(143,4-145,52): (Warning 252) (Hint-replay failed): Patterns are incomplete
StringPrinterTest.Aux.fst(19,2-19,52): (Warning 252) (Hint-replay failed): assertion failed (see also StringPrinter.Rec.fst(117,12-117,57))
StringPrinterTest.Aux.fst(48,4-50,52): (Warning 252) (Hint-replay failed): Patterns are incomplete
StringPrinterTest.Aux.fst(143,4-145,52): (Warning 252) (Hint-replay failed): Patterns are incomplete
StringPrinterTest.fst(13,4-15,55): (Warning 252) (Hint-replay failed): Patterns are incomplete
StringPrinterTest.fst(22,4-24,55): (Warning 252) (Hint-replay failed): Patterns are incomplete
StringPrinterTest.fst(13,4-15,55): (Warning 252) (Hint-replay failed): Patterns are incomplete
StringPrinterTest.fst(22,4-24,55): (Warning 252) (Hint-replay failed): Patterns are incomplete
make[1]: Target 'all' not remade because of errors.
make: *** [Makefile:184: uexamples] Error 2
make: Target 'uregressions' not remade because of errors.
Command exited with non-zero status 2
11.26user 47.54system 9:13.00elapsed 10%CPU (0avgtext+0avgdata 982178304maxresident)k
0inputs+0outputs (4000285major+0minor)pagefaults 0swaps
