make: *** [Makefile:78: extracted/Makefile.include] Error 1
make: *** Waiting for unfinished jobs....
make: *** [Makefile:84: uint128/Makefile.include] Error 1
make[1]: *** [Makefile:18: fstar-in-fsharp] Error 1
make: *** [Makefile:161: fsharp-build-and-test] Error 2
make: Target 'utest-prelude' not remade because of errors.
Command exited with non-zero status 2
0.09user 0.25system 0:12.16elapsed 2%CPU (0avgtext+0avgdata 6341376maxresident)k
0inputs+0outputs (25795major+0minor)pagefaults 0swaps
