make[1]: *** [Makefile:18: fstar-in-fsharp] Error 1
make: *** [Makefile:135: fsharp-build-and-test] Error 2
make: Target 'utest-prelude' not remade because of errors.
Command exited with non-zero status 2
0.01user 0.16system 0:32.36elapsed 0%CPU (0avgtext+0avgdata 6325760maxresident)k
0inputs+0outputs (25863major+0minor)pagefaults 0swaps
