make: *** [Makefile:83: extracted/Makefile.include] Error 1
make: *** Waiting for unfinished jobs....
make: *** [Makefile:93: dist/uint128/Makefile.include] Error 1
dos2unix: converting file parser/parse.fsi to Unix format...
Warning: you are using the standard library and/or the %inline keyword. We
recommend switching on --infer in order to avoid obscure type error messages.
warning: CRLF will be replaced by LF in src/parser/parse.fsy.
The file will have its original line endings in your working directory.
FStar.Monotonic.Map.fst(65,20-65,31): (Warning 288) FStar.HyperStack.ST.stable_on_t is deprecated, use FStar.HyperStack.ST.stable_on instead
FStar.Monotonic.Map.fst(84,4-84,14): (Warning 288) FStar.HyperStack.ST.mr_witness is deprecated, use FStar.HyperStack.ST.witness_p instead
FStar.Monotonic.Map.fst(85,4-85,14): (Warning 288) FStar.HyperStack.ST.mr_witness is deprecated, use FStar.HyperStack.ST.witness_p instead
FStar.Monotonic.Map.fst(105,8-105,18): (Warning 288) FStar.HyperStack.ST.mr_witness is deprecated, use FStar.HyperStack.ST.witness_p instead
FStar.Monotonic.Map.fst(106,8-106,18): (Warning 288) FStar.HyperStack.ST.mr_witness is deprecated, use FStar.HyperStack.ST.witness_p instead
FStar.Monotonic.DependentMap.fsti(135,24-135,35): (Warning 288) FStar.HyperStack.ST.stable_on_t is deprecated, use FStar.HyperStack.ST.stable_on instead
FStar.Monotonic.DependentMap.fsti(147,24-147,35): (Warning 288) FStar.HyperStack.ST.stable_on_t is deprecated, use FStar.HyperStack.ST.stable_on instead
FStar.Monotonic.DependentMap.fst(53,4-53,14): (Warning 288) FStar.HyperStack.ST.mr_witness is deprecated, use FStar.HyperStack.ST.witness_p instead
FStar.Monotonic.DependentMap.fst(61,6-61,16): (Warning 288) FStar.HyperStack.ST.mr_witness is deprecated, use FStar.HyperStack.ST.witness_p instead
FStar.Monotonic.Seq.fst(60,19-60,30): (Warning 288) FStar.HyperStack.ST.stable_on_t is deprecated, use FStar.HyperStack.ST.stable_on instead
FStar.Monotonic.Seq.fst(80,4-80,14): (Warning 288) FStar.HyperStack.ST.mr_witness is deprecated, use FStar.HyperStack.ST.witness_p instead
FStar.Monotonic.Seq.fst(102,19-102,30): (Warning 288) FStar.HyperStack.ST.stable_on_t is deprecated, use FStar.HyperStack.ST.stable_on instead
FStar.Monotonic.Seq.fst(109,19-109,30): (Warning 288) FStar.HyperStack.ST.stable_on_t is deprecated, use FStar.HyperStack.ST.stable_on instead
FStar.Monotonic.Seq.fst(142,4-142,14): (Warning 288) FStar.HyperStack.ST.mr_witness is deprecated, use FStar.HyperStack.ST.witness_p instead
FStar.Monotonic.Seq.fst(160,2-160,12): (Warning 288) FStar.HyperStack.ST.mr_witness is deprecated, use FStar.HyperStack.ST.witness_p instead
FStar.Monotonic.Seq.fst(168,2-168,12): (Warning 288) FStar.HyperStack.ST.mr_witness is deprecated, use FStar.HyperStack.ST.witness_p instead
FStar.Monotonic.Seq.fst(259,10-259,21): (Warning 288) FStar.HyperStack.ST.stable_on_t is deprecated, use FStar.HyperStack.ST.stable_on instead
FStar.Monotonic.Seq.fst(273,11-273,22): (Warning 288) FStar.HyperStack.ST.stable_on_t is deprecated, use FStar.HyperStack.ST.stable_on instead
FStar.Monotonic.Seq.fst(320,11-320,22): (Warning 288) FStar.HyperStack.ST.stable_on_t is deprecated, use FStar.HyperStack.ST.stable_on instead
FStar.Monotonic.Seq.fst(343,11-343,22): (Warning 288) FStar.HyperStack.ST.stable_on_t is deprecated, use FStar.HyperStack.ST.stable_on instead
FStar.Monotonic.Seq.fst(369,11-369,22): (Warning 288) FStar.HyperStack.ST.stable_on_t is deprecated, use FStar.HyperStack.ST.stable_on instead
FStar.Monotonic.Seq.fst(386,4-386,14): (Warning 288) FStar.HyperStack.ST.mr_witness is deprecated, use FStar.HyperStack.ST.witness_p instead
FStar.Monotonic.Seq.fst(403,4-403,14): (Warning 288) FStar.HyperStack.ST.mr_witness is deprecated, use FStar.HyperStack.ST.witness_p instead
LowStar.Monotonic.Buffer.fsti(1585,51-1585,68): (Warning 288) FStar.Monotonic.HyperStack.is_eternal_region is deprecated, use FStar.HyperStack.ST.is_eternal_region instead
LowStar.Monotonic.Buffer.fsti(1585,51-1585,68): (Warning 288) FStar.Monotonic.HyperStack.is_eternal_region is deprecated, use FStar.HyperStack.ST.is_eternal_region instead
FStar.Monotonic.Heap.fst(185,64-185,66): (Warning 252) (Hint-replay failed): could not prove post-condition (see also FStar.Monotonic.Heap.fsti(202,13-202,50))
FStar.Monotonic.Heap.fst(207,2-207,8): (Warning 252) (Hint-replay failed): assertion failed (see also FStar.Monotonic.Heap.fst(207,9-207,21))
FStar.List.Tot.Properties.fst(858,2-858,37): (Warning 252) (Hint-replay failed): could not prove post-condition (see also FStar.List.Tot.Properties.fst(856,12-856,18))
FStar.List.Tot.Properties.fst(858,2-858,37): (Warning 252) could not prove post-condition (see also FStar.List.Tot.Properties.fst(856,12-856,18))
FStar.List.Tot.Properties.fst(887,2-888,24): (Warning 252) (Hint-replay failed): could not prove post-condition (see also FStar.List.Tot.Properties.fst(886,12-886,18))
FStar.Monotonic.HyperStack.fsti(350,4-350,33): (Warning 252) (Hint-replay failed): assertion failed (see also FStar.Monotonic.HyperStack.fsti(54,12-57,66))
FStar.OrdSet.fst(48,16-48,18): (Warning 252) (Hint-replay failed): Subtyping check failed; expected type Prims.eqtype; got type Type0 (see also prims.fst(27,22-27,29))
FStar.Monotonic.HyperStack.fsti(350,4-350,33): (Warning 252) (Hint-replay failed): assertion failed (see also FStar.Monotonic.HyperStack.fsti(54,12-57,66))
FStar.Monotonic.DependentMap.fsti(135,24-135,35): (Warning 288) FStar.HyperStack.ST.stable_on_t is deprecated, use FStar.HyperStack.ST.stable_on instead
FStar.Monotonic.DependentMap.fsti(147,24-147,35): (Warning 288) FStar.HyperStack.ST.stable_on_t is deprecated, use FStar.HyperStack.ST.stable_on instead
FStar.Monotonic.Map.fst(65,20-65,31): (Warning 288) FStar.HyperStack.ST.stable_on_t is deprecated, use FStar.HyperStack.ST.stable_on instead
FStar.Monotonic.Map.fst(84,4-84,14): (Warning 288) FStar.HyperStack.ST.mr_witness is deprecated, use FStar.HyperStack.ST.witness_p instead
FStar.Monotonic.Map.fst(85,4-85,14): (Warning 288) FStar.HyperStack.ST.mr_witness is deprecated, use FStar.HyperStack.ST.witness_p instead
FStar.Monotonic.Map.fst(105,8-105,18): (Warning 288) FStar.HyperStack.ST.mr_witness is deprecated, use FStar.HyperStack.ST.witness_p instead
FStar.Monotonic.Map.fst(106,8-106,18): (Warning 288) FStar.HyperStack.ST.mr_witness is deprecated, use FStar.HyperStack.ST.witness_p instead
FStar.Monotonic.DependentMap.fsti(135,24-135,35): (Warning 288) FStar.HyperStack.ST.stable_on_t is deprecated, use FStar.HyperStack.ST.stable_on instead
FStar.Monotonic.DependentMap.fsti(147,24-147,35): (Warning 288) FStar.HyperStack.ST.stable_on_t is deprecated, use FStar.HyperStack.ST.stable_on instead
FStar.Monotonic.DependentMap.fst(53,4-53,14): (Warning 288) FStar.HyperStack.ST.mr_witness is deprecated, use FStar.HyperStack.ST.witness_p instead
FStar.Monotonic.DependentMap.fst(61,6-61,16): (Warning 288) FStar.HyperStack.ST.mr_witness is deprecated, use FStar.HyperStack.ST.witness_p instead
FStar.Seq.Properties.fst(535,2-538,29): (Warning 252) (Hint-replay failed): could not prove post-condition (see also FStar.Seq.Properties.fst(533,20-533,28))
FStar.Monotonic.Seq.fst(60,19-60,30): (Warning 288) FStar.HyperStack.ST.stable_on_t is deprecated, use FStar.HyperStack.ST.stable_on instead
FStar.Monotonic.Seq.fst(80,4-80,14): (Warning 288) FStar.HyperStack.ST.mr_witness is deprecated, use FStar.HyperStack.ST.witness_p instead
FStar.Monotonic.Seq.fst(102,19-102,30): (Warning 288) FStar.HyperStack.ST.stable_on_t is deprecated, use FStar.HyperStack.ST.stable_on instead
FStar.Monotonic.Seq.fst(109,19-109,30): (Warning 288) FStar.HyperStack.ST.stable_on_t is deprecated, use FStar.HyperStack.ST.stable_on instead
FStar.Monotonic.Seq.fst(142,4-142,14): (Warning 288) FStar.HyperStack.ST.mr_witness is deprecated, use FStar.HyperStack.ST.witness_p instead
FStar.Monotonic.Seq.fst(160,2-160,12): (Warning 288) FStar.HyperStack.ST.mr_witness is deprecated, use FStar.HyperStack.ST.witness_p instead
FStar.Monotonic.Seq.fst(168,2-168,12): (Warning 288) FStar.HyperStack.ST.mr_witness is deprecated, use FStar.HyperStack.ST.witness_p instead
FStar.Monotonic.Seq.fst(259,10-259,21): (Warning 288) FStar.HyperStack.ST.stable_on_t is deprecated, use FStar.HyperStack.ST.stable_on instead
FStar.Monotonic.Seq.fst(273,11-273,22): (Warning 288) FStar.HyperStack.ST.stable_on_t is deprecated, use FStar.HyperStack.ST.stable_on instead
FStar.Monotonic.Seq.fst(320,11-320,22): (Warning 288) FStar.HyperStack.ST.stable_on_t is deprecated, use FStar.HyperStack.ST.stable_on instead
FStar.Monotonic.Seq.fst(343,11-343,22): (Warning 288) FStar.HyperStack.ST.stable_on_t is deprecated, use FStar.HyperStack.ST.stable_on instead
FStar.Monotonic.Seq.fst(369,11-369,22): (Warning 288) FStar.HyperStack.ST.stable_on_t is deprecated, use FStar.HyperStack.ST.stable_on instead
FStar.Monotonic.Seq.fst(386,4-386,14): (Warning 288) FStar.HyperStack.ST.mr_witness is deprecated, use FStar.HyperStack.ST.witness_p instead
FStar.Monotonic.Seq.fst(403,4-403,14): (Warning 288) FStar.HyperStack.ST.mr_witness is deprecated, use FStar.HyperStack.ST.witness_p instead
LowStar.Monotonic.Buffer.fsti(1585,51-1585,68): (Warning 288) FStar.Monotonic.HyperStack.is_eternal_region is deprecated, use FStar.HyperStack.ST.is_eternal_region instead
FStar.Integers.fst(440,5-454,43): (Warning 252) (Hint-replay failed): Patterns are incomplete
LowStar.BufferView.fst(79,31-79,33): (Warning 252) (Hint-replay failed): Subtyping check failed; expected type FStar.Seq.Properties.lseq (FStar.Pervasives.dfst vb)
(LowStar.Monotonic.Buffer.length (LowStar.BufferView.as_buffer vb)); got type FStar.Seq.Base.seq (FStar.Pervasives.dfst vb) (see also FStar.Seq.Properties.fst(24,19-24,36))
LowStar.BufferView.fst(84,4-98,24): (Warning 252) (Hint-replay failed): could not prove post-condition (see also LowStar.BufferView.fst(82,11-82,41))
LowStar.BufferView.fst(164,38-164,40): (Warning 252) (Hint-replay failed): Subtyping check failed; expected type FStar.Seq.Properties.lseq (FStar.Pervasives.dfst vb)
(LowStar.Monotonic.Buffer.length (LowStar.BufferView.as_buffer vb)); got type FStar.Seq.Base.seq (FStar.Pervasives.dfst vb) (see also FStar.Seq.Properties.fst(24,19-24,36))
FStar.Tactics.Typeclasses.fst(77,4-123,16): (Warning 252) (Hint-replay failed): Patterns are incomplete
FStar.Tactics.Typeclasses.fst(77,4-123,16): (Warning 252) (Hint-replay failed): Patterns are incomplete
FStar.Buffer.fst(65,4-65,10): (Warning 252) (Hint-replay failed): Subtyping check failed; expected type Prims.nat; got type FStar.UInt.uint_t FStar.UInt32.n (see also prims.fst(410,17-410,23))
FStar.ModifiesGen.fst(210,9-210,54): (Warning 252) (Hint-replay failed): assertion failed
FStar.ModifiesGen.fst(213,9-213,84): (Warning 252) (Hint-replay failed): assertion failed
FStar.ModifiesGen.fst(231,42-231,44): (Warning 252) (Hint-replay failed): could not prove post-condition (see also FStar.ModifiesGen.fsti(167,45-167,50))
FStar.ModifiesGen.fst(408,42-408,44): (Warning 252) (Hint-replay failed): could not prove post-condition (see also FStar.ModifiesGen.fsti(238,11-238,45))
FStar.ModifiesGen.fst(418,8-418,14): (Warning 252) (Hint-replay failed): assertion failed (see also FStar.ModifiesGen.fst(418,15-418,50))
FStar.ModifiesGen.fst(430,43-430,45): (Warning 252) (Hint-replay failed): could not prove post-condition (see also FStar.ModifiesGen.fsti(268,11-268,65))
FStar.ModifiesGen.fst(448,66-448,68): (Warning 252) (Hint-replay failed): could not prove post-condition (see also FStar.ModifiesGen.fsti(300,11-300,81))
FStar.ModifiesGen.fst(450,87-450,89): (Warning 252) (Hint-replay failed): could not prove post-condition (see also FStar.ModifiesGen.fsti(310,11-310,105))
FStar.ModifiesGen.fst(452,84-452,86): (Warning 252) (Hint-replay failed): could not prove post-condition (see also FStar.ModifiesGen.fsti(318,11-318,103))
FStar.ModifiesGen.fst(455,2-455,8): (Warning 252) (Hint-replay failed): assertion failed (see also FStar.ModifiesGen.fst(455,9-455,202))
FStar.ModifiesGen.fst(461,91-461,93): (Warning 252) (Hint-replay failed): could not prove post-condition (see also FStar.ModifiesGen.fsti(336,11-336,111))
FStar.ModifiesGen.fst(551,35-551,37): (Warning 252) (Hint-replay failed): could not prove post-condition (see also FStar.ModifiesGen.fsti(357,11-357,36))
FStar.ModifiesGen.fst(597,91-597,93): (Warning 252) (Hint-replay failed): could not prove post-condition (see also FStar.ModifiesGen.fsti(415,11-415,67))
FStar.ModifiesGen.fst(601,78-601,80): (Warning 252) (Hint-replay failed): could not prove post-condition (see also FStar.ModifiesGen.fsti(439,24-439,42))
FStar.ModifiesGen.fst(618,73-618,75): (Warning 252) (Hint-replay failed): could not prove post-condition (see also FStar.ModifiesGen.fsti(455,2-455,70))
FStar.ModifiesGen.fst(620,73-620,75): (Warning 252) (Hint-replay failed): could not prove post-condition (see also FStar.ModifiesGen.fsti(458,2-458,79))
FStar.ModifiesGen.fst(630,92-630,94): (Warning 252) (Hint-replay failed): could not prove post-condition (see also FStar.ModifiesGen.fsti(463,2-463,91))
FStar.ModifiesGen.fst(632,72-632,74): (Warning 252) (Hint-replay failed): could not prove post-condition (see also FStar.ModifiesGen.fsti(468,2-468,78))
FStar.ModifiesGen.fst(634,94-634,96): (Warning 252) (Hint-replay failed): could not prove post-condition (see also FStar.ModifiesGen.fsti(473,2-473,95))
FStar.ModifiesGen.fst(636,78-636,80): (Warning 252) (Hint-replay failed): could not prove post-condition (see also FStar.ModifiesGen.fsti(478,2-478,73))
FStar.ModifiesGen.fst(977,20-977,25): (Warning 252) (Hint-replay failed): assertion failed (see also FStar.ModifiesGen.fsti(599,15-599,55))
FStar.ModifiesGen.fst(993,55-993,57): (Warning 252) (Hint-replay failed): could not prove post-condition (see also FStar.ModifiesGen.fsti(649,4-649,20))
FStar.ModifiesGen.fst(1009,2-1030,13): (Warning 252) (Hint-replay failed): could not prove post-condition (see also FStar.ModifiesGen.fsti(706,11-706,31))
FStar.ModifiesGen.fst(1034,79-1034,81): (Warning 252) (Hint-replay failed): could not prove post-condition (see also FStar.ModifiesGen.fsti(726,11-726,45))
FStar.ModifiesGen.fst(1057,2-1057,23): (Warning 252) (Hint-replay failed): assertion failed (see also FStar.ModifiesGen.fsti(682,33-682,51))
FStar.ModifiesGen.fst(1085,2-1086,117): (Warning 252) (Hint-replay failed): could not prove post-condition (see also FStar.ModifiesGen.fst(1084,11-1084,28))
FStar.ModifiesGen.fst(1139,2-1139,55): (Warning 252) (Hint-replay failed): could not prove post-condition (see also FStar.ModifiesGen.fst(1138,2-1138,45))
FStar.ModifiesGen.fst(1147,2-1147,4): (Warning 252) (Hint-replay failed): could not prove post-condition (see also FStar.ModifiesGen.fst(1146,2-1146,98))
FStar.ModifiesGen.fst(1155,2-1155,55): (Warning 252) (Hint-replay failed): could not prove post-condition (see also FStar.ModifiesGen.fst(1154,2-1154,66))
FStar.ModifiesGen.fst(1307,2-1312,105): (Warning 252) (Hint-replay failed): could not prove post-condition (see also FStar.ModifiesGen.fsti(868,2-868,59))
FStar.ModifiesGen.fst(1325,20-1325,22): (Warning 252) (Hint-replay failed): could not prove post-condition (see also FStar.ModifiesGen.fsti(503,34-503,59))
FStar.ModifiesGen.fst(1361,2-1361,8): (Warning 252) (Hint-replay failed): assertion failed (see also FStar.ModifiesGen.fst(1361,76-1361,95))
FStar.ModifiesGen.fst(1386,42-1386,44): (Warning 252) (Hint-replay failed): could not prove post-condition (see also FStar.ModifiesGen.fsti(963,11-963,69))
FStar.ModifiesGen.fst(1388,46-1388,48): (Warning 252) (Hint-replay failed): could not prove post-condition (see also FStar.ModifiesGen.fsti(967,11-967,73))
FStar.ModifiesGen.fst(1433,2-1433,20): (Warning 252) (Hint-replay failed): assertion failed (see also FStar.ModifiesGen.fsti(230,35-230,53))
FStar.ModifiesGen.fst(1675,9-1675,171): (Warning 252) (Hint-replay failed): assertion failed
FStar.ModifiesGen.fst(1695,2-1705,39): (Warning 252) (Hint-replay failed): could not prove post-condition (see also FStar.ModifiesGen.fst(1694,11-1694,84))
FStar.ModifiesGen.fst(1731,41-1731,60): (Warning 252) (Hint-replay failed): could not prove post-condition
FStar.ModifiesGen.fst(1827,2-1835,39): (Warning 252) (Hint-replay failed): could not prove post-condition (see also FStar.ModifiesGen.fst(1826,11-1826,42))
FStar.ModifiesGen.fst(1894,4-1894,10): (Warning 252) (Hint-replay failed): assertion failed (see also FStar.ModifiesGen.fst(1894,11-1905,7))
FStar.ModifiesGen.fst(1937,4-1937,21): (Warning 252) (Hint-replay failed): Subtyping check failed; expected type aux:
FStar.Ghost.erased (FStar.GSet.set (FStar.ModifiesGen.aloc (c b)))
{ FStar.GSet.subset (FStar.ModifiesGen.aloc_domain (c b) regions live_addrs)
(FStar.Ghost.reveal aux) /\
FStar.GSet.subset (FStar.Ghost.reveal aux)
(FStar.ModifiesGen.aloc_domain (c b) regions (fun _ -> FStar.GSet.complement FStar.GSet.empty)
) }; got type FStar.Ghost.erased (FStar.GSet.set (FStar.ModifiesGen.aloc (c b))) (see also FStar.ModifiesGen.fst(54,8-54,71))
FStar.ModifiesGen.fst(1940,9-1940,68): (Warning 252) (Hint-replay failed): assertion failed
FStar.ModifiesGen.fst(1946,9-1946,119): (Warning 252) (Hint-replay failed): assertion failed
FStar.ModifiesGen.fst(1949,9-1949,121): (Warning 252) (Hint-replay failed): assertion failed
FStar.ModifiesGen.fst(1952,9-1952,113): (Warning 252) (Hint-replay failed): assertion failed
FStar.ModifiesGen.fst(2009,9-2009,98): (Warning 252) (Hint-replay failed): assertion failed
FStar.ModifiesGen.fst(2020,2-2026,167): (Warning 252) (Hint-replay failed): could not prove post-condition (see also FStar.ModifiesGen.fsti(1171,2-1171,78))
FStar.ModifiesGen.fst(2043,2-2055,81): (Warning 252) (Hint-replay failed): could not prove post-condition (see also FStar.ModifiesGen.fsti(1177,2-1177,62))
FStar.ModifiesGen.fst(2075,9-2075,56): (Warning 252) (Hint-replay failed): assertion failed
FStar.ModifiesGen.fst(2078,9-2078,48): (Warning 252) (Hint-replay failed): assertion failed
FStar.ModifiesGen.fst(2084,9-2084,98): (Warning 252) (Hint-replay failed): assertion failed
LowStar.Monotonic.Buffer.fsti(1585,51-1585,68): (Warning 288) FStar.Monotonic.HyperStack.is_eternal_region is deprecated, use FStar.HyperStack.ST.is_eternal_region instead
LowStar.Monotonic.Buffer.fst(631,2-631,21): (Warning 252) (Hint-replay failed): assertion failed (see also LowStar.Monotonic.Buffer.fst(617,20-617,139))
LowStar.Monotonic.Buffer.fst(954,29-954,30): (Warning 252) (Hint-replay failed): Subtyping check failed; expected type _: LowStar.Monotonic.Buffer.mbuffer _ _ _ {Buffer? _}; got type LowStar.Monotonic.Buffer.mbuffer _ _ _ (see also LowStar.Monotonic.Buffer.fst(73,4-73,10))
LowStar.Monotonic.Buffer.fst(965,2-971,61): (Warning 252) (Hint-replay failed): could not prove post-condition (see also LowStar.Monotonic.Buffer.fsti(1713,40-1713,73))
14.90user 54.96system 9:16.77elapsed 12%CPU (0avgtext+0avgdata 24878820maxresident)k
0inputs+0outputs (6514296major+0minor)pagefaults 0swaps
Ex01a.fst(70,0-70,48): (Warning 272) Top-level let-bindings must be total; this term may have effects
Ex01a.fst(70,0-70,48): (Warning 272) Top-level let-bindings must be total; this term may have effects
Ex01a.fst(70,0-70,48): (Warning 272) Top-level let-bindings must be total; this term may have effects
Ex01a.fst(70,0-70,48): (Warning 272) Top-level let-bindings must be total; this term may have effects
Ex01a.fst(60,0-60,48): (Warning 272) Top-level let-bindings must be total; this term may have effects
Ex01a.fst(60,0-60,48): (Warning 272) Top-level let-bindings must be total; this term may have effects
Ex01a.fst(60,0-60,48): (Warning 272) Top-level let-bindings must be total; this term may have effects
Ex01a.fst(60,0-60,48): (Warning 272) Top-level let-bindings must be total; this term may have effects
Ex04g.fst(5,4-5,6): (Warning 240) Admitting Ex04g.tl without a definition
Ex04g.fst(4,4-4,6): (Warning 240) Admitting Ex04g.hd without a definition
Ex05a.fst(28,4-28,13): (Warning 240) Admitting Ex05a.rev_is_ok without a definition
Effects.Def.fst(122,41-122,49): (Warning 252) (Hint-replay failed): Subtyping check failed; expected type Effects.Def.eq_m Effects.Def.stexn; got type a: Type0 -> x: Effects.Def.stexn a -> y: Effects.Def.stexn a -> Prims.Tot Prims.logical (see also Effects.Def.fst(18,89-18,95))
Effects.Def.fst(122,17-122,34): (Warning 252) assertion failed (see also Effects.Def.fst(23,49-23,79))
Effects.Def.fst(122,41-122,49): (Warning 252) (Hint-replay failed): Subtyping check failed; expected type Effects.Def.eq_m Effects.Def.stexn; got type a: Type0 -> x: Effects.Def.stexn a -> y: Effects.Def.stexn a -> Prims.Tot Prims.logical (see also Effects.Def.fst(18,89-18,95))
Effects.Def.fst(122,17-122,34): (Warning 252) assertion failed (see also Effects.Def.fst(23,49-23,79))
Ex06a.fst(5,4-5,13): (Warning 240) Admitting Ex06a.partition without a definition
Ex06e.fst(18,4-18,8): (Warning 240) Admitting Ex06e.sort without a definition
Encrypt_SymEnc.fst(30,0-30,27): (Warning 272) Top-level let-bindings must be total; this term may have effects
Encrypt_SymEnc.fst(30,0-30,27): (Warning 272) Top-level let-bindings must be total; this term may have effects
Encrypt_SymEnc.fst(30,0-30,27): (Warning 272) Top-level let-bindings must be total; this term may have effects
Encrypt_SymEnc.fst(30,0-30,27): (Warning 272) Top-level let-bindings must be total; this term may have effects
MonotonicArray.fst(40,61-40,72): (Warning 252) (Hint-replay failed): Subtyping check failed; expected type FStar.Preorder.preorder (MonotonicArray.repr a n); got type FStar.Preorder.relation (MonotonicArray.repr a n) (see also C:\build\agent2\_work\36\s\ulib\FStar.Preorder.fst(12,40-12,56))
MonotonicArray.fst(40,61-40,72): (Warning 252) (Hint-replay failed): Subtyping check failed; expected type FStar.Preorder.preorder (MonotonicArray.repr a n); got type FStar.Preorder.relation (MonotonicArray.repr a n) (see also C:\build\agent2\_work\36\s\ulib\FStar.Preorder.fst(12,40-12,56))
Ex07a.fst(228,4-228,14): (Warning 240) Admitting Ex07a.typed_step without a definition
Benton2004.RHL.Examples.fst(34,2-39,109): (Warning 252) (Hint-replay failed): could not prove post-condition (see also Benton2004.RHL.Examples.fst(27,11-33,3))
Benton2004.RHL.Examples.fst(245,2-245,9): (Warning 252) (Hint-replay failed): assertion failed (see also Benton2004.RHL.Examples.fst(133,12-135,3))
Benton2004.RHL.fst(253,2-253,4): (Warning 252) (Hint-replay failed): could not prove post-condition (see also Benton2004.RHL.fst(249,2-252,3))
Benton2004.RHL.fst(454,4-454,19): (Warning 252) (Hint-replay failed): assertion failed (see also Benton2004.RHL.fst(438,4-438,84))
Benton2004.RHL.fst(508,63-508,152): (Warning 252) (Hint-replay failed): assertion failed
Huffman.fst(182,53-182,54): (Warning 252) (Hint-replay failed): Could not prove termination of this recursive call (see also Huffman.fst(180,2-184,60))
bug185.fst(41,15-41,21): (Warning 252) (Hint-replay failed): assertion failed (see also bug185.fst(41,22-41,48))
Encrypt_SymEnc.fst(30,0-30,27): (Warning 272) Top-level let-bindings must be total; this term may have effects
Encrypt_SymEnc.fst(30,0-30,27): (Warning 272) Top-level let-bindings must be total; this term may have effects
C:/build/agent2/_work/36/s/kremlin/kremlib/compat/C.Compat.Loops.fst(386,15-386,26): (Warning 288) Spec.Loops.repeat_spec is deprecated, use Spec.Loops.repeat instead
C:/build/agent2/_work/36/s/kremlin/kremlib/compat/C.Compat.Loops.fst(392,22-392,33): (Warning 288) Spec.Loops.repeat_spec is deprecated, use Spec.Loops.repeat instead
C:/build/agent2/_work/36/s/kremlin/kremlib/compat/C.Compat.Loops.fst(399,4-399,16): (Warning 288) Spec.Loops.lemma_repeat is deprecated, use Spec.Loops.repeat_induction instead
C:/build/agent2/_work/36/s/kremlin/kremlib/compat/C.Compat.Loops.fst(401,2-401,16): (Warning 288) Spec.Loops.lemma_repeat_0 is deprecated, use Spec.Loops.repeat_base instead
C:/build/agent2/_work/36/s/kremlin/kremlib/compat/C.Compat.Loops.fst(428,15-428,32): (Warning 288) Spec.Loops.repeat_range_spec is deprecated, use Spec.Loops.repeat_range instead
C:/build/agent2/_work/36/s/kremlin/kremlib/compat/C.Compat.Loops.fst(434,22-434,39): (Warning 288) Spec.Loops.repeat_range_spec is deprecated, use Spec.Loops.repeat_range instead
C:/build/agent2/_work/36/s/kremlin/kremlib/compat/C.Compat.Loops.fst(441,4-441,27): (Warning 288) Spec.Loops.lemma_repeat_range_spec is deprecated, use Spec.Loops.repeat_range_induction instead
C:/build/agent2/_work/36/s/kremlin/kremlib/compat/C.Compat.Loops.fst(443,2-443,22): (Warning 288) Spec.Loops.lemma_repeat_range_0 is deprecated, use Spec.Loops.repeat_range_base instead
NatHeap.fst(70,12-71,25): (Warning 252) (Hint-replay failed): Subtyping check failed; expected type NatHeap.heap; got type Prims.nat *
FStar.FunctionalExtensionality.restricted_t Prims.nat
(fun _ -> FStar.Pervasives.Native.option (a: Type0 & a)) (see also NatHeap.fst(14,42-14,72))
TestMRef.fst(8,0-8,15): (Warning 272) Top-level let-bindings must be total; this term may have effects
TestMRef.fst(8,0-8,15): (Warning 272) Top-level let-bindings must be total; this term may have effects
TestMRef.fst(8,0-8,15): (Warning 272) Top-level let-bindings must be total; this term may have effects
TestMRef.fst(8,0-8,15): (Warning 272) Top-level let-bindings must be total; this term may have effects
bug251.fst(2,0-2,15): (Warning 272) Top-level let-bindings must be total; this term may have effects
MAC.fst(45,0-45,53): (Warning 272) Top-level let-bindings must be total; this term may have effects
MAC.fst(45,0-45,53): (Warning 272) Top-level let-bindings must be total; this term may have effects
MAC.fst(45,0-45,53): (Warning 272) Top-level let-bindings must be total; this term may have effects
MAC.fst(45,0-45,53): (Warning 272) Top-level let-bindings must be total; this term may have effects
MRefHeap.fst(71,11-72,26): (Warning 252) (Hint-replay failed): Subtyping check failed; expected type MRefHeap.heap; got type Prims.nat * (_: Prims.nat -> Prims.Tot (FStar.Pervasives.Native.option MRefHeap.heap_cell)) (see also MRefHeap.fst(13,42-13,72))
FStar.DM4F.Heap.fst(117,26-117,28): (Warning 252) (Hint-replay failed): could not prove post-condition (see also FStar.DM4F.Heap.fst(115,57-115,85))
Ex10a.fst(26,0-26,22): (Warning 272) Top-level let-bindings must be total; this term may have effects
Ex10a.fst(26,0-26,22): (Warning 272) Top-level let-bindings must be total; this term may have effects
Ex10a.fst(26,0-26,22): (Warning 272) Top-level let-bindings must be total; this term may have effects
Ex10a.fst(26,0-26,22): (Warning 272) Top-level let-bindings must be total; this term may have effects
Mac.fst(70,0-70,53): (Warning 272) Top-level let-bindings must be total; this term may have effects
Mac.fst(70,0-70,53): (Warning 272) Top-level let-bindings must be total; this term may have effects
Mac.fst(70,0-70,53): (Warning 272) Top-level let-bindings must be total; this term may have effects
Mac.fst(70,0-70,53): (Warning 272) Top-level let-bindings must be total; this term may have effects
Ex07d.fst(225,4-225,8): (Warning 240) Admitting Ex07d.eval without a definition
Ex10a.fst(24,0-24,22): (Warning 272) Top-level let-bindings must be total; this term may have effects
Ex10a.fst(24,0-24,22): (Warning 272) Top-level let-bindings must be total; this term may have effects
Ex10a.fst(24,0-24,22): (Warning 272) Top-level let-bindings must be total; this term may have effects
Ex10a.fst(24,0-24,22): (Warning 272) Top-level let-bindings must be total; this term may have effects
Ex12.MAC.fst(60,0-63,4): (Warning 272) Top-level let-bindings must be total; this term may have effects
Ex12.MAC.fst(199,0-199,33): (Warning 272) Top-level let-bindings must be total; this term may have effects
Ex12.MAC.fst(60,0-63,4): (Warning 272) Top-level let-bindings must be total; this term may have effects
Ex12.MAC.fst(199,0-199,33): (Warning 272) Top-level let-bindings must be total; this term may have effects
Ex12a.ACLs.fst(59,0-59,48): (Warning 272) Top-level let-bindings must be total; this term may have effects
Ex12a.ACLs.fst(59,0-59,48): (Warning 272) Top-level let-bindings must be total; this term may have effects
Ex12a1.Cap.fst(21,0-21,26): (Warning 272) Top-level let-bindings must be total; this term may have effects
Ex12a1.Cap.fst(21,0-21,26): (Warning 272) Top-level let-bindings must be total; this term may have effects
Ex12a1.Cap.fst(21,0-21,26): (Warning 272) Top-level let-bindings must be total; this term may have effects
Ex12a1.Cap.fst(21,0-21,26): (Warning 272) Top-level let-bindings must be total; this term may have effects
Ex12.MAC.fst(60,0-63,4): (Warning 272) Top-level let-bindings must be total; this term may have effects
Ex12.MAC.fst(60,0-63,4): (Warning 272) Top-level let-bindings must be total; this term may have effects
Ex12.MAC.fst(199,0-199,33): (Warning 272) Top-level let-bindings must be total; this term may have effects
Ex12.MAC.fst(199,0-199,33): (Warning 272) Top-level let-bindings must be total; this term may have effects
Ex12.MAC.fst(60,0-63,4): (Warning 272) Top-level let-bindings must be total; this term may have effects
Ex12.MAC.fst(60,0-63,4): (Warning 272) Top-level let-bindings must be total; this term may have effects
Ex12.MAC.fst(199,0-199,33): (Warning 272) Top-level let-bindings must be total; this term may have effects
Ex12.MAC.fst(199,0-199,33): (Warning 272) Top-level let-bindings must be total; this term may have effects
MAC.fst(45,0-45,53): (Warning 272) Top-level let-bindings must be total; this term may have effects
MAC.fst(45,0-45,53): (Warning 272) Top-level let-bindings must be total; this term may have effects
Ex12.MAC.fst(60,0-63,4): (Warning 272) Top-level let-bindings must be total; this term may have effects
Ex12.MAC.fst(199,0-199,33): (Warning 272) Top-level let-bindings must be total; this term may have effects
Ex12.MAC.fst(60,0-63,4): (Warning 272) Top-level let-bindings must be total; this term may have effects
Ex12.MAC.fst(199,0-199,33): (Warning 272) Top-level let-bindings must be total; this term may have effects
Ex12a.ACLs.fst(59,0-59,48): (Warning 272) Top-level let-bindings must be total; this term may have effects
Ex12a.ACLs.fst(59,0-59,48): (Warning 272) Top-level let-bindings must be total; this term may have effects
Ex12a2.Cap.fst(21,0-21,31): (Warning 272) Top-level let-bindings must be total; this term may have effects
Ex12a2.Cap.fst(21,0-21,31): (Warning 272) Top-level let-bindings must be total; this term may have effects
Ex12a2.Cap.fst(43,0-43,33): (Warning 272) Top-level let-bindings must be total; this term may have effects
Ex12a2.Cap.fst(43,0-43,33): (Warning 272) Top-level let-bindings must be total; this term may have effects
Ex12a2.Cap.fst(21,0-21,31): (Warning 272) Top-level let-bindings must be total; this term may have effects
Ex12a2.Cap.fst(21,0-21,31): (Warning 272) Top-level let-bindings must be total; this term may have effects
Ex12a2.Cap.fst(43,0-43,33): (Warning 272) Top-level let-bindings must be total; this term may have effects
Ex12a2.Cap.fst(43,0-43,33): (Warning 272) Top-level let-bindings must be total; this term may have effects
Ex12.MAC.fst(41,0-41,41): (Warning 272) Top-level let-bindings must be total; this term may have effects
Ex12.MAC.fst(41,0-41,41): (Warning 272) Top-level let-bindings must be total; this term may have effects
Ex12a.ACLs.fst(59,0-59,48): (Warning 272) Top-level let-bindings must be total; this term may have effects
Ex12a.ACLs.fst(59,0-59,48): (Warning 272) Top-level let-bindings must be total; this term may have effects
Ex12a1.Cap.fst(23,0-23,26): (Warning 272) Top-level let-bindings must be total; this term may have effects
Ex12a1.Cap.fst(23,0-23,26): (Warning 272) Top-level let-bindings must be total; this term may have effects
Ex12a1.Cap.fst(23,0-23,26): (Warning 272) Top-level let-bindings must be total; this term may have effects
Ex12a1.Cap.fst(23,0-23,26): (Warning 272) Top-level let-bindings must be total; this term may have effects
Ex12b1.Format.fst(97,4-97,18): (Warning 240) Admitting Ex12b1.Format.resp_injective without a definition
Ex12b1.Format.fst(91,4-91,17): (Warning 240) Admitting Ex12b1.Format.req_injective without a definition
Ex12b1.Format.fst(85,4-85,21): (Warning 240) Admitting Ex12b1.Format.req_resp_distinct without a definition
Ex12b1.Format.fst(95,4-95,18): (Warning 240) Admitting Ex12b1.Format.resp_injective without a definition
Ex12b1.Format.fst(89,4-89,17): (Warning 240) Admitting Ex12b1.Format.req_injective without a definition
Ex12b1.Format.fst(83,4-83,21): (Warning 240) Admitting Ex12b1.Format.req_resp_distinct without a definition
Ex12f.TMAC.fst(26,4-26,10): (Warning 240) Admitting Ex12f.TMAC.verify without a definition
Ex12f.TMAC.fst(25,4-25,7): (Warning 240) Admitting Ex12f.TMAC.mac without a definition
Ex12f.TMAC.fst(24,4-24,10): (Warning 240) Admitting Ex12f.TMAC.keygen without a definition
SepLogic.Heap.fst(61,39-64,38): (Warning 252) (Hint-replay failed): Patterns are incomplete
SepLogic.Heap.fst(80,51-83,71): (Warning 252) (Hint-replay failed): Patterns are incomplete
SepLogic.Heap.fst(305,4-305,6): (Warning 252) (Hint-replay failed): could not prove post-condition (see also SepLogic.Heap.fst(304,21-304,58))
MAC.fst(45,0-45,53): (Warning 272) Top-level let-bindings must be total; this term may have effects
MAC.fst(45,0-45,53): (Warning 272) Top-level let-bindings must be total; this term may have effects
RPC.fst(9,0-9,53): (Warning 272) Top-level let-bindings must be total; this term may have effects
RPC.fst(9,0-9,53): (Warning 272) Top-level let-bindings must be total; this term may have effects
RPC.fst(23,0-23,39): (Warning 272) Top-level let-bindings must be total; this term may have effects
RPC.fst(23,0-23,39): (Warning 272) Top-level let-bindings must be total; this term may have effects
RPC.fst(48,0-49,16): (Warning 272) Top-level let-bindings must be total; this term may have effects
RPC.fst(48,0-49,16): (Warning 272) Top-level let-bindings must be total; this term may have effects
RPC.fst(116,0-116,17): (Warning 272) Top-level let-bindings must be total; this term may have effects
RPC.fst(116,0-116,17): (Warning 272) Top-level let-bindings must be total; this term may have effects
RPC.fst(9,0-9,53): (Warning 272) Top-level let-bindings must be total; this term may have effects
RPC.fst(9,0-9,53): (Warning 272) Top-level let-bindings must be total; this term may have effects
RPC.fst(23,0-23,39): (Warning 272) Top-level let-bindings must be total; this term may have effects
RPC.fst(23,0-23,39): (Warning 272) Top-level let-bindings must be total; this term may have effects
RPC.fst(48,0-49,16): (Warning 272) Top-level let-bindings must be total; this term may have effects
RPC.fst(48,0-49,16): (Warning 272) Top-level let-bindings must be total; this term may have effects
RPC.fst(116,0-116,17): (Warning 272) Top-level let-bindings must be total; this term may have effects
RPC.fst(116,0-116,17): (Warning 272) Top-level let-bindings must be total; this term may have effects
Ex12g.TMAC2.fst(30,4-30,10): (Warning 240) Admitting Ex12g.TMAC2.verify without a definition
Ex12g.TMAC2.fst(29,4-29,7): (Warning 240) Admitting Ex12g.TMAC2.mac without a definition
LowParse.Spec.Base.fst(733,2-733,8): (Warning 252) (Hint-replay failed): assertion failed (see also LowParse.Spec.Base.fst(733,9-733,22))
Test.HyperStack.fst(253,27-253,36): (Warning 288) FStar.HyperStack.ST.salloc_mm is deprecated, use use salloc instead instead
Test.HyperStack.fst(262,10-262,15): (Warning 288) FStar.HyperStack.ST.sfree is deprecated, use use salloc instead instead
Test.HyperStack.fst(272,27-272,36): (Warning 288) FStar.HyperStack.ST.salloc_mm is deprecated, use use salloc instead instead
Ex12e.Pad.fst(50,27-50,32): (Warning 252) (Hint-replay failed): Subtyping check failed; expected type Prims.eqtype; got type Type0 (see also prims.fst(27,22-27,29))
SL.Heap.fst(66,39-69,38): (Warning 252) (Hint-replay failed): Patterns are incomplete
SL.Heap.fst(86,51-89,71): (Warning 252) (Hint-replay failed): Patterns are incomplete
Ex12.MAC.fst(60,0-63,4): (Warning 272) Top-level let-bindings must be total; this term may have effects
Ex12.MAC.fst(199,0-199,33): (Warning 272) Top-level let-bindings must be total; this term may have effects
Ex12.MAC.fst(60,0-63,4): (Warning 272) Top-level let-bindings must be total; this term may have effects
Ex12.MAC.fst(199,0-199,33): (Warning 272) Top-level let-bindings must be total; this term may have effects
Ex12b.RPC.fst(15,0-15,53): (Warning 272) Top-level let-bindings must be total; this term may have effects
Ex12b.RPC.fst(15,0-15,53): (Warning 272) Top-level let-bindings must be total; this term may have effects
Ex12b.RPC.fst(27,0-27,36): (Warning 272) Top-level let-bindings must be total; this term may have effects
Ex12b.RPC.fst(27,0-27,36): (Warning 272) Top-level let-bindings must be total; this term may have effects
Ex12b.RPC.fst(56,8-56,57): (Warning 272) Top-level let-bindings must be total; this term may have effects
Ex12b.RPC.fst(56,8-56,57): (Warning 272) Top-level let-bindings must be total; this term may have effects
Ex12b.RPC.fst(85,0-86,16): (Warning 272) Top-level let-bindings must be total; this term may have effects
Ex12b.RPC.fst(85,0-86,16): (Warning 272) Top-level let-bindings must be total; this term may have effects
Ex12b.RPC.fst(166,0-166,17): (Warning 272) Top-level let-bindings must be total; this term may have effects
Ex12b.RPC.fst(166,0-166,17): (Warning 272) Top-level let-bindings must be total; this term may have effects
Ex12b.RPC.fst(15,0-15,53): (Warning 272) Top-level let-bindings must be total; this term may have effects
Ex12b.RPC.fst(15,0-15,53): (Warning 272) Top-level let-bindings must be total; this term may have effects
Ex12b.RPC.fst(27,0-27,36): (Warning 272) Top-level let-bindings must be total; this term may have effects
Ex12b.RPC.fst(27,0-27,36): (Warning 272) Top-level let-bindings must be total; this term may have effects
Ex12b.RPC.fst(56,8-56,57): (Warning 272) Top-level let-bindings must be total; this term may have effects
Ex12b.RPC.fst(56,8-56,57): (Warning 272) Top-level let-bindings must be total; this term may have effects
Ex12b.RPC.fst(85,0-86,16): (Warning 272) Top-level let-bindings must be total; this term may have effects
Ex12b.RPC.fst(85,0-86,16): (Warning 272) Top-level let-bindings must be total; this term may have effects
Ex12b.RPC.fst(166,0-166,17): (Warning 272) Top-level let-bindings must be total; this term may have effects
Ex12b.RPC.fst(166,0-166,17): (Warning 272) Top-level let-bindings must be total; this term may have effects
MAC.fst(45,0-45,53): (Warning 272) Top-level let-bindings must be total; this term may have effects
MAC.fst(45,0-45,53): (Warning 272) Top-level let-bindings must be total; this term may have effects
CntProtocol.fst(12,0-12,53): (Warning 272) Top-level let-bindings must be total; this term may have effects
CntProtocol.fst(12,0-12,53): (Warning 272) Top-level let-bindings must be total; this term may have effects
CntProtocol.fst(27,0-27,26): (Warning 272) Top-level let-bindings must be total; this term may have effects
CntProtocol.fst(27,0-27,26): (Warning 272) Top-level let-bindings must be total; this term may have effects
CntProtocol.fst(30,0-30,54): (Warning 272) Top-level let-bindings must be total; this term may have effects
CntProtocol.fst(30,0-30,54): (Warning 272) Top-level let-bindings must be total; this term may have effects
CntProtocol.fst(33,0-33,54): (Warning 272) Top-level let-bindings must be total; this term may have effects
CntProtocol.fst(33,0-33,54): (Warning 272) Top-level let-bindings must be total; this term may have effects
CntProtocol.fst(97,0-97,39): (Warning 272) Top-level let-bindings must be total; this term may have effects
CntProtocol.fst(97,0-97,39): (Warning 272) Top-level let-bindings must be total; this term may have effects
CntProtocol.fst(124,0-124,18): (Warning 272) Top-level let-bindings must be total; this term may have effects
CntProtocol.fst(124,0-124,18): (Warning 272) Top-level let-bindings must be total; this term may have effects
CntProtocol.fst(168,0-184,5): (Warning 272) Top-level let-bindings must be total; this term may have effects
CntProtocol.fst(168,0-184,5): (Warning 272) Top-level let-bindings must be total; this term may have effects
CntProtocol.fst(12,0-12,53): (Warning 272) Top-level let-bindings must be total; this term may have effects
CntProtocol.fst(12,0-12,53): (Warning 272) Top-level let-bindings must be total; this term may have effects
CntProtocol.fst(27,0-27,26): (Warning 272) Top-level let-bindings must be total; this term may have effects
CntProtocol.fst(27,0-27,26): (Warning 272) Top-level let-bindings must be total; this term may have effects
CntProtocol.fst(30,0-30,54): (Warning 272) Top-level let-bindings must be total; this term may have effects
CntProtocol.fst(30,0-30,54): (Warning 272) Top-level let-bindings must be total; this term may have effects
CntProtocol.fst(33,0-33,54): (Warning 272) Top-level let-bindings must be total; this term may have effects
CntProtocol.fst(33,0-33,54): (Warning 272) Top-level let-bindings must be total; this term may have effects
CntProtocol.fst(97,0-97,39): (Warning 272) Top-level let-bindings must be total; this term may have effects
CntProtocol.fst(97,0-97,39): (Warning 272) Top-level let-bindings must be total; this term may have effects
CntProtocol.fst(124,0-124,18): (Warning 272) Top-level let-bindings must be total; this term may have effects
CntProtocol.fst(124,0-124,18): (Warning 272) Top-level let-bindings must be total; this term may have effects
CntProtocol.fst(168,0-184,5): (Warning 272) Top-level let-bindings must be total; this term may have effects
CntProtocol.fst(168,0-184,5): (Warning 272) Top-level let-bindings must be total; this term may have effects
Protocol.fst(23,0-23,9): (Warning 239) Adding an implicit 'assume new' qualifier on byte
Protocol.fst(341,4-341,25): (Warning 252) (Hint-replay failed): could not prove post-condition (see also Protocol.fst(340,7-340,35))
LowParse.Spec.Combinators.fst(181,2-181,12): (Warning 252) (Hint-replay failed): assertion failed (see also LowParse.Spec.Base.fst(472,12-472,34))
LowParse.Spec.Combinators.fst(534,2-534,8): (Warning 252) (Hint-replay failed): assertion failed (see also LowParse.Spec.Combinators.fst(534,9-534,72))
LowParse.Spec.Combinators.fst(181,2-181,12): (Warning 252) (Hint-replay failed): assertion failed (see also LowParse.Spec.Base.fst(472,12-472,34))
MiniParse.Spec.Combinators.fst(483,2-483,8): (Warning 252) (Hint-replay failed): assertion failed (see also MiniParse.Spec.Combinators.fst(483,9-483,72))
MiniParse.Spec.Combinators.fst(551,9-551,26): (Warning 252) (Hint-replay failed): Subtyping check failed; expected type f:
MiniParse.Spec.Base.bare_parser t'
{ MiniParse.Spec.Base.no_lookahead_weak f /\ MiniParse.Spec.Base.injective f /\
MiniParse.Spec.Base.no_lookahead f }; got type MiniParse.Spec.Base.bare_parser t' (see also MiniParse.Spec.Base.fst(227,4-227,15))
MiniParse.Spec.Combinators.fst(551,9-551,26): (Warning 252) (Hint-replay failed): Subtyping check failed; expected type f:
MiniParse.Spec.Base.bare_parser t'
{ MiniParse.Spec.Base.no_lookahead_weak f /\ MiniParse.Spec.Base.injective f /\
MiniParse.Spec.Base.no_lookahead f }; got type MiniParse.Spec.Base.bare_parser t' (see also MiniParse.Spec.Base.fst(227,4-227,15))
LowStar.Ex3.fst(52,28-52,39): (Warning 288) FStar.Seq.Base.createEmpty is deprecated, use Seq.empty instead
prims.fst(233,30-233,42): (Warning 252) assertion failed (see also prims.fst(205,68-205,80))
prims.fst(233,30-233,42): (Warning 252) assertion failed (see also prims.fst(205,68-205,80))
prims.fst(233,30-233,42): (Warning 252) assertion failed (see also prims.fst(205,68-205,80))
prims.fst(233,30-233,42): (Warning 252) assertion failed (see also prims.fst(205,68-205,80))
hello.fst(5,0-5,37): (Warning 272) Top-level let-bindings must be total; this term may have effects
hello.fst(5,0-5,37): (Warning 272) Top-level let-bindings must be total; this term may have effects
StlcStrongDbParSubst.fst(211,27-211,29): (Warning 252) (Hint-replay failed): Subtyping check failed; expected type StlcStrongDbParSubst.typing g
(StlcStrongDbParSubst.sub_beta v y)
(Some?.v (StlcStrongDbParSubst.extend t_x g y)); got type StlcStrongDbParSubst.typing g v t_x (see also StlcStrongDbParSubst.fst(178,46-209,36))
StlcStrongDbParSubst.fst(211,27-211,29): (Warning 252) (Hint-replay failed): Subtyping check failed; expected type StlcStrongDbParSubst.typing g
(StlcStrongDbParSubst.sub_beta v y)
(Some?.v (StlcStrongDbParSubst.extend t_x g y)); got type StlcStrongDbParSubst.typing g v t_x (see also StlcStrongDbParSubst.fst(178,46-209,36))
FStar.DM4F.Id.fst(23,8-23,14): (Warning 252) assertion failed (see also FStar.DM4F.Id.fst(23,15-23,20))
FStar.DM4F.Id.fst(23,8-23,14): (Warning 252) assertion failed (see also FStar.DM4F.Id.fst(23,15-23,20))
FStar.DM4F.Id.fst(23,8-23,14): (Warning 252) assertion failed (see also FStar.DM4F.Id.fst(23,15-23,20))
FStar.DM4F.Id.fst(23,8-23,14): (Warning 252) assertion failed (see also FStar.DM4F.Id.fst(23,15-23,20))
testseq.fst(12,0-14,15): (Warning 272) Top-level let-bindings must be total; this term may have effects
testseq.fst(12,0-14,15): (Warning 272) Top-level let-bindings must be total; this term may have effects
FStar.SL.Monotonic.Heap.fst(243,2-243,8): (Warning 252) (Hint-replay failed): assertion failed (see also FStar.SL.Monotonic.Heap.fst(243,9-243,56))
FStar.SL.Monotonic.Heap.fst(263,2-263,8): (Warning 252) (Hint-replay failed): assertion failed (see also FStar.SL.Monotonic.Heap.fst(263,9-263,84))
FStar.SL.Monotonic.Heap.fst(265,2-265,8): (Warning 252) (Hint-replay failed): assertion failed (see also FStar.SL.Monotonic.Heap.fst(265,9-265,85))
FStar.SL.Monotonic.Heap.fst(281,2-281,57): (Warning 252) (Hint-replay failed): could not prove post-condition (see also FStar.SL.Monotonic.Heap.fsti(466,18-466,24))
EtM.CPA.fst(46,21-46,32): (Warning 288) FStar.Seq.Base.createEmpty is deprecated, use Seq.empty instead
EtM.CPA.fst(55,34-55,45): (Warning 288) FStar.Seq.Base.createEmpty is deprecated, use Seq.empty instead
NegativeTests.BST.fst(22,38-22,42): (Warning 252) Subtyping check failed; expected type right:
FStar.Pervasives.Native.option (NegativeTests.BST.tree 2)
{ 0 <= 1 /\ 1 <= 2 /\ None? right <==> (1 = 2) /\
None? (FStar.Pervasives.Native.None) <==> (1 = 0) }; got type FStar.Pervasives.Native.option (NegativeTests.BST.tree 2) (see also NegativeTests.BST.fst(12,37-12,48))
NegativeTests.BST.fst(22,38-22,42): (Warning 252) Subtyping check failed; expected type right:
FStar.Pervasives.Native.option (NegativeTests.BST.tree 2)
{ 0 <= 1 /\ 1 <= 2 /\ None? right <==> (1 = 2) /\
None? (FStar.Pervasives.Native.None) <==> (1 = 0) }; got type FStar.Pervasives.Native.option (NegativeTests.BST.tree 2) (see also NegativeTests.BST.fst(12,37-12,48))
NegativeTests.BST.fst(22,38-22,42): (Warning 252) Subtyping check failed; expected type right:
FStar.Pervasives.Native.option (NegativeTests.BST.tree 2)
{ 0 <= 1 /\ 1 <= 2 /\ None? right <==> (1 = 2) /\
None? (FStar.Pervasives.Native.None) <==> (1 = 0) }; got type FStar.Pervasives.Native.option (NegativeTests.BST.tree 2) (see also NegativeTests.BST.fst(12,37-12,48))
NegativeTests.BST.fst(22,38-22,42): (Warning 252) Subtyping check failed; expected type right:
FStar.Pervasives.Native.option (NegativeTests.BST.tree 2)
{ 0 <= 1 /\ 1 <= 2 /\ None? right <==> (1 = 2) /\
None? (FStar.Pervasives.Native.None) <==> (1 = 0) }; got type FStar.Pervasives.Native.option (NegativeTests.BST.tree 2) (see also NegativeTests.BST.fst(12,37-12,48))
NegativeTests.BST.fst(25,61-25,65): (Warning 252) Subtyping check failed; expected type right:
FStar.Pervasives.Native.option (NegativeTests.BST.tree (l + 1))
{ l <= l /\ l <= l + 1 /\ None? right <==> (l = l + 1) /\
None? (FStar.Pervasives.Native.Some t) <==> (l = l) }; got type FStar.Pervasives.Native.option (NegativeTests.BST.tree (l + 1)) (see also NegativeTests.BST.fst(12,36-12,58))
NegativeTests.BST.fst(25,61-25,65): (Warning 252) Subtyping check failed; expected type right:
FStar.Pervasives.Native.option (NegativeTests.BST.tree (l + 1))
{ l <= l /\ l <= l + 1 /\ None? right <==> (l = l + 1) /\
None? (FStar.Pervasives.Native.Some t) <==> (l = l) }; got type FStar.Pervasives.Native.option (NegativeTests.BST.tree (l + 1)) (see also NegativeTests.BST.fst(12,36-12,58))
NegativeTests.BST.fst(25,61-25,65): (Warning 252) Subtyping check failed; expected type right:
FStar.Pervasives.Native.option (NegativeTests.BST.tree (l + 1))
{ l <= l /\ l <= l + 1 /\ None? right <==> (l = l + 1) /\
None? (FStar.Pervasives.Native.Some t) <==> (l = l) }; got type FStar.Pervasives.Native.option (NegativeTests.BST.tree (l + 1)) (see also NegativeTests.BST.fst(12,36-12,58))
NegativeTests.BST.fst(25,61-25,65): (Warning 252) Subtyping check failed; expected type right:
FStar.Pervasives.Native.option (NegativeTests.BST.tree (l + 1))
{ l <= l /\ l <= l + 1 /\ None? right <==> (l = l + 1) /\
None? (FStar.Pervasives.Native.Some t) <==> (l = l) }; got type FStar.Pervasives.Native.option (NegativeTests.BST.tree (l + 1)) (see also NegativeTests.BST.fst(12,36-12,58))
NegativeTests.BST.fst(28,78-28,87): (Warning 252) Subtyping check failed; expected type right:
FStar.Pervasives.Native.option (NegativeTests.BST.tree (l + 1))
{ l <= l + 1 /\ l + 1 <= l + 1 /\ None? right <==> (l + 1 = l + 1) /\
None? (FStar.Pervasives.Native.Some t1) <==> (l + 1 = l) }; got type FStar.Pervasives.Native.option (NegativeTests.BST.tree (l + 1)) (see also NegativeTests.BST.fst(12,37-12,48))
NegativeTests.BST.fst(28,78-28,87): (Warning 252) Subtyping check failed; expected type right:
FStar.Pervasives.Native.option (NegativeTests.BST.tree (l + 1))
{ l <= l + 1 /\ l + 1 <= l + 1 /\ None? right <==> (l + 1 = l + 1) /\
None? (FStar.Pervasives.Native.Some t1) <==> (l + 1 = l) }; got type FStar.Pervasives.Native.option (NegativeTests.BST.tree (l + 1)) (see also NegativeTests.BST.fst(12,37-12,48))
NegativeTests.BST.fst(28,78-28,87): (Warning 252) Subtyping check failed; expected type right:
FStar.Pervasives.Native.option (NegativeTests.BST.tree (l + 1))
{ l <= l + 1 /\ l + 1 <= l + 1 /\ None? right <==> (l + 1 = l + 1) /\
None? (FStar.Pervasives.Native.Some t1) <==> (l + 1 = l) }; got type FStar.Pervasives.Native.option (NegativeTests.BST.tree (l + 1)) (see also NegativeTests.BST.fst(12,37-12,48))
NegativeTests.BST.fst(28,78-28,87): (Warning 252) Subtyping check failed; expected type right:
FStar.Pervasives.Native.option (NegativeTests.BST.tree (l + 1))
{ l <= l + 1 /\ l + 1 <= l + 1 /\ None? right <==> (l + 1 = l + 1) /\
None? (FStar.Pervasives.Native.Some t1) <==> (l + 1 = l) }; got type FStar.Pervasives.Native.option (NegativeTests.BST.tree (l + 1)) (see also NegativeTests.BST.fst(12,37-12,48))
NegativeTests.Heap.fst(11,14-11,20): (Warning 252) assertion failed (see also NegativeTests.Heap.fst(11,21-11,54))
NegativeTests.Heap.fst(11,14-11,20): (Warning 252) assertion failed (see also NegativeTests.Heap.fst(11,21-11,54))
NegativeTests.Heap.fst(11,14-11,20): (Warning 252) assertion failed (see also NegativeTests.Heap.fst(11,21-11,54))
NegativeTests.Heap.fst(11,14-11,20): (Warning 252) assertion failed (see also NegativeTests.Heap.fst(11,21-11,54))
Eta_expand.fst(22,0-26,35): (Warning 272) Top-level let-bindings must be total; this term may have effects
Eta_expand.fst(22,0-26,35): (Warning 272) Top-level let-bindings must be total; this term may have effects
File "out/Eta_expand.ml", line 19, characters 37-39:
Warning 20: this argument will not be used by the function.
File "out/Eta_expand.ml", line 19, characters 40-42:
Warning 20: this argument will not be used by the function.
MiniParse.Spec.List.fst(133,54-133,65): (Warning 288) FStar.Seq.Base.createEmpty is deprecated, use Seq.empty instead
MiniParse.Spec.List.fst(111,25-111,34): (Warning 252) (Hint-replay failed): assertion failed (see also MiniParse.Spec.Base.fst(328,41-328,63))
MiniParse.Spec.List.fst(111,25-111,34): (Warning 252) (Hint-replay failed): assertion failed (see also MiniParse.Spec.Base.fst(328,41-328,63))
NegativeTests.ShortCircuiting.fst(6,16-6,33): (Warning 252) Subtyping check failed; expected type b: Prims.bool{NegativeTests.ShortCircuiting.bad_p b}; got type Prims.bool (see also NegativeTests.ShortCircuiting.fst(4,31-4,38))
NegativeTests.ShortCircuiting.fst(6,16-6,33): (Warning 252) Subtyping check failed; expected type b: Prims.bool{NegativeTests.ShortCircuiting.bad_p b}; got type Prims.bool (see also NegativeTests.ShortCircuiting.fst(4,31-4,38))
NegativeTests.ShortCircuiting.fst(6,16-6,33): (Warning 252) Subtyping check failed; expected type b: Prims.bool{NegativeTests.ShortCircuiting.bad_p b}; got type Prims.bool (see also NegativeTests.ShortCircuiting.fst(4,31-4,38))
NegativeTests.ShortCircuiting.fst(6,16-6,33): (Warning 252) Subtyping check failed; expected type b: Prims.bool{NegativeTests.ShortCircuiting.bad_p b}; got type Prims.bool (see also NegativeTests.ShortCircuiting.fst(4,31-4,38))
prims.fst(233,30-233,42): (Warning 252) assertion failed (see also prims.fst(205,68-205,80))
prims.fst(233,30-233,42): (Warning 252) assertion failed (see also prims.fst(205,68-205,80))
prims.fst(233,30-233,42): (Warning 252) assertion failed (see also prims.fst(205,68-205,80))
prims.fst(233,30-233,42): (Warning 252) assertion failed (see also prims.fst(205,68-205,80))
Inlining.fst(38,20-38,26): (Warning 252) assertion failed
Inlining.fst(38,20-38,26): (Warning 252) assertion failed
Inlining.fst(38,20-38,26): (Warning 252) assertion failed
Inlining.fst(38,20-38,26): (Warning 252) assertion failed
NegativeTests.Bug260.fst(11,12-11,19): (Warning 252) Subtyping check failed; expected type NegativeTests.Bug260.validity (NegativeTests.Bug260.S (NegativeTests.Bug260.S t)); got type NegativeTests.Bug260.validity (NegativeTests.Bug260.S t) (see also NegativeTests.Bug260.fst(8,37-11,9))
NegativeTests.Bug260.fst(11,12-11,19): (Warning 252) Subtyping check failed; expected type NegativeTests.Bug260.validity (NegativeTests.Bug260.S (NegativeTests.Bug260.S t)); got type NegativeTests.Bug260.validity (NegativeTests.Bug260.S t) (see also NegativeTests.Bug260.fst(8,37-11,9))
NegativeTests.Bug260.fst(11,12-11,19): (Warning 252) Subtyping check failed; expected type NegativeTests.Bug260.validity (NegativeTests.Bug260.S (NegativeTests.Bug260.S t)); got type NegativeTests.Bug260.validity (NegativeTests.Bug260.S t) (see also NegativeTests.Bug260.fst(8,37-11,9))
NegativeTests.Bug260.fst(11,12-11,19): (Warning 252) Subtyping check failed; expected type NegativeTests.Bug260.validity (NegativeTests.Bug260.S (NegativeTests.Bug260.S t)); got type NegativeTests.Bug260.validity (NegativeTests.Bug260.S t) (see also NegativeTests.Bug260.fst(8,37-11,9))
NegativeTests.Neg.fst(5,8-5,10): (Warning 252) Subtyping check failed; expected type Prims.nat; got type Prims.int (see also prims.fst(410,17-410,23))
NegativeTests.Neg.fst(5,8-5,10): (Warning 252) Subtyping check failed; expected type Prims.nat; got type Prims.int (see also prims.fst(410,17-410,23))
NegativeTests.Neg.fst(5,8-5,10): (Warning 252) Subtyping check failed; expected type Prims.nat; got type Prims.int (see also prims.fst(410,17-410,23))
NegativeTests.Neg.fst(5,8-5,10): (Warning 252) Subtyping check failed; expected type Prims.nat; got type Prims.int (see also prims.fst(410,17-410,23))
NegativeTests.Neg.fst(8,8-8,10): (Warning 252) Subtyping check failed; expected type Prims.nat; got type Prims.int (see also prims.fst(410,17-410,23))
NegativeTests.Neg.fst(8,8-8,10): (Warning 252) Subtyping check failed; expected type Prims.nat; got type Prims.int (see also prims.fst(410,17-410,23))
NegativeTests.Neg.fst(8,8-8,10): (Warning 252) Subtyping check failed; expected type Prims.nat; got type Prims.int (see also prims.fst(410,17-410,23))
NegativeTests.Neg.fst(8,8-8,10): (Warning 252) Subtyping check failed; expected type Prims.nat; got type Prims.int (see also prims.fst(410,17-410,23))
NegativeTests.Neg.fst(11,23-11,29): (Warning 252) assertion failed (see also NegativeTests.Neg.fst(11,30-11,35))
NegativeTests.Neg.fst(11,23-11,29): (Warning 252) assertion failed (see also NegativeTests.Neg.fst(11,30-11,35))
NegativeTests.Neg.fst(11,23-11,29): (Warning 252) assertion failed (see also NegativeTests.Neg.fst(11,30-11,35))
NegativeTests.Neg.fst(11,23-11,29): (Warning 252) assertion failed (see also NegativeTests.Neg.fst(11,30-11,35))
NegativeTests.Neg.fst(14,28-15,15): (Warning 252) Patterns are incomplete
NegativeTests.Neg.fst(14,28-15,15): (Warning 252) Patterns are incomplete
NegativeTests.Neg.fst(14,28-15,15): (Warning 252) Patterns are incomplete
NegativeTests.Neg.fst(14,28-15,15): (Warning 252) Patterns are incomplete
NegativeTests.Neg.fst(22,32-22,42): (Warning 252) assertion failed (see also NegativeTests.Neg.fst(17,44-17,57))
NegativeTests.Neg.fst(22,32-22,42): (Warning 252) assertion failed (see also NegativeTests.Neg.fst(17,44-17,57))
NegativeTests.Neg.fst(22,32-22,42): (Warning 252) assertion failed (see also NegativeTests.Neg.fst(17,44-17,57))
NegativeTests.Neg.fst(22,32-22,42): (Warning 252) assertion failed (see also NegativeTests.Neg.fst(17,44-17,57))
NegativeTests.Neg.fst(26,33-26,34): (Warning 252) could not prove post-condition (see also NegativeTests.Neg.fst(24,83-24,88))
NegativeTests.Neg.fst(26,33-26,34): (Warning 252) could not prove post-condition (see also NegativeTests.Neg.fst(24,83-24,88))
NegativeTests.Neg.fst(26,33-26,34): (Warning 252) could not prove post-condition (see also NegativeTests.Neg.fst(24,83-24,88))
NegativeTests.Neg.fst(26,33-26,34): (Warning 252) could not prove post-condition (see also NegativeTests.Neg.fst(24,83-24,88))
NegativeTests.Neg.fst(30,30-30,31): (Warning 252) Subtyping check failed; expected type _: FStar.Pervasives.Native.option 'a {Some? _}; got type FStar.Pervasives.Native.option 'a (see also FStar.Pervasives.Native.fst(6,4-6,8))
NegativeTests.Neg.fst(30,30-30,31): (Warning 252) Subtyping check failed; expected type _: FStar.Pervasives.Native.option 'a {Some? _}; got type FStar.Pervasives.Native.option 'a (see also FStar.Pervasives.Native.fst(6,4-6,8))
NegativeTests.Neg.fst(30,30-30,31): (Warning 252) Subtyping check failed; expected type _: FStar.Pervasives.Native.option 'a {Some? _}; got type FStar.Pervasives.Native.option 'a (see also FStar.Pervasives.Native.fst(6,4-6,8))
NegativeTests.Neg.fst(30,30-30,31): (Warning 252) Subtyping check failed; expected type _: FStar.Pervasives.Native.option 'a {Some? _}; got type FStar.Pervasives.Native.option 'a (see also FStar.Pervasives.Native.fst(6,4-6,8))
NegativeTests.Neg.fst(34,45-34,47): (Warning 252) Subtyping check failed; expected type _: FStar.Pervasives.result Prims.int {V? _}; got type FStar.Pervasives.result Prims.int (see also FStar.Pervasives.fst(88,4-88,5))
NegativeTests.Neg.fst(34,45-34,47): (Warning 252) Subtyping check failed; expected type _: FStar.Pervasives.result Prims.int {V? _}; got type FStar.Pervasives.result Prims.int (see also FStar.Pervasives.fst(88,4-88,5))
NegativeTests.Neg.fst(34,45-34,47): (Warning 252) Subtyping check failed; expected type _: FStar.Pervasives.result Prims.int {V? _}; got type FStar.Pervasives.result Prims.int (see also FStar.Pervasives.fst(88,4-88,5))
NegativeTests.Neg.fst(34,45-34,47): (Warning 252) Subtyping check failed; expected type _: FStar.Pervasives.result Prims.int {V? _}; got type FStar.Pervasives.result Prims.int (see also FStar.Pervasives.fst(88,4-88,5))
NegativeTests.Neg.fst(39,25-39,26): (Warning 252) Subtyping check failed; expected type Prims.nat; got type Prims.int (see also prims.fst(410,17-410,23))
NegativeTests.Neg.fst(39,25-39,26): (Warning 252) Subtyping check failed; expected type Prims.nat; got type Prims.int (see also prims.fst(410,17-410,23))
NegativeTests.Neg.fst(39,25-39,26): (Warning 252) Subtyping check failed; expected type Prims.nat; got type Prims.int (see also prims.fst(410,17-410,23))
NegativeTests.Neg.fst(39,25-39,26): (Warning 252) Subtyping check failed; expected type Prims.nat; got type Prims.int (see also prims.fst(410,17-410,23))
EtM.CPA.fst(46,21-46,32): (Warning 288) FStar.Seq.Base.createEmpty is deprecated, use Seq.empty instead
EtM.CPA.fst(55,34-55,45): (Warning 288) FStar.Seq.Base.createEmpty is deprecated, use Seq.empty instead
EtM.MAC.fst(59,21-59,32): (Warning 288) FStar.Seq.Base.createEmpty is deprecated, use Seq.empty instead
EtM.MAC.fst(72,34-72,45): (Warning 288) FStar.Seq.Base.createEmpty is deprecated, use Seq.empty instead
NegativeTests.Termination.fst(6,26-6,27): (Warning 252) Could not prove termination of this recursive call (see also NegativeTests.Termination.fst(6,20-6,29))
NegativeTests.Termination.fst(6,26-6,27): (Warning 252) Could not prove termination of this recursive call (see also NegativeTests.Termination.fst(6,20-6,29))
NegativeTests.Termination.fst(6,26-6,27): (Warning 252) Could not prove termination of this recursive call (see also NegativeTests.Termination.fst(6,20-6,29))
NegativeTests.Termination.fst(6,26-6,27): (Warning 252) Could not prove termination of this recursive call (see also NegativeTests.Termination.fst(6,20-6,29))
NegativeTests.Termination.fst(13,26-13,35): (Warning 252) Could not prove termination of this recursive call (see also NegativeTests.Termination.fst(11,2-13,35))
NegativeTests.Termination.fst(13,26-13,35): (Warning 252) Could not prove termination of this recursive call (see also NegativeTests.Termination.fst(11,2-13,35))
NegativeTests.Termination.fst(13,26-13,35): (Warning 252) Could not prove termination of this recursive call (see also NegativeTests.Termination.fst(11,2-13,35))
NegativeTests.Termination.fst(13,26-13,35): (Warning 252) Could not prove termination of this recursive call (see also NegativeTests.Termination.fst(11,2-13,35))
NegativeTests.Termination.fst(20,43-20,44): (Warning 252) Could not prove termination of this recursive call (see also NegativeTests.Termination.fst(19,2-21,54))
NegativeTests.Termination.fst(20,43-20,44): (Warning 252) Could not prove termination of this recursive call (see also NegativeTests.Termination.fst(19,2-21,54))
NegativeTests.Termination.fst(20,43-20,44): (Warning 252) Could not prove termination of this recursive call (see also NegativeTests.Termination.fst(19,2-21,54))
NegativeTests.Termination.fst(20,43-20,44): (Warning 252) Could not prove termination of this recursive call (see also NegativeTests.Termination.fst(19,2-21,54))
NegativeTests.Termination.fst(27,28-27,29): (Warning 252) Could not prove termination of this recursive call (see also NegativeTests.Termination.fst(25,23-27,29))
NegativeTests.Termination.fst(27,28-27,29): (Warning 252) Could not prove termination of this recursive call (see also NegativeTests.Termination.fst(25,23-27,29))
NegativeTests.Termination.fst(27,28-27,29): (Warning 252) Could not prove termination of this recursive call (see also NegativeTests.Termination.fst(25,23-27,29))
NegativeTests.Termination.fst(27,28-27,29): (Warning 252) Could not prove termination of this recursive call (see also NegativeTests.Termination.fst(25,23-27,29))
NegativeTests.Termination.fst(40,15-40,29): (Warning 252) Could not prove termination of this recursive call (see also NegativeTests.Termination.fst(38,2-40,29))
NegativeTests.Termination.fst(40,15-40,29): (Warning 252) Could not prove termination of this recursive call (see also NegativeTests.Termination.fst(38,2-40,29))
NegativeTests.Termination.fst(40,15-40,29): (Warning 252) Could not prove termination of this recursive call (see also NegativeTests.Termination.fst(38,2-40,29))
NegativeTests.Termination.fst(40,15-40,29): (Warning 252) Could not prove termination of this recursive call (see also NegativeTests.Termination.fst(38,2-40,29))
NegativeTests.Termination.fst(52,19-52,29): (Warning 252) Could not prove termination of this recursive call (see also NegativeTests.Termination.fst(49,2-52,29))
NegativeTests.Termination.fst(52,19-52,29): (Warning 252) Could not prove termination of this recursive call (see also NegativeTests.Termination.fst(49,2-52,29))
NegativeTests.Termination.fst(52,19-52,29): (Warning 252) Could not prove termination of this recursive call (see also NegativeTests.Termination.fst(49,2-52,29))
NegativeTests.Termination.fst(52,19-52,29): (Warning 252) Could not prove termination of this recursive call (see also NegativeTests.Termination.fst(49,2-52,29))
NegativeTests.Termination.fst(60,34-60,35): (Warning 252) Could not prove termination of this recursive call (see also NegativeTests.Termination.fst(57,2-60,35))
NegativeTests.Termination.fst(60,34-60,35): (Warning 252) Could not prove termination of this recursive call (see also NegativeTests.Termination.fst(57,2-60,35))
NegativeTests.Termination.fst(60,34-60,35): (Warning 252) Could not prove termination of this recursive call (see also NegativeTests.Termination.fst(57,2-60,35))
NegativeTests.Termination.fst(60,34-60,35): (Warning 252) Could not prove termination of this recursive call (see also NegativeTests.Termination.fst(57,2-60,35))
NegativeTests.Termination.fst(65,2-67,14): (Warning 252) Patterns are incomplete
NegativeTests.Termination.fst(65,2-67,14): (Warning 252) Patterns are incomplete
NegativeTests.Termination.fst(65,2-67,14): (Warning 252) Patterns are incomplete
NegativeTests.Termination.fst(65,2-67,14): (Warning 252) Patterns are incomplete
NegativeTests.Termination.fst(74,29-74,31): (Warning 252) Could not prove termination of this recursive call (see also NegativeTests.Termination.fst(72,2-74,31))
NegativeTests.Termination.fst(74,29-74,31): (Warning 252) Could not prove termination of this recursive call (see also NegativeTests.Termination.fst(72,2-74,31))
NegativeTests.Termination.fst(74,29-74,31): (Warning 252) Could not prove termination of this recursive call (see also NegativeTests.Termination.fst(72,2-74,31))
NegativeTests.Termination.fst(74,29-74,31): (Warning 252) Could not prove termination of this recursive call (see also NegativeTests.Termination.fst(72,2-74,31))
NegativeTests.Termination.fst(81,20-81,26): (Warning 252) Could not prove termination of this recursive call (see also NegativeTests.Termination.fst(79,2-81,26))
NegativeTests.Termination.fst(81,20-81,26): (Warning 252) Could not prove termination of this recursive call (see also NegativeTests.Termination.fst(79,2-81,26))
NegativeTests.Termination.fst(81,20-81,26): (Warning 252) Could not prove termination of this recursive call (see also NegativeTests.Termination.fst(79,2-81,26))
NegativeTests.Termination.fst(81,20-81,26): (Warning 252) Could not prove termination of this recursive call (see also NegativeTests.Termination.fst(79,2-81,26))
C:\build\agent2\_work\36\s\kremlin\kremlib\compat\C.Compat.Loops.fst(386,15-386,26): (Warning 288) Spec.Loops.repeat_spec is deprecated, use Spec.Loops.repeat instead
C:\build\agent2\_work\36\s\kremlin\kremlib\compat\C.Compat.Loops.fst(392,22-392,33): (Warning 288) Spec.Loops.repeat_spec is deprecated, use Spec.Loops.repeat instead
C:\build\agent2\_work\36\s\kremlin\kremlib\compat\C.Compat.Loops.fst(399,4-399,16): (Warning 288) Spec.Loops.lemma_repeat is deprecated, use Spec.Loops.repeat_induction instead
C:\build\agent2\_work\36\s\kremlin\kremlib\compat\C.Compat.Loops.fst(401,2-401,16): (Warning 288) Spec.Loops.lemma_repeat_0 is deprecated, use Spec.Loops.repeat_base instead
C:\build\agent2\_work\36\s\kremlin\kremlib\compat\C.Compat.Loops.fst(428,15-428,32): (Warning 288) Spec.Loops.repeat_range_spec is deprecated, use Spec.Loops.repeat_range instead
C:\build\agent2\_work\36\s\kremlin\kremlib\compat\C.Compat.Loops.fst(434,22-434,39): (Warning 288) Spec.Loops.repeat_range_spec is deprecated, use Spec.Loops.repeat_range instead
C:\build\agent2\_work\36\s\kremlin\kremlib\compat\C.Compat.Loops.fst(441,4-441,27): (Warning 288) Spec.Loops.lemma_repeat_range_spec is deprecated, use Spec.Loops.repeat_range_induction instead
C:\build\agent2\_work\36\s\kremlin\kremlib\compat\C.Compat.Loops.fst(443,2-443,22): (Warning 288) Spec.Loops.lemma_repeat_range_0 is deprecated, use Spec.Loops.repeat_range_base instead
NegativeTests.False.fst(8,13-8,33): (Warning 252) assertion failed (see also prims.fst(199,69-199,78))
NegativeTests.False.fst(8,13-8,33): (Warning 252) assertion failed (see also prims.fst(199,69-199,78))
NegativeTests.False.fst(8,13-8,33): (Warning 252) assertion failed (see also prims.fst(199,69-199,78))
NegativeTests.False.fst(8,13-8,33): (Warning 252) assertion failed (see also prims.fst(199,69-199,78))
Ex01a.fst(60,0-60,48): (Warning 272) Top-level let-bindings must be total; this term may have effects
Ex01a.fst(60,0-60,48): (Warning 272) Top-level let-bindings must be total; this term may have effects
make[2]: [Makefile:69: Ex01a-ocaml] Error 2 (ignored)
NegativeTests.Set.fst(13,9-13,30): (Warning 252) assertion failed
NegativeTests.Set.fst(13,9-13,30): (Warning 252) assertion failed
NegativeTests.Set.fst(13,9-13,30): (Warning 252) assertion failed
NegativeTests.Set.fst(13,9-13,30): (Warning 252) assertion failed
NegativeTests.Set.fst(18,9-18,67): (Warning 252) assertion failed
NegativeTests.Set.fst(18,9-18,67): (Warning 252) assertion failed
NegativeTests.Set.fst(18,9-18,67): (Warning 252) assertion failed
NegativeTests.Set.fst(18,9-18,67): (Warning 252) assertion failed
NegativeTests.Set.fst(23,9-23,52): (Warning 252) assertion failed
NegativeTests.Set.fst(23,9-23,52): (Warning 252) assertion failed
NegativeTests.Set.fst(23,9-23,52): (Warning 252) assertion failed
NegativeTests.Set.fst(23,9-23,52): (Warning 252) assertion failed
SL.Heap.fst(66,39-69,38): (Warning 252) (Hint-replay failed): Patterns are incomplete
SL.Heap.fst(86,51-89,71): (Warning 252) (Hint-replay failed): Patterns are incomplete
SL.Heap.fst(224,26-224,28): (Warning 252) (Hint-replay failed): could not prove post-condition (see also SL.Heap.fsti(168,19-168,29))
LowStar.Ex3.fst(54,28-54,39): (Warning 288) FStar.Seq.Base.createEmpty is deprecated, use Seq.empty instead
LowStar.Ex3.fst(101,39-101,50): (Warning 288) FStar.Seq.Base.createEmpty is deprecated, use Seq.empty instead
EtM.CPA.fst(46,21-46,32): (Warning 288) FStar.Seq.Base.createEmpty is deprecated, use Seq.empty instead
EtM.CPA.fst(55,34-55,45): (Warning 288) FStar.Seq.Base.createEmpty is deprecated, use Seq.empty instead
EtM.MAC.fst(59,21-59,32): (Warning 288) FStar.Seq.Base.createEmpty is deprecated, use Seq.empty instead
EtM.MAC.fst(72,34-72,45): (Warning 288) FStar.Seq.Base.createEmpty is deprecated, use Seq.empty instead
EtM.AE.fst(67,21-67,32): (Warning 288) FStar.Seq.Base.createEmpty is deprecated, use Seq.empty instead
EtM.AE.fst(80,34-80,45): (Warning 288) FStar.Seq.Base.createEmpty is deprecated, use Seq.empty instead
X64.Poly1305.Math_i.fst(153,53-153,59): (Warning 296) Tactics admitted goal <:
(n: Prims.int), (p: Prims.pos), (h: Prims.nat), (h2: Prims.nat), (h10: Prims.int), (c: Prims.int), (hh: Prims.int), (p: Prims.pure_post Prims.unit), (_:
n * n > 0 /\ h2 >= 0 /\ 4 * (n * n) == p + 5 /\ h2 == h / (n * n) /\ h10 == h % (n * n) /\
c == h2 / 4 + (h2 / 4) * 4 /\ hh == h10 + c + (h2 % 4) * (n * n) /\
(forall (pure_result: Prims.unit). h % p == hh % p ==> p pure_result)), (return_val: Prims.pos), (_: return_val == n * n), (pure_result: Prims.unit), (_: h = (n * n) * (h / (n * n)) + h % (n * n)), (pure_result: Prims.unit), (_: h == (n * n) * h2 + h10), (return_val: Prims.pos), (_: return_val == n * n), (pure_result: Prims.unit), (_:
(n * n) * h2 + h10 = (n * n) * (((n * n) * h2 + h10) / (n * n)) + ((n * n) * h2 + h10) % (n * n)), (any_result: (_: Prims.unit -> Prims.Tot Prims.unit)), (_: Calc.using (FStar.Math.Lemmas.lemma_div_mod ((n * n) * h2 + h10) (n * n)) == any_result), (return_val: (_: Prims.unit -> Prims.Lemma Prims.unit)), (_: return_val == Calc.using (FStar.Math.Lemmas.lemma_div_mod ((n * n) * h2 + h10) (n * n))), (_:
Calc.using (FStar.Math.Lemmas.lemma_div_mod ((n * n) * h2 + h10) (n * n)) ==
Calc.using (FStar.Math.Lemmas.lemma_div_mod ((n * n) * h2 + h10) (n * n))), (any_result:
x:
Prims.int
{ (n * n) * h2 + h10 == (n * n) * h2 + h10 /\
(x == (n * n) * h2 + h10) /\ ((n * n) * h2 + h10 == (n * n) * h2 + h10) }), (_:
((n * n) * h2 + h10 &= (n * n) * h2 + h10 &|
Calc.using (FStar.Math.Lemmas.lemma_div_mod ((n * n) * h2 + h10) (n * n))) ==
any_result), (any_result: (_: Prims.unit -> Prims.Pure Prims.int)), (_:
((n * n) * h2 + h10 &= (n * n) * h2 + h10 &|
Calc.using (FStar.Math.Lemmas.lemma_div_mod ((n * n) * h2 + h10) (n * n)) &=
(n * n) * ((h2 / 4) * 4 + h2 % 4) + h10) ==
any_result), (return_val: (_: Prims.unit -> Prims.Lemma Prims.unit)), (_: return_val == Calc.using Calc.z3), (any_result:
x:
Prims.int
{ (n * n) * h2 + h10 == (n * n) * ((h2 / 4) * 4 + h2 % 4) + h10 /\
(x == (n * n) * ((h2 / 4) * 4 + h2 % 4) + h10) /\
((n * n) * h2 + h10 == (n * n) * ((h2 / 4) * 4 + h2 % 4) + h10) }), (_:
((n * n) * h2 + h10 &= (n * n) * h2 + h10 &|
Calc.using (FStar.Math.Lemmas.lemma_div_mod ((n * n) * h2 + h10) (n * n)) &=
(n * n) * ((h2 / 4) * 4 + h2 % 4) + h10 &|
Calc.using Calc.z3) ==
any_result), (any_result: (_: Prims.unit -> Prims.Pure Prims.int)), (_:
((n * n) * h2 + h10 &= (n * n) * h2 + h10 &|
Calc.using (FStar.Math.Lemmas.lemma_div_mod ((n * n) * h2 + h10) (n * n)) &=
(n * n) * ((h2 / 4) * 4 + h2 % 4) + h10 &|
Calc.using Calc.z3 &=
h10 + (h2 % 4) * (n * n) + (h2 / 4) * (p + 5)) ==
any_result) |- _ : Prims.squash ((n * n) * ((h2 / 4) * 4 + h2 % 4) + h10 ==
h10 + (h2 % 4) * (n * n) + (h2 / 4) * (p + 5))

>

(see also Calc.fst(27,64-27,76))
X64.Poly1305.Math_i.fst(170,0-171,9): (Warning 272) Top-level let-bindings must be total; this term may have effects
ScopeOfBinderGuard.fst(9,47-9,48): (Warning 252) Subtyping check failed; expected type Prims.unit; got type ScopeOfBinderGuard.bool_t (see also ScopeOfBinderGuard.fst(9,17-9,18))
ScopeOfBinderGuard.fst(9,47-9,48): (Warning 252) Subtyping check failed; expected type Prims.unit; got type ScopeOfBinderGuard.bool_t (see also ScopeOfBinderGuard.fst(9,17-9,18))
ScopeOfBinderGuard.fst(9,47-9,48): (Warning 252) Subtyping check failed; expected type Prims.unit; got type ScopeOfBinderGuard.bool_t (see also ScopeOfBinderGuard.fst(9,17-9,18))
ScopeOfBinderGuard.fst(9,47-9,48): (Warning 252) Subtyping check failed; expected type Prims.unit; got type ScopeOfBinderGuard.bool_t (see also ScopeOfBinderGuard.fst(9,17-9,18))
ScopeOfBinderGuard.fst(11,46-11,47): (Warning 252) Subtyping check failed; expected type Prims.bool; got type ScopeOfBinderGuard.t false (see also ScopeOfBinderGuard.fst(11,26-11,27))
ScopeOfBinderGuard.fst(11,46-11,47): (Warning 252) Subtyping check failed; expected type Prims.bool; got type ScopeOfBinderGuard.t false (see also ScopeOfBinderGuard.fst(11,26-11,27))
ScopeOfBinderGuard.fst(11,46-11,47): (Warning 252) Subtyping check failed; expected type Prims.bool; got type ScopeOfBinderGuard.t false (see also ScopeOfBinderGuard.fst(11,26-11,27))
ScopeOfBinderGuard.fst(11,46-11,47): (Warning 252) Subtyping check failed; expected type Prims.bool; got type ScopeOfBinderGuard.t false (see also ScopeOfBinderGuard.fst(11,26-11,27))
SepLogic.Heap.fst(61,39-64,38): (Warning 252) (Hint-replay failed): Patterns are incomplete
SepLogic.Heap.fst(80,51-83,71): (Warning 252) (Hint-replay failed): Patterns are incomplete
SepLogic.Heap.fst(305,4-305,6): (Warning 252) (Hint-replay failed): could not prove post-condition (see also SepLogic.Heap.fst(304,21-304,58))
PSK.fst(120,11-120,22): (Warning 288) FStar.HyperStack.ST.stable_on_t is deprecated, use FStar.HyperStack.ST.stable_on instead
PSK.fst(121,4-121,14): (Warning 288) FStar.HyperStack.ST.mr_witness is deprecated, use FStar.HyperStack.ST.witness_p instead
PSK.fst(164,9-164,20): (Warning 288) FStar.HyperStack.ST.stable_on_t is deprecated, use FStar.HyperStack.ST.stable_on instead
PSK.fst(165,2-165,12): (Warning 288) FStar.HyperStack.ST.mr_witness is deprecated, use FStar.HyperStack.ST.witness_p instead
PSK.fst(166,9-166,20): (Warning 288) FStar.HyperStack.ST.stable_on_t is deprecated, use FStar.HyperStack.ST.stable_on instead
PSK.fst(167,2-167,12): (Warning 288) FStar.HyperStack.ST.mr_witness is deprecated, use FStar.HyperStack.ST.witness_p instead
PSK.fst(217,13-217,24): (Warning 288) FStar.HyperStack.ST.stable_on_t is deprecated, use FStar.HyperStack.ST.stable_on instead
PSK.fst(218,6-218,16): (Warning 288) FStar.HyperStack.ST.mr_witness is deprecated, use FStar.HyperStack.ST.witness_p instead
C:\build\agent2\_work\36\s\kremlin\kremlib\compat\C.Compat.Loops.fst(386,15-386,26): (Warning 288) Spec.Loops.repeat_spec is deprecated, use Spec.Loops.repeat instead
C:\build\agent2\_work\36\s\kremlin\kremlib\compat\C.Compat.Loops.fst(392,22-392,33): (Warning 288) Spec.Loops.repeat_spec is deprecated, use Spec.Loops.repeat instead
C:\build\agent2\_work\36\s\kremlin\kremlib\compat\C.Compat.Loops.fst(399,4-399,16): (Warning 288) Spec.Loops.lemma_repeat is deprecated, use Spec.Loops.repeat_induction instead
C:\build\agent2\_work\36\s\kremlin\kremlib\compat\C.Compat.Loops.fst(401,2-401,16): (Warning 288) Spec.Loops.lemma_repeat_0 is deprecated, use Spec.Loops.repeat_base instead
C:\build\agent2\_work\36\s\kremlin\kremlib\compat\C.Compat.Loops.fst(428,15-428,32): (Warning 288) Spec.Loops.repeat_range_spec is deprecated, use Spec.Loops.repeat_range instead
C:\build\agent2\_work\36\s\kremlin\kremlib\compat\C.Compat.Loops.fst(434,22-434,39): (Warning 288) Spec.Loops.repeat_range_spec is deprecated, use Spec.Loops.repeat_range instead
C:\build\agent2\_work\36\s\kremlin\kremlib\compat\C.Compat.Loops.fst(441,4-441,27): (Warning 288) Spec.Loops.lemma_repeat_range_spec is deprecated, use Spec.Loops.repeat_range_induction instead
C:\build\agent2\_work\36\s\kremlin\kremlib\compat\C.Compat.Loops.fst(443,2-443,22): (Warning 288) Spec.Loops.lemma_repeat_range_0 is deprecated, use Spec.Loops.repeat_range_base instead
LowParse.SLow.Combinators.fst(32,21-32,26): (Warning 252) (Hint-replay failed): Subtyping check failed; expected type j: Prims.nat{FStar.UInt32.v l <= j && j <= FStar.Seq.Base.length (FStar.Bytes.reveal input)}; got type FStar.UInt.uint_t FStar.UInt32.n (see also FStar.Bytes.fsti(146,56-146,65))
LowParse.SLow.Combinators.fst(55,21-55,26): (Warning 252) (Hint-replay failed): Subtyping check failed; expected type j: Prims.nat{FStar.UInt32.v l <= j && j <= FStar.Seq.Base.length (FStar.Bytes.reveal input)}; got type FStar.UInt.uint_t FStar.UInt32.n (see also FStar.Bytes.fsti(146,56-146,65))
LowParse.SLow.Combinators.fst(109,36-109,52): (Warning 252) (Hint-replay failed): Subtyping check failed; expected type LowParse.Spec.Base.consumed_length (FStar.Bytes.reveal xbytes); got type FStar.UInt.uint_t FStar.UInt32.n (see also LowParse.Spec.Base.fst(22,55-22,72))
LowParse.SLow.Combinators.fst(32,21-32,26): (Warning 252) (Hint-replay failed): Subtyping check failed; expected type j: Prims.nat{FStar.UInt32.v l <= j && j <= FStar.Seq.Base.length (FStar.Bytes.reveal input)}; got type FStar.UInt.uint_t FStar.UInt32.n (see also FStar.Bytes.fsti(146,56-146,65))
LowParse.SLow.Combinators.fst(55,21-55,26): (Warning 252) (Hint-replay failed): Subtyping check failed; expected type j: Prims.nat{FStar.UInt32.v l <= j && j <= FStar.Seq.Base.length (FStar.Bytes.reveal input)}; got type FStar.UInt.uint_t FStar.UInt32.n (see also FStar.Bytes.fsti(146,56-146,65))
LowParse.SLow.Combinators.fst(109,36-109,52): (Warning 252) (Hint-replay failed): Subtyping check failed; expected type LowParse.Spec.Base.consumed_length (FStar.Bytes.reveal xbytes); got type FStar.UInt.uint_t FStar.UInt32.n (see also LowParse.Spec.Base.fst(22,55-22,72))
X64.Vale.StateLemmas_i.fst(40,2-40,8): (Warning 252) (Hint-replay failed): assertion failed (see also X64.Vale.StateLemmas_i.fst(40,9-40,49))
Evens.fst(11,29-11,38): (Warning 238) Plugin nat2unary will not run natively because Embedding not defined for type Evens.unary_nat.

Embeddings.fst(34,36-34,45): (Warning 238) Plugin norm_step_tac will not run natively because Embedding not defined for type FStar.Pervasives.Native.norm_step.

Plugins.fst(33,35-33,44): (Warning 238) Plugin norm_step_plugin will not run natively because Embedding not defined for type FStar.Pervasives.Native.norm_step.

bug1091.fst(18,50-18,66): (Warning 252) Subtyping check failed; expected type FStar.UInt.uint_t (*?u19*) _; got type n: Prims.nat{n < Prims.pow2 128} (see also FStar.UInt.fst(52,28-52,36))
bug1091.fst(24,91-24,92): (Warning 252) could not prove post-condition (see also bug1091.fst(24,21-24,86))
bug1091.fst(82,26-82,40): (Warning 252) Failed to verify implicit argument: (*?u21*) _ (Introduced at bug1091.fst(82,26-82,40) for Instantiating implicit argument in application resolved at bug1091.fst(81,0-82,77)) :: Subtyping check failed; expected type Prims.eqtype; got type Type0 (see also prims.fst(27,22-27,29))
bug1091.fst(82,51-82,65): (Warning 252) Failed to verify implicit argument: (*?u21*) _ (Introduced at bug1091.fst(82,51-82,65) for Instantiating implicit argument in application resolved at bug1091.fst(81,0-82,77)) :: Subtyping check failed; expected type Prims.eqtype; got type Type0 (see also prims.fst(27,22-27,29))
bug1091.fst(82,26-82,40): (Warning 252) Failed to verify implicit argument: (*?u21*) _ (Introduced at bug1091.fst(82,26-82,40) for flex-flex quasi:	lhs=Instantiating implicit argument in application	rhs=Instantiating implicit argument in application resolved at bug1091.fst(81,0-82,77)) :: Subtyping check failed; expected type Prims.eqtype; got type Type0 (see also prims.fst(27,22-27,29))
bug1091.fst(93,55-93,56): (Warning 252) Could not prove termination of this recursive call (see also bug1091.fst(92,2-94,78))
FStar.Pointer.Base.fst(992,23-992,24): (Warning 252) (Hint-replay failed): Subtyping check failed; expected type FStar.Pointer.Base.otype_of_struct_field l fd; got type FStar.Pointer.Base.otype_of_typ to (see also FStar.Pointer.Base.fst(945,3-945,4))
FStar.Pointer.Base.fst(4149,5-4149,28): (Warning 252) (Hint-replay failed): assertion failed (see also FStar.ModifiesGen.fsti(382,40-382,61))
FStar.Pointer.Base.fst(4152,5-4152,28): (Warning 252) (Hint-replay failed): assertion failed (see also FStar.ModifiesGen.fsti(382,40-382,61))
FStar.Tactics.Effect.fst(100,49-100,55): (Warning 296) Tactics admitted goal <:
(_:
Prims.squash (CanonDeep.x * (CanonDeep.y * CanonDeep.z) == CanonDeep.x * (CanonDeep.y * CanonDeep.z)
)), (_:
Prims.squash ((CanonDeep.x * CanonDeep.y) * CanonDeep.z == (CanonDeep.x * CanonDeep.y) * CanonDeep.z
)) |- _ : Prims.squash (CanonDeep.x * (CanonDeep.y * CanonDeep.z) == (CanonDeep.x * CanonDeep.y) * CanonDeep.z
)

>

(see also FStar.Tactics.Effect.fst(100,48-100,58))
CanonDeep.fst(190,12-190,28): (Warning 296) Tactics admitted goal <:
(_:
Prims.squash (CanonDeep.x * (CanonDeep.y * CanonDeep.z) == CanonDeep.x * (CanonDeep.y * CanonDeep.z)
)) |- _ : Prims.squash ((CanonDeep.x * CanonDeep.y) * CanonDeep.z == (CanonDeep.x * CanonDeep.y) * CanonDeep.z
)

>

(see also CanonDeep.fst(190,45-190,56))
CanonDeep.fst(190,12-190,28): (Warning 296) Tactics admitted goal <:
|- _ : Prims.squash (CanonDeep.x * (CanonDeep.y * CanonDeep.z) == CanonDeep.x * (CanonDeep.y * CanonDeep.z)
)

>

(see also CanonDeep.fst(190,30-190,41))
TestHasEq.fst(43,10-43,11): (Warning 252) Failed to prove that the type 'TestHasEq.t3' supports decidable equality because of this argument; add either the 'noeq' or 'unopteq' qualifier (see also TestHasEq.fst(42,0-43,19))
TestHasEq.fst(43,10-43,11): (Warning 252) Failed to prove that the type 'TestHasEq.t3' supports decidable equality because of this argument; add either the 'noeq' or 'unopteq' qualifier (see also TestHasEq.fst(42,0-43,19))
TestHasEq.fst(43,10-43,11): (Warning 252) Failed to prove that the type 'TestHasEq.t3' supports decidable equality because of this argument; add either the 'noeq' or 'unopteq' qualifier (see also TestHasEq.fst(42,0-43,19))
TestHasEq.fst(43,10-43,11): (Warning 252) Failed to prove that the type 'TestHasEq.t3' supports decidable equality because of this argument; add either the 'noeq' or 'unopteq' qualifier (see also TestHasEq.fst(42,0-43,19))
PatAnnot.fst(10,8-10,9): (Warning 252) Subtyping check failed; expected type Prims.squash Prims.l_False; got type Prims.unit (see also PatAnnot.fst(10,19-10,24))
PatAnnot.fst(10,8-10,9): (Warning 252) Subtyping check failed; expected type Prims.squash Prims.l_False; got type Prims.unit (see also PatAnnot.fst(10,19-10,24))
PatAnnot.fst(10,8-10,9): (Warning 252) Subtyping check failed; expected type Prims.squash Prims.l_False; got type Prims.unit (see also PatAnnot.fst(10,19-10,24))
PatAnnot.fst(10,8-10,9): (Warning 252) Subtyping check failed; expected type Prims.squash Prims.l_False; got type Prims.unit (see also PatAnnot.fst(10,19-10,24))
prims.fst(219,22-219,35): (Warning 252) assertion failed (see also prims.fst(199,69-199,78))
prims.fst(219,22-219,35): (Warning 252) assertion failed (see also prims.fst(199,69-199,78))
prims.fst(219,22-219,35): (Warning 252) assertion failed (see also prims.fst(199,69-199,78))
prims.fst(219,22-219,35): (Warning 252) assertion failed (see also prims.fst(199,69-199,78))
prims.fst(219,22-219,35): (Warning 252) assertion failed (see also prims.fst(199,69-199,78))
prims.fst(219,22-219,35): (Warning 252) assertion failed (see also prims.fst(199,69-199,78))
prims.fst(219,22-219,35): (Warning 252) assertion failed (see also prims.fst(199,69-199,78))
prims.fst(219,22-219,35): (Warning 252) assertion failed (see also prims.fst(199,69-199,78))
PatAnnot.fst(24,10-24,12): (Warning 252) Subtyping check failed; expected type Prims.squash Prims.l_False; got type Prims.unit (see also PatAnnot.fst(25,26-25,31))
PatAnnot.fst(24,10-24,12): (Warning 252) Subtyping check failed; expected type Prims.squash Prims.l_False; got type Prims.unit (see also PatAnnot.fst(25,26-25,31))
PatAnnot.fst(24,10-24,12): (Warning 252) Subtyping check failed; expected type Prims.squash Prims.l_False; got type Prims.unit (see also PatAnnot.fst(25,26-25,31))
PatAnnot.fst(24,10-24,12): (Warning 252) Subtyping check failed; expected type Prims.squash Prims.l_False; got type Prims.unit (see also PatAnnot.fst(25,26-25,31))
PatAnnot.fst(31,10-31,11): (Warning 252) Subtyping check failed; expected type Prims.nat; got type Prims.int (see also prims.fst(410,17-410,23))
PatAnnot.fst(31,10-31,11): (Warning 252) Subtyping check failed; expected type Prims.nat; got type Prims.int (see also prims.fst(410,17-410,23))
PatAnnot.fst(31,10-31,11): (Warning 252) Subtyping check failed; expected type Prims.nat; got type Prims.int (see also prims.fst(410,17-410,23))
PatAnnot.fst(31,10-31,11): (Warning 252) Subtyping check failed; expected type Prims.nat; got type Prims.int (see also prims.fst(410,17-410,23))
PatAnnot.fst(40,44-40,45): (Warning 252) Type annotation on parameter incompatible with the expected type (see also prims.fst(410,17-410,23))
PatAnnot.fst(40,44-40,45): (Warning 252) Type annotation on parameter incompatible with the expected type (see also prims.fst(410,17-410,23))
PatAnnot.fst(40,44-40,45): (Warning 252) Type annotation on parameter incompatible with the expected type (see also prims.fst(410,17-410,23))
PatAnnot.fst(40,44-40,45): (Warning 252) Type annotation on parameter incompatible with the expected type (see also prims.fst(410,17-410,23))
Unable to open hints file: C:\build\agent2\_work\36\s\examples\micro-benchmarks\ArgsAndQuals.fst.hints; ran without hints
bug1521.fst(55,17-55,20): (Warning 252) could not prove post-condition (see also bug1521.fst(53,65-53,68))
bug1521.fst(55,17-55,20): (Warning 252) could not prove post-condition (see also bug1521.fst(53,65-53,68))
bug1521.fst(55,17-55,20): (Warning 252) could not prove post-condition (see also bug1521.fst(53,65-53,68))
bug1521.fst(55,17-55,20): (Warning 252) could not prove post-condition (see also bug1521.fst(53,65-53,68))
Prims(0,0-0,0): (Warning 283) use_extracted_interfaces option is set but could not find an interface in the cache for: Prims
FStar.Pervasives.Native(0,0-0,0): (Warning 283) use_extracted_interfaces option is set but could not find an interface in the cache for: FStar.Pervasives.Native
FStar.Pervasives(0,0-0,0): (Warning 283) use_extracted_interfaces option is set but could not find an interface in the cache for: FStar.Pervasives
FStar.List.Tot.Base(0,0-0,0): (Warning 283) use_extracted_interfaces option is set but could not find an interface in the cache for: FStar.List.Tot.Base
FStar.List.Tot.Properties(0,0-0,0): (Warning 283) use_extracted_interfaces option is set but could not find an interface in the cache for: FStar.List.Tot.Properties
FStar.StrongExcludedMiddle(0,0-0,0): (Warning 283) use_extracted_interfaces option is set but could not find an interface in the cache for: FStar.StrongExcludedMiddle
FStar.List.Tot(0,0-0,0): (Warning 283) use_extracted_interfaces option is set but could not find an interface in the cache for: FStar.List.Tot
FStar.Seq.Base(0,0-0,0): (Warning 283) use_extracted_interfaces option is set but could not find an interface in the cache for: FStar.Seq.Base
FStar.Seq.Properties(0,0-0,0): (Warning 283) use_extracted_interfaces option is set but could not find an interface in the cache for: FStar.Seq.Properties
FStar.Seq(0,0-0,0): (Warning 283) use_extracted_interfaces option is set but could not find an interface in the cache for: FStar.Seq
FStar.Mul(0,0-0,0): (Warning 283) use_extracted_interfaces option is set but could not find an interface in the cache for: FStar.Mul
FStar.Math.Lib(0,0-0,0): (Warning 283) use_extracted_interfaces option is set but could not find an interface in the cache for: FStar.Math.Lib
FStar.Math.Lemmas(0,0-0,0): (Warning 283) use_extracted_interfaces option is set but could not find an interface in the cache for: FStar.Math.Lemmas
FStar.BitVector(0,0-0,0): (Warning 283) use_extracted_interfaces option is set but could not find an interface in the cache for: FStar.BitVector
FStar.UInt(0,0-0,0): (Warning 283) use_extracted_interfaces option is set but could not find an interface in the cache for: FStar.UInt
FStar.UInt32(0,0-0,0): (Warning 283) use_extracted_interfaces option is set but could not find an interface in the cache for: FStar.UInt32
FStar.UInt8(0,0-0,0): (Warning 283) use_extracted_interfaces option is set but could not find an interface in the cache for: FStar.UInt8
MAC.fst(45,0-45,53): (Warning 272) Top-level let-bindings must be total; this term may have effects
MAC.fst(45,0-45,53): (Warning 272) Top-level let-bindings must be total; this term may have effects
RPC.fst(9,0-9,53): (Warning 272) Top-level let-bindings must be total; this term may have effects
RPC.fst(23,0-23,39): (Warning 272) Top-level let-bindings must be total; this term may have effects
RPC.fst(48,0-49,16): (Warning 272) Top-level let-bindings must be total; this term may have effects
RPC.fst(116,0-116,17): (Warning 272) Top-level let-bindings must be total; this term may have effects
RPC.fst(9,0-9,53): (Warning 272) Top-level let-bindings must be total; this term may have effects
RPC.fst(23,0-23,39): (Warning 272) Top-level let-bindings must be total; this term may have effects
RPC.fst(48,0-49,16): (Warning 272) Top-level let-bindings must be total; this term may have effects
RPC.fst(116,0-116,17): (Warning 272) Top-level let-bindings must be total; this term may have effects
(Warning 252) assertion failed
(Warning 252) assertion failed
(Warning 252) assertion failed
(Warning 252) assertion failed
Test.FunctionalExtensionality.fst(21,49-21,50): (Warning 252) Subtyping check failed; expected type Prims.nat ^-> Prims.int; got type Prims.int ^-> Prims.int (see also FStar.FunctionalExtensionality.fsti(114,16-114,33))
Test.FunctionalExtensionality.fst(21,49-21,50): (Warning 252) Subtyping check failed; expected type Prims.nat ^-> Prims.int; got type Prims.int ^-> Prims.int (see also FStar.FunctionalExtensionality.fsti(114,16-114,33))
Test.FunctionalExtensionality.fst(21,49-21,50): (Warning 252) Subtyping check failed; expected type Prims.nat ^-> Prims.int; got type Prims.int ^-> Prims.int (see also FStar.FunctionalExtensionality.fsti(114,16-114,33))
Test.FunctionalExtensionality.fst(21,49-21,50): (Warning 252) Subtyping check failed; expected type Prims.nat ^-> Prims.int; got type Prims.int ^-> Prims.int (see also FStar.FunctionalExtensionality.fsti(114,16-114,33))
Test.FunctionalExtensionality.fst(65,2-65,8): (Warning 252) assertion failed (see also Test.FunctionalExtensionality.fst(65,9-65,43))
Test.FunctionalExtensionality.fst(65,2-65,8): (Warning 252) assertion failed (see also Test.FunctionalExtensionality.fst(65,9-65,43))
Test.FunctionalExtensionality.fst(65,2-65,8): (Warning 252) assertion failed (see also Test.FunctionalExtensionality.fst(65,9-65,43))
Test.FunctionalExtensionality.fst(65,2-65,8): (Warning 252) assertion failed (see also Test.FunctionalExtensionality.fst(65,9-65,43))
Test.FunctionalExtensionality.fst(77,36-77,47): (Warning 252) Subtyping check failed; expected type _: Prims.int -> Prims.Tot Prims.int; got type Prims.nat ^-> Prims.int (see also prims.fst(410,17-410,23))
Test.FunctionalExtensionality.fst(77,36-77,47): (Warning 252) Subtyping check failed; expected type _: Prims.int -> Prims.Tot Prims.int; got type Prims.nat ^-> Prims.int (see also prims.fst(410,17-410,23))
Test.FunctionalExtensionality.fst(77,36-77,47): (Warning 252) Subtyping check failed; expected type _: Prims.int -> Prims.Tot Prims.int; got type Prims.nat ^-> Prims.int (see also prims.fst(410,17-410,23))
Test.FunctionalExtensionality.fst(77,36-77,47): (Warning 252) Subtyping check failed; expected type _: Prims.int -> Prims.Tot Prims.int; got type Prims.nat ^-> Prims.int (see also prims.fst(410,17-410,23))
Test.FunctionalExtensionality.fst(127,57-127,58): (Warning 252) Subtyping check failed; expected type Prims.int ^-> Prims.int; got type Prims.int ^-> Prims.nat (see also FStar.FunctionalExtensionality.fsti(114,16-114,33))
Test.FunctionalExtensionality.fst(127,57-127,58): (Warning 252) Subtyping check failed; expected type Prims.int ^-> Prims.int; got type Prims.int ^-> Prims.nat (see also FStar.FunctionalExtensionality.fsti(114,16-114,33))
Test.FunctionalExtensionality.fst(127,57-127,58): (Warning 252) Subtyping check failed; expected type Prims.int ^-> Prims.int; got type Prims.int ^-> Prims.nat (see also FStar.FunctionalExtensionality.fsti(114,16-114,33))
Test.FunctionalExtensionality.fst(127,57-127,58): (Warning 252) Subtyping check failed; expected type Prims.int ^-> Prims.int; got type Prims.int ^-> Prims.nat (see also FStar.FunctionalExtensionality.fsti(114,16-114,33))
/bin/sh: dep: command not found
make[3]: [Makefile:11: .depend] Error 127 (ignored)
bug1535a.fst(7,2-8,13): (Warning 252) Patterns are incomplete
bug1535a.fst(7,2-8,13): (Warning 252) Patterns are incomplete
bug1535a.fst(7,2-8,13): (Warning 252) Patterns are incomplete
bug1535a.fst(7,2-8,13): (Warning 252) Patterns are incomplete
Prims(0,0-0,0): (Warning 283) use_extracted_interfaces option is set but could not find an interface in the cache for: Prims
FStar.Pervasives.Native(0,0-0,0): (Warning 283) use_extracted_interfaces option is set but could not find an interface in the cache for: FStar.Pervasives.Native
FStar.Pervasives(0,0-0,0): (Warning 283) use_extracted_interfaces option is set but could not find an interface in the cache for: FStar.Pervasives
FStar.Preorder(0,0-0,0): (Warning 283) use_extracted_interfaces option is set but could not find an interface in the cache for: FStar.Preorder
FStar.StrongExcludedMiddle(0,0-0,0): (Warning 283) use_extracted_interfaces option is set but could not find an interface in the cache for: FStar.StrongExcludedMiddle
FStar.PropositionalExtensionality(0,0-0,0): (Warning 283) use_extracted_interfaces option is set but could not find an interface in the cache for: FStar.PropositionalExtensionality
FStar.PredicateExtensionality(0,0-0,0): (Warning 283) use_extracted_interfaces option is set but could not find an interface in the cache for: FStar.PredicateExtensionality
FStar.TSet(0,0-0,0): (Warning 283) use_extracted_interfaces option is set but could not find an interface in the cache for: FStar.TSet
FStar.Heap(0,0-0,0): (Warning 283) use_extracted_interfaces option is set but could not find an interface in the cache for: FStar.Heap
FStar.List.Tot.Base(0,0-0,0): (Warning 283) use_extracted_interfaces option is set but could not find an interface in the cache for: FStar.List.Tot.Base
FStar.List.Tot.Properties(0,0-0,0): (Warning 283) use_extracted_interfaces option is set but could not find an interface in the cache for: FStar.List.Tot.Properties
FStar.List.Tot(0,0-0,0): (Warning 283) use_extracted_interfaces option is set but could not find an interface in the cache for: FStar.List.Tot
FStar.ST(0,0-0,0): (Warning 283) use_extracted_interfaces option is set but could not find an interface in the cache for: FStar.ST
FStar.Seq.Base(0,0-0,0): (Warning 283) use_extracted_interfaces option is set but could not find an interface in the cache for: FStar.Seq.Base
FStar.Seq.Properties(0,0-0,0): (Warning 283) use_extracted_interfaces option is set but could not find an interface in the cache for: FStar.Seq.Properties
FStar.Seq(0,0-0,0): (Warning 283) use_extracted_interfaces option is set but could not find an interface in the cache for: FStar.Seq
FStar.Mul(0,0-0,0): (Warning 283) use_extracted_interfaces option is set but could not find an interface in the cache for: FStar.Mul
FStar.Math.Lib(0,0-0,0): (Warning 283) use_extracted_interfaces option is set but could not find an interface in the cache for: FStar.Math.Lib
FStar.Math.Lemmas(0,0-0,0): (Warning 283) use_extracted_interfaces option is set but could not find an interface in the cache for: FStar.Math.Lemmas
FStar.BitVector(0,0-0,0): (Warning 283) use_extracted_interfaces option is set but could not find an interface in the cache for: FStar.BitVector
FStar.UInt(0,0-0,0): (Warning 283) use_extracted_interfaces option is set but could not find an interface in the cache for: FStar.UInt
FStar.UInt32(0,0-0,0): (Warning 283) use_extracted_interfaces option is set but could not find an interface in the cache for: FStar.UInt32
FStar.UInt8(0,0-0,0): (Warning 283) use_extracted_interfaces option is set but could not find an interface in the cache for: FStar.UInt8
MAC.fst(45,0-45,53): (Warning 272) Top-level let-bindings must be total; this term may have effects
MAC.fst(45,0-45,53): (Warning 272) Top-level let-bindings must be total; this term may have effects
CntProtocol.fst(12,0-12,53): (Warning 272) Top-level let-bindings must be total; this term may have effects
CntProtocol.fst(27,0-27,26): (Warning 272) Top-level let-bindings must be total; this term may have effects
CntProtocol.fst(30,0-30,54): (Warning 272) Top-level let-bindings must be total; this term may have effects
CntProtocol.fst(33,0-33,54): (Warning 272) Top-level let-bindings must be total; this term may have effects
CntProtocol.fst(97,0-97,39): (Warning 272) Top-level let-bindings must be total; this term may have effects
CntProtocol.fst(124,0-124,18): (Warning 272) Top-level let-bindings must be total; this term may have effects
CntProtocol.fst(168,0-184,5): (Warning 272) Top-level let-bindings must be total; this term may have effects
CntProtocol.fst(12,0-12,53): (Warning 272) Top-level let-bindings must be total; this term may have effects
CntProtocol.fst(27,0-27,26): (Warning 272) Top-level let-bindings must be total; this term may have effects
CntProtocol.fst(30,0-30,54): (Warning 272) Top-level let-bindings must be total; this term may have effects
CntProtocol.fst(33,0-33,54): (Warning 272) Top-level let-bindings must be total; this term may have effects
CntProtocol.fst(97,0-97,39): (Warning 272) Top-level let-bindings must be total; this term may have effects
CntProtocol.fst(124,0-124,18): (Warning 272) Top-level let-bindings must be total; this term may have effects
CntProtocol.fst(168,0-184,5): (Warning 272) Top-level let-bindings must be total; this term may have effects
bug1370a.fst(26,11-28,24): (Warning 252) could not prove post-condition (see also bug1370a.fst(11,27-11,34))
bug1370a.fst(26,11-28,24): (Warning 252) could not prove post-condition (see also bug1370a.fst(11,27-11,34))
bug1370a.fst(26,11-28,24): (Warning 252) could not prove post-condition (see also bug1370a.fst(11,27-11,34))
bug1370a.fst(26,11-28,24): (Warning 252) could not prove post-condition (see also bug1370a.fst(11,27-11,34))
C:\build\agent2\_work\36\s\kremlin\kremlib\compat\C.Compat.Loops.fst(386,15-386,26): (Warning 288) Spec.Loops.repeat_spec is deprecated, use Spec.Loops.repeat instead
C:\build\agent2\_work\36\s\kremlin\kremlib\compat\C.Compat.Loops.fst(392,22-392,33): (Warning 288) Spec.Loops.repeat_spec is deprecated, use Spec.Loops.repeat instead
C:\build\agent2\_work\36\s\kremlin\kremlib\compat\C.Compat.Loops.fst(399,4-399,16): (Warning 288) Spec.Loops.lemma_repeat is deprecated, use Spec.Loops.repeat_induction instead
C:\build\agent2\_work\36\s\kremlin\kremlib\compat\C.Compat.Loops.fst(401,2-401,16): (Warning 288) Spec.Loops.lemma_repeat_0 is deprecated, use Spec.Loops.repeat_base instead
C:\build\agent2\_work\36\s\kremlin\kremlib\compat\C.Compat.Loops.fst(428,15-428,32): (Warning 288) Spec.Loops.repeat_range_spec is deprecated, use Spec.Loops.repeat_range instead
C:\build\agent2\_work\36\s\kremlin\kremlib\compat\C.Compat.Loops.fst(434,22-434,39): (Warning 288) Spec.Loops.repeat_range_spec is deprecated, use Spec.Loops.repeat_range instead
C:\build\agent2\_work\36\s\kremlin\kremlib\compat\C.Compat.Loops.fst(441,4-441,27): (Warning 288) Spec.Loops.lemma_repeat_range_spec is deprecated, use Spec.Loops.repeat_range_induction instead
C:\build\agent2\_work\36\s\kremlin\kremlib\compat\C.Compat.Loops.fst(443,2-443,22): (Warning 288) Spec.Loops.lemma_repeat_range_0 is deprecated, use Spec.Loops.repeat_range_base instead
<dummy>(0,0-0,0): (Warning 252) (Hint-replay failed): Could not prove goal #6 (see also SL.Examples.fst(20,14-20,33))
<dummy>(0,0-0,0): (Warning 252) (Hint-replay failed): Could not prove goal #5 (see also SL.Examples.fst(309,20-309,29))
<dummy>(0,0-0,0): (Warning 252) (Hint-replay failed): Could not prove goal #3 (see also SL.Examples.fst(20,14-20,33))
<dummy>(0,0-0,0): (Warning 252) (Hint-replay failed): Could not prove goal #12 (see also SL.Examples.fst(20,14-20,33))
<dummy>(0,0-0,0): (Warning 252) (Hint-replay failed): Could not prove goal #11 (see also SL.Examples.fst(309,20-309,29))
<dummy>(0,0-0,0): (Warning 252) (Hint-replay failed): Could not prove goal #10 (see also SL.Examples.fst(20,14-20,33))
<dummy>(0,0-0,0): (Warning 252) (Hint-replay failed): Could not prove goal #9 (see also SL.Examples.fst(20,14-20,33))
<dummy>(0,0-0,0): (Warning 252) (Hint-replay failed): Could not prove goal #8 (see also SL.Examples.fst(20,14-20,33))
<dummy>(0,0-0,0): (Warning 252) (Hint-replay failed): Could not prove goal #7 (see also SL.Examples.fst(309,20-309,29))
<dummy>(0,0-0,0): (Warning 252) (Hint-replay failed): Could not prove goal #6 (see also SL.Examples.fst(20,14-20,33))
<dummy>(0,0-0,0): (Warning 252) (Hint-replay failed): Could not prove goal #5 (see also SL.Examples.fst(20,14-20,33))
<dummy>(0,0-0,0): (Warning 252) (Hint-replay failed): Could not prove goal #4 (see also SL.Examples.fst(309,20-309,29))
<dummy>(0,0-0,0): (Warning 252) (Hint-replay failed): Could not prove goal #3 (see also SL.Examples.fst(20,14-20,33))
<dummy>(0,0-0,0): (Warning 252) (Hint-replay failed): Could not prove goal #1 (see also SL.Examples.fst(20,37-20,52))
HyE.CCA2.fst(46,2-46,14): (Warning 271) Pattern ((ite (= (BoundV 0) (BoxBool (true ))) (BoundV 3) (HyE.PlainPKE.repr (BoundV 4)))) contains illegal symbols; dropping it (see also C:\build\agent2\_work\36\s\ulib\FStar.Monotonic.Seq.fst(72,20-72,61))
C:\build\agent2\_work\36\s\kremlin\kremlib\compat\C.Compat.Loops.fst(386,15-386,26): (Warning 288) Spec.Loops.repeat_spec is deprecated, use Spec.Loops.repeat instead
C:\build\agent2\_work\36\s\kremlin\kremlib\compat\C.Compat.Loops.fst(392,22-392,33): (Warning 288) Spec.Loops.repeat_spec is deprecated, use Spec.Loops.repeat instead
C:\build\agent2\_work\36\s\kremlin\kremlib\compat\C.Compat.Loops.fst(399,4-399,16): (Warning 288) Spec.Loops.lemma_repeat is deprecated, use Spec.Loops.repeat_induction instead
C:\build\agent2\_work\36\s\kremlin\kremlib\compat\C.Compat.Loops.fst(401,2-401,16): (Warning 288) Spec.Loops.lemma_repeat_0 is deprecated, use Spec.Loops.repeat_base instead
C:\build\agent2\_work\36\s\kremlin\kremlib\compat\C.Compat.Loops.fst(428,15-428,32): (Warning 288) Spec.Loops.repeat_range_spec is deprecated, use Spec.Loops.repeat_range instead
C:\build\agent2\_work\36\s\kremlin\kremlib\compat\C.Compat.Loops.fst(434,22-434,39): (Warning 288) Spec.Loops.repeat_range_spec is deprecated, use Spec.Loops.repeat_range instead
C:\build\agent2\_work\36\s\kremlin\kremlib\compat\C.Compat.Loops.fst(441,4-441,27): (Warning 288) Spec.Loops.lemma_repeat_range_spec is deprecated, use Spec.Loops.repeat_range_induction instead
C:\build\agent2\_work\36\s\kremlin\kremlib\compat\C.Compat.Loops.fst(443,2-443,22): (Warning 288) Spec.Loops.lemma_repeat_range_0 is deprecated, use Spec.Loops.repeat_range_base instead
Unable to open hints file: C:\build\agent2\_work\36\s\examples\tactics\EnvSquash.fst.hints; ran without hints
SimpleTactic.Test.fst(5,2-5,18): (Warning 296) Tactics admitted goal <:
(_: Prims.unit) |- _ : Prims.squash (FStar.Pervasives.id 1000 = 1000)

>

(see also FStar.Tactics.Effect.fst(100,48-100,58))
C:\build\agent2\_work\36\s\kremlin\kremlib\compat\C.Compat.Loops.fst(386,15-386,26): (Warning 288) Spec.Loops.repeat_spec is deprecated, use Spec.Loops.repeat instead
C:\build\agent2\_work\36\s\kremlin\kremlib\compat\C.Compat.Loops.fst(392,22-392,33): (Warning 288) Spec.Loops.repeat_spec is deprecated, use Spec.Loops.repeat instead
C:\build\agent2\_work\36\s\kremlin\kremlib\compat\C.Compat.Loops.fst(399,4-399,16): (Warning 288) Spec.Loops.lemma_repeat is deprecated, use Spec.Loops.repeat_induction instead
C:\build\agent2\_work\36\s\kremlin\kremlib\compat\C.Compat.Loops.fst(401,2-401,16): (Warning 288) Spec.Loops.lemma_repeat_0 is deprecated, use Spec.Loops.repeat_base instead
C:\build\agent2\_work\36\s\kremlin\kremlib\compat\C.Compat.Loops.fst(428,15-428,32): (Warning 288) Spec.Loops.repeat_range_spec is deprecated, use Spec.Loops.repeat_range instead
C:\build\agent2\_work\36\s\kremlin\kremlib\compat\C.Compat.Loops.fst(434,22-434,39): (Warning 288) Spec.Loops.repeat_range_spec is deprecated, use Spec.Loops.repeat_range instead
C:\build\agent2\_work\36\s\kremlin\kremlib\compat\C.Compat.Loops.fst(441,4-441,27): (Warning 288) Spec.Loops.lemma_repeat_range_spec is deprecated, use Spec.Loops.repeat_range_induction instead
C:\build\agent2\_work\36\s\kremlin\kremlib\compat\C.Compat.Loops.fst(443,2-443,22): (Warning 288) Spec.Loops.lemma_repeat_range_0 is deprecated, use Spec.Loops.repeat_range_base instead
C:\build\agent2\_work\36\s\kremlin\kremlib\compat\C.Compat.Loops.fst(386,15-386,26): (Warning 288) Spec.Loops.repeat_spec is deprecated, use Spec.Loops.repeat instead
C:\build\agent2\_work\36\s\kremlin\kremlib\compat\C.Compat.Loops.fst(392,22-392,33): (Warning 288) Spec.Loops.repeat_spec is deprecated, use Spec.Loops.repeat instead
C:\build\agent2\_work\36\s\kremlin\kremlib\compat\C.Compat.Loops.fst(399,4-399,16): (Warning 288) Spec.Loops.lemma_repeat is deprecated, use Spec.Loops.repeat_induction instead
C:\build\agent2\_work\36\s\kremlin\kremlib\compat\C.Compat.Loops.fst(401,2-401,16): (Warning 288) Spec.Loops.lemma_repeat_0 is deprecated, use Spec.Loops.repeat_base instead
C:\build\agent2\_work\36\s\kremlin\kremlib\compat\C.Compat.Loops.fst(428,15-428,32): (Warning 288) Spec.Loops.repeat_range_spec is deprecated, use Spec.Loops.repeat_range instead
C:\build\agent2\_work\36\s\kremlin\kremlib\compat\C.Compat.Loops.fst(434,22-434,39): (Warning 288) Spec.Loops.repeat_range_spec is deprecated, use Spec.Loops.repeat_range instead
C:\build\agent2\_work\36\s\kremlin\kremlib\compat\C.Compat.Loops.fst(441,4-441,27): (Warning 288) Spec.Loops.lemma_repeat_range_spec is deprecated, use Spec.Loops.repeat_range_induction instead
C:\build\agent2\_work\36\s\kremlin\kremlib\compat\C.Compat.Loops.fst(443,2-443,22): (Warning 288) Spec.Loops.lemma_repeat_range_0 is deprecated, use Spec.Loops.repeat_range_base instead
C:\build\agent2\_work\36\s\kremlin\kremlib\compat\C.Compat.Loops.fst(386,15-386,26): (Warning 288) Spec.Loops.repeat_spec is deprecated, use Spec.Loops.repeat instead
C:\build\agent2\_work\36\s\kremlin\kremlib\compat\C.Compat.Loops.fst(392,22-392,33): (Warning 288) Spec.Loops.repeat_spec is deprecated, use Spec.Loops.repeat instead
C:\build\agent2\_work\36\s\kremlin\kremlib\compat\C.Compat.Loops.fst(399,4-399,16): (Warning 288) Spec.Loops.lemma_repeat is deprecated, use Spec.Loops.repeat_induction instead
C:\build\agent2\_work\36\s\kremlin\kremlib\compat\C.Compat.Loops.fst(401,2-401,16): (Warning 288) Spec.Loops.lemma_repeat_0 is deprecated, use Spec.Loops.repeat_base instead
C:\build\agent2\_work\36\s\kremlin\kremlib\compat\C.Compat.Loops.fst(428,15-428,32): (Warning 288) Spec.Loops.repeat_range_spec is deprecated, use Spec.Loops.repeat_range instead
C:\build\agent2\_work\36\s\kremlin\kremlib\compat\C.Compat.Loops.fst(434,22-434,39): (Warning 288) Spec.Loops.repeat_range_spec is deprecated, use Spec.Loops.repeat_range instead
C:\build\agent2\_work\36\s\kremlin\kremlib\compat\C.Compat.Loops.fst(441,4-441,27): (Warning 288) Spec.Loops.lemma_repeat_range_spec is deprecated, use Spec.Loops.repeat_range_induction instead
C:\build\agent2\_work\36\s\kremlin\kremlib\compat\C.Compat.Loops.fst(443,2-443,22): (Warning 288) Spec.Loops.lemma_repeat_range_0 is deprecated, use Spec.Loops.repeat_range_base instead
File "./Evens.ml", line 10, characters 20-54:
Warning 8: this pattern-matching is not exhaustive.
Here is an example of a case that is not matched:
U0
File "./Evens.ml", line 26, characters 22-67:
Warning 8: this pattern-matching is not exhaustive.
Here is an example of a case that is not matched:
Even0
File "./Evens.ml", line 30, characters 22-67:
Warning 8: this pattern-matching is not exhaustive.
Here is an example of a case that is not matched:
Even0
prims.fst(98,30-98,31): (Warning 252) assertion failed
prims.fst(98,30-98,31): (Warning 252) assertion failed
prims.fst(98,30-98,31): (Warning 252) assertion failed
prims.fst(98,30-98,31): (Warning 252) assertion failed
Destruct.fst(115,42-115,102): (Warning 252) Patterns are incomplete
Destruct.fst(115,42-115,102): (Warning 252) Patterns are incomplete
Destruct.fst(115,42-115,102): (Warning 252) Patterns are incomplete
Destruct.fst(115,42-115,102): (Warning 252) Patterns are incomplete
Destruct.fst(115,42-115,102): (Warning 252) Patterns are incomplete
Destruct.fst(115,42-115,102): (Warning 252) Patterns are incomplete
Destruct.fst(115,42-115,102): (Warning 252) Patterns are incomplete
Destruct.fst(115,42-115,102): (Warning 252) Patterns are incomplete
C:\build\agent2\_work\36\s\kremlin\kremlib\compat\C.Compat.Loops.fst(386,15-386,26): (Warning 288) Spec.Loops.repeat_spec is deprecated, use Spec.Loops.repeat instead
C:\build\agent2\_work\36\s\kremlin\kremlib\compat\C.Compat.Loops.fst(392,22-392,33): (Warning 288) Spec.Loops.repeat_spec is deprecated, use Spec.Loops.repeat instead
C:\build\agent2\_work\36\s\kremlin\kremlib\compat\C.Compat.Loops.fst(399,4-399,16): (Warning 288) Spec.Loops.lemma_repeat is deprecated, use Spec.Loops.repeat_induction instead
C:\build\agent2\_work\36\s\kremlin\kremlib\compat\C.Compat.Loops.fst(401,2-401,16): (Warning 288) Spec.Loops.lemma_repeat_0 is deprecated, use Spec.Loops.repeat_base instead
C:\build\agent2\_work\36\s\kremlin\kremlib\compat\C.Compat.Loops.fst(428,15-428,32): (Warning 288) Spec.Loops.repeat_range_spec is deprecated, use Spec.Loops.repeat_range instead
C:\build\agent2\_work\36\s\kremlin\kremlib\compat\C.Compat.Loops.fst(434,22-434,39): (Warning 288) Spec.Loops.repeat_range_spec is deprecated, use Spec.Loops.repeat_range instead
C:\build\agent2\_work\36\s\kremlin\kremlib\compat\C.Compat.Loops.fst(441,4-441,27): (Warning 288) Spec.Loops.lemma_repeat_range_spec is deprecated, use Spec.Loops.repeat_range_induction instead
C:\build\agent2\_work\36\s\kremlin\kremlib\compat\C.Compat.Loops.fst(443,2-443,22): (Warning 288) Spec.Loops.lemma_repeat_range_0 is deprecated, use Spec.Loops.repeat_range_base instead
FStar.Tactics.Simplifier.fst(277,18-277,23): (Warning 296) Tactics admitted goal <:
(r: FStar.ST.ref Prims.int) |- _ : Prims.squash (forall (x: FStar.Pervasives.st_post_h FStar.Monotonic.Heap.heap Prims.unit)
(x: FStar.Monotonic.Heap.heap).
(forall (x: Prims.unit) (x: FStar.Monotonic.Heap.heap). Prims.auto_squash (x x x)) ==>
FStar.Heap.trivial_preorder Prims.int (FStar.Monotonic.Heap.sel x r) 0 /\
(forall (x: Prims.unit)
(x:
_:
FStar.Monotonic.Heap.heap
{FStar.Heap.trivial_preorder Prims.int (FStar.Monotonic.Heap.sel x r) 0}).
FStar.Heap.trivial_preorder Prims.int (FStar.Monotonic.Heap.sel x r) 0 /\
FStar.Monotonic.Heap.contains x r /\
FStar.Monotonic.Heap.modifies (FStar.Set.singleton (FStar.Monotonic.Heap.addr_of r)) x x /\
FStar.Monotonic.Heap.equal_dom x x /\ FStar.Monotonic.Heap.sel x r == 0 ==>
FStar.Heap.trivial_preorder Prims.int (FStar.Monotonic.Heap.sel x r) 1 /\
(forall (x: Prims.unit)
(x:
_:
FStar.Monotonic.Heap.heap
{FStar.Heap.trivial_preorder Prims.int (FStar.Monotonic.Heap.sel x r) 1}).
FStar.Heap.trivial_preorder Prims.int (FStar.Monotonic.Heap.sel x r) 1 /\
FStar.Monotonic.Heap.contains x r /\
FStar.Monotonic.Heap.modifies (FStar.Set.singleton (FStar.Monotonic.Heap.addr_of r))
x
x /\ FStar.Monotonic.Heap.equal_dom x x /\ FStar.Monotonic.Heap.sel x r == 1 ==>
FStar.Heap.trivial_preorder Prims.int (FStar.Monotonic.Heap.sel x r) 2 /\
(forall (x: Prims.unit)
(x:
_:
FStar.Monotonic.Heap.heap
{FStar.Heap.trivial_preorder Prims.int (FStar.Monotonic.Heap.sel x r) 2}).
FStar.Heap.trivial_preorder Prims.int (FStar.Monotonic.Heap.sel x r) 2 /\
FStar.Monotonic.Heap.contains x r /\
FStar.Monotonic.Heap.modifies (FStar.Set.singleton (FStar.Monotonic.Heap.addr_of r
))
x
x /\ FStar.Monotonic.Heap.equal_dom x x /\ FStar.Monotonic.Heap.sel x r == 2 ==>
FStar.Heap.trivial_preorder Prims.int (FStar.Monotonic.Heap.sel x r) 3 /\
(forall (x: Prims.unit)
(x:
_:
FStar.Monotonic.Heap.heap
{FStar.Heap.trivial_preorder Prims.int (FStar.Monotonic.Heap.sel x r) 3}).
FStar.Heap.trivial_preorder Prims.int (FStar.Monotonic.Heap.sel x r) 3 /\
FStar.Monotonic.Heap.contains x r /\
FStar.Monotonic.Heap.modifies (FStar.Set.singleton (FStar.Monotonic.Heap.addr_of 
r))
x
x /\ FStar.Monotonic.Heap.equal_dom x x /\ FStar.Monotonic.Heap.sel x r == 3 ==>
x x x)))))

>

(see also FStar.Tactics.Simplifier.fst(273,55-273,63))
FStar.Tactics.Simplifier.fst(277,18-277,23): (Warning 296) Tactics admitted goal <:
(r: FStar.ST.ref Prims.int) |- _ : Prims.squash (forall (x: FStar.Pervasives.st_post_h FStar.Monotonic.Heap.heap Prims.unit)
(x: FStar.Monotonic.Heap.heap).
(forall (x: Prims.unit) (x: FStar.Monotonic.Heap.heap). Prims.auto_squash (x x x)) ==>
FStar.Heap.trivial_preorder Prims.int (FStar.Monotonic.Heap.sel x r) 0 /\
(forall (x: Prims.unit)
(x:
_:
FStar.Monotonic.Heap.heap
{FStar.Heap.trivial_preorder Prims.int (FStar.Monotonic.Heap.sel x r) 0}).
FStar.Heap.trivial_preorder Prims.int (FStar.Monotonic.Heap.sel x r) 0 /\
FStar.Monotonic.Heap.contains x r /\
FStar.Monotonic.Heap.modifies (FStar.Set.singleton (FStar.Monotonic.Heap.addr_of r)) x x /\
FStar.Monotonic.Heap.equal_dom x x /\ FStar.Monotonic.Heap.sel x r == 0 ==>
FStar.Heap.trivial_preorder Prims.int (FStar.Monotonic.Heap.sel x r) 1 /\
(forall (x: Prims.unit)
(x:
_:
FStar.Monotonic.Heap.heap
{FStar.Heap.trivial_preorder Prims.int (FStar.Monotonic.Heap.sel x r) 1}).
FStar.Heap.trivial_preorder Prims.int (FStar.Monotonic.Heap.sel x r) 1 /\
FStar.Monotonic.Heap.contains x r /\
FStar.Monotonic.Heap.modifies (FStar.Set.singleton (FStar.Monotonic.Heap.addr_of r))
x
x /\ FStar.Monotonic.Heap.equal_dom x x /\ FStar.Monotonic.Heap.sel x r == 1 ==>
FStar.Heap.trivial_preorder Prims.int (FStar.Monotonic.Heap.sel x r) 2 /\
(forall (x: Prims.unit)
(x:
_:
FStar.Monotonic.Heap.heap
{FStar.Heap.trivial_preorder Prims.int (FStar.Monotonic.Heap.sel x r) 2}).
FStar.Heap.trivial_preorder Prims.int (FStar.Monotonic.Heap.sel x r) 2 /\
FStar.Monotonic.Heap.contains x r /\
FStar.Monotonic.Heap.modifies (FStar.Set.singleton (FStar.Monotonic.Heap.addr_of r
))
x
x /\ FStar.Monotonic.Heap.equal_dom x x /\ FStar.Monotonic.Heap.sel x r == 2 ==>
FStar.Heap.trivial_preorder Prims.int (FStar.Monotonic.Heap.sel x r) 3 /\
(forall (x: Prims.unit)
(x:
_:
FStar.Monotonic.Heap.heap
{FStar.Heap.trivial_preorder Prims.int (FStar.Monotonic.Heap.sel x r) 3}).
FStar.Heap.trivial_preorder Prims.int (FStar.Monotonic.Heap.sel x r) 3 /\
FStar.Monotonic.Heap.contains x r /\
FStar.Monotonic.Heap.modifies (FStar.Set.singleton (FStar.Monotonic.Heap.addr_of 
r))
x
x /\ FStar.Monotonic.Heap.equal_dom x x /\ FStar.Monotonic.Heap.sel x r == 3 ==>
FStar.Heap.trivial_preorder Prims.int (FStar.Monotonic.Heap.sel x r) 4 /\
(forall (x: Prims.unit)
(x:
_:
FStar.Monotonic.Heap.heap
{FStar.Heap.trivial_preorder Prims.int (FStar.Monotonic.Heap.sel x r) 4})
.
FStar.Heap.trivial_preorder Prims.int (FStar.Monotonic.Heap.sel x r) 4 /\
FStar.Monotonic.Heap.contains x r /\
FStar.Monotonic.Heap.modifies (FStar.Set.singleton (FStar.Monotonic.Heap.addr_of 
r))
x
x /\ FStar.Monotonic.Heap.equal_dom x x /\
FStar.Monotonic.Heap.sel x r == 4 ==>
FStar.Heap.trivial_preorder Prims.int (FStar.Monotonic.Heap.sel x r) 5 /\
(forall (x: Prims.unit)
(x:
_:
FStar.Monotonic.Heap.heap
{ FStar.Heap.trivial_preorder Prims.int
(FStar.Monotonic.Heap.sel x r)
5 }).
FStar.Heap.trivial_preorder Prims.int (FStar.Monotonic.Heap.sel x r) 5 /\
FStar.Monotonic.Heap.contains x r /\
FStar.Monotonic.Heap.modifies (FStar.Set.singleton (FStar.Monotonic.Heap.addr_of 
r))
x
x /\ FStar.Monotonic.Heap.equal_dom x x /\
FStar.Monotonic.Heap.sel x r == 5 ==>
FStar.Heap.trivial_preorder Prims.int (FStar.Monotonic.Heap.sel x r) 6 /\
(forall (x: Prims.unit)
(x:
_:
FStar.Monotonic.Heap.heap
{ FStar.Heap.trivial_preorder Prims.int
(FStar.Monotonic.Heap.sel x r)
6 }).
FStar.Heap.trivial_preorder Prims.int
(FStar.Monotonic.Heap.sel x r)
6 /\ FStar.Monotonic.Heap.contains x r /\
FStar.Monotonic.Heap.modifies (FStar.Set.singleton (FStar.Monotonic.Heap.addr_of 
r))
x
x /\ FStar.Monotonic.Heap.equal_dom x x /\
FStar.Monotonic.Heap.sel x r == 6 ==>
FStar.Heap.trivial_preorder Prims.int
(FStar.Monotonic.Heap.sel x r)
7 /\
(forall (x: Prims.unit)
(x:
_:
FStar.Monotonic.Heap.heap
{ FStar.Heap.trivial_preorder Prims.int
(FStar.Monotonic.Heap.sel x r)
7 }).
FStar.Heap.trivial_preorder Prims.int
(FStar.Monotonic.Heap.sel x r)
7 /\ FStar.Monotonic.Heap.contains x r /\
FStar.Monotonic.Heap.modifies (FStar.Set.singleton (FStar.Monotonic.Heap.addr_of 
r))
x
x /\ FStar.Monotonic.Heap.equal_dom x x /\
FStar.Monotonic.Heap.sel x r == 7 ==>
FStar.Heap.trivial_preorder Prims.int
(FStar.Monotonic.Heap.sel x r)
8 /\
(forall (x: Prims.unit)
(x:
_:
FStar.Monotonic.Heap.heap
{ FStar.Heap.trivial_preorder Prims.int
(FStar.Monotonic.Heap.sel x r)
8 }).
FStar.Heap.trivial_preorder Prims.int
(FStar.Monotonic.Heap.sel x r)
8 /\ FStar.Monotonic.Heap.contains x r /\
FStar.Monotonic.Heap.modifies (FStar.Set.singleton (FStar.Monotonic.Heap.addr_of 
r))
x
x /\ FStar.Monotonic.Heap.equal_dom x x /\
FStar.Monotonic.Heap.sel x r == 8 ==>
FStar.Heap.trivial_preorder Prims.int
(FStar.Monotonic.Heap.sel x r)
9 /\
(forall (x: Prims.unit)
(x:
_:
FStar.Monotonic.Heap.heap
{ FStar.Heap.trivial_preorder Prims.int
(FStar.Monotonic.Heap.sel x r)
9 }).
FStar.Heap.trivial_preorder Prims.int
(FStar.Monotonic.Heap.sel x r)
9 /\ FStar.Monotonic.Heap.contains x r /\
FStar.Monotonic.Heap.modifies (FStar.Set.singleton (FStar.Monotonic.Heap.addr_of 
r))
x
x /\ FStar.Monotonic.Heap.equal_dom x x /\
FStar.Monotonic.Heap.sel x r == 9 ==>
FStar.Heap.trivial_preorder Prims.int
(FStar.Monotonic.Heap.sel x r)
10 /\
(forall (x: Prims.unit)
(x:
_:
FStar.Monotonic.Heap.heap
{ FStar.Heap.trivial_preorder Prims.int
(FStar.Monotonic.Heap.sel x r)
10 }).
FStar.Heap.trivial_preorder Prims.int
(FStar.Monotonic.Heap.sel x r)
10 /\ FStar.Monotonic.Heap.contains x r /\
FStar.Monotonic.Heap.modifies (FStar.Set.singleton 
(FStar.Monotonic.Heap.addr_of r))
x
x /\ FStar.Monotonic.Heap.equal_dom x x /\
FStar.Monotonic.Heap.sel x r == 10 ==>
x x x))))))))))))

>

(see also FStar.Tactics.Simplifier.fst(273,55-273,63))
C:\build\agent2\_work\36\s\kremlin\kremlib\compat\C.Compat.Loops.fst(386,15-386,26): (Warning 288) Spec.Loops.repeat_spec is deprecated, use Spec.Loops.repeat instead
C:\build\agent2\_work\36\s\kremlin\kremlib\compat\C.Compat.Loops.fst(392,22-392,33): (Warning 288) Spec.Loops.repeat_spec is deprecated, use Spec.Loops.repeat instead
C:\build\agent2\_work\36\s\kremlin\kremlib\compat\C.Compat.Loops.fst(399,4-399,16): (Warning 288) Spec.Loops.lemma_repeat is deprecated, use Spec.Loops.repeat_induction instead
C:\build\agent2\_work\36\s\kremlin\kremlib\compat\C.Compat.Loops.fst(401,2-401,16): (Warning 288) Spec.Loops.lemma_repeat_0 is deprecated, use Spec.Loops.repeat_base instead
C:\build\agent2\_work\36\s\kremlin\kremlib\compat\C.Compat.Loops.fst(428,15-428,32): (Warning 288) Spec.Loops.repeat_range_spec is deprecated, use Spec.Loops.repeat_range instead
C:\build\agent2\_work\36\s\kremlin\kremlib\compat\C.Compat.Loops.fst(434,22-434,39): (Warning 288) Spec.Loops.repeat_range_spec is deprecated, use Spec.Loops.repeat_range instead
C:\build\agent2\_work\36\s\kremlin\kremlib\compat\C.Compat.Loops.fst(441,4-441,27): (Warning 288) Spec.Loops.lemma_repeat_range_spec is deprecated, use Spec.Loops.repeat_range_induction instead
C:\build\agent2\_work\36\s\kremlin\kremlib\compat\C.Compat.Loops.fst(443,2-443,22): (Warning 288) Spec.Loops.lemma_repeat_range_0 is deprecated, use Spec.Loops.repeat_range_base instead
File "out_ExtractionBug2/ExtractionBug2.ml", line 13, characters 20-56:
Warning 8: this pattern-matching is not exhaustive.
Here is an example of a case that is not matched:
Nil
File "out_bug734/Bug734.ml", line 23, characters 45-47:
Warning 20: this argument will not be used by the function.
TacF.fst(16,44-16,45): (Warning 252) Subtyping check failed; expected type Prims.int; got type a (see also TacF.fst(16,20-16,21))
TacF.fst(16,44-16,45): (Warning 252) Subtyping check failed; expected type Prims.int; got type a (see also TacF.fst(16,20-16,21))
TacF.fst(16,44-16,45): (Warning 252) Subtyping check failed; expected type Prims.int; got type a (see also TacF.fst(16,20-16,21))
TacF.fst(16,44-16,45): (Warning 252) Subtyping check failed; expected type Prims.int; got type a (see also TacF.fst(16,20-16,21))
TacF.fst(16,44-16,45): (Warning 252) Subtyping check failed; expected type Prims.int; got type a (see also TacF.fst(16,20-16,21))
TacF.fst(16,44-16,45): (Warning 252) Subtyping check failed; expected type Prims.int; got type a (see also TacF.fst(16,20-16,21))
TacF.fst(16,44-16,45): (Warning 252) Subtyping check failed; expected type Prims.int; got type a (see also TacF.fst(16,20-16,21))
TacF.fst(16,44-16,45): (Warning 252) Subtyping check failed; expected type Prims.int; got type a (see also TacF.fst(16,20-16,21))
C:\build\agent2\_work\36\s\kremlin\kremlib\compat\C.Compat.Loops.fst(386,15-386,26): (Warning 288) Spec.Loops.repeat_spec is deprecated, use Spec.Loops.repeat instead
C:\build\agent2\_work\36\s\kremlin\kremlib\compat\C.Compat.Loops.fst(392,22-392,33): (Warning 288) Spec.Loops.repeat_spec is deprecated, use Spec.Loops.repeat instead
C:\build\agent2\_work\36\s\kremlin\kremlib\compat\C.Compat.Loops.fst(399,4-399,16): (Warning 288) Spec.Loops.lemma_repeat is deprecated, use Spec.Loops.repeat_induction instead
C:\build\agent2\_work\36\s\kremlin\kremlib\compat\C.Compat.Loops.fst(401,2-401,16): (Warning 288) Spec.Loops.lemma_repeat_0 is deprecated, use Spec.Loops.repeat_base instead
C:\build\agent2\_work\36\s\kremlin\kremlib\compat\C.Compat.Loops.fst(428,15-428,32): (Warning 288) Spec.Loops.repeat_range_spec is deprecated, use Spec.Loops.repeat_range instead
C:\build\agent2\_work\36\s\kremlin\kremlib\compat\C.Compat.Loops.fst(434,22-434,39): (Warning 288) Spec.Loops.repeat_range_spec is deprecated, use Spec.Loops.repeat_range instead
C:\build\agent2\_work\36\s\kremlin\kremlib\compat\C.Compat.Loops.fst(441,4-441,27): (Warning 288) Spec.Loops.lemma_repeat_range_spec is deprecated, use Spec.Loops.repeat_range_induction instead
C:\build\agent2\_work\36\s\kremlin\kremlib\compat\C.Compat.Loops.fst(443,2-443,22): (Warning 288) Spec.Loops.lemma_repeat_range_0 is deprecated, use Spec.Loops.repeat_range_base instead
C:\build\agent2\_work\36\s\kremlin\kremlib\compat\C.Compat.Loops.fst(386,15-386,26): (Warning 288) Spec.Loops.repeat_spec is deprecated, use Spec.Loops.repeat instead
C:\build\agent2\_work\36\s\kremlin\kremlib\compat\C.Compat.Loops.fst(392,22-392,33): (Warning 288) Spec.Loops.repeat_spec is deprecated, use Spec.Loops.repeat instead
C:\build\agent2\_work\36\s\kremlin\kremlib\compat\C.Compat.Loops.fst(399,4-399,16): (Warning 288) Spec.Loops.lemma_repeat is deprecated, use Spec.Loops.repeat_induction instead
C:\build\agent2\_work\36\s\kremlin\kremlib\compat\C.Compat.Loops.fst(401,2-401,16): (Warning 288) Spec.Loops.lemma_repeat_0 is deprecated, use Spec.Loops.repeat_base instead
C:\build\agent2\_work\36\s\kremlin\kremlib\compat\C.Compat.Loops.fst(428,15-428,32): (Warning 288) Spec.Loops.repeat_range_spec is deprecated, use Spec.Loops.repeat_range instead
C:\build\agent2\_work\36\s\kremlin\kremlib\compat\C.Compat.Loops.fst(434,22-434,39): (Warning 288) Spec.Loops.repeat_range_spec is deprecated, use Spec.Loops.repeat_range instead
C:\build\agent2\_work\36\s\kremlin\kremlib\compat\C.Compat.Loops.fst(441,4-441,27): (Warning 288) Spec.Loops.lemma_repeat_range_spec is deprecated, use Spec.Loops.repeat_range_induction instead
C:\build\agent2\_work\36\s\kremlin\kremlib\compat\C.Compat.Loops.fst(443,2-443,22): (Warning 288) Spec.Loops.lemma_repeat_range_0 is deprecated, use Spec.Loops.repeat_range_base instead
FailFlow.fst(13,4-13,10): (Warning 252) assertion failed (see also FailFlow.fst(13,11-13,16))
FailFlow.fst(13,4-13,10): (Warning 252) assertion failed (see also FailFlow.fst(13,11-13,16))
FailFlow.fst(13,4-13,10): (Warning 252) assertion failed (see also FailFlow.fst(13,11-13,16))
FailFlow.fst(13,4-13,10): (Warning 252) assertion failed (see also FailFlow.fst(13,11-13,16))
FailFlow.fst(18,4-19,16): (Warning 252) assertion failed (see also FStar.Tactics.Effect.fst(52,82-52,88))
FailFlow.fst(18,4-19,16): (Warning 252) assertion failed (see also FStar.Tactics.Effect.fst(52,82-52,88))
FailFlow.fst(18,4-19,16): (Warning 252) assertion failed (see also FStar.Tactics.Effect.fst(52,82-52,88))
FailFlow.fst(18,4-19,16): (Warning 252) assertion failed (see also FStar.Tactics.Effect.fst(52,82-52,88))
FailFlow.fst(24,4-24,10): (Warning 252) assertion failed (see also FailFlow.fst(24,11-24,16))
FailFlow.fst(24,4-24,10): (Warning 252) assertion failed (see also FailFlow.fst(24,11-24,16))
FailFlow.fst(24,4-24,10): (Warning 252) assertion failed (see also FailFlow.fst(24,11-24,16))
FailFlow.fst(24,4-24,10): (Warning 252) assertion failed (see also FailFlow.fst(24,11-24,16))
C:\build\agent2\_work\36\s\kremlin\kremlib\compat\C.Compat.Loops.fst(386,15-386,26): (Warning 288) Spec.Loops.repeat_spec is deprecated, use Spec.Loops.repeat instead
C:\build\agent2\_work\36\s\kremlin\kremlib\compat\C.Compat.Loops.fst(392,22-392,33): (Warning 288) Spec.Loops.repeat_spec is deprecated, use Spec.Loops.repeat instead
C:\build\agent2\_work\36\s\kremlin\kremlib\compat\C.Compat.Loops.fst(399,4-399,16): (Warning 288) Spec.Loops.lemma_repeat is deprecated, use Spec.Loops.repeat_induction instead
C:\build\agent2\_work\36\s\kremlin\kremlib\compat\C.Compat.Loops.fst(401,2-401,16): (Warning 288) Spec.Loops.lemma_repeat_0 is deprecated, use Spec.Loops.repeat_base instead
C:\build\agent2\_work\36\s\kremlin\kremlib\compat\C.Compat.Loops.fst(428,15-428,32): (Warning 288) Spec.Loops.repeat_range_spec is deprecated, use Spec.Loops.repeat_range instead
C:\build\agent2\_work\36\s\kremlin\kremlib\compat\C.Compat.Loops.fst(434,22-434,39): (Warning 288) Spec.Loops.repeat_range_spec is deprecated, use Spec.Loops.repeat_range instead
C:\build\agent2\_work\36\s\kremlin\kremlib\compat\C.Compat.Loops.fst(441,4-441,27): (Warning 288) Spec.Loops.lemma_repeat_range_spec is deprecated, use Spec.Loops.repeat_range_induction instead
C:\build\agent2\_work\36\s\kremlin\kremlib\compat\C.Compat.Loops.fst(443,2-443,22): (Warning 288) Spec.Loops.lemma_repeat_range_0 is deprecated, use Spec.Loops.repeat_range_base instead
LemmaArgs.fst(16,2-16,18): (Warning 252) Subtyping check failed; expected type b: Prims.int{b <> 5}; got type Prims.int (see also LemmaArgs.fst(5,34-5,40))
LemmaArgs.fst(16,2-16,18): (Warning 252) Subtyping check failed; expected type b: Prims.int{b <> 5}; got type Prims.int (see also LemmaArgs.fst(5,34-5,40))
LemmaArgs.fst(16,2-16,18): (Warning 252) Subtyping check failed; expected type b: Prims.int{b <> 5}; got type Prims.int (see also LemmaArgs.fst(5,34-5,40))
LemmaArgs.fst(16,2-16,18): (Warning 252) Subtyping check failed; expected type b: Prims.int{b <> 5}; got type Prims.int (see also LemmaArgs.fst(5,34-5,40))
Trans.fst(15,63-15,68): (Warning 296) Tactics admitted goal <:
|- _ : Prims.squash (Trans.a == (*?u50*) _)

>

(see also Trans.fst(10,20-10,35))
Trans.fst(15,63-15,68): (Warning 296) Tactics admitted goal <:
|- _ : Prims.squash ((*?u50*) _ == Trans.b)

>

(see also Trans.fst(10,39-10,54))
Goals.fst(12,26-12,32): (Warning 252) assertion failed (see also Goals.fst(12,33-12,38))
Goals.fst(12,26-12,32): (Warning 252) assertion failed (see also Goals.fst(12,33-12,38))
Goals.fst(12,26-12,32): (Warning 252) assertion failed (see also Goals.fst(12,33-12,38))
Goals.fst(12,26-12,32): (Warning 252) assertion failed (see also Goals.fst(12,33-12,38))
Goals.fst(18,26-18,32): (Warning 252) Could not prove goal #1 (see also Goals.fst(18,33-18,38))
Goals.fst(18,26-18,32): (Warning 252) Could not prove goal #1 (see also Goals.fst(18,33-18,38))
Goals.fst(18,26-18,32): (Warning 252) Could not prove goal #1 (see also Goals.fst(18,33-18,38))
Goals.fst(18,26-18,32): (Warning 252) Could not prove goal #1 (see also Goals.fst(18,33-18,38))
Goals.fst(19,26-19,32): (Warning 252) Could not prove goal #1 (see also Goals.fst(19,33-19,38))
Goals.fst(19,26-19,32): (Warning 252) Could not prove goal #1 (see also Goals.fst(19,33-19,38))
Goals.fst(19,26-19,32): (Warning 252) Could not prove goal #1 (see also Goals.fst(19,33-19,38))
Goals.fst(19,26-19,32): (Warning 252) Could not prove goal #1 (see also Goals.fst(19,33-19,38))
Goals.fst(24,26-24,32): (Warning 252) Could not prove goal #1 (see also Goals.fst(24,33-24,38))
Goals.fst(24,26-24,32): (Warning 252) Could not prove goal #1 (see also Goals.fst(24,33-24,38))
Goals.fst(24,26-24,32): (Warning 252) Could not prove goal #1 (see also Goals.fst(24,33-24,38))
Goals.fst(24,26-24,32): (Warning 252) Could not prove goal #1 (see also Goals.fst(24,33-24,38))
Goals.fst(25,26-25,32): (Warning 252) Could not prove goal #1 (see also Goals.fst(25,33-25,38))
Goals.fst(25,26-25,32): (Warning 252) Could not prove goal #1 (see also Goals.fst(25,33-25,38))
Goals.fst(25,26-25,32): (Warning 252) Could not prove goal #1 (see also Goals.fst(25,33-25,38))
Goals.fst(25,26-25,32): (Warning 252) Could not prove goal #1 (see also Goals.fst(25,33-25,38))
Goals.fst(38,26-38,32): (Warning 252) Could not prove goal #1 (see also Goals.fst(38,33-38,38))
Goals.fst(38,26-38,32): (Warning 252) Could not prove goal #1 (see also Goals.fst(38,33-38,38))
Goals.fst(38,26-38,32): (Warning 252) Could not prove goal #1 (see also Goals.fst(38,33-38,38))
Goals.fst(38,26-38,32): (Warning 252) Could not prove goal #1 (see also Goals.fst(38,33-38,38))
Goals.fst(43,26-43,32): (Warning 252) Could not prove goal #1 (see also Goals.fst(43,33-43,38))
Goals.fst(43,26-43,32): (Warning 252) Could not prove goal #1 (see also Goals.fst(43,33-43,38))
Goals.fst(43,26-43,32): (Warning 252) Could not prove goal #1 (see also Goals.fst(43,33-43,38))
Goals.fst(43,26-43,32): (Warning 252) Could not prove goal #1 (see also Goals.fst(43,33-43,38))
FStar.Tactics.Logic.fst(62,41-62,54): (Warning 252) Subtyping check failed; expected type n: Prims.nat{n > 20}; got type Prims.nat (see also AnnoyingVCs.fst(10,21-10,27))
FStar.Tactics.Logic.fst(62,41-62,54): (Warning 252) Subtyping check failed; expected type n: Prims.nat{n > 20}; got type Prims.nat (see also AnnoyingVCs.fst(10,21-10,27))
FStar.Tactics.Logic.fst(62,41-62,54): (Warning 252) Subtyping check failed; expected type n: Prims.nat{n > 20}; got type Prims.nat (see also AnnoyingVCs.fst(10,21-10,27))
FStar.Tactics.Logic.fst(62,41-62,54): (Warning 252) Subtyping check failed; expected type n: Prims.nat{n > 20}; got type Prims.nat (see also AnnoyingVCs.fst(10,21-10,27))
C:\build\agent2\_work\36\s\kremlin\kremlib\compat\C.Compat.Loops.fst(386,15-386,26): (Warning 288) Spec.Loops.repeat_spec is deprecated, use Spec.Loops.repeat instead
C:\build\agent2\_work\36\s\kremlin\kremlib\compat\C.Compat.Loops.fst(392,22-392,33): (Warning 288) Spec.Loops.repeat_spec is deprecated, use Spec.Loops.repeat instead
C:\build\agent2\_work\36\s\kremlin\kremlib\compat\C.Compat.Loops.fst(399,4-399,16): (Warning 288) Spec.Loops.lemma_repeat is deprecated, use Spec.Loops.repeat_induction instead
C:\build\agent2\_work\36\s\kremlin\kremlib\compat\C.Compat.Loops.fst(401,2-401,16): (Warning 288) Spec.Loops.lemma_repeat_0 is deprecated, use Spec.Loops.repeat_base instead
C:\build\agent2\_work\36\s\kremlin\kremlib\compat\C.Compat.Loops.fst(428,15-428,32): (Warning 288) Spec.Loops.repeat_range_spec is deprecated, use Spec.Loops.repeat_range instead
C:\build\agent2\_work\36\s\kremlin\kremlib\compat\C.Compat.Loops.fst(434,22-434,39): (Warning 288) Spec.Loops.repeat_range_spec is deprecated, use Spec.Loops.repeat_range instead
C:\build\agent2\_work\36\s\kremlin\kremlib\compat\C.Compat.Loops.fst(441,4-441,27): (Warning 288) Spec.Loops.lemma_repeat_range_spec is deprecated, use Spec.Loops.repeat_range_induction instead
C:\build\agent2\_work\36\s\kremlin\kremlib\compat\C.Compat.Loops.fst(443,2-443,22): (Warning 288) Spec.Loops.lemma_repeat_range_0 is deprecated, use Spec.Loops.repeat_range_base instead
EnumParsing.fst(303,29-303,37): (Warning 252) (Hint-replay failed): could not prove post-condition (see also Serializing.fst(102,8-102,39))
CanonCommMonoidSimple.fst(186,2-186,8): (Warning 296) Tactics admitted goal <:
(a: Type), (am: CanonCommMonoidSimple.amap a), (xs: Prims.list CanonCommMonoidSimple.atom), (p: Prims.pure_post Prims.unit), (_:
(forall (pure_result: Prims.unit).
(exists (ss: Prims.list (CanonCommMonoidSimple.swap (FStar.List.Tot.Base.length xs))).
CanonCommMonoidSimple.sort xs == CanonCommMonoidSimple.apply_swaps xs ss) ==>
p pure_result)), (return_val: Type0), (_: return_val == Prims.nat), (return_val: Type0), (_: return_val == Prims.int), (any_result: (x: Prims.int -> y: Prims.int -> Prims.Tot Prims.int)), (_: FStar.List.Tot.Base.compare_of_bool Prims.op_LessThan == any_result), (pure_result: Prims.unit), (_:
(forall (x: Prims.nat).
FStar.List.Tot.Base.count x xs =
FStar.List.Tot.Base.count x
(FStar.List.Tot.Base.sortWith (FStar.List.Tot.Base.compare_of_bool Prims.op_LessThan) xs))), (return_val: Type0), (_: return_val == Prims.nat), (pure_result: Prims.list (CanonCommSwaps.swap (FStar.List.Tot.Base.length xs))), (_: CanonCommMonoidSimple.sort xs == CanonCommSwaps.apply_swaps xs pure_result), (_: CanonCommSwaps.equal_counts_implies_swaps xs (CanonCommMonoidSimple.sort xs) == pure_result), (pure_result: Prims.list CanonCommMonoidSimple.atom), (_: FStar.List.Tot.Base.length pure_result == FStar.List.Tot.Base.length xs), (_:
CanonCommMonoidSimple.apply_swaps xs
(CanonCommSwaps.equal_counts_implies_swaps xs (CanonCommMonoidSimple.sort xs)) ==
pure_result), (any_result: Prims.logical), (_:
CanonCommMonoidSimple.sort xs ==
CanonCommMonoidSimple.apply_swaps xs
(CanonCommSwaps.equal_counts_implies_swaps xs (CanonCommMonoidSimple.sort xs)) ==
any_result) |- _ : Prims.squash (CanonCommMonoidSimple.sort xs ==
CanonCommMonoidSimple.apply_swaps xs
(CanonCommSwaps.equal_counts_implies_swaps xs (CanonCommMonoidSimple.sort xs)))

>

(see also FStar.Tactics.Effect.fst(100,48-100,58))
Point.fst(117,2-117,8): (Warning 252) (Hint-replay failed): assertion failed (see also Point.fst(117,9-117,68))
Point.fst(117,2-117,8): (Warning 252) (Hint-replay failed): assertion failed (see also Point.fst(117,9-117,68))
StringPrinter.RecC.fst(70,2-83,24): (Warning 252) (Hint-replay failed): could not prove post-condition (see also StringPrinter.RecC.fst(65,4-65,81))
StringPrinter.RecC.fst(70,2-83,24): (Warning 252) could not prove post-condition (see also StringPrinter.RecC.fst(67,9-67,91))
Imp.fst(114,26-114,32): (Warning 252) assertion failed (see also Imp.fst(114,46-114,73))
Imp.fst(114,26-114,32): (Warning 252) assertion failed (see also Imp.fst(114,46-114,73))
Imp.fst(115,26-115,32): (Warning 252) assertion failed (see also Imp.fst(115,46-115,73))
Imp.fst(115,26-115,32): (Warning 252) assertion failed (see also Imp.fst(115,46-115,73))
Imp.fst(116,26-116,32): (Warning 252) assertion failed (see also Imp.fst(116,46-116,73))
Imp.fst(116,26-116,32): (Warning 252) assertion failed (see also Imp.fst(116,46-116,73))
Imp.fst(117,26-117,32): (Warning 252) assertion failed (see also Imp.fst(117,46-117,73))
Imp.fst(117,26-117,32): (Warning 252) assertion failed (see also Imp.fst(117,46-117,73))
Imp.fst(118,26-118,32): (Warning 252) assertion failed (see also Imp.fst(118,46-118,73))
Imp.fst(118,26-118,32): (Warning 252) assertion failed (see also Imp.fst(118,46-118,73))
Imp.fst(119,26-119,32): (Warning 252) assertion failed (see also Imp.fst(119,46-119,73))
Imp.fst(119,26-119,32): (Warning 252) assertion failed (see also Imp.fst(119,46-119,73))
MiniParse.Impl.List.fst(415,18-415,29): (Warning 288) FStar.Seq.Base.createEmpty is deprecated, use Seq.empty instead
MiniParse.Impl.List.fst(245,15-245,17): (Warning 252) Subtyping check failed; expected type MiniParse.Spec.List.nlist n t; got type l': Prims.list t {l' == FStar.List.Tot.Base.rev l} (see also MiniParse.Spec.List.fst(10,45-10,60))
MiniParse.Impl.List.fst(380,2-380,8): (Warning 252) (Hint-replay failed): assertion failed (see also MiniParse.Impl.List.fst(380,9-380,63))
MiniParse.Impl.List.fst(95,37-95,40): (Warning 252) (Hint-replay failed): assertion failed (see also FStar.UInt32.fst(64,12-64,32))
MiniParse.Impl.List.fst(245,15-245,17): (Warning 252) Subtyping check failed; expected type MiniParse.Spec.List.nlist n t; got type l': Prims.list t {l' == FStar.List.Tot.Base.rev l} (see also MiniParse.Spec.List.fst(10,45-10,60))
MiniParse.Impl.List.fst(380,2-380,8): (Warning 252) (Hint-replay failed): assertion failed (see also MiniParse.Impl.List.fst(380,9-380,63))
C:\build\agent2\_work\36\s\hacl-star\specs\Spec.Lib.fst(34,28-34,39): (Warning 288) Spec.Loops.repeat_spec is deprecated, use Spec.Loops.repeat instead
C:\build\agent2\_work\36\s\hacl-star\specs\old\Spec.SHA2_256.fst(147,13-147,30): (Warning 288) Spec.Loops.repeat_range_spec is deprecated, use Spec.Loops.repeat_range instead
C:\build\agent2\_work\36\s\kremlin\kremlib\compat\C.Compat.Loops.fst(386,15-386,26): (Warning 288) Spec.Loops.repeat_spec is deprecated, use Spec.Loops.repeat instead
C:\build\agent2\_work\36\s\kremlin\kremlib\compat\C.Compat.Loops.fst(392,22-392,33): (Warning 288) Spec.Loops.repeat_spec is deprecated, use Spec.Loops.repeat instead
C:\build\agent2\_work\36\s\kremlin\kremlib\compat\C.Compat.Loops.fst(399,4-399,16): (Warning 288) Spec.Loops.lemma_repeat is deprecated, use Spec.Loops.repeat_induction instead
C:\build\agent2\_work\36\s\kremlin\kremlib\compat\C.Compat.Loops.fst(401,2-401,16): (Warning 288) Spec.Loops.lemma_repeat_0 is deprecated, use Spec.Loops.repeat_base instead
C:\build\agent2\_work\36\s\kremlin\kremlib\compat\C.Compat.Loops.fst(428,15-428,32): (Warning 288) Spec.Loops.repeat_range_spec is deprecated, use Spec.Loops.repeat_range instead
C:\build\agent2\_work\36\s\kremlin\kremlib\compat\C.Compat.Loops.fst(434,22-434,39): (Warning 288) Spec.Loops.repeat_range_spec is deprecated, use Spec.Loops.repeat_range instead
C:\build\agent2\_work\36\s\kremlin\kremlib\compat\C.Compat.Loops.fst(441,4-441,27): (Warning 288) Spec.Loops.lemma_repeat_range_spec is deprecated, use Spec.Loops.repeat_range_induction instead
C:\build\agent2\_work\36\s\kremlin\kremlib\compat\C.Compat.Loops.fst(443,2-443,22): (Warning 288) Spec.Loops.lemma_repeat_range_0 is deprecated, use Spec.Loops.repeat_range_base instead
Hacl.Impl.SHA2_256.fst(426,47-426,64): (Warning 288) Spec.Loops.repeat_range_spec is deprecated, use Spec.Loops.repeat_range instead
Hacl.Impl.SHA2_256.fst(434,20-434,43): (Warning 288) Spec.Loops.lemma_repeat_range_spec is deprecated, use Spec.Loops.repeat_range_induction instead
Hacl.Impl.SHA2_256.fst(436,18-436,38): (Warning 288) Spec.Loops.lemma_repeat_range_0 is deprecated, use Spec.Loops.repeat_range_base instead
Hacl.Impl.SHA2_256.fst(1016,11-1016,25): (Warning 271) Pattern FStar.Seq.Base.index (if FStar.UInt32.lt len (FStar.UInt32.uint_to_t 56)
then
FStar.Seq.Base.create (FStar.UInt32.v Hacl.Impl.SHA2_256.size_block) (FStar.UInt8.uint_to_t 0)
else
FStar.Seq.Base.create (FStar.UInt32.v Hacl.Impl.SHA2_256.size_block +
FStar.UInt32.v Hacl.Impl.SHA2_256.size_block)
(FStar.UInt8.uint_to_t 0))
i contains illegal sub-term ((ite (= (BoundV 0) (BoxBool (true ))) (FStar.Seq.Base.create (FreeV FStar.UInt8.t) (FStar.UInt32.v (FreeV Hacl.Impl.SHA2_256.size_block)) (FStar.UInt8.uint_to_t (BoxInt (Integer 0)))) (FStar.Seq.Base.create (FreeV FStar.UInt8.t) (Prims.op_Addition (FStar.UInt32.v (FreeV Hacl.Impl.SHA2_256.size_block)) (FStar.UInt32.v (FreeV Hacl.Impl.SHA2_256.size_block))) (FStar.UInt8.uint_to_t (BoxInt (Integer 0)))))); dropping it (see also FStar.Seq.Base.fst(202,73-202,85))
Hacl.Impl.SHA2_256.fst(1020,11-1020,25): (Warning 271) Pattern FStar.Seq.Base.index (FStar.Seq.Base.create (FStar.UInt32.v (if
FStar.UInt32.lt len (FStar.UInt32.uint_to_t 56)
then FStar.UInt32.uint_to_t 1 <: Prims.Tot FStar.UInt32.t
else FStar.UInt32.uint_to_t 2 <: Prims.Tot FStar.UInt32.t) *
FStar.UInt32.v Hacl.Impl.SHA2_256.size_block)
(FStar.UInt8.uint_to_t 0))
i contains illegal sub-term ((ite (= (BoundV 0) (BoxBool (true ))) (FStar.UInt32.uint_to_t (BoxInt (Integer 1))) (FStar.UInt32.uint_to_t (BoxInt (Integer 2))))); dropping it (see also FStar.Seq.Base.fst(202,73-202,85))
Hacl.Impl.SHA2_256.fst(1056,11-1056,25): (Warning 271) Pattern FStar.Seq.Base.index (FStar.Seq.Base.slice (FStar.Buffer.as_seq a return_val)
(FStar.UInt32.v len)
(FStar.UInt32.v (if FStar.UInt32.lt len (FStar.UInt32.uint_to_t 56)
then FStar.UInt32.uint_to_t 1 <: Prims.Tot FStar.UInt32.t
else FStar.UInt32.uint_to_t 2 <: Prims.Tot FStar.UInt32.t) *
FStar.UInt32.v Hacl.Impl.SHA2_256.size_block))
i contains illegal sub-term ((ite (= (BoundV 0) (BoxBool (true ))) (FStar.UInt32.uint_to_t (BoxInt (Integer 1))) (FStar.UInt32.uint_to_t (BoxInt (Integer 2))))); dropping it (see also FStar.Seq.Base.fst(202,73-202,85))
Hacl.Impl.SHA2_256.fst(1057,11-1057,25): (Warning 271) Pattern FStar.Seq.Base.index (FStar.Seq.Base.slice (FStar.Buffer.as_seq a return_val)
(FStar.UInt32.v len)
(FStar.UInt32.v (if FStar.UInt32.lt len (FStar.UInt32.uint_to_t 56)
then FStar.UInt32.uint_to_t 1 <: Prims.Tot FStar.UInt32.t
else FStar.UInt32.uint_to_t 2 <: Prims.Tot FStar.UInt32.t) *
FStar.UInt32.v Hacl.Impl.SHA2_256.size_block))
i contains illegal sub-term ((ite (= (BoundV 0) (BoxBool (true ))) (FStar.UInt32.uint_to_t (BoxInt (Integer 1))) (FStar.UInt32.uint_to_t (BoxInt (Integer 2))))); dropping it (see also FStar.Seq.Base.fst(202,73-202,85))
Flags(0,0-0,0): (Warning 283) use_extracted_interfaces option is set but could not find an interface in the cache for: Flags
TLSError(0,0-0,0): (Warning 283) use_extracted_interfaces option is set but could not find an interface in the cache for: TLSError
Mem(0,0-0,0): (Warning 283) use_extracted_interfaces option is set but could not find an interface in the cache for: Mem
StringPrinterTest.Aux.fst(19,2-19,52): (Warning 252) (Hint-replay failed): assertion failed (see also StringPrinter.Rec.fst(117,12-117,57))
StringPrinterTest.Aux.fst(19,2-19,52): (Warning 252) (Hint-replay failed): assertion failed (see also StringPrinter.Rec.fst(117,12-117,57))
C:\build\agent2\_work\36\s\hacl-star\specs\Spec.Lib.fst(34,28-34,39): (Warning 288) Spec.Loops.repeat_spec is deprecated, use Spec.Loops.repeat instead
C:\build\agent2\_work\36\s\kremlin\kremlib\compat\C.Compat.Loops.fst(386,15-386,26): (Warning 288) Spec.Loops.repeat_spec is deprecated, use Spec.Loops.repeat instead
C:\build\agent2\_work\36\s\kremlin\kremlib\compat\C.Compat.Loops.fst(392,22-392,33): (Warning 288) Spec.Loops.repeat_spec is deprecated, use Spec.Loops.repeat instead
C:\build\agent2\_work\36\s\kremlin\kremlib\compat\C.Compat.Loops.fst(399,4-399,16): (Warning 288) Spec.Loops.lemma_repeat is deprecated, use Spec.Loops.repeat_induction instead
C:\build\agent2\_work\36\s\kremlin\kremlib\compat\C.Compat.Loops.fst(401,2-401,16): (Warning 288) Spec.Loops.lemma_repeat_0 is deprecated, use Spec.Loops.repeat_base instead
C:\build\agent2\_work\36\s\kremlin\kremlib\compat\C.Compat.Loops.fst(428,15-428,32): (Warning 288) Spec.Loops.repeat_range_spec is deprecated, use Spec.Loops.repeat_range instead
C:\build\agent2\_work\36\s\kremlin\kremlib\compat\C.Compat.Loops.fst(434,22-434,39): (Warning 288) Spec.Loops.repeat_range_spec is deprecated, use Spec.Loops.repeat_range instead
C:\build\agent2\_work\36\s\kremlin\kremlib\compat\C.Compat.Loops.fst(441,4-441,27): (Warning 288) Spec.Loops.lemma_repeat_range_spec is deprecated, use Spec.Loops.repeat_range_induction instead
C:\build\agent2\_work\36\s\kremlin\kremlib\compat\C.Compat.Loops.fst(443,2-443,22): (Warning 288) Spec.Loops.lemma_repeat_range_0 is deprecated, use Spec.Loops.repeat_range_base instead
C:\build\agent2\_work\36\s\hacl-star\code\salsa-family\Hacl.Impl.Chacha20.fst(287,13-287,24): (Warning 288) Spec.Loops.repeat_spec is deprecated, use Spec.Loops.repeat instead
C:\build\agent2\_work\36\s\hacl-star\code\salsa-family\Hacl.Impl.Chacha20.fst(293,15-293,27): (Warning 288) Spec.Loops.lemma_repeat is deprecated, use Spec.Loops.repeat_induction instead
C:\build\agent2\_work\36\s\hacl-star\code\salsa-family\Hacl.Impl.Chacha20.fst(295,2-295,16): (Warning 288) Spec.Loops.lemma_repeat_0 is deprecated, use Spec.Loops.repeat_base instead
make: *** [Makefile.old:204: aead/Crypto.AEAD.Encrypt.fst-ver] Terminated
17.02user 65.56system 10:41.07elapsed 12%CPU (0avgtext+0avgdata 23995520maxresident)k
0inputs+0outputs (6245735major+0minor)pagefaults 0swaps
