From https://github.com/mitls/mitls-fstar
+ f253bf92...be4077f7 cwinter_ppx -> origin/cwinter_ppx  (forced update)
From https://github.com/mitls/hacl-star
43c452bd..d0a81983  fstar-master -> origin/fstar-master
dos2unix: converting file parser/parse.fsi to Unix format...
Warning: you are using the standard library and/or the %inline keyword. We
recommend switching on --infer in order to avoid obscure type error messages.
warning: CRLF will be replaced by LF in src/parser/parse.fsy.
The file will have its original line endings in your working directory.
cp: cannot stat './_build/src/ocaml-output/FStar_Tests_Pars.cmx': No such file or directory
FStar.Ghost.fsti(0,0-0,0): (Warning 241) Absent cache file FStar.Ghost.fsti.checked.lax; will recheck FStar.Ghost.fsti and all subsequent files
FStar.List.Pure.Base.fst(0,0-0,0): (Warning 241) Absent cache file FStar.List.Pure.Base.fst.checked.lax; will recheck FStar.List.Pure.Base.fst and all subsequent files
FStar.Int31.fst(0,0-0,0): (Warning 241) Absent cache file FStar.Int31.fst.checked.lax; will recheck FStar.Int31.fst and all subsequent files
FStar.Map.fst(0,0-0,0): (Warning 241) Absent cache file FStar.Map.fst.checked.lax; will recheck FStar.Map.fst and all subsequent files
FStar.Algebra.CommMonoid.fst(0,0-0,0): (Warning 241) Absent cache file FStar.Algebra.CommMonoid.fst.checked.lax; will recheck FStar.Algebra.CommMonoid.fst and all subsequent files
FStar.Reader.fst(0,0-0,0): (Warning 241) Absent cache file FStar.Reader.fst.checked.lax; will recheck FStar.Reader.fst and all subsequent files
FStar.MarkovsPrinciple.fst(0,0-0,0): (Warning 241) Absent cache file FStar.MarkovsPrinciple.fst.checked.lax; will recheck FStar.MarkovsPrinciple.fst and all subsequent files
FStar.DependentMap.fst(0,0-0,0): (Warning 241) Absent cache file FStar.DependentMap.fst.checked.lax; will recheck FStar.DependentMap.fst and all subsequent files
FStar.Seq.Sorted.fst(0,0-0,0): (Warning 241) Absent cache file FStar.Seq.Sorted.fst.checked.lax; will recheck FStar.Seq.Sorted.fst and all subsequent files
FStar.Algebra.Monoid.fst(0,0-0,0): (Warning 241) Absent cache file FStar.Algebra.Monoid.fst.checked.lax; will recheck FStar.Algebra.Monoid.fst and all subsequent files
FStar.Ref.fst(0,0-0,0): (Warning 241) Absent cache file FStar.Ref.fst.checked.lax; will recheck FStar.Ref.fst and all subsequent files
FStar.List.fst(0,0-0,0): (Warning 241) Absent cache file FStar.List.fst.checked.lax; will recheck FStar.List.fst and all subsequent files
FStar.UInt31.fst(0,0-0,0): (Warning 241) Absent cache file FStar.UInt31.fst.checked.lax; will recheck FStar.UInt31.fst and all subsequent files
FStar.Int128.fst(0,0-0,0): (Warning 241) Absent cache file FStar.Int128.fst.checked.lax; will recheck FStar.Int128.fst and all subsequent files
FStar.IO.fst(0,0-0,0): (Warning 241) Absent cache file FStar.IO.fst.checked.lax; will recheck FStar.IO.fst and all subsequent files
FStar.IndefiniteDescription.fst(0,0-0,0): (Warning 241) Absent cache file FStar.IndefiniteDescription.fst.checked.lax; will recheck FStar.IndefiniteDescription.fst and all subsequent files
FStar.Relational.Relational.fst(0,0-0,0): (Warning 241) Absent cache file FStar.Relational.Relational.fst.checked.lax; will recheck FStar.Relational.Relational.fst and all subsequent files
FStar.Int63.fst(0,0-0,0): (Warning 241) Absent cache file FStar.Int63.fst.checked.lax; will recheck FStar.Int63.fst and all subsequent files
FStar.WellFounded.fst(0,0-0,0): (Warning 241) Absent cache file FStar.WellFounded.fst.checked.lax; will recheck FStar.WellFounded.fst and all subsequent files
FStar.UInt63.fst(0,0-0,0): (Warning 241) Absent cache file FStar.UInt63.fst.checked.lax; will recheck FStar.UInt63.fst and all subsequent files
FStar.SquashEffect.fst(0,0-0,0): (Warning 241) Absent cache file FStar.SquashEffect.fst.checked.lax; will recheck FStar.SquashEffect.fst and all subsequent files
FStar.Axiomatic.Array.fst(0,0-0,0): (Warning 241) Absent cache file FStar.Axiomatic.Array.fst.checked.lax; will recheck FStar.Axiomatic.Array.fst and all subsequent files
FStar.UInt128.fsti(0,0-0,0): (Warning 241) Absent cache file FStar.UInt128.fsti.checked.lax; will recheck FStar.UInt128.fsti and all subsequent files
FStar.Constructive.fst(0,0-0,0): (Warning 241) Absent cache file FStar.Constructive.fst.checked.lax; will recheck FStar.Constructive.fst and all subsequent files
FStar.OrdSet.fst(0,0-0,0): (Warning 241) Absent cache file FStar.OrdSet.fst.checked.lax; will recheck FStar.OrdSet.fst and all subsequent files
FStar.MRef.fst(0,0-0,0): (Warning 241) Absent cache file FStar.MRef.fst.checked.lax; will recheck FStar.MRef.fst and all subsequent files
FStar.TwoLevelHeap.fst(0,0-0,0): (Warning 241) Absent cache file FStar.TwoLevelHeap.fst.checked.lax; will recheck FStar.TwoLevelHeap.fst and all subsequent files
FStar.Squash.fst(0,0-0,0): (Warning 241) Absent cache file FStar.Squash.fst.checked.lax; will recheck FStar.Squash.fst and all subsequent files
FStar.Fin.fst(0,0-0,0): (Warning 241) Absent cache file FStar.Fin.fst.checked.lax; will recheck FStar.Fin.fst and all subsequent files
FStar.Classical.fst(0,0-0,0): (Warning 241) Absent cache file FStar.Classical.fst.checked.lax; will recheck FStar.Classical.fst and all subsequent files
FStar.ErasedLogic.fst(0,0-0,0): (Warning 241) Absent cache file FStar.ErasedLogic.fst.checked.lax; will recheck FStar.ErasedLogic.fst and all subsequent files
FStar.List.Pure.Properties.fst(0,0-0,0): (Warning 241) Absent cache file FStar.List.Pure.Properties.fst.checked.lax; will recheck FStar.List.Pure.Properties.fst and all subsequent files
FStar.Array.fst(0,0-0,0): (Warning 241) Absent cache file FStar.Array.fst.checked.lax; will recheck FStar.Array.fst and all subsequent files
FStar.Monotonic.Witnessed.fst(0,0-0,0): (Warning 241) Absent cache file FStar.Monotonic.Witnessed.fst.checked.lax; will recheck FStar.Monotonic.Witnessed.fst and all subsequent files
FStar.Monotonic.HyperHeap.fst(0,0-0,0): (Warning 241) Absent cache file FStar.Monotonic.HyperHeap.fst.checked.lax; will recheck FStar.Monotonic.HyperHeap.fst and all subsequent files
FStar.OrdSetProps.fst(0,0-0,0): (Warning 241) Absent cache file FStar.OrdSetProps.fst.checked.lax; will recheck FStar.OrdSetProps.fst and all subsequent files
FStar.OrdMap.fst(0,0-0,0): (Warning 241) Absent cache file FStar.OrdMap.fst.checked.lax; will recheck FStar.OrdMap.fst and all subsequent files
FStar.String.fsti(0,0-0,0): (Warning 241) Absent cache file FStar.String.fsti.checked.lax; will recheck FStar.String.fsti and all subsequent files
FStar.Relational.Comp.fst(0,0-0,0): (Warning 241) Absent cache file FStar.Relational.Comp.fst.checked.lax; will recheck FStar.Relational.Comp.fst and all subsequent files
FStar.Error.fst(0,0-0,0): (Warning 241) Absent cache file FStar.Error.fst.checked.lax; will recheck FStar.Error.fst and all subsequent files
FStar.Int.Cast.fst(0,0-0,0): (Warning 241) Absent cache file FStar.Int.Cast.fst.checked.lax; will recheck FStar.Int.Cast.fst and all subsequent files
FStar.List.Pure.fst(0,0-0,0): (Warning 241) Absent cache file FStar.List.Pure.fst.checked.lax; will recheck FStar.List.Pure.fst and all subsequent files
FStar.BV.fst(0,0-0,0): (Warning 241) Absent cache file FStar.BV.fst.checked.lax; will recheck FStar.BV.fst and all subsequent files
FStar.SquashProperties.fst(0,0-0,0): (Warning 241) Absent cache file FStar.SquashProperties.fst.checked.lax; will recheck FStar.SquashProperties.fst and all subsequent files
FStar.Universe.fst(0,0-0,0): (Warning 241) Absent cache file FStar.Universe.fst.checked.lax; will recheck FStar.Universe.fst and all subsequent files
FStar.OrdMapProps.fst(0,0-0,0): (Warning 241) Absent cache file FStar.OrdMapProps.fst.checked.lax; will recheck FStar.OrdMapProps.fst and all subsequent files
FStar.Integers.fst(0,0-0,0): (Warning 241) Absent cache file FStar.Integers.fst.checked.lax; will recheck FStar.Integers.fst and all subsequent files
FStar.Relational.State.fst(0,0-0,0): (Warning 241) Absent cache file FStar.Relational.State.fst.checked.lax; will recheck FStar.Relational.State.fst and all subsequent files
FStar.Monotonic.HyperStack.fst(0,0-0,0): (Warning 241) Absent cache file FStar.Monotonic.HyperStack.fst.checked.lax; will recheck FStar.Monotonic.HyperStack.fst and all subsequent files
FStar.Int.Cast.Full.fst(0,0-0,0): (Warning 241) Absent cache file FStar.Int.Cast.Full.fst.checked.lax; will recheck FStar.Int.Cast.Full.fst and all subsequent files
FStar.HyperStack.fst(0,0-0,0): (Warning 241) Absent cache file FStar.HyperStack.fst.checked.lax; will recheck FStar.HyperStack.fst and all subsequent files
FStar.UInt128.fst(0,0-0,0): (Warning 241) Absent cache file FStar.UInt128.fst.checked.lax; will recheck FStar.UInt128.fst and all subsequent files
FStar.HyperStack.ST.fst(0,0-0,0): (Warning 241) Absent cache file FStar.HyperStack.ST.fst.checked.lax; will recheck FStar.HyperStack.ST.fst and all subsequent files
FStar.Monotonic.Map.fst(0,0-0,0): (Warning 241) Absent cache file FStar.Monotonic.Map.fst.checked.lax; will recheck FStar.Monotonic.Map.fst and all subsequent files
FStar.Monotonic.Seq.fst(0,0-0,0): (Warning 241) Absent cache file FStar.Monotonic.Seq.fst.checked.lax; will recheck FStar.Monotonic.Seq.fst and all subsequent files
FStar.Monotonic.DependentMap.fst(0,0-0,0): (Warning 241) Absent cache file FStar.Monotonic.DependentMap.fst.checked.lax; will recheck FStar.Monotonic.DependentMap.fst and all subsequent files
FStar.Pointer.Base.fsti(0,0-0,0): (Warning 241) Absent cache file FStar.Pointer.Base.fsti.checked.lax; will recheck FStar.Pointer.Base.fsti and all subsequent files
FStar.Buffer.fst(0,0-0,0): (Warning 241) Absent cache file FStar.Buffer.fst.checked.lax; will recheck FStar.Buffer.fst and all subsequent files
FStar.Pointer.Derived1.fsti(0,0-0,0): (Warning 241) Absent cache file FStar.Pointer.Derived1.fsti.checked.lax; will recheck FStar.Pointer.Derived1.fsti and all subsequent files
FStar.Buffer.Quantifiers.fst(0,0-0,0): (Warning 241) Absent cache file FStar.Buffer.Quantifiers.fst.checked.lax; will recheck FStar.Buffer.Quantifiers.fst and all subsequent files
FStar.Pointer.Derived3.fsti(0,0-0,0): (Warning 241) Absent cache file FStar.Pointer.Derived3.fsti.checked.lax; will recheck FStar.Pointer.Derived3.fsti and all subsequent files
FStar.Pointer.Derived2.fsti(0,0-0,0): (Warning 241) Absent cache file FStar.Pointer.Derived2.fsti.checked.lax; will recheck FStar.Pointer.Derived2.fsti and all subsequent files
FStar.Modifies.fst(0,0-0,0): (Warning 241) Absent cache file FStar.Modifies.fst.checked.lax; will recheck FStar.Modifies.fst and all subsequent files
FStar.Pointer.fst(0,0-0,0): (Warning 241) Absent cache file FStar.Pointer.fst.checked.lax; will recheck FStar.Pointer.fst and all subsequent files
FStar.Pointer.Base.fst(0,0-0,0): (Warning 241) Absent cache file FStar.Pointer.Base.fst.checked.lax; will recheck FStar.Pointer.Base.fst and all subsequent files
FStar.Reflection.Const.fst(0,0-0,0): (Warning 241) Absent cache file FStar.Reflection.Const.fst.checked.lax; will recheck FStar.Reflection.Const.fst and all subsequent files
FStar.Reflection.Types.fsti(0,0-0,0): (Warning 241) Absent cache file FStar.Reflection.Types.fsti.checked.lax; will recheck FStar.Reflection.Types.fsti and all subsequent files
FStar.Order.fst(0,0-0,0): (Warning 241) Absent cache file FStar.Order.fst.checked.lax; will recheck FStar.Order.fst and all subsequent files
FStar.Range.fsti(0,0-0,0): (Warning 241) Absent cache file FStar.Range.fsti.checked.lax; will recheck FStar.Range.fsti and all subsequent files
FStar.Tactics.Types.fsti(0,0-0,0): (Warning 241) Absent cache file FStar.Tactics.Types.fsti.checked.lax; will recheck FStar.Tactics.Types.fsti and all subsequent files
FStar.BV.fsti(0,0-0,0): (Warning 241) Absent cache file FStar.BV.fsti.checked.lax; will recheck FStar.BV.fsti and all subsequent files
FStar.Reflection.Data.fst(0,0-0,0): (Warning 241) Absent cache file FStar.Reflection.Data.fst.checked.lax; will recheck FStar.Reflection.Data.fst and all subsequent files
FStar.Tactics.Result.fst(0,0-0,0): (Warning 241) Absent cache file FStar.Tactics.Result.fst.checked.lax; will recheck FStar.Tactics.Result.fst and all subsequent files
FStar.Reflection.Basic.fst(0,0-0,0): (Warning 241) Absent cache file FStar.Reflection.Basic.fst.checked.lax; will recheck FStar.Reflection.Basic.fst and all subsequent files
FStar.Tactics.Effect.fst(0,0-0,0): (Warning 241) Absent cache file FStar.Tactics.Effect.fst.checked.lax; will recheck FStar.Tactics.Effect.fst and all subsequent files
FStar.Tactics.Builtins.fst(0,0-0,0): (Warning 241) Absent cache file FStar.Tactics.Builtins.fst.checked.lax; will recheck FStar.Tactics.Builtins.fst and all subsequent files
FStar.Tactics.Util.fst(0,0-0,0): (Warning 241) Absent cache file FStar.Tactics.Util.fst.checked.lax; will recheck FStar.Tactics.Util.fst and all subsequent files
FStar.Reflection.Derived.fst(0,0-0,0): (Warning 241) Absent cache file FStar.Reflection.Derived.fst.checked.lax; will recheck FStar.Reflection.Derived.fst and all subsequent files
FStar.Reflection.Derived.Lemmas.fst(0,0-0,0): (Warning 241) Absent cache file FStar.Reflection.Derived.Lemmas.fst.checked.lax; will recheck FStar.Reflection.Derived.Lemmas.fst and all subsequent files
FStar.Reflection.Formula.fst(0,0-0,0): (Warning 241) Absent cache file FStar.Reflection.Formula.fst.checked.lax; will recheck FStar.Reflection.Formula.fst and all subsequent files
FStar.Reflection.fst(0,0-0,0): (Warning 241) Absent cache file FStar.Reflection.fst.checked.lax; will recheck FStar.Reflection.fst and all subsequent files
FStar.Tactics.Derived.fst(0,0-0,0): (Warning 241) Absent cache file FStar.Tactics.Derived.fst.checked.lax; will recheck FStar.Tactics.Derived.fst and all subsequent files
FStar.Tactics.Logic.fst(0,0-0,0): (Warning 241) Absent cache file FStar.Tactics.Logic.fst.checked.lax; will recheck FStar.Tactics.Logic.fst and all subsequent files
FStar.Tactics.fst(0,0-0,0): (Warning 241) Absent cache file FStar.Tactics.fst.checked.lax; will recheck FStar.Tactics.fst and all subsequent files
FStar.Tactics.Simplifier.fst(0,0-0,0): (Warning 241) Absent cache file FStar.Tactics.Simplifier.fst.checked.lax; will recheck FStar.Tactics.Simplifier.fst and all subsequent files
FStar.Reflection.Arith.fst(0,0-0,0): (Warning 241) Absent cache file FStar.Reflection.Arith.fst.checked.lax; will recheck FStar.Reflection.Arith.fst and all subsequent files
FStar.Tactics.Arith.fst(0,0-0,0): (Warning 241) Absent cache file FStar.Tactics.Arith.fst.checked.lax; will recheck FStar.Tactics.Arith.fst and all subsequent files
FStar.Tactics.Canon.fst(0,0-0,0): (Warning 241) Absent cache file FStar.Tactics.Canon.fst.checked.lax; will recheck FStar.Tactics.Canon.fst and all subsequent files
FStar.Tactics.BV.fst(0,0-0,0): (Warning 241) Absent cache file FStar.Tactics.BV.fst.checked.lax; will recheck FStar.Tactics.BV.fst and all subsequent files
FStar.Tactics.PatternMatching.fst(0,0-0,0): (Warning 241) Absent cache file FStar.Tactics.PatternMatching.fst.checked.lax; will recheck FStar.Tactics.PatternMatching.fst and all subsequent files
8.69user 32.96system 6:53.13elapsed 10%CPU (0avgtext+0avgdata 989370880maxresident)k
0inputs+0outputs (4061806major+0minor)pagefaults 0swaps
prims.fst(0,0-0,0): (Warning 241) Absent cache file prims.fst.checked; will recheck prims.fst and all subsequent files
FStar.Pervasives.Native.fst(0,0-0,0): (Warning 241) Absent cache file FStar.Pervasives.Native.fst.checked; will recheck FStar.Pervasives.Native.fst and all subsequent files
FStar.Pervasives.fst(0,0-0,0): (Warning 241) Absent cache file FStar.Pervasives.fst.checked; will recheck FStar.Pervasives.fst and all subsequent files
FStar.Mul.fst(0,0-0,0): (Warning 241) Absent cache file FStar.Mul.fst.checked; will recheck FStar.Mul.fst and all subsequent files
FStar.PropositionalExtensionality.fst(0,0-0,0): (Warning 241) Absent cache file FStar.PropositionalExtensionality.fst.checked; will recheck FStar.PropositionalExtensionality.fst and all subsequent files
FStar.Classical.fsti(0,0-0,0): (Warning 241) Absent cache file FStar.Classical.fsti.checked; will recheck FStar.Classical.fsti and all subsequent files
FStar.Exn.fst(0,0-0,0): (Warning 241) Absent cache file FStar.Exn.fst.checked; will recheck FStar.Exn.fst and all subsequent files
FStar.FunctionalExtensionality.fst(0,0-0,0): (Warning 241) Absent cache file FStar.FunctionalExtensionality.fst.checked; will recheck FStar.FunctionalExtensionality.fst and all subsequent files
FStar.Preorder.fst(0,0-0,0): (Warning 241) Absent cache file FStar.Preorder.fst.checked; will recheck FStar.Preorder.fst and all subsequent files
FStar.Squash.fsti(0,0-0,0): (Warning 241) Absent cache file FStar.Squash.fsti.checked; will recheck FStar.Squash.fsti and all subsequent files
Ex01a.fst(70,0-70,48): (Warning 272) Top-level let-bindings must be total; this term may have effects
Ex01a.fst(70,0-70,48): (Warning 272) Top-level let-bindings must be total; this term may have effects
FStar.StrongExcludedMiddle.fst(0,0-0,0): (Warning 241) Absent cache file FStar.StrongExcludedMiddle.fst.checked; will recheck FStar.StrongExcludedMiddle.fst and all subsequent files
FStar.PredicateExtensionality.fst(0,0-0,0): (Warning 241) Absent cache file FStar.PredicateExtensionality.fst.checked; will recheck FStar.PredicateExtensionality.fst and all subsequent files
C:/build/agent1/_work/1/s/ulib/FStar.Pervasives.fst(0,0-0,0): (Warning 241) Absent cache file _cache\FStar.Pervasives.fst.checked; will recheck C:/build/agent1/_work/1/s/ulib/FStar.Pervasives.fst and all subsequent files
propImpredicativeAndNonStrictlyPositiveinductives.fst(51,51-51,58): (Warning 252) (Hint-replay failed): could not prove post-condition
Ex01a.fst(60,0-60,48): (Warning 272) Top-level let-bindings must be total; this term may have effects
Ex01a.fst(60,0-60,48): (Warning 272) Top-level let-bindings must be total; this term may have effects
C:/build/agent1/_work/1/s/ulib/FStar.FunctionalExtensionality.fst(0,0-0,0): (Warning 241) Stale cache file _cache\FStar.FunctionalExtensionality.fst.checked; will recheck C:/build/agent1/_work/1/s/ulib/FStar.FunctionalExtensionality.fst and all subsequent files
Effects.Def.fst(165,2-165,22): (Warning 252) (Hint-replay failed): assertion failed (see also Effects.Def.fst(44,11-44,91))
StlcCbvDbPntSubstNoLists.fst(0,0-0,0): (Warning 241) Absent cache file _cache\StlcCbvDbPntSubstNoLists.fst.checked; will recheck StlcCbvDbPntSubstNoLists.fst and all subsequent files
Ex04g.fst(5,4-5,6): (Warning 240) Admitting Ex04g.tl without a definition
Ex04g.fst(4,4-4,6): (Warning 240) Admitting Ex04g.hd without a definition
C:/build/agent1/_work/1/s/ulib/FStar.StrongExcludedMiddle.fst(0,0-0,0): (Warning 241) Stale cache file _cache\FStar.StrongExcludedMiddle.fst.checked; will recheck C:/build/agent1/_work/1/s/ulib/FStar.StrongExcludedMiddle.fst and all subsequent files
C:/build/agent1/_work/1/s/ulib/FStar.Classical.fsti(0,0-0,0): (Warning 241) Stale cache file _cache\FStar.Classical.fsti.checked; will recheck C:/build/agent1/_work/1/s/ulib/FStar.Classical.fsti and all subsequent files
FStar.List.Tot.Base.fst(0,0-0,0): (Warning 241) Absent cache file FStar.List.Tot.Base.fst.checked; will recheck FStar.List.Tot.Base.fst and all subsequent files
FStar.List.Tot.Base.fst(265,10-265,12): (Warning 252) (Hint-replay failed): Subtyping check failed; expected type m:
Prims.list a
{ forall (u53685: FStar.Pervasives.Native.option (x: Prims.unit{Prims.hasEq a})).
FStar.List.Tot.Base.mem_filter_spec f m u53685 }; got type Prims.list a (see also FStar.List.Tot.Base.fst(263,86-263,107))
FStar.List.Tot.Base.fst(274,4-274,14): (Warning 252) (Hint-replay failed): could not prove post-condition (see also FStar.List.Tot.Base.fst(273,11-273,16))
FStar.List.Tot.Base.fst(265,10-265,12): (Warning 252) (Hint-replay failed): Subtyping check failed; expected type m:
Prims.list a
{ forall (u153227: FStar.Pervasives.Native.option (x: Prims.unit{Prims.hasEq a})).
FStar.List.Tot.Base.mem_filter_spec f m u153227 }; got type Prims.list a (see also FStar.List.Tot.Base.fst(263,86-263,107))
C:/build/agent1/_work/1/s/ulib/FStar.Constructive.fst(0,0-0,0): (Warning 241) Absent cache file _cache\FStar.Constructive.fst.checked; will recheck C:/build/agent1/_work/1/s/ulib/FStar.Constructive.fst and all subsequent files
Ex05a.fst(28,4-28,13): (Warning 240) Admitting Ex05a.rev_is_ok without a definition
Ex06a.fst(5,4-5,13): (Warning 240) Admitting Ex06a.partition without a definition
FStar.Math.Lib.fst(0,0-0,0): (Warning 241) Absent cache file FStar.Math.Lib.fst.checked; will recheck FStar.Math.Lib.fst and all subsequent files
FStar.Ghost.fsti(0,0-0,0): (Warning 241) Absent cache file FStar.Ghost.fsti.checked; will recheck FStar.Ghost.fsti and all subsequent files
Ex06e.fst(18,4-18,8): (Warning 240) Admitting Ex06e.sort without a definition
C:/build/agent1/_work/1/s/ulib/FStar.List.Tot.Base.fst(0,0-0,0): (Warning 241) Stale cache file _cache\FStar.List.Tot.Base.fst.checked; will recheck C:/build/agent1/_work/1/s/ulib/FStar.List.Tot.Base.fst and all subsequent files
C:/build/agent1/_work/1/s/ulib/FStar.List.Tot.Base.fst(265,10-265,12): (Warning 252) (Hint-replay failed): Subtyping check failed; expected type m:
Prims.list a
{ forall (u53685: FStar.Pervasives.Native.option (x: Prims.unit{Prims.hasEq a})).
FStar.List.Tot.Base.mem_filter_spec f m u53685 }; got type Prims.list a (see also C:/build/agent1/_work/1/s/ulib/FStar.List.Tot.Base.fst(263,86-263,107))
C:/build/agent1/_work/1/s/ulib/FStar.List.Tot.Base.fst(274,4-274,14): (Warning 252) (Hint-replay failed): could not prove post-condition (see also C:/build/agent1/_work/1/s/ulib/FStar.List.Tot.Base.fst(273,11-273,16))
C:/build/agent1/_work/1/s/ulib/FStar.List.Tot.Base.fst(265,10-265,12): (Warning 252) (Hint-replay failed): Subtyping check failed; expected type m:
Prims.list a
{ forall (u153227: FStar.Pervasives.Native.option (x: Prims.unit{Prims.hasEq a})).
FStar.List.Tot.Base.mem_filter_spec f m u153227 }; got type Prims.list a (see also C:/build/agent1/_work/1/s/ulib/FStar.List.Tot.Base.fst(263,86-263,107))
ParSubst.fst(0,0-0,0): (Warning 241) Absent cache file _cache\ParSubst.fst.checked; will recheck ParSubst.fst and all subsequent files
FStar.Int.fst(0,0-0,0): (Warning 241) Absent cache file FStar.Int.fst.checked; will recheck FStar.Int.fst and all subsequent files
BinarySearchTreeBasic.fst(106,4-106,15): (Warning 252) (Hint-replay failed): could not prove post-condition (see also BinarySearchTreeBasic.fst(105,55-105,81))
Encrypt_SymEnc.fst(30,0-30,27): (Warning 272) Top-level let-bindings must be total; this term may have effects
Encrypt_SymEnc.fst(30,0-30,27): (Warning 272) Top-level let-bindings must be total; this term may have effects
Encrypt_SymEnc.fst(34,7-34,13): (Warning 252) (Hint-replay failed): Subtyping check failed; expected type Prims.nat; got type Prims.int (see also C:\build\agent1\_work\1\s\ulib\prims.fst(406,17-406,23))
FStar.Constructive.fst(0,0-0,0): (Warning 241) Absent cache file FStar.Constructive.fst.checked; will recheck FStar.Constructive.fst and all subsequent files
FStar.DependentMap.fst(0,0-0,0): (Warning 241) Absent cache file FStar.DependentMap.fst.checked; will recheck FStar.DependentMap.fst and all subsequent files
FStar.ErasedLogic.fst(0,0-0,0): (Warning 241) Absent cache file FStar.ErasedLogic.fst.checked; will recheck FStar.ErasedLogic.fst and all subsequent files
FStar.Float.fsti(0,0-0,0): (Warning 241) Absent cache file FStar.Float.fsti.checked; will recheck FStar.Float.fsti and all subsequent files
FStar.IndefiniteDescription.fst(0,0-0,0): (Warning 241) Absent cache file FStar.IndefiniteDescription.fst.checked; will recheck FStar.IndefiniteDescription.fst and all subsequent files
NatHeap.fst(68,12-69,30): (Warning 252) (Hint-replay failed): Subtyping check failed; expected type NatHeap.heap; got type Prims.nat * (_: Prims.nat -> Prims.Tot (FStar.Pervasives.Native.option (a: Type0 & a))) (see also NatHeap.fst(12,42-12,72))
FStar.List.Pure.Base.fst(0,0-0,0): (Warning 241) Absent cache file FStar.List.Pure.Base.fst.checked; will recheck FStar.List.Pure.Base.fst and all subsequent files
FStar.MarkovsPrinciple.fst(0,0-0,0): (Warning 241) Absent cache file FStar.MarkovsPrinciple.fst.checked; will recheck FStar.MarkovsPrinciple.fst and all subsequent files
FStar.Order.fst(0,0-0,0): (Warning 241) Absent cache file FStar.Order.fst.checked; will recheck FStar.Order.fst and all subsequent files
Ex07a.fst(228,4-228,14): (Warning 240) Admitting Ex07a.typed_step without a definition
FStar.Reflection.Const.fst(0,0-0,0): (Warning 241) Absent cache file FStar.Reflection.Const.fst.checked; will recheck FStar.Reflection.Const.fst and all subsequent files
FStar.Reflection.Types.fsti(0,0-0,0): (Warning 241) Absent cache file FStar.Reflection.Types.fsti.checked; will recheck FStar.Reflection.Types.fsti and all subsequent files
FStar.Range.fsti(0,0-0,0): (Warning 241) Absent cache file FStar.Range.fsti.checked; will recheck FStar.Range.fsti and all subsequent files
StlcStrongDbParSubst.fst(0,0-0,0): (Warning 241) Absent cache file _cache\StlcStrongDbParSubst.fst.checked; will recheck StlcStrongDbParSubst.fst and all subsequent files
StlcStrongDbParSubst.fst(203,27-203,29): (Warning 252) (Hint-replay failed): Subtyping check failed; expected type StlcStrongDbParSubst.typing g
(StlcStrongDbParSubst.sub_beta v y)
(Some?.v (StlcStrongDbParSubst.extend t_x g y)); got type StlcStrongDbParSubst.typing g v t_x (see also StlcStrongDbParSubst.fst(170,46-201,33))
StlcStrongDbParSubst.fst(203,27-203,29): (Warning 252) (Hint-replay failed): Subtyping check failed; expected type StlcStrongDbParSubst.typing g
(StlcStrongDbParSubst.sub_beta v y)
(Some?.v (StlcStrongDbParSubst.extend t_x g y)); got type StlcStrongDbParSubst.typing g v t_x (see also StlcStrongDbParSubst.fst(170,46-201,33))
FStar.SquashEffect.fst(0,0-0,0): (Warning 241) Absent cache file FStar.SquashEffect.fst.checked; will recheck FStar.SquashEffect.fst and all subsequent files
FStar.SquashProperties.fst(0,0-0,0): (Warning 241) Absent cache file FStar.SquashProperties.fst.checked; will recheck FStar.SquashProperties.fst and all subsequent files
Encrypt_SymEnc.fst(30,0-30,27): (Warning 272) Top-level let-bindings must be total; this term may have effects
FStar.WellFounded.fst(0,0-0,0): (Warning 241) Absent cache file FStar.WellFounded.fst.checked; will recheck FStar.WellFounded.fst and all subsequent files
RBTree.fst(333,4-333,8): (Warning 252) (Hint-replay failed): could not prove post-condition (see also RBTree.fst(332,68-332,86))
RBTree.fst(333,4-333,8): (Warning 252) (Hint-replay failed): could not prove post-condition (see also RBTree.fst(332,68-332,86))
FStar.Algebra.CommMonoid.fst(0,0-0,0): (Warning 241) Absent cache file FStar.Algebra.CommMonoid.fst.checked; will recheck FStar.Algebra.CommMonoid.fst and all subsequent files
AllocSTwHeaps.fst(150,4-150,8): (Warning 252) (Hint-replay failed): could not prove post-condition (see also AllocSTwHeaps.fst(149,23-149,47))
array.pos\Test.fst(34,12-34,17): (Warning 252) (Hint-replay failed): assertion failed (see also C:\build\agent1\_work\1\s\ulib\FStar.Pointer.Base.fsti(2122,22-2122,30))
MonotonicArray.fst(40,61-40,72): (Warning 252) (Hint-replay failed): Subtyping check failed; expected type FStar.Preorder.preorder (MonotonicArray.repr a n); got type FStar.Preorder.relation (MonotonicArray.repr a n) (see also C:\build\agent1\_work\1\s\ulib\FStar.Preorder.fst(12,40-12,56))
MonotonicArray.fst(65,40-65,68): (Warning 252) (Hint-replay failed): assertion failed
MonotonicArray.fst(65,40-65,68): (Warning 252) assertion failed
MonotonicArray.fst(65,40-65,68): (Warning 252) assertion failed
MonotonicArray.fst(65,40-65,68): (Warning 252) assertion failed
MonotonicArray.fst(65,40-65,68): (Warning 252) assertion failed
MonotonicArray.fst(67,39-67,65): (Warning 252) (Hint-replay failed): assertion failed
MonotonicArray.fst(67,39-67,65): (Warning 252) assertion failed
MonotonicArray.fst(67,39-67,65): (Warning 252) assertion failed
MonotonicArray.fst(67,39-67,65): (Warning 252) assertion failed
MonotonicArray.fst(67,39-67,65): (Warning 252) assertion failed
MonotonicArray.fst(162,4-162,10): (Warning 252) (Hint-replay failed): assertion failed (see also MonotonicArray.fst(166,75-166,97))
MonotonicArray.fst(207,10-207,12): (Warning 252) (Hint-replay failed): assertion failed (see also C:\build\agent1\_work\1\s\ulib\FStar.ST.fst(122,14-122,29))
MonotonicArray.fst(231,10-231,12): (Warning 252) (Hint-replay failed): assertion failed (see also C:\build\agent1\_work\1\s\ulib\FStar.ST.fst(122,14-122,29))
MonotonicArray.fst(513,10-513,12): (Warning 252) (Hint-replay failed): assertion failed (see also C:\build\agent1\_work\1\s\ulib\FStar.ST.fst(122,14-122,29))
MonotonicArray.fst(40,61-40,72): (Warning 252) (Hint-replay failed): Subtyping check failed; expected type FStar.Preorder.preorder (MonotonicArray.repr a n); got type FStar.Preorder.relation (MonotonicArray.repr a n) (see also C:\build\agent1\_work\1\s\ulib\FStar.Preorder.fst(12,40-12,56))
MonotonicArray.fst(65,40-65,68): (Error 19) assertion failed
MonotonicArray.fst(67,39-67,65): (Error 19) assertion failed
Verified i'face (or impl+i'face): MonotonicArray (41106 milliseconds)
2 errors were reported (see above)
make[2]: *** [../Makefile.include:19: MonotonicArray.uver] Error 1
FStar.Algebra.Monoid.fst(0,0-0,0): (Warning 241) Absent cache file FStar.Algebra.Monoid.fst.checked; will recheck FStar.Algebra.Monoid.fst and all subsequent files
FStar.Set.fst(0,0-0,0): (Warning 241) Absent cache file FStar.Set.fst.checked; will recheck FStar.Set.fst and all subsequent files
FStar.Monotonic.Witnessed.fsti(0,0-0,0): (Warning 241) Absent cache file FStar.Monotonic.Witnessed.fsti.checked; will recheck FStar.Monotonic.Witnessed.fsti and all subsequent files
FStar.TSet.fst(0,0-0,0): (Warning 241) Absent cache file FStar.TSet.fst.checked; will recheck FStar.TSet.fst and all subsequent files
MRefHeap.fst(60,11-61,26): (Warning 252) (Hint-replay failed): Subtyping check failed; expected type MRefHeap.heap; got type Prims.nat * (_: Prims.nat -> Prims.Tot (FStar.Pervasives.Native.option MRefHeap.heap_cell)) (see also MRefHeap.fst(13,42-13,72))
disjoint.pos\Test.fst(30,12-30,17): (Warning 252) (Hint-replay failed): assertion failed (see also C:\build\agent1\_work\1\s\ulib\FStar.Pointer.Base.fsti(2122,22-2122,30))
Ex07d.fst(225,4-225,8): (Warning 240) Admitting Ex07d.eval without a definition
C:/build/agent1/_work/1/s/ulib/FStar.List.Tot.Properties.fst(0,0-0,0): (Warning 241) Absent cache file _cache\FStar.List.Tot.Properties.fst.checked; will recheck C:/build/agent1/_work/1/s/ulib/FStar.List.Tot.Properties.fst and all subsequent files
C:/build/agent1/_work/1/s/ulib/FStar.List.Tot.Properties.fst(853,12-853,18): (Warning 252) (Hint-replay failed): could not prove post-condition
C:/build/agent1/_work/1/s/ulib/FStar.List.Tot.Properties.fst(853,12-853,18): (Warning 252) could not prove post-condition
C:/build/agent1/_work/1/s/ulib/FStar.List.Tot.Properties.fst(883,12-883,18): (Warning 252) (Hint-replay failed): could not prove post-condition
C:/build/agent1/_work/1/s/ulib/FStar.List.Tot.fst(0,0-0,0): (Warning 241) Absent cache file _cache\FStar.List.Tot.fst.checked; will recheck C:/build/agent1/_work/1/s/ulib/FStar.List.Tot.fst and all subsequent files
Warning 10: : -drop is deprecated
use a combination of -bundle and -d reachability to make sure the functions are eliminated as you wish
Warning 7: : After inlining, Prims.list__StringPrinterTest_Aux_cipher_suite (going into StringPrinterTest) calls StringPrinterTest.Aux.cipher_suite (going into StringPrinterTest_Aux) -- removing the static qualifier from StringPrinterTest.Aux.cipher_suite
Benton2004.RHL.fst(254,2-257,3): (Warning 252) (Hint-replay failed): could not prove post-condition
Benton2004.RHL.fst(459,4-459,19): (Warning 252) (Hint-replay failed): assertion failed (see also Benton2004.RHL.fst(443,4-443,84))
Benton2004.RHL.fst(500,63-500,152): (Warning 252) (Hint-replay failed): assertion failed
C:/build/agent1/_work/1/s/ulib/FStar.Math.Lemmas.fst(0,0-0,0): (Warning 241) Absent cache file _cache\FStar.Math.Lemmas.fst.checked; will recheck C:/build/agent1/_work/1/s/ulib/FStar.Math.Lemmas.fst and all subsequent files
FStar.List.Tot.Properties.fst(0,0-0,0): (Warning 241) Absent cache file FStar.List.Tot.Properties.fst.checked; will recheck FStar.List.Tot.Properties.fst and all subsequent files
FStar.List.Tot.Properties.fst(853,12-853,18): (Warning 252) (Hint-replay failed): could not prove post-condition
FStar.List.Tot.Properties.fst(853,12-853,18): (Warning 252) could not prove post-condition
FStar.List.Tot.Properties.fst(883,12-883,18): (Warning 252) (Hint-replay failed): could not prove post-condition
Ex10a.fst(24,0-24,22): (Warning 272) Top-level let-bindings must be total; this term may have effects
Ex10a.fst(24,0-24,22): (Warning 272) Top-level let-bindings must be total; this term may have effects
Ex10a.fst(24,0-24,22): (Warning 272) Top-level let-bindings must be total; this term may have effects
Ex10a.fst(24,0-24,22): (Warning 272) Top-level let-bindings must be total; this term may have effects
C:/build/agent1/_work/1/s/ulib/FStar.List.Tot.fst(0,0-0,0): (Warning 241) Absent cache file _cache\FStar.List.Tot.fst.checked; will recheck C:/build/agent1/_work/1/s/ulib/FStar.List.Tot.fst and all subsequent files
Map.fst(0,0-0,0): (Warning 241) Absent cache file _cache\Map.fst.checked; will recheck Map.fst and all subsequent files
StlcCbvDbParSubst.fst(0,0-0,0): (Warning 241) Absent cache file _cache\StlcCbvDbParSubst.fst.checked; will recheck StlcCbvDbParSubst.fst and all subsequent files
StlcCbvDbParSubst.fst(197,19-197,25): (Warning 252) (Hint-replay failed): assertion failed (see also StlcCbvDbParSubst.fst(197,25-197,68))
VQuote.fst(0,0-0,0): (Warning 241) Absent cache file _cache\VQuote.fst.checked; will recheck VQuote.fst and all subsequent files
hello.fst(5,0-5,37): (Warning 272) Top-level let-bindings must be total; this term may have effects
hello.fst(5,0-5,37): (Warning 272) Top-level let-bindings must be total; this term may have effects
C:/build/agent1/_work/1/s/ulib/FStar.Tactics.Types.fsti(0,0-0,0): (Warning 241) Absent cache file _cache\FStar.Tactics.Types.fsti.checked; will recheck C:/build/agent1/_work/1/s/ulib/FStar.Tactics.Types.fsti and all subsequent files
C:/build/agent1/_work/1/s/ulib/FStar.Monotonic.Heap.fsti(0,0-0,0): (Warning 241) Absent cache file _cache\FStar.Monotonic.Heap.fsti.checked; will recheck C:/build/agent1/_work/1/s/ulib/FStar.Monotonic.Heap.fsti and all subsequent files
bug185.fst(33,15-33,21): (Warning 252) (Hint-replay failed): assertion failed (see also bug185.fst(33,22-33,48))
Ex10a.fst(26,0-26,22): (Warning 272) Top-level let-bindings must be total; this term may have effects
Ex10a.fst(26,0-26,22): (Warning 272) Top-level let-bindings must be total; this term may have effects
Ex10a.fst(26,0-26,22): (Warning 272) Top-level let-bindings must be total; this term may have effects
Ex10a.fst(26,0-26,22): (Warning 272) Top-level let-bindings must be total; this term may have effects
FStar.Map.fst(0,0-0,0): (Warning 241) Absent cache file FStar.Map.fst.checked; will recheck FStar.Map.fst and all subsequent files
MAC.fst(45,0-45,53): (Warning 272) Top-level let-bindings must be total; this term may have effects
MAC.fst(45,0-45,53): (Warning 272) Top-level let-bindings must be total; this term may have effects
FStar.Classical.fst(0,0-0,0): (Warning 241) Absent cache file FStar.Classical.fst.checked; will recheck FStar.Classical.fst and all subsequent files
FStar.Classical.fst(29,4-29,27): (Warning 252) (Hint-replay failed): could not prove post-condition (see also FStar.Classical.fsti(15,107-15,110))
FStar.Classical.fst(29,4-29,27): (Warning 252) could not prove post-condition (see also FStar.Classical.fsti(15,107-15,110))
FStar.Classical.fst(29,4-29,27): (Warning 252) could not prove post-condition (see also FStar.Classical.fsti(15,107-15,110))
FStar.Classical.fst(29,4-29,27): (Warning 252) could not prove post-condition (see also FStar.Classical.fsti(15,107-15,110))
FStar.Classical.fst(29,4-29,27): (Warning 252) could not prove post-condition (see also FStar.Classical.fsti(15,107-15,110))
FStar.Classical.fst(48,4-48,16): (Warning 252) (Hint-replay failed): could not prove post-condition (see also FStar.Classical.fsti(28,97-28,100))
FStar.Classical.fst(48,4-48,16): (Warning 252) could not prove post-condition (see also FStar.Classical.fsti(28,97-28,100))
FStar.Classical.fst(48,4-48,16): (Warning 252) could not prove post-condition (see also FStar.Classical.fsti(28,97-28,100))
FStar.Classical.fst(48,4-48,16): (Warning 252) could not prove post-condition (see also FStar.Classical.fsti(28,97-28,100))
FStar.Classical.fst(48,4-48,16): (Warning 252) could not prove post-condition (see also FStar.Classical.fsti(28,97-28,100))
FStar.Classical.fst(29,4-29,27): (Error 19) could not prove post-condition (see also FStar.Classical.fsti(15,107-15,110))
FStar.Classical.fst(48,4-48,16): (Error 19) could not prove post-condition (see also FStar.Classical.fsti(28,97-28,100))
Verified module: FStar.Classical (3913 milliseconds)
2 errors were reported (see above)
make[2]: *** [../src/gmake/Makefile.tmpl:28: FStar.Classical.fst.checked] Error 1
C:/build/agent1/_work/1/s/ulib/FStar.Reflection.Data.fst(0,0-0,0): (Warning 241) Absent cache file _cache\FStar.Reflection.Data.fst.checked; will recheck C:/build/agent1/_work/1/s/ulib/FStar.Reflection.Data.fst and all subsequent files
C:/build/agent1/_work/1/s/ulib/FStar.Reflection.Basic.fst(0,0-0,0): (Warning 241) Absent cache file _cache\FStar.Reflection.Basic.fst.checked; will recheck C:/build/agent1/_work/1/s/ulib/FStar.Reflection.Basic.fst and all subsequent files
FStar.List.Pure.Properties.fst(0,0-0,0): (Warning 241) Absent cache file FStar.List.Pure.Properties.fst.checked; will recheck FStar.List.Pure.Properties.fst and all subsequent files
Map.OpaqueToSMT.fst(0,0-0,0): (Warning 241) Absent cache file _cache\Map.OpaqueToSMT.fst.checked; will recheck Map.OpaqueToSMT.fst and all subsequent files
point.pos\Test.fst(35,13-35,18): (Warning 252) (Hint-replay failed): assertion failed (see also C:\build\agent1\_work\1\s\ulib\FStar.Pointer.Base.fsti(2122,22-2122,30))
point.pos\Test.fst(29,7-29,79): (Warning 252) Subtyping check failed; expected type FStar.Pointer.Base.struct_field Test.point_struct; got type Prims.string (see also C:\build\agent1\_work\1\s\ulib\FStar.Pointer.Base.fsti(69,15-69,50))
point.pos\Test.fst(29,7-29,79): (Warning 252) Subtyping check failed; expected type FStar.Pointer.Base.struct_field Test.point_struct; got type Prims.string (see also C:\build\agent1\_work\1\s\ulib\FStar.Pointer.Base.fsti(69,15-69,50))
point.pos\Test.fst(55,13-55,18): (Warning 252) (Hint-replay failed): assertion failed (see also C:\build\agent1\_work\1\s\ulib\FStar.Pointer.Base.fsti(2122,22-2122,30))
point.pos\Test.fst(50,7-50,79): (Warning 252) Subtyping check failed; expected type FStar.Pointer.Base.struct_field Test.point_struct; got type Prims.string (see also C:\build\agent1\_work\1\s\ulib\FStar.Pointer.Base.fsti(69,15-69,50))
point.pos\Test.fst(50,7-50,79): (Warning 252) Subtyping check failed; expected type FStar.Pointer.Base.struct_field Test.point_struct; got type Prims.string (see also C:\build\agent1\_work\1\s\ulib\FStar.Pointer.Base.fsti(69,15-69,50))
C:/build/agent1/_work/1/s/ulib/FStar.Tactics.Result.fst(0,0-0,0): (Warning 241) Absent cache file _cache\FStar.Tactics.Result.fst.checked; will recheck C:/build/agent1/_work/1/s/ulib/FStar.Tactics.Result.fst and all subsequent files
C:/build/agent1/_work/1/s/ulib/FStar.Seq.Base.fst(0,0-0,0): (Warning 241) Absent cache file _cache\FStar.Seq.Base.fst.checked; will recheck C:/build/agent1/_work/1/s/ulib/FStar.Seq.Base.fst and all subsequent files
C:/build/agent1/_work/1/s/ulib/FStar.Heap.fst(0,0-0,0): (Warning 241) Absent cache file _cache\FStar.Heap.fst.checked; will recheck C:/build/agent1/_work/1/s/ulib/FStar.Heap.fst and all subsequent files
StackMachine.fst(0,0-0,0): (Warning 241) Absent cache file _cache\StackMachine.fst.checked; will recheck StackMachine.fst and all subsequent files
C:\build\agent1\_work\1\s\ulib\FStar.Preorder.fst(12,40-12,56): (Warning 252) (Hint-replay failed): assertion failed
Ariadne.fst(72,57-72,74): (Warning 252) (Hint-replay failed): assertion failed
Ariadne.fst(135,2-135,7): (Warning 252) (Hint-replay failed): assertion failed (see also C:\build\agent1\_work\1\s\ulib\FStar.ST.fst(101,14-101,29))
Ariadne.fst(169,2-169,7): (Warning 252) (Hint-replay failed): assertion failed (see also C:\build\agent1\_work\1\s\ulib\FStar.ST.fst(101,14-101,29))
C:\build\agent1\_work\1\s\ulib\FStar.Preorder.fst(12,40-12,56): (Warning 252) (Hint-replay failed): assertion failed
Ariadne.fst(72,57-72,74): (Warning 252) (Hint-replay failed): assertion failed
SepLogic.Heap.fst(59,26-62,30): (Warning 252) (Hint-replay failed): Patterns are incomplete
SepLogic.Heap.fst(78,38-81,62): (Warning 252) (Hint-replay failed): Patterns are incomplete
SepLogic.Heap.fst(196,12-196,18): (Warning 252) (Hint-replay failed): assertion failed (see also SepLogic.Heap.fst(196,19-196,77))
SepLogic.Heap.fst(224,4-224,29): (Warning 252) (Hint-replay failed): could not prove post-condition (see also SepLogic.Heap.fsti(155,10-155,62))
SepLogic.Heap.fst(226,4-226,29): (Warning 252) (Hint-replay failed): could not prove post-condition (see also SepLogic.Heap.fsti(159,10-159,34))
SepLogic.Heap.fst(235,4-235,24): (Warning 252) (Hint-replay failed): could not prove post-condition (see also SepLogic.Heap.fsti(187,11-187,27))
SepLogic.Heap.fst(302,21-302,58): (Warning 252) (Hint-replay failed): could not prove post-condition
FStar.Monotonic.Witnessed.fst(0,0-0,0): (Warning 241) Absent cache file FStar.Monotonic.Witnessed.fst.checked; will recheck FStar.Monotonic.Witnessed.fst and all subsequent files
FStar.Monotonic.Witnessed.fst(292,4-292,29): (Warning 252) (Hint-replay failed): could not prove post-condition (see also FStar.Monotonic.Witnessed.fsti(28,70-28,85))
FStar.Monotonic.Witnessed.fst(296,4-296,28): (Warning 252) (Hint-replay failed): could not prove post-condition (see also FStar.Monotonic.Witnessed.fsti(35,39-35,74))
FStar.Monotonic.Witnessed.fst(298,4-298,26): (Warning 252) (Hint-replay failed): could not prove post-condition (see also FStar.Monotonic.Witnessed.fsti(40,37-40,100))
FStar.Monotonic.Witnessed.fst(302,30-302,67): (Warning 252) (Hint-replay failed): could not prove post-condition
FStar.Monotonic.Witnessed.fst(307,4-307,22): (Warning 252) (Hint-replay failed): could not prove post-condition (see also FStar.Monotonic.Witnessed.fsti(52,75-52,110))
FStar.Monotonic.Witnessed.fst(312,6-312,15): (Warning 252) (Hint-replay failed): assertion failed (see also FStar.Monotonic.Witnessed.fst(106,50-106,55))
FStar.Monotonic.Witnessed.fst(319,6-319,18): (Warning 252) (Hint-replay failed): assertion failed (see also FStar.Monotonic.Witnessed.fst(211,63-211,83))
FStar.Monotonic.Witnessed.fst(323,4-323,26): (Warning 252) (Hint-replay failed): could not prove post-condition (see also FStar.Monotonic.Witnessed.fsti(70,74-70,114))
testseq.fst(12,0-14,15): (Warning 272) Top-level let-bindings must be total; this term may have effects
testseq.fst(12,0-14,15): (Warning 272) Top-level let-bindings must be total; this term may have effects
FStar.Reflection.Data.fst(0,0-0,0): (Warning 241) Absent cache file FStar.Reflection.Data.fst.checked; will recheck FStar.Reflection.Data.fst and all subsequent files
FStar.Tactics.Types.fsti(0,0-0,0): (Warning 241) Absent cache file FStar.Tactics.Types.fsti.checked; will recheck FStar.Tactics.Types.fsti and all subsequent files
FStar.Squash.fst(0,0-0,0): (Warning 241) Absent cache file FStar.Squash.fst.checked; will recheck FStar.Squash.fst and all subsequent files
FStar.Universe.fst(0,0-0,0): (Warning 241) Absent cache file FStar.Universe.fst.checked; will recheck FStar.Universe.fst and all subsequent files
Unit1.WPsAndTriples_ST.fst(21,8-21,19): (Warning 252) (Hint-replay failed): Subtyping check failed; expected type x: FStar.ST.ref Prims.int -> FStar.ST.ST Prims.int; got type y: FStar.ST.ref Prims.int -> FStar.ST.ST Prims.int (see also C:\build\agent1\_work\1\s\ulib\FStar.ST.fst(73,80-73,86))
C:\build\agent1\_work\1\s\ulib\prims.fst(218,22-218,33): (Warning 252) (Hint-replay failed): assertion failed (see also C:\build\agent1\_work\1\s\ulib\prims.fst(178,46-178,58))
Slice.fst(45,61-45,72): (Warning 252) (Hint-replay failed): Subtyping check failed; expected type j: Prims.nat{0 <= j && j <= FStar.Seq.Base.length (Slice.as_seq h1 b)}; got type FStar.UInt.uint_t FStar.UInt32.n
Slice.fst(95,4-95,26): (Warning 252) (Hint-replay failed): assertion failed (see also C:\build\agent1\_work\1\s\ulib\FStar.Buffer.fst(433,28-433,54))
Slice.fst(105,4-105,26): (Warning 252) (Hint-replay failed): assertion failed (see also C:\build\agent1\_work\1\s\ulib\FStar.Buffer.fst(433,28-433,54))
Slice.fst(167,60-167,73): (Warning 252) (Hint-replay failed): Subtyping check failed; expected type j: Prims.nat{0 <= j && j <= FStar.Seq.Base.length (FStar.Buffer.as_seq h b)}; got type Prims.nat
C:\build\agent1\_work\1\s\ulib\prims.fst(218,22-218,33): (Warning 252) (Hint-replay failed): assertion failed (see also C:\build\agent1\_work\1\s\ulib\prims.fst(178,46-178,58))
Slice.fst(34,83-34,104): (Warning 252) (Hint-replay failed): Subtyping check failed; expected type j: Prims.nat{FStar.UInt32.v off <= j && j <= FStar.Seq.Base.length (Slice.as_seq h b)}; got type Prims.nat
Slice.fst(46,4-46,18): (Warning 252) (Hint-replay failed): Subtyping check failed; expected type j: Prims.nat{0 <= j && j <= FStar.Seq.Base.length (Slice.as_seq h1 b)}; got type FStar.UInt.uint_t FStar.UInt32.n (see also Slice.fst(45,61-45,72))
Slice.fst(157,72-157,84): (Warning 252) (Hint-replay failed): Subtyping check failed; expected type j: Prims.nat{FStar.Buffer.length b1 <= j && j <= FStar.Seq.Base.length (FStar.Buffer.as_seq h b)}; got type Prims.nat
Slice.fst(167,60-167,73): (Warning 252) (Hint-replay failed): Subtyping check failed; expected type j: Prims.nat{0 <= j && j <= FStar.Seq.Base.length (FStar.Buffer.as_seq h b)}; got type Prims.nat
C:\build\agent1\_work\1\s\hacl-star\secure_api\aead\Crypto.AEAD.BufferUtils.fst(86,7-86,24): (Warning 288) FStar.Monotonic.HyperStack.is_eternal_region is deprecated, use FStar.HyperStack.ST.is_eternal_region instead
C:\build\agent1\_work\1\s\hacl-star\secure_api\aead\Crypto.AEAD.BufferUtils.fst(87,7-87,24): (Warning 288) FStar.Monotonic.HyperStack.is_eternal_region is deprecated, use FStar.HyperStack.ST.is_eternal_region instead
C:\build\agent1\_work\1\s\hacl-star\secure_api\aead\Crypto.AEAD.BufferUtils.fst(126,7-126,24): (Warning 288) FStar.Monotonic.HyperStack.is_eternal_region is deprecated, use FStar.HyperStack.ST.is_eternal_region instead
C:\build\agent1\_work\1\s\hacl-star\secure_api\aead\Crypto.AEAD.BufferUtils.fst(127,7-127,24): (Warning 288) FStar.Monotonic.HyperStack.is_eternal_region is deprecated, use FStar.HyperStack.ST.is_eternal_region instead
C:\build\agent1\_work\1\s\hacl-star\secure_api\aead\Crypto.AEAD.Wrappers.CMA.fst(115,4-115,25): (Error 53) Effects STATE and GHOST cannot be composed
1 error was reported (see above)
make: *** [Makefile.old:204: aead/Crypto.AEAD.Encrypt.fst-ver] Error 1
LambdaOmega.fst(0,0-0,0): (Warning 241) Absent cache file _cache\LambdaOmega.fst.checked; will recheck LambdaOmega.fst and all subsequent files
FStar.Math.Lemmas.fst(0,0-0,0): (Warning 241) Absent cache file FStar.Math.Lemmas.fst.checked; will recheck FStar.Math.Lemmas.fst and all subsequent files
MAC.fst(45,0-45,53): (Warning 272) Top-level let-bindings must be total; this term may have effects
FStar.Monotonic.Heap.fsti(0,0-0,0): (Warning 241) Absent cache file FStar.Monotonic.Heap.fsti.checked; will recheck FStar.Monotonic.Heap.fsti and all subsequent files
FStar.List.Tot.fst(0,0-0,0): (Warning 241) Absent cache file FStar.List.Tot.fst.checked; will recheck FStar.List.Tot.fst and all subsequent files
Huffman.fst(182,53-182,54): (Warning 252) (Hint-replay failed): Subtyping check failed; expected type s:
Huffman.symbol
{%[ bs; if Leaf? t' && Cons? bs then 1 else 0 ] << %[ bs; if Leaf? t && Cons? bs then 1 else 0 ]}; got type Huffman.symbol (see also Huffman.fst(173,48-180,2))
Eta_expand.fst(22,0-26,35): (Warning 272) Top-level let-bindings must be total; this term may have effects
Eta_expand.fst(22,0-26,35): (Warning 272) Top-level let-bindings must be total; this term may have effects
File "out/Eta_expand.ml", line 19, characters 37-41:
Warning 20: this argument will not be used by the function.
File "out/Eta_expand.ml", line 19, characters 42-46:
Warning 20: this argument will not be used by the function.
SL.Heap.fst(65,26-68,30): (Warning 252) (Hint-replay failed): Patterns are incomplete
SL.Heap.fst(85,38-88,62): (Warning 252) (Hint-replay failed): Patterns are incomplete
SL.Heap.fst(169,12-169,18): (Warning 252) (Hint-replay failed): assertion failed (see also SL.Heap.fst(169,19-169,77))
SL.Heap.fst(196,4-196,29): (Warning 252) (Hint-replay failed): could not prove post-condition (see also SL.Heap.fsti(119,10-119,62))
SL.Heap.fst(198,4-198,29): (Warning 252) (Hint-replay failed): could not prove post-condition (see also SL.Heap.fsti(123,10-123,34))
Ex12.MAC.fst(41,0-41,41): (Warning 272) Top-level let-bindings must be total; this term may have effects
Ex12.MAC.fst(41,0-41,41): (Warning 272) Top-level let-bindings must be total; this term may have effects
Ex12a.ACLs.fst(59,0-59,48): (Warning 272) Top-level let-bindings must be total; this term may have effects
Ex12a1.Cap.fst(23,0-23,26): (Warning 272) Top-level let-bindings must be total; this term may have effects
Ex12a1.Cap.fst(23,0-23,26): (Warning 272) Top-level let-bindings must be total; this term may have effects
Ex12a1.Cap.fst(23,0-23,26): (Warning 272) Top-level let-bindings must be total; this term may have effects
Ex12a1.Cap.fst(23,0-23,26): (Warning 272) Top-level let-bindings must be total; this term may have effects
nested.pos\Test.fst(32,18-32,22): (Warning 252) (Hint-replay failed): assertion failed (see also C:\build\agent1\_work\1\s\ulib\FStar.Pointer.Base.fsti(2146,22-2146,34))
nested.pos\Test.fst(27,74-27,95): (Warning 252) Subtyping check failed; expected type l:
Prims.list (Prims.string * FStar.Pointer.Base.typ)
{Cons? l /\ FStar.List.Tot.Base.noRepeats (FStar.List.Tot.Base.map FStar.Pervasives.Native.fst l)}; got type Prims.list (Prims.string * FStar.Pointer.Base.typ) (see also C:\build\agent1\_work\1\s\ulib\FStar.Pointer.Base.fsti(55,2-55,41))
C:\build\agent1\_work\1\s\ulib\FStar.List.Tot.fst(0,0-0,0): (Warning 241) Absent cache file C:\build\agent1\_work\1\s\ulib\FStar.List.Tot.fst.checked; will recheck C:\build\agent1\_work\1\s\ulib\FStar.List.Tot.fst and all subsequent files
Print.fst(0,0-0,0): (Warning 247) Print.fst.checked was not written, since some of its dependences were not also checked
FStar.Monotonic.Heap.fst(0,0-0,0): (Warning 241) Absent cache file FStar.Monotonic.Heap.fst.checked; will recheck FStar.Monotonic.Heap.fst and all subsequent files
C:\build\agent1\_work\1\s\ulib\FStar.HyperStack.ST.fst(74,24-74,36): (Warning 252) (Hint-replay failed): assertion failed (see also C:\build\agent1\_work\1\s\ulib\FStar.HyperStack.ST.fst(73,86-73,91))
<dummy>(0,0-0,0): (Warning 252) (Hint-replay failed): could not prove post-condition
C:\build\agent1\_work\1\s\ulib\FStar.HyperStack.ST.fst(74,24-74,36): (Warning 252) assertion failed (see also C:\build\agent1\_work\1\s\ulib\FStar.HyperStack.ST.fst(73,86-73,91))
union.pos\Test.fst(32,4-32,17): (Warning 252) could not prove post-condition
C:\build\agent1\_work\1\s\ulib\FStar.HyperStack.ST.fst(74,24-74,36): (Warning 252) assertion failed (see also C:\build\agent1\_work\1\s\ulib\FStar.HyperStack.ST.fst(73,86-73,91))
union.pos\Test.fst(32,4-32,17): (Warning 252) could not prove post-condition
C:/build/agent1/_work/1/s/ulib/FStar.Math.Lemmas.fst(0,0-0,0): (Warning 241) Absent cache file _cache\FStar.Math.Lemmas.fst.checked; will recheck C:/build/agent1/_work/1/s/ulib/FStar.Math.Lemmas.fst and all subsequent files
C:/build/agent1/_work/1/s/ulib/FStar.Seq.Base.fst(0,0-0,0): (Warning 241) Absent cache file C:/build/agent1/_work/1/s/ulib/FStar.Seq.Base.fst.checked; will recheck C:/build/agent1/_work/1/s/ulib/FStar.Seq.Base.fst and all subsequent files
Map.OpaqueToSMT.Test.fst(0,0-0,0): (Warning 241) Absent cache file _cache\Map.OpaqueToSMT.Test.fst.checked; will recheck Map.OpaqueToSMT.Test.fst and all subsequent files
C:/build/agent1/_work/1/s/ulib/FStar.Heap.fst(0,0-0,0): (Warning 241) Absent cache file C:/build/agent1/_work/1/s/ulib/FStar.Heap.fst.checked; will recheck C:/build/agent1/_work/1/s/ulib/FStar.Heap.fst and all subsequent files
MAC.fst(45,0-45,53): (Warning 272) Top-level let-bindings must be total; this term may have effects
RPC.fst(9,0-9,53): (Warning 272) Top-level let-bindings must be total; this term may have effects
RPC.fst(9,0-9,53): (Warning 272) Top-level let-bindings must be total; this term may have effects
RPC.fst(23,0-23,39): (Warning 272) Top-level let-bindings must be total; this term may have effects
RPC.fst(23,0-23,39): (Warning 272) Top-level let-bindings must be total; this term may have effects
RPC.fst(48,0-49,16): (Warning 272) Top-level let-bindings must be total; this term may have effects
RPC.fst(48,0-49,16): (Warning 272) Top-level let-bindings must be total; this term may have effects
RPC.fst(74,8-74,14): (Warning 252) (Hint-replay failed): assertion failed (see also RPC.fst(74,15-74,30))
RPC.fst(74,8-74,14): (Warning 252) assertion failed (see also RPC.fst(74,15-74,30))
RPC.fst(95,12-95,18): (Warning 252) (Hint-replay failed): assertion failed (see also RPC.fst(95,19-95,31))
RPC.fst(95,12-95,18): (Warning 252) assertion failed (see also RPC.fst(95,19-95,31))
RPC.fst(116,0-116,17): (Warning 272) Top-level let-bindings must be total; this term may have effects
RPC.fst(116,0-116,17): (Warning 272) Top-level let-bindings must be total; this term may have effects
C:/build/agent1/_work/1/s/ulib/FStar.Seq.Properties.fst(0,0-0,0): (Warning 241) Absent cache file _cache\FStar.Seq.Properties.fst.checked; will recheck C:/build/agent1/_work/1/s/ulib/FStar.Seq.Properties.fst and all subsequent files
C:/build/agent1/_work/1/s/ulib/FStar.Seq.Properties.fst(471,4-471,18): (Warning 252) (Hint-replay failed): could not prove post-condition (see also C:/build/agent1/_work/1/s/ulib/FStar.Seq.Properties.fst(470,20-470,28))
C:/build/agent1/_work/1/s/ulib/FStar.Tactics.Effect.fst(0,0-0,0): (Warning 241) Absent cache file _cache\FStar.Tactics.Effect.fst.checked; will recheck C:/build/agent1/_work/1/s/ulib/FStar.Tactics.Effect.fst and all subsequent files
C:/build/agent1/_work/1/s/ulib/FStar.Tactics.Builtins.fst(0,0-0,0): (Warning 241) Absent cache file _cache\FStar.Tactics.Builtins.fst.checked; will recheck C:/build/agent1/_work/1/s/ulib/FStar.Tactics.Builtins.fst and all subsequent files
C:/build/agent1/_work/1/s/ulib/FStar.ST.fst(0,0-0,0): (Warning 241) Absent cache file _cache\FStar.ST.fst.checked; will recheck C:/build/agent1/_work/1/s/ulib/FStar.ST.fst and all subsequent files
C:/build/agent1/_work/1/s/ulib/FStar.Seq.fst(0,0-0,0): (Warning 241) Absent cache file _cache\FStar.Seq.fst.checked; will recheck C:/build/agent1/_work/1/s/ulib/FStar.Seq.fst and all subsequent files
C:/build/agent1/_work/1/s/ulib/FStar.All.fst(0,0-0,0): (Warning 241) Absent cache file _cache\FStar.All.fst.checked; will recheck C:/build/agent1/_work/1/s/ulib/FStar.All.fst and all subsequent files
Protocol.fst(23,0-23,9): (Warning 239) Adding an implicit 'assume new' qualifier on byte
Protocol.fst(340,7-340,35): (Warning 252) (Hint-replay failed): could not prove post-condition
make[2]: Target 'all' not remade because of errors.
make[1]: *** [Makefile:39: preorders.all] Error 2
C:/build/agent1/_work/1/s/ulib/FStar.Monotonic.HyperHeap.fst(0,0-0,0): (Warning 241) Absent cache file C:/build/agent1/_work/1/s/ulib/FStar.Monotonic.HyperHeap.fst.checked; will recheck C:/build/agent1/_work/1/s/ulib/FStar.Monotonic.HyperHeap.fst and all subsequent files
taggedunion.pos\Test.fst(124,15-124,20): (Warning 252) (Hint-replay failed): assertion failed (see also C:\build\agent1\_work\1\s\ulib\FStar.Pointer.Base.fsti(2122,22-2122,30))
C:/build/agent1/_work/1/s/ulib/FStar.Monotonic.HyperHeap.fst(0,0-0,0): (Warning 241) Absent cache file _cache\FStar.Monotonic.HyperHeap.fst.checked; will recheck C:/build/agent1/_work/1/s/ulib/FStar.Monotonic.HyperHeap.fst and all subsequent files
FStar.OrdSet.fst(0,0-0,0): (Warning 241) Absent cache file FStar.OrdSet.fst.checked; will recheck FStar.OrdSet.fst and all subsequent files
FStar.OrdSet.fst(48,16-48,23): (Warning 252) (Hint-replay failed): Subtyping check failed; expected type a: Type{Prims.hasEq a}; got type Type (see also prims.fst(306,29-306,36))
FStar.Reflection.Basic.fst(0,0-0,0): (Warning 241) Absent cache file FStar.Reflection.Basic.fst.checked; will recheck FStar.Reflection.Basic.fst and all subsequent files
Ex12.MAC.fst(60,0-63,4): (Warning 272) Top-level let-bindings must be total; this term may have effects
Ex12.MAC.fst(197,0-197,33): (Warning 272) Top-level let-bindings must be total; this term may have effects
Ex12.MAC.fst(60,0-63,4): (Warning 272) Top-level let-bindings must be total; this term may have effects
Ex12.MAC.fst(197,0-197,33): (Warning 272) Top-level let-bindings must be total; this term may have effects
Ex12a.ACLs.fst(59,0-59,48): (Warning 272) Top-level let-bindings must be total; this term may have effects
Ex12a1.Cap.fst(21,0-21,26): (Warning 272) Top-level let-bindings must be total; this term may have effects
Ex12a1.Cap.fst(21,0-21,26): (Warning 272) Top-level let-bindings must be total; this term may have effects
Ex12a1.Cap.fst(36,9-36,22): (Warning 252) (Hint-replay failed): assertion failed (see also Ex12.MAC.fst(172,64-172,76))
Ex12a1.Cap.fst(36,9-36,22): (Warning 252) assertion failed (see also Ex12.MAC.fst(172,64-172,76))
Ex12a1.Cap.fst(36,9-36,22): (Warning 252) assertion failed (see also Ex12.MAC.fst(172,64-172,76))
Ex12a1.Cap.fst(36,9-36,22): (Warning 252) assertion failed (see also Ex12.MAC.fst(172,64-172,76))
Ex12a1.Cap.fst(36,9-36,22): (Warning 252) assertion failed (see also Ex12.MAC.fst(172,64-172,76))
Ex12a1.Cap.fst(21,0-21,26): (Warning 272) Top-level let-bindings must be total; this term may have effects
Ex12a1.Cap.fst(21,0-21,26): (Warning 272) Top-level let-bindings must be total; this term may have effects
Ex12a1.Cap.fst(36,9-36,22): (Error 19) assertion failed (see also Ex12.MAC.fst(172,64-172,76))
Verified i'face (or impl+i'face): Ex12a1.Cap (4762 milliseconds)
1 error was reported (see above)
make[2]: *** [Makefile:47: verify-Ex12a1.Cap.fst] Error 1
FStar.Tactics.Result.fst(0,0-0,0): (Warning 241) Absent cache file FStar.Tactics.Result.fst.checked; will recheck FStar.Tactics.Result.fst and all subsequent files
CanonCommSwaps.fst(0,0-0,0): (Warning 241) Absent cache file _cache\CanonCommSwaps.fst.checked; will recheck CanonCommSwaps.fst and all subsequent files
FStar.Axiomatic.Array.fst(0,0-0,0): (Warning 241) Absent cache file FStar.Axiomatic.Array.fst.checked; will recheck FStar.Axiomatic.Array.fst and all subsequent files
TestMRef.fst(8,0-8,15): (Warning 272) Top-level let-bindings must be total; this term may have effects
TestMRef.fst(8,0-8,15): (Warning 272) Top-level let-bindings must be total; this term may have effects
TestMRef.fst(8,0-8,15): (Warning 272) Top-level let-bindings must be total; this term may have effects
TestMRef.fst(8,0-8,15): (Warning 272) Top-level let-bindings must be total; this term may have effects
FStar.List.Pure.fst(0,0-0,0): (Warning 241) Absent cache file FStar.List.Pure.fst.checked; will recheck FStar.List.Pure.fst and all subsequent files
C:/build/agent1/_work/1/s/ulib/FStar.Tactics.Util.fst(0,0-0,0): (Warning 241) Absent cache file _cache\FStar.Tactics.Util.fst.checked; will recheck C:/build/agent1/_work/1/s/ulib/FStar.Tactics.Util.fst and all subsequent files
C:\build\agent1\_work\1\s\ulib\FStar.Tactics.Result.fst(0,0-0,0): (Warning 241) Absent cache file C:\build\agent1\_work\1\s\ulib\FStar.Tactics.Result.fst.checked; will recheck C:\build\agent1\_work\1\s\ulib\FStar.Tactics.Result.fst and all subsequent files
Split.fst(0,0-0,0): (Warning 247) Split.fst.checked was not written, since some of its dependences were not also checked
C:/build/agent1/_work/1/s/ulib/FStar.BitVector.fst(0,0-0,0): (Warning 241) Absent cache file _cache\FStar.BitVector.fst.checked; will recheck C:/build/agent1/_work/1/s/ulib/FStar.BitVector.fst and all subsequent files
Ex12b1.Format.fst(97,4-97,18): (Warning 240) Admitting Ex12b1.Format.resp_injective without a definition
Ex12b1.Format.fst(91,4-91,17): (Warning 240) Admitting Ex12b1.Format.req_injective without a definition
Ex12b1.Format.fst(85,4-85,21): (Warning 240) Admitting Ex12b1.Format.req_resp_distinct without a definition
C:/build/agent1/_work/1/s/ulib/FStar.List.fst(0,0-0,0): (Warning 241) Absent cache file _cache\FStar.List.fst.checked; will recheck C:/build/agent1/_work/1/s/ulib/FStar.List.fst and all subsequent files
MAC.fst(45,0-45,53): (Warning 272) Top-level let-bindings must be total; this term may have effects
CntProtocol.fst(12,0-12,53): (Warning 272) Top-level let-bindings must be total; this term may have effects
CntProtocol.fst(12,0-12,53): (Warning 272) Top-level let-bindings must be total; this term may have effects
CntProtocol.fst(27,0-27,26): (Warning 272) Top-level let-bindings must be total; this term may have effects
CntProtocol.fst(27,0-27,26): (Warning 272) Top-level let-bindings must be total; this term may have effects
CntProtocol.fst(30,0-30,54): (Warning 272) Top-level let-bindings must be total; this term may have effects
CntProtocol.fst(30,0-30,54): (Warning 272) Top-level let-bindings must be total; this term may have effects
CntProtocol.fst(33,0-33,54): (Warning 272) Top-level let-bindings must be total; this term may have effects
CntProtocol.fst(33,0-33,54): (Warning 272) Top-level let-bindings must be total; this term may have effects
CntProtocol.fst(97,0-97,39): (Warning 272) Top-level let-bindings must be total; this term may have effects
CntProtocol.fst(97,0-97,39): (Warning 272) Top-level let-bindings must be total; this term may have effects
CntProtocol.fst(124,0-124,18): (Warning 272) Top-level let-bindings must be total; this term may have effects
CntProtocol.fst(124,0-124,18): (Warning 272) Top-level let-bindings must be total; this term may have effects
CntProtocol.fst(162,5-162,11): (Warning 252) (Hint-replay failed): assertion failed (see also CntProtocol.fst(162,11-162,23))
CntProtocol.fst(162,5-162,11): (Warning 252) assertion failed (see also CntProtocol.fst(162,11-162,23))
CntProtocol.fst(168,0-184,5): (Warning 272) Top-level let-bindings must be total; this term may have effects
CntProtocol.fst(168,0-184,5): (Warning 272) Top-level let-bindings must be total; this term may have effects
FStar.OrdMap.fst(0,0-0,0): (Warning 241) Absent cache file FStar.OrdMap.fst.checked; will recheck FStar.OrdMap.fst and all subsequent files
FStar.OrdSetProps.fst(0,0-0,0): (Warning 241) Absent cache file FStar.OrdSetProps.fst.checked; will recheck FStar.OrdSetProps.fst and all subsequent files
EtM.CPA.fst(201,7-201,13): (Warning 252) (Hint-replay failed): assertion failed (see also EtM.CPA.fst(29,22-29,42))
EtM.CPA.fst(201,7-201,13): (Warning 252) assertion failed (see also EtM.CPA.fst(29,22-29,42))
EtM.CPA.fst(201,7-201,13): (Warning 252) assertion failed (see also EtM.CPA.fst(29,22-29,42))
EtM.CPA.fst(201,7-201,13): (Warning 252) assertion failed (see also EtM.CPA.fst(29,22-29,42))
EtM.CPA.fst(201,7-201,13): (Warning 252) assertion failed (see also EtM.CPA.fst(29,22-29,42))
EtM.CPA.fst(201,7-201,13): (Error 19) assertion failed (see also EtM.CPA.fst(29,22-29,42))
Verified module: EtM.CPA (8459 milliseconds)
1 error was reported (see above)
make[2]: *** [Makefile:61: verify_hh-EtM.CPA.fst] Error 1
FStar.Tactics.Effect.fst(0,0-0,0): (Warning 241) Absent cache file FStar.Tactics.Effect.fst.checked; will recheck FStar.Tactics.Effect.fst and all subsequent files
IfcDelimitedRelease.fst(116,4-116,19): (Warning 252) (Hint-replay failed): could not prove post-condition (see also IfcDelimitedRelease.fst(106,6-114,15))
IfcDelimitedRelease.fst(116,4-116,19): (Warning 252) could not prove post-condition (see also IfcDelimitedRelease.fst(106,6-114,15))
IfcDelimitedRelease.fst(116,4-116,19): (Warning 252) could not prove post-condition (see also IfcDelimitedRelease.fst(106,6-114,15))
IfcDelimitedRelease.fst(116,4-116,19): (Warning 252) could not prove post-condition (see also IfcDelimitedRelease.fst(106,6-114,15))
IfcDelimitedRelease.fst(165,4-165,17): (Warning 252) (Hint-replay failed): could not prove post-condition (see also IfcDelimitedRelease.fst(157,5-164,13))
IfcDelimitedRelease.fst(165,4-165,17): (Warning 252) could not prove post-condition (see also IfcDelimitedRelease.fst(157,5-164,13))
IfcDelimitedRelease.fst(165,4-165,17): (Warning 252) could not prove post-condition (see also IfcDelimitedRelease.fst(157,5-164,13))
IfcDelimitedRelease.fst(177,37-177,38): (Warning 252) (Hint-replay failed): Subtyping check failed; expected type h:
(h: FStar.Monotonic.Heap.heap{IfcDelimitedRelease.refs_invariant [n; x_h; k; x_l] h})
{ %[ FStar.Monotonic.Heap.sel h (FStar.List.Tot.Base.hd [n; x_h; k; x_l]) ] <<
%[ FStar.Monotonic.Heap.sel h (FStar.List.Tot.Base.hd _) ] }; got type FStar.Monotonic.Heap.heap (see also IfcDelimitedRelease.fst(171,2-177,38))
IfcDelimitedRelease.fst(175,31-175,32): (Warning 252) Subtyping check failed; expected type h: FStar.Monotonic.Heap.heap{IfcDelimitedRelease.refs_invariant [x_h; k; x_l] h}; got type FStar.Monotonic.Heap.heap (see also IfcDelimitedRelease.fst(24,71-24,90))
IfcDelimitedRelease.fst(175,31-175,32): (Warning 252) Subtyping check failed; expected type h: FStar.Monotonic.Heap.heap{IfcDelimitedRelease.refs_invariant [x_h; k; x_l] h}; got type FStar.Monotonic.Heap.heap (see also IfcDelimitedRelease.fst(24,71-24,90))
IfcDelimitedRelease.fst(177,37-177,38): (Warning 252) Subtyping check failed; expected type h:
(h: FStar.Monotonic.Heap.heap{IfcDelimitedRelease.refs_invariant [n; x_h; k; x_l] h})
{ %[ FStar.Monotonic.Heap.sel h (FStar.List.Tot.Base.hd [n; x_h; k; x_l]) ] <<
%[ FStar.Monotonic.Heap.sel h (FStar.List.Tot.Base.hd _) ] }; got type FStar.Monotonic.Heap.heap (see also IfcDelimitedRelease.fst(169,76-169,95))
IfcDelimitedRelease.fst(177,37-177,38): (Warning 252) (Hint-replay failed): Subtyping check failed; expected type h:
(h: FStar.Monotonic.Heap.heap{IfcDelimitedRelease.refs_invariant [n; x_h; k; x_l] h})
{ %[ FStar.Monotonic.Heap.sel h (FStar.List.Tot.Base.hd [n; x_h; k; x_l]) ] <<
%[ FStar.Monotonic.Heap.sel h (FStar.List.Tot.Base.hd _) ] }; got type FStar.Monotonic.Heap.heap (see also IfcDelimitedRelease.fst(171,2-177,38))
IfcDelimitedRelease.fst(175,31-175,32): (Warning 252) Subtyping check failed; expected type h: FStar.Monotonic.Heap.heap{IfcDelimitedRelease.refs_invariant [x_h; k; x_l] h}; got type FStar.Monotonic.Heap.heap (see also IfcDelimitedRelease.fst(24,71-24,90))
IfcDelimitedRelease.fst(175,31-175,32): (Warning 252) Subtyping check failed; expected type h: FStar.Monotonic.Heap.heap{IfcDelimitedRelease.refs_invariant [x_h; k; x_l] h}; got type FStar.Monotonic.Heap.heap (see also IfcDelimitedRelease.fst(24,71-24,90))
IfcDelimitedRelease.fst(177,37-177,38): (Warning 252) Subtyping check failed; expected type h:
(h: FStar.Monotonic.Heap.heap{IfcDelimitedRelease.refs_invariant [n; x_h; k; x_l] h})
{ %[ FStar.Monotonic.Heap.sel h (FStar.List.Tot.Base.hd [n; x_h; k; x_l]) ] <<
%[ FStar.Monotonic.Heap.sel h (FStar.List.Tot.Base.hd _) ] }; got type FStar.Monotonic.Heap.heap (see also IfcDelimitedRelease.fst(169,76-169,95))
Ex12.MAC.fst(60,0-63,4): (Warning 272) Top-level let-bindings must be total; this term may have effects
Ex12.MAC.fst(197,0-197,33): (Warning 272) Top-level let-bindings must be total; this term may have effects
Ex12.MAC.fst(60,0-63,4): (Warning 272) Top-level let-bindings must be total; this term may have effects
Ex12.MAC.fst(197,0-197,33): (Warning 272) Top-level let-bindings must be total; this term may have effects
Ex12a.ACLs.fst(59,0-59,48): (Warning 272) Top-level let-bindings must be total; this term may have effects
Ex12a2.Cap.fst(21,0-21,31): (Warning 272) Top-level let-bindings must be total; this term may have effects
Ex12a2.Cap.fst(21,0-21,31): (Warning 272) Top-level let-bindings must be total; this term may have effects
Ex12a2.Cap.fst(35,9-35,22): (Warning 252) (Hint-replay failed): assertion failed (see also Ex12.MAC.fst(172,64-172,76))
Ex12a2.Cap.fst(35,9-35,22): (Warning 252) assertion failed (see also Ex12.MAC.fst(172,64-172,76))
Ex12a2.Cap.fst(35,9-35,22): (Warning 252) assertion failed (see also Ex12.MAC.fst(172,64-172,76))
Ex12a2.Cap.fst(35,9-35,22): (Warning 252) assertion failed (see also Ex12.MAC.fst(172,64-172,76))
Ex12a2.Cap.fst(35,9-35,22): (Warning 252) assertion failed (see also Ex12.MAC.fst(172,64-172,76))
Ex12a2.Cap.fst(43,0-43,33): (Warning 272) Top-level let-bindings must be total; this term may have effects
Ex12a2.Cap.fst(43,0-43,33): (Warning 272) Top-level let-bindings must be total; this term may have effects
Ex12a2.Cap.fst(58,9-58,22): (Warning 252) (Hint-replay failed): assertion failed (see also Ex12.MAC.fst(172,64-172,76))
Ex12a2.Cap.fst(58,9-58,22): (Warning 252) assertion failed (see also Ex12.MAC.fst(172,64-172,76))
Ex12a2.Cap.fst(58,9-58,22): (Warning 252) assertion failed (see also Ex12.MAC.fst(172,64-172,76))
Ex12a2.Cap.fst(58,9-58,22): (Warning 252) assertion failed (see also Ex12.MAC.fst(172,64-172,76))
Ex12a2.Cap.fst(58,9-58,22): (Warning 252) assertion failed (see also Ex12.MAC.fst(172,64-172,76))
Ex12a2.Cap.fst(21,0-21,31): (Warning 272) Top-level let-bindings must be total; this term may have effects
Ex12a2.Cap.fst(21,0-21,31): (Warning 272) Top-level let-bindings must be total; this term may have effects
Ex12a2.Cap.fst(43,0-43,33): (Warning 272) Top-level let-bindings must be total; this term may have effects
Ex12a2.Cap.fst(43,0-43,33): (Warning 272) Top-level let-bindings must be total; this term may have effects
Ex12a2.Cap.fst(35,9-35,22): (Error 19) assertion failed (see also Ex12.MAC.fst(172,64-172,76))
Ex12a2.Cap.fst(58,9-58,22): (Error 19) assertion failed (see also Ex12.MAC.fst(172,64-172,76))
Verified i'face (or impl+i'face): Ex12a2.Cap (9082 milliseconds)
2 errors were reported (see above)
make[2]: *** [Makefile:47: verify-Ex12a2.Cap.fst] Error 1
FStar.Relational.Relational.fst(0,0-0,0): (Warning 241) Absent cache file FStar.Relational.Relational.fst.checked; will recheck FStar.Relational.Relational.fst and all subsequent files
FStar.TwoLevelHeap.fst(0,0-0,0): (Warning 241) Absent cache file FStar.TwoLevelHeap.fst.checked; will recheck FStar.TwoLevelHeap.fst and all subsequent files
Ex12b1.Format.fst(95,4-95,18): (Warning 240) Admitting Ex12b1.Format.resp_injective without a definition
Ex12b1.Format.fst(89,4-89,17): (Warning 240) Admitting Ex12b1.Format.req_injective without a definition
Ex12b1.Format.fst(83,4-83,21): (Warning 240) Admitting Ex12b1.Format.req_resp_distinct without a definition
FStar.ST.fst(0,0-0,0): (Warning 241) Absent cache file FStar.ST.fst.checked; will recheck FStar.ST.fst and all subsequent files
C:\build\agent1\_work\1\s\ulib\FStar.Tactics.Effect.fst(0,0-0,0): (Warning 241) Absent cache file C:\build\agent1\_work\1\s\ulib\FStar.Tactics.Effect.fst.checked; will recheck C:\build\agent1\_work\1\s\ulib\FStar.Tactics.Effect.fst and all subsequent files
UnitTests.fst(0,0-0,0): (Warning 247) UnitTests.fst.checked was not written, since some of its dependences were not also checked
Mac.fst(70,0-70,53): (Warning 272) Top-level let-bindings must be total; this term may have effects
Mac.fst(70,0-70,53): (Warning 272) Top-level let-bindings must be total; this term may have effects
Mac.fst(70,0-70,53): (Warning 272) Top-level let-bindings must be total; this term may have effects
Mac.fst(70,0-70,53): (Warning 272) Top-level let-bindings must be total; this term may have effects
C:/build/agent1/_work/1/s/ulib/FStar.Seq.Properties.fst(0,0-0,0): (Warning 241) Absent cache file C:/build/agent1/_work/1/s/ulib/FStar.Seq.Properties.fst.checked; will recheck C:/build/agent1/_work/1/s/ulib/FStar.Seq.Properties.fst and all subsequent files
C:/build/agent1/_work/1/s/ulib/FStar.Seq.Properties.fst(471,4-471,18): (Warning 252) (Hint-replay failed): could not prove post-condition (see also C:/build/agent1/_work/1/s/ulib/FStar.Seq.Properties.fst(470,20-470,28))
C:\build\agent1\_work\1\s\ulib\FStar.Seq.Properties.fst(0,0-0,0): (Warning 241) Absent cache file C:\build\agent1\_work\1\s\ulib\FStar.Seq.Properties.fst.checked; will recheck C:\build\agent1\_work\1\s\ulib\FStar.Seq.Properties.fst and all subsequent files
BV.fst(0,0-0,0): (Warning 247) BV.fst.checked was not written, since some of its dependences were not also checked
Simple.fst(0,0-0,0): (Warning 241) Absent cache file Simple.fst.checked; will recheck Simple.fst and all subsequent files
HyE.CCA2.fst(46,2-46,14): (Warning 271) Pattern ((ite (= (BoundV 0) (BoxBool (true ))) (BoundV 3) (HyE.PlainPKE.repr (BoundV 4)))) contains illegal symbols; dropping it (see also C:\build\agent1\_work\1\s\ulib\FStar.Monotonic.Seq.fst(72,20-72,61))
MAC.fst(45,0-45,53): (Warning 272) Top-level let-bindings must be total; this term may have effects
RPC.fst(9,0-9,53): (Warning 272) Top-level let-bindings must be total; this term may have effects
RPC.fst(23,0-23,39): (Warning 272) Top-level let-bindings must be total; this term may have effects
RPC.fst(48,0-49,16): (Warning 272) Top-level let-bindings must be total; this term may have effects
RPC.fst(116,0-116,17): (Warning 272) Top-level let-bindings must be total; this term may have effects
C:/build/agent1/_work/1/s/ulib/FStar.Seq.Properties.fst(0,0-0,0): (Warning 241) Absent cache file _cache\FStar.Seq.Properties.fst.checked; will recheck C:/build/agent1/_work/1/s/ulib/FStar.Seq.Properties.fst and all subsequent files
C:/build/agent1/_work/1/s/ulib/FStar.Seq.Properties.fst(471,4-471,18): (Warning 252) (Hint-replay failed): could not prove post-condition (see also C:/build/agent1/_work/1/s/ulib/FStar.Seq.Properties.fst(470,20-470,28))
C:/build/agent1/_work/1/s/ulib/FStar.Seq.fst(0,0-0,0): (Warning 241) Absent cache file _cache\FStar.Seq.fst.checked; will recheck C:/build/agent1/_work/1/s/ulib/FStar.Seq.fst and all subsequent files
C:/build/agent1/_work/1/s/ulib/FStar.OrdMapProps.fst(0,0-0,0): (Warning 241) Absent cache file _cache\FStar.OrdMapProps.fst.checked; will recheck C:/build/agent1/_work/1/s/ulib/FStar.OrdMapProps.fst and all subsequent files
C:/build/agent1/_work/1/s/ulib/FStar.MRef.fst(0,0-0,0): (Warning 241) Absent cache file _cache\FStar.MRef.fst.checked; will recheck C:/build/agent1/_work/1/s/ulib/FStar.MRef.fst and all subsequent files
C:/build/agent1/_work/1/s/ulib/FStar.Matrix2.fsti(0,0-0,0): (Warning 241) Absent cache file _cache\FStar.Matrix2.fsti.checked; will recheck C:/build/agent1/_work/1/s/ulib/FStar.Matrix2.fsti and all subsequent files
C:/build/agent1/_work/1/s/ulib/FStar.Ref.fst(0,0-0,0): (Warning 241) Absent cache file _cache\FStar.Ref.fst.checked; will recheck C:/build/agent1/_work/1/s/ulib/FStar.Ref.fst and all subsequent files
Parse.fst(44,0-44,63): (Warning 272) Top-level let-bindings must be total; this term may have effects
Parse.fst(46,0-47,25): (Warning 272) Top-level let-bindings must be total; this term may have effects
PSK.fst(61,8-61,57): (Warning 272) Top-level let-bindings must be total; this term may have effects
PSK.fst(62,8-63,74): (Warning 272) Top-level let-bindings must be total; this term may have effects
Nonce.fst(47,0-48,55): (Warning 272) Top-level let-bindings must be total; this term may have effects
Nonce.fst(133,0-133,40): (Warning 272) Top-level let-bindings must be total; this term may have effects
TLSInfo.fst(505,0-505,50): (Warning 272) Top-level let-bindings must be total; this term may have effects
TLSInfo.fst(509,0-512,10): (Warning 272) Top-level let-bindings must be total; this term may have effects
C:/build/agent1/_work/1/s/ulib/FStar.All.fst(0,0-0,0): (Warning 241) Absent cache file _cache\FStar.All.fst.checked; will recheck C:/build/agent1/_work/1/s/ulib/FStar.All.fst and all subsequent files
C:\build\agent1\_work\1\s\ulib\FStar.Tactics.Util.fst(0,0-0,0): (Warning 241) Absent cache file C:\build\agent1\_work\1\s\ulib\FStar.Tactics.Util.fst.checked; will recheck C:\build\agent1\_work\1\s\ulib\FStar.Tactics.Util.fst and all subsequent files
Bane.fst(0,0-0,0): (Warning 247) Bane.fst.checked was not written, since some of its dependences were not also checked
C:/build/agent1/_work/1/s/ulib/FStar.Fin.fst(0,0-0,0): (Warning 241) Absent cache file _cache\FStar.Fin.fst.checked; will recheck C:/build/agent1/_work/1/s/ulib/FStar.Fin.fst and all subsequent files
prims.fst(238,30-238,42): (Warning 252) (Hint-replay failed): assertion failed (see also prims.fst(210,68-210,80))
C:/build/agent1/_work/1/s/ulib/FStar.Fin.fst(33,41-33,68): (Warning 252) (Hint-replay failed): could not prove post-condition
prims.fst(238,30-238,42): (Warning 252) (Hint-replay failed): assertion failed (see also prims.fst(210,68-210,80))
C:/build/agent1/_work/1/s/ulib/FStar.Fin.fst(33,41-33,68): (Warning 252) (Hint-replay failed): could not prove post-condition
C:/build/agent1/_work/1/s/ulib/FStar.Monotonic.HyperStack.fst(0,0-0,0): (Warning 241) Absent cache file C:/build/agent1/_work/1/s/ulib/FStar.Monotonic.HyperStack.fst.checked; will recheck C:/build/agent1/_work/1/s/ulib/FStar.Monotonic.HyperStack.fst and all subsequent files
C:/build/agent1/_work/1/s/ulib/FStar.Monotonic.HyperStack.fst(345,4-345,33): (Warning 252) (Hint-replay failed): assertion failed (see also C:/build/agent1/_work/1/s/ulib/FStar.Monotonic.HyperStack.fst(39,12-42,66))
C:/build/agent1/_work/1/s/ulib/FStar.Monotonic.HyperStack.fst(345,4-345,33): (Warning 252) (Hint-replay failed): assertion failed (see also C:/build/agent1/_work/1/s/ulib/FStar.Monotonic.HyperStack.fst(39,12-42,66))
C:/build/agent1/_work/1/s/ulib/FStar.Seq.fst(0,0-0,0): (Warning 241) Absent cache file C:/build/agent1/_work/1/s/ulib/FStar.Seq.fst.checked; will recheck C:/build/agent1/_work/1/s/ulib/FStar.Seq.fst and all subsequent files
MetaCoq.fst(0,0-0,0): (Warning 241) Absent cache file _cache\MetaCoq.fst.checked; will recheck MetaCoq.fst and all subsequent files
C:/build/agent1/_work/1/s/ulib/FStar.HyperStack.fst(0,0-0,0): (Warning 241) Absent cache file C:/build/agent1/_work/1/s/ulib/FStar.HyperStack.fst.checked; will recheck C:/build/agent1/_work/1/s/ulib/FStar.HyperStack.fst and all subsequent files
Ex12.MAC.fst(60,0-63,4): (Warning 272) Top-level let-bindings must be total; this term may have effects
Ex12.MAC.fst(197,0-197,33): (Warning 272) Top-level let-bindings must be total; this term may have effects
Ex12.MAC.fst(60,0-63,4): (Warning 272) Top-level let-bindings must be total; this term may have effects
Ex12.MAC.fst(197,0-197,33): (Warning 272) Top-level let-bindings must be total; this term may have effects
Ex12b.RPC.fst(15,0-15,53): (Warning 272) Top-level let-bindings must be total; this term may have effects
Ex12b.RPC.fst(15,0-15,53): (Warning 272) Top-level let-bindings must be total; this term may have effects
Ex12b.RPC.fst(27,0-27,36): (Warning 272) Top-level let-bindings must be total; this term may have effects
Ex12b.RPC.fst(27,0-27,36): (Warning 272) Top-level let-bindings must be total; this term may have effects
Ex12b.RPC.fst(56,8-56,57): (Warning 272) Top-level let-bindings must be total; this term may have effects
Ex12b.RPC.fst(56,8-56,57): (Warning 272) Top-level let-bindings must be total; this term may have effects
Ex12b.RPC.fst(85,0-86,16): (Warning 272) Top-level let-bindings must be total; this term may have effects
Ex12b.RPC.fst(85,0-86,16): (Warning 272) Top-level let-bindings must be total; this term may have effects
Ex12b.RPC.fst(112,8-112,21): (Warning 252) (Hint-replay failed): assertion failed (see also Ex12.MAC.fst(172,64-172,76))
Ex12b.RPC.fst(112,8-112,21): (Warning 252) assertion failed (see also Ex12.MAC.fst(172,64-172,76))
Ex12b.RPC.fst(112,8-112,21): (Warning 252) assertion failed (see also Ex12.MAC.fst(172,64-172,76))
Ex12b.RPC.fst(112,8-112,21): (Warning 252) assertion failed (see also Ex12.MAC.fst(172,64-172,76))
Ex12b.RPC.fst(112,8-112,21): (Warning 252) assertion failed (see also Ex12.MAC.fst(172,64-172,76))
Ex12b.RPC.fst(138,12-138,25): (Warning 252) (Hint-replay failed): assertion failed (see also Ex12.MAC.fst(172,64-172,76))
Ex12b.RPC.fst(138,12-138,25): (Warning 252) assertion failed (see also Ex12.MAC.fst(172,64-172,76))
Ex12b.RPC.fst(138,12-138,25): (Warning 252) assertion failed (see also Ex12.MAC.fst(172,64-172,76))
Ex12b.RPC.fst(138,12-138,25): (Warning 252) assertion failed (see also Ex12.MAC.fst(172,64-172,76))
Ex12b.RPC.fst(138,12-138,25): (Warning 252) assertion failed (see also Ex12.MAC.fst(172,64-172,76))
Ex12b.RPC.fst(166,0-166,17): (Warning 272) Top-level let-bindings must be total; this term may have effects
Ex12b.RPC.fst(166,0-166,17): (Warning 272) Top-level let-bindings must be total; this term may have effects
Ex12b.RPC.fst(27,0-27,36): (Warning 272) Top-level let-bindings must be total; this term may have effects
Ex12b.RPC.fst(27,0-27,36): (Warning 272) Top-level let-bindings must be total; this term may have effects
Ex12b.RPC.fst(56,8-56,57): (Warning 272) Top-level let-bindings must be total; this term may have effects
Ex12b.RPC.fst(56,8-56,57): (Warning 272) Top-level let-bindings must be total; this term may have effects
Ex12b.RPC.fst(85,0-86,16): (Warning 272) Top-level let-bindings must be total; this term may have effects
Ex12b.RPC.fst(85,0-86,16): (Warning 272) Top-level let-bindings must be total; this term may have effects
Ex12b.RPC.fst(112,8-112,21): (Error 19) assertion failed (see also Ex12.MAC.fst(172,64-172,76))
Ex12b.RPC.fst(138,12-138,25): (Error 19) assertion failed (see also Ex12.MAC.fst(172,64-172,76))
Verified i'face (or impl+i'face): Ex12b.RPC (18416 milliseconds)
2 errors were reported (see above)
make[2]: *** [Makefile:47: verify-Ex12b.RPC.fst] Error 1
MAC.fst(45,0-45,53): (Warning 272) Top-level let-bindings must be total; this term may have effects
CntProtocol.fst(12,0-12,53): (Warning 272) Top-level let-bindings must be total; this term may have effects
CntProtocol.fst(27,0-27,26): (Warning 272) Top-level let-bindings must be total; this term may have effects
CntProtocol.fst(30,0-30,54): (Warning 272) Top-level let-bindings must be total; this term may have effects
CntProtocol.fst(33,0-33,54): (Warning 272) Top-level let-bindings must be total; this term may have effects
CntProtocol.fst(97,0-97,39): (Warning 272) Top-level let-bindings must be total; this term may have effects
CntProtocol.fst(124,0-124,18): (Warning 272) Top-level let-bindings must be total; this term may have effects
CntProtocol.fst(168,0-184,5): (Warning 272) Top-level let-bindings must be total; this term may have effects
make[2]: Target 'all' not remade because of errors.
make[1]: *** [Makefile:39: crypto.all] Error 2
C:\build\agent1\_work\1\s\ulib\FStar.Tactics.Util.fst(0,0-0,0): (Warning 241) Absent cache file C:\build\agent1\_work\1\s\ulib\FStar.Tactics.Util.fst.checked; will recheck C:\build\agent1\_work\1\s\ulib\FStar.Tactics.Util.fst and all subsequent files
Canon.fst(0,0-0,0): (Warning 247) Canon.fst.checked was not written, since some of its dependences were not also checked
C:/build/agent1/_work/1/s/ulib/FStar.Monotonic.HyperStack.fst(0,0-0,0): (Warning 241) Absent cache file _cache\FStar.Monotonic.HyperStack.fst.checked; will recheck C:/build/agent1/_work/1/s/ulib/FStar.Monotonic.HyperStack.fst and all subsequent files
C:/build/agent1/_work/1/s/ulib/FStar.Monotonic.HyperStack.fst(345,4-345,33): (Warning 252) (Hint-replay failed): assertion failed (see also C:/build/agent1/_work/1/s/ulib/FStar.Monotonic.HyperStack.fst(39,12-42,66))
C:/build/agent1/_work/1/s/ulib/FStar.Monotonic.HyperStack.fst(345,4-345,33): (Warning 252) (Hint-replay failed): assertion failed (see also C:/build/agent1/_work/1/s/ulib/FStar.Monotonic.HyperStack.fst(39,12-42,66))
X64.Poly1305.Math_i.fst(150,4-153,48): (Warning 296) Tactics admitted goal <(n: Prims.int), (p: Prims.pos), (h: Prims.nat), (h2: Prims.nat), (h10: Prims.int), (c: Prims.int), (hh: Prims.int), (p: Prims.pure_post Prims.unit), (_:
Prims.squash (n * n > 0 /\ h2 >= 0 /\ 4 * (n * n) == p + 5 /\ h2 == h / (n * n) /\
h10 == h % (n * n) /\ c == h2 / 4 + (h2 / 4) * 4 /\ hh == h10 + c + (h2 % 4) * (n * n) /\
(forall (pure_result: Prims.unit). h % p == hh % p ==> p pure_result))), (return_val: Prims.pos), (_: Prims.squash (return_val == n * n)), (pure_result: Prims.unit), (_: Prims.squash (h = (n * n) * (h / (n * n)) + h % (n * n))), (pure_result: Prims.unit), (_: Prims.squash (h == (n * n) * h2 + h10)), (return_val: Prims.pos), (_: Prims.squash (return_val == n * n)), (pure_result: Prims.unit), (_:
Prims.squash ((n * n) * h2 + h10 =
(n * n) * (((n * n) * h2 + h10) / (n * n)) + ((n * n) * h2 + h10) % (n * n))), (any_result: (_: Prims.unit -> Prims.Tot Prims.unit)), (_:
Prims.squash (Calc.using (FStar.Math.Lemmas.lemma_div_mod ((n * n) * h2 + h10) (n * n)) ==
any_result)), (return_val: (_: Prims.unit -> Prims.Lemma Prims.unit)), (_: Prims.squash (return_val == Calc.using (FStar.Math.Lemmas.lemma_div_mod h (n * n)))), (_:
Prims.squash (Calc.using (FStar.Math.Lemmas.lemma_div_mod ((n * n) * h2 + h10) (n * n)) ==
Calc.using (FStar.Math.Lemmas.lemma_div_mod h (n * n)))), (any_result:
x:
Prims.int
{ (n * n) * h2 + h10 == (n * n) * h2 + h10 /\
(x == (n * n) * h2 + h10) /\ ((n * n) * h2 + h10 == (n * n) * h2 + h10) }), (_:
Prims.squash (((n * n) * h2 + h10 &= (n * n) * h2 + h10 &|
Calc.using (FStar.Math.Lemmas.lemma_div_mod ((n * n) * h2 + h10) (n * n))) ==
any_result)), (any_result: (_: Prims.unit -> Prims.Pure Prims.int)), (_:
Prims.squash (((n * n) * h2 + h10 &= (n * n) * h2 + h10 &|
Calc.using (FStar.Math.Lemmas.lemma_div_mod ((n * n) * h2 + h10) (n * n)) &=
(n * n) * ((h2 / 4) * 4 + h2 % 4) + h10) ==
any_result)), (return_val: (_: Prims.unit -> Prims.Lemma Prims.unit)), (_: Prims.squash (return_val == Calc.using Calc.z3)), (any_result:
x:
Prims.int
{ (n * n) * h2 + h10 == (n * n) * ((h2 / 4) * 4 + h2 % 4) + h10 /\
(x == (n * n) * ((h2 / 4) * 4 + h2 % 4) + h10) /\
((n * n) * h2 + h10 == (n * n) * ((h2 / 4) * 4 + h2 % 4) + h10) }), (_:
Prims.squash (((n * n) * h2 + h10 &= (n * n) * h2 + h10 &|
Calc.using (FStar.Math.Lemmas.lemma_div_mod ((n * n) * h2 + h10) (n * n)) &=
(n * n) * ((h2 / 4) * 4 + h2 % 4) + h10 &|
Calc.using Calc.z3) ==
any_result)), (any_result: (_: Prims.unit -> Prims.Pure Prims.int)), (_:
Prims.squash (((n * n) * h2 + h10 &= (n * n) * h2 + h10 &|
Calc.using (FStar.Math.Lemmas.lemma_div_mod ((n * n) * h2 + h10) (n * n)) &=
(n * n) * ((h2 / 4) * 4 + h2 % 4) + h10 &|
Calc.using Calc.z3 &=
h10 + (h2 % 4) * (n * n) + (h2 / 4) * (p + 5)) ==
any_result)) |- (*?u7094*)
_ n p ((n * n) * h2 + h10) h2 h10 c hh p _ (n * n) _ pure_result _ pure_result _ (n * n) _
pure_result _ any_result _ (fun _ -> FStar.Math.Lemmas.lemma_div_mod h (n * n)) _ _ any_result _
any_result _ (fun _ -> Calc.z3) _ any_result _ any_result _ : Prims.squash ((n * n) * ((h2 / 4) * 4 + h2 % 4) + h10 ==
h10 + (h2 % 4) * (n * n) + (h2 / 4) * (p + 5))>

(see also Calc.fst(27,62-27,74))
C:/build/agent1/_work/1/s/ulib/FStar.Reader.fst(0,0-0,0): (Warning 241) Absent cache file _cache\FStar.Reader.fst.checked; will recheck C:/build/agent1/_work/1/s/ulib/FStar.Reader.fst and all subsequent files
FStar.Seq.Properties.fst(0,0-0,0): (Warning 241) Absent cache file FStar.Seq.Properties.fst.checked; will recheck FStar.Seq.Properties.fst and all subsequent files
FStar.Seq.Properties.fst(471,4-471,18): (Warning 252) (Hint-replay failed): could not prove post-condition (see also FStar.Seq.Properties.fst(470,20-470,28))
Serializing.fst(92,2-92,7): (Warning 252) (Hint-replay failed): assertion failed (see also Serializing.fst(94,23-94,59))
Serializing.fst(92,2-92,7): (Warning 252) (Hint-replay failed): assertion failed (see also Serializing.fst(94,23-94,59))
C:/build/agent1/_work/1/s/ulib/FStar.Option.fst(0,0-0,0): (Warning 241) Absent cache file _cache\FStar.Option.fst.checked; will recheck C:/build/agent1/_work/1/s/ulib/FStar.Option.fst and all subsequent files
C:/build/agent1/_work/1/s/ulib/FStar.IO.fst(0,0-0,0): (Warning 241) Absent cache file _cache\FStar.IO.fst.checked; will recheck C:/build/agent1/_work/1/s/ulib/FStar.IO.fst and all subsequent files
C:/build/agent1/_work/1/s/ulib/FStar.BitVector.fst(0,0-0,0): (Warning 241) Absent cache file _cache\FStar.BitVector.fst.checked; will recheck C:/build/agent1/_work/1/s/ulib/FStar.BitVector.fst and all subsequent files
FStar.MRef.fst(0,0-0,0): (Warning 241) Absent cache file FStar.MRef.fst.checked; will recheck FStar.MRef.fst and all subsequent files
FStar.OrdMapProps.fst(0,0-0,0): (Warning 241) Absent cache file FStar.OrdMapProps.fst.checked; will recheck FStar.OrdMapProps.fst and all subsequent files
FStar.Reader.fst(0,0-0,0): (Warning 241) Absent cache file FStar.Reader.fst.checked; will recheck FStar.Reader.fst and all subsequent files
C:/build/agent1/_work/1/s/ulib/FStar.List.fst(0,0-0,0): (Warning 241) Absent cache file _cache\FStar.List.fst.checked; will recheck C:/build/agent1/_work/1/s/ulib/FStar.List.fst and all subsequent files
C:/build/agent1/_work/1/s/kremlin/kremlib/Spec.Loops.fst(0,0-0,0): (Warning 241) Absent cache file _cache\Spec.Loops.fst.checked; will recheck C:/build/agent1/_work/1/s/kremlin/kremlib/Spec.Loops.fst and all subsequent files
Unable to open hints file: C:\build\agent1\_work\1\s\kremlin\kremlib\Spec.Loops.fst.hints; ran without hints
C:/build/agent1/_work/1/s/ulib/FStar.BitVector.fst(0,0-0,0): (Warning 241) Absent cache file C:/build/agent1/_work/1/s/ulib/FStar.BitVector.fst.checked; will recheck C:/build/agent1/_work/1/s/ulib/FStar.BitVector.fst and all subsequent files
FStar.Tactics.Util.fst(0,0-0,0): (Warning 241) Absent cache file FStar.Tactics.Util.fst.checked; will recheck FStar.Tactics.Util.fst and all subsequent files
FStar.Tactics.Builtins.fst(0,0-0,0): (Warning 241) Absent cache file FStar.Tactics.Builtins.fst.checked; will recheck FStar.Tactics.Builtins.fst and all subsequent files
FStar.All.fst(0,0-0,0): (Warning 241) Absent cache file FStar.All.fst.checked; will recheck FStar.All.fst and all subsequent files
C:/build/agent1/_work/1/s/ulib/FStar.UInt.fst(0,0-0,0): (Warning 241) Absent cache file _cache\FStar.UInt.fst.checked; will recheck C:/build/agent1/_work/1/s/ulib/FStar.UInt.fst and all subsequent files
FStar.Ref.fst(0,0-0,0): (Warning 241) Absent cache file FStar.Ref.fst.checked; will recheck FStar.Ref.fst and all subsequent files
C:\build\agent1\_work\1\s\ulib\FStar.Tactics.Util.fst(0,0-0,0): (Warning 241) Absent cache file C:\build\agent1\_work\1\s\ulib\FStar.Tactics.Util.fst.checked; will recheck C:\build\agent1\_work\1\s\ulib\FStar.Tactics.Util.fst and all subsequent files
SimpleTactic.fst(0,0-0,0): (Warning 247) SimpleTactic.fst.checked was not written, since some of its dependences were not also checked
FStar.Seq.fst(0,0-0,0): (Warning 241) Stale cache file FStar.Seq.fst.checked; will recheck FStar.Seq.fst and all subsequent files
C:/build/agent1/_work/1/s/ulib/FStar.Array.fst(0,0-0,0): (Warning 241) Absent cache file _cache\FStar.Array.fst.checked; will recheck C:/build/agent1/_work/1/s/ulib/FStar.Array.fst and all subsequent files
FStar.IO.fst(0,0-0,0): (Warning 241) Absent cache file FStar.IO.fst.checked; will recheck FStar.IO.fst and all subsequent files
C:\build\agent1\_work\1\s\ulib\FStar.Tactics.Util.fst(0,0-0,0): (Warning 241) Absent cache file C:\build\agent1\_work\1\s\ulib\FStar.Tactics.Util.fst.checked; will recheck C:\build\agent1\_work\1\s\ulib\FStar.Tactics.Util.fst and all subsequent files
Evens.fst(0,0-0,0): (Warning 247) Evens.fst.checked was not written, since some of its dependences were not also checked
Evens.fst(11,29-11,38): (Warning 238) Plugin Evens.nat2unary will not run natively because Embedding not defined for type Evens.unary_nat.

Ex12f.TMAC.fst(26,4-26,10): (Warning 240) Admitting Ex12f.TMAC.verify without a definition
Ex12f.TMAC.fst(25,4-25,7): (Warning 240) Admitting Ex12f.TMAC.mac without a definition
Ex12f.TMAC.fst(24,4-24,10): (Warning 240) Admitting Ex12f.TMAC.keygen without a definition
FStar.List.fst(0,0-0,0): (Warning 241) Absent cache file FStar.List.fst.checked; will recheck FStar.List.fst and all subsequent files
C:\build\agent1\_work\1\s\ulib\FStar.Tactics.Util.fst(0,0-0,0): (Warning 241) Absent cache file C:\build\agent1\_work\1\s\ulib\FStar.Tactics.Util.fst.checked; will recheck C:\build\agent1\_work\1\s\ulib\FStar.Tactics.Util.fst and all subsequent files
Embeddings.fst(0,0-0,0): (Warning 247) Embeddings.fst.checked was not written, since some of its dependences were not also checked
Embeddings.fst(34,36-34,45): (Warning 238) Plugin Embeddings.norm_step_tac will not run natively because Embedding not defined for type FStar.Pervasives.Native.norm_step.

C:/build/agent1/_work/1/s/ulib/FStar.UInt32.fst(0,0-0,0): (Warning 241) Absent cache file _cache\FStar.UInt32.fst.checked; will recheck C:/build/agent1/_work/1/s/ulib/FStar.UInt32.fst and all subsequent files
FStar.Fin.fst(0,0-0,0): (Warning 241) Absent cache file FStar.Fin.fst.checked; will recheck FStar.Fin.fst and all subsequent files
prims.fst(238,30-238,42): (Warning 252) (Hint-replay failed): assertion failed (see also prims.fst(210,68-210,80))
FStar.Fin.fst(33,41-33,68): (Warning 252) (Hint-replay failed): could not prove post-condition
prims.fst(238,30-238,42): (Warning 252) (Hint-replay failed): assertion failed (see also prims.fst(210,68-210,80))
FStar.Fin.fst(33,41-33,68): (Warning 252) (Hint-replay failed): could not prove post-condition
FStar.Option.fst(0,0-0,0): (Warning 241) Absent cache file FStar.Option.fst.checked; will recheck FStar.Option.fst and all subsequent files
<dummy>(0,0-0,0): (Warning 252) (Hint-replay failed): assertion failed
<dummy>(0,0-0,0): (Warning 252) assertion failed
<dummy>(0,0-0,0): (Warning 252) assertion failed
<dummy>(0,0-0,0): (Warning 252) assertion failed
<dummy>(0,0-0,0): (Warning 252) assertion failed
bug590.fst(6,100-6,33): (Error 19) assertion failed
Verified module: Bug590 (2645 milliseconds)
1 error was reported (see above)
make[2]: *** [Makefile:112: bug590.verify] Error 1
FStar.Relational.Comp.fst(0,0-0,0): (Warning 241) Absent cache file FStar.Relational.Comp.fst.checked; will recheck FStar.Relational.Comp.fst and all subsequent files
IfcExampleReify1.fst(70,4-70,13): (Warning 252) (Hint-replay failed): could not prove post-condition (see also IfcExampleReify1.fst(69,30-69,62))
Calc.fst(26,17-26,20): (Warning 252) (Hint-replay failed): assertion failed
Calc.fst(26,17-26,20): (Warning 252) (Hint-replay failed): assertion failed
Ex12g.TMAC2.fst(30,4-30,10): (Warning 240) Admitting Ex12g.TMAC2.verify without a definition
Ex12g.TMAC2.fst(29,4-29,7): (Warning 240) Admitting Ex12g.TMAC2.mac without a definition
FStar.Seq.Sorted.fst(0,0-0,0): (Warning 241) Absent cache file FStar.Seq.Sorted.fst.checked; will recheck FStar.Seq.Sorted.fst and all subsequent files
FStar.Util.fst(0,0-0,0): (Warning 241) Absent cache file FStar.Util.fst.checked; will recheck FStar.Util.fst and all subsequent files
C:/build/agent1/_work/1/s/ulib/FStar.UInt8.fst(0,0-0,0): (Warning 241) Absent cache file _cache\FStar.UInt8.fst.checked; will recheck C:/build/agent1/_work/1/s/ulib/FStar.UInt8.fst and all subsequent files
C:/build/agent1/_work/1/s/ulib/FStar.Char.fsti(0,0-0,0): (Warning 241) Absent cache file _cache\FStar.Char.fsti.checked; will recheck C:/build/agent1/_work/1/s/ulib/FStar.Char.fsti and all subsequent files
C:\build\agent1\_work\1\s\ulib\FStar.List.fst(0,0-0,0): (Warning 241) Absent cache file C:\build\agent1\_work\1\s\ulib\FStar.List.fst.checked; will recheck C:\build\agent1\_work\1\s\ulib\FStar.List.fst and all subsequent files
Plugins.fst(0,0-0,0): (Warning 247) Plugins.fst.checked was not written, since some of its dependences were not also checked
Plugins.fst(33,35-33,44): (Warning 238) Plugin Plugins.norm_step_plugin will not run natively because Embedding not defined for type FStar.Pervasives.Native.norm_step.

C:\build\agent1\_work\1\s\ulib\FStar.List.fst(0,0-0,0): (Warning 241) Absent cache file C:\build\agent1\_work\1\s\ulib\FStar.List.fst.checked; will recheck C:\build\agent1\_work\1\s\ulib\FStar.List.fst and all subsequent files
Apply.fst(0,0-0,0): (Warning 247) Apply.fst.checked was not written, since some of its dependences were not also checked
FStar.Array.fst(0,0-0,0): (Warning 241) Absent cache file FStar.Array.fst.checked; will recheck FStar.Array.fst and all subsequent files
C:/build/agent1/_work/1/s/ulib/FStar.UInt64.fst(0,0-0,0): (Warning 241) Absent cache file _cache\FStar.UInt64.fst.checked; will recheck C:/build/agent1/_work/1/s/ulib/FStar.UInt64.fst and all subsequent files
FStar.Error.fst(0,0-0,0): (Warning 241) Absent cache file FStar.Error.fst.checked; will recheck FStar.Error.fst and all subsequent files
LowParse.Bytes.fst(0,0-0,0): (Warning 241) Absent cache file _cache\LowParse.Bytes.fst.checked; will recheck LowParse.Bytes.fst and all subsequent files
C:/build/agent1/_work/1/s/ulib/FStar.HyperStack.ST.fst(0,0-0,0): (Warning 241) Absent cache file C:/build/agent1/_work/1/s/ulib/FStar.HyperStack.ST.fst.checked; will recheck C:/build/agent1/_work/1/s/ulib/FStar.HyperStack.ST.fst and all subsequent files
C:/build/agent1/_work/1/s/ulib/FStar.HyperStack.ST.fst(179,72-179,104): (Warning 252) (Hint-replay failed): could not prove post-condition
C:/build/agent1/_work/1/s/ulib/FStar.HyperStack.ST.fst(182,92-182,106): (Warning 252) (Hint-replay failed): could not prove post-condition (see also C:/build/agent1/_work/1/s/ulib/FStar.HyperStack.ST.fst(145,4-145,52))
C:/build/agent1/_work/1/s/ulib/FStar.HyperStack.ST.fst(186,78-186,112): (Warning 252) (Hint-replay failed): could not prove post-condition
C:/build/agent1/_work/1/s/ulib/FStar.HyperStack.ST.fst(189,100-189,114): (Warning 252) (Hint-replay failed): could not prove post-condition (see also C:/build/agent1/_work/1/s/ulib/FStar.HyperStack.ST.fst(145,4-145,52))
C:/build/agent1/_work/1/s/ulib/FStar.HyperStack.ST.fst(195,79-195,115): (Warning 252) (Hint-replay failed): could not prove post-condition
C:/build/agent1/_work/1/s/ulib/FStar.HyperStack.ST.fst(198,104-198,118): (Warning 252) (Hint-replay failed): could not prove post-condition (see also C:/build/agent1/_work/1/s/ulib/FStar.HyperStack.ST.fst(145,4-145,52))
C:/build/agent1/_work/1/s/ulib/FStar.HyperStack.ST.fst(204,85-204,127): (Warning 252) (Hint-replay failed): could not prove post-condition
C:/build/agent1/_work/1/s/ulib/FStar.HyperStack.ST.fst(208,20-208,34): (Warning 252) (Hint-replay failed): could not prove post-condition (see also C:/build/agent1/_work/1/s/ulib/FStar.HyperStack.ST.fst(145,4-145,52))
<dummy>(0,0-0,0): (Warning 252) (Hint-replay failed): assertion failed
<dummy>(0,0-0,0): (Warning 252) assertion failed
<dummy>(0,0-0,0): (Warning 252) assertion failed
<dummy>(0,0-0,0): (Warning 252) assertion failed
<dummy>(0,0-0,0): (Warning 252) assertion failed
<dummy>(0,0-0,0): (Warning 252) (Hint-replay failed): assertion failed
<dummy>(0,0-0,0): (Warning 252) assertion failed
<dummy>(0,0-0,0): (Warning 252) assertion failed
<dummy>(0,0-0,0): (Warning 252) assertion failed
<dummy>(0,0-0,0): (Warning 252) assertion failed
<dummy>(0,0-0,0): (Warning 252) (Hint-replay failed): assertion failed
<dummy>(0,0-0,0): (Warning 252) assertion failed
<dummy>(0,0-0,0): (Warning 252) assertion failed
<dummy>(0,0-0,0): (Warning 252) assertion failed
<dummy>(0,0-0,0): (Warning 252) assertion failed
<dummy>(0,0-0,0): (Warning 252) (Hint-replay failed): assertion failed
<dummy>(0,0-0,0): (Warning 252) assertion failed
<dummy>(0,0-0,0): (Warning 252) assertion failed
<dummy>(0,0-0,0): (Warning 252) assertion failed
<dummy>(0,0-0,0): (Warning 252) assertion failed
C:/build/agent1/_work/1/s/ulib/FStar.HyperStack.ST.fst(635,4-635,14): (Warning 252) (Hint-replay failed): assertion failed (see also C:/build/agent1/_work/1/s/ulib/FStar.HyperStack.ST.fst(98,76-98,87))
C:/build/agent1/_work/1/s/ulib/FStar.HyperStack.ST.fst(643,52-643,54): (Warning 252) (Hint-replay failed): Subtyping check failed; expected type Prims.squash (forall (x: c). FStar.HyperStack.ST.witnessed (p' x)); got type Prims.unit (see also C:/build/agent1/_work/1/s/ulib/FStar.HyperStack.ST.fst(643,32-643,48))
C:/build/agent1/_work/1/s/ulib/FStar.HyperStack.ST.fst(391,3-394,4): (Error 19) assertion failed
C:/build/agent1/_work/1/s/ulib/FStar.HyperStack.ST.fst(400,4-403,4): (Error 19) assertion failed
C:/build/agent1/_work/1/s/ulib/FStar.HyperStack.ST.fst(478,3-481,4): (Error 19) assertion failed
C:/build/agent1/_work/1/s/ulib/FStar.HyperStack.ST.fst(484,3-487,4): (Error 19) assertion failed
Verified module: FStar.HyperStack.ST (39447 milliseconds)
4 errors were reported (see above)
make[3]: *** [Makefile:17: C:/build/agent1/_work/1/s/ulib/FStar.HyperStack.ST.fst.checked] Error 1
C:/build/agent1/_work/1/s/ulib/FStar.HyperStack.ST.fst(0,0-0,0): (Warning 241) Absent cache file _cache\FStar.HyperStack.ST.fst.checked; will recheck C:/build/agent1/_work/1/s/ulib/FStar.HyperStack.ST.fst and all subsequent files
C:/build/agent1/_work/1/s/ulib/FStar.HyperStack.ST.fst(179,72-179,104): (Warning 252) (Hint-replay failed): could not prove post-condition
C:/build/agent1/_work/1/s/ulib/FStar.HyperStack.ST.fst(182,92-182,106): (Warning 252) (Hint-replay failed): could not prove post-condition (see also C:/build/agent1/_work/1/s/ulib/FStar.HyperStack.ST.fst(145,4-145,52))
C:/build/agent1/_work/1/s/ulib/FStar.HyperStack.ST.fst(186,78-186,112): (Warning 252) (Hint-replay failed): could not prove post-condition
C:/build/agent1/_work/1/s/ulib/FStar.HyperStack.ST.fst(189,100-189,114): (Warning 252) (Hint-replay failed): could not prove post-condition (see also C:/build/agent1/_work/1/s/ulib/FStar.HyperStack.ST.fst(145,4-145,52))
C:/build/agent1/_work/1/s/ulib/FStar.HyperStack.ST.fst(195,79-195,115): (Warning 252) (Hint-replay failed): could not prove post-condition
C:/build/agent1/_work/1/s/ulib/FStar.HyperStack.ST.fst(198,104-198,118): (Warning 252) (Hint-replay failed): could not prove post-condition (see also C:/build/agent1/_work/1/s/ulib/FStar.HyperStack.ST.fst(145,4-145,52))
C:/build/agent1/_work/1/s/ulib/FStar.HyperStack.ST.fst(204,85-204,127): (Warning 252) (Hint-replay failed): could not prove post-condition
C:/build/agent1/_work/1/s/ulib/FStar.HyperStack.ST.fst(208,20-208,34): (Warning 252) (Hint-replay failed): could not prove post-condition (see also C:/build/agent1/_work/1/s/ulib/FStar.HyperStack.ST.fst(145,4-145,52))
<dummy>(0,0-0,0): (Warning 252) (Hint-replay failed): assertion failed
<dummy>(0,0-0,0): (Warning 252) assertion failed
<dummy>(0,0-0,0): (Warning 252) assertion failed
<dummy>(0,0-0,0): (Warning 252) assertion failed
<dummy>(0,0-0,0): (Warning 252) assertion failed
<dummy>(0,0-0,0): (Warning 252) (Hint-replay failed): assertion failed
<dummy>(0,0-0,0): (Warning 252) assertion failed
<dummy>(0,0-0,0): (Warning 252) assertion failed
<dummy>(0,0-0,0): (Warning 252) assertion failed
<dummy>(0,0-0,0): (Warning 252) assertion failed
<dummy>(0,0-0,0): (Warning 252) (Hint-replay failed): assertion failed
<dummy>(0,0-0,0): (Warning 252) assertion failed
<dummy>(0,0-0,0): (Warning 252) assertion failed
<dummy>(0,0-0,0): (Warning 252) assertion failed
<dummy>(0,0-0,0): (Warning 252) assertion failed
<dummy>(0,0-0,0): (Warning 252) (Hint-replay failed): assertion failed
<dummy>(0,0-0,0): (Warning 252) assertion failed
<dummy>(0,0-0,0): (Warning 252) assertion failed
<dummy>(0,0-0,0): (Warning 252) assertion failed
<dummy>(0,0-0,0): (Warning 252) assertion failed
C:/build/agent1/_work/1/s/ulib/FStar.HyperStack.ST.fst(635,4-635,14): (Warning 252) (Hint-replay failed): assertion failed (see also C:/build/agent1/_work/1/s/ulib/FStar.HyperStack.ST.fst(98,76-98,87))
C:/build/agent1/_work/1/s/ulib/FStar.HyperStack.ST.fst(643,52-643,54): (Warning 252) (Hint-replay failed): Subtyping check failed; expected type Prims.squash (forall (x: c). FStar.HyperStack.ST.witnessed (p' x)); got type Prims.unit (see also C:/build/agent1/_work/1/s/ulib/FStar.HyperStack.ST.fst(643,32-643,48))
C:/build/agent1/_work/1/s/ulib/FStar.HyperStack.ST.fst(391,3-394,4): (Error 19) assertion failed
C:/build/agent1/_work/1/s/ulib/FStar.HyperStack.ST.fst(400,4-403,4): (Error 19) assertion failed
C:/build/agent1/_work/1/s/ulib/FStar.HyperStack.ST.fst(478,3-481,4): (Error 19) assertion failed
C:/build/agent1/_work/1/s/ulib/FStar.HyperStack.ST.fst(484,3-487,4): (Error 19) assertion failed
Verified module: FStar.HyperStack.ST (39991 milliseconds)
4 errors were reported (see above)
make[2]: *** [../Makefile.common:61: _cache/FStar.HyperStack.ST.fst.checked] Error 1
C:/build/agent1/_work/1/s/ulib/FStar.UInt16.fst(0,0-0,0): (Warning 241) Absent cache file _cache\FStar.UInt16.fst.checked; will recheck C:/build/agent1/_work/1/s/ulib/FStar.UInt16.fst and all subsequent files
C:/build/agent1/_work/1/s/ulib/FStar.String.fsti(0,0-0,0): (Warning 241) Absent cache file _cache\FStar.String.fsti.checked; will recheck C:/build/agent1/_work/1/s/ulib/FStar.String.fsti and all subsequent files
FStar.BitVector.fst(0,0-0,0): (Warning 241) Stale cache file FStar.BitVector.fst.checked; will recheck FStar.BitVector.fst and all subsequent files
C:\build\agent1\_work\1\s\ulib\FStar.BitVector.fst(0,0-0,0): (Warning 241) Stale cache file C:\build\agent1\_work\1\s\ulib\FStar.BitVector.fst.checked; will recheck C:\build\agent1\_work\1\s\ulib\FStar.BitVector.fst and all subsequent files
Arith.fst(40,4-40,10): (Warning 252) (Hint-replay failed): Could not prove goal #3 (see also Arith.fst(42,49-42,60))
Arith.fst(40,4-40,10): (Warning 252) (Hint-replay failed): Could not prove goal #1 (see also Arith.fst(41,22-41,29))
Arith.fst(0,0-0,0): (Warning 247) Arith.fst.checked was not written, since some of its dependences were not also checked
C:\build\agent1\_work\1\s\ulib\FStar.BitVector.fst(0,0-0,0): (Warning 241) Stale cache file C:\build\agent1\_work\1\s\ulib\FStar.BitVector.fst.checked; will recheck C:\build\agent1\_work\1\s\ulib\FStar.BitVector.fst and all subsequent files
Clear.fst(0,0-0,0): (Warning 247) Clear.fst.checked was not written, since some of its dependences were not also checked
C:\build\agent1\_work\1\s\ulib\FStar.BitVector.fst(0,0-0,0): (Warning 241) Stale cache file C:\build\agent1\_work\1\s\ulib\FStar.BitVector.fst.checked; will recheck C:\build\agent1\_work\1\s\ulib\FStar.BitVector.fst and all subsequent files
CanonDeep.fst(190,0-190,74): (Warning 296) Tactics admitted goal <(_:
Prims.squash (CanonDeep.x * (CanonDeep.y * CanonDeep.z) == CanonDeep.x * (CanonDeep.y * CanonDeep.z)
)), (_:
Prims.squash ((CanonDeep.x * CanonDeep.y) * CanonDeep.z == (CanonDeep.x * CanonDeep.y) * CanonDeep.z
)) |- (*?u505*) _ _ _ : Prims.squash (CanonDeep.x * (CanonDeep.y * CanonDeep.z) == (CanonDeep.x * CanonDeep.y) * CanonDeep.z
)>

(see also C:\build\agent1\_work\1\s\ulib\FStar.Tactics.Effect.fst(87,32-87,42))
CanonDeep.fst(190,12-190,12): (Warning 296) Tactics admitted goal <(_:
Prims.squash (CanonDeep.x * (CanonDeep.y * CanonDeep.z) == CanonDeep.x * (CanonDeep.y * CanonDeep.z)
)) |- (*?u437*) _ _ : Prims.squash ((CanonDeep.x * CanonDeep.y) * CanonDeep.z == (CanonDeep.x * CanonDeep.y) * CanonDeep.z
)>

(see also CanonDeep.fst(190,55-190,45))
CanonDeep.fst(190,12-190,12): (Warning 296) Tactics admitted goal < |- (*?u145*) _ : Prims.squash (CanonDeep.x * (CanonDeep.y * CanonDeep.z) == CanonDeep.x * (CanonDeep.y * CanonDeep.z)
)>

(see also CanonDeep.fst(190,39-190,30))
CanonDeep.fst(0,0-0,0): (Warning 247) CanonDeep.fst.checked was not written, since some of its dependences were not also checked
C:\build\agent1\_work\1\s\ulib\FStar.UInt.fst(0,0-0,0): (Warning 241) Absent cache file C:\build\agent1\_work\1\s\ulib\FStar.UInt.fst.checked; will recheck C:\build\agent1\_work\1\s\ulib\FStar.UInt.fst and all subsequent files
DependentSynth.fst(0,0-0,0): (Warning 247) DependentSynth.fst.checked was not written, since some of its dependences were not also checked
C:\build\agent1\_work\1\s\ulib\FStar.UInt.fst(0,0-0,0): (Warning 241) Absent cache file C:\build\agent1\_work\1\s\ulib\FStar.UInt.fst.checked; will recheck C:\build\agent1\_work\1\s\ulib\FStar.UInt.fst and all subsequent files
Cut.fst(0,0-0,0): (Warning 247) Cut.fst.checked was not written, since some of its dependences were not also checked
Ex01a.fst(60,0-60,48): (Warning 272) Top-level let-bindings must be total; this term may have effects
Ex01a.fst(60,0-60,48): (Warning 272) Top-level let-bindings must be total; this term may have effects
make[2]: [Makefile:67: Ex01a-ocaml] Error 2 (ignored)
C:\build\agent1\_work\1\s\ulib\FStar.UInt.fst(0,0-0,0): (Warning 241) Absent cache file C:\build\agent1\_work\1\s\ulib\FStar.UInt.fst.checked; will recheck C:\build\agent1\_work\1\s\ulib\FStar.UInt.fst and all subsequent files
Fail.fst(0,0-0,0): (Warning 247) Fail.fst.checked was not written, since some of its dependences were not also checked
C:\build\agent1\_work\1\s\ulib\FStar.UInt.fst(0,0-0,0): (Warning 241) Absent cache file C:\build\agent1\_work\1\s\ulib\FStar.UInt.fst.checked; will recheck C:\build\agent1\_work\1\s\ulib\FStar.UInt.fst and all subsequent files
Logic.fst(0,0-0,0): (Warning 247) Logic.fst.checked was not written, since some of its dependences were not also checked
C:\build\agent1\_work\1\s\ulib\FStar.UInt.fst(0,0-0,0): (Warning 241) Absent cache file C:\build\agent1\_work\1\s\ulib\FStar.UInt.fst.checked; will recheck C:\build\agent1\_work\1\s\ulib\FStar.UInt.fst and all subsequent files
Imp.fst(0,0-0,0): (Warning 247) Imp.fst.checked was not written, since some of its dependences were not also checked
X64.Vale.StateLemmas_i.fst(38,2-38,8): (Warning 252) (Hint-replay failed): assertion failed (see also X64.Vale.StateLemmas_i.fst(38,9-38,49))
FStar.HyperStack.ST.fst(0,0-0,0): (Warning 241) Absent cache file FStar.HyperStack.ST.fst.checked; will recheck FStar.HyperStack.ST.fst and all subsequent files
FStar.HyperStack.ST.fst(179,72-179,104): (Warning 252) (Hint-replay failed): could not prove post-condition
FStar.HyperStack.ST.fst(182,92-182,106): (Warning 252) (Hint-replay failed): could not prove post-condition (see also FStar.HyperStack.ST.fst(145,4-145,52))
FStar.HyperStack.ST.fst(186,78-186,112): (Warning 252) (Hint-replay failed): could not prove post-condition
FStar.HyperStack.ST.fst(189,100-189,114): (Warning 252) (Hint-replay failed): could not prove post-condition (see also FStar.HyperStack.ST.fst(145,4-145,52))
FStar.HyperStack.ST.fst(195,79-195,115): (Warning 252) (Hint-replay failed): could not prove post-condition
FStar.HyperStack.ST.fst(198,104-198,118): (Warning 252) (Hint-replay failed): could not prove post-condition (see also FStar.HyperStack.ST.fst(145,4-145,52))
FStar.HyperStack.ST.fst(204,85-204,127): (Warning 252) (Hint-replay failed): could not prove post-condition
FStar.HyperStack.ST.fst(208,20-208,34): (Warning 252) (Hint-replay failed): could not prove post-condition (see also FStar.HyperStack.ST.fst(145,4-145,52))
<dummy>(0,0-0,0): (Warning 252) (Hint-replay failed): assertion failed
<dummy>(0,0-0,0): (Warning 252) assertion failed
<dummy>(0,0-0,0): (Warning 252) assertion failed
<dummy>(0,0-0,0): (Warning 252) assertion failed
<dummy>(0,0-0,0): (Warning 252) assertion failed
<dummy>(0,0-0,0): (Warning 252) (Hint-replay failed): assertion failed
<dummy>(0,0-0,0): (Warning 252) assertion failed
<dummy>(0,0-0,0): (Warning 252) assertion failed
<dummy>(0,0-0,0): (Warning 252) assertion failed
<dummy>(0,0-0,0): (Warning 252) assertion failed
<dummy>(0,0-0,0): (Warning 252) (Hint-replay failed): assertion failed
<dummy>(0,0-0,0): (Warning 252) assertion failed
<dummy>(0,0-0,0): (Warning 252) assertion failed
<dummy>(0,0-0,0): (Warning 252) assertion failed
<dummy>(0,0-0,0): (Warning 252) assertion failed
<dummy>(0,0-0,0): (Warning 252) (Hint-replay failed): assertion failed
<dummy>(0,0-0,0): (Warning 252) assertion failed
<dummy>(0,0-0,0): (Warning 252) assertion failed
<dummy>(0,0-0,0): (Warning 252) assertion failed
<dummy>(0,0-0,0): (Warning 252) assertion failed
FStar.HyperStack.ST.fst(635,4-635,14): (Warning 252) (Hint-replay failed): assertion failed (see also FStar.HyperStack.ST.fst(98,76-98,87))
FStar.HyperStack.ST.fst(643,52-643,54): (Warning 252) (Hint-replay failed): Subtyping check failed; expected type Prims.squash (forall (x: c). FStar.HyperStack.ST.witnessed (p' x)); got type Prims.unit (see also FStar.HyperStack.ST.fst(643,32-643,48))
FStar.HyperStack.ST.fst(391,3-394,4): (Error 19) assertion failed
FStar.HyperStack.ST.fst(400,4-403,4): (Error 19) assertion failed
FStar.HyperStack.ST.fst(478,3-481,4): (Error 19) assertion failed
FStar.HyperStack.ST.fst(484,3-487,4): (Error 19) assertion failed
Verified module: FStar.HyperStack.ST (34639 milliseconds)
4 errors were reported (see above)
make[2]: *** [../src/gmake/Makefile.tmpl:28: FStar.HyperStack.ST.fst.checked] Error 1
C:\build\agent1\_work\1\s\ulib\FStar.HyperStack.ST.fst(258,76-258,87): (Warning 252) (Hint-replay failed): could not prove post-condition
EtM.AE.fst(101,4-101,11): (Warning 252) (Hint-replay failed): could not prove post-condition (see also EtM.AE.fst(96,8-96,22))
C:\build\agent1\_work\1\s\ulib\FStar.HyperStack.ST.fst(74,24-74,36): (Warning 252) (Hint-replay failed): assertion failed (see also C:\build\agent1\_work\1\s\ulib\FStar.HyperStack.ST.fst(73,86-73,91))
EtM.AE.fst(126,4-126,11): (Warning 252) (Hint-replay failed): could not prove post-condition (see also EtM.AE.fst(113,4-113,18))
make[2]: Target 'all' not remade because of errors.
make[1]: *** [Makefile:27: code/solutions.ver] Error 2
make[1]: Target 'regressions' not remade because of errors.
make: *** [Makefile:172: tutorial] Error 2
C:/build/agent1/_work/1/s/ulib/FStar.UInt.fst(0,0-0,0): (Warning 241) Absent cache file _cache\FStar.UInt.fst.checked; will recheck C:/build/agent1/_work/1/s/ulib/FStar.UInt.fst and all subsequent files
C:\build\agent1\_work\1\s\ulib\FStar.UInt.fst(0,0-0,0): (Warning 241) Absent cache file C:\build\agent1\_work\1\s\ulib\FStar.UInt.fst.checked; will recheck C:\build\agent1\_work\1\s\ulib\FStar.UInt.fst and all subsequent files
Nest.fst(0,0-0,0): (Warning 247) Nest.fst.checked was not written, since some of its dependences were not also checked
X64.Vale.Decls.fst(116,16-116,43): (Warning 252) (Hint-replay failed): could not prove post-condition (see also X64.Vale.Decls.fst(113,7-113,24))
X64.Vale.Decls.fst(116,16-116,43): (Warning 252) could not prove post-condition (see also X64.Vale.Decls.fst(113,28-114,61))
<dummy>(0,0-0,0): (Warning 252) (Hint-replay failed): Could not prove goal #6 (see also SL.Examples.fst(18,14-18,33))
<dummy>(0,0-0,0): (Warning 252) (Hint-replay failed): Could not prove goal #5 (see also SL.Examples.fst(308,20-308,29))
<dummy>(0,0-0,0): (Warning 252) (Hint-replay failed): Could not prove goal #3 (see also SL.Examples.fst(18,14-18,33))
SL.Examples.fst(371,45-371,48): (Warning 252) (Hint-replay failed): could not prove post-condition
SL.Examples.fst(377,29-377,32): (Warning 252) (Hint-replay failed): could not prove post-condition
SL.Examples.fst(466,4-523,31): (Error 23) user tactic failed: not a forall
1 error was reported (see above)
make[2]: *** [Makefile:13: examples] Error 1
make[2]: Target 'all' not remade because of errors.
make[1]: *** [Makefile:39: seplogic.all] Error 2
C:\build\agent1\_work\1\s\ulib\FStar.UInt.fst(0,0-0,0): (Warning 241) Absent cache file C:\build\agent1\_work\1\s\ulib\FStar.UInt.fst.checked; will recheck C:\build\agent1\_work\1\s\ulib\FStar.UInt.fst and all subsequent files
Rename.fst(0,0-0,0): (Warning 247) Rename.fst.checked was not written, since some of its dependences were not also checked
C:/build/agent1/_work/1/s/ulib/FStar.BV.fsti(0,0-0,0): (Warning 241) Absent cache file _cache\FStar.BV.fsti.checked; will recheck C:/build/agent1/_work/1/s/ulib/FStar.BV.fsti and all subsequent files
bug1362.fst(32,2-32,7): (Warning 252) (Hint-replay failed): Subtyping check failed; expected type Prims.nat; got type Prims.int (see also C:\build\agent1\_work\1\s\ulib\prims.fst(406,17-406,23))
C:/build/agent1/_work/1/s/ulib/FStar.UInt32.fst(0,0-0,0): (Warning 241) Absent cache file _cache\FStar.UInt32.fst.checked; will recheck C:/build/agent1/_work/1/s/ulib/FStar.UInt32.fst and all subsequent files
LowParse.Spec.Base.fst(0,0-0,0): (Warning 241) Absent cache file _cache\LowParse.Spec.Base.fst.checked; will recheck LowParse.Spec.Base.fst and all subsequent files
LowParse.Spec.Base.fst(391,31-391,78): (Warning 252) (Hint-replay failed): assertion failed
LowParse.Spec.Base.fst(391,31-391,78): (Warning 252) assertion failed
LowParse.Spec.Base.fst(391,31-391,78): (Warning 252) assertion failed
LowParse.Spec.Base.fst(391,31-391,78): (Warning 252) assertion failed
LowParse.Spec.Base.fst(391,31-391,78): (Warning 252) assertion failed
LowParse.Spec.Base.fst(462,86-462,92): (Warning 252) (Hint-replay failed): assertion failed (see also LowParse.Spec.Base.fst(429,22-429,42))
LowParse.Spec.Base.fst(462,86-462,92): (Warning 252) assertion failed (see also LowParse.Spec.Base.fst(429,22-429,42))
LowParse.Spec.Base.fst(462,86-462,92): (Warning 252) assertion failed (see also LowParse.Spec.Base.fst(429,22-429,42))
LowParse.Spec.Base.fst(462,86-462,92): (Warning 252) assertion failed (see also LowParse.Spec.Base.fst(429,22-429,42))
LowParse.Spec.Base.fst(462,86-462,92): (Warning 252) assertion failed (see also LowParse.Spec.Base.fst(429,22-429,42))
LowParse.Spec.Base.fst(471,71-471,77): (Warning 252) (Hint-replay failed): assertion failed (see also LowParse.Spec.Base.fst(429,22-429,42))
LowParse.Spec.Base.fst(471,71-471,77): (Warning 252) assertion failed (see also LowParse.Spec.Base.fst(429,22-429,42))
LowParse.Spec.Base.fst(471,71-471,77): (Warning 252) assertion failed (see also LowParse.Spec.Base.fst(429,22-429,42))
LowParse.Spec.Base.fst(471,71-471,77): (Warning 252) assertion failed (see also LowParse.Spec.Base.fst(429,22-429,42))
LowParse.Spec.Base.fst(471,71-471,77): (Warning 252) assertion failed (see also LowParse.Spec.Base.fst(429,22-429,42))
LowParse.Spec.Base.fst(391,31-391,78): (Warning 252) (Hint-replay failed): assertion failed
LowParse.Spec.Base.fst(391,31-391,78): (Warning 252) assertion failed
LowParse.Spec.Base.fst(391,31-391,78): (Warning 252) assertion failed
LowParse.Spec.Base.fst(391,31-391,78): (Warning 252) assertion failed
LowParse.Spec.Base.fst(391,31-391,78): (Warning 252) assertion failed
<dummy>(0,0-0,0): (Warning 252) (Hint-replay failed): assertion failed
<dummy>(0,0-0,0): (Warning 252) assertion failed
<dummy>(0,0-0,0): (Warning 252) assertion failed
<dummy>(0,0-0,0): (Warning 252) assertion failed
<dummy>(0,0-0,0): (Warning 252) assertion failed
LowParse.Spec.Base.fst(563,15-564,17): (Warning 252) (Hint-replay failed): assertion failed (see also LowParse.Spec.Base.fst(560,3-562,4))
LowParse.Spec.Base.fst(563,15-564,17): (Warning 252) assertion failed (see also LowParse.Spec.Base.fst(560,3-562,4))
LowParse.Spec.Base.fst(563,15-564,17): (Warning 252) assertion failed (see also LowParse.Spec.Base.fst(560,3-562,4))
LowParse.Spec.Base.fst(563,15-564,17): (Warning 252) assertion failed (see also LowParse.Spec.Base.fst(560,3-562,4))
LowParse.Spec.Base.fst(563,15-564,17): (Warning 252) assertion failed (see also LowParse.Spec.Base.fst(560,3-562,4))
LowParse.Spec.Base.fst(661,8-661,18): (Warning 252) (Hint-replay failed): assertion failed (see also LowParse.Spec.Base.fst(640,26-640,48))
LowParse.Spec.Base.fst(661,8-661,18): (Warning 252) assertion failed (see also LowParse.Spec.Base.fst(640,26-640,48))
LowParse.Spec.Base.fst(661,8-661,18): (Warning 252) assertion failed (see also LowParse.Spec.Base.fst(640,26-640,48))
LowParse.Spec.Base.fst(661,8-661,18): (Warning 252) assertion failed (see also LowParse.Spec.Base.fst(640,26-640,48))
LowParse.Spec.Base.fst(661,8-661,18): (Warning 252) assertion failed (see also LowParse.Spec.Base.fst(640,26-640,48))
LowParse.Spec.Base.fst(391,31-391,78): (Warning 252) (Hint-replay failed): assertion failed
LowParse.Spec.Base.fst(391,31-391,78): (Warning 252) assertion failed
LowParse.Spec.Base.fst(391,31-391,78): (Warning 252) assertion failed
LowParse.Spec.Base.fst(391,31-391,78): (Warning 252) assertion failed
LowParse.Spec.Base.fst(391,31-391,78): (Warning 252) assertion failed
LowParse.Spec.Base.fst(462,86-462,92): (Warning 252) (Hint-replay failed): assertion failed (see also LowParse.Spec.Base.fst(429,22-429,42))
LowParse.Spec.Base.fst(462,86-462,92): (Warning 252) assertion failed (see also LowParse.Spec.Base.fst(429,22-429,42))
LowParse.Spec.Base.fst(462,86-462,92): (Warning 252) assertion failed (see also LowParse.Spec.Base.fst(429,22-429,42))
LowParse.Spec.Base.fst(462,86-462,92): (Warning 252) assertion failed (see also LowParse.Spec.Base.fst(429,22-429,42))
LowParse.Spec.Base.fst(462,86-462,92): (Warning 252) assertion failed (see also LowParse.Spec.Base.fst(429,22-429,42))
LowParse.Spec.Base.fst(471,71-471,77): (Warning 252) (Hint-replay failed): assertion failed (see also LowParse.Spec.Base.fst(429,22-429,42))
LowParse.Spec.Base.fst(471,71-471,77): (Warning 252) assertion failed (see also LowParse.Spec.Base.fst(429,22-429,42))
LowParse.Spec.Base.fst(471,71-471,77): (Warning 252) assertion failed (see also LowParse.Spec.Base.fst(429,22-429,42))
LowParse.Spec.Base.fst(471,71-471,77): (Warning 252) assertion failed (see also LowParse.Spec.Base.fst(429,22-429,42))
LowParse.Spec.Base.fst(471,71-471,77): (Warning 252) assertion failed (see also LowParse.Spec.Base.fst(429,22-429,42))
LowParse.Spec.Base.fst(391,31-391,78): (Warning 252) (Hint-replay failed): assertion failed
LowParse.Spec.Base.fst(391,31-391,78): (Warning 252) assertion failed
LowParse.Spec.Base.fst(391,31-391,78): (Warning 252) assertion failed
LowParse.Spec.Base.fst(391,31-391,78): (Warning 252) assertion failed
LowParse.Spec.Base.fst(391,31-391,78): (Warning 252) assertion failed
<dummy>(0,0-0,0): (Warning 252) (Hint-replay failed): assertion failed
<dummy>(0,0-0,0): (Warning 252) assertion failed
<dummy>(0,0-0,0): (Warning 252) assertion failed
<dummy>(0,0-0,0): (Warning 252) assertion failed
<dummy>(0,0-0,0): (Warning 252) assertion failed
LowParse.Spec.Base.fst(563,15-564,17): (Warning 252) (Hint-replay failed): assertion failed (see also LowParse.Spec.Base.fst(560,3-562,4))
LowParse.Spec.Base.fst(563,15-564,17): (Warning 252) assertion failed (see also LowParse.Spec.Base.fst(560,3-562,4))
LowParse.Spec.Base.fst(563,15-564,17): (Warning 252) assertion failed (see also LowParse.Spec.Base.fst(560,3-562,4))
LowParse.Spec.Base.fst(563,15-564,17): (Warning 252) assertion failed (see also LowParse.Spec.Base.fst(560,3-562,4))
LowParse.Spec.Base.fst(563,15-564,17): (Warning 252) assertion failed (see also LowParse.Spec.Base.fst(560,3-562,4))
LowParse.Spec.Base.fst(661,8-661,18): (Warning 252) (Hint-replay failed): assertion failed (see also LowParse.Spec.Base.fst(640,26-640,48))
LowParse.Spec.Base.fst(661,8-661,18): (Warning 252) assertion failed (see also LowParse.Spec.Base.fst(640,26-640,48))
LowParse.Spec.Base.fst(661,8-661,18): (Warning 252) assertion failed (see also LowParse.Spec.Base.fst(640,26-640,48))
LowParse.Spec.Base.fst(661,8-661,18): (Warning 252) assertion failed (see also LowParse.Spec.Base.fst(640,26-640,48))
LowParse.Spec.Base.fst(661,8-661,18): (Warning 252) assertion failed (see also LowParse.Spec.Base.fst(640,26-640,48))
LowParse.Spec.Base.fst(391,31-391,78): (Error 19) assertion failed
LowParse.Spec.Base.fst(391,31-391,78): (Error 19) assertion failed
LowParse.Spec.Base.fst(391,31-391,78): (Error 19) assertion failed
LowParse.Spec.Base.fst(391,31-391,78): (Error 19) assertion failed
LowParse.Spec.Base.fst(462,86-462,92): (Error 19) assertion failed (see also LowParse.Spec.Base.fst(429,22-429,42))
LowParse.Spec.Base.fst(462,86-462,92): (Error 19) assertion failed (see also LowParse.Spec.Base.fst(429,22-429,42))
LowParse.Spec.Base.fst(471,71-471,77): (Error 19) assertion failed (see also LowParse.Spec.Base.fst(429,22-429,42))
LowParse.Spec.Base.fst(471,71-471,77): (Error 19) assertion failed (see also LowParse.Spec.Base.fst(429,22-429,42))
LowParse.Spec.Base.fst(553,2-556,2): (Error 19) assertion failed
LowParse.Spec.Base.fst(553,2-556,2): (Error 19) assertion failed
LowParse.Spec.Base.fst(563,15-564,17): (Error 19) assertion failed (see also LowParse.Spec.Base.fst(560,3-562,4))
LowParse.Spec.Base.fst(563,15-564,17): (Error 19) assertion failed (see also LowParse.Spec.Base.fst(560,3-562,4))
LowParse.Spec.Base.fst(661,8-661,18): (Error 19) assertion failed (see also LowParse.Spec.Base.fst(640,26-640,48))
LowParse.Spec.Base.fst(661,8-661,18): (Error 19) assertion failed (see also LowParse.Spec.Base.fst(640,26-640,48))
Verified module: LowParse.Spec.Base (41929 milliseconds)
14 errors were reported (see above)
make[3]: *** [../Makefile.common:61: _cache/LowParse.Spec.Base.fst.checked] Error 1
C:/build/agent1/_work/1/s/ulib/FStar.Char.fsti(0,0-0,0): (Warning 241) Absent cache file _cache\FStar.Char.fsti.checked; will recheck C:/build/agent1/_work/1/s/ulib/FStar.Char.fsti and all subsequent files
NegativeTests.BST.fst(22,38-22,42): (Warning 252) Subtyping check failed; expected type right:
FStar.Pervasives.Native.option (NegativeTests.BST.tree 2)
{ 0 <= 1 /\ 1 <= 2 /\ None? right <==> (1 = 2) /\
None? (FStar.Pervasives.Native.None) <==> (1 = 0) }; got type FStar.Pervasives.Native.option (NegativeTests.BST.tree 2) (see also NegativeTests.BST.fst(12,37-12,48))
NegativeTests.BST.fst(22,38-22,42): (Warning 252) Subtyping check failed; expected type right:
FStar.Pervasives.Native.option (NegativeTests.BST.tree 2)
{ 0 <= 1 /\ 1 <= 2 /\ None? right <==> (1 = 2) /\
None? (FStar.Pervasives.Native.None) <==> (1 = 0) }; got type FStar.Pervasives.Native.option (NegativeTests.BST.tree 2) (see also NegativeTests.BST.fst(12,37-12,48))
NegativeTests.BST.fst(22,38-22,42): (Warning 252) Subtyping check failed; expected type right:
FStar.Pervasives.Native.option (NegativeTests.BST.tree 2)
{ 0 <= 1 /\ 1 <= 2 /\ None? right <==> (1 = 2) /\
None? (FStar.Pervasives.Native.None) <==> (1 = 0) }; got type FStar.Pervasives.Native.option (NegativeTests.BST.tree 2) (see also NegativeTests.BST.fst(12,37-12,48))
NegativeTests.BST.fst(22,38-22,42): (Warning 252) Subtyping check failed; expected type right:
FStar.Pervasives.Native.option (NegativeTests.BST.tree 2)
{ 0 <= 1 /\ 1 <= 2 /\ None? right <==> (1 = 2) /\
None? (FStar.Pervasives.Native.None) <==> (1 = 0) }; got type FStar.Pervasives.Native.option (NegativeTests.BST.tree 2) (see also NegativeTests.BST.fst(12,37-12,48))
NegativeTests.BST.fst(25,61-25,65): (Warning 252) Subtyping check failed; expected type right:
FStar.Pervasives.Native.option (NegativeTests.BST.tree (l + 1))
{ l <= l /\ l <= l + 1 /\ None? right <==> (l = l + 1) /\
None? (FStar.Pervasives.Native.Some t) <==> (l = l) }; got type FStar.Pervasives.Native.option (NegativeTests.BST.tree (l + 1)) (see also NegativeTests.BST.fst(12,36-12,58))
NegativeTests.BST.fst(25,61-25,65): (Warning 252) Subtyping check failed; expected type right:
FStar.Pervasives.Native.option (NegativeTests.BST.tree (l + 1))
{ l <= l /\ l <= l + 1 /\ None? right <==> (l = l + 1) /\
None? (FStar.Pervasives.Native.Some t) <==> (l = l) }; got type FStar.Pervasives.Native.option (NegativeTests.BST.tree (l + 1)) (see also NegativeTests.BST.fst(12,36-12,58))
NegativeTests.BST.fst(25,61-25,65): (Warning 252) Subtyping check failed; expected type right:
FStar.Pervasives.Native.option (NegativeTests.BST.tree (l + 1))
{ l <= l /\ l <= l + 1 /\ None? right <==> (l = l + 1) /\
None? (FStar.Pervasives.Native.Some t) <==> (l = l) }; got type FStar.Pervasives.Native.option (NegativeTests.BST.tree (l + 1)) (see also NegativeTests.BST.fst(12,36-12,58))
NegativeTests.BST.fst(25,61-25,65): (Warning 252) Subtyping check failed; expected type right:
FStar.Pervasives.Native.option (NegativeTests.BST.tree (l + 1))
{ l <= l /\ l <= l + 1 /\ None? right <==> (l = l + 1) /\
None? (FStar.Pervasives.Native.Some t) <==> (l = l) }; got type FStar.Pervasives.Native.option (NegativeTests.BST.tree (l + 1)) (see also NegativeTests.BST.fst(12,36-12,58))
NegativeTests.BST.fst(28,78-28,87): (Warning 252) Subtyping check failed; expected type right:
FStar.Pervasives.Native.option (NegativeTests.BST.tree (l + 1))
{ l <= l + 1 /\ l + 1 <= l + 1 /\ None? right <==> (l + 1 = l + 1) /\
None? (FStar.Pervasives.Native.Some t1) <==> (l + 1 = l) }; got type FStar.Pervasives.Native.option (NegativeTests.BST.tree (l + 1)) (see also NegativeTests.BST.fst(12,37-12,48))
NegativeTests.BST.fst(28,78-28,87): (Warning 252) Subtyping check failed; expected type right:
FStar.Pervasives.Native.option (NegativeTests.BST.tree (l + 1))
{ l <= l + 1 /\ l + 1 <= l + 1 /\ None? right <==> (l + 1 = l + 1) /\
None? (FStar.Pervasives.Native.Some t1) <==> (l + 1 = l) }; got type FStar.Pervasives.Native.option (NegativeTests.BST.tree (l + 1)) (see also NegativeTests.BST.fst(12,37-12,48))
NegativeTests.BST.fst(28,78-28,87): (Warning 252) Subtyping check failed; expected type right:
FStar.Pervasives.Native.option (NegativeTests.BST.tree (l + 1))
{ l <= l + 1 /\ l + 1 <= l + 1 /\ None? right <==> (l + 1 = l + 1) /\
None? (FStar.Pervasives.Native.Some t1) <==> (l + 1 = l) }; got type FStar.Pervasives.Native.option (NegativeTests.BST.tree (l + 1)) (see also NegativeTests.BST.fst(12,37-12,48))
NegativeTests.BST.fst(28,78-28,87): (Warning 252) Subtyping check failed; expected type right:
FStar.Pervasives.Native.option (NegativeTests.BST.tree (l + 1))
{ l <= l + 1 /\ l + 1 <= l + 1 /\ None? right <==> (l + 1 = l + 1) /\
None? (FStar.Pervasives.Native.Some t1) <==> (l + 1 = l) }; got type FStar.Pervasives.Native.option (NegativeTests.BST.tree (l + 1)) (see also NegativeTests.BST.fst(12,37-12,48))
C:/build/agent1/_work/1/s/ulib/FStar.Bytes.fsti(0,0-0,0): (Warning 241) Absent cache file _cache\FStar.Bytes.fsti.checked; will recheck C:/build/agent1/_work/1/s/ulib/FStar.Bytes.fsti and all subsequent files
C:\build\agent1\_work\1\s\ulib\FStar.UInt.fst(0,0-0,0): (Warning 241) Absent cache file C:\build\agent1\_work\1\s\ulib\FStar.UInt.fst.checked; will recheck C:\build\agent1\_work\1\s\ulib\FStar.UInt.fst and all subsequent files
FStar.Tactics.Effect.fst(87,20-87,29): (Warning 252) Could not prove goal #1 (see also Pruning.fst(68,25-68,45))
FStar.Tactics.Effect.fst(87,20-87,29): (Warning 252) Could not prove goal #1 (see also Pruning.fst(68,25-68,45))
FStar.Tactics.Effect.fst(87,20-87,29): (Warning 252) Could not prove goal #2 (see also Pruning.fst(84,26-84,44))
FStar.Tactics.Effect.fst(87,20-87,29): (Warning 252) Could not prove goal #2 (see also Pruning.fst(84,26-84,44))
Pruning.fst(0,0-0,0): (Warning 247) Pruning.fst.checked was not written, since some of its dependences were not also checked
C:\build\agent1\_work\1\s\ulib\prims.fst(238,30-238,42): (Warning 252) (Hint-replay failed): assertion failed (see also C:\build\agent1\_work\1\s\ulib\prims.fst(210,68-210,80))
Loops.fst(130,8-130,21): (Warning 252) (Hint-replay failed): could not prove post-condition (see also Loops.fst(124,15-127,25))
Loops.fst(140,11-141,45): (Warning 252) (Hint-replay failed): could not prove post-condition
NegativeTests.Heap.fst(11,14-11,20): (Warning 252) assertion failed (see also NegativeTests.Heap.fst(11,21-11,54))
NegativeTests.Heap.fst(11,14-11,20): (Warning 252) assertion failed (see also NegativeTests.Heap.fst(11,21-11,54))
NegativeTests.Heap.fst(11,14-11,20): (Warning 252) assertion failed (see also NegativeTests.Heap.fst(11,21-11,54))
NegativeTests.Heap.fst(11,14-11,20): (Warning 252) assertion failed (see also NegativeTests.Heap.fst(11,21-11,54))
C:/build/agent1/_work/1/s/ulib/FStar.UInt8.fst(0,0-0,0): (Warning 241) Absent cache file _cache\FStar.UInt8.fst.checked; will recheck C:/build/agent1/_work/1/s/ulib/FStar.UInt8.fst and all subsequent files
LowParse.Bytes32.fst(0,0-0,0): (Warning 241) Absent cache file _cache\LowParse.Bytes32.fst.checked; will recheck LowParse.Bytes32.fst and all subsequent files
make[3]: Target 'verify-all' not remade because of errors.
make[2]: *** [Makefile:10: all] Error 2
make[1]: *** [Makefile:39: lowparse.all] Error 2
NegativeTests.ShortCircuiting.fst(6,16-6,33): (Warning 252) Subtyping check failed; expected type b: Prims.bool{NegativeTests.ShortCircuiting.bad_p b}; got type Prims.bool (see also NegativeTests.ShortCircuiting.fst(4,31-4,38))
NegativeTests.ShortCircuiting.fst(6,16-6,33): (Warning 252) Subtyping check failed; expected type b: Prims.bool{NegativeTests.ShortCircuiting.bad_p b}; got type Prims.bool (see also NegativeTests.ShortCircuiting.fst(4,31-4,38))
NegativeTests.ShortCircuiting.fst(6,16-6,33): (Warning 252) Subtyping check failed; expected type b: Prims.bool{NegativeTests.ShortCircuiting.bad_p b}; got type Prims.bool (see also NegativeTests.ShortCircuiting.fst(4,31-4,38))
NegativeTests.ShortCircuiting.fst(6,16-6,33): (Warning 252) Subtyping check failed; expected type b: Prims.bool{NegativeTests.ShortCircuiting.bad_p b}; got type Prims.bool (see also NegativeTests.ShortCircuiting.fst(4,31-4,38))
C:\build\agent1\_work\1\s\ulib\prims.fst(238,30-238,42): (Warning 252) assertion failed (see also C:\build\agent1\_work\1\s\ulib\prims.fst(210,68-210,80))
C:\build\agent1\_work\1\s\ulib\prims.fst(238,30-238,42): (Warning 252) assertion failed (see also C:\build\agent1\_work\1\s\ulib\prims.fst(210,68-210,80))
C:\build\agent1\_work\1\s\ulib\prims.fst(238,30-238,42): (Warning 252) assertion failed (see also C:\build\agent1\_work\1\s\ulib\prims.fst(210,68-210,80))
C:\build\agent1\_work\1\s\ulib\prims.fst(238,30-238,42): (Warning 252) assertion failed (see also C:\build\agent1\_work\1\s\ulib\prims.fst(210,68-210,80))
C:\build\agent1\_work\1\s\ulib\FStar.UInt.fst(0,0-0,0): (Warning 241) Absent cache file C:\build\agent1\_work\1\s\ulib\FStar.UInt.fst.checked; will recheck C:\build\agent1\_work\1\s\ulib\FStar.UInt.fst and all subsequent files
Retype.fst(0,0-0,0): (Warning 247) Retype.fst.checked was not written, since some of its dependences were not also checked
C:/build/agent1/_work/1/s/ulib/FStar.Int32.fst(0,0-0,0): (Warning 241) Absent cache file _cache\FStar.Int32.fst.checked; will recheck C:/build/agent1/_work/1/s/ulib/FStar.Int32.fst and all subsequent files
NegativeTests.Bug260.fst(11,12-11,19): (Warning 252) Subtyping check failed; expected type NegativeTests.Bug260.validity (NegativeTests.Bug260.S (NegativeTests.Bug260.S t)); got type NegativeTests.Bug260.validity (NegativeTests.Bug260.S t) (see also NegativeTests.Bug260.fst(8,37-11,8))
NegativeTests.Bug260.fst(11,12-11,19): (Warning 252) Subtyping check failed; expected type NegativeTests.Bug260.validity (NegativeTests.Bug260.S (NegativeTests.Bug260.S t)); got type NegativeTests.Bug260.validity (NegativeTests.Bug260.S t) (see also NegativeTests.Bug260.fst(8,37-11,8))
NegativeTests.Bug260.fst(11,12-11,19): (Warning 252) Subtyping check failed; expected type NegativeTests.Bug260.validity (NegativeTests.Bug260.S (NegativeTests.Bug260.S t)); got type NegativeTests.Bug260.validity (NegativeTests.Bug260.S t) (see also NegativeTests.Bug260.fst(8,37-11,8))
NegativeTests.Bug260.fst(11,12-11,19): (Warning 252) Subtyping check failed; expected type NegativeTests.Bug260.validity (NegativeTests.Bug260.S (NegativeTests.Bug260.S t)); got type NegativeTests.Bug260.validity (NegativeTests.Bug260.S t) (see also NegativeTests.Bug260.fst(8,37-11,8))
IfcExampleReify2.fst(36,49-36,77): (Warning 252) (Hint-replay failed): could not prove post-condition
IfcExampleReify2.fst(41,41-41,57): (Warning 252) (Hint-replay failed): Subtyping check failed; expected type cl:
(WhileReify.com * IfcRulesReify.label)
{ IfcRulesReify.ni_com IfcExampleReify2.env
(FStar.Pervasives.Native.fst cl)
(FStar.Pervasives.Native.snd cl) }; got type WhileReify.com * IfcRulesReify.label (see also IfcTypechecker.fst(74,68-74,96))
IfcExampleReify2.fst(41,41-41,57): (Warning 252) (Hint-replay failed): Subtyping check failed; expected type cl:
(WhileReify.com * IfcRulesReify.label)
{ IfcRulesReify.ni_com IfcExampleReify2.env
(FStar.Pervasives.Native.fst cl)
(FStar.Pervasives.Native.snd cl) }; got type WhileReify.com * IfcRulesReify.label (see also IfcTypechecker.fst(74,68-74,96))
C:/build/agent1/_work/1/s/ulib/FStar.Int64.fst(0,0-0,0): (Warning 241) Absent cache file _cache\FStar.Int64.fst.checked; will recheck C:/build/agent1/_work/1/s/ulib/FStar.Int64.fst and all subsequent files
C:\build\agent1\_work\1\s\ulib\FStar.BitVector.fst(0,0-0,0): (Warning 241) Stale cache file C:\build\agent1\_work\1\s\ulib\FStar.BitVector.fst.checked; will recheck C:\build\agent1\_work\1\s\ulib\FStar.BitVector.fst and all subsequent files
C:\build\agent1\_work\1\s\ulib\FStar.UInt.fst(0,0-0,0): (Warning 241) Absent cache file C:\build\agent1\_work\1\s\ulib\FStar.UInt.fst.checked; will recheck C:\build\agent1\_work\1\s\ulib\FStar.UInt.fst and all subsequent files
Sequences.fst(0,0-0,0): (Warning 247) Sequences.fst.checked was not written, since some of its dependences were not also checked
IfcRulesReify.fst(168,4-168,11): (Warning 252) (Hint-replay failed): could not prove post-condition (see also IfcRulesReify.fst(167,18-167,36))
IfcRulesReify.fst(202,4-202,10): (Warning 252) (Hint-replay failed): assertion failed (see also C:\build\agent1\_work\1\s\ulib\prims.fst(233,92-233,105))
IfcRulesReify.fst(196,9-196,47): (Warning 252) (Hint-replay failed): could not prove post-condition
IfcRulesReify.fst(222,12-222,69): (Warning 252) (Hint-replay failed): could not prove post-condition
C:\build\agent1\_work\1\s\ulib\prims.fst(238,30-238,42): (Warning 252) (Hint-replay failed): assertion failed (see also C:\build\agent1\_work\1\s\ulib\prims.fst(210,68-210,80))
IfcRulesReify.fst(235,4-235,16): (Warning 252) (Hint-replay failed): could not prove post-condition (see also IfcRulesReify.fst(234,13-234,44))
IfcRulesReify.fst(359,10-359,16): (Warning 252) (Hint-replay failed): assertion failed (see also IfcRulesReify.fst(359,39-359,64))
IfcRulesReify.fst(383,4-383,12): (Warning 252) (Hint-replay failed): could not prove post-condition (see also IfcRulesReify.fst(382,8-382,30))
IfcRulesReify.fst(419,19-419,58): (Warning 252) (Hint-replay failed): could not prove post-condition
IfcRulesReify.fst(424,17-424,23): (Warning 252) (Hint-replay failed): assertion failed (see also C:\build\agent1\_work\1\s\ulib\prims.fst(233,92-233,105))
IfcRulesReify.fst(422,8-422,22): (Warning 252) (Hint-replay failed): could not prove post-condition (see also IfcRulesReify.fst(402,16-402,49))
IfcRulesReify.fst(452,6-452,12): (Warning 252) (Hint-replay failed): assertion failed (see also IfcRulesReify.fst(452,35-452,60))
C:/build/agent1/_work/1/s/ulib/FStar.Int63.fst(0,0-0,0): (Warning 241) Absent cache file _cache\FStar.Int63.fst.checked; will recheck C:/build/agent1/_work/1/s/ulib/FStar.Int63.fst and all subsequent files
NegativeTests.Neg.fst(5,8-5,10): (Warning 252) Subtyping check failed; expected type Prims.nat; got type Prims.int (see also C:\build\agent1\_work\1\s\ulib\prims.fst(406,17-406,23))
NegativeTests.Neg.fst(5,8-5,10): (Warning 252) Subtyping check failed; expected type Prims.nat; got type Prims.int (see also C:\build\agent1\_work\1\s\ulib\prims.fst(406,17-406,23))
NegativeTests.Neg.fst(5,8-5,10): (Warning 252) Subtyping check failed; expected type Prims.nat; got type Prims.int (see also C:\build\agent1\_work\1\s\ulib\prims.fst(406,17-406,23))
NegativeTests.Neg.fst(5,8-5,10): (Warning 252) Subtyping check failed; expected type Prims.nat; got type Prims.int (see also C:\build\agent1\_work\1\s\ulib\prims.fst(406,17-406,23))
NegativeTests.Neg.fst(8,8-8,10): (Warning 252) Subtyping check failed; expected type Prims.nat; got type Prims.int (see also C:\build\agent1\_work\1\s\ulib\prims.fst(406,17-406,23))
NegativeTests.Neg.fst(8,8-8,10): (Warning 252) Subtyping check failed; expected type Prims.nat; got type Prims.int (see also C:\build\agent1\_work\1\s\ulib\prims.fst(406,17-406,23))
NegativeTests.Neg.fst(8,8-8,10): (Warning 252) Subtyping check failed; expected type Prims.nat; got type Prims.int (see also C:\build\agent1\_work\1\s\ulib\prims.fst(406,17-406,23))
NegativeTests.Neg.fst(8,8-8,10): (Warning 252) Subtyping check failed; expected type Prims.nat; got type Prims.int (see also C:\build\agent1\_work\1\s\ulib\prims.fst(406,17-406,23))
NegativeTests.Neg.fst(11,23-11,29): (Warning 252) assertion failed (see also NegativeTests.Neg.fst(11,30-11,35))
NegativeTests.Neg.fst(11,23-11,29): (Warning 252) assertion failed (see also NegativeTests.Neg.fst(11,30-11,35))
NegativeTests.Neg.fst(11,23-11,29): (Warning 252) assertion failed (see also NegativeTests.Neg.fst(11,30-11,35))
NegativeTests.Neg.fst(11,23-11,29): (Warning 252) assertion failed (see also NegativeTests.Neg.fst(11,30-11,35))
NegativeTests.Neg.fst(14,28-15,15): (Warning 252) Patterns are incomplete
NegativeTests.Neg.fst(14,28-15,15): (Warning 252) Patterns are incomplete
NegativeTests.Neg.fst(14,28-15,15): (Warning 252) Patterns are incomplete
NegativeTests.Neg.fst(14,28-15,15): (Warning 252) Patterns are incomplete
NegativeTests.Neg.fst(22,32-22,42): (Warning 252) assertion failed (see also NegativeTests.Neg.fst(17,44-17,57))
NegativeTests.Neg.fst(22,32-22,42): (Warning 252) assertion failed (see also NegativeTests.Neg.fst(17,44-17,57))
NegativeTests.Neg.fst(22,32-22,42): (Warning 252) assertion failed (see also NegativeTests.Neg.fst(17,44-17,57))
NegativeTests.Neg.fst(22,32-22,42): (Warning 252) assertion failed (see also NegativeTests.Neg.fst(17,44-17,57))
NegativeTests.Neg.fst(26,4-26,28): (Warning 252) could not prove post-condition (see also NegativeTests.Neg.fst(24,83-24,88))
NegativeTests.Neg.fst(26,4-26,28): (Warning 252) could not prove post-condition (see also NegativeTests.Neg.fst(24,83-24,88))
NegativeTests.Neg.fst(26,4-26,28): (Warning 252) could not prove post-condition (see also NegativeTests.Neg.fst(24,83-24,88))
NegativeTests.Neg.fst(26,4-26,28): (Warning 252) could not prove post-condition (see also NegativeTests.Neg.fst(24,83-24,88))
NegativeTests.Neg.fst(30,30-30,31): (Warning 252) Subtyping check failed; expected type _: FStar.Pervasives.Native.option 'a {Some? _}; got type FStar.Pervasives.Native.option 'a (see also C:\build\agent1\_work\1\s\ulib\FStar.Pervasives.Native.fst(6,4-6,8))
NegativeTests.Neg.fst(30,30-30,31): (Warning 252) Subtyping check failed; expected type _: FStar.Pervasives.Native.option 'a {Some? _}; got type FStar.Pervasives.Native.option 'a (see also C:\build\agent1\_work\1\s\ulib\FStar.Pervasives.Native.fst(6,4-6,8))
NegativeTests.Neg.fst(30,30-30,31): (Warning 252) Subtyping check failed; expected type _: FStar.Pervasives.Native.option 'a {Some? _}; got type FStar.Pervasives.Native.option 'a (see also C:\build\agent1\_work\1\s\ulib\FStar.Pervasives.Native.fst(6,4-6,8))
NegativeTests.Neg.fst(30,30-30,31): (Warning 252) Subtyping check failed; expected type _: FStar.Pervasives.Native.option 'a {Some? _}; got type FStar.Pervasives.Native.option 'a (see also C:\build\agent1\_work\1\s\ulib\FStar.Pervasives.Native.fst(6,4-6,8))
NegativeTests.Neg.fst(34,45-34,47): (Warning 252) Subtyping check failed; expected type _: FStar.Pervasives.result Prims.int {V? _}; got type FStar.Pervasives.result Prims.int (see also C:\build\agent1\_work\1\s\ulib\FStar.Pervasives.fst(88,4-88,5))
NegativeTests.Neg.fst(34,45-34,47): (Warning 252) Subtyping check failed; expected type _: FStar.Pervasives.result Prims.int {V? _}; got type FStar.Pervasives.result Prims.int (see also C:\build\agent1\_work\1\s\ulib\FStar.Pervasives.fst(88,4-88,5))
NegativeTests.Neg.fst(34,45-34,47): (Warning 252) Subtyping check failed; expected type _: FStar.Pervasives.result Prims.int {V? _}; got type FStar.Pervasives.result Prims.int (see also C:\build\agent1\_work\1\s\ulib\FStar.Pervasives.fst(88,4-88,5))
NegativeTests.Neg.fst(34,45-34,47): (Warning 252) Subtyping check failed; expected type _: FStar.Pervasives.result Prims.int {V? _}; got type FStar.Pervasives.result Prims.int (see also C:\build\agent1\_work\1\s\ulib\FStar.Pervasives.fst(88,4-88,5))
NegativeTests.Neg.fst(39,25-39,26): (Warning 252) Subtyping check failed; expected type Prims.nat; got type Prims.int (see also C:\build\agent1\_work\1\s\ulib\prims.fst(406,17-406,23))
NegativeTests.Neg.fst(39,25-39,26): (Warning 252) Subtyping check failed; expected type Prims.nat; got type Prims.int (see also C:\build\agent1\_work\1\s\ulib\prims.fst(406,17-406,23))
NegativeTests.Neg.fst(39,25-39,26): (Warning 252) Subtyping check failed; expected type Prims.nat; got type Prims.int (see also C:\build\agent1\_work\1\s\ulib\prims.fst(406,17-406,23))
NegativeTests.Neg.fst(39,25-39,26): (Warning 252) Subtyping check failed; expected type Prims.nat; got type Prims.int (see also C:\build\agent1\_work\1\s\ulib\prims.fst(406,17-406,23))
Test.HyperStack.fst(253,27-253,36): (Warning 288) FStar.HyperStack.ST.salloc_mm is deprecated, use use salloc instead instead
Test.HyperStack.fst(262,10-262,15): (Warning 288) FStar.HyperStack.ST.sfree is deprecated, use use salloc instead instead
Test.HyperStack.fst(272,27-272,36): (Warning 288) FStar.HyperStack.ST.salloc_mm is deprecated, use use salloc instead instead
Test.HyperStack.fst(82,4-82,6): (Warning 252) (Hint-replay failed): assertion failed (see also C:\build\agent1\_work\1\s\ulib\FStar.HyperStack.ST.fst(523,27-523,50))
Test.HyperStack.fst(102,4-102,6): (Warning 252) (Hint-replay failed): assertion failed (see also C:\build\agent1\_work\1\s\ulib\FStar.HyperStack.ST.fst(523,27-523,50))
Test.HyperStack.fst(126,2-126,28): (Warning 252) (Hint-replay failed): assertion failed (see also Test.HyperStack.fst(107,22-107,34))
Test.HyperStack.fst(139,2-139,28): (Warning 252) (Hint-replay failed): assertion failed (see also Test.HyperStack.fst(107,22-107,34))
Test.HyperStack.fst(152,2-152,28): (Warning 252) (Hint-replay failed): assertion failed (see also Test.HyperStack.fst(107,22-107,34))
Test.HyperStack.fst(165,2-165,28): (Warning 252) (Hint-replay failed): assertion failed (see also Test.HyperStack.fst(107,22-107,34))
Test.HyperStack.fst(175,4-175,6): (Warning 252) (Hint-replay failed): assertion failed (see also C:\build\agent1\_work\1\s\ulib\FStar.HyperStack.ST.fst(523,27-523,50))
Test.HyperStack.fst(206,4-206,6): (Warning 252) (Hint-replay failed): assertion failed (see also C:\build\agent1\_work\1\s\ulib\FStar.HyperStack.ST.fst(523,27-523,50))
Test.HyperStack.fst(260,10-260,11): (Warning 252) (Hint-replay failed): assertion failed (see also C:\build\agent1\_work\1\s\ulib\FStar.HyperStack.ST.fst(542,31-542,54))
C:\build\agent1\_work\1\s\ulib\FStar.UInt.fst(0,0-0,0): (Warning 241) Absent cache file C:\build\agent1\_work\1\s\ulib\FStar.UInt.fst.checked; will recheck C:\build\agent1\_work\1\s\ulib\FStar.UInt.fst and all subsequent files
Tutorial.fst(0,0-0,0): (Warning 247) Tutorial.fst.checked was not written, since some of its dependences were not also checked
C:/build/agent1/_work/1/s/ulib/FStar.Int16.fst(0,0-0,0): (Warning 241) Absent cache file _cache\FStar.Int16.fst.checked; will recheck C:/build/agent1/_work/1/s/ulib/FStar.Int16.fst and all subsequent files
C:\build\agent1\_work\1\s\ulib\prims.fst(224,22-224,35): (Warning 252) assertion failed (see also C:\build\agent1\_work\1\s\ulib\prims.fst(204,69-204,78))
C:\build\agent1\_work\1\s\ulib\prims.fst(224,22-224,35): (Warning 252) assertion failed (see also C:\build\agent1\_work\1\s\ulib\prims.fst(204,69-204,78))
C:\build\agent1\_work\1\s\ulib\prims.fst(224,22-224,35): (Warning 252) assertion failed (see also C:\build\agent1\_work\1\s\ulib\prims.fst(204,69-204,78))
C:\build\agent1\_work\1\s\ulib\prims.fst(224,22-224,35): (Warning 252) assertion failed (see also C:\build\agent1\_work\1\s\ulib\prims.fst(204,69-204,78))
NegativeTests.Termination.fst(6,26-6,27): (Warning 252) Subtyping check failed; expected type m: Prims.int{m << %[ m; l ]}; got type Prims.int (see also NegativeTests.Termination.fst(6,20-6,29))
NegativeTests.Termination.fst(6,26-6,27): (Warning 252) Subtyping check failed; expected type m: Prims.int{m << %[ m; l ]}; got type Prims.int (see also NegativeTests.Termination.fst(6,20-6,29))
NegativeTests.Termination.fst(6,26-6,27): (Warning 252) Subtyping check failed; expected type m: Prims.int{m << %[ m; l ]}; got type Prims.int (see also NegativeTests.Termination.fst(6,20-6,29))
NegativeTests.Termination.fst(6,26-6,27): (Warning 252) Subtyping check failed; expected type m: Prims.int{m << %[ m; l ]}; got type Prims.int (see also NegativeTests.Termination.fst(6,20-6,29))
NegativeTests.Termination.fst(13,26-13,35): (Warning 252) Subtyping check failed; expected type _: Prims.int{%[ n; _ ] << %[ n; count ]}; got type Prims.int (see also NegativeTests.Termination.fst(11,2-13,35))
NegativeTests.Termination.fst(13,26-13,35): (Warning 252) Subtyping check failed; expected type _: Prims.int{%[ n; _ ] << %[ n; count ]}; got type Prims.int (see also NegativeTests.Termination.fst(11,2-13,35))
NegativeTests.Termination.fst(13,26-13,35): (Warning 252) Subtyping check failed; expected type _: Prims.int{%[ n; _ ] << %[ n; count ]}; got type Prims.int (see also NegativeTests.Termination.fst(11,2-13,35))
NegativeTests.Termination.fst(13,26-13,35): (Warning 252) Subtyping check failed; expected type _: Prims.int{%[ n; _ ] << %[ n; count ]}; got type Prims.int (see also NegativeTests.Termination.fst(11,2-13,35))
NegativeTests.Termination.fst(20,43-20,44): (Warning 252) Subtyping check failed; expected type n: Prims.int{%[ m - 1; n ] << %[ m; n ]}; got type Prims.int (see also NegativeTests.Termination.fst(19,2-21,54))
NegativeTests.Termination.fst(20,43-20,44): (Warning 252) Subtyping check failed; expected type n: Prims.int{%[ m - 1; n ] << %[ m; n ]}; got type Prims.int (see also NegativeTests.Termination.fst(19,2-21,54))
NegativeTests.Termination.fst(20,43-20,44): (Warning 252) Subtyping check failed; expected type n: Prims.int{%[ m - 1; n ] << %[ m; n ]}; got type Prims.int (see also NegativeTests.Termination.fst(19,2-21,54))
NegativeTests.Termination.fst(20,43-20,44): (Warning 252) Subtyping check failed; expected type n: Prims.int{%[ m - 1; n ] << %[ m; n ]}; got type Prims.int (see also NegativeTests.Termination.fst(19,2-21,54))
NegativeTests.Termination.fst(27,28-27,29): (Warning 252) Subtyping check failed; expected type _: Prims.list 'a {_ << l}; got type Prims.list 'a (see also NegativeTests.Termination.fst(25,23-27,29))
NegativeTests.Termination.fst(27,28-27,29): (Warning 252) Subtyping check failed; expected type _: Prims.list 'a {_ << l}; got type Prims.list 'a (see also NegativeTests.Termination.fst(25,23-27,29))
NegativeTests.Termination.fst(27,28-27,29): (Warning 252) Subtyping check failed; expected type _: Prims.list 'a {_ << l}; got type Prims.list 'a (see also NegativeTests.Termination.fst(25,23-27,29))
NegativeTests.Termination.fst(27,28-27,29): (Warning 252) Subtyping check failed; expected type _: Prims.list 'a {_ << l}; got type Prims.list 'a (see also NegativeTests.Termination.fst(25,23-27,29))
NegativeTests.Termination.fst(40,15-40,29): (Warning 252) Subtyping check failed; expected type x: Prims.nat{x <= v} -> Prims.Tot Prims.nat; got type _: _: Prims.nat{_ << v} -> Prims.Tot Prims.nat (see also NegativeTests.Termination.fst(38,2-40,29))
NegativeTests.Termination.fst(40,15-40,29): (Warning 252) Subtyping check failed; expected type x: Prims.nat{x <= v} -> Prims.Tot Prims.nat; got type _: _: Prims.nat{_ << v} -> Prims.Tot Prims.nat (see also NegativeTests.Termination.fst(38,2-40,29))
NegativeTests.Termination.fst(40,15-40,29): (Warning 252) Subtyping check failed; expected type x: Prims.nat{x <= v} -> Prims.Tot Prims.nat; got type _: _: Prims.nat{_ << v} -> Prims.Tot Prims.nat (see also NegativeTests.Termination.fst(38,2-40,29))
NegativeTests.Termination.fst(40,15-40,29): (Warning 252) Subtyping check failed; expected type x: Prims.nat{x <= v} -> Prims.Tot Prims.nat; got type _: _: Prims.nat{_ << v} -> Prims.Tot Prims.nat (see also NegativeTests.Termination.fst(38,2-40,29))
NegativeTests.Termination.fst(52,19-52,29): (Warning 252) Subtyping check failed; expected type _: NegativeTests.Termination.snat{_ << n}; got type NegativeTests.Termination.snat (see also NegativeTests.Termination.fst(49,2-52,29))
NegativeTests.Termination.fst(52,19-52,29): (Warning 252) Subtyping check failed; expected type _: NegativeTests.Termination.snat{_ << n}; got type NegativeTests.Termination.snat (see also NegativeTests.Termination.fst(49,2-52,29))
NegativeTests.Termination.fst(52,19-52,29): (Warning 252) Subtyping check failed; expected type _: NegativeTests.Termination.snat{_ << n}; got type NegativeTests.Termination.snat (see also NegativeTests.Termination.fst(49,2-52,29))
NegativeTests.Termination.fst(52,19-52,29): (Warning 252) Subtyping check failed; expected type _: NegativeTests.Termination.snat{_ << n}; got type NegativeTests.Termination.snat (see also NegativeTests.Termination.fst(49,2-52,29))
NegativeTests.Termination.fst(60,34-60,35): (Warning 252) Subtyping check failed; expected type _:
NegativeTests.Termination.snat
{%[ NegativeTests.Termination.S (NegativeTests.Termination.S n'); _ ] << %[ n; m ]}; got type NegativeTests.Termination.snat (see also NegativeTests.Termination.fst(57,2-60,35))
NegativeTests.Termination.fst(60,34-60,35): (Warning 252) Subtyping check failed; expected type _:
NegativeTests.Termination.snat
{%[ NegativeTests.Termination.S (NegativeTests.Termination.S n'); _ ] << %[ n; m ]}; got type NegativeTests.Termination.snat (see also NegativeTests.Termination.fst(57,2-60,35))
NegativeTests.Termination.fst(60,34-60,35): (Warning 252) Subtyping check failed; expected type _:
NegativeTests.Termination.snat
{%[ NegativeTests.Termination.S (NegativeTests.Termination.S n'); _ ] << %[ n; m ]}; got type NegativeTests.Termination.snat (see also NegativeTests.Termination.fst(57,2-60,35))
NegativeTests.Termination.fst(60,34-60,35): (Warning 252) Subtyping check failed; expected type _:
NegativeTests.Termination.snat
{%[ NegativeTests.Termination.S (NegativeTests.Termination.S n'); _ ] << %[ n; m ]}; got type NegativeTests.Termination.snat (see also NegativeTests.Termination.fst(57,2-60,35))
NegativeTests.Termination.fst(65,2-67,14): (Warning 252) Patterns are incomplete
NegativeTests.Termination.fst(65,2-67,14): (Warning 252) Patterns are incomplete
NegativeTests.Termination.fst(65,2-67,14): (Warning 252) Patterns are incomplete
NegativeTests.Termination.fst(65,2-67,14): (Warning 252) Patterns are incomplete
NegativeTests.Termination.fst(74,29-74,31): (Warning 252) Subtyping check failed; expected type _: NegativeTests.Termination.snat{%[ NegativeTests.Termination.S n'; _ ] << %[ n; m ]}; got type NegativeTests.Termination.snat (see also NegativeTests.Termination.fst(71,38-72,2))
NegativeTests.Termination.fst(74,29-74,31): (Warning 252) Subtyping check failed; expected type _: NegativeTests.Termination.snat{%[ NegativeTests.Termination.S n'; _ ] << %[ n; m ]}; got type NegativeTests.Termination.snat (see also NegativeTests.Termination.fst(71,38-72,2))
NegativeTests.Termination.fst(74,29-74,31): (Warning 252) Subtyping check failed; expected type _: NegativeTests.Termination.snat{%[ NegativeTests.Termination.S n'; _ ] << %[ n; m ]}; got type NegativeTests.Termination.snat (see also NegativeTests.Termination.fst(71,38-72,2))
NegativeTests.Termination.fst(74,29-74,31): (Warning 252) Subtyping check failed; expected type _: NegativeTests.Termination.snat{%[ NegativeTests.Termination.S n'; _ ] << %[ n; m ]}; got type NegativeTests.Termination.snat (see also NegativeTests.Termination.fst(71,38-72,2))
NegativeTests.Termination.fst(81,20-81,26): (Warning 252) Subtyping check failed; expected type _: NegativeTests.Termination.snat{_ << n}; got type NegativeTests.Termination.snat (see also NegativeTests.Termination.fst(78,25-79,2))
NegativeTests.Termination.fst(81,20-81,26): (Warning 252) Subtyping check failed; expected type _: NegativeTests.Termination.snat{_ << n}; got type NegativeTests.Termination.snat (see also NegativeTests.Termination.fst(78,25-79,2))
NegativeTests.Termination.fst(81,20-81,26): (Warning 252) Subtyping check failed; expected type _: NegativeTests.Termination.snat{_ << n}; got type NegativeTests.Termination.snat (see also NegativeTests.Termination.fst(78,25-79,2))
NegativeTests.Termination.fst(81,20-81,26): (Warning 252) Subtyping check failed; expected type _: NegativeTests.Termination.snat{_ << n}; got type NegativeTests.Termination.snat (see also NegativeTests.Termination.fst(78,25-79,2))
C:/build/agent1/_work/1/s/ulib/FStar.Int8.fst(0,0-0,0): (Warning 241) Absent cache file _cache\FStar.Int8.fst.checked; will recheck C:/build/agent1/_work/1/s/ulib/FStar.Int8.fst and all subsequent files
C:\build\agent1\_work\1\s\ulib\prims.fst(238,30-238,42): (Warning 252) assertion failed (see also C:\build\agent1\_work\1\s\ulib\prims.fst(210,68-210,80))
C:\build\agent1\_work\1\s\ulib\prims.fst(238,30-238,42): (Warning 252) assertion failed (see also C:\build\agent1\_work\1\s\ulib\prims.fst(210,68-210,80))
C:\build\agent1\_work\1\s\ulib\prims.fst(238,30-238,42): (Warning 252) assertion failed (see also C:\build\agent1\_work\1\s\ulib\prims.fst(210,68-210,80))
C:\build\agent1\_work\1\s\ulib\prims.fst(238,30-238,42): (Warning 252) assertion failed (see also C:\build\agent1\_work\1\s\ulib\prims.fst(210,68-210,80))
C:\build\agent1\_work\1\s\ulib\FStar.UInt32.fst(0,0-0,0): (Warning 241) Absent cache file C:\build\agent1\_work\1\s\ulib\FStar.UInt32.fst.checked; will recheck C:\build\agent1\_work\1\s\ulib\FStar.UInt32.fst and all subsequent files
Unify.fst(0,0-0,0): (Warning 247) Unify.fst.checked was not written, since some of its dependences were not also checked
C:/build/agent1/_work/1/s/ulib/FStar.UInt32.fst(0,0-0,0): (Warning 241) Absent cache file C:/build/agent1/_work/1/s/ulib/FStar.UInt32.fst.checked; will recheck C:/build/agent1/_work/1/s/ulib/FStar.UInt32.fst and all subsequent files
C:\build\agent1\_work\1\s\ulib\prims.fst(238,30-238,42): (Warning 252) (Hint-replay failed): assertion failed (see also C:\build\agent1\_work\1\s\ulib\prims.fst(210,68-210,80))
ProgramEquivalence.fst(154,20-154,65): (Warning 252) (Hint-replay failed): could not prove post-condition
NegativeTests.Set.fst(13,9-13,30): (Warning 252) assertion failed
NegativeTests.Set.fst(13,9-13,30): (Warning 252) assertion failed
NegativeTests.Set.fst(13,9-13,30): (Warning 252) assertion failed
NegativeTests.Set.fst(13,9-13,30): (Warning 252) assertion failed
NegativeTests.Set.fst(18,9-18,67): (Warning 252) assertion failed
NegativeTests.Set.fst(18,9-18,67): (Warning 252) assertion failed
NegativeTests.Set.fst(18,9-18,67): (Warning 252) assertion failed
NegativeTests.Set.fst(18,9-18,67): (Warning 252) assertion failed
NegativeTests.Set.fst(23,9-23,52): (Warning 252) assertion failed
NegativeTests.Set.fst(23,9-23,52): (Warning 252) assertion failed
NegativeTests.Set.fst(23,9-23,52): (Warning 252) assertion failed
NegativeTests.Set.fst(23,9-23,52): (Warning 252) assertion failed
C:\build\agent1\_work\1\s\ulib\FStar.Tactics.Effect.fst(13,38-13,49): (Warning 252) (Hint-replay failed): assertion failed
C:\build\agent1\_work\1\s\ulib\FStar.Tactics.Effect.fst(13,38-13,49): (Warning 252) (Hint-replay failed): assertion failed
C:/build/agent1/_work/1/s/ulib/FStar.UInt64.fst(0,0-0,0): (Warning 241) Absent cache file _cache\FStar.UInt64.fst.checked; will recheck C:/build/agent1/_work/1/s/ulib/FStar.UInt64.fst and all subsequent files
C:/build/agent1/_work/1/s/ulib/FStar.UInt63.fst(0,0-0,0): (Warning 241) Absent cache file _cache\FStar.UInt63.fst.checked; will recheck C:/build/agent1/_work/1/s/ulib/FStar.UInt63.fst and all subsequent files
C:/build/agent1/_work/1/s/ulib/FStar.Int32.fst(0,0-0,0): (Warning 241) Absent cache file C:/build/agent1/_work/1/s/ulib/FStar.Int32.fst.checked; will recheck C:/build/agent1/_work/1/s/ulib/FStar.Int32.fst and all subsequent files
FStar.UInt.fst(0,0-0,0): (Warning 241) Absent cache file FStar.UInt.fst.checked; will recheck FStar.UInt.fst and all subsequent files
C:/build/agent1/_work/1/s/ulib/FStar.String.fsti(0,0-0,0): (Warning 241) Absent cache file _cache\FStar.String.fsti.checked; will recheck C:/build/agent1/_work/1/s/ulib/FStar.String.fsti and all subsequent files
C:/build/agent1/_work/1/s/ulib/FStar.UInt8.fst(0,0-0,0): (Warning 241) Absent cache file C:/build/agent1/_work/1/s/ulib/FStar.UInt8.fst.checked; will recheck C:/build/agent1/_work/1/s/ulib/FStar.UInt8.fst and all subsequent files
make[3]: Target 'all' not remade because of errors.
make[2]: *** [Makefile:6: low-star.all] Error 2
make[2]: Target 'all' not remade because of errors.
make[1]: *** [Makefile:39: demos.all] Error 2
C:/build/agent1/_work/1/s/ulib/FStar.Int31.fst(0,0-0,0): (Warning 241) Absent cache file _cache\FStar.Int31.fst.checked; will recheck C:/build/agent1/_work/1/s/ulib/FStar.Int31.fst and all subsequent files
C:/build/agent1/_work/1/s/ulib/FStar.Int128.fst(0,0-0,0): (Warning 241) Absent cache file _cache\FStar.Int128.fst.checked; will recheck C:/build/agent1/_work/1/s/ulib/FStar.Int128.fst and all subsequent files
C:/build/agent1/_work/1/s/ulib/FStar.UInt16.fst(0,0-0,0): (Warning 241) Absent cache file _cache\FStar.UInt16.fst.checked; will recheck C:/build/agent1/_work/1/s/ulib/FStar.UInt16.fst and all subsequent files
C:/build/agent1/_work/1/s/ulib/FStar.UInt128.fsti(0,0-0,0): (Warning 241) Absent cache file _cache\FStar.UInt128.fsti.checked; will recheck C:/build/agent1/_work/1/s/ulib/FStar.UInt128.fsti and all subsequent files
C:/build/agent1/_work/1/s/ulib/FStar.UInt31.fst(0,0-0,0): (Warning 241) Absent cache file _cache\FStar.UInt31.fst.checked; will recheck C:/build/agent1/_work/1/s/ulib/FStar.UInt31.fst and all subsequent files
FStar.BV.fsti(0,0-0,0): (Warning 241) Absent cache file FStar.BV.fsti.checked; will recheck FStar.BV.fsti and all subsequent files
FStar.UInt32.fst(0,0-0,0): (Warning 241) Stale cache file FStar.UInt32.fst.checked; will recheck FStar.UInt32.fst and all subsequent files
C:/build/agent1/_work/1/s/ulib/FStar.BaseTypes.fsti(0,0-0,0): (Warning 241) Absent cache file _cache\FStar.BaseTypes.fsti.checked; will recheck C:/build/agent1/_work/1/s/ulib/FStar.BaseTypes.fsti and all subsequent files
C:/build/agent1/_work/1/s/ulib/FStar.Reflection.Derived.fst(0,0-0,0): (Warning 241) Absent cache file _cache\FStar.Reflection.Derived.fst.checked; will recheck C:/build/agent1/_work/1/s/ulib/FStar.Reflection.Derived.fst and all subsequent files
C:/build/agent1/_work/1/s/ulib/FStar.Bytes.fsti(0,0-0,0): (Warning 241) Absent cache file _cache\FStar.Bytes.fsti.checked; will recheck C:/build/agent1/_work/1/s/ulib/FStar.Bytes.fsti and all subsequent files
FStar.Int32.fst(0,0-0,0): (Warning 241) Stale cache file FStar.Int32.fst.checked; will recheck FStar.Int32.fst and all subsequent files
C:/build/agent1/_work/1/s/ulib/FStar.Reflection.Derived.Lemmas.fst(0,0-0,0): (Warning 241) Absent cache file _cache\FStar.Reflection.Derived.Lemmas.fst.checked; will recheck C:/build/agent1/_work/1/s/ulib/FStar.Reflection.Derived.Lemmas.fst and all subsequent files
FStar.Char.fsti(0,0-0,0): (Warning 241) Absent cache file FStar.Char.fsti.checked; will recheck FStar.Char.fsti and all subsequent files
C:/build/agent1/_work/1/s/ulib/FStar.Crypto.fst(0,0-0,0): (Warning 241) Absent cache file _cache\FStar.Crypto.fst.checked; will recheck C:/build/agent1/_work/1/s/ulib/FStar.Crypto.fst and all subsequent files
C:/build/agent1/_work/1/s/ulib/FStar.Reflection.fst(0,0-0,0): (Warning 241) Absent cache file _cache\FStar.Reflection.fst.checked; will recheck C:/build/agent1/_work/1/s/ulib/FStar.Reflection.fst and all subsequent files
FStar.BV.fst(0,0-0,0): (Warning 241) Absent cache file FStar.BV.fst.checked; will recheck FStar.BV.fst and all subsequent files
Serializer.fst(98,48-98,51): (Warning 252) (Hint-replay failed): Subtyping check failed; expected type len: FStar.UInt32.t{FStar.UInt32.v len <= FStar.UInt32.v (BSlice?.len b)}; got type FStar.UInt32.t (see also Slice.fst(49,44-49,68))
FStar.Int64.fst(0,0-0,0): (Warning 241) Absent cache file FStar.Int64.fst.checked; will recheck FStar.Int64.fst and all subsequent files
FStar.Int16.fst(0,0-0,0): (Warning 241) Absent cache file FStar.Int16.fst.checked; will recheck FStar.Int16.fst and all subsequent files
C:/build/agent1/_work/1/s/ulib/FStar.Reflection.Formula.fst(0,0-0,0): (Warning 241) Absent cache file _cache\FStar.Reflection.Formula.fst.checked; will recheck C:/build/agent1/_work/1/s/ulib/FStar.Reflection.Formula.fst and all subsequent files
FStar.Int8.fst(0,0-0,0): (Warning 241) Absent cache file FStar.Int8.fst.checked; will recheck FStar.Int8.fst and all subsequent files
FStar.Int63.fst(0,0-0,0): (Warning 241) Absent cache file FStar.Int63.fst.checked; will recheck FStar.Int63.fst and all subsequent files
FStar.UInt16.fst(0,0-0,0): (Warning 241) Absent cache file FStar.UInt16.fst.checked; will recheck FStar.UInt16.fst and all subsequent files
FStar.UInt8.fst(0,0-0,0): (Warning 241) Stale cache file FStar.UInt8.fst.checked; will recheck FStar.UInt8.fst and all subsequent files
FStar.UInt64.fst(0,0-0,0): (Warning 241) Absent cache file FStar.UInt64.fst.checked; will recheck FStar.UInt64.fst and all subsequent files
FStar.Int128.fst(0,0-0,0): (Warning 241) Absent cache file FStar.Int128.fst.checked; will recheck FStar.Int128.fst and all subsequent files
FStar.String.fsti(0,0-0,0): (Warning 241) Absent cache file FStar.String.fsti.checked; will recheck FStar.String.fsti and all subsequent files
FStar.UInt63.fst(0,0-0,0): (Warning 241) Absent cache file FStar.UInt63.fst.checked; will recheck FStar.UInt63.fst and all subsequent files
FStar.Int31.fst(0,0-0,0): (Warning 241) Absent cache file FStar.Int31.fst.checked; will recheck FStar.Int31.fst and all subsequent files
FStar.UInt31.fst(0,0-0,0): (Warning 241) Absent cache file FStar.UInt31.fst.checked; will recheck FStar.UInt31.fst and all subsequent files
FStar.Vector.Base.fsti(0,0-0,0): (Warning 241) Absent cache file FStar.Vector.Base.fsti.checked; will recheck FStar.Vector.Base.fsti and all subsequent files
FStar.Vector.Base.fsti(213,51-213,60): (Warning 252) (Hint-replay failed): Subtyping check failed; expected type Prims.nat; got type FStar.UInt.uint_t FStar.UInt32.n (see also prims.fst(406,17-406,23))
FStar.Vector.Base.fsti(222,44-222,53): (Warning 252) (Hint-replay failed): Subtyping check failed; expected type i: Prims.nat{i < FStar.Seq.Base.length (FStar.Vector.Base.reveal v)}; got type FStar.UInt.uint_t FStar.UInt32.n (see also C:/build/agent1/_work/1/s/ulib/FStar.Seq.Base.fst(30,49-30,61))
FStar.Vector.Base.fsti(232,56-232,65): (Warning 252) (Hint-replay failed): Subtyping check failed; expected type n: Prims.nat{n < FStar.Seq.Base.length (FStar.Vector.Base.reveal v)}; got type FStar.UInt.uint_t FStar.UInt32.n (see also C:/build/agent1/_work/1/s/ulib/FStar.Seq.Base.fst(78,46-78,58))
FStar.Vector.Base.fsti(252,65-252,74): (Warning 252) (Hint-replay failed): Subtyping check failed; expected type j: Prims.nat{FStar.UInt32.v i <= j && j <= FStar.Seq.Base.length (FStar.Vector.Base.reveal v)}; got type FStar.UInt.uint_t FStar.UInt32.n
FStar.UInt128.fsti(0,0-0,0): (Warning 241) Absent cache file FStar.UInt128.fsti.checked; will recheck FStar.UInt128.fsti and all subsequent files
C:/build/agent1/_work/1/s/ulib/FStar.Tactics.Derived.fst(0,0-0,0): (Warning 241) Absent cache file _cache\FStar.Tactics.Derived.fst.checked; will recheck C:/build/agent1/_work/1/s/ulib/FStar.Tactics.Derived.fst and all subsequent files
FStar.Vector.Base.fst(0,0-0,0): (Warning 241) Absent cache file FStar.Vector.Base.fst.checked; will recheck FStar.Vector.Base.fst and all subsequent files
FStar.Vector.Base.fsti(222,44-222,53): (Warning 252) (Hint-replay failed): Subtyping check failed; expected type i: Prims.nat{i < FStar.Seq.Base.length (FStar.Vector.Base.reveal v)}; got type FStar.UInt.uint_t FStar.UInt32.n (see also C:/build/agent1/_work/1/s/ulib/FStar.Seq.Base.fst(30,49-30,61))
FStar.Vector.Base.fsti(232,56-232,65): (Warning 252) (Hint-replay failed): Subtyping check failed; expected type n: Prims.nat{n < FStar.Seq.Base.length (FStar.Vector.Base.reveal v)}; got type FStar.UInt.uint_t FStar.UInt32.n (see also C:/build/agent1/_work/1/s/ulib/FStar.Seq.Base.fst(78,46-78,58))
FStar.Reflection.Derived.fst(0,0-0,0): (Warning 241) Absent cache file FStar.Reflection.Derived.fst.checked; will recheck FStar.Reflection.Derived.fst and all subsequent files
C:/build/agent1/_work/1/s/ulib/FStar.Integers.fst(0,0-0,0): (Warning 241) Absent cache file _cache\FStar.Integers.fst.checked; will recheck C:/build/agent1/_work/1/s/ulib/FStar.Integers.fst and all subsequent files
C:/build/agent1/_work/1/s/ulib/FStar.Int.Cast.fst(0,0-0,0): (Warning 241) Absent cache file _cache\FStar.Int.Cast.fst.checked; will recheck C:/build/agent1/_work/1/s/ulib/FStar.Int.Cast.fst and all subsequent files
UnionFind.fst(166,7-166,47): (Warning 252) (Hint-replay failed): could not prove post-condition
FStar.Reflection.Derived.Lemmas.fst(0,0-0,0): (Warning 241) Absent cache file FStar.Reflection.Derived.Lemmas.fst.checked; will recheck FStar.Reflection.Derived.Lemmas.fst and all subsequent files
FStar.Vector.Properties.fst(0,0-0,0): (Warning 241) Absent cache file FStar.Vector.Properties.fst.checked; will recheck FStar.Vector.Properties.fst and all subsequent files
FStar.Vector.Properties.fst(70,67-70,78): (Warning 252) (Hint-replay failed): Subtyping check failed; expected type t2:
FStar.Seq.Base.seq a
{ FStar.Seq.Base.length (FStar.Vector.Base.reveal u1) =
FStar.Seq.Base.length (FStar.Vector.Base.reveal v1) \/
FStar.Seq.Base.length (FStar.Vector.Base.reveal u2) = FStar.Seq.Base.length t2 }; got type s: FStar.Seq.Base.seq a {FStar.Seq.Base.length s = FStar.Vector.Base.raw_length v2} (see also FStar.Seq.Properties.fst(43,79-43,125))
FStar.Vector.Properties.fst(97,13-97,43): (Warning 252) (Hint-replay failed): could not prove post-condition
FStar.Bytes.fsti(0,0-0,0): (Warning 241) Absent cache file FStar.Bytes.fsti.checked; will recheck FStar.Bytes.fsti and all subsequent files
FStar.Reflection.fst(0,0-0,0): (Warning 241) Absent cache file FStar.Reflection.fst.checked; will recheck FStar.Reflection.fst and all subsequent files
FStar.Vector.fst(0,0-0,0): (Warning 241) Absent cache file FStar.Vector.fst.checked; will recheck FStar.Vector.fst and all subsequent files
SimpleTactic.Test.fst(5,2-5,18): (Warning 296) Tactics admitted goal <(_: Prims.unit), (any_result: Type0), (_: Prims.squash (Prims.int == any_result)), (any_result: Prims.bool), (_: Prims.squash (FStar.Pervasives.id 1000 = 1000 == any_result)), (any_result: Type0), (_: Prims.squash (FStar.Pervasives.id 1000 = 1000 == any_result)) |- (*?u255*) _ _ any_result _ any_result _ any_result _ : Prims.squash (FStar.Pervasives.id 1000 = 1000)>

(see also C:\build\agent1\_work\1\s\ulib\FStar.Tactics.Effect.fst(87,32-87,42))
FStar.Crypto.fst(0,0-0,0): (Warning 241) Absent cache file FStar.Crypto.fst.checked; will recheck FStar.Crypto.fst and all subsequent files
C:/build/agent1/_work/1/s/ulib/FStar.Tactics.Logic.fst(0,0-0,0): (Warning 241) Absent cache file _cache\FStar.Tactics.Logic.fst.checked; will recheck C:/build/agent1/_work/1/s/ulib/FStar.Tactics.Logic.fst and all subsequent files
C:/build/agent1/_work/1/s/ulib/FStar.Tactics.Logic.fst(119,14-119,15): (Warning 252) (Hint-replay failed): could not prove post-condition
C:/build/agent1/_work/1/s/ulib/FStar.Tactics.Logic.fst(119,14-119,15): (Warning 252) could not prove post-condition
C:/build/agent1/_work/1/s/ulib/FStar.Tactics.Logic.fst(119,14-119,15): (Warning 252) could not prove post-condition
C:/build/agent1/_work/1/s/ulib/FStar.Tactics.Logic.fst(119,14-119,15): (Warning 252) could not prove post-condition
C:/build/agent1/_work/1/s/ulib/FStar.Tactics.Logic.fst(119,14-119,15): (Warning 252) could not prove post-condition
C:/build/agent1/_work/1/s/ulib/FStar.Tactics.Logic.fst(119,14-119,15): (Error 19) could not prove post-condition
Verified module: FStar.Tactics.Logic (10685 milliseconds)
1 error was reported (see above)
make[2]: *** [../Makefile.common:61: _cache/FStar.Tactics.Logic.fst.checked] Error 1
make[2]: Target 'all' not remade because of errors.
make[1]: *** [Makefile:39: tactics.all] Error 2
EnumParsing.fst(105,8-105,23): (Warning 252) (Hint-replay failed): assertion failed (see also EnumParsing.fst(97,56-97,71))
EnumParsing.fst(105,8-105,23): (Warning 252) assertion failed (see also EnumParsing.fst(97,56-97,71))
EnumParsing.fst(105,8-105,23): (Warning 252) assertion failed (see also EnumParsing.fst(97,56-97,71))
EnumParsing.fst(105,8-105,23): (Warning 252) assertion failed (see also EnumParsing.fst(97,56-97,71))
EnumParsing.fst(105,8-105,23): (Warning 252) assertion failed (see also EnumParsing.fst(97,56-97,71))
C:\build\agent1\_work\1\s\ulib\prims.fst(238,30-238,42): (Warning 252) (Hint-replay failed): assertion failed (see also C:\build\agent1\_work\1\s\ulib\prims.fst(210,68-210,80))
Parsing.fst(146,28-146,51): (Warning 252) (Hint-replay failed): could not prove post-condition (see also Parsing.fst(132,15-132,22))
Serializing.fst(102,8-102,39): (Warning 252) (Hint-replay failed): could not prove post-condition
EnumParsing.fst(105,8-105,23): (Error 19) assertion failed (see also EnumParsing.fst(97,56-97,71))
1 error was reported (see above)
make[2]: *** [../Makefile.include:19: EnumParsing.uver] Error 1
make[2]: Target 'all' not remade because of errors.
make[1]: *** [Makefile:39: kv_parsing.all] Error 2
File "./Evens.ml", line 10, characters 20-54:
Warning 8: this pattern-matching is not exhaustive.
Here is an example of a case that is not matched:
U0
File "./Evens.ml", line 26, characters 22-67:
Warning 8: this pattern-matching is not exhaustive.
Here is an example of a case that is not matched:
Even0
File "./Evens.ml", line 30, characters 22-67:
Warning 8: this pattern-matching is not exhaustive.
Here is an example of a case that is not matched:
Even0
CanonDeep.fst(190,0-190,74): (Warning 296) Tactics admitted goal <(_:
Prims.squash (CanonDeep.x * (CanonDeep.y * CanonDeep.z) == CanonDeep.x * (CanonDeep.y * CanonDeep.z)
)), (_:
Prims.squash ((CanonDeep.x * CanonDeep.y) * CanonDeep.z == (CanonDeep.x * CanonDeep.y) * CanonDeep.z
)) |- (*?u505*) _ _ _ : Prims.squash (CanonDeep.x * (CanonDeep.y * CanonDeep.z) == (CanonDeep.x * CanonDeep.y) * CanonDeep.z
)>

(see also C:\build\agent1\_work\1\s\ulib\FStar.Tactics.Effect.fst(87,32-87,42))
CanonDeep.fst(190,12-190,12): (Warning 296) Tactics admitted goal <(_:
Prims.squash (CanonDeep.x * (CanonDeep.y * CanonDeep.z) == CanonDeep.x * (CanonDeep.y * CanonDeep.z)
)) |- (*?u437*) _ _ : Prims.squash ((CanonDeep.x * CanonDeep.y) * CanonDeep.z == (CanonDeep.x * CanonDeep.y) * CanonDeep.z
)>

(see also CanonDeep.fst(190,55-190,45))
CanonDeep.fst(190,12-190,12): (Warning 296) Tactics admitted goal < |- (*?u145*) _ : Prims.squash (CanonDeep.x * (CanonDeep.y * CanonDeep.z) == CanonDeep.x * (CanonDeep.y * CanonDeep.z)
)>

(see also CanonDeep.fst(190,39-190,30))
make[2]: Target 'all' not remade because of errors.
make[1]: *** [Makefile:39: bug-reports.all] Error 2
FStar.Reflection.Formula.fst(0,0-0,0): (Warning 241) Absent cache file FStar.Reflection.Formula.fst.checked; will recheck FStar.Reflection.Formula.fst and all subsequent files
Arith.fst(40,4-40,10): (Warning 252) (Hint-replay failed): Could not prove goal #3 (see also Arith.fst(42,49-42,60))
Arith.fst(40,4-40,10): (Warning 252) (Hint-replay failed): Could not prove goal #1 (see also Arith.fst(41,22-41,29))
FStar.Tactics.Derived.fst(0,0-0,0): (Warning 241) Absent cache file FStar.Tactics.Derived.fst.checked; will recheck FStar.Tactics.Derived.fst and all subsequent files
FStar.Integers.fst(0,0-0,0): (Warning 241) Absent cache file FStar.Integers.fst.checked; will recheck FStar.Integers.fst and all subsequent files
FStar.Int.Cast.fst(0,0-0,0): (Warning 241) Absent cache file FStar.Int.Cast.fst.checked; will recheck FStar.Int.Cast.fst and all subsequent files
make: *** [../../Makefile.include:149: Hacl.Hash.SHA2_256.fst-verify] Terminated
FStar.Tactics.Logic.fst(0,0-0,0): (Warning 241) Absent cache file FStar.Tactics.Logic.fst.checked; will recheck FStar.Tactics.Logic.fst and all subsequent files
FStar.Tactics.Logic.fst(119,14-119,15): (Warning 252) (Hint-replay failed): could not prove post-condition
FStar.Tactics.Logic.fst(119,14-119,15): (Warning 252) could not prove post-condition
FStar.Tactics.Logic.fst(119,14-119,15): (Warning 252) could not prove post-condition
FStar.Tactics.Logic.fst(119,14-119,15): (Warning 252) could not prove post-condition
FStar.Tactics.Logic.fst(119,14-119,15): (Warning 252) could not prove post-condition
FStar.Tactics.Logic.fst(119,14-119,15): (Error 19) could not prove post-condition
Verified module: FStar.Tactics.Logic (7075 milliseconds)
1 error was reported (see above)
make[2]: *** [../src/gmake/Makefile.tmpl:28: FStar.Tactics.Logic.fst.checked] Error 1
FStar.Int.Cast.Full.fst(0,0-0,0): (Warning 241) Absent cache file FStar.Int.Cast.Full.fst.checked; will recheck FStar.Int.Cast.Full.fst and all subsequent files
FStar.Printf.fst(0,0-0,0): (Warning 241) Absent cache file FStar.Printf.fst.checked; will recheck FStar.Printf.fst and all subsequent files
<dummy>(0,0-0,0): (Warning 252) (Hint-replay failed): assertion failed
<dummy>(0,0-0,0): (Warning 252) (Hint-replay failed): assertion failed
FStar.UInt128.fst(0,0-0,0): (Warning 241) Absent cache file FStar.UInt128.fst.checked; will recheck FStar.UInt128.fst and all subsequent files
make[2]: Target 'verify-all' not remade because of errors.
make[1]: *** [Makefile:12: all] Error 2
make: *** [Makefile:169: ulib] Error 2
C:\build\agent1\_work\1\s\ulib\FStar.UInt.fst(0,0-0,0): (Warning 241) Absent cache file C:\build\agent1\_work\1\s\ulib\FStar.UInt.fst.checked; will recheck C:\build\agent1\_work\1\s\ulib\FStar.UInt.fst and all subsequent files
C:\build\agent1\_work\1\s\ulib\FStar.Tactics.Simplifier.fst(277,18-277,23): (Warning 296) Tactics admitted goal <(r: FStar.ST.ref Prims.int) |- (*?u113*) _ r : Prims.squash (forall (x: FStar.Pervasives.st_post_h FStar.Monotonic.Heap.heap Prims.unit)
(x: FStar.Monotonic.Heap.heap).
(forall (x: Prims.unit) (x: FStar.Monotonic.Heap.heap). Prims.auto_squash (x x x)) ==>
FStar.Heap.trivial_preorder Prims.int (FStar.Monotonic.Heap.sel x r) 0 /\
(forall (x: Prims.unit)
(x:
_:
FStar.Monotonic.Heap.heap
{FStar.Heap.trivial_preorder Prims.int (FStar.Monotonic.Heap.sel x r) 0}).
FStar.Heap.trivial_preorder Prims.int (FStar.Monotonic.Heap.sel x r) 0 /\
FStar.Monotonic.Heap.contains x r /\
FStar.Monotonic.Heap.modifies (FStar.Set.singleton (FStar.Monotonic.Heap.addr_of r)) x x /\
FStar.Monotonic.Heap.equal_dom x x /\ FStar.Monotonic.Heap.sel x r == 0 ==>
FStar.Heap.trivial_preorder Prims.int (FStar.Monotonic.Heap.sel x r) 1 /\
(forall (x: Prims.unit)
(x:
_:
FStar.Monotonic.Heap.heap
{FStar.Heap.trivial_preorder Prims.int (FStar.Monotonic.Heap.sel x r) 1}).
FStar.Heap.trivial_preorder Prims.int (FStar.Monotonic.Heap.sel x r) 1 /\
FStar.Monotonic.Heap.contains x r /\
FStar.Monotonic.Heap.modifies (FStar.Set.singleton (FStar.Monotonic.Heap.addr_of r))
x
x /\ FStar.Monotonic.Heap.equal_dom x x /\ FStar.Monotonic.Heap.sel x r == 1 ==>
FStar.Heap.trivial_preorder Prims.int (FStar.Monotonic.Heap.sel x r) 2 /\
(forall (x: Prims.unit)
(x:
_:
FStar.Monotonic.Heap.heap
{FStar.Heap.trivial_preorder Prims.int (FStar.Monotonic.Heap.sel x r) 2}).
FStar.Heap.trivial_preorder Prims.int (FStar.Monotonic.Heap.sel x r) 2 /\
FStar.Monotonic.Heap.contains x r /\
FStar.Monotonic.Heap.modifies (FStar.Set.singleton (FStar.Monotonic.Heap.addr_of r
))
x
x /\ FStar.Monotonic.Heap.equal_dom x x /\ FStar.Monotonic.Heap.sel x r == 2 ==>
FStar.Heap.trivial_preorder Prims.int (FStar.Monotonic.Heap.sel x r) 3 /\
(forall (x: Prims.unit)
(x:
_:
FStar.Monotonic.Heap.heap
{FStar.Heap.trivial_preorder Prims.int (FStar.Monotonic.Heap.sel x r) 3}).
FStar.Heap.trivial_preorder Prims.int (FStar.Monotonic.Heap.sel x r) 3 /\
FStar.Monotonic.Heap.contains x r /\
FStar.Monotonic.Heap.modifies (FStar.Set.singleton (FStar.Monotonic.Heap.addr_of 
r))
x
x /\ FStar.Monotonic.Heap.equal_dom x x /\ FStar.Monotonic.Heap.sel x r == 3 ==>
x x x)))))>

(see also C:\build\agent1\_work\1\s\ulib\FStar.Tactics.Simplifier.fst(273,55-273,63))
C:\build\agent1\_work\1\s\ulib\FStar.Tactics.Simplifier.fst(277,18-277,23): (Warning 296) Tactics admitted goal <(r: FStar.ST.ref Prims.int) |- (*?u239*) _ r : Prims.squash (forall (x: FStar.Pervasives.st_post_h FStar.Monotonic.Heap.heap Prims.unit)
(x: FStar.Monotonic.Heap.heap).
(forall (x: Prims.unit) (x: FStar.Monotonic.Heap.heap). Prims.auto_squash (x x x)) ==>
FStar.Heap.trivial_preorder Prims.int (FStar.Monotonic.Heap.sel x r) 0 /\
(forall (x: Prims.unit)
(x:
_:
FStar.Monotonic.Heap.heap
{FStar.Heap.trivial_preorder Prims.int (FStar.Monotonic.Heap.sel x r) 0}).
FStar.Heap.trivial_preorder Prims.int (FStar.Monotonic.Heap.sel x r) 0 /\
FStar.Monotonic.Heap.contains x r /\
FStar.Monotonic.Heap.modifies (FStar.Set.singleton (FStar.Monotonic.Heap.addr_of r)) x x /\
FStar.Monotonic.Heap.equal_dom x x /\ FStar.Monotonic.Heap.sel x r == 0 ==>
FStar.Heap.trivial_preorder Prims.int (FStar.Monotonic.Heap.sel x r) 1 /\
(forall (x: Prims.unit)
(x:
_:
FStar.Monotonic.Heap.heap
{FStar.Heap.trivial_preorder Prims.int (FStar.Monotonic.Heap.sel x r) 1}).
FStar.Heap.trivial_preorder Prims.int (FStar.Monotonic.Heap.sel x r) 1 /\
FStar.Monotonic.Heap.contains x r /\
FStar.Monotonic.Heap.modifies (FStar.Set.singleton (FStar.Monotonic.Heap.addr_of r))
x
x /\ FStar.Monotonic.Heap.equal_dom x x /\ FStar.Monotonic.Heap.sel x r == 1 ==>
FStar.Heap.trivial_preorder Prims.int (FStar.Monotonic.Heap.sel x r) 2 /\
(forall (x: Prims.unit)
(x:
_:
FStar.Monotonic.Heap.heap
{FStar.Heap.trivial_preorder Prims.int (FStar.Monotonic.Heap.sel x r) 2}).
FStar.Heap.trivial_preorder Prims.int (FStar.Monotonic.Heap.sel x r) 2 /\
FStar.Monotonic.Heap.contains x r /\
FStar.Monotonic.Heap.modifies (FStar.Set.singleton (FStar.Monotonic.Heap.addr_of r
))
x
x /\ FStar.Monotonic.Heap.equal_dom x x /\ FStar.Monotonic.Heap.sel x r == 2 ==>
FStar.Heap.trivial_preorder Prims.int (FStar.Monotonic.Heap.sel x r) 3 /\
(forall (x: Prims.unit)
(x:
_:
FStar.Monotonic.Heap.heap
{FStar.Heap.trivial_preorder Prims.int (FStar.Monotonic.Heap.sel x r) 3}).
FStar.Heap.trivial_preorder Prims.int (FStar.Monotonic.Heap.sel x r) 3 /\
FStar.Monotonic.Heap.contains x r /\
FStar.Monotonic.Heap.modifies (FStar.Set.singleton (FStar.Monotonic.Heap.addr_of 
r))
x
x /\ FStar.Monotonic.Heap.equal_dom x x /\ FStar.Monotonic.Heap.sel x r == 3 ==>
FStar.Heap.trivial_preorder Prims.int (FStar.Monotonic.Heap.sel x r) 4 /\
(forall (x: Prims.unit)
(x:
_:
FStar.Monotonic.Heap.heap
{FStar.Heap.trivial_preorder Prims.int (FStar.Monotonic.Heap.sel x r) 4})
.
FStar.Heap.trivial_preorder Prims.int (FStar.Monotonic.Heap.sel x r) 4 /\
FStar.Monotonic.Heap.contains x r /\
FStar.Monotonic.Heap.modifies (FStar.Set.singleton (FStar.Monotonic.Heap.addr_of 
r))
x
x /\ FStar.Monotonic.Heap.equal_dom x x /\
FStar.Monotonic.Heap.sel x r == 4 ==>
FStar.Heap.trivial_preorder Prims.int (FStar.Monotonic.Heap.sel x r) 5 /\
(forall (x: Prims.unit)
(x:
_:
FStar.Monotonic.Heap.heap
{ FStar.Heap.trivial_preorder Prims.int
(FStar.Monotonic.Heap.sel x r)
5 }).
FStar.Heap.trivial_preorder Prims.int (FStar.Monotonic.Heap.sel x r) 5 /\
FStar.Monotonic.Heap.contains x r /\
FStar.Monotonic.Heap.modifies (FStar.Set.singleton (FStar.Monotonic.Heap.addr_of 
r))
x
x /\ FStar.Monotonic.Heap.equal_dom x x /\
FStar.Monotonic.Heap.sel x r == 5 ==>
FStar.Heap.trivial_preorder Prims.int (FStar.Monotonic.Heap.sel x r) 6 /\
(forall (x: Prims.unit)
(x:
_:
FStar.Monotonic.Heap.heap
{ FStar.Heap.trivial_preorder Prims.int
(FStar.Monotonic.Heap.sel x r)
6 }).
FStar.Heap.trivial_preorder Prims.int
(FStar.Monotonic.Heap.sel x r)
6 /\ FStar.Monotonic.Heap.contains x r /\
FStar.Monotonic.Heap.modifies (FStar.Set.singleton (FStar.Monotonic.Heap.addr_of 
r))
x
x /\ FStar.Monotonic.Heap.equal_dom x x /\
FStar.Monotonic.Heap.sel x r == 6 ==>
FStar.Heap.trivial_preorder Prims.int
(FStar.Monotonic.Heap.sel x r)
7 /\
(forall (x: Prims.unit)
(x:
_:
FStar.Monotonic.Heap.heap
{ FStar.Heap.trivial_preorder Prims.int
(FStar.Monotonic.Heap.sel x r)
7 }).
FStar.Heap.trivial_preorder Prims.int
(FStar.Monotonic.Heap.sel x r)
7 /\ FStar.Monotonic.Heap.contains x r /\
FStar.Monotonic.Heap.modifies (FStar.Set.singleton (FStar.Monotonic.Heap.addr_of 
r))
x
x /\ FStar.Monotonic.Heap.equal_dom x x /\
FStar.Monotonic.Heap.sel x r == 7 ==>
FStar.Heap.trivial_preorder Prims.int
(FStar.Monotonic.Heap.sel x r)
8 /\
(forall (x: Prims.unit)
(x:
_:
FStar.Monotonic.Heap.heap
{ FStar.Heap.trivial_preorder Prims.int
(FStar.Monotonic.Heap.sel x r)
8 }).
FStar.Heap.trivial_preorder Prims.int
(FStar.Monotonic.Heap.sel x r)
8 /\ FStar.Monotonic.Heap.contains x r /\
FStar.Monotonic.Heap.modifies (FStar.Set.singleton (FStar.Monotonic.Heap.addr_of 
r))
x
x /\ FStar.Monotonic.Heap.equal_dom x x /\
FStar.Monotonic.Heap.sel x r == 8 ==>
FStar.Heap.trivial_preorder Prims.int
(FStar.Monotonic.Heap.sel x r)
9 /\
(forall (x: Prims.unit)
(x:
_:
FStar.Monotonic.Heap.heap
{ FStar.Heap.trivial_preorder Prims.int
(FStar.Monotonic.Heap.sel x r)
9 }).
FStar.Heap.trivial_preorder Prims.int
(FStar.Monotonic.Heap.sel x r)
9 /\ FStar.Monotonic.Heap.contains x r /\
FStar.Monotonic.Heap.modifies (FStar.Set.singleton (FStar.Monotonic.Heap.addr_of 
r))
x
x /\ FStar.Monotonic.Heap.equal_dom x x /\
FStar.Monotonic.Heap.sel x r == 9 ==>
FStar.Heap.trivial_preorder Prims.int
(FStar.Monotonic.Heap.sel x r)
10 /\
(forall (x: Prims.unit)
(x:
_:
FStar.Monotonic.Heap.heap
{ FStar.Heap.trivial_preorder Prims.int
(FStar.Monotonic.Heap.sel x r)
10 }).
FStar.Heap.trivial_preorder Prims.int
(FStar.Monotonic.Heap.sel x r)
10 /\ FStar.Monotonic.Heap.contains x r /\
FStar.Monotonic.Heap.modifies (FStar.Set.singleton 
(FStar.Monotonic.Heap.addr_of r))
x
x /\ FStar.Monotonic.Heap.equal_dom x x /\
FStar.Monotonic.Heap.sel x r == 10 ==>
x x x))))))))))))>

(see also C:\build\agent1\_work\1\s\ulib\FStar.Tactics.Simplifier.fst(273,55-273,63))
Simplifier.fst(0,0-0,0): (Warning 247) Simplifier.fst.checked was not written, since some of its dependences were not also checked
C:\build\agent1\_work\1\s\ulib\FStar.Tactics.Simplifier.fst(274,4-274,9): (Warning 296) Tactics admitted goal <(r: FStar.ST.ref Prims.int) |- (*?u113*) _ r : Prims.squash (forall (x: FStar.Pervasives.st_post_h FStar.Monotonic.Heap.heap Prims.unit)
(x: FStar.Monotonic.Heap.heap).
(forall (x: Prims.unit) (x: FStar.Monotonic.Heap.heap). Prims.auto_squash (x x x)) ==>
FStar.Heap.trivial_preorder Prims.int (FStar.Monotonic.Heap.sel x r) 0 /\
(forall (x: Prims.unit)
(x:
_:
FStar.Monotonic.Heap.heap
{ Prims.auto_squash (FStar.Heap.trivial_preorder Prims.int
(FStar.Monotonic.Heap.sel x r)
0) }).
FStar.Heap.trivial_preorder Prims.int (FStar.Monotonic.Heap.sel x r) 0 /\
FStar.Monotonic.Heap.contains x r /\
FStar.Monotonic.Heap.modifies (FStar.Set.singleton (FStar.Monotonic.Heap.addr_of r)) x x /\
FStar.Monotonic.Heap.equal_dom x x /\ FStar.Monotonic.Heap.sel x r == 0 ==>
FStar.Heap.trivial_preorder Prims.int (FStar.Monotonic.Heap.sel x r) 1 /\
(forall (x: Prims.unit)
(x:
_:
FStar.Monotonic.Heap.heap
{ Prims.auto_squash (FStar.Heap.trivial_preorder Prims.int
(FStar.Monotonic.Heap.sel x r)
1) }).
FStar.Heap.trivial_preorder Prims.int (FStar.Monotonic.Heap.sel x r) 1 /\
FStar.Monotonic.Heap.contains x r /\
FStar.Monotonic.Heap.modifies (FStar.Set.singleton (FStar.Monotonic.Heap.addr_of r))
x
x /\ FStar.Monotonic.Heap.equal_dom x x /\ FStar.Monotonic.Heap.sel x r == 1 ==>
FStar.Heap.trivial_preorder Prims.int (FStar.Monotonic.Heap.sel x r) 2 /\
(forall (x: Prims.unit)
(x:
_:
FStar.Monotonic.Heap.heap
{ Prims.auto_squash (FStar.Heap.trivial_preorder Prims.int
(FStar.Monotonic.Heap.sel x r)
2) }).
FStar.Heap.trivial_preorder Prims.int (FStar.Monotonic.Heap.sel x r) 2 /\
FStar.Monotonic.Heap.contains x r /\
FStar.Monotonic.Heap.modifies (FStar.Set.singleton (FStar.Monotonic.Heap.addr_of r
))
x
x /\ FStar.Monotonic.Heap.equal_dom x x /\ FStar.Monotonic.Heap.sel x r == 2 ==>
FStar.Heap.trivial_preorder Prims.int (FStar.Monotonic.Heap.sel x r) 3 /\
(forall (x: Prims.unit)
(x:
_:
FStar.Monotonic.Heap.heap
{ Prims.auto_squash (FStar.Heap.trivial_preorder Prims.int
(FStar.Monotonic.Heap.sel x r)
3) }).
FStar.Heap.trivial_preorder Prims.int (FStar.Monotonic.Heap.sel x r) 3 /\
FStar.Monotonic.Heap.contains x r /\
FStar.Monotonic.Heap.modifies (FStar.Set.singleton (FStar.Monotonic.Heap.addr_of 
r))
x
x /\ FStar.Monotonic.Heap.equal_dom x x /\ FStar.Monotonic.Heap.sel x r == 3 ==>
x x x)))))>

(see also C:\build\agent1\_work\1\s\ulib\FStar.Tactics.Simplifier.fst(273,55-273,63))
C:\build\agent1\_work\1\s\ulib\FStar.Tactics.Simplifier.fst(274,4-274,9): (Warning 296) Tactics admitted goal <(r: FStar.ST.ref Prims.int) |- (*?u239*) _ r : Prims.squash (forall (x: FStar.Pervasives.st_post_h FStar.Monotonic.Heap.heap Prims.unit)
(x: FStar.Monotonic.Heap.heap).
(forall (x: Prims.unit) (x: FStar.Monotonic.Heap.heap). Prims.auto_squash (x x x)) ==>
FStar.Heap.trivial_preorder Prims.int (FStar.Monotonic.Heap.sel x r) 0 /\
(forall (x: Prims.unit)
(x:
_:
FStar.Monotonic.Heap.heap
{ Prims.auto_squash (FStar.Heap.trivial_preorder Prims.int
(FStar.Monotonic.Heap.sel x r)
0) }).
FStar.Heap.trivial_preorder Prims.int (FStar.Monotonic.Heap.sel x r) 0 /\
FStar.Monotonic.Heap.contains x r /\
FStar.Monotonic.Heap.modifies (FStar.Set.singleton (FStar.Monotonic.Heap.addr_of r)) x x /\
FStar.Monotonic.Heap.equal_dom x x /\ FStar.Monotonic.Heap.sel x r == 0 ==>
FStar.Heap.trivial_preorder Prims.int (FStar.Monotonic.Heap.sel x r) 1 /\
(forall (x: Prims.unit)
(x:
_:
FStar.Monotonic.Heap.heap
{ Prims.auto_squash (FStar.Heap.trivial_preorder Prims.int
(FStar.Monotonic.Heap.sel x r)
1) }).
FStar.Heap.trivial_preorder Prims.int (FStar.Monotonic.Heap.sel x r) 1 /\
FStar.Monotonic.Heap.contains x r /\
FStar.Monotonic.Heap.modifies (FStar.Set.singleton (FStar.Monotonic.Heap.addr_of r))
x
x /\ FStar.Monotonic.Heap.equal_dom x x /\ FStar.Monotonic.Heap.sel x r == 1 ==>
FStar.Heap.trivial_preorder Prims.int (FStar.Monotonic.Heap.sel x r) 2 /\
(forall (x: Prims.unit)
(x:
_:
FStar.Monotonic.Heap.heap
{ Prims.auto_squash (FStar.Heap.trivial_preorder Prims.int
(FStar.Monotonic.Heap.sel x r)
2) }).
FStar.Heap.trivial_preorder Prims.int (FStar.Monotonic.Heap.sel x r) 2 /\
FStar.Monotonic.Heap.contains x r /\
FStar.Monotonic.Heap.modifies (FStar.Set.singleton (FStar.Monotonic.Heap.addr_of r
))
x
x /\ FStar.Monotonic.Heap.equal_dom x x /\ FStar.Monotonic.Heap.sel x r == 2 ==>
FStar.Heap.trivial_preorder Prims.int (FStar.Monotonic.Heap.sel x r) 3 /\
(forall (x: Prims.unit)
(x:
_:
FStar.Monotonic.Heap.heap
{ Prims.auto_squash (FStar.Heap.trivial_preorder Prims.int
(FStar.Monotonic.Heap.sel x r)
3) }).
FStar.Heap.trivial_preorder Prims.int (FStar.Monotonic.Heap.sel x r) 3 /\
FStar.Monotonic.Heap.contains x r /\
FStar.Monotonic.Heap.modifies (FStar.Set.singleton (FStar.Monotonic.Heap.addr_of 
r))
x
x /\ FStar.Monotonic.Heap.equal_dom x x /\ FStar.Monotonic.Heap.sel x r == 3 ==>
FStar.Heap.trivial_preorder Prims.int (FStar.Monotonic.Heap.sel x r) 4 /\
(forall (x: Prims.unit)
(x:
_:
FStar.Monotonic.Heap.heap
{ Prims.auto_squash (FStar.Heap.trivial_preorder Prims.int
(FStar.Monotonic.Heap.sel x r)
4) }).
FStar.Heap.trivial_preorder Prims.int (FStar.Monotonic.Heap.sel x r) 4 /\
FStar.Monotonic.Heap.contains x r /\
FStar.Monotonic.Heap.modifies (FStar.Set.singleton (FStar.Monotonic.Heap.addr_of 
r))
x
x /\ FStar.Monotonic.Heap.equal_dom x x /\
FStar.Monotonic.Heap.sel x r == 4 ==>
FStar.Heap.trivial_preorder Prims.int (FStar.Monotonic.Heap.sel x r) 5 /\
(forall (x: Prims.unit)
(x:
_:
FStar.Monotonic.Heap.heap
{ Prims.auto_squash (FStar.Heap.trivial_preorder Prims.int
(FStar.Monotonic.Heap.sel x r)
5) }).
FStar.Heap.trivial_preorder Prims.int (FStar.Monotonic.Heap.sel x r) 5 /\
FStar.Monotonic.Heap.contains x r /\
FStar.Monotonic.Heap.modifies (FStar.Set.singleton (FStar.Monotonic.Heap.addr_of 
r))
x
x /\ FStar.Monotonic.Heap.equal_dom x x /\
FStar.Monotonic.Heap.sel x r == 5 ==>
FStar.Heap.trivial_preorder Prims.int (FStar.Monotonic.Heap.sel x r) 6 /\
(forall (x: Prims.unit)
(x:
_:
FStar.Monotonic.Heap.heap
{ Prims.auto_squash (FStar.Heap.trivial_preorder Prims.int
(FStar.Monotonic.Heap.sel x r)
6) }).
FStar.Heap.trivial_preorder Prims.int
(FStar.Monotonic.Heap.sel x r)
6 /\ FStar.Monotonic.Heap.contains x r /\
FStar.Monotonic.Heap.modifies (FStar.Set.singleton (FStar.Monotonic.Heap.addr_of 
r))
x
x /\ FStar.Monotonic.Heap.equal_dom x x /\
FStar.Monotonic.Heap.sel x r == 6 ==>
FStar.Heap.trivial_preorder Prims.int
(FStar.Monotonic.Heap.sel x r)
7 /\
(forall (x: Prims.unit)
(x:
_:
FStar.Monotonic.Heap.heap
{ Prims.auto_squash (FStar.Heap.trivial_preorder Prims.int
(FStar.Monotonic.Heap.sel x r)
7) }).
FStar.Heap.trivial_preorder Prims.int
(FStar.Monotonic.Heap.sel x r)
7 /\ FStar.Monotonic.Heap.contains x r /\
FStar.Monotonic.Heap.modifies (FStar.Set.singleton (FStar.Monotonic.Heap.addr_of 
r))
x
x /\ FStar.Monotonic.Heap.equal_dom x x /\
FStar.Monotonic.Heap.sel x r == 7 ==>
FStar.Heap.trivial_preorder Prims.int
(FStar.Monotonic.Heap.sel x r)
8 /\
(forall (x: Prims.unit)
(x:
_:
FStar.Monotonic.Heap.heap
{ Prims.auto_squash (FStar.Heap.trivial_preorder Prims.int
(FStar.Monotonic.Heap.sel x r)
8) }).
FStar.Heap.trivial_preorder Prims.int
(FStar.Monotonic.Heap.sel x r)
8 /\ FStar.Monotonic.Heap.contains x r /\
FStar.Monotonic.Heap.modifies (FStar.Set.singleton (FStar.Monotonic.Heap.addr_of 
r))
x
x /\ FStar.Monotonic.Heap.equal_dom x x /\
FStar.Monotonic.Heap.sel x r == 8 ==>
FStar.Heap.trivial_preorder Prims.int
(FStar.Monotonic.Heap.sel x r)
9 /\
(forall (x: Prims.unit)
(x:
_:
FStar.Monotonic.Heap.heap
{ Prims.auto_squash (FStar.Heap.trivial_preorder Prims.int
(FStar.Monotonic.Heap.sel x r)
9) }).
FStar.Heap.trivial_preorder Prims.int
(FStar.Monotonic.Heap.sel x r)
9 /\ FStar.Monotonic.Heap.contains x r /\
FStar.Monotonic.Heap.modifies (FStar.Set.singleton (FStar.Monotonic.Heap.addr_of 
r))
x
x /\ FStar.Monotonic.Heap.equal_dom x x /\
FStar.Monotonic.Heap.sel x r == 9 ==>
FStar.Heap.trivial_preorder Prims.int
(FStar.Monotonic.Heap.sel x r)
10 /\
(forall (x: Prims.unit)
(x:
_:
FStar.Monotonic.Heap.heap
{ Prims.auto_squash (FStar.Heap.trivial_preorder 
Prims.int
(FStar.Monotonic.Heap.sel x r)
10) }).
FStar.Heap.trivial_preorder Prims.int
(FStar.Monotonic.Heap.sel x r)
10 /\ FStar.Monotonic.Heap.contains x r /\
FStar.Monotonic.Heap.modifies (FStar.Set.singleton 
(FStar.Monotonic.Heap.addr_of r))
x
x /\ FStar.Monotonic.Heap.equal_dom x x /\
FStar.Monotonic.Heap.sel x r == 10 ==>
x x x))))))))))))>

(see also C:\build\agent1\_work\1\s\ulib\FStar.Tactics.Simplifier.fst(273,55-273,63))
make[1]: Target 'all' not remade because of errors.
make: *** [Makefile:175: uexamples] Error 2
make: Target 'uregressions' not remade because of errors.
Command exited with non-zero status 2
11.52user 48.97system 11:43.05elapsed 8%CPU (0avgtext+0avgdata 1097183488maxresident)k
0inputs+0outputs (4469230major+0minor)pagefaults 0swaps
