make[1]: *** [Makefile:18: fstar-in-fsharp] Error 1
make: *** [Makefile:152: fsharp-build-and-test] Error 2
make: Target 'utest-prelude' not remade because of errors.
Command exited with non-zero status 2
0.09user 0.18system 0:22.74elapsed 1%CPU (0avgtext+0avgdata 6331136maxresident)k
0inputs+0outputs (25734major+0minor)pagefaults 0swaps
