/bin/bash: krml: command not found
make: *** [Makefile:78: extracted/Makefile.include] Error 127
make: *** Waiting for unfinished jobs....
/bin/bash: krml: command not found
make: *** [Makefile:84: uint128/Makefile.include] Error 127
dos2unix: converting file parser/parse.fsi to Unix format...
make[1]: *** [Makefile:149: fsharp-unit-tests] Error 1
make: *** [Makefile:157: fsharp-build-and-test] Error 2
make: Target 'utest-prelude' not remade because of errors.
Command exited with non-zero status 2
0.04user 0.25system 0:50.66elapsed 0%CPU (0avgtext+0avgdata 8978432maxresident)k
0inputs+0outputs (36685major+0minor)pagefaults 0swaps
