make[1]: *** [Makefile:18: fstar-in-fsharp] Error 1
make: *** [Makefile:155: fsharp-build-and-test] Error 2
make: Target 'utest-prelude' not remade because of errors.
Command exited with non-zero status 2
0.03user 0.16system 0:20.90elapsed 0%CPU (0avgtext+0avgdata 6330880maxresident)k
0inputs+0outputs (25828major+0minor)pagefaults 0swaps
