Cloning into 'vale'...
Cloning into 'hacl-star'...
Cloning into 'mitls-fstar'...
Checking out files:  64% (626/971)   Checking out files:  65% (632/971)   Checking out files:  66% (641/971)   Checking out files:  67% (651/971)   Checking out files:  68% (661/971)   Checking out files:  69% (670/971)   Checking out files:  70% (680/971)   Checking out files:  71% (690/971)   Checking out files:  72% (700/971)   Checking out files:  73% (709/971)   Checking out files:  74% (719/971)   Checking out files:  75% (729/971)   Checking out files:  76% (738/971)   Checking out files:  77% (748/971)   Checking out files:  78% (758/971)   Checking out files:  79% (768/971)   Checking out files:  80% (777/971)   Checking out files:  81% (787/971)   Checking out files:  82% (797/971)   Checking out files:  83% (806/971)   Checking out files:  84% (816/971)   Checking out files:  85% (826/971)   Checking out files:  86% (836/971)   Checking out files:  87% (845/971)   Checking out files:  88% (855/971)   Checking out files:  89% (865/971)   Checking out files:  90% (874/971)   Checking out files:  91% (884/971)   Checking out files:  92% (894/971)   Checking out files:  93% (904/971)   Checking out files:  94% (913/971)   Checking out files:  95% (923/971)   Checking out files:  96% (933/971)   Checking out files:  97% (942/971)   Checking out files:  98% (952/971)   Checking out files:  99% (962/971)   Checking out files: 100% (971/971)   Checking out files: 100% (971/971), done.
Checking out files:  13% (697/5294)   Checking out files:  14% (742/5294)   Checking out files:  15% (795/5294)   Checking out files:  16% (848/5294)   Checking out files:  17% (900/5294)   Checking out files:  18% (953/5294)   Checking out files:  19% (1006/5294)   Checking out files:  20% (1059/5294)   Checking out files:  21% (1112/5294)   Checking out files:  22% (1165/5294)   Checking out files:  23% (1218/5294)   Checking out files:  24% (1271/5294)   Checking out files:  25% (1324/5294)   Checking out files:  26% (1377/5294)   Checking out files:  27% (1430/5294)   Checking out files:  27% (1449/5294)   Checking out files:  28% (1483/5294)   Checking out files:  29% (1536/5294)   Checking out files:  30% (1589/5294)   Checking out files:  31% (1642/5294)   Checking out files:  32% (1695/5294)   Checking out files:  33% (1748/5294)   Checking out files:  34% (1800/5294)   Checking out files:  35% (1853/5294)   Checking out files:  36% (1906/5294)   Checking out files:  37% (1959/5294)   Checking out files:  38% (2012/5294)   Checking out files:  39% (2065/5294)   Checking out files:  40% (2118/5294)   Checking out files:  40% (2155/5294)   Checking out files:  41% (2171/5294)   Checking out files:  42% (2224/5294)   Checking out files:  43% (2277/5294)   Checking out files:  44% (2330/5294)   Checking out files:  45% (2383/5294)   Checking out files:  46% (2436/5294)   Checking out files:  47% (2489/5294)   Checking out files:  48% (2542/5294)   Checking out files:  49% (2595/5294)   Checking out files:  50% (2647/5294)   Checking out files:  51% (2700/5294)   Checking out files:  52% (2753/5294)   Checking out files:  53% (2806/5294)   Checking out files:  54% (2859/5294)   Checking out files:  55% (2912/5294)   Checking out files:  55% (2923/5294)   Checking out files:  56% (2965/5294)   Checking out files:  57% (3018/5294)   Checking out files:  58% (3071/5294)   Checking out files:  59% (3124/5294)   Checking out files:  60% (3177/5294)   Checking out files:  61% (3230/5294)   Checking out files:  62% (3283/5294)   Checking out files:  63% (3336/5294)   Checking out files:  64% (3389/5294)   Checking out files:  65% (3442/5294)   Checking out files:  66% (3495/5294)   Checking out files:  67% (3547/5294)   Checking out files:  68% (3600/5294)   Checking out files:  69% (3653/5294)   Checking out files:  69% (3698/5294)   Checking out files:  70% (3706/5294)   Checking out files:  71% (3759/5294)   Checking out files:  72% (3812/5294)   Checking out files:  73% (3865/5294)   Checking out files:  74% (3918/5294)   Checking out files:  75% (3971/5294)   Checking out files:  76% (4024/5294)   Checking out files:  77% (4077/5294)   Checking out files:  78% (4130/5294)   Checking out files:  79% (4183/5294)   Checking out files:  79% (4226/5294)   Checking out files:  80% (4236/5294)   Checking out files:  81% (4289/5294)   Checking out files:  82% (4342/5294)   Checking out files:  83% (4395/5294)   Checking out files:  84% (4447/5294)   Checking out files:  85% (4500/5294)   Checking out files:  86% (4553/5294)   Checking out files:  87% (4606/5294)   Checking out files:  88% (4659/5294)   Checking out files:  89% (4712/5294)   Checking out files:  90% (4765/5294)   Checking out files:  91% (4818/5294)   Checking out files:  92% (4871/5294)   Checking out files:  92% (4910/5294)   Checking out files:  93% (4924/5294)   Checking out files:  94% (4977/5294)   Checking out files:  95% (5030/5294)   Checking out files:  96% (5083/5294)   Checking out files:  97% (5136/5294)   Checking out files:  98% (5189/5294)   Checking out files:  99% (5242/5294)   Checking out files: 100% (5294/5294)   Checking out files: 100% (5294/5294), done.
Checking out files:  57% (671/1169)   Checking out files:  58% (679/1169)   Checking out files:  59% (690/1169)   Checking out files:  60% (702/1169)   Checking out files:  61% (714/1169)   Checking out files:  62% (725/1169)   Checking out files:  63% (737/1169)   Checking out files:  64% (749/1169)   Checking out files:  65% (760/1169)   Checking out files:  66% (772/1169)   Checking out files:  67% (784/1169)   Checking out files:  68% (795/1169)   Checking out files:  69% (807/1169)   Checking out files:  70% (819/1169)   Checking out files:  71% (830/1169)   Checking out files:  72% (842/1169)   Checking out files:  73% (854/1169)   Checking out files:  74% (866/1169)   Checking out files:  75% (877/1169)   Checking out files:  76% (889/1169)   Checking out files:  77% (901/1169)   Checking out files:  78% (912/1169)   Checking out files:  79% (924/1169)   Checking out files:  80% (936/1169)   Checking out files:  81% (947/1169)   Checking out files:  82% (959/1169)   Checking out files:  83% (971/1169)   Checking out files:  84% (982/1169)   Checking out files:  85% (994/1169)   Checking out files:  86% (1006/1169)   Checking out files:  87% (1018/1169)   Checking out files:  88% (1029/1169)   Checking out files:  89% (1041/1169)   Checking out files:  90% (1053/1169)   Checking out files:  91% (1064/1169)   Checking out files:  92% (1076/1169)   Checking out files:  93% (1088/1169)   Checking out files:  94% (1099/1169)   Checking out files:  95% (1111/1169)   Checking out files:  96% (1123/1169)   Checking out files:  97% (1134/1169)   Checking out files:  98% (1146/1169)   Checking out files:  99% (1158/1169)   Checking out files: 100% (1169/1169)   Checking out files: 100% (1169/1169), done.
dos2unix: converting file parser/parse.fsi to Unix format...
/bin/bash: fstar.exe: command not found
Makefile:53: .depend: No such file or directory
make: *** [Makefile:51: .depend] Error 127
Warning: you are using the standard library and/or the %inline keyword. We
recommend switching on --infer in order to avoid obscure type error messages.
warning: CRLF will be replaced by LF in src/parser/parse.fsy.
The file will have its original line endings in your working directory.
FStar.Set.fst(130,44-130,46): (Warning 252) (Hint-replay failed): Subtyping check failed; expected type _: Prims.list a {%[ a; _ ] << %[ a; l ]}; got type Prims.list a (see also FStar.Set.fst(128,23-130,47))
FStar.Set.fst(130,44-130,46): (Warning 252) (Hint-replay failed): Subtyping check failed; expected type l: Prims.list a {%[ a; l ] << %[ a; l ]}; got type Prims.list a (see also FStar.Set.fst(128,23-130,47))
FStar.List.Tot.Properties.fst(858,2-858,37): (Warning 252) (Hint-replay failed): could not prove post-condition (see also FStar.List.Tot.Properties.fst(856,12-856,18))
FStar.List.Tot.Properties.fst(858,2-858,37): (Warning 252) could not prove post-condition (see also FStar.List.Tot.Properties.fst(856,12-856,18))
FStar.List.Tot.Properties.fst(887,2-888,24): (Warning 252) (Hint-replay failed): could not prove post-condition (see also FStar.List.Tot.Properties.fst(886,12-886,18))
FStar.Relational.Comp.fst(48,34-48,68): (Warning 252) (Hint-replay failed): assertion failed (see also FStar.Pervasives.fst(36,2-36,33))
FStar.OrdSet.fst(48,16-48,18): (Warning 252) (Hint-replay failed): Subtyping check failed; expected type Prims.eqtype; got type Type0 (see also prims.fst(27,22-27,29))
FStar.Seq.Properties.fst(478,2-481,29): (Warning 252) (Hint-replay failed): could not prove post-condition (see also FStar.Seq.Properties.fst(476,20-476,28))
FStar.Fin.fst(36,2-51,18): (Warning 252) (Hint-replay failed): could not prove post-condition (see also FStar.Fin.fst(33,41-33,68))
FStar.Fin.fst(36,2-51,18): (Warning 252) (Hint-replay failed): could not prove post-condition (see also FStar.Fin.fst(33,41-33,68))
FStar.Monotonic.HyperStack.fst(106,4-106,6): (Warning 252) (Hint-replay failed): could not prove post-condition (see also FStar.Monotonic.HyperStack.fst(105,12-105,46))
FStar.Monotonic.HyperStack.fst(113,4-113,6): (Warning 252) (Hint-replay failed): could not prove post-condition (see also FStar.Monotonic.HyperStack.fst(47,18-47,51))
FStar.Monotonic.HyperStack.fst(121,4-121,6): (Warning 252) (Hint-replay failed): could not prove post-condition (see also FStar.Monotonic.HyperStack.fst(119,19-119,41))
FStar.Monotonic.HyperStack.fst(134,4-134,6): (Warning 252) (Hint-replay failed): could not prove post-condition (see also FStar.Monotonic.HyperStack.fst(129,20-129,76))
FStar.Monotonic.HyperStack.fst(142,4-142,6): (Warning 252) (Hint-replay failed): could not prove post-condition (see also FStar.Monotonic.HyperStack.fst(141,9-141,59))
FStar.Monotonic.HyperStack.fst(154,4-154,6): (Warning 252) (Hint-replay failed): could not prove post-condition (see also FStar.Monotonic.HyperStack.fst(151,19-151,69))
FStar.Monotonic.HyperStack.fst(165,4-165,6): (Warning 252) (Hint-replay failed): could not prove post-condition (see also FStar.Monotonic.HyperStack.fst(164,106-164,142))
FStar.Monotonic.HyperStack.fst(181,4-181,25): (Warning 252) (Hint-replay failed): could not prove post-condition (see also FStar.Monotonic.HyperStack.fst(180,19-180,45))
FStar.Monotonic.HyperStack.fst(307,55-307,57): (Warning 252) (Hint-replay failed): could not prove post-condition (see also FStar.Monotonic.HyperStack.fst(306,17-306,31))
FStar.Monotonic.HyperStack.fst(360,52-360,62): (Warning 252) (Hint-replay failed): Subtyping check failed; expected type r:
FStar.Monotonic.Heap.mref a rel
{ FStar.Monotonic.Heap.contains (FStar.Map.sel (FStar.Monotonic.HyperStack.get_hmap m)
(FStar.Monotonic.HyperStack.frameOf r))
r }; got type FStar.Monotonic.Heap.mref a rel (see also FStar.Monotonic.Heap.fsti(54,67-54,81))
FStar.Monotonic.HyperStack.fst(372,4-372,10): (Warning 252) (Hint-replay failed): assertion failed (see also FStar.Monotonic.HyperStack.fst(372,74-372,89))
FStar.Monotonic.HyperStack.fst(394,9-394,28): (Warning 252) (Hint-replay failed): assertion failed (see also FStar.Monotonic.Heap.fsti(164,20-164,35))
FStar.Monotonic.HyperStack.fst(400,25-400,58): (Warning 252) (Hint-replay failed): assertion failed (see also FStar.Monotonic.Heap.fsti(251,20-251,56))
FStar.Monotonic.HyperStack.fst(413,77-413,88): (Warning 252) (Hint-replay failed): Subtyping check failed; expected type FStar.Monotonic.Heap.mref a rel1; got type FStar.Monotonic.Heap.mref a rel2 (see also FStar.Monotonic.HyperStack.fst(408,15-408,39))
FStar.Monotonic.HyperStack.fst(433,6-433,8): (Warning 252) (Hint-replay failed): could not prove post-condition (see also FStar.Monotonic.HyperStack.fst(432,13-432,48))
FStar.Monotonic.HyperStack.fst(464,44-464,46): (Warning 252) (Hint-replay failed): could not prove post-condition (see also FStar.Monotonic.HyperStack.fst(463,12-463,67))
FStar.Monotonic.HyperStack.fst(517,5-517,7): (Warning 252) (Hint-replay failed): could not prove post-condition (see also FStar.Monotonic.HyperStack.fst(516,11-516,35))
FStar.Monotonic.HyperStack.fst(535,9-535,41): (Warning 252) (Hint-replay failed): assertion failed (see also FStar.Monotonic.Heap.fsti(262,19-262,35))
FStar.Monotonic.HyperStack.fst(635,2-635,61): (Warning 252) (Hint-replay failed): could not prove post-condition (see also FStar.Monotonic.HyperStack.fst(633,2-633,51))
FStar.Monotonic.HyperStack.fst(645,9-645,32): (Warning 252) (Hint-replay failed): assertion failed (see also FStar.Monotonic.Heap.fsti(292,13-292,25))
FStar.Monotonic.HyperStack.fst(668,28-668,35): (Warning 252) (Hint-replay failed): assertion failed (see also FStar.Monotonic.Heap.fsti(297,84-297,119))
FStar.Monotonic.HyperStack.fst(679,2-679,81): (Warning 252) (Hint-replay failed): could not prove post-condition (see also FStar.Monotonic.HyperStack.fst(678,78-678,105))
FStar.Monotonic.HyperStack.fst(690,2-690,4): (Warning 252) (Hint-replay failed): could not prove post-condition (see also FStar.Monotonic.HyperStack.fst(688,2-688,54))
FStar.Monotonic.HyperStack.fst(705,2-705,4): (Warning 252) (Hint-replay failed): could not prove post-condition (see also FStar.Monotonic.HyperStack.fst(700,53-700,117))
FStar.Monotonic.HyperStack.fst(716,2-716,4): (Warning 252) (Hint-replay failed): could not prove post-condition (see also FStar.Monotonic.HyperStack.fst(714,53-714,89))
FStar.Monotonic.HyperStack.fst(739,2-739,4): (Warning 252) (Hint-replay failed): could not prove post-condition (see also FStar.Monotonic.HyperStack.fst(737,51-737,100))
FStar.Monotonic.HyperStack.fst(750,2-750,4): (Warning 252) (Hint-replay failed): could not prove post-condition (see also FStar.Monotonic.HyperStack.fst(748,51-748,96))
FStar.Monotonic.HyperStack.fst(762,2-762,4): (Warning 252) (Hint-replay failed): could not prove post-condition (see also FStar.Monotonic.HyperStack.fst(760,51-760,112))
FStar.Monotonic.HyperStack.fst(774,2-774,4): (Warning 252) (Hint-replay failed): could not prove post-condition (see also FStar.Monotonic.HyperStack.fst(772,39-772,105))
FStar.Monotonic.HyperStack.fst(787,2-787,4): (Warning 252) (Hint-replay failed): could not prove post-condition (see also FStar.Monotonic.HyperStack.fst(785,66-785,136))
FStar.Monotonic.HyperStack.fst(322,4-322,33): (Warning 252) (Hint-replay failed): assertion failed (see also FStar.Monotonic.HyperStack.fst(102,20-102,34))
FStar.Monotonic.HyperStack.fst(333,4-333,33): (Warning 252) (Hint-replay failed): assertion failed (see also FStar.Monotonic.HyperStack.fst(102,20-102,34))
FStar.Monotonic.HyperStack.fst(342,31-342,41): (Warning 252) (Hint-replay failed): Subtyping check failed; expected type r:
FStar.Monotonic.Heap.mref a rel
{FStar.Monotonic.Heap.contains i_h r /\ FStar.Monotonic.Heap.is_mm r}; got type FStar.Monotonic.Heap.mref a rel (see also FStar.Monotonic.Heap.fsti(64,67-64,81))
FStar.Monotonic.HyperStack.fst(353,31-353,41): (Warning 252) (Hint-replay failed): Subtyping check failed; expected type r: FStar.Monotonic.Heap.mref a rel {FStar.Monotonic.Heap.contains i_h r}; got type FStar.Monotonic.Heap.mref a rel (see also FStar.Monotonic.Heap.fsti(58,67-58,81))
FStar.Monotonic.HyperStack.fst(360,52-360,62): (Warning 252) (Hint-replay failed): Subtyping check failed; expected type r:
FStar.Monotonic.Heap.mref a rel
{ FStar.Monotonic.Heap.contains (FStar.Map.sel (FStar.Monotonic.HyperStack.get_hmap m)
(FStar.Monotonic.HyperStack.frameOf r))
r }; got type FStar.Monotonic.Heap.mref a rel (see also FStar.Monotonic.Heap.fsti(54,67-54,81))
FStar.Monotonic.HyperStack.fst(372,4-372,10): (Warning 252) (Hint-replay failed): assertion failed (see also FStar.Monotonic.HyperStack.fst(372,74-372,89))
FStar.Monotonic.HyperStack.fst(524,36-524,37): (Warning 252) (Hint-replay failed): Subtyping check failed; expected type s:
FStar.Monotonic.HyperStack.mreference a rel
{ FStar.Monotonic.HyperStack.live_region (FStar.Monotonic.HyperStack.upd h r x)
(FStar.Monotonic.HyperStack.frameOf s) }; got type FStar.Monotonic.HyperStack.mreference a rel (see also FStar.Monotonic.HyperStack.fst(316,64-316,89))
FStar.Monotonic.HyperStack.fst(542,37-542,39): (Warning 252) (Hint-replay failed): Subtyping check failed; expected type s:
FStar.Monotonic.HyperStack.mreference b rel_b
{ FStar.Monotonic.HyperStack.live_region (FStar.Monotonic.HyperStack.upd h r1 x)
(FStar.Monotonic.HyperStack.frameOf s) }; got type FStar.Monotonic.HyperStack.mreference b rel_b (see also FStar.Monotonic.HyperStack.fst(316,64-316,89))
FStar.Integers.fst(440,5-454,43): (Warning 252) (Hint-replay failed): Patterns are incomplete
FStar.HyperStack.ST.fst(55,2-55,9): (Warning 252) (Hint-replay failed): Subtyping check failed; expected type FStar.Preorder.preorder FStar.Monotonic.HyperStack.mem; got type m1: FStar.Monotonic.HyperStack.mem -> m2: FStar.Monotonic.HyperStack.mem -> Prims.Tot Type0 (see also FStar.Preorder.fst(12,40-12,56))
FStar.HyperStack.ST.fst(183,46-183,48): (Warning 252) (Hint-replay failed): could not prove post-condition (see also FStar.HyperStack.ST.fst(182,72-182,104))
FStar.HyperStack.ST.fst(187,99-187,101): (Warning 252) (Hint-replay failed): could not prove post-condition (see also FStar.HyperStack.ST.fst(148,4-148,70))
FStar.HyperStack.ST.fst(190,49-190,51): (Warning 252) (Hint-replay failed): could not prove post-condition (see also FStar.HyperStack.ST.fst(189,78-189,112))
FStar.HyperStack.ST.fst(195,4-195,6): (Warning 252) (Hint-replay failed): could not prove post-condition (see also FStar.HyperStack.ST.fst(148,4-148,70))
FStar.HyperStack.ST.fst(199,57-199,59): (Warning 252) (Hint-replay failed): could not prove post-condition (see also FStar.HyperStack.ST.fst(198,79-198,115))
FStar.HyperStack.ST.fst(204,4-204,6): (Warning 252) (Hint-replay failed): could not prove post-condition (see also FStar.HyperStack.ST.fst(148,4-148,70))
FStar.HyperStack.ST.fst(208,63-208,65): (Warning 252) (Hint-replay failed): could not prove post-condition (see also FStar.HyperStack.ST.fst(207,85-207,127))
FStar.HyperStack.ST.fst(214,4-214,6): (Warning 252) (Hint-replay failed): could not prove post-condition (see also FStar.HyperStack.ST.fst(148,4-148,70))
FStar.HyperStack.ST.fst(356,4-356,11): (Warning 252) (Hint-replay failed): assertion failed (see also FStar.HyperStack.ST.fst(98,60-98,73))
FStar.HyperStack.ST.fst(437,4-437,11): (Warning 252) (Hint-replay failed): assertion failed (see also FStar.HyperStack.ST.fst(98,60-98,73))
FStar.HyperStack.ST.fst(459,4-459,11): (Warning 252) (Hint-replay failed): assertion failed (see also FStar.HyperStack.ST.fst(98,60-98,73))
FStar.HyperStack.ST.fst(616,4-623,38): (Warning 252) (Hint-replay failed): could not prove post-condition (see also FStar.HyperStack.ST.fst(261,91-261,115))
FStar.HyperStack.ST.fst(643,4-643,14): (Warning 252) (Hint-replay failed): assertion failed (see also FStar.HyperStack.ST.fst(101,76-101,87))
FStar.HyperStack.ST.fst(651,52-651,54): (Warning 252) (Hint-replay failed): Subtyping check failed; expected type Prims.squash (forall (x: c). FStar.HyperStack.ST.witnessed (p' x)); got type Prims.unit (see also FStar.HyperStack.ST.fst(651,32-651,48))
FStar.Monotonic.Map.fst(28,2-29,71): (Warning 252) (Hint-replay failed): assertion failed (see also FStar.Preorder.fst(12,40-12,56))
FStar.Monotonic.Map.fst(66,4-66,6): (Warning 252) (Hint-replay failed): could not prove post-condition (see also FStar.HyperStack.ST.fst(610,56-610,60))
FStar.Monotonic.Map.fst(82,6-82,8): (Warning 252) (Hint-replay failed): assertion failed (see also FStar.HyperStack.ST.fst(531,54-531,72))
FStar.Monotonic.Map.fst(105,8-105,18): (Warning 252) (Hint-replay failed): assertion failed (see also FStar.HyperStack.ST.fst(610,56-610,60))
FStar.Tactics.Typeclasses.fst(89,4-134,16): (Warning 252) (Hint-replay failed): Patterns are incomplete
FStar.Tactics.Typeclasses.fst(89,4-134,16): (Warning 252) (Hint-replay failed): Patterns are incomplete
(Warning 252) (Hint-replay failed): assertion failed
FStar.Printf.fst(179,21-179,98): (Warning 252) (Hint-replay failed): Subtyping check failed; expected type (match
let FStar.Pervasives.Native.Some v =
match FStar.String.list_of_string s with
| [] -> FStar.Pervasives.Native.Some []
| ['%'] -> FStar.Pervasives.Native.None
| '%' :: 'u' :: s' ->
(match s' with
| 'y' :: s'' ->
(match FStar.Printf.parse_format s'' FStar.Printf.no_extensions with
| FStar.Pervasives.Native.None  -> FStar.Pervasives.Native.None
| FStar.Pervasives.Native.Some ds ->
FStar.Pervasives.Native.Some (FStar.Printf.Arg (FStar.Printf.U8) :: ds))
<:
Prims.Tot (FStar.Pervasives.Native.option (Prims.list FStar.Printf.dir))
| 's' :: s'' ->
(match FStar.Printf.parse_format s'' FStar.Printf.no_extensions with
| FStar.Pervasives.Native.None  -> FStar.Pervasives.Native.None
| FStar.Pervasives.Native.Some ds ->
FStar.Pervasives.Native.Some (FStar.Printf.Arg (FStar.Printf.U16) :: ds))
<:
Prims.Tot (FStar.Pervasives.Native.option (Prims.list FStar.Printf.dir))
| 'l' :: s'' ->
(match FStar.Printf.parse_format s'' FStar.Printf.no_extensions with
| FStar.Pervasives.Native.None  -> FStar.Pervasives.Native.None
| FStar.Pervasives.Native.Some ds ->
FStar.Pervasives.Native.Some (FStar.Printf.Arg (FStar.Printf.U32) :: ds))
<:
Prims.Tot (FStar.Pervasives.Native.option (Prims.list FStar.Printf.dir))
| 'L' :: s'' ->
(match FStar.Printf.parse_format s'' FStar.Printf.no_extensions with
| FStar.Pervasives.Native.None  -> FStar.Pervasives.Native.None
| FStar.Pervasives.Native.Some ds ->
FStar.Pervasives.Native.Some (FStar.Printf.Arg (FStar.Printf.U64) :: ds))
<:
Prims.Tot (FStar.Pervasives.Native.option (Prims.list FStar.Printf.dir))
| _ -> FStar.Pervasives.Native.None)
<:
FStar.Pervasives.Native.option (Prims.list FStar.Printf.dir)
| '%' :: 'X' :: s' ->
(match FStar.Printf.no_extensions s' with
| FStar.Pervasives.Native.Some (ext, rest) ->
(match FStar.Printf.parse_format rest FStar.Printf.no_extensions with
| FStar.Pervasives.Native.None  -> FStar.Pervasives.Native.None
| FStar.Pervasives.Native.Some ds ->
FStar.Pervasives.Native.Some (FStar.Printf.Arg (FStar.Printf.Extension ext) :: ds))
<:
Prims.Tot (FStar.Pervasives.Native.option (Prims.list FStar.Printf.dir))
| _ -> FStar.Pervasives.Native.None)
<:
FStar.Pervasives.Native.option (Prims.list FStar.Printf.dir)
| '%' :: c :: s' ->
(match c with
| '%' ->
(match FStar.Printf.parse_format s' FStar.Printf.no_extensions with
| FStar.Pervasives.Native.None  -> FStar.Pervasives.Native.None
| FStar.Pervasives.Native.Some ds ->
FStar.Pervasives.Native.Some (FStar.Printf.Lit '%' :: ds))
<:
Prims.Tot (FStar.Pervasives.Native.option (Prims.list FStar.Printf.dir))
| 'b' ->
(match FStar.Printf.parse_format s' FStar.Printf.no_extensions with
| FStar.Pervasives.Native.None  -> FStar.Pervasives.Native.None
| FStar.Pervasives.Native.Some ds ->
FStar.Pervasives.Native.Some (FStar.Printf.Arg (FStar.Printf.Bool) :: ds))
<:
Prims.Tot (FStar.Pervasives.Native.option (Prims.list FStar.Printf.dir))
| 'd' ->
(match FStar.Printf.parse_format s' FStar.Printf.no_extensions with
| FStar.Pervasives.Native.None  -> FStar.Pervasives.Native.None
| FStar.Pervasives.Native.Some ds ->
FStar.Pervasives.Native.Some (FStar.Printf.Arg (FStar.Printf.Int) :: ds))
<:
Prims.Tot (FStar.Pervasives.Native.option (Prims.list FStar.Printf.dir))
| 'c' ->
(match FStar.Printf.parse_format s' FStar.Printf.no_extensions with
| FStar.Pervasives.Native.None  -> FStar.Pervasives.Native.None
| FStar.Pervasives.Native.Some ds ->
FStar.Pervasives.Native.Some (FStar.Printf.Arg (FStar.Printf.Char) :: ds))
<:
Prims.Tot (FStar.Pervasives.Native.option (Prims.list FStar.Printf.dir))
| 's' ->
(match FStar.Printf.parse_format s' FStar.Printf.no_extensions with
| FStar.Pervasives.Native.None  -> FStar.Pervasives.Native.None
| FStar.Pervasives.Native.Some ds ->
FStar.Pervasives.Native.Some (FStar.Printf.Arg (FStar.Printf.String) :: ds))
<:
Prims.Tot (FStar.Pervasives.Native.option (Prims.list FStar.Printf.dir))
| 'y' ->
(match FStar.Printf.parse_format s' FStar.Printf.no_extensions with
| FStar.Pervasives.Native.None  -> FStar.Pervasives.Native.None
| FStar.Pervasives.Native.Some ds ->
FStar.Pervasives.Native.Some (FStar.Printf.Arg (FStar.Printf.I8) :: ds))
<:
Prims.Tot (FStar.Pervasives.Native.option (Prims.list FStar.Printf.dir))
| 'i' ->
(match FStar.Printf.parse_format s' FStar.Printf.no_extensions with
| FStar.Pervasives.Native.None  -> FStar.Pervasives.Native.None
| FStar.Pervasives.Native.Some ds ->
FStar.Pervasives.Native.Some (FStar.Printf.Arg (FStar.Printf.I16) :: ds))
<:
Prims.Tot (FStar.Pervasives.Native.option (Prims.list FStar.Printf.dir))
| 'l' ->
(match FStar.Printf.parse_format s' FStar.Printf.no_extensions with
| FStar.Pervasives.Native.None  -> FStar.Pervasives.Native.None
| FStar.Pervasives.Native.Some ds ->
FStar.Pervasives.Native.Some (FStar.Printf.Arg (FStar.Printf.I32) :: ds))
<:
Prims.Tot (FStar.Pervasives.Native.option (Prims.list FStar.Printf.dir))
| 'L' ->
(match FStar.Printf.parse_format s' FStar.Printf.no_extensions with
| FStar.Pervasives.Native.None  -> FStar.Pervasives.Native.None
| FStar.Pervasives.Native.Some ds ->
FStar.Pervasives.Native.Some (FStar.Printf.Arg (FStar.Printf.I64) :: ds))
<:
Prims.Tot (FStar.Pervasives.Native.option (Prims.list FStar.Printf.dir))
| _ -> FStar.Pervasives.Native.None)
<:
FStar.Pervasives.Native.option (Prims.list FStar.Printf.dir)
| c :: s' ->
(match FStar.Printf.parse_format s' FStar.Printf.no_extensions with
| FStar.Pervasives.Native.None  -> FStar.Pervasives.Native.None
| FStar.Pervasives.Native.Some ds ->
FStar.Pervasives.Native.Some (FStar.Printf.Lit c :: ds))
<:
Prims.Tot (FStar.Pervasives.Native.option (Prims.list FStar.Printf.dir))
in
v
with
| [] -> Prims.string
| FStar.Printf.Lit _ :: ds' -> FStar.Printf.dir_type ds'
| FStar.Printf.Arg a :: ds' -> _: FStar.Printf.arg_type a -> Prims.Tot (FStar.Printf.dir_type ds')
)
<:
Type0; got type FStar.Printf.dir_type (Some?.v (FStar.Printf.parse_format_string s FStar.Printf.no_extensions))
FStar.Printf.fst(190,21-190,94): (Warning 252) (Hint-replay failed): Subtyping check failed; expected type (match
let FStar.Pervasives.Native.Some v =
match FStar.String.list_of_string s with
| [] -> FStar.Pervasives.Native.Some []
| ['%'] -> FStar.Pervasives.Native.None
| '%' :: 'u' :: s' ->
(match s' with
| 'y' :: s'' ->
(match FStar.Printf.parse_format s'' parse_ext with
| FStar.Pervasives.Native.None  -> FStar.Pervasives.Native.None
| FStar.Pervasives.Native.Some ds ->
FStar.Pervasives.Native.Some (FStar.Printf.Arg (FStar.Printf.U8) :: ds))
<:
Prims.Tot (FStar.Pervasives.Native.option (Prims.list FStar.Printf.dir))
| 's' :: s'' ->
(match FStar.Printf.parse_format s'' parse_ext with
| FStar.Pervasives.Native.None  -> FStar.Pervasives.Native.None
| FStar.Pervasives.Native.Some ds ->
FStar.Pervasives.Native.Some (FStar.Printf.Arg (FStar.Printf.U16) :: ds))
<:
Prims.Tot (FStar.Pervasives.Native.option (Prims.list FStar.Printf.dir))
| 'l' :: s'' ->
(match FStar.Printf.parse_format s'' parse_ext with
| FStar.Pervasives.Native.None  -> FStar.Pervasives.Native.None
| FStar.Pervasives.Native.Some ds ->
FStar.Pervasives.Native.Some (FStar.Printf.Arg (FStar.Printf.U32) :: ds))
<:
Prims.Tot (FStar.Pervasives.Native.option (Prims.list FStar.Printf.dir))
| 'L' :: s'' ->
(match FStar.Printf.parse_format s'' parse_ext with
| FStar.Pervasives.Native.None  -> FStar.Pervasives.Native.None
| FStar.Pervasives.Native.Some ds ->
FStar.Pervasives.Native.Some (FStar.Printf.Arg (FStar.Printf.U64) :: ds))
<:
Prims.Tot (FStar.Pervasives.Native.option (Prims.list FStar.Printf.dir))
| _ -> FStar.Pervasives.Native.None)
<:
FStar.Pervasives.Native.option (Prims.list FStar.Printf.dir)
| '%' :: 'X' :: s' ->
(match parse_ext s' with
| FStar.Pervasives.Native.Some (ext, rest) ->
(match FStar.Printf.parse_format rest parse_ext with
| FStar.Pervasives.Native.None  -> FStar.Pervasives.Native.None
| FStar.Pervasives.Native.Some ds ->
FStar.Pervasives.Native.Some (FStar.Printf.Arg (FStar.Printf.Extension ext) :: ds))
<:
Prims.Tot (FStar.Pervasives.Native.option (Prims.list FStar.Printf.dir))
| _ -> FStar.Pervasives.Native.None)
<:
FStar.Pervasives.Native.option (Prims.list FStar.Printf.dir)
| '%' :: c :: s' ->
(match c with
| '%' ->
(match FStar.Printf.parse_format s' parse_ext with
| FStar.Pervasives.Native.None  -> FStar.Pervasives.Native.None
| FStar.Pervasives.Native.Some ds ->
FStar.Pervasives.Native.Some (FStar.Printf.Lit '%' :: ds))
<:
Prims.Tot (FStar.Pervasives.Native.option (Prims.list FStar.Printf.dir))
| 'b' ->
(match FStar.Printf.parse_format s' parse_ext with
| FStar.Pervasives.Native.None  -> FStar.Pervasives.Native.None
| FStar.Pervasives.Native.Some ds ->
FStar.Pervasives.Native.Some (FStar.Printf.Arg (FStar.Printf.Bool) :: ds))
<:
Prims.Tot (FStar.Pervasives.Native.option (Prims.list FStar.Printf.dir))
| 'd' ->
(match FStar.Printf.parse_format s' parse_ext with
| FStar.Pervasives.Native.None  -> FStar.Pervasives.Native.None
| FStar.Pervasives.Native.Some ds ->
FStar.Pervasives.Native.Some (FStar.Printf.Arg (FStar.Printf.Int) :: ds))
<:
Prims.Tot (FStar.Pervasives.Native.option (Prims.list FStar.Printf.dir))
| 'c' ->
(match FStar.Printf.parse_format s' parse_ext with
| FStar.Pervasives.Native.None  -> FStar.Pervasives.Native.None
| FStar.Pervasives.Native.Some ds ->
FStar.Pervasives.Native.Some (FStar.Printf.Arg (FStar.Printf.Char) :: ds))
<:
Prims.Tot (FStar.Pervasives.Native.option (Prims.list FStar.Printf.dir))
| 's' ->
(match FStar.Printf.parse_format s' parse_ext with
| FStar.Pervasives.Native.None  -> FStar.Pervasives.Native.None
| FStar.Pervasives.Native.Some ds ->
FStar.Pervasives.Native.Some (FStar.Printf.Arg (FStar.Printf.String) :: ds))
<:
Prims.Tot (FStar.Pervasives.Native.option (Prims.list FStar.Printf.dir))
| 'y' ->
(match FStar.Printf.parse_format s' parse_ext with
| FStar.Pervasives.Native.None  -> FStar.Pervasives.Native.None
| FStar.Pervasives.Native.Some ds ->
FStar.Pervasives.Native.Some (FStar.Printf.Arg (FStar.Printf.I8) :: ds))
<:
Prims.Tot (FStar.Pervasives.Native.option (Prims.list FStar.Printf.dir))
| 'i' ->
(match FStar.Printf.parse_format s' parse_ext with
| FStar.Pervasives.Native.None  -> FStar.Pervasives.Native.None
| FStar.Pervasives.Native.Some ds ->
FStar.Pervasives.Native.Some (FStar.Printf.Arg (FStar.Printf.I16) :: ds))
<:
Prims.Tot (FStar.Pervasives.Native.option (Prims.list FStar.Printf.dir))
| 'l' ->
(match FStar.Printf.parse_format s' parse_ext with
| FStar.Pervasives.Native.None  -> FStar.Pervasives.Native.None
| FStar.Pervasives.Native.Some ds ->
FStar.Pervasives.Native.Some (FStar.Printf.Arg (FStar.Printf.I32) :: ds))
<:
Prims.Tot (FStar.Pervasives.Native.option (Prims.list FStar.Printf.dir))
| 'L' ->
(match FStar.Printf.parse_format s' parse_ext with
| FStar.Pervasives.Native.None  -> FStar.Pervasives.Native.None
| FStar.Pervasives.Native.Some ds ->
FStar.Pervasives.Native.Some (FStar.Printf.Arg (FStar.Printf.I64) :: ds))
<:
Prims.Tot (FStar.Pervasives.Native.option (Prims.list FStar.Printf.dir))
| _ -> FStar.Pervasives.Native.None)
<:
FStar.Pervasives.Native.option (Prims.list FStar.Printf.dir)
| c :: s' ->
(match FStar.Printf.parse_format s' parse_ext with
| FStar.Pervasives.Native.None  -> FStar.Pervasives.Native.None
| FStar.Pervasives.Native.Some ds ->
FStar.Pervasives.Native.Some (FStar.Printf.Lit c :: ds))
<:
Prims.Tot (FStar.Pervasives.Native.option (Prims.list FStar.Printf.dir))
in
v
with
| [] -> Prims.string
| FStar.Printf.Lit _ :: ds' -> FStar.Printf.dir_type ds'
| FStar.Printf.Arg a :: ds' -> _: FStar.Printf.arg_type a -> Prims.Tot (FStar.Printf.dir_type ds')
)
<:
Type0; got type FStar.Printf.dir_type (Some?.v (FStar.Printf.parse_format_string s parse_ext))
(Warning 252) (Hint-replay failed): assertion failed
FStar.Printf.fst(179,21-179,98): (Warning 252) (Hint-replay failed): Subtyping check failed; expected type (match
let FStar.Pervasives.Native.Some v =
match FStar.String.list_of_string s with
| [] -> FStar.Pervasives.Native.Some []
| ['%'] -> FStar.Pervasives.Native.None
| '%' :: 'u' :: s' ->
(match s' with
| 'y' :: s'' ->
(match FStar.Printf.parse_format s'' FStar.Printf.no_extensions with
| FStar.Pervasives.Native.None  -> FStar.Pervasives.Native.None
| FStar.Pervasives.Native.Some ds ->
FStar.Pervasives.Native.Some (FStar.Printf.Arg (FStar.Printf.U8) :: ds))
<:
Prims.Tot (FStar.Pervasives.Native.option (Prims.list FStar.Printf.dir))
| 's' :: s'' ->
(match FStar.Printf.parse_format s'' FStar.Printf.no_extensions with
| FStar.Pervasives.Native.None  -> FStar.Pervasives.Native.None
| FStar.Pervasives.Native.Some ds ->
FStar.Pervasives.Native.Some (FStar.Printf.Arg (FStar.Printf.U16) :: ds))
<:
Prims.Tot (FStar.Pervasives.Native.option (Prims.list FStar.Printf.dir))
| 'l' :: s'' ->
(match FStar.Printf.parse_format s'' FStar.Printf.no_extensions with
| FStar.Pervasives.Native.None  -> FStar.Pervasives.Native.None
| FStar.Pervasives.Native.Some ds ->
FStar.Pervasives.Native.Some (FStar.Printf.Arg (FStar.Printf.U32) :: ds))
<:
Prims.Tot (FStar.Pervasives.Native.option (Prims.list FStar.Printf.dir))
| 'L' :: s'' ->
(match FStar.Printf.parse_format s'' FStar.Printf.no_extensions with
| FStar.Pervasives.Native.None  -> FStar.Pervasives.Native.None
| FStar.Pervasives.Native.Some ds ->
FStar.Pervasives.Native.Some (FStar.Printf.Arg (FStar.Printf.U64) :: ds))
<:
Prims.Tot (FStar.Pervasives.Native.option (Prims.list FStar.Printf.dir))
| _ -> FStar.Pervasives.Native.None)
<:
FStar.Pervasives.Native.option (Prims.list FStar.Printf.dir)
| '%' :: 'X' :: s' ->
(match FStar.Printf.no_extensions s' with
| FStar.Pervasives.Native.Some (ext, rest) ->
(match FStar.Printf.parse_format rest FStar.Printf.no_extensions with
| FStar.Pervasives.Native.None  -> FStar.Pervasives.Native.None
| FStar.Pervasives.Native.Some ds ->
FStar.Pervasives.Native.Some (FStar.Printf.Arg (FStar.Printf.Extension ext) :: ds))
<:
Prims.Tot (FStar.Pervasives.Native.option (Prims.list FStar.Printf.dir))
| _ -> FStar.Pervasives.Native.None)
<:
FStar.Pervasives.Native.option (Prims.list FStar.Printf.dir)
| '%' :: c :: s' ->
(match c with
| '%' ->
(match FStar.Printf.parse_format s' FStar.Printf.no_extensions with
| FStar.Pervasives.Native.None  -> FStar.Pervasives.Native.None
| FStar.Pervasives.Native.Some ds ->
FStar.Pervasives.Native.Some (FStar.Printf.Lit '%' :: ds))
<:
Prims.Tot (FStar.Pervasives.Native.option (Prims.list FStar.Printf.dir))
| 'b' ->
(match FStar.Printf.parse_format s' FStar.Printf.no_extensions with
| FStar.Pervasives.Native.None  -> FStar.Pervasives.Native.None
| FStar.Pervasives.Native.Some ds ->
FStar.Pervasives.Native.Some (FStar.Printf.Arg (FStar.Printf.Bool) :: ds))
<:
Prims.Tot (FStar.Pervasives.Native.option (Prims.list FStar.Printf.dir))
| 'd' ->
(match FStar.Printf.parse_format s' FStar.Printf.no_extensions with
| FStar.Pervasives.Native.None  -> FStar.Pervasives.Native.None
| FStar.Pervasives.Native.Some ds ->
FStar.Pervasives.Native.Some (FStar.Printf.Arg (FStar.Printf.Int) :: ds))
<:
Prims.Tot (FStar.Pervasives.Native.option (Prims.list FStar.Printf.dir))
| 'c' ->
(match FStar.Printf.parse_format s' FStar.Printf.no_extensions with
| FStar.Pervasives.Native.None  -> FStar.Pervasives.Native.None
| FStar.Pervasives.Native.Some ds ->
FStar.Pervasives.Native.Some (FStar.Printf.Arg (FStar.Printf.Char) :: ds))
<:
Prims.Tot (FStar.Pervasives.Native.option (Prims.list FStar.Printf.dir))
| 's' ->
(match FStar.Printf.parse_format s' FStar.Printf.no_extensions with
| FStar.Pervasives.Native.None  -> FStar.Pervasives.Native.None
| FStar.Pervasives.Native.Some ds ->
FStar.Pervasives.Native.Some (FStar.Printf.Arg (FStar.Printf.String) :: ds))
<:
Prims.Tot (FStar.Pervasives.Native.option (Prims.list FStar.Printf.dir))
| 'y' ->
(match FStar.Printf.parse_format s' FStar.Printf.no_extensions with
| FStar.Pervasives.Native.None  -> FStar.Pervasives.Native.None
| FStar.Pervasives.Native.Some ds ->
FStar.Pervasives.Native.Some (FStar.Printf.Arg (FStar.Printf.I8) :: ds))
<:
Prims.Tot (FStar.Pervasives.Native.option (Prims.list FStar.Printf.dir))
| 'i' ->
(match FStar.Printf.parse_format s' FStar.Printf.no_extensions with
| FStar.Pervasives.Native.None  -> FStar.Pervasives.Native.None
| FStar.Pervasives.Native.Some ds ->
FStar.Pervasives.Native.Some (FStar.Printf.Arg (FStar.Printf.I16) :: ds))
<:
Prims.Tot (FStar.Pervasives.Native.option (Prims.list FStar.Printf.dir))
| 'l' ->
(match FStar.Printf.parse_format s' FStar.Printf.no_extensions with
| FStar.Pervasives.Native.None  -> FStar.Pervasives.Native.None
| FStar.Pervasives.Native.Some ds ->
FStar.Pervasives.Native.Some (FStar.Printf.Arg (FStar.Printf.I32) :: ds))
<:
Prims.Tot (FStar.Pervasives.Native.option (Prims.list FStar.Printf.dir))
| 'L' ->
(match FStar.Printf.parse_format s' FStar.Printf.no_extensions with
| FStar.Pervasives.Native.None  -> FStar.Pervasives.Native.None
| FStar.Pervasives.Native.Some ds ->
FStar.Pervasives.Native.Some (FStar.Printf.Arg (FStar.Printf.I64) :: ds))
<:
Prims.Tot (FStar.Pervasives.Native.option (Prims.list FStar.Printf.dir))
| _ -> FStar.Pervasives.Native.None)
<:
FStar.Pervasives.Native.option (Prims.list FStar.Printf.dir)
| c :: s' ->
(match FStar.Printf.parse_format s' FStar.Printf.no_extensions with
| FStar.Pervasives.Native.None  -> FStar.Pervasives.Native.None
| FStar.Pervasives.Native.Some ds ->
FStar.Pervasives.Native.Some (FStar.Printf.Lit c :: ds))
<:
Prims.Tot (FStar.Pervasives.Native.option (Prims.list FStar.Printf.dir))
in
v
with
| [] -> Prims.string
| FStar.Printf.Lit _ :: ds' -> FStar.Printf.dir_type ds'
| FStar.Printf.Arg a :: ds' -> _: FStar.Printf.arg_type a -> Prims.Tot (FStar.Printf.dir_type ds')
)
<:
Type0; got type FStar.Printf.dir_type (Some?.v (FStar.Printf.parse_format_string s FStar.Printf.no_extensions))
FStar.Printf.fst(190,21-190,94): (Warning 252) (Hint-replay failed): Subtyping check failed; expected type (match
let FStar.Pervasives.Native.Some v =
match FStar.String.list_of_string s with
| [] -> FStar.Pervasives.Native.Some []
| ['%'] -> FStar.Pervasives.Native.None
| '%' :: 'u' :: s' ->
(match s' with
| 'y' :: s'' ->
(match FStar.Printf.parse_format s'' parse_ext with
| FStar.Pervasives.Native.None  -> FStar.Pervasives.Native.None
| FStar.Pervasives.Native.Some ds ->
FStar.Pervasives.Native.Some (FStar.Printf.Arg (FStar.Printf.U8) :: ds))
<:
Prims.Tot (FStar.Pervasives.Native.option (Prims.list FStar.Printf.dir))
| 's' :: s'' ->
(match FStar.Printf.parse_format s'' parse_ext with
| FStar.Pervasives.Native.None  -> FStar.Pervasives.Native.None
| FStar.Pervasives.Native.Some ds ->
FStar.Pervasives.Native.Some (FStar.Printf.Arg (FStar.Printf.U16) :: ds))
<:
Prims.Tot (FStar.Pervasives.Native.option (Prims.list FStar.Printf.dir))
| 'l' :: s'' ->
(match FStar.Printf.parse_format s'' parse_ext with
| FStar.Pervasives.Native.None  -> FStar.Pervasives.Native.None
| FStar.Pervasives.Native.Some ds ->
FStar.Pervasives.Native.Some (FStar.Printf.Arg (FStar.Printf.U32) :: ds))
<:
Prims.Tot (FStar.Pervasives.Native.option (Prims.list FStar.Printf.dir))
| 'L' :: s'' ->
(match FStar.Printf.parse_format s'' parse_ext with
| FStar.Pervasives.Native.None  -> FStar.Pervasives.Native.None
| FStar.Pervasives.Native.Some ds ->
FStar.Pervasives.Native.Some (FStar.Printf.Arg (FStar.Printf.U64) :: ds))
<:
Prims.Tot (FStar.Pervasives.Native.option (Prims.list FStar.Printf.dir))
| _ -> FStar.Pervasives.Native.None)
<:
FStar.Pervasives.Native.option (Prims.list FStar.Printf.dir)
| '%' :: 'X' :: s' ->
(match parse_ext s' with
| FStar.Pervasives.Native.Some (ext, rest) ->
(match FStar.Printf.parse_format rest parse_ext with
| FStar.Pervasives.Native.None  -> FStar.Pervasives.Native.None
| FStar.Pervasives.Native.Some ds ->
FStar.Pervasives.Native.Some (FStar.Printf.Arg (FStar.Printf.Extension ext) :: ds))
<:
Prims.Tot (FStar.Pervasives.Native.option (Prims.list FStar.Printf.dir))
| _ -> FStar.Pervasives.Native.None)
<:
FStar.Pervasives.Native.option (Prims.list FStar.Printf.dir)
| '%' :: c :: s' ->
(match c with
| '%' ->
(match FStar.Printf.parse_format s' parse_ext with
| FStar.Pervasives.Native.None  -> FStar.Pervasives.Native.None
| FStar.Pervasives.Native.Some ds ->
FStar.Pervasives.Native.Some (FStar.Printf.Lit '%' :: ds))
<:
Prims.Tot (FStar.Pervasives.Native.option (Prims.list FStar.Printf.dir))
| 'b' ->
(match FStar.Printf.parse_format s' parse_ext with
| FStar.Pervasives.Native.None  -> FStar.Pervasives.Native.None
| FStar.Pervasives.Native.Some ds ->
FStar.Pervasives.Native.Some (FStar.Printf.Arg (FStar.Printf.Bool) :: ds))
<:
Prims.Tot (FStar.Pervasives.Native.option (Prims.list FStar.Printf.dir))
| 'd' ->
(match FStar.Printf.parse_format s' parse_ext with
| FStar.Pervasives.Native.None  -> FStar.Pervasives.Native.None
| FStar.Pervasives.Native.Some ds ->
FStar.Pervasives.Native.Some (FStar.Printf.Arg (FStar.Printf.Int) :: ds))
<:
Prims.Tot (FStar.Pervasives.Native.option (Prims.list FStar.Printf.dir))
| 'c' ->
(match FStar.Printf.parse_format s' parse_ext with
| FStar.Pervasives.Native.None  -> FStar.Pervasives.Native.None
| FStar.Pervasives.Native.Some ds ->
FStar.Pervasives.Native.Some (FStar.Printf.Arg (FStar.Printf.Char) :: ds))
<:
Prims.Tot (FStar.Pervasives.Native.option (Prims.list FStar.Printf.dir))
| 's' ->
(match FStar.Printf.parse_format s' parse_ext with
| FStar.Pervasives.Native.None  -> FStar.Pervasives.Native.None
| FStar.Pervasives.Native.Some ds ->
FStar.Pervasives.Native.Some (FStar.Printf.Arg (FStar.Printf.String) :: ds))
<:
Prims.Tot (FStar.Pervasives.Native.option (Prims.list FStar.Printf.dir))
| 'y' ->
(match FStar.Printf.parse_format s' parse_ext with
| FStar.Pervasives.Native.None  -> FStar.Pervasives.Native.None
| FStar.Pervasives.Native.Some ds ->
FStar.Pervasives.Native.Some (FStar.Printf.Arg (FStar.Printf.I8) :: ds))
<:
Prims.Tot (FStar.Pervasives.Native.option (Prims.list FStar.Printf.dir))
| 'i' ->
(match FStar.Printf.parse_format s' parse_ext with
| FStar.Pervasives.Native.None  -> FStar.Pervasives.Native.None
| FStar.Pervasives.Native.Some ds ->
FStar.Pervasives.Native.Some (FStar.Printf.Arg (FStar.Printf.I16) :: ds))
<:
Prims.Tot (FStar.Pervasives.Native.option (Prims.list FStar.Printf.dir))
| 'l' ->
(match FStar.Printf.parse_format s' parse_ext with
| FStar.Pervasives.Native.None  -> FStar.Pervasives.Native.None
| FStar.Pervasives.Native.Some ds ->
FStar.Pervasives.Native.Some (FStar.Printf.Arg (FStar.Printf.I32) :: ds))
<:
Prims.Tot (FStar.Pervasives.Native.option (Prims.list FStar.Printf.dir))
| 'L' ->
(match FStar.Printf.parse_format s' parse_ext with
| FStar.Pervasives.Native.None  -> FStar.Pervasives.Native.None
| FStar.Pervasives.Native.Some ds ->
FStar.Pervasives.Native.Some (FStar.Printf.Arg (FStar.Printf.I64) :: ds))
<:
Prims.Tot (FStar.Pervasives.Native.option (Prims.list FStar.Printf.dir))
| _ -> FStar.Pervasives.Native.None)
<:
FStar.Pervasives.Native.option (Prims.list FStar.Printf.dir)
| c :: s' ->
(match FStar.Printf.parse_format s' parse_ext with
| FStar.Pervasives.Native.None  -> FStar.Pervasives.Native.None
| FStar.Pervasives.Native.Some ds ->
FStar.Pervasives.Native.Some (FStar.Printf.Lit c :: ds))
<:
Prims.Tot (FStar.Pervasives.Native.option (Prims.list FStar.Printf.dir))
in
v
with
| [] -> Prims.string
| FStar.Printf.Lit _ :: ds' -> FStar.Printf.dir_type ds'
| FStar.Printf.Arg a :: ds' -> _: FStar.Printf.arg_type a -> Prims.Tot (FStar.Printf.dir_type ds')
)
<:
Type0; got type FStar.Printf.dir_type (Some?.v (FStar.Printf.parse_format_string s parse_ext))
FStar.Reflection.Arith.fst(116,30-116,32): (Warning 252) (Hint-replay failed): Subtyping check failed; expected type t: FStar.Reflection.Types.term{t << t}; got type FStar.Reflection.Types.term (see also FStar.Reflection.Arith.fst(110,4-153,14))
FStar.Reflection.Arith.fst(116,30-116,32): (Warning 252) Subtyping check failed; expected type t: FStar.Reflection.Types.term{t << t}; got type FStar.Reflection.Types.term (see also FStar.Reflection.Arith.fst(110,4-153,14))
FStar.Reflection.Arith.fst(116,30-116,32): (Warning 252) Subtyping check failed; expected type t: FStar.Reflection.Types.term{t << t}; got type FStar.Reflection.Types.term (see also FStar.Reflection.Arith.fst(110,4-153,14))
FStar.Monotonic.Seq.fst(28,4-29,111): (Warning 252) (Hint-replay failed): assertion failed (see also FStar.Preorder.fst(12,40-12,56))
FStar.Monotonic.Seq.fst(41,4-41,6): (Warning 252) (Hint-replay failed): could not prove post-condition (see also FStar.Monotonic.Seq.fst(39,12-39,36))
FStar.Monotonic.Seq.fst(50,4-50,17): (Warning 252) (Hint-replay failed): could not prove post-condition (see also FStar.Monotonic.Seq.fst(47,2-47,18))
FStar.Monotonic.Seq.fst(61,4-61,6): (Warning 252) (Hint-replay failed): could not prove post-condition (see also FStar.HyperStack.ST.fst(610,56-610,60))
FStar.Monotonic.Seq.fst(103,4-103,6): (Warning 252) (Hint-replay failed): could not prove post-condition (see also FStar.HyperStack.ST.fst(610,56-610,60))
FStar.Monotonic.Seq.fst(174,2-174,8): (Warning 252) (Hint-replay failed): assertion failed (see also FStar.Monotonic.Seq.fst(174,9-174,29))
FStar.Monotonic.Seq.fst(248,4-248,6): (Warning 252) (Hint-replay failed): could not prove post-condition (see also FStar.Monotonic.Seq.fst(247,8-247,35))
FStar.Monotonic.Seq.fst(260,4-260,6): (Warning 252) (Hint-replay failed): could not prove post-condition (see also FStar.HyperStack.ST.fst(610,56-610,60))
FStar.Monotonic.Seq.fst(274,4-274,6): (Warning 252) (Hint-replay failed): could not prove post-condition (see also FStar.HyperStack.ST.fst(610,56-610,60))
FStar.Monotonic.Seq.fst(303,38-303,44): (Warning 252) (Hint-replay failed): assertion failed (see also FStar.Monotonic.Seq.fst(303,45-303,62))
FStar.Monotonic.Seq.fst(344,4-344,46): (Warning 252) (Hint-replay failed): could not prove post-condition (see also FStar.HyperStack.ST.fst(610,56-610,60))
LowStar.Monotonic.Buffer.fsti(260,28-260,33): (Warning 252) (Hint-replay failed): assertion failed (see also LowStar.Monotonic.Buffer.fsti(228,11-229,60))
LowStar.Monotonic.Buffer.fsti(270,30-270,35): (Warning 252) (Hint-replay failed): assertion failed (see also LowStar.Monotonic.Buffer.fsti(228,11-229,60))
LowStar.Monotonic.Buffer.fsti(280,24-280,29): (Warning 252) (Hint-replay failed): assertion failed (see also LowStar.Monotonic.Buffer.fsti(228,11-229,60))
LowStar.Monotonic.Buffer.fsti(290,28-290,33): (Warning 252) (Hint-replay failed): assertion failed (see also LowStar.Monotonic.Buffer.fsti(228,11-229,60))
LowStar.Monotonic.Buffer.fsti(296,28-296,33): (Warning 252) (Hint-replay failed): assertion failed (see also LowStar.Monotonic.Buffer.fsti(228,11-229,60))
LowStar.Monotonic.Buffer.fsti(319,27-319,32): (Warning 252) (Hint-replay failed): assertion failed (see also LowStar.Monotonic.Buffer.fsti(228,11-229,60))
LowStar.Monotonic.Buffer.fsti(336,29-336,34): (Warning 252) (Hint-replay failed): assertion failed (see also LowStar.Monotonic.Buffer.fsti(228,11-229,60))
LowStar.Monotonic.Buffer.fsti(559,47-559,52): (Warning 252) (Hint-replay failed): assertion failed (see also LowStar.Monotonic.Buffer.fsti(228,11-229,60))
LowStar.Monotonic.Buffer.fsti(567,4-567,6): (Warning 252) (Hint-replay failed): assertion failed (see also LowStar.Monotonic.Buffer.fsti(228,11-229,60))
LowStar.Monotonic.Buffer.fsti(575,46-575,51): (Warning 252) (Hint-replay failed): assertion failed (see also LowStar.Monotonic.Buffer.fsti(228,11-229,60))
LowStar.Monotonic.Buffer.fsti(840,46-840,51): (Warning 252) (Hint-replay failed): assertion failed (see also LowStar.Monotonic.Buffer.fsti(228,11-229,60))
FStar.Buffer.fst(134,40-134,42): (Warning 252) (Hint-replay failed): could not prove post-condition (see also FStar.Buffer.fst(132,11-132,26))
FStar.Buffer.fst(960,4-961,44): (Warning 252) (Hint-replay failed): could not prove post-condition (see also FStar.Buffer.fst(959,7-959,35))
FStar.Buffer.fst(1238,30-1238,32): (Warning 252) (Hint-replay failed): could not prove post-condition (see also FStar.Buffer.fst(1236,26-1236,35))
FStar.Buffer.fst(65,4-65,10): (Warning 252) (Hint-replay failed): Subtyping check failed; expected type Prims.nat; got type FStar.UInt.uint_t FStar.UInt32.n (see also prims.fst(408,17-408,23))
LowStar.BufferView.fst(79,31-79,33): (Warning 252) (Hint-replay failed): Subtyping check failed; expected type FStar.Seq.Properties.lseq (FStar.Pervasives.dfst vb)
(LowStar.Monotonic.Buffer.length (LowStar.BufferView.as_buffer vb)); got type FStar.Seq.Base.seq (FStar.Pervasives.dfst vb) (see also FStar.Seq.Properties.fst(24,19-24,36))
LowStar.BufferView.fst(84,4-98,24): (Warning 252) (Hint-replay failed): could not prove post-condition (see also LowStar.BufferView.fst(82,11-82,41))
LowStar.BufferView.fst(156,38-156,40): (Warning 252) (Hint-replay failed): Subtyping check failed; expected type FStar.Seq.Properties.lseq (FStar.Pervasives.dfst vb)
(LowStar.Monotonic.Buffer.length (LowStar.BufferView.as_buffer vb)); got type FStar.Seq.Base.seq (FStar.Pervasives.dfst vb) (see also FStar.Seq.Properties.fst(24,19-24,36))
prims.fst(231,30-231,42): (Warning 252) (Hint-replay failed): assertion failed (see also prims.fst(203,68-203,80))
LowStar.Monotonic.Buffer.fst(103,2-103,95): (Warning 252) (Hint-replay failed): could not prove post-condition (see also LowStar.Monotonic.Buffer.fsti(146,9-147,115))
LowStar.Monotonic.Buffer.fsti(260,28-260,33): (Warning 252) (Hint-replay failed): assertion failed (see also LowStar.Monotonic.Buffer.fsti(228,11-229,60))
LowStar.Monotonic.Buffer.fsti(270,30-270,35): (Warning 252) (Hint-replay failed): assertion failed (see also LowStar.Monotonic.Buffer.fsti(228,11-229,60))
LowStar.Monotonic.Buffer.fsti(280,24-280,29): (Warning 252) (Hint-replay failed): assertion failed (see also LowStar.Monotonic.Buffer.fsti(228,11-229,60))
LowStar.Monotonic.Buffer.fsti(290,28-290,33): (Warning 252) (Hint-replay failed): assertion failed (see also LowStar.Monotonic.Buffer.fsti(228,11-229,60))
LowStar.Monotonic.Buffer.fsti(296,28-296,33): (Warning 252) (Hint-replay failed): assertion failed (see also LowStar.Monotonic.Buffer.fsti(228,11-229,60))
LowStar.Monotonic.Buffer.fsti(319,27-319,32): (Warning 252) (Hint-replay failed): assertion failed (see also LowStar.Monotonic.Buffer.fsti(228,11-229,60))
LowStar.Monotonic.Buffer.fsti(336,29-336,34): (Warning 252) (Hint-replay failed): assertion failed (see also LowStar.Monotonic.Buffer.fsti(228,11-229,60))
LowStar.Monotonic.Buffer.fst(282,53-282,55): (Warning 252) (Hint-replay failed): could not prove post-condition (see also LowStar.Monotonic.Buffer.fst(280,11-280,38))
LowStar.Monotonic.Buffer.fsti(559,47-559,52): (Warning 252) (Hint-replay failed): assertion failed (see also LowStar.Monotonic.Buffer.fsti(228,11-229,60))
LowStar.Monotonic.Buffer.fst(619,2-619,21): (Warning 252) (Hint-replay failed): assertion failed (see also LowStar.Monotonic.Buffer.fst(611,20-611,139))
LowStar.Monotonic.Buffer.fsti(567,4-567,6): (Warning 252) (Hint-replay failed): assertion failed (see also LowStar.Monotonic.Buffer.fsti(228,11-229,60))
LowStar.Monotonic.Buffer.fsti(575,46-575,51): (Warning 252) (Hint-replay failed): assertion failed (see also LowStar.Monotonic.Buffer.fsti(228,11-229,60))
LowStar.Monotonic.Buffer.fst(625,2-625,21): (Warning 252) (Hint-replay failed): assertion failed (see also LowStar.Monotonic.Buffer.fst(611,20-611,139))
LowStar.Monotonic.Buffer.fst(638,90-638,134): (Warning 252) (Hint-replay failed): Subtyping check failed; expected type j:
Prims.nat
{ Mkubuffer_?.b_offset us - Mkubuffer_?.b_offset ul <= j &&
j <= FStar.Seq.Base.length (LowStar.Monotonic.Buffer.as_seq h1 larger) }; got type Prims.int
LowStar.Monotonic.Buffer.fsti(840,46-840,51): (Warning 252) (Hint-replay failed): assertion failed (see also LowStar.Monotonic.Buffer.fsti(228,11-229,60))
LowStar.Monotonic.Buffer.fst(676,2-676,21): (Warning 252) (Hint-replay failed): assertion failed (see also LowStar.Monotonic.Buffer.fst(670,20-670,139))
LowStar.Monotonic.Buffer.fst(906,2-908,9): (Warning 252) (Hint-replay failed): could not prove post-condition (see also LowStar.Monotonic.Buffer.fsti(1572,18-1572,32))
LowStar.Monotonic.Buffer.fst(910,2-912,166): (Warning 252) (Hint-replay failed): could not prove post-condition (see also LowStar.Monotonic.Buffer.fsti(1581,19-1581,54))
LowStar.Monotonic.Buffer.fst(922,72-922,79): (Warning 252) (Hint-replay failed): Subtyping check failed; expected type FStar.Preorder.preorder (FStar.Seq.Properties.lseq a (FStar.UInt32.v (Buffer?.max_length b1))); got type FStar.Preorder.preorder (FStar.Seq.Properties.lseq a (FStar.UInt32.v (Buffer?.max_length b2))) (see also FStar.Seq.Properties.fst(24,19-24,36))
LowStar.Monotonic.Buffer.fst(948,29-948,30): (Warning 252) (Hint-replay failed): Subtyping check failed; expected type _: LowStar.Monotonic.Buffer.mbuffer _ _ _ {Buffer? _}; got type LowStar.Monotonic.Buffer.mbuffer _ _ _ (see also LowStar.Monotonic.Buffer.fst(67,4-67,10))
LowStar.Monotonic.Buffer.fst(968,4-968,23): (Warning 252) (Hint-replay failed): assertion failed (see also LowStar.Monotonic.Buffer.fst(781,19-781,39))
LowStar.Monotonic.Buffer.fst(987,2-989,166): (Warning 252) (Hint-replay failed): could not prove post-condition (see also LowStar.Monotonic.Buffer.fsti(1740,18-1740,61))
LowStar.Monotonic.Buffer.fst(1040,2-1041,139): (Warning 252) (Hint-replay failed): could not prove post-condition (see also LowStar.Monotonic.Buffer.fsti(1791,18-1791,72))
FStar.ModifiesGen.fst(182,42-182,44): (Warning 252) (Hint-replay failed): could not prove post-condition (see also FStar.ModifiesGen.fsti(167,45-167,50))
FStar.ModifiesGen.fst(322,9-322,109): (Warning 252) (Hint-replay failed): assertion failed
FStar.ModifiesGen.fst(345,2-345,51): (Warning 252) (Hint-replay failed): could not prove post-condition (see also FStar.ModifiesGen.fsti(224,2-224,20))
FStar.ModifiesGen.fst(356,2-356,111): (Warning 252) (Hint-replay failed): could not prove post-condition (see also FStar.ModifiesGen.fsti(231,11-231,31))
FStar.ModifiesGen.fst(358,42-358,44): (Warning 252) (Hint-replay failed): could not prove post-condition (see also FStar.ModifiesGen.fsti(238,11-238,45))
FStar.ModifiesGen.fst(368,8-368,14): (Warning 252) (Hint-replay failed): assertion failed (see also FStar.ModifiesGen.fst(368,15-368,50))
FStar.ModifiesGen.fst(375,33-375,35): (Warning 252) (Hint-replay failed): could not prove post-condition (see also FStar.ModifiesGen.fsti(251,2-251,27))
FStar.ModifiesGen.fst(380,43-380,45): (Warning 252) (Hint-replay failed): could not prove post-condition (see also FStar.ModifiesGen.fsti(268,11-268,65))
FStar.ModifiesGen.fst(394,2-394,4): (Warning 252) (Hint-replay failed): could not prove post-condition (see also FStar.ModifiesGen.fst(392,2-392,104))
FStar.ModifiesGen.fst(396,68-396,70): (Warning 252) (Hint-replay failed): could not prove post-condition (see also FStar.ModifiesGen.fsti(289,11-289,85))
FStar.ModifiesGen.fst(398,66-398,68): (Warning 252) (Hint-replay failed): could not prove post-condition (see also FStar.ModifiesGen.fsti(300,11-300,81))
FStar.ModifiesGen.fst(400,87-400,89): (Warning 252) (Hint-replay failed): could not prove post-condition (see also FStar.ModifiesGen.fsti(310,11-310,105))
FStar.ModifiesGen.fst(402,84-402,86): (Warning 252) (Hint-replay failed): could not prove post-condition (see also FStar.ModifiesGen.fsti(318,11-318,103))
FStar.ModifiesGen.fst(411,91-411,93): (Warning 252) (Hint-replay failed): could not prove post-condition (see also FStar.ModifiesGen.fsti(336,11-336,111))
FStar.ModifiesGen.fst(501,35-501,37): (Warning 252) (Hint-replay failed): could not prove post-condition (see also FStar.ModifiesGen.fsti(357,11-357,36))
FStar.ModifiesGen.fst(526,2-535,30): (Warning 252) (Hint-replay failed): could not prove post-condition (see also FStar.ModifiesGen.fsti(371,11-371,33))
FStar.ModifiesGen.fst(545,2-545,173): (Warning 252) (Hint-replay failed): could not prove post-condition (see also FStar.ModifiesGen.fsti(404,11-404,113))
FStar.ModifiesGen.fst(547,91-547,93): (Warning 252) (Hint-replay failed): could not prove post-condition (see also FStar.ModifiesGen.fsti(415,11-415,67))
FStar.ModifiesGen.fst(551,78-551,80): (Warning 252) (Hint-replay failed): could not prove post-condition (see also FStar.ModifiesGen.fsti(439,24-439,42))
FStar.ModifiesGen.fst(555,2-555,165): (Warning 252) (Hint-replay failed): could not prove post-condition (see also FStar.ModifiesGen.fsti(447,11-447,105))
FStar.ModifiesGen.fst(568,73-568,75): (Warning 252) (Hint-replay failed): could not prove post-condition (see also FStar.ModifiesGen.fsti(455,2-455,70))
FStar.ModifiesGen.fst(570,73-570,75): (Warning 252) (Hint-replay failed): could not prove post-condition (see also FStar.ModifiesGen.fsti(458,2-458,79))
FStar.ModifiesGen.fst(580,92-580,94): (Warning 252) (Hint-replay failed): could not prove post-condition (see also FStar.ModifiesGen.fsti(463,2-463,91))
FStar.ModifiesGen.fst(582,72-582,74): (Warning 252) (Hint-replay failed): could not prove post-condition (see also FStar.ModifiesGen.fsti(468,2-468,78))
FStar.ModifiesGen.fst(584,94-584,96): (Warning 252) (Hint-replay failed): could not prove post-condition (see also FStar.ModifiesGen.fsti(473,2-473,95))
FStar.ModifiesGen.fst(586,78-586,80): (Warning 252) (Hint-replay failed): could not prove post-condition (see also FStar.ModifiesGen.fsti(478,2-478,73))
FStar.ModifiesGen.fst(855,4-855,10): (Warning 252) (Hint-replay failed): assertion failed (see also FStar.ModifiesGen.fst(855,12-855,47))
FStar.ModifiesGen.fst(855,4-855,10): (Warning 252) assertion failed (see also FStar.ModifiesGen.fst(855,12-855,47))
FStar.ModifiesGen.fst(907,20-907,25): (Warning 252) (Hint-replay failed): assertion failed (see also FStar.ModifiesGen.fsti(599,15-599,55))
FStar.ModifiesGen.fst(923,55-923,57): (Warning 252) (Hint-replay failed): could not prove post-condition (see also FStar.ModifiesGen.fsti(649,4-649,20))
FStar.ModifiesGen.fst(931,2-931,8): (Warning 252) (Hint-replay failed): assertion failed (see also FStar.ModifiesGen.fst(931,9-931,49))
FStar.ModifiesGen.fst(936,62-936,64): (Warning 252) (Hint-replay failed): could not prove post-condition (see also FStar.ModifiesGen.fsti(694,11-694,31))
FStar.ModifiesGen.fst(941,2-941,142): (Warning 252) (Hint-replay failed): could not prove post-condition (see also FStar.ModifiesGen.fsti(706,11-706,31))
FStar.ModifiesGen.fst(947,79-947,81): (Warning 252) (Hint-replay failed): could not prove post-condition (see also FStar.ModifiesGen.fsti(726,11-726,45))
FStar.ModifiesGen.fst(949,72-949,74): (Warning 252) (Hint-replay failed): could not prove post-condition (see also FStar.ModifiesGen.fsti(737,11-737,32))
FStar.ModifiesGen.fst(963,2-963,23): (Warning 252) (Hint-replay failed): assertion failed (see also FStar.ModifiesGen.fsti(682,33-682,51))
FStar.ModifiesGen.fst(977,68-977,73): (Warning 252) (Hint-replay failed): assertion failed
FStar.ModifiesGen.fst(991,2-991,8): (Warning 252) (Hint-replay failed): assertion failed (see also FStar.ModifiesGen.fst(991,9-991,48))
FStar.ModifiesGen.fst(1036,2-1036,8): (Warning 252) (Hint-replay failed): assertion failed (see also FStar.ModifiesGen.fst(1036,9-1036,121))
FStar.ModifiesGen.fst(1044,2-1044,55): (Warning 252) (Hint-replay failed): could not prove post-condition (see also FStar.ModifiesGen.fst(1043,2-1043,45))
FStar.ModifiesGen.fst(1060,2-1060,55): (Warning 252) (Hint-replay failed): could not prove post-condition (see also FStar.ModifiesGen.fst(1059,2-1059,66))
FStar.ModifiesGen.fst(1075,2-1075,23): (Warning 252) (Hint-replay failed): assertion failed (see also FStar.ModifiesGen.fsti(682,33-682,51))
FStar.ModifiesGen.fst(1165,4-1165,6): (Warning 252) (Hint-replay failed): could not prove post-condition (see also FStar.ModifiesGen.fst(659,34-659,60))
FStar.ModifiesGen.fst(1192,2-1192,35): (Warning 252) (Hint-replay failed): assertion failed (see also FStar.ModifiesGen.fst(1159,4-1159,58))
FStar.ModifiesGen.fst(1200,68-1200,70): (Warning 252) (Hint-replay failed): could not prove post-condition (see also FStar.ModifiesGen.fsti(106,16-106,35))
FStar.ModifiesGen.fst(1207,68-1207,70): (Warning 252) (Hint-replay failed): could not prove post-condition (see also FStar.ModifiesGen.fsti(106,16-106,35))
FStar.ModifiesGen.fst(1230,20-1230,22): (Warning 252) (Hint-replay failed): could not prove post-condition (see also FStar.ModifiesGen.fsti(503,34-503,59))
FStar.ModifiesGen.fst(1243,50-1243,52): (Warning 252) (Hint-replay failed): could not prove post-condition (see also FStar.ModifiesGen.fsti(908,11-908,67))
FStar.ModifiesGen.fst(1249,47-1249,49): (Warning 252) (Hint-replay failed): could not prove post-condition (see also FStar.ModifiesGen.fsti(937,11-939,3))
FStar.ModifiesGen.fst(1251,47-1251,49): (Warning 252) (Hint-replay failed): could not prove post-condition (see also FStar.ModifiesGen.fsti(953,11-953,34))
FStar.ModifiesGen.fst(1266,2-1266,8): (Warning 252) (Hint-replay failed): assertion failed (see also FStar.ModifiesGen.fst(1266,76-1266,95))
FStar.ModifiesGen.fst(1291,42-1291,44): (Warning 252) (Hint-replay failed): could not prove post-condition (see also FStar.ModifiesGen.fsti(963,11-963,69))
FStar.ModifiesGen.fst(1293,46-1293,48): (Warning 252) (Hint-replay failed): could not prove post-condition (see also FStar.ModifiesGen.fsti(967,11-967,73))
FStar.ModifiesGen.fst(1302,2-1302,8): (Warning 252) (Hint-replay failed): assertion failed (see also FStar.ModifiesGen.fst(1302,9-1302,35))
FStar.ModifiesGen.fst(1308,2-1308,64): (Warning 252) (Hint-replay failed): could not prove post-condition (see also FStar.ModifiesGen.fsti(987,12-987,71))
FStar.ModifiesGen.fst(1315,2-1315,8): (Warning 252) (Hint-replay failed): assertion failed (see also FStar.ModifiesGen.fst(1315,9-1315,48))
FStar.ModifiesGen.fst(1327,2-1327,20): (Warning 252) (Hint-replay failed): assertion failed (see also FStar.ModifiesGen.fsti(230,35-230,53))
FStar.ModifiesGen.fst(1559,2-1559,4): (Warning 252) (Hint-replay failed): could not prove post-condition (see also FStar.ModifiesGen.fst(1557,2-1557,73))
FStar.ModifiesGen.fst(1597,2-1597,8): (Warning 252) (Hint-replay failed): assertion failed (see also FStar.ModifiesGen.fst(1597,9-1597,39))
FStar.ModifiesGen.fst(1693,2-1693,8): (Warning 252) (Hint-replay failed): assertion failed (see also FStar.ModifiesGen.fst(1696,4-1696,53))
FStar.ModifiesGen.fst(1719,2-1727,39): (Warning 252) (Hint-replay failed): could not prove post-condition (see also FStar.ModifiesGen.fst(1718,11-1718,42))
FStar.ModifiesGen.fst(1764,4-1764,10): (Warning 252) (Hint-replay failed): assertion failed (see also FStar.ModifiesGen.fst(1764,11-1764,74))
FStar.ModifiesGen.fst(1786,4-1786,10): (Warning 252) (Hint-replay failed): assertion failed (see also FStar.ModifiesGen.fst(1786,11-1797,7))
FStar.ModifiesGen.fst(1829,4-1829,21): (Warning 252) (Hint-replay failed): Subtyping check failed; expected type aux:
FStar.Ghost.erased (FStar.GSet.set (FStar.ModifiesGen.aloc (c b)))
{ FStar.GSet.subset (FStar.ModifiesGen.aloc_domain (c b) regions live_addrs)
(FStar.Ghost.reveal aux) /\
FStar.GSet.subset (FStar.Ghost.reveal aux)
(FStar.ModifiesGen.aloc_domain (c b) regions (fun _ -> FStar.GSet.complement FStar.GSet.empty)
) }; got type FStar.Ghost.erased (FStar.GSet.set (FStar.ModifiesGen.aloc (c b))) (see also FStar.ModifiesGen.fst(30,8-30,71))
FStar.ModifiesGen.fst(1838,9-1838,119): (Warning 252) (Hint-replay failed): assertion failed
FStar.ModifiesGen.fst(1841,9-1841,121): (Warning 252) (Hint-replay failed): assertion failed
FStar.ModifiesGen.fst(1912,2-1918,167): (Warning 252) (Hint-replay failed): could not prove post-condition (see also FStar.ModifiesGen.fsti(1171,2-1171,78))
FStar.ModifiesGen.fst(1929,2-1929,8): (Warning 252) (Hint-replay failed): assertion failed (see also FStar.ModifiesGen.fst(1929,21-1929,70))
FStar.ModifiesGen.fst(1938,2-1938,8): (Warning 252) (Hint-replay failed): assertion failed (see also FStar.ModifiesGen.fst(1938,21-1938,68))
13.98user 53.07system 13:43.35elapsed 8%CPU (0avgtext+0avgdata 24594468maxresident)k
0inputs+0outputs (6451579major+0minor)pagefaults 0swaps
Ex04g.fst(5,4-5,6): (Warning 240) Admitting Ex04g.tl without a definition
Ex04g.fst(4,4-4,6): (Warning 240) Admitting Ex04g.hd without a definition
Ex01a.fst(70,0-70,48): (Warning 272) Top-level let-bindings must be total; this term may have effects
Ex01a.fst(70,0-70,48): (Warning 272) Top-level let-bindings must be total; this term may have effects
Ex01a.fst(70,0-70,48): (Warning 272) Top-level let-bindings must be total; this term may have effects
Ex01a.fst(70,0-70,48): (Warning 272) Top-level let-bindings must be total; this term may have effects
Ex05a.fst(28,4-28,13): (Warning 240) Admitting Ex05a.rev_is_ok without a definition
Ex01a.fst(60,0-60,48): (Warning 272) Top-level let-bindings must be total; this term may have effects
Ex01a.fst(60,0-60,48): (Warning 272) Top-level let-bindings must be total; this term may have effects
Ex01a.fst(60,0-60,48): (Warning 272) Top-level let-bindings must be total; this term may have effects
Ex01a.fst(60,0-60,48): (Warning 272) Top-level let-bindings must be total; this term may have effects
Ex06a.fst(5,4-5,13): (Warning 240) Admitting Ex06a.partition without a definition
Effects.Def.fst(165,2-165,22): (Warning 252) (Hint-replay failed): assertion failed (see also Effects.Def.fst(44,11-44,91))
Effects.Def.fst(165,2-165,22): (Warning 252) (Hint-replay failed): assertion failed (see also Effects.Def.fst(44,11-44,91))
Ex06e.fst(18,4-18,8): (Warning 240) Admitting Ex06e.sort without a definition
Ex07a.fst(228,4-228,14): (Warning 240) Admitting Ex07a.typed_step without a definition
Ex10a.fst(26,0-26,22): (Warning 272) Top-level let-bindings must be total; this term may have effects
Ex10a.fst(26,0-26,22): (Warning 272) Top-level let-bindings must be total; this term may have effects
Ex10a.fst(26,0-26,22): (Warning 272) Top-level let-bindings must be total; this term may have effects
Ex10a.fst(26,0-26,22): (Warning 272) Top-level let-bindings must be total; this term may have effects
Encrypt_SymEnc.fst(30,0-30,27): (Warning 272) Top-level let-bindings must be total; this term may have effects
Encrypt_SymEnc.fst(30,0-30,27): (Warning 272) Top-level let-bindings must be total; this term may have effects
array.pos\Test.fst(34,12-34,17): (Warning 252) (Hint-replay failed): assertion failed (see also FStar.Pointer.Base.fsti(2098,22-2098,30))
Huffman.fst(182,53-182,54): (Warning 252) (Hint-replay failed): Subtyping check failed; expected type s:
Huffman.symbol
{%[ bs; if Leaf? t' && Cons? bs then 1 else 0 ] << %[ bs; if Leaf? t && Cons? bs then 1 else 0 ]}; got type Huffman.symbol (see also Huffman.fst(180,2-184,60))
StlcStrongDbParSubst.fst(203,27-203,29): (Warning 252) (Hint-replay failed): Subtyping check failed; expected type StlcStrongDbParSubst.typing g
(StlcStrongDbParSubst.sub_beta v y)
(Some?.v (StlcStrongDbParSubst.extend t_x g y)); got type StlcStrongDbParSubst.typing g v t_x (see also StlcStrongDbParSubst.fst(170,46-201,36))
StlcStrongDbParSubst.fst(203,27-203,29): (Warning 252) (Hint-replay failed): Subtyping check failed; expected type StlcStrongDbParSubst.typing g
(StlcStrongDbParSubst.sub_beta v y)
(Some?.v (StlcStrongDbParSubst.extend t_x g y)); got type StlcStrongDbParSubst.typing g v t_x (see also StlcStrongDbParSubst.fst(170,46-201,36))
Encrypt_SymEnc.fst(30,0-30,27): (Warning 272) Top-level let-bindings must be total; this term may have effects
Ex07d.fst(225,4-225,8): (Warning 240) Admitting Ex07d.eval without a definition
StlcCbvDbParSubst.fst(197,19-197,25): (Warning 252) (Hint-replay failed): assertion failed (see also StlcCbvDbParSubst.fst(197,25-197,68))
Ex12.MAC.fst(60,0-63,4): (Warning 272) Top-level let-bindings must be total; this term may have effects
Ex12.MAC.fst(199,0-199,33): (Warning 272) Top-level let-bindings must be total; this term may have effects
Ex12.MAC.fst(60,0-63,4): (Warning 272) Top-level let-bindings must be total; this term may have effects
Ex12.MAC.fst(199,0-199,33): (Warning 272) Top-level let-bindings must be total; this term may have effects
Ex12a.ACLs.fst(59,0-59,48): (Warning 272) Top-level let-bindings must be total; this term may have effects
Ex12a.ACLs.fst(59,0-59,48): (Warning 272) Top-level let-bindings must be total; this term may have effects
Ex12a1.Cap.fst(21,0-21,26): (Warning 272) Top-level let-bindings must be total; this term may have effects
Ex12a1.Cap.fst(21,0-21,26): (Warning 272) Top-level let-bindings must be total; this term may have effects
Ex12a1.Cap.fst(21,0-21,26): (Warning 272) Top-level let-bindings must be total; this term may have effects
Ex12a1.Cap.fst(21,0-21,26): (Warning 272) Top-level let-bindings must be total; this term may have effects
bug185.fst(41,15-41,21): (Warning 252) (Hint-replay failed): assertion failed (see also bug185.fst(41,22-41,48))
disjoint.pos\Test.fst(30,12-30,17): (Warning 252) (Hint-replay failed): assertion failed (see also FStar.Pointer.Base.fsti(2098,22-2098,30))
Ex10a.fst(24,0-24,22): (Warning 272) Top-level let-bindings must be total; this term may have effects
Ex10a.fst(24,0-24,22): (Warning 272) Top-level let-bindings must be total; this term may have effects
Ex10a.fst(24,0-24,22): (Warning 272) Top-level let-bindings must be total; this term may have effects
Ex10a.fst(24,0-24,22): (Warning 272) Top-level let-bindings must be total; this term may have effects
Ex12.MAC.fst(60,0-63,4): (Warning 272) Top-level let-bindings must be total; this term may have effects
Ex12.MAC.fst(199,0-199,33): (Warning 272) Top-level let-bindings must be total; this term may have effects
Ex12.MAC.fst(60,0-63,4): (Warning 272) Top-level let-bindings must be total; this term may have effects
Ex12.MAC.fst(199,0-199,33): (Warning 272) Top-level let-bindings must be total; this term may have effects
Ex12a.ACLs.fst(59,0-59,48): (Warning 272) Top-level let-bindings must be total; this term may have effects
Ex12a.ACLs.fst(59,0-59,48): (Warning 272) Top-level let-bindings must be total; this term may have effects
Ex12a2.Cap.fst(21,0-21,31): (Warning 272) Top-level let-bindings must be total; this term may have effects
Ex12a2.Cap.fst(21,0-21,31): (Warning 272) Top-level let-bindings must be total; this term may have effects
Ex12a2.Cap.fst(43,0-43,33): (Warning 272) Top-level let-bindings must be total; this term may have effects
Ex12a2.Cap.fst(43,0-43,33): (Warning 272) Top-level let-bindings must be total; this term may have effects
Ex12a2.Cap.fst(21,0-21,31): (Warning 272) Top-level let-bindings must be total; this term may have effects
Ex12a2.Cap.fst(21,0-21,31): (Warning 272) Top-level let-bindings must be total; this term may have effects
Ex12a2.Cap.fst(43,0-43,33): (Warning 272) Top-level let-bindings must be total; this term may have effects
Ex12a2.Cap.fst(43,0-43,33): (Warning 272) Top-level let-bindings must be total; this term may have effects
MAC.fst(45,0-45,53): (Warning 272) Top-level let-bindings must be total; this term may have effects
MAC.fst(45,0-45,53): (Warning 272) Top-level let-bindings must be total; this term may have effects
Ex12.MAC.fst(60,0-63,4): (Warning 272) Top-level let-bindings must be total; this term may have effects
Ex12.MAC.fst(60,0-63,4): (Warning 272) Top-level let-bindings must be total; this term may have effects
Ex12.MAC.fst(199,0-199,33): (Warning 272) Top-level let-bindings must be total; this term may have effects
Ex12.MAC.fst(199,0-199,33): (Warning 272) Top-level let-bindings must be total; this term may have effects
Ex12.MAC.fst(60,0-63,4): (Warning 272) Top-level let-bindings must be total; this term may have effects
Ex12.MAC.fst(60,0-63,4): (Warning 272) Top-level let-bindings must be total; this term may have effects
Ex12.MAC.fst(199,0-199,33): (Warning 272) Top-level let-bindings must be total; this term may have effects
Ex12.MAC.fst(199,0-199,33): (Warning 272) Top-level let-bindings must be total; this term may have effects
Benton2004.RHL.fst(258,2-258,4): (Warning 252) (Hint-replay failed): could not prove post-condition (see also Benton2004.RHL.fst(254,2-257,3))
Benton2004.RHL.fst(459,4-459,19): (Warning 252) (Hint-replay failed): assertion failed (see also Benton2004.RHL.fst(443,4-443,84))
Benton2004.RHL.fst(513,63-513,152): (Warning 252) (Hint-replay failed): assertion failed
bug251.fst(2,0-2,15): (Warning 272) Top-level let-bindings must be total; this term may have effects
NatHeap.fst(68,12-69,30): (Warning 252) (Hint-replay failed): Subtyping check failed; expected type NatHeap.heap; got type Prims.nat * (_: Prims.nat -> Prims.Tot (FStar.Pervasives.Native.option (a: Type0 & a))) (see also NatHeap.fst(12,42-12,72))
Ex12e.Pad.fst(50,27-50,32): (Warning 252) (Hint-replay failed): Subtyping check failed; expected type Prims.eqtype; got type Type0 (see also prims.fst(27,22-27,29))
Ex12b1.Format.fst(95,4-95,18): (Warning 240) Admitting Ex12b1.Format.resp_injective without a definition
Ex12b1.Format.fst(89,4-89,17): (Warning 240) Admitting Ex12b1.Format.req_injective without a definition
Ex12b1.Format.fst(83,4-83,21): (Warning 240) Admitting Ex12b1.Format.req_resp_distinct without a definition
MAC.fst(45,0-45,53): (Warning 272) Top-level let-bindings must be total; this term may have effects
FStar.DM4F.Id.fst(23,8-23,14): (Warning 252) assertion failed (see also FStar.DM4F.Id.fst(23,15-23,20))
FStar.DM4F.Id.fst(23,8-23,14): (Warning 252) assertion failed (see also FStar.DM4F.Id.fst(23,15-23,20))
FStar.DM4F.Id.fst(23,8-23,14): (Warning 252) assertion failed (see also FStar.DM4F.Id.fst(23,15-23,20))
FStar.DM4F.Id.fst(23,8-23,14): (Warning 252) assertion failed (see also FStar.DM4F.Id.fst(23,15-23,20))
MAC.fst(45,0-45,53): (Warning 272) Top-level let-bindings must be total; this term may have effects
RPC.fst(9,0-9,53): (Warning 272) Top-level let-bindings must be total; this term may have effects
RPC.fst(9,0-9,53): (Warning 272) Top-level let-bindings must be total; this term may have effects
RPC.fst(23,0-23,39): (Warning 272) Top-level let-bindings must be total; this term may have effects
RPC.fst(23,0-23,39): (Warning 272) Top-level let-bindings must be total; this term may have effects
RPC.fst(48,0-49,16): (Warning 272) Top-level let-bindings must be total; this term may have effects
RPC.fst(48,0-49,16): (Warning 272) Top-level let-bindings must be total; this term may have effects
RPC.fst(116,0-116,17): (Warning 272) Top-level let-bindings must be total; this term may have effects
RPC.fst(116,0-116,17): (Warning 272) Top-level let-bindings must be total; this term may have effects
MRefHeap.fst(71,11-72,26): (Warning 252) (Hint-replay failed): Subtyping check failed; expected type MRefHeap.heap; got type Prims.nat * (_: Prims.nat -> Prims.Tot (FStar.Pervasives.Native.option MRefHeap.heap_cell)) (see also MRefHeap.fst(13,42-13,72))
MonotonicArray.fst(40,61-40,72): (Warning 252) (Hint-replay failed): Subtyping check failed; expected type FStar.Preorder.preorder (MonotonicArray.repr a n); got type FStar.Preorder.relation (MonotonicArray.repr a n) (see also C:\build\agent1\_work\41\s\ulib\FStar.Preorder.fst(12,40-12,56))
MonotonicArray.fst(162,4-162,10): (Warning 252) (Hint-replay failed): assertion failed (see also MonotonicArray.fst(166,75-166,97))
MonotonicArray.fst(207,10-207,12): (Warning 252) (Hint-replay failed): assertion failed (see also C:\build\agent1\_work\41\s\ulib\FStar.ST.fst(122,14-122,29))
MonotonicArray.fst(231,10-231,12): (Warning 252) (Hint-replay failed): assertion failed (see also C:\build\agent1\_work\41\s\ulib\FStar.ST.fst(122,14-122,29))
MonotonicArray.fst(514,10-514,12): (Warning 252) (Hint-replay failed): assertion failed (see also C:\build\agent1\_work\41\s\ulib\FStar.ST.fst(122,14-122,29))
MonotonicArray.fst(40,61-40,72): (Warning 252) (Hint-replay failed): Subtyping check failed; expected type FStar.Preorder.preorder (MonotonicArray.repr a n); got type FStar.Preorder.relation (MonotonicArray.repr a n) (see also C:\build\agent1\_work\41\s\ulib\FStar.Preorder.fst(12,40-12,56))
Ex12.MAC.fst(60,0-63,4): (Warning 272) Top-level let-bindings must be total; this term may have effects
Ex12.MAC.fst(199,0-199,33): (Warning 272) Top-level let-bindings must be total; this term may have effects
Ex12.MAC.fst(60,0-63,4): (Warning 272) Top-level let-bindings must be total; this term may have effects
Ex12.MAC.fst(199,0-199,33): (Warning 272) Top-level let-bindings must be total; this term may have effects
Ex12b.RPC.fst(15,0-15,53): (Warning 272) Top-level let-bindings must be total; this term may have effects
Ex12b.RPC.fst(15,0-15,53): (Warning 272) Top-level let-bindings must be total; this term may have effects
Ex12b.RPC.fst(27,0-27,36): (Warning 272) Top-level let-bindings must be total; this term may have effects
Ex12b.RPC.fst(27,0-27,36): (Warning 272) Top-level let-bindings must be total; this term may have effects
Ex12b.RPC.fst(56,8-56,57): (Warning 272) Top-level let-bindings must be total; this term may have effects
Ex12b.RPC.fst(56,8-56,57): (Warning 272) Top-level let-bindings must be total; this term may have effects
Ex12b.RPC.fst(85,0-86,16): (Warning 272) Top-level let-bindings must be total; this term may have effects
Ex12b.RPC.fst(85,0-86,16): (Warning 272) Top-level let-bindings must be total; this term may have effects
Ex12b.RPC.fst(166,0-166,17): (Warning 272) Top-level let-bindings must be total; this term may have effects
Ex12b.RPC.fst(166,0-166,17): (Warning 272) Top-level let-bindings must be total; this term may have effects
Ex12b.RPC.fst(15,0-15,53): (Warning 272) Top-level let-bindings must be total; this term may have effects
Ex12b.RPC.fst(15,0-15,53): (Warning 272) Top-level let-bindings must be total; this term may have effects
Ex12b.RPC.fst(27,0-27,36): (Warning 272) Top-level let-bindings must be total; this term may have effects
Ex12b.RPC.fst(27,0-27,36): (Warning 272) Top-level let-bindings must be total; this term may have effects
Ex12b.RPC.fst(56,8-56,57): (Warning 272) Top-level let-bindings must be total; this term may have effects
Ex12b.RPC.fst(56,8-56,57): (Warning 272) Top-level let-bindings must be total; this term may have effects
Ex12b.RPC.fst(85,0-86,16): (Warning 272) Top-level let-bindings must be total; this term may have effects
Ex12b.RPC.fst(85,0-86,16): (Warning 272) Top-level let-bindings must be total; this term may have effects
Ex12b.RPC.fst(166,0-166,17): (Warning 272) Top-level let-bindings must be total; this term may have effects
Ex12b.RPC.fst(166,0-166,17): (Warning 272) Top-level let-bindings must be total; this term may have effects
point.pos\Test.fst(35,13-35,18): (Warning 252) (Hint-replay failed): assertion failed (see also FStar.Pointer.Base.fsti(2098,22-2098,30))
point.pos\Test.fst(29,36-29,37): (Warning 252) Subtyping check failed; expected type FStar.Pointer.Base.struct_field Test.point_struct; got type Prims.string (see also FStar.Pointer.Base.fsti(69,15-69,50))
point.pos\Test.fst(29,36-29,37): (Warning 252) Subtyping check failed; expected type FStar.Pointer.Base.struct_field Test.point_struct; got type Prims.string (see also FStar.Pointer.Base.fsti(69,15-69,50))
point.pos\Test.fst(55,13-55,18): (Warning 252) (Hint-replay failed): assertion failed (see also FStar.Pointer.Base.fsti(2098,22-2098,30))
point.pos\Test.fst(50,36-50,37): (Warning 252) Subtyping check failed; expected type FStar.Pointer.Base.struct_field Test.point_struct; got type Prims.string (see also FStar.Pointer.Base.fsti(69,15-69,50))
point.pos\Test.fst(50,36-50,37): (Warning 252) Subtyping check failed; expected type FStar.Pointer.Base.struct_field Test.point_struct; got type Prims.string (see also FStar.Pointer.Base.fsti(69,15-69,50))
MAC.fst(45,0-45,53): (Warning 272) Top-level let-bindings must be total; this term may have effects
CntProtocol.fst(12,0-12,53): (Warning 272) Top-level let-bindings must be total; this term may have effects
CntProtocol.fst(12,0-12,53): (Warning 272) Top-level let-bindings must be total; this term may have effects
CntProtocol.fst(27,0-27,26): (Warning 272) Top-level let-bindings must be total; this term may have effects
CntProtocol.fst(27,0-27,26): (Warning 272) Top-level let-bindings must be total; this term may have effects
CntProtocol.fst(30,0-30,54): (Warning 272) Top-level let-bindings must be total; this term may have effects
CntProtocol.fst(30,0-30,54): (Warning 272) Top-level let-bindings must be total; this term may have effects
CntProtocol.fst(33,0-33,54): (Warning 272) Top-level let-bindings must be total; this term may have effects
CntProtocol.fst(33,0-33,54): (Warning 272) Top-level let-bindings must be total; this term may have effects
CntProtocol.fst(97,0-97,39): (Warning 272) Top-level let-bindings must be total; this term may have effects
CntProtocol.fst(97,0-97,39): (Warning 272) Top-level let-bindings must be total; this term may have effects
CntProtocol.fst(124,0-124,18): (Warning 272) Top-level let-bindings must be total; this term may have effects
CntProtocol.fst(124,0-124,18): (Warning 272) Top-level let-bindings must be total; this term may have effects
CntProtocol.fst(168,0-184,5): (Warning 272) Top-level let-bindings must be total; this term may have effects
CntProtocol.fst(168,0-184,5): (Warning 272) Top-level let-bindings must be total; this term may have effects
Unit1.Basic.fst(318,31-318,33): (Warning 252) (Hint-replay failed): could not prove post-condition (see also Unit1.Basic.fst(316,2-316,62))
Unit1.Basic.fst(324,20-324,22): (Warning 252) (Hint-replay failed): could not prove post-condition (see also Unit1.Basic.fst(323,42-323,87))
Ex12.MAC.fst(41,0-41,41): (Warning 272) Top-level let-bindings must be total; this term may have effects
Ex12.MAC.fst(41,0-41,41): (Warning 272) Top-level let-bindings must be total; this term may have effects
Ex12a.ACLs.fst(59,0-59,48): (Warning 272) Top-level let-bindings must be total; this term may have effects
Ex12a.ACLs.fst(59,0-59,48): (Warning 272) Top-level let-bindings must be total; this term may have effects
Ex12a1.Cap.fst(23,0-23,26): (Warning 272) Top-level let-bindings must be total; this term may have effects
Ex12a1.Cap.fst(23,0-23,26): (Warning 272) Top-level let-bindings must be total; this term may have effects
Ex12a1.Cap.fst(23,0-23,26): (Warning 272) Top-level let-bindings must be total; this term may have effects
Ex12a1.Cap.fst(23,0-23,26): (Warning 272) Top-level let-bindings must be total; this term may have effects
EtM.CPA.fst(46,21-46,32): (Warning 288) FStar.Seq.Base.createEmpty is deprecated, use Seq.empty instead
EtM.CPA.fst(55,34-55,45): (Warning 288) FStar.Seq.Base.createEmpty is deprecated, use Seq.empty instead
Unable to open hints file: C:\build\agent1\_work\41\s\kremlin\kremlib\Spec.Loops.fst.hints; ran without hints
Unable to open hints file: C:\build\agent1\_work\41\s\kremlin\kremlib\Spec.Loops.fst.hints; ran without hints
Asm2.fst(39,32-39,34): (Warning 252) (Hint-replay failed): Subtyping check failed; expected type s0: Asm2.state{Asm2.contains s0 (r3 + 21)}; got type s1: Asm2.state{s1 == (s0.[ r3 + 20 ] <- r0)} (see also Asm2.fst(15,61-15,87))
Asm2.fst(39,32-39,34): (Warning 252) (Hint-replay failed): Subtyping check failed; expected type s0: Asm2.state{Asm2.contains s0 (r3 + 21)}; got type s1: Asm2.state{s1 == (s0.[ r3 + 20 ] <- r0)} (see also Asm2.fst(15,61-15,87))
hello.fst(5,0-5,37): (Warning 272) Top-level let-bindings must be total; this term may have effects
hello.fst(5,0-5,37): (Warning 272) Top-level let-bindings must be total; this term may have effects
x86_64-w64-mingw32-gcc: error: ../../bin/fstarlib\fstarlib.a: No such file or directory
** Fatal error: Error during linking

File "caml_startup", line 1:
Error: Error during linking
make[2]: *** [Makefile:15: ocaml] Error 2
Ex12b1.Format.fst(97,4-97,18): (Warning 240) Admitting Ex12b1.Format.resp_injective without a definition
Ex12b1.Format.fst(91,4-91,17): (Warning 240) Admitting Ex12b1.Format.req_injective without a definition
Ex12b1.Format.fst(85,4-85,21): (Warning 240) Admitting Ex12b1.Format.req_resp_distinct without a definition
Ariadne.fst(58,67-58,102): (Warning 252) (Hint-replay failed): assertion failed (see also FStar.Preorder.fst(12,40-12,56))
Ariadne.fst(73,13-73,48): (Warning 252) (Hint-replay failed): assertion failed (see also Ariadne.fst(72,57-72,74))
Ariadne.fst(135,2-135,7): (Warning 252) (Hint-replay failed): assertion failed (see also FStar.ST.fst(101,14-101,29))
Ariadne.fst(169,2-169,7): (Warning 252) (Hint-replay failed): assertion failed (see also FStar.ST.fst(101,14-101,29))
Ariadne.fst(58,67-58,102): (Warning 252) (Hint-replay failed): assertion failed (see also FStar.Preorder.fst(12,40-12,56))
Ariadne.fst(73,13-73,48): (Warning 252) (Hint-replay failed): assertion failed (see also Ariadne.fst(72,57-72,74))
testseq.fst(12,0-14,15): (Warning 272) Top-level let-bindings must be total; this term may have effects
testseq.fst(12,0-14,15): (Warning 272) Top-level let-bindings must be total; this term may have effects
x86_64-w64-mingw32-gcc: error: ../../bin/fstarlib\fstarlib.a: No such file or directory
** Fatal error: Error during linking

File "caml_startup", line 1:
Error: Error during linking
make[2]: *** [Makefile:27: testseq] Error 2
make[2]: Target 'all' not remade because of errors.
make[1]: *** [Makefile:43: hello.all] Error 2
Inlining.fst(38,20-38,26): (Warning 252) assertion failed
Inlining.fst(38,20-38,26): (Warning 252) assertion failed
Inlining.fst(38,20-38,26): (Warning 252) assertion failed
Inlining.fst(38,20-38,26): (Warning 252) assertion failed
LowStar.Ex3.fst(54,28-54,39): (Warning 288) FStar.Seq.Base.createEmpty is deprecated, use Seq.empty instead
LowStar.Ex3.fst(101,39-101,50): (Warning 288) FStar.Seq.Base.createEmpty is deprecated, use Seq.empty instead
taggedunion.pos\Test.fst(124,15-124,20): (Warning 252) (Hint-replay failed): assertion failed (see also FStar.Pointer.Base.fsti(2098,22-2098,30))
(Warning 252) (Hint-replay failed): could not prove post-condition
union.pos\Test.fst(35,2-43,5): (Warning 252) could not prove post-condition (see also union.pos\Test.fst(32,4-32,17))
union.pos\Test.fst(35,2-43,5): (Warning 252) could not prove post-condition (see also union.pos\Test.fst(32,4-32,17))
TestMRef.fst(8,0-8,15): (Warning 272) Top-level let-bindings must be total; this term may have effects
TestMRef.fst(8,0-8,15): (Warning 272) Top-level let-bindings must be total; this term may have effects
TestMRef.fst(8,0-8,15): (Warning 272) Top-level let-bindings must be total; this term may have effects
TestMRef.fst(8,0-8,15): (Warning 272) Top-level let-bindings must be total; this term may have effects
Eta_expand.fst(22,0-26,35): (Warning 272) Top-level let-bindings must be total; this term may have effects
Eta_expand.fst(22,0-26,35): (Warning 272) Top-level let-bindings must be total; this term may have effects
File "out/Eta_expand.ml", line 19, characters 37-40:
Warning 20: this argument will not be used by the function.
File "out/Eta_expand.ml", line 19, characters 41-44:
Warning 20: this argument will not be used by the function.
x86_64-w64-mingw32-gcc: error: ../../bin/fstarlib\fstarlib.a: No such file or directory
** Fatal error: Error during linking

File "caml_startup", line 1:
Error: Error during linking
make[2]: *** [Makefile:7: eta_expand] Error 2
make[2]: Target 'all' not remade because of errors.
make[1]: *** [Makefile:43: extraction.all] Error 2
EtM.CPA.fst(46,21-46,32): (Warning 288) FStar.Seq.Base.createEmpty is deprecated, use Seq.empty instead
EtM.CPA.fst(55,34-55,45): (Warning 288) FStar.Seq.Base.createEmpty is deprecated, use Seq.empty instead
EtM.MAC.fst(59,21-59,32): (Warning 288) FStar.Seq.Base.createEmpty is deprecated, use Seq.empty instead
EtM.MAC.fst(72,34-72,45): (Warning 288) FStar.Seq.Base.createEmpty is deprecated, use Seq.empty instead
LowParse.Spec.Base.fst(733,2-733,8): (Warning 252) (Hint-replay failed): assertion failed (see also LowParse.Spec.Base.fst(733,9-733,22))
Mac.fst(70,0-70,53): (Warning 272) Top-level let-bindings must be total; this term may have effects
Mac.fst(70,0-70,53): (Warning 272) Top-level let-bindings must be total; this term may have effects
Mac.fst(70,0-70,53): (Warning 272) Top-level let-bindings must be total; this term may have effects
Mac.fst(70,0-70,53): (Warning 272) Top-level let-bindings must be total; this term may have effects
Ex01a.fst(60,0-60,48): (Warning 272) Top-level let-bindings must be total; this term may have effects
Ex01a.fst(60,0-60,48): (Warning 272) Top-level let-bindings must be total; this term may have effects
make[2]: *** [Makefile:68: Ex01a-ocaml] Error 2
EtM.CPA.fst(46,21-46,32): (Warning 288) FStar.Seq.Base.createEmpty is deprecated, use Seq.empty instead
EtM.CPA.fst(55,34-55,45): (Warning 288) FStar.Seq.Base.createEmpty is deprecated, use Seq.empty instead
EtM.MAC.fst(59,21-59,32): (Warning 288) FStar.Seq.Base.createEmpty is deprecated, use Seq.empty instead
EtM.MAC.fst(72,34-72,45): (Warning 288) FStar.Seq.Base.createEmpty is deprecated, use Seq.empty instead
EtM.AE.fst(67,21-67,32): (Warning 288) FStar.Seq.Base.createEmpty is deprecated, use Seq.empty instead
EtM.AE.fst(80,34-80,45): (Warning 288) FStar.Seq.Base.createEmpty is deprecated, use Seq.empty instead
make[2]: Target 'all' not remade because of errors.
make[1]: *** [Makefile:27: code/solutions.ver] Error 2
SepLogic.Heap.fst(59,26-62,30): (Warning 252) (Hint-replay failed): Patterns are incomplete
SepLogic.Heap.fst(78,38-81,62): (Warning 252) (Hint-replay failed): Patterns are incomplete
SepLogic.Heap.fst(224,39-224,41): (Warning 252) (Hint-replay failed): could not prove post-condition (see also SepLogic.Heap.fsti(155,10-155,62))
SepLogic.Heap.fst(226,39-226,41): (Warning 252) (Hint-replay failed): could not prove post-condition (see also SepLogic.Heap.fsti(159,10-159,34))
SepLogic.Heap.fst(235,35-235,37): (Warning 252) (Hint-replay failed): could not prove post-condition (see also SepLogic.Heap.fsti(187,11-187,27))
SepLogic.Heap.fst(303,4-303,6): (Warning 252) (Hint-replay failed): could not prove post-condition (see also SepLogic.Heap.fst(302,21-302,58))
Ex12f.TMAC.fst(26,4-26,10): (Warning 240) Admitting Ex12f.TMAC.verify without a definition
Ex12f.TMAC.fst(25,4-25,7): (Warning 240) Admitting Ex12f.TMAC.mac without a definition
Ex12f.TMAC.fst(24,4-24,10): (Warning 240) Admitting Ex12f.TMAC.keygen without a definition
Ex12g.TMAC2.fst(30,4-30,10): (Warning 240) Admitting Ex12g.TMAC2.verify without a definition
Ex12g.TMAC2.fst(29,4-29,7): (Warning 240) Admitting Ex12g.TMAC2.mac without a definition
LowParse.Spec.Combinators.fst(181,2-181,12): (Warning 252) (Hint-replay failed): assertion failed (see also LowParse.Spec.Base.fst(472,12-472,34))
LowParse.Spec.Combinators.fst(534,2-534,8): (Warning 252) (Hint-replay failed): assertion failed (see also LowParse.Spec.Combinators.fst(534,9-534,72))
LowParse.Spec.Combinators.fst(181,2-181,12): (Warning 252) (Hint-replay failed): assertion failed (see also LowParse.Spec.Base.fst(472,12-472,34))
MiniParse.Spec.Combinators.fst(356,70-356,74): (Warning 252) (Hint-replay failed): Subtyping check failed; expected type j: Prims.nat{0 <= j && j <= FStar.Seq.Base.length (FStar.Seq.Base.slice x' 0 off_x')}; got type MiniParse.Spec.Base.consumed_length x (see also MiniParse.Spec.Combinators.fst(353,18-353,22))
MiniParse.Spec.Combinators.fst(354,3-354,9): (Warning 252) assertion failed (see also MiniParse.Spec.Combinators.fst(354,10-354,23))
MiniParse.Spec.Combinators.fst(483,2-483,8): (Warning 252) (Hint-replay failed): assertion failed (see also MiniParse.Spec.Combinators.fst(483,9-483,72))
MiniParse.Spec.Combinators.fst(551,9-551,26): (Warning 252) (Hint-replay failed): Subtyping check failed; expected type f:
MiniParse.Spec.Base.bare_parser t'
{ MiniParse.Spec.Base.no_lookahead_weak f /\ MiniParse.Spec.Base.injective f /\
MiniParse.Spec.Base.no_lookahead f }; got type MiniParse.Spec.Base.bare_parser t' (see also MiniParse.Spec.Base.fst(227,4-227,15))
MiniParse.Spec.Combinators.fst(551,9-551,26): (Warning 252) (Hint-replay failed): Subtyping check failed; expected type f:
MiniParse.Spec.Base.bare_parser t'
{ MiniParse.Spec.Base.no_lookahead_weak f /\ MiniParse.Spec.Base.injective f /\
MiniParse.Spec.Base.no_lookahead f }; got type MiniParse.Spec.Base.bare_parser t' (see also MiniParse.Spec.Base.fst(227,4-227,15))
SL.Heap.fst(65,26-68,30): (Warning 252) (Hint-replay failed): Patterns are incomplete
SL.Heap.fst(85,38-88,62): (Warning 252) (Hint-replay failed): Patterns are incomplete
SL.Heap.fst(206,39-206,41): (Warning 252) (Hint-replay failed): could not prove post-condition (see also SL.Heap.fsti(123,10-123,62))
SL.Heap.fst(208,39-208,41): (Warning 252) (Hint-replay failed): could not prove post-condition (see also SL.Heap.fsti(127,10-127,34))
MAC.fst(45,0-45,53): (Warning 272) Top-level let-bindings must be total; this term may have effects
CntProtocol.fst(12,0-12,53): (Warning 272) Top-level let-bindings must be total; this term may have effects
CntProtocol.fst(27,0-27,26): (Warning 272) Top-level let-bindings must be total; this term may have effects
CntProtocol.fst(30,0-30,54): (Warning 272) Top-level let-bindings must be total; this term may have effects
CntProtocol.fst(33,0-33,54): (Warning 272) Top-level let-bindings must be total; this term may have effects
CntProtocol.fst(97,0-97,39): (Warning 272) Top-level let-bindings must be total; this term may have effects
CntProtocol.fst(124,0-124,18): (Warning 272) Top-level let-bindings must be total; this term may have effects
CntProtocol.fst(168,0-184,5): (Warning 272) Top-level let-bindings must be total; this term may have effects
Protocol.fst(23,0-23,9): (Warning 239) Adding an implicit 'assume new' qualifier on byte
Protocol.fst(341,4-341,25): (Warning 252) (Hint-replay failed): could not prove post-condition (see also Protocol.fst(340,7-340,35))
MAC.fst(45,0-45,53): (Warning 272) Top-level let-bindings must be total; this term may have effects
RPC.fst(9,0-9,53): (Warning 272) Top-level let-bindings must be total; this term may have effects
RPC.fst(23,0-23,39): (Warning 272) Top-level let-bindings must be total; this term may have effects
RPC.fst(48,0-49,16): (Warning 272) Top-level let-bindings must be total; this term may have effects
RPC.fst(116,0-116,17): (Warning 272) Top-level let-bindings must be total; this term may have effects
LowStar.Ex3.fst(52,28-52,39): (Warning 288) FStar.Seq.Base.createEmpty is deprecated, use Seq.empty instead
make[1]: Target 'regressions' not remade because of errors.
make: *** [Makefile:199: tutorial] Error 2
IfcDelimitedRelease.fst(116,39-116,128): (Warning 252) (Hint-replay failed): could not prove post-condition (see also IfcDelimitedRelease.fst(106,6-114,15))
IfcDelimitedRelease.fst(116,39-116,128): (Warning 252) could not prove post-condition (see also IfcDelimitedRelease.fst(106,6-114,15))
IfcDelimitedRelease.fst(116,39-116,128): (Warning 252) could not prove post-condition (see also IfcDelimitedRelease.fst(106,6-114,15))
IfcDelimitedRelease.fst(116,39-116,128): (Warning 252) could not prove post-condition (see also IfcDelimitedRelease.fst(106,6-114,15))
IfcDelimitedRelease.fst(165,30-165,119): (Warning 252) (Hint-replay failed): could not prove post-condition (see also IfcDelimitedRelease.fst(157,5-164,13))
IfcDelimitedRelease.fst(165,30-165,119): (Warning 252) could not prove post-condition (see also IfcDelimitedRelease.fst(157,5-164,13))
IfcDelimitedRelease.fst(165,30-165,119): (Warning 252) could not prove post-condition (see also IfcDelimitedRelease.fst(157,5-164,13))
IfcDelimitedRelease.fst(177,37-177,38): (Warning 252) (Hint-replay failed): Subtyping check failed; expected type h:
(h: FStar.Monotonic.Heap.heap{IfcDelimitedRelease.refs_invariant [n; x_h; k; x_l] h})
{ %[ FStar.Monotonic.Heap.sel h (FStar.List.Tot.Base.hd [n; x_h; k; x_l]) ] <<
%[ FStar.Monotonic.Heap.sel h (FStar.List.Tot.Base.hd _) ] }; got type FStar.Monotonic.Heap.heap (see also IfcDelimitedRelease.fst(171,2-177,38))
IfcDelimitedRelease.fst(175,31-175,32): (Warning 252) Subtyping check failed; expected type h: FStar.Monotonic.Heap.heap{IfcDelimitedRelease.refs_invariant [x_h; k; x_l] h}; got type FStar.Monotonic.Heap.heap (see also IfcDelimitedRelease.fst(24,71-24,90))
IfcDelimitedRelease.fst(175,31-175,32): (Warning 252) Subtyping check failed; expected type h: FStar.Monotonic.Heap.heap{IfcDelimitedRelease.refs_invariant [x_h; k; x_l] h}; got type FStar.Monotonic.Heap.heap (see also IfcDelimitedRelease.fst(24,71-24,90))
IfcDelimitedRelease.fst(177,37-177,38): (Warning 252) Subtyping check failed; expected type h:
(h: FStar.Monotonic.Heap.heap{IfcDelimitedRelease.refs_invariant [n; x_h; k; x_l] h})
{ %[ FStar.Monotonic.Heap.sel h (FStar.List.Tot.Base.hd [n; x_h; k; x_l]) ] <<
%[ FStar.Monotonic.Heap.sel h (FStar.List.Tot.Base.hd _) ] }; got type FStar.Monotonic.Heap.heap (see also IfcDelimitedRelease.fst(169,76-169,95))
IfcDelimitedRelease.fst(177,37-177,38): (Warning 252) (Hint-replay failed): Subtyping check failed; expected type h:
(h: FStar.Monotonic.Heap.heap{IfcDelimitedRelease.refs_invariant [n; x_h; k; x_l] h})
{ %[ FStar.Monotonic.Heap.sel h (FStar.List.Tot.Base.hd [n; x_h; k; x_l]) ] <<
%[ FStar.Monotonic.Heap.sel h (FStar.List.Tot.Base.hd _) ] }; got type FStar.Monotonic.Heap.heap (see also IfcDelimitedRelease.fst(171,2-177,38))
IfcDelimitedRelease.fst(175,31-175,32): (Warning 252) Subtyping check failed; expected type h: FStar.Monotonic.Heap.heap{IfcDelimitedRelease.refs_invariant [x_h; k; x_l] h}; got type FStar.Monotonic.Heap.heap (see also IfcDelimitedRelease.fst(24,71-24,90))
IfcDelimitedRelease.fst(175,31-175,32): (Warning 252) Subtyping check failed; expected type h: FStar.Monotonic.Heap.heap{IfcDelimitedRelease.refs_invariant [x_h; k; x_l] h}; got type FStar.Monotonic.Heap.heap (see also IfcDelimitedRelease.fst(24,71-24,90))
IfcDelimitedRelease.fst(177,37-177,38): (Warning 252) Subtyping check failed; expected type h:
(h: FStar.Monotonic.Heap.heap{IfcDelimitedRelease.refs_invariant [n; x_h; k; x_l] h})
{ %[ FStar.Monotonic.Heap.sel h (FStar.List.Tot.Base.hd [n; x_h; k; x_l]) ] <<
%[ FStar.Monotonic.Heap.sel h (FStar.List.Tot.Base.hd _) ] }; got type FStar.Monotonic.Heap.heap (see also IfcDelimitedRelease.fst(169,76-169,95))
Evens.fst(11,29-11,38): (Warning 238) Plugin nat2unary will not run natively because Embedding not defined for type Evens.unary_nat.

Embeddings.fst(34,36-34,45): (Warning 238) Plugin norm_step_tac will not run natively because Embedding not defined for type FStar.Pervasives.Native.norm_step.

Plugins.fst(33,35-33,44): (Warning 238) Plugin norm_step_plugin will not run natively because Embedding not defined for type FStar.Pervasives.Native.norm_step.

HyE.CCA2.fst(46,2-46,14): (Warning 271) Pattern ((ite (= (BoundV 0) (BoxBool (true ))) (BoundV 3) (HyE.PlainPKE.repr (BoundV 4)))) contains illegal symbols; dropping it (see also C:\build\agent1\_work\41\s\ulib\FStar.Monotonic.Seq.fst(72,20-72,61))
MiniParse.Spec.List.fst(133,54-133,65): (Warning 288) FStar.Seq.Base.createEmpty is deprecated, use Seq.empty instead
MiniParse.Spec.List.fst(111,25-111,34): (Warning 252) (Hint-replay failed): assertion failed (see also MiniParse.Spec.Base.fst(328,41-328,63))
MiniParse.Spec.List.fst(111,25-111,34): (Warning 252) (Hint-replay failed): assertion failed (see also MiniParse.Spec.Base.fst(328,41-328,63))
FStar.Tactics.Effect.fst(100,49-100,55): (Warning 296) Tactics admitted goal <:
(_:
Prims.squash (CanonDeep.x * (CanonDeep.y * CanonDeep.z) == CanonDeep.x * (CanonDeep.y * CanonDeep.z)
)), (_:
Prims.squash ((CanonDeep.x * CanonDeep.y) * CanonDeep.z == (CanonDeep.x * CanonDeep.y) * CanonDeep.z
)) |- _ : Prims.squash (CanonDeep.x * (CanonDeep.y * CanonDeep.z) == (CanonDeep.x * CanonDeep.y) * CanonDeep.z
)

>

(see also FStar.Tactics.Effect.fst(100,48-100,58))
CanonDeep.fst(190,12-190,28): (Warning 296) Tactics admitted goal <:
(_:
Prims.squash (CanonDeep.x * (CanonDeep.y * CanonDeep.z) == CanonDeep.x * (CanonDeep.y * CanonDeep.z)
)) |- _ : Prims.squash ((CanonDeep.x * CanonDeep.y) * CanonDeep.z == (CanonDeep.x * CanonDeep.y) * CanonDeep.z
)

>

(see also CanonDeep.fst(190,45-190,56))
CanonDeep.fst(190,12-190,28): (Warning 296) Tactics admitted goal <:
|- _ : Prims.squash (CanonDeep.x * (CanonDeep.y * CanonDeep.z) == CanonDeep.x * (CanonDeep.y * CanonDeep.z)
)

>

(see also CanonDeep.fst(190,30-190,41))
Hacl.Impl.SHA2_256.fst(1016,11-1016,25): (Warning 271) Pattern FStar.Seq.Base.index (if FStar.UInt32.lt len (FStar.UInt32.uint_to_t 56)
then
FStar.Seq.Base.create (FStar.UInt32.v Hacl.Impl.SHA2_256.size_block) (FStar.UInt8.uint_to_t 0)
else
FStar.Seq.Base.create (FStar.UInt32.v Hacl.Impl.SHA2_256.size_block +
FStar.UInt32.v Hacl.Impl.SHA2_256.size_block)
(FStar.UInt8.uint_to_t 0))
i contains illegal sub-term ((ite (= (BoundV 0) (BoxBool (true ))) (FStar.Seq.Base.create (FreeV FStar.UInt8.t) (FStar.UInt32.v (FreeV Hacl.Impl.SHA2_256.size_block)) (FStar.UInt8.uint_to_t (BoxInt (Integer 0)))) (FStar.Seq.Base.create (FreeV FStar.UInt8.t) (Prims.op_Addition (FStar.UInt32.v (FreeV Hacl.Impl.SHA2_256.size_block)) (FStar.UInt32.v (FreeV Hacl.Impl.SHA2_256.size_block))) (FStar.UInt8.uint_to_t (BoxInt (Integer 0)))))); dropping it (see also FStar.Seq.Base.fst(202,73-202,85))
Hacl.Impl.SHA2_256.fst(1020,11-1020,25): (Warning 271) Pattern FStar.Seq.Base.index (FStar.Seq.Base.create (FStar.UInt32.v (if
FStar.UInt32.lt len (FStar.UInt32.uint_to_t 56)
then FStar.UInt32.uint_to_t 1 <: Prims.Tot FStar.UInt32.t
else FStar.UInt32.uint_to_t 2 <: Prims.Tot FStar.UInt32.t) *
FStar.UInt32.v Hacl.Impl.SHA2_256.size_block)
(FStar.UInt8.uint_to_t 0))
i contains illegal sub-term ((ite (= (BoundV 0) (BoxBool (true ))) (FStar.UInt32.uint_to_t (BoxInt (Integer 1))) (FStar.UInt32.uint_to_t (BoxInt (Integer 2))))); dropping it (see also FStar.Seq.Base.fst(202,73-202,85))
Hacl.Impl.SHA2_256.fst(1056,11-1056,25): (Warning 271) Pattern FStar.Seq.Base.index (FStar.Seq.Base.slice (FStar.Buffer.as_seq a return_val)
(FStar.UInt32.v len)
(FStar.UInt32.v (if FStar.UInt32.lt len (FStar.UInt32.uint_to_t 56)
then FStar.UInt32.uint_to_t 1 <: Prims.Tot FStar.UInt32.t
else FStar.UInt32.uint_to_t 2 <: Prims.Tot FStar.UInt32.t) *
FStar.UInt32.v Hacl.Impl.SHA2_256.size_block))
i contains illegal sub-term ((ite (= (BoundV 0) (BoxBool (true ))) (FStar.UInt32.uint_to_t (BoxInt (Integer 1))) (FStar.UInt32.uint_to_t (BoxInt (Integer 2))))); dropping it (see also FStar.Seq.Base.fst(202,73-202,85))
Hacl.Impl.SHA2_256.fst(1057,11-1057,25): (Warning 271) Pattern FStar.Seq.Base.index (FStar.Seq.Base.slice (FStar.Buffer.as_seq a return_val)
(FStar.UInt32.v len)
(FStar.UInt32.v (if FStar.UInt32.lt len (FStar.UInt32.uint_to_t 56)
then FStar.UInt32.uint_to_t 1 <: Prims.Tot FStar.UInt32.t
else FStar.UInt32.uint_to_t 2 <: Prims.Tot FStar.UInt32.t) *
FStar.UInt32.v Hacl.Impl.SHA2_256.size_block))
i contains illegal sub-term ((ite (= (BoundV 0) (BoxBool (true ))) (FStar.UInt32.uint_to_t (BoxInt (Integer 1))) (FStar.UInt32.uint_to_t (BoxInt (Integer 2))))); dropping it (see also FStar.Seq.Base.fst(202,73-202,85))
Test.HyperStack.fst(253,27-253,36): (Warning 288) FStar.HyperStack.ST.salloc_mm is deprecated, use use salloc instead instead
Test.HyperStack.fst(262,10-262,15): (Warning 288) FStar.HyperStack.ST.sfree is deprecated, use use salloc instead instead
Test.HyperStack.fst(272,27-272,36): (Warning 288) FStar.HyperStack.ST.salloc_mm is deprecated, use use salloc instead instead
Arith.fst(40,4-40,10): (Warning 252) (Hint-replay failed): Could not prove goal #3 (see also Arith.fst(42,49-42,60))
Arith.fst(40,4-40,10): (Warning 252) (Hint-replay failed): Could not prove goal #1 (see also Arith.fst(41,22-41,29))
prims.fst(231,30-231,42): (Warning 252) assertion failed (see also prims.fst(203,68-203,80))
prims.fst(231,30-231,42): (Warning 252) assertion failed (see also prims.fst(203,68-203,80))
prims.fst(231,30-231,42): (Warning 252) assertion failed (see also prims.fst(203,68-203,80))
prims.fst(231,30-231,42): (Warning 252) assertion failed (see also prims.fst(203,68-203,80))
Loops.fst(131,4-134,52): (Warning 252) (Hint-replay failed): could not prove post-condition (see also Loops.fst(124,15-127,25))
Loops.fst(142,5-142,33): (Warning 252) (Hint-replay failed): could not prove post-condition (see also Loops.fst(140,11-141,45))
Unable to open hints file: C:\build\agent1\_work\41\s\kremlin\kremlib\C.Loops.fst.hints; ran without hints
X64.Poly1305.Math_i.fst(153,53-153,59): (Warning 296) Tactics admitted goal <:
(n: Prims.int), (p: Prims.pos), (h: Prims.nat), (h2: Prims.nat), (h10: Prims.int), (c: Prims.int), (hh: Prims.int), (p: Prims.pure_post Prims.unit), (_:
Prims.squash (n * n > 0 /\ h2 >= 0 /\ 4 * (n * n) == p + 5 /\ h2 == h / (n * n) /\
h10 == h % (n * n) /\ c == h2 / 4 + (h2 / 4) * 4 /\ hh == h10 + c + (h2 % 4) * (n * n) /\
(forall (pure_result: Prims.unit). h % p == hh % p ==> p pure_result))), (return_val: Prims.pos), (_: Prims.squash (return_val == n * n)), (pure_result: Prims.unit), (_: Prims.squash (h = (n * n) * (h / (n * n)) + h % (n * n))), (pure_result: Prims.unit), (_: Prims.squash (h == (n * n) * h2 + h10)), (return_val: Prims.pos), (_: Prims.squash (return_val == n * n)), (pure_result: Prims.unit), (_:
Prims.squash ((n * n) * h2 + h10 =
(n * n) * (((n * n) * h2 + h10) / (n * n)) + ((n * n) * h2 + h10) % (n * n))), (any_result: (_: Prims.unit -> Prims.Tot Prims.unit)), (_:
Prims.squash (Calc.using (FStar.Math.Lemmas.lemma_div_mod ((n * n) * h2 + h10) (n * n)) ==
any_result)), (return_val: (_: Prims.unit -> Prims.Lemma Prims.unit)), (_: Prims.squash (return_val == Calc.using (FStar.Math.Lemmas.lemma_div_mod h (n * n)))), (_:
Prims.squash (Calc.using (FStar.Math.Lemmas.lemma_div_mod ((n * n) * h2 + h10) (n * n)) ==
Calc.using (FStar.Math.Lemmas.lemma_div_mod h (n * n)))), (any_result:
x:
Prims.int
{ (n * n) * h2 + h10 == (n * n) * h2 + h10 /\
(x == (n * n) * h2 + h10) /\ ((n * n) * h2 + h10 == (n * n) * h2 + h10) }), (_:
Prims.squash (((n * n) * h2 + h10 &= (n * n) * h2 + h10 &|
Calc.using (FStar.Math.Lemmas.lemma_div_mod ((n * n) * h2 + h10) (n * n))) ==
any_result)), (any_result: (_: Prims.unit -> Prims.Pure Prims.int)), (_:
Prims.squash (((n * n) * h2 + h10 &= (n * n) * h2 + h10 &|
Calc.using (FStar.Math.Lemmas.lemma_div_mod ((n * n) * h2 + h10) (n * n)) &=
(n * n) * ((h2 / 4) * 4 + h2 % 4) + h10) ==
any_result)), (return_val: (_: Prims.unit -> Prims.Lemma Prims.unit)), (_: Prims.squash (return_val == Calc.using Calc.z3)), (any_result:
x:
Prims.int
{ (n * n) * h2 + h10 == (n * n) * ((h2 / 4) * 4 + h2 % 4) + h10 /\
(x == (n * n) * ((h2 / 4) * 4 + h2 % 4) + h10) /\
((n * n) * h2 + h10 == (n * n) * ((h2 / 4) * 4 + h2 % 4) + h10) }), (_:
Prims.squash (((n * n) * h2 + h10 &= (n * n) * h2 + h10 &|
Calc.using (FStar.Math.Lemmas.lemma_div_mod ((n * n) * h2 + h10) (n * n)) &=
(n * n) * ((h2 / 4) * 4 + h2 % 4) + h10 &|
Calc.using Calc.z3) ==
any_result)), (any_result: (_: Prims.unit -> Prims.Pure Prims.int)), (_:
Prims.squash (((n * n) * h2 + h10 &= (n * n) * h2 + h10 &|
Calc.using (FStar.Math.Lemmas.lemma_div_mod ((n * n) * h2 + h10) (n * n)) &=
(n * n) * ((h2 / 4) * 4 + h2 % 4) + h10 &|
Calc.using Calc.z3 &=
h10 + (h2 % 4) * (n * n) + (h2 / 4) * (p + 5)) ==
any_result)) |- _ : Prims.squash ((n * n) * ((h2 / 4) * 4 + h2 % 4) + h10 ==
h10 + (h2 % 4) * (n * n) + (h2 / 4) * (p + 5))

>

(see also Calc.fst(27,64-27,76))
X64.Poly1305.Math_i.fst(170,0-171,9): (Warning 272) Top-level let-bindings must be total; this term may have effects
IfcExampleReify2.fst(36,81-36,83): (Warning 252) (Hint-replay failed): could not prove post-condition (see also IfcExampleReify2.fst(36,49-36,77))
IfcExampleReify2.fst(41,41-41,57): (Warning 252) (Hint-replay failed): Subtyping check failed; expected type cl:
(WhileReify.com * IfcRulesReify.label)
{ IfcRulesReify.ni_com IfcExampleReify2.env
(FStar.Pervasives.Native.fst cl)
(FStar.Pervasives.Native.snd cl) }; got type WhileReify.com * IfcRulesReify.label (see also IfcTypechecker.fst(74,68-74,96))
IfcExampleReify2.fst(41,41-41,57): (Warning 252) (Hint-replay failed): Subtyping check failed; expected type cl:
(WhileReify.com * IfcRulesReify.label)
{ IfcRulesReify.ni_com IfcExampleReify2.env
(FStar.Pervasives.Native.fst cl)
(FStar.Pervasives.Native.snd cl) }; got type WhileReify.com * IfcRulesReify.label (see also IfcTypechecker.fst(74,68-74,96))
Unable to open hints file: C:\build\agent1\_work\41\s\kremlin\kremlib\C.Loops.fst.hints; ran without hints
NegativeTests.BST.fst(22,38-22,42): (Warning 252) Subtyping check failed; expected type right:
FStar.Pervasives.Native.option (NegativeTests.BST.tree 2)
{ 0 <= 1 /\ 1 <= 2 /\ None? right <==> (1 = 2) /\
None? (FStar.Pervasives.Native.None) <==> (1 = 0) }; got type FStar.Pervasives.Native.option (NegativeTests.BST.tree 2) (see also NegativeTests.BST.fst(12,37-12,48))
NegativeTests.BST.fst(22,38-22,42): (Warning 252) Subtyping check failed; expected type right:
FStar.Pervasives.Native.option (NegativeTests.BST.tree 2)
{ 0 <= 1 /\ 1 <= 2 /\ None? right <==> (1 = 2) /\
None? (FStar.Pervasives.Native.None) <==> (1 = 0) }; got type FStar.Pervasives.Native.option (NegativeTests.BST.tree 2) (see also NegativeTests.BST.fst(12,37-12,48))
NegativeTests.BST.fst(22,38-22,42): (Warning 252) Subtyping check failed; expected type right:
FStar.Pervasives.Native.option (NegativeTests.BST.tree 2)
{ 0 <= 1 /\ 1 <= 2 /\ None? right <==> (1 = 2) /\
None? (FStar.Pervasives.Native.None) <==> (1 = 0) }; got type FStar.Pervasives.Native.option (NegativeTests.BST.tree 2) (see also NegativeTests.BST.fst(12,37-12,48))
NegativeTests.BST.fst(22,38-22,42): (Warning 252) Subtyping check failed; expected type right:
FStar.Pervasives.Native.option (NegativeTests.BST.tree 2)
{ 0 <= 1 /\ 1 <= 2 /\ None? right <==> (1 = 2) /\
None? (FStar.Pervasives.Native.None) <==> (1 = 0) }; got type FStar.Pervasives.Native.option (NegativeTests.BST.tree 2) (see also NegativeTests.BST.fst(12,37-12,48))
NegativeTests.BST.fst(25,61-25,65): (Warning 252) Subtyping check failed; expected type right:
FStar.Pervasives.Native.option (NegativeTests.BST.tree (l + 1))
{ l <= l /\ l <= l + 1 /\ None? right <==> (l = l + 1) /\
None? (FStar.Pervasives.Native.Some t) <==> (l = l) }; got type FStar.Pervasives.Native.option (NegativeTests.BST.tree (l + 1)) (see also NegativeTests.BST.fst(12,36-12,58))
NegativeTests.BST.fst(25,61-25,65): (Warning 252) Subtyping check failed; expected type right:
FStar.Pervasives.Native.option (NegativeTests.BST.tree (l + 1))
{ l <= l /\ l <= l + 1 /\ None? right <==> (l = l + 1) /\
None? (FStar.Pervasives.Native.Some t) <==> (l = l) }; got type FStar.Pervasives.Native.option (NegativeTests.BST.tree (l + 1)) (see also NegativeTests.BST.fst(12,36-12,58))
NegativeTests.BST.fst(25,61-25,65): (Warning 252) Subtyping check failed; expected type right:
FStar.Pervasives.Native.option (NegativeTests.BST.tree (l + 1))
{ l <= l /\ l <= l + 1 /\ None? right <==> (l = l + 1) /\
None? (FStar.Pervasives.Native.Some t) <==> (l = l) }; got type FStar.Pervasives.Native.option (NegativeTests.BST.tree (l + 1)) (see also NegativeTests.BST.fst(12,36-12,58))
NegativeTests.BST.fst(25,61-25,65): (Warning 252) Subtyping check failed; expected type right:
FStar.Pervasives.Native.option (NegativeTests.BST.tree (l + 1))
{ l <= l /\ l <= l + 1 /\ None? right <==> (l = l + 1) /\
None? (FStar.Pervasives.Native.Some t) <==> (l = l) }; got type FStar.Pervasives.Native.option (NegativeTests.BST.tree (l + 1)) (see also NegativeTests.BST.fst(12,36-12,58))
NegativeTests.BST.fst(28,78-28,87): (Warning 252) Subtyping check failed; expected type right:
FStar.Pervasives.Native.option (NegativeTests.BST.tree (l + 1))
{ l <= l + 1 /\ l + 1 <= l + 1 /\ None? right <==> (l + 1 = l + 1) /\
None? (FStar.Pervasives.Native.Some t1) <==> (l + 1 = l) }; got type FStar.Pervasives.Native.option (NegativeTests.BST.tree (l + 1)) (see also NegativeTests.BST.fst(12,37-12,48))
NegativeTests.BST.fst(28,78-28,87): (Warning 252) Subtyping check failed; expected type right:
FStar.Pervasives.Native.option (NegativeTests.BST.tree (l + 1))
{ l <= l + 1 /\ l + 1 <= l + 1 /\ None? right <==> (l + 1 = l + 1) /\
None? (FStar.Pervasives.Native.Some t1) <==> (l + 1 = l) }; got type FStar.Pervasives.Native.option (NegativeTests.BST.tree (l + 1)) (see also NegativeTests.BST.fst(12,37-12,48))
NegativeTests.BST.fst(28,78-28,87): (Warning 252) Subtyping check failed; expected type right:
FStar.Pervasives.Native.option (NegativeTests.BST.tree (l + 1))
{ l <= l + 1 /\ l + 1 <= l + 1 /\ None? right <==> (l + 1 = l + 1) /\
None? (FStar.Pervasives.Native.Some t1) <==> (l + 1 = l) }; got type FStar.Pervasives.Native.option (NegativeTests.BST.tree (l + 1)) (see also NegativeTests.BST.fst(12,37-12,48))
NegativeTests.BST.fst(28,78-28,87): (Warning 252) Subtyping check failed; expected type right:
FStar.Pervasives.Native.option (NegativeTests.BST.tree (l + 1))
{ l <= l + 1 /\ l + 1 <= l + 1 /\ None? right <==> (l + 1 = l + 1) /\
None? (FStar.Pervasives.Native.Some t1) <==> (l + 1 = l) }; got type FStar.Pervasives.Native.option (NegativeTests.BST.tree (l + 1)) (see also NegativeTests.BST.fst(12,37-12,48))
ProgramEquivalence.fst(156,3-159,38): (Warning 252) (Hint-replay failed): could not prove post-condition (see also ProgramEquivalence.fst(154,20-154,65))
MiniParse.Impl.Combinators.fst(152,43-152,48): (Warning 252) (Hint-replay failed): Subtyping check failed; expected type y: t1{y == g1 x}; got type t1 (see also MiniParse.Impl.Combinators.fst(124,32-124,41))
MiniParse.Impl.Combinators.fst(152,43-152,48): (Warning 252) (Hint-replay failed): Subtyping check failed; expected type y: t1{y == g1 x}; got type t1 (see also MiniParse.Impl.Combinators.fst(124,32-124,41))
Memo.fst(118,14-118,16): (Warning 252) (Hint-replay failed): Subtyping check failed; expected type h0: Memo.heap{Memo.valid_memo h0 f}; got type Prims.list (Prims.int * Prims.int) (see also Memo.fst(111,12-111,27))
Memo.fst(118,14-118,16): (Warning 252) (Hint-replay failed): Subtyping check failed; expected type h0: Memo.heap{Memo.valid_memo h0 f}; got type Prims.list (Prims.int * Prims.int) (see also Memo.fst(111,12-111,27))
NegativeTests.Heap.fst(11,14-11,20): (Warning 252) assertion failed (see also NegativeTests.Heap.fst(11,21-11,54))
NegativeTests.Heap.fst(11,14-11,20): (Warning 252) assertion failed (see also NegativeTests.Heap.fst(11,21-11,54))
NegativeTests.Heap.fst(11,14-11,20): (Warning 252) assertion failed (see also NegativeTests.Heap.fst(11,21-11,54))
NegativeTests.Heap.fst(11,14-11,20): (Warning 252) assertion failed (see also NegativeTests.Heap.fst(11,21-11,54))
NegativeTests.ShortCircuiting.fst(6,16-6,33): (Warning 252) Subtyping check failed; expected type b: Prims.bool{NegativeTests.ShortCircuiting.bad_p b}; got type Prims.bool (see also NegativeTests.ShortCircuiting.fst(4,31-4,38))
NegativeTests.ShortCircuiting.fst(6,16-6,33): (Warning 252) Subtyping check failed; expected type b: Prims.bool{NegativeTests.ShortCircuiting.bad_p b}; got type Prims.bool (see also NegativeTests.ShortCircuiting.fst(4,31-4,38))
NegativeTests.ShortCircuiting.fst(6,16-6,33): (Warning 252) Subtyping check failed; expected type b: Prims.bool{NegativeTests.ShortCircuiting.bad_p b}; got type Prims.bool (see also NegativeTests.ShortCircuiting.fst(4,31-4,38))
NegativeTests.ShortCircuiting.fst(6,16-6,33): (Warning 252) Subtyping check failed; expected type b: Prims.bool{NegativeTests.ShortCircuiting.bad_p b}; got type Prims.bool (see also NegativeTests.ShortCircuiting.fst(4,31-4,38))
prims.fst(231,30-231,42): (Warning 252) assertion failed (see also prims.fst(203,68-203,80))
prims.fst(231,30-231,42): (Warning 252) assertion failed (see also prims.fst(203,68-203,80))
prims.fst(231,30-231,42): (Warning 252) assertion failed (see also prims.fst(203,68-203,80))
prims.fst(231,30-231,42): (Warning 252) assertion failed (see also prims.fst(203,68-203,80))
NegativeTests.Bug260.fst(11,12-11,19): (Warning 252) Subtyping check failed; expected type NegativeTests.Bug260.validity (NegativeTests.Bug260.S (NegativeTests.Bug260.S t)); got type NegativeTests.Bug260.validity (NegativeTests.Bug260.S t) (see also NegativeTests.Bug260.fst(8,37-11,9))
NegativeTests.Bug260.fst(11,12-11,19): (Warning 252) Subtyping check failed; expected type NegativeTests.Bug260.validity (NegativeTests.Bug260.S (NegativeTests.Bug260.S t)); got type NegativeTests.Bug260.validity (NegativeTests.Bug260.S t) (see also NegativeTests.Bug260.fst(8,37-11,9))
NegativeTests.Bug260.fst(11,12-11,19): (Warning 252) Subtyping check failed; expected type NegativeTests.Bug260.validity (NegativeTests.Bug260.S (NegativeTests.Bug260.S t)); got type NegativeTests.Bug260.validity (NegativeTests.Bug260.S t) (see also NegativeTests.Bug260.fst(8,37-11,9))
NegativeTests.Bug260.fst(11,12-11,19): (Warning 252) Subtyping check failed; expected type NegativeTests.Bug260.validity (NegativeTests.Bug260.S (NegativeTests.Bug260.S t)); got type NegativeTests.Bug260.validity (NegativeTests.Bug260.S t) (see also NegativeTests.Bug260.fst(8,37-11,9))
NegativeTests.Neg.fst(5,8-5,10): (Warning 252) Subtyping check failed; expected type Prims.nat; got type Prims.int (see also prims.fst(408,17-408,23))
NegativeTests.Neg.fst(5,8-5,10): (Warning 252) Subtyping check failed; expected type Prims.nat; got type Prims.int (see also prims.fst(408,17-408,23))
NegativeTests.Neg.fst(5,8-5,10): (Warning 252) Subtyping check failed; expected type Prims.nat; got type Prims.int (see also prims.fst(408,17-408,23))
NegativeTests.Neg.fst(5,8-5,10): (Warning 252) Subtyping check failed; expected type Prims.nat; got type Prims.int (see also prims.fst(408,17-408,23))
NegativeTests.Neg.fst(8,8-8,10): (Warning 252) Subtyping check failed; expected type Prims.nat; got type Prims.int (see also prims.fst(408,17-408,23))
NegativeTests.Neg.fst(8,8-8,10): (Warning 252) Subtyping check failed; expected type Prims.nat; got type Prims.int (see also prims.fst(408,17-408,23))
NegativeTests.Neg.fst(8,8-8,10): (Warning 252) Subtyping check failed; expected type Prims.nat; got type Prims.int (see also prims.fst(408,17-408,23))
NegativeTests.Neg.fst(8,8-8,10): (Warning 252) Subtyping check failed; expected type Prims.nat; got type Prims.int (see also prims.fst(408,17-408,23))
NegativeTests.Neg.fst(11,23-11,29): (Warning 252) assertion failed (see also NegativeTests.Neg.fst(11,30-11,35))
NegativeTests.Neg.fst(11,23-11,29): (Warning 252) assertion failed (see also NegativeTests.Neg.fst(11,30-11,35))
NegativeTests.Neg.fst(11,23-11,29): (Warning 252) assertion failed (see also NegativeTests.Neg.fst(11,30-11,35))
NegativeTests.Neg.fst(11,23-11,29): (Warning 252) assertion failed (see also NegativeTests.Neg.fst(11,30-11,35))
NegativeTests.Neg.fst(14,28-15,15): (Warning 252) Patterns are incomplete
NegativeTests.Neg.fst(14,28-15,15): (Warning 252) Patterns are incomplete
NegativeTests.Neg.fst(14,28-15,15): (Warning 252) Patterns are incomplete
NegativeTests.Neg.fst(14,28-15,15): (Warning 252) Patterns are incomplete
NegativeTests.Neg.fst(22,32-22,42): (Warning 252) assertion failed (see also NegativeTests.Neg.fst(17,44-17,57))
NegativeTests.Neg.fst(22,32-22,42): (Warning 252) assertion failed (see also NegativeTests.Neg.fst(17,44-17,57))
NegativeTests.Neg.fst(22,32-22,42): (Warning 252) assertion failed (see also NegativeTests.Neg.fst(17,44-17,57))
NegativeTests.Neg.fst(22,32-22,42): (Warning 252) assertion failed (see also NegativeTests.Neg.fst(17,44-17,57))
NegativeTests.Neg.fst(26,33-26,34): (Warning 252) could not prove post-condition (see also NegativeTests.Neg.fst(24,83-24,88))
NegativeTests.Neg.fst(26,33-26,34): (Warning 252) could not prove post-condition (see also NegativeTests.Neg.fst(24,83-24,88))
NegativeTests.Neg.fst(26,33-26,34): (Warning 252) could not prove post-condition (see also NegativeTests.Neg.fst(24,83-24,88))
NegativeTests.Neg.fst(26,33-26,34): (Warning 252) could not prove post-condition (see also NegativeTests.Neg.fst(24,83-24,88))
NegativeTests.Neg.fst(30,30-30,31): (Warning 252) Subtyping check failed; expected type _: FStar.Pervasives.Native.option 'a {Some? _}; got type FStar.Pervasives.Native.option 'a (see also FStar.Pervasives.Native.fst(6,4-6,8))
NegativeTests.Neg.fst(30,30-30,31): (Warning 252) Subtyping check failed; expected type _: FStar.Pervasives.Native.option 'a {Some? _}; got type FStar.Pervasives.Native.option 'a (see also FStar.Pervasives.Native.fst(6,4-6,8))
NegativeTests.Neg.fst(30,30-30,31): (Warning 252) Subtyping check failed; expected type _: FStar.Pervasives.Native.option 'a {Some? _}; got type FStar.Pervasives.Native.option 'a (see also FStar.Pervasives.Native.fst(6,4-6,8))
NegativeTests.Neg.fst(30,30-30,31): (Warning 252) Subtyping check failed; expected type _: FStar.Pervasives.Native.option 'a {Some? _}; got type FStar.Pervasives.Native.option 'a (see also FStar.Pervasives.Native.fst(6,4-6,8))
NegativeTests.Neg.fst(34,45-34,47): (Warning 252) Subtyping check failed; expected type _: FStar.Pervasives.result Prims.int {V? _}; got type FStar.Pervasives.result Prims.int (see also FStar.Pervasives.fst(88,4-88,5))
NegativeTests.Neg.fst(34,45-34,47): (Warning 252) Subtyping check failed; expected type _: FStar.Pervasives.result Prims.int {V? _}; got type FStar.Pervasives.result Prims.int (see also FStar.Pervasives.fst(88,4-88,5))
NegativeTests.Neg.fst(34,45-34,47): (Warning 252) Subtyping check failed; expected type _: FStar.Pervasives.result Prims.int {V? _}; got type FStar.Pervasives.result Prims.int (see also FStar.Pervasives.fst(88,4-88,5))
NegativeTests.Neg.fst(34,45-34,47): (Warning 252) Subtyping check failed; expected type _: FStar.Pervasives.result Prims.int {V? _}; got type FStar.Pervasives.result Prims.int (see also FStar.Pervasives.fst(88,4-88,5))
NegativeTests.Neg.fst(39,25-39,26): (Warning 252) Subtyping check failed; expected type Prims.nat; got type Prims.int (see also prims.fst(408,17-408,23))
NegativeTests.Neg.fst(39,25-39,26): (Warning 252) Subtyping check failed; expected type Prims.nat; got type Prims.int (see also prims.fst(408,17-408,23))
NegativeTests.Neg.fst(39,25-39,26): (Warning 252) Subtyping check failed; expected type Prims.nat; got type Prims.int (see also prims.fst(408,17-408,23))
NegativeTests.Neg.fst(39,25-39,26): (Warning 252) Subtyping check failed; expected type Prims.nat; got type Prims.int (see also prims.fst(408,17-408,23))
Asm1.fst(67,2-67,10): (Warning 252) (Hint-replay failed): Subtyping check failed; expected type b1_s1:
(Prims.list Asm1.ins * Asm1.state)
{ (let b1, s1 = b1_s1 in
(let i :: _ = b0 in
(let Asm1.ILoad dst src offset = i in
b0 == i :: b1 /\ Asm1.valid_state s1 /\
FStar.Pervasives.Native.Some s1 == Asm1.eval_ins i s0 /\
Asm1.eval_block b0 s0 == Asm1.eval_block b1 s1 /\
s1 ==
Asm1.Mkstate
((Mkstate?.regs s0).[ dst ] <- (Mkstate?.mem s0).[ (Mkstate?.regs s0).[ src ] + offset ]
) (Mkstate?.mem s0))
<:
Type0)
<:
Type0)
<:
Type0 }; got type Prims.list Asm1.ins * Asm1.state (see also Asm1.fst(61,8-61,22))
Asm1.fst(67,2-67,10): (Warning 252) Subtyping check failed; expected type b1_s1:
(Prims.list Asm1.ins * Asm1.state)
{ (let b1, s1 = b1_s1 in
(let i :: _ = b0 in
(let Asm1.ILoad dst src offset = i in
b0 == i :: b1 /\ Asm1.valid_state s1 /\
FStar.Pervasives.Native.Some s1 == Asm1.eval_ins i s0 /\
Asm1.eval_block b0 s0 == Asm1.eval_block b1 s1 /\
s1 ==
Asm1.Mkstate
((Mkstate?.regs s0).[ dst ] <- (Mkstate?.mem s0).[ (Mkstate?.regs s0).[ src ] + offset ]
) (Mkstate?.mem s0))
<:
Type0)
<:
Type0)
<:
Type0 }; got type Prims.list Asm1.ins * Asm1.state (see also Asm1.fst(61,8-61,22))
Asm1.fst(85,2-86,10): (Warning 252) (Hint-replay failed): Patterns are incomplete
Asm1.fst(85,2-86,10): (Warning 252) Patterns are incomplete
Asm1.fst(124,31-124,33): (Warning 252) (Hint-replay failed): Subtyping check failed; expected type s0:
Asm1.state
{ Asm1.valid_state s0 /\
(match b1 with
| Asm1.ILoad dst src offset :: _ ->
Asm1.valid_reg dst /\ Asm1.valid_reg src /\
Asm1.contains (Mkstate?.mem s0) ((Mkstate?.regs s0).[ src ] + offset)
| _ -> Prims.l_False) }; got type Asm1.state (see also Asm1.fst(55,12-55,52))
Asm1.fst(67,2-67,10): (Warning 252) (Hint-replay failed): Subtyping check failed; expected type b1_s1:
(Prims.list Asm1.ins * Asm1.state)
{ (let b1, s1 = b1_s1 in
(let i :: _ = b0 in
(let Asm1.ILoad dst src offset = i in
b0 == i :: b1 /\ Asm1.valid_state s1 /\
FStar.Pervasives.Native.Some s1 == Asm1.eval_ins i s0 /\
Asm1.eval_block b0 s0 == Asm1.eval_block b1 s1 /\
s1 ==
Asm1.Mkstate
((Mkstate?.regs s0).[ dst ] <- (Mkstate?.mem s0).[ (Mkstate?.regs s0).[ src ] + offset ]
) (Mkstate?.mem s0))
<:
Type0)
<:
Type0)
<:
Type0 }; got type Prims.list Asm1.ins * Asm1.state (see also Asm1.fst(61,8-61,22))
Asm1.fst(67,2-67,10): (Warning 252) Subtyping check failed; expected type b1_s1:
(Prims.list Asm1.ins * Asm1.state)
{ (let b1, s1 = b1_s1 in
(let i :: _ = b0 in
(let Asm1.ILoad dst src offset = i in
b0 == i :: b1 /\ Asm1.valid_state s1 /\
FStar.Pervasives.Native.Some s1 == Asm1.eval_ins i s0 /\
Asm1.eval_block b0 s0 == Asm1.eval_block b1 s1 /\
s1 ==
Asm1.Mkstate
((Mkstate?.regs s0).[ dst ] <- (Mkstate?.mem s0).[ (Mkstate?.regs s0).[ src ] + offset ]
) (Mkstate?.mem s0))
<:
Type0)
<:
Type0)
<:
Type0 }; got type Prims.list Asm1.ins * Asm1.state (see also Asm1.fst(61,8-61,22))
Asm1.fst(85,2-86,10): (Warning 252) (Hint-replay failed): Patterns are incomplete
Asm1.fst(85,2-86,10): (Warning 252) Patterns are incomplete
Asm1.fst(124,31-124,33): (Warning 252) (Hint-replay failed): Subtyping check failed; expected type s0:
Asm1.state
{ Asm1.valid_state s0 /\
(match b1 with
| Asm1.ILoad dst src offset :: _ ->
Asm1.valid_reg dst /\ Asm1.valid_reg src /\
Asm1.contains (Mkstate?.mem s0) ((Mkstate?.regs s0).[ src ] + offset)
| _ -> Prims.l_False) }; got type Asm1.state (see also Asm1.fst(55,12-55,52))
bug1091.fst(18,50-18,66): (Warning 252) Subtyping check failed; expected type FStar.UInt.uint_t (*?u19*) _; got type n: Prims.nat{n < Prims.pow2 128} (see also FStar.UInt.fst(52,28-52,36))
bug1091.fst(24,91-24,92): (Warning 252) could not prove post-condition (see also bug1091.fst(24,21-24,86))
bug1091.fst(82,26-82,40): (Warning 252) Failed to verify implicit argument: (*?u21*) _ (Introduced at bug1091.fst(82,26-82,40) for Instantiating implicit argument in application resolved at bug1091.fst(81,0-82,77)) :: Subtyping check failed; expected type Prims.eqtype; got type Type0 (see also prims.fst(27,22-27,29))
bug1091.fst(82,51-82,65): (Warning 252) Failed to verify implicit argument: (*?u21*) _ (Introduced at bug1091.fst(82,51-82,65) for Instantiating implicit argument in application resolved at bug1091.fst(81,0-82,77)) :: Subtyping check failed; expected type Prims.eqtype; got type Type0 (see also prims.fst(27,22-27,29))
bug1091.fst(82,26-82,40): (Warning 252) Failed to verify implicit argument: (*?u21*) _ (Introduced at bug1091.fst(82,26-82,40) for flex-flex quasi:	lhs=Instantiating implicit argument in application	rhs=Instantiating implicit argument in application resolved at bug1091.fst(81,0-82,77)) :: Subtyping check failed; expected type Prims.eqtype; got type Type0 (see also prims.fst(27,22-27,29))
bug1091.fst(93,55-93,56): (Warning 252) Subtyping check failed; expected type n: Prims.int{%[ m - 1; n ] << %[ m; n ]}; got type Prims.int (see also bug1091.fst(92,2-94,78))
NegativeTests.Termination.fst(6,26-6,27): (Warning 252) Subtyping check failed; expected type m: Prims.int{m << %[ m; l ]}; got type Prims.int (see also NegativeTests.Termination.fst(6,20-6,29))
NegativeTests.Termination.fst(6,26-6,27): (Warning 252) Subtyping check failed; expected type m: Prims.int{m << %[ m; l ]}; got type Prims.int (see also NegativeTests.Termination.fst(6,20-6,29))
NegativeTests.Termination.fst(6,26-6,27): (Warning 252) Subtyping check failed; expected type m: Prims.int{m << %[ m; l ]}; got type Prims.int (see also NegativeTests.Termination.fst(6,20-6,29))
NegativeTests.Termination.fst(6,26-6,27): (Warning 252) Subtyping check failed; expected type m: Prims.int{m << %[ m; l ]}; got type Prims.int (see also NegativeTests.Termination.fst(6,20-6,29))
NegativeTests.Termination.fst(13,26-13,35): (Warning 252) Subtyping check failed; expected type _: Prims.int{%[ n; _ ] << %[ n; count ]}; got type Prims.int (see also NegativeTests.Termination.fst(11,2-13,35))
NegativeTests.Termination.fst(13,26-13,35): (Warning 252) Subtyping check failed; expected type _: Prims.int{%[ n; _ ] << %[ n; count ]}; got type Prims.int (see also NegativeTests.Termination.fst(11,2-13,35))
NegativeTests.Termination.fst(13,26-13,35): (Warning 252) Subtyping check failed; expected type _: Prims.int{%[ n; _ ] << %[ n; count ]}; got type Prims.int (see also NegativeTests.Termination.fst(11,2-13,35))
NegativeTests.Termination.fst(13,26-13,35): (Warning 252) Subtyping check failed; expected type _: Prims.int{%[ n; _ ] << %[ n; count ]}; got type Prims.int (see also NegativeTests.Termination.fst(11,2-13,35))
NegativeTests.Termination.fst(20,43-20,44): (Warning 252) Subtyping check failed; expected type n: Prims.int{%[ m - 1; n ] << %[ m; n ]}; got type Prims.int (see also NegativeTests.Termination.fst(19,2-21,54))
NegativeTests.Termination.fst(20,43-20,44): (Warning 252) Subtyping check failed; expected type n: Prims.int{%[ m - 1; n ] << %[ m; n ]}; got type Prims.int (see also NegativeTests.Termination.fst(19,2-21,54))
NegativeTests.Termination.fst(20,43-20,44): (Warning 252) Subtyping check failed; expected type n: Prims.int{%[ m - 1; n ] << %[ m; n ]}; got type Prims.int (see also NegativeTests.Termination.fst(19,2-21,54))
NegativeTests.Termination.fst(20,43-20,44): (Warning 252) Subtyping check failed; expected type n: Prims.int{%[ m - 1; n ] << %[ m; n ]}; got type Prims.int (see also NegativeTests.Termination.fst(19,2-21,54))
NegativeTests.Termination.fst(27,28-27,29): (Warning 252) Subtyping check failed; expected type _: Prims.list 'a {_ << l}; got type Prims.list 'a (see also NegativeTests.Termination.fst(25,23-27,29))
NegativeTests.Termination.fst(27,28-27,29): (Warning 252) Subtyping check failed; expected type _: Prims.list 'a {_ << l}; got type Prims.list 'a (see also NegativeTests.Termination.fst(25,23-27,29))
NegativeTests.Termination.fst(27,28-27,29): (Warning 252) Subtyping check failed; expected type _: Prims.list 'a {_ << l}; got type Prims.list 'a (see also NegativeTests.Termination.fst(25,23-27,29))
NegativeTests.Termination.fst(27,28-27,29): (Warning 252) Subtyping check failed; expected type _: Prims.list 'a {_ << l}; got type Prims.list 'a (see also NegativeTests.Termination.fst(25,23-27,29))
NegativeTests.Termination.fst(40,15-40,29): (Warning 252) Subtyping check failed; expected type x: Prims.nat{x <= v} -> Prims.Tot Prims.nat; got type _: _: Prims.nat{_ << v} -> Prims.Tot Prims.nat (see also NegativeTests.Termination.fst(38,2-40,29))
NegativeTests.Termination.fst(40,15-40,29): (Warning 252) Subtyping check failed; expected type x: Prims.nat{x <= v} -> Prims.Tot Prims.nat; got type _: _: Prims.nat{_ << v} -> Prims.Tot Prims.nat (see also NegativeTests.Termination.fst(38,2-40,29))
NegativeTests.Termination.fst(40,15-40,29): (Warning 252) Subtyping check failed; expected type x: Prims.nat{x <= v} -> Prims.Tot Prims.nat; got type _: _: Prims.nat{_ << v} -> Prims.Tot Prims.nat (see also NegativeTests.Termination.fst(38,2-40,29))
NegativeTests.Termination.fst(40,15-40,29): (Warning 252) Subtyping check failed; expected type x: Prims.nat{x <= v} -> Prims.Tot Prims.nat; got type _: _: Prims.nat{_ << v} -> Prims.Tot Prims.nat (see also NegativeTests.Termination.fst(38,2-40,29))
NegativeTests.Termination.fst(52,19-52,29): (Warning 252) Subtyping check failed; expected type _: NegativeTests.Termination.snat{_ << n}; got type NegativeTests.Termination.snat (see also NegativeTests.Termination.fst(49,2-52,29))
NegativeTests.Termination.fst(52,19-52,29): (Warning 252) Subtyping check failed; expected type _: NegativeTests.Termination.snat{_ << n}; got type NegativeTests.Termination.snat (see also NegativeTests.Termination.fst(49,2-52,29))
NegativeTests.Termination.fst(52,19-52,29): (Warning 252) Subtyping check failed; expected type _: NegativeTests.Termination.snat{_ << n}; got type NegativeTests.Termination.snat (see also NegativeTests.Termination.fst(49,2-52,29))
NegativeTests.Termination.fst(52,19-52,29): (Warning 252) Subtyping check failed; expected type _: NegativeTests.Termination.snat{_ << n}; got type NegativeTests.Termination.snat (see also NegativeTests.Termination.fst(49,2-52,29))
NegativeTests.Termination.fst(60,34-60,35): (Warning 252) Subtyping check failed; expected type _:
NegativeTests.Termination.snat
{%[ NegativeTests.Termination.S (NegativeTests.Termination.S n'); _ ] << %[ n; m ]}; got type NegativeTests.Termination.snat (see also NegativeTests.Termination.fst(57,2-60,35))
NegativeTests.Termination.fst(60,34-60,35): (Warning 252) Subtyping check failed; expected type _:
NegativeTests.Termination.snat
{%[ NegativeTests.Termination.S (NegativeTests.Termination.S n'); _ ] << %[ n; m ]}; got type NegativeTests.Termination.snat (see also NegativeTests.Termination.fst(57,2-60,35))
NegativeTests.Termination.fst(60,34-60,35): (Warning 252) Subtyping check failed; expected type _:
NegativeTests.Termination.snat
{%[ NegativeTests.Termination.S (NegativeTests.Termination.S n'); _ ] << %[ n; m ]}; got type NegativeTests.Termination.snat (see also NegativeTests.Termination.fst(57,2-60,35))
NegativeTests.Termination.fst(60,34-60,35): (Warning 252) Subtyping check failed; expected type _:
NegativeTests.Termination.snat
{%[ NegativeTests.Termination.S (NegativeTests.Termination.S n'); _ ] << %[ n; m ]}; got type NegativeTests.Termination.snat (see also NegativeTests.Termination.fst(57,2-60,35))
NegativeTests.Termination.fst(65,2-67,14): (Warning 252) Patterns are incomplete
NegativeTests.Termination.fst(65,2-67,14): (Warning 252) Patterns are incomplete
NegativeTests.Termination.fst(65,2-67,14): (Warning 252) Patterns are incomplete
NegativeTests.Termination.fst(65,2-67,14): (Warning 252) Patterns are incomplete
NegativeTests.Termination.fst(74,29-74,31): (Warning 252) Subtyping check failed; expected type _: NegativeTests.Termination.snat{%[ NegativeTests.Termination.S n'; _ ] << %[ n; m ]}; got type NegativeTests.Termination.snat (see also NegativeTests.Termination.fst(72,2-74,31))
NegativeTests.Termination.fst(74,29-74,31): (Warning 252) Subtyping check failed; expected type _: NegativeTests.Termination.snat{%[ NegativeTests.Termination.S n'; _ ] << %[ n; m ]}; got type NegativeTests.Termination.snat (see also NegativeTests.Termination.fst(72,2-74,31))
NegativeTests.Termination.fst(74,29-74,31): (Warning 252) Subtyping check failed; expected type _: NegativeTests.Termination.snat{%[ NegativeTests.Termination.S n'; _ ] << %[ n; m ]}; got type NegativeTests.Termination.snat (see also NegativeTests.Termination.fst(72,2-74,31))
NegativeTests.Termination.fst(74,29-74,31): (Warning 252) Subtyping check failed; expected type _: NegativeTests.Termination.snat{%[ NegativeTests.Termination.S n'; _ ] << %[ n; m ]}; got type NegativeTests.Termination.snat (see also NegativeTests.Termination.fst(72,2-74,31))
NegativeTests.Termination.fst(81,20-81,26): (Warning 252) Subtyping check failed; expected type _: NegativeTests.Termination.snat{_ << n}; got type NegativeTests.Termination.snat (see also NegativeTests.Termination.fst(79,2-81,26))
NegativeTests.Termination.fst(81,20-81,26): (Warning 252) Subtyping check failed; expected type _: NegativeTests.Termination.snat{_ << n}; got type NegativeTests.Termination.snat (see also NegativeTests.Termination.fst(79,2-81,26))
NegativeTests.Termination.fst(81,20-81,26): (Warning 252) Subtyping check failed; expected type _: NegativeTests.Termination.snat{_ << n}; got type NegativeTests.Termination.snat (see also NegativeTests.Termination.fst(79,2-81,26))
NegativeTests.Termination.fst(81,20-81,26): (Warning 252) Subtyping check failed; expected type _: NegativeTests.Termination.snat{_ << n}; got type NegativeTests.Termination.snat (see also NegativeTests.Termination.fst(79,2-81,26))
NegativeTests.False.fst(8,13-8,33): (Warning 252) assertion failed (see also prims.fst(197,69-197,78))
NegativeTests.False.fst(8,13-8,33): (Warning 252) assertion failed (see also prims.fst(197,69-197,78))
NegativeTests.False.fst(8,13-8,33): (Warning 252) assertion failed (see also prims.fst(197,69-197,78))
NegativeTests.False.fst(8,13-8,33): (Warning 252) assertion failed (see also prims.fst(197,69-197,78))
ScopeOfBinderGuard.fst(9,47-9,48): (Warning 252) Subtyping check failed; expected type Prims.unit; got type ScopeOfBinderGuard.bool_t (see also ScopeOfBinderGuard.fst(9,17-9,18))
ScopeOfBinderGuard.fst(9,47-9,48): (Warning 252) Subtyping check failed; expected type Prims.unit; got type ScopeOfBinderGuard.bool_t (see also ScopeOfBinderGuard.fst(9,17-9,18))
ScopeOfBinderGuard.fst(9,47-9,48): (Warning 252) Subtyping check failed; expected type Prims.unit; got type ScopeOfBinderGuard.bool_t (see also ScopeOfBinderGuard.fst(9,17-9,18))
ScopeOfBinderGuard.fst(9,47-9,48): (Warning 252) Subtyping check failed; expected type Prims.unit; got type ScopeOfBinderGuard.bool_t (see also ScopeOfBinderGuard.fst(9,17-9,18))
ScopeOfBinderGuard.fst(11,46-11,47): (Warning 252) Subtyping check failed; expected type Prims.bool; got type ScopeOfBinderGuard.t false (see also ScopeOfBinderGuard.fst(11,26-11,27))
ScopeOfBinderGuard.fst(11,46-11,47): (Warning 252) Subtyping check failed; expected type Prims.bool; got type ScopeOfBinderGuard.t false (see also ScopeOfBinderGuard.fst(11,26-11,27))
ScopeOfBinderGuard.fst(11,46-11,47): (Warning 252) Subtyping check failed; expected type Prims.bool; got type ScopeOfBinderGuard.t false (see also ScopeOfBinderGuard.fst(11,26-11,27))
ScopeOfBinderGuard.fst(11,46-11,47): (Warning 252) Subtyping check failed; expected type Prims.bool; got type ScopeOfBinderGuard.t false (see also ScopeOfBinderGuard.fst(11,26-11,27))
NegativeTests.Set.fst(13,9-13,30): (Warning 252) assertion failed
NegativeTests.Set.fst(13,9-13,30): (Warning 252) assertion failed
NegativeTests.Set.fst(13,9-13,30): (Warning 252) assertion failed
NegativeTests.Set.fst(13,9-13,30): (Warning 252) assertion failed
NegativeTests.Set.fst(18,9-18,67): (Warning 252) assertion failed
NegativeTests.Set.fst(18,9-18,67): (Warning 252) assertion failed
NegativeTests.Set.fst(18,9-18,67): (Warning 252) assertion failed
NegativeTests.Set.fst(18,9-18,67): (Warning 252) assertion failed
NegativeTests.Set.fst(23,9-23,52): (Warning 252) assertion failed
NegativeTests.Set.fst(23,9-23,52): (Warning 252) assertion failed
NegativeTests.Set.fst(23,9-23,52): (Warning 252) assertion failed
NegativeTests.Set.fst(23,9-23,52): (Warning 252) assertion failed
Calc.fst(26,84-26,87): (Warning 252) (Hint-replay failed): assertion failed (see also Calc.fst(26,17-26,20))
Calc.fst(26,84-26,87): (Warning 252) (Hint-replay failed): assertion failed (see also Calc.fst(26,17-26,20))
bug1521.fst(55,17-55,20): (Warning 252) could not prove post-condition (see also bug1521.fst(53,65-53,68))
bug1521.fst(55,17-55,20): (Warning 252) could not prove post-condition (see also bug1521.fst(53,65-53,68))
bug1521.fst(55,17-55,20): (Warning 252) could not prove post-condition (see also bug1521.fst(53,65-53,68))
bug1521.fst(55,17-55,20): (Warning 252) could not prove post-condition (see also bug1521.fst(53,65-53,68))
SimpleTactic.Test.fst(5,2-5,18): (Warning 296) Tactics admitted goal <:
(_: Prims.unit) |- _ : Prims.squash (FStar.Pervasives.id 1000 = 1000)

>

(see also FStar.Tactics.Effect.fst(100,48-100,58))
FStar.Tactics.Simplifier.fst(277,18-277,23): (Warning 296) Tactics admitted goal <:
(r: FStar.ST.ref Prims.int) |- _ : Prims.squash (forall (x: FStar.Pervasives.st_post_h FStar.Monotonic.Heap.heap Prims.unit)
(x: FStar.Monotonic.Heap.heap).
(forall (x: Prims.unit) (x: FStar.Monotonic.Heap.heap). Prims.auto_squash (x x x)) ==>
FStar.Heap.trivial_preorder Prims.int (FStar.Monotonic.Heap.sel x r) 0 /\
(forall (x: Prims.unit)
(x:
_:
FStar.Monotonic.Heap.heap
{FStar.Heap.trivial_preorder Prims.int (FStar.Monotonic.Heap.sel x r) 0}).
FStar.Heap.trivial_preorder Prims.int (FStar.Monotonic.Heap.sel x r) 0 /\
FStar.Monotonic.Heap.contains x r /\
FStar.Monotonic.Heap.modifies (FStar.Set.singleton (FStar.Monotonic.Heap.addr_of r)) x x /\
FStar.Monotonic.Heap.equal_dom x x /\ FStar.Monotonic.Heap.sel x r == 0 ==>
FStar.Heap.trivial_preorder Prims.int (FStar.Monotonic.Heap.sel x r) 1 /\
(forall (x: Prims.unit)
(x:
_:
FStar.Monotonic.Heap.heap
{FStar.Heap.trivial_preorder Prims.int (FStar.Monotonic.Heap.sel x r) 1}).
FStar.Heap.trivial_preorder Prims.int (FStar.Monotonic.Heap.sel x r) 1 /\
FStar.Monotonic.Heap.contains x r /\
FStar.Monotonic.Heap.modifies (FStar.Set.singleton (FStar.Monotonic.Heap.addr_of r))
x
x /\ FStar.Monotonic.Heap.equal_dom x x /\ FStar.Monotonic.Heap.sel x r == 1 ==>
FStar.Heap.trivial_preorder Prims.int (FStar.Monotonic.Heap.sel x r) 2 /\
(forall (x: Prims.unit)
(x:
_:
FStar.Monotonic.Heap.heap
{FStar.Heap.trivial_preorder Prims.int (FStar.Monotonic.Heap.sel x r) 2}).
FStar.Heap.trivial_preorder Prims.int (FStar.Monotonic.Heap.sel x r) 2 /\
FStar.Monotonic.Heap.contains x r /\
FStar.Monotonic.Heap.modifies (FStar.Set.singleton (FStar.Monotonic.Heap.addr_of r
))
x
x /\ FStar.Monotonic.Heap.equal_dom x x /\ FStar.Monotonic.Heap.sel x r == 2 ==>
FStar.Heap.trivial_preorder Prims.int (FStar.Monotonic.Heap.sel x r) 3 /\
(forall (x: Prims.unit)
(x:
_:
FStar.Monotonic.Heap.heap
{FStar.Heap.trivial_preorder Prims.int (FStar.Monotonic.Heap.sel x r) 3}).
FStar.Heap.trivial_preorder Prims.int (FStar.Monotonic.Heap.sel x r) 3 /\
FStar.Monotonic.Heap.contains x r /\
FStar.Monotonic.Heap.modifies (FStar.Set.singleton (FStar.Monotonic.Heap.addr_of 
r))
x
x /\ FStar.Monotonic.Heap.equal_dom x x /\ FStar.Monotonic.Heap.sel x r == 3 ==>
x x x)))))

>

(see also FStar.Tactics.Simplifier.fst(273,55-273,63))
FStar.Tactics.Simplifier.fst(277,18-277,23): (Warning 296) Tactics admitted goal <:
(r: FStar.ST.ref Prims.int) |- _ : Prims.squash (forall (x: FStar.Pervasives.st_post_h FStar.Monotonic.Heap.heap Prims.unit)
(x: FStar.Monotonic.Heap.heap).
(forall (x: Prims.unit) (x: FStar.Monotonic.Heap.heap). Prims.auto_squash (x x x)) ==>
FStar.Heap.trivial_preorder Prims.int (FStar.Monotonic.Heap.sel x r) 0 /\
(forall (x: Prims.unit)
(x:
_:
FStar.Monotonic.Heap.heap
{FStar.Heap.trivial_preorder Prims.int (FStar.Monotonic.Heap.sel x r) 0}).
FStar.Heap.trivial_preorder Prims.int (FStar.Monotonic.Heap.sel x r) 0 /\
FStar.Monotonic.Heap.contains x r /\
FStar.Monotonic.Heap.modifies (FStar.Set.singleton (FStar.Monotonic.Heap.addr_of r)) x x /\
FStar.Monotonic.Heap.equal_dom x x /\ FStar.Monotonic.Heap.sel x r == 0 ==>
FStar.Heap.trivial_preorder Prims.int (FStar.Monotonic.Heap.sel x r) 1 /\
(forall (x: Prims.unit)
(x:
_:
FStar.Monotonic.Heap.heap
{FStar.Heap.trivial_preorder Prims.int (FStar.Monotonic.Heap.sel x r) 1}).
FStar.Heap.trivial_preorder Prims.int (FStar.Monotonic.Heap.sel x r) 1 /\
FStar.Monotonic.Heap.contains x r /\
FStar.Monotonic.Heap.modifies (FStar.Set.singleton (FStar.Monotonic.Heap.addr_of r))
x
x /\ FStar.Monotonic.Heap.equal_dom x x /\ FStar.Monotonic.Heap.sel x r == 1 ==>
FStar.Heap.trivial_preorder Prims.int (FStar.Monotonic.Heap.sel x r) 2 /\
(forall (x: Prims.unit)
(x:
_:
FStar.Monotonic.Heap.heap
{FStar.Heap.trivial_preorder Prims.int (FStar.Monotonic.Heap.sel x r) 2}).
FStar.Heap.trivial_preorder Prims.int (FStar.Monotonic.Heap.sel x r) 2 /\
FStar.Monotonic.Heap.contains x r /\
FStar.Monotonic.Heap.modifies (FStar.Set.singleton (FStar.Monotonic.Heap.addr_of r
))
x
x /\ FStar.Monotonic.Heap.equal_dom x x /\ FStar.Monotonic.Heap.sel x r == 2 ==>
FStar.Heap.trivial_preorder Prims.int (FStar.Monotonic.Heap.sel x r) 3 /\
(forall (x: Prims.unit)
(x:
_:
FStar.Monotonic.Heap.heap
{FStar.Heap.trivial_preorder Prims.int (FStar.Monotonic.Heap.sel x r) 3}).
FStar.Heap.trivial_preorder Prims.int (FStar.Monotonic.Heap.sel x r) 3 /\
FStar.Monotonic.Heap.contains x r /\
FStar.Monotonic.Heap.modifies (FStar.Set.singleton (FStar.Monotonic.Heap.addr_of 
r))
x
x /\ FStar.Monotonic.Heap.equal_dom x x /\ FStar.Monotonic.Heap.sel x r == 3 ==>
FStar.Heap.trivial_preorder Prims.int (FStar.Monotonic.Heap.sel x r) 4 /\
(forall (x: Prims.unit)
(x:
_:
FStar.Monotonic.Heap.heap
{FStar.Heap.trivial_preorder Prims.int (FStar.Monotonic.Heap.sel x r) 4})
.
FStar.Heap.trivial_preorder Prims.int (FStar.Monotonic.Heap.sel x r) 4 /\
FStar.Monotonic.Heap.contains x r /\
FStar.Monotonic.Heap.modifies (FStar.Set.singleton (FStar.Monotonic.Heap.addr_of 
r))
x
x /\ FStar.Monotonic.Heap.equal_dom x x /\
FStar.Monotonic.Heap.sel x r == 4 ==>
FStar.Heap.trivial_preorder Prims.int (FStar.Monotonic.Heap.sel x r) 5 /\
(forall (x: Prims.unit)
(x:
_:
FStar.Monotonic.Heap.heap
{ FStar.Heap.trivial_preorder Prims.int
(FStar.Monotonic.Heap.sel x r)
5 }).
FStar.Heap.trivial_preorder Prims.int (FStar.Monotonic.Heap.sel x r) 5 /\
FStar.Monotonic.Heap.contains x r /\
FStar.Monotonic.Heap.modifies (FStar.Set.singleton (FStar.Monotonic.Heap.addr_of 
r))
x
x /\ FStar.Monotonic.Heap.equal_dom x x /\
FStar.Monotonic.Heap.sel x r == 5 ==>
FStar.Heap.trivial_preorder Prims.int (FStar.Monotonic.Heap.sel x r) 6 /\
(forall (x: Prims.unit)
(x:
_:
FStar.Monotonic.Heap.heap
{ FStar.Heap.trivial_preorder Prims.int
(FStar.Monotonic.Heap.sel x r)
6 }).
FStar.Heap.trivial_preorder Prims.int
(FStar.Monotonic.Heap.sel x r)
6 /\ FStar.Monotonic.Heap.contains x r /\
FStar.Monotonic.Heap.modifies (FStar.Set.singleton (FStar.Monotonic.Heap.addr_of 
r))
x
x /\ FStar.Monotonic.Heap.equal_dom x x /\
FStar.Monotonic.Heap.sel x r == 6 ==>
FStar.Heap.trivial_preorder Prims.int
(FStar.Monotonic.Heap.sel x r)
7 /\
(forall (x: Prims.unit)
(x:
_:
FStar.Monotonic.Heap.heap
{ FStar.Heap.trivial_preorder Prims.int
(FStar.Monotonic.Heap.sel x r)
7 }).
FStar.Heap.trivial_preorder Prims.int
(FStar.Monotonic.Heap.sel x r)
7 /\ FStar.Monotonic.Heap.contains x r /\
FStar.Monotonic.Heap.modifies (FStar.Set.singleton (FStar.Monotonic.Heap.addr_of 
r))
x
x /\ FStar.Monotonic.Heap.equal_dom x x /\
FStar.Monotonic.Heap.sel x r == 7 ==>
FStar.Heap.trivial_preorder Prims.int
(FStar.Monotonic.Heap.sel x r)
8 /\
(forall (x: Prims.unit)
(x:
_:
FStar.Monotonic.Heap.heap
{ FStar.Heap.trivial_preorder Prims.int
(FStar.Monotonic.Heap.sel x r)
8 }).
FStar.Heap.trivial_preorder Prims.int
(FStar.Monotonic.Heap.sel x r)
8 /\ FStar.Monotonic.Heap.contains x r /\
FStar.Monotonic.Heap.modifies (FStar.Set.singleton (FStar.Monotonic.Heap.addr_of 
r))
x
x /\ FStar.Monotonic.Heap.equal_dom x x /\
FStar.Monotonic.Heap.sel x r == 8 ==>
FStar.Heap.trivial_preorder Prims.int
(FStar.Monotonic.Heap.sel x r)
9 /\
(forall (x: Prims.unit)
(x:
_:
FStar.Monotonic.Heap.heap
{ FStar.Heap.trivial_preorder Prims.int
(FStar.Monotonic.Heap.sel x r)
9 }).
FStar.Heap.trivial_preorder Prims.int
(FStar.Monotonic.Heap.sel x r)
9 /\ FStar.Monotonic.Heap.contains x r /\
FStar.Monotonic.Heap.modifies (FStar.Set.singleton (FStar.Monotonic.Heap.addr_of 
r))
x
x /\ FStar.Monotonic.Heap.equal_dom x x /\
FStar.Monotonic.Heap.sel x r == 9 ==>
FStar.Heap.trivial_preorder Prims.int
(FStar.Monotonic.Heap.sel x r)
10 /\
(forall (x: Prims.unit)
(x:
_:
FStar.Monotonic.Heap.heap
{ FStar.Heap.trivial_preorder Prims.int
(FStar.Monotonic.Heap.sel x r)
10 }).
FStar.Heap.trivial_preorder Prims.int
(FStar.Monotonic.Heap.sel x r)
10 /\ FStar.Monotonic.Heap.contains x r /\
FStar.Monotonic.Heap.modifies (FStar.Set.singleton 
(FStar.Monotonic.Heap.addr_of r))
x
x /\ FStar.Monotonic.Heap.equal_dom x x /\
FStar.Monotonic.Heap.sel x r == 10 ==>
x x x))))))))))))

>

(see also FStar.Tactics.Simplifier.fst(273,55-273,63))
UnionFind.fst(170,4-170,6): (Warning 252) (Hint-replay failed): could not prove post-condition (see also UnionFind.fst(166,7-166,47))
LowParse.SLow.Combinators.fst(32,21-32,26): (Warning 252) (Hint-replay failed): Subtyping check failed; expected type j: Prims.nat{FStar.UInt32.v l <= j && j <= FStar.Seq.Base.length (FStar.Bytes.reveal input)}; got type FStar.UInt.uint_t FStar.UInt32.n (see also FStar.Bytes.fsti(146,56-146,65))
LowParse.SLow.Combinators.fst(55,21-55,26): (Warning 252) (Hint-replay failed): Subtyping check failed; expected type j: Prims.nat{FStar.UInt32.v l <= j && j <= FStar.Seq.Base.length (FStar.Bytes.reveal input)}; got type FStar.UInt.uint_t FStar.UInt32.n (see also FStar.Bytes.fsti(146,56-146,65))
LowParse.SLow.Combinators.fst(109,36-109,52): (Warning 252) (Hint-replay failed): Subtyping check failed; expected type LowParse.Spec.Base.consumed_length (FStar.Bytes.reveal xbytes); got type FStar.UInt.uint_t FStar.UInt32.n (see also LowParse.Spec.Base.fst(22,55-22,72))
LowParse.SLow.Combinators.fst(32,21-32,26): (Warning 252) (Hint-replay failed): Subtyping check failed; expected type j: Prims.nat{FStar.UInt32.v l <= j && j <= FStar.Seq.Base.length (FStar.Bytes.reveal input)}; got type FStar.UInt.uint_t FStar.UInt32.n (see also FStar.Bytes.fsti(146,56-146,65))
LowParse.SLow.Combinators.fst(55,21-55,26): (Warning 252) (Hint-replay failed): Subtyping check failed; expected type j: Prims.nat{FStar.UInt32.v l <= j && j <= FStar.Seq.Base.length (FStar.Bytes.reveal input)}; got type FStar.UInt.uint_t FStar.UInt32.n (see also FStar.Bytes.fsti(146,56-146,65))
LowParse.SLow.Combinators.fst(109,36-109,52): (Warning 252) (Hint-replay failed): Subtyping check failed; expected type LowParse.Spec.Base.consumed_length (FStar.Bytes.reveal xbytes); got type FStar.UInt.uint_t FStar.UInt32.n (see also LowParse.Spec.Base.fst(22,55-22,72))
File "./Evens.ml", line 10, characters 20-54:
Warning 8: this pattern-matching is not exhaustive.
Here is an example of a case that is not matched:
U0
File "./Evens.ml", line 26, characters 22-67:
Warning 8: this pattern-matching is not exhaustive.
Here is an example of a case that is not matched:
Even0
File "./Evens.ml", line 30, characters 22-67:
Warning 8: this pattern-matching is not exhaustive.
Here is an example of a case that is not matched:
Even0
FStar.Pointer.Base.fst(992,23-992,24): (Warning 252) (Hint-replay failed): Subtyping check failed; expected type FStar.Pointer.Base.otype_of_struct_field l fd; got type FStar.Pointer.Base.otype_of_typ to (see also FStar.Pointer.Base.fst(945,3-945,4))
FStar.Pointer.Base.fst(2077,2-2078,26): (Warning 252) (Hint-replay failed): could not prove post-condition (see also FStar.Pointer.Base.fst(2076,11-2076,72))
FStar.Pointer.Base.fst(3857,2-3857,8): (Warning 252) (Hint-replay failed): assertion failed (see also FStar.Pointer.Base.fst(3857,9-3857,100))
FStar.Pointer.Base.fst(3904,2-3904,8): (Warning 252) (Hint-replay failed): assertion failed (see also FStar.Pointer.Base.fst(3904,9-3904,100))
FStar.Pointer.Base.fst(4149,5-4149,28): (Warning 252) (Hint-replay failed): assertion failed (see also FStar.ModifiesGen.fsti(382,40-382,61))
FStar.Pointer.Base.fst(4152,5-4152,28): (Warning 252) (Hint-replay failed): assertion failed (see also FStar.ModifiesGen.fsti(382,40-382,61))
TestHasEq.fst(43,10-43,11): (Warning 252) Failed to prove that the type 'TestHasEq.t3' supports decidable equality because of this argument; add either the 'noeq' or 'unopteq' qualifier (see also TestHasEq.fst(42,0-43,19))
TestHasEq.fst(43,10-43,11): (Warning 252) Failed to prove that the type 'TestHasEq.t3' supports decidable equality because of this argument; add either the 'noeq' or 'unopteq' qualifier (see also TestHasEq.fst(42,0-43,19))
TestHasEq.fst(43,10-43,11): (Warning 252) Failed to prove that the type 'TestHasEq.t3' supports decidable equality because of this argument; add either the 'noeq' or 'unopteq' qualifier (see also TestHasEq.fst(42,0-43,19))
TestHasEq.fst(43,10-43,11): (Warning 252) Failed to prove that the type 'TestHasEq.t3' supports decidable equality because of this argument; add either the 'noeq' or 'unopteq' qualifier (see also TestHasEq.fst(42,0-43,19))
PatAnnot.fst(10,8-10,9): (Warning 252) Subtyping check failed; expected type Prims.squash Prims.l_False; got type Prims.unit (see also PatAnnot.fst(10,19-10,24))
PatAnnot.fst(10,8-10,9): (Warning 252) Subtyping check failed; expected type Prims.squash Prims.l_False; got type Prims.unit (see also PatAnnot.fst(10,19-10,24))
PatAnnot.fst(10,8-10,9): (Warning 252) Subtyping check failed; expected type Prims.squash Prims.l_False; got type Prims.unit (see also PatAnnot.fst(10,19-10,24))
PatAnnot.fst(10,8-10,9): (Warning 252) Subtyping check failed; expected type Prims.squash Prims.l_False; got type Prims.unit (see also PatAnnot.fst(10,19-10,24))
prims.fst(217,22-217,35): (Warning 252) assertion failed (see also prims.fst(197,69-197,78))
prims.fst(217,22-217,35): (Warning 252) assertion failed (see also prims.fst(197,69-197,78))
prims.fst(217,22-217,35): (Warning 252) assertion failed (see also prims.fst(197,69-197,78))
prims.fst(217,22-217,35): (Warning 252) assertion failed (see also prims.fst(197,69-197,78))
prims.fst(217,22-217,35): (Warning 252) assertion failed (see also prims.fst(197,69-197,78))
prims.fst(217,22-217,35): (Warning 252) assertion failed (see also prims.fst(197,69-197,78))
prims.fst(217,22-217,35): (Warning 252) assertion failed (see also prims.fst(197,69-197,78))
prims.fst(217,22-217,35): (Warning 252) assertion failed (see also prims.fst(197,69-197,78))
PatAnnot.fst(24,10-24,12): (Warning 252) Subtyping check failed; expected type Prims.squash Prims.l_False; got type Prims.unit (see also PatAnnot.fst(25,26-25,31))
PatAnnot.fst(24,10-24,12): (Warning 252) Subtyping check failed; expected type Prims.squash Prims.l_False; got type Prims.unit (see also PatAnnot.fst(25,26-25,31))
PatAnnot.fst(24,10-24,12): (Warning 252) Subtyping check failed; expected type Prims.squash Prims.l_False; got type Prims.unit (see also PatAnnot.fst(25,26-25,31))
PatAnnot.fst(24,10-24,12): (Warning 252) Subtyping check failed; expected type Prims.squash Prims.l_False; got type Prims.unit (see also PatAnnot.fst(25,26-25,31))
PatAnnot.fst(31,10-31,11): (Warning 252) Subtyping check failed; expected type Prims.nat; got type Prims.int (see also prims.fst(408,17-408,23))
PatAnnot.fst(31,10-31,11): (Warning 252) Subtyping check failed; expected type Prims.nat; got type Prims.int (see also prims.fst(408,17-408,23))
PatAnnot.fst(31,10-31,11): (Warning 252) Subtyping check failed; expected type Prims.nat; got type Prims.int (see also prims.fst(408,17-408,23))
PatAnnot.fst(31,10-31,11): (Warning 252) Subtyping check failed; expected type Prims.nat; got type Prims.int (see also prims.fst(408,17-408,23))
PatAnnot.fst(40,44-40,45): (Warning 252) Type annotation on parameter incompatible with the expected type (see also prims.fst(408,17-408,23))
PatAnnot.fst(40,44-40,45): (Warning 252) Type annotation on parameter incompatible with the expected type (see also prims.fst(408,17-408,23))
PatAnnot.fst(40,44-40,45): (Warning 252) Type annotation on parameter incompatible with the expected type (see also prims.fst(408,17-408,23))
PatAnnot.fst(40,44-40,45): (Warning 252) Type annotation on parameter incompatible with the expected type (see also prims.fst(408,17-408,23))
/bin/sh: dep: command not found
make[3]: [Makefile:11: .depend] Error 127 (ignored)
prims.fst(98,30-98,31): (Warning 252) assertion failed
prims.fst(98,30-98,31): (Warning 252) assertion failed
prims.fst(98,30-98,31): (Warning 252) assertion failed
prims.fst(98,30-98,31): (Warning 252) assertion failed
SL.ExamplesAuto.fst(81,4-81,6): (Warning 252) (Hint-replay failed): could not prove post-condition (see also SL.ExamplesAuto.fst(80,9-80,36))
SL.ExamplesAuto.fst(331,9-331,12): (Warning 252) (Hint-replay failed): could not prove post-condition (see also SL.ExamplesAuto.fst(330,29-330,32))
X64.Vale.StateLemmas_i.fst(32,27-32,29): (Warning 252) (Hint-replay failed): could not prove post-condition (see also X64.Vale.StateLemmas_i.fsti(30,11-30,72))
X64.Vale.StateLemmas_i.fst(38,2-38,8): (Warning 252) (Hint-replay failed): assertion failed (see also X64.Vale.StateLemmas_i.fst(38,9-38,49))
TacF.fst(16,44-16,45): (Warning 252) Subtyping check failed; expected type Prims.int; got type a (see also TacF.fst(16,20-16,21))
TacF.fst(16,44-16,45): (Warning 252) Subtyping check failed; expected type Prims.int; got type a (see also TacF.fst(16,20-16,21))
TacF.fst(16,44-16,45): (Warning 252) Subtyping check failed; expected type Prims.int; got type a (see also TacF.fst(16,20-16,21))
TacF.fst(16,44-16,45): (Warning 252) Subtyping check failed; expected type Prims.int; got type a (see also TacF.fst(16,20-16,21))
TacF.fst(16,44-16,45): (Warning 252) Subtyping check failed; expected type Prims.int; got type a (see also TacF.fst(16,20-16,21))
TacF.fst(16,44-16,45): (Warning 252) Subtyping check failed; expected type Prims.int; got type a (see also TacF.fst(16,20-16,21))
TacF.fst(16,44-16,45): (Warning 252) Subtyping check failed; expected type Prims.int; got type a (see also TacF.fst(16,20-16,21))
TacF.fst(16,44-16,45): (Warning 252) Subtyping check failed; expected type Prims.int; got type a (see also TacF.fst(16,20-16,21))
x86_64-w64-mingw32-gcc: error: ../../bin/fstarlib\fstarlib.a: No such file or directory
** Fatal error: Error during linking

File "caml_startup", line 1:
Error: Error during linking
make[2]: *** [Makefile:133: bug086.extract] Error 2
x86_64-w64-mingw32-gcc: error: ../../bin/fstarlib\fstarlib.a: No such file or directory
** Fatal error: Error during linking

File "caml_startup", line 1:
Error: Error during linking
make[2]: *** [Makefile:133: bug540.extract] Error 2
x86_64-w64-mingw32-gcc: error: ../../bin/fstarlib\fstarlib.a: No such file or directory
** Fatal error: Error during linking

File "caml_startup", line 1:
Error: Error during linking
make[2]: *** [Makefile:131: bug314.extract] Error 2
x86_64-w64-mingw32-gcc: error: ../../bin/fstarlib\fstarlib.a: No such file or directory
** Fatal error: Error during linking

File "caml_startup", line 1:
Error: Error during linking
make[2]: *** [Makefile:133: bug541.extract] Error 2
x86_64-w64-mingw32-gcc: error: ../../bin/fstarlib\fstarlib.a: No such file or directory
** Fatal error: Error during linking

File "caml_startup", line 1:
Error: Error during linking
make[2]: *** [Makefile:133: bug589.extract] Error 2
File "out_ExtractionBug2/ExtractionBug2.ml", line 13, characters 20-56:
Warning 8: this pattern-matching is not exhaustive.
Here is an example of a case that is not matched:
Nil
x86_64-w64-mingw32-gcc: error: ../../bin/fstarlib\fstarlib.a: No such file or directory
** Fatal error: Error during linking

File "caml_startup", line 1:
Error: Error during linking
make[2]: *** [Makefile:131: ExtractionBug2.extract] Error 2
x86_64-w64-mingw32-gcc: error: ../../bin/fstarlib\fstarlib.a: No such file or directory
** Fatal error: Error during linking

File "caml_startup", line 1:
Error: Error during linking
make[2]: *** [Makefile:132: bug1101.extract] Error 2
File "out_bug734/Bug734.ml", line 23, characters 46-49:
Warning 20: this argument will not be used by the function.
x86_64-w64-mingw32-gcc: error: ../../bin/fstarlib\fstarlib.a: No such file or directory
** Fatal error: Error during linking

File "caml_startup", line 1:
Error: Error during linking
make[2]: *** [Makefile:133: bug734.extract] Error 2
FailFlow.fst(17,4-17,10): (Warning 252) assertion failed (see also FailFlow.fst(17,11-17,16))
FailFlow.fst(17,4-17,10): (Warning 252) assertion failed (see also FailFlow.fst(17,11-17,16))
FailFlow.fst(17,4-17,10): (Warning 252) assertion failed (see also FailFlow.fst(17,11-17,16))
FailFlow.fst(17,4-17,10): (Warning 252) assertion failed (see also FailFlow.fst(17,11-17,16))
FailFlow.fst(22,4-23,16): (Warning 252) assertion failed (see also FStar.Tactics.Effect.fst(52,82-52,88))
FailFlow.fst(22,4-23,16): (Warning 252) assertion failed (see also FStar.Tactics.Effect.fst(52,82-52,88))
FailFlow.fst(22,4-23,16): (Warning 252) assertion failed (see also FStar.Tactics.Effect.fst(52,82-52,88))
FailFlow.fst(22,4-23,16): (Warning 252) assertion failed (see also FStar.Tactics.Effect.fst(52,82-52,88))
FailFlow.fst(27,4-28,16): (Warning 252) assertion failed (see also FStar.Tactics.Effect.fst(52,82-52,88))
FailFlow.fst(27,4-28,16): (Warning 252) assertion failed (see also FStar.Tactics.Effect.fst(52,82-52,88))
FailFlow.fst(27,4-28,16): (Warning 252) assertion failed (see also FStar.Tactics.Effect.fst(52,82-52,88))
FailFlow.fst(27,4-28,16): (Warning 252) assertion failed (see also FStar.Tactics.Effect.fst(52,82-52,88))
FailFlow.fst(33,4-33,10): (Warning 252) assertion failed (see also FailFlow.fst(33,11-33,16))
FailFlow.fst(33,4-33,10): (Warning 252) assertion failed (see also FailFlow.fst(33,11-33,16))
FailFlow.fst(33,4-33,10): (Warning 252) assertion failed (see also FailFlow.fst(33,11-33,16))
FailFlow.fst(33,4-33,10): (Warning 252) assertion failed (see also FailFlow.fst(33,11-33,16))
x86_64-w64-mingw32-gcc: error: ../../bin/fstarlib\fstarlib.a: No such file or directory
** Fatal error: Error during linking

File "caml_startup", line 1:
Error: Error during linking
make[2]: *** [Makefile:133: bug1485.extract] Error 2
make[2]: Target 'all' not remade because of errors.
make[1]: *** [Makefile:43: bug-reports.all] Error 2
X64.Vale.StrongPost_i.fst(45,2-120,13): (Warning 252) (Hint-replay failed): could not prove post-condition (see also X64.Vale.StrongPost_i.fst(44,7-44,40))
Destruct.fst(115,42-115,102): (Warning 252) Patterns are incomplete
Destruct.fst(115,42-115,102): (Warning 252) Patterns are incomplete
Destruct.fst(115,42-115,102): (Warning 252) Patterns are incomplete
Destruct.fst(115,42-115,102): (Warning 252) Patterns are incomplete
Destruct.fst(115,42-115,102): (Warning 252) Patterns are incomplete
Destruct.fst(115,42-115,102): (Warning 252) Patterns are incomplete
Destruct.fst(115,42-115,102): (Warning 252) Patterns are incomplete
Destruct.fst(115,42-115,102): (Warning 252) Patterns are incomplete
Trans.fst(15,63-15,68): (Warning 296) Tactics admitted goal <:
|- _ : Prims.squash (Trans.a == (*?u50*) _)

>

(see also Trans.fst(10,20-10,35))
Trans.fst(15,63-15,68): (Warning 296) Tactics admitted goal <:
|- _ : Prims.squash ((*?u50*) _ == Trans.b)

>

(see also Trans.fst(10,39-10,54))
LemmaArgs.fst(16,2-16,18): (Warning 252) Subtyping check failed; expected type b: Prims.int{b <> 5}; got type Prims.int (see also LemmaArgs.fst(5,34-5,40))
LemmaArgs.fst(16,2-16,18): (Warning 252) Subtyping check failed; expected type b: Prims.int{b <> 5}; got type Prims.int (see also LemmaArgs.fst(5,34-5,40))
LemmaArgs.fst(16,2-16,18): (Warning 252) Subtyping check failed; expected type b: Prims.int{b <> 5}; got type Prims.int (see also LemmaArgs.fst(5,34-5,40))
LemmaArgs.fst(16,2-16,18): (Warning 252) Subtyping check failed; expected type b: Prims.int{b <> 5}; got type Prims.int (see also LemmaArgs.fst(5,34-5,40))
Goals.fst(12,26-12,32): (Warning 252) assertion failed (see also Goals.fst(12,33-12,38))
Goals.fst(12,26-12,32): (Warning 252) assertion failed (see also Goals.fst(12,33-12,38))
Goals.fst(12,26-12,32): (Warning 252) assertion failed (see also Goals.fst(12,33-12,38))
Goals.fst(12,26-12,32): (Warning 252) assertion failed (see also Goals.fst(12,33-12,38))
Goals.fst(18,26-18,32): (Warning 252) Could not prove goal #1 (see also Goals.fst(18,33-18,38))
Goals.fst(18,26-18,32): (Warning 252) Could not prove goal #1 (see also Goals.fst(18,33-18,38))
Goals.fst(18,26-18,32): (Warning 252) Could not prove goal #1 (see also Goals.fst(18,33-18,38))
Goals.fst(18,26-18,32): (Warning 252) Could not prove goal #1 (see also Goals.fst(18,33-18,38))
Goals.fst(19,26-19,32): (Warning 252) Could not prove goal #1 (see also Goals.fst(19,33-19,38))
Goals.fst(19,26-19,32): (Warning 252) Could not prove goal #1 (see also Goals.fst(19,33-19,38))
Goals.fst(19,26-19,32): (Warning 252) Could not prove goal #1 (see also Goals.fst(19,33-19,38))
Goals.fst(19,26-19,32): (Warning 252) Could not prove goal #1 (see also Goals.fst(19,33-19,38))
Goals.fst(24,26-24,32): (Warning 252) Could not prove goal #1 (see also Goals.fst(24,33-24,38))
Goals.fst(24,26-24,32): (Warning 252) Could not prove goal #1 (see also Goals.fst(24,33-24,38))
Goals.fst(24,26-24,32): (Warning 252) Could not prove goal #1 (see also Goals.fst(24,33-24,38))
Goals.fst(24,26-24,32): (Warning 252) Could not prove goal #1 (see also Goals.fst(24,33-24,38))
Goals.fst(25,26-25,32): (Warning 252) Could not prove goal #1 (see also Goals.fst(25,33-25,38))
Goals.fst(25,26-25,32): (Warning 252) Could not prove goal #1 (see also Goals.fst(25,33-25,38))
Goals.fst(25,26-25,32): (Warning 252) Could not prove goal #1 (see also Goals.fst(25,33-25,38))
Goals.fst(25,26-25,32): (Warning 252) Could not prove goal #1 (see also Goals.fst(25,33-25,38))
Goals.fst(38,26-38,32): (Warning 252) Could not prove goal #1 (see also Goals.fst(38,33-38,38))
Goals.fst(38,26-38,32): (Warning 252) Could not prove goal #1 (see also Goals.fst(38,33-38,38))
Goals.fst(38,26-38,32): (Warning 252) Could not prove goal #1 (see also Goals.fst(38,33-38,38))
Goals.fst(38,26-38,32): (Warning 252) Could not prove goal #1 (see also Goals.fst(38,33-38,38))
Goals.fst(43,26-43,32): (Warning 252) Could not prove goal #1 (see also Goals.fst(43,33-43,38))
Goals.fst(43,26-43,32): (Warning 252) Could not prove goal #1 (see also Goals.fst(43,33-43,38))
Goals.fst(43,26-43,32): (Warning 252) Could not prove goal #1 (see also Goals.fst(43,33-43,38))
Goals.fst(43,26-43,32): (Warning 252) Could not prove goal #1 (see also Goals.fst(43,33-43,38))
FStar.Tactics.Logic.fst(62,41-62,54): (Warning 252) Subtyping check failed; expected type n: Prims.nat{n > 20}; got type Prims.nat (see also AnnoyingVCs.fst(10,21-10,27))
FStar.Tactics.Logic.fst(62,41-62,54): (Warning 252) Subtyping check failed; expected type n: Prims.nat{n > 20}; got type Prims.nat (see also AnnoyingVCs.fst(10,21-10,27))
FStar.Tactics.Logic.fst(62,41-62,54): (Warning 252) Subtyping check failed; expected type n: Prims.nat{n > 20}; got type Prims.nat (see also AnnoyingVCs.fst(10,21-10,27))
FStar.Tactics.Logic.fst(62,41-62,54): (Warning 252) Subtyping check failed; expected type n: Prims.nat{n > 20}; got type Prims.nat (see also AnnoyingVCs.fst(10,21-10,27))
Point.fst(117,2-117,8): (Warning 252) (Hint-replay failed): assertion failed (see also Point.fst(117,9-117,68))
Point.fst(117,2-117,8): (Warning 252) (Hint-replay failed): assertion failed (see also Point.fst(117,9-117,68))
<dummy>(0,0-0,0): (Warning 252) (Hint-replay failed): Could not prove goal #6 (see also SL.Examples.fst(20,14-20,33))
<dummy>(0,0-0,0): (Warning 252) (Hint-replay failed): Could not prove goal #5 (see also SL.Examples.fst(309,20-309,29))
<dummy>(0,0-0,0): (Warning 252) (Hint-replay failed): Could not prove goal #3 (see also SL.Examples.fst(20,14-20,33))
SL.Examples.fst(374,9-374,12): (Warning 252) (Hint-replay failed): could not prove post-condition (see also SL.Examples.fst(372,45-372,48))
SL.Examples.fst(380,9-380,12): (Warning 252) (Hint-replay failed): could not prove post-condition (see also SL.Examples.fst(378,29-378,32))
<dummy>(0,0-0,0): (Warning 252) (Hint-replay failed): Could not prove goal #12 (see also SL.Examples.fst(20,14-20,33))
<dummy>(0,0-0,0): (Warning 252) (Hint-replay failed): Could not prove goal #11 (see also SL.Examples.fst(309,20-309,29))
<dummy>(0,0-0,0): (Warning 252) (Hint-replay failed): Could not prove goal #10 (see also SL.Examples.fst(20,14-20,33))
<dummy>(0,0-0,0): (Warning 252) (Hint-replay failed): Could not prove goal #9 (see also SL.Examples.fst(20,14-20,33))
<dummy>(0,0-0,0): (Warning 252) (Hint-replay failed): Could not prove goal #8 (see also SL.Examples.fst(20,14-20,33))
<dummy>(0,0-0,0): (Warning 252) (Hint-replay failed): Could not prove goal #7 (see also SL.Examples.fst(309,20-309,29))
<dummy>(0,0-0,0): (Warning 252) (Hint-replay failed): Could not prove goal #6 (see also SL.Examples.fst(20,14-20,33))
<dummy>(0,0-0,0): (Warning 252) (Hint-replay failed): Could not prove goal #5 (see also SL.Examples.fst(20,14-20,33))
<dummy>(0,0-0,0): (Warning 252) (Hint-replay failed): Could not prove goal #4 (see also SL.Examples.fst(309,20-309,29))
<dummy>(0,0-0,0): (Warning 252) (Hint-replay failed): Could not prove goal #3 (see also SL.Examples.fst(20,14-20,33))
<dummy>(0,0-0,0): (Warning 252) (Hint-replay failed): Could not prove goal #1 (see also SL.Examples.fst(20,37-20,52))
<dummy>(0,0-0,0): (Warning 252) (Hint-replay failed): Could not prove goal #52 (see also SL.Examples.fst(20,37-20,52))
<dummy>(0,0-0,0): (Warning 252) (Hint-replay failed): Could not prove goal #26 (see also SL.Examples.fst(20,37-20,52))
<dummy>(0,0-0,0): (Warning 252) (Hint-replay failed): Could not prove goal #1 (see also SL.Examples.fst(20,37-20,52))
<dummy>(0,0-0,0): (Warning 252) (Hint-replay failed): Could not prove goal #28 (see also SL.Examples.fst(20,37-20,52))
<dummy>(0,0-0,0): (Warning 252) (Hint-replay failed): Could not prove goal #14 (see also SL.Examples.fst(718,4-718,19))
CanonCommMonoidSimple.fst(186,2-186,8): (Warning 296) Tactics admitted goal <:
(a: Type), (am: CanonCommMonoidSimple.amap a), (xs: Prims.list CanonCommMonoidSimple.atom), (p: Prims.pure_post Prims.unit), (_:
Prims.squash (forall (pure_result: Prims.unit).
(exists (ss: Prims.list (CanonCommMonoidSimple.swap (FStar.List.Tot.Base.length xs))).
CanonCommMonoidSimple.sort xs == CanonCommMonoidSimple.apply_swaps xs ss) ==>
p pure_result)), (any_result: Type0), (_: Prims.squash (Prims.nat == any_result)), (any_result: Type0), (_: Prims.squash (Prims.int == any_result)), (any_result: (x: Prims.int -> y: Prims.int -> Prims.Tot Prims.int)), (_: Prims.squash (FStar.List.Tot.Base.compare_of_bool Prims.op_LessThan == any_result)), (pure_result: Prims.unit), (_:
Prims.squash (forall (x: Prims.nat).
FStar.List.Tot.Base.count x xs =
FStar.List.Tot.Base.count x
(FStar.List.Tot.Base.sortWith (FStar.List.Tot.Base.compare_of_bool Prims.op_LessThan) xs))), (any_result: Type0), (_: Prims.squash (Prims.nat == any_result)), (pure_result: Prims.list (CanonCommSwaps.swap (FStar.List.Tot.Base.length xs))), (_: Prims.squash (CanonCommMonoidSimple.sort xs == CanonCommSwaps.apply_swaps xs pure_result)), (_:
Prims.squash (CanonCommSwaps.equal_counts_implies_swaps xs (CanonCommMonoidSimple.sort xs) ==
pure_result)), (pure_result: Prims.list CanonCommMonoidSimple.atom), (_: Prims.squash (FStar.List.Tot.Base.length pure_result == FStar.List.Tot.Base.length xs)), (_:
Prims.squash (CanonCommMonoidSimple.apply_swaps xs
(CanonCommSwaps.equal_counts_implies_swaps xs (CanonCommMonoidSimple.sort xs)) ==
pure_result)), (any_result: Prims.logical), (_:
Prims.squash (CanonCommMonoidSimple.sort xs ==
CanonCommMonoidSimple.apply_swaps xs
(CanonCommSwaps.equal_counts_implies_swaps xs (CanonCommMonoidSimple.sort xs)) ==
any_result)) |- _ : Prims.squash (CanonCommMonoidSimple.sort xs ==
CanonCommMonoidSimple.apply_swaps xs
(CanonCommSwaps.equal_counts_implies_swaps xs (CanonCommMonoidSimple.sort xs)))

>

(see also FStar.Tactics.Effect.fst(100,48-100,58))
EnumParsing.fst(303,29-303,37): (Warning 252) (Hint-replay failed): could not prove post-condition (see also Serializing.fst(102,8-102,39))
Arith.fst(40,4-40,10): (Warning 252) (Hint-replay failed): Could not prove goal #3 (see also Arith.fst(42,49-42,60))
Arith.fst(40,4-40,10): (Warning 252) (Hint-replay failed): Could not prove goal #1 (see also Arith.fst(41,22-41,29))
Arith.fst(40,4-40,10): (Warning 252) (Hint-replay failed): Could not prove goal #3 (see also Arith.fst(42,49-42,60))
Arith.fst(40,4-40,10): (Warning 252) (Hint-replay failed): Could not prove goal #1 (see also Arith.fst(41,22-41,29))
StringPrinter.RecC.fst(70,2-83,24): (Warning 252) (Hint-replay failed): could not prove post-condition (see also StringPrinter.RecC.fst(65,4-65,81))
StringPrinter.RecC.fst(70,2-83,24): (Warning 252) could not prove post-condition (see also StringPrinter.RecC.fst(67,9-67,91))
X64.Vale.Decls.fst(92,2-95,16): (Warning 252) (Hint-replay failed): could not prove post-condition (see also X64.Vale.Decls.fst(89,28-90,8))
X64.Vale.Decls.fst(92,2-95,16): (Warning 252) could not prove post-condition (see also X64.Vale.Decls.fst(89,28-90,8))
X64.Vale.Decls.fst(117,2-120,16): (Warning 252) (Hint-replay failed): could not prove post-condition (see also X64.Vale.Decls.fst(113,7-113,24))
X64.Vale.Decls.fst(117,2-120,16): (Warning 252) could not prove post-condition (see also X64.Vale.Decls.fst(113,28-114,61))
X64.Vale.Decls.fst(144,2-144,8): (Warning 252) (Hint-replay failed): assertion failed (see also X64.Vale.Decls.fst(144,9-145,96))
X64.Vale.Decls.fst(167,2-170,16): (Warning 252) (Hint-replay failed): could not prove post-condition (see also X64.Vale.State_i.fsti(73,38-73,46))
X64.Vale.Decls.fst(167,2-170,16): (Warning 252) could not prove post-condition (see also X64.Vale.State_i.fsti(73,38-73,46))
X64.Vale.Decls.fst(192,2-195,16): (Warning 252) (Hint-replay failed): could not prove post-condition (see also X64.Vale.Decls.fst(186,28-187,78))
X64.Vale.Decls.fst(192,2-195,16): (Warning 252) could not prove post-condition (see also X64.Vale.Decls.fst(186,28-187,78))
X64.Vale.Decls.fst(217,2-220,16): (Warning 252) (Hint-replay failed): could not prove post-condition (see also X64.Vale.State_i.fsti(73,38-73,46))
X64.Vale.Decls.fst(217,2-220,16): (Warning 252) could not prove post-condition (see also X64.Vale.State_i.fsti(73,38-73,46))
X64.Vale.Decls.fst(243,2-246,16): (Warning 252) (Hint-replay failed): could not prove post-condition (see also X64.Vale.Decls.fst(236,28-238,41))
X64.Vale.Decls.fst(243,2-246,16): (Warning 252) could not prove post-condition (see also X64.Vale.Decls.fst(236,28-238,41))
X64.Vale.Decls.fst(266,2-269,16): (Warning 252) (Hint-replay failed): could not prove post-condition (see also X64.Vale.State_i.fsti(73,38-73,46))
X64.Vale.Decls.fst(266,2-269,16): (Warning 252) could not prove post-condition (see also X64.Vale.State_i.fsti(73,38-73,46))
X64.Vale.Decls.fst(289,2-292,16): (Warning 252) (Hint-replay failed): could not prove post-condition (see also X64.Vale.Decls.fst(285,28-286,75))
X64.Vale.Decls.fst(289,2-292,16): (Warning 252) could not prove post-condition (see also X64.Vale.Decls.fst(285,28-286,75))
X64.Vale.Decls.fst(312,2-315,16): (Warning 252) (Hint-replay failed): could not prove post-condition (see also X64.Vale.Decls.fst(308,82-310,20))
X64.Vale.Decls.fst(337,2-341,16): (Warning 252) (Hint-replay failed): could not prove post-condition (see also X64.Vale.State_i.fsti(73,38-73,46))
X64.Vale.Decls.fst(337,2-341,16): (Warning 252) could not prove post-condition (see also X64.Vale.State_i.fsti(73,38-73,46))
X64.Vale.Decls.fst(361,2-364,16): (Warning 252) (Hint-replay failed): could not prove post-condition (see also X64.Vale.Decls.fst(357,28-358,78))
X64.Vale.Decls.fst(361,2-364,16): (Warning 252) could not prove post-condition (see also X64.Vale.Decls.fst(357,28-358,78))
X64.Vale.Decls.fst(384,2-387,16): (Warning 252) (Hint-replay failed): could not prove post-condition (see also X64.Vale.Decls.fst(380,28-381,78))
X64.Vale.Decls.fst(384,2-387,16): (Warning 252) could not prove post-condition (see also X64.Vale.Decls.fst(380,28-381,78))
X64.Vale.Decls.fst(407,2-410,16): (Warning 252) (Hint-replay failed): could not prove post-condition (see also X64.Vale.Decls.fst(403,28-404,80))
X64.Vale.Decls.fst(407,2-410,16): (Warning 252) could not prove post-condition (see also X64.Vale.Decls.fst(403,28-404,80))
X64.Vale.Decls.fst(430,2-433,16): (Warning 252) (Hint-replay failed): could not prove post-condition (see also X64.Vale.Decls.fst(426,28-427,80))
X64.Vale.Decls.fst(430,2-433,16): (Warning 252) could not prove post-condition (see also X64.Vale.Decls.fst(426,28-427,80))
Imp.fst(114,26-114,32): (Warning 252) assertion failed (see also Imp.fst(114,46-114,73))
Imp.fst(114,26-114,32): (Warning 252) assertion failed (see also Imp.fst(114,46-114,73))
Imp.fst(115,26-115,32): (Warning 252) assertion failed (see also Imp.fst(115,46-115,73))
Imp.fst(115,26-115,32): (Warning 252) assertion failed (see also Imp.fst(115,46-115,73))
Imp.fst(116,26-116,32): (Warning 252) assertion failed (see also Imp.fst(116,46-116,73))
Imp.fst(116,26-116,32): (Warning 252) assertion failed (see also Imp.fst(116,46-116,73))
Imp.fst(117,26-117,32): (Warning 252) assertion failed (see also Imp.fst(117,46-117,73))
Imp.fst(117,26-117,32): (Warning 252) assertion failed (see also Imp.fst(117,46-117,73))
Imp.fst(118,26-118,32): (Warning 252) assertion failed (see also Imp.fst(118,46-118,73))
Imp.fst(118,26-118,32): (Warning 252) assertion failed (see also Imp.fst(118,46-118,73))
Imp.fst(119,26-119,32): (Warning 252) assertion failed (see also Imp.fst(119,46-119,73))
Imp.fst(119,26-119,32): (Warning 252) assertion failed (see also Imp.fst(119,46-119,73))
X64.Poly1305.fst(91,2-119,20): (Warning 252) (Hint-replay failed): could not prove post-condition (see also X64.Poly1305.fst(86,29-89,26))
X64.Poly1305.fst(91,2-119,20): (Warning 252) could not prove post-condition (see also X64.Poly1305.fst(86,29-89,26))
X64.Poly1305.fst(157,2-180,20): (Warning 252) (Hint-replay failed): could not prove post-condition (see also X64.Poly1305.fst(152,49-155,17))
X64.Poly1305.fst(211,2-237,20): (Warning 252) (Hint-replay failed): could not prove post-condition (see also X64.Poly1305.fst(207,60-209,85))
X64.Poly1305.fst(278,2-290,20): (Warning 252) (Hint-replay failed): could not prove post-condition (see also X64.Poly1305.fst(274,60-276,85))
X64.Poly1305.fst(278,2-290,20): (Warning 252) could not prove post-condition (see also X64.Poly1305.fst(274,60-276,85))
X64.Poly1305.fst(338,2-367,20): (Warning 252) (Hint-replay failed): could not prove post-condition (see also X64.Poly1305.fst(330,84-335,96))
X64.Poly1305.fst(573,12-573,35): (Warning 252) (Hint-replay failed): Subtyping check failed; expected type k:
Prims.int
{ X64.Vale.Decls.va_get_reg (X64.Machine_s.Rsi) va_old_s <= k /\
(k - X64.Vale.Decls.va_get_reg (X64.Machine_s.Rsi) va_old_s) % 16 == 0 /\
X64.Poly1305.Math_i.validSrcAddrs (X64.Vale.Decls.va_get_mem va_s39)
(X64.Vale.Decls.va_get_reg (X64.Machine_s.Rsi) va_old_s)
64
(k - X64.Vale.Decls.va_get_reg (X64.Machine_s.Rsi) va_old_s) }; got type X64.Machine_s.nat64 (see also X64.Poly1305.Math_i.fsti(73,63-73,93))
X64.Poly1305.fst(673,2-809,16): (Warning 252) (Hint-replay failed): could not prove post-condition (see also X64.Poly1305.fst(665,58-670,25))
X64.Poly1305.fst(851,2-899,16): (Warning 252) (Hint-replay failed): could not prove post-condition (see also X64.Poly1305.fst(846,69-849,83))
X64.Poly1305.fst(928,2-938,16): (Warning 252) (Hint-replay failed): could not prove post-condition (see also X64.Poly1305.fst(923,75-925,46))
MiniParse.Impl.List.fst(415,18-415,29): (Warning 288) FStar.Seq.Base.createEmpty is deprecated, use Seq.empty instead
MiniParse.Impl.List.fst(245,15-245,17): (Warning 252) Subtyping check failed; expected type MiniParse.Spec.List.nlist n t; got type l': Prims.list t {l' == FStar.List.Tot.Base.rev l} (see also MiniParse.Spec.List.fst(10,45-10,60))
MiniParse.Impl.List.fst(380,2-380,8): (Warning 252) (Hint-replay failed): assertion failed (see also MiniParse.Impl.List.fst(380,9-380,63))
MiniParse.Impl.List.fst(95,37-95,40): (Warning 252) (Hint-replay failed): assertion failed (see also FStar.UInt32.fst(64,12-64,32))
MiniParse.Impl.List.fst(245,15-245,17): (Warning 252) Subtyping check failed; expected type MiniParse.Spec.List.nlist n t; got type l': Prims.list t {l' == FStar.List.Tot.Base.rev l} (see also MiniParse.Spec.List.fst(10,45-10,60))
MiniParse.Impl.List.fst(380,2-380,8): (Warning 252) (Hint-replay failed): assertion failed (see also MiniParse.Impl.List.fst(380,9-380,63))
StringPrinterTest.Aux.fst(19,2-19,52): (Warning 252) (Hint-replay failed): assertion failed (see also StringPrinter.Rec.fst(117,12-117,57))
StringPrinterTest.Aux.fst(19,2-19,52): (Warning 252) (Hint-replay failed): assertion failed (see also StringPrinter.Rec.fst(117,12-117,57))
C:\build\agent1\_work\41\s\hacl-star\secure_api\uf1cma\Crypto.Symmetric.MAC.fst(46,31-46,42): (Warning 288) FStar.Seq.Base.createEmpty is deprecated, use Seq.empty instead
C:\build\agent1\_work\41\s\hacl-star\secure_api\uf1cma\Crypto.Symmetric.MAC.fst(505,40-505,51): (Warning 288) FStar.Seq.Base.createEmpty is deprecated, use Seq.empty instead
C:\build\agent1\_work\41\s\hacl-star\secure_api\uf1cma\Crypto.Symmetric.UF1CMA.fst(388,31-388,42): (Warning 288) FStar.Seq.Base.createEmpty is deprecated, use Seq.empty instead
C:\build\agent1\_work\41\s\hacl-star\secure_api\uf1cma\Crypto.Symmetric.UF1CMA.fst(401,61-401,72): (Warning 288) FStar.Seq.Base.createEmpty is deprecated, use Seq.empty instead
C:\build\agent1\_work\41\s\hacl-star\secure_api\uf1cma\Crypto.Symmetric.UF1CMA.fst(404,68-404,79): (Warning 288) FStar.Seq.Base.createEmpty is deprecated, use Seq.empty instead
C:\build\agent1\_work\41\s\hacl-star\secure_api\uf1cma\Crypto.Symmetric.UF1CMA.fst(455,15-455,26): (Warning 288) FStar.Seq.Base.createEmpty is deprecated, use Seq.empty instead
C:\build\agent1\_work\41\s\hacl-star\secure_api\prf\Crypto.Symmetric.PRF.fst(177,36-177,47): (Warning 288) FStar.Seq.Base.createEmpty is deprecated, use Seq.empty instead
C:\build\agent1\_work\41\s\hacl-star\secure_api\prf\Crypto.Symmetric.PRF.fst(212,47-212,58): (Warning 288) FStar.Seq.Base.createEmpty is deprecated, use Seq.empty instead
C:\build\agent1\_work\41\s\hacl-star\secure_api\aead\Crypto.AEAD.Encoding.fst(66,8-66,19): (Warning 288) FStar.Seq.Base.createEmpty is deprecated, use Seq.empty instead
C:\build\agent1\_work\41\s\hacl-star\secure_api\aead\Crypto.AEAD.Encoding.fst(544,37-544,48): (Warning 288) FStar.Seq.Base.createEmpty is deprecated, use Seq.empty instead
C:\build\agent1\_work\41\s\hacl-star\secure_api\aead\Crypto.AEAD.Encoding.fst(552,67-552,78): (Warning 288) FStar.Seq.Base.createEmpty is deprecated, use Seq.empty instead
C:\build\agent1\_work\41\s\hacl-star\secure_api\aead\Crypto.AEAD.Invariant.fst(195,8-195,19): (Warning 288) FStar.Seq.Base.createEmpty is deprecated, use Seq.empty instead
C:\build\agent1\_work\41\s\hacl-star\secure_api\aead\Crypto.AEAD.Invariant.fst(603,83-603,94): (Warning 288) FStar.Seq.Base.createEmpty is deprecated, use Seq.empty instead
C:\build\agent1\_work\41\s\hacl-star\secure_api\aead\Crypto.AEAD.EnxorDexor.fst(114,27-114,38): (Warning 288) FStar.Seq.Base.createEmpty is deprecated, use Seq.empty instead
C:\build\agent1\_work\41\s\hacl-star\secure_api\aead\Crypto.AEAD.EnxorDexor.fst(527,52-527,63): (Warning 288) FStar.Seq.Base.createEmpty is deprecated, use Seq.empty instead
Flags(0,0-0,0): (Warning 283) use_extracted_interfaces option is set but could not find an interface in the cache for: Flags
TLSError(0,0-0,0): (Warning 283) use_extracted_interfaces option is set but could not find an interface in the cache for: TLSError
Mem(0,0-0,0): (Warning 283) use_extracted_interfaces option is set but could not find an interface in the cache for: Mem
make[1]: Target 'all' not remade because of errors.
make: *** [Makefile:202: uexamples] Error 2
make: Target 'uregressions' not remade because of errors.
Command exited with non-zero status 2
14.48user 55.98system 11:35.95elapsed 10%CPU (0avgtext+0avgdata 21774996maxresident)k
0inputs+0outputs (5670827major+0minor)pagefaults 0swaps
