Cloning into 'fstar'...
Checking out files:  21% (627/2862)   Checking out files:  22% (630/2862)   Checking out files:  23% (659/2862)   Checking out files:  24% (687/2862)   Checking out files:  25% (716/2862)   Checking out files:  26% (745/2862)   Checking out files:  27% (773/2862)   Checking out files:  28% (802/2862)   Checking out files:  29% (830/2862)   Checking out files:  30% (859/2862)   Checking out files:  31% (888/2862)   Checking out files:  32% (916/2862)   Checking out files:  33% (945/2862)   Checking out files:  34% (974/2862)   Checking out files:  35% (1002/2862)   Checking out files:  36% (1031/2862)   Checking out files:  37% (1059/2862)   Checking out files:  38% (1088/2862)   Checking out files:  39% (1117/2862)   Checking out files:  40% (1145/2862)   Checking out files:  41% (1174/2862)   Checking out files:  42% (1203/2862)   Checking out files:  42% (1215/2862)   Checking out files:  43% (1231/2862)   Checking out files:  44% (1260/2862)   Checking out files:  45% (1288/2862)   Checking out files:  46% (1317/2862)   Checking out files:  47% (1346/2862)   Checking out files:  48% (1374/2862)   Checking out files:  49% (1403/2862)   Checking out files:  50% (1431/2862)   Checking out files:  51% (1460/2862)   Checking out files:  52% (1489/2862)   Checking out files:  53% (1517/2862)   Checking out files:  54% (1546/2862)   Checking out files:  55% (1575/2862)   Checking out files:  56% (1603/2862)   Checking out files:  57% (1632/2862)   Checking out files:  58% (1660/2862)   Checking out files:  59% (1689/2862)   Checking out files:  60% (1718/2862)   Checking out files:  61% (1746/2862)   Checking out files:  62% (1775/2862)   Checking out files:  63% (1804/2862)   Checking out files:  63% (1815/2862)   Checking out files:  64% (1832/2862)   Checking out files:  65% (1861/2862)   Checking out files:  66% (1889/2862)   Checking out files:  67% (1918/2862)   Checking out files:  68% (1947/2862)   Checking out files:  69% (1975/2862)   Checking out files:  70% (2004/2862)   Checking out files:  71% (2033/2862)   Checking out files:  72% (2061/2862)   Checking out files:  73% (2090/2862)   Checking out files:  74% (2118/2862)   Checking out files:  75% (2147/2862)   Checking out files:  76% (2176/2862)   Checking out files:  77% (2204/2862)   Checking out files:  78% (2233/2862)   Checking out files:  79% (2261/2862)   Checking out files:  80% (2290/2862)   Checking out files:  81% (2319/2862)   Checking out files:  82% (2347/2862)   Checking out files:  83% (2376/2862)   Checking out files:  83% (2382/2862)   Checking out files:  84% (2405/2862)   Checking out files:  85% (2433/2862)   Checking out files:  86% (2462/2862)   Checking out files:  87% (2490/2862)   Checking out files:  88% (2519/2862)   Checking out files:  89% (2548/2862)   Checking out files:  90% (2576/2862)   Checking out files:  91% (2605/2862)   Checking out files:  92% (2634/2862)   Checking out files:  93% (2662/2862)   Checking out files:  94% (2691/2862)   Checking out files:  95% (2719/2862)   Checking out files:  96% (2748/2862)   Checking out files:  97% (2777/2862)   Checking out files:  98% (2805/2862)   Checking out files:  99% (2834/2862)   Checking out files: 100% (2862/2862)   Checking out files: 100% (2862/2862), done.
Warning: you are using the standard library and/or the %inline keyword. We
recommend switching on --infer in order to avoid obscure type error messages.
Unable to open hints file: C:\build\agent1\_work\8\s\fstar\ulib\FStar.IFC.fst.hints; ran without hints
Unable to open hints file: C:\build\agent1\_work\8\s\fstar\ulib\FStar.ConstantTime.Integers.fsti.hints; ran without hints
Unable to open hints file: C:\build\agent1\_work\8\s\fstar\ulib\FStar.ConstantTime.Integers.fst.hints; ran without hints
Unable to open hints file: C:\build\agent1\_work\8\s\fstar\ulib\LowStar.ToFStarBuffer.fst.hints; ran without hints
Cloning into 'kremlin'...
Unable to open hints file: C:\build\agent1\_work\8\s\kremlin\kremlib\Spec.Loops.fst.hints; ran without hints
Unable to open hints file: C:\build\agent1\_work\8\s\kremlin\kremlib\FStar.Kremlin.Endianness.fst.hints; ran without hints
Unable to open hints file: C:\build\agent1\_work\8\s\kremlin\kremlib\C.Endianness.fst.hints; ran without hints
Unable to open hints file: C:\build\agent1\_work\8\s\kremlin\kremlib\C.fst.hints; ran without hints
Unable to open hints file: C:\build\agent1\_work\8\s\kremlin\kremlib\C.Loops.fst.hints; ran without hints
Unable to open hints file: C:\build\agent1\_work\8\s\kremlin\kremlib\C.String.fst.hints; ran without hints
Unable to open hints file: C:\build\agent1\_work\8\s\kremlin\kremlib\C.Failure.fst.hints; ran without hints
Checking out files:  10% (558/5472)   Checking out files:  11% (602/5472)   Checking out files:  12% (657/5472)   Checking out files:  13% (712/5472)   Checking out files:  14% (767/5472)   Checking out files:  15% (821/5472)   Checking out files:  16% (876/5472)   Checking out files:  17% (931/5472)   Checking out files:  18% (985/5472)   Checking out files:  19% (1040/5472)   Checking out files:  20% (1095/5472)   Checking out files:  21% (1150/5472)   Checking out files:  21% (1196/5472)   Checking out files:  22% (1204/5472)   Checking out files:  23% (1259/5472)   Checking out files:  24% (1314/5472)   Checking out files:  25% (1368/5472)   Checking out files:  26% (1423/5472)   Checking out files:  27% (1478/5472)   Checking out files:  28% (1533/5472)   Checking out files:  29% (1587/5472)   Checking out files:  30% (1642/5472)   Checking out files:  31% (1697/5472)   Checking out files:  31% (1713/5472)   Checking out files:  32% (1752/5472)   Checking out files:  33% (1806/5472)   Checking out files:  34% (1861/5472)   Checking out files:  35% (1916/5472)   Checking out files:  36% (1970/5472)   Checking out files:  37% (2025/5472)   Checking out files:  38% (2080/5472)   Checking out files:  39% (2135/5472)   Checking out files:  40% (2189/5472)   Checking out files:  40% (2241/5472)   Checking out files:  41% (2244/5472)   Checking out files:  42% (2299/5472)   Checking out files:  43% (2353/5472)   Checking out files:  44% (2408/5472)   Checking out files:  45% (2463/5472)   Checking out files:  46% (2518/5472)   Checking out files:  47% (2572/5472)   Checking out files:  48% (2627/5472)   Checking out files:  49% (2682/5472)   Checking out files:  50% (2736/5472)   Checking out files:  50% (2782/5472)   Checking out files:  51% (2791/5472)   Checking out files:  52% (2846/5472)   Checking out files:  53% (2901/5472)   Checking out files:  54% (2955/5472)   Checking out files:  55% (3010/5472)   Checking out files:  56% (3065/5472)   Checking out files:  57% (3120/5472)   Checking out files:  58% (3174/5472)   Checking out files:  59% (3229/5472)   Checking out files:  60% (3284/5472)   Checking out files:  60% (3287/5472)   Checking out files:  61% (3338/5472)   Checking out files:  62% (3393/5472)   Checking out files:  63% (3448/5472)   Checking out files:  64% (3503/5472)   Checking out files:  65% (3557/5472)   Checking out files:  66% (3612/5472)   Checking out files:  67% (3667/5472)   Checking out files:  68% (3721/5472)   Checking out files:  68% (3765/5472)   Checking out files:  69% (3776/5472)   Checking out files:  70% (3831/5472)   Checking out files:  71% (3886/5472)   Checking out files:  72% (3940/5472)   Checking out files:  73% (3995/5472)   Checking out files:  74% (4050/5472)   Checking out files:  75% (4104/5472)   Checking out files:  76% (4159/5472)   Checking out files:  77% (4214/5472)   Checking out files:  78% (4269/5472)   Checking out files:  78% (4280/5472)   Checking out files:  79% (4323/5472)   Checking out files:  80% (4378/5472)   Checking out files:  81% (4433/5472)   Checking out files:  82% (4488/5472)   Checking out files:  83% (4542/5472)   Checking out files:  84% (4597/5472)   Checking out files:  85% (4652/5472)   Checking out files:  86% (4706/5472)   Checking out files:  87% (4761/5472)   Checking out files:  87% (4795/5472)   Checking out files:  88% (4816/5472)   Checking out files:  89% (4871/5472)   Checking out files:  90% (4925/5472)   Checking out files:  91% (4980/5472)   Checking out files:  92% (5035/5472)   Checking out files:  93% (5089/5472)   Checking out files:  94% (5144/5472)   Checking out files:  95% (5199/5472)   Checking out files:  96% (5254/5472)   Checking out files:  97% (5308/5472)   Checking out files:  98% (5363/5472)   Checking out files:  98% (5375/5472)   Checking out files:  99% (5418/5472)   Checking out files: 100% (5472/5472)   Checking out files: 100% (5472/5472), done.
Warning 10: : -drop is deprecated
use a combination of -bundle and -d reachability to make sure the functions are eliminated as you wish
Warning 10: : -drop is deprecated
use a combination of -bundle and -d reachability to make sure the functions are eliminated as you wish
Warning 10: : -drop is deprecated
use a combination of -bundle and -d reachability to make sure the functions are eliminated as you wish
Warning 13: : FStar.Monotonic.HyperStack.mem, a monomorphic instance, is first used, and therefore inserted, in file FStar which is about to be dropped; you may get a C compiler error about FStar_Monotonic_HyperStack_mem if any other module uses this definition
Warning 13: : FStar.UInt128.t, a monomorphic instance, is first used, and therefore inserted, in file FStar which is about to be dropped; you may get a C compiler error about FStar_UInt128_t if any other module uses this definition
Warning 13: : Hacl.UInt128.t, a monomorphic instance, is first used, and therefore inserted, in file Hacl_UInt128 which is about to be dropped; you may get a C compiler error about Hacl_UInt128_t if any other module uses this definition
Warning 13: : Hacl.Types.u32, a monomorphic instance, is first used, and therefore inserted, in file Hacl_Types which is about to be dropped; you may get a C compiler error about Hacl_Types_u32 if any other module uses this definition
Warning 13: : Hacl.Types.h8, a monomorphic instance, is first used, and therefore inserted, in file Hacl_Types which is about to be dropped; you may get a C compiler error about Hacl_Types_h8 if any other module uses this definition
Warning 13: : Hacl.Types.uint8_p, a monomorphic instance, is first used, and therefore inserted, in file Hacl_Types which is about to be dropped; you may get a C compiler error about Hacl_Types_uint8_p if any other module uses this definition
Warning 10: : -drop is deprecated
use a combination of -bundle and -d reachability to make sure the functions are eliminated as you wish
Warning 13: : FStar.Monotonic.HyperStack.mem, a monomorphic instance, is first used, and therefore inserted, in file FStar which is about to be dropped; you may get a C compiler error about FStar_Monotonic_HyperStack_mem if any other module uses this definition
Warning 13: : FStar.UInt128.t, a monomorphic instance, is first used, and therefore inserted, in file FStar which is about to be dropped; you may get a C compiler error about FStar_UInt128_t if any other module uses this definition
Warning 13: : Hacl.UInt128.t, a monomorphic instance, is first used, and therefore inserted, in file Hacl_UInt128 which is about to be dropped; you may get a C compiler error about Hacl_UInt128_t if any other module uses this definition
Warning 13: : Hacl.Types.u32, a monomorphic instance, is first used, and therefore inserted, in file Hacl_Types which is about to be dropped; you may get a C compiler error about Hacl_Types_u32 if any other module uses this definition
Warning 13: : Hacl.Types.h8, a monomorphic instance, is first used, and therefore inserted, in file Hacl_Types which is about to be dropped; you may get a C compiler error about Hacl_Types_h8 if any other module uses this definition
Warning 13: : Hacl.Types.uint8_p, a monomorphic instance, is first used, and therefore inserted, in file Hacl_Types which is about to be dropped; you may get a C compiler error about Hacl_Types_uint8_p if any other module uses this definition
Warning 10: : -drop is deprecated
use a combination of -bundle and -d reachability to make sure the functions are eliminated as you wish
Warning 13: : FStar.Monotonic.HyperStack.mem, a monomorphic instance, is first used, and therefore inserted, in file FStar which is about to be dropped; you may get a C compiler error about FStar_Monotonic_HyperStack_mem if any other module uses this definition
Warning 13: : FStar.UInt128.t, a monomorphic instance, is first used, and therefore inserted, in file FStar which is about to be dropped; you may get a C compiler error about FStar_UInt128_t if any other module uses this definition
Warning 13: : Hacl.UInt128.t, a monomorphic instance, is first used, and therefore inserted, in file Hacl_UInt128 which is about to be dropped; you may get a C compiler error about Hacl_UInt128_t if any other module uses this definition
Warning 13: : Hacl.Types.u32, a monomorphic instance, is first used, and therefore inserted, in file Hacl_Types which is about to be dropped; you may get a C compiler error about Hacl_Types_u32 if any other module uses this definition
Warning 13: : Hacl.Types.h8, a monomorphic instance, is first used, and therefore inserted, in file Hacl_Types which is about to be dropped; you may get a C compiler error about Hacl_Types_h8 if any other module uses this definition
Warning 13: : Hacl.Types.uint8_p, a monomorphic instance, is first used, and therefore inserted, in file Hacl_Types which is about to be dropped; you may get a C compiler error about Hacl_Types_uint8_p if any other module uses this definition
Warning 13: : Hacl.Constants.u32, a monomorphic instance, is first used, and therefore inserted, in file Hacl_Constants which is about to be dropped; you may get a C compiler error about Hacl_Constants_u32 if any other module uses this definition
Warning 13: : Hacl.Constants.u64, a monomorphic instance, is first used, and therefore inserted, in file Hacl_Constants which is about to be dropped; you may get a C compiler error about Hacl_Constants_u64 if any other module uses this definition
Warning 13: : Hacl.Constants.h8, a monomorphic instance, is first used, and therefore inserted, in file Hacl_Constants which is about to be dropped; you may get a C compiler error about Hacl_Constants_h8 if any other module uses this definition
Warning 13: : Hacl.Constants.uint8_p, a monomorphic instance, is first used, and therefore inserted, in file Hacl_Constants which is about to be dropped; you may get a C compiler error about Hacl_Constants_uint8_p if any other module uses this definition
Warning 10: : -drop is deprecated
use a combination of -bundle and -d reachability to make sure the functions are eliminated as you wish
Warning 10: : -drop is deprecated
use a combination of -bundle and -d reachability to make sure the functions are eliminated as you wish
Warning 13: : Prims.nat, a monomorphic instance, is first used, and therefore inserted, in file Prims which is about to be dropped; you may get a C compiler error about Prims_nat if any other module uses this definition
Warning 13: : C.exit_code, a monomorphic instance, is first used, and therefore inserted, in file C which is about to be dropped; you may get a C compiler error about C_exit_code if any other module uses this definition
Warning 13: : FStar.Monotonic.HyperStack.mem, a monomorphic instance, is first used, and therefore inserted, in file FStar which is about to be dropped; you may get a C compiler error about FStar_Monotonic_HyperStack_mem if any other module uses this definition
Warning 13: : FStar.UInt128.t, a monomorphic instance, is first used, and therefore inserted, in file FStar which is about to be dropped; you may get a C compiler error about FStar_UInt128_t if any other module uses this definition
Warning 10: : -drop is deprecated
use a combination of -bundle and -d reachability to make sure the functions are eliminated as you wish
Warning 13: : FStar.Monotonic.HyperStack.mem, a monomorphic instance, is first used, and therefore inserted, in file FStar which is about to be dropped; you may get a C compiler error about FStar_Monotonic_HyperStack_mem if any other module uses this definition
Warning 13: : FStar.UInt128.t, a monomorphic instance, is first used, and therefore inserted, in file FStar which is about to be dropped; you may get a C compiler error about FStar_UInt128_t if any other module uses this definition
Warning 13: : FStar.Endianness.u32, a monomorphic instance, is first used, and therefore inserted, in file FStar which is about to be dropped; you may get a C compiler error about FStar_Endianness_u32 if any other module uses this definition
Warning 13: : Hacl.UInt128.t, a monomorphic instance, is first used, and therefore inserted, in file Hacl_UInt128 which is about to be dropped; you may get a C compiler error about Hacl_UInt128_t if any other module uses this definition
Warning 13: : Hacl.Chacha20.uint8_p, a monomorphic instance, is first used, and therefore inserted, in file Hacl_Chacha20 which is about to be dropped; you may get a C compiler error about Hacl_Chacha20_uint8_p if any other module uses this definition
Warning 13: : Hacl.Chacha20.uint32_t, a monomorphic instance, is first used, and therefore inserted, in file Hacl_Chacha20 which is about to be dropped; you may get a C compiler error about Hacl_Chacha20_uint32_t if any other module uses this definition
Warning 13: : Hacl.Impl.Poly1305_64.State.poly1305_state, a monomorphic instance, is first used, and therefore inserted, in file Hacl_Impl_Poly1305_64_State which is about to be dropped; you may get a C compiler error about Hacl_Impl_Poly1305_64_State_poly1305_state if any other module uses this definition
Warning 13: : AEAD.Poly1305_64.uint8_p, a monomorphic instance, is first used, and therefore inserted, in file AEAD_Poly1305_64 which is about to be dropped; you may get a C compiler error about AEAD_Poly1305_64_uint8_p if any other module uses this definition
Warning 13: : AEAD.Poly1305_64.state, a monomorphic instance, is first used, and therefore inserted, in file AEAD_Poly1305_64 which is about to be dropped; you may get a C compiler error about AEAD_Poly1305_64_state if any other module uses this definition
Warning 13: : Hacl.Types.u32, a monomorphic instance, is first used, and therefore inserted, in file Hacl_Types which is about to be dropped; you may get a C compiler error about Hacl_Types_u32 if any other module uses this definition
Warning 13: : Hacl.Types.h8, a monomorphic instance, is first used, and therefore inserted, in file Hacl_Types which is about to be dropped; you may get a C compiler error about Hacl_Types_h8 if any other module uses this definition
Warning 13: : Hacl.Types.uint8_p, a monomorphic instance, is first used, and therefore inserted, in file Hacl_Types which is about to be dropped; you may get a C compiler error about Hacl_Types_uint8_p if any other module uses this definition
Warning 13: : Hacl.Constants.h8, a monomorphic instance, is first used, and therefore inserted, in file Hacl_Constants which is about to be dropped; you may get a C compiler error about Hacl_Constants_h8 if any other module uses this definition
Warning 13: : Hacl.Constants.uint8_p, a monomorphic instance, is first used, and therefore inserted, in file Hacl_Constants which is about to be dropped; you may get a C compiler error about Hacl_Constants_uint8_p if any other module uses this definition
Warning 10: : -drop is deprecated
use a combination of -bundle and -d reachability to make sure the functions are eliminated as you wish
Warning 10: : -drop is deprecated
use a combination of -bundle and -d reachability to make sure the functions are eliminated as you wish
Warning 13: : Prims.nat, a monomorphic instance, is first used, and therefore inserted, in file Prims which is about to be dropped; you may get a C compiler error about Prims_nat if any other module uses this definition
Warning 13: : C.exit_code, a monomorphic instance, is first used, and therefore inserted, in file C which is about to be dropped; you may get a C compiler error about C_exit_code if any other module uses this definition
Warning 13: : FStar.Monotonic.HyperStack.mem, a monomorphic instance, is first used, and therefore inserted, in file FStar which is about to be dropped; you may get a C compiler error about FStar_Monotonic_HyperStack_mem if any other module uses this definition
Warning 13: : FStar.UInt128.t, a monomorphic instance, is first used, and therefore inserted, in file FStar which is about to be dropped; you may get a C compiler error about FStar_UInt128_t if any other module uses this definition
Warning 10: : -drop is deprecated
use a combination of -bundle and -d reachability to make sure the functions are eliminated as you wish
Warning 10: : -drop is deprecated
use a combination of -bundle and -d reachability to make sure the functions are eliminated as you wish
Warning 10: : -drop is deprecated
use a combination of -bundle and -d reachability to make sure the functions are eliminated as you wish
Warning 2: in the definition of l0, in the definition of encodedlen, in top-level declaration Hacl.Impl.SHA2_384.pad, in file Hacl_HMAC_SHA2_384: Reference to FStar.UInt128.mul_wide has no corresponding implementation; please provide a C implementation
Warning 13: : Prims.nat, a monomorphic instance, is first used, and therefore inserted, in file Prims which is about to be dropped; you may get a C compiler error about Prims_nat if any other module uses this definition
Warning 13: : FStar.Monotonic.HyperStack.mem, a monomorphic instance, is first used, and therefore inserted, in file FStar which is about to be dropped; you may get a C compiler error about FStar_Monotonic_HyperStack_mem if any other module uses this definition
Warning 13: : FStar.UInt128.t, a monomorphic instance, is first used, and therefore inserted, in file FStar which is about to be dropped; you may get a C compiler error about FStar_UInt128_t if any other module uses this definition
Warning 13: : Hacl.UInt128.t, a monomorphic instance, is first used, and therefore inserted, in file Hacl_UInt128 which is about to be dropped; you may get a C compiler error about Hacl_UInt128_t if any other module uses this definition
Warning 10: : -drop is deprecated
use a combination of -bundle and -d reachability to make sure the functions are eliminated as you wish
Warning 2: in the definition of l0, in the definition of encodedlen, in top-level declaration Hacl.Impl.SHA2_512.pad, in file Hacl_HMAC_SHA2_512: Reference to FStar.UInt128.mul_wide has no corresponding implementation; please provide a C implementation
Warning 13: : Prims.nat, a monomorphic instance, is first used, and therefore inserted, in file Prims which is about to be dropped; you may get a C compiler error about Prims_nat if any other module uses this definition
Warning 13: : FStar.Monotonic.HyperStack.mem, a monomorphic instance, is first used, and therefore inserted, in file FStar which is about to be dropped; you may get a C compiler error about FStar_Monotonic_HyperStack_mem if any other module uses this definition
Warning 13: : FStar.UInt128.t, a monomorphic instance, is first used, and therefore inserted, in file FStar which is about to be dropped; you may get a C compiler error about FStar_UInt128_t if any other module uses this definition
Warning 13: : Hacl.UInt128.t, a monomorphic instance, is first used, and therefore inserted, in file Hacl_UInt128 which is about to be dropped; you may get a C compiler error about Hacl_UInt128_t if any other module uses this definition
Warning 10: : -drop is deprecated
use a combination of -bundle and -d reachability to make sure the functions are eliminated as you wish
Warning 10: : -drop is deprecated
use a combination of -bundle and -d reachability to make sure the functions are eliminated as you wish
Warning 6: in the definition of output, after the definition of output_len, in the last element of the sequence, in top-level declaration Hacl.Test.HMAC.SHA2_256.test_1, in file Hacl_Test_HMAC_SHA2_256: stack newbuf 0uint8 @0 is a non-constant size, stack-allocated array; this is not supported by CompCert and requires the use of alloca(3) for MSVC
Warning 6: in the definition of key1, after the definition of key_len1, in the last element of the sequence, in top-level declaration Hacl.Test.HMAC.SHA2_256.test_1, in file Hacl_Test_HMAC_SHA2_256: stack newbuf 0x0buint8 @0 is a non-constant size, stack-allocated array; this is not supported by CompCert and requires the use of alloca(3) for MSVC
Warning 6: in the definition of output, after the definition of output_len, in the last element of the sequence, in top-level declaration Hacl.Test.HMAC.SHA2_256.test_2, in file Hacl_Test_HMAC_SHA2_256: stack newbuf 0uint8 @0 is a non-constant size, stack-allocated array; this is not supported by CompCert and requires the use of alloca(3) for MSVC
Warning 6: in the definition of output, after the definition of output_len, in the last element of the sequence, in top-level declaration Hacl.Test.HMAC.SHA2_256.test_3, in file Hacl_Test_HMAC_SHA2_256: stack newbuf 0uint8 @0 is a non-constant size, stack-allocated array; this is not supported by CompCert and requires the use of alloca(3) for MSVC
Warning 6: in the definition of key1, after the definition of key_len1, in the last element of the sequence, in top-level declaration Hacl.Test.HMAC.SHA2_256.test_3, in file Hacl_Test_HMAC_SHA2_256: stack newbuf 0xaauint8 @0 is a non-constant size, stack-allocated array; this is not supported by CompCert and requires the use of alloca(3) for MSVC
Warning 6: in the definition of data, after the definition of data_len, in the last element of the sequence, in top-level declaration Hacl.Test.HMAC.SHA2_256.test_3, in file Hacl_Test_HMAC_SHA2_256: stack newbuf 0xdduint8 @0 is a non-constant size, stack-allocated array; this is not supported by CompCert and requires the use of alloca(3) for MSVC
Warning 6: in the definition of output, after the definition of output_len, in the last element of the sequence, in top-level declaration Hacl.Test.HMAC.SHA2_256.test_4, in file Hacl_Test_HMAC_SHA2_256: stack newbuf 0uint8 @0 is a non-constant size, stack-allocated array; this is not supported by CompCert and requires the use of alloca(3) for MSVC
Warning 6: in the definition of data, after the definition of data_len, in the last element of the sequence, in top-level declaration Hacl.Test.HMAC.SHA2_256.test_4, in file Hacl_Test_HMAC_SHA2_256: stack newbuf 0xcduint8 @0 is a non-constant size, stack-allocated array; this is not supported by CompCert and requires the use of alloca(3) for MSVC
Warning 6: in the definition of output, after the definition of output_len, in the last element of the sequence, in top-level declaration Hacl.Test.HMAC.SHA2_256.test_5, in file Hacl_Test_HMAC_SHA2_256: stack newbuf 0x00uint8 @0 is a non-constant size, stack-allocated array; this is not supported by CompCert and requires the use of alloca(3) for MSVC
Warning 6: in the definition of key, after the definition of key_len, in the last element of the sequence, in top-level declaration Hacl.Test.HMAC.SHA2_256.test_5, in file Hacl_Test_HMAC_SHA2_256: stack newbuf 0x0cuint8 @0 is a non-constant size, stack-allocated array; this is not supported by CompCert and requires the use of alloca(3) for MSVC
Warning 6: in the definition of output, after the definition of output_len, in the last element of the sequence, in top-level declaration Hacl.Test.HMAC.SHA2_256.test_6, in file Hacl_Test_HMAC_SHA2_256: stack newbuf 0uint8 @0 is a non-constant size, stack-allocated array; this is not supported by CompCert and requires the use of alloca(3) for MSVC
Warning 6: in the definition of key, after the definition of key_len, in the last element of the sequence, in top-level declaration Hacl.Test.HMAC.SHA2_256.test_6, in file Hacl_Test_HMAC_SHA2_256: stack newbuf 0xaauint8 @0 is a non-constant size, stack-allocated array; this is not supported by CompCert and requires the use of alloca(3) for MSVC
Warning 6: in the definition of output, after the definition of output_len, in the last element of the sequence, in top-level declaration Hacl.Test.HMAC.SHA2_256.test_7, in file Hacl_Test_HMAC_SHA2_256: stack newbuf 0uint8 @0 is a non-constant size, stack-allocated array; this is not supported by CompCert and requires the use of alloca(3) for MSVC
Warning 6: in the definition of key, after the definition of key_len, in the last element of the sequence, in top-level declaration Hacl.Test.HMAC.SHA2_256.test_7, in file Hacl_Test_HMAC_SHA2_256: stack newbuf 0xaauint8 @0 is a non-constant size, stack-allocated array; this is not supported by CompCert and requires the use of alloca(3) for MSVC
Warning 13: : Prims.nat, a monomorphic instance, is first used, and therefore inserted, in file Prims which is about to be dropped; you may get a C compiler error about Prims_nat if any other module uses this definition
Warning 13: : C.exit_code, a monomorphic instance, is first used, and therefore inserted, in file C which is about to be dropped; you may get a C compiler error about C_exit_code if any other module uses this definition
Warning 13: : FStar.Monotonic.HyperStack.mem, a monomorphic instance, is first used, and therefore inserted, in file FStar which is about to be dropped; you may get a C compiler error about FStar_Monotonic_HyperStack_mem if any other module uses this definition
Warning 13: : FStar.UInt128.t, a monomorphic instance, is first used, and therefore inserted, in file FStar which is about to be dropped; you may get a C compiler error about FStar_UInt128_t if any other module uses this definition
Warning 10: : -drop is deprecated
use a combination of -bundle and -d reachability to make sure the functions are eliminated as you wish
Warning 10: : -drop is deprecated
use a combination of -bundle and -d reachability to make sure the functions are eliminated as you wish
Warning 6: in the definition of mac, after the definition of macsize, in the last element of the sequence, in top-level declaration Hacl.Test.Poly1305_32.main, in file Hacl_Test_Poly1305_32: stack newbuf 0uint8 @0 is a non-constant size, stack-allocated array; this is not supported by CompCert and requires the use of alloca(3) for MSVC
Warning 13: : Prims.nat, a monomorphic instance, is first used, and therefore inserted, in file Prims which is about to be dropped; you may get a C compiler error about Prims_nat if any other module uses this definition
Warning 13: : C.exit_code, a monomorphic instance, is first used, and therefore inserted, in file C which is about to be dropped; you may get a C compiler error about C_exit_code if any other module uses this definition
Warning 13: : FStar.Monotonic.HyperStack.mem, a monomorphic instance, is first used, and therefore inserted, in file FStar which is about to be dropped; you may get a C compiler error about FStar_Monotonic_HyperStack_mem if any other module uses this definition
Warning 13: : FStar.UInt128.t, a monomorphic instance, is first used, and therefore inserted, in file FStar which is about to be dropped; you may get a C compiler error about FStar_UInt128_t if any other module uses this definition
Warning 13: : Hacl.UInt128.t, a monomorphic instance, is first used, and therefore inserted, in file Hacl_UInt128 which is about to be dropped; you may get a C compiler error about Hacl_UInt128_t if any other module uses this definition
Warning 10: : -drop is deprecated
use a combination of -bundle and -d reachability to make sure the functions are eliminated as you wish
Warning 10: : -drop is deprecated
use a combination of -bundle and -d reachability to make sure the functions are eliminated as you wish
Warning 13: : Prims.nat, a monomorphic instance, is first used, and therefore inserted, in file Prims which is about to be dropped; you may get a C compiler error about Prims_nat if any other module uses this definition
Warning 13: : C.exit_code, a monomorphic instance, is first used, and therefore inserted, in file C which is about to be dropped; you may get a C compiler error about C_exit_code if any other module uses this definition
Warning 13: : Hacl.UInt32x4.u32, a monomorphic instance, is first used, and therefore inserted, in file Hacl_UInt32x4 which is about to be dropped; you may get a C compiler error about Hacl_UInt32x4_u32 if any other module uses this definition
Warning 13: : Hacl.UInt32x4.h32, a monomorphic instance, is first used, and therefore inserted, in file Hacl_UInt32x4 which is about to be dropped; you may get a C compiler error about Hacl_UInt32x4_h32 if any other module uses this definition
Warning 13: : Hacl.UInt32x4.uint8_p, a monomorphic instance, is first used, and therefore inserted, in file Hacl_UInt32x4 which is about to be dropped; you may get a C compiler error about Hacl_UInt32x4_uint8_p if any other module uses this definition
Warning 13: : FStar.Monotonic.HyperStack.mem, a monomorphic instance, is first used, and therefore inserted, in file FStar which is about to be dropped; you may get a C compiler error about FStar_Monotonic_HyperStack_mem if any other module uses this definition
Warning 13: : FStar.UInt128.t, a monomorphic instance, is first used, and therefore inserted, in file FStar which is about to be dropped; you may get a C compiler error about FStar_UInt128_t if any other module uses this definition
Warning 10: : -drop is deprecated
use a combination of -bundle and -d reachability to make sure the functions are eliminated as you wish
Warning 10: : -drop is deprecated
use a combination of -bundle and -d reachability to make sure the functions are eliminated as you wish
Warning 2: after the definition of yi, in the definition of f', in the last element of the sequence, after the definition of h0, in top-level declaration Hacl.Bignum.Fproduct.sum_scalar_multiplication_, in file AEAD_Poly1305_64: Reference to FStar.UInt128.mul_wide has no corresponding implementation; please provide a C implementation
Warning 13: : Prims.nat, a monomorphic instance, is first used, and therefore inserted, in file Prims which is about to be dropped; you may get a C compiler error about Prims_nat if any other module uses this definition
Warning 13: : FStar.Monotonic.HyperStack.mem, a monomorphic instance, is first used, and therefore inserted, in file FStar which is about to be dropped; you may get a C compiler error about FStar_Monotonic_HyperStack_mem if any other module uses this definition
Warning 13: : FStar.UInt128.t, a monomorphic instance, is first used, and therefore inserted, in file FStar which is about to be dropped; you may get a C compiler error about FStar_UInt128_t if any other module uses this definition
Warning 13: : Hacl.UInt128.t, a monomorphic instance, is first used, and therefore inserted, in file Hacl_UInt128 which is about to be dropped; you may get a C compiler error about Hacl_UInt128_t if any other module uses this definition
Warning 10: : -drop is deprecated
use a combination of -bundle and -d reachability to make sure the functions are eliminated as you wish
Warning 2: after the definition of yi, in the definition of f', in the last element of the sequence, after the definition of h0, in top-level declaration Hacl.Bignum.Fproduct.sum_scalar_multiplication_, in file Hacl_Poly1305_64: Reference to FStar.UInt128.mul_wide has no corresponding implementation; please provide a C implementation
Warning 13: : Prims.nat, a monomorphic instance, is first used, and therefore inserted, in file Prims which is about to be dropped; you may get a C compiler error about Prims_nat if any other module uses this definition
Warning 13: : C.exit_code, a monomorphic instance, is first used, and therefore inserted, in file C which is about to be dropped; you may get a C compiler error about C_exit_code if any other module uses this definition
Warning 13: : FStar.Monotonic.HyperStack.mem, a monomorphic instance, is first used, and therefore inserted, in file FStar which is about to be dropped; you may get a C compiler error about FStar_Monotonic_HyperStack_mem if any other module uses this definition
Warning 13: : FStar.UInt128.t, a monomorphic instance, is first used, and therefore inserted, in file FStar which is about to be dropped; you may get a C compiler error about FStar_UInt128_t if any other module uses this definition
Warning 13: : Hacl.UInt128.t, a monomorphic instance, is first used, and therefore inserted, in file Hacl_UInt128 which is about to be dropped; you may get a C compiler error about Hacl_UInt128_t if any other module uses this definition
Warning 10: : -drop is deprecated
use a combination of -bundle and -d reachability to make sure the functions are eliminated as you wish
Warning 10: : -drop is deprecated
use a combination of -bundle and -d reachability to make sure the functions are eliminated as you wish
Warning 2: in the definition of b0', after the definition of b4', in top-level declaration Hacl.Bignum.Modulo.carry_top_wide, in file Hacl_Curve25519: Reference to FStar.UInt128.mul_wide has no corresponding implementation; please provide a C implementation
Warning 2: after the definition of yi, in the definition of f', in the last element of the sequence, after the definition of h0, in top-level declaration Hacl.Bignum.Fproduct.sum_scalar_multiplication_, in file Hacl_Curve25519: Reference to FStar.UInt128.mul_wide has no corresponding implementation; please provide a C implementation
Warning 2: after the definition of xi, in the definition of f', in the last element of the sequence, after the definition of h0, in top-level declaration Hacl.Bignum.Fscalar.fscalar, in file Hacl_Curve25519: Reference to FStar.UInt128.mul_wide has no corresponding implementation; please provide a C implementation
Warning 2: in the definition of s0, after the definition of d4, in top-level declaration Hacl.Bignum.Fsquare.fsquare__, in file Hacl_Curve25519: Reference to FStar.UInt128.mul_wide has no corresponding implementation; please provide a C implementation
Warning 2: in the definition of s0, after the definition of d4, in top-level declaration Hacl.Bignum.Fsquare.fsquare__, in file Hacl_Curve25519: Reference to FStar.UInt128.mul_wide has no corresponding implementation; please provide a C implementation
Warning 2: in the definition of s0, after the definition of d4, in top-level declaration Hacl.Bignum.Fsquare.fsquare__, in file Hacl_Curve25519: Reference to FStar.UInt128.mul_wide has no corresponding implementation; please provide a C implementation
Warning 2: in the definition of s1, after the definition of s0, in top-level declaration Hacl.Bignum.Fsquare.fsquare__, in file Hacl_Curve25519: Reference to FStar.UInt128.mul_wide has no corresponding implementation; please provide a C implementation
Warning 2: in the definition of s1, after the definition of s0, in top-level declaration Hacl.Bignum.Fsquare.fsquare__, in file Hacl_Curve25519: Reference to FStar.UInt128.mul_wide has no corresponding implementation; please provide a C implementation
Warning 2: in the definition of s1, after the definition of s0, in top-level declaration Hacl.Bignum.Fsquare.fsquare__, in file Hacl_Curve25519: Reference to FStar.UInt128.mul_wide has no corresponding implementation; please provide a C implementation
Warning 2: in the definition of s2, after the definition of s1, in top-level declaration Hacl.Bignum.Fsquare.fsquare__, in file Hacl_Curve25519: Reference to FStar.UInt128.mul_wide has no corresponding implementation; please provide a C implementation
Warning 2: in the definition of s2, after the definition of s1, in top-level declaration Hacl.Bignum.Fsquare.fsquare__, in file Hacl_Curve25519: Reference to FStar.UInt128.mul_wide has no corresponding implementation; please provide a C implementation
Warning 2: in the definition of s2, after the definition of s1, in top-level declaration Hacl.Bignum.Fsquare.fsquare__, in file Hacl_Curve25519: Reference to FStar.UInt128.mul_wide has no corresponding implementation; please provide a C implementation
Warning 2: in the definition of s3, after the definition of s2, in top-level declaration Hacl.Bignum.Fsquare.fsquare__, in file Hacl_Curve25519: Reference to FStar.UInt128.mul_wide has no corresponding implementation; please provide a C implementation
Warning 2: in the definition of s3, after the definition of s2, in top-level declaration Hacl.Bignum.Fsquare.fsquare__, in file Hacl_Curve25519: Reference to FStar.UInt128.mul_wide has no corresponding implementation; please provide a C implementation
Warning 2: in the definition of s3, after the definition of s2, in top-level declaration Hacl.Bignum.Fsquare.fsquare__, in file Hacl_Curve25519: Reference to FStar.UInt128.mul_wide has no corresponding implementation; please provide a C implementation
Warning 2: in the definition of s4, after the definition of s3, in top-level declaration Hacl.Bignum.Fsquare.fsquare__, in file Hacl_Curve25519: Reference to FStar.UInt128.mul_wide has no corresponding implementation; please provide a C implementation
Warning 2: in the definition of s4, after the definition of s3, in top-level declaration Hacl.Bignum.Fsquare.fsquare__, in file Hacl_Curve25519: Reference to FStar.UInt128.mul_wide has no corresponding implementation; please provide a C implementation
Warning 2: in the definition of s4, after the definition of s3, in top-level declaration Hacl.Bignum.Fsquare.fsquare__, in file Hacl_Curve25519: Reference to FStar.UInt128.mul_wide has no corresponding implementation; please provide a C implementation
Warning 13: : Prims.nat, a monomorphic instance, is first used, and therefore inserted, in file Prims which is about to be dropped; you may get a C compiler error about Prims_nat if any other module uses this definition
Warning 13: : C.exit_code, a monomorphic instance, is first used, and therefore inserted, in file C which is about to be dropped; you may get a C compiler error about C_exit_code if any other module uses this definition
Warning 13: : FStar.Monotonic.HyperStack.mem, a monomorphic instance, is first used, and therefore inserted, in file FStar which is about to be dropped; you may get a C compiler error about FStar_Monotonic_HyperStack_mem if any other module uses this definition
Warning 13: : FStar.UInt128.t, a monomorphic instance, is first used, and therefore inserted, in file FStar which is about to be dropped; you may get a C compiler error about FStar_UInt128_t if any other module uses this definition
Warning 13: : Hacl.UInt128.t, a monomorphic instance, is first used, and therefore inserted, in file Hacl_UInt128 which is about to be dropped; you may get a C compiler error about Hacl_UInt128_t if any other module uses this definition
Warning 7: : After inlining, Hacl.Test.X25519.main (going into Hacl_Test_X25519) calls Hacl.EC.crypto_scalarmult (going into Hacl_Curve25519) -- removing the static qualifier from Hacl.EC.crypto_scalarmult
Warning 10: : -drop is deprecated
use a combination of -bundle and -d reachability to make sure the functions are eliminated as you wish
Warning 10: : -drop is deprecated
use a combination of -bundle and -d reachability to make sure the functions are eliminated as you wish
Warning 13: : Prims.nat, a monomorphic instance, is first used, and therefore inserted, in file Prims which is about to be dropped; you may get a C compiler error about Prims_nat if any other module uses this definition
Warning 13: : FStar.Monotonic.HyperStack.mem, a monomorphic instance, is first used, and therefore inserted, in file FStar which is about to be dropped; you may get a C compiler error about FStar_Monotonic_HyperStack_mem if any other module uses this definition
Warning 13: : FStar.UInt128.t, a monomorphic instance, is first used, and therefore inserted, in file FStar which is about to be dropped; you may get a C compiler error about FStar_UInt128_t if any other module uses this definition
Warning 10: : -drop is deprecated
use a combination of -bundle and -d reachability to make sure the functions are eliminated as you wish
Warning 6: in the definition of output, after the definition of output_len, in the last element of the sequence, in top-level declaration Hacl.Test.SHA2_256.test_1a, in file Hacl_Test_SHA2_256: stack newbuf 0uint8 @0 is a non-constant size, stack-allocated array; this is not supported by CompCert and requires the use of alloca(3) for MSVC
Warning 6: in the definition of output, after the definition of output_len, in the last element of the sequence, in top-level declaration Hacl.Test.SHA2_256.test_1b, in file Hacl_Test_SHA2_256: stack newbuf 0uint8 @0 is a non-constant size, stack-allocated array; this is not supported by CompCert and requires the use of alloca(3) for MSVC
Warning 6: in the definition of output, after the definition of output_len, in the last element of the sequence, in top-level declaration Hacl.Test.SHA2_256.test_2a, in file Hacl_Test_SHA2_256: stack newbuf 0uint8 @0 is a non-constant size, stack-allocated array; this is not supported by CompCert and requires the use of alloca(3) for MSVC
Warning 6: in the definition of output, after the definition of output_len, in the last element of the sequence, in top-level declaration Hacl.Test.SHA2_256.test_2b, in file Hacl_Test_SHA2_256: stack newbuf 0uint8 @0 is a non-constant size, stack-allocated array; this is not supported by CompCert and requires the use of alloca(3) for MSVC
Warning 6: in the definition of output, after the definition of output_len, in the last element of the sequence, in top-level declaration Hacl.Test.SHA2_256.test_3a, in file Hacl_Test_SHA2_256: stack newbuf 0uint8 @0 is a non-constant size, stack-allocated array; this is not supported by CompCert and requires the use of alloca(3) for MSVC
Warning 6: in the definition of output, after the definition of output_len, in the last element of the sequence, in top-level declaration Hacl.Test.SHA2_256.test_3b, in file Hacl_Test_SHA2_256: stack newbuf 0uint8 @0 is a non-constant size, stack-allocated array; this is not supported by CompCert and requires the use of alloca(3) for MSVC
Warning 6: in the definition of output, after the definition of output_len, in the last element of the sequence, in top-level declaration Hacl.Test.SHA2_256.test_4a, in file Hacl_Test_SHA2_256: stack newbuf 0uint8 @0 is a non-constant size, stack-allocated array; this is not supported by CompCert and requires the use of alloca(3) for MSVC
Warning 6: in the definition of output, after the definition of output_len, in the last element of the sequence, in top-level declaration Hacl.Test.SHA2_256.test_4b, in file Hacl_Test_SHA2_256: stack newbuf 0uint8 @0 is a non-constant size, stack-allocated array; this is not supported by CompCert and requires the use of alloca(3) for MSVC
Warning 6: in the definition of output, after the definition of output_len, in the last element of the sequence, in top-level declaration Hacl.Test.SHA2_256.test_5, in file Hacl_Test_SHA2_256: stack newbuf 0uint8 @0 is a non-constant size, stack-allocated array; this is not supported by CompCert and requires the use of alloca(3) for MSVC
Warning 6: in the definition of plaintext, after the definition of plaintext_len, in the last element of the sequence, in top-level declaration Hacl.Test.SHA2_256.test_5, in file Hacl_Test_SHA2_256: stack newbuf 0x61uint8 @0 is a non-constant size, stack-allocated array; this is not supported by CompCert and requires the use of alloca(3) for MSVC
Warning 6: in the definition of output, after the definition of output_len, in the last element of the sequence, in top-level declaration Hacl.Test.SHA2_256.test_6, in file Hacl_Test_SHA2_256: stack newbuf 0uint8 @0 is a non-constant size, stack-allocated array; this is not supported by CompCert and requires the use of alloca(3) for MSVC
Warning 13: : Prims.nat, a monomorphic instance, is first used, and therefore inserted, in file Prims which is about to be dropped; you may get a C compiler error about Prims_nat if any other module uses this definition
Warning 13: : C.exit_code, a monomorphic instance, is first used, and therefore inserted, in file C which is about to be dropped; you may get a C compiler error about C_exit_code if any other module uses this definition
Warning 13: : FStar.Monotonic.HyperStack.mem, a monomorphic instance, is first used, and therefore inserted, in file FStar which is about to be dropped; you may get a C compiler error about FStar_Monotonic_HyperStack_mem if any other module uses this definition
Warning 13: : FStar.UInt128.t, a monomorphic instance, is first used, and therefore inserted, in file FStar which is about to be dropped; you may get a C compiler error about FStar_UInt128_t if any other module uses this definition
Warning 10: : -drop is deprecated
use a combination of -bundle and -d reachability to make sure the functions are eliminated as you wish
Warning 2: in the definition of l0, in the definition of encodedlen, in top-level declaration Hacl.Impl.SHA2_384.pad, in file Hacl_SHA2_384: Reference to FStar.UInt128.mul_wide has no corresponding implementation; please provide a C implementation
Warning 13: : Prims.nat, a monomorphic instance, is first used, and therefore inserted, in file Prims which is about to be dropped; you may get a C compiler error about Prims_nat if any other module uses this definition
Warning 13: : FStar.Monotonic.HyperStack.mem, a monomorphic instance, is first used, and therefore inserted, in file FStar which is about to be dropped; you may get a C compiler error about FStar_Monotonic_HyperStack_mem if any other module uses this definition
Warning 13: : FStar.UInt128.t, a monomorphic instance, is first used, and therefore inserted, in file FStar which is about to be dropped; you may get a C compiler error about FStar_UInt128_t if any other module uses this definition
Warning 13: : Hacl.UInt128.t, a monomorphic instance, is first used, and therefore inserted, in file Hacl_UInt128 which is about to be dropped; you may get a C compiler error about Hacl_UInt128_t if any other module uses this definition
Warning 10: : -drop is deprecated
use a combination of -bundle and -d reachability to make sure the functions are eliminated as you wish
Warning 2: in the definition of l0, in the definition of encodedlen, in top-level declaration Hacl.Impl.SHA2_384.pad, in file Hacl_SHA2_384: Reference to FStar.UInt128.mul_wide has no corresponding implementation; please provide a C implementation
Warning 6: in the definition of output, after the definition of output_len, in the last element of the sequence, in top-level declaration Hacl.Test.SHA2_384.test_1a, in file Hacl_Test_SHA2_384: stack newbuf 0uint8 @0 is a non-constant size, stack-allocated array; this is not supported by CompCert and requires the use of alloca(3) for MSVC
Warning 6: in the definition of output, after the definition of output_len, in the last element of the sequence, in top-level declaration Hacl.Test.SHA2_384.test_1b, in file Hacl_Test_SHA2_384: stack newbuf 0uint8 @0 is a non-constant size, stack-allocated array; this is not supported by CompCert and requires the use of alloca(3) for MSVC
Warning 6: in the definition of output, after the definition of output_len, in the last element of the sequence, in top-level declaration Hacl.Test.SHA2_384.test_2a, in file Hacl_Test_SHA2_384: stack newbuf 0uint8 @0 is a non-constant size, stack-allocated array; this is not supported by CompCert and requires the use of alloca(3) for MSVC
Warning 6: in the definition of output, after the definition of output_len, in the last element of the sequence, in top-level declaration Hacl.Test.SHA2_384.test_2b, in file Hacl_Test_SHA2_384: stack newbuf 0uint8 @0 is a non-constant size, stack-allocated array; this is not supported by CompCert and requires the use of alloca(3) for MSVC
Warning 6: in the definition of output, after the definition of output_len, in the last element of the sequence, in top-level declaration Hacl.Test.SHA2_384.test_3a, in file Hacl_Test_SHA2_384: stack newbuf 0uint8 @0 is a non-constant size, stack-allocated array; this is not supported by CompCert and requires the use of alloca(3) for MSVC
Warning 6: in the definition of output, after the definition of output_len, in the last element of the sequence, in top-level declaration Hacl.Test.SHA2_384.test_3b, in file Hacl_Test_SHA2_384: stack newbuf 0uint8 @0 is a non-constant size, stack-allocated array; this is not supported by CompCert and requires the use of alloca(3) for MSVC
Warning 6: in the definition of output, after the definition of output_len, in the last element of the sequence, in top-level declaration Hacl.Test.SHA2_384.test_4a, in file Hacl_Test_SHA2_384: stack newbuf 0uint8 @0 is a non-constant size, stack-allocated array; this is not supported by CompCert and requires the use of alloca(3) for MSVC
Warning 6: in the definition of output, after the definition of output_len, in the last element of the sequence, in top-level declaration Hacl.Test.SHA2_384.test_4b, in file Hacl_Test_SHA2_384: stack newbuf 0uint8 @0 is a non-constant size, stack-allocated array; this is not supported by CompCert and requires the use of alloca(3) for MSVC
Warning 6: in the definition of output, after the definition of output_len, in the last element of the sequence, in top-level declaration Hacl.Test.SHA2_384.test_5, in file Hacl_Test_SHA2_384: stack newbuf 0uint8 @0 is a non-constant size, stack-allocated array; this is not supported by CompCert and requires the use of alloca(3) for MSVC
Warning 6: in the definition of plaintext, after the definition of plaintext_len, in the last element of the sequence, in top-level declaration Hacl.Test.SHA2_384.test_5, in file Hacl_Test_SHA2_384: stack newbuf 0x61uint8 @0 is a non-constant size, stack-allocated array; this is not supported by CompCert and requires the use of alloca(3) for MSVC
Warning 6: in the definition of output, after the definition of output_len, in the last element of the sequence, in top-level declaration Hacl.Test.SHA2_384.test_6, in file Hacl_Test_SHA2_384: stack newbuf 0uint8 @0 is a non-constant size, stack-allocated array; this is not supported by CompCert and requires the use of alloca(3) for MSVC
Warning 13: : Prims.nat, a monomorphic instance, is first used, and therefore inserted, in file Prims which is about to be dropped; you may get a C compiler error about Prims_nat if any other module uses this definition
Warning 13: : C.exit_code, a monomorphic instance, is first used, and therefore inserted, in file C which is about to be dropped; you may get a C compiler error about C_exit_code if any other module uses this definition
Warning 13: : FStar.Monotonic.HyperStack.mem, a monomorphic instance, is first used, and therefore inserted, in file FStar which is about to be dropped; you may get a C compiler error about FStar_Monotonic_HyperStack_mem if any other module uses this definition
Warning 13: : FStar.UInt128.t, a monomorphic instance, is first used, and therefore inserted, in file FStar which is about to be dropped; you may get a C compiler error about FStar_UInt128_t if any other module uses this definition
Warning 13: : Hacl.UInt128.t, a monomorphic instance, is first used, and therefore inserted, in file Hacl_UInt128 which is about to be dropped; you may get a C compiler error about Hacl_UInt128_t if any other module uses this definition
Warning 10: : -drop is deprecated
use a combination of -bundle and -d reachability to make sure the functions are eliminated as you wish
Warning 2: in the definition of l0, in the definition of encodedlen, in top-level declaration Hacl.Impl.SHA2_512.pad, in file Hacl_SHA2_512: Reference to FStar.UInt128.mul_wide has no corresponding implementation; please provide a C implementation
Warning 13: : Prims.nat, a monomorphic instance, is first used, and therefore inserted, in file Prims which is about to be dropped; you may get a C compiler error about Prims_nat if any other module uses this definition
Warning 13: : FStar.Monotonic.HyperStack.mem, a monomorphic instance, is first used, and therefore inserted, in file FStar which is about to be dropped; you may get a C compiler error about FStar_Monotonic_HyperStack_mem if any other module uses this definition
Warning 13: : FStar.UInt128.t, a monomorphic instance, is first used, and therefore inserted, in file FStar which is about to be dropped; you may get a C compiler error about FStar_UInt128_t if any other module uses this definition
Warning 13: : Hacl.UInt128.t, a monomorphic instance, is first used, and therefore inserted, in file Hacl_UInt128 which is about to be dropped; you may get a C compiler error about Hacl_UInt128_t if any other module uses this definition
Warning 10: : -drop is deprecated
use a combination of -bundle and -d reachability to make sure the functions are eliminated as you wish
Warning 2: in the definition of l0, in the definition of encodedlen, in top-level declaration Hacl.Impl.SHA2_512.pad, in file Hacl_SHA2_512: Reference to FStar.UInt128.mul_wide has no corresponding implementation; please provide a C implementation
Warning 6: in the definition of output, after the definition of output_len, in the last element of the sequence, in top-level declaration Hacl.Test.SHA2_512.test_1a, in file Hacl_Test_SHA2_512: stack newbuf 0uint8 @0 is a non-constant size, stack-allocated array; this is not supported by CompCert and requires the use of alloca(3) for MSVC
Warning 6: in the definition of output, after the definition of output_len, in the last element of the sequence, in top-level declaration Hacl.Test.SHA2_512.test_1b, in file Hacl_Test_SHA2_512: stack newbuf 0uint8 @0 is a non-constant size, stack-allocated array; this is not supported by CompCert and requires the use of alloca(3) for MSVC
Warning 6: in the definition of output, after the definition of output_len, in the last element of the sequence, in top-level declaration Hacl.Test.SHA2_512.test_2a, in file Hacl_Test_SHA2_512: stack newbuf 0uint8 @0 is a non-constant size, stack-allocated array; this is not supported by CompCert and requires the use of alloca(3) for MSVC
Warning 6: in the definition of output, after the definition of output_len, in the last element of the sequence, in top-level declaration Hacl.Test.SHA2_512.test_2b, in file Hacl_Test_SHA2_512: stack newbuf 0uint8 @0 is a non-constant size, stack-allocated array; this is not supported by CompCert and requires the use of alloca(3) for MSVC
Warning 6: in the definition of output, after the definition of output_len, in the last element of the sequence, in top-level declaration Hacl.Test.SHA2_512.test_3a, in file Hacl_Test_SHA2_512: stack newbuf 0uint8 @0 is a non-constant size, stack-allocated array; this is not supported by CompCert and requires the use of alloca(3) for MSVC
Warning 6: in the definition of output, after the definition of output_len, in the last element of the sequence, in top-level declaration Hacl.Test.SHA2_512.test_3b, in file Hacl_Test_SHA2_512: stack newbuf 0uint8 @0 is a non-constant size, stack-allocated array; this is not supported by CompCert and requires the use of alloca(3) for MSVC
Warning 6: in the definition of output, after the definition of output_len, in the last element of the sequence, in top-level declaration Hacl.Test.SHA2_512.test_4a, in file Hacl_Test_SHA2_512: stack newbuf 0uint8 @0 is a non-constant size, stack-allocated array; this is not supported by CompCert and requires the use of alloca(3) for MSVC
Warning 6: in the definition of output, after the definition of output_len, in the last element of the sequence, in top-level declaration Hacl.Test.SHA2_512.test_4b, in file Hacl_Test_SHA2_512: stack newbuf 0uint8 @0 is a non-constant size, stack-allocated array; this is not supported by CompCert and requires the use of alloca(3) for MSVC
Warning 6: in the definition of output, after the definition of output_len, in the last element of the sequence, in top-level declaration Hacl.Test.SHA2_512.test_5, in file Hacl_Test_SHA2_512: stack newbuf 0uint8 @0 is a non-constant size, stack-allocated array; this is not supported by CompCert and requires the use of alloca(3) for MSVC
Warning 6: in the definition of plaintext, after the definition of plaintext_len, in the last element of the sequence, in top-level declaration Hacl.Test.SHA2_512.test_5, in file Hacl_Test_SHA2_512: stack newbuf 0x61uint8 @0 is a non-constant size, stack-allocated array; this is not supported by CompCert and requires the use of alloca(3) for MSVC
Warning 6: in the definition of output, after the definition of output_len, in the last element of the sequence, in top-level declaration Hacl.Test.SHA2_512.test_6, in file Hacl_Test_SHA2_512: stack newbuf 0uint8 @0 is a non-constant size, stack-allocated array; this is not supported by CompCert and requires the use of alloca(3) for MSVC
Warning 13: : Prims.nat, a monomorphic instance, is first used, and therefore inserted, in file Prims which is about to be dropped; you may get a C compiler error about Prims_nat if any other module uses this definition
Warning 13: : C.exit_code, a monomorphic instance, is first used, and therefore inserted, in file C which is about to be dropped; you may get a C compiler error about C_exit_code if any other module uses this definition
Warning 13: : FStar.Monotonic.HyperStack.mem, a monomorphic instance, is first used, and therefore inserted, in file FStar which is about to be dropped; you may get a C compiler error about FStar_Monotonic_HyperStack_mem if any other module uses this definition
Warning 13: : FStar.UInt128.t, a monomorphic instance, is first used, and therefore inserted, in file FStar which is about to be dropped; you may get a C compiler error about FStar_UInt128_t if any other module uses this definition
Warning 13: : Hacl.UInt128.t, a monomorphic instance, is first used, and therefore inserted, in file Hacl_UInt128 which is about to be dropped; you may get a C compiler error about Hacl_UInt128_t if any other module uses this definition
Warning 10: : -drop is deprecated
use a combination of -bundle and -d reachability to make sure the functions are eliminated as you wish
Warning 10: : -drop is deprecated
use a combination of -bundle and -d reachability to make sure the functions are eliminated as you wish
Warning 2: in the definition of b0', after the definition of b4', in top-level declaration Hacl.Bignum.Modulo.carry_top_wide, in file Hacl_Ed25519: Reference to FStar.UInt128.mul_wide has no corresponding implementation; please provide a C implementation
Warning 2: after the definition of yi, in the definition of f', in the last element of the sequence, after the definition of h0, in top-level declaration Hacl.Bignum.Fproduct.sum_scalar_multiplication_, in file Hacl_Ed25519: Reference to FStar.UInt128.mul_wide has no corresponding implementation; please provide a C implementation
Warning 2: in the definition of s0, after the definition of d4, in top-level declaration Hacl.Bignum.Fsquare.fsquare__, in file Hacl_Ed25519: Reference to FStar.UInt128.mul_wide has no corresponding implementation; please provide a C implementation
Warning 2: in the definition of s0, after the definition of d4, in top-level declaration Hacl.Bignum.Fsquare.fsquare__, in file Hacl_Ed25519: Reference to FStar.UInt128.mul_wide has no corresponding implementation; please provide a C implementation
Warning 2: in the definition of s0, after the definition of d4, in top-level declaration Hacl.Bignum.Fsquare.fsquare__, in file Hacl_Ed25519: Reference to FStar.UInt128.mul_wide has no corresponding implementation; please provide a C implementation
Warning 2: in the definition of s1, after the definition of s0, in top-level declaration Hacl.Bignum.Fsquare.fsquare__, in file Hacl_Ed25519: Reference to FStar.UInt128.mul_wide has no corresponding implementation; please provide a C implementation
Warning 2: in the definition of s1, after the definition of s0, in top-level declaration Hacl.Bignum.Fsquare.fsquare__, in file Hacl_Ed25519: Reference to FStar.UInt128.mul_wide has no corresponding implementation; please provide a C implementation
Warning 2: in the definition of s1, after the definition of s0, in top-level declaration Hacl.Bignum.Fsquare.fsquare__, in file Hacl_Ed25519: Reference to FStar.UInt128.mul_wide has no corresponding implementation; please provide a C implementation
Warning 2: in the definition of s2, after the definition of s1, in top-level declaration Hacl.Bignum.Fsquare.fsquare__, in file Hacl_Ed25519: Reference to FStar.UInt128.mul_wide has no corresponding implementation; please provide a C implementation
Warning 2: in the definition of s2, after the definition of s1, in top-level declaration Hacl.Bignum.Fsquare.fsquare__, in file Hacl_Ed25519: Reference to FStar.UInt128.mul_wide has no corresponding implementation; please provide a C implementation
Warning 2: in the definition of s2, after the definition of s1, in top-level declaration Hacl.Bignum.Fsquare.fsquare__, in file Hacl_Ed25519: Reference to FStar.UInt128.mul_wide has no corresponding implementation; please provide a C implementation
Warning 2: in the definition of s3, after the definition of s2, in top-level declaration Hacl.Bignum.Fsquare.fsquare__, in file Hacl_Ed25519: Reference to FStar.UInt128.mul_wide has no corresponding implementation; please provide a C implementation
Warning 2: in the definition of s3, after the definition of s2, in top-level declaration Hacl.Bignum.Fsquare.fsquare__, in file Hacl_Ed25519: Reference to FStar.UInt128.mul_wide has no corresponding implementation; please provide a C implementation
Warning 2: in the definition of s3, after the definition of s2, in top-level declaration Hacl.Bignum.Fsquare.fsquare__, in file Hacl_Ed25519: Reference to FStar.UInt128.mul_wide has no corresponding implementation; please provide a C implementation
Warning 2: in the definition of s4, after the definition of s3, in top-level declaration Hacl.Bignum.Fsquare.fsquare__, in file Hacl_Ed25519: Reference to FStar.UInt128.mul_wide has no corresponding implementation; please provide a C implementation
Warning 2: in the definition of s4, after the definition of s3, in top-level declaration Hacl.Bignum.Fsquare.fsquare__, in file Hacl_Ed25519: Reference to FStar.UInt128.mul_wide has no corresponding implementation; please provide a C implementation
Warning 2: in the definition of s4, after the definition of s3, in top-level declaration Hacl.Bignum.Fsquare.fsquare__, in file Hacl_Ed25519: Reference to FStar.UInt128.mul_wide has no corresponding implementation; please provide a C implementation
Warning 2: in the definition of l0, in the definition of encodedlen, in top-level declaration Hacl.Impl.SHA2_512.pad, in file Hacl_Ed25519: Reference to FStar.UInt128.mul_wide has no corresponding implementation; please provide a C implementation
Warning 2: in the definition of xy00, after the definition of y4, in top-level declaration Hacl.Impl.BignumQ.Mul.low_mul_5, in file Hacl_Ed25519: Reference to FStar.UInt128.mul_wide has no corresponding implementation; please provide a C implementation
Warning 2: in the definition of xy01, after the definition of xy00, in top-level declaration Hacl.Impl.BignumQ.Mul.low_mul_5, in file Hacl_Ed25519: Reference to FStar.UInt128.mul_wide has no corresponding implementation; please provide a C implementation
Warning 2: in the definition of xy02, after the definition of xy01, in top-level declaration Hacl.Impl.BignumQ.Mul.low_mul_5, in file Hacl_Ed25519: Reference to FStar.UInt128.mul_wide has no corresponding implementation; please provide a C implementation
Warning 2: in the definition of xy03, after the definition of xy02, in top-level declaration Hacl.Impl.BignumQ.Mul.low_mul_5, in file Hacl_Ed25519: Reference to FStar.UInt128.mul_wide has no corresponding implementation; please provide a C implementation
Warning 2: in the definition of xy04, after the definition of xy03, in top-level declaration Hacl.Impl.BignumQ.Mul.low_mul_5, in file Hacl_Ed25519: Reference to FStar.UInt128.mul_wide has no corresponding implementation; please provide a C implementation
Warning 2: in the definition of xy10, after the definition of xy04, in top-level declaration Hacl.Impl.BignumQ.Mul.low_mul_5, in file Hacl_Ed25519: Reference to FStar.UInt128.mul_wide has no corresponding implementation; please provide a C implementation
Warning 2: in the definition of xy11, after the definition of xy10, in top-level declaration Hacl.Impl.BignumQ.Mul.low_mul_5, in file Hacl_Ed25519: Reference to FStar.UInt128.mul_wide has no corresponding implementation; please provide a C implementation
Warning 2: in the definition of xy12, after the definition of xy11, in top-level declaration Hacl.Impl.BignumQ.Mul.low_mul_5, in file Hacl_Ed25519: Reference to FStar.UInt128.mul_wide has no corresponding implementation; please provide a C implementation
Warning 2: in the definition of xy13, after the definition of xy12, in top-level declaration Hacl.Impl.BignumQ.Mul.low_mul_5, in file Hacl_Ed25519: Reference to FStar.UInt128.mul_wide has no corresponding implementation; please provide a C implementation
Warning 2: in the definition of xy20, after the definition of xy13, in top-level declaration Hacl.Impl.BignumQ.Mul.low_mul_5, in file Hacl_Ed25519: Reference to FStar.UInt128.mul_wide has no corresponding implementation; please provide a C implementation
Warning 2: in the definition of xy21, after the definition of xy20, in top-level declaration Hacl.Impl.BignumQ.Mul.low_mul_5, in file Hacl_Ed25519: Reference to FStar.UInt128.mul_wide has no corresponding implementation; please provide a C implementation
Warning 2: in the definition of xy22, after the definition of xy21, in top-level declaration Hacl.Impl.BignumQ.Mul.low_mul_5, in file Hacl_Ed25519: Reference to FStar.UInt128.mul_wide has no corresponding implementation; please provide a C implementation
Warning 2: in the definition of xy30, after the definition of xy22, in top-level declaration Hacl.Impl.BignumQ.Mul.low_mul_5, in file Hacl_Ed25519: Reference to FStar.UInt128.mul_wide has no corresponding implementation; please provide a C implementation
Warning 2: in the definition of xy31, after the definition of xy30, in top-level declaration Hacl.Impl.BignumQ.Mul.low_mul_5, in file Hacl_Ed25519: Reference to FStar.UInt128.mul_wide has no corresponding implementation; please provide a C implementation
Warning 2: in the definition of xy40, after the definition of xy31, in top-level declaration Hacl.Impl.BignumQ.Mul.low_mul_5, in file Hacl_Ed25519: Reference to FStar.UInt128.mul_wide has no corresponding implementation; please provide a C implementation
Warning 2: in the definition of xy00, after the definition of y4, in top-level declaration Hacl.Impl.BignumQ.Mul.mul_5, in file Hacl_Ed25519: Reference to FStar.UInt128.mul_wide has no corresponding implementation; please provide a C implementation
Warning 2: in the definition of xy01, after the definition of xy00, in top-level declaration Hacl.Impl.BignumQ.Mul.mul_5, in file Hacl_Ed25519: Reference to FStar.UInt128.mul_wide has no corresponding implementation; please provide a C implementation
Warning 2: in the definition of xy02, after the definition of xy01, in top-level declaration Hacl.Impl.BignumQ.Mul.mul_5, in file Hacl_Ed25519: Reference to FStar.UInt128.mul_wide has no corresponding implementation; please provide a C implementation
Warning 2: in the definition of xy03, after the definition of xy02, in top-level declaration Hacl.Impl.BignumQ.Mul.mul_5, in file Hacl_Ed25519: Reference to FStar.UInt128.mul_wide has no corresponding implementation; please provide a C implementation
Warning 2: in the definition of xy04, after the definition of xy03, in top-level declaration Hacl.Impl.BignumQ.Mul.mul_5, in file Hacl_Ed25519: Reference to FStar.UInt128.mul_wide has no corresponding implementation; please provide a C implementation
Warning 2: in the definition of xy10, after the definition of xy04, in top-level declaration Hacl.Impl.BignumQ.Mul.mul_5, in file Hacl_Ed25519: Reference to FStar.UInt128.mul_wide has no corresponding implementation; please provide a C implementation
Warning 2: in the definition of xy11, after the definition of xy10, in top-level declaration Hacl.Impl.BignumQ.Mul.mul_5, in file Hacl_Ed25519: Reference to FStar.UInt128.mul_wide has no corresponding implementation; please provide a C implementation
Warning 2: in the definition of xy12, after the definition of xy11, in top-level declaration Hacl.Impl.BignumQ.Mul.mul_5, in file Hacl_Ed25519: Reference to FStar.UInt128.mul_wide has no corresponding implementation; please provide a C implementation
Warning 2: in the definition of xy13, after the definition of xy12, in top-level declaration Hacl.Impl.BignumQ.Mul.mul_5, in file Hacl_Ed25519: Reference to FStar.UInt128.mul_wide has no corresponding implementation; please provide a C implementation
Warning 2: in the definition of xy14, after the definition of xy13, in top-level declaration Hacl.Impl.BignumQ.Mul.mul_5, in file Hacl_Ed25519: Reference to FStar.UInt128.mul_wide has no corresponding implementation; please provide a C implementation
Warning 2: in the definition of xy20, after the definition of xy14, in top-level declaration Hacl.Impl.BignumQ.Mul.mul_5, in file Hacl_Ed25519: Reference to FStar.UInt128.mul_wide has no corresponding implementation; please provide a C implementation
Warning 2: in the definition of xy21, after the definition of xy20, in top-level declaration Hacl.Impl.BignumQ.Mul.mul_5, in file Hacl_Ed25519: Reference to FStar.UInt128.mul_wide has no corresponding implementation; please provide a C implementation
Warning 2: in the definition of xy22, after the definition of xy21, in top-level declaration Hacl.Impl.BignumQ.Mul.mul_5, in file Hacl_Ed25519: Reference to FStar.UInt128.mul_wide has no corresponding implementation; please provide a C implementation
Warning 2: in the definition of xy23, after the definition of xy22, in top-level declaration Hacl.Impl.BignumQ.Mul.mul_5, in file Hacl_Ed25519: Reference to FStar.UInt128.mul_wide has no corresponding implementation; please provide a C implementation
Warning 2: in the definition of xy24, after the definition of xy23, in top-level declaration Hacl.Impl.BignumQ.Mul.mul_5, in file Hacl_Ed25519: Reference to FStar.UInt128.mul_wide has no corresponding implementation; please provide a C implementation
Warning 2: in the definition of xy30, after the definition of xy24, in top-level declaration Hacl.Impl.BignumQ.Mul.mul_5, in file Hacl_Ed25519: Reference to FStar.UInt128.mul_wide has no corresponding implementation; please provide a C implementation
Warning 2: in the definition of xy31, after the definition of xy30, in top-level declaration Hacl.Impl.BignumQ.Mul.mul_5, in file Hacl_Ed25519: Reference to FStar.UInt128.mul_wide has no corresponding implementation; please provide a C implementation
Warning 2: in the definition of xy32, after the definition of xy31, in top-level declaration Hacl.Impl.BignumQ.Mul.mul_5, in file Hacl_Ed25519: Reference to FStar.UInt128.mul_wide has no corresponding implementation; please provide a C implementation
Warning 2: in the definition of xy33, after the definition of xy32, in top-level declaration Hacl.Impl.BignumQ.Mul.mul_5, in file Hacl_Ed25519: Reference to FStar.UInt128.mul_wide has no corresponding implementation; please provide a C implementation
Warning 2: in the definition of xy34, after the definition of xy33, in top-level declaration Hacl.Impl.BignumQ.Mul.mul_5, in file Hacl_Ed25519: Reference to FStar.UInt128.mul_wide has no corresponding implementation; please provide a C implementation
Warning 2: in the definition of xy40, after the definition of xy34, in top-level declaration Hacl.Impl.BignumQ.Mul.mul_5, in file Hacl_Ed25519: Reference to FStar.UInt128.mul_wide has no corresponding implementation; please provide a C implementation
Warning 2: in the definition of xy41, after the definition of xy40, in top-level declaration Hacl.Impl.BignumQ.Mul.mul_5, in file Hacl_Ed25519: Reference to FStar.UInt128.mul_wide has no corresponding implementation; please provide a C implementation
Warning 2: in the definition of xy42, after the definition of xy41, in top-level declaration Hacl.Impl.BignumQ.Mul.mul_5, in file Hacl_Ed25519: Reference to FStar.UInt128.mul_wide has no corresponding implementation; please provide a C implementation
Warning 2: in the definition of xy43, after the definition of xy42, in top-level declaration Hacl.Impl.BignumQ.Mul.mul_5, in file Hacl_Ed25519: Reference to FStar.UInt128.mul_wide has no corresponding implementation; please provide a C implementation
Warning 2: in the definition of xy44, after the definition of xy43, in top-level declaration Hacl.Impl.BignumQ.Mul.mul_5, in file Hacl_Ed25519: Reference to FStar.UInt128.mul_wide has no corresponding implementation; please provide a C implementation
Warning 13: : Prims.nat, a monomorphic instance, is first used, and therefore inserted, in file Prims which is about to be dropped; you may get a C compiler error about Prims_nat if any other module uses this definition
Warning 13: : C.exit_code, a monomorphic instance, is first used, and therefore inserted, in file C which is about to be dropped; you may get a C compiler error about C_exit_code if any other module uses this definition
Warning 13: : FStar.Monotonic.HyperStack.mem, a monomorphic instance, is first used, and therefore inserted, in file FStar which is about to be dropped; you may get a C compiler error about FStar_Monotonic_HyperStack_mem if any other module uses this definition
Warning 13: : FStar.UInt128.t, a monomorphic instance, is first used, and therefore inserted, in file FStar which is about to be dropped; you may get a C compiler error about FStar_UInt128_t if any other module uses this definition
Warning 13: : FStar.Endianness.u32, a monomorphic instance, is first used, and therefore inserted, in file FStar which is about to be dropped; you may get a C compiler error about FStar_Endianness_u32 if any other module uses this definition
Warning 13: : Hacl.UInt128.t, a monomorphic instance, is first used, and therefore inserted, in file Hacl_UInt128 which is about to be dropped; you may get a C compiler error about Hacl_UInt128_t if any other module uses this definition
Not extracting type definition FStar.Ghost.erased to KreMLin (assumed type)
Not extracting FStar.Exn.raise to KreMLin (polymorphic assumes are not supported)
Not extracting type definition FStar.Monotonic.Witnessed.get to KreMLin (assumed type)
Not extracting type definition FStar.Monotonic.Witnessed.set to KreMLin (assumed type)
Not extracting FStar.ST.gst_witness to KreMLin (polymorphic assumes are not supported)
Not extracting FStar.ST.gst_recall to KreMLin (polymorphic assumes are not supported)
Not extracting FStar.All.pipe_right to KreMLin (polymorphic assumes are not supported)
Not extracting FStar.All.pipe_left to KreMLin (polymorphic assumes are not supported)
Not extracting FStar.All.exit to KreMLin (polymorphic assumes are not supported)
Not extracting FStar.All.try_with to KreMLin (polymorphic assumes are not supported)
Not extracting exception Failure to KreMLin (exceptions unsupported)
Not extracting FStar.All.failwith to KreMLin (polymorphic assumes are not supported)
(Warning 250) Error while extracting FStar.List.filter_map to KreMLin (Failure("Internal error: name not found filter_map_acc\n"))

(Warning 250) Error while extracting FStar.List.index to KreMLin (Failure("Internal error: name not found index1\n"))

Not extracting FStar.HyperStack.ST.gst_witness to KreMLin (polymorphic assumes are not supported)
Not extracting FStar.HyperStack.ST.gst_recall to KreMLin (polymorphic assumes are not supported)
Not extracting FStar.HyperStack.All.pipe_right to KreMLin (polymorphic assumes are not supported)
Not extracting FStar.HyperStack.All.pipe_left to KreMLin (polymorphic assumes are not supported)
Not extracting FStar.HyperStack.All.failwith to KreMLin (polymorphic assumes are not supported)
Not extracting FStar.HyperStack.All.exit to KreMLin (polymorphic assumes are not supported)
Not extracting FStar.HyperStack.All.try_with to KreMLin (polymorphic assumes are not supported)
Not extracting type definition FStar.Char.char to KreMLin (assumed type)
Not extracting type definition FStar.Bytes.bytes to KreMLin (assumed type)
C:/build/agent1/_work/8/s/kremlin/kremlib/C.Nullity.fsti(66,4-66,10): (Warning 252) (Hint-replay failed): assertion failed (see also C:/build/agent1/_work/8/s/kremlin/kremlib/C.Nullity.fsti(66,11-66,47))
Not extracting type definition C.channel to KreMLin (assumed type)
Not extracting type definition C.intptr_t to KreMLin (assumed type)
Not extracting type definition C.char to KreMLin (assumed type)
Not extracting type definition C.int to KreMLin (assumed type)
Not extracting type definition C.clock_t to KreMLin (assumed type)
Not extracting C.Nullity.is_null to KreMLin (polymorphic assumes are not supported)
Not extracting C.Nullity.null to KreMLin (polymorphic assumes are not supported)
C:/build/agent1/_work/8/s/specs/Spec.Poly1305.fst(59,20-59,21): (Warning 252) (Hint-replay failed): Subtyping check failed; expected type Spec.Poly1305.elem; got type FStar.UInt.uint_t 128 (see also C:/build/agent1/_work/8/s/specs/Spec.Poly1305.fst(16,28-16,37))
C:/build/agent1/_work/8/s/code/bignum/Hacl.Spec.Bignum.Bigint.fst(49,82-49,87): (Warning 252) (Hint-replay failed): Subtyping check failed; expected type i: Prims.nat{i < FStar.Seq.Base.length b}; got type Prims.int (see also FStar.Seq.Base.fst(30,49-30,61))
C:/build/agent1/_work/8/s/code/bignum/Hacl.Spec.Bignum.Bigint.fst(57,82-57,87): (Warning 252) (Hint-replay failed): Subtyping check failed; expected type i: Prims.nat{i < FStar.Seq.Base.length b}; got type Prims.int (see also FStar.Seq.Base.fst(30,49-30,61))
C:/build/agent1/_work/8/s/code/bignum/Hacl.Spec.Bignum.Bigint.fst(91,86-91,91): (Warning 252) (Hint-replay failed): Subtyping check failed; expected type i: Prims.nat{i < FStar.Seq.Base.length s}; got type Prims.int (see also FStar.Seq.Base.fst(30,49-30,61))
C:/build/agent1/_work/8/s/code/bignum/Hacl.Spec.Bignum.Bigint.fst(97,74-97,79): (Warning 252) (Hint-replay failed): Subtyping check failed; expected type i: Prims.nat{i < FStar.Seq.Base.length s}; got type Prims.int (see also FStar.Seq.Base.fst(30,49-30,61))
C:/build/agent1/_work/8/s/code/bignum/Hacl.Spec.Bignum.Fsum.fst(17,68-17,69): (Warning 252) (Hint-replay failed): Subtyping check failed; expected type i: Prims.nat{i < FStar.Seq.Base.length s}; got type Prims.nat (see also FStar.Seq.Base.fst(30,49-30,61))
C:/build/agent1/_work/8/s/code/bignum/Hacl.Spec.Bignum.Fsum.fst(29,59-29,60): (Warning 252) (Hint-replay failed): Subtyping check failed; expected type i: Prims.nat{i < FStar.Seq.Base.length s''}; got type Prims.nat (see also FStar.Seq.Base.fst(30,49-30,61))
C:/build/agent1/_work/8/s/code/bignum/Hacl.Spec.Bignum.Fsum.fst(31,45-31,46): (Warning 252) (Hint-replay failed): Subtyping check failed; expected type s': FStar.Seq.Base.seq Hacl.Bignum.Limb.t {FStar.Seq.Base.length a = FStar.Seq.Base.length s'}; got type s': Hacl.Bignum.Parameters.seqelem{Hacl.Spec.Bignum.Fsum.red s' Hacl.Bignum.Parameters.len} (see also Spec.Loops.fst(23,30-23,58))
C:/build/agent1/_work/8/s/specs/Spec.Lib.fst(48,21-48,22): (Warning 252) (Hint-replay failed): Subtyping check failed; expected type FStar.UInt.uint_t FStar.UInt32.n; got type Prims.nat (see also FStar.UInt.fst(52,28-52,36))
C:/build/agent1/_work/8/s/specs/Spec.Lib.fst(56,21-56,22): (Warning 252) (Hint-replay failed): Subtyping check failed; expected type FStar.UInt.uint_t FStar.UInt32.n; got type Prims.nat (see also FStar.UInt.fst(52,28-52,36))
C:/build/agent1/_work/8/s/specs/Spec.Lib.fst(65,21-65,22): (Warning 252) (Hint-replay failed): Subtyping check failed; expected type FStar.UInt.uint_t FStar.UInt64.n; got type Prims.nat (see also FStar.UInt.fst(52,28-52,36))
C:/build/agent1/_work/8/s/specs/Spec.Lib.fst(73,21-73,22): (Warning 252) (Hint-replay failed): Subtyping check failed; expected type FStar.UInt.uint_t FStar.UInt64.n; got type Prims.nat (see also FStar.UInt.fst(52,28-52,36))
C:/build/agent1/_work/8/s/specs/Spec.Lib.fst(83,30-83,32): (Warning 252) (Hint-replay failed): Subtyping check failed; expected type b': FStar.Endianness.bytes{FStar.Seq.Base.length b = FStar.Seq.Base.length b'}; got type Spec.Lib.lbytes 4 (see also C:/build/agent1/_work/8/s/code/lib/kremlin/FStar.Endianness.fst(294,50-294,70))
C:/build/agent1/_work/8/s/specs/Spec.Lib.fst(83,4-83,27): (Warning 252) assertion failed (see also C:/build/agent1/_work/8/s/code/lib/kremlin/FStar.Endianness.fst(295,12-295,46))
C:/build/agent1/_work/8/s/specs/Spec.Lib.fst(83,4-83,27): (Warning 252) assertion failed (see also C:/build/agent1/_work/8/s/code/lib/kremlin/FStar.Endianness.fst(295,12-295,46))
C:/build/agent1/_work/8/s/specs/Spec.Lib.fst(83,4-83,27): (Warning 252) assertion failed (see also C:/build/agent1/_work/8/s/code/lib/kremlin/FStar.Endianness.fst(295,12-295,46))
C:/build/agent1/_work/8/s/specs/Spec.Lib.fst(98,12-98,24): (Warning 252) (Hint-replay failed): Subtyping check failed; expected type Prims.eqtype; got type Type0 (see also prims.fst(27,21-27,28))
C:/build/agent1/_work/8/s/specs/Spec.Lib.fst(111,33-111,46): (Warning 252) (Hint-replay failed): Subtyping check failed; expected type i: Prims.nat{0 <= i /\ i <= FStar.Seq.Base.length src}; got type Prims.int (see also FStar.Seq.Properties.fst(83,50-83,63))
C:/build/agent1/_work/8/s/specs/Spec.Lib.fst(130,4-130,55): (Warning 252) (Hint-replay failed): Subtyping check failed; expected type Spec.Lib.lbytes (4 * len); got type FStar.Seq.Base.seq FStar.UInt8.t (see also C:/build/agent1/_work/8/s/specs/Spec.Lib.fst(23,36-23,48))
C:/build/agent1/_work/8/s/specs/Spec.Lib.fst(137,33-137,46): (Warning 252) (Hint-replay failed): Subtyping check failed; expected type i: Prims.nat{0 <= i /\ i <= FStar.Seq.Base.length src}; got type Prims.int (see also FStar.Seq.Properties.fst(83,50-83,63))
C:/build/agent1/_work/8/s/specs/Spec.Lib.fst(147,4-147,55): (Warning 252) (Hint-replay failed): Subtyping check failed; expected type Spec.Lib.lbytes (8 * len); got type FStar.Seq.Base.seq FStar.UInt8.t (see also C:/build/agent1/_work/8/s/specs/Spec.Lib.fst(23,36-23,48))
C:/build/agent1/_work/8/s/specs/Spec.Lib.fst(155,33-155,46): (Warning 252) (Hint-replay failed): Subtyping check failed; expected type i: Prims.nat{0 <= i /\ i <= FStar.Seq.Base.length src}; got type Prims.int (see also FStar.Seq.Properties.fst(83,50-83,63))
C:/build/agent1/_work/8/s/specs/Spec.Lib.fst(165,4-165,55): (Warning 252) (Hint-replay failed): Subtyping check failed; expected type Spec.Lib.lbytes (4 * len); got type FStar.Seq.Base.seq FStar.UInt8.t (see also C:/build/agent1/_work/8/s/specs/Spec.Lib.fst(23,36-23,48))
C:/build/agent1/_work/8/s/specs/Spec.Lib.fst(172,33-172,46): (Warning 252) (Hint-replay failed): Subtyping check failed; expected type i: Prims.nat{0 <= i /\ i <= FStar.Seq.Base.length src}; got type Prims.int (see also FStar.Seq.Properties.fst(83,50-83,63))
C:/build/agent1/_work/8/s/specs/Spec.Lib.fst(182,4-182,55): (Warning 252) (Hint-replay failed): Subtyping check failed; expected type Spec.Lib.lbytes (8 * len); got type FStar.Seq.Base.seq FStar.UInt8.t (see also C:/build/agent1/_work/8/s/specs/Spec.Lib.fst(23,36-23,48))
C:/build/agent1/_work/8/s/specs/Spec.Lib.fst(192,73-192,84): (Warning 252) (Hint-replay failed): Subtyping check failed; expected type j: Prims.nat{0 <= j && j <= FStar.Seq.Base.length b}; got type Prims.int
C:/build/agent1/_work/8/s/specs/Spec.Lib.fst(202,71-202,78): (Warning 252) (Hint-replay failed): Subtyping check failed; expected type j: Prims.nat{0 <= j && j <= FStar.Seq.Base.length s}; got type Prims.int
C:/build/agent1/_work/8/s/specs/Spec.Lib.fst(211,73-211,84): (Warning 252) (Hint-replay failed): Subtyping check failed; expected type j: Prims.nat{0 <= j && j <= FStar.Seq.Base.length b}; got type Prims.int
C:/build/agent1/_work/8/s/specs/Spec.Lib.fst(221,71-221,78): (Warning 252) (Hint-replay failed): Subtyping check failed; expected type j: Prims.nat{0 <= j && j <= FStar.Seq.Base.length s}; got type Prims.int
C:/build/agent1/_work/8/s/specs/Spec.Lib.fst(230,73-230,84): (Warning 252) (Hint-replay failed): Subtyping check failed; expected type j: Prims.nat{0 <= j && j <= FStar.Seq.Base.length b}; got type Prims.int
C:/build/agent1/_work/8/s/specs/Spec.Lib.fst(240,71-240,78): (Warning 252) (Hint-replay failed): Subtyping check failed; expected type j: Prims.nat{0 <= j && j <= FStar.Seq.Base.length s}; got type Prims.int
C:/build/agent1/_work/8/s/specs/Spec.Lib.fst(251,10-251,24): (Warning 252) (Hint-replay failed): assertion failed (see also FStar.Seq.Base.fst(214,16-214,37))
C:/build/agent1/_work/8/s/specs/Spec.Lib.fst(283,6-283,20): (Warning 252) (Hint-replay failed): assertion failed (see also FStar.Seq.Base.fst(214,16-214,37))
C:/build/agent1/_work/8/s/specs/Spec.Lib.fst(312,53-312,62): (Warning 252) (Hint-replay failed): Subtyping check failed; expected type j: Prims.nat{4 * len - 4 <= j && j <= FStar.Seq.Base.length (Spec.Lib.uint32s_to_le len b)}; got type Prims.int
C:/build/agent1/_work/8/s/specs/Spec.Lib.fst(340,33-340,48): (Warning 252) (Hint-replay failed): Subtyping check failed; expected type j: Prims.nat{0 <= j && j <= FStar.Seq.Base.length b'}; got type Prims.int (see also prims.fst(408,17-408,23))
C:/build/agent1/_work/8/s/specs/Spec.Lib.fst(355,66-355,73): (Warning 252) (Hint-replay failed): Subtyping check failed; expected type j: Prims.nat{0 <= j && j <= FStar.Seq.Base.length b}; got type Prims.int
C:/build/agent1/_work/8/s/specs/Spec.Lib.fst(360,51-360,58): (Warning 252) (Hint-replay failed): Subtyping check failed; expected type j: Prims.nat{4 * len <= j && j <= FStar.Seq.Base.length b}; got type Prims.int
C:/build/agent1/_work/8/s/specs/Spec.Lib.fst(382,61-382,62): (Warning 252) (Hint-replay failed): Subtyping check failed; expected type j: Prims.nat{0 <= j && j <= FStar.Seq.Base.length b}; got type n: Prims.nat{n <= len} (see also C:/build/agent1/_work/8/s/specs/Spec.Lib.fst(380,80-380,81))
C:/build/agent1/_work/8/s/specs/Spec.Lib.fst(389,4-389,18): (Warning 252) (Hint-replay failed): assertion failed (see also FStar.Seq.Base.fst(214,16-214,37))
C:/build/agent1/_work/8/s/specs/Spec.Curve25519.fst(38,15-38,16): (Warning 252) (Hint-replay failed): Subtyping check failed; expected type n: Prims.nat{n < FStar.Seq.Base.length k}; got type Prims.int (see also FStar.Seq.Base.fst(78,46-78,58))
C:/build/agent1/_work/8/s/specs/Spec.Curve25519.fst(65,9-65,10): (Warning 252) (Hint-replay failed): Subtyping check failed; expected type i: Prims.nat{i < FStar.Seq.Base.length k}; got type Prims.int (see also FStar.Seq.Base.fst(30,49-30,61))
C:/build/agent1/_work/8/s/specs/Spec.Curve25519.fst(90,32-90,33): (Warning 252) (Hint-replay failed): Subtyping check failed; expected type Spec.Curve25519.scalar; got type FStar.Seq.Base.seq FStar.UInt8.t (see also C:/build/agent1/_work/8/s/specs/Spec.Lib.fst(23,36-23,48))
C:/build/agent1/_work/8/s/specs/Spec.SHA2_384.fst(125,30-125,31): (Warning 252) (Hint-replay failed): Subtyping check failed; expected type i: Prims.nat{i < FStar.Seq.Base.length b}; got type t: Spec.SHA2_384.counter{t < Spec.SHA2_384.size_k_w} (see also FStar.Seq.Base.fst(30,49-30,61))
C:/build/agent1/_work/8/s/specs/Spec.SHA2_384.fst(138,16-138,17): (Warning 252) (Hint-replay failed): Subtyping check failed; expected type i: Prims.nat{i < FStar.Seq.Base.length hash}; got type Prims.int (see also FStar.Seq.Base.fst(30,49-30,61))
C:/build/agent1/_work/8/s/specs/Spec.SHA2_384.fst(162,48-162,54): (Warning 252) (Hint-replay failed): Subtyping check failed; expected type s': FStar.Seq.Base.seq FStar.UInt64.t {FStar.Seq.Base.length hash = FStar.Seq.Base.length s'}; got type Spec.SHA2_384.hash_w (see also Spec.Loops.fst(23,30-23,58))
C:/build/agent1/_work/8/s/specs/Spec.SHA2_384.fst(251,38-251,55): (Warning 252) (Hint-replay failed): Subtyping check failed; expected type j: Prims.nat{0 <= j && j <= FStar.Seq.Base.length hashw}; got type Prims.int
C:/build/agent1/_work/8/s/specs/Spec.SHA2_256.fst(116,30-116,31): (Warning 252) (Hint-replay failed): Subtyping check failed; expected type i: Prims.nat{i < FStar.Seq.Base.length b}; got type t: Spec.SHA2_256.counter{t < Spec.SHA2_256.size_k_w} (see also FStar.Seq.Base.fst(30,49-30,61))
C:/build/agent1/_work/8/s/specs/Spec.SHA2_256.fst(129,16-129,17): (Warning 252) (Hint-replay failed): Subtyping check failed; expected type i: Prims.nat{i < FStar.Seq.Base.length hash}; got type Prims.int (see also FStar.Seq.Base.fst(30,49-30,61))
C:/build/agent1/_work/8/s/specs/Spec.SHA2_256.fst(153,42-153,48): (Warning 252) (Hint-replay failed): Subtyping check failed; expected type s': FStar.Seq.Base.seq FStar.UInt32.t {FStar.Seq.Base.length hash = FStar.Seq.Base.length s'}; got type Spec.SHA2_256.hash_w (see also Spec.Loops.fst(23,30-23,58))
C:/build/agent1/_work/8/s/specs/Spec.SHA2_512.fst(124,30-124,31): (Warning 252) (Hint-replay failed): Subtyping check failed; expected type i: Prims.nat{i < FStar.Seq.Base.length b}; got type t: Spec.SHA2_512.counter{t < Spec.SHA2_512.size_k_w} (see also FStar.Seq.Base.fst(30,49-30,61))
C:/build/agent1/_work/8/s/specs/Spec.SHA2_512.fst(137,16-137,17): (Warning 252) (Hint-replay failed): Subtyping check failed; expected type i: Prims.nat{i < FStar.Seq.Base.length hash}; got type Prims.int (see also FStar.Seq.Base.fst(30,49-30,61))
C:/build/agent1/_work/8/s/specs/Spec.SHA2_512.fst(161,48-161,54): (Warning 252) (Hint-replay failed): Subtyping check failed; expected type s': FStar.Seq.Base.seq FStar.UInt64.t {FStar.Seq.Base.length hash = FStar.Seq.Base.length s'}; got type Spec.SHA2_512.hash_w (see also Spec.Loops.fst(23,30-23,58))
C:/build/agent1/_work/8/s/code/poly1305/Hacl.Spec.Bignum.Modulo.fst(35,17-35,18): (Warning 252) (Hint-replay failed): Subtyping check failed; expected type i: Prims.nat{i < FStar.Seq.Base.length s}; got type Prims.int (see also FStar.Seq.Base.fst(30,49-30,61))
C:/build/agent1/_work/8/s/code/poly1305/Hacl.Spec.Bignum.Modulo.fst(44,23-44,24): (Warning 252) (Hint-replay failed): Subtyping check failed; expected type i: Prims.nat{i < FStar.Seq.Base.length s}; got type Prims.int (see also FStar.Seq.Base.fst(30,49-30,61))
C:/build/agent1/_work/8/s/code/poly1305/Hacl.Spec.Bignum.Modulo.fst(55,39-55,42): (Warning 252) (Hint-replay failed): Subtyping check failed; expected type j: Prims.nat{1 <= j && j <= FStar.Seq.Base.length s}; got type Prims.int
C:/build/agent1/_work/8/s/code/poly1305/Hacl.Spec.Bignum.Modulo.fst(60,23-60,24): (Warning 252) (Hint-replay failed): Subtyping check failed; expected type i: Prims.nat{i < FStar.Seq.Base.length s}; got type Prims.int (see also FStar.Seq.Base.fst(30,49-30,61))
C:/build/agent1/_work/8/s/code/poly1305/Hacl.Spec.Bignum.Modulo.fst(86,28-86,29): (Warning 252) (Hint-replay failed): Subtyping check failed; expected type i: Prims.nat{i < FStar.Seq.Base.length s}; got type Prims.int (see also FStar.Seq.Base.fst(30,49-30,61))
C:/build/agent1/_work/8/s/code/poly1305/Hacl.Spec.Bignum.Modulo.fst(97,56-97,59): (Warning 252) (Hint-replay failed): Subtyping check failed; expected type j: Prims.nat{1 <= j && j <= FStar.Seq.Base.length s}; got type Prims.int
C:/build/agent1/_work/8/s/code/poly1305/Hacl.Spec.Bignum.Modulo.fst(100,38-100,41): (Warning 252) (Hint-replay failed): Subtyping check failed; expected type j: Prims.nat{1 <= j && j <= FStar.Seq.Base.length s}; got type Prims.int
C:/build/agent1/_work/8/s/code/poly1305/Hacl.Spec.Bignum.Modulo.fst(111,22-111,23): (Warning 252) (Hint-replay failed): Subtyping check failed; expected type i: Prims.nat{i < FStar.Seq.Base.length s}; got type Prims.int (see also FStar.Seq.Base.fst(30,49-30,61))
C:/build/agent1/_work/8/s/code/poly1305/Hacl.Spec.Bignum.Modulo.fst(118,23-118,24): (Warning 252) (Hint-replay failed): Subtyping check failed; expected type i: Prims.nat{i < FStar.Seq.Base.length s}; got type Prims.int (see also FStar.Seq.Base.fst(30,49-30,61))
C:/build/agent1/_work/8/s/code/poly1305/Hacl.Spec.Bignum.Modulo.fst(137,20-137,21): (Warning 252) (Hint-replay failed): Subtyping check failed; expected type i: Prims.nat{i < FStar.Seq.Base.length s'}; got type Prims.int (see also FStar.Seq.Base.fst(30,49-30,61))
C:/build/agent1/_work/8/s/code/poly1305/Hacl.Spec.Bignum.Modulo.fst(141,23-141,24): (Warning 252) (Hint-replay failed): Subtyping check failed; expected type i: Prims.nat{i < FStar.Seq.Base.length s}; got type Prims.int (see also FStar.Seq.Base.fst(30,49-30,61))
C:/build/agent1/_work/8/s/code/poly1305/Hacl.Spec.Bignum.Modulo.fst(185,61-185,62): (Warning 252) (Hint-replay failed): Subtyping check failed; expected type i: Prims.nat{i < FStar.Seq.Base.length s}; got type Prims.int (see also FStar.Seq.Base.fst(30,49-30,61))
C:/build/agent1/_work/8/s/code/poly1305/Hacl.Spec.Bignum.Modulo.fst(200,22-200,23): (Warning 252) (Hint-replay failed): Subtyping check failed; expected type i: Prims.nat{i < FStar.Seq.Base.length s}; got type Prims.int (see also FStar.Seq.Base.fst(30,49-30,61))
C:/build/agent1/_work/8/s/code/poly1305/Hacl.Spec.Bignum.Modulo.fst(207,23-207,24): (Warning 252) (Hint-replay failed): Subtyping check failed; expected type i: Prims.nat{i < FStar.Seq.Base.length s}; got type Prims.int (see also FStar.Seq.Base.fst(30,49-30,61))
C:/build/agent1/_work/8/s/code/poly1305/Hacl.Spec.Bignum.Modulo.fst(227,20-227,21): (Warning 252) (Hint-replay failed): Subtyping check failed; expected type i: Prims.nat{i < FStar.Seq.Base.length s'}; got type Prims.int (see also FStar.Seq.Base.fst(30,49-30,61))
C:/build/agent1/_work/8/s/code/poly1305/Hacl.Spec.Bignum.Modulo.fst(231,23-231,24): (Warning 252) (Hint-replay failed): Subtyping check failed; expected type i: Prims.nat{i < FStar.Seq.Base.length s}; got type Prims.int (see also FStar.Seq.Base.fst(30,49-30,61))
C:/build/agent1/_work/8/s/code/poly1305/Hacl.Spec.Bignum.Modulo.fst(250,33-250,34): (Warning 252) (Hint-replay failed): Subtyping check failed; expected type i: Prims.nat{i < FStar.Seq.Base.length s}; got type Prims.int (see also FStar.Seq.Base.fst(30,49-30,61))
C:/build/agent1/_work/8/s/code/poly1305/Hacl.Spec.Bignum.Modulo.fst(269,61-269,62): (Warning 252) (Hint-replay failed): Subtyping check failed; expected type i: Prims.nat{i < FStar.Seq.Base.length s}; got type Prims.int (see also FStar.Seq.Base.fst(30,49-30,61))
C:/build/agent1/_work/8/s/specs/Spec.CTR.fst(25,58-25,59): (Warning 252) (Hint-replay failed): Subtyping check failed; expected type s': FStar.Seq.Base.seq FStar.UInt8.t {FStar.Seq.Base.length x = FStar.Seq.Base.length s'}; got type Spec.Lib.lbytes len (see also Spec.Loops.fst(23,30-23,58))
C:/build/agent1/_work/8/s/specs/Spec.CTR.fst(79,30-79,38): (Warning 252) (Hint-replay failed): Subtyping check failed; expected type j: Prims.nat{0 <= j && j <= FStar.Seq.Base.length mask}; got type Prims.int (see also C:/build/agent1/_work/8/s/specs/Spec.CTR.fst(67,6-67,14))
C:/build/agent1/_work/8/s/code/salsa-family/Hacl.Impl.Xor.Lemmas.fst(87,48-87,53): (Warning 252) (Hint-replay failed): Subtyping check failed; expected type j: Prims.nat{s <= j && j <= FStar.Seq.Base.length (FStar.BitVector.logxor_vec vx vy)}; got type Prims.int
C:/build/agent1/_work/8/s/code/salsa-family/Hacl.Impl.Xor.Lemmas.fst(94,23-94,28): (Warning 252) (Hint-replay failed): Subtyping check failed; expected type j: Prims.nat{s <= j && j <= FStar.Seq.Base.length vx}; got type Prims.int
C:/build/agent1/_work/8/s/code/salsa-family/Hacl.Impl.Xor.Lemmas.fst(108,17-108,19): (Warning 252) (Hint-replay failed): Subtyping check failed; expected type j: Prims.nat{24 <= j && j <= FStar.Seq.Base.length vx8}; got type Prims.int
C:/build/agent1/_work/8/s/code/salsa-family/Hacl.Impl.Xor.Lemmas.fst(116,31-116,33): (Warning 252) (Hint-replay failed): Subtyping check failed; expected type j: Prims.nat{24 <= j && j <= FStar.Seq.Base.length vx8}; got type Prims.int
C:/build/agent1/_work/8/s/code/salsa-family/Hacl.Impl.Xor.Lemmas.fst(126,14-126,20): (Warning 252) (Hint-replay failed): Subtyping check failed; expected type Prims.eqtype; got type Type0 (see also prims.fst(27,21-27,28))
C:/build/agent1/_work/8/s/code/salsa-family/Hacl.Impl.Xor.Lemmas.fst(137,95-137,97): (Warning 252) (Hint-replay failed): Subtyping check failed; expected type j:
Prims.nat
{ 24 <= j &&
j <=
FStar.Seq.Base.length (FStar.BitVector.logand_vec (FStar.UInt.to_vec (FStar.UInt32.v x))
(FStar.UInt.to_vec 0xff)) }; got type Prims.int
C:/build/agent1/_work/8/s/code/salsa-family/Hacl.Impl.Xor.Lemmas.fst(145,87-145,88): (Warning 252) (Hint-replay failed): Subtyping check failed; expected type i: Prims.nat{i < FStar.Seq.Base.length (FStar.BitVector.logand_vec vx vones)}; got type Prims.nat (see also FStar.Seq.Base.fst(30,49-30,61))
C:/build/agent1/_work/8/s/code/salsa-family/Hacl.Impl.Xor.Lemmas.fst(157,18-157,20): (Warning 252) (Hint-replay failed): Subtyping check failed; expected type j: Prims.nat{24 <= j && j <= FStar.Seq.Base.length vx}; got type Prims.int
C:/build/agent1/_work/8/s/code/salsa-family/Hacl.Impl.Xor.Lemmas.fst(163,2-175,18): (Warning 252) (Hint-replay failed): could not prove post-condition (see also C:/build/agent1/_work/8/s/code/salsa-family/Hacl.Impl.Xor.Lemmas.fst(157,4-157,61))
C:/build/agent1/_work/8/s/code/salsa-family/Hacl.Impl.Xor.Lemmas.fst(181,93-181,95): (Warning 252) (Hint-replay failed): Subtyping check failed; expected type j:
Prims.nat
{ 24 <= j &&
j <=
FStar.Seq.Base.length (FStar.UInt.to_vec (FStar.UInt32.v (x &^ FStar.UInt32.__uint_to_t 0xff)))
}; got type Prims.int
C:/build/agent1/_work/8/s/code/salsa-family/Hacl.Impl.Xor.Lemmas.fst(185,2-188,57): (Warning 252) (Hint-replay failed): could not prove post-condition (see also C:/build/agent1/_work/8/s/code/salsa-family/Hacl.Impl.Xor.Lemmas.fst(183,26-183,34))
C:/build/agent1/_work/8/s/code/salsa-family/Hacl.Impl.Xor.Lemmas.fst(195,69-195,71): (Warning 252) (Hint-replay failed): Subtyping check failed; expected type j:
Prims.nat
{ 24 <= j &&
j <=
FStar.Seq.Base.length (FStar.UInt.to_vec (FStar.UInt32.v (x &^ FStar.UInt32.__uint_to_t 0xff)))
}; got type Prims.int
Spec.Loops.fst(25,124-25,125): (Warning 252) (Hint-replay failed): Subtyping check failed; expected type i: Prims.nat{i < FStar.Seq.Base.length out2}; got type Prims.nat (see also FStar.Seq.Base.fst(30,49-30,61))
C:/build/agent1/_work/8/s/code/salsa-family/Hacl.Impl.Xor.Lemmas.fst(238,2-238,5): (Warning 252) (Hint-replay failed): assertion failed (see also C:/build/agent1/_work/8/s/code/salsa-family/Hacl.Impl.Xor.Lemmas.fst(238,6-238,66))
Spec.Loops.fst(25,124-25,125): (Warning 252) (Hint-replay failed): Subtyping check failed; expected type i: Prims.nat{i < FStar.Seq.Base.length out2}; got type Prims.nat (see also FStar.Seq.Base.fst(30,49-30,61))
C:/build/agent1/_work/8/s/code/salsa-family/Hacl.Impl.Xor.Lemmas.fst(265,4-265,18): (Warning 252) (Hint-replay failed): assertion failed (see also FStar.Seq.Base.fst(215,87-215,113))
Spec.Loops.fst(25,124-25,125): (Warning 252) (Hint-replay failed): Subtyping check failed; expected type i: Prims.nat{i < FStar.Seq.Base.length out2}; got type Prims.nat (see also FStar.Seq.Base.fst(30,49-30,61))
C:/build/agent1/_work/8/s/specs/Spec.Chacha20.fst(70,2-73,21): (Warning 252) (Hint-replay failed): Subtyping check failed; expected type Spec.Chacha20.state; got type FStar.Seq.Base.seq FStar.UInt32.t (see also C:/build/agent1/_work/8/s/specs/Spec.Chacha20.fst(27,29-27,42))
C:/build/agent1/_work/8/s/code/salsa-family/Hacl.Chacha20.fst(23,11-23,25): (Warning 252) (Hint-replay failed): assertion failed (see also C:/build/agent1/_work/8/s/code/salsa-family/Hacl.Impl.Chacha20.fst(437,24-437,43))
C:/build/agent1/_work/8/s/specs/Spec.Chacha20Poly1305.fst(29,28-29,30): (Warning 252) (Hint-replay failed): Subtyping check failed; expected type j: Prims.nat{0 <= j && j <= FStar.Seq.Base.length b0}; got type Prims.int
C:/build/agent1/_work/8/s/specs/Spec.Chacha20Poly1305.fst(118,59-118,62): (Warning 252) (Hint-replay failed): Subtyping check failed; expected type aad:
Spec.Chacha20Poly1305.bytes
{ (FStar.Seq.Base.length cipher + FStar.Seq.Base.length aad) / Spec.Chacha20.blocklen <
Prims.pow2 32 }; got type FStar.Seq.Base.seq FStar.UInt8.t (see also C:/build/agent1/_work/8/s/specs/Spec.Chacha20Poly1305.fst(46,43-46,101))
C:/build/agent1/_work/8/s/code/bignum/Hacl.Spec.Bignum.Fproduct.fst(19,75-19,76): (Warning 252) (Hint-replay failed): Subtyping check failed; expected type i: Prims.nat{i < FStar.Seq.Base.length s}; got type Prims.nat (see also FStar.Seq.Base.fst(30,49-30,61))
C:/build/agent1/_work/8/s/code/bignum/Hacl.Spec.Bignum.Fproduct.fst(25,63-25,64): (Warning 252) (Hint-replay failed): Subtyping check failed; expected type i: Prims.nat{i < FStar.Seq.Base.length s'}; got type Prims.nat (see also FStar.Seq.Base.fst(30,49-30,61))
C:/build/agent1/_work/8/s/code/bignum/Hacl.Spec.Bignum.Fproduct.fst(27,2-27,48): (Warning 252) (Hint-replay failed): Subtyping check failed; expected type s':
Hacl.Bignum.Parameters.seqelem
{ forall (j: Prims.nat).
j < Hacl.Bignum.Parameters.len ==>
Hacl.Bignum.Limb.v (FStar.Seq.Base.index s' j) =
Hacl.Bignum.Parameters.w (FStar.Seq.Base.index s j) }; got type s':
FStar.Seq.Base.seq Hacl.Bignum.Parameters.limb
{ FStar.Seq.Base.length s = FStar.Seq.Base.length s' /\
(forall (i: Prims.nat). {:pattern FStar.Seq.Base.index s' i}
i < FStar.Seq.Base.length s' ==>
FStar.Seq.Base.index s' i == Hacl.Bignum.Parameters.wide_to_limb (FStar.Seq.Base.index s i))
} (see also C:/build/agent1/_work/8/s/code/poly1305/Hacl.Bignum.Parameters.fst(33,30-33,48))
C:/build/agent1/_work/8/s/code/bignum/Hacl.Spec.Bignum.Fproduct.fst(39,63-39,64): (Warning 252) (Hint-replay failed): Subtyping check failed; expected type i: Prims.nat{i < FStar.Seq.Base.length s'}; got type Prims.nat (see also FStar.Seq.Base.fst(30,49-30,61))
C:/build/agent1/_work/8/s/code/bignum/Hacl.Spec.Bignum.Fproduct.fst(50,29-50,38): (Warning 252) (Hint-replay failed): Subtyping check failed; expected type j: Prims.nat{0 <= j && j <= FStar.Seq.Base.length s}; got type Prims.int
C:/build/agent1/_work/8/s/code/bignum/Hacl.Spec.Bignum.Fproduct.fst(57,37-57,38): (Warning 252) (Hint-replay failed): Subtyping check failed; expected type i: Prims.nat{i < FStar.Seq.Base.length (Hacl.Spec.Bignum.Fproduct.shift_spec s)}; got type Prims.nat (see also FStar.Seq.Base.fst(30,49-30,61))
C:/build/agent1/_work/8/s/code/bignum/Hacl.Spec.Bignum.Fproduct.fst(59,37-59,39): (Warning 252) (Hint-replay failed): could not prove post-condition (see also C:/build/agent1/_work/8/s/code/bignum/Hacl.Spec.Bignum.Fproduct.fst(57,12-57,59))
C:/build/agent1/_work/8/s/code/bignum/Hacl.Spec.Bignum.Fproduct.fst(67,99-67,100): (Warning 252) (Hint-replay failed): Subtyping check failed; expected type i: Prims.nat{i < FStar.Seq.Base.length sw}; got type Prims.nat (see also FStar.Seq.Base.fst(30,49-30,61))
C:/build/agent1/_work/8/s/code/bignum/Hacl.Spec.Bignum.Fproduct.fst(85,22-85,23): (Warning 252) (Hint-replay failed): Subtyping check failed; expected type i: Prims.nat{i < FStar.Seq.Base.length s'}; got type Prims.nat (see also FStar.Seq.Base.fst(30,49-30,61))
C:/build/agent1/_work/8/s/code/bignum/Hacl.Spec.Bignum.Fproduct.fst(87,77-87,78): (Warning 252) (Hint-replay failed): Subtyping check failed; expected type s':
FStar.Seq.Base.seq Hacl.Bignum.Parameters.limb {FStar.Seq.Base.length sw = FStar.Seq.Base.length s'}; got type Hacl.Bignum.Parameters.seqelem (see also Spec.Loops.fst(23,30-23,58))
C:/build/agent1/_work/8/s/code/bignum/Hacl.Spec.Bignum.Fproduct.fst(85,22-85,23): (Warning 252) (Hint-replay failed): Subtyping check failed; expected type i: Prims.nat{i < FStar.Seq.Base.length s'}; got type Prims.nat (see also FStar.Seq.Base.fst(30,49-30,61))
C:/build/agent1/_work/8/s/code/bignum/Hacl.Spec.Bignum.Fproduct.fst(121,88-121,89): (Warning 252) (Hint-replay failed): Subtyping check failed; expected type i: Prims.nat{i < FStar.Seq.Base.length s}; got type Prims.nat (see also FStar.Seq.Base.fst(30,49-30,61))
C:/build/agent1/_work/8/s/code/bignum/Hacl.Spec.Bignum.Fproduct.fst(131,32-131,33): (Warning 252) (Hint-replay failed): Subtyping check failed; expected type i: Prims.nat{i < FStar.Seq.Base.length s'}; got type Prims.nat (see also FStar.Seq.Base.fst(30,49-30,61))
C:/build/agent1/_work/8/s/code/bignum/Hacl.Spec.Bignum.Fproduct.fst(142,25-142,26): (Warning 252) (Hint-replay failed): Subtyping check failed; expected type i: Prims.nat{i < FStar.Seq.Base.length s}; got type i: Prims.nat{i < Hacl.Bignum.Parameters.len - 1 /\ Hacl.Spec.Bignum.Fproduct.carry_wide_pre s i} (see also FStar.Seq.Base.fst(30,49-30,61))
C:/build/agent1/_work/8/s/code/bignum/Hacl.Spec.Bignum.Fproduct.fst(203,78-203,79): (Warning 252) (Hint-replay failed): Subtyping check failed; expected type i: Prims.nat{i < FStar.Seq.Base.length s}; got type Prims.nat (see also FStar.Seq.Base.fst(30,49-30,61))
C:/build/agent1/_work/8/s/code/bignum/Hacl.Spec.Bignum.Fproduct.fst(203,78-203,79): (Warning 252) (Hint-replay failed): Subtyping check failed; expected type i: Prims.nat{i < FStar.Seq.Base.length s}; got type Prims.nat (see also FStar.Seq.Base.fst(30,49-30,61))
C:/build/agent1/_work/8/s/code/bignum/Hacl.Spec.Bignum.Fproduct.fst(131,32-131,33): (Warning 252) (Hint-replay failed): Subtyping check failed; expected type i: Prims.nat{i < FStar.Seq.Base.length s'}; got type Prims.nat (see also FStar.Seq.Base.fst(30,49-30,61))
C:/build/agent1/_work/8/s/code/bignum/Hacl.Spec.Bignum.Fproduct.fst(254,84-254,85): (Warning 252) (Hint-replay failed): Subtyping check failed; expected type i: Prims.nat{i < FStar.Seq.Base.length s'}; got type Prims.nat (see also FStar.Seq.Base.fst(30,49-30,61))
C:/build/agent1/_work/8/s/code/bignum/Hacl.Spec.Bignum.Fproduct.fst(254,84-254,85): (Warning 252) (Hint-replay failed): Subtyping check failed; expected type i: Prims.nat{i < FStar.Seq.Base.length s'}; got type Prims.nat (see also FStar.Seq.Base.fst(30,49-30,61))
C:/build/agent1/_work/8/s/code/bignum/Hacl.Spec.Bignum.Fproduct.fst(254,84-254,85): (Warning 252) (Hint-replay failed): Subtyping check failed; expected type i: Prims.nat{i < FStar.Seq.Base.length s'}; got type Prims.nat (see also FStar.Seq.Base.fst(30,49-30,61))
C:/build/agent1/_work/8/s/code/bignum/Hacl.Spec.Bignum.Fproduct.fst(285,90-285,91): (Warning 252) (Hint-replay failed): Subtyping check failed; expected type i: Prims.nat{i < FStar.Seq.Base.length s'}; got type Prims.nat (see also FStar.Seq.Base.fst(30,49-30,61))
C:/build/agent1/_work/8/s/code/bignum/Hacl.Spec.Bignum.Fproduct.fst(301,88-301,89): (Warning 252) (Hint-replay failed): Subtyping check failed; expected type i: Prims.nat{i < FStar.Seq.Base.length s}; got type Prims.nat (see also FStar.Seq.Base.fst(30,49-30,61))
C:/build/agent1/_work/8/s/code/bignum/Hacl.Spec.Bignum.Fproduct.fst(311,32-311,33): (Warning 252) (Hint-replay failed): Subtyping check failed; expected type i: Prims.nat{i < FStar.Seq.Base.length s'}; got type Prims.nat (see also FStar.Seq.Base.fst(30,49-30,61))
C:/build/agent1/_work/8/s/code/bignum/Hacl.Spec.Bignum.Fproduct.fst(315,25-315,26): (Warning 252) (Hint-replay failed): Subtyping check failed; expected type i: Prims.nat{i < FStar.Seq.Base.length s}; got type i: Prims.nat{i < Hacl.Bignum.Parameters.len - 1 /\ Hacl.Spec.Bignum.Fproduct.carry_limb_pre s i} (see also FStar.Seq.Base.fst(30,49-30,61))
C:/build/agent1/_work/8/s/code/bignum/Hacl.Spec.Bignum.Fproduct.fst(311,32-311,33): (Warning 252) (Hint-replay failed): Subtyping check failed; expected type i: Prims.nat{i < FStar.Seq.Base.length s'}; got type Prims.nat (see also FStar.Seq.Base.fst(30,49-30,61))
C:/build/agent1/_work/8/s/code/bignum/Hacl.Spec.Bignum.Fproduct.fst(311,32-311,33): (Warning 252) (Hint-replay failed): Subtyping check failed; expected type i: Prims.nat{i < FStar.Seq.Base.length s'}; got type Prims.nat (see also FStar.Seq.Base.fst(30,49-30,61))
C:/build/agent1/_work/8/s/code/bignum/Hacl.Spec.Bignum.Fproduct.fst(442,61-442,62): (Warning 252) (Hint-replay failed): Subtyping check failed; expected type i: Prims.nat{i < FStar.Seq.Base.length input}; got type Prims.nat (see also FStar.Seq.Base.fst(30,49-30,61))
C:/build/agent1/_work/8/s/code/bignum/Hacl.Spec.Bignum.Fproduct.fst(448,25-448,26): (Warning 252) (Hint-replay failed): Subtyping check failed; expected type i: Prims.nat{i < FStar.Seq.Base.length output}; got type Prims.int (see also FStar.Seq.Base.fst(30,49-30,61))
C:/build/agent1/_work/8/s/code/bignum/Hacl.Spec.Bignum.Fproduct.fst(451,27-451,28): (Warning 252) (Hint-replay failed): Subtyping check failed; expected type i: Prims.nat{i < FStar.Seq.Base.length input}; got type Prims.int (see also FStar.Seq.Base.fst(30,49-30,61))
C:/build/agent1/_work/8/s/code/api/Hacl.Chacha20Poly1305.fst(65,141-65,142): (Warning 252) (Hint-replay failed): Subtyping check failed; expected type Spec.Poly1305.elem; got type FStar.UInt.uint_t 128 (see also C:/build/agent1/_work/8/s/specs/Spec.Poly1305.fst(16,28-16,37))
C:/build/agent1/_work/8/s/code/api/Hacl.Chacha20Poly1305.fst(193,67-193,69): (Warning 252) (Hint-replay failed): Subtyping check failed; expected type j: Prims.nat{0 <= j && j <= FStar.Seq.Base.length (Spec.Chacha20.chacha20_block k n 0)}; got type Prims.int
C:/build/agent1/_work/8/s/code/poly1305/Hacl.Spec.Bignum.AddAndMultiply.fst(31,17-31,18): (Warning 252) (Hint-replay failed): Subtyping check failed; expected type i: Prims.nat{i < FStar.Seq.Base.length s}; got type Prims.int (see also FStar.Seq.Base.fst(30,49-30,61))
C:/build/agent1/_work/8/s/code/poly1305/Hacl.Spec.Bignum.AddAndMultiply.fst(33,17-33,18): (Warning 252) (Hint-replay failed): Subtyping check failed; expected type i: Prims.nat{i < FStar.Seq.Base.length s}; got type Prims.int (see also FStar.Seq.Base.fst(30,49-30,61))
C:/build/agent1/_work/8/s/code/poly1305/Hacl.Spec.Bignum.AddAndMultiply.fst(35,17-35,18): (Warning 252) (Hint-replay failed): Subtyping check failed; expected type i: Prims.nat{i < FStar.Seq.Base.length s}; got type Prims.int (see also FStar.Seq.Base.fst(30,49-30,61))
C:/build/agent1/_work/8/s/code/poly1305/Hacl.Spec.Bignum.AddAndMultiply.fst(41,17-41,18): (Warning 252) (Hint-replay failed): Subtyping check failed; expected type i: Prims.nat{i < FStar.Seq.Base.length s}; got type Prims.int (see also FStar.Seq.Base.fst(30,49-30,61))
C:/build/agent1/_work/8/s/code/poly1305/Hacl.Spec.Bignum.AddAndMultiply.fst(47,22-47,23): (Warning 252) (Hint-replay failed): Subtyping check failed; expected type n: Prims.nat{n < FStar.Seq.Base.length a}; got type Prims.int (see also FStar.Seq.Base.fst(78,46-78,58))
C:/build/agent1/_work/8/s/code/poly1305/Hacl.Spec.Bignum.AddAndMultiply.fst(55,3-55,16): (Warning 252) (Hint-replay failed): Subtyping check failed; expected type i: Prims.nat{i < FStar.Seq.Base.length s}; got type Prims.int (see also FStar.Seq.Base.fst(30,49-30,61))
C:/build/agent1/_work/8/s/code/poly1305/Hacl.Spec.Bignum.AddAndMultiply.fst(57,6-57,20): (Warning 252) (Hint-replay failed): assertion failed (see also FStar.Seq.Base.fst(214,16-214,37))
C:/build/agent1/_work/8/s/code/bignum/Hacl.Spec.Bignum.Fsum.fst(29,59-29,60): (Warning 252) (Hint-replay failed): Subtyping check failed; expected type i: Prims.nat{i < FStar.Seq.Base.length s''}; got type Prims.nat (see also FStar.Seq.Base.fst(30,49-30,61))
C:/build/agent1/_work/8/s/code/poly1305/Hacl.Spec.Bignum.AddAndMultiply.fst(73,33-73,59): (Warning 252) (Hint-replay failed): Subtyping check failed; expected type Hacl.Bignum.Parameters.seqelem_wide; got type FStar.Seq.Base.seq Hacl.Bignum.Parameters.wide (see also C:/build/agent1/_work/8/s/code/poly1305/Hacl.Bignum.Parameters.fst(34,35-34,53))
C:/build/agent1/_work/8/s/code/poly1305/Hacl.Spec.Bignum.AddAndMultiply.fst(93,114-93,121): (Warning 252) (Hint-replay failed): Subtyping check failed; expected type i: Prims.nat{i < FStar.Seq.Base.length input2}; got type Prims.int (see also FStar.Seq.Base.fst(30,49-30,61))
C:/build/agent1/_work/8/s/code/poly1305/Hacl.Spec.Bignum.AddAndMultiply.fst(98,115-98,116): (Warning 252) (Hint-replay failed): Subtyping check failed; expected type i: Prims.nat{i < FStar.Seq.Base.length input2}; got type Prims.int (see also FStar.Seq.Base.fst(30,49-30,61))
C:/build/agent1/_work/8/s/code/poly1305/Hacl.Spec.Bignum.AddAndMultiply.fst(103,115-103,116): (Warning 252) (Hint-replay failed): Subtyping check failed; expected type i: Prims.nat{i < FStar.Seq.Base.length input2}; got type Prims.int (see also FStar.Seq.Base.fst(30,49-30,61))
C:/build/agent1/_work/8/s/code/poly1305/Hacl.Spec.Bignum.AddAndMultiply.fst(109,34-109,60): (Warning 252) (Hint-replay failed): Subtyping check failed; expected type Hacl.Bignum.Parameters.seqelem_wide; got type FStar.Seq.Base.seq Hacl.Bignum.Parameters.wide (see also C:/build/agent1/_work/8/s/code/poly1305/Hacl.Bignum.Parameters.fst(34,35-34,53))
C:/build/agent1/_work/8/s/code/poly1305/Hacl.Spec.Bignum.AddAndMultiply.fst(128,33-128,59): (Warning 252) (Hint-replay failed): Subtyping check failed; expected type Hacl.Bignum.Parameters.seqelem_wide; got type FStar.Seq.Base.seq Hacl.Bignum.Parameters.wide (see also C:/build/agent1/_work/8/s/code/poly1305/Hacl.Bignum.Parameters.fst(34,35-34,53))
C:/build/agent1/_work/8/s/code/poly1305/Hacl.Spec.Bignum.AddAndMultiply.fst(141,35-141,61): (Warning 252) (Hint-replay failed): Subtyping check failed; expected type Hacl.Bignum.Parameters.seqelem_wide; got type FStar.Seq.Base.seq Hacl.Bignum.Parameters.wide (see also C:/build/agent1/_work/8/s/code/poly1305/Hacl.Bignum.Parameters.fst(34,35-34,53))
C:/build/agent1/_work/8/s/code/poly1305/Hacl.Spec.Bignum.AddAndMultiply.fst(151,12-151,39): (Warning 252) (Hint-replay failed): Subtyping check failed; expected type Hacl.Bignum.Parameters.seqelem_wide; got type FStar.Seq.Base.seq Hacl.Bignum.Parameters.wide (see also C:/build/agent1/_work/8/s/code/poly1305/Hacl.Bignum.Parameters.fst(34,35-34,53))
C:/build/agent1/_work/8/s/code/poly1305/Hacl.Spec.Bignum.AddAndMultiply.fst(162,17-162,18): (Warning 252) (Hint-replay failed): Subtyping check failed; expected type i: Prims.nat{i < FStar.Seq.Base.length s}; got type Prims.int (see also FStar.Seq.Base.fst(30,49-30,61))
C:/build/agent1/_work/8/s/code/poly1305/Hacl.Spec.Bignum.AddAndMultiply.fst(165,17-165,18): (Warning 252) (Hint-replay failed): Subtyping check failed; expected type i: Prims.nat{i < FStar.Seq.Base.length s}; got type Prims.int (see also FStar.Seq.Base.fst(30,49-30,61))
C:/build/agent1/_work/8/s/code/poly1305/Hacl.Spec.Bignum.AddAndMultiply.fst(169,18-169,19): (Warning 252) (Hint-replay failed): Subtyping check failed; expected type i: Prims.nat{i < FStar.Seq.Base.length sw}; got type Prims.int (see also FStar.Seq.Base.fst(30,49-30,61))
C:/build/agent1/_work/8/s/code/poly1305/Hacl.Spec.Bignum.AddAndMultiply.fst(190,20-190,21): (Warning 252) (Hint-replay failed): Subtyping check failed; expected type i: Prims.nat{i < FStar.Seq.Base.length s'}; got type Prims.int (see also FStar.Seq.Base.fst(30,49-30,61))
C:/build/agent1/_work/8/s/code/poly1305/Hacl.Spec.Bignum.AddAndMultiply.fst(197,23-197,24): (Warning 252) (Hint-replay failed): Subtyping check failed; expected type i: Prims.nat{i < FStar.Seq.Base.length s}; got type Prims.int (see also FStar.Seq.Base.fst(30,49-30,61))
C:/build/agent1/_work/8/s/code/poly1305/Hacl.Spec.Bignum.AddAndMultiply.fst(213,20-213,21): (Warning 252) (Hint-replay failed): Subtyping check failed; expected type i: Prims.nat{i < FStar.Seq.Base.length s'}; got type Prims.int (see also FStar.Seq.Base.fst(30,49-30,61))
C:/build/agent1/_work/8/s/code/poly1305/Hacl.Spec.Bignum.AddAndMultiply.fst(217,23-217,24): (Warning 252) (Hint-replay failed): Subtyping check failed; expected type i: Prims.nat{i < FStar.Seq.Base.length s}; got type Prims.int (see also FStar.Seq.Base.fst(30,49-30,61))
C:/build/agent1/_work/8/s/code/bignum/Hacl.Spec.Bignum.Fproduct.fst(85,22-85,23): (Warning 252) (Hint-replay failed): Subtyping check failed; expected type i: Prims.nat{i < FStar.Seq.Base.length s'}; got type Prims.nat (see also FStar.Seq.Base.fst(30,49-30,61))
C:/build/agent1/_work/8/s/code/poly1305/Hacl.Spec.Bignum.AddAndMultiply.fst(240,40-240,66): (Warning 252) (Hint-replay failed): Subtyping check failed; expected type Hacl.Bignum.Parameters.seqelem_wide; got type FStar.Seq.Base.seq Hacl.Bignum.Parameters.wide (see also C:/build/agent1/_work/8/s/code/poly1305/Hacl.Bignum.Parameters.fst(34,35-34,53))
C:/build/agent1/_work/8/s/code/poly1305/Hacl.Spec.Bignum.AddAndMultiply.fst(250,34-250,35): (Warning 252) (Hint-replay failed): Subtyping check failed; expected type i: Prims.nat{i < FStar.Seq.Base.length s1}; got type Prims.int (see also FStar.Seq.Base.fst(30,49-30,61))
C:/build/agent1/_work/8/s/code/poly1305/Hacl.Spec.Bignum.AddAndMultiply.fst(265,59-265,60): (Warning 252) (Hint-replay failed): Subtyping check failed; expected type i: Prims.nat{i < FStar.Seq.Base.length s2}; got type Prims.int (see also FStar.Seq.Base.fst(30,49-30,61))
C:/build/agent1/_work/8/s/code/poly1305/Hacl.Spec.Bignum.AddAndMultiply.fst(273,34-273,35): (Warning 252) (Hint-replay failed): Subtyping check failed; expected type i: Prims.nat{i < FStar.Seq.Base.length s1}; got type Prims.int (see also FStar.Seq.Base.fst(30,49-30,61))
C:/build/agent1/_work/8/s/code/poly1305/Hacl.Spec.Bignum.AddAndMultiply.fst(288,59-288,60): (Warning 252) (Hint-replay failed): Subtyping check failed; expected type i: Prims.nat{i < FStar.Seq.Base.length s2}; got type Prims.int (see also FStar.Seq.Base.fst(30,49-30,61))
C:/build/agent1/_work/8/s/code/poly1305/Hacl.Spec.Bignum.AddAndMultiply.fst(296,34-296,35): (Warning 252) (Hint-replay failed): Subtyping check failed; expected type i: Prims.nat{i < FStar.Seq.Base.length s1}; got type Prims.int (see also FStar.Seq.Base.fst(30,49-30,61))
C:/build/agent1/_work/8/s/code/poly1305/Hacl.Spec.Bignum.AddAndMultiply.fst(323,33-323,34): (Warning 252) (Hint-replay failed): Subtyping check failed; expected type i: Prims.nat{i < FStar.Seq.Base.length input2}; got type Prims.int (see also FStar.Seq.Base.fst(30,49-30,61))
C:/build/agent1/_work/8/s/code/poly1305/Hacl.Spec.Bignum.AddAndMultiply.fst(342,33-342,34): (Warning 252) (Hint-replay failed): Subtyping check failed; expected type i: Prims.nat{i < FStar.Seq.Base.length input2}; got type Prims.int (see also FStar.Seq.Base.fst(30,49-30,61))
C:/build/agent1/_work/8/s/code/poly1305/Hacl.Spec.Bignum.AddAndMultiply.fst(363,33-363,34): (Warning 252) (Hint-replay failed): Subtyping check failed; expected type i: Prims.nat{i < FStar.Seq.Base.length input2}; got type Prims.int (see also FStar.Seq.Base.fst(30,49-30,61))
C:/build/agent1/_work/8/s/code/poly1305/Hacl.Spec.Bignum.AddAndMultiply.fst(388,38-388,64): (Warning 252) (Hint-replay failed): Subtyping check failed; expected type Hacl.Bignum.Parameters.seqelem_wide; got type FStar.Seq.Base.seq Hacl.Bignum.Parameters.wide (see also C:/build/agent1/_work/8/s/code/poly1305/Hacl.Bignum.Parameters.fst(34,35-34,53))
C:/build/agent1/_work/8/s/code/poly1305/Hacl.Spec.Bignum.AddAndMultiply.fst(390,12-390,33): (Warning 252) (Hint-replay failed): Subtyping check failed; expected type Hacl.Bignum.Parameters.seqelem_wide; got type FStar.Seq.Base.seq Hacl.Bignum.Parameters.wide (see also C:/build/agent1/_work/8/s/code/poly1305/Hacl.Bignum.Parameters.fst(34,35-34,53))
C:/build/agent1/_work/8/s/code/poly1305/Hacl.Spec.Bignum.AddAndMultiply.fst(397,33-397,59): (Warning 252) (Hint-replay failed): Subtyping check failed; expected type Hacl.Bignum.Parameters.seqelem_wide; got type FStar.Seq.Base.seq Hacl.Bignum.Parameters.wide (see also C:/build/agent1/_work/8/s/code/poly1305/Hacl.Bignum.Parameters.fst(34,35-34,53))
C:/build/agent1/_work/8/s/code/bignum/Hacl.Spec.Bignum.Fproduct.fst(85,22-85,23): (Warning 252) (Hint-replay failed): Subtyping check failed; expected type i: Prims.nat{i < FStar.Seq.Base.length s'}; got type Prims.nat (see also FStar.Seq.Base.fst(30,49-30,61))
C:/build/agent1/_work/8/s/code/poly1305/Hacl.Spec.Bignum.AddAndMultiply.fst(422,39-422,40): (Warning 252) (Hint-replay failed): Subtyping check failed; expected type i: Prims.nat{i < FStar.Seq.Base.length s'}; got type Prims.int (see also FStar.Seq.Base.fst(30,49-30,61))
C:/build/agent1/_work/8/s/code/bignum/Hacl.Spec.Bignum.Fproduct.fst(131,32-131,33): (Warning 252) (Hint-replay failed): Subtyping check failed; expected type i: Prims.nat{i < FStar.Seq.Base.length s'}; got type Prims.nat (see also FStar.Seq.Base.fst(30,49-30,61))
C:/build/agent1/_work/8/s/code/poly1305/Hacl.Spec.Bignum.AddAndMultiply.fst(436,47-436,71): (Warning 252) (Hint-replay failed): Subtyping check failed; expected type i: Prims.nat{i < FStar.Seq.Base.length s'}; got type Prims.int (see also FStar.Seq.Base.fst(30,49-30,61))
C:/build/agent1/_work/8/s/code/poly1305/Hacl.Spec.Bignum.AddAndMultiply.fst(458,44-458,45): (Warning 252) (Hint-replay failed): Subtyping check failed; expected type i: Prims.nat{i < FStar.Seq.Base.length s}; got type Prims.int (see also FStar.Seq.Base.fst(30,49-30,61))
C:/build/agent1/_work/8/s/code/poly1305/Hacl.Spec.Bignum.AddAndMultiply.fst(465,19-465,20): (Warning 252) (Hint-replay failed): Subtyping check failed; expected type i: Prims.nat{i < FStar.Seq.Base.length s}; got type Prims.int (see also FStar.Seq.Base.fst(30,49-30,61))
C:/build/agent1/_work/8/s/code/poly1305/Hacl.Spec.Bignum.AddAndMultiply.fst(475,20-475,21): (Warning 252) (Hint-replay failed): Subtyping check failed; expected type i: Prims.nat{i < FStar.Seq.Base.length s}; got type Prims.int (see also FStar.Seq.Base.fst(30,49-30,61))
C:/build/agent1/_work/8/s/code/poly1305/Hacl.Spec.Bignum.AddAndMultiply.fst(479,11-479,35): (Warning 252) (Hint-replay failed): Subtyping check failed; expected type i: Prims.nat{i < FStar.Seq.Base.length s'}; got type Prims.int (see also FStar.Seq.Base.fst(30,49-30,61))
C:/build/agent1/_work/8/s/code/poly1305/Hacl.Spec.Bignum.AddAndMultiply.fst(526,2-528,68): (Warning 252) (Hint-replay failed): could not prove post-condition (see also C:/build/agent1/_work/8/s/code/poly1305/Hacl.Spec.Bignum.AddAndMultiply.fst(524,31-524,77))
C:/build/agent1/_work/8/s/code/bignum/Hacl.Spec.Bignum.Fproduct.fst(285,90-285,91): (Warning 252) (Hint-replay failed): Subtyping check failed; expected type i: Prims.nat{i < FStar.Seq.Base.length s'}; got type Prims.nat (see also FStar.Seq.Base.fst(30,49-30,61))
C:/build/agent1/_work/8/s/code/bignum/Hacl.Spec.Bignum.Fsum.fst(29,59-29,60): (Warning 252) (Hint-replay failed): Subtyping check failed; expected type i: Prims.nat{i < FStar.Seq.Base.length s''}; got type Prims.nat (see also FStar.Seq.Base.fst(30,49-30,61))
C:/build/agent1/_work/8/s/code/poly1305/Hacl.Spec.Bignum.AddAndMultiply.fst(573,34-573,35): (Warning 252) (Hint-replay failed): Subtyping check failed; expected type i: Prims.nat{i < FStar.Seq.Base.length s'}; got type Prims.int (see also FStar.Seq.Base.fst(30,49-30,61))
C:/build/agent1/_work/8/s/code/bignum/Hacl.Spec.Bignum.Fproduct.fst(311,32-311,33): (Warning 252) (Hint-replay failed): Subtyping check failed; expected type i: Prims.nat{i < FStar.Seq.Base.length s'}; got type Prims.nat (see also FStar.Seq.Base.fst(30,49-30,61))
C:/build/agent1/_work/8/s/code/poly1305/Hacl.Spec.Bignum.AddAndMultiply.fst(587,42-587,61): (Warning 252) (Hint-replay failed): Subtyping check failed; expected type i: Prims.nat{i < FStar.Seq.Base.length s'}; got type Prims.int (see also FStar.Seq.Base.fst(30,49-30,61))
C:/build/agent1/_work/8/s/code/poly1305/Hacl.Spec.Bignum.AddAndMultiply.fst(605,20-605,21): (Warning 252) (Hint-replay failed): Subtyping check failed; expected type i: Prims.nat{i < FStar.Seq.Base.length s}; got type Prims.int (see also FStar.Seq.Base.fst(30,49-30,61))
C:/build/agent1/_work/8/s/code/poly1305/Hacl.Spec.Bignum.AddAndMultiply.fst(609,11-609,30): (Warning 252) (Hint-replay failed): Subtyping check failed; expected type i: Prims.nat{i < FStar.Seq.Base.length s'}; got type Prims.int (see also FStar.Seq.Base.fst(30,49-30,61))
C:/build/agent1/_work/8/s/code/poly1305/Hacl.Spec.Bignum.AddAndMultiply.fst(644,2-644,45): (Warning 252) (Hint-replay failed): could not prove post-condition (see also C:/build/agent1/_work/8/s/code/poly1305/Hacl.Spec.Bignum.AddAndMultiply.fst(642,31-642,77))
C:/build/agent1/_work/8/s/code/poly1305/Hacl.Impl.Poly1305_64.fst(130,11-130,25): (Warning 252) (Hint-replay failed): assertion failed (see also FStar.Seq.Base.fst(215,87-215,113))
C:/build/agent1/_work/8/s/code/poly1305/Hacl.Impl.Poly1305_64.fst(481,2-481,21): (Warning 252) (Hint-replay failed): assertion failed (see also C:/build/agent1/_work/8/s/code/poly1305/Hacl.Impl.Poly1305_64.fst(444,38-444,75))
C:/build/agent1/_work/8/s/code/poly1305/Hacl.Standalone.Poly1305_64.fst(121,2-146,3): (Warning 252) (Hint-replay failed): could not prove post-condition (see also C:/build/agent1/_work/8/s/code/poly1305/Hacl.Standalone.Poly1305_64.fst(103,43-103,64))
C:/build/agent1/_work/8/s/code/poly1305/Hacl.Standalone.Poly1305_64.fst(174,31-174,59): (Warning 252) (Hint-replay failed): Subtyping check failed; expected type Hacl.Spec.Poly1305_64.State.elem; got type Prims.nat (see also C:/build/agent1/_work/8/s/code/poly1305/Hacl.Spec.Poly1305_64.State.fst(29,36-29,50))
C:/build/agent1/_work/8/s/code/poly1305/Hacl.Standalone.Poly1305_64.fst(264,20-264,35): (Warning 252) (Hint-replay failed): assertion failed (see also C:/build/agent1/_work/8/s/code/poly1305/Hacl.Impl.Poly1305_64.fst(622,40-622,50))
Warning 2: after the definition of yi, in the definition of f', in the last element of the sequence, after the definition of h0, in top-level declaration Hacl.Bignum.Fproduct.sum_scalar_multiplication_, in file Hacl_Chacha20: Reference to FStar.UInt128.mul_wide has no corresponding implementation; please provide a C implementation
Warning 6: in the definition of plaintext', after the definition of iv', in the last element of the sequence, after the definition of i, in top-level declaration EverCrypt.aes128_gcm_encrypt, in file EverCrypt: stack newbuf 0uint8 (*,uint32) (/,uint32) (+,uint32) @5 15uint32 16uint32 16uint32 is a non-constant size, stack-allocated array; this is not supported by CompCert and requires the use of alloca(3) for MSVC
Warning 6: in the definition of cipher', after the definition of plaintext', in the last element of the sequence, after the definition of i, in top-level declaration EverCrypt.aes128_gcm_encrypt, in file EverCrypt: stack newbuf 0uint8 (*,uint32) (/,uint32) (+,uint32) @6 15uint32 16uint32 16uint32 is a non-constant size, stack-allocated array; this is not supported by CompCert and requires the use of alloca(3) for MSVC
Warning 6: in the definition of ad', after the definition of cipher', in the last element of the sequence, after the definition of i, in top-level declaration EverCrypt.aes128_gcm_encrypt, in file EverCrypt: stack newbuf 0uint8 (*,uint32) (/,uint32) (+,uint32) @9 15uint32 16uint32 16uint32 is a non-constant size, stack-allocated array; this is not supported by CompCert and requires the use of alloca(3) for MSVC
Warning 6: in the definition of plaintext', after the definition of iv', in the last element of the sequence, after the definition of i, in top-level declaration EverCrypt.aes128_gcm_decrypt, in file EverCrypt: stack newbuf 0uint8 (*,uint32) (/,uint32) (+,uint32) @5 15uint32 16uint32 16uint32 is a non-constant size, stack-allocated array; this is not supported by CompCert and requires the use of alloca(3) for MSVC
Warning 6: in the definition of cipher', after the definition of plaintext', in the last element of the sequence, after the definition of i, in top-level declaration EverCrypt.aes128_gcm_decrypt, in file EverCrypt: stack newbuf 0uint8 (*,uint32) (/,uint32) (+,uint32) @6 15uint32 16uint32 16uint32 is a non-constant size, stack-allocated array; this is not supported by CompCert and requires the use of alloca(3) for MSVC
Warning 6: in the definition of ad', after the definition of cipher', in the last element of the sequence, after the definition of i, in top-level declaration EverCrypt.aes128_gcm_decrypt, in file EverCrypt: stack newbuf 0uint8 (*,uint32) (/,uint32) (+,uint32) @9 15uint32 16uint32 16uint32 is a non-constant size, stack-allocated array; this is not supported by CompCert and requires the use of alloca(3) for MSVC
Warning 7: : After inlining, AEAD.Poly1305_64.state (going into AEAD_Poly1305_64) calls Hacl.Impl.Poly1305_64.State.poly1305_state (going into Hacl_Chacha20) -- removing the static qualifier from Hacl.Impl.Poly1305_64.State.poly1305_state
Warning 7: : After inlining, AEAD.Poly1305_64.mk_state (going into AEAD_Poly1305_64) calls Hacl.Impl.Poly1305_64.mk_state (going into Hacl_Chacha20) -- removing the static qualifier from Hacl.Impl.Poly1305_64.mk_state
Warning 7: : After inlining, AEAD.Poly1305_64.pad_last (going into AEAD_Poly1305_64) calls Hacl.Impl.Poly1305_64.poly1305_update (going into Hacl_Chacha20) -- removing the static qualifier from Hacl.Impl.Poly1305_64.poly1305_update
Warning 8: : After inlining, AEAD.Poly1305_64.pad_last (going into AEAD_Poly1305_64) calls Hacl.Impl.Poly1305_64.poly1305_update (going into Hacl_Chacha20). This is a call across translation units but Hacl.Impl.Poly1305_64.poly1305_update has a C "inline" qualifier. The C standard allows removing Hacl.Impl.Poly1305_64.poly1305_update from its translation unit (see C11 6.7.3 5), and CompCert will do it. 
Warning 7: : After inlining, AEAD.Poly1305_64.poly1305_blocks_init (going into AEAD_Poly1305_64) calls Hacl.Standalone.Poly1305_64.poly1305_partial (going into Hacl_Chacha20) -- removing the static qualifier from Hacl.Standalone.Poly1305_64.poly1305_partial
Warning 7: : After inlining, AEAD.Poly1305_64.poly1305_blocks_continue (going into AEAD_Poly1305_64) calls Hacl.Standalone.Poly1305_64.poly1305_blocks (going into Hacl_Chacha20) -- removing the static qualifier from Hacl.Standalone.Poly1305_64.poly1305_blocks
Warning 7: : After inlining, AEAD.Poly1305_64.poly1305_blocks_finish (going into AEAD_Poly1305_64) calls Hacl.Impl.Poly1305_64.poly1305_process_last_block (going into Hacl_Chacha20) -- removing the static qualifier from Hacl.Impl.Poly1305_64.poly1305_process_last_block
Warning 8: : After inlining, AEAD.Poly1305_64.poly1305_blocks_finish (going into AEAD_Poly1305_64) calls Hacl.Impl.Poly1305_64.poly1305_process_last_block (going into Hacl_Chacha20). This is a call across translation units but Hacl.Impl.Poly1305_64.poly1305_process_last_block has a C "inline" qualifier. The C standard allows removing Hacl.Impl.Poly1305_64.poly1305_process_last_block from its translation unit (see C11 6.7.3 5), and CompCert will do it. 
Warning 7: : After inlining, AEAD.Poly1305_64.poly1305_blocks_finish (going into AEAD_Poly1305_64) calls Hacl.Impl.Poly1305_64.poly1305_last_pass (going into Hacl_Chacha20) -- removing the static qualifier from Hacl.Impl.Poly1305_64.poly1305_last_pass
evercrypt/c/evercrypt_openssl.c: In function openssl_aead:
evercrypt/c/evercrypt_openssl.c:50:39: error: EVP_CTRL_AEAD_SET_TAG undeclared (first use in this function)
if(!enc && EVP_CIPHER_CTX_ctrl(ctx, EVP_CTRL_AEAD_SET_TAG, 16, tag) <= 0)
^
evercrypt/c/evercrypt_openssl.c:50:39: note: each undeclared identifier is reported only once for each function it appears in
evercrypt/c/evercrypt_openssl.c:58:44: error: EVP_CTRL_AEAD_GET_TAG undeclared (first use in this function)
if (enc && 1 != EVP_CIPHER_CTX_ctrl(ctx, EVP_CTRL_AEAD_GET_TAG, 16, tag))
^
evercrypt/c/evercrypt_openssl.c: In function EverCrypt_OpenSSL_chacha20_poly1305_encrypt:
evercrypt/c/evercrypt_openssl.c:96:24: error: implicit declaration of function EVP_chacha20_poly1305 [-Werror=implicit-function-declaration]
if(1 != openssl_aead(EVP_chacha20_poly1305(), 1, key, iv, aad, aad_len, plaintext, plaintext_len, ciphertext, tag))
^
evercrypt/c/evercrypt_openssl.c:96:24: error: passing argument 1 of openssl_aead makes pointer from integer without a cast [-Werror=int-conversion]
evercrypt/c/evercrypt_openssl.c:20:12: note: expected const EVP_CIPHER * {aka const struct evp_cipher_st *} but argument is of type int
static int openssl_aead(const EVP_CIPHER *alg, int enc,
^
evercrypt/c/evercrypt_openssl.c: In function EverCrypt_OpenSSL_chacha20_poly1305_decrypt:
evercrypt/c/evercrypt_openssl.c:103:23: error: passing argument 1 of openssl_aead makes pointer from integer without a cast [-Werror=int-conversion]
return openssl_aead(EVP_chacha20_poly1305(), 0, key, iv, aad, aad_len, plaintext, plaintext_len, ciphertext, tag);
^
evercrypt/c/evercrypt_openssl.c:20:12: note: expected const EVP_CIPHER * {aka const struct evp_cipher_st *} but argument is of type int
static int openssl_aead(const EVP_CIPHER *alg, int enc,
^
evercrypt/c/evercrypt_openssl.c: At top level:
cc1: error: unrecognized command line option -Wno-infinite-recursion [-Werror]
cc1: all warnings being treated as errors
make[3]: *** [<builtin>: evercrypt/c/evercrypt_openssl.o] Error 1
make[3]: Target 'all_' not remade because of errors.
make[2]: *** [Makefile:44: all] Error 2
make[1]: *** [Makefile:145: providers] Error 2
make: *** [Makefile:153: ci] Error 2
