Cloning into 'fstar'...
Checking out files:  19% (559/2831)   Checking out files:  20% (567/2831)   Checking out files:  21% (595/2831)   Checking out files:  22% (623/2831)   Checking out files:  23% (652/2831)   Checking out files:  24% (680/2831)   Checking out files:  25% (708/2831)   Checking out files:  26% (737/2831)   Checking out files:  27% (765/2831)   Checking out files:  28% (793/2831)   Checking out files:  29% (821/2831)   Checking out files:  30% (850/2831)   Checking out files:  31% (878/2831)   Checking out files:  32% (906/2831)   Checking out files:  33% (935/2831)   Checking out files:  34% (963/2831)   Checking out files:  35% (991/2831)   Checking out files:  36% (1020/2831)   Checking out files:  37% (1048/2831)   Checking out files:  38% (1076/2831)   Checking out files:  38% (1088/2831)   Checking out files:  39% (1105/2831)   Checking out files:  40% (1133/2831)   Checking out files:  41% (1161/2831)   Checking out files:  42% (1190/2831)   Checking out files:  43% (1218/2831)   Checking out files:  44% (1246/2831)   Checking out files:  45% (1274/2831)   Checking out files:  46% (1303/2831)   Checking out files:  47% (1331/2831)   Checking out files:  48% (1359/2831)   Checking out files:  49% (1388/2831)   Checking out files:  50% (1416/2831)   Checking out files:  51% (1444/2831)   Checking out files:  52% (1473/2831)   Checking out files:  53% (1501/2831)   Checking out files:  54% (1529/2831)   Checking out files:  55% (1558/2831)   Checking out files:  56% (1586/2831)   Checking out files:  57% (1614/2831)   Checking out files:  57% (1632/2831)   Checking out files:  58% (1642/2831)   Checking out files:  59% (1671/2831)   Checking out files:  60% (1699/2831)   Checking out files:  61% (1727/2831)   Checking out files:  62% (1756/2831)   Checking out files:  63% (1784/2831)   Checking out files:  64% (1812/2831)   Checking out files:  65% (1841/2831)   Checking out files:  66% (1869/2831)   Checking out files:  67% (1897/2831)   Checking out files:  68% (1926/2831)   Checking out files:  69% (1954/2831)   Checking out files:  70% (1982/2831)   Checking out files:  71% (2011/2831)   Checking out files:  72% (2039/2831)   Checking out files:  73% (2067/2831)   Checking out files:  74% (2095/2831)   Checking out files:  75% (2124/2831)   Checking out files:  75% (2139/2831)   Checking out files:  76% (2152/2831)   Checking out files:  77% (2180/2831)   Checking out files:  78% (2209/2831)   Checking out files:  79% (2237/2831)   Checking out files:  80% (2265/2831)   Checking out files:  81% (2294/2831)   Checking out files:  82% (2322/2831)   Checking out files:  83% (2350/2831)   Checking out files:  84% (2379/2831)   Checking out files:  85% (2407/2831)   Checking out files:  86% (2435/2831)   Checking out files:  87% (2463/2831)   Checking out files:  88% (2492/2831)   Checking out files:  89% (2520/2831)   Checking out files:  90% (2548/2831)   Checking out files:  91% (2577/2831)   Checking out files:  92% (2605/2831)   Checking out files:  93% (2633/2831)   Checking out files:  93% (2642/2831)   Checking out files:  94% (2662/2831)   Checking out files:  95% (2690/2831)   Checking out files:  96% (2718/2831)   Checking out files:  97% (2747/2831)   Checking out files:  98% (2775/2831)   Checking out files:  99% (2803/2831)   Checking out files: 100% (2831/2831)   Checking out files: 100% (2831/2831), done.
Warning: you are using the standard library and/or the %inline keyword. We
recommend switching on --infer in order to avoid obscure type error messages.
Cloning into 'kremlin'...
Checking out files:   7% (408/5359)   Checking out files:   8% (429/5359)   Checking out files:   9% (483/5359)   Checking out files:  10% (536/5359)   Checking out files:  11% (590/5359)   Checking out files:  12% (644/5359)   Checking out files:  13% (697/5359)   Checking out files:  14% (751/5359)   Checking out files:  15% (804/5359)   Checking out files:  15% (855/5359)   Checking out files:  16% (858/5359)   Checking out files:  17% (912/5359)   Checking out files:  18% (965/5359)   Checking out files:  19% (1019/5359)   Checking out files:  20% (1072/5359)   Checking out files:  21% (1126/5359)   Checking out files:  22% (1179/5359)   Checking out files:  23% (1233/5359)   Checking out files:  23% (1282/5359)   Checking out files:  24% (1287/5359)   Checking out files:  25% (1340/5359)   Checking out files:  26% (1394/5359)   Checking out files:  27% (1447/5359)   Checking out files:  28% (1501/5359)   Checking out files:  29% (1555/5359)   Checking out files:  30% (1608/5359)   Checking out files:  30% (1623/5359)   Checking out files:  31% (1662/5359)   Checking out files:  32% (1715/5359)   Checking out files:  33% (1769/5359)   Checking out files:  34% (1823/5359)   Checking out files:  35% (1876/5359)   Checking out files:  36% (1930/5359)   Checking out files:  36% (1954/5359)   Checking out files:  37% (1983/5359)   Checking out files:  38% (2037/5359)   Checking out files:  39% (2091/5359)   Checking out files:  40% (2144/5359)   Checking out files:  41% (2198/5359)   Checking out files:  42% (2251/5359)   Checking out files:  43% (2305/5359)   Checking out files:  44% (2358/5359)   Checking out files:  44% (2384/5359)   Checking out files:  45% (2412/5359)   Checking out files:  46% (2466/5359)   Checking out files:  47% (2519/5359)   Checking out files:  48% (2573/5359)   Checking out files:  49% (2626/5359)   Checking out files:  50% (2680/5359)   Checking out files:  51% (2734/5359)   Checking out files:  52% (2787/5359)   Checking out files:  53% (2841/5359)   Checking out files:  53% (2857/5359)   Checking out files:  54% (2894/5359)   Checking out files:  55% (2948/5359)   Checking out files:  56% (3002/5359)   Checking out files:  57% (3055/5359)   Checking out files:  58% (3109/5359)   Checking out files:  59% (3162/5359)   Checking out files:  60% (3216/5359)   Checking out files:  61% (3269/5359)   Checking out files:  62% (3323/5359)   Checking out files:  62% (3338/5359)   Checking out files:  63% (3377/5359)   Checking out files:  64% (3430/5359)   Checking out files:  65% (3484/5359)   Checking out files:  66% (3537/5359)   Checking out files:  67% (3591/5359)   Checking out files:  68% (3645/5359)   Checking out files:  69% (3698/5359)   Checking out files:  70% (3752/5359)   Checking out files:  71% (3805/5359)   Checking out files:  71% (3811/5359)   Checking out files:  72% (3859/5359)   Checking out files:  73% (3913/5359)   Checking out files:  74% (3966/5359)   Checking out files:  75% (4020/5359)   Checking out files:  76% (4073/5359)   Checking out files:  77% (4127/5359)   Checking out files:  78% (4181/5359)   Checking out files:  79% (4234/5359)   Checking out files:  80% (4288/5359)   Checking out files:  80% (4289/5359)   Checking out files:  81% (4341/5359)   Checking out files:  82% (4395/5359)   Checking out files:  83% (4448/5359)   Checking out files:  84% (4502/5359)   Checking out files:  85% (4556/5359)   Checking out files:  86% (4609/5359)   Checking out files:  87% (4663/5359)   Checking out files:  88% (4716/5359)   Checking out files:  88% (4753/5359)   Checking out files:  89% (4770/5359)   Checking out files:  90% (4824/5359)   Checking out files:  91% (4877/5359)   Checking out files:  92% (4931/5359)   Checking out files:  93% (4984/5359)   Checking out files:  94% (5038/5359)   Checking out files:  95% (5092/5359)   Checking out files:  96% (5145/5359)   Checking out files:  97% (5199/5359)   Checking out files:  97% (5227/5359)   Checking out files:  98% (5252/5359)   Checking out files:  99% (5306/5359)   Checking out files: 100% (5359/5359)   Checking out files: 100% (5359/5359), done.
Unable to open hints file: C:\build\agent1\_work\8\s\providers\multiplexer\EverCrypt.Specs.fsti.hints; ran without hints
Not extracting FStar.Exn.raise to KreMLin (polymorphic assumes are not supported)
Not extracting type definition FStar.Ghost.erased to KreMLin (assumed type)
C:/build/agent1/_work/8/s/fstar/ulib/FStar.List.Tot.Base.fst(265,10-265,12): (Warning 252) (Hint-replay failed): Subtyping check failed; expected type m:
Prims.list a
{ forall (u22513: FStar.Pervasives.Native.option (x: Prims.unit{Prims.hasEq a})).
FStar.List.Tot.Base.mem_filter_spec f m u22513 }; got type Prims.list a (see also C:/build/agent1/_work/8/s/fstar/ulib/FStar.List.Tot.Base.fst(263,86-263,107))
C:/build/agent1/_work/8/s/fstar/ulib/FStar.List.Tot.Base.fst(275,2-277,4): (Warning 252) (Hint-replay failed): could not prove post-condition (see also C:/build/agent1/_work/8/s/fstar/ulib/FStar.List.Tot.Base.fst(273,11-273,16))
C:/build/agent1/_work/8/s/fstar/ulib/FStar.Monotonic.Witnessed.fst(292,47-292,49): (Warning 252) (Hint-replay failed): could not prove post-condition (see also C:\build\agent1\_work\8\s\fstar\ulib\FStar.Monotonic.Witnessed.fsti(28,70-28,85))
C:/build/agent1/_work/8/s/fstar/ulib/FStar.Monotonic.Witnessed.fst(296,44-296,70): (Warning 252) (Hint-replay failed): could not prove post-condition (see also C:\build\agent1\_work\8\s\fstar\ulib\FStar.Monotonic.Witnessed.fsti(35,39-35,74))
C:/build/agent1/_work/8/s/fstar/ulib/FStar.Monotonic.Witnessed.fst(298,42-298,44): (Warning 252) (Hint-replay failed): could not prove post-condition (see also C:\build\agent1\_work\8\s\fstar\ulib\FStar.Monotonic.Witnessed.fsti(40,37-40,100))
C:/build/agent1/_work/8/s/fstar/ulib/FStar.Monotonic.Witnessed.fst(303,6-303,95): (Warning 252) (Hint-replay failed): could not prove post-condition (see also C:/build/agent1/_work/8/s/fstar/ulib/FStar.Monotonic.Witnessed.fst(302,30-302,67))
C:/build/agent1/_work/8/s/fstar/ulib/FStar.Monotonic.Witnessed.fst(307,40-307,42): (Warning 252) (Hint-replay failed): could not prove post-condition (see also C:\build\agent1\_work\8\s\fstar\ulib\FStar.Monotonic.Witnessed.fsti(52,75-52,110))
C:/build/agent1/_work/8/s/fstar/ulib/FStar.Monotonic.Witnessed.fst(312,6-312,15): (Warning 252) (Hint-replay failed): assertion failed (see also C:/build/agent1/_work/8/s/fstar/ulib/FStar.Monotonic.Witnessed.fst(106,50-106,55))
C:/build/agent1/_work/8/s/fstar/ulib/FStar.Monotonic.Witnessed.fst(319,6-319,18): (Warning 252) (Hint-replay failed): assertion failed (see also C:/build/agent1/_work/8/s/fstar/ulib/FStar.Monotonic.Witnessed.fst(211,63-211,83))
C:/build/agent1/_work/8/s/fstar/ulib/FStar.Monotonic.Witnessed.fst(323,45-323,47): (Warning 252) (Hint-replay failed): could not prove post-condition (see also C:\build\agent1\_work\8\s\fstar\ulib\FStar.Monotonic.Witnessed.fsti(70,74-70,114))
Not extracting type definition FStar.Monotonic.Witnessed.get to KreMLin (assumed type)
Not extracting type definition FStar.Monotonic.Witnessed.set to KreMLin (assumed type)
Not extracting FStar.ST.gst_witness to KreMLin (polymorphic assumes are not supported)
Not extracting FStar.ST.gst_recall to KreMLin (polymorphic assumes are not supported)
Not extracting FStar.All.pipe_right to KreMLin (polymorphic assumes are not supported)
Not extracting FStar.All.pipe_left to KreMLin (polymorphic assumes are not supported)
Not extracting FStar.All.exit to KreMLin (polymorphic assumes are not supported)
Not extracting FStar.All.try_with to KreMLin (polymorphic assumes are not supported)
Not extracting exception Failure to KreMLin (exceptions unsupported)
Not extracting FStar.All.failwith to KreMLin (polymorphic assumes are not supported)
C:/build/agent1/_work/8/s/fstar/ulib/FStar.List.Tot.Properties.fst(855,2-855,37): (Warning 252) (Hint-replay failed): could not prove post-condition (see also C:/build/agent1/_work/8/s/fstar/ulib/FStar.List.Tot.Properties.fst(853,12-853,18))
C:/build/agent1/_work/8/s/fstar/ulib/FStar.List.Tot.Properties.fst(855,2-855,37): (Warning 252) could not prove post-condition (see also C:/build/agent1/_work/8/s/fstar/ulib/FStar.List.Tot.Properties.fst(853,12-853,18))
C:/build/agent1/_work/8/s/fstar/ulib/FStar.List.Tot.Properties.fst(884,2-885,24): (Warning 252) (Hint-replay failed): could not prove post-condition (see also C:/build/agent1/_work/8/s/fstar/ulib/FStar.List.Tot.Properties.fst(883,12-883,18))
<dummy>(0,0-0,0): (Warning 250) Error while extracting FStar.List.filter_map to KreMLin (Failure("Internal error: name not found filter_map_acc\n"))

<dummy>(0,0-0,0): (Warning 250) Error while extracting FStar.List.index to KreMLin (Failure("Internal error: name not found index1\n"))

C:/build/agent1/_work/8/s/fstar/ulib/FStar.Monotonic.HyperStack.fst(86,4-86,6): (Warning 252) (Hint-replay failed): could not prove post-condition (see also C:/build/agent1/_work/8/s/fstar/ulib/FStar.Monotonic.HyperStack.fst(85,12-85,46))
C:/build/agent1/_work/8/s/fstar/ulib/FStar.Monotonic.HyperStack.fst(93,4-93,6): (Warning 252) (Hint-replay failed): could not prove post-condition (see also C:/build/agent1/_work/8/s/fstar/ulib/FStar.Monotonic.HyperStack.fst(47,18-47,51))
C:/build/agent1/_work/8/s/fstar/ulib/FStar.Monotonic.HyperStack.fst(101,4-101,6): (Warning 252) (Hint-replay failed): could not prove post-condition (see also C:/build/agent1/_work/8/s/fstar/ulib/FStar.Monotonic.HyperStack.fst(99,19-99,34))
C:/build/agent1/_work/8/s/fstar/ulib/FStar.Monotonic.HyperStack.fst(115,4-115,6): (Warning 252) (Hint-replay failed): could not prove post-condition (see also C:/build/agent1/_work/8/s/fstar/ulib/FStar.Monotonic.HyperStack.fst(110,20-110,76))
C:/build/agent1/_work/8/s/fstar/ulib/FStar.Monotonic.HyperStack.fst(123,4-123,6): (Warning 252) (Hint-replay failed): could not prove post-condition (see also C:/build/agent1/_work/8/s/fstar/ulib/FStar.Monotonic.HyperStack.fst(122,9-122,48))
C:/build/agent1/_work/8/s/fstar/ulib/FStar.Monotonic.HyperStack.fst(135,4-135,6): (Warning 252) (Hint-replay failed): could not prove post-condition (see also C:/build/agent1/_work/8/s/fstar/ulib/FStar.Monotonic.HyperStack.fst(132,19-132,58))
C:/build/agent1/_work/8/s/fstar/ulib/FStar.Monotonic.HyperStack.fst(146,4-146,6): (Warning 252) (Hint-replay failed): could not prove post-condition (see also C:/build/agent1/_work/8/s/fstar/ulib/FStar.Monotonic.HyperStack.fst(145,92-145,124))
C:/build/agent1/_work/8/s/fstar/ulib/FStar.Monotonic.HyperStack.fst(161,4-161,25): (Warning 252) (Hint-replay failed): could not prove post-condition (see also C:/build/agent1/_work/8/s/fstar/ulib/FStar.Monotonic.HyperStack.fst(160,19-160,38))
C:/build/agent1/_work/8/s/fstar/ulib/FStar.Monotonic.HyperStack.fst(283,55-283,57): (Warning 252) (Hint-replay failed): could not prove post-condition (see also C:/build/agent1/_work/8/s/fstar/ulib/FStar.Monotonic.HyperStack.fst(282,17-282,31))
C:/build/agent1/_work/8/s/fstar/ulib/FStar.Monotonic.HyperStack.fst(344,4-344,33): (Warning 252) (Hint-replay failed): assertion failed (see also C:/build/agent1/_work/8/s/fstar/ulib/FStar.Monotonic.HyperStack.fst(38,12-41,66))
C:/build/agent1/_work/8/s/fstar/ulib/FStar.Monotonic.HyperStack.fst(497,5-497,7): (Warning 252) (Hint-replay failed): could not prove post-condition (see also C:/build/agent1/_work/8/s/fstar/ulib/FStar.Monotonic.HyperStack.fst(496,11-496,29))
C:/build/agent1/_work/8/s/fstar/ulib/FStar.Seq.Properties.fst(472,2-475,29): (Warning 252) (Hint-replay failed): could not prove post-condition (see also C:/build/agent1/_work/8/s/fstar/ulib/FStar.Seq.Properties.fst(470,20-470,28))
Unable to open hints file: C:\build\agent1\_work\8\s\kremlin\kremlib\Spec.Loops.fst.hints; ran without hints
C:/build/agent1/_work/8/s/fstar/ulib/FStar.HyperStack.ST.fst(180,46-180,48): (Warning 252) (Hint-replay failed): could not prove post-condition (see also C:/build/agent1/_work/8/s/fstar/ulib/FStar.HyperStack.ST.fst(179,72-179,104))
C:/build/agent1/_work/8/s/fstar/ulib/FStar.HyperStack.ST.fst(184,98-184,100): (Warning 252) (Hint-replay failed): could not prove post-condition (see also C:/build/agent1/_work/8/s/fstar/ulib/FStar.HyperStack.ST.fst(145,4-145,52))
C:/build/agent1/_work/8/s/fstar/ulib/FStar.HyperStack.ST.fst(187,49-187,51): (Warning 252) (Hint-replay failed): could not prove post-condition (see also C:/build/agent1/_work/8/s/fstar/ulib/FStar.HyperStack.ST.fst(186,78-186,112))
C:/build/agent1/_work/8/s/fstar/ulib/FStar.HyperStack.ST.fst(192,4-192,6): (Warning 252) (Hint-replay failed): could not prove post-condition (see also C:/build/agent1/_work/8/s/fstar/ulib/FStar.HyperStack.ST.fst(145,4-145,52))
C:/build/agent1/_work/8/s/fstar/ulib/FStar.HyperStack.ST.fst(196,57-196,59): (Warning 252) (Hint-replay failed): could not prove post-condition (see also C:/build/agent1/_work/8/s/fstar/ulib/FStar.HyperStack.ST.fst(195,79-195,115))
C:/build/agent1/_work/8/s/fstar/ulib/FStar.HyperStack.ST.fst(201,4-201,6): (Warning 252) (Hint-replay failed): could not prove post-condition (see also C:/build/agent1/_work/8/s/fstar/ulib/FStar.HyperStack.ST.fst(145,4-145,52))
C:/build/agent1/_work/8/s/fstar/ulib/FStar.HyperStack.ST.fst(205,63-205,65): (Warning 252) (Hint-replay failed): could not prove post-condition (see also C:/build/agent1/_work/8/s/fstar/ulib/FStar.HyperStack.ST.fst(204,85-204,127))
C:/build/agent1/_work/8/s/fstar/ulib/FStar.HyperStack.ST.fst(211,4-211,6): (Warning 252) (Hint-replay failed): could not prove post-condition (see also C:/build/agent1/_work/8/s/fstar/ulib/FStar.HyperStack.ST.fst(145,4-145,52))
C:/build/agent1/_work/8/s/fstar/ulib/FStar.HyperStack.ST.fst(608,4-615,38): (Warning 252) (Hint-replay failed): could not prove post-condition (see also C:/build/agent1/_work/8/s/fstar/ulib/FStar.HyperStack.ST.fst(258,91-258,115))
C:/build/agent1/_work/8/s/fstar/ulib/FStar.HyperStack.ST.fst(635,4-635,14): (Warning 252) (Hint-replay failed): assertion failed (see also C:/build/agent1/_work/8/s/fstar/ulib/FStar.HyperStack.ST.fst(98,76-98,87))
C:/build/agent1/_work/8/s/fstar/ulib/FStar.HyperStack.ST.fst(643,52-643,54): (Warning 252) (Hint-replay failed): Subtyping check failed; expected type Prims.squash (forall (x: c). FStar.HyperStack.ST.witnessed (p' x)); got type Prims.unit (see also C:/build/agent1/_work/8/s/fstar/ulib/FStar.HyperStack.ST.fst(643,32-643,48))
Unable to open hints file: C:\build\agent1\_work\8\s\providers\multiplexer\EverCrypt.Native.fsti.hints; ran without hints
Not extracting FStar.HyperStack.ST.gst_witness to KreMLin (polymorphic assumes are not supported)
Not extracting FStar.HyperStack.ST.gst_recall to KreMLin (polymorphic assumes are not supported)
Not extracting FStar.HyperStack.All.pipe_right to KreMLin (polymorphic assumes are not supported)
Not extracting FStar.HyperStack.All.pipe_left to KreMLin (polymorphic assumes are not supported)
Not extracting FStar.HyperStack.All.failwith to KreMLin (polymorphic assumes are not supported)
Not extracting FStar.HyperStack.All.exit to KreMLin (polymorphic assumes are not supported)
Not extracting FStar.HyperStack.All.try_with to KreMLin (polymorphic assumes are not supported)
Not extracting type definition FStar.Char.char to KreMLin (assumed type)
C:/build/agent1/_work/8/s/code/lib/kremlin/Hacl.UInt32.fst(10,2-10,23): (Warning 252) (Hint-replay failed): Subtyping check failed; expected type c:
FStar.UInt32.t
{ FStar.UInt32.v a > FStar.UInt32.v b ==> (FStar.UInt32.v c = Prims.pow2 FStar.UInt32.n - 1) /\
FStar.UInt32.v a <= FStar.UInt32.v b ==> (FStar.UInt32.v c = 0) }; got type FStar.UInt32.t (see also C:/build/agent1/_work/8/s/code/lib/kremlin/Hacl.UInt32.fst(6,73-6,89))
C:/build/agent1/_work/8/s/code/lib/kremlin/Hacl.UInt32.fst(16,2-16,23): (Warning 252) (Hint-replay failed): Subtyping check failed; expected type c:
FStar.UInt32.t
{ FStar.UInt32.v a < FStar.UInt32.v b ==> (FStar.UInt32.v c = Prims.pow2 FStar.UInt32.n - 1) /\
FStar.UInt32.v a >= FStar.UInt32.v b ==> (FStar.UInt32.v c = 0) }; got type FStar.UInt32.t (see also C:/build/agent1/_work/8/s/code/lib/kremlin/Hacl.UInt32.fst(12,73-12,89))
C:/build/agent1/_work/8/s/code/lib/kremlin/Hacl.UInt32.fst(22,2-22,22): (Warning 252) (Hint-replay failed): Subtyping check failed; expected type c:
FStar.UInt32.t
{ FStar.UInt32.v a <= FStar.UInt32.v b ==> (FStar.UInt32.v c = Prims.pow2 FStar.UInt32.n - 1) /\
FStar.UInt32.v a > FStar.UInt32.v b ==> (FStar.UInt32.v c = 0) }; got type FStar.UInt32.t (see also C:/build/agent1/_work/8/s/code/lib/kremlin/Hacl.UInt32.fst(18,75-18,91))
Unable to open hints file: C:\build\agent1\_work\8\s\specs\Spec.SHA512.fsti.hints; ran without hints
C:/build/agent1/_work/8/s/code/lib/kremlin/Hacl.UInt8.fst(10,2-10,23): (Warning 252) (Hint-replay failed): Subtyping check failed; expected type c:
FStar.UInt8.t
{ FStar.UInt8.v a > FStar.UInt8.v b ==> (FStar.UInt8.v c = Prims.pow2 FStar.UInt8.n - 1) /\
FStar.UInt8.v a <= FStar.UInt8.v b ==> (FStar.UInt8.v c = 0) }; got type FStar.UInt8.t (see also C:/build/agent1/_work/8/s/code/lib/kremlin/Hacl.UInt8.fst(6,73-6,89))
C:/build/agent1/_work/8/s/code/lib/kremlin/Hacl.UInt8.fst(16,2-16,23): (Warning 252) (Hint-replay failed): Subtyping check failed; expected type c:
FStar.UInt8.t
{ FStar.UInt8.v a < FStar.UInt8.v b ==> (FStar.UInt8.v c = Prims.pow2 FStar.UInt8.n - 1) /\
FStar.UInt8.v a >= FStar.UInt8.v b ==> (FStar.UInt8.v c = 0) }; got type FStar.UInt8.t (see also C:/build/agent1/_work/8/s/code/lib/kremlin/Hacl.UInt8.fst(12,73-12,89))
C:/build/agent1/_work/8/s/code/lib/kremlin/Hacl.UInt8.fst(22,2-22,22): (Warning 252) (Hint-replay failed): Subtyping check failed; expected type c:
FStar.UInt8.t
{ FStar.UInt8.v a <= FStar.UInt8.v b ==> (FStar.UInt8.v c = Prims.pow2 FStar.UInt8.n - 1) /\
FStar.UInt8.v a > FStar.UInt8.v b ==> (FStar.UInt8.v c = 0) }; got type FStar.UInt8.t (see also C:/build/agent1/_work/8/s/code/lib/kremlin/Hacl.UInt8.fst(18,75-18,91))
C:/build/agent1/_work/8/s/code/lib/kremlin/Hacl.UInt64.fst(10,2-10,23): (Warning 252) (Hint-replay failed): Subtyping check failed; expected type c:
FStar.UInt64.t
{ FStar.UInt64.v a > FStar.UInt64.v b ==> (FStar.UInt64.v c = Prims.pow2 FStar.UInt64.n - 1) /\
FStar.UInt64.v a <= FStar.UInt64.v b ==> (FStar.UInt64.v c = 0) }; got type FStar.UInt64.t (see also C:/build/agent1/_work/8/s/code/lib/kremlin/Hacl.UInt64.fst(6,73-6,89))
C:/build/agent1/_work/8/s/code/lib/kremlin/Hacl.UInt64.fst(16,2-16,23): (Warning 252) (Hint-replay failed): Subtyping check failed; expected type c:
FStar.UInt64.t
{ FStar.UInt64.v a < FStar.UInt64.v b ==> (FStar.UInt64.v c = Prims.pow2 FStar.UInt64.n - 1) /\
FStar.UInt64.v a >= FStar.UInt64.v b ==> (FStar.UInt64.v c = 0) }; got type FStar.UInt64.t (see also C:/build/agent1/_work/8/s/code/lib/kremlin/Hacl.UInt64.fst(12,73-12,89))
C:/build/agent1/_work/8/s/code/lib/kremlin/Hacl.UInt64.fst(22,2-22,22): (Warning 252) (Hint-replay failed): Subtyping check failed; expected type c:
FStar.UInt64.t
{ FStar.UInt64.v a <= FStar.UInt64.v b ==> (FStar.UInt64.v c = Prims.pow2 FStar.UInt64.n - 1) /\
FStar.UInt64.v a > FStar.UInt64.v b ==> (FStar.UInt64.v c = 0) }; got type FStar.UInt64.t (see also C:/build/agent1/_work/8/s/code/lib/kremlin/Hacl.UInt64.fst(18,75-18,91))
C:/build/agent1/_work/8/s/code/lib/kremlin/Hacl.UInt16.fst(10,2-10,23): (Warning 252) (Hint-replay failed): Subtyping check failed; expected type c:
FStar.UInt16.t
{ FStar.UInt16.v a > FStar.UInt16.v b ==> (FStar.UInt16.v c = Prims.pow2 FStar.UInt16.n - 1) /\
FStar.UInt16.v a <= FStar.UInt16.v b ==> (FStar.UInt16.v c = 0) }; got type FStar.UInt16.t (see also C:/build/agent1/_work/8/s/code/lib/kremlin/Hacl.UInt16.fst(6,73-6,89))
C:/build/agent1/_work/8/s/code/lib/kremlin/Hacl.UInt16.fst(16,2-16,23): (Warning 252) (Hint-replay failed): Subtyping check failed; expected type c:
FStar.UInt16.t
{ FStar.UInt16.v a < FStar.UInt16.v b ==> (FStar.UInt16.v c = Prims.pow2 FStar.UInt16.n - 1) /\
FStar.UInt16.v a >= FStar.UInt16.v b ==> (FStar.UInt16.v c = 0) }; got type FStar.UInt16.t (see also C:/build/agent1/_work/8/s/code/lib/kremlin/Hacl.UInt16.fst(12,73-12,89))
C:/build/agent1/_work/8/s/code/lib/kremlin/Hacl.UInt16.fst(22,2-22,22): (Warning 252) (Hint-replay failed): Subtyping check failed; expected type c:
FStar.UInt16.t
{ FStar.UInt16.v a <= FStar.UInt16.v b ==> (FStar.UInt16.v c = Prims.pow2 FStar.UInt16.n - 1) /\
FStar.UInt16.v a > FStar.UInt16.v b ==> (FStar.UInt16.v c = 0) }; got type FStar.UInt16.t (see also C:/build/agent1/_work/8/s/code/lib/kremlin/Hacl.UInt16.fst(18,75-18,91))
Unable to open hints file: C:\build\agent1\_work\8\s\providers\multiplexer\EverCrypt.Bytes.fsti.hints; ran without hints
Not extracting type definition FStar.Bytes.bytes to KreMLin (assumed type)
Unable to open hints file: C:\build\agent1\_work\8\s\kremlin\kremlib\FStar.Kremlin.Endianness.fst.hints; ran without hints
Unable to open hints file: C:\build\agent1\_work\8\s\specs\Seq.Create.fst.hints; ran without hints
C:/build/agent1/_work/8/s/fstar/ulib/FStar.Buffer.fst(740,4-740,6): (Warning 252) (Hint-replay failed): could not prove post-condition (see also C:/build/agent1/_work/8/s/fstar/ulib/FStar.Buffer.fst(738,12-738,35))
C:/build/agent1/_work/8/s/fstar/ulib/FStar.Buffer.fst(765,4-765,6): (Warning 252) (Hint-replay failed): could not prove post-condition (see also C:/build/agent1/_work/8/s/fstar/ulib/FStar.Buffer.fst(763,12-763,37))
C:/build/agent1/_work/8/s/fstar/ulib/FStar.Buffer.fst(1301,4-1301,6): (Warning 252) (Hint-replay failed): could not prove post-condition (see also C:/build/agent1/_work/8/s/fstar/ulib/FStar.Buffer.fst(1299,13-1299,31))
Unable to open hints file: C:\build\agent1\_work\8\s\kremlin\kremlib\C.Endianness.fst.hints; ran without hints
Unable to open hints file: C:\build\agent1\_work\8\s\kremlin\kremlib\C.fst.hints; ran without hints
Not extracting type definition C.channel to KreMLin (assumed type)
Not extracting type definition C.intptr_t to KreMLin (assumed type)
Not extracting type definition C.char to KreMLin (assumed type)
Not extracting type definition C.int to KreMLin (assumed type)
Not extracting type definition C.clock_t to KreMLin (assumed type)
Unable to open hints file: C:\build\agent1\_work\8\s\kremlin\kremlib\C.String.fst.hints; ran without hints
Unable to open hints file: C:\build\agent1\_work\8\s\providers\multiplexer\EverCrypt.Helpers.fsti.hints; ran without hints
C:/build/agent1/_work/8/s/code/lib/kremlin/Hacl.UInt128.fst(21,64-21,65): (Warning 252) (Hint-replay failed): Subtyping check failed; expected type Prims.nat; got type Prims.int (see also C:/build/agent1/_work/8/s/fstar/ulib/prims.fst(408,17-408,23))
C:/build/agent1/_work/8/s/code/lib/kremlin/Hacl.UInt128.fst(22,36-22,39): (Warning 252) (Hint-replay failed): assertion failed (see also C:/build/agent1/_work/8/s/fstar/ulib/FStar.UInt128.fsti(25,12-25,32))
C:/build/agent1/_work/8/s/code/lib/kremlin/Hacl.UInt128.fst(24,77-24,78): (Warning 252) (Hint-replay failed): Subtyping check failed; expected type Prims.nat; got type Prims.int (see also C:/build/agent1/_work/8/s/fstar/ulib/prims.fst(408,17-408,23))
C:/build/agent1/_work/8/s/code/lib/kremlin/Hacl.UInt128.fst(25,40-25,51): (Warning 252) (Hint-replay failed): Subtyping check failed; expected type c:
Hacl.UInt128.t{(Hacl.UInt128.v a + Hacl.UInt128.v b) % Prims.pow2 Hacl.UInt128.n = Hacl.UInt128.v c}; got type FStar.UInt128.t (see also C:/build/agent1/_work/8/s/code/lib/kremlin/Hacl.UInt128.fst(24,58-24,84))
C:/build/agent1/_work/8/s/code/lib/kremlin/Hacl.UInt128.fst(28,65-28,66): (Warning 252) (Hint-replay failed): Subtyping check failed; expected type Prims.nat; got type Prims.int (see also C:/build/agent1/_work/8/s/fstar/ulib/prims.fst(408,17-408,23))
C:/build/agent1/_work/8/s/code/lib/kremlin/Hacl.UInt128.fst(29,36-29,39): (Warning 252) (Hint-replay failed): assertion failed (see also C:/build/agent1/_work/8/s/fstar/ulib/FStar.UInt128.fsti(39,12-39,32))
C:/build/agent1/_work/8/s/code/lib/kremlin/Hacl.UInt128.fst(31,77-31,78): (Warning 252) (Hint-replay failed): Subtyping check failed; expected type Prims.nat; got type Prims.int (see also C:/build/agent1/_work/8/s/fstar/ulib/prims.fst(408,17-408,23))
C:/build/agent1/_work/8/s/code/lib/kremlin/Hacl.UInt128.fst(32,40-32,51): (Warning 252) (Hint-replay failed): Subtyping check failed; expected type c:
Hacl.UInt128.t{(Hacl.UInt128.v a - Hacl.UInt128.v b) % Prims.pow2 Hacl.UInt128.n = Hacl.UInt128.v c}; got type FStar.UInt128.t (see also C:/build/agent1/_work/8/s/code/lib/kremlin/Hacl.UInt128.fst(31,58-31,84))
C:/build/agent1/_work/8/s/code/lib/kremlin/Hacl.UInt128.fst(46,30-46,48): (Warning 252) (Hint-replay failed): Subtyping check failed; expected type Prims.nat; got type FStar.UInt.uint_t FStar.UInt32.n (see also C:/build/agent1/_work/8/s/fstar/ulib/prims.fst(408,17-408,23))
C:/build/agent1/_work/8/s/code/lib/kremlin/Hacl.UInt128.fst(47,44-47,55): (Warning 252) (Hint-replay failed): assertion failed (see also C:/build/agent1/_work/8/s/fstar/ulib/FStar.UInt128.fsti(88,12-88,25))
C:/build/agent1/_work/8/s/code/lib/kremlin/Hacl.UInt128.fst(50,30-50,48): (Warning 252) (Hint-replay failed): Subtyping check failed; expected type Prims.nat; got type FStar.UInt.uint_t FStar.UInt32.n (see also C:/build/agent1/_work/8/s/fstar/ulib/prims.fst(408,17-408,23))
C:/build/agent1/_work/8/s/code/lib/kremlin/Hacl.UInt128.fst(51,43-51,53): (Warning 252) (Hint-replay failed): assertion failed (see also C:/build/agent1/_work/8/s/fstar/ulib/FStar.UInt128.fsti(84,12-84,25))
C:/build/agent1/_work/8/s/code/lib/kremlin/Hacl.UInt128.fst(53,59-53,60): (Warning 252) (Hint-replay failed): Subtyping check failed; expected type a: Type0{Prims.hasEq a}; got type Type0 (see also C:/build/agent1/_work/8/s/fstar/ulib/prims.fst(310,29-310,36))
C:/build/agent1/_work/8/s/code/lib/kremlin/Hacl.UInt128.fst(54,40-54,51): (Warning 252) (Hint-replay failed): Subtyping check failed; expected type c:
Hacl.UInt128.t
{ Hacl.UInt128.v a = Hacl.UInt128.v b ==> (Hacl.UInt128.v c = Prims.pow2 Hacl.UInt128.n - 1) /\
Hacl.UInt128.v a <> Hacl.UInt128.v b ==> (Hacl.UInt128.v c = 0) }; got type c:
FStar.UInt128.t
{ FStar.UInt128.v a = FStar.UInt128.v b ==> (FStar.UInt128.v c = Prims.pow2 FStar.UInt128.n - 1) /\
FStar.UInt128.v a <> FStar.UInt128.v b ==> (FStar.UInt128.v c = 0) } (see also C:/build/agent1/_work/8/s/code/lib/kremlin/Hacl.UInt128.fst(53,73-53,89))
C:/build/agent1/_work/8/s/code/lib/kremlin/Hacl.UInt128.fst(55,86-55,87): (Warning 252) (Hint-replay failed): Subtyping check failed; expected type Prims.nat; got type Prims.int (see also C:/build/agent1/_work/8/s/fstar/ulib/prims.fst(408,17-408,23))
C:/build/agent1/_work/8/s/code/lib/kremlin/Hacl.UInt128.fst(56,41-56,53): (Warning 252) (Hint-replay failed): Subtyping check failed; expected type c:
Hacl.UInt128.t
{ Hacl.UInt128.v a >= Hacl.UInt128.v b ==> (Hacl.UInt128.v c = Prims.pow2 Hacl.UInt128.n - 1) /\
Hacl.UInt128.v a < Hacl.UInt128.v b ==> (Hacl.UInt128.v c = 0) }; got type c:
FStar.UInt128.t
{ FStar.UInt128.v a >= FStar.UInt128.v b ==> (FStar.UInt128.v c = Prims.pow2 FStar.UInt128.n - 1) /\
FStar.UInt128.v a < FStar.UInt128.v b ==> (FStar.UInt128.v c = 0) } (see also C:/build/agent1/_work/8/s/code/lib/kremlin/Hacl.UInt128.fst(55,75-55,91))
C:/build/agent1/_work/8/s/code/lib/kremlin/Hacl.UInt128.fst(58,84-58,85): (Warning 252) (Hint-replay failed): Subtyping check failed; expected type Prims.nat; got type Prims.int (see also C:/build/agent1/_work/8/s/fstar/ulib/prims.fst(408,17-408,23))
C:/build/agent1/_work/8/s/code/lib/kremlin/Hacl.UInt128.fst(60,29-60,30): (Warning 252) (Hint-replay failed): Subtyping check failed; expected type Prims.pos; got type Prims.int (see also C:/build/agent1/_work/8/s/fstar/ulib/prims.fst(409,17-409,22))
C:/build/agent1/_work/8/s/code/lib/kremlin/Hacl.UInt128.fst(64,84-64,85): (Warning 252) (Hint-replay failed): Subtyping check failed; expected type Prims.nat; got type Prims.int (see also C:/build/agent1/_work/8/s/fstar/ulib/prims.fst(408,17-408,23))
C:/build/agent1/_work/8/s/code/lib/kremlin/Hacl.UInt128.fst(66,29-66,30): (Warning 252) (Hint-replay failed): Subtyping check failed; expected type Prims.pos; got type Prims.int (see also C:/build/agent1/_work/8/s/fstar/ulib/prims.fst(409,17-409,22))
C:/build/agent1/_work/8/s/code/lib/kremlin/Hacl.UInt128.fst(70,86-70,87): (Warning 252) (Hint-replay failed): Subtyping check failed; expected type Prims.nat; got type Prims.int (see also C:/build/agent1/_work/8/s/fstar/ulib/prims.fst(408,17-408,23))
C:/build/agent1/_work/8/s/code/lib/kremlin/Hacl.UInt128.fst(72,29-72,30): (Warning 252) (Hint-replay failed): Subtyping check failed; expected type Prims.pos; got type Prims.int (see also C:/build/agent1/_work/8/s/fstar/ulib/prims.fst(409,17-409,22))
C:/build/agent1/_work/8/s/code/lib/kremlin/Hacl.UInt128.fst(78,72-78,73): (Warning 252) (Hint-replay failed): Subtyping check failed; expected type Prims.nat; got type Prims.int (see also C:/build/agent1/_work/8/s/fstar/ulib/prims.fst(408,17-408,23))
C:/build/agent1/_work/8/s/code/lib/kremlin/Hacl.UInt128.fst(81,89-81,90): (Warning 252) (Hint-replay failed): Subtyping check failed; expected type Prims.nat; got type Prims.int (see also C:/build/agent1/_work/8/s/fstar/ulib/prims.fst(408,17-408,23))
C:/build/agent1/_work/8/s/code/lib/kremlin/Hacl.UInt128.fst(84,80-84,81): (Warning 252) (Hint-replay failed): Subtyping check failed; expected type Prims.nat; got type Prims.int (see also C:/build/agent1/_work/8/s/fstar/ulib/prims.fst(408,17-408,23))
C:/build/agent1/_work/8/s/code/lib/kremlin/Hacl.UInt128.fst(87,96-87,97): (Warning 252) (Hint-replay failed): Subtyping check failed; expected type Prims.nat; got type Prims.int (see also C:/build/agent1/_work/8/s/fstar/ulib/prims.fst(408,17-408,23))
C:/build/agent1/_work/8/s/code/lib/kremlin/Hacl.UInt128.fst(99,30-99,48): (Warning 252) (Hint-replay failed): Subtyping check failed; expected type Prims.nat; got type FStar.UInt.uint_t FStar.UInt32.n (see also C:/build/agent1/_work/8/s/fstar/ulib/prims.fst(408,17-408,23))
C:/build/agent1/_work/8/s/code/lib/kremlin/Hacl.UInt128.fst(103,30-103,48): (Warning 252) (Hint-replay failed): Subtyping check failed; expected type Prims.nat; got type FStar.UInt.uint_t FStar.UInt32.n (see also C:/build/agent1/_work/8/s/fstar/ulib/prims.fst(408,17-408,23))
C:/build/agent1/_work/8/s/fstar/ulib/FStar.UInt.fst(52,22-52,36): (Warning 252) (Hint-replay failed): Subtyping check failed; expected type a: Type0{Prims.hasEq a}; got type Type0 (see also C:/build/agent1/_work/8/s/fstar/ulib/prims.fst(310,29-310,36))
C:/build/agent1/_work/8/s/code/lib/kremlin/Hacl.UInt128.fst(116,48-116,81): (Warning 252) (Hint-replay failed): Subtyping check failed; expected type b: FStar.UInt64.t{FStar.UInt64.v b = Hacl.UInt128.v a % Prims.pow2 64}; got type b: FStar.UInt64.t{FStar.UInt64.v b == FStar.UInt128.v a % Prims.pow2 64} (see also C:/build/agent1/_work/8/s/code/lib/kremlin/Hacl.UInt128.fst(115,73-115,104))
Unable to open hints file: C:\build\agent1\_work\8\s\providers\multiplexer\EverCrypt.OpenSSL.fsti.hints; ran without hints
Unable to open hints file: C:\build\agent1\_work\8\s\providers\multiplexer\EverCrypt.Vale.fsti.hints; ran without hints
Unable to open hints file: C:\build\agent1\_work\8\s\providers\multiplexer\EverCrypt.Hacl.fsti.hints; ran without hints
Unable to open hints file: C:\build\agent1\_work\8\s\kremlin\kremlib\C.Failure.fst.hints; ran without hints
Unable to open hints file: C:\build\agent1\_work\8\s\providers\multiplexer\fst\EverCrypt.fst.hints; ran without hints
C:/build/agent1/_work/8/s/fstar/ulib/FStar.UInt.fst(52,22-52,36): (Warning 252) (Hint-replay failed): Subtyping check failed; expected type a: Type0{Prims.hasEq a}; got type Type0 (see also C:/build/agent1/_work/8/s/fstar/ulib/prims.fst(310,29-310,36))
C:/build/agent1/_work/8/s/fstar/ulib/FStar.UInt.fst(52,22-52,36): (Warning 252) (Hint-replay failed): Subtyping check failed; expected type a: Type0{Prims.hasEq a}; got type Type0 (see also C:/build/agent1/_work/8/s/fstar/ulib/prims.fst(310,29-310,36))
C:/build/agent1/_work/8/s/fstar/ulib/FStar.UInt.fst(52,22-52,36): (Warning 252) (Hint-replay failed): Subtyping check failed; expected type a: Type0{Prims.hasEq a}; got type Type0 (see also C:/build/agent1/_work/8/s/fstar/ulib/prims.fst(310,29-310,36))
C:/build/agent1/_work/8/s/fstar/ulib/FStar.UInt.fst(52,22-52,36): (Warning 252) (Hint-replay failed): Subtyping check failed; expected type a: Type0{Prims.hasEq a}; got type Type0 (see also C:/build/agent1/_work/8/s/fstar/ulib/prims.fst(310,29-310,36))
C:/build/agent1/_work/8/s/fstar/ulib/FStar.UInt.fst(52,22-52,36): (Warning 252) (Hint-replay failed): Subtyping check failed; expected type a: Type0{Prims.hasEq a}; got type Type0 (see also C:/build/agent1/_work/8/s/fstar/ulib/prims.fst(310,29-310,36))
C:/build/agent1/_work/8/s/fstar/ulib/FStar.UInt.fst(52,22-52,36): (Warning 252) (Hint-replay failed): Subtyping check failed; expected type a: Type0{Prims.hasEq a}; got type Type0 (see also C:/build/agent1/_work/8/s/fstar/ulib/prims.fst(310,29-310,36))
C:/build/agent1/_work/8/s/code/lib/kremlin/Hacl.Cast.fst(41,48-41,81): (Warning 252) (Hint-replay failed): Subtyping check failed; expected type b: FStar.UInt64.t{FStar.UInt64.v b = Hacl.UInt128.v a % Prims.pow2 64}; got type b: FStar.UInt64.t{FStar.UInt64.v b == FStar.UInt128.v a % Prims.pow2 64} (see also C:/build/agent1/_work/8/s/code/lib/kremlin/Hacl.Cast.fst(40,70-40,98))
C:/build/agent1/_work/8/s/code/lib/kremlin/Hacl.Cast.fst(43,48-43,100): (Warning 252) (Hint-replay failed): Subtyping check failed; expected type b: FStar.UInt32.t{FStar.UInt32.v b = Hacl.UInt128.v a % Prims.pow2 32}; got type b:
FStar.UInt32.t
{FStar.UInt32.v b = FStar.UInt64.v (FStar.UInt128.uint128_to_uint64 a) % Prims.pow2 32} (see also C:/build/agent1/_work/8/s/code/lib/kremlin/Hacl.Cast.fst(42,70-42,98))
C:/build/agent1/_work/8/s/code/lib/kremlin/Hacl.Cast.fst(45,47-45,98): (Warning 252) (Hint-replay failed): Subtyping check failed; expected type b: FStar.UInt8.t{FStar.UInt8.v b = Hacl.UInt128.v a % Prims.pow2 8}; got type b:
FStar.UInt8.t{FStar.UInt8.v b = FStar.UInt64.v (FStar.UInt128.uint128_to_uint64 a) % Prims.pow2 8} (see also C:/build/agent1/_work/8/s/code/lib/kremlin/Hacl.Cast.fst(44,69-44,95))
C:/build/agent1/_work/8/s/fstar/ulib/FStar.UInt.fst(52,22-52,36): (Warning 252) (Hint-replay failed): Subtyping check failed; expected type a: Type0{Prims.hasEq a}; got type Type0 (see also C:/build/agent1/_work/8/s/fstar/ulib/prims.fst(310,29-310,36))
C:/build/agent1/_work/8/s/code/lib/kremlin/Hacl.Cast.fst(49,72-49,73): (Warning 252) (Hint-replay failed): Subtyping check failed; expected type a: Type0{Prims.hasEq a}; got type Type0 (see also C:/build/agent1/_work/8/s/fstar/ulib/prims.fst(310,29-310,36))
C:/build/agent1/_work/8/s/fstar/ulib/FStar.UInt.fst(52,22-52,36): (Warning 252) (Hint-replay failed): Subtyping check failed; expected type a: Type0{Prims.hasEq a}; got type Type0 (see also C:/build/agent1/_work/8/s/fstar/ulib/prims.fst(310,29-310,36))
C:/build/agent1/_work/8/s/fstar/ulib/FStar.UInt.fst(52,22-52,36): (Warning 252) (Hint-replay failed): Subtyping check failed; expected type a: Type0{Prims.hasEq a}; got type Type0 (see also C:/build/agent1/_work/8/s/fstar/ulib/prims.fst(310,29-310,36))
C:/build/agent1/_work/8/s/code/lib/kremlin/Hacl.Cast.fst(60,72-60,73): (Warning 252) (Hint-replay failed): Subtyping check failed; expected type a: Type0{Prims.hasEq a}; got type Type0 (see also C:/build/agent1/_work/8/s/fstar/ulib/prims.fst(310,29-310,36))
C:/build/agent1/_work/8/s/fstar/ulib/FStar.UInt.fst(52,22-52,36): (Warning 252) (Hint-replay failed): Subtyping check failed; expected type a: Type0{Prims.hasEq a}; got type Type0 (see also C:/build/agent1/_work/8/s/fstar/ulib/prims.fst(310,29-310,36))
C:/build/agent1/_work/8/s/fstar/ulib/FStar.UInt.fst(52,22-52,36): (Warning 252) (Hint-replay failed): Subtyping check failed; expected type a: Type0{Prims.hasEq a}; got type Type0 (see also C:/build/agent1/_work/8/s/fstar/ulib/prims.fst(310,29-310,36))
C:/build/agent1/_work/8/s/fstar/ulib/FStar.UInt.fst(52,22-52,36): (Warning 252) (Hint-replay failed): Subtyping check failed; expected type a: Type0{Prims.hasEq a}; got type Type0 (see also C:/build/agent1/_work/8/s/fstar/ulib/prims.fst(310,29-310,36))
C:/build/agent1/_work/8/s/code/lib/kremlin/Hacl.Cast.fst(71,67-71,68): (Warning 252) (Hint-replay failed): Subtyping check failed; expected type a: Type0{Prims.hasEq a}; got type Type0 (see also C:/build/agent1/_work/8/s/fstar/ulib/prims.fst(310,29-310,36))
C:/build/agent1/_work/8/s/code/lib/kremlin/Hacl.Cast.fst(74,77-74,78): (Warning 252) (Hint-replay failed): Subtyping check failed; expected type a: Type0{Prims.hasEq a}; got type Type0 (see also C:/build/agent1/_work/8/s/fstar/ulib/prims.fst(310,29-310,36))
C:/build/agent1/_work/8/s/fstar/ulib/FStar.UInt.fst(52,24-52,27): (Warning 252) (Hint-replay failed): Subtyping check failed; expected type a: Type0{Prims.hasEq a}; got type Type0 (see also C:/build/agent1/_work/8/s/fstar/ulib/prims.fst(310,29-310,36))
C:/build/agent1/_work/8/s/fstar/ulib/prims.fst(408,13-408,16): (Warning 252) (Hint-replay failed): Subtyping check failed; expected type a: Type0{Prims.hasEq a}; got type Type0 (see also C:/build/agent1/_work/8/s/fstar/ulib/prims.fst(310,29-310,36))
C:/build/agent1/_work/8/s/fstar/ulib/prims.fst(408,13-408,16): (Warning 252) (Hint-replay failed): Subtyping check failed; expected type a: Type0{Prims.hasEq a}; got type Type0 (see also C:/build/agent1/_work/8/s/fstar/ulib/prims.fst(310,29-310,36))
C:/build/agent1/_work/8/s/fstar/ulib/prims.fst(408,13-408,16): (Warning 252) (Hint-replay failed): Subtyping check failed; expected type a: Type0{Prims.hasEq a}; got type Type0 (see also C:/build/agent1/_work/8/s/fstar/ulib/prims.fst(310,29-310,36))
C:/build/agent1/_work/8/s/code/lib/kremlin/FStar.Endianness.fst(68,40-68,41): (Warning 252) (Hint-replay failed): Subtyping check failed; expected type i: Prims.nat{i < FStar.Seq.Base.length (FStar.Seq.Base.create 1 n)}; got type Prims.int (see also C:/build/agent1/_work/8/s/fstar/ulib/FStar.Seq.Base.fst(30,49-30,61))
C:/build/agent1/_work/8/s/code/lib/kremlin/FStar.Endianness.fst(78,28-78,47): (Warning 252) (Hint-replay failed): Subtyping check failed; expected type Prims.nat; got type Prims.int (see also C:/build/agent1/_work/8/s/fstar/ulib/prims.fst(408,17-408,23))
C:/build/agent1/_work/8/s/fstar/ulib/prims.fst(408,13-408,16): (Warning 252) (Hint-replay failed): Subtyping check failed; expected type a: Type0{Prims.hasEq a}; got type Type0 (see also C:/build/agent1/_work/8/s/fstar/ulib/prims.fst(310,29-310,36))
C:/build/agent1/_work/8/s/code/lib/kremlin/FStar.Endianness.fst(124,36-124,54): (Warning 252) (Hint-replay failed): Subtyping check failed; expected type Prims.nat; got type Prims.int (see also C:/build/agent1/_work/8/s/fstar/ulib/prims.fst(408,17-408,23))
C:/build/agent1/_work/8/s/fstar/ulib/prims.fst(408,13-408,16): (Warning 252) (Hint-replay failed): Subtyping check failed; expected type a: Type0{Prims.hasEq a}; got type Type0 (see also C:/build/agent1/_work/8/s/fstar/ulib/prims.fst(310,29-310,36))
C:/build/agent1/_work/8/s/code/lib/kremlin/FStar.Endianness.fst(145,33-145,51): (Warning 252) (Hint-replay failed): Subtyping check failed; expected type Prims.nat; got type Prims.int (see also C:/build/agent1/_work/8/s/fstar/ulib/prims.fst(408,17-408,23))
C:/build/agent1/_work/8/s/fstar/ulib/prims.fst(408,13-408,16): (Warning 252) (Hint-replay failed): Subtyping check failed; expected type a: Type0{Prims.hasEq a}; got type Type0 (see also C:/build/agent1/_work/8/s/fstar/ulib/prims.fst(310,29-310,36))
C:/build/agent1/_work/8/s/fstar/ulib/prims.fst(408,13-408,16): (Warning 252) (Hint-replay failed): Subtyping check failed; expected type a: Type0{Prims.hasEq a}; got type Type0 (see also C:/build/agent1/_work/8/s/fstar/ulib/prims.fst(310,29-310,36))
C:/build/agent1/_work/8/s/code/lib/kremlin/FStar.Endianness.fst(189,11-189,14): (Warning 252) (Hint-replay failed): Subtyping check failed; expected type a: Type0{Prims.hasEq a}; got type Type0 (see also C:/build/agent1/_work/8/s/fstar/ulib/prims.fst(310,29-310,36))
C:/build/agent1/_work/8/s/code/lib/kremlin/FStar.Endianness.fst(212,12-212,21): (Warning 252) (Hint-replay failed): Subtyping check failed; expected type a: Type0{Prims.hasEq a}; got type Type0 (see also C:/build/agent1/_work/8/s/fstar/ulib/prims.fst(310,29-310,36))
C:/build/agent1/_work/8/s/fstar/ulib/prims.fst(408,13-408,16): (Warning 252) (Hint-replay failed): Subtyping check failed; expected type a: Type0{Prims.hasEq a}; got type Type0 (see also C:/build/agent1/_work/8/s/fstar/ulib/prims.fst(310,29-310,36))
C:/build/agent1/_work/8/s/code/lib/kremlin/FStar.Endianness.fst(227,18-227,32): (Warning 252) (Hint-replay failed): assertion failed (see also C:/build/agent1/_work/8/s/fstar/ulib/FStar.Seq.Base.fst(214,16-214,37))
C:/build/agent1/_work/8/s/code/lib/kremlin/FStar.Endianness.fst(245,13-245,14): (Warning 252) (Hint-replay failed): Subtyping check failed; expected type a: Type0{Prims.hasEq a}; got type Type0 (see also C:/build/agent1/_work/8/s/fstar/ulib/prims.fst(310,29-310,36))
C:/build/agent1/_work/8/s/code/lib/kremlin/FStar.Endianness.fst(249,2-249,21): (Warning 252) (Hint-replay failed): assertion failed (see also C:/build/agent1/_work/8/s/fstar/ulib/FStar.Math.Lemmas.fst(267,31-267,44))
C:/build/agent1/_work/8/s/code/lib/kremlin/FStar.Endianness.fst(254,22-254,32): (Warning 252) (Hint-replay failed): Subtyping check failed; expected type j: Prims.nat{1 <= j && j <= FStar.Seq.Base.length s}; got type Prims.nat
C:/build/agent1/_work/8/s/code/lib/kremlin/FStar.Endianness.fst(259,21-259,31): (Warning 252) (Hint-replay failed): Subtyping check failed; expected type j: Prims.nat{1 <= j && j <= FStar.Seq.Base.length s}; got type Prims.nat
C:/build/agent1/_work/8/s/code/lib/kremlin/FStar.Endianness.fst(266,12-266,34): (Warning 252) (Hint-replay failed): Subtyping check failed; expected type Prims.nat; got type Prims.int (see also C:/build/agent1/_work/8/s/fstar/ulib/prims.fst(408,17-408,23))
C:/build/agent1/_work/8/s/code/lib/kremlin/FStar.Endianness.fst(270,2-270,16): (Warning 252) (Hint-replay failed): assertion failed (see also C:/build/agent1/_work/8/s/fstar/ulib/FStar.Seq.Base.fst(214,16-214,37))
C:/build/agent1/_work/8/s/fstar/ulib/prims.fst(408,13-408,16): (Warning 252) (Hint-replay failed): Subtyping check failed; expected type a: Type0{Prims.hasEq a}; got type Type0 (see also C:/build/agent1/_work/8/s/fstar/ulib/prims.fst(310,29-310,36))
C:/build/agent1/_work/8/s/code/lib/kremlin/FStar.Endianness.fst(278,35-278,51): (Warning 252) (Hint-replay failed): Subtyping check failed; expected type Prims.nat; got type Prims.int (see also C:/build/agent1/_work/8/s/fstar/ulib/prims.fst(408,17-408,23))
C:/build/agent1/_work/8/s/fstar/ulib/prims.fst(408,13-408,16): (Warning 252) (Hint-replay failed): Subtyping check failed; expected type a: Type0{Prims.hasEq a}; got type Type0 (see also C:/build/agent1/_work/8/s/fstar/ulib/prims.fst(310,29-310,36))
C:/build/agent1/_work/8/s/code/lib/kremlin/FStar.Endianness.fst(299,39-299,42): (Warning 252) (Hint-replay failed): Subtyping check failed; expected type j: Prims.nat{0 <= j && j <= FStar.Seq.Base.length b}; got type Prims.nat (see also C:/build/agent1/_work/8/s/code/lib/kremlin/FStar.Endianness.fst(298,6-298,9))
C:/build/agent1/_work/8/s/code/lib/kremlin/FStar.Endianness.fst(305,61-305,72): (Warning 252) (Hint-replay failed): Subtyping check failed; expected type Prims.nat; got type Prims.int (see also C:/build/agent1/_work/8/s/fstar/ulib/prims.fst(408,17-408,23))
C:/build/agent1/_work/8/s/code/lib/kremlin/FStar.Endianness.fst(307,8-307,20): (Warning 252) (Hint-replay failed): Subtyping check failed; expected type Prims.nat; got type Prims.int (see also C:/build/agent1/_work/8/s/fstar/ulib/prims.fst(408,17-408,23))
C:/build/agent1/_work/8/s/code/lib/kremlin/FStar.Endianness.fst(323,4-323,20): (Warning 252) Subtyping check failed; expected type b:
FStar.Endianness.lbytes (FStar.UInt32.v len) {FStar.UInt32.v n == FStar.Endianness.little_endian b}; got type FStar.Seq.Base.seq FStar.UInt8.t (see also C:/build/agent1/_work/8/s/code/lib/kremlin/FStar.Endianness.fst(306,26-306,55))
C:/build/agent1/_work/8/s/code/lib/kremlin/FStar.Endianness.fst(323,4-323,20): (Warning 252) Subtyping check failed; expected type b:
FStar.Endianness.lbytes (FStar.UInt32.v len) {FStar.UInt32.v n == FStar.Endianness.little_endian b}; got type FStar.Seq.Base.seq FStar.UInt8.t (see also C:/build/agent1/_work/8/s/code/lib/kremlin/FStar.Endianness.fst(306,26-306,55))
C:/build/agent1/_work/8/s/code/lib/kremlin/FStar.Endianness.fst(326,61-326,72): (Warning 252) (Hint-replay failed): Subtyping check failed; expected type Prims.nat; got type Prims.int (see also C:/build/agent1/_work/8/s/fstar/ulib/prims.fst(408,17-408,23))
C:/build/agent1/_work/8/s/code/lib/kremlin/FStar.Endianness.fst(328,8-328,17): (Warning 252) (Hint-replay failed): Subtyping check failed; expected type Prims.nat; got type Prims.int (see also C:/build/agent1/_work/8/s/fstar/ulib/prims.fst(408,17-408,23))
C:/build/agent1/_work/8/s/code/lib/kremlin/FStar.Endianness.fst(344,4-344,20): (Warning 252) Subtyping check failed; expected type b: FStar.Endianness.lbytes (FStar.UInt32.v len) {FStar.UInt32.v n == FStar.Endianness.big_endian b}; got type FStar.Seq.Base.seq FStar.UInt8.t (see also C:/build/agent1/_work/8/s/code/lib/kremlin/FStar.Endianness.fst(327,26-327,52))
C:/build/agent1/_work/8/s/code/lib/kremlin/FStar.Endianness.fst(344,4-344,20): (Warning 252) Subtyping check failed; expected type b: FStar.Endianness.lbytes (FStar.UInt32.v len) {FStar.UInt32.v n == FStar.Endianness.big_endian b}; got type FStar.Seq.Base.seq FStar.UInt8.t (see also C:/build/agent1/_work/8/s/code/lib/kremlin/FStar.Endianness.fst(327,26-327,52))
C:/build/agent1/_work/8/s/code/lib/kremlin/FStar.Endianness.fst(353,11-353,14): (Warning 252) (Hint-replay failed): Subtyping check failed; expected type a: Type0{Prims.hasEq a}; got type Type0 (see also C:/build/agent1/_work/8/s/fstar/ulib/prims.fst(310,29-310,36))
C:/build/agent1/_work/8/s/specs/Spec.Curve25519.Lemmas.fst(21,20-21,22): (Warning 252) (Hint-replay failed): could not prove post-condition (see also C:/build/agent1/_work/8/s/specs/Spec.Curve25519.Lemmas.fst(19,12-19,21))
C:/build/agent1/_work/8/s/code/lib/kremlin/Hacl.Spec.Endianness.fst(23,40-23,41): (Warning 252) (Hint-replay failed): Subtyping check failed; expected type a: Type0{Prims.hasEq a}; got type Type0 (see also C:/build/agent1/_work/8/s/fstar/ulib/prims.fst(310,29-310,36))
C:/build/agent1/_work/8/s/code/lib/kremlin/Hacl.Spec.Endianness.fst(24,47-24,48): (Warning 252) (Hint-replay failed): Subtyping check failed; expected type a: Type0{Prims.hasEq a}; got type Type0 (see also C:/build/agent1/_work/8/s/fstar/ulib/prims.fst(310,29-310,36))
C:/build/agent1/_work/8/s/code/lib/kremlin/Hacl.Spec.Endianness.fst(25,47-25,48): (Warning 252) (Hint-replay failed): Subtyping check failed; expected type a: Type0{Prims.hasEq a}; got type Type0 (see also C:/build/agent1/_work/8/s/fstar/ulib/prims.fst(310,29-310,36))
C:/build/agent1/_work/8/s/code/lib/kremlin/Hacl.Spec.Endianness.fst(26,50-26,51): (Warning 252) (Hint-replay failed): Subtyping check failed; expected type Prims.nat; got type Prims.int (see also C:/build/agent1/_work/8/s/fstar/ulib/prims.fst(408,17-408,23))
C:/build/agent1/_work/8/s/code/lib/kremlin/Hacl.Spec.Endianness.fst(34,27-34,28): (Warning 252) (Hint-replay failed): Subtyping check failed; expected type i: Prims.nat{i < FStar.Seq.Base.length s'}; got type Prims.nat (see also C:/build/agent1/_work/8/s/fstar/ulib/FStar.Seq.Base.fst(30,49-30,61))
C:/build/agent1/_work/8/s/code/lib/kremlin/Hacl.Spec.Endianness.fst(34,27-34,28): (Warning 252) (Hint-replay failed): Subtyping check failed; expected type i: Prims.nat{i < FStar.Seq.Base.length s'}; got type Prims.nat (see also C:/build/agent1/_work/8/s/fstar/ulib/FStar.Seq.Base.fst(30,49-30,61))
C:/build/agent1/_work/8/s/code/lib/kremlin/Hacl.Spec.Endianness.fst(47,4-47,11): (Warning 252) (Hint-replay failed): Subtyping check failed; expected type a: Type0{Prims.hasEq a}; got type Type0 (see also C:/build/agent1/_work/8/s/fstar/ulib/prims.fst(310,29-310,36))
C:/build/agent1/_work/8/s/fstar/ulib/FStar.UInt.fst(52,28-52,36): (Warning 252) (Hint-replay failed): Subtyping check failed; expected type a: Type0{Prims.hasEq a}; got type Type0 (see also C:/build/agent1/_work/8/s/fstar/ulib/prims.fst(310,29-310,36))
C:/build/agent1/_work/8/s/fstar/ulib/FStar.UInt.fst(52,28-52,36): (Warning 252) (Hint-replay failed): Subtyping check failed; expected type a: Type0{Prims.hasEq a}; got type Type0 (see also C:/build/agent1/_work/8/s/fstar/ulib/prims.fst(310,29-310,36))
Unable to open hints file: C:\build\agent1\_work\8\s\code\hash\interfaces\Hacl.SHA2_512.fsti.hints; ran without hints
C:/build/agent1/_work/8/s/specs/Spec.Lib.fst(27,65-27,71): (Warning 252) (Hint-replay failed): Subtyping check failed; expected type a: Type0{Prims.hasEq a}; got type Type0 (see also C:/build/agent1/_work/8/s/fstar/ulib/prims.fst(310,29-310,36))
C:/build/agent1/_work/8/s/specs/Spec.Lib.fst(81,13-81,27): (Warning 252) (Hint-replay failed): Subtyping check failed; expected type a: Type0{Prims.hasEq a}; got type Type0 (see also C:/build/agent1/_work/8/s/fstar/ulib/prims.fst(310,29-310,36))
C:/build/agent1/_work/8/s/specs/Spec.Lib.fst(83,4-83,27): (Warning 252) assertion failed (see also C:/build/agent1/_work/8/s/code/lib/kremlin/FStar.Endianness.fst(295,12-295,46))
C:/build/agent1/_work/8/s/specs/Spec.Lib.fst(83,4-83,27): (Warning 252) assertion failed (see also C:/build/agent1/_work/8/s/code/lib/kremlin/FStar.Endianness.fst(295,12-295,46))
C:/build/agent1/_work/8/s/specs/Spec.Lib.fst(83,4-83,27): (Warning 252) assertion failed (see also C:/build/agent1/_work/8/s/code/lib/kremlin/FStar.Endianness.fst(295,12-295,46))
C:/build/agent1/_work/8/s/specs/Spec.Lib.fst(88,13-88,14): (Warning 252) (Hint-replay failed): Subtyping check failed; expected type a: Type0{Prims.hasEq a}; got type Type0 (see also C:/build/agent1/_work/8/s/fstar/ulib/prims.fst(310,29-310,36))
C:/build/agent1/_work/8/s/specs/Spec.Lib.fst(93,12-93,26): (Warning 252) (Hint-replay failed): Subtyping check failed; expected type a: Type0{Prims.hasEq a}; got type Type0 (see also C:/build/agent1/_work/8/s/fstar/ulib/prims.fst(310,29-310,36))
C:/build/agent1/_work/8/s/specs/Spec.Lib.fst(98,12-98,24): (Warning 252) (Hint-replay failed): Subtyping check failed; expected type a: Type0{Prims.hasEq a}; got type Type0 (see also C:/build/agent1/_work/8/s/fstar/ulib/prims.fst(310,29-310,36))
C:/build/agent1/_work/8/s/specs/Spec.Lib.fst(107,41-107,50): (Warning 252) (Hint-replay failed): Subtyping check failed; expected type Prims.nat; got type Prims.int (see also C:/build/agent1/_work/8/s/fstar/ulib/prims.fst(408,17-408,23))
C:/build/agent1/_work/8/s/specs/Spec.Lib.fst(108,8-108,23): (Warning 252) (Hint-replay failed): Subtyping check failed; expected type Prims.nat; got type Prims.int (see also C:/build/agent1/_work/8/s/fstar/ulib/prims.fst(408,17-408,23))
C:/build/agent1/_work/8/s/specs/Spec.Lib.fst(124,76-124,85): (Warning 252) (Hint-replay failed): Subtyping check failed; expected type Prims.nat; got type Prims.int (see also C:/build/agent1/_work/8/s/fstar/ulib/prims.fst(408,17-408,23))
C:/build/agent1/_work/8/s/specs/Spec.Lib.fst(125,8-125,21): (Warning 252) (Hint-replay failed): Subtyping check failed; expected type a: Type0{Prims.hasEq a}; got type Type0 (see also C:/build/agent1/_work/8/s/fstar/ulib/prims.fst(310,29-310,36))
C:/build/agent1/_work/8/s/specs/Spec.Lib.fst(133,41-133,50): (Warning 252) (Hint-replay failed): Subtyping check failed; expected type Prims.nat; got type Prims.int (see also C:/build/agent1/_work/8/s/fstar/ulib/prims.fst(408,17-408,23))
C:/build/agent1/_work/8/s/specs/Spec.Lib.fst(134,8-134,23): (Warning 252) (Hint-replay failed): Subtyping check failed; expected type Prims.nat; got type Prims.int (see also C:/build/agent1/_work/8/s/fstar/ulib/prims.fst(408,17-408,23))
C:/build/agent1/_work/8/s/specs/Spec.Lib.fst(141,76-141,85): (Warning 252) (Hint-replay failed): Subtyping check failed; expected type Prims.nat; got type Prims.int (see also C:/build/agent1/_work/8/s/fstar/ulib/prims.fst(408,17-408,23))
C:/build/agent1/_work/8/s/specs/Spec.Lib.fst(142,8-142,21): (Warning 252) (Hint-replay failed): Subtyping check failed; expected type a: Type0{Prims.hasEq a}; got type Type0 (see also C:/build/agent1/_work/8/s/fstar/ulib/prims.fst(310,29-310,36))
C:/build/agent1/_work/8/s/specs/Spec.Lib.fst(151,41-151,50): (Warning 252) (Hint-replay failed): Subtyping check failed; expected type Prims.nat; got type Prims.int (see also C:/build/agent1/_work/8/s/fstar/ulib/prims.fst(408,17-408,23))
C:/build/agent1/_work/8/s/specs/Spec.Lib.fst(152,8-152,23): (Warning 252) (Hint-replay failed): Subtyping check failed; expected type Prims.nat; got type Prims.int (see also C:/build/agent1/_work/8/s/fstar/ulib/prims.fst(408,17-408,23))
C:/build/agent1/_work/8/s/specs/Spec.Lib.fst(159,76-159,85): (Warning 252) (Hint-replay failed): Subtyping check failed; expected type Prims.nat; got type Prims.int (see also C:/build/agent1/_work/8/s/fstar/ulib/prims.fst(408,17-408,23))
C:/build/agent1/_work/8/s/specs/Spec.Lib.fst(160,8-160,21): (Warning 252) (Hint-replay failed): Subtyping check failed; expected type a: Type0{Prims.hasEq a}; got type Type0 (see also C:/build/agent1/_work/8/s/fstar/ulib/prims.fst(310,29-310,36))
C:/build/agent1/_work/8/s/specs/Spec.Lib.fst(168,41-168,50): (Warning 252) (Hint-replay failed): Subtyping check failed; expected type Prims.nat; got type Prims.int (see also C:/build/agent1/_work/8/s/fstar/ulib/prims.fst(408,17-408,23))
C:/build/agent1/_work/8/s/specs/Spec.Lib.fst(169,8-169,23): (Warning 252) (Hint-replay failed): Subtyping check failed; expected type Prims.nat; got type Prims.int (see also C:/build/agent1/_work/8/s/fstar/ulib/prims.fst(408,17-408,23))
C:/build/agent1/_work/8/s/specs/Spec.Lib.fst(176,76-176,85): (Warning 252) (Hint-replay failed): Subtyping check failed; expected type Prims.nat; got type Prims.int (see also C:/build/agent1/_work/8/s/fstar/ulib/prims.fst(408,17-408,23))
C:/build/agent1/_work/8/s/specs/Spec.Lib.fst(177,8-177,21): (Warning 252) (Hint-replay failed): Subtyping check failed; expected type a: Type0{Prims.hasEq a}; got type Type0 (see also C:/build/agent1/_work/8/s/fstar/ulib/prims.fst(310,29-310,36))
C:/build/agent1/_work/8/s/fstar/ulib/prims.fst(408,13-408,16): (Warning 252) (Hint-replay failed): Subtyping check failed; expected type a: Type0{Prims.hasEq a}; got type Type0 (see also C:/build/agent1/_work/8/s/fstar/ulib/prims.fst(310,29-310,36))
C:/build/agent1/_work/8/s/specs/Spec.Lib.fst(192,62-192,85): (Warning 252) (Hint-replay failed): Subtyping check failed; expected type Spec.Lib.lbytes (4 * (len - 1)); got type FStar.Seq.Base.seq FStar.UInt8.t (see also C:/build/agent1/_work/8/s/specs/Spec.Lib.fst(23,36-23,48))
C:/build/agent1/_work/8/s/fstar/ulib/prims.fst(408,13-408,16): (Warning 252) (Hint-replay failed): Subtyping check failed; expected type a: Type0{Prims.hasEq a}; got type Type0 (see also C:/build/agent1/_work/8/s/fstar/ulib/prims.fst(310,29-310,36))
C:/build/agent1/_work/8/s/specs/Spec.Lib.fst(201,76-201,79): (Warning 252) (Hint-replay failed): Subtyping check failed; expected type a: Type0{Prims.hasEq a}; got type Type0 (see also C:/build/agent1/_work/8/s/fstar/ulib/prims.fst(310,29-310,36))
C:/build/agent1/_work/8/s/fstar/ulib/prims.fst(408,13-408,16): (Warning 252) (Hint-replay failed): Subtyping check failed; expected type a: Type0{Prims.hasEq a}; got type Type0 (see also C:/build/agent1/_work/8/s/fstar/ulib/prims.fst(310,29-310,36))
C:/build/agent1/_work/8/s/specs/Spec.Lib.fst(211,62-211,85): (Warning 252) (Hint-replay failed): Subtyping check failed; expected type Spec.Lib.lbytes (4 * (len - 1)); got type FStar.Seq.Base.seq FStar.UInt8.t (see also C:/build/agent1/_work/8/s/specs/Spec.Lib.fst(23,36-23,48))
C:/build/agent1/_work/8/s/fstar/ulib/prims.fst(408,13-408,16): (Warning 252) (Hint-replay failed): Subtyping check failed; expected type a: Type0{Prims.hasEq a}; got type Type0 (see also C:/build/agent1/_work/8/s/fstar/ulib/prims.fst(310,29-310,36))
C:/build/agent1/_work/8/s/specs/Spec.Lib.fst(220,76-220,79): (Warning 252) (Hint-replay failed): Subtyping check failed; expected type a: Type0{Prims.hasEq a}; got type Type0 (see also C:/build/agent1/_work/8/s/fstar/ulib/prims.fst(310,29-310,36))
C:/build/agent1/_work/8/s/fstar/ulib/prims.fst(408,13-408,16): (Warning 252) (Hint-replay failed): Subtyping check failed; expected type a: Type0{Prims.hasEq a}; got type Type0 (see also C:/build/agent1/_work/8/s/fstar/ulib/prims.fst(310,29-310,36))
C:/build/agent1/_work/8/s/specs/Spec.Lib.fst(230,62-230,85): (Warning 252) (Hint-replay failed): Subtyping check failed; expected type Spec.Lib.lbytes (8 * (len - 1)); got type FStar.Seq.Base.seq FStar.UInt8.t (see also C:/build/agent1/_work/8/s/specs/Spec.Lib.fst(23,36-23,48))
C:/build/agent1/_work/8/s/fstar/ulib/prims.fst(408,13-408,16): (Warning 252) (Hint-replay failed): Subtyping check failed; expected type a: Type0{Prims.hasEq a}; got type Type0 (see also C:/build/agent1/_work/8/s/fstar/ulib/prims.fst(310,29-310,36))
C:/build/agent1/_work/8/s/specs/Spec.Lib.fst(239,76-239,79): (Warning 252) (Hint-replay failed): Subtyping check failed; expected type a: Type0{Prims.hasEq a}; got type Type0 (see also C:/build/agent1/_work/8/s/fstar/ulib/prims.fst(310,29-310,36))
C:/build/agent1/_work/8/s/specs/Spec.Lib.fst(247,54-247,63): (Warning 252) (Hint-replay failed): Subtyping check failed; expected type Prims.nat; got type Prims.int (see also C:/build/agent1/_work/8/s/fstar/ulib/prims.fst(408,17-408,23))
C:/build/agent1/_work/8/s/specs/Spec.Lib.fst(277,54-277,63): (Warning 252) (Hint-replay failed): Subtyping check failed; expected type Prims.nat; got type Prims.int (see also C:/build/agent1/_work/8/s/fstar/ulib/prims.fst(408,17-408,23))
C:/build/agent1/_work/8/s/specs/Spec.Lib.fst(298,13-298,26): (Warning 252) (Hint-replay failed): Subtyping check failed; expected type Prims.nat; got type Prims.int (see also C:/build/agent1/_work/8/s/fstar/ulib/prims.fst(408,17-408,23))
C:/build/agent1/_work/8/s/specs/Spec.Lib.fst(330,34-330,35): (Warning 252) (Hint-replay failed): Subtyping check failed; expected type s: FStar.Seq.Base.seq FStar.UInt32.t {FStar.Seq.Base.length s = 0}; got type b: FStar.Seq.Base.seq FStar.UInt32.t {FStar.Seq.Base.length b = len} (see also C:/build/agent1/_work/8/s/specs/Spec.Lib.fst(198,65-198,79))
C:/build/agent1/_work/8/s/specs/Spec.Lib.fst(355,55-355,74): (Warning 252) (Hint-replay failed): Subtyping check failed; expected type Spec.Lib.lbytes (4 * n); got type FStar.Seq.Base.seq FStar.UInt8.t (see also C:/build/agent1/_work/8/s/specs/Spec.Lib.fst(23,36-23,48))
C:/build/agent1/_work/8/s/specs/Spec.Lib.fst(359,5-359,6): (Warning 252) (Hint-replay failed): Subtyping check failed; expected type a: Type0{Prims.hasEq a}; got type Type0 (see also C:/build/agent1/_work/8/s/fstar/ulib/prims.fst(310,29-310,36))
C:/build/agent1/_work/8/s/specs/Spec.Lib.fst(23,23-23,34): (Warning 252) (Hint-replay failed): Subtyping check failed; expected type a: Type0{Prims.hasEq a}; got type Type0 (see also C:/build/agent1/_work/8/s/fstar/ulib/prims.fst(310,29-310,36))
C:/build/agent1/_work/8/s/specs/Spec.Lib.fst(384,8-384,33): (Warning 252) (Hint-replay failed): Subtyping check failed; expected type a: Type0{Prims.hasEq a}; got type Type0 (see also C:/build/agent1/_work/8/s/fstar/ulib/prims.fst(310,29-310,36))
C:/build/agent1/_work/8/s/fstar/ulib/prims.fst(409,13-409,16): (Warning 252) (Hint-replay failed): Subtyping check failed; expected type a: Type0{Prims.hasEq a}; got type Type0 (see also C:/build/agent1/_work/8/s/fstar/ulib/prims.fst(310,29-310,36))
C:/build/agent1/_work/8/s/specs/Spec.Curve25519.fst(39,15-39,17): (Warning 252) (Hint-replay failed): Subtyping check failed; expected type n: Prims.nat{n < FStar.Seq.Base.length k}; got type Prims.int (see also C:/build/agent1/_work/8/s/fstar/ulib/FStar.Seq.Base.fst(78,46-78,58))
C:/build/agent1/_work/8/s/fstar/ulib/prims.fst(408,13-408,16): (Warning 252) (Hint-replay failed): Subtyping check failed; expected type a: Type0{Prims.hasEq a}; got type Type0 (see also C:/build/agent1/_work/8/s/fstar/ulib/prims.fst(310,29-310,36))
C:/build/agent1/_work/8/s/specs/Spec.Curve25519.fst(90,32-90,33): (Warning 252) (Hint-replay failed): Subtyping check failed; expected type Spec.Curve25519.scalar; got type FStar.Seq.Base.seq FStar.UInt8.t (see also C:/build/agent1/_work/8/s/specs/Spec.Lib.fst(23,36-23,48))
C:/build/agent1/_work/8/s/fstar/ulib/prims.fst(408,13-408,16): (Warning 252) (Hint-replay failed): Subtyping check failed; expected type a: Type0{Prims.hasEq a}; got type Type0 (see also C:/build/agent1/_work/8/s/fstar/ulib/prims.fst(310,29-310,36))
Unable to open hints file: C:\build\agent1\_work\8\s\code\curve25519\interfaces\Hacl.Curve25519.fsti.hints; ran without hints
C:/build/agent1/_work/8/s/fstar/ulib/prims.fst(408,13-408,16): (Warning 252) (Hint-replay failed): Subtyping check failed; expected type a: Type0{Prims.hasEq a}; got type Type0 (see also C:/build/agent1/_work/8/s/fstar/ulib/prims.fst(310,29-310,36))
C:/build/agent1/_work/8/s/fstar/ulib/prims.fst(408,13-408,16): (Warning 252) (Hint-replay failed): Subtyping check failed; expected type a: Type0{Prims.hasEq a}; got type Type0 (see also C:/build/agent1/_work/8/s/fstar/ulib/prims.fst(310,29-310,36))
C:/build/agent1/_work/8/s/specs/Spec.SHA2_384.fst(165,65-165,75): (Warning 252) (Hint-replay failed): Subtyping check failed; expected type Prims.nonzero; got type Prims.int (see also C:/build/agent1/_work/8/s/fstar/ulib/prims.fst(410,21-410,25))
C:/build/agent1/_work/8/s/fstar/ulib/prims.fst(408,13-408,16): (Warning 252) (Hint-replay failed): Subtyping check failed; expected type a: Type0{Prims.hasEq a}; got type Type0 (see also C:/build/agent1/_work/8/s/fstar/ulib/prims.fst(310,29-310,36))
C:/build/agent1/_work/8/s/fstar/ulib/prims.fst(408,13-408,16): (Warning 252) (Hint-replay failed): Subtyping check failed; expected type a: Type0{Prims.hasEq a}; got type Type0 (see also C:/build/agent1/_work/8/s/fstar/ulib/prims.fst(310,29-310,36))
C:/build/agent1/_work/8/s/specs/Spec.SHA2_384.fst(187,33-187,43): (Warning 252) (Hint-replay failed): Subtyping check failed; expected type Prims.nonzero; got type Prims.int (see also C:/build/agent1/_work/8/s/fstar/ulib/prims.fst(410,21-410,25))
C:/build/agent1/_work/8/s/specs/Spec.SHA2_384.fst(194,8-194,27): (Warning 252) (Hint-replay failed): Subtyping check failed; expected type Prims.nonzero; got type Prims.int (see also C:/build/agent1/_work/8/s/fstar/ulib/prims.fst(410,21-410,25))
C:/build/agent1/_work/8/s/specs/Spec.SHA2_384.fst(221,31-221,41): (Warning 252) (Hint-replay failed): Subtyping check failed; expected type Prims.nonzero; got type Prims.int (see also C:/build/agent1/_work/8/s/fstar/ulib/prims.fst(410,21-410,25))
C:/build/agent1/_work/8/s/specs/Spec.SHA2_384.fst(225,4-225,30): (Warning 252) (Hint-replay failed): Subtyping check failed; expected type Prims.nonzero; got type Prims.int (see also C:/build/agent1/_work/8/s/fstar/ulib/prims.fst(410,21-410,25))
C:/build/agent1/_work/8/s/specs/Spec.SHA2_384.fst(233,66-233,67): (Warning 252) (Hint-replay failed): Subtyping check failed; expected type a: Type0{Prims.hasEq a}; got type Type0 (see also C:/build/agent1/_work/8/s/fstar/ulib/prims.fst(310,29-310,36))
C:/build/agent1/_work/8/s/specs/Spec.SHA2_384.fst(237,29-237,30): (Warning 252) (Hint-replay failed): Subtyping check failed; expected type a: Type0{Prims.hasEq a}; got type Type0 (see also C:/build/agent1/_work/8/s/fstar/ulib/prims.fst(310,29-310,36))
C:/build/agent1/_work/8/s/specs/Spec.SHA2_384.fst(245,51-245,52): (Warning 252) (Hint-replay failed): Subtyping check failed; expected type a: Type0{Prims.hasEq a}; got type Type0 (see also C:/build/agent1/_work/8/s/fstar/ulib/prims.fst(310,29-310,36))
C:/build/agent1/_work/8/s/fstar/ulib/prims.fst(408,13-408,16): (Warning 252) (Hint-replay failed): Subtyping check failed; expected type a: Type0{Prims.hasEq a}; got type Type0 (see also C:/build/agent1/_work/8/s/fstar/ulib/prims.fst(310,29-310,36))
C:/build/agent1/_work/8/s/fstar/ulib/prims.fst(408,13-408,16): (Warning 252) (Hint-replay failed): Subtyping check failed; expected type a: Type0{Prims.hasEq a}; got type Type0 (see also C:/build/agent1/_work/8/s/fstar/ulib/prims.fst(310,29-310,36))
C:/build/agent1/_work/8/s/fstar/ulib/prims.fst(408,13-408,16): (Warning 252) (Hint-replay failed): Subtyping check failed; expected type a: Type0{Prims.hasEq a}; got type Type0 (see also C:/build/agent1/_work/8/s/fstar/ulib/prims.fst(310,29-310,36))
C:/build/agent1/_work/8/s/fstar/ulib/prims.fst(408,13-408,16): (Warning 252) (Hint-replay failed): Subtyping check failed; expected type a: Type0{Prims.hasEq a}; got type Type0 (see also C:/build/agent1/_work/8/s/fstar/ulib/prims.fst(310,29-310,36))
C:/build/agent1/_work/8/s/fstar/ulib/prims.fst(408,13-408,16): (Warning 252) (Hint-replay failed): Subtyping check failed; expected type a: Type0{Prims.hasEq a}; got type Type0 (see also C:/build/agent1/_work/8/s/fstar/ulib/prims.fst(310,29-310,36))
C:/build/agent1/_work/8/s/fstar/ulib/prims.fst(408,13-408,16): (Warning 252) (Hint-replay failed): Subtyping check failed; expected type a: Type0{Prims.hasEq a}; got type Type0 (see also C:/build/agent1/_work/8/s/fstar/ulib/prims.fst(310,29-310,36))
C:/build/agent1/_work/8/s/specs/Spec.SHA2_256.fst(156,65-156,75): (Warning 252) (Hint-replay failed): Subtyping check failed; expected type Prims.nonzero; got type Prims.int (see also C:/build/agent1/_work/8/s/fstar/ulib/prims.fst(410,21-410,25))
C:/build/agent1/_work/8/s/specs/Spec.SHA2_256.fst(164,66-164,67): (Warning 252) (Hint-replay failed): Subtyping check failed; expected type a: Type0{Prims.hasEq a}; got type Type0 (see also C:/build/agent1/_work/8/s/fstar/ulib/prims.fst(310,29-310,36))
C:/build/agent1/_work/8/s/specs/Spec.SHA2_256.fst(168,29-168,30): (Warning 252) (Hint-replay failed): Subtyping check failed; expected type a: Type0{Prims.hasEq a}; got type Type0 (see also C:/build/agent1/_work/8/s/fstar/ulib/prims.fst(310,29-310,36))
C:/build/agent1/_work/8/s/specs/Spec.SHA2_256.fst(176,51-176,52): (Warning 252) (Hint-replay failed): Subtyping check failed; expected type a: Type0{Prims.hasEq a}; got type Type0 (see also C:/build/agent1/_work/8/s/fstar/ulib/prims.fst(310,29-310,36))
C:/build/agent1/_work/8/s/fstar/ulib/prims.fst(408,13-408,16): (Warning 252) (Hint-replay failed): Subtyping check failed; expected type a: Type0{Prims.hasEq a}; got type Type0 (see also C:/build/agent1/_work/8/s/fstar/ulib/prims.fst(310,29-310,36))
C:/build/agent1/_work/8/s/fstar/ulib/prims.fst(408,13-408,16): (Warning 252) (Hint-replay failed): Subtyping check failed; expected type a: Type0{Prims.hasEq a}; got type Type0 (see also C:/build/agent1/_work/8/s/fstar/ulib/prims.fst(310,29-310,36))
C:/build/agent1/_work/8/s/fstar/ulib/prims.fst(408,13-408,16): (Warning 252) (Hint-replay failed): Subtyping check failed; expected type a: Type0{Prims.hasEq a}; got type Type0 (see also C:/build/agent1/_work/8/s/fstar/ulib/prims.fst(310,29-310,36))
C:/build/agent1/_work/8/s/fstar/ulib/prims.fst(408,13-408,16): (Warning 252) (Hint-replay failed): Subtyping check failed; expected type a: Type0{Prims.hasEq a}; got type Type0 (see also C:/build/agent1/_work/8/s/fstar/ulib/prims.fst(313,29-313,36))
C:/build/agent1/_work/8/s/specs/Spec.SHA2_256.fst(205,115-205,125): (Warning 252) (Hint-replay failed): Subtyping check failed; expected type Prims.nonzero; got type Prims.int (see also C:/build/agent1/_work/8/s/fstar/ulib/prims.fst(410,21-410,25))
C:/build/agent1/_work/8/s/specs/Spec.SHA2_256.fst(213,4-213,29): (Warning 252) (Hint-replay failed): Subtyping check failed; expected type a: Type0{Prims.hasEq a}; got type Type0 (see also C:/build/agent1/_work/8/s/fstar/ulib/prims.fst(310,29-310,36))
C:/build/agent1/_work/8/s/specs/Spec.SHA2_256.fst(228,128-228,138): (Warning 252) (Hint-replay failed): Subtyping check failed; expected type Prims.nonzero; got type Prims.int (see also C:/build/agent1/_work/8/s/fstar/ulib/prims.fst(410,21-410,25))
C:/build/agent1/_work/8/s/specs/Spec.SHA2_256.fst(231,4-231,29): (Warning 252) (Hint-replay failed): Subtyping check failed; expected type Prims.nonzero; got type Prims.int (see also C:/build/agent1/_work/8/s/fstar/ulib/prims.fst(410,21-410,25))
C:/build/agent1/_work/8/s/fstar/ulib/prims.fst(408,13-408,16): (Warning 252) (Hint-replay failed): Subtyping check failed; expected type a: Type0{Prims.hasEq a}; got type Type0 (see also C:/build/agent1/_work/8/s/fstar/ulib/prims.fst(310,29-310,36))
C:/build/agent1/_work/8/s/fstar/ulib/prims.fst(408,13-408,16): (Warning 252) (Hint-replay failed): Subtyping check failed; expected type a: Type0{Prims.hasEq a}; got type Type0 (see also C:/build/agent1/_work/8/s/fstar/ulib/prims.fst(310,29-310,36))
C:/build/agent1/_work/8/s/specs/Spec.SHA2_256.fst(252,33-252,43): (Warning 252) (Hint-replay failed): Subtyping check failed; expected type Prims.nonzero; got type Prims.int (see also C:/build/agent1/_work/8/s/fstar/ulib/prims.fst(410,21-410,25))
C:/build/agent1/_work/8/s/specs/Spec.SHA2_256.fst(259,8-259,27): (Warning 252) (Hint-replay failed): Subtyping check failed; expected type Prims.nonzero; got type Prims.int (see also C:/build/agent1/_work/8/s/fstar/ulib/prims.fst(410,21-410,25))
C:/build/agent1/_work/8/s/specs/Spec.SHA2_256.fst(286,31-286,41): (Warning 252) (Hint-replay failed): Subtyping check failed; expected type Prims.nonzero; got type Prims.int (see also C:/build/agent1/_work/8/s/fstar/ulib/prims.fst(410,21-410,25))
C:/build/agent1/_work/8/s/specs/Spec.SHA2_256.fst(290,4-290,30): (Warning 252) (Hint-replay failed): Subtyping check failed; expected type Prims.nonzero; got type Prims.int (see also C:/build/agent1/_work/8/s/fstar/ulib/prims.fst(410,21-410,25))
C:/build/agent1/_work/8/s/specs/Spec.SHA2_256.fst(297,37-297,47): (Warning 252) (Hint-replay failed): Subtyping check failed; expected type Prims.nonzero; got type Prims.int (see also C:/build/agent1/_work/8/s/fstar/ulib/prims.fst(410,21-410,25))
C:/build/agent1/_work/8/s/specs/Spec.SHA2_256.fst(305,27-305,37): (Warning 252) (Hint-replay failed): Subtyping check failed; expected type Prims.nonzero; got type Prims.int (see also C:/build/agent1/_work/8/s/fstar/ulib/prims.fst(410,21-410,25))
C:/build/agent1/_work/8/s/specs/Spec.SHA2_256.fst(329,42-329,54): (Warning 252) (Hint-replay failed): Subtyping check failed; expected type prevlen: Prims.nat{prevlen % Spec.SHA2_256.size_block = 0}; got type Prims.int (see also C:/build/agent1/_work/8/s/fstar/ulib/prims.fst(408,17-408,23))
C:/build/agent1/_work/8/s/specs/Spec.SHA2_256.fst(333,27-333,37): (Warning 252) (Hint-replay failed): Subtyping check failed; expected type Prims.nonzero; got type Prims.int (see also C:/build/agent1/_work/8/s/fstar/ulib/prims.fst(410,21-410,25))
C:/build/agent1/_work/8/s/fstar/ulib/prims.fst(408,13-408,16): (Warning 252) (Hint-replay failed): Subtyping check failed; expected type a: Type0{Prims.hasEq a}; got type Type0 (see also C:/build/agent1/_work/8/s/fstar/ulib/prims.fst(310,29-310,36))
C:/build/agent1/_work/8/s/fstar/ulib/prims.fst(408,13-408,16): (Warning 252) (Hint-replay failed): Subtyping check failed; expected type a: Type0{Prims.hasEq a}; got type Type0 (see also C:/build/agent1/_work/8/s/fstar/ulib/prims.fst(310,29-310,36))
C:/build/agent1/_work/8/s/fstar/ulib/prims.fst(408,13-408,16): (Warning 252) (Hint-replay failed): Subtyping check failed; expected type a: Type0{Prims.hasEq a}; got type Type0 (see also C:/build/agent1/_work/8/s/fstar/ulib/prims.fst(310,29-310,36))
C:/build/agent1/_work/8/s/specs/Spec.SHA2_512.fst(164,65-164,75): (Warning 252) (Hint-replay failed): Subtyping check failed; expected type Prims.nonzero; got type Prims.int (see also C:/build/agent1/_work/8/s/fstar/ulib/prims.fst(410,21-410,25))
C:/build/agent1/_work/8/s/specs/Spec.SHA2_512.fst(172,66-172,67): (Warning 252) (Hint-replay failed): Subtyping check failed; expected type a: Type0{Prims.hasEq a}; got type Type0 (see also C:/build/agent1/_work/8/s/fstar/ulib/prims.fst(310,29-310,36))
C:/build/agent1/_work/8/s/specs/Spec.SHA2_512.fst(176,29-176,30): (Warning 252) (Hint-replay failed): Subtyping check failed; expected type a: Type0{Prims.hasEq a}; got type Type0 (see also C:/build/agent1/_work/8/s/fstar/ulib/prims.fst(310,29-310,36))
C:/build/agent1/_work/8/s/specs/Spec.SHA2_512.fst(184,51-184,52): (Warning 252) (Hint-replay failed): Subtyping check failed; expected type a: Type0{Prims.hasEq a}; got type Type0 (see also C:/build/agent1/_work/8/s/fstar/ulib/prims.fst(310,29-310,36))
C:/build/agent1/_work/8/s/fstar/ulib/prims.fst(408,13-408,16): (Warning 252) (Hint-replay failed): Subtyping check failed; expected type a: Type0{Prims.hasEq a}; got type Type0 (see also C:/build/agent1/_work/8/s/fstar/ulib/prims.fst(310,29-310,36))
C:/build/agent1/_work/8/s/fstar/ulib/prims.fst(408,13-408,16): (Warning 252) (Hint-replay failed): Subtyping check failed; expected type a: Type0{Prims.hasEq a}; got type Type0 (see also C:/build/agent1/_work/8/s/fstar/ulib/prims.fst(310,29-310,36))
C:/build/agent1/_work/8/s/fstar/ulib/prims.fst(408,13-408,16): (Warning 252) (Hint-replay failed): Subtyping check failed; expected type a: Type0{Prims.hasEq a}; got type Type0 (see also C:/build/agent1/_work/8/s/fstar/ulib/prims.fst(310,29-310,36))
C:/build/agent1/_work/8/s/specs/Spec.SHA2_512.fst(207,110-207,111): (Warning 252) (Hint-replay failed): Subtyping check failed; expected type a: Type0{Prims.hasEq a}; got type Type0 (see also C:/build/agent1/_work/8/s/fstar/ulib/prims.fst(310,29-310,36))
C:/build/agent1/_work/8/s/fstar/ulib/prims.fst(408,13-408,16): (Warning 252) (Hint-replay failed): Subtyping check failed; expected type a: Type0{Prims.hasEq a}; got type Type0 (see also C:/build/agent1/_work/8/s/fstar/ulib/prims.fst(313,29-313,36))
C:/build/agent1/_work/8/s/specs/Spec.SHA2_512.fst(221,115-221,125): (Warning 252) (Hint-replay failed): Subtyping check failed; expected type Prims.nonzero; got type Prims.int (see also C:/build/agent1/_work/8/s/fstar/ulib/prims.fst(410,21-410,25))
C:/build/agent1/_work/8/s/specs/Spec.SHA2_512.fst(229,4-229,29): (Warning 252) (Hint-replay failed): Subtyping check failed; expected type a: Type0{Prims.hasEq a}; got type Type0 (see also C:/build/agent1/_work/8/s/fstar/ulib/prims.fst(310,29-310,36))
C:/build/agent1/_work/8/s/specs/Spec.SHA2_512.fst(244,128-244,138): (Warning 252) (Hint-replay failed): Subtyping check failed; expected type Prims.nonzero; got type Prims.int (see also C:/build/agent1/_work/8/s/fstar/ulib/prims.fst(410,21-410,25))
C:/build/agent1/_work/8/s/specs/Spec.SHA2_512.fst(247,4-247,29): (Warning 252) (Hint-replay failed): Subtyping check failed; expected type Prims.nonzero; got type Prims.int (see also C:/build/agent1/_work/8/s/fstar/ulib/prims.fst(410,21-410,25))
C:/build/agent1/_work/8/s/fstar/ulib/prims.fst(408,13-408,16): (Warning 252) (Hint-replay failed): Subtyping check failed; expected type a: Type0{Prims.hasEq a}; got type Type0 (see also C:/build/agent1/_work/8/s/fstar/ulib/prims.fst(310,29-310,36))
C:/build/agent1/_work/8/s/fstar/ulib/prims.fst(408,13-408,16): (Warning 252) (Hint-replay failed): Subtyping check failed; expected type a: Type0{Prims.hasEq a}; got type Type0 (see also C:/build/agent1/_work/8/s/fstar/ulib/prims.fst(310,29-310,36))
C:/build/agent1/_work/8/s/specs/Spec.SHA2_512.fst(268,33-268,43): (Warning 252) (Hint-replay failed): Subtyping check failed; expected type Prims.nonzero; got type Prims.int (see also C:/build/agent1/_work/8/s/fstar/ulib/prims.fst(410,21-410,25))
C:/build/agent1/_work/8/s/specs/Spec.SHA2_512.fst(275,8-275,27): (Warning 252) (Hint-replay failed): Subtyping check failed; expected type Prims.nonzero; got type Prims.int (see also C:/build/agent1/_work/8/s/fstar/ulib/prims.fst(410,21-410,25))
C:/build/agent1/_work/8/s/specs/Spec.SHA2_512.fst(302,31-302,41): (Warning 252) (Hint-replay failed): Subtyping check failed; expected type Prims.nonzero; got type Prims.int (see also C:/build/agent1/_work/8/s/fstar/ulib/prims.fst(410,21-410,25))
C:/build/agent1/_work/8/s/specs/Spec.SHA2_512.fst(306,4-306,30): (Warning 252) (Hint-replay failed): Subtyping check failed; expected type Prims.nonzero; got type Prims.int (see also C:/build/agent1/_work/8/s/fstar/ulib/prims.fst(410,21-410,25))
C:/build/agent1/_work/8/s/specs/Spec.SHA2_512.fst(313,65-313,75): (Warning 252) (Hint-replay failed): Subtyping check failed; expected type Prims.nonzero; got type Prims.int (see also C:/build/agent1/_work/8/s/fstar/ulib/prims.fst(410,21-410,25))
C:/build/agent1/_work/8/s/specs/Spec.SHA2_512.fst(317,4-317,24): (Warning 252) (Hint-replay failed): Subtyping check failed; expected type Prims.nonzero; got type Prims.int (see also C:/build/agent1/_work/8/s/fstar/ulib/prims.fst(410,21-410,25))
C:/build/agent1/_work/8/s/specs/Spec.SHA2_512.fst(334,40-334,50): (Warning 252) (Hint-replay failed): Subtyping check failed; expected type Prims.nonzero; got type Prims.int (see also C:/build/agent1/_work/8/s/fstar/ulib/prims.fst(410,21-410,25))
C:/build/agent1/_work/8/s/specs/Spec.SHA2_512.fst(340,30-340,32): (Warning 252) (Hint-replay failed): could not prove post-condition (see also C:/build/agent1/_work/8/s/specs/Spec.SHA2_512.fst(338,12-338,38))
C:/build/agent1/_work/8/s/specs/Spec.SHA2_512.fst(346,40-346,50): (Warning 252) (Hint-replay failed): Subtyping check failed; expected type Prims.nonzero; got type Prims.int (see also C:/build/agent1/_work/8/s/fstar/ulib/prims.fst(410,21-410,25))
C:/build/agent1/_work/8/s/specs/Spec.SHA2_512.fst(353,29-353,39): (Warning 252) (Hint-replay failed): Subtyping check failed; expected type Prims.nonzero; got type Prims.int (see also C:/build/agent1/_work/8/s/fstar/ulib/prims.fst(410,21-410,25))
C:/build/agent1/_work/8/s/specs/Spec.SHA2_512.fst(377,37-377,47): (Warning 252) (Hint-replay failed): Subtyping check failed; expected type Prims.nonzero; got type Prims.int (see also C:/build/agent1/_work/8/s/fstar/ulib/prims.fst(410,21-410,25))
C:/build/agent1/_work/8/s/specs/Spec.SHA2_512.fst(385,27-385,37): (Warning 252) (Hint-replay failed): Subtyping check failed; expected type Prims.nonzero; got type Prims.int (see also C:/build/agent1/_work/8/s/fstar/ulib/prims.fst(410,21-410,25))
C:/build/agent1/_work/8/s/fstar/ulib/prims.fst(408,13-408,16): (Warning 252) (Hint-replay failed): Subtyping check failed; expected type a: Type0{Prims.hasEq a}; got type Type0 (see also C:/build/agent1/_work/8/s/fstar/ulib/prims.fst(310,29-310,36))
Unable to open hints file: C:\build\agent1\_work\8\s\specs\Spec.SHA512.fst.hints; ran without hints
C:/build/agent1/_work/8/s/code/hash/interfaces/Hacl.SHA2_384.fsti(93,60-93,75): (Warning 252) (Hint-replay failed): Subtyping check failed; expected type Prims.nat; got type FStar.UInt.uint_t FStar.UInt32.n (see also C:/build/agent1/_work/8/s/fstar/ulib/prims.fst(408,17-408,23))
C:/build/agent1/_work/8/s/code/hash/interfaces/Hacl.SHA2_384.fsti(107,62-107,77): (Warning 252) (Hint-replay failed): Subtyping check failed; expected type Prims.nat; got type FStar.UInt.uint_t FStar.UInt32.n (see also C:/build/agent1/_work/8/s/fstar/ulib/prims.fst(408,17-408,23))
C:/build/agent1/_work/8/s/code/hash/interfaces/Hacl.SHA2_384.fsti(128,32-128,44): (Warning 252) (Hint-replay failed): Subtyping check failed; expected type Prims.nonzero; got type FStar.UInt.uint_t FStar.UInt32.n (see also C:/build/agent1/_work/8/s/fstar/ulib/prims.fst(410,21-410,25))
C:/build/agent1/_work/8/s/fstar/ulib/prims.fst(408,17-408,23): (Warning 252) (Hint-replay failed): Subtyping check failed; expected type a: Type0{Prims.hasEq a}; got type Type0 (see also C:/build/agent1/_work/8/s/fstar/ulib/prims.fst(310,29-310,36))
C:/build/agent1/_work/8/s/code/hash/interfaces/Hacl.SHA2_384.fsti(180,67-180,86): (Warning 252) (Hint-replay failed): Subtyping check failed; expected type Prims.nat; got type FStar.UInt.uint_t FStar.UInt32.n (see also C:/build/agent1/_work/8/s/fstar/ulib/prims.fst(408,17-408,23))
C:/build/agent1/_work/8/s/fstar/ulib/prims.fst(408,17-408,23): (Warning 252) (Hint-replay failed): Subtyping check failed; expected type a: Type0{Prims.hasEq a}; got type Type0 (see also C:/build/agent1/_work/8/s/fstar/ulib/prims.fst(310,29-310,36))
C:/build/agent1/_work/8/s/code/hash/interfaces/Hacl.SHA2_256.fsti(90,60-90,75): (Warning 252) (Hint-replay failed): Subtyping check failed; expected type Prims.nat; got type FStar.UInt.uint_t FStar.UInt32.n (see also C:/build/agent1/_work/8/s/fstar/ulib/prims.fst(408,17-408,23))
C:/build/agent1/_work/8/s/code/hash/interfaces/Hacl.SHA2_256.fsti(104,62-104,77): (Warning 252) (Hint-replay failed): Subtyping check failed; expected type Prims.nat; got type FStar.UInt.uint_t FStar.UInt32.n (see also C:/build/agent1/_work/8/s/fstar/ulib/prims.fst(408,17-408,23))
C:/build/agent1/_work/8/s/code/hash/interfaces/Hacl.SHA2_256.fsti(125,32-125,44): (Warning 252) (Hint-replay failed): Subtyping check failed; expected type Prims.nonzero; got type FStar.UInt.uint_t FStar.UInt32.n (see also C:/build/agent1/_work/8/s/fstar/ulib/prims.fst(410,21-410,25))
C:/build/agent1/_work/8/s/fstar/ulib/prims.fst(408,17-408,23): (Warning 252) (Hint-replay failed): Subtyping check failed; expected type a: Type0{Prims.hasEq a}; got type Type0 (see also C:/build/agent1/_work/8/s/fstar/ulib/prims.fst(310,29-310,36))
C:/build/agent1/_work/8/s/code/hash/interfaces/Hacl.SHA2_256.fsti(176,67-176,86): (Warning 252) (Hint-replay failed): Subtyping check failed; expected type Prims.nat; got type FStar.UInt.uint_t FStar.UInt32.n (see also C:/build/agent1/_work/8/s/fstar/ulib/prims.fst(408,17-408,23))
C:/build/agent1/_work/8/s/fstar/ulib/prims.fst(408,17-408,23): (Warning 252) (Hint-replay failed): Subtyping check failed; expected type a: Type0{Prims.hasEq a}; got type Type0 (see also C:/build/agent1/_work/8/s/fstar/ulib/prims.fst(310,29-310,36))
Unable to open hints file: C:\build\agent1\_work\8\s\providers\multiplexer\fst\EverCrypt.Hacl.fst.hints; ran without hints
Warning 2: in top-level declaration Hacl.UInt128.mul_wide, in file Hacl_UInt128: Reference to FStar.UInt128.mul_wide has no corresponding implementation; please provide a C implementation
Warning 2: in top-level declaration Hacl.UInt128.op_Star_Hat, in file Hacl_UInt128: Reference to FStar.UInt128.mul_wide has no corresponding implementation; please provide a C implementation
Warning 7: : After inlining, Hacl.UInt128.add (going into Hacl_UInt128) calls FStar.UInt128.add (going into FStar_Prims_C_Loops_Spec_Hacl_Spec_Seq) -- removing the static qualifier from FStar.UInt128.add
Warning 7: : After inlining, Hacl.UInt128.add_mod (going into Hacl_UInt128) calls FStar.UInt128.add_mod (going into FStar_Prims_C_Loops_Spec_Hacl_Spec_Seq) -- removing the static qualifier from FStar.UInt128.add_mod
Warning 7: : After inlining, Hacl.UInt128.sub (going into Hacl_UInt128) calls FStar.UInt128.sub (going into FStar_Prims_C_Loops_Spec_Hacl_Spec_Seq) -- removing the static qualifier from FStar.UInt128.sub
Warning 7: : After inlining, Hacl.UInt128.sub_mod (going into Hacl_UInt128) calls FStar.UInt128.sub_mod (going into FStar_Prims_C_Loops_Spec_Hacl_Spec_Seq) -- removing the static qualifier from FStar.UInt128.sub_mod
Warning 7: : After inlining, Hacl.UInt128.logand (going into Hacl_UInt128) calls FStar.UInt128.logand (going into FStar_Prims_C_Loops_Spec_Hacl_Spec_Seq) -- removing the static qualifier from FStar.UInt128.logand
Warning 7: : After inlining, Hacl.UInt128.logxor (going into Hacl_UInt128) calls FStar.UInt128.logxor (going into FStar_Prims_C_Loops_Spec_Hacl_Spec_Seq) -- removing the static qualifier from FStar.UInt128.logxor
Warning 7: : After inlining, Hacl.UInt128.logor (going into Hacl_UInt128) calls FStar.UInt128.logor (going into FStar_Prims_C_Loops_Spec_Hacl_Spec_Seq) -- removing the static qualifier from FStar.UInt128.logor
Warning 7: : After inlining, Hacl.UInt128.lognot (going into Hacl_UInt128) calls FStar.UInt128.lognot (going into FStar_Prims_C_Loops_Spec_Hacl_Spec_Seq) -- removing the static qualifier from FStar.UInt128.lognot
Warning 7: : After inlining, Hacl.UInt128.shift_right (going into Hacl_UInt128) calls FStar.UInt128.shift_right (going into FStar_Prims_C_Loops_Spec_Hacl_Spec_Seq) -- removing the static qualifier from FStar.UInt128.shift_right
Warning 7: : After inlining, Hacl.UInt128.shift_left (going into Hacl_UInt128) calls FStar.UInt128.shift_left (going into FStar_Prims_C_Loops_Spec_Hacl_Spec_Seq) -- removing the static qualifier from FStar.UInt128.shift_left
Warning 7: : After inlining, Hacl.UInt128.eq_mask (going into Hacl_UInt128) calls FStar.UInt128.eq_mask (going into FStar_Prims_C_Loops_Spec_Hacl_Spec_Seq) -- removing the static qualifier from FStar.UInt128.eq_mask
Warning 7: : After inlining, Hacl.UInt128.gte_mask (going into Hacl_UInt128) calls FStar.UInt128.gte_mask (going into FStar_Prims_C_Loops_Spec_Hacl_Spec_Seq) -- removing the static qualifier from FStar.UInt128.gte_mask
Warning 7: : After inlining, Hacl.UInt128.uint64_to_uint128 (going into Hacl_UInt128) calls FStar.UInt128.uint64_to_uint128 (going into FStar_Prims_C_Loops_Spec_Hacl_Spec_Seq) -- removing the static qualifier from FStar.UInt128.uint64_to_uint128
Warning 7: : After inlining, Hacl.UInt128.uint128_to_uint64 (going into Hacl_UInt128) calls FStar.UInt128.uint128_to_uint64 (going into FStar_Prims_C_Loops_Spec_Hacl_Spec_Seq) -- removing the static qualifier from FStar.UInt128.uint128_to_uint64
Warning 7: : After inlining, EverCrypt.sha256_init (going into EverCrypt) calls EverCrypt.Native.impl (going into EverCrypt_Native) -- removing the static qualifier from EverCrypt.Native.impl
Warning 7: : After inlining, Hacl.UInt16.gt_mask (going into Hacl_UInt16) calls FStar.UInt16.gte_mask (going into FStar_Prims_C_Loops_Spec_Hacl_Spec_Seq) -- removing the static qualifier from FStar.UInt16.gte_mask
Warning 7: : After inlining, Hacl.UInt8.gt_mask (going into Hacl_UInt8) calls FStar.UInt8.gte_mask (going into FStar_Prims_C_Loops_Spec_Hacl_Spec_Seq) -- removing the static qualifier from FStar.UInt8.gte_mask
Warning 7: : After inlining, Hacl.UInt32.gt_mask (going into Hacl_UInt32) calls FStar.UInt32.gte_mask (going into FStar_Prims_C_Loops_Spec_Hacl_Spec_Seq) -- removing the static qualifier from FStar.UInt32.gte_mask
Warning 7: : After inlining, Hacl.UInt64.gt_mask (going into Hacl_UInt64) calls FStar.UInt64.gte_mask (going into FStar_Prims_C_Loops_Spec_Hacl_Spec_Seq) -- removing the static qualifier from FStar.UInt64.gte_mask
Makefile:195: *** "Please run `make -j 8 -C C:/build/agent1/_work/8/s/code extract-c` before invoking this Makefile".  Stop.
make[2]: *** [Makefile:36: all] Error 2
make[1]: *** [Makefile:144: providers] Error 2
make: *** [Makefile:152: ci] Error 2
