Cloning into 'fstar'...
Checking out files:  28% (845/2976)   Checking out files:  29% (864/2976)   Checking out files:  30% (893/2976)   Checking out files:  31% (923/2976)   Checking out files:  32% (953/2976)   Checking out files:  33% (983/2976)   Checking out files:  34% (1012/2976)   Checking out files:  35% (1042/2976)   Checking out files:  36% (1072/2976)   Checking out files:  37% (1102/2976)   Checking out files:  38% (1131/2976)   Checking out files:  39% (1161/2976)   Checking out files:  40% (1191/2976)   Checking out files:  41% (1221/2976)   Checking out files:  42% (1250/2976)   Checking out files:  43% (1280/2976)   Checking out files:  44% (1310/2976)   Checking out files:  45% (1340/2976)   Checking out files:  46% (1369/2976)   Checking out files:  47% (1399/2976)   Checking out files:  48% (1429/2976)   Checking out files:  49% (1459/2976)   Checking out files:  50% (1488/2976)   Checking out files:  51% (1518/2976)   Checking out files:  52% (1548/2976)   Checking out files:  53% (1578/2976)   Checking out files:  54% (1608/2976)   Checking out files:  55% (1637/2976)   Checking out files:  55% (1666/2976)   Checking out files:  56% (1667/2976)   Checking out files:  57% (1697/2976)   Checking out files:  58% (1727/2976)   Checking out files:  59% (1756/2976)   Checking out files:  60% (1786/2976)   Checking out files:  61% (1816/2976)   Checking out files:  62% (1846/2976)   Checking out files:  63% (1875/2976)   Checking out files:  64% (1905/2976)   Checking out files:  65% (1935/2976)   Checking out files:  66% (1965/2976)   Checking out files:  67% (1994/2976)   Checking out files:  68% (2024/2976)   Checking out files:  69% (2054/2976)   Checking out files:  70% (2084/2976)   Checking out files:  71% (2113/2976)   Checking out files:  72% (2143/2976)   Checking out files:  73% (2173/2976)   Checking out files:  74% (2203/2976)   Checking out files:  75% (2232/2976)   Checking out files:  76% (2262/2976)   Checking out files:  77% (2292/2976)   Checking out files:  78% (2322/2976)   Checking out files:  79% (2352/2976)   Checking out files:  80% (2381/2976)   Checking out files:  80% (2395/2976)   Checking out files:  81% (2411/2976)   Checking out files:  82% (2441/2976)   Checking out files:  83% (2471/2976)   Checking out files:  84% (2500/2976)   Checking out files:  85% (2530/2976)   Checking out files:  86% (2560/2976)   Checking out files:  87% (2590/2976)   Checking out files:  88% (2619/2976)   Checking out files:  89% (2649/2976)   Checking out files:  90% (2679/2976)   Checking out files:  91% (2709/2976)   Checking out files:  92% (2738/2976)   Checking out files:  93% (2768/2976)   Checking out files:  94% (2798/2976)   Checking out files:  95% (2828/2976)   Checking out files:  96% (2857/2976)   Checking out files:  97% (2887/2976)   Checking out files:  98% (2917/2976)   Checking out files:  99% (2947/2976)   Checking out files: 100% (2976/2976)   Checking out files: 100% (2976/2976), done.
Warning: you are using the standard library and/or the %inline keyword. We
recommend switching on --infer in order to avoid obscure type error messages.
Cloning into 'kremlin'...
Not extracting type definition FStar.Ghost.erased to KreMLin (assumed type)
Not extracting type definition FStar.Monotonic.Witnessed.get to KreMLin (assumed type)
Not extracting type definition FStar.Monotonic.Witnessed.set to KreMLin (assumed type)
Not extracting type definition FStar.Date.dateTime to KreMLin (assumed type)
Not extracting type definition FStar.Date.timeSpan to KreMLin (assumed type)
Not extracting FStar.Exn.raise to KreMLin (polymorphic assumes are not supported)
Spec.Loops.fst(14,8-14,19): (Warning 288) FStar.Seq.Base.createEmpty is deprecated, use Seq.empty instead
Spec.Loops.fst(28,31-28,42): (Warning 288) FStar.Seq.Base.createEmpty is deprecated, use Seq.empty instead
Unable to open hints file: C:\build\agent1\_work\16\s\kremlin\kremlib\Spec.Loops.fst.hints; ran without hints
Not extracting FStar.ST.gst_witness to KreMLin (polymorphic assumes are not supported)
Not extracting FStar.ST.gst_recall to KreMLin (polymorphic assumes are not supported)
Not extracting type definition FStar.Float.float to KreMLin (assumed type)
Not extracting FStar.All.pipe_right to KreMLin (polymorphic assumes are not supported)
Not extracting FStar.All.pipe_left to KreMLin (polymorphic assumes are not supported)
Not extracting FStar.All.exit to KreMLin (polymorphic assumes are not supported)
Not extracting FStar.All.try_with to KreMLin (polymorphic assumes are not supported)
Not extracting exception Failure to KreMLin (exceptions unsupported)
Not extracting FStar.All.failwith to KreMLin (polymorphic assumes are not supported)
Not extracting type definition FStar.Dyn.dyn to KreMLin (assumed type)
Not extracting FStar.Dyn.mkdyn to KreMLin (polymorphic assumes are not supported)
Not extracting FStar.Dyn.undyn to KreMLin (polymorphic assumes are not supported)
Not extracting FStar.HyperStack.All.pipe_right to KreMLin (polymorphic assumes are not supported)
Not extracting FStar.HyperStack.All.pipe_left to KreMLin (polymorphic assumes are not supported)
Not extracting FStar.HyperStack.All.failwith to KreMLin (polymorphic assumes are not supported)
Not extracting FStar.HyperStack.All.exit to KreMLin (polymorphic assumes are not supported)
Not extracting FStar.HyperStack.All.try_with to KreMLin (polymorphic assumes are not supported)
Not extracting FStar.HyperStack.ST.gst_witness to KreMLin (polymorphic assumes are not supported)
Not extracting FStar.HyperStack.ST.gst_recall to KreMLin (polymorphic assumes are not supported)
(Warning 250) Error while extracting FStar.List.filter_map to KreMLin (Failure("Internal error: name not found filter_map_acc\n"))

(Warning 250) Error while extracting FStar.List.index to KreMLin (Failure("Internal error: name not found index1\n"))

FStar.Kremlin.Endianness.fst(85,4-85,15): (Warning 288) FStar.Seq.Base.createEmpty is deprecated, use Seq.empty instead
FStar.Kremlin.Endianness.fst(105,4-105,15): (Warning 288) FStar.Seq.Base.createEmpty is deprecated, use Seq.empty instead
Unable to open hints file: C:\build\agent1\_work\16\s\kremlin\kremlib\FStar.Kremlin.Endianness.fst.hints; ran without hints
Not extracting type definition FStar.Char.char to KreMLin (assumed type)
Not extracting exception EOF to KreMLin (exceptions unsupported)
Not extracting type definition FStar.IO.fd_read to KreMLin (assumed type)
Not extracting type definition FStar.IO.fd_write to KreMLin (assumed type)
Not extracting FStar.IO.print_any to KreMLin (polymorphic assumes are not supported)
Unable to open hints file: C:\build\agent1\_work\16\s\kremlin\kremlib\C.Nullity.fsti.hints; ran without hints
Not extracting type definition FStar.Bytes.bytes to KreMLin (assumed type)
Unable to open hints file: C:\build\agent1\_work\16\s\kremlin\kremlib\C.Endianness.fst.hints; ran without hints
Not extracting C.Nullity.is_null to KreMLin (polymorphic assumes are not supported)
Not extracting C.Nullity.null to KreMLin (polymorphic assumes are not supported)
Unable to open hints file: C:\build\agent1\_work\16\s\kremlin\kremlib\C.fst.hints; ran without hints
Unable to open hints file: C:\build\agent1\_work\16\s\kremlin\kremlib\C.Loops.fst.hints; ran without hints
Unable to open hints file: C:\build\agent1\_work\16\s\kremlin\kremlib\C.String.fst.hints; ran without hints
Not extracting type definition C.channel to KreMLin (assumed type)
Not extracting type definition C.intptr_t to KreMLin (assumed type)
Not extracting type definition C.char to KreMLin (assumed type)
Not extracting type definition C.int to KreMLin (assumed type)
Not extracting type definition C.clock_t to KreMLin (assumed type)
Unable to open hints file: C:\build\agent1\_work\16\s\kremlin\kremlib\C.Failure.fst.hints; ran without hints
Unable to open hints file: C:\build\agent1\_work\16\s\kremlin\kremlib\TestLib.fsti.hints; ran without hints
Not extracting type definition TestLib.cycles to KreMLin (assumed type)
/bin/bash: krml: command not found
make: *** [Makefile:78: extracted/Makefile.include] Error 127
make: *** Waiting for unfinished jobs....
/bin/bash: krml: command not found
make: *** [Makefile:84: uint128/Makefile.include] Error 127
Checking out files:  11% (617/5495)   Checking out files:  12% (660/5495)   Checking out files:  13% (715/5495)   Checking out files:  14% (770/5495)   Checking out files:  15% (825/5495)   Checking out files:  16% (880/5495)   Checking out files:  17% (935/5495)   Checking out files:  18% (990/5495)   Checking out files:  19% (1045/5495)   Checking out files:  20% (1099/5495)   Checking out files:  21% (1154/5495)   Checking out files:  22% (1209/5495)   Checking out files:  23% (1264/5495)   Checking out files:  23% (1279/5495)   Checking out files:  24% (1319/5495)   Checking out files:  25% (1374/5495)   Checking out files:  26% (1429/5495)   Checking out files:  27% (1484/5495)   Checking out files:  28% (1539/5495)   Checking out files:  29% (1594/5495)   Checking out files:  30% (1649/5495)   Checking out files:  31% (1704/5495)   Checking out files:  32% (1759/5495)   Checking out files:  33% (1814/5495)   Checking out files:  34% (1869/5495)   Checking out files:  34% (1921/5495)   Checking out files:  35% (1924/5495)   Checking out files:  36% (1979/5495)   Checking out files:  37% (2034/5495)   Checking out files:  38% (2089/5495)   Checking out files:  39% (2144/5495)   Checking out files:  40% (2198/5495)   Checking out files:  41% (2253/5495)   Checking out files:  42% (2308/5495)   Checking out files:  43% (2363/5495)   Checking out files:  44% (2418/5495)   Checking out files:  45% (2473/5495)   Checking out files:  46% (2528/5495)   Checking out files:  46% (2532/5495)   Checking out files:  47% (2583/5495)   Checking out files:  48% (2638/5495)   Checking out files:  49% (2693/5495)   Checking out files:  50% (2748/5495)   Checking out files:  51% (2803/5495)   Checking out files:  52% (2858/5495)   Checking out files:  53% (2913/5495)   Checking out files:  54% (2968/5495)   Checking out files:  55% (3023/5495)   Checking out files:  56% (3078/5495)   Checking out files:  57% (3133/5495)   Checking out files:  58% (3188/5495)   Checking out files:  58% (3205/5495)   Checking out files:  59% (3243/5495)   Checking out files:  60% (3297/5495)   Checking out files:  61% (3352/5495)   Checking out files:  62% (3407/5495)   Checking out files:  63% (3462/5495)   Checking out files:  64% (3517/5495)   Checking out files:  65% (3572/5495)   Checking out files:  66% (3627/5495)   Checking out files:  67% (3682/5495)   Checking out files:  68% (3737/5495)   Checking out files:  69% (3792/5495)   Checking out files:  70% (3847/5495)   Checking out files:  70% (3850/5495)   Checking out files:  71% (3902/5495)   Checking out files:  72% (3957/5495)   Checking out files:  73% (4012/5495)   Checking out files:  74% (4067/5495)   Checking out files:  75% (4122/5495)   Checking out files:  76% (4177/5495)   Checking out files:  77% (4232/5495)   Checking out files:  78% (4287/5495)   Checking out files:  79% (4342/5495)   Checking out files:  80% (4396/5495)   Checking out files:  81% (4451/5495)   Checking out files:  81% (4495/5495)   Checking out files:  82% (4506/5495)   Checking out files:  83% (4561/5495)   Checking out files:  84% (4616/5495)   Checking out files:  85% (4671/5495)   Checking out files:  86% (4726/5495)   Checking out files:  87% (4781/5495)   Checking out files:  88% (4836/5495)   Checking out files:  89% (4891/5495)   Checking out files:  90% (4946/5495)   Checking out files:  91% (5001/5495)   Checking out files:  92% (5056/5495)   Checking out files:  93% (5111/5495)   Checking out files:  94% (5166/5495)   Checking out files:  94% (5178/5495)   Checking out files:  95% (5221/5495)   Checking out files:  96% (5276/5495)   Checking out files:  97% (5331/5495)   Checking out files:  98% (5386/5495)   Checking out files:  99% (5441/5495)   Checking out files: 100% (5495/5495)   Checking out files: 100% (5495/5495), done.
Warning 10: : -drop is deprecated
use a combination of -bundle and -d reachability to make sure the functions are eliminated as you wish
Warning 10: : -drop is deprecated
use a combination of -bundle and -d reachability to make sure the functions are eliminated as you wish
Warning 10: : -drop is deprecated
use a combination of -bundle and -d reachability to make sure the functions are eliminated as you wish
Warning 13: : FStar.Monotonic.HyperStack.mem, a monomorphic instance, is first used, and therefore inserted, in file FStar which is about to be dropped; you may get a C compiler error about FStar_Monotonic_HyperStack_mem if any other module uses this definition
Warning 13: : FStar.UInt128.t, a monomorphic instance, is first used, and therefore inserted, in file FStar which is about to be dropped; you may get a C compiler error about FStar_UInt128_t if any other module uses this definition
Warning 13: : Hacl.UInt128.t, a monomorphic instance, is first used, and therefore inserted, in file Hacl_UInt128 which is about to be dropped; you may get a C compiler error about Hacl_UInt128_t if any other module uses this definition
Warning 13: : Hacl.Types.u32, a monomorphic instance, is first used, and therefore inserted, in file Hacl_Types which is about to be dropped; you may get a C compiler error about Hacl_Types_u32 if any other module uses this definition
Warning 13: : Hacl.Types.h8, a monomorphic instance, is first used, and therefore inserted, in file Hacl_Types which is about to be dropped; you may get a C compiler error about Hacl_Types_h8 if any other module uses this definition
Warning 13: : Hacl.Types.uint8_p, a monomorphic instance, is first used, and therefore inserted, in file Hacl_Types which is about to be dropped; you may get a C compiler error about Hacl_Types_uint8_p if any other module uses this definition
Warning 10: : -drop is deprecated
use a combination of -bundle and -d reachability to make sure the functions are eliminated as you wish
Warning 13: : Hacl.UInt128.t, a monomorphic instance, is first used, and therefore inserted, in file Hacl_UInt128 which is about to be dropped; you may get a C compiler error about Hacl_UInt128_t if any other module uses this definition
Warning 13: : Hacl.Types.u32, a monomorphic instance, is first used, and therefore inserted, in file Hacl_Types which is about to be dropped; you may get a C compiler error about Hacl_Types_u32 if any other module uses this definition
Warning 13: : Hacl.Types.h8, a monomorphic instance, is first used, and therefore inserted, in file Hacl_Types which is about to be dropped; you may get a C compiler error about Hacl_Types_h8 if any other module uses this definition
Warning 13: : Hacl.Types.uint8_p, a monomorphic instance, is first used, and therefore inserted, in file Hacl_Types which is about to be dropped; you may get a C compiler error about Hacl_Types_uint8_p if any other module uses this definition
Warning 13: : Hacl.Constants.u32, a monomorphic instance, is first used, and therefore inserted, in file Hacl_Constants which is about to be dropped; you may get a C compiler error about Hacl_Constants_u32 if any other module uses this definition
Warning 13: : Hacl.Constants.u64, a monomorphic instance, is first used, and therefore inserted, in file Hacl_Constants which is about to be dropped; you may get a C compiler error about Hacl_Constants_u64 if any other module uses this definition
Warning 13: : Hacl.Constants.h8, a monomorphic instance, is first used, and therefore inserted, in file Hacl_Constants which is about to be dropped; you may get a C compiler error about Hacl_Constants_h8 if any other module uses this definition
Warning 13: : Hacl.Constants.uint8_p, a monomorphic instance, is first used, and therefore inserted, in file Hacl_Constants which is about to be dropped; you may get a C compiler error about Hacl_Constants_uint8_p if any other module uses this definition
Warning 13: : Prims.nat, a monomorphic instance, is first used, and therefore inserted, in file Prims which is about to be dropped; you may get a C compiler error about Prims_nat if any other module uses this definition
Warning 10: : -drop is deprecated
use a combination of -bundle and -d reachability to make sure the functions are eliminated as you wish
Warning 10: : -drop is deprecated
use a combination of -bundle and -d reachability to make sure the functions are eliminated as you wish
Warning 10: : -drop is deprecated
use a combination of -bundle and -d reachability to make sure the functions are eliminated as you wish
Warning 13: : FStar.Monotonic.HyperStack.mem, a monomorphic instance, is first used, and therefore inserted, in file FStar which is about to be dropped; you may get a C compiler error about FStar_Monotonic_HyperStack_mem if any other module uses this definition
Warning 13: : FStar.UInt128.t, a monomorphic instance, is first used, and therefore inserted, in file FStar which is about to be dropped; you may get a C compiler error about FStar_UInt128_t if any other module uses this definition
Warning 13: : Hacl.UInt128.t, a monomorphic instance, is first used, and therefore inserted, in file Hacl_UInt128 which is about to be dropped; you may get a C compiler error about Hacl_UInt128_t if any other module uses this definition
Warning 13: : Prims.nat, a monomorphic instance, is first used, and therefore inserted, in file Prims which is about to be dropped; you may get a C compiler error about Prims_nat if any other module uses this definition
Warning 10: : -drop is deprecated
use a combination of -bundle and -d reachability to make sure the functions are eliminated as you wish
Warning 10: : -drop is deprecated
use a combination of -bundle and -d reachability to make sure the functions are eliminated as you wish
Warning 13: : FStar.Monotonic.HyperStack.mem, a monomorphic instance, is first used, and therefore inserted, in file FStar which is about to be dropped; you may get a C compiler error about FStar_Monotonic_HyperStack_mem if any other module uses this definition
Warning 13: : FStar.UInt128.t, a monomorphic instance, is first used, and therefore inserted, in file FStar which is about to be dropped; you may get a C compiler error about FStar_UInt128_t if any other module uses this definition
Warning 13: : Hacl.UInt128.t, a monomorphic instance, is first used, and therefore inserted, in file Hacl_UInt128 which is about to be dropped; you may get a C compiler error about Hacl_UInt128_t if any other module uses this definition
Warning 13: : Prims.nat, a monomorphic instance, is first used, and therefore inserted, in file Prims which is about to be dropped; you may get a C compiler error about Prims_nat if any other module uses this definition
Warning 10: : -drop is deprecated
use a combination of -bundle and -d reachability to make sure the functions are eliminated as you wish
Warning 10: : -drop is deprecated
use a combination of -bundle and -d reachability to make sure the functions are eliminated as you wish
Warning 10: : -drop is deprecated
use a combination of -bundle and -d reachability to make sure the functions are eliminated as you wish
Warning 6: in the definition of output, after the definition of output_len, in the last element of the sequence, in top-level declaration Hacl.Test.HMAC.SHA2_256.test_1, in file Hacl_Test_HMAC_SHA2_256: stack newbuf 0uint8 @0 is a non-constant size, stack-allocated array; this is not supported by CompCert and requires the use of alloca(3) for MSVC
Warning 6: in the definition of key1, after the definition of key_len1, in the last element of the sequence, in top-level declaration Hacl.Test.HMAC.SHA2_256.test_1, in file Hacl_Test_HMAC_SHA2_256: stack newbuf 0x0buint8 @0 is a non-constant size, stack-allocated array; this is not supported by CompCert and requires the use of alloca(3) for MSVC
Warning 6: in the definition of output, after the definition of output_len, in the last element of the sequence, in top-level declaration Hacl.Test.HMAC.SHA2_256.test_2, in file Hacl_Test_HMAC_SHA2_256: stack newbuf 0uint8 @0 is a non-constant size, stack-allocated array; this is not supported by CompCert and requires the use of alloca(3) for MSVC
Warning 6: in the definition of output, after the definition of output_len, in the last element of the sequence, in top-level declaration Hacl.Test.HMAC.SHA2_256.test_3, in file Hacl_Test_HMAC_SHA2_256: stack newbuf 0uint8 @0 is a non-constant size, stack-allocated array; this is not supported by CompCert and requires the use of alloca(3) for MSVC
Warning 6: in the definition of key1, after the definition of key_len1, in the last element of the sequence, in top-level declaration Hacl.Test.HMAC.SHA2_256.test_3, in file Hacl_Test_HMAC_SHA2_256: stack newbuf 0xaauint8 @0 is a non-constant size, stack-allocated array; this is not supported by CompCert and requires the use of alloca(3) for MSVC
Warning 6: in the definition of data, after the definition of data_len, in the last element of the sequence, in top-level declaration Hacl.Test.HMAC.SHA2_256.test_3, in file Hacl_Test_HMAC_SHA2_256: stack newbuf 0xdduint8 @0 is a non-constant size, stack-allocated array; this is not supported by CompCert and requires the use of alloca(3) for MSVC
Warning 6: in the definition of output, after the definition of output_len, in the last element of the sequence, in top-level declaration Hacl.Test.HMAC.SHA2_256.test_4, in file Hacl_Test_HMAC_SHA2_256: stack newbuf 0uint8 @0 is a non-constant size, stack-allocated array; this is not supported by CompCert and requires the use of alloca(3) for MSVC
Warning 6: in the definition of data, after the definition of data_len, in the last element of the sequence, in top-level declaration Hacl.Test.HMAC.SHA2_256.test_4, in file Hacl_Test_HMAC_SHA2_256: stack newbuf 0xcduint8 @0 is a non-constant size, stack-allocated array; this is not supported by CompCert and requires the use of alloca(3) for MSVC
Warning 6: in the definition of output, after the definition of output_len, in the last element of the sequence, in top-level declaration Hacl.Test.HMAC.SHA2_256.test_5, in file Hacl_Test_HMAC_SHA2_256: stack newbuf 0x00uint8 @0 is a non-constant size, stack-allocated array; this is not supported by CompCert and requires the use of alloca(3) for MSVC
Warning 6: in the definition of key, after the definition of key_len, in the last element of the sequence, in top-level declaration Hacl.Test.HMAC.SHA2_256.test_5, in file Hacl_Test_HMAC_SHA2_256: stack newbuf 0x0cuint8 @0 is a non-constant size, stack-allocated array; this is not supported by CompCert and requires the use of alloca(3) for MSVC
Warning 6: in the definition of output, after the definition of output_len, in the last element of the sequence, in top-level declaration Hacl.Test.HMAC.SHA2_256.test_6, in file Hacl_Test_HMAC_SHA2_256: stack newbuf 0uint8 @0 is a non-constant size, stack-allocated array; this is not supported by CompCert and requires the use of alloca(3) for MSVC
Warning 6: in the definition of key, after the definition of key_len, in the last element of the sequence, in top-level declaration Hacl.Test.HMAC.SHA2_256.test_6, in file Hacl_Test_HMAC_SHA2_256: stack newbuf 0xaauint8 @0 is a non-constant size, stack-allocated array; this is not supported by CompCert and requires the use of alloca(3) for MSVC
Warning 6: in the definition of output, after the definition of output_len, in the last element of the sequence, in top-level declaration Hacl.Test.HMAC.SHA2_256.test_7, in file Hacl_Test_HMAC_SHA2_256: stack newbuf 0uint8 @0 is a non-constant size, stack-allocated array; this is not supported by CompCert and requires the use of alloca(3) for MSVC
Warning 6: in the definition of key, after the definition of key_len, in the last element of the sequence, in top-level declaration Hacl.Test.HMAC.SHA2_256.test_7, in file Hacl_Test_HMAC_SHA2_256: stack newbuf 0xaauint8 @0 is a non-constant size, stack-allocated array; this is not supported by CompCert and requires the use of alloca(3) for MSVC
Warning 13: : FStar.Monotonic.HyperStack.mem, a monomorphic instance, is first used, and therefore inserted, in file FStar which is about to be dropped; you may get a C compiler error about FStar_Monotonic_HyperStack_mem if any other module uses this definition
Warning 13: : FStar.UInt128.t, a monomorphic instance, is first used, and therefore inserted, in file FStar which is about to be dropped; you may get a C compiler error about FStar_UInt128_t if any other module uses this definition
Warning 13: : Prims.nat, a monomorphic instance, is first used, and therefore inserted, in file Prims which is about to be dropped; you may get a C compiler error about Prims_nat if any other module uses this definition
Warning 14: : C.String.of_literal is not Low*; it uses F*'s Prims.string type and will leak memory; you need to link with a garbage-collector; if this declaration is for specification purposes only, consider marking it noextract or using -bundle <name-of-the-module> to only keep reachable definitions; if you are looking to use C strings, look into C.String (in kremlib/) and Server (in test/). See the KreMLin tutorial for more information.
Warning 10: : -drop is deprecated
use a combination of -bundle and -d reachability to make sure the functions are eliminated as you wish
Warning 6: in the definition of mac, after the definition of macsize, in the last element of the sequence, in top-level declaration Hacl.Test.Poly1305_32.main, in file Hacl_Test_Poly1305_32: stack newbuf 0uint8 @0 is a non-constant size, stack-allocated array; this is not supported by CompCert and requires the use of alloca(3) for MSVC
Warning 13: : FStar.Monotonic.HyperStack.mem, a monomorphic instance, is first used, and therefore inserted, in file FStar which is about to be dropped; you may get a C compiler error about FStar_Monotonic_HyperStack_mem if any other module uses this definition
Warning 13: : FStar.UInt128.t, a monomorphic instance, is first used, and therefore inserted, in file FStar which is about to be dropped; you may get a C compiler error about FStar_UInt128_t if any other module uses this definition
Warning 13: : Hacl.UInt128.t, a monomorphic instance, is first used, and therefore inserted, in file Hacl_UInt128 which is about to be dropped; you may get a C compiler error about Hacl_UInt128_t if any other module uses this definition
Warning 13: : Prims.nat, a monomorphic instance, is first used, and therefore inserted, in file Prims which is about to be dropped; you may get a C compiler error about Prims_nat if any other module uses this definition
Warning 14: : C.String.of_literal is not Low*; it uses F*'s Prims.string type and will leak memory; you need to link with a garbage-collector; if this declaration is for specification purposes only, consider marking it noextract or using -bundle <name-of-the-module> to only keep reachable definitions; if you are looking to use C strings, look into C.String (in kremlib/) and Server (in test/). See the KreMLin tutorial for more information.
Warning 10: : -drop is deprecated
use a combination of -bundle and -d reachability to make sure the functions are eliminated as you wish
Warning 10: : -drop is deprecated
use a combination of -bundle and -d reachability to make sure the functions are eliminated as you wish
Warning 10: : -drop is deprecated
use a combination of -bundle and -d reachability to make sure the functions are eliminated as you wish
Warning 13: : Prims.nat, a monomorphic instance, is first used, and therefore inserted, in file Prims which is about to be dropped; you may get a C compiler error about Prims_nat if any other module uses this definition
Warning 14: : C.String.of_literal is not Low*; it uses F*'s Prims.string type and will leak memory; you need to link with a garbage-collector; if this declaration is for specification purposes only, consider marking it noextract or using -bundle <name-of-the-module> to only keep reachable definitions; if you are looking to use C strings, look into C.String (in kremlib/) and Server (in test/). See the KreMLin tutorial for more information.
Warning 10: : -drop is deprecated
use a combination of -bundle and -d reachability to make sure the functions are eliminated as you wish
Warning 6: in the definition of output, after the definition of output_len, in the last element of the sequence, in top-level declaration Hacl.Test.SHA2_256.test_1a, in file Hacl_Test_SHA2_256: stack newbuf 0uint8 @0 is a non-constant size, stack-allocated array; this is not supported by CompCert and requires the use of alloca(3) for MSVC
Warning 6: in the definition of output, after the definition of output_len, in the last element of the sequence, in top-level declaration Hacl.Test.SHA2_256.test_1b, in file Hacl_Test_SHA2_256: stack newbuf 0uint8 @0 is a non-constant size, stack-allocated array; this is not supported by CompCert and requires the use of alloca(3) for MSVC
Warning 6: in the definition of output, after the definition of output_len, in the last element of the sequence, in top-level declaration Hacl.Test.SHA2_256.test_2a, in file Hacl_Test_SHA2_256: stack newbuf 0uint8 @0 is a non-constant size, stack-allocated array; this is not supported by CompCert and requires the use of alloca(3) for MSVC
Warning 6: in the definition of output, after the definition of output_len, in the last element of the sequence, in top-level declaration Hacl.Test.SHA2_256.test_2b, in file Hacl_Test_SHA2_256: stack newbuf 0uint8 @0 is a non-constant size, stack-allocated array; this is not supported by CompCert and requires the use of alloca(3) for MSVC
Warning 6: in the definition of output, after the definition of output_len, in the last element of the sequence, in top-level declaration Hacl.Test.SHA2_256.test_3a, in file Hacl_Test_SHA2_256: stack newbuf 0uint8 @0 is a non-constant size, stack-allocated array; this is not supported by CompCert and requires the use of alloca(3) for MSVC
Warning 6: in the definition of output, after the definition of output_len, in the last element of the sequence, in top-level declaration Hacl.Test.SHA2_256.test_3b, in file Hacl_Test_SHA2_256: stack newbuf 0uint8 @0 is a non-constant size, stack-allocated array; this is not supported by CompCert and requires the use of alloca(3) for MSVC
Warning 6: in the definition of output, after the definition of output_len, in the last element of the sequence, in top-level declaration Hacl.Test.SHA2_256.test_4a, in file Hacl_Test_SHA2_256: stack newbuf 0uint8 @0 is a non-constant size, stack-allocated array; this is not supported by CompCert and requires the use of alloca(3) for MSVC
Warning 6: in the definition of output, after the definition of output_len, in the last element of the sequence, in top-level declaration Hacl.Test.SHA2_256.test_4b, in file Hacl_Test_SHA2_256: stack newbuf 0uint8 @0 is a non-constant size, stack-allocated array; this is not supported by CompCert and requires the use of alloca(3) for MSVC
Warning 6: in the definition of output, after the definition of output_len, in the last element of the sequence, in top-level declaration Hacl.Test.SHA2_256.test_5, in file Hacl_Test_SHA2_256: stack newbuf 0uint8 @0 is a non-constant size, stack-allocated array; this is not supported by CompCert and requires the use of alloca(3) for MSVC
Warning 6: in the definition of plaintext, after the definition of plaintext_len, in the last element of the sequence, in top-level declaration Hacl.Test.SHA2_256.test_5, in file Hacl_Test_SHA2_256: stack newbuf 0x61uint8 @0 is a non-constant size, stack-allocated array; this is not supported by CompCert and requires the use of alloca(3) for MSVC
Warning 6: in the definition of output, after the definition of output_len, in the last element of the sequence, in top-level declaration Hacl.Test.SHA2_256.test_6, in file Hacl_Test_SHA2_256: stack newbuf 0uint8 @0 is a non-constant size, stack-allocated array; this is not supported by CompCert and requires the use of alloca(3) for MSVC
Warning 13: : Prims.nat, a monomorphic instance, is first used, and therefore inserted, in file Prims which is about to be dropped; you may get a C compiler error about Prims_nat if any other module uses this definition
Warning 14: : C.String.of_literal is not Low*; it uses F*'s Prims.string type and will leak memory; you need to link with a garbage-collector; if this declaration is for specification purposes only, consider marking it noextract or using -bundle <name-of-the-module> to only keep reachable definitions; if you are looking to use C strings, look into C.String (in kremlib/) and Server (in test/). See the KreMLin tutorial for more information.
Warning 10: : -drop is deprecated
use a combination of -bundle and -d reachability to make sure the functions are eliminated as you wish
Warning 13: : Hacl.UInt128.t, a monomorphic instance, is first used, and therefore inserted, in file Hacl_UInt128 which is about to be dropped; you may get a C compiler error about Hacl_UInt128_t if any other module uses this definition
Warning 13: : Prims.nat, a monomorphic instance, is first used, and therefore inserted, in file Prims which is about to be dropped; you may get a C compiler error about Prims_nat if any other module uses this definition
Warning 14: : C.String.of_literal is not Low*; it uses F*'s Prims.string type and will leak memory; you need to link with a garbage-collector; if this declaration is for specification purposes only, consider marking it noextract or using -bundle <name-of-the-module> to only keep reachable definitions; if you are looking to use C strings, look into C.String (in kremlib/) and Server (in test/). See the KreMLin tutorial for more information.
Warning 10: : -drop is deprecated
use a combination of -bundle and -d reachability to make sure the functions are eliminated as you wish
Warning 6: in the definition of output, after the definition of output_len, in the last element of the sequence, in top-level declaration Hacl.Test.SHA2_384.test_1a, in file Hacl_Test_SHA2_384: stack newbuf 0uint8 @0 is a non-constant size, stack-allocated array; this is not supported by CompCert and requires the use of alloca(3) for MSVC
Warning 6: in the definition of output, after the definition of output_len, in the last element of the sequence, in top-level declaration Hacl.Test.SHA2_384.test_1b, in file Hacl_Test_SHA2_384: stack newbuf 0uint8 @0 is a non-constant size, stack-allocated array; this is not supported by CompCert and requires the use of alloca(3) for MSVC
Warning 6: in the definition of output, after the definition of output_len, in the last element of the sequence, in top-level declaration Hacl.Test.SHA2_384.test_2a, in file Hacl_Test_SHA2_384: stack newbuf 0uint8 @0 is a non-constant size, stack-allocated array; this is not supported by CompCert and requires the use of alloca(3) for MSVC
Warning 6: in the definition of output, after the definition of output_len, in the last element of the sequence, in top-level declaration Hacl.Test.SHA2_384.test_2b, in file Hacl_Test_SHA2_384: stack newbuf 0uint8 @0 is a non-constant size, stack-allocated array; this is not supported by CompCert and requires the use of alloca(3) for MSVC
Warning 6: in the definition of output, after the definition of output_len, in the last element of the sequence, in top-level declaration Hacl.Test.SHA2_384.test_3a, in file Hacl_Test_SHA2_384: stack newbuf 0uint8 @0 is a non-constant size, stack-allocated array; this is not supported by CompCert and requires the use of alloca(3) for MSVC
Warning 6: in the definition of output, after the definition of output_len, in the last element of the sequence, in top-level declaration Hacl.Test.SHA2_384.test_3b, in file Hacl_Test_SHA2_384: stack newbuf 0uint8 @0 is a non-constant size, stack-allocated array; this is not supported by CompCert and requires the use of alloca(3) for MSVC
Warning 6: in the definition of output, after the definition of output_len, in the last element of the sequence, in top-level declaration Hacl.Test.SHA2_384.test_4a, in file Hacl_Test_SHA2_384: stack newbuf 0uint8 @0 is a non-constant size, stack-allocated array; this is not supported by CompCert and requires the use of alloca(3) for MSVC
Warning 6: in the definition of output, after the definition of output_len, in the last element of the sequence, in top-level declaration Hacl.Test.SHA2_384.test_4b, in file Hacl_Test_SHA2_384: stack newbuf 0uint8 @0 is a non-constant size, stack-allocated array; this is not supported by CompCert and requires the use of alloca(3) for MSVC
Warning 6: in the definition of output, after the definition of output_len, in the last element of the sequence, in top-level declaration Hacl.Test.SHA2_384.test_5, in file Hacl_Test_SHA2_384: stack newbuf 0uint8 @0 is a non-constant size, stack-allocated array; this is not supported by CompCert and requires the use of alloca(3) for MSVC
Warning 6: in the definition of plaintext, after the definition of plaintext_len, in the last element of the sequence, in top-level declaration Hacl.Test.SHA2_384.test_5, in file Hacl_Test_SHA2_384: stack newbuf 0x61uint8 @0 is a non-constant size, stack-allocated array; this is not supported by CompCert and requires the use of alloca(3) for MSVC
Warning 6: in the definition of output, after the definition of output_len, in the last element of the sequence, in top-level declaration Hacl.Test.SHA2_384.test_6, in file Hacl_Test_SHA2_384: stack newbuf 0uint8 @0 is a non-constant size, stack-allocated array; this is not supported by CompCert and requires the use of alloca(3) for MSVC
Warning 13: : Hacl.UInt128.t, a monomorphic instance, is first used, and therefore inserted, in file Hacl_UInt128 which is about to be dropped; you may get a C compiler error about Hacl_UInt128_t if any other module uses this definition
Warning 13: : Prims.nat, a monomorphic instance, is first used, and therefore inserted, in file Prims which is about to be dropped; you may get a C compiler error about Prims_nat if any other module uses this definition
Warning 14: : C.String.of_literal is not Low*; it uses F*'s Prims.string type and will leak memory; you need to link with a garbage-collector; if this declaration is for specification purposes only, consider marking it noextract or using -bundle <name-of-the-module> to only keep reachable definitions; if you are looking to use C strings, look into C.String (in kremlib/) and Server (in test/). See the KreMLin tutorial for more information.
Warning 10: : -drop is deprecated
use a combination of -bundle and -d reachability to make sure the functions are eliminated as you wish
Warning 13: : Hacl.UInt128.t, a monomorphic instance, is first used, and therefore inserted, in file Hacl_UInt128 which is about to be dropped; you may get a C compiler error about Hacl_UInt128_t if any other module uses this definition
Warning 13: : Prims.nat, a monomorphic instance, is first used, and therefore inserted, in file Prims which is about to be dropped; you may get a C compiler error about Prims_nat if any other module uses this definition
Warning 14: : C.String.of_literal is not Low*; it uses F*'s Prims.string type and will leak memory; you need to link with a garbage-collector; if this declaration is for specification purposes only, consider marking it noextract or using -bundle <name-of-the-module> to only keep reachable definitions; if you are looking to use C strings, look into C.String (in kremlib/) and Server (in test/). See the KreMLin tutorial for more information.
Warning 10: : -drop is deprecated
use a combination of -bundle and -d reachability to make sure the functions are eliminated as you wish
Warning 6: in the definition of output, after the definition of output_len, in the last element of the sequence, in top-level declaration Hacl.Test.SHA2_512.test_1a, in file Hacl_Test_SHA2_512: stack newbuf 0uint8 @0 is a non-constant size, stack-allocated array; this is not supported by CompCert and requires the use of alloca(3) for MSVC
Warning 6: in the definition of output, after the definition of output_len, in the last element of the sequence, in top-level declaration Hacl.Test.SHA2_512.test_1b, in file Hacl_Test_SHA2_512: stack newbuf 0uint8 @0 is a non-constant size, stack-allocated array; this is not supported by CompCert and requires the use of alloca(3) for MSVC
Warning 6: in the definition of output, after the definition of output_len, in the last element of the sequence, in top-level declaration Hacl.Test.SHA2_512.test_2a, in file Hacl_Test_SHA2_512: stack newbuf 0uint8 @0 is a non-constant size, stack-allocated array; this is not supported by CompCert and requires the use of alloca(3) for MSVC
Warning 6: in the definition of output, after the definition of output_len, in the last element of the sequence, in top-level declaration Hacl.Test.SHA2_512.test_2b, in file Hacl_Test_SHA2_512: stack newbuf 0uint8 @0 is a non-constant size, stack-allocated array; this is not supported by CompCert and requires the use of alloca(3) for MSVC
Warning 6: in the definition of output, after the definition of output_len, in the last element of the sequence, in top-level declaration Hacl.Test.SHA2_512.test_3a, in file Hacl_Test_SHA2_512: stack newbuf 0uint8 @0 is a non-constant size, stack-allocated array; this is not supported by CompCert and requires the use of alloca(3) for MSVC
Warning 6: in the definition of output, after the definition of output_len, in the last element of the sequence, in top-level declaration Hacl.Test.SHA2_512.test_3b, in file Hacl_Test_SHA2_512: stack newbuf 0uint8 @0 is a non-constant size, stack-allocated array; this is not supported by CompCert and requires the use of alloca(3) for MSVC
Warning 6: in the definition of output, after the definition of output_len, in the last element of the sequence, in top-level declaration Hacl.Test.SHA2_512.test_4a, in file Hacl_Test_SHA2_512: stack newbuf 0uint8 @0 is a non-constant size, stack-allocated array; this is not supported by CompCert and requires the use of alloca(3) for MSVC
Warning 6: in the definition of output, after the definition of output_len, in the last element of the sequence, in top-level declaration Hacl.Test.SHA2_512.test_4b, in file Hacl_Test_SHA2_512: stack newbuf 0uint8 @0 is a non-constant size, stack-allocated array; this is not supported by CompCert and requires the use of alloca(3) for MSVC
Warning 6: in the definition of output, after the definition of output_len, in the last element of the sequence, in top-level declaration Hacl.Test.SHA2_512.test_5, in file Hacl_Test_SHA2_512: stack newbuf 0uint8 @0 is a non-constant size, stack-allocated array; this is not supported by CompCert and requires the use of alloca(3) for MSVC
Warning 6: in the definition of plaintext, after the definition of plaintext_len, in the last element of the sequence, in top-level declaration Hacl.Test.SHA2_512.test_5, in file Hacl_Test_SHA2_512: stack newbuf 0x61uint8 @0 is a non-constant size, stack-allocated array; this is not supported by CompCert and requires the use of alloca(3) for MSVC
Warning 6: in the definition of output, after the definition of output_len, in the last element of the sequence, in top-level declaration Hacl.Test.SHA2_512.test_6, in file Hacl_Test_SHA2_512: stack newbuf 0uint8 @0 is a non-constant size, stack-allocated array; this is not supported by CompCert and requires the use of alloca(3) for MSVC
Warning 13: : Hacl.UInt128.t, a monomorphic instance, is first used, and therefore inserted, in file Hacl_UInt128 which is about to be dropped; you may get a C compiler error about Hacl_UInt128_t if any other module uses this definition
Warning 13: : Prims.nat, a monomorphic instance, is first used, and therefore inserted, in file Prims which is about to be dropped; you may get a C compiler error about Prims_nat if any other module uses this definition
Warning 14: : C.String.of_literal is not Low*; it uses F*'s Prims.string type and will leak memory; you need to link with a garbage-collector; if this declaration is for specification purposes only, consider marking it noextract or using -bundle <name-of-the-module> to only keep reachable definitions; if you are looking to use C strings, look into C.String (in kremlib/) and Server (in test/). See the KreMLin tutorial for more information.
Not extracting type definition FStar.Ghost.erased to KreMLin (assumed type)
Not extracting FStar.Exn.raise to KreMLin (polymorphic assumes are not supported)
Not extracting type definition FStar.Monotonic.Witnessed.get to KreMLin (assumed type)
Not extracting type definition FStar.Monotonic.Witnessed.set to KreMLin (assumed type)
Not extracting FStar.ST.gst_witness to KreMLin (polymorphic assumes are not supported)
Not extracting FStar.ST.gst_recall to KreMLin (polymorphic assumes are not supported)
Not extracting FStar.All.pipe_right to KreMLin (polymorphic assumes are not supported)
Not extracting FStar.All.pipe_left to KreMLin (polymorphic assumes are not supported)
Not extracting FStar.All.exit to KreMLin (polymorphic assumes are not supported)
Not extracting FStar.All.try_with to KreMLin (polymorphic assumes are not supported)
Not extracting exception Failure to KreMLin (exceptions unsupported)
Not extracting FStar.All.failwith to KreMLin (polymorphic assumes are not supported)
Not extracting type definition FStar.Dyn.dyn to KreMLin (assumed type)
Not extracting FStar.Dyn.mkdyn to KreMLin (polymorphic assumes are not supported)
Not extracting FStar.Dyn.undyn to KreMLin (polymorphic assumes are not supported)
(Warning 250) Error while extracting FStar.List.filter_map to KreMLin (Failure("Internal error: name not found filter_map_acc\n"))

(Warning 250) Error while extracting FStar.List.index to KreMLin (Failure("Internal error: name not found index1\n"))

Not extracting FStar.HyperStack.ST.gst_witness to KreMLin (polymorphic assumes are not supported)
Not extracting FStar.HyperStack.ST.gst_recall to KreMLin (polymorphic assumes are not supported)
Not extracting FStar.HyperStack.All.pipe_right to KreMLin (polymorphic assumes are not supported)
Not extracting FStar.HyperStack.All.pipe_left to KreMLin (polymorphic assumes are not supported)
Not extracting FStar.HyperStack.All.failwith to KreMLin (polymorphic assumes are not supported)
Not extracting FStar.HyperStack.All.exit to KreMLin (polymorphic assumes are not supported)
Not extracting FStar.HyperStack.All.try_with to KreMLin (polymorphic assumes are not supported)
Not extracting type definition FStar.Char.char to KreMLin (assumed type)
Not extracting type definition FStar.Bytes.bytes to KreMLin (assumed type)
Not extracting C.Nullity.is_null to KreMLin (polymorphic assumes are not supported)
Not extracting C.Nullity.null to KreMLin (polymorphic assumes are not supported)
C:/build/agent1/_work/16/s/code/lib/kremlin/FStar.Endianness.fst(190,8-190,19): (Warning 288) FStar.Seq.Base.createEmpty is deprecated, use Seq.empty instead
C:/build/agent1/_work/16/s/code/lib/kremlin/FStar.Endianness.fst(309,16-309,27): (Warning 288) FStar.Seq.Base.createEmpty is deprecated, use Seq.empty instead
C:/build/agent1/_work/16/s/code/lib/kremlin/FStar.Endianness.fst(330,16-330,27): (Warning 288) FStar.Seq.Base.createEmpty is deprecated, use Seq.empty instead
C:/build/agent1/_work/16/s/code/lib/kremlin/FStar.Endianness.fst(354,8-354,19): (Warning 288) FStar.Seq.Base.createEmpty is deprecated, use Seq.empty instead
Not extracting type definition C.channel to KreMLin (assumed type)
Not extracting type definition C.intptr_t to KreMLin (assumed type)
Not extracting type definition C.char to KreMLin (assumed type)
Not extracting type definition C.int to KreMLin (assumed type)
Not extracting type definition C.clock_t to KreMLin (assumed type)
C:/build/agent1/_work/16/s/code/lib/kremlin/Hacl.Spec.Endianness.fst(48,31-48,42): (Warning 288) FStar.Seq.Base.createEmpty is deprecated, use Seq.empty instead
C:/build/agent1/_work/16/s/specs/Spec.Poly1305.fst(50,25-50,36): (Warning 288) FStar.Seq.Base.createEmpty is deprecated, use Seq.empty instead
C:/build/agent1/_work/16/s/specs/Spec.Poly1305.fst(59,20-59,21): (Warning 252) (Hint-replay failed): Subtyping check failed; expected type Spec.Poly1305.elem; got type FStar.UInt.uint_t 128 (see also C:/build/agent1/_work/16/s/specs/Spec.Poly1305.fst(16,28-16,37))
C:/build/agent1/_work/16/s/specs/Spec.Lib.fst(109,18-109,29): (Warning 288) FStar.Seq.Base.createEmpty is deprecated, use Seq.empty instead
C:/build/agent1/_work/16/s/specs/Spec.Lib.fst(126,18-126,29): (Warning 288) FStar.Seq.Base.createEmpty is deprecated, use Seq.empty instead
C:/build/agent1/_work/16/s/specs/Spec.Lib.fst(135,18-135,29): (Warning 288) FStar.Seq.Base.createEmpty is deprecated, use Seq.empty instead
C:/build/agent1/_work/16/s/specs/Spec.Lib.fst(143,18-143,29): (Warning 288) FStar.Seq.Base.createEmpty is deprecated, use Seq.empty instead
C:/build/agent1/_work/16/s/specs/Spec.Lib.fst(153,18-153,29): (Warning 288) FStar.Seq.Base.createEmpty is deprecated, use Seq.empty instead
C:/build/agent1/_work/16/s/specs/Spec.Lib.fst(161,18-161,29): (Warning 288) FStar.Seq.Base.createEmpty is deprecated, use Seq.empty instead
C:/build/agent1/_work/16/s/specs/Spec.Lib.fst(170,18-170,29): (Warning 288) FStar.Seq.Base.createEmpty is deprecated, use Seq.empty instead
C:/build/agent1/_work/16/s/specs/Spec.Lib.fst(178,18-178,29): (Warning 288) FStar.Seq.Base.createEmpty is deprecated, use Seq.empty instead
C:/build/agent1/_work/16/s/specs/Spec.Lib.fst(189,32-189,43): (Warning 288) FStar.Seq.Base.createEmpty is deprecated, use Seq.empty instead
C:/build/agent1/_work/16/s/specs/Spec.Lib.fst(199,30-199,41): (Warning 288) FStar.Seq.Base.createEmpty is deprecated, use Seq.empty instead
C:/build/agent1/_work/16/s/specs/Spec.Lib.fst(208,32-208,43): (Warning 288) FStar.Seq.Base.createEmpty is deprecated, use Seq.empty instead
C:/build/agent1/_work/16/s/specs/Spec.Lib.fst(218,30-218,41): (Warning 288) FStar.Seq.Base.createEmpty is deprecated, use Seq.empty instead
C:/build/agent1/_work/16/s/specs/Spec.Lib.fst(227,32-227,43): (Warning 288) FStar.Seq.Base.createEmpty is deprecated, use Seq.empty instead
C:/build/agent1/_work/16/s/specs/Spec.Lib.fst(237,30-237,41): (Warning 288) FStar.Seq.Base.createEmpty is deprecated, use Seq.empty instead
C:/build/agent1/_work/16/s/specs/Spec.Lib.fst(282,35-282,46): (Warning 288) FStar.Seq.Base.createEmpty is deprecated, use Seq.empty instead
C:/build/agent1/_work/16/s/specs/Spec.Lib.fst(331,37-331,48): (Warning 288) FStar.Seq.Base.createEmpty is deprecated, use Seq.empty instead
C:/build/agent1/_work/16/s/specs/Spec.Lib.fst(362,65-362,76): (Warning 288) FStar.Seq.Base.createEmpty is deprecated, use Seq.empty instead
C:/build/agent1/_work/16/s/specs/Spec.Lib.fst(363,45-363,56): (Warning 288) FStar.Seq.Base.createEmpty is deprecated, use Seq.empty instead
C:/build/agent1/_work/16/s/specs/Spec.Lib.fst(388,55-388,66): (Warning 288) FStar.Seq.Base.createEmpty is deprecated, use Seq.empty instead
C:/build/agent1/_work/16/s/specs/Spec.Lib.fst(389,43-389,54): (Warning 288) FStar.Seq.Base.createEmpty is deprecated, use Seq.empty instead
C:/build/agent1/_work/16/s/specs/Spec.CTR.fst(41,22-41,33): (Warning 288) FStar.Seq.Base.createEmpty is deprecated, use Seq.empty instead
C:/build/agent1/_work/16/s/specs/Spec.CTR.fst(82,9-82,20): (Warning 288) FStar.Seq.Base.createEmpty is deprecated, use Seq.empty instead
C:/build/agent1/_work/16/s/code/salsa-family/Hacl.Lib.LoadStore32.fst(63,60-63,71): (Warning 288) FStar.Seq.Base.createEmpty is deprecated, use Seq.empty instead
C:/build/agent1/_work/16/s/code/salsa-family/Hacl.Lib.LoadStore32.fst(120,60-120,71): (Warning 288) FStar.Seq.Base.createEmpty is deprecated, use Seq.empty instead
C:/build/agent1/_work/16/s/code/salsa-family/Hacl.Impl.Xor.Lemmas.fst(19,65-19,76): (Warning 288) FStar.Seq.Base.createEmpty is deprecated, use Seq.empty instead
C:/build/agent1/_work/16/s/specs/Spec.SHA2_256.fst(336,28-336,39): (Warning 288) FStar.Seq.Base.createEmpty is deprecated, use Seq.empty instead
C:/build/agent1/_work/16/s/code/poly1305/Hacl.Spec.Poly1305_64.Lemmas1.fst(50,40-50,51): (Warning 288) FStar.Seq.Base.createEmpty is deprecated, use Seq.empty instead
C:/build/agent1/_work/16/s/code/poly1305/Hacl.Spec.Poly1305_64.Lemmas1.fst(126,8-126,19): (Warning 288) FStar.Seq.Base.createEmpty is deprecated, use Seq.empty instead
C:/build/agent1/_work/16/s/code/poly1305/Hacl.Spec.Poly1305_64.Lemmas1.fst(127,57-127,68): (Warning 288) FStar.Seq.Base.createEmpty is deprecated, use Seq.empty instead
C:/build/agent1/_work/16/s/code/salsa-family/Hacl.Impl.Chacha20.fst(524,39-524,50): (Warning 288) FStar.Seq.Base.createEmpty is deprecated, use Seq.empty instead
C:/build/agent1/_work/16/s/code/salsa-family/Hacl.Impl.Chacha20.fst(526,37-526,48): (Warning 288) FStar.Seq.Base.createEmpty is deprecated, use Seq.empty instead
C:/build/agent1/_work/16/s/code/salsa-family/Hacl.Impl.Chacha20.fst(562,12-562,23): (Warning 288) FStar.Seq.Base.createEmpty is deprecated, use Seq.empty instead
C:/build/agent1/_work/16/s/code/salsa-family/Hacl.Impl.Chacha20.fst(565,44-565,55): (Warning 288) FStar.Seq.Base.createEmpty is deprecated, use Seq.empty instead
C:/build/agent1/_work/16/s/code/salsa-family/Hacl.Impl.Chacha20.fst(669,12-669,23): (Warning 288) FStar.Seq.Base.createEmpty is deprecated, use Seq.empty instead
C:/build/agent1/_work/16/s/code/salsa-family/Hacl.Impl.Chacha20.fst(672,27-672,38): (Warning 288) FStar.Seq.Base.createEmpty is deprecated, use Seq.empty instead
C:/build/agent1/_work/16/s/code/salsa-family/Hacl.Impl.Chacha20.fst(744,59-744,70): (Warning 288) FStar.Seq.Base.createEmpty is deprecated, use Seq.empty instead
C:/build/agent1/_work/16/s/code/salsa-family/Hacl.Impl.Chacha20.fst(745,60-745,71): (Warning 288) FStar.Seq.Base.createEmpty is deprecated, use Seq.empty instead
C:/build/agent1/_work/16/s/code/salsa-family/Hacl.Impl.Chacha20.fst(791,56-791,67): (Warning 288) FStar.Seq.Base.createEmpty is deprecated, use Seq.empty instead
C:/build/agent1/_work/16/s/code/api/Hacl.Chacha20Poly1305.fst(65,141-65,142): (Warning 252) (Hint-replay failed): Subtyping check failed; expected type Spec.Poly1305.elem; got type FStar.UInt.uint_t 128 (see also C:/build/agent1/_work/16/s/specs/Spec.Poly1305.fst(16,28-16,37))
C:/build/agent1/_work/16/s/code/poly1305/Hacl.Spec.Bignum.AddAndMultiply.fst(57,6-57,20): (Warning 252) (Hint-replay failed): assertion failed (see also FStar.Seq.Base.fst(215,87-215,113))
C:/build/agent1/_work/16/s/code/poly1305/Hacl.Spec.Poly1305_64.fst(332,19-332,30): (Warning 288) FStar.Seq.Base.createEmpty is deprecated, use Seq.empty instead
C:/build/agent1/_work/16/s/code/poly1305/Hacl.Spe.Poly1305_64.fst(163,54-163,65): (Warning 288) FStar.Seq.Base.createEmpty is deprecated, use Seq.empty instead
C:/build/agent1/_work/16/s/code/poly1305/Hacl.Spe.Poly1305_64.fst(210,8-210,19): (Warning 288) FStar.Seq.Base.createEmpty is deprecated, use Seq.empty instead
C:/build/agent1/_work/16/s/code/poly1305/Hacl.Spe.Poly1305_64.fst(211,57-211,68): (Warning 288) FStar.Seq.Base.createEmpty is deprecated, use Seq.empty instead
C:/build/agent1/_work/16/s/code/poly1305/Hacl.Impl.Poly1305_64.fst(192,22-192,33): (Warning 288) FStar.Seq.Base.createEmpty is deprecated, use Seq.empty instead
C:/build/agent1/_work/16/s/code/poly1305/Hacl.Impl.Poly1305_64.fst(130,11-130,25): (Warning 252) (Hint-replay failed): assertion failed (see also FStar.Seq.Base.fst(215,87-215,113))
C:/build/agent1/_work/16/s/code/poly1305/Hacl.Standalone.Poly1305_64.fst(121,2-146,3): (Warning 252) (Hint-replay failed): could not prove post-condition (see also C:/build/agent1/_work/16/s/code/poly1305/Hacl.Standalone.Poly1305_64.fst(103,43-103,64))
C:/build/agent1/_work/16/s/code/poly1305/Hacl.Standalone.Poly1305_64.fst(174,31-174,59): (Warning 252) (Hint-replay failed): Subtyping check failed; expected type Hacl.Spec.Poly1305_64.State.elem; got type Prims.nat (see also C:/build/agent1/_work/16/s/code/poly1305/Hacl.Spec.Poly1305_64.State.fst(29,36-29,50))
Warning 6: in the definition of plaintext', after the definition of iv', in the sequence statement at index 2, after the definition of expanded, in the last element of the sequence, after the definition of i, in top-level declaration EverCrypt.aes128_gcm_encrypt, in file EverCrypt: stack newbuf 0uint8 (*,uint32) (/,uint32) (+,uint32) @5 15uint32 16uint32 16uint32 is a non-constant size, stack-allocated array; this is not supported by CompCert and requires the use of alloca(3) for MSVC
Warning 6: in the definition of cipher', after the definition of plaintext', in the sequence statement at index 2, after the definition of expanded, in the last element of the sequence, after the definition of i, in top-level declaration EverCrypt.aes128_gcm_encrypt, in file EverCrypt: stack newbuf 0uint8 (*,uint32) (/,uint32) (+,uint32) @6 15uint32 16uint32 16uint32 is a non-constant size, stack-allocated array; this is not supported by CompCert and requires the use of alloca(3) for MSVC
Warning 6: in the definition of ad', after the definition of cipher', in the sequence statement at index 2, after the definition of expanded, in the last element of the sequence, after the definition of i, in top-level declaration EverCrypt.aes128_gcm_encrypt, in file EverCrypt: stack newbuf 0uint8 (*,uint32) (/,uint32) (+,uint32) @9 15uint32 16uint32 16uint32 is a non-constant size, stack-allocated array; this is not supported by CompCert and requires the use of alloca(3) for MSVC
Warning 6: in the definition of plaintext', after the definition of iv', in the last element of the sequence, in the definition of r, in the last element of the sequence, after the definition of expanded, in the last element of the sequence, after the definition of i, in top-level declaration EverCrypt.aes128_gcm_decrypt, in file EverCrypt: stack newbuf 0uint8 (*,uint32) (/,uint32) (+,uint32) @5 15uint32 16uint32 16uint32 is a non-constant size, stack-allocated array; this is not supported by CompCert and requires the use of alloca(3) for MSVC
Warning 6: in the definition of cipher', after the definition of plaintext', in the last element of the sequence, in the definition of r, in the last element of the sequence, after the definition of expanded, in the last element of the sequence, after the definition of i, in top-level declaration EverCrypt.aes128_gcm_decrypt, in file EverCrypt: stack newbuf 0uint8 (*,uint32) (/,uint32) (+,uint32) @6 15uint32 16uint32 16uint32 is a non-constant size, stack-allocated array; this is not supported by CompCert and requires the use of alloca(3) for MSVC
Warning 6: in the definition of ad', after the definition of cipher', in the last element of the sequence, in the definition of r, in the last element of the sequence, after the definition of expanded, in the last element of the sequence, after the definition of i, in top-level declaration EverCrypt.aes128_gcm_decrypt, in file EverCrypt: stack newbuf 0uint8 (*,uint32) (/,uint32) (+,uint32) @9 15uint32 16uint32 16uint32 is a non-constant size, stack-allocated array; this is not supported by CompCert and requires the use of alloca(3) for MSVC
Warning 6: in the definition of plaintext', after the definition of iv', in the last element of the sequence, after the definition of xk, in top-level declaration EverCrypt.aead_encrypt, in file EverCrypt: stack newbuf 0uint8 (*,uint32) (/,uint32) (+,uint32) @5 15uint32 16uint32 16uint32 is a non-constant size, stack-allocated array; this is not supported by CompCert and requires the use of alloca(3) for MSVC
Warning 6: in the definition of cipher', after the definition of plaintext', in the last element of the sequence, after the definition of xk, in top-level declaration EverCrypt.aead_encrypt, in file EverCrypt: stack newbuf 0uint8 (*,uint32) (/,uint32) (+,uint32) @6 15uint32 16uint32 16uint32 is a non-constant size, stack-allocated array; this is not supported by CompCert and requires the use of alloca(3) for MSVC
Warning 6: in the definition of ad', after the definition of cipher', in the last element of the sequence, after the definition of xk, in top-level declaration EverCrypt.aead_encrypt, in file EverCrypt: stack newbuf 0uint8 (*,uint32) (/,uint32) (+,uint32) @9 15uint32 16uint32 16uint32 is a non-constant size, stack-allocated array; this is not supported by CompCert and requires the use of alloca(3) for MSVC
Warning 6: in the definition of plaintext', after the definition of iv', in the last element of the sequence, after the definition of xk, in top-level declaration EverCrypt.aead_decrypt, in file EverCrypt: stack newbuf 0uint8 (*,uint32) (/,uint32) (+,uint32) @5 15uint32 16uint32 16uint32 is a non-constant size, stack-allocated array; this is not supported by CompCert and requires the use of alloca(3) for MSVC
Warning 6: in the definition of cipher', after the definition of plaintext', in the last element of the sequence, after the definition of xk, in top-level declaration EverCrypt.aead_decrypt, in file EverCrypt: stack newbuf 0uint8 (*,uint32) (/,uint32) (+,uint32) @6 15uint32 16uint32 16uint32 is a non-constant size, stack-allocated array; this is not supported by CompCert and requires the use of alloca(3) for MSVC
Warning 6: in the definition of ad', after the definition of cipher', in the last element of the sequence, after the definition of xk, in top-level declaration EverCrypt.aead_decrypt, in file EverCrypt: stack newbuf 0uint8 (*,uint32) (/,uint32) (+,uint32) @9 15uint32 16uint32 16uint32 is a non-constant size, stack-allocated array; this is not supported by CompCert and requires the use of alloca(3) for MSVC
Warning 7: : After inlining, AEAD.Poly1305_64.state (going into AEAD_Poly1305_64) calls Hacl.Impl.Poly1305_64.State.poly1305_state (going into Hacl_Chacha20) -- removing the static qualifier from Hacl.Impl.Poly1305_64.State.poly1305_state
Warning 7: : After inlining, AEAD.Poly1305_64.mk_state (going into AEAD_Poly1305_64) calls Hacl.Impl.Poly1305_64.mk_state (going into Hacl_Chacha20) -- removing the static qualifier from Hacl.Impl.Poly1305_64.mk_state
Warning 7: : After inlining, AEAD.Poly1305_64.pad_last (going into AEAD_Poly1305_64) calls Hacl.Impl.Poly1305_64.poly1305_update (going into Hacl_Chacha20) -- removing the static qualifier from Hacl.Impl.Poly1305_64.poly1305_update
Warning 8: : After inlining, AEAD.Poly1305_64.pad_last (going into AEAD_Poly1305_64) calls Hacl.Impl.Poly1305_64.poly1305_update (going into Hacl_Chacha20). This is a call across translation units but Hacl.Impl.Poly1305_64.poly1305_update has a C "inline" qualifier. The C standard allows removing Hacl.Impl.Poly1305_64.poly1305_update from its translation unit (see C11 6.7.3 5), and CompCert will do it. 
Warning 7: : After inlining, AEAD.Poly1305_64.poly1305_blocks_init (going into AEAD_Poly1305_64) calls Hacl.Standalone.Poly1305_64.poly1305_partial (going into Hacl_Chacha20) -- removing the static qualifier from Hacl.Standalone.Poly1305_64.poly1305_partial
Warning 7: : After inlining, AEAD.Poly1305_64.poly1305_blocks_continue (going into AEAD_Poly1305_64) calls Hacl.Standalone.Poly1305_64.poly1305_blocks (going into Hacl_Chacha20) -- removing the static qualifier from Hacl.Standalone.Poly1305_64.poly1305_blocks
Warning 7: : After inlining, AEAD.Poly1305_64.poly1305_blocks_finish (going into AEAD_Poly1305_64) calls Hacl.Impl.Poly1305_64.poly1305_process_last_block (going into Hacl_Chacha20) -- removing the static qualifier from Hacl.Impl.Poly1305_64.poly1305_process_last_block
Warning 8: : After inlining, AEAD.Poly1305_64.poly1305_blocks_finish (going into AEAD_Poly1305_64) calls Hacl.Impl.Poly1305_64.poly1305_process_last_block (going into Hacl_Chacha20). This is a call across translation units but Hacl.Impl.Poly1305_64.poly1305_process_last_block has a C "inline" qualifier. The C standard allows removing Hacl.Impl.Poly1305_64.poly1305_process_last_block from its translation unit (see C11 6.7.3 5), and CompCert will do it. 
Warning 7: : After inlining, AEAD.Poly1305_64.poly1305_blocks_finish (going into AEAD_Poly1305_64) calls Hacl.Impl.Poly1305_64.poly1305_last_pass (going into Hacl_Chacha20) -- removing the static qualifier from Hacl.Impl.Poly1305_64.poly1305_last_pass
Warning 14: : C.String.of_literal is not Low*; it uses F*'s Prims.string type and will leak memory; you need to link with a garbage-collector; if this declaration is for specification purposes only, consider marking it noextract or using -bundle <name-of-the-module> to only keep reachable definitions; if you are looking to use C strings, look into C.String (in kremlib/) and Server (in test/). See the KreMLin tutorial for more information.
Warning 14: : Prims.string_of_int is not Low*; it uses mathematical integers and runtime checks may fail; rewrite your code to use machine integers, or if you must, use -add-include '"kremlin/internal/compat.h"'; if this declaration is for specification purposes only, consider marking it noextract or using -bundle <name-of-the-module> to only keep reachable definitions.
Warning 14: : Prims.string_of_int is not Low*; it uses F*'s Prims.string type and will leak memory; you need to link with a garbage-collector; if this declaration is for specification purposes only, consider marking it noextract or using -bundle <name-of-the-module> to only keep reachable definitions; if you are looking to use C strings, look into C.String (in kremlib/) and Server (in test/). See the KreMLin tutorial for more information.
Warning 14: : Prims.strcat is not Low*; it uses F*'s Prims.string type and will leak memory; you need to link with a garbage-collector; if this declaration is for specification purposes only, consider marking it noextract or using -bundle <name-of-the-module> to only keep reachable definitions; if you are looking to use C strings, look into C.String (in kremlib/) and Server (in test/). See the KreMLin tutorial for more information.
Warning 14: : Prims.abs is not Low*; it uses mathematical integers and runtime checks may fail; rewrite your code to use machine integers, or if you must, use -add-include '"kremlin/internal/compat.h"'; if this declaration is for specification purposes only, consider marking it noextract or using -bundle <name-of-the-module> to only keep reachable definitions.
Warning 14: : Prims.pow2 is not Low*; it uses mathematical integers and runtime checks may fail; rewrite your code to use machine integers, or if you must, use -add-include '"kremlin/internal/compat.h"'; if this declaration is for specification purposes only, consider marking it noextract or using -bundle <name-of-the-module> to only keep reachable definitions.
Warning 14: : Prims.op_LessThan is not Low*; it uses mathematical integers and runtime checks may fail; rewrite your code to use machine integers, or if you must, use -add-include '"kremlin/internal/compat.h"'; if this declaration is for specification purposes only, consider marking it noextract or using -bundle <name-of-the-module> to only keep reachable definitions.
Warning 14: : Prims.op_GreaterThanOrEqual is not Low*; it uses mathematical integers and runtime checks may fail; rewrite your code to use machine integers, or if you must, use -add-include '"kremlin/internal/compat.h"'; if this declaration is for specification purposes only, consider marking it noextract or using -bundle <name-of-the-module> to only keep reachable definitions.
Warning 14: : Prims.op_GreaterThan is not Low*; it uses mathematical integers and runtime checks may fail; rewrite your code to use machine integers, or if you must, use -add-include '"kremlin/internal/compat.h"'; if this declaration is for specification purposes only, consider marking it noextract or using -bundle <name-of-the-module> to only keep reachable definitions.
Warning 14: : Prims.op_LessThanOrEqual is not Low*; it uses mathematical integers and runtime checks may fail; rewrite your code to use machine integers, or if you must, use -add-include '"kremlin/internal/compat.h"'; if this declaration is for specification purposes only, consider marking it noextract or using -bundle <name-of-the-module> to only keep reachable definitions.
Warning 14: : Prims.op_Modulus is not Low*; it uses mathematical integers and runtime checks may fail; rewrite your code to use machine integers, or if you must, use -add-include '"kremlin/internal/compat.h"'; if this declaration is for specification purposes only, consider marking it noextract or using -bundle <name-of-the-module> to only keep reachable definitions.
Warning 14: : Prims.op_Minus is not Low*; it uses mathematical integers and runtime checks may fail; rewrite your code to use machine integers, or if you must, use -add-include '"kremlin/internal/compat.h"'; if this declaration is for specification purposes only, consider marking it noextract or using -bundle <name-of-the-module> to only keep reachable definitions.
Warning 14: : Prims.op_Addition is not Low*; it uses mathematical integers and runtime checks may fail; rewrite your code to use machine integers, or if you must, use -add-include '"kremlin/internal/compat.h"'; if this declaration is for specification purposes only, consider marking it noextract or using -bundle <name-of-the-module> to only keep reachable definitions.
Warning 14: : Prims.op_Subtraction is not Low*; it uses mathematical integers and runtime checks may fail; rewrite your code to use machine integers, or if you must, use -add-include '"kremlin/internal/compat.h"'; if this declaration is for specification purposes only, consider marking it noextract or using -bundle <name-of-the-module> to only keep reachable definitions.
Warning 14: : Prims.op_Division is not Low*; it uses mathematical integers and runtime checks may fail; rewrite your code to use machine integers, or if you must, use -add-include '"kremlin/internal/compat.h"'; if this declaration is for specification purposes only, consider marking it noextract or using -bundle <name-of-the-module> to only keep reachable definitions.
Warning 14: : Prims.op_Multiply is not Low*; it uses mathematical integers and runtime checks may fail; rewrite your code to use machine integers, or if you must, use -add-include '"kremlin/internal/compat.h"'; if this declaration is for specification purposes only, consider marking it noextract or using -bundle <name-of-the-module> to only keep reachable definitions.
evercrypt/c/evercrypt_bytes.c:1:43: fatal error: kremlib/extracted/FStar_Bytes.h: No such file or directory
compilation terminated.
evercrypt/c/evercrypt_bytes.c:1:43: fatal error: kremlib/extracted/FStar_Bytes.h: No such file or directory
compilation terminated.
evercrypt/c/evercrypt_bytes.c:1:43: fatal error: kremlib/extracted/FStar_Bytes.h: No such file or directory
compilation terminated.
make[3]: *** [<builtin>: evercrypt/c/evercrypt_bytes.o] Error 1
evercrypt/c/evercrypt_openssl.c: In function openssl_aead:
evercrypt/c/evercrypt_openssl.c:66:39: error: EVP_CTRL_AEAD_SET_TAG undeclared (first use in this function)
if(!enc && EVP_CIPHER_CTX_ctrl(ctx, EVP_CTRL_AEAD_SET_TAG, 16, tag) <= 0)
^
evercrypt/c/evercrypt_openssl.c:66:39: note: each undeclared identifier is reported only once for each function it appears in
evercrypt/c/evercrypt_openssl.c:74:44: error: EVP_CTRL_AEAD_GET_TAG undeclared (first use in this function)
if (enc && 1 != EVP_CIPHER_CTX_ctrl(ctx, EVP_CTRL_AEAD_GET_TAG, 16, tag))
^
evercrypt/c/evercrypt_openssl.c: In function EverCrypt_OpenSSL_chacha20_poly1305_encrypt:
evercrypt/c/evercrypt_openssl.c:119:40: error: implicit declaration of function EVP_chacha20_poly1305 [-Werror=implicit-function-declaration]
EVP_CIPHER_CTX *ctx = openssl_create(EVP_chacha20_poly1305(), key);
^
evercrypt/c/evercrypt_openssl.c:119:40: error: passing argument 1 of openssl_create makes pointer from integer without a cast [-Werror=int-conversion]
evercrypt/c/evercrypt_openssl.c:20:17: note: expected const EVP_CIPHER * {aka const struct evp_cipher_st *} but argument is of type int
EVP_CIPHER_CTX *openssl_create(const EVP_CIPHER *alg, uint8_t *key)
^
evercrypt/c/evercrypt_openssl.c: In function EverCrypt_OpenSSL_chacha20_poly1305_decrypt:
evercrypt/c/evercrypt_openssl.c:128:40: error: passing argument 1 of openssl_create makes pointer from integer without a cast [-Werror=int-conversion]
EVP_CIPHER_CTX *ctx = openssl_create(EVP_chacha20_poly1305(), key);
^
evercrypt/c/evercrypt_openssl.c:20:17: note: expected const EVP_CIPHER * {aka const struct evp_cipher_st *} but argument is of type int
EVP_CIPHER_CTX *openssl_create(const EVP_CIPHER *alg, uint8_t *key)
^
evercrypt/c/evercrypt_openssl.c: In function EverCrypt_OpenSSL_aead_create:
evercrypt/c/evercrypt_openssl.c:141:23: error: assignment makes pointer from integer without a cast [-Werror=int-conversion]
else if(alg == 2) a = EVP_chacha20_poly1305();
^
evercrypt/c/evercrypt_openssl.c: At top level:
cc1: error: unrecognized command line option -Wno-infinite-recursion [-Werror]
cc1: all warnings being treated as errors
make[3]: *** [<builtin>: evercrypt/c/evercrypt_openssl.o] Error 1
make[3]: Target 'stage2' not remade because of errors.
make[2]: *** [Makefile:45: all] Error 2
make[1]: *** [Makefile:145: providers] Error 2
make: *** [Makefile:153: ci] Error 2
