Cloning into 'fstar'...
Checking out files:  22% (637/2854)   Checking out files:  23% (657/2854)   Checking out files:  24% (685/2854)   Checking out files:  25% (714/2854)   Checking out files:  26% (743/2854)   Checking out files:  27% (771/2854)   Checking out files:  28% (800/2854)   Checking out files:  29% (828/2854)   Checking out files:  30% (857/2854)   Checking out files:  31% (885/2854)   Checking out files:  32% (914/2854)   Checking out files:  33% (942/2854)   Checking out files:  34% (971/2854)   Checking out files:  35% (999/2854)   Checking out files:  36% (1028/2854)   Checking out files:  37% (1056/2854)   Checking out files:  38% (1085/2854)   Checking out files:  39% (1114/2854)   Checking out files:  40% (1142/2854)   Checking out files:  41% (1171/2854)   Checking out files:  42% (1199/2854)   Checking out files:  43% (1228/2854)   Checking out files:  43% (1243/2854)   Checking out files:  44% (1256/2854)   Checking out files:  45% (1285/2854)   Checking out files:  46% (1313/2854)   Checking out files:  47% (1342/2854)   Checking out files:  48% (1370/2854)   Checking out files:  49% (1399/2854)   Checking out files:  50% (1427/2854)   Checking out files:  51% (1456/2854)   Checking out files:  52% (1485/2854)   Checking out files:  53% (1513/2854)   Checking out files:  54% (1542/2854)   Checking out files:  55% (1570/2854)   Checking out files:  56% (1599/2854)   Checking out files:  57% (1627/2854)   Checking out files:  58% (1656/2854)   Checking out files:  59% (1684/2854)   Checking out files:  60% (1713/2854)   Checking out files:  61% (1741/2854)   Checking out files:  62% (1770/2854)   Checking out files:  63% (1799/2854)   Checking out files:  64% (1827/2854)   Checking out files:  64% (1847/2854)   Checking out files:  65% (1856/2854)   Checking out files:  66% (1884/2854)   Checking out files:  67% (1913/2854)   Checking out files:  68% (1941/2854)   Checking out files:  69% (1970/2854)   Checking out files:  70% (1998/2854)   Checking out files:  71% (2027/2854)   Checking out files:  72% (2055/2854)   Checking out files:  73% (2084/2854)   Checking out files:  74% (2112/2854)   Checking out files:  75% (2141/2854)   Checking out files:  76% (2170/2854)   Checking out files:  77% (2198/2854)   Checking out files:  78% (2227/2854)   Checking out files:  79% (2255/2854)   Checking out files:  80% (2284/2854)   Checking out files:  81% (2312/2854)   Checking out files:  82% (2341/2854)   Checking out files:  83% (2369/2854)   Checking out files:  83% (2371/2854)   Checking out files:  84% (2398/2854)   Checking out files:  85% (2426/2854)   Checking out files:  86% (2455/2854)   Checking out files:  87% (2483/2854)   Checking out files:  88% (2512/2854)   Checking out files:  89% (2541/2854)   Checking out files:  90% (2569/2854)   Checking out files:  91% (2598/2854)   Checking out files:  92% (2626/2854)   Checking out files:  93% (2655/2854)   Checking out files:  94% (2683/2854)   Checking out files:  95% (2712/2854)   Checking out files:  96% (2740/2854)   Checking out files:  97% (2769/2854)   Checking out files:  98% (2797/2854)   Checking out files:  99% (2826/2854)   Checking out files: 100% (2854/2854)   Checking out files: 100% (2854/2854), done.
Warning: you are using the standard library and/or the %inline keyword. We
recommend switching on --infer in order to avoid obscure type error messages.
Unable to open hints file: C:\build\agent2\_work\7\s\fstar\ulib\LowStar.ToFStarBuffer.fst.hints; ran without hints
Cloning into 'kremlin'...
Unable to open hints file: C:\build\agent2\_work\7\s\kremlin\kremlib\Spec.Loops.fst.hints; ran without hints
Unable to open hints file: C:\build\agent2\_work\7\s\kremlin\kremlib\FStar.Kremlin.Endianness.fst.hints; ran without hints
Unable to open hints file: C:\build\agent2\_work\7\s\kremlin\kremlib\C.Endianness.fst.hints; ran without hints
Unable to open hints file: C:\build\agent2\_work\7\s\kremlin\kremlib\C.fst.hints; ran without hints
Unable to open hints file: C:\build\agent2\_work\7\s\kremlin\kremlib\C.Loops.fst.hints; ran without hints
Unable to open hints file: C:\build\agent2\_work\7\s\kremlin\kremlib\C.String.fst.hints; ran without hints
Unable to open hints file: C:\build\agent2\_work\7\s\kremlin\kremlib\C.Failure.fst.hints; ran without hints
Checking out files:  11% (612/5472)   Checking out files:  12% (657/5472)   Checking out files:  13% (712/5472)   Checking out files:  14% (767/5472)   Checking out files:  15% (821/5472)   Checking out files:  16% (876/5472)   Checking out files:  17% (931/5472)   Checking out files:  18% (985/5472)   Checking out files:  19% (1040/5472)   Checking out files:  20% (1095/5472)   Checking out files:  21% (1150/5472)   Checking out files:  22% (1204/5472)   Checking out files:  23% (1259/5472)   Checking out files:  23% (1291/5472)   Checking out files:  24% (1314/5472)   Checking out files:  25% (1368/5472)   Checking out files:  26% (1423/5472)   Checking out files:  27% (1478/5472)   Checking out files:  28% (1533/5472)   Checking out files:  29% (1587/5472)   Checking out files:  30% (1642/5472)   Checking out files:  31% (1697/5472)   Checking out files:  32% (1752/5472)   Checking out files:  33% (1806/5472)   Checking out files:  34% (1861/5472)   Checking out files:  34% (1904/5472)   Checking out files:  35% (1916/5472)   Checking out files:  36% (1970/5472)   Checking out files:  37% (2025/5472)   Checking out files:  38% (2080/5472)   Checking out files:  39% (2135/5472)   Checking out files:  40% (2189/5472)   Checking out files:  41% (2244/5472)   Checking out files:  42% (2299/5472)   Checking out files:  43% (2353/5472)   Checking out files:  44% (2408/5472)   Checking out files:  45% (2463/5472)   Checking out files:  46% (2518/5472)   Checking out files:  46% (2570/5472)   Checking out files:  47% (2572/5472)   Checking out files:  48% (2627/5472)   Checking out files:  49% (2682/5472)   Checking out files:  50% (2736/5472)   Checking out files:  51% (2791/5472)   Checking out files:  52% (2846/5472)   Checking out files:  53% (2901/5472)   Checking out files:  54% (2955/5472)   Checking out files:  55% (3010/5472)   Checking out files:  56% (3065/5472)   Checking out files:  57% (3120/5472)   Checking out files:  58% (3174/5472)   Checking out files:  58% (3205/5472)   Checking out files:  59% (3229/5472)   Checking out files:  60% (3284/5472)   Checking out files:  61% (3338/5472)   Checking out files:  62% (3393/5472)   Checking out files:  63% (3448/5472)   Checking out files:  64% (3503/5472)   Checking out files:  65% (3557/5472)   Checking out files:  66% (3612/5472)   Checking out files:  67% (3667/5472)   Checking out files:  68% (3721/5472)   Checking out files:  69% (3776/5472)   Checking out files:  70% (3831/5472)   Checking out files:  70% (3837/5472)   Checking out files:  71% (3886/5472)   Checking out files:  72% (3940/5472)   Checking out files:  73% (3995/5472)   Checking out files:  74% (4050/5472)   Checking out files:  75% (4104/5472)   Checking out files:  76% (4159/5472)   Checking out files:  77% (4214/5472)   Checking out files:  78% (4269/5472)   Checking out files:  79% (4323/5472)   Checking out files:  80% (4378/5472)   Checking out files:  81% (4433/5472)   Checking out files:  82% (4488/5472)   Checking out files:  82% (4490/5472)   Checking out files:  83% (4542/5472)   Checking out files:  84% (4597/5472)   Checking out files:  85% (4652/5472)   Checking out files:  86% (4706/5472)   Checking out files:  87% (4761/5472)   Checking out files:  88% (4816/5472)   Checking out files:  89% (4871/5472)   Checking out files:  90% (4925/5472)   Checking out files:  91% (4980/5472)   Checking out files:  92% (5035/5472)   Checking out files:  93% (5089/5472)   Checking out files:  94% (5144/5472)   Checking out files:  94% (5155/5472)   Checking out files:  95% (5199/5472)   Checking out files:  96% (5254/5472)   Checking out files:  97% (5308/5472)   Checking out files:  98% (5363/5472)   Checking out files:  99% (5418/5472)   Checking out files: 100% (5472/5472)   Checking out files: 100% (5472/5472), done.
Warning 10: : -drop is deprecated
use a combination of -bundle and -d reachability to make sure the functions are eliminated as you wish
Warning 10: : -drop is deprecated
use a combination of -bundle and -d reachability to make sure the functions are eliminated as you wish
Warning 10: : -drop is deprecated
use a combination of -bundle and -d reachability to make sure the functions are eliminated as you wish
Warning 13: : FStar.Monotonic.HyperStack.mem, a monomorphic instance, is first used, and therefore inserted, in file FStar which is about to be dropped; you may get a C compiler error about FStar_Monotonic_HyperStack_mem if any other module uses this definition
Warning 13: : FStar.UInt128.t, a monomorphic instance, is first used, and therefore inserted, in file FStar which is about to be dropped; you may get a C compiler error about FStar_UInt128_t if any other module uses this definition
Warning 13: : Hacl.UInt128.t, a monomorphic instance, is first used, and therefore inserted, in file Hacl_UInt128 which is about to be dropped; you may get a C compiler error about Hacl_UInt128_t if any other module uses this definition
Warning 13: : Hacl.Types.u32, a monomorphic instance, is first used, and therefore inserted, in file Hacl_Types which is about to be dropped; you may get a C compiler error about Hacl_Types_u32 if any other module uses this definition
Warning 13: : Hacl.Types.h8, a monomorphic instance, is first used, and therefore inserted, in file Hacl_Types which is about to be dropped; you may get a C compiler error about Hacl_Types_h8 if any other module uses this definition
Warning 13: : Hacl.Types.uint8_p, a monomorphic instance, is first used, and therefore inserted, in file Hacl_Types which is about to be dropped; you may get a C compiler error about Hacl_Types_uint8_p if any other module uses this definition
Warning 10: : -drop is deprecated
use a combination of -bundle and -d reachability to make sure the functions are eliminated as you wish
Warning 13: : FStar.Monotonic.HyperStack.mem, a monomorphic instance, is first used, and therefore inserted, in file FStar which is about to be dropped; you may get a C compiler error about FStar_Monotonic_HyperStack_mem if any other module uses this definition
Warning 13: : FStar.UInt128.t, a monomorphic instance, is first used, and therefore inserted, in file FStar which is about to be dropped; you may get a C compiler error about FStar_UInt128_t if any other module uses this definition
Warning 13: : Hacl.UInt128.t, a monomorphic instance, is first used, and therefore inserted, in file Hacl_UInt128 which is about to be dropped; you may get a C compiler error about Hacl_UInt128_t if any other module uses this definition
Warning 13: : Hacl.Types.u32, a monomorphic instance, is first used, and therefore inserted, in file Hacl_Types which is about to be dropped; you may get a C compiler error about Hacl_Types_u32 if any other module uses this definition
Warning 13: : Hacl.Types.h8, a monomorphic instance, is first used, and therefore inserted, in file Hacl_Types which is about to be dropped; you may get a C compiler error about Hacl_Types_h8 if any other module uses this definition
Warning 13: : Hacl.Types.uint8_p, a monomorphic instance, is first used, and therefore inserted, in file Hacl_Types which is about to be dropped; you may get a C compiler error about Hacl_Types_uint8_p if any other module uses this definition
Warning 10: : -drop is deprecated
use a combination of -bundle and -d reachability to make sure the functions are eliminated as you wish
Warning 13: : FStar.Monotonic.HyperStack.mem, a monomorphic instance, is first used, and therefore inserted, in file FStar which is about to be dropped; you may get a C compiler error about FStar_Monotonic_HyperStack_mem if any other module uses this definition
Warning 13: : FStar.UInt128.t, a monomorphic instance, is first used, and therefore inserted, in file FStar which is about to be dropped; you may get a C compiler error about FStar_UInt128_t if any other module uses this definition
Warning 13: : Hacl.UInt128.t, a monomorphic instance, is first used, and therefore inserted, in file Hacl_UInt128 which is about to be dropped; you may get a C compiler error about Hacl_UInt128_t if any other module uses this definition
Warning 13: : Hacl.Types.u32, a monomorphic instance, is first used, and therefore inserted, in file Hacl_Types which is about to be dropped; you may get a C compiler error about Hacl_Types_u32 if any other module uses this definition
Warning 13: : Hacl.Types.h8, a monomorphic instance, is first used, and therefore inserted, in file Hacl_Types which is about to be dropped; you may get a C compiler error about Hacl_Types_h8 if any other module uses this definition
Warning 13: : Hacl.Types.uint8_p, a monomorphic instance, is first used, and therefore inserted, in file Hacl_Types which is about to be dropped; you may get a C compiler error about Hacl_Types_uint8_p if any other module uses this definition
Warning 13: : Hacl.Constants.u32, a monomorphic instance, is first used, and therefore inserted, in file Hacl_Constants which is about to be dropped; you may get a C compiler error about Hacl_Constants_u32 if any other module uses this definition
Warning 13: : Hacl.Constants.u64, a monomorphic instance, is first used, and therefore inserted, in file Hacl_Constants which is about to be dropped; you may get a C compiler error about Hacl_Constants_u64 if any other module uses this definition
Warning 13: : Hacl.Constants.h8, a monomorphic instance, is first used, and therefore inserted, in file Hacl_Constants which is about to be dropped; you may get a C compiler error about Hacl_Constants_h8 if any other module uses this definition
Warning 13: : Hacl.Constants.uint8_p, a monomorphic instance, is first used, and therefore inserted, in file Hacl_Constants which is about to be dropped; you may get a C compiler error about Hacl_Constants_uint8_p if any other module uses this definition
Warning 10: : -drop is deprecated
use a combination of -bundle and -d reachability to make sure the functions are eliminated as you wish
Warning 13: : FStar.Monotonic.HyperStack.mem, a monomorphic instance, is first used, and therefore inserted, in file FStar which is about to be dropped; you may get a C compiler error about FStar_Monotonic_HyperStack_mem if any other module uses this definition
Warning 13: : FStar.UInt128.t, a monomorphic instance, is first used, and therefore inserted, in file FStar which is about to be dropped; you may get a C compiler error about FStar_UInt128_t if any other module uses this definition
Warning 13: : FStar.Endianness.u32, a monomorphic instance, is first used, and therefore inserted, in file FStar which is about to be dropped; you may get a C compiler error about FStar_Endianness_u32 if any other module uses this definition
Warning 13: : Hacl.UInt128.t, a monomorphic instance, is first used, and therefore inserted, in file Hacl_UInt128 which is about to be dropped; you may get a C compiler error about Hacl_UInt128_t if any other module uses this definition
Warning 13: : Hacl.Chacha20.uint8_p, a monomorphic instance, is first used, and therefore inserted, in file Hacl_Chacha20 which is about to be dropped; you may get a C compiler error about Hacl_Chacha20_uint8_p if any other module uses this definition
Warning 13: : Hacl.Chacha20.uint32_t, a monomorphic instance, is first used, and therefore inserted, in file Hacl_Chacha20 which is about to be dropped; you may get a C compiler error about Hacl_Chacha20_uint32_t if any other module uses this definition
Warning 13: : Hacl.Impl.Poly1305_64.State.poly1305_state, a monomorphic instance, is first used, and therefore inserted, in file Hacl_Impl_Poly1305_64_State which is about to be dropped; you may get a C compiler error about Hacl_Impl_Poly1305_64_State_poly1305_state if any other module uses this definition
Warning 13: : AEAD.Poly1305_64.uint8_p, a monomorphic instance, is first used, and therefore inserted, in file AEAD_Poly1305_64 which is about to be dropped; you may get a C compiler error about AEAD_Poly1305_64_uint8_p if any other module uses this definition
Warning 13: : AEAD.Poly1305_64.state, a monomorphic instance, is first used, and therefore inserted, in file AEAD_Poly1305_64 which is about to be dropped; you may get a C compiler error about AEAD_Poly1305_64_state if any other module uses this definition
Warning 13: : Hacl.Types.u32, a monomorphic instance, is first used, and therefore inserted, in file Hacl_Types which is about to be dropped; you may get a C compiler error about Hacl_Types_u32 if any other module uses this definition
Warning 13: : Hacl.Types.h8, a monomorphic instance, is first used, and therefore inserted, in file Hacl_Types which is about to be dropped; you may get a C compiler error about Hacl_Types_h8 if any other module uses this definition
Warning 13: : Hacl.Types.uint8_p, a monomorphic instance, is first used, and therefore inserted, in file Hacl_Types which is about to be dropped; you may get a C compiler error about Hacl_Types_uint8_p if any other module uses this definition
Warning 13: : Hacl.Constants.h8, a monomorphic instance, is first used, and therefore inserted, in file Hacl_Constants which is about to be dropped; you may get a C compiler error about Hacl_Constants_h8 if any other module uses this definition
Warning 13: : Hacl.Constants.uint8_p, a monomorphic instance, is first used, and therefore inserted, in file Hacl_Constants which is about to be dropped; you may get a C compiler error about Hacl_Constants_uint8_p if any other module uses this definition
Warning 10: : -drop is deprecated
use a combination of -bundle and -d reachability to make sure the functions are eliminated as you wish
Warning 10: : -drop is deprecated
use a combination of -bundle and -d reachability to make sure the functions are eliminated as you wish
Warning 10: : -drop is deprecated
use a combination of -bundle and -d reachability to make sure the functions are eliminated as you wish
Warning 13: : Prims.nat, a monomorphic instance, is first used, and therefore inserted, in file Prims which is about to be dropped; you may get a C compiler error about Prims_nat if any other module uses this definition
Warning 13: : C.exit_code, a monomorphic instance, is first used, and therefore inserted, in file C which is about to be dropped; you may get a C compiler error about C_exit_code if any other module uses this definition
Warning 13: : FStar.Monotonic.HyperStack.mem, a monomorphic instance, is first used, and therefore inserted, in file FStar which is about to be dropped; you may get a C compiler error about FStar_Monotonic_HyperStack_mem if any other module uses this definition
Warning 13: : FStar.UInt128.t, a monomorphic instance, is first used, and therefore inserted, in file FStar which is about to be dropped; you may get a C compiler error about FStar_UInt128_t if any other module uses this definition
Warning 10: : -drop is deprecated
use a combination of -bundle and -d reachability to make sure the functions are eliminated as you wish
Warning 13: : Prims.nat, a monomorphic instance, is first used, and therefore inserted, in file Prims which is about to be dropped; you may get a C compiler error about Prims_nat if any other module uses this definition
Warning 13: : C.exit_code, a monomorphic instance, is first used, and therefore inserted, in file C which is about to be dropped; you may get a C compiler error about C_exit_code if any other module uses this definition
Warning 13: : FStar.Monotonic.HyperStack.mem, a monomorphic instance, is first used, and therefore inserted, in file FStar which is about to be dropped; you may get a C compiler error about FStar_Monotonic_HyperStack_mem if any other module uses this definition
Warning 13: : FStar.UInt128.t, a monomorphic instance, is first used, and therefore inserted, in file FStar which is about to be dropped; you may get a C compiler error about FStar_UInt128_t if any other module uses this definition
Warning 10: : -drop is deprecated
use a combination of -bundle and -d reachability to make sure the functions are eliminated as you wish
Warning 10: : -drop is deprecated
use a combination of -bundle and -d reachability to make sure the functions are eliminated as you wish
Warning 2: in the definition of l0, in the definition of encodedlen, in top-level declaration Hacl.Impl.SHA2_512.pad, in file Hacl_HMAC_SHA2_512: Reference to FStar.UInt128.mul_wide has no corresponding implementation; please provide a C implementation
Warning 13: : Prims.nat, a monomorphic instance, is first used, and therefore inserted, in file Prims which is about to be dropped; you may get a C compiler error about Prims_nat if any other module uses this definition
Warning 13: : FStar.Monotonic.HyperStack.mem, a monomorphic instance, is first used, and therefore inserted, in file FStar which is about to be dropped; you may get a C compiler error about FStar_Monotonic_HyperStack_mem if any other module uses this definition
Warning 13: : FStar.UInt128.t, a monomorphic instance, is first used, and therefore inserted, in file FStar which is about to be dropped; you may get a C compiler error about FStar_UInt128_t if any other module uses this definition
Warning 13: : Hacl.UInt128.t, a monomorphic instance, is first used, and therefore inserted, in file Hacl_UInt128 which is about to be dropped; you may get a C compiler error about Hacl_UInt128_t if any other module uses this definition
Warning 10: : -drop is deprecated
use a combination of -bundle and -d reachability to make sure the functions are eliminated as you wish
Warning 10: : -drop is deprecated
use a combination of -bundle and -d reachability to make sure the functions are eliminated as you wish
Warning 10: : -drop is deprecated
use a combination of -bundle and -d reachability to make sure the functions are eliminated as you wish
Warning 6: in the definition of output, after the definition of output_len, in the last element of the sequence, in top-level declaration Hacl.Test.HMAC.SHA2_256.test_1, in file Hacl_Test_HMAC_SHA2_256: stack newbuf 0uint8 @0 is a non-constant size, stack-allocated array; this is not supported by CompCert and requires the use of alloca(3) for MSVC
Warning 6: in the definition of key1, after the definition of key_len1, in the last element of the sequence, in top-level declaration Hacl.Test.HMAC.SHA2_256.test_1, in file Hacl_Test_HMAC_SHA2_256: stack newbuf 0x0buint8 @0 is a non-constant size, stack-allocated array; this is not supported by CompCert and requires the use of alloca(3) for MSVC
Warning 6: in the definition of output, after the definition of output_len, in the last element of the sequence, in top-level declaration Hacl.Test.HMAC.SHA2_256.test_2, in file Hacl_Test_HMAC_SHA2_256: stack newbuf 0uint8 @0 is a non-constant size, stack-allocated array; this is not supported by CompCert and requires the use of alloca(3) for MSVC
Warning 6: in the definition of output, after the definition of output_len, in the last element of the sequence, in top-level declaration Hacl.Test.HMAC.SHA2_256.test_3, in file Hacl_Test_HMAC_SHA2_256: stack newbuf 0uint8 @0 is a non-constant size, stack-allocated array; this is not supported by CompCert and requires the use of alloca(3) for MSVC
Warning 6: in the definition of key1, after the definition of key_len1, in the last element of the sequence, in top-level declaration Hacl.Test.HMAC.SHA2_256.test_3, in file Hacl_Test_HMAC_SHA2_256: stack newbuf 0xaauint8 @0 is a non-constant size, stack-allocated array; this is not supported by CompCert and requires the use of alloca(3) for MSVC
Warning 6: in the definition of data, after the definition of data_len, in the last element of the sequence, in top-level declaration Hacl.Test.HMAC.SHA2_256.test_3, in file Hacl_Test_HMAC_SHA2_256: stack newbuf 0xdduint8 @0 is a non-constant size, stack-allocated array; this is not supported by CompCert and requires the use of alloca(3) for MSVC
Warning 6: in the definition of output, after the definition of output_len, in the last element of the sequence, in top-level declaration Hacl.Test.HMAC.SHA2_256.test_4, in file Hacl_Test_HMAC_SHA2_256: stack newbuf 0uint8 @0 is a non-constant size, stack-allocated array; this is not supported by CompCert and requires the use of alloca(3) for MSVC
Warning 6: in the definition of data, after the definition of data_len, in the last element of the sequence, in top-level declaration Hacl.Test.HMAC.SHA2_256.test_4, in file Hacl_Test_HMAC_SHA2_256: stack newbuf 0xcduint8 @0 is a non-constant size, stack-allocated array; this is not supported by CompCert and requires the use of alloca(3) for MSVC
Warning 6: in the definition of output, after the definition of output_len, in the last element of the sequence, in top-level declaration Hacl.Test.HMAC.SHA2_256.test_5, in file Hacl_Test_HMAC_SHA2_256: stack newbuf 0x00uint8 @0 is a non-constant size, stack-allocated array; this is not supported by CompCert and requires the use of alloca(3) for MSVC
Warning 6: in the definition of key, after the definition of key_len, in the last element of the sequence, in top-level declaration Hacl.Test.HMAC.SHA2_256.test_5, in file Hacl_Test_HMAC_SHA2_256: stack newbuf 0x0cuint8 @0 is a non-constant size, stack-allocated array; this is not supported by CompCert and requires the use of alloca(3) for MSVC
Warning 6: in the definition of output, after the definition of output_len, in the last element of the sequence, in top-level declaration Hacl.Test.HMAC.SHA2_256.test_6, in file Hacl_Test_HMAC_SHA2_256: stack newbuf 0uint8 @0 is a non-constant size, stack-allocated array; this is not supported by CompCert and requires the use of alloca(3) for MSVC
Warning 6: in the definition of key, after the definition of key_len, in the last element of the sequence, in top-level declaration Hacl.Test.HMAC.SHA2_256.test_6, in file Hacl_Test_HMAC_SHA2_256: stack newbuf 0xaauint8 @0 is a non-constant size, stack-allocated array; this is not supported by CompCert and requires the use of alloca(3) for MSVC
Warning 6: in the definition of output, after the definition of output_len, in the last element of the sequence, in top-level declaration Hacl.Test.HMAC.SHA2_256.test_7, in file Hacl_Test_HMAC_SHA2_256: stack newbuf 0uint8 @0 is a non-constant size, stack-allocated array; this is not supported by CompCert and requires the use of alloca(3) for MSVC
Warning 6: in the definition of key, after the definition of key_len, in the last element of the sequence, in top-level declaration Hacl.Test.HMAC.SHA2_256.test_7, in file Hacl_Test_HMAC_SHA2_256: stack newbuf 0xaauint8 @0 is a non-constant size, stack-allocated array; this is not supported by CompCert and requires the use of alloca(3) for MSVC
Warning 13: : Prims.nat, a monomorphic instance, is first used, and therefore inserted, in file Prims which is about to be dropped; you may get a C compiler error about Prims_nat if any other module uses this definition
Warning 13: : C.exit_code, a monomorphic instance, is first used, and therefore inserted, in file C which is about to be dropped; you may get a C compiler error about C_exit_code if any other module uses this definition
Warning 13: : FStar.Monotonic.HyperStack.mem, a monomorphic instance, is first used, and therefore inserted, in file FStar which is about to be dropped; you may get a C compiler error about FStar_Monotonic_HyperStack_mem if any other module uses this definition
Warning 13: : FStar.UInt128.t, a monomorphic instance, is first used, and therefore inserted, in file FStar which is about to be dropped; you may get a C compiler error about FStar_UInt128_t if any other module uses this definition
Warning 10: : -drop is deprecated
use a combination of -bundle and -d reachability to make sure the functions are eliminated as you wish
Warning 2: in the definition of l0, in the definition of encodedlen, in top-level declaration Hacl.Impl.SHA2_384.pad, in file Hacl_HMAC_SHA2_384: Reference to FStar.UInt128.mul_wide has no corresponding implementation; please provide a C implementation
Warning 13: : Prims.nat, a monomorphic instance, is first used, and therefore inserted, in file Prims which is about to be dropped; you may get a C compiler error about Prims_nat if any other module uses this definition
Warning 13: : FStar.Monotonic.HyperStack.mem, a monomorphic instance, is first used, and therefore inserted, in file FStar which is about to be dropped; you may get a C compiler error about FStar_Monotonic_HyperStack_mem if any other module uses this definition
Warning 13: : FStar.UInt128.t, a monomorphic instance, is first used, and therefore inserted, in file FStar which is about to be dropped; you may get a C compiler error about FStar_UInt128_t if any other module uses this definition
Warning 13: : Hacl.UInt128.t, a monomorphic instance, is first used, and therefore inserted, in file Hacl_UInt128 which is about to be dropped; you may get a C compiler error about Hacl_UInt128_t if any other module uses this definition
Warning 10: : -drop is deprecated
use a combination of -bundle and -d reachability to make sure the functions are eliminated as you wish
Warning 10: : -drop is deprecated
use a combination of -bundle and -d reachability to make sure the functions are eliminated as you wish
Warning 13: : Prims.nat, a monomorphic instance, is first used, and therefore inserted, in file Prims which is about to be dropped; you may get a C compiler error about Prims_nat if any other module uses this definition
Warning 13: : C.exit_code, a monomorphic instance, is first used, and therefore inserted, in file C which is about to be dropped; you may get a C compiler error about C_exit_code if any other module uses this definition
Warning 13: : Hacl.UInt32x4.u32, a monomorphic instance, is first used, and therefore inserted, in file Hacl_UInt32x4 which is about to be dropped; you may get a C compiler error about Hacl_UInt32x4_u32 if any other module uses this definition
Warning 13: : Hacl.UInt32x4.h32, a monomorphic instance, is first used, and therefore inserted, in file Hacl_UInt32x4 which is about to be dropped; you may get a C compiler error about Hacl_UInt32x4_h32 if any other module uses this definition
Warning 13: : Hacl.UInt32x4.uint8_p, a monomorphic instance, is first used, and therefore inserted, in file Hacl_UInt32x4 which is about to be dropped; you may get a C compiler error about Hacl_UInt32x4_uint8_p if any other module uses this definition
Warning 13: : FStar.Monotonic.HyperStack.mem, a monomorphic instance, is first used, and therefore inserted, in file FStar which is about to be dropped; you may get a C compiler error about FStar_Monotonic_HyperStack_mem if any other module uses this definition
Warning 13: : FStar.UInt128.t, a monomorphic instance, is first used, and therefore inserted, in file FStar which is about to be dropped; you may get a C compiler error about FStar_UInt128_t if any other module uses this definition
Warning 10: : -drop is deprecated
use a combination of -bundle and -d reachability to make sure the functions are eliminated as you wish
Warning 10: : -drop is deprecated
use a combination of -bundle and -d reachability to make sure the functions are eliminated as you wish
Warning 6: in the definition of mac, after the definition of macsize, in the last element of the sequence, in top-level declaration Hacl.Test.Poly1305_32.main, in file Hacl_Test_Poly1305_32: stack newbuf 0uint8 @0 is a non-constant size, stack-allocated array; this is not supported by CompCert and requires the use of alloca(3) for MSVC
Warning 13: : Prims.nat, a monomorphic instance, is first used, and therefore inserted, in file Prims which is about to be dropped; you may get a C compiler error about Prims_nat if any other module uses this definition
Warning 13: : C.exit_code, a monomorphic instance, is first used, and therefore inserted, in file C which is about to be dropped; you may get a C compiler error about C_exit_code if any other module uses this definition
Warning 13: : FStar.Monotonic.HyperStack.mem, a monomorphic instance, is first used, and therefore inserted, in file FStar which is about to be dropped; you may get a C compiler error about FStar_Monotonic_HyperStack_mem if any other module uses this definition
Warning 13: : FStar.UInt128.t, a monomorphic instance, is first used, and therefore inserted, in file FStar which is about to be dropped; you may get a C compiler error about FStar_UInt128_t if any other module uses this definition
Warning 13: : Hacl.UInt128.t, a monomorphic instance, is first used, and therefore inserted, in file Hacl_UInt128 which is about to be dropped; you may get a C compiler error about Hacl_UInt128_t if any other module uses this definition
Warning 10: : -drop is deprecated
use a combination of -bundle and -d reachability to make sure the functions are eliminated as you wish
Warning 10: : -drop is deprecated
use a combination of -bundle and -d reachability to make sure the functions are eliminated as you wish
Warning 2: after the definition of yi, in the definition of f', in the last element of the sequence, after the definition of h0, in top-level declaration Hacl.Bignum.Fproduct.sum_scalar_multiplication_, in file AEAD_Poly1305_64: Reference to FStar.UInt128.mul_wide has no corresponding implementation; please provide a C implementation
Warning 13: : Prims.nat, a monomorphic instance, is first used, and therefore inserted, in file Prims which is about to be dropped; you may get a C compiler error about Prims_nat if any other module uses this definition
Warning 13: : FStar.Monotonic.HyperStack.mem, a monomorphic instance, is first used, and therefore inserted, in file FStar which is about to be dropped; you may get a C compiler error about FStar_Monotonic_HyperStack_mem if any other module uses this definition
Warning 13: : FStar.UInt128.t, a monomorphic instance, is first used, and therefore inserted, in file FStar which is about to be dropped; you may get a C compiler error about FStar_UInt128_t if any other module uses this definition
Warning 13: : Hacl.UInt128.t, a monomorphic instance, is first used, and therefore inserted, in file Hacl_UInt128 which is about to be dropped; you may get a C compiler error about Hacl_UInt128_t if any other module uses this definition
Warning 10: : -drop is deprecated
use a combination of -bundle and -d reachability to make sure the functions are eliminated as you wish
Warning 2: after the definition of yi, in the definition of f', in the last element of the sequence, after the definition of h0, in top-level declaration Hacl.Bignum.Fproduct.sum_scalar_multiplication_, in file Hacl_Poly1305_64: Reference to FStar.UInt128.mul_wide has no corresponding implementation; please provide a C implementation
Warning 13: : Prims.nat, a monomorphic instance, is first used, and therefore inserted, in file Prims which is about to be dropped; you may get a C compiler error about Prims_nat if any other module uses this definition
Warning 13: : C.exit_code, a monomorphic instance, is first used, and therefore inserted, in file C which is about to be dropped; you may get a C compiler error about C_exit_code if any other module uses this definition
Warning 13: : FStar.Monotonic.HyperStack.mem, a monomorphic instance, is first used, and therefore inserted, in file FStar which is about to be dropped; you may get a C compiler error about FStar_Monotonic_HyperStack_mem if any other module uses this definition
Warning 13: : FStar.UInt128.t, a monomorphic instance, is first used, and therefore inserted, in file FStar which is about to be dropped; you may get a C compiler error about FStar_UInt128_t if any other module uses this definition
Warning 13: : Hacl.UInt128.t, a monomorphic instance, is first used, and therefore inserted, in file Hacl_UInt128 which is about to be dropped; you may get a C compiler error about Hacl_UInt128_t if any other module uses this definition
Warning 10: : -drop is deprecated
use a combination of -bundle and -d reachability to make sure the functions are eliminated as you wish
Warning 10: : -drop is deprecated
use a combination of -bundle and -d reachability to make sure the functions are eliminated as you wish
Warning 2: in the definition of b0', after the definition of b4', in top-level declaration Hacl.Bignum.Modulo.carry_top_wide, in file Hacl_Curve25519: Reference to FStar.UInt128.mul_wide has no corresponding implementation; please provide a C implementation
Warning 2: after the definition of yi, in the definition of f', in the last element of the sequence, after the definition of h0, in top-level declaration Hacl.Bignum.Fproduct.sum_scalar_multiplication_, in file Hacl_Curve25519: Reference to FStar.UInt128.mul_wide has no corresponding implementation; please provide a C implementation
Warning 2: after the definition of xi, in the definition of f', in the last element of the sequence, after the definition of h0, in top-level declaration Hacl.Bignum.Fscalar.fscalar, in file Hacl_Curve25519: Reference to FStar.UInt128.mul_wide has no corresponding implementation; please provide a C implementation
Warning 2: in the definition of s0, after the definition of d4, in top-level declaration Hacl.Bignum.Fsquare.fsquare__, in file Hacl_Curve25519: Reference to FStar.UInt128.mul_wide has no corresponding implementation; please provide a C implementation
Warning 2: in the definition of s0, after the definition of d4, in top-level declaration Hacl.Bignum.Fsquare.fsquare__, in file Hacl_Curve25519: Reference to FStar.UInt128.mul_wide has no corresponding implementation; please provide a C implementation
Warning 2: in the definition of s0, after the definition of d4, in top-level declaration Hacl.Bignum.Fsquare.fsquare__, in file Hacl_Curve25519: Reference to FStar.UInt128.mul_wide has no corresponding implementation; please provide a C implementation
Warning 2: in the definition of s1, after the definition of s0, in top-level declaration Hacl.Bignum.Fsquare.fsquare__, in file Hacl_Curve25519: Reference to FStar.UInt128.mul_wide has no corresponding implementation; please provide a C implementation
Warning 2: in the definition of s1, after the definition of s0, in top-level declaration Hacl.Bignum.Fsquare.fsquare__, in file Hacl_Curve25519: Reference to FStar.UInt128.mul_wide has no corresponding implementation; please provide a C implementation
Warning 2: in the definition of s1, after the definition of s0, in top-level declaration Hacl.Bignum.Fsquare.fsquare__, in file Hacl_Curve25519: Reference to FStar.UInt128.mul_wide has no corresponding implementation; please provide a C implementation
Warning 2: in the definition of s2, after the definition of s1, in top-level declaration Hacl.Bignum.Fsquare.fsquare__, in file Hacl_Curve25519: Reference to FStar.UInt128.mul_wide has no corresponding implementation; please provide a C implementation
Warning 2: in the definition of s2, after the definition of s1, in top-level declaration Hacl.Bignum.Fsquare.fsquare__, in file Hacl_Curve25519: Reference to FStar.UInt128.mul_wide has no corresponding implementation; please provide a C implementation
Warning 2: in the definition of s2, after the definition of s1, in top-level declaration Hacl.Bignum.Fsquare.fsquare__, in file Hacl_Curve25519: Reference to FStar.UInt128.mul_wide has no corresponding implementation; please provide a C implementation
Warning 2: in the definition of s3, after the definition of s2, in top-level declaration Hacl.Bignum.Fsquare.fsquare__, in file Hacl_Curve25519: Reference to FStar.UInt128.mul_wide has no corresponding implementation; please provide a C implementation
Warning 2: in the definition of s3, after the definition of s2, in top-level declaration Hacl.Bignum.Fsquare.fsquare__, in file Hacl_Curve25519: Reference to FStar.UInt128.mul_wide has no corresponding implementation; please provide a C implementation
Warning 2: in the definition of s3, after the definition of s2, in top-level declaration Hacl.Bignum.Fsquare.fsquare__, in file Hacl_Curve25519: Reference to FStar.UInt128.mul_wide has no corresponding implementation; please provide a C implementation
Warning 2: in the definition of s4, after the definition of s3, in top-level declaration Hacl.Bignum.Fsquare.fsquare__, in file Hacl_Curve25519: Reference to FStar.UInt128.mul_wide has no corresponding implementation; please provide a C implementation
Warning 2: in the definition of s4, after the definition of s3, in top-level declaration Hacl.Bignum.Fsquare.fsquare__, in file Hacl_Curve25519: Reference to FStar.UInt128.mul_wide has no corresponding implementation; please provide a C implementation
Warning 2: in the definition of s4, after the definition of s3, in top-level declaration Hacl.Bignum.Fsquare.fsquare__, in file Hacl_Curve25519: Reference to FStar.UInt128.mul_wide has no corresponding implementation; please provide a C implementation
Warning 13: : Prims.nat, a monomorphic instance, is first used, and therefore inserted, in file Prims which is about to be dropped; you may get a C compiler error about Prims_nat if any other module uses this definition
Warning 13: : C.exit_code, a monomorphic instance, is first used, and therefore inserted, in file C which is about to be dropped; you may get a C compiler error about C_exit_code if any other module uses this definition
Warning 13: : FStar.Monotonic.HyperStack.mem, a monomorphic instance, is first used, and therefore inserted, in file FStar which is about to be dropped; you may get a C compiler error about FStar_Monotonic_HyperStack_mem if any other module uses this definition
Warning 13: : FStar.UInt128.t, a monomorphic instance, is first used, and therefore inserted, in file FStar which is about to be dropped; you may get a C compiler error about FStar_UInt128_t if any other module uses this definition
Warning 13: : Hacl.UInt128.t, a monomorphic instance, is first used, and therefore inserted, in file Hacl_UInt128 which is about to be dropped; you may get a C compiler error about Hacl_UInt128_t if any other module uses this definition
Warning 7: : After inlining, Hacl.Test.X25519.main (going into Hacl_Test_X25519) calls Hacl.EC.crypto_scalarmult (going into Hacl_Curve25519) -- removing the static qualifier from Hacl.EC.crypto_scalarmult
Warning 10: : -drop is deprecated
use a combination of -bundle and -d reachability to make sure the functions are eliminated as you wish
Warning 10: : -drop is deprecated
use a combination of -bundle and -d reachability to make sure the functions are eliminated as you wish
Warning 13: : Prims.nat, a monomorphic instance, is first used, and therefore inserted, in file Prims which is about to be dropped; you may get a C compiler error about Prims_nat if any other module uses this definition
Warning 13: : FStar.Monotonic.HyperStack.mem, a monomorphic instance, is first used, and therefore inserted, in file FStar which is about to be dropped; you may get a C compiler error about FStar_Monotonic_HyperStack_mem if any other module uses this definition
Warning 13: : FStar.UInt128.t, a monomorphic instance, is first used, and therefore inserted, in file FStar which is about to be dropped; you may get a C compiler error about FStar_UInt128_t if any other module uses this definition
Warning 10: : -drop is deprecated
use a combination of -bundle and -d reachability to make sure the functions are eliminated as you wish
Warning 6: in the definition of output, after the definition of output_len, in the last element of the sequence, in top-level declaration Hacl.Test.SHA2_256.test_1a, in file Hacl_Test_SHA2_256: stack newbuf 0uint8 @0 is a non-constant size, stack-allocated array; this is not supported by CompCert and requires the use of alloca(3) for MSVC
Warning 6: in the definition of output, after the definition of output_len, in the last element of the sequence, in top-level declaration Hacl.Test.SHA2_256.test_1b, in file Hacl_Test_SHA2_256: stack newbuf 0uint8 @0 is a non-constant size, stack-allocated array; this is not supported by CompCert and requires the use of alloca(3) for MSVC
Warning 6: in the definition of output, after the definition of output_len, in the last element of the sequence, in top-level declaration Hacl.Test.SHA2_256.test_2a, in file Hacl_Test_SHA2_256: stack newbuf 0uint8 @0 is a non-constant size, stack-allocated array; this is not supported by CompCert and requires the use of alloca(3) for MSVC
Warning 6: in the definition of output, after the definition of output_len, in the last element of the sequence, in top-level declaration Hacl.Test.SHA2_256.test_2b, in file Hacl_Test_SHA2_256: stack newbuf 0uint8 @0 is a non-constant size, stack-allocated array; this is not supported by CompCert and requires the use of alloca(3) for MSVC
Warning 6: in the definition of output, after the definition of output_len, in the last element of the sequence, in top-level declaration Hacl.Test.SHA2_256.test_3a, in file Hacl_Test_SHA2_256: stack newbuf 0uint8 @0 is a non-constant size, stack-allocated array; this is not supported by CompCert and requires the use of alloca(3) for MSVC
Warning 6: in the definition of output, after the definition of output_len, in the last element of the sequence, in top-level declaration Hacl.Test.SHA2_256.test_3b, in file Hacl_Test_SHA2_256: stack newbuf 0uint8 @0 is a non-constant size, stack-allocated array; this is not supported by CompCert and requires the use of alloca(3) for MSVC
Warning 6: in the definition of output, after the definition of output_len, in the last element of the sequence, in top-level declaration Hacl.Test.SHA2_256.test_4a, in file Hacl_Test_SHA2_256: stack newbuf 0uint8 @0 is a non-constant size, stack-allocated array; this is not supported by CompCert and requires the use of alloca(3) for MSVC
Warning 6: in the definition of output, after the definition of output_len, in the last element of the sequence, in top-level declaration Hacl.Test.SHA2_256.test_4b, in file Hacl_Test_SHA2_256: stack newbuf 0uint8 @0 is a non-constant size, stack-allocated array; this is not supported by CompCert and requires the use of alloca(3) for MSVC
Warning 6: in the definition of output, after the definition of output_len, in the last element of the sequence, in top-level declaration Hacl.Test.SHA2_256.test_5, in file Hacl_Test_SHA2_256: stack newbuf 0uint8 @0 is a non-constant size, stack-allocated array; this is not supported by CompCert and requires the use of alloca(3) for MSVC
Warning 6: in the definition of plaintext, after the definition of plaintext_len, in the last element of the sequence, in top-level declaration Hacl.Test.SHA2_256.test_5, in file Hacl_Test_SHA2_256: stack newbuf 0x61uint8 @0 is a non-constant size, stack-allocated array; this is not supported by CompCert and requires the use of alloca(3) for MSVC
Warning 6: in the definition of output, after the definition of output_len, in the last element of the sequence, in top-level declaration Hacl.Test.SHA2_256.test_6, in file Hacl_Test_SHA2_256: stack newbuf 0uint8 @0 is a non-constant size, stack-allocated array; this is not supported by CompCert and requires the use of alloca(3) for MSVC
Warning 13: : Prims.nat, a monomorphic instance, is first used, and therefore inserted, in file Prims which is about to be dropped; you may get a C compiler error about Prims_nat if any other module uses this definition
Warning 13: : C.exit_code, a monomorphic instance, is first used, and therefore inserted, in file C which is about to be dropped; you may get a C compiler error about C_exit_code if any other module uses this definition
Warning 13: : FStar.Monotonic.HyperStack.mem, a monomorphic instance, is first used, and therefore inserted, in file FStar which is about to be dropped; you may get a C compiler error about FStar_Monotonic_HyperStack_mem if any other module uses this definition
Warning 13: : FStar.UInt128.t, a monomorphic instance, is first used, and therefore inserted, in file FStar which is about to be dropped; you may get a C compiler error about FStar_UInt128_t if any other module uses this definition
Warning 10: : -drop is deprecated
use a combination of -bundle and -d reachability to make sure the functions are eliminated as you wish
Warning 2: in the definition of l0, in the definition of encodedlen, in top-level declaration Hacl.Impl.SHA2_384.pad, in file Hacl_SHA2_384: Reference to FStar.UInt128.mul_wide has no corresponding implementation; please provide a C implementation
Warning 13: : Prims.nat, a monomorphic instance, is first used, and therefore inserted, in file Prims which is about to be dropped; you may get a C compiler error about Prims_nat if any other module uses this definition
Warning 13: : FStar.Monotonic.HyperStack.mem, a monomorphic instance, is first used, and therefore inserted, in file FStar which is about to be dropped; you may get a C compiler error about FStar_Monotonic_HyperStack_mem if any other module uses this definition
Warning 13: : FStar.UInt128.t, a monomorphic instance, is first used, and therefore inserted, in file FStar which is about to be dropped; you may get a C compiler error about FStar_UInt128_t if any other module uses this definition
Warning 13: : Hacl.UInt128.t, a monomorphic instance, is first used, and therefore inserted, in file Hacl_UInt128 which is about to be dropped; you may get a C compiler error about Hacl_UInt128_t if any other module uses this definition
Warning 10: : -drop is deprecated
use a combination of -bundle and -d reachability to make sure the functions are eliminated as you wish
Warning 2: in the definition of l0, in the definition of encodedlen, in top-level declaration Hacl.Impl.SHA2_384.pad, in file Hacl_SHA2_384: Reference to FStar.UInt128.mul_wide has no corresponding implementation; please provide a C implementation
Warning 6: in the definition of output, after the definition of output_len, in the last element of the sequence, in top-level declaration Hacl.Test.SHA2_384.test_1a, in file Hacl_Test_SHA2_384: stack newbuf 0uint8 @0 is a non-constant size, stack-allocated array; this is not supported by CompCert and requires the use of alloca(3) for MSVC
Warning 6: in the definition of output, after the definition of output_len, in the last element of the sequence, in top-level declaration Hacl.Test.SHA2_384.test_1b, in file Hacl_Test_SHA2_384: stack newbuf 0uint8 @0 is a non-constant size, stack-allocated array; this is not supported by CompCert and requires the use of alloca(3) for MSVC
Warning 6: in the definition of output, after the definition of output_len, in the last element of the sequence, in top-level declaration Hacl.Test.SHA2_384.test_2a, in file Hacl_Test_SHA2_384: stack newbuf 0uint8 @0 is a non-constant size, stack-allocated array; this is not supported by CompCert and requires the use of alloca(3) for MSVC
Warning 6: in the definition of output, after the definition of output_len, in the last element of the sequence, in top-level declaration Hacl.Test.SHA2_384.test_2b, in file Hacl_Test_SHA2_384: stack newbuf 0uint8 @0 is a non-constant size, stack-allocated array; this is not supported by CompCert and requires the use of alloca(3) for MSVC
Warning 6: in the definition of output, after the definition of output_len, in the last element of the sequence, in top-level declaration Hacl.Test.SHA2_384.test_3a, in file Hacl_Test_SHA2_384: stack newbuf 0uint8 @0 is a non-constant size, stack-allocated array; this is not supported by CompCert and requires the use of alloca(3) for MSVC
Warning 6: in the definition of output, after the definition of output_len, in the last element of the sequence, in top-level declaration Hacl.Test.SHA2_384.test_3b, in file Hacl_Test_SHA2_384: stack newbuf 0uint8 @0 is a non-constant size, stack-allocated array; this is not supported by CompCert and requires the use of alloca(3) for MSVC
Warning 6: in the definition of output, after the definition of output_len, in the last element of the sequence, in top-level declaration Hacl.Test.SHA2_384.test_4a, in file Hacl_Test_SHA2_384: stack newbuf 0uint8 @0 is a non-constant size, stack-allocated array; this is not supported by CompCert and requires the use of alloca(3) for MSVC
Warning 6: in the definition of output, after the definition of output_len, in the last element of the sequence, in top-level declaration Hacl.Test.SHA2_384.test_4b, in file Hacl_Test_SHA2_384: stack newbuf 0uint8 @0 is a non-constant size, stack-allocated array; this is not supported by CompCert and requires the use of alloca(3) for MSVC
Warning 6: in the definition of output, after the definition of output_len, in the last element of the sequence, in top-level declaration Hacl.Test.SHA2_384.test_5, in file Hacl_Test_SHA2_384: stack newbuf 0uint8 @0 is a non-constant size, stack-allocated array; this is not supported by CompCert and requires the use of alloca(3) for MSVC
Warning 6: in the definition of plaintext, after the definition of plaintext_len, in the last element of the sequence, in top-level declaration Hacl.Test.SHA2_384.test_5, in file Hacl_Test_SHA2_384: stack newbuf 0x61uint8 @0 is a non-constant size, stack-allocated array; this is not supported by CompCert and requires the use of alloca(3) for MSVC
Warning 6: in the definition of output, after the definition of output_len, in the last element of the sequence, in top-level declaration Hacl.Test.SHA2_384.test_6, in file Hacl_Test_SHA2_384: stack newbuf 0uint8 @0 is a non-constant size, stack-allocated array; this is not supported by CompCert and requires the use of alloca(3) for MSVC
Warning 13: : Prims.nat, a monomorphic instance, is first used, and therefore inserted, in file Prims which is about to be dropped; you may get a C compiler error about Prims_nat if any other module uses this definition
Warning 13: : C.exit_code, a monomorphic instance, is first used, and therefore inserted, in file C which is about to be dropped; you may get a C compiler error about C_exit_code if any other module uses this definition
Warning 13: : FStar.Monotonic.HyperStack.mem, a monomorphic instance, is first used, and therefore inserted, in file FStar which is about to be dropped; you may get a C compiler error about FStar_Monotonic_HyperStack_mem if any other module uses this definition
Warning 13: : FStar.UInt128.t, a monomorphic instance, is first used, and therefore inserted, in file FStar which is about to be dropped; you may get a C compiler error about FStar_UInt128_t if any other module uses this definition
Warning 13: : Hacl.UInt128.t, a monomorphic instance, is first used, and therefore inserted, in file Hacl_UInt128 which is about to be dropped; you may get a C compiler error about Hacl_UInt128_t if any other module uses this definition
Warning 10: : -drop is deprecated
use a combination of -bundle and -d reachability to make sure the functions are eliminated as you wish
Warning 2: in the definition of l0, in the definition of encodedlen, in top-level declaration Hacl.Impl.SHA2_512.pad, in file Hacl_SHA2_512: Reference to FStar.UInt128.mul_wide has no corresponding implementation; please provide a C implementation
Warning 13: : Prims.nat, a monomorphic instance, is first used, and therefore inserted, in file Prims which is about to be dropped; you may get a C compiler error about Prims_nat if any other module uses this definition
Warning 13: : FStar.Monotonic.HyperStack.mem, a monomorphic instance, is first used, and therefore inserted, in file FStar which is about to be dropped; you may get a C compiler error about FStar_Monotonic_HyperStack_mem if any other module uses this definition
Warning 13: : FStar.UInt128.t, a monomorphic instance, is first used, and therefore inserted, in file FStar which is about to be dropped; you may get a C compiler error about FStar_UInt128_t if any other module uses this definition
Warning 13: : Hacl.UInt128.t, a monomorphic instance, is first used, and therefore inserted, in file Hacl_UInt128 which is about to be dropped; you may get a C compiler error about Hacl_UInt128_t if any other module uses this definition
Warning 10: : -drop is deprecated
use a combination of -bundle and -d reachability to make sure the functions are eliminated as you wish
Warning 2: in the definition of l0, in the definition of encodedlen, in top-level declaration Hacl.Impl.SHA2_512.pad, in file Hacl_SHA2_512: Reference to FStar.UInt128.mul_wide has no corresponding implementation; please provide a C implementation
Warning 6: in the definition of output, after the definition of output_len, in the last element of the sequence, in top-level declaration Hacl.Test.SHA2_512.test_1a, in file Hacl_Test_SHA2_512: stack newbuf 0uint8 @0 is a non-constant size, stack-allocated array; this is not supported by CompCert and requires the use of alloca(3) for MSVC
Warning 6: in the definition of output, after the definition of output_len, in the last element of the sequence, in top-level declaration Hacl.Test.SHA2_512.test_1b, in file Hacl_Test_SHA2_512: stack newbuf 0uint8 @0 is a non-constant size, stack-allocated array; this is not supported by CompCert and requires the use of alloca(3) for MSVC
Warning 6: in the definition of output, after the definition of output_len, in the last element of the sequence, in top-level declaration Hacl.Test.SHA2_512.test_2a, in file Hacl_Test_SHA2_512: stack newbuf 0uint8 @0 is a non-constant size, stack-allocated array; this is not supported by CompCert and requires the use of alloca(3) for MSVC
Warning 6: in the definition of output, after the definition of output_len, in the last element of the sequence, in top-level declaration Hacl.Test.SHA2_512.test_2b, in file Hacl_Test_SHA2_512: stack newbuf 0uint8 @0 is a non-constant size, stack-allocated array; this is not supported by CompCert and requires the use of alloca(3) for MSVC
Warning 6: in the definition of output, after the definition of output_len, in the last element of the sequence, in top-level declaration Hacl.Test.SHA2_512.test_3a, in file Hacl_Test_SHA2_512: stack newbuf 0uint8 @0 is a non-constant size, stack-allocated array; this is not supported by CompCert and requires the use of alloca(3) for MSVC
Warning 6: in the definition of output, after the definition of output_len, in the last element of the sequence, in top-level declaration Hacl.Test.SHA2_512.test_3b, in file Hacl_Test_SHA2_512: stack newbuf 0uint8 @0 is a non-constant size, stack-allocated array; this is not supported by CompCert and requires the use of alloca(3) for MSVC
Warning 6: in the definition of output, after the definition of output_len, in the last element of the sequence, in top-level declaration Hacl.Test.SHA2_512.test_4a, in file Hacl_Test_SHA2_512: stack newbuf 0uint8 @0 is a non-constant size, stack-allocated array; this is not supported by CompCert and requires the use of alloca(3) for MSVC
Warning 6: in the definition of output, after the definition of output_len, in the last element of the sequence, in top-level declaration Hacl.Test.SHA2_512.test_4b, in file Hacl_Test_SHA2_512: stack newbuf 0uint8 @0 is a non-constant size, stack-allocated array; this is not supported by CompCert and requires the use of alloca(3) for MSVC
Warning 6: in the definition of output, after the definition of output_len, in the last element of the sequence, in top-level declaration Hacl.Test.SHA2_512.test_5, in file Hacl_Test_SHA2_512: stack newbuf 0uint8 @0 is a non-constant size, stack-allocated array; this is not supported by CompCert and requires the use of alloca(3) for MSVC
Warning 6: in the definition of plaintext, after the definition of plaintext_len, in the last element of the sequence, in top-level declaration Hacl.Test.SHA2_512.test_5, in file Hacl_Test_SHA2_512: stack newbuf 0x61uint8 @0 is a non-constant size, stack-allocated array; this is not supported by CompCert and requires the use of alloca(3) for MSVC
Warning 6: in the definition of output, after the definition of output_len, in the last element of the sequence, in top-level declaration Hacl.Test.SHA2_512.test_6, in file Hacl_Test_SHA2_512: stack newbuf 0uint8 @0 is a non-constant size, stack-allocated array; this is not supported by CompCert and requires the use of alloca(3) for MSVC
Warning 13: : Prims.nat, a monomorphic instance, is first used, and therefore inserted, in file Prims which is about to be dropped; you may get a C compiler error about Prims_nat if any other module uses this definition
Warning 13: : C.exit_code, a monomorphic instance, is first used, and therefore inserted, in file C which is about to be dropped; you may get a C compiler error about C_exit_code if any other module uses this definition
Warning 13: : FStar.Monotonic.HyperStack.mem, a monomorphic instance, is first used, and therefore inserted, in file FStar which is about to be dropped; you may get a C compiler error about FStar_Monotonic_HyperStack_mem if any other module uses this definition
Warning 13: : FStar.UInt128.t, a monomorphic instance, is first used, and therefore inserted, in file FStar which is about to be dropped; you may get a C compiler error about FStar_UInt128_t if any other module uses this definition
Warning 13: : Hacl.UInt128.t, a monomorphic instance, is first used, and therefore inserted, in file Hacl_UInt128 which is about to be dropped; you may get a C compiler error about Hacl_UInt128_t if any other module uses this definition
Warning 10: : -drop is deprecated
use a combination of -bundle and -d reachability to make sure the functions are eliminated as you wish
Warning 10: : -drop is deprecated
use a combination of -bundle and -d reachability to make sure the functions are eliminated as you wish
Warning 2: in the definition of b0', after the definition of b4', in top-level declaration Hacl.Bignum.Modulo.carry_top_wide, in file Hacl_Ed25519: Reference to FStar.UInt128.mul_wide has no corresponding implementation; please provide a C implementation
Warning 2: after the definition of yi, in the definition of f', in the last element of the sequence, after the definition of h0, in top-level declaration Hacl.Bignum.Fproduct.sum_scalar_multiplication_, in file Hacl_Ed25519: Reference to FStar.UInt128.mul_wide has no corresponding implementation; please provide a C implementation
Warning 2: in the definition of s0, after the definition of d4, in top-level declaration Hacl.Bignum.Fsquare.fsquare__, in file Hacl_Ed25519: Reference to FStar.UInt128.mul_wide has no corresponding implementation; please provide a C implementation
Warning 2: in the definition of s0, after the definition of d4, in top-level declaration Hacl.Bignum.Fsquare.fsquare__, in file Hacl_Ed25519: Reference to FStar.UInt128.mul_wide has no corresponding implementation; please provide a C implementation
Warning 2: in the definition of s0, after the definition of d4, in top-level declaration Hacl.Bignum.Fsquare.fsquare__, in file Hacl_Ed25519: Reference to FStar.UInt128.mul_wide has no corresponding implementation; please provide a C implementation
Warning 2: in the definition of s1, after the definition of s0, in top-level declaration Hacl.Bignum.Fsquare.fsquare__, in file Hacl_Ed25519: Reference to FStar.UInt128.mul_wide has no corresponding implementation; please provide a C implementation
Warning 2: in the definition of s1, after the definition of s0, in top-level declaration Hacl.Bignum.Fsquare.fsquare__, in file Hacl_Ed25519: Reference to FStar.UInt128.mul_wide has no corresponding implementation; please provide a C implementation
Warning 2: in the definition of s1, after the definition of s0, in top-level declaration Hacl.Bignum.Fsquare.fsquare__, in file Hacl_Ed25519: Reference to FStar.UInt128.mul_wide has no corresponding implementation; please provide a C implementation
Warning 2: in the definition of s2, after the definition of s1, in top-level declaration Hacl.Bignum.Fsquare.fsquare__, in file Hacl_Ed25519: Reference to FStar.UInt128.mul_wide has no corresponding implementation; please provide a C implementation
Warning 2: in the definition of s2, after the definition of s1, in top-level declaration Hacl.Bignum.Fsquare.fsquare__, in file Hacl_Ed25519: Reference to FStar.UInt128.mul_wide has no corresponding implementation; please provide a C implementation
Warning 2: in the definition of s2, after the definition of s1, in top-level declaration Hacl.Bignum.Fsquare.fsquare__, in file Hacl_Ed25519: Reference to FStar.UInt128.mul_wide has no corresponding implementation; please provide a C implementation
Warning 2: in the definition of s3, after the definition of s2, in top-level declaration Hacl.Bignum.Fsquare.fsquare__, in file Hacl_Ed25519: Reference to FStar.UInt128.mul_wide has no corresponding implementation; please provide a C implementation
Warning 2: in the definition of s3, after the definition of s2, in top-level declaration Hacl.Bignum.Fsquare.fsquare__, in file Hacl_Ed25519: Reference to FStar.UInt128.mul_wide has no corresponding implementation; please provide a C implementation
Warning 2: in the definition of s3, after the definition of s2, in top-level declaration Hacl.Bignum.Fsquare.fsquare__, in file Hacl_Ed25519: Reference to FStar.UInt128.mul_wide has no corresponding implementation; please provide a C implementation
Warning 2: in the definition of s4, after the definition of s3, in top-level declaration Hacl.Bignum.Fsquare.fsquare__, in file Hacl_Ed25519: Reference to FStar.UInt128.mul_wide has no corresponding implementation; please provide a C implementation
Warning 2: in the definition of s4, after the definition of s3, in top-level declaration Hacl.Bignum.Fsquare.fsquare__, in file Hacl_Ed25519: Reference to FStar.UInt128.mul_wide has no corresponding implementation; please provide a C implementation
Warning 2: in the definition of s4, after the definition of s3, in top-level declaration Hacl.Bignum.Fsquare.fsquare__, in file Hacl_Ed25519: Reference to FStar.UInt128.mul_wide has no corresponding implementation; please provide a C implementation
Warning 2: in the definition of l0, in the definition of encodedlen, in top-level declaration Hacl.Impl.SHA2_512.pad, in file Hacl_Ed25519: Reference to FStar.UInt128.mul_wide has no corresponding implementation; please provide a C implementation
Warning 2: in the definition of xy00, after the definition of y4, in top-level declaration Hacl.Impl.BignumQ.Mul.low_mul_5, in file Hacl_Ed25519: Reference to FStar.UInt128.mul_wide has no corresponding implementation; please provide a C implementation
Warning 2: in the definition of xy01, after the definition of xy00, in top-level declaration Hacl.Impl.BignumQ.Mul.low_mul_5, in file Hacl_Ed25519: Reference to FStar.UInt128.mul_wide has no corresponding implementation; please provide a C implementation
Warning 2: in the definition of xy02, after the definition of xy01, in top-level declaration Hacl.Impl.BignumQ.Mul.low_mul_5, in file Hacl_Ed25519: Reference to FStar.UInt128.mul_wide has no corresponding implementation; please provide a C implementation
Warning 2: in the definition of xy03, after the definition of xy02, in top-level declaration Hacl.Impl.BignumQ.Mul.low_mul_5, in file Hacl_Ed25519: Reference to FStar.UInt128.mul_wide has no corresponding implementation; please provide a C implementation
Warning 2: in the definition of xy04, after the definition of xy03, in top-level declaration Hacl.Impl.BignumQ.Mul.low_mul_5, in file Hacl_Ed25519: Reference to FStar.UInt128.mul_wide has no corresponding implementation; please provide a C implementation
Warning 2: in the definition of xy10, after the definition of xy04, in top-level declaration Hacl.Impl.BignumQ.Mul.low_mul_5, in file Hacl_Ed25519: Reference to FStar.UInt128.mul_wide has no corresponding implementation; please provide a C implementation
Warning 2: in the definition of xy11, after the definition of xy10, in top-level declaration Hacl.Impl.BignumQ.Mul.low_mul_5, in file Hacl_Ed25519: Reference to FStar.UInt128.mul_wide has no corresponding implementation; please provide a C implementation
Warning 2: in the definition of xy12, after the definition of xy11, in top-level declaration Hacl.Impl.BignumQ.Mul.low_mul_5, in file Hacl_Ed25519: Reference to FStar.UInt128.mul_wide has no corresponding implementation; please provide a C implementation
Warning 2: in the definition of xy13, after the definition of xy12, in top-level declaration Hacl.Impl.BignumQ.Mul.low_mul_5, in file Hacl_Ed25519: Reference to FStar.UInt128.mul_wide has no corresponding implementation; please provide a C implementation
Warning 2: in the definition of xy20, after the definition of xy13, in top-level declaration Hacl.Impl.BignumQ.Mul.low_mul_5, in file Hacl_Ed25519: Reference to FStar.UInt128.mul_wide has no corresponding implementation; please provide a C implementation
Warning 2: in the definition of xy21, after the definition of xy20, in top-level declaration Hacl.Impl.BignumQ.Mul.low_mul_5, in file Hacl_Ed25519: Reference to FStar.UInt128.mul_wide has no corresponding implementation; please provide a C implementation
Warning 2: in the definition of xy22, after the definition of xy21, in top-level declaration Hacl.Impl.BignumQ.Mul.low_mul_5, in file Hacl_Ed25519: Reference to FStar.UInt128.mul_wide has no corresponding implementation; please provide a C implementation
Warning 2: in the definition of xy30, after the definition of xy22, in top-level declaration Hacl.Impl.BignumQ.Mul.low_mul_5, in file Hacl_Ed25519: Reference to FStar.UInt128.mul_wide has no corresponding implementation; please provide a C implementation
Warning 2: in the definition of xy31, after the definition of xy30, in top-level declaration Hacl.Impl.BignumQ.Mul.low_mul_5, in file Hacl_Ed25519: Reference to FStar.UInt128.mul_wide has no corresponding implementation; please provide a C implementation
Warning 2: in the definition of xy40, after the definition of xy31, in top-level declaration Hacl.Impl.BignumQ.Mul.low_mul_5, in file Hacl_Ed25519: Reference to FStar.UInt128.mul_wide has no corresponding implementation; please provide a C implementation
Warning 2: in the definition of xy00, after the definition of y4, in top-level declaration Hacl.Impl.BignumQ.Mul.mul_5, in file Hacl_Ed25519: Reference to FStar.UInt128.mul_wide has no corresponding implementation; please provide a C implementation
Warning 2: in the definition of xy01, after the definition of xy00, in top-level declaration Hacl.Impl.BignumQ.Mul.mul_5, in file Hacl_Ed25519: Reference to FStar.UInt128.mul_wide has no corresponding implementation; please provide a C implementation
Warning 2: in the definition of xy02, after the definition of xy01, in top-level declaration Hacl.Impl.BignumQ.Mul.mul_5, in file Hacl_Ed25519: Reference to FStar.UInt128.mul_wide has no corresponding implementation; please provide a C implementation
Warning 2: in the definition of xy03, after the definition of xy02, in top-level declaration Hacl.Impl.BignumQ.Mul.mul_5, in file Hacl_Ed25519: Reference to FStar.UInt128.mul_wide has no corresponding implementation; please provide a C implementation
Warning 2: in the definition of xy04, after the definition of xy03, in top-level declaration Hacl.Impl.BignumQ.Mul.mul_5, in file Hacl_Ed25519: Reference to FStar.UInt128.mul_wide has no corresponding implementation; please provide a C implementation
Warning 2: in the definition of xy10, after the definition of xy04, in top-level declaration Hacl.Impl.BignumQ.Mul.mul_5, in file Hacl_Ed25519: Reference to FStar.UInt128.mul_wide has no corresponding implementation; please provide a C implementation
Warning 2: in the definition of xy11, after the definition of xy10, in top-level declaration Hacl.Impl.BignumQ.Mul.mul_5, in file Hacl_Ed25519: Reference to FStar.UInt128.mul_wide has no corresponding implementation; please provide a C implementation
Warning 2: in the definition of xy12, after the definition of xy11, in top-level declaration Hacl.Impl.BignumQ.Mul.mul_5, in file Hacl_Ed25519: Reference to FStar.UInt128.mul_wide has no corresponding implementation; please provide a C implementation
Warning 2: in the definition of xy13, after the definition of xy12, in top-level declaration Hacl.Impl.BignumQ.Mul.mul_5, in file Hacl_Ed25519: Reference to FStar.UInt128.mul_wide has no corresponding implementation; please provide a C implementation
Warning 2: in the definition of xy14, after the definition of xy13, in top-level declaration Hacl.Impl.BignumQ.Mul.mul_5, in file Hacl_Ed25519: Reference to FStar.UInt128.mul_wide has no corresponding implementation; please provide a C implementation
Warning 2: in the definition of xy20, after the definition of xy14, in top-level declaration Hacl.Impl.BignumQ.Mul.mul_5, in file Hacl_Ed25519: Reference to FStar.UInt128.mul_wide has no corresponding implementation; please provide a C implementation
Warning 2: in the definition of xy21, after the definition of xy20, in top-level declaration Hacl.Impl.BignumQ.Mul.mul_5, in file Hacl_Ed25519: Reference to FStar.UInt128.mul_wide has no corresponding implementation; please provide a C implementation
Warning 2: in the definition of xy22, after the definition of xy21, in top-level declaration Hacl.Impl.BignumQ.Mul.mul_5, in file Hacl_Ed25519: Reference to FStar.UInt128.mul_wide has no corresponding implementation; please provide a C implementation
Warning 2: in the definition of xy23, after the definition of xy22, in top-level declaration Hacl.Impl.BignumQ.Mul.mul_5, in file Hacl_Ed25519: Reference to FStar.UInt128.mul_wide has no corresponding implementation; please provide a C implementation
Warning 2: in the definition of xy24, after the definition of xy23, in top-level declaration Hacl.Impl.BignumQ.Mul.mul_5, in file Hacl_Ed25519: Reference to FStar.UInt128.mul_wide has no corresponding implementation; please provide a C implementation
Warning 2: in the definition of xy30, after the definition of xy24, in top-level declaration Hacl.Impl.BignumQ.Mul.mul_5, in file Hacl_Ed25519: Reference to FStar.UInt128.mul_wide has no corresponding implementation; please provide a C implementation
Warning 2: in the definition of xy31, after the definition of xy30, in top-level declaration Hacl.Impl.BignumQ.Mul.mul_5, in file Hacl_Ed25519: Reference to FStar.UInt128.mul_wide has no corresponding implementation; please provide a C implementation
Warning 2: in the definition of xy32, after the definition of xy31, in top-level declaration Hacl.Impl.BignumQ.Mul.mul_5, in file Hacl_Ed25519: Reference to FStar.UInt128.mul_wide has no corresponding implementation; please provide a C implementation
Warning 2: in the definition of xy33, after the definition of xy32, in top-level declaration Hacl.Impl.BignumQ.Mul.mul_5, in file Hacl_Ed25519: Reference to FStar.UInt128.mul_wide has no corresponding implementation; please provide a C implementation
Warning 2: in the definition of xy34, after the definition of xy33, in top-level declaration Hacl.Impl.BignumQ.Mul.mul_5, in file Hacl_Ed25519: Reference to FStar.UInt128.mul_wide has no corresponding implementation; please provide a C implementation
Warning 2: in the definition of xy40, after the definition of xy34, in top-level declaration Hacl.Impl.BignumQ.Mul.mul_5, in file Hacl_Ed25519: Reference to FStar.UInt128.mul_wide has no corresponding implementation; please provide a C implementation
Warning 2: in the definition of xy41, after the definition of xy40, in top-level declaration Hacl.Impl.BignumQ.Mul.mul_5, in file Hacl_Ed25519: Reference to FStar.UInt128.mul_wide has no corresponding implementation; please provide a C implementation
Warning 2: in the definition of xy42, after the definition of xy41, in top-level declaration Hacl.Impl.BignumQ.Mul.mul_5, in file Hacl_Ed25519: Reference to FStar.UInt128.mul_wide has no corresponding implementation; please provide a C implementation
Warning 2: in the definition of xy43, after the definition of xy42, in top-level declaration Hacl.Impl.BignumQ.Mul.mul_5, in file Hacl_Ed25519: Reference to FStar.UInt128.mul_wide has no corresponding implementation; please provide a C implementation
Warning 2: in the definition of xy44, after the definition of xy43, in top-level declaration Hacl.Impl.BignumQ.Mul.mul_5, in file Hacl_Ed25519: Reference to FStar.UInt128.mul_wide has no corresponding implementation; please provide a C implementation
Warning 13: : Prims.nat, a monomorphic instance, is first used, and therefore inserted, in file Prims which is about to be dropped; you may get a C compiler error about Prims_nat if any other module uses this definition
Warning 13: : C.exit_code, a monomorphic instance, is first used, and therefore inserted, in file C which is about to be dropped; you may get a C compiler error about C_exit_code if any other module uses this definition
Warning 13: : FStar.Monotonic.HyperStack.mem, a monomorphic instance, is first used, and therefore inserted, in file FStar which is about to be dropped; you may get a C compiler error about FStar_Monotonic_HyperStack_mem if any other module uses this definition
Warning 13: : FStar.UInt128.t, a monomorphic instance, is first used, and therefore inserted, in file FStar which is about to be dropped; you may get a C compiler error about FStar_UInt128_t if any other module uses this definition
Warning 13: : FStar.Endianness.u32, a monomorphic instance, is first used, and therefore inserted, in file FStar which is about to be dropped; you may get a C compiler error about FStar_Endianness_u32 if any other module uses this definition
Warning 13: : Hacl.UInt128.t, a monomorphic instance, is first used, and therefore inserted, in file Hacl_UInt128 which is about to be dropped; you may get a C compiler error about Hacl_UInt128_t if any other module uses this definition
Not extracting type definition FStar.Ghost.erased to KreMLin (assumed type)
Not extracting FStar.Exn.raise to KreMLin (polymorphic assumes are not supported)
Not extracting type definition FStar.Monotonic.Witnessed.get to KreMLin (assumed type)
Not extracting type definition FStar.Monotonic.Witnessed.set to KreMLin (assumed type)
Not extracting FStar.ST.gst_witness to KreMLin (polymorphic assumes are not supported)
Not extracting FStar.ST.gst_recall to KreMLin (polymorphic assumes are not supported)
Not extracting FStar.All.pipe_right to KreMLin (polymorphic assumes are not supported)
Not extracting FStar.All.pipe_left to KreMLin (polymorphic assumes are not supported)
Not extracting FStar.All.exit to KreMLin (polymorphic assumes are not supported)
Not extracting FStar.All.try_with to KreMLin (polymorphic assumes are not supported)
Not extracting exception Failure to KreMLin (exceptions unsupported)
Not extracting FStar.All.failwith to KreMLin (polymorphic assumes are not supported)
(Warning 250) Error while extracting FStar.List.filter_map to KreMLin (Failure("Internal error: name not found filter_map_acc\n"))

(Warning 250) Error while extracting FStar.List.index to KreMLin (Failure("Internal error: name not found index1\n"))

Not extracting FStar.HyperStack.ST.gst_witness to KreMLin (polymorphic assumes are not supported)
Not extracting FStar.HyperStack.ST.gst_recall to KreMLin (polymorphic assumes are not supported)
Not extracting FStar.HyperStack.All.pipe_right to KreMLin (polymorphic assumes are not supported)
Not extracting FStar.HyperStack.All.pipe_left to KreMLin (polymorphic assumes are not supported)
Not extracting FStar.HyperStack.All.failwith to KreMLin (polymorphic assumes are not supported)
Not extracting FStar.HyperStack.All.exit to KreMLin (polymorphic assumes are not supported)
Not extracting FStar.HyperStack.All.try_with to KreMLin (polymorphic assumes are not supported)
Not extracting type definition FStar.Char.char to KreMLin (assumed type)
Not extracting type definition FStar.Bytes.bytes to KreMLin (assumed type)
Not extracting type definition C.channel to KreMLin (assumed type)
Not extracting type definition C.intptr_t to KreMLin (assumed type)
Not extracting type definition C.char to KreMLin (assumed type)
Not extracting type definition C.int to KreMLin (assumed type)
Not extracting type definition C.clock_t to KreMLin (assumed type)
C:/build/agent2/_work/7/s/kremlin/kremlib/C.Nullity.fsti(66,4-66,10): (Warning 252) (Hint-replay failed): assertion failed (see also C:/build/agent2/_work/7/s/kremlin/kremlib/C.Nullity.fsti(66,11-66,47))
Not extracting C.Nullity.is_null to KreMLin (polymorphic assumes are not supported)
Not extracting C.Nullity.null to KreMLin (polymorphic assumes are not supported)
C:/build/agent2/_work/7/s/specs/Spec.Poly1305.Lemmas.fst(20,12-20,26): (Warning 252) (Hint-replay failed): Subtyping check failed; expected type Prims.nat; got type Prims.int (see also prims.fst(408,17-408,23))
C:/build/agent2/_work/7/s/specs/Spec.Poly1305.Lemmas.fst(24,33-24,40): (Warning 252) (Hint-replay failed): Subtyping check failed; expected type Prims.nat; got type Prims.int (see also prims.fst(408,17-408,23))
C:/build/agent2/_work/7/s/specs/Spec.Poly1305.fst(33,8-33,22): (Warning 252) (Hint-replay failed): Subtyping check failed; expected type Prims.nat; got type Prims.int (see also prims.fst(408,17-408,23))
C:/build/agent2/_work/7/s/specs/Spec.Poly1305.fst(52,27-52,48): (Warning 252) (Hint-replay failed): Subtyping check failed; expected type i: Prims.nat{0 <= i /\ i <= FStar.Seq.Base.length txt}; got type z:
Prims.int
{ FStar.Seq.Base.length txt >= 16 ==> (z = 16) /\
FStar.Seq.Base.length txt < 16 ==> (z = FStar.Seq.Base.length txt) } (see also prims.fst(408,17-408,23))
C:/build/agent2/_work/7/s/specs/Spec.Poly1305.fst(57,19-57,33): (Warning 252) (Hint-replay failed): Subtyping check failed; expected type Spec.Poly1305.word_16; got type FStar.Seq.Base.seq FStar.UInt8.t (see also C:/build/agent2/_work/7/s/specs/Spec.Poly1305.fst(26,23-26,36))
C:/build/agent2/_work/7/s/code/lib/kremlin/FStar.Endianness.fst(20,14-20,26): (Warning 252) (Hint-replay failed): Subtyping check failed; expected type Prims.eqtype; got type Type0 (see also prims.fst(27,21-27,28))
C:/build/agent2/_work/7/s/code/hash/interfaces/Hacl.SHA2_512.fsti(86,82-86,104): (Warning 252) (Hint-replay failed): Subtyping check failed; expected type j:
Prims.nat
{ FStar.UInt32.v Hacl.SHA2_512.pos_k_w <= j &&
j <= FStar.Seq.Base.length (FStar.Buffer.as_seq h1 state) }; got type Prims.int
C:/build/agent2/_work/7/s/code/hash/interfaces/Hacl.SHA2_512.fsti(106,89-106,119): (Warning 252) (Hint-replay failed): Subtyping check failed; expected type j:
Prims.nat
{ FStar.UInt32.v Hacl.SHA2_512.pos_whash_w <= j &&
j <= FStar.Seq.Base.length (FStar.Buffer.as_seq h1 state) }; got type Prims.int
C:/build/agent2/_work/7/s/code/hash/interfaces/Hacl.SHA2_512.fsti(131,89-131,119): (Warning 252) (Hint-replay failed): Subtyping check failed; expected type j:
Prims.nat
{ FStar.UInt32.v Hacl.SHA2_512.pos_whash_w <= j &&
j <= FStar.Seq.Base.length (FStar.Buffer.as_seq h1 state) }; got type Prims.int
C:/build/agent2/_work/7/s/code/hash/interfaces/Hacl.SHA2_512.fsti(157,89-157,119): (Warning 252) (Hint-replay failed): Subtyping check failed; expected type j:
Prims.nat
{ FStar.UInt32.v Hacl.SHA2_512.pos_whash_w <= j &&
j <= FStar.Seq.Base.length (FStar.Buffer.as_seq h1 state) }; got type Prims.int
C:/build/agent2/_work/7/s/specs/Spec.SHA512.fsti(19,13-19,24): (Warning 252) (Hint-replay failed): Subtyping check failed; expected type Prims.eqtype; got type Type0 (see also prims.fst(27,21-27,28))
C:/build/agent2/_work/7/s/code/hash/interfaces/Hacl.SHA2_512.fsti(183,40-183,49): (Warning 252) (Hint-replay failed): Subtyping check failed; expected type s: FStar.Seq.Base.seq FStar.UInt8.t {FStar.Seq.Base.length s < Prims.pow2 125}; got type FStar.Seq.Base.seq FStar.UInt8.t (see also C:/build/agent2/_work/7/s/specs/Spec.SHA512.fsti(26,24-26,43))
C:/build/agent2/_work/7/s/code/bignum/Hacl.Spec.Bignum.Bigint.fst(29,64-29,71): (Warning 252) (Hint-replay failed): Subtyping check failed; expected type i: Prims.nat{i < FStar.Buffer.length b}; got type Prims.int (see also FStar.Buffer.fst(71,33-71,45))
C:/build/agent2/_work/7/s/code/bignum/Hacl.Spec.Bignum.Bigint.fst(40,64-40,69): (Warning 252) (Hint-replay failed): Subtyping check failed; expected type i: Prims.nat{i < FStar.Buffer.length b}; got type Prims.int (see also FStar.Buffer.fst(71,33-71,45))
(Warning 252) (Hint-replay failed): could not prove post-condition
C:/build/agent2/_work/7/s/specs/Spec.Lib.fst(83,4-83,27): (Warning 252) (Hint-replay failed): assertion failed (see also C:/build/agent2/_work/7/s/code/lib/kremlin/FStar.Endianness.fst(295,12-295,46))
C:/build/agent2/_work/7/s/specs/Spec.Lib.fst(83,4-83,27): (Warning 252) assertion failed (see also C:/build/agent2/_work/7/s/code/lib/kremlin/FStar.Endianness.fst(295,12-295,46))
C:/build/agent2/_work/7/s/specs/Spec.Lib.fst(83,4-83,27): (Warning 252) assertion failed (see also C:/build/agent2/_work/7/s/code/lib/kremlin/FStar.Endianness.fst(295,12-295,46))
C:/build/agent2/_work/7/s/specs/Spec.Lib.fst(83,4-83,27): (Warning 252) assertion failed (see also C:/build/agent2/_work/7/s/code/lib/kremlin/FStar.Endianness.fst(295,12-295,46))
C:/build/agent2/_work/7/s/specs/Spec.Lib.fst(98,12-98,24): (Warning 252) (Hint-replay failed): Subtyping check failed; expected type Prims.eqtype; got type Type0 (see also prims.fst(27,21-27,28))
C:/build/agent2/_work/7/s/specs/Spec.Lib.fst(112,34-112,40): (Warning 252) (Hint-replay failed): Subtyping check failed; expected type b: Spec.Lib.lbytes (4 * (len - 1)) {%[ len - 1 ] << %[ len ]}; got type FStar.Seq.Base.seq FStar.UInt8.t (see also C:/build/agent2/_work/7/s/specs/Spec.Lib.fst(23,36-23,48))
C:/build/agent2/_work/7/s/specs/Spec.Lib.fst(130,4-130,55): (Warning 252) (Hint-replay failed): Subtyping check failed; expected type Spec.Lib.lbytes (4 * len); got type FStar.Seq.Base.seq FStar.UInt8.t (see also C:/build/agent2/_work/7/s/specs/Spec.Lib.fst(23,36-23,48))
C:/build/agent2/_work/7/s/specs/Spec.Lib.fst(138,34-138,40): (Warning 252) (Hint-replay failed): Subtyping check failed; expected type b: Spec.Lib.lbytes (8 * (len - 1)) {%[ len - 1 ] << %[ len ]}; got type FStar.Seq.Base.seq FStar.UInt8.t (see also C:/build/agent2/_work/7/s/specs/Spec.Lib.fst(23,36-23,48))
C:/build/agent2/_work/7/s/specs/Spec.Lib.fst(147,4-147,55): (Warning 252) (Hint-replay failed): Subtyping check failed; expected type Spec.Lib.lbytes (8 * len); got type FStar.Seq.Base.seq FStar.UInt8.t (see also C:/build/agent2/_work/7/s/specs/Spec.Lib.fst(23,36-23,48))
C:/build/agent2/_work/7/s/specs/Spec.Lib.fst(156,34-156,40): (Warning 252) (Hint-replay failed): Subtyping check failed; expected type b: Spec.Lib.lbytes (4 * (len - 1)) {%[ len - 1 ] << %[ len ]}; got type FStar.Seq.Base.seq FStar.UInt8.t (see also C:/build/agent2/_work/7/s/specs/Spec.Lib.fst(23,36-23,48))
C:/build/agent2/_work/7/s/specs/Spec.Lib.fst(165,4-165,55): (Warning 252) (Hint-replay failed): Subtyping check failed; expected type Spec.Lib.lbytes (4 * len); got type FStar.Seq.Base.seq FStar.UInt8.t (see also C:/build/agent2/_work/7/s/specs/Spec.Lib.fst(23,36-23,48))
C:/build/agent2/_work/7/s/specs/Spec.Lib.fst(173,34-173,40): (Warning 252) (Hint-replay failed): Subtyping check failed; expected type b: Spec.Lib.lbytes (8 * (len - 1)) {%[ len - 1 ] << %[ len ]}; got type FStar.Seq.Base.seq FStar.UInt8.t (see also C:/build/agent2/_work/7/s/specs/Spec.Lib.fst(23,36-23,48))
C:/build/agent2/_work/7/s/specs/Spec.Lib.fst(182,4-182,55): (Warning 252) (Hint-replay failed): Subtyping check failed; expected type Spec.Lib.lbytes (8 * len); got type FStar.Seq.Base.seq FStar.UInt8.t (see also C:/build/agent2/_work/7/s/specs/Spec.Lib.fst(23,36-23,48))
C:/build/agent2/_work/7/s/specs/Spec.Lib.fst(192,62-192,85): (Warning 252) (Hint-replay failed): Subtyping check failed; expected type Spec.Lib.lbytes (4 * (len - 1)); got type FStar.Seq.Base.seq FStar.UInt8.t (see also C:/build/agent2/_work/7/s/specs/Spec.Lib.fst(23,36-23,48))
C:/build/agent2/_work/7/s/specs/Spec.Lib.fst(211,62-211,85): (Warning 252) (Hint-replay failed): Subtyping check failed; expected type Spec.Lib.lbytes (4 * (len - 1)); got type FStar.Seq.Base.seq FStar.UInt8.t (see also C:/build/agent2/_work/7/s/specs/Spec.Lib.fst(23,36-23,48))
C:/build/agent2/_work/7/s/specs/Spec.Lib.fst(230,62-230,85): (Warning 252) (Hint-replay failed): Subtyping check failed; expected type Spec.Lib.lbytes (8 * (len - 1)); got type FStar.Seq.Base.seq FStar.UInt8.t (see also C:/build/agent2/_work/7/s/specs/Spec.Lib.fst(23,36-23,48))
C:/build/agent2/_work/7/s/specs/Spec.Lib.fst(250,4-272,11): (Warning 252) (Hint-replay failed): could not prove post-condition (see also C:/build/agent2/_work/7/s/specs/Spec.Lib.fst(249,12-249,21))
C:/build/agent2/_work/7/s/specs/Spec.Lib.fst(280,4-294,5): (Warning 252) (Hint-replay failed): could not prove post-condition (see also C:/build/agent2/_work/7/s/specs/Spec.Lib.fst(279,12-279,60))
C:/build/agent2/_work/7/s/specs/Spec.Lib.fst(313,10-313,24): (Warning 252) (Hint-replay failed): assertion failed (see also FStar.Seq.Base.fst(214,16-214,37))
C:/build/agent2/_work/7/s/specs/Spec.Lib.fst(340,6-340,20): (Warning 252) (Hint-replay failed): assertion failed (see also FStar.Seq.Base.fst(214,16-214,37))
C:/build/agent2/_work/7/s/specs/Spec.Lib.fst(355,55-355,74): (Warning 252) (Hint-replay failed): Subtyping check failed; expected type Spec.Lib.lbytes (4 * n); got type FStar.Seq.Base.seq FStar.UInt8.t (see also C:/build/agent2/_work/7/s/specs/Spec.Lib.fst(23,36-23,48))
C:/build/agent2/_work/7/s/specs/Spec.Lib.fst(360,34-360,59): (Warning 252) (Hint-replay failed): Subtyping check failed; expected type Spec.Lib.lbytes (4 * 0); got type FStar.Seq.Base.seq FStar.UInt8.t (see also C:/build/agent2/_work/7/s/specs/Spec.Lib.fst(23,36-23,48))
C:/build/agent2/_work/7/s/specs/Spec.Lib.fst(23,23-23,34): (Warning 252) (Hint-replay failed): Subtyping check failed; expected type Prims.eqtype; got type Type0 (see also prims.fst(27,21-27,28))
C:/build/agent2/_work/7/s/specs/Spec.Lib.fst(389,4-389,18): (Warning 252) (Hint-replay failed): assertion failed (see also FStar.Seq.Base.fst(214,16-214,37))
(Warning 252) (Hint-replay failed): could not prove post-condition
(Warning 252) (Hint-replay failed): could not prove post-condition
(Warning 252) (Hint-replay failed): could not prove post-condition
C:/build/agent2/_work/7/s/specs/Spec.CTR.fst(43,36-43,67): (Warning 252) (Hint-replay failed): Subtyping check failed; expected type i: Prims.nat{0 <= i /\ i <= FStar.Seq.Base.length plain}; got type Prims.int (see also prims.fst(408,17-408,23))
C:/build/agent2/_work/7/s/specs/Spec.CTR.fst(70,38-70,71): (Warning 252) (Hint-replay failed): Subtyping check failed; expected type Prims.nat; got type Prims.int (see also prims.fst(408,17-408,23))
C:/build/agent2/_work/7/s/specs/Spec.Curve25519.fst(39,15-39,17): (Warning 252) (Hint-replay failed): Subtyping check failed; expected type n: Prims.nat{n < FStar.Seq.Base.length k}; got type Prims.int (see also FStar.Seq.Base.fst(78,46-78,58))
C:/build/agent2/_work/7/s/specs/Spec.Curve25519.fst(90,32-90,33): (Warning 252) (Hint-replay failed): Subtyping check failed; expected type Spec.Curve25519.scalar; got type FStar.Seq.Base.seq FStar.UInt8.t (see also C:/build/agent2/_work/7/s/specs/Spec.Lib.fst(23,36-23,48))
C:/build/agent2/_work/7/s/specs/Spec.Lib.fst(23,23-23,34): (Warning 252) (Hint-replay failed): Subtyping check failed; expected type Prims.eqtype; got type Type0 (see also prims.fst(27,21-27,28))
C:/build/agent2/_work/7/s/specs/Spec.Chacha20.fst(70,2-73,21): (Warning 252) (Hint-replay failed): Subtyping check failed; expected type Spec.Chacha20.state; got type FStar.Seq.Base.seq FStar.UInt32.t (see also C:/build/agent2/_work/7/s/specs/Spec.Chacha20.fst(27,29-27,42))
C:/build/agent2/_work/7/s/code/curve25519/interfaces/Hacl.Curve25519.fsti(23,50-23,61): (Warning 252) (Hint-replay failed): Subtyping check failed; expected type Spec.Curve25519.scalar; got type FStar.Seq.Base.seq FStar.UInt8.t (see also C:/build/agent2/_work/7/s/specs/Spec.Lib.fst(23,36-23,48))
C:/build/agent2/_work/7/s/code/salsa-family/Hacl.Impl.Xor.Lemmas.fst(29,2-34,39): (Warning 252) (Hint-replay failed): could not prove post-condition (see also C:/build/agent2/_work/7/s/code/salsa-family/Hacl.Impl.Xor.Lemmas.fst(23,4-24,92))
C:/build/agent2/_work/7/s/code/salsa-family/Hacl.Impl.Xor.Lemmas.fst(77,2-77,16): (Warning 252) (Hint-replay failed): assertion failed (see also FStar.Seq.Base.fst(214,16-214,37))
C:/build/agent2/_work/7/s/code/salsa-family/Hacl.Impl.Xor.Lemmas.fst(238,2-238,5): (Warning 252) (Hint-replay failed): assertion failed (see also C:/build/agent2/_work/7/s/code/salsa-family/Hacl.Impl.Xor.Lemmas.fst(238,6-238,66))
C:/build/agent2/_work/7/s/code/salsa-family/Hacl.Impl.Xor.Lemmas.fst(259,2-299,5): (Warning 252) (Hint-replay failed): could not prove post-condition (see also C:/build/agent2/_work/7/s/code/salsa-family/Hacl.Impl.Xor.Lemmas.fst(255,9-256,87))
C:/build/agent2/_work/7/s/code/salsa-family/Hacl.Impl.Xor.Lemmas.fst(307,20-307,33): (Warning 252) (Hint-replay failed): Subtyping check failed; expected type Prims.nat; got type Prims.int (see also prims.fst(408,17-408,23))
C:/build/agent2/_work/7/s/code/salsa-family/Hacl.Lib.LoadStore32.fst(32,49-32,50): (Warning 252) (Hint-replay failed): Subtyping check failed; expected type Spec.Lib.lbytes (4 * FStar.UInt32.v len); got type FStar.Seq.Base.seq FStar.UInt8.t (see also C:/build/agent2/_work/7/s/specs/Spec.Lib.fst(23,36-23,48))
(Warning 252) (Hint-replay failed): could not prove post-condition
(Warning 252) (Hint-replay failed): could not prove post-condition
C:/build/agent2/_work/7/s/code/salsa-family/Hacl.Chacha20.fsti(29,49-29,55): (Warning 252) (Hint-replay failed): Subtyping check failed; expected type Spec.Chacha20.key; got type FStar.Seq.Base.seq FStar.UInt8.t (see also C:/build/agent2/_work/7/s/specs/Spec.Lib.fst(23,36-23,48))
C:/build/agent2/_work/7/s/code/salsa-family/Hacl.Chacha20.fsti(46,44-46,52): (Warning 252) (Hint-replay failed): Subtyping check failed; expected type Spec.CTR.key Spec.Chacha20.chacha20_ctx; got type FStar.Seq.Base.seq FStar.UInt8.t (see also C:/build/agent2/_work/7/s/specs/Spec.Lib.fst(23,36-23,48))
C:/build/agent2/_work/7/s/code/poly1305/Hacl.Spec.Bignum.AddAndMultiply.fst(57,6-57,20): (Warning 252) (Hint-replay failed): assertion failed (see also FStar.Seq.Base.fst(215,87-215,113))
(Warning 252) (Hint-replay failed): could not prove post-condition
(Warning 252) (Hint-replay failed): could not prove post-condition
C:/build/agent2/_work/7/s/code/bignum/Hacl.Bignum.Fmul.fst(132,12-132,18): (Warning 252) (Hint-replay failed): assertion failed (see also FStar.HyperStack.ST.fst(281,52-281,79))
C:/build/agent2/_work/7/s/code/bignum/Hacl.Bignum.Fmul.fst(178,12-178,18): (Warning 252) (Hint-replay failed): assertion failed (see also FStar.HyperStack.ST.fst(281,52-281,79))
C:/build/agent2/_work/7/s/specs/Spec.SHA2_384.fst(168,39-168,49): (Warning 252) (Hint-replay failed): Subtyping check failed; expected type i: Prims.nat{0 <= i /\ i <= FStar.Seq.Base.length blocks}; got type Prims.int (see also FStar.Seq.Properties.fst(80,50-80,63))
C:/build/agent2/_work/7/s/specs/Spec.SHA2_384.fst(182,2-182,8): (Warning 252) (Hint-replay failed): assertion failed (see also C:/build/agent2/_work/7/s/specs/Spec.SHA2_384.fst(182,9-182,30))
C:/build/agent2/_work/7/s/specs/Spec.SHA2_384.fst(192,32-192,52): (Warning 252) (Hint-replay failed): Subtyping check failed; expected type blocks: Spec.SHA2_384.bytes{FStar.Seq.Base.length blocks % Spec.SHA2_384.size_block = 0}; got type FStar.Seq.Base.seq FStar.UInt8.t (see also C:/build/agent2/_work/7/s/specs/Spec.SHA2_384.fst(165,49-165,79))
C:/build/agent2/_work/7/s/specs/Spec.SHA2_384.fst(199,8-199,22): (Warning 252) (Hint-replay failed): assertion failed (see also FStar.Seq.Base.fst(214,16-214,37))
C:/build/agent2/_work/7/s/specs/Spec.SHA2_384.fst(224,62-224,75): (Warning 252) (Hint-replay failed): Subtyping check failed; expected type blocks: Spec.SHA2_384.bytes{FStar.Seq.Base.length blocks % Spec.SHA2_384.size_block = 0}; got type FStar.Seq.Base.seq FStar.UInt8.t (see also C:/build/agent2/_work/7/s/specs/Spec.SHA2_384.fst(165,49-165,79))
C:/build/agent2/_work/7/s/specs/Spec.SHA2_384.fst(242,2-242,34): (Warning 252) (Hint-replay failed): Subtyping check failed; expected type b: Spec.SHA2_384.bytes{(FStar.Seq.Base.length b + len) % Spec.SHA2_384.size_block = 0}; got type FStar.Seq.Base.seq FStar.UInt8.t (see also C:/build/agent2/_work/7/s/specs/Spec.SHA2_384.fst(237,106-237,139))
C:/build/agent2/_work/7/s/specs/Spec.SHA2_384.fst(247,20-247,37): (Warning 252) (Hint-replay failed): Subtyping check failed; expected type blocks: Spec.SHA2_384.bytes{FStar.Seq.Base.length blocks % Spec.SHA2_384.size_block = 0}; got type FStar.Seq.Base.seq FStar.UInt8.t (see also C:/build/agent2/_work/7/s/specs/Spec.SHA2_384.fst(165,49-165,79))
C:/build/agent2/_work/7/s/specs/Spec.SHA2_384.fst(257,31-257,47): (Warning 252) (Hint-replay failed): Subtyping check failed; expected type i: Prims.nat{0 <= i /\ i <= FStar.Seq.Base.length input}; got type Prims.int (see also prims.fst(408,17-408,23))
C:/build/agent2/_work/7/s/specs/Spec.SHA2_384.fst(265,27-265,45): (Warning 252) (Hint-replay failed): Subtyping check failed; expected type blocks: Spec.SHA2_384.bytes{FStar.Seq.Base.length blocks % Spec.SHA2_384.size_block = 0}; got type FStar.Seq.Base.seq FStar.UInt8.t (see also C:/build/agent2/_work/7/s/specs/Spec.SHA2_384.fst(165,49-165,79))
C:/build/agent2/_work/7/s/specs/Spec.SHA2_384.fst(51,15-51,26): (Warning 252) (Hint-replay failed): Subtyping check failed; expected type Prims.eqtype; got type Type0 (see also prims.fst(27,21-27,28))
C:/build/agent2/_work/7/s/specs/Spec.Chacha20Poly1305.fst(33,44-33,50): (Warning 252) (Hint-replay failed): Subtyping check failed; expected type Spec.Poly1305.key; got type FStar.Seq.Base.seq FStar.UInt8.t (see also C:/build/agent2/_work/7/s/code/lib/kremlin/FStar.Endianness.fst(22,35-22,52))
C:/build/agent2/_work/7/s/specs/Spec.Chacha20Poly1305.fst(50,7-50,11): (Warning 252) (Hint-replay failed): Subtyping check failed; expected type Prims.eqtype; got type Type0 (see also prims.fst(27,21-27,28))
C:/build/agent2/_work/7/s/specs/Spec.Chacha20Poly1305.fst(113,16-113,25): (Warning 252) (Hint-replay failed): Subtyping check failed; expected type Spec.Chacha20Poly1305.bytes; got type FStar.Seq.Base.seq FStar.UInt8.t (see also C:/build/agent2/_work/7/s/specs/Spec.Chacha20Poly1305.fst(19,27-19,45))
(Warning 252) (Hint-replay failed): could not prove post-condition
C:/build/agent2/_work/7/s/code/api/interfaces/Hacl.Chacha20Poly1305.fsti(73,58-73,59): (Warning 252) (Hint-replay failed): Subtyping check failed; expected type Spec.Chacha20Poly1305.key; got type FStar.Seq.Base.seq FStar.UInt8.t (see also C:/build/agent2/_work/7/s/specs/Spec.Lib.fst(23,36-23,48))
C:/build/agent2/_work/7/s/code/api/interfaces/Hacl.Chacha20Poly1305.fsti(97,52-97,53): (Warning 252) (Hint-replay failed): Subtyping check failed; expected type Spec.Chacha20Poly1305.key; got type FStar.Seq.Base.seq FStar.UInt8.t (see also C:/build/agent2/_work/7/s/specs/Spec.Lib.fst(23,36-23,48))
C:/build/agent2/_work/7/s/code/poly1305/AEAD.Poly1305_64.fsti(63,54-63,55): (Warning 252) (Hint-replay failed): Subtyping check failed; expected type Spec.Chacha20Poly1305.bytes; got type FStar.Seq.Base.seq FStar.UInt8.t (see also C:/build/agent2/_work/7/s/specs/Spec.Chacha20Poly1305.fst(19,27-19,45))
C:/build/agent2/_work/7/s/code/poly1305/AEAD.Poly1305_64.fsti(89,67-89,68): (Warning 252) (Hint-replay failed): Subtyping check failed; expected type Spec.Chacha20Poly1305.bytes; got type FStar.Seq.Base.seq FStar.UInt8.t (see also C:/build/agent2/_work/7/s/specs/Spec.Chacha20Poly1305.fst(19,27-19,45))
C:/build/agent2/_work/7/s/code/poly1305/AEAD.Poly1305_64.fsti(116,44-116,45): (Warning 252) (Hint-replay failed): Subtyping check failed; expected type Spec.Poly1305.word; got type FStar.Seq.Base.seq FStar.UInt8.t (see also C:/build/agent2/_work/7/s/specs/Spec.Poly1305.fst(25,20-25,34))
C:/build/agent2/_work/7/s/specs/Spec.SHA2_256.fst(159,39-159,49): (Warning 252) (Hint-replay failed): Subtyping check failed; expected type i: Prims.nat{0 <= i /\ i <= FStar.Seq.Base.length blocks}; got type Prims.int (see also FStar.Seq.Properties.fst(80,50-80,63))
C:/build/agent2/_work/7/s/specs/Spec.SHA2_256.fst(173,2-173,34): (Warning 252) (Hint-replay failed): Subtyping check failed; expected type b: Spec.SHA2_256.bytes{(FStar.Seq.Base.length b + len) % Spec.SHA2_256.size_block = 0}; got type FStar.Seq.Base.seq FStar.UInt8.t (see also C:/build/agent2/_work/7/s/specs/Spec.SHA2_256.fst(168,106-168,139))
C:/build/agent2/_work/7/s/specs/Spec.SHA2_256.fst(178,20-178,37): (Warning 252) (Hint-replay failed): Subtyping check failed; expected type blocks: Spec.SHA2_256.bytes{FStar.Seq.Base.length blocks % Spec.SHA2_256.size_block = 0}; got type FStar.Seq.Base.seq FStar.UInt8.t (see also C:/build/agent2/_work/7/s/specs/Spec.SHA2_256.fst(156,49-156,79))
C:/build/agent2/_work/7/s/specs/Spec.SHA2_256.fst(186,31-186,47): (Warning 252) (Hint-replay failed): Subtyping check failed; expected type i: Prims.nat{0 <= i /\ i <= FStar.Seq.Base.length input}; got type Prims.int (see also prims.fst(408,17-408,23))
C:/build/agent2/_work/7/s/specs/Spec.SHA2_256.fst(194,27-194,44): (Warning 252) (Hint-replay failed): Subtyping check failed; expected type blocks: Spec.SHA2_256.bytes{FStar.Seq.Base.length blocks % Spec.SHA2_256.size_block = 0}; got type FStar.Seq.Base.seq FStar.UInt8.t (see also C:/build/agent2/_work/7/s/specs/Spec.SHA2_256.fst(156,49-156,79))
C:/build/agent2/_work/7/s/specs/Spec.SHA2_256.fst(207,32-207,37): (Warning 252) (Hint-replay failed): Subtyping check failed; expected type block: Spec.SHA2_256.bytes{FStar.Seq.Base.length block = Spec.SHA2_256.size_block}; got type FStar.Seq.Base.seq FStar.UInt8.t (see also C:/build/agent2/_work/7/s/specs/Spec.SHA2_256.fst(150,38-150,63))
C:/build/agent2/_work/7/s/specs/Spec.SHA2_256.fst(220,2-220,8): (Warning 252) (Hint-replay failed): assertion failed (see also C:/build/agent2/_work/7/s/specs/Spec.SHA2_256.fst(220,8-220,42))
C:/build/agent2/_work/7/s/specs/Spec.SHA2_256.fst(229,69-229,86): (Warning 252) (Hint-replay failed): Subtyping check failed; expected type blocks: Spec.SHA2_256.bytes{FStar.Seq.Base.length blocks % Spec.SHA2_256.size_block = 0}; got type FStar.Seq.Base.seq FStar.UInt8.t (see also C:/build/agent2/_work/7/s/specs/Spec.SHA2_256.fst(156,49-156,79))
C:/build/agent2/_work/7/s/specs/Spec.SHA2_256.fst(232,31-232,48): (Warning 252) (Hint-replay failed): Subtyping check failed; expected type blocks:
Spec.SHA2_256.bytes
{ FStar.Seq.Base.length blocks >= Spec.SHA2_256.size_block /\
FStar.Seq.Base.length blocks % Spec.SHA2_256.size_block = 0 }; got type FStar.Seq.Base.seq FStar.UInt8.t (see also C:/build/agent2/_work/7/s/specs/Spec.SHA2_256.fst(205,60-205,91))
C:/build/agent2/_work/7/s/specs/Spec.SHA2_256.fst(247,2-247,8): (Warning 252) (Hint-replay failed): assertion failed (see also C:/build/agent2/_work/7/s/specs/Spec.SHA2_256.fst(247,9-247,30))
C:/build/agent2/_work/7/s/specs/Spec.SHA2_256.fst(257,32-257,52): (Warning 252) (Hint-replay failed): Subtyping check failed; expected type blocks: Spec.SHA2_256.bytes{FStar.Seq.Base.length blocks % Spec.SHA2_256.size_block = 0}; got type FStar.Seq.Base.seq FStar.UInt8.t (see also C:/build/agent2/_work/7/s/specs/Spec.SHA2_256.fst(156,49-156,79))
C:/build/agent2/_work/7/s/specs/Spec.SHA2_256.fst(264,8-264,22): (Warning 252) (Hint-replay failed): assertion failed (see also FStar.Seq.Base.fst(214,16-214,37))
C:/build/agent2/_work/7/s/specs/Spec.SHA2_256.fst(289,62-289,75): (Warning 252) (Hint-replay failed): Subtyping check failed; expected type blocks: Spec.SHA2_256.bytes{FStar.Seq.Base.length blocks % Spec.SHA2_256.size_block = 0}; got type FStar.Seq.Base.seq FStar.UInt8.t (see also C:/build/agent2/_work/7/s/specs/Spec.SHA2_256.fst(156,49-156,79))
C:/build/agent2/_work/7/s/specs/Spec.SHA2_256.fst(298,54-298,70): (Warning 252) (Hint-replay failed): Subtyping check failed; expected type i: Prims.nat{0 <= i /\ i <= FStar.Seq.Base.length msg}; got type Prims.int (see also prims.fst(408,17-408,23))
C:/build/agent2/_work/7/s/specs/Spec.SHA2_256.fst(306,44-306,60): (Warning 252) (Hint-replay failed): Subtyping check failed; expected type i: Prims.nat{0 <= i /\ i <= FStar.Seq.Base.length msg}; got type Prims.int (see also prims.fst(408,17-408,23))
C:/build/agent2/_work/7/s/specs/Spec.SHA2_256.fst(330,33-330,47): (Warning 252) (Hint-replay failed): Subtyping check failed; expected type input: Spec.SHA2_256.bytes{FStar.Seq.Base.length input < Spec.SHA2_256.max_input_len_8}; got type FStar.Seq.Base.seq FStar.UInt8.t (see also C:/build/agent2/_work/7/s/specs/Spec.SHA2_256.fst(184,22-184,56))
C:/build/agent2/_work/7/s/specs/Spec.SHA2_256.fst(336,2-336,16): (Warning 252) (Hint-replay failed): assertion failed (see also FStar.Seq.Base.fst(214,16-214,37))
C:/build/agent2/_work/7/s/specs/Spec.SHA2_256.fst(46,15-46,26): (Warning 252) (Hint-replay failed): Subtyping check failed; expected type Prims.eqtype; got type Type0 (see also prims.fst(27,21-27,28))
C:\build\agent2\_work\7\s\code\salsa-family\Hacl.Chacha20.fsti(29,49-29,55): (Warning 252) (Hint-replay failed): Subtyping check failed; expected type Spec.Chacha20.key; got type FStar.Seq.Base.seq FStar.UInt8.t (see also C:/build/agent2/_work/7/s/specs/Spec.Lib.fst(23,36-23,48))
C:/build/agent2/_work/7/s/code/salsa-family/Hacl.Chacha20.fst(21,11-21,16): (Warning 252) (Hint-replay failed): assertion failed (see also FStar.HyperStack.ST.fst(281,52-281,79))
C:\build\agent2\_work\7\s\code\salsa-family\Hacl.Chacha20.fsti(46,44-46,52): (Warning 252) (Hint-replay failed): Subtyping check failed; expected type Spec.CTR.key Spec.Chacha20.chacha20_ctx; got type FStar.Seq.Base.seq FStar.UInt8.t (see also C:/build/agent2/_work/7/s/specs/Spec.Lib.fst(23,36-23,48))
(Warning 252) (Hint-replay failed): could not prove post-condition
C:/build/agent2/_work/7/s/specs/Spec.SHA2_512.fst(167,39-167,49): (Warning 252) (Hint-replay failed): Subtyping check failed; expected type i: Prims.nat{0 <= i /\ i <= FStar.Seq.Base.length blocks}; got type Prims.int (see also FStar.Seq.Properties.fst(80,50-80,63))
C:/build/agent2/_work/7/s/specs/Spec.SHA2_512.fst(181,2-181,34): (Warning 252) (Hint-replay failed): Subtyping check failed; expected type b: Spec.SHA2_512.bytes{(FStar.Seq.Base.length b + len) % Spec.SHA2_512.size_block = 0}; got type FStar.Seq.Base.seq FStar.UInt8.t (see also C:/build/agent2/_work/7/s/specs/Spec.SHA2_512.fst(176,106-176,139))
C:/build/agent2/_work/7/s/specs/Spec.SHA2_512.fst(186,20-186,37): (Warning 252) (Hint-replay failed): Subtyping check failed; expected type blocks: Spec.SHA2_512.bytes{FStar.Seq.Base.length blocks % Spec.SHA2_512.size_block = 0}; got type FStar.Seq.Base.seq FStar.UInt8.t (see also C:/build/agent2/_work/7/s/specs/Spec.SHA2_512.fst(164,49-164,79))
C:/build/agent2/_work/7/s/specs/Spec.SHA2_512.fst(194,31-194,47): (Warning 252) (Hint-replay failed): Subtyping check failed; expected type i: Prims.nat{0 <= i /\ i <= FStar.Seq.Base.length input}; got type Prims.int (see also prims.fst(408,17-408,23))
C:/build/agent2/_work/7/s/specs/Spec.SHA2_512.fst(202,27-202,45): (Warning 252) (Hint-replay failed): Subtyping check failed; expected type blocks: Spec.SHA2_512.bytes{FStar.Seq.Base.length blocks % Spec.SHA2_512.size_block = 0}; got type FStar.Seq.Base.seq FStar.UInt8.t (see also C:/build/agent2/_work/7/s/specs/Spec.SHA2_512.fst(164,49-164,79))
C:/build/agent2/_work/7/s/specs/Spec.SHA2_512.fst(212,2-212,16): (Warning 252) (Hint-replay failed): assertion failed (see also FStar.Seq.Base.fst(214,16-214,37))
C:/build/agent2/_work/7/s/specs/Spec.SHA2_512.fst(223,32-223,37): (Warning 252) (Hint-replay failed): Subtyping check failed; expected type block: Spec.SHA2_512.bytes{FStar.Seq.Base.length block = Spec.SHA2_512.size_block}; got type FStar.Seq.Base.seq FStar.UInt8.t (see also C:/build/agent2/_work/7/s/specs/Spec.SHA2_512.fst(158,38-158,63))
C:/build/agent2/_work/7/s/specs/Spec.SHA2_512.fst(236,2-236,8): (Warning 252) (Hint-replay failed): assertion failed (see also C:/build/agent2/_work/7/s/specs/Spec.SHA2_512.fst(236,8-236,42))
C:/build/agent2/_work/7/s/specs/Spec.SHA2_512.fst(245,69-245,86): (Warning 252) (Hint-replay failed): Subtyping check failed; expected type blocks: Spec.SHA2_512.bytes{FStar.Seq.Base.length blocks % Spec.SHA2_512.size_block = 0}; got type FStar.Seq.Base.seq FStar.UInt8.t (see also C:/build/agent2/_work/7/s/specs/Spec.SHA2_512.fst(164,49-164,79))
C:/build/agent2/_work/7/s/specs/Spec.SHA2_512.fst(248,31-248,48): (Warning 252) (Hint-replay failed): Subtyping check failed; expected type blocks:
Spec.SHA2_512.bytes
{ FStar.Seq.Base.length blocks >= Spec.SHA2_512.size_block /\
FStar.Seq.Base.length blocks % Spec.SHA2_512.size_block = 0 }; got type FStar.Seq.Base.seq FStar.UInt8.t (see also C:/build/agent2/_work/7/s/specs/Spec.SHA2_512.fst(221,60-221,91))
C:/build/agent2/_work/7/s/specs/Spec.SHA2_512.fst(263,2-263,8): (Warning 252) (Hint-replay failed): assertion failed (see also C:/build/agent2/_work/7/s/specs/Spec.SHA2_512.fst(263,9-263,30))
C:/build/agent2/_work/7/s/specs/Spec.SHA2_512.fst(273,32-273,52): (Warning 252) (Hint-replay failed): Subtyping check failed; expected type blocks: Spec.SHA2_512.bytes{FStar.Seq.Base.length blocks % Spec.SHA2_512.size_block = 0}; got type FStar.Seq.Base.seq FStar.UInt8.t (see also C:/build/agent2/_work/7/s/specs/Spec.SHA2_512.fst(164,49-164,79))
C:/build/agent2/_work/7/s/specs/Spec.SHA2_512.fst(280,8-280,22): (Warning 252) (Hint-replay failed): assertion failed (see also FStar.Seq.Base.fst(214,16-214,37))
C:/build/agent2/_work/7/s/specs/Spec.SHA2_512.fst(305,62-305,75): (Warning 252) (Hint-replay failed): Subtyping check failed; expected type blocks: Spec.SHA2_512.bytes{FStar.Seq.Base.length blocks % Spec.SHA2_512.size_block = 0}; got type FStar.Seq.Base.seq FStar.UInt8.t (see also C:/build/agent2/_work/7/s/specs/Spec.SHA2_512.fst(164,49-164,79))
C:/build/agent2/_work/7/s/specs/Spec.SHA2_512.fst(313,175-313,176): (Warning 252) (Hint-replay failed): Subtyping check failed; expected type Prims.eqtype; got type Type0 (see also prims.fst(27,21-27,28))
C:/build/agent2/_work/7/s/specs/Spec.SHA2_512.fst(317,4-317,24): (Warning 252) (Hint-replay failed): Subtyping check failed; expected type Prims.eqtype; got type Type0 (see also prims.fst(27,21-27,28))
C:/build/agent2/_work/7/s/specs/Spec.SHA2_512.fst(335,48-335,64): (Warning 252) (Hint-replay failed): Subtyping check failed; expected type i: Prims.nat{0 <= i /\ i <= FStar.Seq.Base.length input}; got type Prims.int (see also prims.fst(408,17-408,23))
C:/build/agent2/_work/7/s/specs/Spec.SHA2_512.fst(347,48-347,64): (Warning 252) (Hint-replay failed): Subtyping check failed; expected type i: Prims.nat{0 <= i /\ i <= FStar.Seq.Base.length input}; got type Prims.int (see also prims.fst(408,17-408,23))
C:/build/agent2/_work/7/s/specs/Spec.SHA2_512.fst(354,38-354,54): (Warning 252) (Hint-replay failed): Subtyping check failed; expected type i: Prims.nat{0 <= i /\ i <= FStar.Seq.Base.length input}; got type Prims.int (see also prims.fst(408,17-408,23))
C:/build/agent2/_work/7/s/specs/Spec.SHA2_512.fst(378,54-378,70): (Warning 252) (Hint-replay failed): Subtyping check failed; expected type i: Prims.nat{0 <= i /\ i <= FStar.Seq.Base.length msg}; got type Prims.int (see also prims.fst(408,17-408,23))
C:/build/agent2/_work/7/s/specs/Spec.SHA2_512.fst(386,44-386,60): (Warning 252) (Hint-replay failed): Subtyping check failed; expected type i: Prims.nat{0 <= i /\ i <= FStar.Seq.Base.length msg}; got type Prims.int (see also prims.fst(408,17-408,23))
C:/build/agent2/_work/7/s/specs/Spec.SHA2_512.fst(50,15-50,26): (Warning 252) (Hint-replay failed): Subtyping check failed; expected type Prims.eqtype; got type Type0 (see also prims.fst(27,21-27,28))
C:/build/agent2/_work/7/s/code/poly1305/Hacl.Spe.Poly1305_64.fst(92,43-92,55): (Warning 252) (Hint-replay failed): Subtyping check failed; expected type Prims.nat; got type Prims.int (see also prims.fst(408,17-408,23))
C:/build/agent2/_work/7/s/code/poly1305/Hacl.Spe.Poly1305_64.fst(101,12-101,32): (Warning 252) (Hint-replay failed): Subtyping check failed; expected type Prims.nat; got type Prims.int (see also prims.fst(408,17-408,23))
C:/build/agent2/_work/7/s/code/poly1305/Hacl.Spe.Poly1305_64.fst(173,46-173,48): (Warning 252) (Hint-replay failed): Subtyping check failed; expected type i: Prims.nat{0 <= i /\ i <= FStar.Seq.Base.length (FStar.Seq.Base.append w s)}; got type Prims.int (see also FStar.Seq.Properties.fst(80,50-80,63))
C:/build/agent2/_work/7/s/code/poly1305/Hacl.Spe.Poly1305_64.fst(193,4-193,10): (Warning 252) (Hint-replay failed): assertion failed (see also C:/build/agent2/_work/7/s/code/poly1305/Hacl.Spe.Poly1305_64.fst(193,11-193,23))
C:/build/agent2/_work/7/s/code/poly1305/Hacl.Spe.Poly1305_64.fst(261,27-261,32): (Warning 252) (Hint-replay failed): Subtyping check failed; expected type Spec.Poly1305.word; got type FStar.Seq.Base.seq FStar.UInt8.t (see also C:/build/agent2/_work/7/s/specs/Spec.Poly1305.fst(25,20-25,34))
C:/build/agent2/_work/7/s/code/poly1305/Hacl.Spe.Poly1305_64.fst(274,22-274,43): (Warning 252) (Hint-replay failed): Subtyping check failed; expected type Spec.Poly1305.word; got type FStar.Seq.Base.seq FStar.UInt8.t (see also C:/build/agent2/_work/7/s/specs/Spec.Poly1305.fst(25,20-25,34))
C:/build/agent2/_work/7/s/code/poly1305/Hacl.Spe.Poly1305_64.fst(76,36-76,41): (Warning 252) (Hint-replay failed): Subtyping check failed; expected type Spec.Poly1305.elem; got type Prims.int (see also C:/build/agent2/_work/7/s/specs/Spec.Poly1305.fst(16,28-16,37))
C:/build/agent2/_work/7/s/code/poly1305/Hacl.Spe.Poly1305_64.fst(340,29-340,30): (Warning 252) (Hint-replay failed): Subtyping check failed; expected type i: Prims.nat{0 <= i /\ i <= FStar.Seq.Base.length input}; got type Prims.int (see also prims.fst(408,17-408,23))
C:/build/agent2/_work/7/s/code/poly1305/Hacl.Spe.Poly1305_64.fst(343,44-343,55): (Warning 252) (Hint-replay failed): Subtyping check failed; expected type j: Prims.nat{0 <= j && j <= FStar.Seq.Base.length input}; got type FStar.UInt.uint_t FStar.UInt64.n (see also prims.fst(408,17-408,23))
C:/build/agent2/_work/7/s/code/poly1305/Hacl.Spe.Poly1305_64.fst(351,29-351,30): (Warning 252) (Hint-replay failed): Subtyping check failed; expected type i: Prims.nat{0 <= i /\ i <= FStar.Seq.Base.length input}; got type Prims.int (see also prims.fst(408,17-408,23))
C:/build/agent2/_work/7/s/code/poly1305/Hacl.Spe.Poly1305_64.fst(357,25-357,27): (Warning 252) (Hint-replay failed): Subtyping check failed; expected type i: Prims.nat{0 <= i /\ i <= FStar.Seq.Base.length input}; got type Prims.int (see also prims.fst(408,17-408,23))
C:/build/agent2/_work/7/s/code/poly1305/Hacl.Spe.Poly1305_64.fst(370,29-370,30): (Warning 252) (Hint-replay failed): Subtyping check failed; expected type i: Prims.nat{0 <= i /\ i <= FStar.Seq.Base.length input}; got type Prims.int (see also prims.fst(408,17-408,23))
C:/build/agent2/_work/7/s/code/poly1305/Hacl.Spe.Poly1305_64.fst(387,29-387,30): (Warning 252) (Hint-replay failed): Subtyping check failed; expected type i: Prims.nat{0 <= i /\ i <= FStar.Seq.Base.length input}; got type Prims.int (see also prims.fst(408,17-408,23))
C:/build/agent2/_work/7/s/code/poly1305/Hacl.Spe.Poly1305_64.fst(395,25-395,26): (Warning 252) (Hint-replay failed): Subtyping check failed; expected type i: Prims.nat{0 <= i /\ i <= FStar.Seq.Base.length input}; got type Prims.int (see also prims.fst(408,17-408,23))
C:/build/agent2/_work/7/s/code/poly1305/Hacl.Spe.Poly1305_64.fst(442,79-442,110): (Warning 252) (Hint-replay failed): Subtyping check failed; expected type FStar.UInt.uint_t 128; got type Prims.nat (see also FStar.UInt.fst(52,28-52,36))
C:/build/agent2/_work/7/s/code/poly1305/Hacl.Spe.Poly1305_64.fst(443,4-443,21): (Warning 252) (Hint-replay failed): Subtyping check failed; expected type FStar.UInt.uint_t 128; got type Prims.nat (see also FStar.UInt.fst(52,28-52,36))
C:/build/agent2/_work/7/s/code/poly1305/Hacl.Spe.Poly1305_64.fst(470,12-470,29): (Warning 252) (Hint-replay failed): Subtyping check failed; expected type FStar.UInt.uint_t 128; got type Prims.nat (see also FStar.UInt.fst(52,28-52,36))
C:/build/agent2/_work/7/s/code/poly1305/Hacl.Spec.Poly1305_64.Lemmas1.fst(60,46-60,48): (Warning 252) (Hint-replay failed): Subtyping check failed; expected type i: Prims.nat{0 <= i /\ i <= FStar.Seq.Base.length (FStar.Seq.Base.append w s)}; got type Prims.int (see also FStar.Seq.Properties.fst(80,50-80,63))
C:/build/agent2/_work/7/s/code/poly1305/Hacl.Spec.Poly1305_64.Lemmas1.fst(82,4-82,10): (Warning 252) (Hint-replay failed): assertion failed (see also C:/build/agent2/_work/7/s/code/poly1305/Hacl.Spec.Poly1305_64.Lemmas1.fst(82,11-82,23))
C:/build/agent2/_work/7/s/code/poly1305/Hacl.Spec.Poly1305_64.Lemmas1.fst(107,8-107,22): (Warning 252) (Hint-replay failed): assertion failed (see also FStar.Seq.Base.fst(214,16-214,37))
C:/build/agent2/_work/7/s/code/poly1305/Hacl.Spec.Poly1305_64.Lemmas1.fst(164,26-164,27): (Warning 252) (Hint-replay failed): Subtyping check failed; expected type Spec.Chacha20Poly1305.bytes; got type FStar.Seq.Base.seq FStar.UInt8.t (see also C:/build/agent2/_work/7/s/specs/Spec.Chacha20Poly1305.fst(19,27-19,45))
C:/build/agent2/_work/7/s/code/poly1305/Hacl.Impl.Poly1305_64.fst(75,2-75,5): (Warning 252) (Hint-replay failed): assertion failed (see also C:/build/agent2/_work/7/s/code/poly1305/Hacl.Impl.Poly1305_64.fst(75,6-75,23))
(Warning 252) (Hint-replay failed): could not prove post-condition
C:/build/agent2/_work/7/s/code/poly1305/Hacl.Impl.Poly1305_64.fst(118,36-118,37): (Warning 252) (Hint-replay failed): Subtyping check failed; expected type i: Prims.nat{i < FStar.Seq.Base.length (FStar.Buffer.as_seq h1 b)}; got type Prims.int (see also FStar.Seq.Base.fst(30,49-30,61))
C:/build/agent2/_work/7/s/code/poly1305/Hacl.Impl.Poly1305_64.fst(130,11-130,25): (Warning 252) (Hint-replay failed): assertion failed (see also FStar.Seq.Base.fst(215,87-215,113))
(Warning 252) (Hint-replay failed): could not prove post-condition
C:/build/agent2/_work/7/s/code/poly1305/Hacl.Impl.Poly1305_64.fst(191,2-191,16): (Warning 252) (Hint-replay failed): assertion failed (see also C:/build/agent2/_work/7/s/code/poly1305/Hacl.Impl.Poly1305_64.fst(161,24-161,32))
C:/build/agent2/_work/7/s/code/poly1305/Hacl.Impl.Poly1305_64.fst(209,30-209,57): (Warning 252) (Hint-replay failed): Subtyping check failed; expected type Hacl.Spec.Poly1305_64.State.word'; got type FStar.Seq.Base.seq FStar.UInt8.t (see also C:/build/agent2/_work/7/s/specs/Spec.Poly1305.fst(25,20-25,34))
C:/build/agent2/_work/7/s/code/poly1305/Hacl.Impl.Poly1305_64.fst(240,12-240,18): (Warning 252) (Hint-replay failed): assertion failed (see also FStar.HyperStack.ST.fst(281,52-281,79))
C:/build/agent2/_work/7/s/code/poly1305/Hacl.Impl.Poly1305_64.fst(283,33-283,42): (Warning 252) (Hint-replay failed): Subtyping check failed; expected type j: Prims.nat{0 <= j && j <= FStar.Seq.Base.length (FStar.Buffer.as_seq h0 m)}; got type FStar.UInt.uint_t FStar.UInt32.n
C:/build/agent2/_work/7/s/code/poly1305/Hacl.Impl.Poly1305_64.fst(303,128-303,139): (Warning 252) (Hint-replay failed): Subtyping check failed; expected type n:
Prims.nat
{ n <
FStar.Seq.Base.length (FStar.Seq.Base.append (FStar.Buffer.as_seq h m)
(FStar.Seq.Base.create (16 - FStar.UInt64.v len)
(Hacl.Cast.uint8_to_sint8 (FStar.UInt8.__uint_to_t 0)))) }; got type FStar.UInt.uint_t FStar.UInt64.n (see also FStar.Seq.Base.fst(78,46-78,58))
C:/build/agent2/_work/7/s/code/poly1305/Hacl.Impl.Poly1305_64.fst(320,12-320,18): (Warning 252) (Hint-replay failed): assertion failed (see also FStar.HyperStack.ST.fst(281,52-281,79))
C:/build/agent2/_work/7/s/code/poly1305/Hacl.Impl.Poly1305_64.fst(352,220-352,223): (Warning 252) (Hint-replay failed): Subtyping check failed; expected type rem':
FStar.UInt64.t
{ FStar.UInt64.v rem' = FStar.Seq.Base.length (FStar.Buffer.as_seq h0 m) /\
FStar.UInt64.v rem' < 16 }; got type len: FStar.UInt64.t{FStar.UInt64.v len < 16 /\ FStar.UInt64.v len = FStar.Buffer.length m} (see also C:/build/agent2/_work/7/s/code/poly1305/Hacl.Spec.Poly1305_64.fst(405,13-405,38))
C:/build/agent2/_work/7/s/code/poly1305/Hacl.Impl.Poly1305_64.fst(360,14-360,20): (Warning 252) (Hint-replay failed): assertion failed (see also FStar.HyperStack.ST.fst(281,52-281,79))
(Warning 252) (Hint-replay failed): could not prove post-condition
(Warning 252) (Hint-replay failed): could not prove post-condition
(Warning 252) (Hint-replay failed): could not prove post-condition
(Warning 252) (Hint-replay failed): could not prove post-condition
(Warning 252) (Hint-replay failed): could not prove post-condition
(Warning 252) (Hint-replay failed): could not prove post-condition
C:/build/agent2/_work/7/s/code/poly1305/Hacl.Impl.Poly1305_64.fst(573,2-573,16): (Warning 252) (Hint-replay failed): assertion failed (see also FStar.Buffer.fst(1215,42-1215,60))
(Warning 252) (Hint-replay failed): could not prove post-condition
C:/build/agent2/_work/7/s/code/poly1305/Hacl.Impl.Poly1305_64.fst(638,79-638,195): (Warning 252) (Hint-replay failed): Subtyping check failed; expected type b':
FStar.Endianness.bytes
{ FStar.Seq.Base.length (Hacl.Spec.Endianness.reveal_sbytes (FStar.Buffer.as_seq h1 mac)) =
FStar.Seq.Base.length b' }; got type FStar.Seq.Base.seq FStar.UInt8.t (see also C:/build/agent2/_work/7/s/code/lib/kremlin/FStar.Endianness.fst(294,50-294,70))
C:/build/agent2/_work/7/s/code/hash/interfaces/Hacl.SHA2_384.fsti(94,82-94,104): (Warning 252) (Hint-replay failed): Subtyping check failed; expected type j:
Prims.nat
{ FStar.UInt32.v Hacl.SHA2_384.pos_k_w <= j &&
j <= FStar.Seq.Base.length (FStar.Buffer.as_seq h1 state) }; got type Prims.int
C:/build/agent2/_work/7/s/code/hash/interfaces/Hacl.SHA2_384.fsti(114,89-114,119): (Warning 252) (Hint-replay failed): Subtyping check failed; expected type j:
Prims.nat
{ FStar.UInt32.v Hacl.SHA2_384.pos_whash_w <= j &&
j <= FStar.Seq.Base.length (FStar.Buffer.as_seq h1 state) }; got type Prims.int
C:/build/agent2/_work/7/s/code/hash/interfaces/Hacl.SHA2_384.fsti(139,88-139,118): (Warning 252) (Hint-replay failed): Subtyping check failed; expected type j:
Prims.nat
{ FStar.UInt32.v Hacl.SHA2_384.pos_whash_w <= j &&
j <= FStar.Seq.Base.length (FStar.Buffer.as_seq h1 state) }; got type Prims.int
C:/build/agent2/_work/7/s/code/hash/interfaces/Hacl.SHA2_384.fsti(167,89-167,119): (Warning 252) (Hint-replay failed): Subtyping check failed; expected type j:
Prims.nat
{ FStar.UInt32.v Hacl.SHA2_384.pos_whash_w <= j &&
j <= FStar.Seq.Base.length (FStar.Buffer.as_seq h1 state) }; got type Prims.int
C:/build/agent2/_work/7/s/code/hash/interfaces/Hacl.SHA2_384.fsti(195,40-195,49): (Warning 252) (Hint-replay failed): Subtyping check failed; expected type input: Spec.SHA2_384.bytes{FStar.Seq.Base.length input < Spec.SHA2_384.max_input_len_8}; got type FStar.Seq.Base.seq FStar.UInt8.t (see also C:/build/agent2/_work/7/s/specs/Spec.SHA2_384.fst(255,22-255,56))
C:/build/agent2/_work/7/s/code/poly1305/Hacl.Spe.Poly1305_64.fst(76,36-76,41): (Warning 252) (Hint-replay failed): Subtyping check failed; expected type Spec.Poly1305.elem; got type Prims.int (see also C:/build/agent2/_work/7/s/specs/Spec.Poly1305.fst(16,28-16,37))
C:/build/agent2/_work/7/s/code/poly1305/Hacl.Spe.Poly1305_64.fst(76,36-76,41): (Warning 252) (Hint-replay failed): Subtyping check failed; expected type Spec.Poly1305.elem; got type Prims.int (see also C:/build/agent2/_work/7/s/specs/Spec.Poly1305.fst(16,28-16,37))
C:/build/agent2/_work/7/s/code/poly1305/Hacl.Spe.Poly1305_64.fst(76,36-76,41): (Warning 252) (Hint-replay failed): Subtyping check failed; expected type Spec.Poly1305.elem; got type Prims.int (see also C:/build/agent2/_work/7/s/specs/Spec.Poly1305.fst(16,28-16,37))
(Warning 252) (Hint-replay failed): could not prove post-condition
C:/build/agent2/_work/7/s/code/poly1305/Hacl.Standalone.Poly1305_64.fst(174,31-174,59): (Warning 252) (Hint-replay failed): Subtyping check failed; expected type Hacl.Spec.Poly1305_64.State.elem; got type Prims.nat (see also C:/build/agent2/_work/7/s/code/poly1305/Hacl.Spec.Poly1305_64.State.fst(29,36-29,50))
C:/build/agent2/_work/7/s/code/poly1305/Hacl.Standalone.Poly1305_64.fst(191,2-191,24): (Warning 252) (Hint-replay failed): assertion failed (see also FStar.Buffer.fst(452,5-454,72))
(Warning 252) (Hint-replay failed): could not prove post-condition
C:/build/agent2/_work/7/s/code/poly1305/Hacl.Standalone.Poly1305_64.fst(248,92-248,95): (Warning 252) (Hint-replay failed): Subtyping check failed; expected type len:
FStar.UInt64.t
{ FStar.UInt64.v len < Prims.pow2 32 /\
FStar.UInt64.v len = FStar.Seq.Base.length (FStar.Buffer.as_seq h0 input) }; got type len:
FStar.UInt64.t{FStar.UInt64.v len < Prims.pow2 32 /\ FStar.UInt64.v len = FStar.Buffer.length input} (see also C:/build/agent2/_work/7/s/code/poly1305/Hacl.Spe.Poly1305_64.fst(465,35-465,63))
C:/build/agent2/_work/7/s/code/poly1305/Hacl.Standalone.Poly1305_64.fst(256,12-256,18): (Warning 252) (Hint-replay failed): assertion failed (see also FStar.HyperStack.ST.fst(281,52-281,79))
C:/build/agent2/_work/7/s/code/poly1305/Hacl.Standalone.Poly1305_64.fst(277,102-277,131): (Warning 252) (Hint-replay failed): Subtyping check failed; expected type Spec.Poly1305.key; got type FStar.Seq.Base.seq FStar.UInt8.t (see also C:/build/agent2/_work/7/s/code/lib/kremlin/FStar.Endianness.fst(22,35-22,52))
C:/build/agent2/_work/7/s/code/poly1305/Hacl.Standalone.Poly1305_64.fst(280,35-280,38): (Warning 252) (Hint-replay failed): Subtyping check failed; expected type len:
FStar.UInt64.t{FStar.UInt64.v len < Prims.pow2 32 /\ FStar.UInt64.v len = FStar.Buffer.length input}; got type len: FStar.UInt64.t{FStar.UInt64.v len = FStar.Buffer.length input} (see also C:/build/agent2/_work/7/s/code/poly1305/Hacl.Standalone.Poly1305_64.fst(243,12-243,31))
C:/build/agent2/_work/7/s/code/hash/interfaces/Hacl.SHA2_256.fsti(91,82-91,104): (Warning 252) (Hint-replay failed): Subtyping check failed; expected type j:
Prims.nat
{ FStar.UInt32.v Hacl.SHA2_256.pos_k_w <= j &&
j <= FStar.Seq.Base.length (FStar.Buffer.as_seq h1 state) }; got type Prims.int
C:/build/agent2/_work/7/s/code/hash/interfaces/Hacl.SHA2_256.fsti(111,89-111,119): (Warning 252) (Hint-replay failed): Subtyping check failed; expected type j:
Prims.nat
{ FStar.UInt32.v Hacl.SHA2_256.pos_whash_w <= j &&
j <= FStar.Seq.Base.length (FStar.Buffer.as_seq h1 state) }; got type Prims.int
C:/build/agent2/_work/7/s/code/hash/interfaces/Hacl.SHA2_256.fsti(136,88-136,118): (Warning 252) (Hint-replay failed): Subtyping check failed; expected type j:
Prims.nat
{ FStar.UInt32.v Hacl.SHA2_256.pos_whash_w <= j &&
j <= FStar.Seq.Base.length (FStar.Buffer.as_seq h1 state) }; got type Prims.int
C:/build/agent2/_work/7/s/code/hash/interfaces/Hacl.SHA2_256.fsti(164,89-164,119): (Warning 252) (Hint-replay failed): Subtyping check failed; expected type j:
Prims.nat
{ FStar.UInt32.v Hacl.SHA2_256.pos_whash_w <= j &&
j <= FStar.Seq.Base.length (FStar.Buffer.as_seq h1 state) }; got type Prims.int
C:/build/agent2/_work/7/s/specs/Spec.SHA2_256.fst(46,15-46,26): (Warning 252) (Hint-replay failed): Subtyping check failed; expected type Prims.eqtype; got type Type0 (see also prims.fst(27,21-27,28))
C:/build/agent2/_work/7/s/code/hash/interfaces/Hacl.SHA2_256.fsti(191,40-191,49): (Warning 252) (Hint-replay failed): Subtyping check failed; expected type input: Spec.SHA2_256.bytes{FStar.Seq.Base.length input < Spec.SHA2_256.max_input_len_8}; got type FStar.Seq.Base.seq FStar.UInt8.t (see also C:/build/agent2/_work/7/s/specs/Spec.SHA2_256.fst(184,22-184,56))
(Warning 252) (Hint-replay failed): could not prove post-condition
C:/build/agent2/_work/7/s/code/poly1305/AEAD.Poly1305_64.fst(44,43-44,44): (Warning 252) (Hint-replay failed): Subtyping check failed; expected type Spec.Chacha20Poly1305.bytes; got type FStar.Seq.Base.seq FStar.UInt8.t (see also C:/build/agent2/_work/7/s/specs/Spec.Chacha20Poly1305.fst(19,27-19,45))
(Warning 252) (Hint-replay failed): could not prove post-condition
C:/build/agent2/_work/7/s/code/poly1305/AEAD.Poly1305_64.fst(70,25-70,47): (Warning 252) (Hint-replay failed): assertion failed (see also FStar.Buffer.fst(434,2-434,24))
C:/build/agent2/_work/7/s/code/poly1305/AEAD.Poly1305_64.fst(74,21-74,51): (Warning 252) (Hint-replay failed): Subtyping check failed; expected type FStar.Endianness.lbytes 16; got type FStar.Seq.Base.seq FStar.UInt8.t (see also C:/build/agent2/_work/7/s/code/lib/kremlin/FStar.Endianness.fst(22,35-22,52))
C:/build/agent2/_work/7/s/code/poly1305/AEAD.Poly1305_64.fst(130,32-130,33): (Warning 252) (Hint-replay failed): Subtyping check failed; expected type Spec.Chacha20Poly1305.bytes; got type FStar.Seq.Base.seq FStar.UInt8.t (see also C:/build/agent2/_work/7/s/specs/Spec.Chacha20Poly1305.fst(19,27-19,45))
(Warning 252) (Hint-replay failed): could not prove post-condition
C:/build/agent2/_work/7/s/code/poly1305/AEAD.Poly1305_64.fst(185,65-185,66): (Warning 252) (Hint-replay failed): Subtyping check failed; expected type Spec.Chacha20Poly1305.bytes; got type FStar.Seq.Base.seq FStar.UInt8.t (see also C:/build/agent2/_work/7/s/specs/Spec.Chacha20Poly1305.fst(19,27-19,45))
C:/build/agent2/_work/7/s/code/poly1305/AEAD.Poly1305_64.fst(190,47-190,61): (Warning 252) (Hint-replay failed): Subtyping check failed; expected type j: Prims.nat{0 <= j && j <= FStar.Seq.Base.length (FStar.Buffer.as_seq h b)}; got type FStar.UInt.uint_t FStar.UInt32.n
C:\build\agent2\_work\7\s\code\poly1305\AEAD.Poly1305_64.fsti(63,54-63,55): (Warning 252) (Hint-replay failed): Subtyping check failed; expected type Spec.Chacha20Poly1305.bytes; got type FStar.Seq.Base.seq FStar.UInt8.t (see also C:/build/agent2/_work/7/s/specs/Spec.Chacha20Poly1305.fst(19,27-19,45))
(Warning 252) (Hint-replay failed): could not prove post-condition
C:\build\agent2\_work\7\s\code\poly1305\AEAD.Poly1305_64.fsti(89,67-89,68): (Warning 252) (Hint-replay failed): Subtyping check failed; expected type Spec.Chacha20Poly1305.bytes; got type FStar.Seq.Base.seq FStar.UInt8.t (see also C:/build/agent2/_work/7/s/specs/Spec.Chacha20Poly1305.fst(19,27-19,45))
(Warning 252) (Hint-replay failed): could not prove post-condition
C:/build/agent2/_work/7/s/code/poly1305/AEAD.Poly1305_64.fst(275,29-275,30): (Warning 252) (Hint-replay failed): Subtyping check failed; expected type Spec.Poly1305.word; got type FStar.Seq.Base.seq FStar.UInt8.t (see also C:/build/agent2/_work/7/s/specs/Spec.Poly1305.fst(25,20-25,34))
C:/build/agent2/_work/7/s/code/poly1305/AEAD.Poly1305_64.fst(283,68-283,70): (Warning 252) (Hint-replay failed): Subtyping check failed; expected type j: Prims.nat{0 <= j && j <= FStar.Seq.Base.length (FStar.Buffer.as_seq h input)}; got type Prims.int
C:\build\agent2\_work\7\s\code\poly1305\AEAD.Poly1305_64.fsti(116,44-116,45): (Warning 252) (Hint-replay failed): Subtyping check failed; expected type Spec.Poly1305.word; got type FStar.Seq.Base.seq FStar.UInt8.t (see also C:/build/agent2/_work/7/s/specs/Spec.Poly1305.fst(25,20-25,34))
C:/build/agent2/_work/7/s/code/poly1305/AEAD.Poly1305_64.fst(300,89-300,121): (Warning 252) (Hint-replay failed): Subtyping check failed; expected type Spec.Poly1305.word; got type FStar.Seq.Base.seq FStar.UInt8.t (see also C:/build/agent2/_work/7/s/specs/Spec.Poly1305.fst(25,20-25,34))
C:/build/agent2/_work/7/s/code/api/Hacl.Chacha20Poly1305.fst(48,2-48,26): (Warning 252) (Hint-replay failed): assertion failed (see also FStar.Buffer.fst(442,4-444,81))
C:/build/agent2/_work/7/s/code/api/Hacl.Chacha20Poly1305.fst(61,35-61,49): (Warning 252) (Hint-replay failed): Subtyping check failed; expected type Spec.Poly1305.word_16; got type FStar.Seq.Base.seq FStar.UInt8.t (see also C:/build/agent2/_work/7/s/specs/Spec.Poly1305.fst(26,23-26,36))
C:/build/agent2/_work/7/s/code/api/Hacl.Chacha20Poly1305.fst(71,82-71,112): (Warning 252) (Hint-replay failed): Subtyping check failed; expected type l: Prims.nat{l * 16 = FStar.Seq.Base.length (Spec.Chacha20Poly1305.pad_16 aad)}; got type Prims.int (see also C:/build/agent2/_work/7/s/code/poly1305/Hacl.Spec.Poly1305_64.Lemmas1.fst(99,75-99,93))
C:/build/agent2/_work/7/s/code/api/Hacl.Chacha20Poly1305.fst(98,47-98,50): (Warning 252) (Hint-replay failed): Subtyping check failed; expected type Spec.Chacha20Poly1305.bytes; got type FStar.Seq.Base.seq FStar.UInt8.t (see also C:/build/agent2/_work/7/s/specs/Spec.Chacha20Poly1305.fst(19,27-19,45))
C:/build/agent2/_work/7/s/code/api/Hacl.Chacha20Poly1305.fst(108,19-108,25): (Warning 252) (Hint-replay failed): assertion failed (see also FStar.HyperStack.ST.fst(281,52-281,79))
C:/build/agent2/_work/7/s/code/api/Hacl.Chacha20Poly1305.fst(155,2-155,20): (Warning 252) (Hint-replay failed): assertion failed (see also FStar.Buffer.fst(704,7-704,28))
C:/build/agent2/_work/7/s/code/api/Hacl.Chacha20Poly1305.fst(165,58-165,109): (Warning 252) (Hint-replay failed): Subtyping check failed; expected type b':
FStar.Endianness.bytes
{ FStar.Seq.Base.length (FStar.Endianness.little_bytes (FStar.UInt32.__uint_to_t 8)
(FStar.UInt32.v mlen)) =
FStar.Seq.Base.length b' }; got type FStar.Seq.Base.seq FStar.UInt8.t (see also C:/build/agent2/_work/7/s/code/lib/kremlin/FStar.Endianness.fst(294,50-294,70))
C:/build/agent2/_work/7/s/code/api/Hacl.Chacha20Poly1305.fst(193,58-193,59): (Warning 252) (Hint-replay failed): Subtyping check failed; expected type Spec.Chacha20.key; got type FStar.Seq.Base.seq FStar.UInt8.t (see also C:/build/agent2/_work/7/s/specs/Spec.Lib.fst(23,36-23,48))
C:/build/agent2/_work/7/s/code/api/Hacl.Chacha20Poly1305.fst(203,12-203,18): (Warning 252) (Hint-replay failed): assertion failed (see also FStar.HyperStack.ST.fst(281,52-281,79))
C:\build\agent2\_work\7\s\code\api\interfaces\Hacl.Chacha20Poly1305.fsti(73,58-73,59): (Warning 252) (Hint-replay failed): Subtyping check failed; expected type Spec.Chacha20Poly1305.key; got type FStar.Seq.Base.seq FStar.UInt8.t (see also C:/build/agent2/_work/7/s/specs/Spec.Lib.fst(23,36-23,48))
C:/build/agent2/_work/7/s/code/api/Hacl.Chacha20Poly1305.fst(241,2-242,3): (Warning 252) (Hint-replay failed): could not prove post-condition (see also C:\build\agent2\_work\7\s\code\api\interfaces\Hacl.Chacha20Poly1305.fsti(74,28-74,39))
C:\build\agent2\_work\7\s\code\api\interfaces\Hacl.Chacha20Poly1305.fsti(97,52-97,53): (Warning 252) (Hint-replay failed): Subtyping check failed; expected type Spec.Chacha20Poly1305.key; got type FStar.Seq.Base.seq FStar.UInt8.t (see also C:/build/agent2/_work/7/s/specs/Spec.Lib.fst(23,36-23,48))
C:/build/agent2/_work/7/s/code/api/Hacl.Chacha20Poly1305.fst(266,13-266,19): (Warning 252) (Hint-replay failed): assertion failed (see also FStar.HyperStack.ST.fst(281,52-281,79))
Warning 2: after the definition of yi, in the definition of f', in the last element of the sequence, after the definition of h0, in top-level declaration Hacl.Bignum.Fproduct.sum_scalar_multiplication_, in file Hacl_Chacha20: Reference to FStar.UInt128.mul_wide has no corresponding implementation; please provide a C implementation
Warning 6: in the definition of plaintext', after the definition of iv', in the last element of the sequence, after the definition of i, in top-level declaration EverCrypt.aes128_gcm_encrypt, in file EverCrypt: stack newbuf 0uint8 (*,uint32) (/,uint32) (+,uint32) @5 15uint32 16uint32 16uint32 is a non-constant size, stack-allocated array; this is not supported by CompCert and requires the use of alloca(3) for MSVC
Warning 6: in the definition of cipher', after the definition of plaintext', in the last element of the sequence, after the definition of i, in top-level declaration EverCrypt.aes128_gcm_encrypt, in file EverCrypt: stack newbuf 0uint8 (*,uint32) (/,uint32) (+,uint32) @6 15uint32 16uint32 16uint32 is a non-constant size, stack-allocated array; this is not supported by CompCert and requires the use of alloca(3) for MSVC
Warning 6: in the definition of ad', after the definition of cipher', in the last element of the sequence, after the definition of i, in top-level declaration EverCrypt.aes128_gcm_encrypt, in file EverCrypt: stack newbuf 0uint8 (*,uint32) (/,uint32) (+,uint32) @9 15uint32 16uint32 16uint32 is a non-constant size, stack-allocated array; this is not supported by CompCert and requires the use of alloca(3) for MSVC
Warning 6: in the definition of plaintext', after the definition of iv', in the last element of the sequence, after the definition of i, in top-level declaration EverCrypt.aes128_gcm_decrypt, in file EverCrypt: stack newbuf 0uint8 (*,uint32) (/,uint32) (+,uint32) @5 15uint32 16uint32 16uint32 is a non-constant size, stack-allocated array; this is not supported by CompCert and requires the use of alloca(3) for MSVC
Warning 6: in the definition of cipher', after the definition of plaintext', in the last element of the sequence, after the definition of i, in top-level declaration EverCrypt.aes128_gcm_decrypt, in file EverCrypt: stack newbuf 0uint8 (*,uint32) (/,uint32) (+,uint32) @6 15uint32 16uint32 16uint32 is a non-constant size, stack-allocated array; this is not supported by CompCert and requires the use of alloca(3) for MSVC
Warning 6: in the definition of ad', after the definition of cipher', in the last element of the sequence, after the definition of i, in top-level declaration EverCrypt.aes128_gcm_decrypt, in file EverCrypt: stack newbuf 0uint8 (*,uint32) (/,uint32) (+,uint32) @9 15uint32 16uint32 16uint32 is a non-constant size, stack-allocated array; this is not supported by CompCert and requires the use of alloca(3) for MSVC
Warning 7: : After inlining, AEAD.Poly1305_64.state (going into AEAD_Poly1305_64) calls Hacl.Impl.Poly1305_64.State.poly1305_state (going into Hacl_Chacha20) -- removing the static qualifier from Hacl.Impl.Poly1305_64.State.poly1305_state
Warning 7: : After inlining, AEAD.Poly1305_64.mk_state (going into AEAD_Poly1305_64) calls Hacl.Impl.Poly1305_64.mk_state (going into Hacl_Chacha20) -- removing the static qualifier from Hacl.Impl.Poly1305_64.mk_state
Warning 7: : After inlining, AEAD.Poly1305_64.pad_last (going into AEAD_Poly1305_64) calls Hacl.Impl.Poly1305_64.poly1305_update (going into Hacl_Chacha20) -- removing the static qualifier from Hacl.Impl.Poly1305_64.poly1305_update
Warning 8: : After inlining, AEAD.Poly1305_64.pad_last (going into AEAD_Poly1305_64) calls Hacl.Impl.Poly1305_64.poly1305_update (going into Hacl_Chacha20). This is a call across translation units but Hacl.Impl.Poly1305_64.poly1305_update has a C "inline" qualifier. The C standard allows removing Hacl.Impl.Poly1305_64.poly1305_update from its translation unit (see C11 6.7.3 5), and CompCert will do it. 
Warning 7: : After inlining, AEAD.Poly1305_64.poly1305_blocks_init (going into AEAD_Poly1305_64) calls Hacl.Standalone.Poly1305_64.poly1305_partial (going into Hacl_Chacha20) -- removing the static qualifier from Hacl.Standalone.Poly1305_64.poly1305_partial
Warning 7: : After inlining, AEAD.Poly1305_64.poly1305_blocks_continue (going into AEAD_Poly1305_64) calls Hacl.Standalone.Poly1305_64.poly1305_blocks (going into Hacl_Chacha20) -- removing the static qualifier from Hacl.Standalone.Poly1305_64.poly1305_blocks
Warning 7: : After inlining, AEAD.Poly1305_64.poly1305_blocks_finish (going into AEAD_Poly1305_64) calls Hacl.Impl.Poly1305_64.poly1305_process_last_block (going into Hacl_Chacha20) -- removing the static qualifier from Hacl.Impl.Poly1305_64.poly1305_process_last_block
Warning 8: : After inlining, AEAD.Poly1305_64.poly1305_blocks_finish (going into AEAD_Poly1305_64) calls Hacl.Impl.Poly1305_64.poly1305_process_last_block (going into Hacl_Chacha20). This is a call across translation units but Hacl.Impl.Poly1305_64.poly1305_process_last_block has a C "inline" qualifier. The C standard allows removing Hacl.Impl.Poly1305_64.poly1305_process_last_block from its translation unit (see C11 6.7.3 5), and CompCert will do it. 
Warning 7: : After inlining, AEAD.Poly1305_64.poly1305_blocks_finish (going into AEAD_Poly1305_64) calls Hacl.Impl.Poly1305_64.poly1305_last_pass (going into Hacl_Chacha20) -- removing the static qualifier from Hacl.Impl.Poly1305_64.poly1305_last_pass
evercrypt/c/evercrypt_openssl.c: In function openssl_aead:
evercrypt/c/evercrypt_openssl.c:50:39: error: EVP_CTRL_AEAD_SET_TAG undeclared (first use in this function)
if(!enc && EVP_CIPHER_CTX_ctrl(ctx, EVP_CTRL_AEAD_SET_TAG, 16, tag) <= 0)
^
evercrypt/c/evercrypt_openssl.c:50:39: note: each undeclared identifier is reported only once for each function it appears in
evercrypt/c/evercrypt_openssl.c:58:44: error: EVP_CTRL_AEAD_GET_TAG undeclared (first use in this function)
if (enc && 1 != EVP_CIPHER_CTX_ctrl(ctx, EVP_CTRL_AEAD_GET_TAG, 16, tag))
^
evercrypt/c/evercrypt_openssl.c: In function EverCrypt_OpenSSL_chacha20_poly1305_encrypt:
evercrypt/c/evercrypt_openssl.c:96:24: error: implicit declaration of function EVP_chacha20_poly1305 [-Werror=implicit-function-declaration]
if(1 != openssl_aead(EVP_chacha20_poly1305(), 1, key, iv, aad, aad_len, plaintext, plaintext_len, ciphertext, tag))
^
evercrypt/c/evercrypt_openssl.c:96:24: error: passing argument 1 of openssl_aead makes pointer from integer without a cast [-Werror=int-conversion]
evercrypt/c/evercrypt_openssl.c:20:12: note: expected const EVP_CIPHER * {aka const struct evp_cipher_st *} but argument is of type int
static int openssl_aead(const EVP_CIPHER *alg, int enc,
^
evercrypt/c/evercrypt_openssl.c: In function EverCrypt_OpenSSL_chacha20_poly1305_decrypt:
evercrypt/c/evercrypt_openssl.c:103:23: error: passing argument 1 of openssl_aead makes pointer from integer without a cast [-Werror=int-conversion]
return openssl_aead(EVP_chacha20_poly1305(), 0, key, iv, aad, aad_len, plaintext, plaintext_len, ciphertext, tag);
^
evercrypt/c/evercrypt_openssl.c:20:12: note: expected const EVP_CIPHER * {aka const struct evp_cipher_st *} but argument is of type int
static int openssl_aead(const EVP_CIPHER *alg, int enc,
^
evercrypt/c/evercrypt_openssl.c: At top level:
cc1: error: unrecognized command line option -Wno-infinite-recursion [-Werror]
cc1: all warnings being treated as errors
make[3]: *** [<builtin>: evercrypt/c/evercrypt_openssl.o] Error 1
make[3]: Target 'all_' not remade because of errors.
make[2]: *** [Makefile:44: all] Error 2
make[1]: *** [Makefile:145: providers] Error 2
make: *** [Makefile:153: ci] Error 2
