Cloning into 'fstar'...
Checking out files:  22% (624/2827)   Checking out files:  23% (651/2827)   Checking out files:  24% (679/2827)   Checking out files:  25% (707/2827)   Checking out files:  26% (736/2827)   Checking out files:  27% (764/2827)   Checking out files:  28% (792/2827)   Checking out files:  29% (820/2827)   Checking out files:  30% (849/2827)   Checking out files:  31% (877/2827)   Checking out files:  32% (905/2827)   Checking out files:  33% (933/2827)   Checking out files:  34% (962/2827)   Checking out files:  35% (990/2827)   Checking out files:  36% (1018/2827)   Checking out files:  37% (1046/2827)   Checking out files:  38% (1075/2827)   Checking out files:  39% (1103/2827)   Checking out files:  40% (1131/2827)   Checking out files:  41% (1160/2827)   Checking out files:  42% (1188/2827)   Checking out files:  43% (1216/2827)   Checking out files:  43% (1241/2827)   Checking out files:  44% (1244/2827)   Checking out files:  45% (1273/2827)   Checking out files:  46% (1301/2827)   Checking out files:  47% (1329/2827)   Checking out files:  48% (1357/2827)   Checking out files:  49% (1386/2827)   Checking out files:  50% (1414/2827)   Checking out files:  51% (1442/2827)   Checking out files:  52% (1471/2827)   Checking out files:  53% (1499/2827)   Checking out files:  54% (1527/2827)   Checking out files:  55% (1555/2827)   Checking out files:  56% (1584/2827)   Checking out files:  57% (1612/2827)   Checking out files:  58% (1640/2827)   Checking out files:  59% (1668/2827)   Checking out files:  60% (1697/2827)   Checking out files:  61% (1725/2827)   Checking out files:  62% (1753/2827)   Checking out files:  63% (1782/2827)   Checking out files:  64% (1810/2827)   Checking out files:  65% (1838/2827)   Checking out files:  65% (1844/2827)   Checking out files:  66% (1866/2827)   Checking out files:  67% (1895/2827)   Checking out files:  68% (1923/2827)   Checking out files:  69% (1951/2827)   Checking out files:  70% (1979/2827)   Checking out files:  71% (2008/2827)   Checking out files:  72% (2036/2827)   Checking out files:  73% (2064/2827)   Checking out files:  74% (2092/2827)   Checking out files:  75% (2121/2827)   Checking out files:  76% (2149/2827)   Checking out files:  77% (2177/2827)   Checking out files:  78% (2206/2827)   Checking out files:  79% (2234/2827)   Checking out files:  80% (2262/2827)   Checking out files:  81% (2290/2827)   Checking out files:  82% (2319/2827)   Checking out files:  83% (2347/2827)   Checking out files:  84% (2375/2827)   Checking out files:  85% (2403/2827)   Checking out files:  85% (2418/2827)   Checking out files:  86% (2432/2827)   Checking out files:  87% (2460/2827)   Checking out files:  88% (2488/2827)   Checking out files:  89% (2517/2827)   Checking out files:  90% (2545/2827)   Checking out files:  91% (2573/2827)   Checking out files:  92% (2601/2827)   Checking out files:  93% (2630/2827)   Checking out files:  94% (2658/2827)   Checking out files:  95% (2686/2827)   Checking out files:  96% (2714/2827)   Checking out files:  97% (2743/2827)   Checking out files:  98% (2771/2827)   Checking out files:  99% (2799/2827)   Checking out files: 100% (2827/2827)   Checking out files: 100% (2827/2827), done.
Warning: you are using the standard library and/or the %inline keyword. We
recommend switching on --infer in order to avoid obscure type error messages.
Cloning into 'kremlin'...
Cloning into 'hacl-star'...
Checking out files:   9% (511/5288)   Checking out files:  10% (529/5288)   Checking out files:  11% (582/5288)   Checking out files:  12% (635/5288)   Checking out files:  13% (688/5288)   Checking out files:  14% (741/5288)   Checking out files:  15% (794/5288)   Checking out files:  16% (847/5288)   Checking out files:  17% (899/5288)   Checking out files:  18% (952/5288)   Checking out files:  19% (1005/5288)   Checking out files:  20% (1058/5288)   Checking out files:  20% (1083/5288)   Checking out files:  21% (1111/5288)   Checking out files:  22% (1164/5288)   Checking out files:  23% (1217/5288)   Checking out files:  24% (1270/5288)   Checking out files:  25% (1322/5288)   Checking out files:  26% (1375/5288)   Checking out files:  27% (1428/5288)   Checking out files:  28% (1481/5288)   Checking out files:  29% (1534/5288)   Checking out files:  30% (1587/5288)   Checking out files:  30% (1633/5288)   Checking out files:  31% (1640/5288)   Checking out files:  32% (1693/5288)   Checking out files:  33% (1746/5288)   Checking out files:  34% (1798/5288)   Checking out files:  35% (1851/5288)   Checking out files:  36% (1904/5288)   Checking out files:  37% (1957/5288)   Checking out files:  38% (2010/5288)   Checking out files:  39% (2063/5288)   Checking out files:  40% (2116/5288)   Checking out files:  41% (2169/5288)   Checking out files:  41% (2172/5288)   Checking out files:  42% (2221/5288)   Checking out files:  43% (2274/5288)   Checking out files:  44% (2327/5288)   Checking out files:  45% (2380/5288)   Checking out files:  46% (2433/5288)   Checking out files:  47% (2486/5288)   Checking out files:  48% (2539/5288)   Checking out files:  49% (2592/5288)   Checking out files:  50% (2644/5288)   Checking out files:  51% (2697/5288)   Checking out files:  51% (2712/5288)   Checking out files:  52% (2750/5288)   Checking out files:  53% (2803/5288)   Checking out files:  54% (2856/5288)   Checking out files:  55% (2909/5288)   Checking out files:  56% (2962/5288)   Checking out files:  57% (3015/5288)   Checking out files:  58% (3068/5288)   Checking out files:  59% (3120/5288)   Checking out files:  60% (3173/5288)   Checking out files:  61% (3226/5288)   Checking out files:  61% (3257/5288)   Checking out files:  62% (3279/5288)   Checking out files:  63% (3332/5288)   Checking out files:  64% (3385/5288)   Checking out files:  65% (3438/5288)   Checking out files:  66% (3491/5288)   Checking out files:  67% (3543/5288)   Checking out files:  68% (3596/5288)   Checking out files:  69% (3649/5288)   Checking out files:  70% (3702/5288)   Checking out files:  71% (3755/5288)   Checking out files:  71% (3804/5288)   Checking out files:  72% (3808/5288)   Checking out files:  73% (3861/5288)   Checking out files:  74% (3914/5288)   Checking out files:  75% (3966/5288)   Checking out files:  76% (4019/5288)   Checking out files:  77% (4072/5288)   Checking out files:  78% (4125/5288)   Checking out files:  79% (4178/5288)   Checking out files:  80% (4231/5288)   Checking out files:  81% (4284/5288)   Checking out files:  82% (4337/5288)   Checking out files:  82% (4341/5288)   Checking out files:  83% (4390/5288)   Checking out files:  84% (4442/5288)   Checking out files:  85% (4495/5288)   Checking out files:  86% (4548/5288)   Checking out files:  87% (4601/5288)   Checking out files:  88% (4654/5288)   Checking out files:  89% (4707/5288)   Checking out files:  90% (4760/5288)   Checking out files:  91% (4813/5288)   Checking out files:  92% (4865/5288)   Checking out files:  92% (4898/5288)   Checking out files:  93% (4918/5288)   Checking out files:  94% (4971/5288)   Checking out files:  95% (5024/5288)   Checking out files:  96% (5077/5288)   Checking out files:  97% (5130/5288)   Checking out files:  98% (5183/5288)   Checking out files:  99% (5236/5288)   Checking out files: 100% (5288/5288)   Checking out files: 100% (5288/5288), done.
Cloning into 'mlcrypto'...
Submodule 'openssl' (https://github.com/openssl/openssl) registered for path 'openssl'
Cloning into '/cygdrive/c/build/agent2/_work/4/s/mlcrypto/openssl'...
crypto/asn1/x_int64.c: In function 'uint64_print':
crypto/asn1/x_int64.c:105:32: warning: unknown conversion type character 'j' in format [-Wformat=]
return BIO_printf(out, "%jd\n", **(int64_t **)pval);
^
crypto/asn1/x_int64.c:105:32: warning: too many arguments for format [-Wformat-extra-args]
crypto/asn1/x_int64.c:106:28: warning: unknown conversion type character 'j' in format [-Wformat=]
return BIO_printf(out, "%ju\n", **(uint64_t **)pval);
^
crypto/asn1/x_int64.c:106:28: warning: too many arguments for format [-Wformat-extra-args]
crypto/bio/b_sock2.c: In function 'BIO_socket':
crypto/bio/b_sock2.c:45:16: warning: overflow in implicit constant conversion [-Woverflow]
return INVALID_SOCKET;
^
crypto/bio/b_sock2.c:51:16: warning: overflow in implicit constant conversion [-Woverflow]
return INVALID_SOCKET;
^
crypto/bio/b_sock2.c: In function 'BIO_accept_ex':
crypto/bio/b_sock2.c:263:16: warning: overflow in implicit constant conversion [-Woverflow]
return INVALID_SOCKET;
^
crypto/bio/b_sock2.c:268:16: warning: overflow in implicit constant conversion [-Woverflow]
return INVALID_SOCKET;
^
crypto/bio/b_sock.c: In function 'BIO_get_accept_socket':
crypto/bio/b_sock.c:202:13: warning: overflow in implicit constant conversion [-Woverflow]
int s = INVALID_SOCKET;
^
crypto/bio/b_sock.c:207:16: warning: overflow in implicit constant conversion [-Woverflow]
return INVALID_SOCKET;
^
crypto/bio/b_sock.c:210:16: warning: overflow in implicit constant conversion [-Woverflow]
return INVALID_SOCKET;
^
crypto/bio/b_sock.c:217:13: warning: overflow in implicit constant conversion [-Woverflow]
s = INVALID_SOCKET;
^
crypto/bio/b_sock.c:224:13: warning: overflow in implicit constant conversion [-Woverflow]
s = INVALID_SOCKET;
^
In file included from crypto/bn/bn_print.c:15:0:
crypto/bn/bn_print.c: In function 'BN_bn2dec':
crypto/bn/bn_lcl.h:94:27: warning: unknown conversion type character 'l' in format [-Wformat=]
#  define BN_DEC_FMT1     "%llu"
^
crypto/bn/bn_print.c:104:57: note: in expansion of macro 'BN_DEC_FMT1'
n = BIO_snprintf(p, tbytes - (size_t)(p - buf), BN_DEC_FMT1, *lp);
^
crypto/bn/bn_lcl.h:94:27: warning: too many arguments for format [-Wformat-extra-args]
#  define BN_DEC_FMT1     "%llu"
^
crypto/bn/bn_print.c:104:57: note: in expansion of macro 'BN_DEC_FMT1'
n = BIO_snprintf(p, tbytes - (size_t)(p - buf), BN_DEC_FMT1, *lp);
^
crypto/bn/bn_lcl.h:95:27: warning: unknown conversion type character 'l' in format [-Wformat=]
#  define BN_DEC_FMT2     "%019llu"
^
crypto/bn/bn_print.c:110:61: note: in expansion of macro 'BN_DEC_FMT2'
n = BIO_snprintf(p, tbytes - (size_t)(p - buf), BN_DEC_FMT2, *lp);
^
crypto/bn/bn_lcl.h:95:27: warning: too many arguments for format [-Wformat-extra-args]
#  define BN_DEC_FMT2     "%019llu"
^
crypto/bn/bn_print.c:110:61: note: in expansion of macro 'BN_DEC_FMT2'
n = BIO_snprintf(p, tbytes - (size_t)(p - buf), BN_DEC_FMT2, *lp);
^
crypto/bn/bn_print.c: In function 'BN_options':
crypto/bn/bn_print.c:340:42: warning: unknown conversion type character 'z' in format [-Wformat=]
BIO_snprintf(data, sizeof(data), "bn(%zu,%zu)",
^
crypto/bn/bn_print.c:340:42: warning: unknown conversion type character 'z' in format [-Wformat=]
crypto/bn/bn_print.c:340:42: warning: too many arguments for format [-Wformat-extra-args]
crypto/threads_win.c: In function 'CRYPTO_atomic_add':
crypto/threads_win.c:132:35: warning: passing argument 1 of '_InterlockedExchangeAdd' from incompatible pointer type [-Wincompatible-pointer-types]
*ret = InterlockedExchangeAdd(val, amount) + amount;
^
In file included from /usr/x86_64-w64-mingw32/sys-root/mingw/include/winnt.h:27:0,
from /usr/x86_64-w64-mingw32/sys-root/mingw/include/minwindef.h:163,
from /usr/x86_64-w64-mingw32/sys-root/mingw/include/windef.h:8,
from /usr/x86_64-w64-mingw32/sys-root/mingw/include/windows.h:69,
from crypto/threads_win.c:11:
/usr/x86_64-w64-mingw32/sys-root/mingw/include/psdk_inc/intrin-impl.h:1026:10: note: expected 'volatile long int *' but argument is of type 'int *'
__LONG32 _InterlockedExchangeAdd(__LONG32 volatile *Addend, __LONG32 Value) {
^
crypto/threads_win.c: In function 'CRYPTO_atomic_read':
crypto/threads_win.c:138:39: warning: passing argument 1 of '_InterlockedCompareExchange' from incompatible pointer type [-Wincompatible-pointer-types]
*ret = InterlockedCompareExchange(val, 0, 0);
^
In file included from /usr/x86_64-w64-mingw32/sys-root/mingw/include/winnt.h:27:0,
from /usr/x86_64-w64-mingw32/sys-root/mingw/include/minwindef.h:163,
from /usr/x86_64-w64-mingw32/sys-root/mingw/include/windef.h:8,
from /usr/x86_64-w64-mingw32/sys-root/mingw/include/windows.h:69,
from crypto/threads_win.c:11:
/usr/x86_64-w64-mingw32/sys-root/mingw/include/psdk_inc/intrin-impl.h:1037:10: note: expected 'volatile long int *' but argument is of type 'int *'
__LONG32 _InterlockedCompareExchange(__LONG32 volatile *Destination, __LONG32 ExChange, __LONG32 Comperand) {
^
crypto/threads_win.c: In function 'CRYPTO_atomic_write':
crypto/threads_win.c:144:25: warning: passing argument 1 of '_InterlockedExchange' from incompatible pointer type [-Wincompatible-pointer-types]
InterlockedExchange(val, n);
^
In file included from /usr/x86_64-w64-mingw32/sys-root/mingw/include/winnt.h:27:0,
from /usr/x86_64-w64-mingw32/sys-root/mingw/include/minwindef.h:163,
from /usr/x86_64-w64-mingw32/sys-root/mingw/include/windef.h:8,
from /usr/x86_64-w64-mingw32/sys-root/mingw/include/windows.h:69,
from crypto/threads_win.c:11:
/usr/x86_64-w64-mingw32/sys-root/mingw/include/psdk_inc/intrin-impl.h:1088:10: note: expected 'volatile long int *' but argument is of type 'int *'
__LONG32 _InterlockedExchange(__LONG32 volatile *Target, __LONG32 Value) {
^
test/testutil/tests.c: In function 'test_size_t_eq':
test/testutil/tests.c:196:27: warning: unknown conversion type character 'z' in format [-Wformat=]
"[" fmt "] compared to [" fmt "]",            \
^
test/testutil/tests.c:202:5: note: in expansion of macro 'DEFINE_COMPARISON'
DEFINE_COMPARISON(type, name, eq, ==, fmt)                          \
^
test/testutil/tests.c:215:1: note: in expansion of macro 'DEFINE_COMPARISONS'
DEFINE_COMPARISONS(size_t, size_t, "%zu")
^
test/testutil/tests.c:196:27: warning: unknown conversion type character 'z' in format [-Wformat=]
"[" fmt "] compared to [" fmt "]",            \
^
test/testutil/tests.c:202:5: note: in expansion of macro 'DEFINE_COMPARISON'
DEFINE_COMPARISON(type, name, eq, ==, fmt)                          \
^
test/testutil/tests.c:215:1: note: in expansion of macro 'DEFINE_COMPARISONS'
DEFINE_COMPARISONS(size_t, size_t, "%zu")
^
test/testutil/tests.c:196:27: warning: too many arguments for format [-Wformat-extra-args]
"[" fmt "] compared to [" fmt "]",            \
^
test/testutil/tests.c:202:5: note: in expansion of macro 'DEFINE_COMPARISON'
DEFINE_COMPARISON(type, name, eq, ==, fmt)                          \
^
test/testutil/tests.c:215:1: note: in expansion of macro 'DEFINE_COMPARISONS'
DEFINE_COMPARISONS(size_t, size_t, "%zu")
^
test/testutil/tests.c: In function 'test_size_t_ne':
test/testutil/tests.c:196:27: warning: unknown conversion type character 'z' in format [-Wformat=]
"[" fmt "] compared to [" fmt "]",            \
^
test/testutil/tests.c:203:5: note: in expansion of macro 'DEFINE_COMPARISON'
DEFINE_COMPARISON(type, name, ne, !=, fmt)                          \
^
test/testutil/tests.c:215:1: note: in expansion of macro 'DEFINE_COMPARISONS'
DEFINE_COMPARISONS(size_t, size_t, "%zu")
^
test/testutil/tests.c:196:27: warning: unknown conversion type character 'z' in format [-Wformat=]
"[" fmt "] compared to [" fmt "]",            \
^
test/testutil/tests.c:203:5: note: in expansion of macro 'DEFINE_COMPARISON'
DEFINE_COMPARISON(type, name, ne, !=, fmt)                          \
^
test/testutil/tests.c:215:1: note: in expansion of macro 'DEFINE_COMPARISONS'
DEFINE_COMPARISONS(size_t, size_t, "%zu")
^
test/testutil/tests.c:196:27: warning: too many arguments for format [-Wformat-extra-args]
"[" fmt "] compared to [" fmt "]",            \
^
test/testutil/tests.c:203:5: note: in expansion of macro 'DEFINE_COMPARISON'
DEFINE_COMPARISON(type, name, ne, !=, fmt)                          \
^
test/testutil/tests.c:215:1: note: in expansion of macro 'DEFINE_COMPARISONS'
DEFINE_COMPARISONS(size_t, size_t, "%zu")
^
test/testutil/tests.c: In function 'test_size_t_lt':
test/testutil/tests.c:196:27: warning: unknown conversion type character 'z' in format [-Wformat=]
"[" fmt "] compared to [" fmt "]",            \
^
test/testutil/tests.c:204:5: note: in expansion of macro 'DEFINE_COMPARISON'
DEFINE_COMPARISON(type, name, lt, <, fmt)                           \
^
test/testutil/tests.c:215:1: note: in expansion of macro 'DEFINE_COMPARISONS'
DEFINE_COMPARISONS(size_t, size_t, "%zu")
^
test/testutil/tests.c:196:27: warning: unknown conversion type character 'z' in format [-Wformat=]
"[" fmt "] compared to [" fmt "]",            \
^
test/testutil/tests.c:204:5: note: in expansion of macro 'DEFINE_COMPARISON'
DEFINE_COMPARISON(type, name, lt, <, fmt)                           \
^
test/testutil/tests.c:215:1: note: in expansion of macro 'DEFINE_COMPARISONS'
DEFINE_COMPARISONS(size_t, size_t, "%zu")
^
test/testutil/tests.c:196:27: warning: too many arguments for format [-Wformat-extra-args]
"[" fmt "] compared to [" fmt "]",            \
^
test/testutil/tests.c:204:5: note: in expansion of macro 'DEFINE_COMPARISON'
DEFINE_COMPARISON(type, name, lt, <, fmt)                           \
^
test/testutil/tests.c:215:1: note: in expansion of macro 'DEFINE_COMPARISONS'
DEFINE_COMPARISONS(size_t, size_t, "%zu")
^
test/testutil/tests.c: In function 'test_size_t_le':
test/testutil/tests.c:196:27: warning: unknown conversion type character 'z' in format [-Wformat=]
"[" fmt "] compared to [" fmt "]",            \
^
test/testutil/tests.c:205:5: note: in expansion of macro 'DEFINE_COMPARISON'
DEFINE_COMPARISON(type, name, le, <=, fmt)                          \
^
test/testutil/tests.c:215:1: note: in expansion of macro 'DEFINE_COMPARISONS'
DEFINE_COMPARISONS(size_t, size_t, "%zu")
^
test/testutil/tests.c:196:27: warning: unknown conversion type character 'z' in format [-Wformat=]
"[" fmt "] compared to [" fmt "]",            \
^
test/testutil/tests.c:205:5: note: in expansion of macro 'DEFINE_COMPARISON'
DEFINE_COMPARISON(type, name, le, <=, fmt)                          \
^
test/testutil/tests.c:215:1: note: in expansion of macro 'DEFINE_COMPARISONS'
DEFINE_COMPARISONS(size_t, size_t, "%zu")
^
test/testutil/tests.c:196:27: warning: too many arguments for format [-Wformat-extra-args]
"[" fmt "] compared to [" fmt "]",            \
^
test/testutil/tests.c:205:5: note: in expansion of macro 'DEFINE_COMPARISON'
DEFINE_COMPARISON(type, name, le, <=, fmt)                          \
^
test/testutil/tests.c:215:1: note: in expansion of macro 'DEFINE_COMPARISONS'
DEFINE_COMPARISONS(size_t, size_t, "%zu")
^
test/testutil/tests.c: In function 'test_size_t_gt':
test/testutil/tests.c:196:27: warning: unknown conversion type character 'z' in format [-Wformat=]
"[" fmt "] compared to [" fmt "]",            \
^
test/testutil/tests.c:206:5: note: in expansion of macro 'DEFINE_COMPARISON'
DEFINE_COMPARISON(type, name, gt, >, fmt)                           \
^
test/testutil/tests.c:215:1: note: in expansion of macro 'DEFINE_COMPARISONS'
DEFINE_COMPARISONS(size_t, size_t, "%zu")
^
test/testutil/tests.c:196:27: warning: unknown conversion type character 'z' in format [-Wformat=]
"[" fmt "] compared to [" fmt "]",            \
^
test/testutil/tests.c:206:5: note: in expansion of macro 'DEFINE_COMPARISON'
DEFINE_COMPARISON(type, name, gt, >, fmt)                           \
^
test/testutil/tests.c:215:1: note: in expansion of macro 'DEFINE_COMPARISONS'
DEFINE_COMPARISONS(size_t, size_t, "%zu")
^
test/testutil/tests.c:196:27: warning: too many arguments for format [-Wformat-extra-args]
"[" fmt "] compared to [" fmt "]",            \
^
test/testutil/tests.c:206:5: note: in expansion of macro 'DEFINE_COMPARISON'
DEFINE_COMPARISON(type, name, gt, >, fmt)                           \
^
test/testutil/tests.c:215:1: note: in expansion of macro 'DEFINE_COMPARISONS'
DEFINE_COMPARISONS(size_t, size_t, "%zu")
^
test/testutil/tests.c: In function 'test_size_t_ge':
test/testutil/tests.c:196:27: warning: unknown conversion type character 'z' in format [-Wformat=]
"[" fmt "] compared to [" fmt "]",            \
^
test/testutil/tests.c:207:5: note: in expansion of macro 'DEFINE_COMPARISON'
DEFINE_COMPARISON(type, name, ge, >=, fmt)
^
test/testutil/tests.c:215:1: note: in expansion of macro 'DEFINE_COMPARISONS'
DEFINE_COMPARISONS(size_t, size_t, "%zu")
^
test/testutil/tests.c:196:27: warning: unknown conversion type character 'z' in format [-Wformat=]
"[" fmt "] compared to [" fmt "]",            \
^
test/testutil/tests.c:207:5: note: in expansion of macro 'DEFINE_COMPARISON'
DEFINE_COMPARISON(type, name, ge, >=, fmt)
^
test/testutil/tests.c:215:1: note: in expansion of macro 'DEFINE_COMPARISONS'
DEFINE_COMPARISONS(size_t, size_t, "%zu")
^
test/testutil/tests.c:196:27: warning: too many arguments for format [-Wformat-extra-args]
"[" fmt "] compared to [" fmt "]",            \
^
test/testutil/tests.c:207:5: note: in expansion of macro 'DEFINE_COMPARISON'
DEFINE_COMPARISON(type, name, ge, >=, fmt)
^
test/testutil/tests.c:215:1: note: in expansion of macro 'DEFINE_COMPARISONS'
DEFINE_COMPARISONS(size_t, size_t, "%zu")
^
ar: creating libssl.a
ar: creating test/libtestutil.a
ar: creating libcrypto.a
openssl_stub.c: In function ‘ocaml_load_chain’:
openssl_stub.c:2187:16: warning: variable ‘first’ set but not used [-Wunused-but-set-variable]
X509 *x509, *first = NULL;
^
Warning 10: : -drop is deprecated
use a combination of -bundle and -d reachability to make sure the functions are eliminated as you wish
Warning 10: : -drop is deprecated
use a combination of -bundle and -d reachability to make sure the functions are eliminated as you wish
Warning 2: in the definition of b0', after the definition of b4', in top-level declaration Hacl.Bignum.Modulo.carry_top_wide, in file Hacl_Curve25519: Reference to FStar.UInt128.mul_wide has no corresponding implementation; please provide a C implementation
Warning 2: after the definition of yi, in the definition of f', in the last element of the sequence, after the definition of h0, in top-level declaration Hacl.Bignum.Fproduct.sum_scalar_multiplication_, in file Hacl_Curve25519: Reference to FStar.UInt128.mul_wide has no corresponding implementation; please provide a C implementation
Warning 2: after the definition of xi, in the definition of f', in the last element of the sequence, after the definition of h0, in top-level declaration Hacl.Bignum.Fscalar.fscalar, in file Hacl_Curve25519: Reference to FStar.UInt128.mul_wide has no corresponding implementation; please provide a C implementation
Warning 2: in the definition of s0, after the definition of d4, in top-level declaration Hacl.Bignum.Fsquare.fsquare__, in file Hacl_Curve25519: Reference to FStar.UInt128.mul_wide has no corresponding implementation; please provide a C implementation
Warning 2: in the definition of s0, after the definition of d4, in top-level declaration Hacl.Bignum.Fsquare.fsquare__, in file Hacl_Curve25519: Reference to FStar.UInt128.mul_wide has no corresponding implementation; please provide a C implementation
Warning 2: in the definition of s0, after the definition of d4, in top-level declaration Hacl.Bignum.Fsquare.fsquare__, in file Hacl_Curve25519: Reference to FStar.UInt128.mul_wide has no corresponding implementation; please provide a C implementation
Warning 2: in the definition of s1, after the definition of s0, in top-level declaration Hacl.Bignum.Fsquare.fsquare__, in file Hacl_Curve25519: Reference to FStar.UInt128.mul_wide has no corresponding implementation; please provide a C implementation
Warning 2: in the definition of s1, after the definition of s0, in top-level declaration Hacl.Bignum.Fsquare.fsquare__, in file Hacl_Curve25519: Reference to FStar.UInt128.mul_wide has no corresponding implementation; please provide a C implementation
Warning 2: in the definition of s1, after the definition of s0, in top-level declaration Hacl.Bignum.Fsquare.fsquare__, in file Hacl_Curve25519: Reference to FStar.UInt128.mul_wide has no corresponding implementation; please provide a C implementation
Warning 2: in the definition of s2, after the definition of s1, in top-level declaration Hacl.Bignum.Fsquare.fsquare__, in file Hacl_Curve25519: Reference to FStar.UInt128.mul_wide has no corresponding implementation; please provide a C implementation
Warning 2: in the definition of s2, after the definition of s1, in top-level declaration Hacl.Bignum.Fsquare.fsquare__, in file Hacl_Curve25519: Reference to FStar.UInt128.mul_wide has no corresponding implementation; please provide a C implementation
Warning 2: in the definition of s2, after the definition of s1, in top-level declaration Hacl.Bignum.Fsquare.fsquare__, in file Hacl_Curve25519: Reference to FStar.UInt128.mul_wide has no corresponding implementation; please provide a C implementation
Warning 2: in the definition of s3, after the definition of s2, in top-level declaration Hacl.Bignum.Fsquare.fsquare__, in file Hacl_Curve25519: Reference to FStar.UInt128.mul_wide has no corresponding implementation; please provide a C implementation
Warning 2: in the definition of s3, after the definition of s2, in top-level declaration Hacl.Bignum.Fsquare.fsquare__, in file Hacl_Curve25519: Reference to FStar.UInt128.mul_wide has no corresponding implementation; please provide a C implementation
Warning 2: in the definition of s3, after the definition of s2, in top-level declaration Hacl.Bignum.Fsquare.fsquare__, in file Hacl_Curve25519: Reference to FStar.UInt128.mul_wide has no corresponding implementation; please provide a C implementation
Warning 2: in the definition of s4, after the definition of s3, in top-level declaration Hacl.Bignum.Fsquare.fsquare__, in file Hacl_Curve25519: Reference to FStar.UInt128.mul_wide has no corresponding implementation; please provide a C implementation
Warning 2: in the definition of s4, after the definition of s3, in top-level declaration Hacl.Bignum.Fsquare.fsquare__, in file Hacl_Curve25519: Reference to FStar.UInt128.mul_wide has no corresponding implementation; please provide a C implementation
Warning 2: in the definition of s4, after the definition of s3, in top-level declaration Hacl.Bignum.Fsquare.fsquare__, in file Hacl_Curve25519: Reference to FStar.UInt128.mul_wide has no corresponding implementation; please provide a C implementation
Warning 13: : Prims.nat, a monomorphic instance, is first used, and therefore inserted, in file Prims which is about to be dropped; you may get a C compiler error about Prims_nat if any other module uses this definition
Warning 13: : C.exit_code, a monomorphic instance, is first used, and therefore inserted, in file C which is about to be dropped; you may get a C compiler error about C_exit_code if any other module uses this definition
Warning 13: : FStar.Monotonic.HyperStack.mem, a monomorphic instance, is first used, and therefore inserted, in file FStar which is about to be dropped; you may get a C compiler error about FStar_Monotonic_HyperStack_mem if any other module uses this definition
Warning 13: : FStar.UInt128.t, a monomorphic instance, is first used, and therefore inserted, in file FStar which is about to be dropped; you may get a C compiler error about FStar_UInt128_t if any other module uses this definition
Warning 13: : Hacl.UInt128.t, a monomorphic instance, is first used, and therefore inserted, in file Hacl_UInt128 which is about to be dropped; you may get a C compiler error about Hacl_UInt128_t if any other module uses this definition
Warning 7: : After inlining, Hacl.Test.X25519.main (going into Hacl_Test_X25519) calls Hacl.EC.crypto_scalarmult (going into Hacl_Curve25519) -- removing the static qualifier from Hacl.EC.crypto_scalarmult
C:\build\agent2\_work\4\s\fstar\bin\..\ulib\prims.fst(0,0-0,0): (Warning 241) Corrupt cache file ..\secure_api\out\runtime_switch\cache\prims.fst.checked.lax; will recheck C:\build\agent2\_work\4\s\fstar\bin\..\ulib\prims.fst and all subsequent files
C:\build\agent2\_work\4\s\fstar\ulib\prims.fst(0,0-0,0): (Warning 241) Corrupt cache file ..\secure_api\out\vale_aes_abstract_id\cache\prims.fst.checked.lax; will recheck C:\build\agent2\_work\4\s\fstar\ulib\prims.fst and all subsequent files
C:\build\agent2\_work\4\s\fstar\ulib\prims.fst(0,0-0,0): (Warning 241) Corrupt cache file ..\secure_api\out\hacl_aes_abstract_id\cache\prims.fst.checked.lax; will recheck C:\build\agent2\_work\4\s\fstar\ulib\prims.fst and all subsequent files
C:\build\agent2\_work\4\s\fstar\ulib\prims.fst(0,0-0,0): (Warning 241) Corrupt cache file ..\secure_api\out\runtime_switch\cache\prims.fst.checked.lax; will recheck C:\build\agent2\_work\4\s\fstar\ulib\prims.fst and all subsequent files
C:/build/agent2/_work/4/s/fstar/ulib/FStar.Pervasives.fst(0,0-0,0): (Warning 241) Stale cache file ..\secure_api\out\vale_aes_abstract_id\cache\FStar.Pervasives.fst.checked.lax; will recheck C:/build/agent2/_work/4/s/fstar/ulib/FStar.Pervasives.fst and all subsequent files
C:/build/agent2/_work/4/s/fstar/ulib/FStar.Pervasives.fst(0,0-0,0): (Warning 241) Stale cache file ..\secure_api\out\hacl_aes_abstract_id\cache\FStar.Pervasives.fst.checked.lax; will recheck C:/build/agent2/_work/4/s/fstar/ulib/FStar.Pervasives.fst and all subsequent files
C:/build/agent2/_work/4/s/fstar/ulib/FStar.Pervasives.fst(0,0-0,0): (Warning 241) Stale cache file ..\secure_api\out\runtime_switch\cache\FStar.Pervasives.fst.checked.lax; will recheck C:/build/agent2/_work/4/s/fstar/ulib/FStar.Pervasives.fst and all subsequent files
C:/build/agent2/_work/4/s/fstar/ulib/FStar.Mul.fst(0,0-0,0): (Warning 241) Stale cache file ..\secure_api\out\vale_aes_abstract_id\cache\FStar.Mul.fst.checked.lax; will recheck C:/build/agent2/_work/4/s/fstar/ulib/FStar.Mul.fst and all subsequent files
C:/build/agent2/_work/4/s/fstar/ulib/FStar.Mul.fst(0,0-0,0): (Warning 241) Stale cache file ..\secure_api\out\hacl_aes_abstract_id\cache\FStar.Mul.fst.checked.lax; will recheck C:/build/agent2/_work/4/s/fstar/ulib/FStar.Mul.fst and all subsequent files
C:/build/agent2/_work/4/s/fstar/ulib/FStar.StrongExcludedMiddle.fst(0,0-0,0): (Warning 241) Stale cache file ..\secure_api\out\hacl_aes_abstract_id\cache\FStar.StrongExcludedMiddle.fst.checked.lax; will recheck C:/build/agent2/_work/4/s/fstar/ulib/FStar.StrongExcludedMiddle.fst and all subsequent files
C:/build/agent2/_work/4/s/fstar/ulib/FStar.StrongExcludedMiddle.fst(0,0-0,0): (Warning 241) Stale cache file ..\secure_api\out\vale_aes_abstract_id\cache\FStar.StrongExcludedMiddle.fst.checked.lax; will recheck C:/build/agent2/_work/4/s/fstar/ulib/FStar.StrongExcludedMiddle.fst and all subsequent files
C:/build/agent2/_work/4/s/fstar/ulib/FStar.Squash.fsti(0,0-0,0): (Warning 241) Stale cache file ..\secure_api\out\vale_aes_abstract_id\cache\FStar.Squash.fsti.checked.lax; will recheck C:/build/agent2/_work/4/s/fstar/ulib/FStar.Squash.fsti and all subsequent files
C:/build/agent2/_work/4/s/fstar/ulib/FStar.Squash.fsti(0,0-0,0): (Warning 241) Stale cache file ..\secure_api\out\hacl_aes_abstract_id\cache\FStar.Squash.fsti.checked.lax; will recheck C:/build/agent2/_work/4/s/fstar/ulib/FStar.Squash.fsti and all subsequent files
C:/build/agent2/_work/4/s/fstar/ulib/FStar.Preorder.fst(0,0-0,0): (Warning 241) Stale cache file ..\secure_api\out\vale_aes_abstract_id\cache\FStar.Preorder.fst.checked.lax; will recheck C:/build/agent2/_work/4/s/fstar/ulib/FStar.Preorder.fst and all subsequent files
C:/build/agent2/_work/4/s/fstar/ulib/FStar.Preorder.fst(0,0-0,0): (Warning 241) Stale cache file ..\secure_api\out\hacl_aes_abstract_id\cache\FStar.Preorder.fst.checked.lax; will recheck C:/build/agent2/_work/4/s/fstar/ulib/FStar.Preorder.fst and all subsequent files
C:/build/agent2/_work/4/s/fstar/ulib/FStar.Ghost.fsti(0,0-0,0): (Warning 241) Stale cache file ..\secure_api\out\vale_aes_abstract_id\cache\FStar.Ghost.fsti.checked.lax; will recheck C:/build/agent2/_work/4/s/fstar/ulib/FStar.Ghost.fsti and all subsequent files
C:/build/agent2/_work/4/s/fstar/ulib/FStar.Ghost.fsti(0,0-0,0): (Warning 241) Stale cache file ..\secure_api\out\hacl_aes_abstract_id\cache\FStar.Ghost.fsti.checked.lax; will recheck C:/build/agent2/_work/4/s/fstar/ulib/FStar.Ghost.fsti and all subsequent files
C:/build/agent2/_work/4/s/fstar/ulib/FStar.Classical.fsti(0,0-0,0): (Warning 241) Stale cache file ..\secure_api\out\vale_aes_abstract_id\cache\FStar.Classical.fsti.checked.lax; will recheck C:/build/agent2/_work/4/s/fstar/ulib/FStar.Classical.fsti and all subsequent files
C:/build/agent2/_work/4/s/fstar/ulib/FStar.Classical.fsti(0,0-0,0): (Warning 241) Stale cache file ..\secure_api\out\hacl_aes_abstract_id\cache\FStar.Classical.fsti.checked.lax; will recheck C:/build/agent2/_work/4/s/fstar/ulib/FStar.Classical.fsti and all subsequent files
C:/build/agent2/_work/4/s/fstar/ulib/FStar.Mul.fst(0,0-0,0): (Warning 241) Stale cache file ..\secure_api\out\runtime_switch\cache\FStar.Mul.fst.checked.lax; will recheck C:/build/agent2/_work/4/s/fstar/ulib/FStar.Mul.fst and all subsequent files
C:/build/agent2/_work/4/s/fstar/ulib/FStar.PropositionalExtensionality.fst(0,0-0,0): (Warning 241) Stale cache file ..\secure_api\out\vale_aes_abstract_id\cache\FStar.PropositionalExtensionality.fst.checked.lax; will recheck C:/build/agent2/_work/4/s/fstar/ulib/FStar.PropositionalExtensionality.fst and all subsequent files
C:/build/agent2/_work/4/s/fstar/ulib/FStar.PropositionalExtensionality.fst(0,0-0,0): (Warning 241) Stale cache file ..\secure_api\out\hacl_aes_abstract_id\cache\FStar.PropositionalExtensionality.fst.checked.lax; will recheck C:/build/agent2/_work/4/s/fstar/ulib/FStar.PropositionalExtensionality.fst and all subsequent files
C:/build/agent2/_work/4/s/fstar/ulib/FStar.Float.fsti(0,0-0,0): (Warning 241) Stale cache file ..\secure_api\out\vale_aes_abstract_id\cache\FStar.Float.fsti.checked.lax; will recheck C:/build/agent2/_work/4/s/fstar/ulib/FStar.Float.fsti and all subsequent files
C:/build/agent2/_work/4/s/fstar/ulib/FStar.FunctionalExtensionality.fst(0,0-0,0): (Warning 241) Stale cache file ..\secure_api\out\vale_aes_abstract_id\cache\FStar.FunctionalExtensionality.fst.checked.lax; will recheck C:/build/agent2/_work/4/s/fstar/ulib/FStar.FunctionalExtensionality.fst and all subsequent files
C:/build/agent2/_work/4/s/fstar/ulib/FStar.FunctionalExtensionality.fst(0,0-0,0): (Warning 241) Stale cache file ..\secure_api\out\hacl_aes_abstract_id\cache\FStar.FunctionalExtensionality.fst.checked.lax; will recheck C:/build/agent2/_work/4/s/fstar/ulib/FStar.FunctionalExtensionality.fst and all subsequent files
C:/build/agent2/_work/4/s/fstar/ulib/FStar.Float.fsti(0,0-0,0): (Warning 241) Stale cache file ..\secure_api\out\hacl_aes_abstract_id\cache\FStar.Float.fsti.checked.lax; will recheck C:/build/agent2/_work/4/s/fstar/ulib/FStar.Float.fsti and all subsequent files
C:/build/agent2/_work/4/s/fstar/ulib/FStar.StrongExcludedMiddle.fst(0,0-0,0): (Warning 241) Stale cache file ..\secure_api\out\runtime_switch\cache\FStar.StrongExcludedMiddle.fst.checked.lax; will recheck C:/build/agent2/_work/4/s/fstar/ulib/FStar.StrongExcludedMiddle.fst and all subsequent files
C:/build/agent2/_work/4/s/fstar/ulib/FStar.Exn.fst(0,0-0,0): (Warning 241) Stale cache file ..\secure_api\out\hacl_aes_abstract_id\cache\FStar.Exn.fst.checked.lax; will recheck C:/build/agent2/_work/4/s/fstar/ulib/FStar.Exn.fst and all subsequent files
C:/build/agent2/_work/4/s/fstar/ulib/FStar.Exn.fst(0,0-0,0): (Warning 241) Stale cache file ..\secure_api\out\vale_aes_abstract_id\cache\FStar.Exn.fst.checked.lax; will recheck C:/build/agent2/_work/4/s/fstar/ulib/FStar.Exn.fst and all subsequent files
C:/build/agent2/_work/4/s/fstar/ulib/FStar.Squash.fsti(0,0-0,0): (Warning 241) Stale cache file ..\secure_api\out\runtime_switch\cache\FStar.Squash.fsti.checked.lax; will recheck C:/build/agent2/_work/4/s/fstar/ulib/FStar.Squash.fsti and all subsequent files
C:/build/agent2/_work/4/s/fstar/ulib/FStar.Preorder.fst(0,0-0,0): (Warning 241) Stale cache file ..\secure_api\out\runtime_switch\cache\FStar.Preorder.fst.checked.lax; will recheck C:/build/agent2/_work/4/s/fstar/ulib/FStar.Preorder.fst and all subsequent files
C:/build/agent2/_work/4/s/fstar/ulib/FStar.Squash.fst(0,0-0,0): (Warning 241) Stale cache file ..\secure_api\out\vale_aes_abstract_id\cache\FStar.Squash.fst.checked.lax; will recheck C:/build/agent2/_work/4/s/fstar/ulib/FStar.Squash.fst and all subsequent files
C:/build/agent2/_work/4/s/fstar/ulib/FStar.Squash.fst(0,0-0,0): (Warning 241) Stale cache file ..\secure_api\out\hacl_aes_abstract_id\cache\FStar.Squash.fst.checked.lax; will recheck C:/build/agent2/_work/4/s/fstar/ulib/FStar.Squash.fst and all subsequent files
C:/build/agent2/_work/4/s/fstar/ulib/FStar.PropositionalExtensionality.fst(0,0-0,0): (Warning 241) Stale cache file ..\secure_api\out\runtime_switch\cache\FStar.PropositionalExtensionality.fst.checked.lax; will recheck C:/build/agent2/_work/4/s/fstar/ulib/FStar.PropositionalExtensionality.fst and all subsequent files
C:/build/agent2/_work/4/s/fstar/ulib/FStar.Classical.fsti(0,0-0,0): (Warning 241) Stale cache file ..\secure_api\out\runtime_switch\cache\FStar.Classical.fsti.checked.lax; will recheck C:/build/agent2/_work/4/s/fstar/ulib/FStar.Classical.fsti and all subsequent files
C:/build/agent2/_work/4/s/fstar/ulib/FStar.FunctionalExtensionality.fst(0,0-0,0): (Warning 241) Stale cache file ..\secure_api\out\runtime_switch\cache\FStar.FunctionalExtensionality.fst.checked.lax; will recheck C:/build/agent2/_work/4/s/fstar/ulib/FStar.FunctionalExtensionality.fst and all subsequent files
C:/build/agent2/_work/4/s/fstar/ulib/FStar.Math.Lib.fst(0,0-0,0): (Warning 241) Stale cache file ..\secure_api\out\vale_aes_abstract_id\cache\FStar.Math.Lib.fst.checked.lax; will recheck C:/build/agent2/_work/4/s/fstar/ulib/FStar.Math.Lib.fst and all subsequent files
C:/build/agent2/_work/4/s/fstar/ulib/FStar.Int.fst(0,0-0,0): (Warning 241) Stale cache file ..\secure_api\out\runtime_switch\cache\FStar.Int.fst.checked.lax; will recheck C:/build/agent2/_work/4/s/fstar/ulib/FStar.Int.fst and all subsequent files
C:/build/agent2/_work/4/s/fstar/ulib/FStar.Ghost.fsti(0,0-0,0): (Warning 241) Stale cache file ..\secure_api\out\runtime_switch\cache\FStar.Ghost.fsti.checked.lax; will recheck C:/build/agent2/_work/4/s/fstar/ulib/FStar.Ghost.fsti and all subsequent files
C:/build/agent2/_work/4/s/fstar/ulib/FStar.Math.Lib.fst(0,0-0,0): (Warning 241) Stale cache file ..\secure_api\out\hacl_aes_abstract_id\cache\FStar.Math.Lib.fst.checked.lax; will recheck C:/build/agent2/_work/4/s/fstar/ulib/FStar.Math.Lib.fst and all subsequent files
C:/build/agent2/_work/4/s/fstar/ulib/FStar.Float.fsti(0,0-0,0): (Warning 241) Stale cache file ..\secure_api\out\runtime_switch\cache\FStar.Float.fsti.checked.lax; will recheck C:/build/agent2/_work/4/s/fstar/ulib/FStar.Float.fsti and all subsequent files
C:/build/agent2/_work/4/s/fstar/ulib/FStar.Exn.fst(0,0-0,0): (Warning 241) Stale cache file ..\secure_api\out\runtime_switch\cache\FStar.Exn.fst.checked.lax; will recheck C:/build/agent2/_work/4/s/fstar/ulib/FStar.Exn.fst and all subsequent files
C:/build/agent2/_work/4/s/fstar/ulib/FStar.Int.fst(0,0-0,0): (Warning 241) Stale cache file ..\secure_api\out\vale_aes_abstract_id\cache\FStar.Int.fst.checked.lax; will recheck C:/build/agent2/_work/4/s/fstar/ulib/FStar.Int.fst and all subsequent files
C:/build/agent2/_work/4/s/fstar/ulib/FStar.Classical.fst(0,0-0,0): (Warning 241) Stale cache file ..\secure_api\out\vale_aes_abstract_id\cache\FStar.Classical.fst.checked.lax; will recheck C:/build/agent2/_work/4/s/fstar/ulib/FStar.Classical.fst and all subsequent files
C:/build/agent2/_work/4/s/fstar/ulib/FStar.ErasedLogic.fst(0,0-0,0): (Warning 241) Stale cache file ..\secure_api\out\vale_aes_abstract_id\cache\FStar.ErasedLogic.fst.checked.lax; will recheck C:/build/agent2/_work/4/s/fstar/ulib/FStar.ErasedLogic.fst and all subsequent files
Not extracting type definition FStar.Ghost.erased to KreMLin (assumed type)
C:/build/agent2/_work/4/s/fstar/ulib/FStar.Int.fst(0,0-0,0): (Warning 241) Stale cache file ..\secure_api\out\hacl_aes_abstract_id\cache\FStar.Int.fst.checked.lax; will recheck C:/build/agent2/_work/4/s/fstar/ulib/FStar.Int.fst and all subsequent files
Not extracting type definition FStar.Ghost.erased to KreMLin (assumed type)
C:/build/agent2/_work/4/s/fstar/ulib/FStar.Classical.fst(0,0-0,0): (Warning 241) Stale cache file ..\secure_api\out\hacl_aes_abstract_id\cache\FStar.Classical.fst.checked.lax; will recheck C:/build/agent2/_work/4/s/fstar/ulib/FStar.Classical.fst and all subsequent files
C:/build/agent2/_work/4/s/fstar/ulib/FStar.Squash.fst(0,0-0,0): (Warning 241) Stale cache file ..\secure_api\out\runtime_switch\cache\FStar.Squash.fst.checked.lax; will recheck C:/build/agent2/_work/4/s/fstar/ulib/FStar.Squash.fst and all subsequent files
C:/build/agent2/_work/4/s/fstar/ulib/FStar.Math.Lib.fst(0,0-0,0): (Warning 241) Stale cache file ..\secure_api\out\runtime_switch\cache\FStar.Math.Lib.fst.checked.lax; will recheck C:/build/agent2/_work/4/s/fstar/ulib/FStar.Math.Lib.fst and all subsequent files
C:/build/agent2/_work/4/s/fstar/ulib/FStar.ErasedLogic.fst(0,0-0,0): (Warning 241) Stale cache file ..\secure_api\out\hacl_aes_abstract_id\cache\FStar.ErasedLogic.fst.checked.lax; will recheck C:/build/agent2/_work/4/s/fstar/ulib/FStar.ErasedLogic.fst and all subsequent files
C:/build/agent2/_work/4/s/fstar/ulib/FStar.PredicateExtensionality.fst(0,0-0,0): (Warning 241) Stale cache file ..\secure_api\out\vale_aes_abstract_id\cache\FStar.PredicateExtensionality.fst.checked.lax; will recheck C:/build/agent2/_work/4/s/fstar/ulib/FStar.PredicateExtensionality.fst and all subsequent files
C:/build/agent2/_work/4/s/fstar/ulib/FStar.List.Tot.Base.fst(0,0-0,0): (Warning 241) Stale cache file ..\secure_api\out\vale_aes_abstract_id\cache\FStar.List.Tot.Base.fst.checked.lax; will recheck C:/build/agent2/_work/4/s/fstar/ulib/FStar.List.Tot.Base.fst and all subsequent files
C:/build/agent2/_work/4/s/fstar/ulib/FStar.Monotonic.Witnessed.fsti(0,0-0,0): (Warning 241) Stale cache file ..\secure_api\out\vale_aes_abstract_id\cache\FStar.Monotonic.Witnessed.fsti.checked.lax; will recheck C:/build/agent2/_work/4/s/fstar/ulib/FStar.Monotonic.Witnessed.fsti and all subsequent files
C:/build/agent2/_work/4/s/fstar/ulib/FStar.Set.fst(0,0-0,0): (Warning 241) Stale cache file ..\secure_api\out\vale_aes_abstract_id\cache\FStar.Set.fst.checked.lax; will recheck C:/build/agent2/_work/4/s/fstar/ulib/FStar.Set.fst and all subsequent files
C:/build/agent2/_work/4/s/fstar/ulib/FStar.List.Tot.Base.fst(0,0-0,0): (Warning 241) Stale cache file ..\secure_api\out\hacl_aes_abstract_id\cache\FStar.List.Tot.Base.fst.checked.lax; will recheck C:/build/agent2/_work/4/s/fstar/ulib/FStar.List.Tot.Base.fst and all subsequent files
Not extracting FStar.Exn.raise to KreMLin (polymorphic assumes are not supported)
Not extracting type definition FStar.Float.float to KreMLin (assumed type)
C:/build/agent2/_work/4/s/fstar/ulib/FStar.Set.fst(0,0-0,0): (Warning 241) Stale cache file ..\secure_api\out\hacl_aes_abstract_id\cache\FStar.Set.fst.checked.lax; will recheck C:/build/agent2/_work/4/s/fstar/ulib/FStar.Set.fst and all subsequent files
C:/build/agent2/_work/4/s/fstar/ulib/FStar.PredicateExtensionality.fst(0,0-0,0): (Warning 241) Stale cache file ..\secure_api\out\hacl_aes_abstract_id\cache\FStar.PredicateExtensionality.fst.checked.lax; will recheck C:/build/agent2/_work/4/s/fstar/ulib/FStar.PredicateExtensionality.fst and all subsequent files
C:/build/agent2/_work/4/s/fstar/ulib/FStar.Classical.fst(0,0-0,0): (Warning 241) Stale cache file ..\secure_api\out\runtime_switch\cache\FStar.Classical.fst.checked.lax; will recheck C:/build/agent2/_work/4/s/fstar/ulib/FStar.Classical.fst and all subsequent files
Not extracting type definition FStar.Ghost.erased to KreMLin (assumed type)
C:/build/agent2/_work/4/s/fstar/ulib/FStar.Monotonic.Witnessed.fsti(0,0-0,0): (Warning 241) Stale cache file ..\secure_api\out\hacl_aes_abstract_id\cache\FStar.Monotonic.Witnessed.fsti.checked.lax; will recheck C:/build/agent2/_work/4/s/fstar/ulib/FStar.Monotonic.Witnessed.fsti and all subsequent files
Not extracting type definition FStar.Float.float to KreMLin (assumed type)
Not extracting FStar.Exn.raise to KreMLin (polymorphic assumes are not supported)
C:/build/agent2/_work/4/s/fstar/ulib/FStar.ErasedLogic.fst(0,0-0,0): (Warning 241) Stale cache file ..\secure_api\out\runtime_switch\cache\FStar.ErasedLogic.fst.checked.lax; will recheck C:/build/agent2/_work/4/s/fstar/ulib/FStar.ErasedLogic.fst and all subsequent files
C:/build/agent2/_work/4/s/fstar/ulib/FStar.List.Tot.Base.fst(0,0-0,0): (Warning 241) Stale cache file ..\secure_api\out\runtime_switch\cache\FStar.List.Tot.Base.fst.checked.lax; will recheck C:/build/agent2/_work/4/s/fstar/ulib/FStar.List.Tot.Base.fst and all subsequent files
C:/build/agent2/_work/4/s/fstar/ulib/FStar.Set.fst(0,0-0,0): (Warning 241) Stale cache file ..\secure_api\out\runtime_switch\cache\FStar.Set.fst.checked.lax; will recheck C:/build/agent2/_work/4/s/fstar/ulib/FStar.Set.fst and all subsequent files
C:/build/agent2/_work/4/s/fstar/ulib/FStar.PredicateExtensionality.fst(0,0-0,0): (Warning 241) Stale cache file ..\secure_api\out\runtime_switch\cache\FStar.PredicateExtensionality.fst.checked.lax; will recheck C:/build/agent2/_work/4/s/fstar/ulib/FStar.PredicateExtensionality.fst and all subsequent files
C:/build/agent2/_work/4/s/fstar/ulib/FStar.Monotonic.Witnessed.fsti(0,0-0,0): (Warning 241) Stale cache file ..\secure_api\out\runtime_switch\cache\FStar.Monotonic.Witnessed.fsti.checked.lax; will recheck C:/build/agent2/_work/4/s/fstar/ulib/FStar.Monotonic.Witnessed.fsti and all subsequent files
Not extracting type definition FStar.Float.float to KreMLin (assumed type)
Not extracting FStar.Exn.raise to KreMLin (polymorphic assumes are not supported)
C:/build/agent2/_work/4/s/fstar/ulib/FStar.Math.Lemmas.fst(0,0-0,0): (Warning 241) Stale cache file ..\secure_api\out\vale_aes_abstract_id\cache\FStar.Math.Lemmas.fst.checked.lax; will recheck C:/build/agent2/_work/4/s/fstar/ulib/FStar.Math.Lemmas.fst and all subsequent files
C:/build/agent2/_work/4/s/fstar/ulib/FStar.TSet.fst(0,0-0,0): (Warning 241) Stale cache file ..\secure_api\out\vale_aes_abstract_id\cache\FStar.TSet.fst.checked.lax; will recheck C:/build/agent2/_work/4/s/fstar/ulib/FStar.TSet.fst and all subsequent files
C:/build/agent2/_work/4/s/fstar/ulib/FStar.Map.fst(0,0-0,0): (Warning 241) Stale cache file ..\secure_api\out\vale_aes_abstract_id\cache\FStar.Map.fst.checked.lax; will recheck C:/build/agent2/_work/4/s/fstar/ulib/FStar.Map.fst and all subsequent files
C:/build/agent2/_work/4/s/fstar/ulib/FStar.Math.Lemmas.fst(0,0-0,0): (Warning 241) Stale cache file ..\secure_api\out\hacl_aes_abstract_id\cache\FStar.Math.Lemmas.fst.checked.lax; will recheck C:/build/agent2/_work/4/s/fstar/ulib/FStar.Math.Lemmas.fst and all subsequent files
C:/build/agent2/_work/4/s/fstar/ulib/FStar.Monotonic.Witnessed.fst(0,0-0,0): (Warning 241) Stale cache file ..\secure_api\out\vale_aes_abstract_id\cache\FStar.Monotonic.Witnessed.fst.checked.lax; will recheck C:/build/agent2/_work/4/s/fstar/ulib/FStar.Monotonic.Witnessed.fst and all subsequent files
C:/build/agent2/_work/4/s/fstar/ulib/FStar.TSet.fst(0,0-0,0): (Warning 241) Stale cache file ..\secure_api\out\hacl_aes_abstract_id\cache\FStar.TSet.fst.checked.lax; will recheck C:/build/agent2/_work/4/s/fstar/ulib/FStar.TSet.fst and all subsequent files
C:/build/agent2/_work/4/s/fstar/ulib/FStar.Math.Lemmas.fst(0,0-0,0): (Warning 241) Stale cache file ..\secure_api\out\runtime_switch\cache\FStar.Math.Lemmas.fst.checked.lax; will recheck C:/build/agent2/_work/4/s/fstar/ulib/FStar.Math.Lemmas.fst and all subsequent files
C:/build/agent2/_work/4/s/fstar/ulib/FStar.Map.fst(0,0-0,0): (Warning 241) Stale cache file ..\secure_api\out\hacl_aes_abstract_id\cache\FStar.Map.fst.checked.lax; will recheck C:/build/agent2/_work/4/s/fstar/ulib/FStar.Map.fst and all subsequent files
C:/build/agent2/_work/4/s/fstar/ulib/FStar.Monotonic.Witnessed.fst(0,0-0,0): (Warning 241) Stale cache file ..\secure_api\out\hacl_aes_abstract_id\cache\FStar.Monotonic.Witnessed.fst.checked.lax; will recheck C:/build/agent2/_work/4/s/fstar/ulib/FStar.Monotonic.Witnessed.fst and all subsequent files
C:/build/agent2/_work/4/s/fstar/ulib/FStar.TSet.fst(0,0-0,0): (Warning 241) Stale cache file ..\secure_api\out\runtime_switch\cache\FStar.TSet.fst.checked.lax; will recheck C:/build/agent2/_work/4/s/fstar/ulib/FStar.TSet.fst and all subsequent files
Not extracting type definition FStar.Monotonic.Witnessed.get to KreMLin (assumed type)
Not extracting type definition FStar.Monotonic.Witnessed.set to KreMLin (assumed type)
C:/build/agent2/_work/4/s/fstar/ulib/FStar.List.Tot.Properties.fst(0,0-0,0): (Warning 241) Stale cache file ..\secure_api\out\vale_aes_abstract_id\cache\FStar.List.Tot.Properties.fst.checked.lax; will recheck C:/build/agent2/_work/4/s/fstar/ulib/FStar.List.Tot.Properties.fst and all subsequent files
C:/build/agent2/_work/4/s/fstar/ulib/FStar.Map.fst(0,0-0,0): (Warning 241) Stale cache file ..\secure_api\out\runtime_switch\cache\FStar.Map.fst.checked.lax; will recheck C:/build/agent2/_work/4/s/fstar/ulib/FStar.Map.fst and all subsequent files
C:/build/agent2/_work/4/s/fstar/ulib/FStar.Monotonic.Witnessed.fst(0,0-0,0): (Warning 241) Stale cache file ..\secure_api\out\runtime_switch\cache\FStar.Monotonic.Witnessed.fst.checked.lax; will recheck C:/build/agent2/_work/4/s/fstar/ulib/FStar.Monotonic.Witnessed.fst and all subsequent files
Not extracting type definition FStar.Monotonic.Witnessed.get to KreMLin (assumed type)
Not extracting type definition FStar.Monotonic.Witnessed.set to KreMLin (assumed type)
C:/build/agent2/_work/4/s/fstar/ulib/FStar.Monotonic.Heap.fsti(0,0-0,0): (Warning 241) Stale cache file ..\secure_api\out\vale_aes_abstract_id\cache\FStar.Monotonic.Heap.fsti.checked.lax; will recheck C:/build/agent2/_work/4/s/fstar/ulib/FStar.Monotonic.Heap.fsti and all subsequent files
C:/build/agent2/_work/4/s/fstar/ulib/FStar.List.Tot.Properties.fst(0,0-0,0): (Warning 241) Stale cache file ..\secure_api\out\hacl_aes_abstract_id\cache\FStar.List.Tot.Properties.fst.checked.lax; will recheck C:/build/agent2/_work/4/s/fstar/ulib/FStar.List.Tot.Properties.fst and all subsequent files
C:/build/agent2/_work/4/s/fstar/ulib/FStar.List.Tot.fst(0,0-0,0): (Warning 241) Stale cache file ..\secure_api\out\vale_aes_abstract_id\cache\FStar.List.Tot.fst.checked.lax; will recheck C:/build/agent2/_work/4/s/fstar/ulib/FStar.List.Tot.fst and all subsequent files
C:/build/agent2/_work/4/s/fstar/ulib/FStar.Monotonic.Heap.fsti(0,0-0,0): (Warning 241) Stale cache file ..\secure_api\out\hacl_aes_abstract_id\cache\FStar.Monotonic.Heap.fsti.checked.lax; will recheck C:/build/agent2/_work/4/s/fstar/ulib/FStar.Monotonic.Heap.fsti and all subsequent files
Not extracting type definition FStar.Monotonic.Witnessed.get to KreMLin (assumed type)
Not extracting type definition FStar.Monotonic.Witnessed.set to KreMLin (assumed type)
C:/build/agent2/_work/4/s/fstar/ulib/FStar.Heap.fst(0,0-0,0): (Warning 241) Stale cache file ..\secure_api\out\vale_aes_abstract_id\cache\FStar.Heap.fst.checked.lax; will recheck C:/build/agent2/_work/4/s/fstar/ulib/FStar.Heap.fst and all subsequent files
C:/build/agent2/_work/4/s/fstar/ulib/FStar.Monotonic.Heap.fsti(0,0-0,0): (Warning 241) Stale cache file ..\secure_api\out\runtime_switch\cache\FStar.Monotonic.Heap.fsti.checked.lax; will recheck C:/build/agent2/_work/4/s/fstar/ulib/FStar.Monotonic.Heap.fsti and all subsequent files
C:/build/agent2/_work/4/s/fstar/ulib/FStar.List.Tot.fst(0,0-0,0): (Warning 241) Stale cache file ..\secure_api\out\hacl_aes_abstract_id\cache\FStar.List.Tot.fst.checked.lax; will recheck C:/build/agent2/_work/4/s/fstar/ulib/FStar.List.Tot.fst and all subsequent files
C:/build/agent2/_work/4/s/fstar/ulib/FStar.List.Tot.Properties.fst(0,0-0,0): (Warning 241) Stale cache file ..\secure_api\out\runtime_switch\cache\FStar.List.Tot.Properties.fst.checked.lax; will recheck C:/build/agent2/_work/4/s/fstar/ulib/FStar.List.Tot.Properties.fst and all subsequent files
C:/build/agent2/_work/4/s/fstar/ulib/FStar.Heap.fst(0,0-0,0): (Warning 241) Stale cache file ..\secure_api\out\hacl_aes_abstract_id\cache\FStar.Heap.fst.checked.lax; will recheck C:/build/agent2/_work/4/s/fstar/ulib/FStar.Heap.fst and all subsequent files
C:/build/agent2/_work/4/s/fstar/ulib/FStar.Heap.fst(0,0-0,0): (Warning 241) Stale cache file ..\secure_api\out\runtime_switch\cache\FStar.Heap.fst.checked.lax; will recheck C:/build/agent2/_work/4/s/fstar/ulib/FStar.Heap.fst and all subsequent files
C:/build/agent2/_work/4/s/fstar/ulib/FStar.ST.fst(0,0-0,0): (Warning 241) Stale cache file ..\secure_api\out\vale_aes_abstract_id\cache\FStar.ST.fst.checked.lax; will recheck C:/build/agent2/_work/4/s/fstar/ulib/FStar.ST.fst and all subsequent files
C:/build/agent2/_work/4/s/fstar/ulib/FStar.Monotonic.HyperHeap.fst(0,0-0,0): (Warning 241) Stale cache file ..\secure_api\out\vale_aes_abstract_id\cache\FStar.Monotonic.HyperHeap.fst.checked.lax; will recheck C:/build/agent2/_work/4/s/fstar/ulib/FStar.Monotonic.HyperHeap.fst and all subsequent files
C:/build/agent2/_work/4/s/fstar/ulib/FStar.List.Tot.fst(0,0-0,0): (Warning 241) Stale cache file ..\secure_api\out\runtime_switch\cache\FStar.List.Tot.fst.checked.lax; will recheck C:/build/agent2/_work/4/s/fstar/ulib/FStar.List.Tot.fst and all subsequent files
C:/build/agent2/_work/4/s/fstar/ulib/FStar.Seq.Base.fst(0,0-0,0): (Warning 241) Stale cache file ..\secure_api\out\vale_aes_abstract_id\cache\FStar.Seq.Base.fst.checked.lax; will recheck C:/build/agent2/_work/4/s/fstar/ulib/FStar.Seq.Base.fst and all subsequent files
C:/build/agent2/_work/4/s/fstar/ulib/FStar.Monotonic.HyperHeap.fst(0,0-0,0): (Warning 241) Stale cache file ..\secure_api\out\hacl_aes_abstract_id\cache\FStar.Monotonic.HyperHeap.fst.checked.lax; will recheck C:/build/agent2/_work/4/s/fstar/ulib/FStar.Monotonic.HyperHeap.fst and all subsequent files
C:/build/agent2/_work/4/s/fstar/ulib/FStar.ST.fst(0,0-0,0): (Warning 241) Stale cache file ..\secure_api\out\hacl_aes_abstract_id\cache\FStar.ST.fst.checked.lax; will recheck C:/build/agent2/_work/4/s/fstar/ulib/FStar.ST.fst and all subsequent files
C:/build/agent2/_work/4/s/fstar/ulib/FStar.ST.fst(0,0-0,0): (Warning 241) Stale cache file ..\secure_api\out\runtime_switch\cache\FStar.ST.fst.checked.lax; will recheck C:/build/agent2/_work/4/s/fstar/ulib/FStar.ST.fst and all subsequent files
C:/build/agent2/_work/4/s/fstar/ulib/FStar.Seq.Base.fst(0,0-0,0): (Warning 241) Stale cache file ..\secure_api\out\hacl_aes_abstract_id\cache\FStar.Seq.Base.fst.checked.lax; will recheck C:/build/agent2/_work/4/s/fstar/ulib/FStar.Seq.Base.fst and all subsequent files
C:/build/agent2/_work/4/s/fstar/ulib/FStar.All.fst(0,0-0,0): (Warning 241) Stale cache file ..\secure_api\out\vale_aes_abstract_id\cache\FStar.All.fst.checked.lax; will recheck C:/build/agent2/_work/4/s/fstar/ulib/FStar.All.fst and all subsequent files
Not extracting FStar.ST.gst_witness to KreMLin (polymorphic assumes are not supported)
Not extracting FStar.ST.gst_recall to KreMLin (polymorphic assumes are not supported)
Not extracting FStar.ST.gst_witness to KreMLin (polymorphic assumes are not supported)
Not extracting FStar.ST.gst_recall to KreMLin (polymorphic assumes are not supported)
C:/build/agent2/_work/4/s/fstar/ulib/FStar.All.fst(0,0-0,0): (Warning 241) Stale cache file ..\secure_api\out\hacl_aes_abstract_id\cache\FStar.All.fst.checked.lax; will recheck C:/build/agent2/_work/4/s/fstar/ulib/FStar.All.fst and all subsequent files
C:/build/agent2/_work/4/s/fstar/ulib/FStar.IO.fst(0,0-0,0): (Warning 241) Stale cache file ..\secure_api\out\vale_aes_abstract_id\cache\FStar.IO.fst.checked.lax; will recheck C:/build/agent2/_work/4/s/fstar/ulib/FStar.IO.fst and all subsequent files
C:/build/agent2/_work/4/s/fstar/ulib/FStar.Monotonic.HyperHeap.fst(0,0-0,0): (Warning 241) Stale cache file ..\secure_api\out\runtime_switch\cache\FStar.Monotonic.HyperHeap.fst.checked.lax; will recheck C:/build/agent2/_work/4/s/fstar/ulib/FStar.Monotonic.HyperHeap.fst and all subsequent files
Not extracting FStar.ST.gst_witness to KreMLin (polymorphic assumes are not supported)
Not extracting FStar.ST.gst_recall to KreMLin (polymorphic assumes are not supported)
C:/build/agent2/_work/4/s/fstar/ulib/FStar.Seq.Base.fst(0,0-0,0): (Warning 241) Stale cache file ..\secure_api\out\runtime_switch\cache\FStar.Seq.Base.fst.checked.lax; will recheck C:/build/agent2/_work/4/s/fstar/ulib/FStar.Seq.Base.fst and all subsequent files
Not extracting FStar.All.pipe_right to KreMLin (polymorphic assumes are not supported)
Not extracting FStar.All.pipe_left to KreMLin (polymorphic assumes are not supported)
Not extracting FStar.All.exit to KreMLin (polymorphic assumes are not supported)
Not extracting FStar.All.try_with to KreMLin (polymorphic assumes are not supported)
Not extracting exception Failure to KreMLin (exceptions unsupported)
Not extracting FStar.All.failwith to KreMLin (polymorphic assumes are not supported)
C:/build/agent2/_work/4/s/fstar/ulib/FStar.All.fst(0,0-0,0): (Warning 241) Stale cache file ..\secure_api\out\runtime_switch\cache\FStar.All.fst.checked.lax; will recheck C:/build/agent2/_work/4/s/fstar/ulib/FStar.All.fst and all subsequent files
C:/build/agent2/_work/4/s/fstar/ulib/FStar.Monotonic.HyperStack.fst(0,0-0,0): (Warning 241) Stale cache file ..\secure_api\out\vale_aes_abstract_id\cache\FStar.Monotonic.HyperStack.fst.checked.lax; will recheck C:/build/agent2/_work/4/s/fstar/ulib/FStar.Monotonic.HyperStack.fst and all subsequent files
C:/build/agent2/_work/4/s/fstar/ulib/FStar.List.fst(0,0-0,0): (Warning 241) Stale cache file ..\secure_api\out\vale_aes_abstract_id\cache\FStar.List.fst.checked.lax; will recheck C:/build/agent2/_work/4/s/fstar/ulib/FStar.List.fst and all subsequent files
C:/build/agent2/_work/4/s/fstar/ulib/FStar.IO.fst(0,0-0,0): (Warning 241) Stale cache file ..\secure_api\out\hacl_aes_abstract_id\cache\FStar.IO.fst.checked.lax; will recheck C:/build/agent2/_work/4/s/fstar/ulib/FStar.IO.fst and all subsequent files
Not extracting FStar.All.pipe_right to KreMLin (polymorphic assumes are not supported)
Not extracting FStar.All.pipe_left to KreMLin (polymorphic assumes are not supported)
Not extracting FStar.All.exit to KreMLin (polymorphic assumes are not supported)
Not extracting FStar.All.try_with to KreMLin (polymorphic assumes are not supported)
Not extracting exception Failure to KreMLin (exceptions unsupported)
Not extracting FStar.All.failwith to KreMLin (polymorphic assumes are not supported)
C:/build/agent2/_work/4/s/fstar/ulib/FStar.Monotonic.HyperStack.fst(0,0-0,0): (Warning 241) Stale cache file ..\secure_api\out\hacl_aes_abstract_id\cache\FStar.Monotonic.HyperStack.fst.checked.lax; will recheck C:/build/agent2/_work/4/s/fstar/ulib/FStar.Monotonic.HyperStack.fst and all subsequent files
Not extracting exception EOF to KreMLin (exceptions unsupported)
Not extracting type definition FStar.IO.fd_read to KreMLin (assumed type)
Not extracting type definition FStar.IO.fd_write to KreMLin (assumed type)
Not extracting FStar.IO.print_any to KreMLin (polymorphic assumes are not supported)
C:/build/agent2/_work/4/s/fstar/ulib/FStar.IO.fst(0,0-0,0): (Warning 241) Stale cache file ..\secure_api\out\runtime_switch\cache\FStar.IO.fst.checked.lax; will recheck C:/build/agent2/_work/4/s/fstar/ulib/FStar.IO.fst and all subsequent files
Not extracting FStar.All.pipe_right to KreMLin (polymorphic assumes are not supported)
Not extracting FStar.All.pipe_left to KreMLin (polymorphic assumes are not supported)
Not extracting FStar.All.exit to KreMLin (polymorphic assumes are not supported)
Not extracting FStar.All.try_with to KreMLin (polymorphic assumes are not supported)
Not extracting exception Failure to KreMLin (exceptions unsupported)
Not extracting FStar.All.failwith to KreMLin (polymorphic assumes are not supported)
C:/build/agent2/_work/4/s/fstar/ulib/FStar.List.fst(0,0-0,0): (Warning 241) Stale cache file ..\secure_api\out\hacl_aes_abstract_id\cache\FStar.List.fst.checked.lax; will recheck C:/build/agent2/_work/4/s/fstar/ulib/FStar.List.fst and all subsequent files
C:/build/agent2/_work/4/s/fstar/ulib/FStar.List.fst(0,0-0,0): (Warning 241) Stale cache file ..\secure_api\out\runtime_switch\cache\FStar.List.fst.checked.lax; will recheck C:/build/agent2/_work/4/s/fstar/ulib/FStar.List.fst and all subsequent files
C:/build/agent2/_work/4/s/fstar/ulib/FStar.HyperStack.fst(0,0-0,0): (Warning 241) Stale cache file ..\secure_api\out\vale_aes_abstract_id\cache\FStar.HyperStack.fst.checked.lax; will recheck C:/build/agent2/_work/4/s/fstar/ulib/FStar.HyperStack.fst and all subsequent files
Not extracting exception EOF to KreMLin (exceptions unsupported)
Not extracting type definition FStar.IO.fd_read to KreMLin (assumed type)
Not extracting type definition FStar.IO.fd_write to KreMLin (assumed type)
Not extracting FStar.IO.print_any to KreMLin (polymorphic assumes are not supported)
C:/build/agent2/_work/4/s/fstar/ulib/FStar.Monotonic.HyperStack.fst(0,0-0,0): (Warning 241) Stale cache file ..\secure_api\out\runtime_switch\cache\FStar.Monotonic.HyperStack.fst.checked.lax; will recheck C:/build/agent2/_work/4/s/fstar/ulib/FStar.Monotonic.HyperStack.fst and all subsequent files
C:/build/agent2/_work/4/s/fstar/ulib/FStar.HyperStack.fst(0,0-0,0): (Warning 241) Stale cache file ..\secure_api\out\hacl_aes_abstract_id\cache\FStar.HyperStack.fst.checked.lax; will recheck C:/build/agent2/_work/4/s/fstar/ulib/FStar.HyperStack.fst and all subsequent files
Not extracting exception EOF to KreMLin (exceptions unsupported)
Not extracting type definition FStar.IO.fd_read to KreMLin (assumed type)
Not extracting type definition FStar.IO.fd_write to KreMLin (assumed type)
Not extracting FStar.IO.print_any to KreMLin (polymorphic assumes are not supported)
<dummy>(0,0-0,0): (Warning 250) Error while extracting FStar.List.filter_map to KreMLin (Failure("Internal error: name not found filter_map_acc\n"))

<dummy>(0,0-0,0): (Warning 250) Error while extracting FStar.List.index to KreMLin (Failure("Internal error: name not found index1\n"))

C:/build/agent2/_work/4/s/fstar/ulib/FStar.Seq.Properties.fst(0,0-0,0): (Warning 241) Stale cache file ..\secure_api\out\vale_aes_abstract_id\cache\FStar.Seq.Properties.fst.checked.lax; will recheck C:/build/agent2/_work/4/s/fstar/ulib/FStar.Seq.Properties.fst and all subsequent files
<dummy>(0,0-0,0): (Warning 250) Error while extracting FStar.List.filter_map to KreMLin (Failure("Internal error: name not found filter_map_acc\n"))

<dummy>(0,0-0,0): (Warning 250) Error while extracting FStar.List.index to KreMLin (Failure("Internal error: name not found index1\n"))

C:/build/agent2/_work/4/s/fstar/ulib/FStar.Seq.Properties.fst(0,0-0,0): (Warning 241) Stale cache file ..\secure_api\out\hacl_aes_abstract_id\cache\FStar.Seq.Properties.fst.checked.lax; will recheck C:/build/agent2/_work/4/s/fstar/ulib/FStar.Seq.Properties.fst and all subsequent files
<dummy>(0,0-0,0): (Warning 250) Error while extracting FStar.List.filter_map to KreMLin (Failure("Internal error: name not found filter_map_acc\n"))

<dummy>(0,0-0,0): (Warning 250) Error while extracting FStar.List.index to KreMLin (Failure("Internal error: name not found index1\n"))

C:/build/agent2/_work/4/s/fstar/ulib/FStar.HyperStack.fst(0,0-0,0): (Warning 241) Stale cache file ..\secure_api\out\runtime_switch\cache\FStar.HyperStack.fst.checked.lax; will recheck C:/build/agent2/_work/4/s/fstar/ulib/FStar.HyperStack.fst and all subsequent files
C:/build/agent2/_work/4/s/fstar/ulib/FStar.Seq.fst(0,0-0,0): (Warning 241) Stale cache file ..\secure_api\out\vale_aes_abstract_id\cache\FStar.Seq.fst.checked.lax; will recheck C:/build/agent2/_work/4/s/fstar/ulib/FStar.Seq.fst and all subsequent files
C:/build/agent2/_work/4/s/fstar/ulib/FStar.HyperStack.ST.fst(0,0-0,0): (Warning 241) Stale cache file ..\secure_api\out\vale_aes_abstract_id\cache\FStar.HyperStack.ST.fst.checked.lax; will recheck C:/build/agent2/_work/4/s/fstar/ulib/FStar.HyperStack.ST.fst and all subsequent files
C:/build/agent2/_work/4/s/fstar/ulib/FStar.Seq.Properties.fst(0,0-0,0): (Warning 241) Stale cache file ..\secure_api\out\runtime_switch\cache\FStar.Seq.Properties.fst.checked.lax; will recheck C:/build/agent2/_work/4/s/fstar/ulib/FStar.Seq.Properties.fst and all subsequent files
C:/build/agent2/_work/4/s/fstar/ulib/FStar.Seq.fst(0,0-0,0): (Warning 241) Stale cache file ..\secure_api\out\hacl_aes_abstract_id\cache\FStar.Seq.fst.checked.lax; will recheck C:/build/agent2/_work/4/s/fstar/ulib/FStar.Seq.fst and all subsequent files
C:/build/agent2/_work/4/s/fstar/ulib/FStar.HyperStack.ST.fst(0,0-0,0): (Warning 241) Stale cache file ..\secure_api\out\hacl_aes_abstract_id\cache\FStar.HyperStack.ST.fst.checked.lax; will recheck C:/build/agent2/_work/4/s/fstar/ulib/FStar.HyperStack.ST.fst and all subsequent files
C:/build/agent2/_work/4/s/kremlin/kremlib/Spec.Loops.fst(0,0-0,0): (Warning 241) Stale cache file ..\secure_api\out\vale_aes_abstract_id\cache\Spec.Loops.fst.checked.lax; will recheck C:/build/agent2/_work/4/s/kremlin/kremlib/Spec.Loops.fst and all subsequent files
C:/build/agent2/_work/4/s/fstar/ulib/FStar.Seq.fst(0,0-0,0): (Warning 241) Stale cache file ..\secure_api\out\runtime_switch\cache\FStar.Seq.fst.checked.lax; will recheck C:/build/agent2/_work/4/s/fstar/ulib/FStar.Seq.fst and all subsequent files
C:/build/agent2/_work/4/s/fstar/ulib/FStar.BitVector.fst(0,0-0,0): (Warning 241) Stale cache file ..\secure_api\out\vale_aes_abstract_id\cache\FStar.BitVector.fst.checked.lax; will recheck C:/build/agent2/_work/4/s/fstar/ulib/FStar.BitVector.fst and all subsequent files
C:/build/agent2/_work/4/s/fstar/ulib/FStar.HyperStack.All.fst(0,0-0,0): (Warning 241) Stale cache file ..\secure_api\out\vale_aes_abstract_id\cache\FStar.HyperStack.All.fst.checked.lax; will recheck C:/build/agent2/_work/4/s/fstar/ulib/FStar.HyperStack.All.fst and all subsequent files
C:/build/agent2/_work/4/s/kremlin/kremlib/Spec.Loops.fst(0,0-0,0): (Warning 241) Stale cache file ..\secure_api\out\hacl_aes_abstract_id\cache\Spec.Loops.fst.checked.lax; will recheck C:/build/agent2/_work/4/s/kremlin/kremlib/Spec.Loops.fst and all subsequent files
C:/build/agent2/_work/4/s/fstar/ulib/FStar.HyperStack.ST.fst(0,0-0,0): (Warning 241) Stale cache file ..\secure_api\out\runtime_switch\cache\FStar.HyperStack.ST.fst.checked.lax; will recheck C:/build/agent2/_work/4/s/fstar/ulib/FStar.HyperStack.ST.fst and all subsequent files
C:/build/agent2/_work/4/s/fstar/ulib/FStar.BitVector.fst(0,0-0,0): (Warning 241) Stale cache file ..\secure_api\out\hacl_aes_abstract_id\cache\FStar.BitVector.fst.checked.lax; will recheck C:/build/agent2/_work/4/s/fstar/ulib/FStar.BitVector.fst and all subsequent files
Not extracting FStar.HyperStack.ST.gst_witness to KreMLin (polymorphic assumes are not supported)
Not extracting FStar.HyperStack.ST.gst_recall to KreMLin (polymorphic assumes are not supported)
C:/build/agent2/_work/4/s/fstar/ulib/FStar.BitVector.fst(0,0-0,0): (Warning 241) Stale cache file ..\secure_api\out\runtime_switch\cache\FStar.BitVector.fst.checked.lax; will recheck C:/build/agent2/_work/4/s/fstar/ulib/FStar.BitVector.fst and all subsequent files
C:/build/agent2/_work/4/s/kremlin/kremlib/Spec.Loops.fst(0,0-0,0): (Warning 241) Stale cache file ..\secure_api\out\runtime_switch\cache\Spec.Loops.fst.checked.lax; will recheck C:/build/agent2/_work/4/s/kremlin/kremlib/Spec.Loops.fst and all subsequent files
C:/build/agent2/_work/4/s/fstar/ulib/FStar.HyperStack.All.fst(0,0-0,0): (Warning 241) Stale cache file ..\secure_api\out\hacl_aes_abstract_id\cache\FStar.HyperStack.All.fst.checked.lax; will recheck C:/build/agent2/_work/4/s/fstar/ulib/FStar.HyperStack.All.fst and all subsequent files
Not extracting FStar.HyperStack.All.pipe_right to KreMLin (polymorphic assumes are not supported)
Not extracting FStar.HyperStack.All.pipe_left to KreMLin (polymorphic assumes are not supported)
Not extracting FStar.HyperStack.All.failwith to KreMLin (polymorphic assumes are not supported)
Not extracting FStar.HyperStack.All.exit to KreMLin (polymorphic assumes are not supported)
Not extracting FStar.HyperStack.All.try_with to KreMLin (polymorphic assumes are not supported)
Not extracting FStar.HyperStack.ST.gst_witness to KreMLin (polymorphic assumes are not supported)
Not extracting FStar.HyperStack.ST.gst_recall to KreMLin (polymorphic assumes are not supported)
C:/build/agent2/_work/4/s/fstar/ulib/FStar.HyperStack.All.fst(0,0-0,0): (Warning 241) Stale cache file ..\secure_api\out\runtime_switch\cache\FStar.HyperStack.All.fst.checked.lax; will recheck C:/build/agent2/_work/4/s/fstar/ulib/FStar.HyperStack.All.fst and all subsequent files
Not extracting FStar.HyperStack.ST.gst_witness to KreMLin (polymorphic assumes are not supported)
Not extracting FStar.HyperStack.ST.gst_recall to KreMLin (polymorphic assumes are not supported)
C:/build/agent2/_work/4/s/fstar/ulib/FStar.UInt.fst(0,0-0,0): (Warning 241) Stale cache file ..\secure_api\out\vale_aes_abstract_id\cache\FStar.UInt.fst.checked.lax; will recheck C:/build/agent2/_work/4/s/fstar/ulib/FStar.UInt.fst and all subsequent files
Not extracting type definition Crypto.Indexing.id to KreMLin (assumed type)
Not extracting FStar.HyperStack.All.pipe_right to KreMLin (polymorphic assumes are not supported)
Not extracting FStar.HyperStack.All.pipe_left to KreMLin (polymorphic assumes are not supported)
Not extracting FStar.HyperStack.All.failwith to KreMLin (polymorphic assumes are not supported)
Not extracting FStar.HyperStack.All.exit to KreMLin (polymorphic assumes are not supported)
Not extracting FStar.HyperStack.All.try_with to KreMLin (polymorphic assumes are not supported)
C:/build/agent2/_work/4/s/fstar/ulib/FStar.UInt.fst(0,0-0,0): (Warning 241) Stale cache file ..\secure_api\out\hacl_aes_abstract_id\cache\FStar.UInt.fst.checked.lax; will recheck C:/build/agent2/_work/4/s/fstar/ulib/FStar.UInt.fst and all subsequent files
Not extracting FStar.HyperStack.All.pipe_right to KreMLin (polymorphic assumes are not supported)
Not extracting FStar.HyperStack.All.pipe_left to KreMLin (polymorphic assumes are not supported)
Not extracting FStar.HyperStack.All.failwith to KreMLin (polymorphic assumes are not supported)
Not extracting FStar.HyperStack.All.exit to KreMLin (polymorphic assumes are not supported)
Not extracting FStar.HyperStack.All.try_with to KreMLin (polymorphic assumes are not supported)
C:/build/agent2/_work/4/s/fstar/ulib/FStar.UInt32.fst(0,0-0,0): (Warning 241) Stale cache file ..\secure_api\out\vale_aes_abstract_id\cache\FStar.UInt32.fst.checked.lax; will recheck C:/build/agent2/_work/4/s/fstar/ulib/FStar.UInt32.fst and all subsequent files
Not extracting type definition Crypto.Indexing.id to KreMLin (assumed type)
C:/build/agent2/_work/4/s/fstar/ulib/FStar.UInt32.fst(0,0-0,0): (Warning 241) Stale cache file ..\secure_api\out\hacl_aes_abstract_id\cache\FStar.UInt32.fst.checked.lax; will recheck C:/build/agent2/_work/4/s/fstar/ulib/FStar.UInt32.fst and all subsequent files
C:/build/agent2/_work/4/s/fstar/ulib/FStar.UInt.fst(0,0-0,0): (Warning 241) Stale cache file ..\secure_api\out\runtime_switch\cache\FStar.UInt.fst.checked.lax; will recheck C:/build/agent2/_work/4/s/fstar/ulib/FStar.UInt.fst and all subsequent files
C:/build/agent2/_work/4/s/fstar/ulib/FStar.Int64.fst(0,0-0,0): (Warning 241) Stale cache file ..\secure_api\out\vale_aes_abstract_id\cache\FStar.Int64.fst.checked.lax; will recheck C:/build/agent2/_work/4/s/fstar/ulib/FStar.Int64.fst and all subsequent files
C:/build/agent2/_work/4/s/fstar/ulib/FStar.Int32.fst(0,0-0,0): (Warning 241) Stale cache file ..\secure_api\out\vale_aes_abstract_id\cache\FStar.Int32.fst.checked.lax; will recheck C:/build/agent2/_work/4/s/fstar/ulib/FStar.Int32.fst and all subsequent files
C:/build/agent2/_work/4/s/fstar/ulib/FStar.Int63.fst(0,0-0,0): (Warning 241) Stale cache file ..\secure_api\out\vale_aes_abstract_id\cache\FStar.Int63.fst.checked.lax; will recheck C:/build/agent2/_work/4/s/fstar/ulib/FStar.Int63.fst and all subsequent files
C:/build/agent2/_work/4/s/fstar/ulib/FStar.Int16.fst(0,0-0,0): (Warning 241) Stale cache file ..\secure_api\out\vale_aes_abstract_id\cache\FStar.Int16.fst.checked.lax; will recheck C:/build/agent2/_work/4/s/fstar/ulib/FStar.Int16.fst and all subsequent files
C:/build/agent2/_work/4/s/fstar/ulib/FStar.Int8.fst(0,0-0,0): (Warning 241) Stale cache file ..\secure_api\out\vale_aes_abstract_id\cache\FStar.Int8.fst.checked.lax; will recheck C:/build/agent2/_work/4/s/fstar/ulib/FStar.Int8.fst and all subsequent files
C:/build/agent2/_work/4/s/fstar/ulib/FStar.UInt64.fst(0,0-0,0): (Warning 241) Stale cache file ..\secure_api\out\vale_aes_abstract_id\cache\FStar.UInt64.fst.checked.lax; will recheck C:/build/agent2/_work/4/s/fstar/ulib/FStar.UInt64.fst and all subsequent files
C:/build/agent2/_work/4/s/fstar/ulib/FStar.UInt63.fst(0,0-0,0): (Warning 241) Stale cache file ..\secure_api\out\vale_aes_abstract_id\cache\FStar.UInt63.fst.checked.lax; will recheck C:/build/agent2/_work/4/s/fstar/ulib/FStar.UInt63.fst and all subsequent files
C:/build/agent2/_work/4/s/fstar/ulib/FStar.UInt16.fst(0,0-0,0): (Warning 241) Stale cache file ..\secure_api\out\vale_aes_abstract_id\cache\FStar.UInt16.fst.checked.lax; will recheck C:/build/agent2/_work/4/s/fstar/ulib/FStar.UInt16.fst and all subsequent files
C:/build/agent2/_work/4/s/fstar/ulib/FStar.Int64.fst(0,0-0,0): (Warning 241) Stale cache file ..\secure_api\out\hacl_aes_abstract_id\cache\FStar.Int64.fst.checked.lax; will recheck C:/build/agent2/_work/4/s/fstar/ulib/FStar.Int64.fst and all subsequent files
C:/build/agent2/_work/4/s/fstar/ulib/FStar.Int63.fst(0,0-0,0): (Warning 241) Stale cache file ..\secure_api\out\hacl_aes_abstract_id\cache\FStar.Int63.fst.checked.lax; will recheck C:/build/agent2/_work/4/s/fstar/ulib/FStar.Int63.fst and all subsequent files
C:/build/agent2/_work/4/s/hacl-star/code/lib/kremlin/Hacl.UInt32.fst(0,0-0,0): (Warning 241) Stale cache file ..\secure_api\out\vale_aes_abstract_id\cache\Hacl.UInt32.fst.checked.lax; will recheck C:/build/agent2/_work/4/s/hacl-star/code/lib/kremlin/Hacl.UInt32.fst and all subsequent files
C:/build/agent2/_work/4/s/fstar/ulib/FStar.UInt8.fst(0,0-0,0): (Warning 241) Stale cache file ..\secure_api\out\vale_aes_abstract_id\cache\FStar.UInt8.fst.checked.lax; will recheck C:/build/agent2/_work/4/s/fstar/ulib/FStar.UInt8.fst and all subsequent files
C:/build/agent2/_work/4/s/fstar/ulib/FStar.UInt32.fst(0,0-0,0): (Warning 241) Stale cache file ..\secure_api\out\runtime_switch\cache\FStar.UInt32.fst.checked.lax; will recheck C:/build/agent2/_work/4/s/fstar/ulib/FStar.UInt32.fst and all subsequent files
C:/build/agent2/_work/4/s/fstar/ulib/FStar.Int32.fst(0,0-0,0): (Warning 241) Stale cache file ..\secure_api\out\hacl_aes_abstract_id\cache\FStar.Int32.fst.checked.lax; will recheck C:/build/agent2/_work/4/s/fstar/ulib/FStar.Int32.fst and all subsequent files
C:/build/agent2/_work/4/s/fstar/ulib/FStar.Char.fsti(0,0-0,0): (Warning 241) Stale cache file ..\secure_api\out\vale_aes_abstract_id\cache\FStar.Char.fsti.checked.lax; will recheck C:/build/agent2/_work/4/s/fstar/ulib/FStar.Char.fsti and all subsequent files
C:/build/agent2/_work/4/s/fstar/ulib/FStar.Int16.fst(0,0-0,0): (Warning 241) Stale cache file ..\secure_api\out\hacl_aes_abstract_id\cache\FStar.Int16.fst.checked.lax; will recheck C:/build/agent2/_work/4/s/fstar/ulib/FStar.Int16.fst and all subsequent files
C:/build/agent2/_work/4/s/fstar/ulib/FStar.Int8.fst(0,0-0,0): (Warning 241) Stale cache file ..\secure_api\out\hacl_aes_abstract_id\cache\FStar.Int8.fst.checked.lax; will recheck C:/build/agent2/_work/4/s/fstar/ulib/FStar.Int8.fst and all subsequent files
C:/build/agent2/_work/4/s/fstar/ulib/FStar.UInt64.fst(0,0-0,0): (Warning 241) Stale cache file ..\secure_api\out\hacl_aes_abstract_id\cache\FStar.UInt64.fst.checked.lax; will recheck C:/build/agent2/_work/4/s/fstar/ulib/FStar.UInt64.fst and all subsequent files
C:/build/agent2/_work/4/s/hacl-star/code/lib/kremlin/Hacl.UInt32.fst(0,0-0,0): (Warning 241) Stale cache file ..\secure_api\out\hacl_aes_abstract_id\cache\Hacl.UInt32.fst.checked.lax; will recheck C:/build/agent2/_work/4/s/hacl-star/code/lib/kremlin/Hacl.UInt32.fst and all subsequent files
C:/build/agent2/_work/4/s/fstar/ulib/FStar.UInt63.fst(0,0-0,0): (Warning 241) Stale cache file ..\secure_api\out\hacl_aes_abstract_id\cache\FStar.UInt63.fst.checked.lax; will recheck C:/build/agent2/_work/4/s/fstar/ulib/FStar.UInt63.fst and all subsequent files
C:/build/agent2/_work/4/s/fstar/ulib/FStar.UInt16.fst(0,0-0,0): (Warning 241) Stale cache file ..\secure_api\out\hacl_aes_abstract_id\cache\FStar.UInt16.fst.checked.lax; will recheck C:/build/agent2/_work/4/s/fstar/ulib/FStar.UInt16.fst and all subsequent files
C:/build/agent2/_work/4/s/fstar/ulib/FStar.UInt8.fst(0,0-0,0): (Warning 241) Stale cache file ..\secure_api\out\hacl_aes_abstract_id\cache\FStar.UInt8.fst.checked.lax; will recheck C:/build/agent2/_work/4/s/fstar/ulib/FStar.UInt8.fst and all subsequent files
C:/build/agent2/_work/4/s/fstar/ulib/FStar.Char.fsti(0,0-0,0): (Warning 241) Stale cache file ..\secure_api\out\hacl_aes_abstract_id\cache\FStar.Char.fsti.checked.lax; will recheck C:/build/agent2/_work/4/s/fstar/ulib/FStar.Char.fsti and all subsequent files
C:/build/agent2/_work/4/s/hacl-star/code/lib/kremlin/Hacl.UInt64.fst(0,0-0,0): (Warning 241) Stale cache file ..\secure_api\out\vale_aes_abstract_id\cache\Hacl.UInt64.fst.checked.lax; will recheck C:/build/agent2/_work/4/s/hacl-star/code/lib/kremlin/Hacl.UInt64.fst and all subsequent files
C:/build/agent2/_work/4/s/hacl-star/code/lib/kremlin/Hacl.UInt8.fst(0,0-0,0): (Warning 241) Stale cache file ..\secure_api\out\vale_aes_abstract_id\cache\Hacl.UInt8.fst.checked.lax; will recheck C:/build/agent2/_work/4/s/hacl-star/code/lib/kremlin/Hacl.UInt8.fst and all subsequent files
C:/build/agent2/_work/4/s/fstar/ulib/FStar.Int.Cast.fst(0,0-0,0): (Warning 241) Stale cache file ..\secure_api\out\vale_aes_abstract_id\cache\FStar.Int.Cast.fst.checked.lax; will recheck C:/build/agent2/_work/4/s/fstar/ulib/FStar.Int.Cast.fst and all subsequent files
C:/build/agent2/_work/4/s/fstar/ulib/FStar.Int64.fst(0,0-0,0): (Warning 241) Stale cache file ..\secure_api\out\runtime_switch\cache\FStar.Int64.fst.checked.lax; will recheck C:/build/agent2/_work/4/s/fstar/ulib/FStar.Int64.fst and all subsequent files
C:/build/agent2/_work/4/s/fstar/ulib/FStar.UInt128.fsti(0,0-0,0): (Warning 241) Stale cache file ..\secure_api\out\vale_aes_abstract_id\cache\FStar.UInt128.fsti.checked.lax; will recheck C:/build/agent2/_work/4/s/fstar/ulib/FStar.UInt128.fsti and all subsequent files
C:/build/agent2/_work/4/s/hacl-star/code/lib/kremlin/Hacl.UInt16.fst(0,0-0,0): (Warning 241) Stale cache file ..\secure_api\out\vale_aes_abstract_id\cache\Hacl.UInt16.fst.checked.lax; will recheck C:/build/agent2/_work/4/s/hacl-star/code/lib/kremlin/Hacl.UInt16.fst and all subsequent files
C:/build/agent2/_work/4/s/hacl-star/code/lib/kremlin/Hacl.UInt64.fst(0,0-0,0): (Warning 241) Stale cache file ..\secure_api\out\hacl_aes_abstract_id\cache\Hacl.UInt64.fst.checked.lax; will recheck C:/build/agent2/_work/4/s/hacl-star/code/lib/kremlin/Hacl.UInt64.fst and all subsequent files
C:/build/agent2/_work/4/s/fstar/ulib/FStar.Int63.fst(0,0-0,0): (Warning 241) Stale cache file ..\secure_api\out\runtime_switch\cache\FStar.Int63.fst.checked.lax; will recheck C:/build/agent2/_work/4/s/fstar/ulib/FStar.Int63.fst and all subsequent files
C:/build/agent2/_work/4/s/fstar/ulib/FStar.Buffer.fst(0,0-0,0): (Warning 241) Stale cache file ..\secure_api\out\vale_aes_abstract_id\cache\FStar.Buffer.fst.checked.lax; will recheck C:/build/agent2/_work/4/s/fstar/ulib/FStar.Buffer.fst and all subsequent files
C:/build/agent2/_work/4/s/kremlin/kremlib/FStar.Kremlin.Endianness.fst(0,0-0,0): (Warning 241) Stale cache file ..\secure_api\out\vale_aes_abstract_id\cache\FStar.Kremlin.Endianness.fst.checked.lax; will recheck C:/build/agent2/_work/4/s/kremlin/kremlib/FStar.Kremlin.Endianness.fst and all subsequent files
Not extracting type definition FStar.Char.char to KreMLin (assumed type)
C:/build/agent2/_work/4/s/fstar/ulib/FStar.String.fsti(0,0-0,0): (Warning 241) Stale cache file ..\secure_api\out\vale_aes_abstract_id\cache\FStar.String.fsti.checked.lax; will recheck C:/build/agent2/_work/4/s/fstar/ulib/FStar.String.fsti and all subsequent files
C:/build/agent2/_work/4/s/fstar/ulib/FStar.Int.Cast.fst(0,0-0,0): (Warning 241) Stale cache file ..\secure_api\out\hacl_aes_abstract_id\cache\FStar.Int.Cast.fst.checked.lax; will recheck C:/build/agent2/_work/4/s/fstar/ulib/FStar.Int.Cast.fst and all subsequent files
C:/build/agent2/_work/4/s/fstar/ulib/FStar.UInt128.fsti(0,0-0,0): (Warning 241) Stale cache file ..\secure_api\out\hacl_aes_abstract_id\cache\FStar.UInt128.fsti.checked.lax; will recheck C:/build/agent2/_work/4/s/fstar/ulib/FStar.UInt128.fsti and all subsequent files
C:/build/agent2/_work/4/s/hacl-star/code/lib/kremlin/Hacl.UInt8.fst(0,0-0,0): (Warning 241) Stale cache file ..\secure_api\out\hacl_aes_abstract_id\cache\Hacl.UInt8.fst.checked.lax; will recheck C:/build/agent2/_work/4/s/hacl-star/code/lib/kremlin/Hacl.UInt8.fst and all subsequent files
C:/build/agent2/_work/4/s/fstar/ulib/FStar.Buffer.fst(0,0-0,0): (Warning 241) Stale cache file ..\secure_api\out\hacl_aes_abstract_id\cache\FStar.Buffer.fst.checked.lax; will recheck C:/build/agent2/_work/4/s/fstar/ulib/FStar.Buffer.fst and all subsequent files
C:/build/agent2/_work/4/s/fstar/ulib/FStar.Int32.fst(0,0-0,0): (Warning 241) Stale cache file ..\secure_api\out\runtime_switch\cache\FStar.Int32.fst.checked.lax; will recheck C:/build/agent2/_work/4/s/fstar/ulib/FStar.Int32.fst and all subsequent files
C:/build/agent2/_work/4/s/hacl-star/code/lib/kremlin/Hacl.UInt16.fst(0,0-0,0): (Warning 241) Stale cache file ..\secure_api\out\hacl_aes_abstract_id\cache\Hacl.UInt16.fst.checked.lax; will recheck C:/build/agent2/_work/4/s/hacl-star/code/lib/kremlin/Hacl.UInt16.fst and all subsequent files
C:/build/agent2/_work/4/s/fstar/ulib/FStar.Int.Cast.Full.fst(0,0-0,0): (Warning 241) Stale cache file ..\secure_api\out\vale_aes_abstract_id\cache\FStar.Int.Cast.Full.fst.checked.lax; will recheck C:/build/agent2/_work/4/s/fstar/ulib/FStar.Int.Cast.Full.fst and all subsequent files
C:/build/agent2/_work/4/s/hacl-star/code/lib/kremlin/Hacl.UInt128.fst(0,0-0,0): (Warning 241) Stale cache file ..\secure_api\out\vale_aes_abstract_id\cache\Hacl.UInt128.fst.checked.lax; will recheck C:/build/agent2/_work/4/s/hacl-star/code/lib/kremlin/Hacl.UInt128.fst and all subsequent files
C:/build/agent2/_work/4/s/kremlin/kremlib/FStar.Kremlin.Endianness.fst(0,0-0,0): (Warning 241) Stale cache file ..\secure_api\out\hacl_aes_abstract_id\cache\FStar.Kremlin.Endianness.fst.checked.lax; will recheck C:/build/agent2/_work/4/s/kremlin/kremlib/FStar.Kremlin.Endianness.fst and all subsequent files
Not extracting type definition FStar.Char.char to KreMLin (assumed type)
C:/build/agent2/_work/4/s/fstar/ulib/FStar.Int16.fst(0,0-0,0): (Warning 241) Stale cache file ..\secure_api\out\runtime_switch\cache\FStar.Int16.fst.checked.lax; will recheck C:/build/agent2/_work/4/s/fstar/ulib/FStar.Int16.fst and all subsequent files
C:/build/agent2/_work/4/s/fstar/ulib/FStar.String.fsti(0,0-0,0): (Warning 241) Stale cache file ..\secure_api\out\hacl_aes_abstract_id\cache\FStar.String.fsti.checked.lax; will recheck C:/build/agent2/_work/4/s/fstar/ulib/FStar.String.fsti and all subsequent files
C:/build/agent2/_work/4/s/kremlin/kremlib/C.Endianness.fst(0,0-0,0): (Warning 241) Stale cache file ..\secure_api\out\vale_aes_abstract_id\cache\C.Endianness.fst.checked.lax; will recheck C:/build/agent2/_work/4/s/kremlin/kremlib/C.Endianness.fst and all subsequent files
C:/build/agent2/_work/4/s/fstar/ulib/FStar.UInt128.fst(0,0-0,0): (Warning 241) Stale cache file ..\secure_api\out\vale_aes_abstract_id\cache\FStar.UInt128.fst.checked.lax; will recheck C:/build/agent2/_work/4/s/fstar/ulib/FStar.UInt128.fst and all subsequent files
C:/build/agent2/_work/4/s/hacl-star/secure_api/aead/Crypto.AEAD.BufferUtils.fst(86,7-86,24): (Warning 288) FStar.Monotonic.HyperStack.is_eternal_region is deprecated, use FStar.HyperStack.ST.is_eternal_region instead
C:/build/agent2/_work/4/s/hacl-star/secure_api/aead/Crypto.AEAD.BufferUtils.fst(87,7-87,24): (Warning 288) FStar.Monotonic.HyperStack.is_eternal_region is deprecated, use FStar.HyperStack.ST.is_eternal_region instead
C:/build/agent2/_work/4/s/hacl-star/secure_api/aead/Crypto.AEAD.BufferUtils.fst(126,7-126,24): (Warning 288) FStar.Monotonic.HyperStack.is_eternal_region is deprecated, use FStar.HyperStack.ST.is_eternal_region instead
C:/build/agent2/_work/4/s/hacl-star/secure_api/aead/Crypto.AEAD.BufferUtils.fst(127,7-127,24): (Warning 288) FStar.Monotonic.HyperStack.is_eternal_region is deprecated, use FStar.HyperStack.ST.is_eternal_region instead
C:/build/agent2/_work/4/s/fstar/ulib/FStar.Int8.fst(0,0-0,0): (Warning 241) Stale cache file ..\secure_api\out\runtime_switch\cache\FStar.Int8.fst.checked.lax; will recheck C:/build/agent2/_work/4/s/fstar/ulib/FStar.Int8.fst and all subsequent files
C:/build/agent2/_work/4/s/kremlin/kremlib/C.Loops.fst(0,0-0,0): (Warning 241) Stale cache file ..\secure_api\out\vale_aes_abstract_id\cache\C.Loops.fst.checked.lax; will recheck C:/build/agent2/_work/4/s/kremlin/kremlib/C.Loops.fst and all subsequent files
C:/build/agent2/_work/4/s/fstar/ulib/FStar.Int.Cast.Full.fst(0,0-0,0): (Warning 241) Stale cache file ..\secure_api\out\hacl_aes_abstract_id\cache\FStar.Int.Cast.Full.fst.checked.lax; will recheck C:/build/agent2/_work/4/s/fstar/ulib/FStar.Int.Cast.Full.fst and all subsequent files
C:/build/agent2/_work/4/s/hacl-star/code/lib/kremlin/Hacl.UInt128.fst(0,0-0,0): (Warning 241) Stale cache file ..\secure_api\out\hacl_aes_abstract_id\cache\Hacl.UInt128.fst.checked.lax; will recheck C:/build/agent2/_work/4/s/hacl-star/code/lib/kremlin/Hacl.UInt128.fst and all subsequent files
C:/build/agent2/_work/4/s/fstar/ulib/FStar.UInt64.fst(0,0-0,0): (Warning 241) Stale cache file ..\secure_api\out\runtime_switch\cache\FStar.UInt64.fst.checked.lax; will recheck C:/build/agent2/_work/4/s/fstar/ulib/FStar.UInt64.fst and all subsequent files
C:/build/agent2/_work/4/s/fstar/ulib/FStar.UInt128.fst(0,0-0,0): (Warning 241) Stale cache file ..\secure_api\out\hacl_aes_abstract_id\cache\FStar.UInt128.fst.checked.lax; will recheck C:/build/agent2/_work/4/s/fstar/ulib/FStar.UInt128.fst and all subsequent files
C:/build/agent2/_work/4/s/fstar/ulib/FStar.UInt63.fst(0,0-0,0): (Warning 241) Stale cache file ..\secure_api\out\runtime_switch\cache\FStar.UInt63.fst.checked.lax; will recheck C:/build/agent2/_work/4/s/fstar/ulib/FStar.UInt63.fst and all subsequent files
C:/build/agent2/_work/4/s/kremlin/kremlib/C.Endianness.fst(0,0-0,0): (Warning 241) Stale cache file ..\secure_api\out\hacl_aes_abstract_id\cache\C.Endianness.fst.checked.lax; will recheck C:/build/agent2/_work/4/s/kremlin/kremlib/C.Endianness.fst and all subsequent files
C:/build/agent2/_work/4/s/hacl-star/code/lib/kremlin/Hacl.Cast.fst(0,0-0,0): (Warning 241) Stale cache file ..\secure_api\out\vale_aes_abstract_id\cache\Hacl.Cast.fst.checked.lax; will recheck C:/build/agent2/_work/4/s/hacl-star/code/lib/kremlin/Hacl.Cast.fst and all subsequent files
C:/build/agent2/_work/4/s/kremlin/kremlib/C.Loops.fst(0,0-0,0): (Warning 241) Stale cache file ..\secure_api\out\hacl_aes_abstract_id\cache\C.Loops.fst.checked.lax; will recheck C:/build/agent2/_work/4/s/kremlin/kremlib/C.Loops.fst and all subsequent files
C:/build/agent2/_work/4/s/fstar/ulib/FStar.UInt16.fst(0,0-0,0): (Warning 241) Stale cache file ..\secure_api\out\runtime_switch\cache\FStar.UInt16.fst.checked.lax; will recheck C:/build/agent2/_work/4/s/fstar/ulib/FStar.UInt16.fst and all subsequent files
C:/build/agent2/_work/4/s/hacl-star/secure_api/aead/Crypto.AEAD.BufferUtils.fst(86,7-86,24): (Warning 288) FStar.Monotonic.HyperStack.is_eternal_region is deprecated, use FStar.HyperStack.ST.is_eternal_region instead
C:/build/agent2/_work/4/s/hacl-star/secure_api/aead/Crypto.AEAD.BufferUtils.fst(87,7-87,24): (Warning 288) FStar.Monotonic.HyperStack.is_eternal_region is deprecated, use FStar.HyperStack.ST.is_eternal_region instead
C:/build/agent2/_work/4/s/hacl-star/secure_api/aead/Crypto.AEAD.BufferUtils.fst(126,7-126,24): (Warning 288) FStar.Monotonic.HyperStack.is_eternal_region is deprecated, use FStar.HyperStack.ST.is_eternal_region instead
C:/build/agent2/_work/4/s/hacl-star/secure_api/aead/Crypto.AEAD.BufferUtils.fst(127,7-127,24): (Warning 288) FStar.Monotonic.HyperStack.is_eternal_region is deprecated, use FStar.HyperStack.ST.is_eternal_region instead
C:/build/agent2/_work/4/s/hacl-star/code/lib/kremlin/FStar.Endianness.fst(0,0-0,0): (Warning 241) Stale cache file ..\secure_api\out\vale_aes_abstract_id\cache\FStar.Endianness.fst.checked.lax; will recheck C:/build/agent2/_work/4/s/hacl-star/code/lib/kremlin/FStar.Endianness.fst and all subsequent files
C:/build/agent2/_work/4/s/kremlin/kremlib/C.fst(0,0-0,0): (Warning 241) Stale cache file ..\secure_api\out\vale_aes_abstract_id\cache\C.fst.checked.lax; will recheck C:/build/agent2/_work/4/s/kremlin/kremlib/C.fst and all subsequent files
C:/build/agent2/_work/4/s/fstar/ulib/FStar.UInt8.fst(0,0-0,0): (Warning 241) Stale cache file ..\secure_api\out\runtime_switch\cache\FStar.UInt8.fst.checked.lax; will recheck C:/build/agent2/_work/4/s/fstar/ulib/FStar.UInt8.fst and all subsequent files
C:/build/agent2/_work/4/s/hacl-star/code/lib/kremlin/Hacl.UInt64.fst(0,0-0,0): (Warning 241) Stale cache file ..\secure_api\out\runtime_switch\cache\Hacl.UInt64.fst.checked.lax; will recheck C:/build/agent2/_work/4/s/hacl-star/code/lib/kremlin/Hacl.UInt64.fst and all subsequent files
Not extracting C.Nullity.is_null to KreMLin (polymorphic assumes are not supported)
Not extracting C.Nullity.null to KreMLin (polymorphic assumes are not supported)
Not extracting type definition FStar.Bytes.bytes to KreMLin (assumed type)
C:/build/agent2/_work/4/s/fstar/ulib/FStar.UInt128.fsti(0,0-0,0): (Warning 241) Stale cache file ..\secure_api\out\runtime_switch\cache\FStar.UInt128.fsti.checked.lax; will recheck C:/build/agent2/_work/4/s/fstar/ulib/FStar.UInt128.fsti and all subsequent files
C:/build/agent2/_work/4/s/hacl-star/code/bignum/Hacl.Spec.Bignum.Field.fst(0,0-0,0): (Warning 241) Stale cache file ..\secure_api\out\vale_aes_abstract_id\cache\Hacl.Spec.Bignum.Field.fst.checked.lax; will recheck C:/build/agent2/_work/4/s/hacl-star/code/bignum/Hacl.Spec.Bignum.Field.fst and all subsequent files
C:/build/agent2/_work/4/s/hacl-star/code/lib/kremlin/Hacl.UInt8.fst(0,0-0,0): (Warning 241) Stale cache file ..\secure_api\out\runtime_switch\cache\Hacl.UInt8.fst.checked.lax; will recheck C:/build/agent2/_work/4/s/hacl-star/code/lib/kremlin/Hacl.UInt8.fst and all subsequent files
C:/build/agent2/_work/4/s/hacl-star/code/lib/kremlin/Hacl.Spec.Endianness.fst(0,0-0,0): (Warning 241) Stale cache file ..\secure_api\out\vale_aes_abstract_id\cache\Hacl.Spec.Endianness.fst.checked.lax; will recheck C:/build/agent2/_work/4/s/hacl-star/code/lib/kremlin/Hacl.Spec.Endianness.fst and all subsequent files
C:/build/agent2/_work/4/s/hacl-star/code/lib/kremlin/Hacl.Cast.fst(0,0-0,0): (Warning 241) Stale cache file ..\secure_api\out\hacl_aes_abstract_id\cache\Hacl.Cast.fst.checked.lax; will recheck C:/build/agent2/_work/4/s/hacl-star/code/lib/kremlin/Hacl.Cast.fst and all subsequent files
C:/build/agent2/_work/4/s/hacl-star/code/lib/kremlin/Hacl.UInt32.fst(0,0-0,0): (Warning 241) Stale cache file ..\secure_api\out\runtime_switch\cache\Hacl.UInt32.fst.checked.lax; will recheck C:/build/agent2/_work/4/s/hacl-star/code/lib/kremlin/Hacl.UInt32.fst and all subsequent files
C:/build/agent2/_work/4/s/hacl-star/specs/Spec.Lib.fst(0,0-0,0): (Warning 241) Stale cache file ..\secure_api\out\vale_aes_abstract_id\cache\Spec.Lib.fst.checked.lax; will recheck C:/build/agent2/_work/4/s/hacl-star/specs/Spec.Lib.fst and all subsequent files
C:/build/agent2/_work/4/s/kremlin/kremlib/C.fst(0,0-0,0): (Warning 241) Stale cache file ..\secure_api\out\hacl_aes_abstract_id\cache\C.fst.checked.lax; will recheck C:/build/agent2/_work/4/s/kremlin/kremlib/C.fst and all subsequent files
Not extracting type definition C.channel to KreMLin (assumed type)
Not extracting type definition C.intptr_t to KreMLin (assumed type)
Not extracting type definition C.char to KreMLin (assumed type)
Not extracting type definition C.int to KreMLin (assumed type)
Not extracting type definition C.clock_t to KreMLin (assumed type)
C:/build/agent2/_work/4/s/hacl-star/code/lib/kremlin/FStar.Endianness.fst(0,0-0,0): (Warning 241) Stale cache file ..\secure_api\out\hacl_aes_abstract_id\cache\FStar.Endianness.fst.checked.lax; will recheck C:/build/agent2/_work/4/s/hacl-star/code/lib/kremlin/FStar.Endianness.fst and all subsequent files
C:/build/agent2/_work/4/s/kremlin/kremlib/C.String.fst(0,0-0,0): (Warning 241) Stale cache file ..\secure_api\out\vale_aes_abstract_id\cache\C.String.fst.checked.lax; will recheck C:/build/agent2/_work/4/s/kremlin/kremlib/C.String.fst and all subsequent files
Not extracting type definition LowCProvider.aead_state to KreMLin (assumed type)
C:/build/agent2/_work/4/s/hacl-star/code/bignum/Hacl.Bignum.Wide.fst(0,0-0,0): (Warning 241) Stale cache file ..\secure_api\out\vale_aes_abstract_id\cache\Hacl.Bignum.Wide.fst.checked.lax; will recheck C:/build/agent2/_work/4/s/hacl-star/code/bignum/Hacl.Bignum.Wide.fst and all subsequent files
C:/build/agent2/_work/4/s/kremlin/kremlib/C.String.fst(0,0-0,0): (Warning 241) Stale cache file ..\secure_api\out\hacl_aes_abstract_id\cache\C.String.fst.checked.lax; will recheck C:/build/agent2/_work/4/s/kremlin/kremlib/C.String.fst and all subsequent files
C:/build/agent2/_work/4/s/hacl-star/code/bignum/Hacl.Bignum.Limb.fst(0,0-0,0): (Warning 241) Stale cache file ..\secure_api\out\vale_aes_abstract_id\cache\Hacl.Bignum.Limb.fst.checked.lax; will recheck C:/build/agent2/_work/4/s/hacl-star/code/bignum/Hacl.Bignum.Limb.fst and all subsequent files
Not extracting C.Nullity.is_null to KreMLin (polymorphic assumes are not supported)
Not extracting C.Nullity.null to KreMLin (polymorphic assumes are not supported)
C:/build/agent2/_work/4/s/fstar/ulib/FStar.Buffer.fst(0,0-0,0): (Warning 241) Stale cache file ..\secure_api\out\runtime_switch\cache\FStar.Buffer.fst.checked.lax; will recheck C:/build/agent2/_work/4/s/fstar/ulib/FStar.Buffer.fst and all subsequent files
Not extracting type definition FStar.Bytes.bytes to KreMLin (assumed type)
C:/build/agent2/_work/4/s/hacl-star/code/lib/kremlin/Hacl.Endianness.fst(0,0-0,0): (Warning 241) Stale cache file ..\secure_api\out\vale_aes_abstract_id\cache\Hacl.Endianness.fst.checked.lax; will recheck C:/build/agent2/_work/4/s/hacl-star/code/lib/kremlin/Hacl.Endianness.fst and all subsequent files
C:/build/agent2/_work/4/s/kremlin/kremlib/FStar.Kremlin.Endianness.fst(0,0-0,0): (Warning 241) Stale cache file ..\secure_api\out\runtime_switch\cache\FStar.Kremlin.Endianness.fst.checked.lax; will recheck C:/build/agent2/_work/4/s/kremlin/kremlib/FStar.Kremlin.Endianness.fst and all subsequent files
C:/build/agent2/_work/4/s/hacl-star/code/lib/kremlin/Hacl.UInt16.fst(0,0-0,0): (Warning 241) Stale cache file ..\secure_api\out\runtime_switch\cache\Hacl.UInt16.fst.checked.lax; will recheck C:/build/agent2/_work/4/s/hacl-star/code/lib/kremlin/Hacl.UInt16.fst and all subsequent files
C:/build/agent2/_work/4/s/hacl-star/code/bignum/Hacl.Spec.Bignum.Field.fst(0,0-0,0): (Warning 241) Stale cache file ..\secure_api\out\hacl_aes_abstract_id\cache\Hacl.Spec.Bignum.Field.fst.checked.lax; will recheck C:/build/agent2/_work/4/s/hacl-star/code/bignum/Hacl.Spec.Bignum.Field.fst and all subsequent files
C:/build/agent2/_work/4/s/hacl-star/code/lib/kremlin/Hacl.Spec.Endianness.fst(0,0-0,0): (Warning 241) Stale cache file ..\secure_api\out\hacl_aes_abstract_id\cache\Hacl.Spec.Endianness.fst.checked.lax; will recheck C:/build/agent2/_work/4/s/hacl-star/code/lib/kremlin/Hacl.Spec.Endianness.fst and all subsequent files
C:/build/agent2/_work/4/s/kremlin/kremlib/C.Loops.fst(0,0-0,0): (Warning 241) Stale cache file ..\secure_api\out\runtime_switch\cache\C.Loops.fst.checked.lax; will recheck C:/build/agent2/_work/4/s/kremlin/kremlib/C.Loops.fst and all subsequent files
Not extracting type definition C.channel to KreMLin (assumed type)
Not extracting type definition C.intptr_t to KreMLin (assumed type)
Not extracting type definition C.char to KreMLin (assumed type)
Not extracting type definition C.int to KreMLin (assumed type)
Not extracting type definition C.clock_t to KreMLin (assumed type)
C:/build/agent2/_work/4/s/hacl-star/specs/Spec.Lib.fst(0,0-0,0): (Warning 241) Stale cache file ..\secure_api\out\hacl_aes_abstract_id\cache\Spec.Lib.fst.checked.lax; will recheck C:/build/agent2/_work/4/s/hacl-star/specs/Spec.Lib.fst and all subsequent files
C:/build/agent2/_work/4/s/kremlin/kremlib/TestLib.fsti(0,0-0,0): (Warning 241) Stale cache file ..\secure_api\out\vale_aes_abstract_id\cache\TestLib.fsti.checked.lax; will recheck C:/build/agent2/_work/4/s/kremlin/kremlib/TestLib.fsti and all subsequent files
C:/build/agent2/_work/4/s/hacl-star/secure_api/aead/Crypto.AEAD.BufferUtils.fst(86,7-86,24): (Warning 288) FStar.Monotonic.HyperStack.is_eternal_region is deprecated, use FStar.HyperStack.ST.is_eternal_region instead
C:/build/agent2/_work/4/s/hacl-star/secure_api/aead/Crypto.AEAD.BufferUtils.fst(87,7-87,24): (Warning 288) FStar.Monotonic.HyperStack.is_eternal_region is deprecated, use FStar.HyperStack.ST.is_eternal_region instead
C:/build/agent2/_work/4/s/hacl-star/secure_api/aead/Crypto.AEAD.BufferUtils.fst(126,7-126,24): (Warning 288) FStar.Monotonic.HyperStack.is_eternal_region is deprecated, use FStar.HyperStack.ST.is_eternal_region instead
C:/build/agent2/_work/4/s/hacl-star/secure_api/aead/Crypto.AEAD.BufferUtils.fst(127,7-127,24): (Warning 288) FStar.Monotonic.HyperStack.is_eternal_region is deprecated, use FStar.HyperStack.ST.is_eternal_region instead
C:/build/agent2/_work/4/s/hacl-star/code/bignum/Hacl.Spec.Bignum.Bigint.fst(0,0-0,0): (Warning 241) Stale cache file ..\secure_api\out\vale_aes_abstract_id\cache\Hacl.Spec.Bignum.Bigint.fst.checked.lax; will recheck C:/build/agent2/_work/4/s/hacl-star/code/bignum/Hacl.Spec.Bignum.Bigint.fst and all subsequent files
C:/build/agent2/_work/4/s/kremlin/kremlib/TestLib.fsti(0,0-0,0): (Warning 241) Stale cache file ..\secure_api\out\hacl_aes_abstract_id\cache\TestLib.fsti.checked.lax; will recheck C:/build/agent2/_work/4/s/kremlin/kremlib/TestLib.fsti and all subsequent files
C:/build/agent2/_work/4/s/hacl-star/code/bignum/Hacl.Bignum.Wide.fst(0,0-0,0): (Warning 241) Stale cache file ..\secure_api\out\hacl_aes_abstract_id\cache\Hacl.Bignum.Wide.fst.checked.lax; will recheck C:/build/agent2/_work/4/s/hacl-star/code/bignum/Hacl.Bignum.Wide.fst and all subsequent files
C:/build/agent2/_work/4/s/hacl-star/code/bignum/Hacl.Bignum.Limb.fst(0,0-0,0): (Warning 241) Stale cache file ..\secure_api\out\hacl_aes_abstract_id\cache\Hacl.Bignum.Limb.fst.checked.lax; will recheck C:/build/agent2/_work/4/s/hacl-star/code/bignum/Hacl.Bignum.Limb.fst and all subsequent files
Not extracting type definition LowCProvider.aead_state to KreMLin (assumed type)
C:/build/agent2/_work/4/s/fstar/ulib/FStar.Char.fsti(0,0-0,0): (Warning 241) Stale cache file ..\secure_api\out\runtime_switch\cache\FStar.Char.fsti.checked.lax; will recheck C:/build/agent2/_work/4/s/fstar/ulib/FStar.Char.fsti and all subsequent files
C:/build/agent2/_work/4/s/hacl-star/code/lib/kremlin/Hacl.Endianness.fst(0,0-0,0): (Warning 241) Stale cache file ..\secure_api\out\hacl_aes_abstract_id\cache\Hacl.Endianness.fst.checked.lax; will recheck C:/build/agent2/_work/4/s/hacl-star/code/lib/kremlin/Hacl.Endianness.fst and all subsequent files
Not extracting type definition TestLib.cycles to KreMLin (assumed type)
C:/build/agent2/_work/4/s/hacl-star/code/bignum/Hacl.Spec.Bignum.Bigint.fst(0,0-0,0): (Warning 241) Stale cache file ..\secure_api\out\hacl_aes_abstract_id\cache\Hacl.Spec.Bignum.Bigint.fst.checked.lax; will recheck C:/build/agent2/_work/4/s/hacl-star/code/bignum/Hacl.Spec.Bignum.Bigint.fst and all subsequent files
C:/build/agent2/_work/4/s/fstar/ulib/FStar.Int.Cast.fst(0,0-0,0): (Warning 241) Stale cache file ..\secure_api\out\runtime_switch\cache\FStar.Int.Cast.fst.checked.lax; will recheck C:/build/agent2/_work/4/s/fstar/ulib/FStar.Int.Cast.fst and all subsequent files
Not extracting type definition TestLib.cycles to KreMLin (assumed type)
C:/build/agent2/_work/4/s/hacl-star/code/bignum/Hacl.Spec.Bignum.Fsum.fst(0,0-0,0): (Warning 241) Stale cache file ..\secure_api\out\vale_aes_abstract_id\cache\Hacl.Spec.Bignum.Fsum.fst.checked.lax; will recheck C:/build/agent2/_work/4/s/hacl-star/code/bignum/Hacl.Spec.Bignum.Fsum.fst and all subsequent files
C:/build/agent2/_work/4/s/hacl-star/code/lib/kremlin/Hacl.UInt128.fst(0,0-0,0): (Warning 241) Stale cache file ..\secure_api\out\runtime_switch\cache\Hacl.UInt128.fst.checked.lax; will recheck C:/build/agent2/_work/4/s/hacl-star/code/lib/kremlin/Hacl.UInt128.fst and all subsequent files
C:/build/agent2/_work/4/s/fstar/ulib/FStar.Int.Cast.Full.fst(0,0-0,0): (Warning 241) Stale cache file ..\secure_api\out\runtime_switch\cache\FStar.Int.Cast.Full.fst.checked.lax; will recheck C:/build/agent2/_work/4/s/fstar/ulib/FStar.Int.Cast.Full.fst and all subsequent files
C:/build/agent2/_work/4/s/kremlin/kremlib/C.Endianness.fst(0,0-0,0): (Warning 241) Stale cache file ..\secure_api\out\runtime_switch\cache\C.Endianness.fst.checked.lax; will recheck C:/build/agent2/_work/4/s/kremlin/kremlib/C.Endianness.fst and all subsequent files
C:/build/agent2/_work/4/s/hacl-star/code/bignum/Hacl.Spec.Bignum.Fsum.fst(0,0-0,0): (Warning 241) Stale cache file ..\secure_api\out\hacl_aes_abstract_id\cache\Hacl.Spec.Bignum.Fsum.fst.checked.lax; will recheck C:/build/agent2/_work/4/s/hacl-star/code/bignum/Hacl.Spec.Bignum.Fsum.fst and all subsequent files
C:/build/agent2/_work/4/s/hacl-star/code/bignum/Hacl.Spec.Bignum.Fproduct.fst(0,0-0,0): (Warning 241) Stale cache file ..\secure_api\out\vale_aes_abstract_id\cache\Hacl.Spec.Bignum.Fproduct.fst.checked.lax; will recheck C:/build/agent2/_work/4/s/hacl-star/code/bignum/Hacl.Spec.Bignum.Fproduct.fst and all subsequent files
C:/build/agent2/_work/4/s/hacl-star/code/bignum/Hacl.Bignum.Fsum.fst(0,0-0,0): (Warning 241) Stale cache file ..\secure_api\out\vale_aes_abstract_id\cache\Hacl.Bignum.Fsum.fst.checked.lax; will recheck C:/build/agent2/_work/4/s/hacl-star/code/bignum/Hacl.Bignum.Fsum.fst and all subsequent files
C:/build/agent2/_work/4/s/hacl-star/code/bignum/Hacl.Bignum.Fproduct.fst(0,0-0,0): (Warning 241) Stale cache file ..\secure_api\out\vale_aes_abstract_id\cache\Hacl.Bignum.Fproduct.fst.checked.lax; will recheck C:/build/agent2/_work/4/s/hacl-star/code/bignum/Hacl.Bignum.Fproduct.fst and all subsequent files
C:/build/agent2/_work/4/s/hacl-star/code/bignum/Hacl.Spec.Bignum.Fproduct.fst(0,0-0,0): (Warning 241) Stale cache file ..\secure_api\out\hacl_aes_abstract_id\cache\Hacl.Spec.Bignum.Fproduct.fst.checked.lax; will recheck C:/build/agent2/_work/4/s/hacl-star/code/bignum/Hacl.Spec.Bignum.Fproduct.fst and all subsequent files
C:/build/agent2/_work/4/s/hacl-star/code/bignum/Hacl.Bignum.Fsum.fst(0,0-0,0): (Warning 241) Stale cache file ..\secure_api\out\hacl_aes_abstract_id\cache\Hacl.Bignum.Fsum.fst.checked.lax; will recheck C:/build/agent2/_work/4/s/hacl-star/code/bignum/Hacl.Bignum.Fsum.fst and all subsequent files
Not extracting type definition FStar.Char.char to KreMLin (assumed type)
C:/build/agent2/_work/4/s/hacl-star/code/bignum/Hacl.Spec.Bignum.Fmul.fst(0,0-0,0): (Warning 241) Stale cache file ..\secure_api\out\vale_aes_abstract_id\cache\Hacl.Spec.Bignum.Fmul.fst.checked.lax; will recheck C:/build/agent2/_work/4/s/hacl-star/code/bignum/Hacl.Spec.Bignum.Fmul.fst and all subsequent files
C:/build/agent2/_work/4/s/fstar/ulib/FStar.String.fsti(0,0-0,0): (Warning 241) Stale cache file ..\secure_api\out\runtime_switch\cache\FStar.String.fsti.checked.lax; will recheck C:/build/agent2/_work/4/s/fstar/ulib/FStar.String.fsti and all subsequent files
Not extracting C.Nullity.is_null to KreMLin (polymorphic assumes are not supported)
Not extracting C.Nullity.null to KreMLin (polymorphic assumes are not supported)
C:/build/agent2/_work/4/s/hacl-star/code/bignum/Hacl.Spec.Bignum.Fmul.fst(0,0-0,0): (Warning 241) Stale cache file ..\secure_api\out\hacl_aes_abstract_id\cache\Hacl.Spec.Bignum.Fmul.fst.checked.lax; will recheck C:/build/agent2/_work/4/s/hacl-star/code/bignum/Hacl.Spec.Bignum.Fmul.fst and all subsequent files
C:/build/agent2/_work/4/s/fstar/ulib/FStar.UInt128.fst(0,0-0,0): (Warning 241) Stale cache file ..\secure_api\out\runtime_switch\cache\FStar.UInt128.fst.checked.lax; will recheck C:/build/agent2/_work/4/s/fstar/ulib/FStar.UInt128.fst and all subsequent files
C:/build/agent2/_work/4/s/hacl-star/code/lib/kremlin/Hacl.Cast.fst(0,0-0,0): (Warning 241) Stale cache file ..\secure_api\out\runtime_switch\cache\Hacl.Cast.fst.checked.lax; will recheck C:/build/agent2/_work/4/s/hacl-star/code/lib/kremlin/Hacl.Cast.fst and all subsequent files
C:/build/agent2/_work/4/s/hacl-star/code/bignum/Hacl.Bignum.Fmul.fst(0,0-0,0): (Warning 241) Stale cache file ..\secure_api\out\vale_aes_abstract_id\cache\Hacl.Bignum.Fmul.fst.checked.lax; will recheck C:/build/agent2/_work/4/s/hacl-star/code/bignum/Hacl.Bignum.Fmul.fst and all subsequent files
C:/build/agent2/_work/4/s/hacl-star/code/bignum/Hacl.Bignum.Fproduct.fst(0,0-0,0): (Warning 241) Stale cache file ..\secure_api\out\hacl_aes_abstract_id\cache\Hacl.Bignum.Fproduct.fst.checked.lax; will recheck C:/build/agent2/_work/4/s/hacl-star/code/bignum/Hacl.Bignum.Fproduct.fst and all subsequent files
C:/build/agent2/_work/4/s/hacl-star/code/bignum/Hacl.Spec.Bignum.Field.fst(0,0-0,0): (Warning 241) Stale cache file ..\secure_api\out\runtime_switch\cache\Hacl.Spec.Bignum.Field.fst.checked.lax; will recheck C:/build/agent2/_work/4/s/hacl-star/code/bignum/Hacl.Spec.Bignum.Field.fst and all subsequent files
C:/build/agent2/_work/4/s/hacl-star/code/lib/kremlin/FStar.Endianness.fst(0,0-0,0): (Warning 241) Stale cache file ..\secure_api\out\runtime_switch\cache\FStar.Endianness.fst.checked.lax; will recheck C:/build/agent2/_work/4/s/hacl-star/code/lib/kremlin/FStar.Endianness.fst and all subsequent files
C:/build/agent2/_work/4/s/kremlin/kremlib/C.fst(0,0-0,0): (Warning 241) Stale cache file ..\secure_api\out\runtime_switch\cache\C.fst.checked.lax; will recheck C:/build/agent2/_work/4/s/kremlin/kremlib/C.fst and all subsequent files
C:/build/agent2/_work/4/s/hacl-star/code/bignum/Hacl.Bignum.Fmul.fst(0,0-0,0): (Warning 241) Stale cache file ..\secure_api\out\hacl_aes_abstract_id\cache\Hacl.Bignum.Fmul.fst.checked.lax; will recheck C:/build/agent2/_work/4/s/hacl-star/code/bignum/Hacl.Bignum.Fmul.fst and all subsequent files
C:/build/agent2/_work/4/s/kremlin/kremlib/C.String.fst(0,0-0,0): (Warning 241) Stale cache file ..\secure_api\out\runtime_switch\cache\C.String.fst.checked.lax; will recheck C:/build/agent2/_work/4/s/kremlin/kremlib/C.String.fst and all subsequent files
C:/build/agent2/_work/4/s/hacl-star/code/lib/kremlin/Hacl.Spec.Endianness.fst(0,0-0,0): (Warning 241) Stale cache file ..\secure_api\out\runtime_switch\cache\Hacl.Spec.Endianness.fst.checked.lax; will recheck C:/build/agent2/_work/4/s/hacl-star/code/lib/kremlin/Hacl.Spec.Endianness.fst and all subsequent files
Not extracting type definition C.channel to KreMLin (assumed type)
Not extracting type definition C.intptr_t to KreMLin (assumed type)
Not extracting type definition C.char to KreMLin (assumed type)
Not extracting type definition C.int to KreMLin (assumed type)
Not extracting type definition C.clock_t to KreMLin (assumed type)
C:/build/agent2/_work/4/s/hacl-star/specs/Spec.Lib.fst(0,0-0,0): (Warning 241) Stale cache file ..\secure_api\out\runtime_switch\cache\Spec.Lib.fst.checked.lax; will recheck C:/build/agent2/_work/4/s/hacl-star/specs/Spec.Lib.fst and all subsequent files
C:/build/agent2/_work/4/s/kremlin/kremlib/TestLib.fsti(0,0-0,0): (Warning 241) Stale cache file ..\secure_api\out\runtime_switch\cache\TestLib.fsti.checked.lax; will recheck C:/build/agent2/_work/4/s/kremlin/kremlib/TestLib.fsti and all subsequent files
Not extracting type definition FStar.Bytes.bytes to KreMLin (assumed type)
C:/build/agent2/_work/4/s/hacl-star/code/bignum/Hacl.Bignum.Wide.fst(0,0-0,0): (Warning 241) Stale cache file ..\secure_api\out\runtime_switch\cache\Hacl.Bignum.Wide.fst.checked.lax; will recheck C:/build/agent2/_work/4/s/hacl-star/code/bignum/Hacl.Bignum.Wide.fst and all subsequent files
C:/build/agent2/_work/4/s/hacl-star/code/bignum/Hacl.Bignum.Limb.fst(0,0-0,0): (Warning 241) Stale cache file ..\secure_api\out\runtime_switch\cache\Hacl.Bignum.Limb.fst.checked.lax; will recheck C:/build/agent2/_work/4/s/hacl-star/code/bignum/Hacl.Bignum.Limb.fst and all subsequent files
C:/build/agent2/_work/4/s/hacl-star/code/lib/kremlin/Hacl.Endianness.fst(0,0-0,0): (Warning 241) Stale cache file ..\secure_api\out\runtime_switch\cache\Hacl.Endianness.fst.checked.lax; will recheck C:/build/agent2/_work/4/s/hacl-star/code/lib/kremlin/Hacl.Endianness.fst and all subsequent files
Not extracting type definition LowCProvider.aead_state to KreMLin (assumed type)
Not extracting type definition TestLib.cycles to KreMLin (assumed type)
C:/build/agent2/_work/4/s/hacl-star/code/bignum/Hacl.Spec.Bignum.Bigint.fst(0,0-0,0): (Warning 241) Stale cache file ..\secure_api\out\runtime_switch\cache\Hacl.Spec.Bignum.Bigint.fst.checked.lax; will recheck C:/build/agent2/_work/4/s/hacl-star/code/bignum/Hacl.Spec.Bignum.Bigint.fst and all subsequent files
C:/build/agent2/_work/4/s/hacl-star/code/bignum/Hacl.Spec.Bignum.Fsum.fst(0,0-0,0): (Warning 241) Stale cache file ..\secure_api\out\runtime_switch\cache\Hacl.Spec.Bignum.Fsum.fst.checked.lax; will recheck C:/build/agent2/_work/4/s/hacl-star/code/bignum/Hacl.Spec.Bignum.Fsum.fst and all subsequent files
C:/build/agent2/_work/4/s/hacl-star/code/bignum/Hacl.Spec.Bignum.Fproduct.fst(0,0-0,0): (Warning 241) Stale cache file ..\secure_api\out\runtime_switch\cache\Hacl.Spec.Bignum.Fproduct.fst.checked.lax; will recheck C:/build/agent2/_work/4/s/hacl-star/code/bignum/Hacl.Spec.Bignum.Fproduct.fst and all subsequent files
C:/build/agent2/_work/4/s/hacl-star/code/bignum/Hacl.Bignum.Fsum.fst(0,0-0,0): (Warning 241) Stale cache file ..\secure_api\out\runtime_switch\cache\Hacl.Bignum.Fsum.fst.checked.lax; will recheck C:/build/agent2/_work/4/s/hacl-star/code/bignum/Hacl.Bignum.Fsum.fst and all subsequent files
C:/build/agent2/_work/4/s/hacl-star/code/bignum/Hacl.Spec.Bignum.Fmul.fst(0,0-0,0): (Warning 241) Stale cache file ..\secure_api\out\runtime_switch\cache\Hacl.Spec.Bignum.Fmul.fst.checked.lax; will recheck C:/build/agent2/_work/4/s/hacl-star/code/bignum/Hacl.Spec.Bignum.Fmul.fst and all subsequent files
C:/build/agent2/_work/4/s/hacl-star/code/bignum/Hacl.Bignum.Fproduct.fst(0,0-0,0): (Warning 241) Stale cache file ..\secure_api\out\runtime_switch\cache\Hacl.Bignum.Fproduct.fst.checked.lax; will recheck C:/build/agent2/_work/4/s/hacl-star/code/bignum/Hacl.Bignum.Fproduct.fst and all subsequent files
C:/build/agent2/_work/4/s/hacl-star/code/bignum/Hacl.Bignum.Fmul.fst(0,0-0,0): (Warning 241) Stale cache file ..\secure_api\out\runtime_switch\cache\Hacl.Bignum.Fmul.fst.checked.lax; will recheck C:/build/agent2/_work/4/s/hacl-star/code/bignum/Hacl.Bignum.Fmul.fst and all subsequent files
Warning 10: : -drop is deprecated
use a combination of -bundle and -d reachability to make sure the functions are eliminated as you wish
Warning 6: in the definition of buf, after the definition of m0, in the last element of the sequence, in top-level declaration Crypto.Symmetric.Bytes.random_bytes, in file Crypto_Symmetric_Bytes: stack newbuf 0uint8 @1 is a non-constant size, stack-allocated array; this is not supported by CompCert and requires the use of alloca(3) for MSVC
Warning 10: : -drop is deprecated
use a combination of -bundle and -d reachability to make sure the functions are eliminated as you wish
Warning 2: in the definition of l0, in the definition of encodedlen, in top-level declaration Hacl.Impl.SHA2_512.pad, in file Crypto_HKDF_Crypto_HMAC: Reference to FStar.UInt128.mul_wide has no corresponding implementation; please provide a C implementation
Warning 2: in the definition of l0, in the definition of encodedlen, in top-level declaration Hacl.Impl.SHA2_384.pad, in file Crypto_HKDF_Crypto_HMAC: Reference to FStar.UInt128.mul_wide has no corresponding implementation; please provide a C implementation
Warning 6: in the definition of state, after the definition of pos_T, in the last element of the sequence, in top-level declaration Crypto.HKDF.hkdf_expand, in file Crypto_HKDF_Crypto_HMAC: stack newbuf 0uint8 (+,uint32) (+,uint32) @7 @3 @4 is a non-constant size, stack-allocated array; this is not supported by CompCert and requires the use of alloca(3) for MSVC
Warning 6: in the definition of state0, after the definition of h0, in the last element of the sequence, in top-level declaration Crypto.HMAC.hmac_part1, in file Crypto_HKDF_Crypto_HMAC: stack newbuf 0uint32 match @4 with | λ .  SHA256 () ->  137uint32 | λ .  SHA384 () ->  338uint32 | λ .  SHA512 () ->  338uint32 is a non-constant size, stack-allocated array; this is not supported by CompCert and requires the use of alloca(3) for MSVC
Warning 6: in the definition of state1, after the definition of h0, in the last element of the sequence, after the definition of hinit, in top-level declaration Crypto.HMAC.hmac_part2, in file Crypto_HKDF_Crypto_HMAC: stack newbuf 0uint32 match @5 with | λ .  SHA256 () ->  137uint32 | λ .  SHA384 () ->  338uint32 | λ .  SHA512 () ->  338uint32 is a non-constant size, stack-allocated array; this is not supported by CompCert and requires the use of alloca(3) for MSVC
Warning 6: in the definition of ipad, after the definition of h0, in the last element of the sequence, after the definition of h00, in top-level declaration Crypto.HMAC.hmac_core, in file Crypto_HKDF_Crypto_HMAC: stack newbuf 0x36uint8 Crypto.HMAC.block_size @6 is a non-constant size, stack-allocated array; this is not supported by CompCert and requires the use of alloca(3) for MSVC
Warning 6: in the definition of opad, after the definition of ipad, in the last element of the sequence, after the definition of h00, in top-level declaration Crypto.HMAC.hmac_core, in file Crypto_HKDF_Crypto_HMAC: stack newbuf 0x5cuint8 Crypto.HMAC.block_size @7 is a non-constant size, stack-allocated array; this is not supported by CompCert and requires the use of alloca(3) for MSVC
Warning 6: in the definition of nkey, in the last element of the sequence, in top-level declaration Crypto.HMAC.hmac, in file Crypto_HKDF_Crypto_HMAC: stack newbuf 0x00uint8 Crypto.HMAC.block_size @5 is a non-constant size, stack-allocated array; this is not supported by CompCert and requires the use of alloca(3) for MSVC
Warning 10: : -drop is deprecated
use a combination of -bundle and -d reachability to make sure the functions are eliminated as you wish
Warning 6: in the definition of buf, after the definition of m0, in the last element of the sequence, in top-level declaration Crypto.Symmetric.Bytes.random_bytes, in file Crypto_Symmetric_Bytes: stack newbuf 0uint8 @1 is a non-constant size, stack-allocated array; this is not supported by CompCert and requires the use of alloca(3) for MSVC
Warning 10: : -drop is deprecated
use a combination of -bundle and -d reachability to make sure the functions are eliminated as you wish
Warning 2: in the definition of l0, in the definition of encodedlen, in top-level declaration Hacl.Impl.SHA2_512.pad, in file Crypto_HKDF_Crypto_HMAC: Reference to FStar.UInt128.mul_wide has no corresponding implementation; please provide a C implementation
Warning 2: in the definition of l0, in the definition of encodedlen, in top-level declaration Hacl.Impl.SHA2_384.pad, in file Crypto_HKDF_Crypto_HMAC: Reference to FStar.UInt128.mul_wide has no corresponding implementation; please provide a C implementation
Warning 6: in the definition of state, after the definition of pos_T, in the last element of the sequence, in top-level declaration Crypto.HKDF.hkdf_expand, in file Crypto_HKDF_Crypto_HMAC: stack newbuf 0uint8 (+,uint32) (+,uint32) @7 @3 @4 is a non-constant size, stack-allocated array; this is not supported by CompCert and requires the use of alloca(3) for MSVC
Warning 6: in the definition of state0, after the definition of h0, in the last element of the sequence, in top-level declaration Crypto.HMAC.hmac_part1, in file Crypto_HKDF_Crypto_HMAC: stack newbuf 0uint32 match @4 with | λ .  SHA256 () ->  137uint32 | λ .  SHA384 () ->  338uint32 | λ .  SHA512 () ->  338uint32 is a non-constant size, stack-allocated array; this is not supported by CompCert and requires the use of alloca(3) for MSVC
Warning 6: in the definition of state1, after the definition of h0, in the last element of the sequence, after the definition of hinit, in top-level declaration Crypto.HMAC.hmac_part2, in file Crypto_HKDF_Crypto_HMAC: stack newbuf 0uint32 match @5 with | λ .  SHA256 () ->  137uint32 | λ .  SHA384 () ->  338uint32 | λ .  SHA512 () ->  338uint32 is a non-constant size, stack-allocated array; this is not supported by CompCert and requires the use of alloca(3) for MSVC
Warning 6: in the definition of ipad, after the definition of h0, in the last element of the sequence, after the definition of h00, in top-level declaration Crypto.HMAC.hmac_core, in file Crypto_HKDF_Crypto_HMAC: stack newbuf 0x36uint8 Crypto.HMAC.block_size @6 is a non-constant size, stack-allocated array; this is not supported by CompCert and requires the use of alloca(3) for MSVC
Warning 6: in the definition of opad, after the definition of ipad, in the last element of the sequence, after the definition of h00, in top-level declaration Crypto.HMAC.hmac_core, in file Crypto_HKDF_Crypto_HMAC: stack newbuf 0x5cuint8 Crypto.HMAC.block_size @7 is a non-constant size, stack-allocated array; this is not supported by CompCert and requires the use of alloca(3) for MSVC
Warning 6: in the definition of nkey, in the last element of the sequence, in top-level declaration Crypto.HMAC.hmac, in file Crypto_HKDF_Crypto_HMAC: stack newbuf 0x00uint8 Crypto.HMAC.block_size @5 is a non-constant size, stack-allocated array; this is not supported by CompCert and requires the use of alloca(3) for MSVC
Warning 10: : -drop is deprecated
use a combination of -bundle and -d reachability to make sure the functions are eliminated as you wish
Warning 2: after the definition of yi, in the definition of f', in the last element of the sequence, after the definition of h0, in top-level declaration Hacl.Bignum.Fproduct.sum_scalar_multiplication_, in file Crypto_AEAD_Main: Reference to FStar.UInt128.mul_wide has no corresponding implementation; please provide a C implementation
Warning 6: in the definition of keyBuffer, after the definition of h0, in the last element of the sequence, after the definition of macId, in top-level declaration Crypto.Symmetric.PRF.prf_mac, in file Crypto_AEAD_Main: stack newbuf 0uint8 Crypto.Symmetric.UF1CMA.keylen @5 is a non-constant size, stack-allocated array; this is not supported by CompCert and requires the use of alloca(3) for MSVC
Warning 10: : -drop is deprecated
use a combination of -bundle and -d reachability to make sure the functions are eliminated as you wish
Warning 2: after the definition of yi, in the definition of f', in the last element of the sequence, after the definition of h0, in top-level declaration Hacl.Bignum.Fproduct.sum_scalar_multiplication_, in file Crypto_AEAD_Main: Reference to FStar.UInt128.mul_wide has no corresponding implementation; please provide a C implementation
Warning 6: in the definition of keyBuffer, after the definition of h0, in the last element of the sequence, after the definition of macId, in top-level declaration Crypto.Symmetric.PRF.prf_mac, in file Crypto_AEAD_Main: stack newbuf 0uint8 Crypto.Symmetric.UF1CMA.keylen @5 is a non-constant size, stack-allocated array; this is not supported by CompCert and requires the use of alloca(3) for MSVC
Warning 10: : -drop is deprecated
use a combination of -bundle and -d reachability to make sure the functions are eliminated as you wish
Warning 6: in the definition of buf, after the definition of m0, in the last element of the sequence, in top-level declaration Crypto.Symmetric.Bytes.random_bytes, in file Crypto_Symmetric_Bytes: stack newbuf 0uint8 @1 is a non-constant size, stack-allocated array; this is not supported by CompCert and requires the use of alloca(3) for MSVC
Warning 10: : -drop is deprecated
use a combination of -bundle and -d reachability to make sure the functions are eliminated as you wish
Warning 2: in the definition of l0, in the definition of encodedlen, in top-level declaration Hacl.Impl.SHA2_512.pad, in file Crypto_HKDF_Crypto_HMAC: Reference to FStar.UInt128.mul_wide has no corresponding implementation; please provide a C implementation
Warning 2: in the definition of l0, in the definition of encodedlen, in top-level declaration Hacl.Impl.SHA2_384.pad, in file Crypto_HKDF_Crypto_HMAC: Reference to FStar.UInt128.mul_wide has no corresponding implementation; please provide a C implementation
Warning 6: in the definition of state, after the definition of pos_T, in the last element of the sequence, in top-level declaration Crypto.HKDF.hkdf_expand, in file Crypto_HKDF_Crypto_HMAC: stack newbuf 0uint8 (+,uint32) (+,uint32) @7 @3 @4 is a non-constant size, stack-allocated array; this is not supported by CompCert and requires the use of alloca(3) for MSVC
Warning 6: in the definition of state0, after the definition of h0, in the last element of the sequence, in top-level declaration Crypto.HMAC.hmac_part1, in file Crypto_HKDF_Crypto_HMAC: stack newbuf 0uint32 match @4 with | λ .  SHA256 () ->  137uint32 | λ .  SHA384 () ->  338uint32 | λ .  SHA512 () ->  338uint32 is a non-constant size, stack-allocated array; this is not supported by CompCert and requires the use of alloca(3) for MSVC
Warning 6: in the definition of state1, after the definition of h0, in the last element of the sequence, after the definition of hinit, in top-level declaration Crypto.HMAC.hmac_part2, in file Crypto_HKDF_Crypto_HMAC: stack newbuf 0uint32 match @5 with | λ .  SHA256 () ->  137uint32 | λ .  SHA384 () ->  338uint32 | λ .  SHA512 () ->  338uint32 is a non-constant size, stack-allocated array; this is not supported by CompCert and requires the use of alloca(3) for MSVC
Warning 6: in the definition of ipad, after the definition of h0, in the last element of the sequence, after the definition of h00, in top-level declaration Crypto.HMAC.hmac_core, in file Crypto_HKDF_Crypto_HMAC: stack newbuf 0x36uint8 Crypto.HMAC.block_size @6 is a non-constant size, stack-allocated array; this is not supported by CompCert and requires the use of alloca(3) for MSVC
Warning 6: in the definition of opad, after the definition of ipad, in the last element of the sequence, after the definition of h00, in top-level declaration Crypto.HMAC.hmac_core, in file Crypto_HKDF_Crypto_HMAC: stack newbuf 0x5cuint8 Crypto.HMAC.block_size @7 is a non-constant size, stack-allocated array; this is not supported by CompCert and requires the use of alloca(3) for MSVC
Warning 6: in the definition of nkey, in the last element of the sequence, in top-level declaration Crypto.HMAC.hmac, in file Crypto_HKDF_Crypto_HMAC: stack newbuf 0x00uint8 Crypto.HMAC.block_size @5 is a non-constant size, stack-allocated array; this is not supported by CompCert and requires the use of alloca(3) for MSVC
Warning 10: : -drop is deprecated
use a combination of -bundle and -d reachability to make sure the functions are eliminated as you wish
Warning 2: after the definition of yi, in the definition of f', in the last element of the sequence, after the definition of h0, in top-level declaration Hacl.Bignum.Fproduct.sum_scalar_multiplication_, in file Crypto_AEAD_Main_Crypto_Indexing: Reference to FStar.UInt128.mul_wide has no corresponding implementation; please provide a C implementation
Warning 6: in the definition of keyBuffer, after the definition of h0, in the last element of the sequence, after the definition of macId, in top-level declaration Crypto.Symmetric.PRF.prf_mac, in file Crypto_AEAD_Main_Crypto_Indexing: stack newbuf 0uint8 Crypto.Symmetric.UF1CMA.keylen @5 is a non-constant size, stack-allocated array; this is not supported by CompCert and requires the use of alloca(3) for MSVC
Warning 10: : -drop is deprecated
use a combination of -bundle and -d reachability to make sure the functions are eliminated as you wish
Warning 2: after the definition of yi, in the definition of f', in the last element of the sequence, after the definition of h0, in top-level declaration Hacl.Bignum.Fproduct.sum_scalar_multiplication_, in file Hacl_Impl_Poly1305_64_Hacl_Impl_Chacha20: Reference to FStar.UInt128.mul_wide has no corresponding implementation; please provide a C implementation
Warning 6: in top-level declaration Crypto.Plain.create, in file Crypto_AEAD_Main: stack newbuf @1 @0 is a non-constant size, stack-allocated array; this is not supported by CompCert and requires the use of alloca(3) for MSVC
Warning 6: in the definition of keyBuffer, after the definition of h0, in the last element of the sequence, after the definition of macId, in top-level declaration Crypto.Symmetric.PRF.prf_mac, in file Crypto_AEAD_Main: stack newbuf 0uint8 Crypto.Symmetric.UF1CMA.keylen @5 is a non-constant size, stack-allocated array; this is not supported by CompCert and requires the use of alloca(3) for MSVC
Warning 6: in the definition of cipher1, after the definition of cipherlen, in the last element of the sequence, in top-level declaration KrmlTest.test, in file KrmlTest: stack newbuf 0uint8 @0 is a non-constant size, stack-allocated array; this is not supported by CompCert and requires the use of alloca(3) for MSVC
Warning 6: in the definition of cipher1, after the definition of cipherlen, in the last element of the sequence, in top-level declaration KrmlTest.test_aes_gcm, in file KrmlTest: stack newbuf 2uint8 @0 is a non-constant size, stack-allocated array; this is not supported by CompCert and requires the use of alloca(3) for MSVC
Warning 6: in the definition of plain, after the definition of plainlen, in top-level declaration KrmlTest.test_aes_gcm_0, in file KrmlTest: stack newbuf 0uint8 @0 is a non-constant size, stack-allocated array; this is not supported by CompCert and requires the use of alloca(3) for MSVC
Warning 6: in the definition of aad, after the definition of aadlen, in top-level declaration KrmlTest.test_aes_gcm_0, in file KrmlTest: stack newbuf 0uint8 @0 is a non-constant size, stack-allocated array; this is not supported by CompCert and requires the use of alloca(3) for MSVC
Warning 6: in the definition of plain, after the definition of plainlen, in top-level declaration KrmlTest.test_aes_gcm_1, in file KrmlTest: stack newbuf 0uint8 @0 is a non-constant size, stack-allocated array; this is not supported by CompCert and requires the use of alloca(3) for MSVC
Warning 6: in the definition of aad, after the definition of aadlen, in top-level declaration KrmlTest.test_aes_gcm_1, in file KrmlTest: stack newbuf 0uint8 @0 is a non-constant size, stack-allocated array; this is not supported by CompCert and requires the use of alloca(3) for MSVC
Warning 6: in the definition of plain, after the definition of plainlen, in top-level declaration KrmlTest.test_aes_gcm_2, in file KrmlTest: stack newbuf 0uint8 @0 is a non-constant size, stack-allocated array; this is not supported by CompCert and requires the use of alloca(3) for MSVC
Warning 6: in the definition of aad, after the definition of aadlen, in top-level declaration KrmlTest.test_aes_gcm_2, in file KrmlTest: stack newbuf 0uint8 @0 is a non-constant size, stack-allocated array; this is not supported by CompCert and requires the use of alloca(3) for MSVC
Warning 6: in the definition of aad, after the definition of aadlen, in top-level declaration KrmlTest.test_aes_gcm_3, in file KrmlTest: stack newbuf 0uint8 @0 is a non-constant size, stack-allocated array; this is not supported by CompCert and requires the use of alloca(3) for MSVC
Warning 13: : C.exit_code, a monomorphic instance, is first used, and therefore inserted, in file C which is about to be dropped; you may get a C compiler error about C_exit_code if any other module uses this definition
Warning 7: : After inlining, Hacl.Bignum.Fproduct.copy_from_wide_ (going into Hacl_Impl_Poly1305_64_Hacl_Impl_Chacha20) calls FStar.UInt128.uint128_to_uint64 (going into FStar) -- removing the static qualifier from FStar.UInt128.uint128_to_uint64
Warning 7: : After inlining, Hacl.Bignum.Fproduct.sum_scalar_multiplication_ (going into Hacl_Impl_Poly1305_64_Hacl_Impl_Chacha20) calls FStar.UInt128.add_mod (going into FStar) -- removing the static qualifier from FStar.UInt128.add_mod
Warning 7: : After inlining, Hacl.Bignum.Fproduct.carry_wide_ (going into Hacl_Impl_Poly1305_64_Hacl_Impl_Chacha20) calls FStar.UInt128.shift_right (going into FStar) -- removing the static qualifier from FStar.UInt128.shift_right
Warning 7: : After inlining, Hacl.Bignum.Fproduct.carry_wide_ (going into Hacl_Impl_Poly1305_64_Hacl_Impl_Chacha20) calls FStar.UInt128.uint64_to_uint128 (going into FStar) -- removing the static qualifier from FStar.UInt128.uint64_to_uint128
Warning 7: : After inlining, Hacl.Bignum.Fproduct.carry_wide_ (going into Hacl_Impl_Poly1305_64_Hacl_Impl_Chacha20) calls FStar.UInt128.add (going into FStar) -- removing the static qualifier from FStar.UInt128.add
Warning 7: : After inlining, Hacl.Bignum.Modulo.carry_top_wide (going into Hacl_Impl_Poly1305_64_Hacl_Impl_Chacha20) calls FStar.UInt128.logand (going into FStar) -- removing the static qualifier from FStar.UInt128.logand
Warning 7: : After inlining, Hacl.Impl.Poly1305_64.poly1305_encode_r (going into Hacl_Impl_Poly1305_64_Hacl_Impl_Chacha20) calls FStar.UInt128.shift_left (going into FStar) -- removing the static qualifier from FStar.UInt128.shift_left
Warning 7: : After inlining, Hacl.Impl.Poly1305_64.poly1305_encode_r (going into Hacl_Impl_Poly1305_64_Hacl_Impl_Chacha20) calls FStar.UInt128.logor (going into FStar) -- removing the static qualifier from FStar.UInt128.logor
Warning 7: : After inlining, Hacl.Impl.Poly1305_64.poly1305_last_pass_ (going into Hacl_Impl_Poly1305_64_Hacl_Impl_Chacha20) calls FStar.UInt64.gte_mask (going into FStar) -- removing the static qualifier from FStar.UInt64.gte_mask
Warning 7: : After inlining, Hacl.Impl.Poly1305_64.poly1305_last_pass_ (going into Hacl_Impl_Poly1305_64_Hacl_Impl_Chacha20) calls FStar.UInt64.eq_mask (going into FStar) -- removing the static qualifier from FStar.UInt64.eq_mask
Warning 7: : After inlining, Crypto.Symmetric.Bytes.uint128_to_uint8 (going into Crypto_AEAD_Main) calls FStar.Int.Cast.Full.uint128_to_uint64 (going into FStar) -- removing the static qualifier from FStar.Int.Cast.Full.uint128_to_uint64
Warning 7: : After inlining, FStar.Seq.Base.createEmpty__uint8_t (going into Crypto_AEAD_Main) calls FStar.Seq.Base.seq__uint8_t (going into Hacl_Impl_Poly1305_64_Hacl_Impl_Chacha20) -- removing the static qualifier from FStar.Seq.Base.seq__uint8_t
Warning 7: : After inlining, FStar.Seq.Base.createEmpty__uint8_t (going into Crypto_AEAD_Main) calls Prims.list__uint8_t_tags (going into Hacl_Impl_Poly1305_64_Hacl_Impl_Chacha20) -- removing the static qualifier from Prims.list__uint8_t_tags
Warning 7: : After inlining, FStar.Seq.Base.create__uint8_t (going into Crypto_AEAD_Main) calls Prims.op_Subtraction (going into Prims) -- removing the static qualifier from Prims.op_Subtraction
Warning 7: : After inlining, Crypto.Symmetric.GF128.gf128_add (going into Crypto_AEAD_Main) calls FStar.UInt128.logxor (going into FStar) -- removing the static qualifier from FStar.UInt128.logxor
Warning 7: : After inlining, Crypto.Symmetric.GF128.gf128_shift_reduce (going into Crypto_AEAD_Main) calls FStar.UInt128.eq_mask (going into FStar) -- removing the static qualifier from FStar.UInt128.eq_mask
Warning 7: : After inlining, Crypto.Symmetric.MAC.update (going into Crypto_AEAD_Main) calls Hacl.Impl.Poly1305_64.State.poly1305_state (going into Hacl_Impl_Poly1305_64_Hacl_Impl_Chacha20) -- removing the static qualifier from Hacl.Impl.Poly1305_64.State.poly1305_state
Warning 8: : After inlining, Crypto.Symmetric.MAC.update (going into Crypto_AEAD_Main) calls Hacl.Impl.Poly1305_64.poly1305_update (going into Hacl_Impl_Poly1305_64_Hacl_Impl_Chacha20). This is a call across translation units but Hacl.Impl.Poly1305_64.poly1305_update has a C "inline" qualifier. The C standard allows removing Hacl.Impl.Poly1305_64.poly1305_update from its translation unit (see C11 6.7.3 §5), and CompCert will do it. 
Warning 7: : After inlining, Crypto.Symmetric.MAC.finish (going into Crypto_AEAD_Main) calls C.Nullity.null (going into C_Nullity) -- removing the static qualifier from C.Nullity.null
Warning 8: : After inlining, Crypto.Symmetric.MAC.finish (going into Crypto_AEAD_Main) calls Hacl.Impl.Poly1305_64.poly1305_process_last_block (going into Hacl_Impl_Poly1305_64_Hacl_Impl_Chacha20). This is a call across translation units but Hacl.Impl.Poly1305_64.poly1305_process_last_block has a C "inline" qualifier. The C standard allows removing Hacl.Impl.Poly1305_64.poly1305_process_last_block from its translation unit (see C11 6.7.3 §5), and CompCert will do it. 
Warning 8: : After inlining, Crypto.Symmetric.Cipher.compute (going into Crypto_AEAD_Main) calls Hacl.Impl.Chacha20.setup (going into Hacl_Impl_Poly1305_64_Hacl_Impl_Chacha20). This is a call across translation units but Hacl.Impl.Chacha20.setup has a C "inline" qualifier. The C standard allows removing Hacl.Impl.Chacha20.setup from its translation unit (see C11 6.7.3 §5), and CompCert will do it. 
Warning 8: : After inlining, Crypto.Symmetric.Cipher.compute (going into Crypto_AEAD_Main) calls Hacl.Impl.Chacha20.copy_state (going into Hacl_Impl_Poly1305_64_Hacl_Impl_Chacha20). This is a call across translation units but Hacl.Impl.Chacha20.copy_state has a C "inline" qualifier. The C standard allows removing Hacl.Impl.Chacha20.copy_state from its translation unit (see C11 6.7.3 §5), and CompCert will do it. 
Warning 8: : After inlining, Crypto.Symmetric.Cipher.compute (going into Crypto_AEAD_Main) calls Hacl.Impl.Chacha20.rounds (going into Hacl_Impl_Poly1305_64_Hacl_Impl_Chacha20). This is a call across translation units but Hacl.Impl.Chacha20.rounds has a C "inline" qualifier. The C standard allows removing Hacl.Impl.Chacha20.rounds from its translation unit (see C11 6.7.3 §5), and CompCert will do it. 
Warning 8: : After inlining, Crypto.Symmetric.Cipher.compute (going into Crypto_AEAD_Main) calls Hacl.Impl.Chacha20.sum_states (going into Hacl_Impl_Poly1305_64_Hacl_Impl_Chacha20). This is a call across translation units but Hacl.Impl.Chacha20.sum_states has a C "inline" qualifier. The C standard allows removing Hacl.Impl.Chacha20.sum_states from its translation unit (see C11 6.7.3 §5), and CompCert will do it. 
Warning 7: : After inlining, Crypto.Symmetric.Cipher.compute (going into Crypto_AEAD_Main) calls Hacl.Lib.LoadStore32.uint32s_to_le_bytes (going into Hacl_Impl_Poly1305_64_Hacl_Impl_Chacha20) -- removing the static qualifier from Hacl.Lib.LoadStore32.uint32s_to_le_bytes
Warning 7: : After inlining, Crypto.Symmetric.PRF.gen (going into Crypto_AEAD_Main) calls FStar.UInt32.v (going into FStar) -- removing the static qualifier from FStar.UInt32.v
Warning 7: : After inlining, Crypto.AEAD.Invariant.maxplain (going into Crypto_AEAD_Main) calls Prims.pow2 (going into Prims) -- removing the static qualifier from Prims.pow2
Warning 7: : After inlining, Crypto.AEAD.Invariant.safelen (going into Crypto_AEAD_Main) calls Prims.op_Multiply (going into Prims) -- removing the static qualifier from Prims.op_Multiply
Warning 7: : After inlining, Crypto.AEAD.Invariant.safelen (going into Crypto_AEAD_Main) calls Prims.op_LessThanOrEqual (going into Prims) -- removing the static qualifier from Prims.op_LessThanOrEqual
Warning 7: : After inlining, Crypto.AEAD.Invariant.safelen (going into Crypto_AEAD_Main) calls Prims.op_Addition (going into Prims) -- removing the static qualifier from Prims.op_Addition
Warning 7: : After inlining, KrmlTest.test (going into KrmlTest) calls Crypto.Indexing.id (going into Crypto_AEAD_Main) -- removing the static qualifier from Crypto.Indexing.id
Warning 7: : After inlining, KrmlTest.test (going into KrmlTest) calls Crypto.Indexing.aeadAlg (going into Crypto_AEAD_Main) -- removing the static qualifier from Crypto.Indexing.aeadAlg
Warning 7: : After inlining, KrmlTest.test (going into KrmlTest) calls Crypto.Indexing.testId (going into Crypto_AEAD_Main) -- removing the static qualifier from Crypto.Indexing.testId
Warning 7: : After inlining, KrmlTest.test (going into KrmlTest) calls Crypto.Plain.unsafe_hide_buffer (going into Crypto_AEAD_Main) -- removing the static qualifier from Crypto.Plain.unsafe_hide_buffer
Warning 7: : After inlining, KrmlTest.test (going into KrmlTest) calls Crypto.Symmetric.Bytes.load_bytes (going into Crypto_AEAD_Main) -- removing the static qualifier from Crypto.Symmetric.Bytes.load_bytes
Warning 7: : After inlining, KrmlTest.test (going into KrmlTest) calls Crypto.Symmetric.Bytes.load_uint128 (going into Crypto_AEAD_Main) -- removing the static qualifier from Crypto.Symmetric.Bytes.load_uint128
Warning 7: : After inlining, KrmlTest.test (going into KrmlTest) calls Crypto.AEAD.Invariant.aead_state (going into Crypto_AEAD_Main) -- removing the static qualifier from Crypto.AEAD.Invariant.aead_state
Warning 7: : After inlining, KrmlTest.test (going into KrmlTest) calls Crypto.Plain.bufferRepr (going into Crypto_AEAD_Main) -- removing the static qualifier from Crypto.Plain.bufferRepr
Warning 7: : After inlining, Flag.cipher_prf (going into Flag) calls Crypto.Indexing.cipherAlg (going into Crypto_AEAD_Main) -- removing the static qualifier from Crypto.Indexing.cipherAlg
Warning 7: : After inlining, Flag.mac_int1cma (going into Flag) calls Crypto.Indexing.macAlg (going into Crypto_AEAD_Main) -- removing the static qualifier from Crypto.Indexing.macAlg
ffi.c:1:0: warning: -fPIC ignored for target (all code is position independent)
#include <stdio.h>
^
ffi.c: In function ‘FFI_mitls_quic_process_caml’:
ffi.c:984:13: warning: unused variable ‘errorcode’ [-Wunused-variable]
int errorcode = Int_val(Field(result, 1));
^
ffi.c:1:0: warning: -fPIC ignored for target (all code is position independent)
#include <stdio.h>
^
ffi.c: In function ‘FFI_mitls_quic_process_caml’:
ffi.c:984:13: warning: unused variable ‘errorcode’ [-Wunused-variable]
int errorcode = Int_val(Field(result, 1));
^
ffi.c:1:0: warning: -fPIC ignored for target (all code is position independent)
#include <stdio.h>
^
ffi.c: In function ‘FFI_mitls_quic_process_caml’:
ffi.c:984:13: warning: unused variable ‘errorcode’ [-Wunused-variable]
int errorcode = Int_val(Field(result, 1));
^
ffi.c:1:0: warning: -fPIC ignored for target (all code is position independent)
#include <stdio.h>
^
ffi.c: In function ‘FFI_mitls_quic_process_caml’:
ffi.c:984:13: warning: unused variable ‘errorcode’ [-Wunused-variable]
int errorcode = Int_val(Field(result, 1));
^
ffi.c:1:0: warning: -fPIC ignored for target (all code is position independent)
#include <stdio.h>
^
ffi.c: In function ‘FFI_mitls_quic_process_caml’:
ffi.c:984:13: warning: unused variable ‘errorcode’ [-Wunused-variable]
int errorcode = Int_val(Field(result, 1));
^
ffi.c:1:0: warning: -fPIC ignored for target (all code is position independent)
#include <stdio.h>
^
ffi.c: In function ‘FFI_mitls_quic_process_caml’:
ffi.c:984:13: warning: unused variable ‘errorcode’ [-Wunused-variable]
int errorcode = Int_val(Field(result, 1));
^
Makefile.Kremlin:86: *** HACL_HOME is C:/build/agent2/_work/4/s/hacl-star and I cannot find C:/build/agent2/_work/4/s/hacl-star/code/curve25519/x25519-c/Curve25519.h -- please run make extract-c -C C:/build/agent2/_work/4/s/hacl-star/code/curve25519/x25519-c/.. -- thanks.  Stop.
make: *** [Makefile:13: kremlin-all] Error 2
StatefulPlain.fst(80,0-80,5): (Warning 307) logic qualifier is deprecated, please remove it from the source program. In case your program verifies with the qualifier annotated but not without it, please try to minimize the example and file a github issue
StatefulPlain.fst(85,0-85,5): (Warning 307) logic qualifier is deprecated, please remove it from the source program. In case your program verifies with the qualifier annotated but not without it, please try to minimize the example and file a github issue
StatefulPlain.fst(80,0-80,5): (Warning 307) logic qualifier is deprecated, please remove it from the source program. In case your program verifies with the qualifier annotated but not without it, please try to minimize the example and file a github issue
StatefulPlain.fst(85,0-85,5): (Warning 307) logic qualifier is deprecated, please remove it from the source program. In case your program verifies with the qualifier annotated but not without it, please try to minimize the example and file a github issue
extract/copied/kremstr.c:1:30: fatal error: kremlin/c_string.h: No such file or directory
compilation terminated.
make[1]: *** [Makefile.OCaml:63: extract/copied/kremstr.o] Error 1
List.Helpers.fst(13,14-13,16): (Warning 252) (Hint-replay failed): Subtyping check failed; expected type m:
Prims.list a
{ forall (u12013: FStar.Pervasives.Native.option (x: Prims.unit{Prims.hasEq a})).
FStar.List.Tot.Base.mem_filter_spec (f env) m u12013 }; got type Prims.list a (see also List.Helpers.fst(11,33-11,75))
List.Helpers.fst(24,79-24,81): (Warning 252) (Hint-replay failed): Subtyping check failed; expected type l: Prims.list a {%[ env; l ] << %[ env; l ]}; got type Prims.list a (see also List.Helpers.fst(22,6-24,81))
List.Helpers.fst(37,42-37,44): (Warning 252) (Hint-replay failed): Subtyping check failed; expected type l: Prims.list a {%[ env; l ] << %[ env; l ]}; got type Prims.list a (see also List.Helpers.fst(33,6-38,37))
List.Helpers.fst(49,50-49,52): (Warning 252) (Hint-replay failed): Subtyping check failed; expected type l: Prims.list a {%[ env; l ] << %[ env; l ]}; got type Prims.list a (see also List.Helpers.fst(47,4-49,63))
C:/build/agent2/_work/4/s/kremlin/kremlib/Spec.Loops.fst(12,8-12,15): (Warning 252) (Hint-replay failed): Subtyping check failed; expected type a: Type0{Prims.hasEq a}; got type Type0 (see also C:/build/agent2/_work/4/s/fstar/ulib/prims.fst(310,29-310,36))
C:/build/agent2/_work/4/s/kremlin/kremlib/Spec.Loops.fst(25,124-25,125): (Warning 252) (Hint-replay failed): Subtyping check failed; expected type i: Prims.nat{i < FStar.Seq.Base.length s'}; got type Prims.nat (see also C:/build/agent2/_work/4/s/fstar/ulib/FStar.Seq.Base.fst(30,49-30,61))
C:/build/agent2/_work/4/s/kremlin/kremlib/Spec.Loops.fst(25,124-25,125): (Warning 252) (Hint-replay failed): Subtyping check failed; expected type i: Prims.nat{i < FStar.Seq.Base.length s'}; got type Prims.nat (see also C:/build/agent2/_work/4/s/fstar/ulib/FStar.Seq.Base.fst(30,49-30,61))
C:/build/agent2/_work/4/s/fstar/ulib/prims.fst(408,13-408,16): (Warning 252) (Hint-replay failed): Subtyping check failed; expected type a: Type0{Prims.hasEq a}; got type Type0 (see also C:/build/agent2/_work/4/s/fstar/ulib/prims.fst(310,29-310,36))
C:/build/agent2/_work/4/s/fstar/ulib/prims.fst(408,13-408,16): (Warning 252) (Hint-replay failed): Subtyping check failed; expected type a: Type0{Prims.hasEq a}; got type Type0 (see also C:/build/agent2/_work/4/s/fstar/ulib/prims.fst(310,29-310,36))
C:/build/agent2/_work/4/s/kremlin/kremlib/Spec.Loops.fst(46,8-46,22): (Warning 252) (Hint-replay failed): Subtyping check failed; expected type a: Type0{Prims.hasEq a}; got type Type0 (see also C:/build/agent2/_work/4/s/fstar/ulib/prims.fst(310,29-310,36))
C:/build/agent2/_work/4/s/kremlin/kremlib/Spec.Loops.fst(53,11-53,14): (Warning 252) (Hint-replay failed): Subtyping check failed; expected type a: Type0{Prims.hasEq a}; got type Type0 (see also C:/build/agent2/_work/4/s/fstar/ulib/prims.fst(310,29-310,36))
C:/build/agent2/_work/4/s/kremlin/kremlib/Spec.Loops.fst(65,50-65,57): (Warning 252) (Hint-replay failed): Subtyping check failed; expected type Prims.nat; got type Prims.int (see also C:/build/agent2/_work/4/s/fstar/ulib/prims.fst(408,17-408,23))
C:/build/agent2/_work/4/s/kremlin/kremlib/Spec.Loops.fst(66,42-66,44): (Warning 252) (Hint-replay failed): could not prove post-condition (see also C:/build/agent2/_work/4/s/kremlin/kremlib/Spec.Loops.fst(65,32-65,106))
C:/build/agent2/_work/4/s/fstar/ulib/prims.fst(408,13-408,16): (Warning 252) (Hint-replay failed): Subtyping check failed; expected type a: Type0{Prims.hasEq a}; got type Type0 (see also C:/build/agent2/_work/4/s/fstar/ulib/prims.fst(310,29-310,36))
Unable to open hints file: C:\build\agent2\_work\4\s\kremlin\kremlib\FStar.Kremlin.Endianness.fst.hints; ran without hints
Unable to open hints file: C:\build\agent2\_work\4\s\kremlin\kremlib\FStar.Kremlin.Endianness.fst.hints; ran without hints
Unable to open hints file: C:\build\agent2\_work\4\s\src\tls\FStar.Test.fst.hints; ran without hints
Unable to open hints file: hints/C.Endianness.fst.hints; ran without hints
C:/build/agent2/_work/4/s/src/lowparse/LowParse.BigEndian.fst(32,2-32,4): (Warning 252) could not prove post-condition (see also C:/build/agent2/_work/4/s/src/lowparse/LowParse.BigEndian.fst(31,2-31,71))
C:/build/agent2/_work/4/s/src/lowparse/LowParse.BigEndian.fst(32,2-32,4): (Warning 252) could not prove post-condition (see also C:/build/agent2/_work/4/s/src/lowparse/LowParse.BigEndian.fst(31,2-31,71))
C:/build/agent2/_work/4/s/src/lowparse/LowParse.BigEndian.fst(42,2-42,4): (Warning 252) could not prove post-condition (see also C:/build/agent2/_work/4/s/src/lowparse/LowParse.BigEndian.fst(37,2-41,5))
C:/build/agent2/_work/4/s/src/lowparse/LowParse.BigEndian.fst(42,2-42,4): (Warning 252) could not prove post-condition (see also C:/build/agent2/_work/4/s/src/lowparse/LowParse.BigEndian.fst(37,2-41,5))
C:/build/agent2/_work/4/s/src/lowparse/LowParse.BigEndian.fst(53,2-53,4): (Warning 252) could not prove post-condition (see also C:/build/agent2/_work/4/s/src/lowparse/LowParse.BigEndian.fst(47,2-52,6))
C:/build/agent2/_work/4/s/src/lowparse/LowParse.BigEndian.fst(53,2-53,4): (Warning 252) could not prove post-condition (see also C:/build/agent2/_work/4/s/src/lowparse/LowParse.BigEndian.fst(47,2-52,6))
C:/build/agent2/_work/4/s/src/lowparse/LowParse.BigEndian.fst(53,2-53,4): (Warning 252) could not prove post-condition (see also C:/build/agent2/_work/4/s/src/lowparse/LowParse.BigEndian.fst(47,2-52,6))
C:/build/agent2/_work/4/s/src/lowparse/LowParse.SLow.Base.fst(137,2-137,4): (Warning 252) could not prove post-condition (see also C:/build/agent2/_work/4/s/src/lowparse/LowParse.SLow.Base.fst(136,2-136,56))
C:/build/agent2/_work/4/s/src/lowparse/LowParse.SLow.Base.fst(154,2-154,41): (Warning 252) could not prove post-condition (see also C:/build/agent2/_work/4/s/src/lowparse/LowParse.SLow.Base.fst(152,4-152,44))
C:/build/agent2/_work/4/s/src/lowparse/LowParse.SLow.Base.fst(204,2-205,71): (Warning 252) could not prove post-condition (see also C:/build/agent2/_work/4/s/src/lowparse/LowParse.SLow.Base.fst(199,4-199,26))
File "extract/OCaml/C_Loops.ml", line 118, characters 10-45:
Warning 21: this statement never returns (or has an unsound type.)
File "extract/OCaml/C_Loops.ml", line 138, characters 12-47:
Warning 21: this statement never returns (or has an unsound type.)
File "extract/OCaml/C_Loops.ml", line 152, characters 8-43:
Warning 21: this statement never returns (or has an unsound type.)
File "extract/OCaml/C_Loops.ml", line 170, characters 10-45:
Warning 21: this statement never returns (or has an unsound type.)
File "extract/OCaml/C_Loops.ml", line 191, characters 12-47:
Warning 21: this statement never returns (or has an unsound type.)
File "extract/OCaml/C_Loops.ml", line 211, characters 14-49:
Warning 21: this statement never returns (or has an unsound type.)
File "extract/OCaml/C_Loops.ml", line 118, characters 10-45:
Warning 21: this statement never returns (or has an unsound type.)
File "extract/OCaml/C_Loops.ml", line 138, characters 12-47:
Warning 21: this statement never returns (or has an unsound type.)
File "extract/OCaml/C_Loops.ml", line 152, characters 8-43:
Warning 21: this statement never returns (or has an unsound type.)
File "extract/OCaml/C_Loops.ml", line 170, characters 10-45:
Warning 21: this statement never returns (or has an unsound type.)
File "extract/OCaml/C_Loops.ml", line 191, characters 12-47:
Warning 21: this statement never returns (or has an unsound type.)
File "extract/OCaml/C_Loops.ml", line 211, characters 14-49:
Warning 21: this statement never returns (or has an unsound type.)
C:/build/agent2/_work/4/s/src/lowparse/LowParse.Spec.Combinators.fst(238,3-238,9): (Warning 252) assertion failed (see also C:/build/agent2/_work/4/s/src/lowparse/LowParse.Spec.Combinators.fst(238,10-238,23))
C:/build/agent2/_work/4/s/src/lowparse/LowParse.Spec.Combinators.fst(380,3-380,9): (Warning 252) assertion failed (see also C:/build/agent2/_work/4/s/src/lowparse/LowParse.Spec.Combinators.fst(380,10-380,23))
C:/build/agent2/_work/4/s/kremlin/kremlib/C.Loops.fst(51,8-51,11): (Warning 252) (Hint-replay failed): Subtyping check failed; expected type Prims.nat; got type Prims.int (see also C:/build/agent2/_work/4/s/fstar/ulib/prims.fst(408,17-408,23))
C:/build/agent2/_work/4/s/kremlin/kremlib/C.Loops.fst(69,8-69,13): (Warning 252) (Hint-replay failed): Subtyping check failed; expected type Prims.nat; got type Prims.int (see also C:/build/agent2/_work/4/s/fstar/ulib/prims.fst(408,17-408,23))
C:/build/agent2/_work/4/s/kremlin/kremlib/C.Loops.fst(92,8-92,19): (Warning 252) (Hint-replay failed): Subtyping check failed; expected type Prims.nat; got type Prims.int (see also C:/build/agent2/_work/4/s/fstar/ulib/prims.fst(408,17-408,23))
C:/build/agent2/_work/4/s/kremlin/kremlib/C.Loops.fst(118,8-118,25): (Warning 252) (Hint-replay failed): Subtyping check failed; expected type Prims.nat; got type Prims.int (see also C:/build/agent2/_work/4/s/fstar/ulib/prims.fst(408,17-408,23))
C:/build/agent2/_work/4/s/kremlin/kremlib/C.Loops.fst(190,8-190,33): (Warning 252) (Hint-replay failed): Subtyping check failed; expected type Prims.nat; got type Prims.int (see also C:/build/agent2/_work/4/s/fstar/ulib/prims.fst(408,17-408,23))
C:/build/agent2/_work/4/s/fstar/ulib/FStar.UInt.fst(52,28-52,36): (Warning 252) (Hint-replay failed): Subtyping check failed; expected type a: Type0{Prims.hasEq a}; got type Type0 (see also C:/build/agent2/_work/4/s/fstar/ulib/prims.fst(310,29-310,36))
C:/build/agent2/_work/4/s/kremlin/kremlib/C.Loops.fst(221,4-221,7): (Warning 252) (Hint-replay failed): Subtyping check failed; expected type a: Type0{Prims.hasEq a}; got type Type0 (see also C:/build/agent2/_work/4/s/fstar/ulib/prims.fst(310,29-310,36))
C:/build/agent2/_work/4/s/fstar/ulib/FStar.UInt.fst(52,28-52,36): (Warning 252) (Hint-replay failed): Subtyping check failed; expected type a: Type0{Prims.hasEq a}; got type Type0 (see also C:/build/agent2/_work/4/s/fstar/ulib/prims.fst(310,29-310,36))
C:/build/agent2/_work/4/s/kremlin/kremlib/C.Loops.fst(261,4-261,8): (Warning 252) (Hint-replay failed): Subtyping check failed; expected type a: Type0{Prims.hasEq a}; got type Type0 (see also C:/build/agent2/_work/4/s/fstar/ulib/prims.fst(310,29-310,36))
C:/build/agent2/_work/4/s/kremlin/kremlib/C.Loops.fst(296,15-296,22): (Warning 252) (Hint-replay failed): Subtyping check failed; expected type a: Type0{Prims.hasEq a}; got type Type0 (see also C:/build/agent2/_work/4/s/fstar/ulib/prims.fst(310,29-310,36))
C:/build/agent2/_work/4/s/kremlin/kremlib/C.Loops.fst(298,4-298,16): (Warning 252) (Hint-replay failed): Subtyping check failed; expected type a: Type0{Prims.hasEq a}; got type Type0 (see also C:/build/agent2/_work/4/s/fstar/ulib/prims.fst(310,29-310,36))
C:/build/agent2/_work/4/s/fstar/ulib/FStar.UInt.fst(52,28-52,36): (Warning 252) (Hint-replay failed): Subtyping check failed; expected type a: Type0{Prims.hasEq a}; got type Type0 (see also C:/build/agent2/_work/4/s/fstar/ulib/prims.fst(310,29-310,36))
C:/build/agent2/_work/4/s/kremlin/kremlib/C.Loops.fst(337,4-337,17): (Warning 252) (Hint-replay failed): Subtyping check failed; expected type a: Type0{Prims.hasEq a}; got type Type0 (see also C:/build/agent2/_work/4/s/fstar/ulib/prims.fst(310,29-310,36))
C:/build/agent2/_work/4/s/kremlin/kremlib/C.Loops.fst(372,69-372,75): (Warning 252) (Hint-replay failed): Subtyping check failed; expected type a: Type0{Prims.hasEq a}; got type Type0 (see also C:/build/agent2/_work/4/s/fstar/ulib/prims.fst(310,29-310,36))
C:/build/agent2/_work/4/s/kremlin/kremlib/C.Loops.fst(388,4-388,10): (Warning 252) (Hint-replay failed): Subtyping check failed; expected type a: Type0{Prims.hasEq a}; got type Type0 (see also C:/build/agent2/_work/4/s/fstar/ulib/prims.fst(310,29-310,36))
C:/build/agent2/_work/4/s/kremlin/kremlib/C.Loops.fst(415,96-415,102): (Warning 252) (Hint-replay failed): Subtyping check failed; expected type a: Type0{Prims.hasEq a}; got type Type0 (see also C:/build/agent2/_work/4/s/fstar/ulib/prims.fst(310,29-310,36))
C:/build/agent2/_work/4/s/kremlin/kremlib/C.Loops.fst(430,4-430,16): (Warning 252) (Hint-replay failed): Subtyping check failed; expected type a: Type0{Prims.hasEq a}; got type Type0 (see also C:/build/agent2/_work/4/s/fstar/ulib/prims.fst(310,29-310,36))
File "_none_", line 1:
Warning 58: no cmx file was found in path for module TLSConstants, and its interface was not compiled with -opaque
DataStream.fst(84,4-84,6): (Warning 264) Normalization failed with error Failure("Incompatible version for unification variable: current version is 34.60; got version 34.61")

Unexpected error; please file a bug report, ideally with a minimized version of the source program that triggered the error.
Failure("Incompatible version for unification variable: current version is 34.60; got version 34.61")
make[1]: *** [Makefile.common:130: cache/OCaml/DataStream.fst.checked] Error 1
TLSConstants.fst(33,37-33,39): (Warning 252) (Hint-replay failed): Subtyping check failed; expected type al: Prims.list a {%[ al ] << %[ al ]}; got type Prims.list a (see also TLSConstants.fst(30,4-33,39))
C:/build/agent2/_work/4/s/fstar/ulib/FStar.Bytes.fsti(40,16-40,20): (Warning 252) (Hint-replay failed): Subtyping check failed; expected type a: Type0{Prims.hasEq a}; got type Type0 (see also C:/build/agent2/_work/4/s/fstar/ulib/prims.fst(310,29-310,36))
TLSConstants.fst(105,4-105,27): (Warning 252) (Hint-replay failed): Subtyping check failed; expected type a: Type0{Prims.hasEq a}; got type Type0 (see also C:/build/agent2/_work/4/s/fstar/ulib/prims.fst(313,29-313,36))
TLSConstants.fst(219,4-219,12): (Warning 252) (Hint-replay failed): Subtyping check failed; expected type a: Type0{Prims.hasEq a}; got type Type0 (see also C:/build/agent2/_work/4/s/fstar/ulib/prims.fst(313,29-313,36))
TLSConstants.fst(290,14-290,26): (Warning 252) (Hint-replay failed): Subtyping check failed; expected type Prims.nat; got type FStar.UInt.uint_t 32 (see also C:/build/agent2/_work/4/s/fstar/ulib/prims.fst(408,17-408,23))
TLSConstants.fst(290,14-290,26): (Warning 252) (Hint-replay failed): Subtyping check failed; expected type Prims.nat; got type FStar.UInt.uint_t FStar.UInt32.n (see also C:/build/agent2/_work/4/s/fstar/ulib/prims.fst(408,17-408,23))
TLSConstants.fst(289,19-297,39): (Warning 252) (Hint-replay failed): Failed to prove that the type 'TLSConstants.signatureScheme' supports decidable equality because of this argument; add either the 'noeq' or 'unopteq' qualifier (see also TLSConstants.fst(265,0-297,39))
TLSConstants.fst(290,14-290,26): (Warning 252) (Hint-replay failed): Subtyping check failed; expected type Prims.nat; got type FStar.UInt.uint_t FStar.UInt32.n (see also C:/build/agent2/_work/4/s/fstar/ulib/prims.fst(408,17-408,23))
TLSConstants.fst(330,4-330,15): (Warning 252) (Hint-replay failed): Subtyping check failed; expected type a: Type0{Prims.hasEq a}; got type Type0 (see also C:/build/agent2/_work/4/s/fstar/ulib/prims.fst(313,29-313,36))
C:/build/agent2/_work/4/s/fstar/ulib/FStar.Bytes.fsti(40,16-40,20): (Warning 252) (Hint-replay failed): Subtyping check failed; expected type a: Type0{Prims.hasEq a}; got type Type0 (see also C:/build/agent2/_work/4/s/fstar/ulib/prims.fst(313,29-313,36))
TLSConstants.fst(438,4-438,22): (Warning 252) (Hint-replay failed): Subtyping check failed; expected type a: Type0{Prims.hasEq a}; got type Type0 (see also C:/build/agent2/_work/4/s/fstar/ulib/prims.fst(313,29-313,36))
TLSConstants.fst(462,8-462,25): (Warning 252) (Hint-replay failed): Subtyping check failed; expected type a: Type0{Prims.hasEq a}; got type Type0 (see also C:/build/agent2/_work/4/s/fstar/ulib/prims.fst(310,29-310,36))
TLSConstants.fst(822,59-822,60): (Warning 252) (Hint-replay failed): Subtyping check failed; expected type c: TLSConstants.cipherSuite{TLSConstants.validCipherSuite c}; got type TLSConstants.cipherSuite (see also TLSConstants.fst(696,65-696,83))
TLSConstants.fst(859,33-859,35): (Warning 252) (Hint-replay failed): Subtyping check failed; expected type b: FStar.Bytes.bytes{%[ FStar.Bytes.length b ] << %[ FStar.Bytes.length b ]}; got type FStar.Bytes.bytes (see also TLSConstants.fst(857,2-867,5))
Ticket.fst(109,2-115,13): (Error 54) (*?u118*) _ is not equal to the expected type fun _ -> TLSInfo.rmsId li
1 error was reported (see above)
make[1]: *** [Makefile.common:130: cache/OCaml/Ticket.fst.checked] Error 1
make[1]: Target 'all' not remade because of errors.
make: *** [Makefile:10: ocaml-all] Error 2
C:/build/agent2/_work/4/s/src/lowparse/LowParse.Spec.VLData.fst(30,16-30,29): (Warning 252) Subtyping check failed; expected type FStar.UInt.uint_t FStar.UInt32.n; got type Prims.nat (see also C:/build/agent2/_work/4/s/fstar/ulib/FStar.UInt.fst(52,28-52,36))
C:/build/agent2/_work/4/s/src/lowparse/LowParse.Spec.VLData.fst(30,16-30,29): (Warning 252) Subtyping check failed; expected type FStar.UInt.uint_t FStar.UInt32.n; got type Prims.nat (see also C:/build/agent2/_work/4/s/fstar/ulib/FStar.UInt.fst(52,28-52,36))
C:/build/agent2/_work/4/s/src/lowparse/LowParse.Spec.VLData.fst(44,33-44,47): (Warning 252) Subtyping check failed; expected type FStar.UInt.uint_t FStar.UInt32.n; got type Prims.nat (see also C:/build/agent2/_work/4/s/fstar/ulib/FStar.UInt.fst(52,28-52,36))
C:/build/agent2/_work/4/s/src/lowparse/LowParse.Spec.VLData.fst(44,33-44,47): (Warning 252) Subtyping check failed; expected type FStar.UInt.uint_t FStar.UInt32.n; got type Prims.nat (see also C:/build/agent2/_work/4/s/fstar/ulib/FStar.UInt.fst(52,28-52,36))
C:/build/agent2/_work/4/s/src/lowparse/LowParse.Spec.VLData.fst(76,2-80,19): (Warning 252) assertion failed (see also C:/build/agent2/_work/4/s/fstar/ulib/prims.fst(215,68-215,80))
C:/build/agent2/_work/4/s/src/lowparse/LowParse.Spec.VLData.fst(76,2-80,19): (Warning 252) could not prove post-condition (see also C:/build/agent2/_work/4/s/src/lowparse/LowParse.Spec.VLData.fst(75,21-75,59))
C:/build/agent2/_work/4/s/src/lowparse/LowParse.Spec.VLData.fst(76,2-80,19): (Warning 252) assertion failed (see also C:/build/agent2/_work/4/s/fstar/ulib/prims.fst(215,68-215,80))
C:/build/agent2/_work/4/s/src/lowparse/LowParse.Spec.VLData.fst(76,2-80,19): (Warning 252) could not prove post-condition (see also C:/build/agent2/_work/4/s/src/lowparse/LowParse.Spec.VLData.fst(75,21-75,59))
C:/build/agent2/_work/4/s/hacl-star/secure_api/utils/Crypto.Symmetric.Bytes.fst(340,45-340,47): (Warning 252) assertion failed (see also C:/build/agent2/_work/4/s/fstar/ulib/FStar.UInt64.fst(84,12-84,32))
C:/build/agent2/_work/4/s/hacl-star/secure_api/utils/Crypto.Symmetric.Bytes.fst(340,45-340,47): (Warning 252) assertion failed (see also C:/build/agent2/_work/4/s/fstar/ulib/FStar.UInt64.fst(84,12-84,32))
C:/build/agent2/_work/4/s/src/lowparse/LowParse.SLow.Sum.fst(247,66-247,120): (Warning 252) Subtyping check failed; expected type LowParse.Spec.Sum.sum_key (LowParse.Spec.Sum.make_sum_with_nondep nondep_t t); got type LowParse.Spec.Sum.sum_key_type (LowParse.Spec.Sum.make_sum_with_nondep nondep_t t) (see also C:/build/agent2/_work/4/s/src/lowparse/LowParse.SLow.Sum.fst(228,3-247,62))
C:/build/agent2/_work/4/s/src/lowparse/LowParse.SLow.Sum.fst(247,66-247,120): (Warning 252) Subtyping check failed; expected type LowParse.Spec.Sum.sum_key (LowParse.Spec.Sum.make_sum_with_nondep nondep_t t); got type LowParse.Spec.Sum.sum_key_type (LowParse.Spec.Sum.make_sum_with_nondep nondep_t t) (see also C:/build/agent2/_work/4/s/src/lowparse/LowParse.SLow.Sum.fst(228,3-247,62))
C:/build/agent2/_work/4/s/src/lowparse/LowParse.SLow.Sum.fst(247,66-247,120): (Warning 252) Subtyping check failed; expected type LowParse.Spec.Sum.sum_key (LowParse.Spec.Sum.make_sum_with_nondep nondep_t t); got type LowParse.Spec.Sum.sum_key_type (LowParse.Spec.Sum.make_sum_with_nondep nondep_t t) (see also C:/build/agent2/_work/4/s/src/lowparse/LowParse.SLow.Sum.fst(228,3-247,62))
C:/build/agent2/_work/4/s/src/lowparse/LowParse.SLow.Sum.fst(247,66-247,120): (Warning 252) Subtyping check failed; expected type LowParse.Spec.Sum.sum_key (LowParse.Spec.Sum.make_sum_with_nondep nondep_t t); got type LowParse.Spec.Sum.sum_key_type (LowParse.Spec.Sum.make_sum_with_nondep nondep_t t) (see also C:/build/agent2/_work/4/s/src/lowparse/LowParse.SLow.Sum.fst(228,3-247,62))
C:/build/agent2/_work/4/s/src/lowparse/LowParse.SLow.Sum.fst(324,2-334,65): (Warning 252) assertion failed (see also C:/build/agent2/_work/4/s/fstar/ulib/prims.fst(215,68-215,80))
C:/build/agent2/_work/4/s/src/lowparse/LowParse.SLow.Sum.fst(247,66-247,120): (Error 19) Subtyping check failed; expected type LowParse.Spec.Sum.sum_key (LowParse.Spec.Sum.make_sum_with_nondep nondep_t t); got type LowParse.Spec.Sum.sum_key_type (LowParse.Spec.Sum.make_sum_with_nondep nondep_t t) (see also C:/build/agent2/_work/4/s/src/lowparse/LowParse.SLow.Sum.fst(228,3-247,62))
Verified module: LowParse.SLow.Sum (251799 milliseconds)
1 error was reported (see above)
make[1]: *** [Makefile.common:130: cache/Model/LowParse.SLow.Sum.fst.checked] Error 1
AEADProvider.fst(163,2-165,19): (Error 16) Unknown assertion failed (SMT solver says: unknown because canceled (fuel=8; ifuel=2; ); SMT solver says: unknown because canceled (fuel=4; ifuel=2; ); SMT solver says: unknown because canceled (fuel=2; ifuel=2; ); SMT solver says: unknown because canceled (fuel=2; ifuel=1; ))
Verified module: AEADProvider (92699 milliseconds)
1 error was reported (see above)
make[1]: *** [Makefile.common:130: cache/Model/AEADProvider.fst.checked] Error 1
make[1]: Target 'all' not remade because of errors.
make: *** [Makefile:16: model-all] Error 2
make: Target 'all' not remade because of errors.
