Cloning into 'fstar'...
Checking out files:  19% (547/2811)   Checking out files:  20% (563/2811)   Checking out files:  21% (591/2811)   Checking out files:  22% (619/2811)   Checking out files:  23% (647/2811)   Checking out files:  24% (675/2811)   Checking out files:  25% (703/2811)   Checking out files:  26% (731/2811)   Checking out files:  27% (759/2811)   Checking out files:  28% (788/2811)   Checking out files:  29% (816/2811)   Checking out files:  30% (844/2811)   Checking out files:  31% (872/2811)   Checking out files:  32% (900/2811)   Checking out files:  33% (928/2811)   Checking out files:  34% (956/2811)   Checking out files:  35% (984/2811)   Checking out files:  36% (1012/2811)   Checking out files:  37% (1041/2811)   Checking out files:  37% (1066/2811)   Checking out files:  38% (1069/2811)   Checking out files:  39% (1097/2811)   Checking out files:  40% (1125/2811)   Checking out files:  41% (1153/2811)   Checking out files:  42% (1181/2811)   Checking out files:  43% (1209/2811)   Checking out files:  44% (1237/2811)   Checking out files:  45% (1265/2811)   Checking out files:  46% (1294/2811)   Checking out files:  47% (1322/2811)   Checking out files:  48% (1350/2811)   Checking out files:  49% (1378/2811)   Checking out files:  50% (1406/2811)   Checking out files:  51% (1434/2811)   Checking out files:  52% (1462/2811)   Checking out files:  53% (1490/2811)   Checking out files:  54% (1518/2811)   Checking out files:  55% (1547/2811)   Checking out files:  55% (1555/2811)   Checking out files:  56% (1575/2811)   Checking out files:  57% (1603/2811)   Checking out files:  58% (1631/2811)   Checking out files:  59% (1659/2811)   Checking out files:  60% (1687/2811)   Checking out files:  61% (1715/2811)   Checking out files:  62% (1743/2811)   Checking out files:  63% (1771/2811)   Checking out files:  64% (1800/2811)   Checking out files:  65% (1828/2811)   Checking out files:  66% (1856/2811)   Checking out files:  67% (1884/2811)   Checking out files:  68% (1912/2811)   Checking out files:  69% (1940/2811)   Checking out files:  70% (1968/2811)   Checking out files:  71% (1996/2811)   Checking out files:  72% (2024/2811)   Checking out files:  72% (2050/2811)   Checking out files:  73% (2053/2811)   Checking out files:  74% (2081/2811)   Checking out files:  75% (2109/2811)   Checking out files:  76% (2137/2811)   Checking out files:  77% (2165/2811)   Checking out files:  78% (2193/2811)   Checking out files:  79% (2221/2811)   Checking out files:  80% (2249/2811)   Checking out files:  81% (2277/2811)   Checking out files:  82% (2306/2811)   Checking out files:  83% (2334/2811)   Checking out files:  84% (2362/2811)   Checking out files:  85% (2390/2811)   Checking out files:  86% (2418/2811)   Checking out files:  87% (2446/2811)   Checking out files:  88% (2474/2811)   Checking out files:  89% (2502/2811)   Checking out files:  89% (2510/2811)   Checking out files:  90% (2530/2811)   Checking out files:  91% (2559/2811)   Checking out files:  92% (2587/2811)   Checking out files:  93% (2615/2811)   Checking out files:  94% (2643/2811)   Checking out files:  95% (2671/2811)   Checking out files:  96% (2699/2811)   Checking out files:  97% (2727/2811)   Checking out files:  98% (2755/2811)   Checking out files:  99% (2783/2811)   Checking out files: 100% (2811/2811)   Checking out files: 100% (2811/2811), done.
Warning: you are using the standard library and/or the %inline keyword. We
recommend switching on --infer in order to avoid obscure type error messages.
Cloning into 'kremlin'...
Cloning into 'hacl-star'...
Checking out files:  11% (586/5288)   Checking out files:  12% (635/5288)   Checking out files:  13% (688/5288)   Checking out files:  14% (741/5288)   Checking out files:  15% (794/5288)   Checking out files:  16% (847/5288)   Checking out files:  17% (899/5288)   Checking out files:  18% (952/5288)   Checking out files:  19% (1005/5288)   Checking out files:  20% (1058/5288)   Checking out files:  21% (1111/5288)   Checking out files:  22% (1164/5288)   Checking out files:  22% (1203/5288)   Checking out files:  23% (1217/5288)   Checking out files:  24% (1270/5288)   Checking out files:  25% (1322/5288)   Checking out files:  26% (1375/5288)   Checking out files:  27% (1428/5288)   Checking out files:  28% (1481/5288)   Checking out files:  29% (1534/5288)   Checking out files:  30% (1587/5288)   Checking out files:  31% (1640/5288)   Checking out files:  32% (1693/5288)   Checking out files:  33% (1746/5288)   Checking out files:  33% (1776/5288)   Checking out files:  34% (1798/5288)   Checking out files:  35% (1851/5288)   Checking out files:  36% (1904/5288)   Checking out files:  37% (1957/5288)   Checking out files:  38% (2010/5288)   Checking out files:  39% (2063/5288)   Checking out files:  40% (2116/5288)   Checking out files:  41% (2169/5288)   Checking out files:  42% (2221/5288)   Checking out files:  43% (2274/5288)   Checking out files:  44% (2327/5288)   Checking out files:  45% (2380/5288)   Checking out files:  45% (2401/5288)   Checking out files:  46% (2433/5288)   Checking out files:  47% (2486/5288)   Checking out files:  48% (2539/5288)   Checking out files:  49% (2592/5288)   Checking out files:  50% (2644/5288)   Checking out files:  51% (2697/5288)   Checking out files:  52% (2750/5288)   Checking out files:  53% (2803/5288)   Checking out files:  54% (2856/5288)   Checking out files:  55% (2909/5288)   Checking out files:  56% (2962/5288)   Checking out files:  56% (3008/5288)   Checking out files:  57% (3015/5288)   Checking out files:  58% (3068/5288)   Checking out files:  59% (3120/5288)   Checking out files:  60% (3173/5288)   Checking out files:  61% (3226/5288)   Checking out files:  62% (3279/5288)   Checking out files:  63% (3332/5288)   Checking out files:  64% (3385/5288)   Checking out files:  65% (3438/5288)   Checking out files:  66% (3491/5288)   Checking out files:  67% (3543/5288)   Checking out files:  67% (3573/5288)   Checking out files:  68% (3596/5288)   Checking out files:  69% (3649/5288)   Checking out files:  70% (3702/5288)   Checking out files:  71% (3755/5288)   Checking out files:  72% (3808/5288)   Checking out files:  73% (3861/5288)   Checking out files:  74% (3914/5288)   Checking out files:  75% (3966/5288)   Checking out files:  76% (4019/5288)   Checking out files:  77% (4072/5288)   Checking out files:  78% (4125/5288)   Checking out files:  78% (4165/5288)   Checking out files:  79% (4178/5288)   Checking out files:  80% (4231/5288)   Checking out files:  81% (4284/5288)   Checking out files:  82% (4337/5288)   Checking out files:  83% (4390/5288)   Checking out files:  84% (4442/5288)   Checking out files:  85% (4495/5288)   Checking out files:  86% (4548/5288)   Checking out files:  87% (4601/5288)   Checking out files:  88% (4654/5288)   Checking out files:  89% (4707/5288)   Checking out files:  90% (4760/5288)   Checking out files:  90% (4762/5288)   Checking out files:  91% (4813/5288)   Checking out files:  92% (4865/5288)   Checking out files:  93% (4918/5288)   Checking out files:  94% (4971/5288)   Checking out files:  95% (5024/5288)   Checking out files:  96% (5077/5288)   Checking out files:  97% (5130/5288)   Checking out files:  98% (5183/5288)   Checking out files:  99% (5236/5288)   Checking out files: 100% (5288/5288)   Checking out files: 100% (5288/5288), done.
Cloning into 'mlcrypto'...
Submodule 'openssl' (https://github.com/openssl/openssl) registered for path 'openssl'
Cloning into '/cygdrive/c/build/agent1/_work/2/s/mlcrypto/openssl'...
crypto/asn1/x_int64.c: In function 'uint64_print':
crypto/asn1/x_int64.c:105:32: warning: unknown conversion type character 'j' in format [-Wformat=]
return BIO_printf(out, "%jd\n", **(int64_t **)pval);
^
crypto/asn1/x_int64.c:105:32: warning: too many arguments for format [-Wformat-extra-args]
crypto/asn1/x_int64.c:106:28: warning: unknown conversion type character 'j' in format [-Wformat=]
return BIO_printf(out, "%ju\n", **(uint64_t **)pval);
^
crypto/asn1/x_int64.c:106:28: warning: too many arguments for format [-Wformat-extra-args]
crypto/bio/b_sock2.c: In function 'BIO_socket':
crypto/bio/b_sock2.c:45:16: warning: overflow in implicit constant conversion [-Woverflow]
return INVALID_SOCKET;
^
crypto/bio/b_sock2.c:51:16: warning: overflow in implicit constant conversion [-Woverflow]
return INVALID_SOCKET;
^
crypto/bio/b_sock2.c: In function 'BIO_accept_ex':
crypto/bio/b_sock2.c:263:16: warning: overflow in implicit constant conversion [-Woverflow]
return INVALID_SOCKET;
^
crypto/bio/b_sock2.c:268:16: warning: overflow in implicit constant conversion [-Woverflow]
return INVALID_SOCKET;
^
crypto/bio/b_sock.c: In function 'BIO_get_accept_socket':
crypto/bio/b_sock.c:202:13: warning: overflow in implicit constant conversion [-Woverflow]
int s = INVALID_SOCKET;
^
crypto/bio/b_sock.c:207:16: warning: overflow in implicit constant conversion [-Woverflow]
return INVALID_SOCKET;
^
crypto/bio/b_sock.c:210:16: warning: overflow in implicit constant conversion [-Woverflow]
return INVALID_SOCKET;
^
crypto/bio/b_sock.c:217:13: warning: overflow in implicit constant conversion [-Woverflow]
s = INVALID_SOCKET;
^
crypto/bio/b_sock.c:224:13: warning: overflow in implicit constant conversion [-Woverflow]
s = INVALID_SOCKET;
^
In file included from crypto/bn/bn_print.c:15:0:
crypto/bn/bn_print.c: In function 'BN_bn2dec':
crypto/bn/bn_lcl.h:94:27: warning: unknown conversion type character 'l' in format [-Wformat=]
#  define BN_DEC_FMT1     "%llu"
^
crypto/bn/bn_print.c:104:57: note: in expansion of macro 'BN_DEC_FMT1'
n = BIO_snprintf(p, tbytes - (size_t)(p - buf), BN_DEC_FMT1, *lp);
^
crypto/bn/bn_lcl.h:94:27: warning: too many arguments for format [-Wformat-extra-args]
#  define BN_DEC_FMT1     "%llu"
^
crypto/bn/bn_print.c:104:57: note: in expansion of macro 'BN_DEC_FMT1'
n = BIO_snprintf(p, tbytes - (size_t)(p - buf), BN_DEC_FMT1, *lp);
^
crypto/bn/bn_lcl.h:95:27: warning: unknown conversion type character 'l' in format [-Wformat=]
#  define BN_DEC_FMT2     "%019llu"
^
crypto/bn/bn_print.c:110:61: note: in expansion of macro 'BN_DEC_FMT2'
n = BIO_snprintf(p, tbytes - (size_t)(p - buf), BN_DEC_FMT2, *lp);
^
crypto/bn/bn_lcl.h:95:27: warning: too many arguments for format [-Wformat-extra-args]
#  define BN_DEC_FMT2     "%019llu"
^
crypto/bn/bn_print.c:110:61: note: in expansion of macro 'BN_DEC_FMT2'
n = BIO_snprintf(p, tbytes - (size_t)(p - buf), BN_DEC_FMT2, *lp);
^
crypto/bn/bn_print.c: In function 'BN_options':
crypto/bn/bn_print.c:340:42: warning: unknown conversion type character 'z' in format [-Wformat=]
BIO_snprintf(data, sizeof(data), "bn(%zu,%zu)",
^
crypto/bn/bn_print.c:340:42: warning: unknown conversion type character 'z' in format [-Wformat=]
crypto/bn/bn_print.c:340:42: warning: too many arguments for format [-Wformat-extra-args]
crypto/threads_win.c: In function 'CRYPTO_atomic_add':
crypto/threads_win.c:132:35: warning: passing argument 1 of '_InterlockedExchangeAdd' from incompatible pointer type [-Wincompatible-pointer-types]
*ret = InterlockedExchangeAdd(val, amount) + amount;
^
In file included from /usr/x86_64-w64-mingw32/sys-root/mingw/include/winnt.h:27:0,
from /usr/x86_64-w64-mingw32/sys-root/mingw/include/minwindef.h:163,
from /usr/x86_64-w64-mingw32/sys-root/mingw/include/windef.h:8,
from /usr/x86_64-w64-mingw32/sys-root/mingw/include/windows.h:69,
from crypto/threads_win.c:11:
/usr/x86_64-w64-mingw32/sys-root/mingw/include/psdk_inc/intrin-impl.h:1026:10: note: expected 'volatile long int *' but argument is of type 'int *'
__LONG32 _InterlockedExchangeAdd(__LONG32 volatile *Addend, __LONG32 Value) {
^
crypto/threads_win.c: In function 'CRYPTO_atomic_read':
crypto/threads_win.c:138:39: warning: passing argument 1 of '_InterlockedCompareExchange' from incompatible pointer type [-Wincompatible-pointer-types]
*ret = InterlockedCompareExchange(val, 0, 0);
^
In file included from /usr/x86_64-w64-mingw32/sys-root/mingw/include/winnt.h:27:0,
from /usr/x86_64-w64-mingw32/sys-root/mingw/include/minwindef.h:163,
from /usr/x86_64-w64-mingw32/sys-root/mingw/include/windef.h:8,
from /usr/x86_64-w64-mingw32/sys-root/mingw/include/windows.h:69,
from crypto/threads_win.c:11:
/usr/x86_64-w64-mingw32/sys-root/mingw/include/psdk_inc/intrin-impl.h:1037:10: note: expected 'volatile long int *' but argument is of type 'int *'
__LONG32 _InterlockedCompareExchange(__LONG32 volatile *Destination, __LONG32 ExChange, __LONG32 Comperand) {
^
crypto/threads_win.c: In function 'CRYPTO_atomic_write':
crypto/threads_win.c:144:25: warning: passing argument 1 of '_InterlockedExchange' from incompatible pointer type [-Wincompatible-pointer-types]
InterlockedExchange(val, n);
^
In file included from /usr/x86_64-w64-mingw32/sys-root/mingw/include/winnt.h:27:0,
from /usr/x86_64-w64-mingw32/sys-root/mingw/include/minwindef.h:163,
from /usr/x86_64-w64-mingw32/sys-root/mingw/include/windef.h:8,
from /usr/x86_64-w64-mingw32/sys-root/mingw/include/windows.h:69,
from crypto/threads_win.c:11:
/usr/x86_64-w64-mingw32/sys-root/mingw/include/psdk_inc/intrin-impl.h:1088:10: note: expected 'volatile long int *' but argument is of type 'int *'
__LONG32 _InterlockedExchange(__LONG32 volatile *Target, __LONG32 Value) {
^
test/testutil/tests.c: In function 'test_size_t_eq':
test/testutil/tests.c:196:27: warning: unknown conversion type character 'z' in format [-Wformat=]
"[" fmt "] compared to [" fmt "]",            \
^
test/testutil/tests.c:202:5: note: in expansion of macro 'DEFINE_COMPARISON'
DEFINE_COMPARISON(type, name, eq, ==, fmt)                          \
^
test/testutil/tests.c:215:1: note: in expansion of macro 'DEFINE_COMPARISONS'
DEFINE_COMPARISONS(size_t, size_t, "%zu")
^
test/testutil/tests.c:196:27: warning: unknown conversion type character 'z' in format [-Wformat=]
"[" fmt "] compared to [" fmt "]",            \
^
test/testutil/tests.c:202:5: note: in expansion of macro 'DEFINE_COMPARISON'
DEFINE_COMPARISON(type, name, eq, ==, fmt)                          \
^
test/testutil/tests.c:215:1: note: in expansion of macro 'DEFINE_COMPARISONS'
DEFINE_COMPARISONS(size_t, size_t, "%zu")
^
test/testutil/tests.c:196:27: warning: too many arguments for format [-Wformat-extra-args]
"[" fmt "] compared to [" fmt "]",            \
^
test/testutil/tests.c:202:5: note: in expansion of macro 'DEFINE_COMPARISON'
DEFINE_COMPARISON(type, name, eq, ==, fmt)                          \
^
test/testutil/tests.c:215:1: note: in expansion of macro 'DEFINE_COMPARISONS'
DEFINE_COMPARISONS(size_t, size_t, "%zu")
^
test/testutil/tests.c: In function 'test_size_t_ne':
test/testutil/tests.c:196:27: warning: unknown conversion type character 'z' in format [-Wformat=]
"[" fmt "] compared to [" fmt "]",            \
^
test/testutil/tests.c:203:5: note: in expansion of macro 'DEFINE_COMPARISON'
DEFINE_COMPARISON(type, name, ne, !=, fmt)                          \
^
test/testutil/tests.c:215:1: note: in expansion of macro 'DEFINE_COMPARISONS'
DEFINE_COMPARISONS(size_t, size_t, "%zu")
^
test/testutil/tests.c:196:27: warning: unknown conversion type character 'z' in format [-Wformat=]
"[" fmt "] compared to [" fmt "]",            \
^
test/testutil/tests.c:203:5: note: in expansion of macro 'DEFINE_COMPARISON'
DEFINE_COMPARISON(type, name, ne, !=, fmt)                          \
^
test/testutil/tests.c:215:1: note: in expansion of macro 'DEFINE_COMPARISONS'
DEFINE_COMPARISONS(size_t, size_t, "%zu")
^
test/testutil/tests.c:196:27: warning: too many arguments for format [-Wformat-extra-args]
"[" fmt "] compared to [" fmt "]",            \
^
test/testutil/tests.c:203:5: note: in expansion of macro 'DEFINE_COMPARISON'
DEFINE_COMPARISON(type, name, ne, !=, fmt)                          \
^
test/testutil/tests.c:215:1: note: in expansion of macro 'DEFINE_COMPARISONS'
DEFINE_COMPARISONS(size_t, size_t, "%zu")
^
test/testutil/tests.c: In function 'test_size_t_lt':
test/testutil/tests.c:196:27: warning: unknown conversion type character 'z' in format [-Wformat=]
"[" fmt "] compared to [" fmt "]",            \
^
test/testutil/tests.c:204:5: note: in expansion of macro 'DEFINE_COMPARISON'
DEFINE_COMPARISON(type, name, lt, <, fmt)                           \
^
test/testutil/tests.c:215:1: note: in expansion of macro 'DEFINE_COMPARISONS'
DEFINE_COMPARISONS(size_t, size_t, "%zu")
^
test/testutil/tests.c:196:27: warning: unknown conversion type character 'z' in format [-Wformat=]
"[" fmt "] compared to [" fmt "]",            \
^
test/testutil/tests.c:204:5: note: in expansion of macro 'DEFINE_COMPARISON'
DEFINE_COMPARISON(type, name, lt, <, fmt)                           \
^
test/testutil/tests.c:215:1: note: in expansion of macro 'DEFINE_COMPARISONS'
DEFINE_COMPARISONS(size_t, size_t, "%zu")
^
test/testutil/tests.c:196:27: warning: too many arguments for format [-Wformat-extra-args]
"[" fmt "] compared to [" fmt "]",            \
^
test/testutil/tests.c:204:5: note: in expansion of macro 'DEFINE_COMPARISON'
DEFINE_COMPARISON(type, name, lt, <, fmt)                           \
^
test/testutil/tests.c:215:1: note: in expansion of macro 'DEFINE_COMPARISONS'
DEFINE_COMPARISONS(size_t, size_t, "%zu")
^
test/testutil/tests.c: In function 'test_size_t_le':
test/testutil/tests.c:196:27: warning: unknown conversion type character 'z' in format [-Wformat=]
"[" fmt "] compared to [" fmt "]",            \
^
test/testutil/tests.c:205:5: note: in expansion of macro 'DEFINE_COMPARISON'
DEFINE_COMPARISON(type, name, le, <=, fmt)                          \
^
test/testutil/tests.c:215:1: note: in expansion of macro 'DEFINE_COMPARISONS'
DEFINE_COMPARISONS(size_t, size_t, "%zu")
^
test/testutil/tests.c:196:27: warning: unknown conversion type character 'z' in format [-Wformat=]
"[" fmt "] compared to [" fmt "]",            \
^
test/testutil/tests.c:205:5: note: in expansion of macro 'DEFINE_COMPARISON'
DEFINE_COMPARISON(type, name, le, <=, fmt)                          \
^
test/testutil/tests.c:215:1: note: in expansion of macro 'DEFINE_COMPARISONS'
DEFINE_COMPARISONS(size_t, size_t, "%zu")
^
test/testutil/tests.c:196:27: warning: too many arguments for format [-Wformat-extra-args]
"[" fmt "] compared to [" fmt "]",            \
^
test/testutil/tests.c:205:5: note: in expansion of macro 'DEFINE_COMPARISON'
DEFINE_COMPARISON(type, name, le, <=, fmt)                          \
^
test/testutil/tests.c:215:1: note: in expansion of macro 'DEFINE_COMPARISONS'
DEFINE_COMPARISONS(size_t, size_t, "%zu")
^
test/testutil/tests.c: In function 'test_size_t_gt':
test/testutil/tests.c:196:27: warning: unknown conversion type character 'z' in format [-Wformat=]
"[" fmt "] compared to [" fmt "]",            \
^
test/testutil/tests.c:206:5: note: in expansion of macro 'DEFINE_COMPARISON'
DEFINE_COMPARISON(type, name, gt, >, fmt)                           \
^
test/testutil/tests.c:215:1: note: in expansion of macro 'DEFINE_COMPARISONS'
DEFINE_COMPARISONS(size_t, size_t, "%zu")
^
test/testutil/tests.c:196:27: warning: unknown conversion type character 'z' in format [-Wformat=]
"[" fmt "] compared to [" fmt "]",            \
^
test/testutil/tests.c:206:5: note: in expansion of macro 'DEFINE_COMPARISON'
DEFINE_COMPARISON(type, name, gt, >, fmt)                           \
^
test/testutil/tests.c:215:1: note: in expansion of macro 'DEFINE_COMPARISONS'
DEFINE_COMPARISONS(size_t, size_t, "%zu")
^
test/testutil/tests.c:196:27: warning: too many arguments for format [-Wformat-extra-args]
"[" fmt "] compared to [" fmt "]",            \
^
test/testutil/tests.c:206:5: note: in expansion of macro 'DEFINE_COMPARISON'
DEFINE_COMPARISON(type, name, gt, >, fmt)                           \
^
test/testutil/tests.c:215:1: note: in expansion of macro 'DEFINE_COMPARISONS'
DEFINE_COMPARISONS(size_t, size_t, "%zu")
^
test/testutil/tests.c: In function 'test_size_t_ge':
test/testutil/tests.c:196:27: warning: unknown conversion type character 'z' in format [-Wformat=]
"[" fmt "] compared to [" fmt "]",            \
^
test/testutil/tests.c:207:5: note: in expansion of macro 'DEFINE_COMPARISON'
DEFINE_COMPARISON(type, name, ge, >=, fmt)
^
test/testutil/tests.c:215:1: note: in expansion of macro 'DEFINE_COMPARISONS'
DEFINE_COMPARISONS(size_t, size_t, "%zu")
^
test/testutil/tests.c:196:27: warning: unknown conversion type character 'z' in format [-Wformat=]
"[" fmt "] compared to [" fmt "]",            \
^
test/testutil/tests.c:207:5: note: in expansion of macro 'DEFINE_COMPARISON'
DEFINE_COMPARISON(type, name, ge, >=, fmt)
^
test/testutil/tests.c:215:1: note: in expansion of macro 'DEFINE_COMPARISONS'
DEFINE_COMPARISONS(size_t, size_t, "%zu")
^
test/testutil/tests.c:196:27: warning: too many arguments for format [-Wformat-extra-args]
"[" fmt "] compared to [" fmt "]",            \
^
test/testutil/tests.c:207:5: note: in expansion of macro 'DEFINE_COMPARISON'
DEFINE_COMPARISON(type, name, ge, >=, fmt)
^
test/testutil/tests.c:215:1: note: in expansion of macro 'DEFINE_COMPARISONS'
DEFINE_COMPARISONS(size_t, size_t, "%zu")
^
ar: creating libssl.a
ar: creating test/libtestutil.a
ar: creating libcrypto.a
openssl_stub.c: In function ‘ocaml_load_chain’:
openssl_stub.c:2187:16: warning: variable ‘first’ set but not used [-Wunused-but-set-variable]
X509 *x509, *first = NULL;
^
Warning 10: : -drop is deprecated
use a combination of -bundle and -d reachability to make sure the functions are eliminated as you wish
Warning 10: : -drop is deprecated
use a combination of -bundle and -d reachability to make sure the functions are eliminated as you wish
Warning 2: in the definition of b0', after the definition of b4', in top-level declaration Hacl.Bignum.Modulo.carry_top_wide, in file Hacl_Curve25519: Reference to FStar.UInt128.mul_wide has no corresponding implementation; please provide a C implementation
Warning 2: after the definition of yi, in the definition of f', in the last element of the sequence, after the definition of h0, in top-level declaration Hacl.Bignum.Fproduct.sum_scalar_multiplication_, in file Hacl_Curve25519: Reference to FStar.UInt128.mul_wide has no corresponding implementation; please provide a C implementation
Warning 2: after the definition of xi, in the definition of f', in the last element of the sequence, after the definition of h0, in top-level declaration Hacl.Bignum.Fscalar.fscalar, in file Hacl_Curve25519: Reference to FStar.UInt128.mul_wide has no corresponding implementation; please provide a C implementation
Warning 2: in the definition of s0, after the definition of d4, in top-level declaration Hacl.Bignum.Fsquare.fsquare__, in file Hacl_Curve25519: Reference to FStar.UInt128.mul_wide has no corresponding implementation; please provide a C implementation
Warning 2: in the definition of s0, after the definition of d4, in top-level declaration Hacl.Bignum.Fsquare.fsquare__, in file Hacl_Curve25519: Reference to FStar.UInt128.mul_wide has no corresponding implementation; please provide a C implementation
Warning 2: in the definition of s0, after the definition of d4, in top-level declaration Hacl.Bignum.Fsquare.fsquare__, in file Hacl_Curve25519: Reference to FStar.UInt128.mul_wide has no corresponding implementation; please provide a C implementation
Warning 2: in the definition of s1, after the definition of s0, in top-level declaration Hacl.Bignum.Fsquare.fsquare__, in file Hacl_Curve25519: Reference to FStar.UInt128.mul_wide has no corresponding implementation; please provide a C implementation
Warning 2: in the definition of s1, after the definition of s0, in top-level declaration Hacl.Bignum.Fsquare.fsquare__, in file Hacl_Curve25519: Reference to FStar.UInt128.mul_wide has no corresponding implementation; please provide a C implementation
Warning 2: in the definition of s1, after the definition of s0, in top-level declaration Hacl.Bignum.Fsquare.fsquare__, in file Hacl_Curve25519: Reference to FStar.UInt128.mul_wide has no corresponding implementation; please provide a C implementation
Warning 2: in the definition of s2, after the definition of s1, in top-level declaration Hacl.Bignum.Fsquare.fsquare__, in file Hacl_Curve25519: Reference to FStar.UInt128.mul_wide has no corresponding implementation; please provide a C implementation
Warning 2: in the definition of s2, after the definition of s1, in top-level declaration Hacl.Bignum.Fsquare.fsquare__, in file Hacl_Curve25519: Reference to FStar.UInt128.mul_wide has no corresponding implementation; please provide a C implementation
Warning 2: in the definition of s2, after the definition of s1, in top-level declaration Hacl.Bignum.Fsquare.fsquare__, in file Hacl_Curve25519: Reference to FStar.UInt128.mul_wide has no corresponding implementation; please provide a C implementation
Warning 2: in the definition of s3, after the definition of s2, in top-level declaration Hacl.Bignum.Fsquare.fsquare__, in file Hacl_Curve25519: Reference to FStar.UInt128.mul_wide has no corresponding implementation; please provide a C implementation
Warning 2: in the definition of s3, after the definition of s2, in top-level declaration Hacl.Bignum.Fsquare.fsquare__, in file Hacl_Curve25519: Reference to FStar.UInt128.mul_wide has no corresponding implementation; please provide a C implementation
Warning 2: in the definition of s3, after the definition of s2, in top-level declaration Hacl.Bignum.Fsquare.fsquare__, in file Hacl_Curve25519: Reference to FStar.UInt128.mul_wide has no corresponding implementation; please provide a C implementation
Warning 2: in the definition of s4, after the definition of s3, in top-level declaration Hacl.Bignum.Fsquare.fsquare__, in file Hacl_Curve25519: Reference to FStar.UInt128.mul_wide has no corresponding implementation; please provide a C implementation
Warning 2: in the definition of s4, after the definition of s3, in top-level declaration Hacl.Bignum.Fsquare.fsquare__, in file Hacl_Curve25519: Reference to FStar.UInt128.mul_wide has no corresponding implementation; please provide a C implementation
Warning 2: in the definition of s4, after the definition of s3, in top-level declaration Hacl.Bignum.Fsquare.fsquare__, in file Hacl_Curve25519: Reference to FStar.UInt128.mul_wide has no corresponding implementation; please provide a C implementation
Warning 13: : Prims.nat, a monomorphic instance, is first used, and therefore inserted, in file Prims which is about to be dropped; you may get a C compiler error about Prims_nat if any other module uses this definition
Warning 13: : C.exit_code, a monomorphic instance, is first used, and therefore inserted, in file C which is about to be dropped; you may get a C compiler error about C_exit_code if any other module uses this definition
Warning 13: : FStar.Monotonic.HyperStack.mem, a monomorphic instance, is first used, and therefore inserted, in file FStar which is about to be dropped; you may get a C compiler error about FStar_Monotonic_HyperStack_mem if any other module uses this definition
Warning 13: : FStar.UInt128.t, a monomorphic instance, is first used, and therefore inserted, in file FStar which is about to be dropped; you may get a C compiler error about FStar_UInt128_t if any other module uses this definition
Warning 13: : Hacl.UInt128.t, a monomorphic instance, is first used, and therefore inserted, in file Hacl_UInt128 which is about to be dropped; you may get a C compiler error about Hacl_UInt128_t if any other module uses this definition
Warning 7: : After inlining, Hacl.Test.X25519.main (going into Hacl_Test_X25519) calls Hacl.EC.crypto_scalarmult (going into Hacl_Curve25519) -- removing the static qualifier from Hacl.EC.crypto_scalarmult
C:\build\agent1\_work\2\s\fstar\bin\..\ulib\prims.fst(0,0-0,0): (Warning 241) Corrupt cache file ..\secure_api\out\runtime_switch\cache\prims.fst.checked.lax; will recheck C:\build\agent1\_work\2\s\fstar\bin\..\ulib\prims.fst and all subsequent files
C:\build\agent1\_work\2\s\fstar\ulib\prims.fst(0,0-0,0): (Warning 241) Corrupt cache file ..\secure_api\out\hacl_aes_abstract_id\cache\prims.fst.checked.lax; will recheck C:\build\agent1\_work\2\s\fstar\ulib\prims.fst and all subsequent files
C:\build\agent1\_work\2\s\fstar\ulib\prims.fst(0,0-0,0): (Warning 241) Corrupt cache file ..\secure_api\out\vale_aes_abstract_id\cache\prims.fst.checked.lax; will recheck C:\build\agent1\_work\2\s\fstar\ulib\prims.fst and all subsequent files
C:\build\agent1\_work\2\s\fstar\ulib\prims.fst(0,0-0,0): (Warning 241) Corrupt cache file ..\secure_api\out\runtime_switch\cache\prims.fst.checked.lax; will recheck C:\build\agent1\_work\2\s\fstar\ulib\prims.fst and all subsequent files
C:/build/agent1/_work/2/s/fstar/ulib/FStar.Pervasives.fst(0,0-0,0): (Warning 241) Stale cache file ..\secure_api\out\vale_aes_abstract_id\cache\FStar.Pervasives.fst.checked.lax; will recheck C:/build/agent1/_work/2/s/fstar/ulib/FStar.Pervasives.fst and all subsequent files
C:/build/agent1/_work/2/s/fstar/ulib/FStar.Pervasives.fst(0,0-0,0): (Warning 241) Stale cache file ..\secure_api\out\hacl_aes_abstract_id\cache\FStar.Pervasives.fst.checked.lax; will recheck C:/build/agent1/_work/2/s/fstar/ulib/FStar.Pervasives.fst and all subsequent files
C:/build/agent1/_work/2/s/fstar/ulib/FStar.Pervasives.fst(0,0-0,0): (Warning 241) Stale cache file ..\secure_api\out\runtime_switch\cache\FStar.Pervasives.fst.checked.lax; will recheck C:/build/agent1/_work/2/s/fstar/ulib/FStar.Pervasives.fst and all subsequent files
C:/build/agent1/_work/2/s/fstar/ulib/FStar.Mul.fst(0,0-0,0): (Warning 241) Stale cache file ..\secure_api\out\vale_aes_abstract_id\cache\FStar.Mul.fst.checked.lax; will recheck C:/build/agent1/_work/2/s/fstar/ulib/FStar.Mul.fst and all subsequent files
C:/build/agent1/_work/2/s/fstar/ulib/FStar.Mul.fst(0,0-0,0): (Warning 241) Stale cache file ..\secure_api\out\hacl_aes_abstract_id\cache\FStar.Mul.fst.checked.lax; will recheck C:/build/agent1/_work/2/s/fstar/ulib/FStar.Mul.fst and all subsequent files
C:/build/agent1/_work/2/s/fstar/ulib/FStar.StrongExcludedMiddle.fst(0,0-0,0): (Warning 241) Stale cache file ..\secure_api\out\hacl_aes_abstract_id\cache\FStar.StrongExcludedMiddle.fst.checked.lax; will recheck C:/build/agent1/_work/2/s/fstar/ulib/FStar.StrongExcludedMiddle.fst and all subsequent files
C:/build/agent1/_work/2/s/fstar/ulib/FStar.StrongExcludedMiddle.fst(0,0-0,0): (Warning 241) Stale cache file ..\secure_api\out\vale_aes_abstract_id\cache\FStar.StrongExcludedMiddle.fst.checked.lax; will recheck C:/build/agent1/_work/2/s/fstar/ulib/FStar.StrongExcludedMiddle.fst and all subsequent files
C:/build/agent1/_work/2/s/fstar/ulib/FStar.Squash.fsti(0,0-0,0): (Warning 241) Stale cache file ..\secure_api\out\vale_aes_abstract_id\cache\FStar.Squash.fsti.checked.lax; will recheck C:/build/agent1/_work/2/s/fstar/ulib/FStar.Squash.fsti and all subsequent files
C:/build/agent1/_work/2/s/fstar/ulib/FStar.Squash.fsti(0,0-0,0): (Warning 241) Stale cache file ..\secure_api\out\hacl_aes_abstract_id\cache\FStar.Squash.fsti.checked.lax; will recheck C:/build/agent1/_work/2/s/fstar/ulib/FStar.Squash.fsti and all subsequent files
C:/build/agent1/_work/2/s/fstar/ulib/FStar.Preorder.fst(0,0-0,0): (Warning 241) Stale cache file ..\secure_api\out\vale_aes_abstract_id\cache\FStar.Preorder.fst.checked.lax; will recheck C:/build/agent1/_work/2/s/fstar/ulib/FStar.Preorder.fst and all subsequent files
C:/build/agent1/_work/2/s/fstar/ulib/FStar.Preorder.fst(0,0-0,0): (Warning 241) Stale cache file ..\secure_api\out\hacl_aes_abstract_id\cache\FStar.Preorder.fst.checked.lax; will recheck C:/build/agent1/_work/2/s/fstar/ulib/FStar.Preorder.fst and all subsequent files
C:/build/agent1/_work/2/s/fstar/ulib/FStar.Ghost.fsti(0,0-0,0): (Warning 241) Stale cache file ..\secure_api\out\vale_aes_abstract_id\cache\FStar.Ghost.fsti.checked.lax; will recheck C:/build/agent1/_work/2/s/fstar/ulib/FStar.Ghost.fsti and all subsequent files
C:/build/agent1/_work/2/s/fstar/ulib/FStar.Ghost.fsti(0,0-0,0): (Warning 241) Stale cache file ..\secure_api\out\hacl_aes_abstract_id\cache\FStar.Ghost.fsti.checked.lax; will recheck C:/build/agent1/_work/2/s/fstar/ulib/FStar.Ghost.fsti and all subsequent files
C:/build/agent1/_work/2/s/fstar/ulib/FStar.Classical.fsti(0,0-0,0): (Warning 241) Stale cache file ..\secure_api\out\vale_aes_abstract_id\cache\FStar.Classical.fsti.checked.lax; will recheck C:/build/agent1/_work/2/s/fstar/ulib/FStar.Classical.fsti and all subsequent files
C:/build/agent1/_work/2/s/fstar/ulib/FStar.Classical.fsti(0,0-0,0): (Warning 241) Stale cache file ..\secure_api\out\hacl_aes_abstract_id\cache\FStar.Classical.fsti.checked.lax; will recheck C:/build/agent1/_work/2/s/fstar/ulib/FStar.Classical.fsti and all subsequent files
C:/build/agent1/_work/2/s/fstar/ulib/FStar.FunctionalExtensionality.fst(0,0-0,0): (Warning 241) Stale cache file ..\secure_api\out\vale_aes_abstract_id\cache\FStar.FunctionalExtensionality.fst.checked.lax; will recheck C:/build/agent1/_work/2/s/fstar/ulib/FStar.FunctionalExtensionality.fst and all subsequent files
C:/build/agent1/_work/2/s/fstar/ulib/FStar.FunctionalExtensionality.fst(0,0-0,0): (Warning 241) Stale cache file ..\secure_api\out\hacl_aes_abstract_id\cache\FStar.FunctionalExtensionality.fst.checked.lax; will recheck C:/build/agent1/_work/2/s/fstar/ulib/FStar.FunctionalExtensionality.fst and all subsequent files
C:/build/agent1/_work/2/s/fstar/ulib/FStar.Mul.fst(0,0-0,0): (Warning 241) Stale cache file ..\secure_api\out\runtime_switch\cache\FStar.Mul.fst.checked.lax; will recheck C:/build/agent1/_work/2/s/fstar/ulib/FStar.Mul.fst and all subsequent files
C:/build/agent1/_work/2/s/fstar/ulib/FStar.PropositionalExtensionality.fst(0,0-0,0): (Warning 241) Stale cache file ..\secure_api\out\vale_aes_abstract_id\cache\FStar.PropositionalExtensionality.fst.checked.lax; will recheck C:/build/agent1/_work/2/s/fstar/ulib/FStar.PropositionalExtensionality.fst and all subsequent files
C:/build/agent1/_work/2/s/fstar/ulib/FStar.Float.fsti(0,0-0,0): (Warning 241) Stale cache file ..\secure_api\out\vale_aes_abstract_id\cache\FStar.Float.fsti.checked.lax; will recheck C:/build/agent1/_work/2/s/fstar/ulib/FStar.Float.fsti and all subsequent files
C:/build/agent1/_work/2/s/fstar/ulib/FStar.PropositionalExtensionality.fst(0,0-0,0): (Warning 241) Stale cache file ..\secure_api\out\hacl_aes_abstract_id\cache\FStar.PropositionalExtensionality.fst.checked.lax; will recheck C:/build/agent1/_work/2/s/fstar/ulib/FStar.PropositionalExtensionality.fst and all subsequent files
C:/build/agent1/_work/2/s/fstar/ulib/FStar.StrongExcludedMiddle.fst(0,0-0,0): (Warning 241) Stale cache file ..\secure_api\out\runtime_switch\cache\FStar.StrongExcludedMiddle.fst.checked.lax; will recheck C:/build/agent1/_work/2/s/fstar/ulib/FStar.StrongExcludedMiddle.fst and all subsequent files
C:/build/agent1/_work/2/s/fstar/ulib/FStar.Squash.fsti(0,0-0,0): (Warning 241) Stale cache file ..\secure_api\out\runtime_switch\cache\FStar.Squash.fsti.checked.lax; will recheck C:/build/agent1/_work/2/s/fstar/ulib/FStar.Squash.fsti and all subsequent files
C:/build/agent1/_work/2/s/fstar/ulib/FStar.Exn.fst(0,0-0,0): (Warning 241) Stale cache file ..\secure_api\out\vale_aes_abstract_id\cache\FStar.Exn.fst.checked.lax; will recheck C:/build/agent1/_work/2/s/fstar/ulib/FStar.Exn.fst and all subsequent files
C:/build/agent1/_work/2/s/fstar/ulib/FStar.Float.fsti(0,0-0,0): (Warning 241) Stale cache file ..\secure_api\out\hacl_aes_abstract_id\cache\FStar.Float.fsti.checked.lax; will recheck C:/build/agent1/_work/2/s/fstar/ulib/FStar.Float.fsti and all subsequent files
C:/build/agent1/_work/2/s/fstar/ulib/FStar.Exn.fst(0,0-0,0): (Warning 241) Stale cache file ..\secure_api\out\hacl_aes_abstract_id\cache\FStar.Exn.fst.checked.lax; will recheck C:/build/agent1/_work/2/s/fstar/ulib/FStar.Exn.fst and all subsequent files
C:/build/agent1/_work/2/s/fstar/ulib/FStar.Classical.fsti(0,0-0,0): (Warning 241) Stale cache file ..\secure_api\out\runtime_switch\cache\FStar.Classical.fsti.checked.lax; will recheck C:/build/agent1/_work/2/s/fstar/ulib/FStar.Classical.fsti and all subsequent files
C:/build/agent1/_work/2/s/fstar/ulib/FStar.Preorder.fst(0,0-0,0): (Warning 241) Stale cache file ..\secure_api\out\runtime_switch\cache\FStar.Preorder.fst.checked.lax; will recheck C:/build/agent1/_work/2/s/fstar/ulib/FStar.Preorder.fst and all subsequent files
C:/build/agent1/_work/2/s/fstar/ulib/FStar.Ghost.fsti(0,0-0,0): (Warning 241) Stale cache file ..\secure_api\out\runtime_switch\cache\FStar.Ghost.fsti.checked.lax; will recheck C:/build/agent1/_work/2/s/fstar/ulib/FStar.Ghost.fsti and all subsequent files
C:/build/agent1/_work/2/s/fstar/ulib/FStar.FunctionalExtensionality.fst(0,0-0,0): (Warning 241) Stale cache file ..\secure_api\out\runtime_switch\cache\FStar.FunctionalExtensionality.fst.checked.lax; will recheck C:/build/agent1/_work/2/s/fstar/ulib/FStar.FunctionalExtensionality.fst and all subsequent files
C:/build/agent1/_work/2/s/fstar/ulib/FStar.Squash.fst(0,0-0,0): (Warning 241) Stale cache file ..\secure_api\out\vale_aes_abstract_id\cache\FStar.Squash.fst.checked.lax; will recheck C:/build/agent1/_work/2/s/fstar/ulib/FStar.Squash.fst and all subsequent files
C:/build/agent1/_work/2/s/fstar/ulib/FStar.PropositionalExtensionality.fst(0,0-0,0): (Warning 241) Stale cache file ..\secure_api\out\runtime_switch\cache\FStar.PropositionalExtensionality.fst.checked.lax; will recheck C:/build/agent1/_work/2/s/fstar/ulib/FStar.PropositionalExtensionality.fst and all subsequent files
C:/build/agent1/_work/2/s/fstar/ulib/FStar.Float.fsti(0,0-0,0): (Warning 241) Stale cache file ..\secure_api\out\runtime_switch\cache\FStar.Float.fsti.checked.lax; will recheck C:/build/agent1/_work/2/s/fstar/ulib/FStar.Float.fsti and all subsequent files
C:/build/agent1/_work/2/s/fstar/ulib/FStar.Squash.fst(0,0-0,0): (Warning 241) Stale cache file ..\secure_api\out\hacl_aes_abstract_id\cache\FStar.Squash.fst.checked.lax; will recheck C:/build/agent1/_work/2/s/fstar/ulib/FStar.Squash.fst and all subsequent files
C:/build/agent1/_work/2/s/fstar/ulib/FStar.Exn.fst(0,0-0,0): (Warning 241) Stale cache file ..\secure_api\out\runtime_switch\cache\FStar.Exn.fst.checked.lax; will recheck C:/build/agent1/_work/2/s/fstar/ulib/FStar.Exn.fst and all subsequent files
C:/build/agent1/_work/2/s/fstar/ulib/FStar.Int.fst(0,0-0,0): (Warning 241) Stale cache file ..\secure_api\out\vale_aes_abstract_id\cache\FStar.Int.fst.checked.lax; will recheck C:/build/agent1/_work/2/s/fstar/ulib/FStar.Int.fst and all subsequent files
C:/build/agent1/_work/2/s/fstar/ulib/FStar.Classical.fst(0,0-0,0): (Warning 241) Stale cache file ..\secure_api\out\vale_aes_abstract_id\cache\FStar.Classical.fst.checked.lax; will recheck C:/build/agent1/_work/2/s/fstar/ulib/FStar.Classical.fst and all subsequent files
C:/build/agent1/_work/2/s/fstar/ulib/FStar.Math.Lib.fst(0,0-0,0): (Warning 241) Stale cache file ..\secure_api\out\vale_aes_abstract_id\cache\FStar.Math.Lib.fst.checked.lax; will recheck C:/build/agent1/_work/2/s/fstar/ulib/FStar.Math.Lib.fst and all subsequent files
C:/build/agent1/_work/2/s/fstar/ulib/FStar.ErasedLogic.fst(0,0-0,0): (Warning 241) Stale cache file ..\secure_api\out\vale_aes_abstract_id\cache\FStar.ErasedLogic.fst.checked.lax; will recheck C:/build/agent1/_work/2/s/fstar/ulib/FStar.ErasedLogic.fst and all subsequent files
Not extracting type definition FStar.Ghost.erased to KreMLin (assumed type)
C:/build/agent1/_work/2/s/fstar/ulib/FStar.Squash.fst(0,0-0,0): (Warning 241) Stale cache file ..\secure_api\out\runtime_switch\cache\FStar.Squash.fst.checked.lax; will recheck C:/build/agent1/_work/2/s/fstar/ulib/FStar.Squash.fst and all subsequent files
C:/build/agent1/_work/2/s/fstar/ulib/FStar.Classical.fst(0,0-0,0): (Warning 241) Stale cache file ..\secure_api\out\hacl_aes_abstract_id\cache\FStar.Classical.fst.checked.lax; will recheck C:/build/agent1/_work/2/s/fstar/ulib/FStar.Classical.fst and all subsequent files
C:/build/agent1/_work/2/s/fstar/ulib/FStar.List.Tot.Base.fst(0,0-0,0): (Warning 241) Stale cache file ..\secure_api\out\vale_aes_abstract_id\cache\FStar.List.Tot.Base.fst.checked.lax; will recheck C:/build/agent1/_work/2/s/fstar/ulib/FStar.List.Tot.Base.fst and all subsequent files
C:/build/agent1/_work/2/s/fstar/ulib/FStar.Int.fst(0,0-0,0): (Warning 241) Stale cache file ..\secure_api\out\hacl_aes_abstract_id\cache\FStar.Int.fst.checked.lax; will recheck C:/build/agent1/_work/2/s/fstar/ulib/FStar.Int.fst and all subsequent files
C:/build/agent1/_work/2/s/fstar/ulib/FStar.Math.Lib.fst(0,0-0,0): (Warning 241) Stale cache file ..\secure_api\out\hacl_aes_abstract_id\cache\FStar.Math.Lib.fst.checked.lax; will recheck C:/build/agent1/_work/2/s/fstar/ulib/FStar.Math.Lib.fst and all subsequent files
C:/build/agent1/_work/2/s/fstar/ulib/FStar.Int.fst(0,0-0,0): (Warning 241) Stale cache file ..\secure_api\out\runtime_switch\cache\FStar.Int.fst.checked.lax; will recheck C:/build/agent1/_work/2/s/fstar/ulib/FStar.Int.fst and all subsequent files
C:/build/agent1/_work/2/s/fstar/ulib/FStar.Math.Lib.fst(0,0-0,0): (Warning 241) Stale cache file ..\secure_api\out\runtime_switch\cache\FStar.Math.Lib.fst.checked.lax; will recheck C:/build/agent1/_work/2/s/fstar/ulib/FStar.Math.Lib.fst and all subsequent files
C:/build/agent1/_work/2/s/fstar/ulib/FStar.Set.fst(0,0-0,0): (Warning 241) Stale cache file ..\secure_api\out\vale_aes_abstract_id\cache\FStar.Set.fst.checked.lax; will recheck C:/build/agent1/_work/2/s/fstar/ulib/FStar.Set.fst and all subsequent files
C:/build/agent1/_work/2/s/fstar/ulib/FStar.List.Tot.Base.fst(0,0-0,0): (Warning 241) Stale cache file ..\secure_api\out\hacl_aes_abstract_id\cache\FStar.List.Tot.Base.fst.checked.lax; will recheck C:/build/agent1/_work/2/s/fstar/ulib/FStar.List.Tot.Base.fst and all subsequent files
C:/build/agent1/_work/2/s/fstar/ulib/FStar.PredicateExtensionality.fst(0,0-0,0): (Warning 241) Stale cache file ..\secure_api\out\vale_aes_abstract_id\cache\FStar.PredicateExtensionality.fst.checked.lax; will recheck C:/build/agent1/_work/2/s/fstar/ulib/FStar.PredicateExtensionality.fst and all subsequent files
Not extracting type definition FStar.Ghost.erased to KreMLin (assumed type)
C:/build/agent1/_work/2/s/fstar/ulib/FStar.Classical.fst(0,0-0,0): (Warning 241) Stale cache file ..\secure_api\out\runtime_switch\cache\FStar.Classical.fst.checked.lax; will recheck C:/build/agent1/_work/2/s/fstar/ulib/FStar.Classical.fst and all subsequent files
Not extracting type definition FStar.Ghost.erased to KreMLin (assumed type)
C:/build/agent1/_work/2/s/fstar/ulib/FStar.List.Tot.Base.fst(0,0-0,0): (Warning 241) Stale cache file ..\secure_api\out\runtime_switch\cache\FStar.List.Tot.Base.fst.checked.lax; will recheck C:/build/agent1/_work/2/s/fstar/ulib/FStar.List.Tot.Base.fst and all subsequent files
Not extracting type definition FStar.Float.float to KreMLin (assumed type)
C:/build/agent1/_work/2/s/fstar/ulib/FStar.ErasedLogic.fst(0,0-0,0): (Warning 241) Stale cache file ..\secure_api\out\hacl_aes_abstract_id\cache\FStar.ErasedLogic.fst.checked.lax; will recheck C:/build/agent1/_work/2/s/fstar/ulib/FStar.ErasedLogic.fst and all subsequent files
C:/build/agent1/_work/2/s/fstar/ulib/FStar.Monotonic.Witnessed.fsti(0,0-0,0): (Warning 241) Stale cache file ..\secure_api\out\vale_aes_abstract_id\cache\FStar.Monotonic.Witnessed.fsti.checked.lax; will recheck C:/build/agent1/_work/2/s/fstar/ulib/FStar.Monotonic.Witnessed.fsti and all subsequent files
Not extracting FStar.Exn.raise to KreMLin (polymorphic assumes are not supported)
C:/build/agent1/_work/2/s/fstar/ulib/FStar.Set.fst(0,0-0,0): (Warning 241) Stale cache file ..\secure_api\out\hacl_aes_abstract_id\cache\FStar.Set.fst.checked.lax; will recheck C:/build/agent1/_work/2/s/fstar/ulib/FStar.Set.fst and all subsequent files
C:/build/agent1/_work/2/s/fstar/ulib/FStar.ErasedLogic.fst(0,0-0,0): (Warning 241) Stale cache file ..\secure_api\out\runtime_switch\cache\FStar.ErasedLogic.fst.checked.lax; will recheck C:/build/agent1/_work/2/s/fstar/ulib/FStar.ErasedLogic.fst and all subsequent files
C:/build/agent1/_work/2/s/fstar/ulib/FStar.PredicateExtensionality.fst(0,0-0,0): (Warning 241) Stale cache file ..\secure_api\out\hacl_aes_abstract_id\cache\FStar.PredicateExtensionality.fst.checked.lax; will recheck C:/build/agent1/_work/2/s/fstar/ulib/FStar.PredicateExtensionality.fst and all subsequent files
C:/build/agent1/_work/2/s/fstar/ulib/FStar.Monotonic.Witnessed.fsti(0,0-0,0): (Warning 241) Stale cache file ..\secure_api\out\hacl_aes_abstract_id\cache\FStar.Monotonic.Witnessed.fsti.checked.lax; will recheck C:/build/agent1/_work/2/s/fstar/ulib/FStar.Monotonic.Witnessed.fsti and all subsequent files
Not extracting type definition FStar.Float.float to KreMLin (assumed type)
C:/build/agent1/_work/2/s/fstar/ulib/FStar.Set.fst(0,0-0,0): (Warning 241) Stale cache file ..\secure_api\out\runtime_switch\cache\FStar.Set.fst.checked.lax; will recheck C:/build/agent1/_work/2/s/fstar/ulib/FStar.Set.fst and all subsequent files
Not extracting FStar.Exn.raise to KreMLin (polymorphic assumes are not supported)
C:/build/agent1/_work/2/s/fstar/ulib/FStar.PredicateExtensionality.fst(0,0-0,0): (Warning 241) Stale cache file ..\secure_api\out\runtime_switch\cache\FStar.PredicateExtensionality.fst.checked.lax; will recheck C:/build/agent1/_work/2/s/fstar/ulib/FStar.PredicateExtensionality.fst and all subsequent files
Not extracting type definition FStar.Float.float to KreMLin (assumed type)
C:/build/agent1/_work/2/s/fstar/ulib/FStar.Monotonic.Witnessed.fsti(0,0-0,0): (Warning 241) Stale cache file ..\secure_api\out\runtime_switch\cache\FStar.Monotonic.Witnessed.fsti.checked.lax; will recheck C:/build/agent1/_work/2/s/fstar/ulib/FStar.Monotonic.Witnessed.fsti and all subsequent files
Not extracting FStar.Exn.raise to KreMLin (polymorphic assumes are not supported)
C:/build/agent1/_work/2/s/fstar/ulib/FStar.Math.Lemmas.fst(0,0-0,0): (Warning 241) Stale cache file ..\secure_api\out\vale_aes_abstract_id\cache\FStar.Math.Lemmas.fst.checked.lax; will recheck C:/build/agent1/_work/2/s/fstar/ulib/FStar.Math.Lemmas.fst and all subsequent files
C:/build/agent1/_work/2/s/fstar/ulib/FStar.TSet.fst(0,0-0,0): (Warning 241) Stale cache file ..\secure_api\out\vale_aes_abstract_id\cache\FStar.TSet.fst.checked.lax; will recheck C:/build/agent1/_work/2/s/fstar/ulib/FStar.TSet.fst and all subsequent files
C:/build/agent1/_work/2/s/fstar/ulib/FStar.Map.fst(0,0-0,0): (Warning 241) Stale cache file ..\secure_api\out\hacl_aes_abstract_id\cache\FStar.Map.fst.checked.lax; will recheck C:/build/agent1/_work/2/s/fstar/ulib/FStar.Map.fst and all subsequent files
C:/build/agent1/_work/2/s/fstar/ulib/FStar.Map.fst(0,0-0,0): (Warning 241) Stale cache file ..\secure_api\out\vale_aes_abstract_id\cache\FStar.Map.fst.checked.lax; will recheck C:/build/agent1/_work/2/s/fstar/ulib/FStar.Map.fst and all subsequent files
C:/build/agent1/_work/2/s/fstar/ulib/FStar.TSet.fst(0,0-0,0): (Warning 241) Stale cache file ..\secure_api\out\hacl_aes_abstract_id\cache\FStar.TSet.fst.checked.lax; will recheck C:/build/agent1/_work/2/s/fstar/ulib/FStar.TSet.fst and all subsequent files
C:/build/agent1/_work/2/s/fstar/ulib/FStar.Monotonic.Witnessed.fst(0,0-0,0): (Warning 241) Stale cache file ..\secure_api\out\hacl_aes_abstract_id\cache\FStar.Monotonic.Witnessed.fst.checked.lax; will recheck C:/build/agent1/_work/2/s/fstar/ulib/FStar.Monotonic.Witnessed.fst and all subsequent files
C:/build/agent1/_work/2/s/fstar/ulib/FStar.Math.Lemmas.fst(0,0-0,0): (Warning 241) Stale cache file ..\secure_api\out\hacl_aes_abstract_id\cache\FStar.Math.Lemmas.fst.checked.lax; will recheck C:/build/agent1/_work/2/s/fstar/ulib/FStar.Math.Lemmas.fst and all subsequent files
C:/build/agent1/_work/2/s/fstar/ulib/FStar.Math.Lemmas.fst(0,0-0,0): (Warning 241) Stale cache file ..\secure_api\out\runtime_switch\cache\FStar.Math.Lemmas.fst.checked.lax; will recheck C:/build/agent1/_work/2/s/fstar/ulib/FStar.Math.Lemmas.fst and all subsequent files
C:/build/agent1/_work/2/s/fstar/ulib/FStar.Monotonic.Witnessed.fst(0,0-0,0): (Warning 241) Stale cache file ..\secure_api\out\vale_aes_abstract_id\cache\FStar.Monotonic.Witnessed.fst.checked.lax; will recheck C:/build/agent1/_work/2/s/fstar/ulib/FStar.Monotonic.Witnessed.fst and all subsequent files
C:/build/agent1/_work/2/s/fstar/ulib/FStar.List.Tot.Properties.fst(0,0-0,0): (Warning 241) Stale cache file ..\secure_api\out\vale_aes_abstract_id\cache\FStar.List.Tot.Properties.fst.checked.lax; will recheck C:/build/agent1/_work/2/s/fstar/ulib/FStar.List.Tot.Properties.fst and all subsequent files
C:/build/agent1/_work/2/s/fstar/ulib/FStar.Map.fst(0,0-0,0): (Warning 241) Stale cache file ..\secure_api\out\runtime_switch\cache\FStar.Map.fst.checked.lax; will recheck C:/build/agent1/_work/2/s/fstar/ulib/FStar.Map.fst and all subsequent files
C:/build/agent1/_work/2/s/fstar/ulib/FStar.TSet.fst(0,0-0,0): (Warning 241) Stale cache file ..\secure_api\out\runtime_switch\cache\FStar.TSet.fst.checked.lax; will recheck C:/build/agent1/_work/2/s/fstar/ulib/FStar.TSet.fst and all subsequent files
C:/build/agent1/_work/2/s/fstar/ulib/FStar.Monotonic.Witnessed.fst(0,0-0,0): (Warning 241) Stale cache file ..\secure_api\out\runtime_switch\cache\FStar.Monotonic.Witnessed.fst.checked.lax; will recheck C:/build/agent1/_work/2/s/fstar/ulib/FStar.Monotonic.Witnessed.fst and all subsequent files
C:/build/agent1/_work/2/s/fstar/ulib/FStar.List.Tot.Properties.fst(0,0-0,0): (Warning 241) Stale cache file ..\secure_api\out\hacl_aes_abstract_id\cache\FStar.List.Tot.Properties.fst.checked.lax; will recheck C:/build/agent1/_work/2/s/fstar/ulib/FStar.List.Tot.Properties.fst and all subsequent files
Not extracting type definition FStar.Monotonic.Witnessed.get to KreMLin (assumed type)
Not extracting type definition FStar.Monotonic.Witnessed.set to KreMLin (assumed type)
C:/build/agent1/_work/2/s/fstar/ulib/FStar.List.Tot.Properties.fst(0,0-0,0): (Warning 241) Stale cache file ..\secure_api\out\runtime_switch\cache\FStar.List.Tot.Properties.fst.checked.lax; will recheck C:/build/agent1/_work/2/s/fstar/ulib/FStar.List.Tot.Properties.fst and all subsequent files
Not extracting type definition FStar.Monotonic.Witnessed.get to KreMLin (assumed type)
Not extracting type definition FStar.Monotonic.Witnessed.set to KreMLin (assumed type)
C:/build/agent1/_work/2/s/fstar/ulib/FStar.List.Tot.fst(0,0-0,0): (Warning 241) Stale cache file ..\secure_api\out\vale_aes_abstract_id\cache\FStar.List.Tot.fst.checked.lax; will recheck C:/build/agent1/_work/2/s/fstar/ulib/FStar.List.Tot.fst and all subsequent files
C:/build/agent1/_work/2/s/fstar/ulib/FStar.Monotonic.Heap.fsti(0,0-0,0): (Warning 241) Stale cache file ..\secure_api\out\vale_aes_abstract_id\cache\FStar.Monotonic.Heap.fsti.checked.lax; will recheck C:/build/agent1/_work/2/s/fstar/ulib/FStar.Monotonic.Heap.fsti and all subsequent files
Not extracting type definition FStar.Monotonic.Witnessed.get to KreMLin (assumed type)
Not extracting type definition FStar.Monotonic.Witnessed.set to KreMLin (assumed type)
C:/build/agent1/_work/2/s/fstar/ulib/FStar.List.Tot.fst(0,0-0,0): (Warning 241) Stale cache file ..\secure_api\out\hacl_aes_abstract_id\cache\FStar.List.Tot.fst.checked.lax; will recheck C:/build/agent1/_work/2/s/fstar/ulib/FStar.List.Tot.fst and all subsequent files
C:/build/agent1/_work/2/s/fstar/ulib/FStar.Monotonic.Heap.fsti(0,0-0,0): (Warning 241) Stale cache file ..\secure_api\out\hacl_aes_abstract_id\cache\FStar.Monotonic.Heap.fsti.checked.lax; will recheck C:/build/agent1/_work/2/s/fstar/ulib/FStar.Monotonic.Heap.fsti and all subsequent files
C:/build/agent1/_work/2/s/fstar/ulib/FStar.List.Tot.fst(0,0-0,0): (Warning 241) Stale cache file ..\secure_api\out\runtime_switch\cache\FStar.List.Tot.fst.checked.lax; will recheck C:/build/agent1/_work/2/s/fstar/ulib/FStar.List.Tot.fst and all subsequent files
C:/build/agent1/_work/2/s/fstar/ulib/FStar.Monotonic.Heap.fsti(0,0-0,0): (Warning 241) Stale cache file ..\secure_api\out\runtime_switch\cache\FStar.Monotonic.Heap.fsti.checked.lax; will recheck C:/build/agent1/_work/2/s/fstar/ulib/FStar.Monotonic.Heap.fsti and all subsequent files
C:/build/agent1/_work/2/s/fstar/ulib/FStar.Heap.fst(0,0-0,0): (Warning 241) Stale cache file ..\secure_api\out\vale_aes_abstract_id\cache\FStar.Heap.fst.checked.lax; will recheck C:/build/agent1/_work/2/s/fstar/ulib/FStar.Heap.fst and all subsequent files
C:/build/agent1/_work/2/s/fstar/ulib/FStar.Heap.fst(0,0-0,0): (Warning 241) Stale cache file ..\secure_api\out\hacl_aes_abstract_id\cache\FStar.Heap.fst.checked.lax; will recheck C:/build/agent1/_work/2/s/fstar/ulib/FStar.Heap.fst and all subsequent files
C:/build/agent1/_work/2/s/fstar/ulib/FStar.Seq.Base.fst(0,0-0,0): (Warning 241) Stale cache file ..\secure_api\out\vale_aes_abstract_id\cache\FStar.Seq.Base.fst.checked.lax; will recheck C:/build/agent1/_work/2/s/fstar/ulib/FStar.Seq.Base.fst and all subsequent files
C:/build/agent1/_work/2/s/fstar/ulib/FStar.Heap.fst(0,0-0,0): (Warning 241) Stale cache file ..\secure_api\out\runtime_switch\cache\FStar.Heap.fst.checked.lax; will recheck C:/build/agent1/_work/2/s/fstar/ulib/FStar.Heap.fst and all subsequent files
C:/build/agent1/_work/2/s/fstar/ulib/FStar.Monotonic.HyperHeap.fst(0,0-0,0): (Warning 241) Stale cache file ..\secure_api\out\vale_aes_abstract_id\cache\FStar.Monotonic.HyperHeap.fst.checked.lax; will recheck C:/build/agent1/_work/2/s/fstar/ulib/FStar.Monotonic.HyperHeap.fst and all subsequent files
C:/build/agent1/_work/2/s/fstar/ulib/FStar.Seq.Base.fst(0,0-0,0): (Warning 241) Stale cache file ..\secure_api\out\hacl_aes_abstract_id\cache\FStar.Seq.Base.fst.checked.lax; will recheck C:/build/agent1/_work/2/s/fstar/ulib/FStar.Seq.Base.fst and all subsequent files
C:/build/agent1/_work/2/s/fstar/ulib/FStar.Seq.Base.fst(0,0-0,0): (Warning 241) Stale cache file ..\secure_api\out\runtime_switch\cache\FStar.Seq.Base.fst.checked.lax; will recheck C:/build/agent1/_work/2/s/fstar/ulib/FStar.Seq.Base.fst and all subsequent files
C:/build/agent1/_work/2/s/fstar/ulib/FStar.Monotonic.HyperHeap.fst(0,0-0,0): (Warning 241) Stale cache file ..\secure_api\out\hacl_aes_abstract_id\cache\FStar.Monotonic.HyperHeap.fst.checked.lax; will recheck C:/build/agent1/_work/2/s/fstar/ulib/FStar.Monotonic.HyperHeap.fst and all subsequent files
C:/build/agent1/_work/2/s/fstar/ulib/FStar.ST.fst(0,0-0,0): (Warning 241) Stale cache file ..\secure_api\out\vale_aes_abstract_id\cache\FStar.ST.fst.checked.lax; will recheck C:/build/agent1/_work/2/s/fstar/ulib/FStar.ST.fst and all subsequent files
C:/build/agent1/_work/2/s/fstar/ulib/FStar.Monotonic.HyperHeap.fst(0,0-0,0): (Warning 241) Stale cache file ..\secure_api\out\runtime_switch\cache\FStar.Monotonic.HyperHeap.fst.checked.lax; will recheck C:/build/agent1/_work/2/s/fstar/ulib/FStar.Monotonic.HyperHeap.fst and all subsequent files
C:/build/agent1/_work/2/s/fstar/ulib/FStar.ST.fst(0,0-0,0): (Warning 241) Stale cache file ..\secure_api\out\hacl_aes_abstract_id\cache\FStar.ST.fst.checked.lax; will recheck C:/build/agent1/_work/2/s/fstar/ulib/FStar.ST.fst and all subsequent files
C:/build/agent1/_work/2/s/fstar/ulib/FStar.ST.fst(0,0-0,0): (Warning 241) Stale cache file ..\secure_api\out\runtime_switch\cache\FStar.ST.fst.checked.lax; will recheck C:/build/agent1/_work/2/s/fstar/ulib/FStar.ST.fst and all subsequent files
Not extracting FStar.ST.gst_witness to KreMLin (polymorphic assumes are not supported)
Not extracting FStar.ST.gst_recall to KreMLin (polymorphic assumes are not supported)
C:/build/agent1/_work/2/s/fstar/ulib/FStar.All.fst(0,0-0,0): (Warning 241) Stale cache file ..\secure_api\out\vale_aes_abstract_id\cache\FStar.All.fst.checked.lax; will recheck C:/build/agent1/_work/2/s/fstar/ulib/FStar.All.fst and all subsequent files
Not extracting FStar.ST.gst_witness to KreMLin (polymorphic assumes are not supported)
Not extracting FStar.ST.gst_recall to KreMLin (polymorphic assumes are not supported)
C:/build/agent1/_work/2/s/fstar/ulib/FStar.All.fst(0,0-0,0): (Warning 241) Stale cache file ..\secure_api\out\hacl_aes_abstract_id\cache\FStar.All.fst.checked.lax; will recheck C:/build/agent1/_work/2/s/fstar/ulib/FStar.All.fst and all subsequent files
C:/build/agent1/_work/2/s/fstar/ulib/FStar.All.fst(0,0-0,0): (Warning 241) Stale cache file ..\secure_api\out\runtime_switch\cache\FStar.All.fst.checked.lax; will recheck C:/build/agent1/_work/2/s/fstar/ulib/FStar.All.fst and all subsequent files
Not extracting FStar.ST.gst_witness to KreMLin (polymorphic assumes are not supported)
Not extracting FStar.ST.gst_recall to KreMLin (polymorphic assumes are not supported)
C:/build/agent1/_work/2/s/fstar/ulib/FStar.Monotonic.HyperStack.fst(0,0-0,0): (Warning 241) Stale cache file ..\secure_api\out\vale_aes_abstract_id\cache\FStar.Monotonic.HyperStack.fst.checked.lax; will recheck C:/build/agent1/_work/2/s/fstar/ulib/FStar.Monotonic.HyperStack.fst and all subsequent files
C:/build/agent1/_work/2/s/fstar/ulib/FStar.IO.fst(0,0-0,0): (Warning 241) Stale cache file ..\secure_api\out\vale_aes_abstract_id\cache\FStar.IO.fst.checked.lax; will recheck C:/build/agent1/_work/2/s/fstar/ulib/FStar.IO.fst and all subsequent files
Not extracting FStar.All.pipe_right to KreMLin (polymorphic assumes are not supported)
Not extracting FStar.All.pipe_left to KreMLin (polymorphic assumes are not supported)
Not extracting FStar.All.exit to KreMLin (polymorphic assumes are not supported)
Not extracting FStar.All.try_with to KreMLin (polymorphic assumes are not supported)
Not extracting exception Failure to KreMLin (exceptions unsupported)
Not extracting FStar.All.failwith to KreMLin (polymorphic assumes are not supported)
C:/build/agent1/_work/2/s/fstar/ulib/FStar.Monotonic.HyperStack.fst(0,0-0,0): (Warning 241) Stale cache file ..\secure_api\out\runtime_switch\cache\FStar.Monotonic.HyperStack.fst.checked.lax; will recheck C:/build/agent1/_work/2/s/fstar/ulib/FStar.Monotonic.HyperStack.fst and all subsequent files
C:/build/agent1/_work/2/s/fstar/ulib/FStar.Monotonic.HyperStack.fst(0,0-0,0): (Warning 241) Stale cache file ..\secure_api\out\hacl_aes_abstract_id\cache\FStar.Monotonic.HyperStack.fst.checked.lax; will recheck C:/build/agent1/_work/2/s/fstar/ulib/FStar.Monotonic.HyperStack.fst and all subsequent files
C:/build/agent1/_work/2/s/fstar/ulib/FStar.Seq.Properties.fst(0,0-0,0): (Warning 241) Stale cache file ..\secure_api\out\vale_aes_abstract_id\cache\FStar.Seq.Properties.fst.checked.lax; will recheck C:/build/agent1/_work/2/s/fstar/ulib/FStar.Seq.Properties.fst and all subsequent files
Not extracting FStar.All.pipe_right to KreMLin (polymorphic assumes are not supported)
Not extracting FStar.All.pipe_left to KreMLin (polymorphic assumes are not supported)
Not extracting FStar.All.exit to KreMLin (polymorphic assumes are not supported)
Not extracting FStar.All.try_with to KreMLin (polymorphic assumes are not supported)
Not extracting exception Failure to KreMLin (exceptions unsupported)
Not extracting FStar.All.failwith to KreMLin (polymorphic assumes are not supported)
C:/build/agent1/_work/2/s/fstar/ulib/FStar.Seq.Properties.fst(0,0-0,0): (Warning 241) Stale cache file ..\secure_api\out\hacl_aes_abstract_id\cache\FStar.Seq.Properties.fst.checked.lax; will recheck C:/build/agent1/_work/2/s/fstar/ulib/FStar.Seq.Properties.fst and all subsequent files
Not extracting FStar.All.pipe_right to KreMLin (polymorphic assumes are not supported)
Not extracting FStar.All.pipe_left to KreMLin (polymorphic assumes are not supported)
Not extracting FStar.All.exit to KreMLin (polymorphic assumes are not supported)
Not extracting FStar.All.try_with to KreMLin (polymorphic assumes are not supported)
Not extracting exception Failure to KreMLin (exceptions unsupported)
Not extracting FStar.All.failwith to KreMLin (polymorphic assumes are not supported)
C:/build/agent1/_work/2/s/fstar/ulib/FStar.List.fst(0,0-0,0): (Warning 241) Stale cache file ..\secure_api\out\vale_aes_abstract_id\cache\FStar.List.fst.checked.lax; will recheck C:/build/agent1/_work/2/s/fstar/ulib/FStar.List.fst and all subsequent files
C:/build/agent1/_work/2/s/fstar/ulib/FStar.IO.fst(0,0-0,0): (Warning 241) Stale cache file ..\secure_api\out\hacl_aes_abstract_id\cache\FStar.IO.fst.checked.lax; will recheck C:/build/agent1/_work/2/s/fstar/ulib/FStar.IO.fst and all subsequent files
C:/build/agent1/_work/2/s/fstar/ulib/FStar.IO.fst(0,0-0,0): (Warning 241) Stale cache file ..\secure_api\out\runtime_switch\cache\FStar.IO.fst.checked.lax; will recheck C:/build/agent1/_work/2/s/fstar/ulib/FStar.IO.fst and all subsequent files
C:/build/agent1/_work/2/s/fstar/ulib/FStar.Seq.Properties.fst(0,0-0,0): (Warning 241) Stale cache file ..\secure_api\out\runtime_switch\cache\FStar.Seq.Properties.fst.checked.lax; will recheck C:/build/agent1/_work/2/s/fstar/ulib/FStar.Seq.Properties.fst and all subsequent files
C:/build/agent1/_work/2/s/fstar/ulib/FStar.List.fst(0,0-0,0): (Warning 241) Stale cache file ..\secure_api\out\hacl_aes_abstract_id\cache\FStar.List.fst.checked.lax; will recheck C:/build/agent1/_work/2/s/fstar/ulib/FStar.List.fst and all subsequent files
C:/build/agent1/_work/2/s/fstar/ulib/FStar.HyperStack.fst(0,0-0,0): (Warning 241) Stale cache file ..\secure_api\out\vale_aes_abstract_id\cache\FStar.HyperStack.fst.checked.lax; will recheck C:/build/agent1/_work/2/s/fstar/ulib/FStar.HyperStack.fst and all subsequent files
C:/build/agent1/_work/2/s/fstar/ulib/FStar.List.fst(0,0-0,0): (Warning 241) Stale cache file ..\secure_api\out\runtime_switch\cache\FStar.List.fst.checked.lax; will recheck C:/build/agent1/_work/2/s/fstar/ulib/FStar.List.fst and all subsequent files
Not extracting exception EOF to KreMLin (exceptions unsupported)
Not extracting type definition FStar.IO.fd_read to KreMLin (assumed type)
Not extracting type definition FStar.IO.fd_write to KreMLin (assumed type)
Not extracting FStar.IO.print_any to KreMLin (polymorphic assumes are not supported)
C:/build/agent1/_work/2/s/fstar/ulib/FStar.Seq.fst(0,0-0,0): (Warning 241) Stale cache file ..\secure_api\out\vale_aes_abstract_id\cache\FStar.Seq.fst.checked.lax; will recheck C:/build/agent1/_work/2/s/fstar/ulib/FStar.Seq.fst and all subsequent files
C:/build/agent1/_work/2/s/fstar/ulib/FStar.Seq.fst(0,0-0,0): (Warning 241) Stale cache file ..\secure_api\out\hacl_aes_abstract_id\cache\FStar.Seq.fst.checked.lax; will recheck C:/build/agent1/_work/2/s/fstar/ulib/FStar.Seq.fst and all subsequent files
C:/build/agent1/_work/2/s/fstar/ulib/FStar.HyperStack.fst(0,0-0,0): (Warning 241) Stale cache file ..\secure_api\out\runtime_switch\cache\FStar.HyperStack.fst.checked.lax; will recheck C:/build/agent1/_work/2/s/fstar/ulib/FStar.HyperStack.fst and all subsequent files
C:/build/agent1/_work/2/s/fstar/ulib/FStar.HyperStack.fst(0,0-0,0): (Warning 241) Stale cache file ..\secure_api\out\hacl_aes_abstract_id\cache\FStar.HyperStack.fst.checked.lax; will recheck C:/build/agent1/_work/2/s/fstar/ulib/FStar.HyperStack.fst and all subsequent files
Not extracting exception EOF to KreMLin (exceptions unsupported)
Not extracting type definition FStar.IO.fd_read to KreMLin (assumed type)
Not extracting type definition FStar.IO.fd_write to KreMLin (assumed type)
Not extracting FStar.IO.print_any to KreMLin (polymorphic assumes are not supported)
C:/build/agent1/_work/2/s/fstar/ulib/FStar.Seq.fst(0,0-0,0): (Warning 241) Stale cache file ..\secure_api\out\runtime_switch\cache\FStar.Seq.fst.checked.lax; will recheck C:/build/agent1/_work/2/s/fstar/ulib/FStar.Seq.fst and all subsequent files
<dummy>(0,0-0,0): (Warning 250) Error while extracting FStar.List.filter_map to KreMLin (Failure("Internal error: name not found filter_map_acc\n"))

<dummy>(0,0-0,0): (Warning 250) Error while extracting FStar.List.index to KreMLin (Failure("Internal error: name not found index1\n"))

Not extracting exception EOF to KreMLin (exceptions unsupported)
Not extracting type definition FStar.IO.fd_read to KreMLin (assumed type)
Not extracting type definition FStar.IO.fd_write to KreMLin (assumed type)
Not extracting FStar.IO.print_any to KreMLin (polymorphic assumes are not supported)
C:/build/agent1/_work/2/s/kremlin/kremlib/Spec.Loops.fst(0,0-0,0): (Warning 241) Stale cache file ..\secure_api\out\hacl_aes_abstract_id\cache\Spec.Loops.fst.checked.lax; will recheck C:/build/agent1/_work/2/s/kremlin/kremlib/Spec.Loops.fst and all subsequent files
<dummy>(0,0-0,0): (Warning 250) Error while extracting FStar.List.filter_map to KreMLin (Failure("Internal error: name not found filter_map_acc\n"))

<dummy>(0,0-0,0): (Warning 250) Error while extracting FStar.List.index to KreMLin (Failure("Internal error: name not found index1\n"))

C:/build/agent1/_work/2/s/fstar/ulib/FStar.BitVector.fst(0,0-0,0): (Warning 241) Stale cache file ..\secure_api\out\vale_aes_abstract_id\cache\FStar.BitVector.fst.checked.lax; will recheck C:/build/agent1/_work/2/s/fstar/ulib/FStar.BitVector.fst and all subsequent files
<dummy>(0,0-0,0): (Warning 250) Error while extracting FStar.List.filter_map to KreMLin (Failure("Internal error: name not found filter_map_acc\n"))

<dummy>(0,0-0,0): (Warning 250) Error while extracting FStar.List.index to KreMLin (Failure("Internal error: name not found index1\n"))

C:/build/agent1/_work/2/s/kremlin/kremlib/Spec.Loops.fst(0,0-0,0): (Warning 241) Stale cache file ..\secure_api\out\vale_aes_abstract_id\cache\Spec.Loops.fst.checked.lax; will recheck C:/build/agent1/_work/2/s/kremlin/kremlib/Spec.Loops.fst and all subsequent files
C:/build/agent1/_work/2/s/fstar/ulib/FStar.BitVector.fst(0,0-0,0): (Warning 241) Stale cache file ..\secure_api\out\hacl_aes_abstract_id\cache\FStar.BitVector.fst.checked.lax; will recheck C:/build/agent1/_work/2/s/fstar/ulib/FStar.BitVector.fst and all subsequent files
C:/build/agent1/_work/2/s/fstar/ulib/FStar.HyperStack.ST.fst(0,0-0,0): (Warning 241) Stale cache file ..\secure_api\out\vale_aes_abstract_id\cache\FStar.HyperStack.ST.fst.checked.lax; will recheck C:/build/agent1/_work/2/s/fstar/ulib/FStar.HyperStack.ST.fst and all subsequent files
C:/build/agent1/_work/2/s/fstar/ulib/FStar.BitVector.fst(0,0-0,0): (Warning 241) Stale cache file ..\secure_api\out\runtime_switch\cache\FStar.BitVector.fst.checked.lax; will recheck C:/build/agent1/_work/2/s/fstar/ulib/FStar.BitVector.fst and all subsequent files
C:/build/agent1/_work/2/s/kremlin/kremlib/Spec.Loops.fst(0,0-0,0): (Warning 241) Stale cache file ..\secure_api\out\runtime_switch\cache\Spec.Loops.fst.checked.lax; will recheck C:/build/agent1/_work/2/s/kremlin/kremlib/Spec.Loops.fst and all subsequent files
C:/build/agent1/_work/2/s/fstar/ulib/FStar.HyperStack.ST.fst(0,0-0,0): (Warning 241) Stale cache file ..\secure_api\out\runtime_switch\cache\FStar.HyperStack.ST.fst.checked.lax; will recheck C:/build/agent1/_work/2/s/fstar/ulib/FStar.HyperStack.ST.fst and all subsequent files
C:/build/agent1/_work/2/s/fstar/ulib/FStar.HyperStack.ST.fst(0,0-0,0): (Warning 241) Stale cache file ..\secure_api\out\hacl_aes_abstract_id\cache\FStar.HyperStack.ST.fst.checked.lax; will recheck C:/build/agent1/_work/2/s/fstar/ulib/FStar.HyperStack.ST.fst and all subsequent files
C:/build/agent1/_work/2/s/fstar/ulib/FStar.HyperStack.All.fst(0,0-0,0): (Warning 241) Stale cache file ..\secure_api\out\vale_aes_abstract_id\cache\FStar.HyperStack.All.fst.checked.lax; will recheck C:/build/agent1/_work/2/s/fstar/ulib/FStar.HyperStack.All.fst and all subsequent files
Not extracting FStar.HyperStack.ST.gst_witness to KreMLin (polymorphic assumes are not supported)
Not extracting FStar.HyperStack.ST.gst_recall to KreMLin (polymorphic assumes are not supported)
C:/build/agent1/_work/2/s/fstar/ulib/FStar.HyperStack.All.fst(0,0-0,0): (Warning 241) Stale cache file ..\secure_api\out\runtime_switch\cache\FStar.HyperStack.All.fst.checked.lax; will recheck C:/build/agent1/_work/2/s/fstar/ulib/FStar.HyperStack.All.fst and all subsequent files
C:/build/agent1/_work/2/s/fstar/ulib/FStar.HyperStack.All.fst(0,0-0,0): (Warning 241) Stale cache file ..\secure_api\out\hacl_aes_abstract_id\cache\FStar.HyperStack.All.fst.checked.lax; will recheck C:/build/agent1/_work/2/s/fstar/ulib/FStar.HyperStack.All.fst and all subsequent files
Not extracting FStar.HyperStack.ST.gst_witness to KreMLin (polymorphic assumes are not supported)
Not extracting FStar.HyperStack.ST.gst_recall to KreMLin (polymorphic assumes are not supported)
C:/build/agent1/_work/2/s/fstar/ulib/FStar.UInt.fst(0,0-0,0): (Warning 241) Stale cache file ..\secure_api\out\vale_aes_abstract_id\cache\FStar.UInt.fst.checked.lax; will recheck C:/build/agent1/_work/2/s/fstar/ulib/FStar.UInt.fst and all subsequent files
Not extracting FStar.HyperStack.ST.gst_witness to KreMLin (polymorphic assumes are not supported)
Not extracting FStar.HyperStack.ST.gst_recall to KreMLin (polymorphic assumes are not supported)
C:/build/agent1/_work/2/s/fstar/ulib/FStar.UInt.fst(0,0-0,0): (Warning 241) Stale cache file ..\secure_api\out\hacl_aes_abstract_id\cache\FStar.UInt.fst.checked.lax; will recheck C:/build/agent1/_work/2/s/fstar/ulib/FStar.UInt.fst and all subsequent files
C:/build/agent1/_work/2/s/fstar/ulib/FStar.UInt.fst(0,0-0,0): (Warning 241) Stale cache file ..\secure_api\out\runtime_switch\cache\FStar.UInt.fst.checked.lax; will recheck C:/build/agent1/_work/2/s/fstar/ulib/FStar.UInt.fst and all subsequent files
Not extracting FStar.HyperStack.All.pipe_right to KreMLin (polymorphic assumes are not supported)
Not extracting FStar.HyperStack.All.pipe_left to KreMLin (polymorphic assumes are not supported)
Not extracting FStar.HyperStack.All.failwith to KreMLin (polymorphic assumes are not supported)
Not extracting FStar.HyperStack.All.exit to KreMLin (polymorphic assumes are not supported)
Not extracting FStar.HyperStack.All.try_with to KreMLin (polymorphic assumes are not supported)
Not extracting FStar.HyperStack.All.pipe_right to KreMLin (polymorphic assumes are not supported)
Not extracting FStar.HyperStack.All.pipe_left to KreMLin (polymorphic assumes are not supported)
Not extracting FStar.HyperStack.All.failwith to KreMLin (polymorphic assumes are not supported)
Not extracting FStar.HyperStack.All.exit to KreMLin (polymorphic assumes are not supported)
Not extracting FStar.HyperStack.All.try_with to KreMLin (polymorphic assumes are not supported)
C:/build/agent1/_work/2/s/fstar/ulib/FStar.UInt32.fst(0,0-0,0): (Warning 241) Stale cache file ..\secure_api\out\vale_aes_abstract_id\cache\FStar.UInt32.fst.checked.lax; will recheck C:/build/agent1/_work/2/s/fstar/ulib/FStar.UInt32.fst and all subsequent files
Not extracting FStar.HyperStack.All.pipe_right to KreMLin (polymorphic assumes are not supported)
Not extracting FStar.HyperStack.All.pipe_left to KreMLin (polymorphic assumes are not supported)
Not extracting FStar.HyperStack.All.failwith to KreMLin (polymorphic assumes are not supported)
Not extracting FStar.HyperStack.All.exit to KreMLin (polymorphic assumes are not supported)
Not extracting FStar.HyperStack.All.try_with to KreMLin (polymorphic assumes are not supported)
C:/build/agent1/_work/2/s/fstar/ulib/FStar.UInt32.fst(0,0-0,0): (Warning 241) Stale cache file ..\secure_api\out\hacl_aes_abstract_id\cache\FStar.UInt32.fst.checked.lax; will recheck C:/build/agent1/_work/2/s/fstar/ulib/FStar.UInt32.fst and all subsequent files
Not extracting type definition Crypto.Indexing.id to KreMLin (assumed type)
C:/build/agent1/_work/2/s/fstar/ulib/FStar.UInt32.fst(0,0-0,0): (Warning 241) Stale cache file ..\secure_api\out\runtime_switch\cache\FStar.UInt32.fst.checked.lax; will recheck C:/build/agent1/_work/2/s/fstar/ulib/FStar.UInt32.fst and all subsequent files
C:/build/agent1/_work/2/s/fstar/ulib/FStar.Int16.fst(0,0-0,0): (Warning 241) Stale cache file ..\secure_api\out\vale_aes_abstract_id\cache\FStar.Int16.fst.checked.lax; will recheck C:/build/agent1/_work/2/s/fstar/ulib/FStar.Int16.fst and all subsequent files
C:/build/agent1/_work/2/s/fstar/ulib/FStar.Int64.fst(0,0-0,0): (Warning 241) Stale cache file ..\secure_api\out\vale_aes_abstract_id\cache\FStar.Int64.fst.checked.lax; will recheck C:/build/agent1/_work/2/s/fstar/ulib/FStar.Int64.fst and all subsequent files
C:/build/agent1/_work/2/s/fstar/ulib/FStar.Int63.fst(0,0-0,0): (Warning 241) Stale cache file ..\secure_api\out\vale_aes_abstract_id\cache\FStar.Int63.fst.checked.lax; will recheck C:/build/agent1/_work/2/s/fstar/ulib/FStar.Int63.fst and all subsequent files
C:/build/agent1/_work/2/s/fstar/ulib/FStar.Int32.fst(0,0-0,0): (Warning 241) Stale cache file ..\secure_api\out\vale_aes_abstract_id\cache\FStar.Int32.fst.checked.lax; will recheck C:/build/agent1/_work/2/s/fstar/ulib/FStar.Int32.fst and all subsequent files
Not extracting type definition Crypto.Indexing.id to KreMLin (assumed type)
C:/build/agent1/_work/2/s/fstar/ulib/FStar.Int8.fst(0,0-0,0): (Warning 241) Stale cache file ..\secure_api\out\vale_aes_abstract_id\cache\FStar.Int8.fst.checked.lax; will recheck C:/build/agent1/_work/2/s/fstar/ulib/FStar.Int8.fst and all subsequent files
C:/build/agent1/_work/2/s/fstar/ulib/FStar.Int16.fst(0,0-0,0): (Warning 241) Stale cache file ..\secure_api\out\runtime_switch\cache\FStar.Int16.fst.checked.lax; will recheck C:/build/agent1/_work/2/s/fstar/ulib/FStar.Int16.fst and all subsequent files
C:/build/agent1/_work/2/s/fstar/ulib/FStar.Int64.fst(0,0-0,0): (Warning 241) Stale cache file ..\secure_api\out\runtime_switch\cache\FStar.Int64.fst.checked.lax; will recheck C:/build/agent1/_work/2/s/fstar/ulib/FStar.Int64.fst and all subsequent files
C:/build/agent1/_work/2/s/fstar/ulib/FStar.Int16.fst(0,0-0,0): (Warning 241) Stale cache file ..\secure_api\out\hacl_aes_abstract_id\cache\FStar.Int16.fst.checked.lax; will recheck C:/build/agent1/_work/2/s/fstar/ulib/FStar.Int16.fst and all subsequent files
C:/build/agent1/_work/2/s/fstar/ulib/FStar.UInt64.fst(0,0-0,0): (Warning 241) Stale cache file ..\secure_api\out\vale_aes_abstract_id\cache\FStar.UInt64.fst.checked.lax; will recheck C:/build/agent1/_work/2/s/fstar/ulib/FStar.UInt64.fst and all subsequent files
C:/build/agent1/_work/2/s/hacl-star/code/lib/kremlin/Hacl.UInt32.fst(0,0-0,0): (Warning 241) Stale cache file ..\secure_api\out\vale_aes_abstract_id\cache\Hacl.UInt32.fst.checked.lax; will recheck C:/build/agent1/_work/2/s/hacl-star/code/lib/kremlin/Hacl.UInt32.fst and all subsequent files
C:/build/agent1/_work/2/s/fstar/ulib/FStar.UInt8.fst(0,0-0,0): (Warning 241) Stale cache file ..\secure_api\out\vale_aes_abstract_id\cache\FStar.UInt8.fst.checked.lax; will recheck C:/build/agent1/_work/2/s/fstar/ulib/FStar.UInt8.fst and all subsequent files
C:/build/agent1/_work/2/s/fstar/ulib/FStar.UInt63.fst(0,0-0,0): (Warning 241) Stale cache file ..\secure_api\out\vale_aes_abstract_id\cache\FStar.UInt63.fst.checked.lax; will recheck C:/build/agent1/_work/2/s/fstar/ulib/FStar.UInt63.fst and all subsequent files
C:/build/agent1/_work/2/s/fstar/ulib/FStar.UInt16.fst(0,0-0,0): (Warning 241) Stale cache file ..\secure_api\out\vale_aes_abstract_id\cache\FStar.UInt16.fst.checked.lax; will recheck C:/build/agent1/_work/2/s/fstar/ulib/FStar.UInt16.fst and all subsequent files
C:/build/agent1/_work/2/s/fstar/ulib/FStar.Int63.fst(0,0-0,0): (Warning 241) Stale cache file ..\secure_api\out\runtime_switch\cache\FStar.Int63.fst.checked.lax; will recheck C:/build/agent1/_work/2/s/fstar/ulib/FStar.Int63.fst and all subsequent files
C:/build/agent1/_work/2/s/fstar/ulib/FStar.Char.fsti(0,0-0,0): (Warning 241) Stale cache file ..\secure_api\out\vale_aes_abstract_id\cache\FStar.Char.fsti.checked.lax; will recheck C:/build/agent1/_work/2/s/fstar/ulib/FStar.Char.fsti and all subsequent files
C:/build/agent1/_work/2/s/fstar/ulib/FStar.Int64.fst(0,0-0,0): (Warning 241) Stale cache file ..\secure_api\out\hacl_aes_abstract_id\cache\FStar.Int64.fst.checked.lax; will recheck C:/build/agent1/_work/2/s/fstar/ulib/FStar.Int64.fst and all subsequent files
C:/build/agent1/_work/2/s/fstar/ulib/FStar.Int63.fst(0,0-0,0): (Warning 241) Stale cache file ..\secure_api\out\hacl_aes_abstract_id\cache\FStar.Int63.fst.checked.lax; will recheck C:/build/agent1/_work/2/s/fstar/ulib/FStar.Int63.fst and all subsequent files
C:/build/agent1/_work/2/s/fstar/ulib/FStar.Int32.fst(0,0-0,0): (Warning 241) Stale cache file ..\secure_api\out\runtime_switch\cache\FStar.Int32.fst.checked.lax; will recheck C:/build/agent1/_work/2/s/fstar/ulib/FStar.Int32.fst and all subsequent files
C:/build/agent1/_work/2/s/fstar/ulib/FStar.Int8.fst(0,0-0,0): (Warning 241) Stale cache file ..\secure_api\out\runtime_switch\cache\FStar.Int8.fst.checked.lax; will recheck C:/build/agent1/_work/2/s/fstar/ulib/FStar.Int8.fst and all subsequent files
C:/build/agent1/_work/2/s/fstar/ulib/FStar.UInt64.fst(0,0-0,0): (Warning 241) Stale cache file ..\secure_api\out\runtime_switch\cache\FStar.UInt64.fst.checked.lax; will recheck C:/build/agent1/_work/2/s/fstar/ulib/FStar.UInt64.fst and all subsequent files
C:/build/agent1/_work/2/s/fstar/ulib/FStar.Int32.fst(0,0-0,0): (Warning 241) Stale cache file ..\secure_api\out\hacl_aes_abstract_id\cache\FStar.Int32.fst.checked.lax; will recheck C:/build/agent1/_work/2/s/fstar/ulib/FStar.Int32.fst and all subsequent files
C:/build/agent1/_work/2/s/fstar/ulib/FStar.Int8.fst(0,0-0,0): (Warning 241) Stale cache file ..\secure_api\out\hacl_aes_abstract_id\cache\FStar.Int8.fst.checked.lax; will recheck C:/build/agent1/_work/2/s/fstar/ulib/FStar.Int8.fst and all subsequent files
C:/build/agent1/_work/2/s/fstar/ulib/FStar.UInt63.fst(0,0-0,0): (Warning 241) Stale cache file ..\secure_api\out\runtime_switch\cache\FStar.UInt63.fst.checked.lax; will recheck C:/build/agent1/_work/2/s/fstar/ulib/FStar.UInt63.fst and all subsequent files
C:/build/agent1/_work/2/s/fstar/ulib/FStar.UInt64.fst(0,0-0,0): (Warning 241) Stale cache file ..\secure_api\out\hacl_aes_abstract_id\cache\FStar.UInt64.fst.checked.lax; will recheck C:/build/agent1/_work/2/s/fstar/ulib/FStar.UInt64.fst and all subsequent files
C:/build/agent1/_work/2/s/fstar/ulib/FStar.UInt63.fst(0,0-0,0): (Warning 241) Stale cache file ..\secure_api\out\hacl_aes_abstract_id\cache\FStar.UInt63.fst.checked.lax; will recheck C:/build/agent1/_work/2/s/fstar/ulib/FStar.UInt63.fst and all subsequent files
C:/build/agent1/_work/2/s/fstar/ulib/FStar.UInt16.fst(0,0-0,0): (Warning 241) Stale cache file ..\secure_api\out\runtime_switch\cache\FStar.UInt16.fst.checked.lax; will recheck C:/build/agent1/_work/2/s/fstar/ulib/FStar.UInt16.fst and all subsequent files
C:/build/agent1/_work/2/s/fstar/ulib/FStar.UInt8.fst(0,0-0,0): (Warning 241) Stale cache file ..\secure_api\out\runtime_switch\cache\FStar.UInt8.fst.checked.lax; will recheck C:/build/agent1/_work/2/s/fstar/ulib/FStar.UInt8.fst and all subsequent files
C:/build/agent1/_work/2/s/fstar/ulib/FStar.UInt16.fst(0,0-0,0): (Warning 241) Stale cache file ..\secure_api\out\hacl_aes_abstract_id\cache\FStar.UInt16.fst.checked.lax; will recheck C:/build/agent1/_work/2/s/fstar/ulib/FStar.UInt16.fst and all subsequent files
C:/build/agent1/_work/2/s/fstar/ulib/FStar.UInt8.fst(0,0-0,0): (Warning 241) Stale cache file ..\secure_api\out\hacl_aes_abstract_id\cache\FStar.UInt8.fst.checked.lax; will recheck C:/build/agent1/_work/2/s/fstar/ulib/FStar.UInt8.fst and all subsequent files
C:/build/agent1/_work/2/s/hacl-star/code/lib/kremlin/Hacl.UInt32.fst(0,0-0,0): (Warning 241) Stale cache file ..\secure_api\out\runtime_switch\cache\Hacl.UInt32.fst.checked.lax; will recheck C:/build/agent1/_work/2/s/hacl-star/code/lib/kremlin/Hacl.UInt32.fst and all subsequent files
C:/build/agent1/_work/2/s/hacl-star/code/lib/kremlin/Hacl.UInt32.fst(0,0-0,0): (Warning 241) Stale cache file ..\secure_api\out\hacl_aes_abstract_id\cache\Hacl.UInt32.fst.checked.lax; will recheck C:/build/agent1/_work/2/s/hacl-star/code/lib/kremlin/Hacl.UInt32.fst and all subsequent files
C:/build/agent1/_work/2/s/fstar/ulib/FStar.Char.fsti(0,0-0,0): (Warning 241) Stale cache file ..\secure_api\out\runtime_switch\cache\FStar.Char.fsti.checked.lax; will recheck C:/build/agent1/_work/2/s/fstar/ulib/FStar.Char.fsti and all subsequent files
C:/build/agent1/_work/2/s/fstar/ulib/FStar.Char.fsti(0,0-0,0): (Warning 241) Stale cache file ..\secure_api\out\hacl_aes_abstract_id\cache\FStar.Char.fsti.checked.lax; will recheck C:/build/agent1/_work/2/s/fstar/ulib/FStar.Char.fsti and all subsequent files
C:/build/agent1/_work/2/s/hacl-star/code/lib/kremlin/Hacl.UInt64.fst(0,0-0,0): (Warning 241) Stale cache file ..\secure_api\out\vale_aes_abstract_id\cache\Hacl.UInt64.fst.checked.lax; will recheck C:/build/agent1/_work/2/s/hacl-star/code/lib/kremlin/Hacl.UInt64.fst and all subsequent files
C:/build/agent1/_work/2/s/fstar/ulib/FStar.UInt128.fsti(0,0-0,0): (Warning 241) Stale cache file ..\secure_api\out\vale_aes_abstract_id\cache\FStar.UInt128.fsti.checked.lax; will recheck C:/build/agent1/_work/2/s/fstar/ulib/FStar.UInt128.fsti and all subsequent files
C:/build/agent1/_work/2/s/fstar/ulib/FStar.Int.Cast.fst(0,0-0,0): (Warning 241) Stale cache file ..\secure_api\out\vale_aes_abstract_id\cache\FStar.Int.Cast.fst.checked.lax; will recheck C:/build/agent1/_work/2/s/fstar/ulib/FStar.Int.Cast.fst and all subsequent files
C:/build/agent1/_work/2/s/hacl-star/code/lib/kremlin/Hacl.UInt8.fst(0,0-0,0): (Warning 241) Stale cache file ..\secure_api\out\vale_aes_abstract_id\cache\Hacl.UInt8.fst.checked.lax; will recheck C:/build/agent1/_work/2/s/hacl-star/code/lib/kremlin/Hacl.UInt8.fst and all subsequent files
C:/build/agent1/_work/2/s/fstar/ulib/FStar.Buffer.fst(0,0-0,0): (Warning 241) Stale cache file ..\secure_api\out\runtime_switch\cache\FStar.Buffer.fst.checked.lax; will recheck C:/build/agent1/_work/2/s/fstar/ulib/FStar.Buffer.fst and all subsequent files
C:/build/agent1/_work/2/s/fstar/ulib/FStar.Int.Cast.fst(0,0-0,0): (Warning 241) Stale cache file ..\secure_api\out\hacl_aes_abstract_id\cache\FStar.Int.Cast.fst.checked.lax; will recheck C:/build/agent1/_work/2/s/fstar/ulib/FStar.Int.Cast.fst and all subsequent files
C:/build/agent1/_work/2/s/hacl-star/code/lib/kremlin/Hacl.UInt64.fst(0,0-0,0): (Warning 241) Stale cache file ..\secure_api\out\hacl_aes_abstract_id\cache\Hacl.UInt64.fst.checked.lax; will recheck C:/build/agent1/_work/2/s/hacl-star/code/lib/kremlin/Hacl.UInt64.fst and all subsequent files
C:/build/agent1/_work/2/s/fstar/ulib/FStar.Buffer.fst(0,0-0,0): (Warning 241) Stale cache file ..\secure_api\out\hacl_aes_abstract_id\cache\FStar.Buffer.fst.checked.lax; will recheck C:/build/agent1/_work/2/s/fstar/ulib/FStar.Buffer.fst and all subsequent files
C:/build/agent1/_work/2/s/hacl-star/code/lib/kremlin/Hacl.UInt8.fst(0,0-0,0): (Warning 241) Stale cache file ..\secure_api\out\hacl_aes_abstract_id\cache\Hacl.UInt8.fst.checked.lax; will recheck C:/build/agent1/_work/2/s/hacl-star/code/lib/kremlin/Hacl.UInt8.fst and all subsequent files
C:/build/agent1/_work/2/s/fstar/ulib/FStar.UInt128.fsti(0,0-0,0): (Warning 241) Stale cache file ..\secure_api\out\hacl_aes_abstract_id\cache\FStar.UInt128.fsti.checked.lax; will recheck C:/build/agent1/_work/2/s/fstar/ulib/FStar.UInt128.fsti and all subsequent files
C:/build/agent1/_work/2/s/hacl-star/code/lib/kremlin/Hacl.UInt64.fst(0,0-0,0): (Warning 241) Stale cache file ..\secure_api\out\runtime_switch\cache\Hacl.UInt64.fst.checked.lax; will recheck C:/build/agent1/_work/2/s/hacl-star/code/lib/kremlin/Hacl.UInt64.fst and all subsequent files
C:/build/agent1/_work/2/s/hacl-star/code/lib/kremlin/Hacl.UInt16.fst(0,0-0,0): (Warning 241) Stale cache file ..\secure_api\out\vale_aes_abstract_id\cache\Hacl.UInt16.fst.checked.lax; will recheck C:/build/agent1/_work/2/s/hacl-star/code/lib/kremlin/Hacl.UInt16.fst and all subsequent files
C:/build/agent1/_work/2/s/fstar/ulib/FStar.Int.Cast.fst(0,0-0,0): (Warning 241) Stale cache file ..\secure_api\out\runtime_switch\cache\FStar.Int.Cast.fst.checked.lax; will recheck C:/build/agent1/_work/2/s/fstar/ulib/FStar.Int.Cast.fst and all subsequent files
C:/build/agent1/_work/2/s/hacl-star/code/lib/kremlin/Hacl.UInt8.fst(0,0-0,0): (Warning 241) Stale cache file ..\secure_api\out\runtime_switch\cache\Hacl.UInt8.fst.checked.lax; will recheck C:/build/agent1/_work/2/s/hacl-star/code/lib/kremlin/Hacl.UInt8.fst and all subsequent files
C:/build/agent1/_work/2/s/fstar/ulib/FStar.UInt128.fsti(0,0-0,0): (Warning 241) Stale cache file ..\secure_api\out\runtime_switch\cache\FStar.UInt128.fsti.checked.lax; will recheck C:/build/agent1/_work/2/s/fstar/ulib/FStar.UInt128.fsti and all subsequent files
C:/build/agent1/_work/2/s/kremlin/kremlib/FStar.Kremlin.Endianness.fst(0,0-0,0): (Warning 241) Stale cache file ..\secure_api\out\vale_aes_abstract_id\cache\FStar.Kremlin.Endianness.fst.checked.lax; will recheck C:/build/agent1/_work/2/s/kremlin/kremlib/FStar.Kremlin.Endianness.fst and all subsequent files
C:/build/agent1/_work/2/s/hacl-star/code/lib/kremlin/Hacl.UInt16.fst(0,0-0,0): (Warning 241) Stale cache file ..\secure_api\out\hacl_aes_abstract_id\cache\Hacl.UInt16.fst.checked.lax; will recheck C:/build/agent1/_work/2/s/hacl-star/code/lib/kremlin/Hacl.UInt16.fst and all subsequent files
Not extracting type definition FStar.Char.char to KreMLin (assumed type)
C:/build/agent1/_work/2/s/hacl-star/code/lib/kremlin/Hacl.UInt16.fst(0,0-0,0): (Warning 241) Stale cache file ..\secure_api\out\runtime_switch\cache\Hacl.UInt16.fst.checked.lax; will recheck C:/build/agent1/_work/2/s/hacl-star/code/lib/kremlin/Hacl.UInt16.fst and all subsequent files
Not extracting type definition FStar.Char.char to KreMLin (assumed type)
C:/build/agent1/_work/2/s/fstar/ulib/FStar.String.fsti(0,0-0,0): (Warning 241) Stale cache file ..\secure_api\out\vale_aes_abstract_id\cache\FStar.String.fsti.checked.lax; will recheck C:/build/agent1/_work/2/s/fstar/ulib/FStar.String.fsti and all subsequent files
C:/build/agent1/_work/2/s/fstar/ulib/FStar.String.fsti(0,0-0,0): (Warning 241) Stale cache file ..\secure_api\out\hacl_aes_abstract_id\cache\FStar.String.fsti.checked.lax; will recheck C:/build/agent1/_work/2/s/fstar/ulib/FStar.String.fsti and all subsequent files
C:/build/agent1/_work/2/s/kremlin/kremlib/FStar.Kremlin.Endianness.fst(0,0-0,0): (Warning 241) Stale cache file ..\secure_api\out\hacl_aes_abstract_id\cache\FStar.Kremlin.Endianness.fst.checked.lax; will recheck C:/build/agent1/_work/2/s/kremlin/kremlib/FStar.Kremlin.Endianness.fst and all subsequent files
C:/build/agent1/_work/2/s/kremlin/kremlib/FStar.Kremlin.Endianness.fst(0,0-0,0): (Warning 241) Stale cache file ..\secure_api\out\runtime_switch\cache\FStar.Kremlin.Endianness.fst.checked.lax; will recheck C:/build/agent1/_work/2/s/kremlin/kremlib/FStar.Kremlin.Endianness.fst and all subsequent files
C:/build/agent1/_work/2/s/hacl-star/secure_api/aead/Crypto.AEAD.BufferUtils.fst(86,7-86,24): (Warning 288) FStar.Monotonic.HyperStack.is_eternal_region is deprecated, use FStar.HyperStack.ST.is_eternal_region instead
C:/build/agent1/_work/2/s/hacl-star/secure_api/aead/Crypto.AEAD.BufferUtils.fst(87,7-87,24): (Warning 288) FStar.Monotonic.HyperStack.is_eternal_region is deprecated, use FStar.HyperStack.ST.is_eternal_region instead
C:/build/agent1/_work/2/s/hacl-star/secure_api/aead/Crypto.AEAD.BufferUtils.fst(126,7-126,24): (Warning 288) FStar.Monotonic.HyperStack.is_eternal_region is deprecated, use FStar.HyperStack.ST.is_eternal_region instead
C:/build/agent1/_work/2/s/hacl-star/secure_api/aead/Crypto.AEAD.BufferUtils.fst(127,7-127,24): (Warning 288) FStar.Monotonic.HyperStack.is_eternal_region is deprecated, use FStar.HyperStack.ST.is_eternal_region instead
C:/build/agent1/_work/2/s/hacl-star/code/lib/kremlin/Hacl.UInt128.fst(0,0-0,0): (Warning 241) Stale cache file ..\secure_api\out\vale_aes_abstract_id\cache\Hacl.UInt128.fst.checked.lax; will recheck C:/build/agent1/_work/2/s/hacl-star/code/lib/kremlin/Hacl.UInt128.fst and all subsequent files
C:/build/agent1/_work/2/s/kremlin/kremlib/C.Loops.fst(0,0-0,0): (Warning 241) Stale cache file ..\secure_api\out\runtime_switch\cache\C.Loops.fst.checked.lax; will recheck C:/build/agent1/_work/2/s/kremlin/kremlib/C.Loops.fst and all subsequent files
C:/build/agent1/_work/2/s/hacl-star/code/lib/kremlin/Hacl.UInt128.fst(0,0-0,0): (Warning 241) Stale cache file ..\secure_api\out\hacl_aes_abstract_id\cache\Hacl.UInt128.fst.checked.lax; will recheck C:/build/agent1/_work/2/s/hacl-star/code/lib/kremlin/Hacl.UInt128.fst and all subsequent files
C:/build/agent1/_work/2/s/fstar/ulib/FStar.Buffer.fst(0,0-0,0): (Warning 241) Stale cache file ..\secure_api\out\vale_aes_abstract_id\cache\FStar.Buffer.fst.checked.lax; will recheck C:/build/agent1/_work/2/s/fstar/ulib/FStar.Buffer.fst and all subsequent files
Not extracting type definition FStar.Char.char to KreMLin (assumed type)
C:/build/agent1/_work/2/s/fstar/ulib/FStar.Int.Cast.Full.fst(0,0-0,0): (Warning 241) Stale cache file ..\secure_api\out\vale_aes_abstract_id\cache\FStar.Int.Cast.Full.fst.checked.lax; will recheck C:/build/agent1/_work/2/s/fstar/ulib/FStar.Int.Cast.Full.fst and all subsequent files
C:/build/agent1/_work/2/s/fstar/ulib/FStar.String.fsti(0,0-0,0): (Warning 241) Stale cache file ..\secure_api\out\runtime_switch\cache\FStar.String.fsti.checked.lax; will recheck C:/build/agent1/_work/2/s/fstar/ulib/FStar.String.fsti and all subsequent files
C:/build/agent1/_work/2/s/fstar/ulib/FStar.Int.Cast.Full.fst(0,0-0,0): (Warning 241) Stale cache file ..\secure_api\out\hacl_aes_abstract_id\cache\FStar.Int.Cast.Full.fst.checked.lax; will recheck C:/build/agent1/_work/2/s/fstar/ulib/FStar.Int.Cast.Full.fst and all subsequent files
C:/build/agent1/_work/2/s/fstar/ulib/FStar.UInt128.fst(0,0-0,0): (Warning 241) Stale cache file ..\secure_api\out\vale_aes_abstract_id\cache\FStar.UInt128.fst.checked.lax; will recheck C:/build/agent1/_work/2/s/fstar/ulib/FStar.UInt128.fst and all subsequent files
C:/build/agent1/_work/2/s/fstar/ulib/FStar.UInt128.fst(0,0-0,0): (Warning 241) Stale cache file ..\secure_api\out\hacl_aes_abstract_id\cache\FStar.UInt128.fst.checked.lax; will recheck C:/build/agent1/_work/2/s/fstar/ulib/FStar.UInt128.fst and all subsequent files
C:/build/agent1/_work/2/s/kremlin/kremlib/C.Endianness.fst(0,0-0,0): (Warning 241) Stale cache file ..\secure_api\out\hacl_aes_abstract_id\cache\C.Endianness.fst.checked.lax; will recheck C:/build/agent1/_work/2/s/kremlin/kremlib/C.Endianness.fst and all subsequent files
C:/build/agent1/_work/2/s/hacl-star/secure_api/aead/Crypto.AEAD.BufferUtils.fst(86,7-86,24): (Warning 288) FStar.Monotonic.HyperStack.is_eternal_region is deprecated, use FStar.HyperStack.ST.is_eternal_region instead
C:/build/agent1/_work/2/s/hacl-star/secure_api/aead/Crypto.AEAD.BufferUtils.fst(87,7-87,24): (Warning 288) FStar.Monotonic.HyperStack.is_eternal_region is deprecated, use FStar.HyperStack.ST.is_eternal_region instead
C:/build/agent1/_work/2/s/hacl-star/secure_api/aead/Crypto.AEAD.BufferUtils.fst(126,7-126,24): (Warning 288) FStar.Monotonic.HyperStack.is_eternal_region is deprecated, use FStar.HyperStack.ST.is_eternal_region instead
C:/build/agent1/_work/2/s/hacl-star/secure_api/aead/Crypto.AEAD.BufferUtils.fst(127,7-127,24): (Warning 288) FStar.Monotonic.HyperStack.is_eternal_region is deprecated, use FStar.HyperStack.ST.is_eternal_region instead
C:/build/agent1/_work/2/s/hacl-star/code/lib/kremlin/Hacl.UInt128.fst(0,0-0,0): (Warning 241) Stale cache file ..\secure_api\out\runtime_switch\cache\Hacl.UInt128.fst.checked.lax; will recheck C:/build/agent1/_work/2/s/hacl-star/code/lib/kremlin/Hacl.UInt128.fst and all subsequent files
C:/build/agent1/_work/2/s/kremlin/kremlib/C.Loops.fst(0,0-0,0): (Warning 241) Stale cache file ..\secure_api\out\vale_aes_abstract_id\cache\C.Loops.fst.checked.lax; will recheck C:/build/agent1/_work/2/s/kremlin/kremlib/C.Loops.fst and all subsequent files
C:/build/agent1/_work/2/s/fstar/ulib/FStar.Int.Cast.Full.fst(0,0-0,0): (Warning 241) Stale cache file ..\secure_api\out\runtime_switch\cache\FStar.Int.Cast.Full.fst.checked.lax; will recheck C:/build/agent1/_work/2/s/fstar/ulib/FStar.Int.Cast.Full.fst and all subsequent files
C:/build/agent1/_work/2/s/kremlin/kremlib/C.Loops.fst(0,0-0,0): (Warning 241) Stale cache file ..\secure_api\out\hacl_aes_abstract_id\cache\C.Loops.fst.checked.lax; will recheck C:/build/agent1/_work/2/s/kremlin/kremlib/C.Loops.fst and all subsequent files
C:/build/agent1/_work/2/s/hacl-star/secure_api/aead/Crypto.AEAD.BufferUtils.fst(86,7-86,24): (Warning 288) FStar.Monotonic.HyperStack.is_eternal_region is deprecated, use FStar.HyperStack.ST.is_eternal_region instead
C:/build/agent1/_work/2/s/hacl-star/secure_api/aead/Crypto.AEAD.BufferUtils.fst(87,7-87,24): (Warning 288) FStar.Monotonic.HyperStack.is_eternal_region is deprecated, use FStar.HyperStack.ST.is_eternal_region instead
C:/build/agent1/_work/2/s/hacl-star/secure_api/aead/Crypto.AEAD.BufferUtils.fst(126,7-126,24): (Warning 288) FStar.Monotonic.HyperStack.is_eternal_region is deprecated, use FStar.HyperStack.ST.is_eternal_region instead
C:/build/agent1/_work/2/s/hacl-star/secure_api/aead/Crypto.AEAD.BufferUtils.fst(127,7-127,24): (Warning 288) FStar.Monotonic.HyperStack.is_eternal_region is deprecated, use FStar.HyperStack.ST.is_eternal_region instead
C:/build/agent1/_work/2/s/fstar/ulib/FStar.UInt128.fst(0,0-0,0): (Warning 241) Stale cache file ..\secure_api\out\runtime_switch\cache\FStar.UInt128.fst.checked.lax; will recheck C:/build/agent1/_work/2/s/fstar/ulib/FStar.UInt128.fst and all subsequent files
C:/build/agent1/_work/2/s/kremlin/kremlib/C.Endianness.fst(0,0-0,0): (Warning 241) Stale cache file ..\secure_api\out\runtime_switch\cache\C.Endianness.fst.checked.lax; will recheck C:/build/agent1/_work/2/s/kremlin/kremlib/C.Endianness.fst and all subsequent files
C:/build/agent1/_work/2/s/hacl-star/code/lib/kremlin/Hacl.Cast.fst(0,0-0,0): (Warning 241) Stale cache file ..\secure_api\out\vale_aes_abstract_id\cache\Hacl.Cast.fst.checked.lax; will recheck C:/build/agent1/_work/2/s/hacl-star/code/lib/kremlin/Hacl.Cast.fst and all subsequent files
C:/build/agent1/_work/2/s/hacl-star/code/bignum/Hacl.Spec.Bignum.Field.fst(0,0-0,0): (Warning 241) Stale cache file ..\secure_api\out\vale_aes_abstract_id\cache\Hacl.Spec.Bignum.Field.fst.checked.lax; will recheck C:/build/agent1/_work/2/s/hacl-star/code/bignum/Hacl.Spec.Bignum.Field.fst and all subsequent files
C:/build/agent1/_work/2/s/hacl-star/code/lib/kremlin/Hacl.Cast.fst(0,0-0,0): (Warning 241) Stale cache file ..\secure_api\out\hacl_aes_abstract_id\cache\Hacl.Cast.fst.checked.lax; will recheck C:/build/agent1/_work/2/s/hacl-star/code/lib/kremlin/Hacl.Cast.fst and all subsequent files
Not extracting C.Nullity.is_null to KreMLin (polymorphic assumes are not supported)
Not extracting C.Nullity.null to KreMLin (polymorphic assumes are not supported)
C:/build/agent1/_work/2/s/hacl-star/code/lib/kremlin/FStar.Endianness.fst(0,0-0,0): (Warning 241) Stale cache file ..\secure_api\out\vale_aes_abstract_id\cache\FStar.Endianness.fst.checked.lax; will recheck C:/build/agent1/_work/2/s/hacl-star/code/lib/kremlin/FStar.Endianness.fst and all subsequent files
C:/build/agent1/_work/2/s/kremlin/kremlib/C.Endianness.fst(0,0-0,0): (Warning 241) Stale cache file ..\secure_api\out\vale_aes_abstract_id\cache\C.Endianness.fst.checked.lax; will recheck C:/build/agent1/_work/2/s/kremlin/kremlib/C.Endianness.fst and all subsequent files
C:/build/agent1/_work/2/s/kremlin/kremlib/C.fst(0,0-0,0): (Warning 241) Stale cache file ..\secure_api\out\hacl_aes_abstract_id\cache\C.fst.checked.lax; will recheck C:/build/agent1/_work/2/s/kremlin/kremlib/C.fst and all subsequent files
C:/build/agent1/_work/2/s/hacl-star/code/lib/kremlin/FStar.Endianness.fst(0,0-0,0): (Warning 241) Stale cache file ..\secure_api\out\hacl_aes_abstract_id\cache\FStar.Endianness.fst.checked.lax; will recheck C:/build/agent1/_work/2/s/hacl-star/code/lib/kremlin/FStar.Endianness.fst and all subsequent files
C:/build/agent1/_work/2/s/hacl-star/code/lib/kremlin/Hacl.Cast.fst(0,0-0,0): (Warning 241) Stale cache file ..\secure_api\out\runtime_switch\cache\Hacl.Cast.fst.checked.lax; will recheck C:/build/agent1/_work/2/s/hacl-star/code/lib/kremlin/Hacl.Cast.fst and all subsequent files
C:/build/agent1/_work/2/s/kremlin/kremlib/C.fst(0,0-0,0): (Warning 241) Stale cache file ..\secure_api\out\runtime_switch\cache\C.fst.checked.lax; will recheck C:/build/agent1/_work/2/s/kremlin/kremlib/C.fst and all subsequent files
C:/build/agent1/_work/2/s/hacl-star/code/lib/kremlin/FStar.Endianness.fst(0,0-0,0): (Warning 241) Stale cache file ..\secure_api\out\runtime_switch\cache\FStar.Endianness.fst.checked.lax; will recheck C:/build/agent1/_work/2/s/hacl-star/code/lib/kremlin/FStar.Endianness.fst and all subsequent files
Not extracting C.Nullity.is_null to KreMLin (polymorphic assumes are not supported)
Not extracting C.Nullity.null to KreMLin (polymorphic assumes are not supported)
Not extracting C.Nullity.is_null to KreMLin (polymorphic assumes are not supported)
Not extracting C.Nullity.null to KreMLin (polymorphic assumes are not supported)
Not extracting type definition FStar.Bytes.bytes to KreMLin (assumed type)
C:/build/agent1/_work/2/s/kremlin/kremlib/C.String.fst(0,0-0,0): (Warning 241) Stale cache file ..\secure_api\out\hacl_aes_abstract_id\cache\C.String.fst.checked.lax; will recheck C:/build/agent1/_work/2/s/kremlin/kremlib/C.String.fst and all subsequent files
Not extracting type definition FStar.Bytes.bytes to KreMLin (assumed type)
C:/build/agent1/_work/2/s/hacl-star/code/bignum/Hacl.Spec.Bignum.Field.fst(0,0-0,0): (Warning 241) Stale cache file ..\secure_api\out\runtime_switch\cache\Hacl.Spec.Bignum.Field.fst.checked.lax; will recheck C:/build/agent1/_work/2/s/hacl-star/code/bignum/Hacl.Spec.Bignum.Field.fst and all subsequent files
Not extracting type definition FStar.Bytes.bytes to KreMLin (assumed type)
C:/build/agent1/_work/2/s/hacl-star/code/lib/kremlin/Hacl.Spec.Endianness.fst(0,0-0,0): (Warning 241) Stale cache file ..\secure_api\out\runtime_switch\cache\Hacl.Spec.Endianness.fst.checked.lax; will recheck C:/build/agent1/_work/2/s/hacl-star/code/lib/kremlin/Hacl.Spec.Endianness.fst and all subsequent files
C:/build/agent1/_work/2/s/hacl-star/code/bignum/Hacl.Spec.Bignum.Field.fst(0,0-0,0): (Warning 241) Stale cache file ..\secure_api\out\hacl_aes_abstract_id\cache\Hacl.Spec.Bignum.Field.fst.checked.lax; will recheck C:/build/agent1/_work/2/s/hacl-star/code/bignum/Hacl.Spec.Bignum.Field.fst and all subsequent files
C:/build/agent1/_work/2/s/hacl-star/specs/Spec.Lib.fst(0,0-0,0): (Warning 241) Stale cache file ..\secure_api\out\runtime_switch\cache\Spec.Lib.fst.checked.lax; will recheck C:/build/agent1/_work/2/s/hacl-star/specs/Spec.Lib.fst and all subsequent files
Not extracting type definition C.channel to KreMLin (assumed type)
Not extracting type definition C.intptr_t to KreMLin (assumed type)
Not extracting type definition C.char to KreMLin (assumed type)
Not extracting type definition C.int to KreMLin (assumed type)
Not extracting type definition C.clock_t to KreMLin (assumed type)
C:/build/agent1/_work/2/s/kremlin/kremlib/C.String.fst(0,0-0,0): (Warning 241) Stale cache file ..\secure_api\out\runtime_switch\cache\C.String.fst.checked.lax; will recheck C:/build/agent1/_work/2/s/kremlin/kremlib/C.String.fst and all subsequent files
C:/build/agent1/_work/2/s/kremlin/kremlib/C.fst(0,0-0,0): (Warning 241) Stale cache file ..\secure_api\out\vale_aes_abstract_id\cache\C.fst.checked.lax; will recheck C:/build/agent1/_work/2/s/kremlin/kremlib/C.fst and all subsequent files
C:/build/agent1/_work/2/s/hacl-star/code/lib/kremlin/Hacl.Spec.Endianness.fst(0,0-0,0): (Warning 241) Stale cache file ..\secure_api\out\vale_aes_abstract_id\cache\Hacl.Spec.Endianness.fst.checked.lax; will recheck C:/build/agent1/_work/2/s/hacl-star/code/lib/kremlin/Hacl.Spec.Endianness.fst and all subsequent files
C:/build/agent1/_work/2/s/hacl-star/code/bignum/Hacl.Bignum.Wide.fst(0,0-0,0): (Warning 241) Stale cache file ..\secure_api\out\runtime_switch\cache\Hacl.Bignum.Wide.fst.checked.lax; will recheck C:/build/agent1/_work/2/s/hacl-star/code/bignum/Hacl.Bignum.Wide.fst and all subsequent files
Not extracting type definition LowCProvider.aead_state to KreMLin (assumed type)
C:/build/agent1/_work/2/s/hacl-star/specs/Spec.Lib.fst(0,0-0,0): (Warning 241) Stale cache file ..\secure_api\out\vale_aes_abstract_id\cache\Spec.Lib.fst.checked.lax; will recheck C:/build/agent1/_work/2/s/hacl-star/specs/Spec.Lib.fst and all subsequent files
C:/build/agent1/_work/2/s/hacl-star/code/lib/kremlin/Hacl.Spec.Endianness.fst(0,0-0,0): (Warning 241) Stale cache file ..\secure_api\out\hacl_aes_abstract_id\cache\Hacl.Spec.Endianness.fst.checked.lax; will recheck C:/build/agent1/_work/2/s/hacl-star/code/lib/kremlin/Hacl.Spec.Endianness.fst and all subsequent files
C:/build/agent1/_work/2/s/hacl-star/code/bignum/Hacl.Bignum.Limb.fst(0,0-0,0): (Warning 241) Stale cache file ..\secure_api\out\runtime_switch\cache\Hacl.Bignum.Limb.fst.checked.lax; will recheck C:/build/agent1/_work/2/s/hacl-star/code/bignum/Hacl.Bignum.Limb.fst and all subsequent files
Not extracting type definition C.channel to KreMLin (assumed type)
Not extracting type definition C.intptr_t to KreMLin (assumed type)
Not extracting type definition C.char to KreMLin (assumed type)
Not extracting type definition C.int to KreMLin (assumed type)
Not extracting type definition C.clock_t to KreMLin (assumed type)
C:/build/agent1/_work/2/s/hacl-star/specs/Spec.Lib.fst(0,0-0,0): (Warning 241) Stale cache file ..\secure_api\out\hacl_aes_abstract_id\cache\Spec.Lib.fst.checked.lax; will recheck C:/build/agent1/_work/2/s/hacl-star/specs/Spec.Lib.fst and all subsequent files
C:/build/agent1/_work/2/s/hacl-star/code/lib/kremlin/Hacl.Endianness.fst(0,0-0,0): (Warning 241) Stale cache file ..\secure_api\out\runtime_switch\cache\Hacl.Endianness.fst.checked.lax; will recheck C:/build/agent1/_work/2/s/hacl-star/code/lib/kremlin/Hacl.Endianness.fst and all subsequent files
C:/build/agent1/_work/2/s/kremlin/kremlib/C.String.fst(0,0-0,0): (Warning 241) Stale cache file ..\secure_api\out\vale_aes_abstract_id\cache\C.String.fst.checked.lax; will recheck C:/build/agent1/_work/2/s/kremlin/kremlib/C.String.fst and all subsequent files
Not extracting type definition LowCProvider.aead_state to KreMLin (assumed type)
C:/build/agent1/_work/2/s/hacl-star/code/bignum/Hacl.Bignum.Wide.fst(0,0-0,0): (Warning 241) Stale cache file ..\secure_api\out\vale_aes_abstract_id\cache\Hacl.Bignum.Wide.fst.checked.lax; will recheck C:/build/agent1/_work/2/s/hacl-star/code/bignum/Hacl.Bignum.Wide.fst and all subsequent files
C:/build/agent1/_work/2/s/hacl-star/code/bignum/Hacl.Bignum.Limb.fst(0,0-0,0): (Warning 241) Stale cache file ..\secure_api\out\vale_aes_abstract_id\cache\Hacl.Bignum.Limb.fst.checked.lax; will recheck C:/build/agent1/_work/2/s/hacl-star/code/bignum/Hacl.Bignum.Limb.fst and all subsequent files
C:/build/agent1/_work/2/s/kremlin/kremlib/TestLib.fsti(0,0-0,0): (Warning 241) Stale cache file ..\secure_api\out\runtime_switch\cache\TestLib.fsti.checked.lax; will recheck C:/build/agent1/_work/2/s/kremlin/kremlib/TestLib.fsti and all subsequent files
Not extracting type definition C.channel to KreMLin (assumed type)
Not extracting type definition C.intptr_t to KreMLin (assumed type)
Not extracting type definition C.char to KreMLin (assumed type)
Not extracting type definition C.int to KreMLin (assumed type)
Not extracting type definition C.clock_t to KreMLin (assumed type)
C:/build/agent1/_work/2/s/kremlin/kremlib/TestLib.fsti(0,0-0,0): (Warning 241) Stale cache file ..\secure_api\out\hacl_aes_abstract_id\cache\TestLib.fsti.checked.lax; will recheck C:/build/agent1/_work/2/s/kremlin/kremlib/TestLib.fsti and all subsequent files
C:/build/agent1/_work/2/s/hacl-star/code/lib/kremlin/Hacl.Endianness.fst(0,0-0,0): (Warning 241) Stale cache file ..\secure_api\out\vale_aes_abstract_id\cache\Hacl.Endianness.fst.checked.lax; will recheck C:/build/agent1/_work/2/s/hacl-star/code/lib/kremlin/Hacl.Endianness.fst and all subsequent files
C:/build/agent1/_work/2/s/hacl-star/code/bignum/Hacl.Spec.Bignum.Bigint.fst(0,0-0,0): (Warning 241) Stale cache file ..\secure_api\out\runtime_switch\cache\Hacl.Spec.Bignum.Bigint.fst.checked.lax; will recheck C:/build/agent1/_work/2/s/hacl-star/code/bignum/Hacl.Spec.Bignum.Bigint.fst and all subsequent files
C:/build/agent1/_work/2/s/hacl-star/code/bignum/Hacl.Bignum.Wide.fst(0,0-0,0): (Warning 241) Stale cache file ..\secure_api\out\hacl_aes_abstract_id\cache\Hacl.Bignum.Wide.fst.checked.lax; will recheck C:/build/agent1/_work/2/s/hacl-star/code/bignum/Hacl.Bignum.Wide.fst and all subsequent files
Not extracting type definition LowCProvider.aead_state to KreMLin (assumed type)
C:/build/agent1/_work/2/s/hacl-star/code/bignum/Hacl.Bignum.Limb.fst(0,0-0,0): (Warning 241) Stale cache file ..\secure_api\out\hacl_aes_abstract_id\cache\Hacl.Bignum.Limb.fst.checked.lax; will recheck C:/build/agent1/_work/2/s/hacl-star/code/bignum/Hacl.Bignum.Limb.fst and all subsequent files
C:/build/agent1/_work/2/s/hacl-star/code/lib/kremlin/Hacl.Endianness.fst(0,0-0,0): (Warning 241) Stale cache file ..\secure_api\out\hacl_aes_abstract_id\cache\Hacl.Endianness.fst.checked.lax; will recheck C:/build/agent1/_work/2/s/hacl-star/code/lib/kremlin/Hacl.Endianness.fst and all subsequent files
C:/build/agent1/_work/2/s/kremlin/kremlib/TestLib.fsti(0,0-0,0): (Warning 241) Stale cache file ..\secure_api\out\vale_aes_abstract_id\cache\TestLib.fsti.checked.lax; will recheck C:/build/agent1/_work/2/s/kremlin/kremlib/TestLib.fsti and all subsequent files
Not extracting type definition TestLib.cycles to KreMLin (assumed type)
C:/build/agent1/_work/2/s/hacl-star/code/bignum/Hacl.Spec.Bignum.Fsum.fst(0,0-0,0): (Warning 241) Stale cache file ..\secure_api\out\runtime_switch\cache\Hacl.Spec.Bignum.Fsum.fst.checked.lax; will recheck C:/build/agent1/_work/2/s/hacl-star/code/bignum/Hacl.Spec.Bignum.Fsum.fst and all subsequent files
C:/build/agent1/_work/2/s/hacl-star/code/bignum/Hacl.Spec.Bignum.Bigint.fst(0,0-0,0): (Warning 241) Stale cache file ..\secure_api\out\vale_aes_abstract_id\cache\Hacl.Spec.Bignum.Bigint.fst.checked.lax; will recheck C:/build/agent1/_work/2/s/hacl-star/code/bignum/Hacl.Spec.Bignum.Bigint.fst and all subsequent files
C:/build/agent1/_work/2/s/hacl-star/code/bignum/Hacl.Spec.Bignum.Fsum.fst(0,0-0,0): (Warning 241) Stale cache file ..\secure_api\out\vale_aes_abstract_id\cache\Hacl.Spec.Bignum.Fsum.fst.checked.lax; will recheck C:/build/agent1/_work/2/s/hacl-star/code/bignum/Hacl.Spec.Bignum.Fsum.fst and all subsequent files
C:/build/agent1/_work/2/s/hacl-star/code/bignum/Hacl.Spec.Bignum.Fproduct.fst(0,0-0,0): (Warning 241) Stale cache file ..\secure_api\out\runtime_switch\cache\Hacl.Spec.Bignum.Fproduct.fst.checked.lax; will recheck C:/build/agent1/_work/2/s/hacl-star/code/bignum/Hacl.Spec.Bignum.Fproduct.fst and all subsequent files
C:/build/agent1/_work/2/s/hacl-star/code/bignum/Hacl.Bignum.Fsum.fst(0,0-0,0): (Warning 241) Stale cache file ..\secure_api\out\runtime_switch\cache\Hacl.Bignum.Fsum.fst.checked.lax; will recheck C:/build/agent1/_work/2/s/hacl-star/code/bignum/Hacl.Bignum.Fsum.fst and all subsequent files
Not extracting type definition TestLib.cycles to KreMLin (assumed type)
C:/build/agent1/_work/2/s/hacl-star/code/bignum/Hacl.Spec.Bignum.Bigint.fst(0,0-0,0): (Warning 241) Stale cache file ..\secure_api\out\hacl_aes_abstract_id\cache\Hacl.Spec.Bignum.Bigint.fst.checked.lax; will recheck C:/build/agent1/_work/2/s/hacl-star/code/bignum/Hacl.Spec.Bignum.Bigint.fst and all subsequent files
C:/build/agent1/_work/2/s/hacl-star/code/bignum/Hacl.Spec.Bignum.Fmul.fst(0,0-0,0): (Warning 241) Stale cache file ..\secure_api\out\runtime_switch\cache\Hacl.Spec.Bignum.Fmul.fst.checked.lax; will recheck C:/build/agent1/_work/2/s/hacl-star/code/bignum/Hacl.Spec.Bignum.Fmul.fst and all subsequent files
C:/build/agent1/_work/2/s/hacl-star/code/bignum/Hacl.Spec.Bignum.Fsum.fst(0,0-0,0): (Warning 241) Stale cache file ..\secure_api\out\hacl_aes_abstract_id\cache\Hacl.Spec.Bignum.Fsum.fst.checked.lax; will recheck C:/build/agent1/_work/2/s/hacl-star/code/bignum/Hacl.Spec.Bignum.Fsum.fst and all subsequent files
C:/build/agent1/_work/2/s/hacl-star/code/bignum/Hacl.Bignum.Fproduct.fst(0,0-0,0): (Warning 241) Stale cache file ..\secure_api\out\runtime_switch\cache\Hacl.Bignum.Fproduct.fst.checked.lax; will recheck C:/build/agent1/_work/2/s/hacl-star/code/bignum/Hacl.Bignum.Fproduct.fst and all subsequent files
Not extracting type definition TestLib.cycles to KreMLin (assumed type)
C:/build/agent1/_work/2/s/hacl-star/code/bignum/Hacl.Bignum.Fmul.fst(0,0-0,0): (Warning 241) Stale cache file ..\secure_api\out\runtime_switch\cache\Hacl.Bignum.Fmul.fst.checked.lax; will recheck C:/build/agent1/_work/2/s/hacl-star/code/bignum/Hacl.Bignum.Fmul.fst and all subsequent files
C:/build/agent1/_work/2/s/hacl-star/code/bignum/Hacl.Bignum.Fsum.fst(0,0-0,0): (Warning 241) Stale cache file ..\secure_api\out\vale_aes_abstract_id\cache\Hacl.Bignum.Fsum.fst.checked.lax; will recheck C:/build/agent1/_work/2/s/hacl-star/code/bignum/Hacl.Bignum.Fsum.fst and all subsequent files
C:/build/agent1/_work/2/s/hacl-star/code/bignum/Hacl.Bignum.Fsum.fst(0,0-0,0): (Warning 241) Stale cache file ..\secure_api\out\hacl_aes_abstract_id\cache\Hacl.Bignum.Fsum.fst.checked.lax; will recheck C:/build/agent1/_work/2/s/hacl-star/code/bignum/Hacl.Bignum.Fsum.fst and all subsequent files
C:/build/agent1/_work/2/s/hacl-star/code/bignum/Hacl.Spec.Bignum.Fproduct.fst(0,0-0,0): (Warning 241) Stale cache file ..\secure_api\out\hacl_aes_abstract_id\cache\Hacl.Spec.Bignum.Fproduct.fst.checked.lax; will recheck C:/build/agent1/_work/2/s/hacl-star/code/bignum/Hacl.Spec.Bignum.Fproduct.fst and all subsequent files
C:/build/agent1/_work/2/s/hacl-star/code/bignum/Hacl.Spec.Bignum.Fproduct.fst(0,0-0,0): (Warning 241) Stale cache file ..\secure_api\out\vale_aes_abstract_id\cache\Hacl.Spec.Bignum.Fproduct.fst.checked.lax; will recheck C:/build/agent1/_work/2/s/hacl-star/code/bignum/Hacl.Spec.Bignum.Fproduct.fst and all subsequent files
C:/build/agent1/_work/2/s/hacl-star/code/bignum/Hacl.Bignum.Fproduct.fst(0,0-0,0): (Warning 241) Stale cache file ..\secure_api\out\hacl_aes_abstract_id\cache\Hacl.Bignum.Fproduct.fst.checked.lax; will recheck C:/build/agent1/_work/2/s/hacl-star/code/bignum/Hacl.Bignum.Fproduct.fst and all subsequent files
C:/build/agent1/_work/2/s/hacl-star/code/bignum/Hacl.Spec.Bignum.Fmul.fst(0,0-0,0): (Warning 241) Stale cache file ..\secure_api\out\hacl_aes_abstract_id\cache\Hacl.Spec.Bignum.Fmul.fst.checked.lax; will recheck C:/build/agent1/_work/2/s/hacl-star/code/bignum/Hacl.Spec.Bignum.Fmul.fst and all subsequent files
C:/build/agent1/_work/2/s/hacl-star/code/bignum/Hacl.Bignum.Fproduct.fst(0,0-0,0): (Warning 241) Stale cache file ..\secure_api\out\vale_aes_abstract_id\cache\Hacl.Bignum.Fproduct.fst.checked.lax; will recheck C:/build/agent1/_work/2/s/hacl-star/code/bignum/Hacl.Bignum.Fproduct.fst and all subsequent files
C:/build/agent1/_work/2/s/hacl-star/code/bignum/Hacl.Bignum.Fmul.fst(0,0-0,0): (Warning 241) Stale cache file ..\secure_api\out\hacl_aes_abstract_id\cache\Hacl.Bignum.Fmul.fst.checked.lax; will recheck C:/build/agent1/_work/2/s/hacl-star/code/bignum/Hacl.Bignum.Fmul.fst and all subsequent files
C:/build/agent1/_work/2/s/hacl-star/code/bignum/Hacl.Spec.Bignum.Fmul.fst(0,0-0,0): (Warning 241) Stale cache file ..\secure_api\out\vale_aes_abstract_id\cache\Hacl.Spec.Bignum.Fmul.fst.checked.lax; will recheck C:/build/agent1/_work/2/s/hacl-star/code/bignum/Hacl.Spec.Bignum.Fmul.fst and all subsequent files
C:/build/agent1/_work/2/s/hacl-star/code/bignum/Hacl.Bignum.Fmul.fst(0,0-0,0): (Warning 241) Stale cache file ..\secure_api\out\vale_aes_abstract_id\cache\Hacl.Bignum.Fmul.fst.checked.lax; will recheck C:/build/agent1/_work/2/s/hacl-star/code/bignum/Hacl.Bignum.Fmul.fst and all subsequent files
Warning 10: : -drop is deprecated
use a combination of -bundle and -d reachability to make sure the functions are eliminated as you wish
Warning 6: in the definition of buf, after the definition of m0, in the last element of the sequence, in top-level declaration Crypto.Symmetric.Bytes.random_bytes, in file Crypto_Symmetric_Bytes: stack newbuf 0uint8 @1 is a non-constant size, stack-allocated array; this is not supported by CompCert and requires the use of alloca(3) for MSVC
Warning 10: : -drop is deprecated
use a combination of -bundle and -d reachability to make sure the functions are eliminated as you wish
Warning 2: in the definition of l0, in the definition of encodedlen, in top-level declaration Hacl.Impl.SHA2_512.pad, in file Crypto_HKDF_Crypto_HMAC: Reference to FStar.UInt128.mul_wide has no corresponding implementation; please provide a C implementation
Warning 2: in the definition of l0, in the definition of encodedlen, in top-level declaration Hacl.Impl.SHA2_384.pad, in file Crypto_HKDF_Crypto_HMAC: Reference to FStar.UInt128.mul_wide has no corresponding implementation; please provide a C implementation
Warning 6: in the definition of state, after the definition of pos_T, in the last element of the sequence, in top-level declaration Crypto.HKDF.hkdf_expand, in file Crypto_HKDF_Crypto_HMAC: stack newbuf 0uint8 (+,uint32) (+,uint32) @7 @3 @4 is a non-constant size, stack-allocated array; this is not supported by CompCert and requires the use of alloca(3) for MSVC
Warning 6: in the definition of state0, after the definition of h0, in the last element of the sequence, in top-level declaration Crypto.HMAC.hmac_part1, in file Crypto_HKDF_Crypto_HMAC: stack newbuf 0uint32 match @4 with | λ .  SHA256 () ->  137uint32 | λ .  SHA384 () ->  338uint32 | λ .  SHA512 () ->  338uint32 is a non-constant size, stack-allocated array; this is not supported by CompCert and requires the use of alloca(3) for MSVC
Warning 6: in the definition of state1, after the definition of h0, in the last element of the sequence, after the definition of hinit, in top-level declaration Crypto.HMAC.hmac_part2, in file Crypto_HKDF_Crypto_HMAC: stack newbuf 0uint32 match @5 with | λ .  SHA256 () ->  137uint32 | λ .  SHA384 () ->  338uint32 | λ .  SHA512 () ->  338uint32 is a non-constant size, stack-allocated array; this is not supported by CompCert and requires the use of alloca(3) for MSVC
Warning 6: in the definition of ipad, after the definition of h0, in the last element of the sequence, after the definition of h00, in top-level declaration Crypto.HMAC.hmac_core, in file Crypto_HKDF_Crypto_HMAC: stack newbuf 0x36uint8 Crypto.HMAC.block_size @6 is a non-constant size, stack-allocated array; this is not supported by CompCert and requires the use of alloca(3) for MSVC
Warning 6: in the definition of opad, after the definition of ipad, in the last element of the sequence, after the definition of h00, in top-level declaration Crypto.HMAC.hmac_core, in file Crypto_HKDF_Crypto_HMAC: stack newbuf 0x5cuint8 Crypto.HMAC.block_size @7 is a non-constant size, stack-allocated array; this is not supported by CompCert and requires the use of alloca(3) for MSVC
Warning 6: in the definition of nkey, in the last element of the sequence, in top-level declaration Crypto.HMAC.hmac, in file Crypto_HKDF_Crypto_HMAC: stack newbuf 0x00uint8 Crypto.HMAC.block_size @5 is a non-constant size, stack-allocated array; this is not supported by CompCert and requires the use of alloca(3) for MSVC
Warning 10: : -drop is deprecated
use a combination of -bundle and -d reachability to make sure the functions are eliminated as you wish
Warning 2: after the definition of yi, in the definition of f', in the last element of the sequence, after the definition of h0, in top-level declaration Hacl.Bignum.Fproduct.sum_scalar_multiplication_, in file Crypto_AEAD_Main_Crypto_Indexing: Reference to FStar.UInt128.mul_wide has no corresponding implementation; please provide a C implementation
Warning 6: in the definition of keyBuffer, after the definition of h0, in the last element of the sequence, after the definition of macId, in top-level declaration Crypto.Symmetric.PRF.prf_mac, in file Crypto_AEAD_Main_Crypto_Indexing: stack newbuf 0uint8 Crypto.Symmetric.UF1CMA.keylen @5 is a non-constant size, stack-allocated array; this is not supported by CompCert and requires the use of alloca(3) for MSVC
Warning 10: : -drop is deprecated
use a combination of -bundle and -d reachability to make sure the functions are eliminated as you wish
Warning 2: after the definition of yi, in the definition of f', in the last element of the sequence, after the definition of h0, in top-level declaration Hacl.Bignum.Fproduct.sum_scalar_multiplication_, in file Hacl_Impl_Poly1305_64_Hacl_Impl_Chacha20: Reference to FStar.UInt128.mul_wide has no corresponding implementation; please provide a C implementation
Warning 6: in top-level declaration Crypto.Plain.create, in file Crypto_AEAD_Main: stack newbuf @1 @0 is a non-constant size, stack-allocated array; this is not supported by CompCert and requires the use of alloca(3) for MSVC
Warning 6: in the definition of keyBuffer, after the definition of h0, in the last element of the sequence, after the definition of macId, in top-level declaration Crypto.Symmetric.PRF.prf_mac, in file Crypto_AEAD_Main: stack newbuf 0uint8 Crypto.Symmetric.UF1CMA.keylen @5 is a non-constant size, stack-allocated array; this is not supported by CompCert and requires the use of alloca(3) for MSVC
Warning 6: in the definition of cipher1, after the definition of cipherlen, in the last element of the sequence, in top-level declaration KrmlTest.test, in file KrmlTest: stack newbuf 0uint8 @0 is a non-constant size, stack-allocated array; this is not supported by CompCert and requires the use of alloca(3) for MSVC
Warning 6: in the definition of cipher1, after the definition of cipherlen, in the last element of the sequence, in top-level declaration KrmlTest.test_aes_gcm, in file KrmlTest: stack newbuf 2uint8 @0 is a non-constant size, stack-allocated array; this is not supported by CompCert and requires the use of alloca(3) for MSVC
Warning 6: in the definition of plain, after the definition of plainlen, in top-level declaration KrmlTest.test_aes_gcm_0, in file KrmlTest: stack newbuf 0uint8 @0 is a non-constant size, stack-allocated array; this is not supported by CompCert and requires the use of alloca(3) for MSVC
Warning 6: in the definition of aad, after the definition of aadlen, in top-level declaration KrmlTest.test_aes_gcm_0, in file KrmlTest: stack newbuf 0uint8 @0 is a non-constant size, stack-allocated array; this is not supported by CompCert and requires the use of alloca(3) for MSVC
Warning 6: in the definition of plain, after the definition of plainlen, in top-level declaration KrmlTest.test_aes_gcm_1, in file KrmlTest: stack newbuf 0uint8 @0 is a non-constant size, stack-allocated array; this is not supported by CompCert and requires the use of alloca(3) for MSVC
Warning 6: in the definition of aad, after the definition of aadlen, in top-level declaration KrmlTest.test_aes_gcm_1, in file KrmlTest: stack newbuf 0uint8 @0 is a non-constant size, stack-allocated array; this is not supported by CompCert and requires the use of alloca(3) for MSVC
Warning 6: in the definition of plain, after the definition of plainlen, in top-level declaration KrmlTest.test_aes_gcm_2, in file KrmlTest: stack newbuf 0uint8 @0 is a non-constant size, stack-allocated array; this is not supported by CompCert and requires the use of alloca(3) for MSVC
Warning 6: in the definition of aad, after the definition of aadlen, in top-level declaration KrmlTest.test_aes_gcm_2, in file KrmlTest: stack newbuf 0uint8 @0 is a non-constant size, stack-allocated array; this is not supported by CompCert and requires the use of alloca(3) for MSVC
Warning 6: in the definition of aad, after the definition of aadlen, in top-level declaration KrmlTest.test_aes_gcm_3, in file KrmlTest: stack newbuf 0uint8 @0 is a non-constant size, stack-allocated array; this is not supported by CompCert and requires the use of alloca(3) for MSVC
Warning 13: : C.exit_code, a monomorphic instance, is first used, and therefore inserted, in file C which is about to be dropped; you may get a C compiler error about C_exit_code if any other module uses this definition
Warning 7: : After inlining, Hacl.Bignum.Fproduct.copy_from_wide_ (going into Hacl_Impl_Poly1305_64_Hacl_Impl_Chacha20) calls FStar.UInt128.uint128_to_uint64 (going into FStar) -- removing the static qualifier from FStar.UInt128.uint128_to_uint64
Warning 7: : After inlining, Hacl.Bignum.Fproduct.sum_scalar_multiplication_ (going into Hacl_Impl_Poly1305_64_Hacl_Impl_Chacha20) calls FStar.UInt128.add_mod (going into FStar) -- removing the static qualifier from FStar.UInt128.add_mod
Warning 7: : After inlining, Hacl.Bignum.Fproduct.carry_wide_ (going into Hacl_Impl_Poly1305_64_Hacl_Impl_Chacha20) calls FStar.UInt128.shift_right (going into FStar) -- removing the static qualifier from FStar.UInt128.shift_right
Warning 7: : After inlining, Hacl.Bignum.Fproduct.carry_wide_ (going into Hacl_Impl_Poly1305_64_Hacl_Impl_Chacha20) calls FStar.UInt128.uint64_to_uint128 (going into FStar) -- removing the static qualifier from FStar.UInt128.uint64_to_uint128
Warning 7: : After inlining, Hacl.Bignum.Fproduct.carry_wide_ (going into Hacl_Impl_Poly1305_64_Hacl_Impl_Chacha20) calls FStar.UInt128.add (going into FStar) -- removing the static qualifier from FStar.UInt128.add
Warning 7: : After inlining, Hacl.Bignum.Modulo.carry_top_wide (going into Hacl_Impl_Poly1305_64_Hacl_Impl_Chacha20) calls FStar.UInt128.logand (going into FStar) -- removing the static qualifier from FStar.UInt128.logand
Warning 7: : After inlining, Hacl.Impl.Poly1305_64.poly1305_encode_r (going into Hacl_Impl_Poly1305_64_Hacl_Impl_Chacha20) calls FStar.UInt128.shift_left (going into FStar) -- removing the static qualifier from FStar.UInt128.shift_left
Warning 7: : After inlining, Hacl.Impl.Poly1305_64.poly1305_encode_r (going into Hacl_Impl_Poly1305_64_Hacl_Impl_Chacha20) calls FStar.UInt128.logor (going into FStar) -- removing the static qualifier from FStar.UInt128.logor
Warning 7: : After inlining, Hacl.Impl.Poly1305_64.poly1305_last_pass_ (going into Hacl_Impl_Poly1305_64_Hacl_Impl_Chacha20) calls FStar.UInt64.gte_mask (going into FStar) -- removing the static qualifier from FStar.UInt64.gte_mask
Warning 7: : After inlining, Hacl.Impl.Poly1305_64.poly1305_last_pass_ (going into Hacl_Impl_Poly1305_64_Hacl_Impl_Chacha20) calls FStar.UInt64.eq_mask (going into FStar) -- removing the static qualifier from FStar.UInt64.eq_mask
Warning 7: : After inlining, Crypto.Symmetric.Bytes.uint128_to_uint8 (going into Crypto_AEAD_Main) calls FStar.Int.Cast.Full.uint128_to_uint64 (going into FStar) -- removing the static qualifier from FStar.Int.Cast.Full.uint128_to_uint64
Warning 7: : After inlining, FStar.Seq.Base.createEmpty__uint8_t (going into Crypto_AEAD_Main) calls FStar.Seq.Base.seq__uint8_t (going into Hacl_Impl_Poly1305_64_Hacl_Impl_Chacha20) -- removing the static qualifier from FStar.Seq.Base.seq__uint8_t
Warning 7: : After inlining, FStar.Seq.Base.createEmpty__uint8_t (going into Crypto_AEAD_Main) calls Prims.list__uint8_t_tags (going into Hacl_Impl_Poly1305_64_Hacl_Impl_Chacha20) -- removing the static qualifier from Prims.list__uint8_t_tags
Warning 7: : After inlining, FStar.Seq.Base.create__uint8_t (going into Crypto_AEAD_Main) calls Prims.op_Subtraction (going into Prims) -- removing the static qualifier from Prims.op_Subtraction
Warning 7: : After inlining, Crypto.Symmetric.GF128.gf128_add (going into Crypto_AEAD_Main) calls FStar.UInt128.logxor (going into FStar) -- removing the static qualifier from FStar.UInt128.logxor
Warning 7: : After inlining, Crypto.Symmetric.GF128.gf128_shift_reduce (going into Crypto_AEAD_Main) calls FStar.UInt128.eq_mask (going into FStar) -- removing the static qualifier from FStar.UInt128.eq_mask
Warning 7: : After inlining, Crypto.Symmetric.MAC.update (going into Crypto_AEAD_Main) calls Hacl.Impl.Poly1305_64.State.poly1305_state (going into Hacl_Impl_Poly1305_64_Hacl_Impl_Chacha20) -- removing the static qualifier from Hacl.Impl.Poly1305_64.State.poly1305_state
Warning 8: : After inlining, Crypto.Symmetric.MAC.update (going into Crypto_AEAD_Main) calls Hacl.Impl.Poly1305_64.poly1305_update (going into Hacl_Impl_Poly1305_64_Hacl_Impl_Chacha20). This is a call across translation units but Hacl.Impl.Poly1305_64.poly1305_update has a C "inline" qualifier. The C standard allows removing Hacl.Impl.Poly1305_64.poly1305_update from its translation unit (see C11 6.7.3 §5), and CompCert will do it. 
Warning 7: : After inlining, Crypto.Symmetric.MAC.finish (going into Crypto_AEAD_Main) calls C.Nullity.null (going into C_Nullity) -- removing the static qualifier from C.Nullity.null
Warning 8: : After inlining, Crypto.Symmetric.MAC.finish (going into Crypto_AEAD_Main) calls Hacl.Impl.Poly1305_64.poly1305_process_last_block (going into Hacl_Impl_Poly1305_64_Hacl_Impl_Chacha20). This is a call across translation units but Hacl.Impl.Poly1305_64.poly1305_process_last_block has a C "inline" qualifier. The C standard allows removing Hacl.Impl.Poly1305_64.poly1305_process_last_block from its translation unit (see C11 6.7.3 §5), and CompCert will do it. 
Warning 8: : After inlining, Crypto.Symmetric.Cipher.compute (going into Crypto_AEAD_Main) calls Hacl.Impl.Chacha20.setup (going into Hacl_Impl_Poly1305_64_Hacl_Impl_Chacha20). This is a call across translation units but Hacl.Impl.Chacha20.setup has a C "inline" qualifier. The C standard allows removing Hacl.Impl.Chacha20.setup from its translation unit (see C11 6.7.3 §5), and CompCert will do it. 
Warning 8: : After inlining, Crypto.Symmetric.Cipher.compute (going into Crypto_AEAD_Main) calls Hacl.Impl.Chacha20.copy_state (going into Hacl_Impl_Poly1305_64_Hacl_Impl_Chacha20). This is a call across translation units but Hacl.Impl.Chacha20.copy_state has a C "inline" qualifier. The C standard allows removing Hacl.Impl.Chacha20.copy_state from its translation unit (see C11 6.7.3 §5), and CompCert will do it. 
Warning 8: : After inlining, Crypto.Symmetric.Cipher.compute (going into Crypto_AEAD_Main) calls Hacl.Impl.Chacha20.rounds (going into Hacl_Impl_Poly1305_64_Hacl_Impl_Chacha20). This is a call across translation units but Hacl.Impl.Chacha20.rounds has a C "inline" qualifier. The C standard allows removing Hacl.Impl.Chacha20.rounds from its translation unit (see C11 6.7.3 §5), and CompCert will do it. 
Warning 8: : After inlining, Crypto.Symmetric.Cipher.compute (going into Crypto_AEAD_Main) calls Hacl.Impl.Chacha20.sum_states (going into Hacl_Impl_Poly1305_64_Hacl_Impl_Chacha20). This is a call across translation units but Hacl.Impl.Chacha20.sum_states has a C "inline" qualifier. The C standard allows removing Hacl.Impl.Chacha20.sum_states from its translation unit (see C11 6.7.3 §5), and CompCert will do it. 
Warning 7: : After inlining, Crypto.Symmetric.Cipher.compute (going into Crypto_AEAD_Main) calls Hacl.Lib.LoadStore32.uint32s_to_le_bytes (going into Hacl_Impl_Poly1305_64_Hacl_Impl_Chacha20) -- removing the static qualifier from Hacl.Lib.LoadStore32.uint32s_to_le_bytes
Warning 7: : After inlining, Crypto.Symmetric.PRF.gen (going into Crypto_AEAD_Main) calls FStar.UInt32.v (going into FStar) -- removing the static qualifier from FStar.UInt32.v
Warning 7: : After inlining, Crypto.AEAD.Invariant.maxplain (going into Crypto_AEAD_Main) calls Prims.pow2 (going into Prims) -- removing the static qualifier from Prims.pow2
Warning 7: : After inlining, Crypto.AEAD.Invariant.safelen (going into Crypto_AEAD_Main) calls Prims.op_Multiply (going into Prims) -- removing the static qualifier from Prims.op_Multiply
Warning 7: : After inlining, Crypto.AEAD.Invariant.safelen (going into Crypto_AEAD_Main) calls Prims.op_LessThanOrEqual (going into Prims) -- removing the static qualifier from Prims.op_LessThanOrEqual
Warning 7: : After inlining, Crypto.AEAD.Invariant.safelen (going into Crypto_AEAD_Main) calls Prims.op_Addition (going into Prims) -- removing the static qualifier from Prims.op_Addition
Warning 7: : After inlining, KrmlTest.test (going into KrmlTest) calls Crypto.Indexing.id (going into Crypto_AEAD_Main) -- removing the static qualifier from Crypto.Indexing.id
Warning 7: : After inlining, KrmlTest.test (going into KrmlTest) calls Crypto.Indexing.aeadAlg (going into Crypto_AEAD_Main) -- removing the static qualifier from Crypto.Indexing.aeadAlg
Warning 7: : After inlining, KrmlTest.test (going into KrmlTest) calls Crypto.Indexing.testId (going into Crypto_AEAD_Main) -- removing the static qualifier from Crypto.Indexing.testId
Warning 7: : After inlining, KrmlTest.test (going into KrmlTest) calls Crypto.Plain.unsafe_hide_buffer (going into Crypto_AEAD_Main) -- removing the static qualifier from Crypto.Plain.unsafe_hide_buffer
Warning 7: : After inlining, KrmlTest.test (going into KrmlTest) calls Crypto.Symmetric.Bytes.load_bytes (going into Crypto_AEAD_Main) -- removing the static qualifier from Crypto.Symmetric.Bytes.load_bytes
Warning 7: : After inlining, KrmlTest.test (going into KrmlTest) calls Crypto.Symmetric.Bytes.load_uint128 (going into Crypto_AEAD_Main) -- removing the static qualifier from Crypto.Symmetric.Bytes.load_uint128
Warning 7: : After inlining, KrmlTest.test (going into KrmlTest) calls Crypto.AEAD.Invariant.aead_state (going into Crypto_AEAD_Main) -- removing the static qualifier from Crypto.AEAD.Invariant.aead_state
Warning 7: : After inlining, KrmlTest.test (going into KrmlTest) calls Crypto.Plain.bufferRepr (going into Crypto_AEAD_Main) -- removing the static qualifier from Crypto.Plain.bufferRepr
Warning 7: : After inlining, Flag.cipher_prf (going into Flag) calls Crypto.Indexing.cipherAlg (going into Crypto_AEAD_Main) -- removing the static qualifier from Crypto.Indexing.cipherAlg
Warning 7: : After inlining, Flag.mac_int1cma (going into Flag) calls Crypto.Indexing.macAlg (going into Crypto_AEAD_Main) -- removing the static qualifier from Crypto.Indexing.macAlg
Warning 10: : -drop is deprecated
use a combination of -bundle and -d reachability to make sure the functions are eliminated as you wish
Warning 6: in the definition of buf, after the definition of m0, in the last element of the sequence, in top-level declaration Crypto.Symmetric.Bytes.random_bytes, in file Crypto_Symmetric_Bytes: stack newbuf 0uint8 @1 is a non-constant size, stack-allocated array; this is not supported by CompCert and requires the use of alloca(3) for MSVC
Warning 10: : -drop is deprecated
use a combination of -bundle and -d reachability to make sure the functions are eliminated as you wish
Warning 2: in the definition of l0, in the definition of encodedlen, in top-level declaration Hacl.Impl.SHA2_512.pad, in file Crypto_HKDF_Crypto_HMAC: Reference to FStar.UInt128.mul_wide has no corresponding implementation; please provide a C implementation
Warning 2: in the definition of l0, in the definition of encodedlen, in top-level declaration Hacl.Impl.SHA2_384.pad, in file Crypto_HKDF_Crypto_HMAC: Reference to FStar.UInt128.mul_wide has no corresponding implementation; please provide a C implementation
Warning 6: in the definition of state, after the definition of pos_T, in the last element of the sequence, in top-level declaration Crypto.HKDF.hkdf_expand, in file Crypto_HKDF_Crypto_HMAC: stack newbuf 0uint8 (+,uint32) (+,uint32) @7 @3 @4 is a non-constant size, stack-allocated array; this is not supported by CompCert and requires the use of alloca(3) for MSVC
Warning 6: in the definition of state0, after the definition of h0, in the last element of the sequence, in top-level declaration Crypto.HMAC.hmac_part1, in file Crypto_HKDF_Crypto_HMAC: stack newbuf 0uint32 match @4 with | λ .  SHA256 () ->  137uint32 | λ .  SHA384 () ->  338uint32 | λ .  SHA512 () ->  338uint32 is a non-constant size, stack-allocated array; this is not supported by CompCert and requires the use of alloca(3) for MSVC
Warning 6: in the definition of state1, after the definition of h0, in the last element of the sequence, after the definition of hinit, in top-level declaration Crypto.HMAC.hmac_part2, in file Crypto_HKDF_Crypto_HMAC: stack newbuf 0uint32 match @5 with | λ .  SHA256 () ->  137uint32 | λ .  SHA384 () ->  338uint32 | λ .  SHA512 () ->  338uint32 is a non-constant size, stack-allocated array; this is not supported by CompCert and requires the use of alloca(3) for MSVC
Warning 6: in the definition of ipad, after the definition of h0, in the last element of the sequence, after the definition of h00, in top-level declaration Crypto.HMAC.hmac_core, in file Crypto_HKDF_Crypto_HMAC: stack newbuf 0x36uint8 Crypto.HMAC.block_size @6 is a non-constant size, stack-allocated array; this is not supported by CompCert and requires the use of alloca(3) for MSVC
Warning 6: in the definition of opad, after the definition of ipad, in the last element of the sequence, after the definition of h00, in top-level declaration Crypto.HMAC.hmac_core, in file Crypto_HKDF_Crypto_HMAC: stack newbuf 0x5cuint8 Crypto.HMAC.block_size @7 is a non-constant size, stack-allocated array; this is not supported by CompCert and requires the use of alloca(3) for MSVC
Warning 6: in the definition of nkey, in the last element of the sequence, in top-level declaration Crypto.HMAC.hmac, in file Crypto_HKDF_Crypto_HMAC: stack newbuf 0x00uint8 Crypto.HMAC.block_size @5 is a non-constant size, stack-allocated array; this is not supported by CompCert and requires the use of alloca(3) for MSVC
Warning 10: : -drop is deprecated
use a combination of -bundle and -d reachability to make sure the functions are eliminated as you wish
Warning 2: after the definition of yi, in the definition of f', in the last element of the sequence, after the definition of h0, in top-level declaration Hacl.Bignum.Fproduct.sum_scalar_multiplication_, in file Crypto_AEAD_Main: Reference to FStar.UInt128.mul_wide has no corresponding implementation; please provide a C implementation
Warning 6: in the definition of keyBuffer, after the definition of h0, in the last element of the sequence, after the definition of macId, in top-level declaration Crypto.Symmetric.PRF.prf_mac, in file Crypto_AEAD_Main: stack newbuf 0uint8 Crypto.Symmetric.UF1CMA.keylen @5 is a non-constant size, stack-allocated array; this is not supported by CompCert and requires the use of alloca(3) for MSVC
Warning 10: : -drop is deprecated
use a combination of -bundle and -d reachability to make sure the functions are eliminated as you wish
Warning 6: in the definition of buf, after the definition of m0, in the last element of the sequence, in top-level declaration Crypto.Symmetric.Bytes.random_bytes, in file Crypto_Symmetric_Bytes: stack newbuf 0uint8 @1 is a non-constant size, stack-allocated array; this is not supported by CompCert and requires the use of alloca(3) for MSVC
Warning 10: : -drop is deprecated
use a combination of -bundle and -d reachability to make sure the functions are eliminated as you wish
Warning 2: in the definition of l0, in the definition of encodedlen, in top-level declaration Hacl.Impl.SHA2_512.pad, in file Crypto_HKDF_Crypto_HMAC: Reference to FStar.UInt128.mul_wide has no corresponding implementation; please provide a C implementation
Warning 2: in the definition of l0, in the definition of encodedlen, in top-level declaration Hacl.Impl.SHA2_384.pad, in file Crypto_HKDF_Crypto_HMAC: Reference to FStar.UInt128.mul_wide has no corresponding implementation; please provide a C implementation
Warning 6: in the definition of state, after the definition of pos_T, in the last element of the sequence, in top-level declaration Crypto.HKDF.hkdf_expand, in file Crypto_HKDF_Crypto_HMAC: stack newbuf 0uint8 (+,uint32) (+,uint32) @7 @3 @4 is a non-constant size, stack-allocated array; this is not supported by CompCert and requires the use of alloca(3) for MSVC
Warning 6: in the definition of state0, after the definition of h0, in the last element of the sequence, in top-level declaration Crypto.HMAC.hmac_part1, in file Crypto_HKDF_Crypto_HMAC: stack newbuf 0uint32 match @4 with | λ .  SHA256 () ->  137uint32 | λ .  SHA384 () ->  338uint32 | λ .  SHA512 () ->  338uint32 is a non-constant size, stack-allocated array; this is not supported by CompCert and requires the use of alloca(3) for MSVC
Warning 6: in the definition of state1, after the definition of h0, in the last element of the sequence, after the definition of hinit, in top-level declaration Crypto.HMAC.hmac_part2, in file Crypto_HKDF_Crypto_HMAC: stack newbuf 0uint32 match @5 with | λ .  SHA256 () ->  137uint32 | λ .  SHA384 () ->  338uint32 | λ .  SHA512 () ->  338uint32 is a non-constant size, stack-allocated array; this is not supported by CompCert and requires the use of alloca(3) for MSVC
Warning 6: in the definition of ipad, after the definition of h0, in the last element of the sequence, after the definition of h00, in top-level declaration Crypto.HMAC.hmac_core, in file Crypto_HKDF_Crypto_HMAC: stack newbuf 0x36uint8 Crypto.HMAC.block_size @6 is a non-constant size, stack-allocated array; this is not supported by CompCert and requires the use of alloca(3) for MSVC
Warning 6: in the definition of opad, after the definition of ipad, in the last element of the sequence, after the definition of h00, in top-level declaration Crypto.HMAC.hmac_core, in file Crypto_HKDF_Crypto_HMAC: stack newbuf 0x5cuint8 Crypto.HMAC.block_size @7 is a non-constant size, stack-allocated array; this is not supported by CompCert and requires the use of alloca(3) for MSVC
Warning 6: in the definition of nkey, in the last element of the sequence, in top-level declaration Crypto.HMAC.hmac, in file Crypto_HKDF_Crypto_HMAC: stack newbuf 0x00uint8 Crypto.HMAC.block_size @5 is a non-constant size, stack-allocated array; this is not supported by CompCert and requires the use of alloca(3) for MSVC
Warning 10: : -drop is deprecated
use a combination of -bundle and -d reachability to make sure the functions are eliminated as you wish
Warning 2: after the definition of yi, in the definition of f', in the last element of the sequence, after the definition of h0, in top-level declaration Hacl.Bignum.Fproduct.sum_scalar_multiplication_, in file Crypto_AEAD_Main: Reference to FStar.UInt128.mul_wide has no corresponding implementation; please provide a C implementation
Warning 6: in the definition of keyBuffer, after the definition of h0, in the last element of the sequence, after the definition of macId, in top-level declaration Crypto.Symmetric.PRF.prf_mac, in file Crypto_AEAD_Main: stack newbuf 0uint8 Crypto.Symmetric.UF1CMA.keylen @5 is a non-constant size, stack-allocated array; this is not supported by CompCert and requires the use of alloca(3) for MSVC
ffi.c:1:0: warning: -fPIC ignored for target (all code is position independent)
#include <stdio.h>
^
ffi.c: In function ‘FFI_mitls_quic_process_caml’:
ffi.c:984:13: warning: unused variable ‘errorcode’ [-Wunused-variable]
int errorcode = Int_val(Field(result, 1));
^
ffi.c:1:0: warning: -fPIC ignored for target (all code is position independent)
#include <stdio.h>
^
ffi.c: In function ‘FFI_mitls_quic_process_caml’:
ffi.c:984:13: warning: unused variable ‘errorcode’ [-Wunused-variable]
int errorcode = Int_val(Field(result, 1));
^
StatefulPlain.fst(75,0-75,5): (Warning 307) logic qualifier is deprecated, please remove it from the source program. In case your program verifies with the qualifier annotated but not without it, please try to minimize the example and file a github issue
StatefulPlain.fst(80,0-80,5): (Warning 307) logic qualifier is deprecated, please remove it from the source program. In case your program verifies with the qualifier annotated but not without it, please try to minimize the example and file a github issue
StatefulPlain.fst(75,0-75,5): (Warning 307) logic qualifier is deprecated, please remove it from the source program. In case your program verifies with the qualifier annotated but not without it, please try to minimize the example and file a github issue
StatefulPlain.fst(80,0-80,5): (Warning 307) logic qualifier is deprecated, please remove it from the source program. In case your program verifies with the qualifier annotated but not without it, please try to minimize the example and file a github issue
make[1]: *** No rule to make target 'C:/build/agent1/_work/2/s/hacl-star/providers/out/evercrypt.cmxa', needed by 'mitls.exe'.
Unable to open hints file: hints/prims.fst.hints; ran without hints
Unable to open hints file: hints/prims.fst.hints; ran without hints
Unable to open hints file: hints/Flags.fst.hints; ran without hints
Unable to open hints file: hints/CryptoTypes.fst.hints; ran without hints
Unable to open hints file: hints/DebugFlags.fst.hints; ran without hints
Unable to open hints file: hints/Specializations.Providers.AEAD.fst.hints; ran without hints
Unable to open hints file: hints/CryptoTypes.fst.hints; ran without hints
Unable to open hints file: hints/Flags.fst.hints; ran without hints
Unable to open hints file: hints/DebugFlags.fst.hints; ran without hints
Unable to open hints file: hints/Specializations.Providers.AEAD.fst.hints; ran without hints
Not extracting FStar.Exn.raise to KreMLin (polymorphic assumes are not supported)
Not extracting type definition FStar.Ghost.erased to KreMLin (assumed type)
Not extracting type definition FStar.Date.dateTime to KreMLin (assumed type)
Not extracting type definition FStar.Date.timeSpan to KreMLin (assumed type)
Not extracting type definition FStar.Float.float to KreMLin (assumed type)
Not extracting type definition FStar.Monotonic.Witnessed.get to KreMLin (assumed type)
Not extracting type definition FStar.Monotonic.Witnessed.set to KreMLin (assumed type)
Not extracting FStar.ST.gst_witness to KreMLin (polymorphic assumes are not supported)
Not extracting FStar.ST.gst_recall to KreMLin (polymorphic assumes are not supported)
Not extracting FStar.All.pipe_right to KreMLin (polymorphic assumes are not supported)
Not extracting FStar.All.pipe_left to KreMLin (polymorphic assumes are not supported)
Not extracting FStar.All.exit to KreMLin (polymorphic assumes are not supported)
Not extracting FStar.All.try_with to KreMLin (polymorphic assumes are not supported)
Not extracting exception Failure to KreMLin (exceptions unsupported)
Not extracting FStar.All.failwith to KreMLin (polymorphic assumes are not supported)
Not extracting type definition FStar.Dyn.dyn to KreMLin (assumed type)
Not extracting FStar.Dyn.mkdyn to KreMLin (polymorphic assumes are not supported)
Not extracting FStar.Dyn.undyn to KreMLin (polymorphic assumes are not supported)
Not extracting exception EOF to KreMLin (exceptions unsupported)
Not extracting type definition FStar.IO.fd_read to KreMLin (assumed type)
Not extracting type definition FStar.IO.fd_write to KreMLin (assumed type)
Not extracting FStar.IO.print_any to KreMLin (polymorphic assumes are not supported)
<dummy>(0,0-0,0): (Warning 250) Error while extracting FStar.List.filter_map to KreMLin (Failure("Internal error: name not found filter_map_acc\n"))

<dummy>(0,0-0,0): (Warning 250) Error while extracting FStar.List.index to KreMLin (Failure("Internal error: name not found index1\n"))

Unable to open hints file: hints/Spec.Loops.fst.hints; ran without hints
Not extracting FStar.HyperStack.ST.gst_witness to KreMLin (polymorphic assumes are not supported)
Not extracting FStar.HyperStack.ST.gst_recall to KreMLin (polymorphic assumes are not supported)
Unable to open hints file: hints/Spec.Loops.fst.hints; ran without hints
Not extracting FStar.HyperStack.All.pipe_right to KreMLin (polymorphic assumes are not supported)
Not extracting FStar.HyperStack.All.pipe_left to KreMLin (polymorphic assumes are not supported)
Not extracting FStar.HyperStack.All.failwith to KreMLin (polymorphic assumes are not supported)
Not extracting FStar.HyperStack.All.exit to KreMLin (polymorphic assumes are not supported)
Not extracting FStar.HyperStack.All.try_with to KreMLin (polymorphic assumes are not supported)
Unable to open hints file: C:\build\agent1\_work\2\s\kremlin\kremlib\FStar.Kremlin.Endianness.fst.hints; ran without hints
Unable to open hints file: hints/TLSError.fst.hints; ran without hints
Not extracting type definition FStar.Char.char to KreMLin (assumed type)
Unable to open hints file: hints/Hashing.Spec.fst.hints; ran without hints
Unable to open hints file: hints/HaclProvider.fst.hints; ran without hints
Unable to open hints file: hints/CoreCrypto.fst.hints; ran without hints
Unable to open hints file: hints/TLSError.fst.hints; ran without hints
Unable to open hints file: hints/EverCrypt.Bytes.fsti.hints; ran without hints
Unable to open hints file: hints/FFICallbacks.fst.hints; ran without hints
Unable to open hints file: hints/Hashing.Flags.fst.hints; ran without hints
Unable to open hints file: C:\build\agent1\_work\2\s\kremlin\kremlib\FStar.Kremlin.Endianness.fst.hints; ran without hints
Unable to open hints file: hints/Hashing.OpenSSL.fst.hints; ran without hints
Unable to open hints file: hints/TLS.Curve25519.fst.hints; ran without hints
Unable to open hints file: hints/BufferBytes.fsti.hints; ran without hints
Unable to open hints file: hints/C.Endianness.fst.hints; ran without hints
Unable to open hints file: hints/HaclProvider.fst.hints; ran without hints
Unable to open hints file: C:\build\agent1\_work\2\s\src\tls\FStar.Test.fst.hints; ran without hints
Not extracting type definition FStar.Bytes.bytes to KreMLin (assumed type)
Parse.fst(39,60-39,77): (Warning 288) FStar.Monotonic.HyperStack.is_eternal_region is deprecated, use FStar.HyperStack.ST.is_eternal_region instead
Parse.fst(39,104-39,121): (Warning 288) FStar.Monotonic.HyperStack.is_eternal_region is deprecated, use FStar.HyperStack.ST.is_eternal_region instead
Unable to open hints file: hints/Parse.fst.hints; ran without hints
Parse.fst(44,0-44,63): (Warning 272) Top-level let-bindings must be total; this term may have effects
Parse.fst(46,0-47,25): (Warning 272) Top-level let-bindings must be total; this term may have effects
Unable to open hints file: hints/Transport.fst.hints; ran without hints
Unable to open hints file: hints/Hashing.Spec.fst.hints; ran without hints
Unable to open hints file: hints/CoreCrypto.fst.hints; ran without hints
Unable to open hints file: hints/FFICallbacks.fst.hints; ran without hints
Unable to open hints file: hints/Hashing.fst.hints; ran without hints
Unable to open hints file: hints/C.Loops.fst.hints; ran without hints
Unable to open hints file: hints/EverCrypt.Bytes.fsti.hints; ran without hints
Unable to open hints file: hints/C.fst.hints; ran without hints
Unable to open hints file: hints/BufferBytes.fsti.hints; ran without hints
Unable to open hints file: hints/Transport.fst.hints; ran without hints
Unable to open hints file: hints/DHGroup.fst.hints; ran without hints
Unable to open hints file: hints/C.Endianness.fst.hints; ran without hints
Not extracting type definition CoreCrypto.hash_ctx to KreMLin (assumed type)
Not extracting type definition CoreCrypto.cipher_stream to KreMLin (assumed type)
Unable to open hints file: hints/Hashing.OpenSSL.fst.hints; ran without hints
Unable to open hints file: hints/CommonDH.fsti.hints; ran without hints
Unable to open hints file: hints/ECGroup.fst.hints; ran without hints
File "extract/OCaml/TLS_Curve25519.ml", line 9, characters 33-55:
Error: Unbound module EverCrypt_Bytes
make[1]: *** [Makefile.OCaml:158: extract/OCaml/TLS_Curve25519.cmx] Error 2
Unable to open hints file: hints/C.Loops.fst.hints; ran without hints
Unable to open hints file: hints/Hashing.Flags.fst.hints; ran without hints
Unable to open hints file: hints/TLS.Curve25519.fst.hints; ran without hints
Unable to open hints file: hints/Buffer.Utils.fst.hints; ran without hints
Unable to open hints file: hints/Test.AEAD.fst.hints; ran without hints
File "extract/OCaml/C_Loops.ml", line 118, characters 10-45:
Warning 21: this statement never returns (or has an unsound type.)
File "extract/OCaml/C_Loops.ml", line 138, characters 12-47:
Warning 21: this statement never returns (or has an unsound type.)
File "extract/OCaml/C_Loops.ml", line 152, characters 8-43:
Warning 21: this statement never returns (or has an unsound type.)
File "extract/OCaml/C_Loops.ml", line 170, characters 10-45:
Warning 21: this statement never returns (or has an unsound type.)
File "extract/OCaml/C_Loops.ml", line 191, characters 12-47:
Warning 21: this statement never returns (or has an unsound type.)
File "extract/OCaml/C_Loops.ml", line 211, characters 14-49:
Warning 21: this statement never returns (or has an unsound type.)
Unable to open hints file: hints/Test.BufferBytes.fst.hints; ran without hints
Not extracting type definition FStar.Tcp.networkStream to KreMLin (assumed type)
Not extracting type definition FStar.Tcp.tcpListener to KreMLin (assumed type)
Parse.fst(39,60-39,77): (Warning 288) FStar.Monotonic.HyperStack.is_eternal_region is deprecated, use FStar.HyperStack.ST.is_eternal_region instead
Parse.fst(39,104-39,121): (Warning 288) FStar.Monotonic.HyperStack.is_eternal_region is deprecated, use FStar.HyperStack.ST.is_eternal_region instead
Unable to open hints file: hints/Parse.fst.hints; ran without hints
Parse.fst(44,0-44,63): (Warning 272) Top-level let-bindings must be total; this term may have effects
Parse.fst(46,0-47,25): (Warning 272) Top-level let-bindings must be total; this term may have effects
Unable to open hints file: hints/C.fst.hints; ran without hints
Unable to open hints file: C:\build\agent1\_work\2\s\src\tls\FStar.Test.fst.hints; ran without hints
Unable to open hints file: hints/Hashing.fst.hints; ran without hints
Not extracting type definition Hashing.OpenSSL.hash_ctx to KreMLin (assumed type)
Unable to open hints file: hints/CommonDH.fsti.hints; ran without hints
Unable to open hints file: hints/CommonDH.fst.hints; ran without hints
CommonDH.fst(111,0-111,44): (Warning 272) Top-level let-bindings must be total; this term may have effects
CommonDH.fst(115,9-119,7): (Warning 272) Top-level let-bindings must be total; this term may have effects
Unable to open hints file: hints/Test.AEAD.fst.hints; ran without hints
Not extracting type definition C.channel to KreMLin (assumed type)
Not extracting type definition C.intptr_t to KreMLin (assumed type)
Not extracting type definition C.char to KreMLin (assumed type)
Not extracting type definition C.int to KreMLin (assumed type)
Not extracting type definition C.clock_t to KreMLin (assumed type)
Unable to open hints file: hints/Buffer.Utils.fst.hints; ran without hints
Unable to open hints file: hints/Crypto.Symmetric.Bytes.fst.hints; ran without hints
Unable to open hints file: hints/DHGroup.fst.hints; ran without hints
Unable to open hints file: hints/ECGroup.fst.hints; ran without hints
Unable to open hints file: hints/Test.BufferBytes.fst.hints; ran without hints
<dummy>(0,0-0,0): (Warning 250) Error while extracting FStar.Printf.parse_format to KreMLin (Failure("todo: translate_pat [MLP_Const]"))

<dummy>(0,0-0,0): (Warning 250) Error while extracting FStar.Printf.sprintf to KreMLin (Failure("todo: translate_pat [MLP_Const]"))

<dummy>(0,0-0,0): (Warning 250) Error while extracting FStar.Printf.ext_sprintf to KreMLin (Failure("todo: translate_pat [MLP_Const]"))

<dummy>(0,0-0,0): (Warning 250) Error while extracting FStar.Printf.parse_something to KreMLin (Failure("todo: translate_pat [MLP_Const]"))

<dummy>(0,0-0,0): (Warning 250) Error while extracting FStar.Printf.my_sprintf to KreMLin (Failure("todo: translate_pat [MLP_Const]"))

Unable to open hints file: hints/TLSConstants.fst.hints; ran without hints
Unable to open hints file: hints/RSAKey.fst.hints; ran without hints
Unable to open hints file: hints/HMAC.fst.hints; ran without hints
Unable to open hints file: hints/Crypto.Symmetric.Bytes.fst.hints; ran without hints
Unable to open hints file: hints/Nonce.fst.hints; ran without hints
Nonce.fst(50,0-51,13): (Warning 272) Top-level let-bindings must be total; this term may have effects
Unable to open hints file: hints/Hashing.CRF.fst.hints; ran without hints
Hashing.CRF.fst(31,8-31,85): (Warning 272) Top-level let-bindings must be total; this term may have effects
Unable to open hints file: hints/PKI.fsti.hints; ran without hints
Unable to open hints file: hints/PSK.fst.hints; ran without hints
PSK.fst(28,8-28,54): (Warning 272) Top-level let-bindings must be total; this term may have effects
PSK.fst(29,8-30,13): (Warning 272) Top-level let-bindings must be total; this term may have effects
PSK.fst(38,8-39,13): (Warning 272) Top-level let-bindings must be total; this term may have effects
PSK.fst(79,8-79,57): (Warning 272) Top-level let-bindings must be total; this term may have effects
PSK.fst(80,8-81,13): (Warning 272) Top-level let-bindings must be total; this term may have effects
Unable to open hints file: hints/Test.CommonDH.fst.hints; ran without hints
Unable to open hints file: hints/CommonDH.fst.hints; ran without hints
CommonDH.fst(111,0-111,44): (Warning 272) Top-level let-bindings must be total; this term may have effects
CommonDH.fst(115,9-119,7): (Warning 272) Top-level let-bindings must be total; this term may have effects
Unable to open hints file: hints/Test.TLSConstants.fst.hints; ran without hints
Unable to open hints file: hints/PMS.fst.hints; ran without hints
Unable to open hints file: hints/HKDF.fst.hints; ran without hints
Unable to open hints file: hints/Extensions.fsti.hints; ran without hints
Unable to open hints file: hints/TLSConstants.fst.hints; ran without hints
Unable to open hints file: hints/TLSInfoFlags.fst.hints; ran without hints
Unable to open hints file: hints/RSAKey.fst.hints; ran without hints
Unable to open hints file: hints/Nonce.fst.hints; ran without hints
Nonce.fst(50,0-51,13): (Warning 272) Top-level let-bindings must be total; this term may have effects
Unable to open hints file: hints/Hashing.CRF.fst.hints; ran without hints
Hashing.CRF.fst(31,8-31,85): (Warning 272) Top-level let-bindings must be total; this term may have effects
Unable to open hints file: hints/PKI.fsti.hints; ran without hints
Unable to open hints file: hints/HMAC.fst.hints; ran without hints
Unable to open hints file: hints/Cert.fst.hints; ran without hints
Unable to open hints file: hints/PSK.fst.hints; ran without hints
PSK.fst(28,8-28,54): (Warning 272) Top-level let-bindings must be total; this term may have effects
PSK.fst(29,8-30,13): (Warning 272) Top-level let-bindings must be total; this term may have effects
PSK.fst(38,8-39,13): (Warning 272) Top-level let-bindings must be total; this term may have effects
PSK.fst(79,8-79,57): (Warning 272) Top-level let-bindings must be total; this term may have effects
PSK.fst(80,8-81,13): (Warning 272) Top-level let-bindings must be total; this term may have effects
Unable to open hints file: hints/Test.TLSConstants.fst.hints; ran without hints
Unable to open hints file: hints/Test.CommonDH.fst.hints; ran without hints
Unable to open hints file: hints/PMS.fst.hints; ran without hints
Unable to open hints file: hints/HKDF.fst.hints; ran without hints
Unable to open hints file: hints/Extensions.fst.hints; ran without hints
Unable to open hints file: hints/Extensions.fsti.hints; ran without hints
Unable to open hints file: hints/TLSInfoFlags.fst.hints; ran without hints
Unable to open hints file: hints/TLSInfo.fst.hints; ran without hints
TLSInfo.fst(79,0-82,1): (Warning 272) Top-level let-bindings must be total; this term may have effects
TLSInfo.fst(88,0-91,1): (Warning 272) Top-level let-bindings must be total; this term may have effects
TLSInfo.fst(98,0-108,11): (Warning 272) Top-level let-bindings must be total; this term may have effects
TLSInfo.fst(534,0-534,50): (Warning 272) Top-level let-bindings must be total; this term may have effects
TLSInfo.fst(538,0-541,10): (Warning 272) Top-level let-bindings must be total; this term may have effects
Unable to open hints file: hints/Cert.fst.hints; ran without hints
Unable to open hints file: hints/Crypto.Indexing.fst.hints; ran without hints
Unable to open hints file: hints/TLSPRF.fst.hints; ran without hints
Unable to open hints file: hints/HMAC.UFCMA.fst.hints; ran without hints
Unable to open hints file: hints/AEADOpenssl.fst.hints; ran without hints
Unable to open hints file: hints/Extensions.fst.hints; ran without hints
Unable to open hints file: hints/Flag.fst.hints; ran without hints
Unable to open hints file: hints/LowCProvider.fst.hints; ran without hints
Unable to open hints file: hints/TLSInfo.fst.hints; ran without hints
TLSInfo.fst(79,0-82,1): (Warning 272) Top-level let-bindings must be total; this term may have effects
TLSInfo.fst(88,0-91,1): (Warning 272) Top-level let-bindings must be total; this term may have effects
TLSInfo.fst(98,0-108,11): (Warning 272) Top-level let-bindings must be total; this term may have effects
TLSInfo.fst(534,0-534,50): (Warning 272) Top-level let-bindings must be total; this term may have effects
TLSInfo.fst(538,0-541,10): (Warning 272) Top-level let-bindings must be total; this term may have effects
Unable to open hints file: hints/Crypto.Indexing.fst.hints; ran without hints
Unable to open hints file: hints/TLSPRF.fst.hints; ran without hints
Unable to open hints file: hints/HMAC.UFCMA.fst.hints; ran without hints
Unable to open hints file: hints/Crypto.Plain.fst.hints; ran without hints
Unable to open hints file: hints/AEADOpenssl.fst.hints; ran without hints
Unable to open hints file: hints/Flag.fst.hints; ran without hints
Unable to open hints file: hints/LowCProvider.fst.hints; ran without hints
Unable to open hints file: hints/Crypto.AEAD.Main.fsti.hints; ran without hints
Unable to open hints file: hints/Crypto.Plain.fst.hints; ran without hints
Not extracting type definition LowCProvider.aead_state to KreMLin (assumed type)
Unable to open hints file: hints/AEADProvider.fst.hints; ran without hints
Unable to open hints file: hints/Crypto.AEAD.Main.fsti.hints; ran without hints
Unable to open hints file: hints/Range.fst.hints; ran without hints
Unable to open hints file: hints/AEADProvider.fst.hints; ran without hints
Not extracting type definition Crypto.AEAD.Main.entry to KreMLin (assumed type)
Not extracting type definition Crypto.AEAD.Main.aead_state to KreMLin (assumed type)
Not extracting type definition Crypto.AEAD.Main.invariant to KreMLin (assumed type)
Unable to open hints file: hints/Alert.fst.hints; ran without hints
Unable to open hints file: hints/DataStream.fst.hints; ran without hints
Unable to open hints file: hints/HandshakeMessages.fsti.hints; ran without hints
Unable to open hints file: hints/Range.fst.hints; ran without hints
Unable to open hints file: hints/Content.fst.hints; ran without hints
Unable to open hints file: hints/DataStream.fst.hints; ran without hints
Unable to open hints file: hints/Alert.fst.hints; ran without hints
Unable to open hints file: hints/Ticket.fst.hints; ran without hints
Ticket.fst(30,8-30,53): (Warning 272) Top-level let-bindings must be total; this term may have effects
Ticket.fst(49,8-49,75): (Warning 272) Top-level let-bindings must be total; this term may have effects
Unable to open hints file: hints/HandshakeLog.fsti.hints; ran without hints
Unable to open hints file: hints/HandshakeMessages.fsti.hints; ran without hints
Unable to open hints file: hints/HandshakeLog.fst.hints; ran without hints
StatefulPlain.fst(75,0-75,5): (Warning 307) logic qualifier is deprecated, please remove it from the source program. In case your program verifies with the qualifier annotated but not without it, please try to minimize the example and file a github issue
StatefulPlain.fst(80,0-80,5): (Warning 307) logic qualifier is deprecated, please remove it from the source program. In case your program verifies with the qualifier annotated but not without it, please try to minimize the example and file a github issue
StatefulPlain.fst(75,0-75,5): (Warning 307) logic qualifier is deprecated, please remove it from the source program. In case your program verifies with the qualifier annotated but not without it, please try to minimize the example and file a github issue
StatefulPlain.fst(80,0-80,5): (Warning 307) logic qualifier is deprecated, please remove it from the source program. In case your program verifies with the qualifier annotated but not without it, please try to minimize the example and file a github issue
Unable to open hints file: hints/StatefulPlain.fst.hints; ran without hints
Unable to open hints file: hints/HandshakeMessages.fst.hints; ran without hints
Unable to open hints file: hints/Record.fst.hints; ran without hints
Unable to open hints file: hints/StreamPlain.fst.hints; ran without hints
Unable to open hints file: hints/Content.fst.hints; ran without hints
Unable to open hints file: hints/Ticket.fst.hints; ran without hints
Ticket.fst(30,8-30,53): (Warning 272) Top-level let-bindings must be total; this term may have effects
Ticket.fst(49,8-49,75): (Warning 272) Top-level let-bindings must be total; this term may have effects
Unable to open hints file: hints/HandshakeLog.fsti.hints; ran without hints
StatefulPlain.fst(75,0-75,5): (Warning 307) logic qualifier is deprecated, please remove it from the source program. In case your program verifies with the qualifier annotated but not without it, please try to minimize the example and file a github issue
StatefulPlain.fst(80,0-80,5): (Warning 307) logic qualifier is deprecated, please remove it from the source program. In case your program verifies with the qualifier annotated but not without it, please try to minimize the example and file a github issue
Unable to open hints file: hints/LHAEPlain.fst.hints; ran without hints
Unable to open hints file: hints/Negotiation.fst.hints; ran without hints
Unable to open hints file: hints/HandshakeLog.fst.hints; ran without hints
Unable to open hints file: hints/HandshakeMessages.fst.hints; ran without hints
StatefulPlain.fst(75,0-75,5): (Warning 307) logic qualifier is deprecated, please remove it from the source program. In case your program verifies with the qualifier annotated but not without it, please try to minimize the example and file a github issue
StatefulPlain.fst(80,0-80,5): (Warning 307) logic qualifier is deprecated, please remove it from the source program. In case your program verifies with the qualifier annotated but not without it, please try to minimize the example and file a github issue
StatefulPlain.fst(75,0-75,5): (Warning 307) logic qualifier is deprecated, please remove it from the source program. In case your program verifies with the qualifier annotated but not without it, please try to minimize the example and file a github issue
StatefulPlain.fst(80,0-80,5): (Warning 307) logic qualifier is deprecated, please remove it from the source program. In case your program verifies with the qualifier annotated but not without it, please try to minimize the example and file a github issue
StatefulPlain.fst(75,0-75,5): (Warning 307) logic qualifier is deprecated, please remove it from the source program. In case your program verifies with the qualifier annotated but not without it, please try to minimize the example and file a github issue
StatefulPlain.fst(80,0-80,5): (Warning 307) logic qualifier is deprecated, please remove it from the source program. In case your program verifies with the qualifier annotated but not without it, please try to minimize the example and file a github issue
Unable to open hints file: hints/StatefulPlain.fst.hints; ran without hints
Unable to open hints file: hints/StreamPlain.fst.hints; ran without hints
Unable to open hints file: hints/StreamAE.fst.hints; ran without hints
Unable to open hints file: hints/Record.fst.hints; ran without hints
StatefulPlain.fst(75,0-75,5): (Warning 307) logic qualifier is deprecated, please remove it from the source program. In case your program verifies with the qualifier annotated but not without it, please try to minimize the example and file a github issue
StatefulPlain.fst(80,0-80,5): (Warning 307) logic qualifier is deprecated, please remove it from the source program. In case your program verifies with the qualifier annotated but not without it, please try to minimize the example and file a github issue
StatefulPlain.fst(75,0-75,5): (Warning 307) logic qualifier is deprecated, please remove it from the source program. In case your program verifies with the qualifier annotated but not without it, please try to minimize the example and file a github issue
StatefulPlain.fst(80,0-80,5): (Warning 307) logic qualifier is deprecated, please remove it from the source program. In case your program verifies with the qualifier annotated but not without it, please try to minimize the example and file a github issue
Unable to open hints file: hints/LHAEPlain.fst.hints; ran without hints
Unable to open hints file: hints/Negotiation.fst.hints; ran without hints
StatefulPlain.fst(75,0-75,5): (Warning 307) logic qualifier is deprecated, please remove it from the source program. In case your program verifies with the qualifier annotated but not without it, please try to minimize the example and file a github issue
StatefulPlain.fst(80,0-80,5): (Warning 307) logic qualifier is deprecated, please remove it from the source program. In case your program verifies with the qualifier annotated but not without it, please try to minimize the example and file a github issue
Unable to open hints file: hints/AEAD_GCM.fst.hints; ran without hints
StatefulPlain.fst(75,0-75,5): (Warning 307) logic qualifier is deprecated, please remove it from the source program. In case your program verifies with the qualifier annotated but not without it, please try to minimize the example and file a github issue
StatefulPlain.fst(80,0-80,5): (Warning 307) logic qualifier is deprecated, please remove it from the source program. In case your program verifies with the qualifier annotated but not without it, please try to minimize the example and file a github issue
Unable to open hints file: hints/StreamAE.fst.hints; ran without hints
StatefulPlain.fst(75,0-75,5): (Warning 307) logic qualifier is deprecated, please remove it from the source program. In case your program verifies with the qualifier annotated but not without it, please try to minimize the example and file a github issue
StatefulPlain.fst(80,0-80,5): (Warning 307) logic qualifier is deprecated, please remove it from the source program. In case your program verifies with the qualifier annotated but not without it, please try to minimize the example and file a github issue
Unable to open hints file: hints/StatefulLHAE.fst.hints; ran without hints
StatefulLHAE.fst(96,0-100,31): (Warning 271) Pattern ((ite (= (BoundV 0) (BoxBool (true ))) (FStar.Monotonic.Seq.seqn_val (AEAD_GCM.__proj__State__item__log_region (BoundV 1) (TLSConstants.Writer@tok ) (BoundV 2)) (AEAD_GCM.entry (BoundV 1)) (AEAD_GCM.__proj__State__item__region (BoundV 1) (TLSConstants.Writer@tok ) (BoundV 2)) (AEAD_GCM.__proj__State__item__log (BoundV 1) (TLSConstants.Writer@tok ) (BoundV 2)) (AEAD_GCM.max_ctr (AEAD_GCM.alg (BoundV 1)))) (AEAD_GCM.counter (AEAD_GCM.alg (BoundV 1))))) contains illegal symbols; dropping it (see also StatefulLHAE.fst(93,21-93,41))
StatefulPlain.fst(75,0-75,5): (Warning 307) logic qualifier is deprecated, please remove it from the source program. In case your program verifies with the qualifier annotated but not without it, please try to minimize the example and file a github issue
StatefulPlain.fst(80,0-80,5): (Warning 307) logic qualifier is deprecated, please remove it from the source program. In case your program verifies with the qualifier annotated but not without it, please try to minimize the example and file a github issue
Unable to open hints file: hints/AEAD_GCM.fst.hints; ran without hints
StatefulPlain.fst(75,0-75,5): (Warning 307) logic qualifier is deprecated, please remove it from the source program. In case your program verifies with the qualifier annotated but not without it, please try to minimize the example and file a github issue
StatefulPlain.fst(80,0-80,5): (Warning 307) logic qualifier is deprecated, please remove it from the source program. In case your program verifies with the qualifier annotated but not without it, please try to minimize the example and file a github issue
StatefulPlain.fst(75,0-75,5): (Warning 307) logic qualifier is deprecated, please remove it from the source program. In case your program verifies with the qualifier annotated but not without it, please try to minimize the example and file a github issue
StatefulPlain.fst(80,0-80,5): (Warning 307) logic qualifier is deprecated, please remove it from the source program. In case your program verifies with the qualifier annotated but not without it, please try to minimize the example and file a github issue
StatefulPlain.fst(75,0-75,5): (Warning 307) logic qualifier is deprecated, please remove it from the source program. In case your program verifies with the qualifier annotated but not without it, please try to minimize the example and file a github issue
StatefulPlain.fst(80,0-80,5): (Warning 307) logic qualifier is deprecated, please remove it from the source program. In case your program verifies with the qualifier annotated but not without it, please try to minimize the example and file a github issue
Unable to open hints file: hints/StAE.fst.hints; ran without hints
StatefulPlain.fst(75,0-75,5): (Warning 307) logic qualifier is deprecated, please remove it from the source program. In case your program verifies with the qualifier annotated but not without it, please try to minimize the example and file a github issue
StatefulPlain.fst(80,0-80,5): (Warning 307) logic qualifier is deprecated, please remove it from the source program. In case your program verifies with the qualifier annotated but not without it, please try to minimize the example and file a github issue
Unable to open hints file: hints/StatefulLHAE.fst.hints; ran without hints
StatefulLHAE.fst(96,0-100,31): (Warning 271) Pattern ((ite (= (BoundV 0) (BoxBool (true ))) (FStar.Monotonic.Seq.seqn_val (AEAD_GCM.__proj__State__item__log_region (BoundV 1) (TLSConstants.Writer@tok ) (BoundV 2)) (AEAD_GCM.entry (BoundV 1)) (AEAD_GCM.__proj__State__item__region (BoundV 1) (TLSConstants.Writer@tok ) (BoundV 2)) (AEAD_GCM.__proj__State__item__log (BoundV 1) (TLSConstants.Writer@tok ) (BoundV 2)) (AEAD_GCM.max_ctr (AEAD_GCM.alg (BoundV 1)))) (AEAD_GCM.counter (AEAD_GCM.alg (BoundV 1))))) contains illegal symbols; dropping it (see also StatefulLHAE.fst(93,21-93,41))
StatefulPlain.fst(75,0-75,5): (Warning 307) logic qualifier is deprecated, please remove it from the source program. In case your program verifies with the qualifier annotated but not without it, please try to minimize the example and file a github issue
StatefulPlain.fst(80,0-80,5): (Warning 307) logic qualifier is deprecated, please remove it from the source program. In case your program verifies with the qualifier annotated but not without it, please try to minimize the example and file a github issue
StatefulPlain.fst(75,0-75,5): (Warning 307) logic qualifier is deprecated, please remove it from the source program. In case your program verifies with the qualifier annotated but not without it, please try to minimize the example and file a github issue
StatefulPlain.fst(80,0-80,5): (Warning 307) logic qualifier is deprecated, please remove it from the source program. In case your program verifies with the qualifier annotated but not without it, please try to minimize the example and file a github issue
StatefulPlain.fst(75,0-75,5): (Warning 307) logic qualifier is deprecated, please remove it from the source program. In case your program verifies with the qualifier annotated but not without it, please try to minimize the example and file a github issue
StatefulPlain.fst(80,0-80,5): (Warning 307) logic qualifier is deprecated, please remove it from the source program. In case your program verifies with the qualifier annotated but not without it, please try to minimize the example and file a github issue
Unable to open hints file: hints/StreamDeltas.fst.hints; ran without hints
StatefulPlain.fst(75,0-75,5): (Warning 307) logic qualifier is deprecated, please remove it from the source program. In case your program verifies with the qualifier annotated but not without it, please try to minimize the example and file a github issue
StatefulPlain.fst(80,0-80,5): (Warning 307) logic qualifier is deprecated, please remove it from the source program. In case your program verifies with the qualifier annotated but not without it, please try to minimize the example and file a github issue
Unable to open hints file: hints/Test.StAE.fst.hints; ran without hints
Test.StAE.fst(36,0-36,35): (Warning 272) Top-level let-bindings must be total; this term may have effects
StatefulPlain.fst(75,0-75,5): (Warning 307) logic qualifier is deprecated, please remove it from the source program. In case your program verifies with the qualifier annotated but not without it, please try to minimize the example and file a github issue
StatefulPlain.fst(80,0-80,5): (Warning 307) logic qualifier is deprecated, please remove it from the source program. In case your program verifies with the qualifier annotated but not without it, please try to minimize the example and file a github issue
Unable to open hints file: hints/StAE.fst.hints; ran without hints
StatefulPlain.fst(75,0-75,5): (Warning 307) logic qualifier is deprecated, please remove it from the source program. In case your program verifies with the qualifier annotated but not without it, please try to minimize the example and file a github issue
StatefulPlain.fst(80,0-80,5): (Warning 307) logic qualifier is deprecated, please remove it from the source program. In case your program verifies with the qualifier annotated but not without it, please try to minimize the example and file a github issue
Unable to open hints file: hints/KeySchedule.fst.hints; ran without hints
StatefulPlain.fst(75,0-75,5): (Warning 307) logic qualifier is deprecated, please remove it from the source program. In case your program verifies with the qualifier annotated but not without it, please try to minimize the example and file a github issue
StatefulPlain.fst(80,0-80,5): (Warning 307) logic qualifier is deprecated, please remove it from the source program. In case your program verifies with the qualifier annotated but not without it, please try to minimize the example and file a github issue
StatefulPlain.fst(75,0-75,5): (Warning 307) logic qualifier is deprecated, please remove it from the source program. In case your program verifies with the qualifier annotated but not without it, please try to minimize the example and file a github issue
StatefulPlain.fst(80,0-80,5): (Warning 307) logic qualifier is deprecated, please remove it from the source program. In case your program verifies with the qualifier annotated but not without it, please try to minimize the example and file a github issue
StatefulPlain.fst(75,0-75,5): (Warning 307) logic qualifier is deprecated, please remove it from the source program. In case your program verifies with the qualifier annotated but not without it, please try to minimize the example and file a github issue
StatefulPlain.fst(80,0-80,5): (Warning 307) logic qualifier is deprecated, please remove it from the source program. In case your program verifies with the qualifier annotated but not without it, please try to minimize the example and file a github issue
Unable to open hints file: hints/StreamDeltas.fst.hints; ran without hints
StatefulPlain.fst(75,0-75,5): (Warning 307) logic qualifier is deprecated, please remove it from the source program. In case your program verifies with the qualifier annotated but not without it, please try to minimize the example and file a github issue
StatefulPlain.fst(80,0-80,5): (Warning 307) logic qualifier is deprecated, please remove it from the source program. In case your program verifies with the qualifier annotated but not without it, please try to minimize the example and file a github issue
Unable to open hints file: hints/Test.StAE.fst.hints; ran without hints
Test.StAE.fst(36,0-36,35): (Warning 272) Top-level let-bindings must be total; this term may have effects
StatefulPlain.fst(75,0-75,5): (Warning 307) logic qualifier is deprecated, please remove it from the source program. In case your program verifies with the qualifier annotated but not without it, please try to minimize the example and file a github issue
StatefulPlain.fst(80,0-80,5): (Warning 307) logic qualifier is deprecated, please remove it from the source program. In case your program verifies with the qualifier annotated but not without it, please try to minimize the example and file a github issue
StatefulPlain.fst(75,0-75,5): (Warning 307) logic qualifier is deprecated, please remove it from the source program. In case your program verifies with the qualifier annotated but not without it, please try to minimize the example and file a github issue
StatefulPlain.fst(80,0-80,5): (Warning 307) logic qualifier is deprecated, please remove it from the source program. In case your program verifies with the qualifier annotated but not without it, please try to minimize the example and file a github issue
Unable to open hints file: hints/KeySchedule.fst.hints; ran without hints
StatefulPlain.fst(75,0-75,5): (Warning 307) logic qualifier is deprecated, please remove it from the source program. In case your program verifies with the qualifier annotated but not without it, please try to minimize the example and file a github issue
StatefulPlain.fst(80,0-80,5): (Warning 307) logic qualifier is deprecated, please remove it from the source program. In case your program verifies with the qualifier annotated but not without it, please try to minimize the example and file a github issue
Unable to open hints file: hints/Epochs.fst.hints; ran without hints
StatefulPlain.fst(75,0-75,5): (Warning 307) logic qualifier is deprecated, please remove it from the source program. In case your program verifies with the qualifier annotated but not without it, please try to minimize the example and file a github issue
StatefulPlain.fst(80,0-80,5): (Warning 307) logic qualifier is deprecated, please remove it from the source program. In case your program verifies with the qualifier annotated but not without it, please try to minimize the example and file a github issue
StatefulPlain.fst(75,0-75,5): (Warning 307) logic qualifier is deprecated, please remove it from the source program. In case your program verifies with the qualifier annotated but not without it, please try to minimize the example and file a github issue
StatefulPlain.fst(80,0-80,5): (Warning 307) logic qualifier is deprecated, please remove it from the source program. In case your program verifies with the qualifier annotated but not without it, please try to minimize the example and file a github issue
StatefulPlain.fst(75,0-75,5): (Warning 307) logic qualifier is deprecated, please remove it from the source program. In case your program verifies with the qualifier annotated but not without it, please try to minimize the example and file a github issue
StatefulPlain.fst(80,0-80,5): (Warning 307) logic qualifier is deprecated, please remove it from the source program. In case your program verifies with the qualifier annotated but not without it, please try to minimize the example and file a github issue
StatefulPlain.fst(75,0-75,5): (Warning 307) logic qualifier is deprecated, please remove it from the source program. In case your program verifies with the qualifier annotated but not without it, please try to minimize the example and file a github issue
StatefulPlain.fst(80,0-80,5): (Warning 307) logic qualifier is deprecated, please remove it from the source program. In case your program verifies with the qualifier annotated but not without it, please try to minimize the example and file a github issue
StatefulPlain.fst(75,0-75,5): (Warning 307) logic qualifier is deprecated, please remove it from the source program. In case your program verifies with the qualifier annotated but not without it, please try to minimize the example and file a github issue
StatefulPlain.fst(80,0-80,5): (Warning 307) logic qualifier is deprecated, please remove it from the source program. In case your program verifies with the qualifier annotated but not without it, please try to minimize the example and file a github issue
Unable to open hints file: hints/Handshake.fsti.hints; ran without hints
StatefulPlain.fst(75,0-75,5): (Warning 307) logic qualifier is deprecated, please remove it from the source program. In case your program verifies with the qualifier annotated but not without it, please try to minimize the example and file a github issue
StatefulPlain.fst(80,0-80,5): (Warning 307) logic qualifier is deprecated, please remove it from the source program. In case your program verifies with the qualifier annotated but not without it, please try to minimize the example and file a github issue
Unable to open hints file: hints/Epochs.fst.hints; ran without hints
StatefulPlain.fst(75,0-75,5): (Warning 307) logic qualifier is deprecated, please remove it from the source program. In case your program verifies with the qualifier annotated but not without it, please try to minimize the example and file a github issue
StatefulPlain.fst(80,0-80,5): (Warning 307) logic qualifier is deprecated, please remove it from the source program. In case your program verifies with the qualifier annotated but not without it, please try to minimize the example and file a github issue
StatefulPlain.fst(75,0-75,5): (Warning 307) logic qualifier is deprecated, please remove it from the source program. In case your program verifies with the qualifier annotated but not without it, please try to minimize the example and file a github issue
StatefulPlain.fst(80,0-80,5): (Warning 307) logic qualifier is deprecated, please remove it from the source program. In case your program verifies with the qualifier annotated but not without it, please try to minimize the example and file a github issue
StatefulPlain.fst(75,0-75,5): (Warning 307) logic qualifier is deprecated, please remove it from the source program. In case your program verifies with the qualifier annotated but not without it, please try to minimize the example and file a github issue
StatefulPlain.fst(80,0-80,5): (Warning 307) logic qualifier is deprecated, please remove it from the source program. In case your program verifies with the qualifier annotated but not without it, please try to minimize the example and file a github issue
Unable to open hints file: hints/Test.Handshake.fst.hints; ran without hints
Test.Handshake.fst(23,0-23,35): (Warning 272) Top-level let-bindings must be total; this term may have effects
StatefulPlain.fst(75,0-75,5): (Warning 307) logic qualifier is deprecated, please remove it from the source program. In case your program verifies with the qualifier annotated but not without it, please try to minimize the example and file a github issue
StatefulPlain.fst(80,0-80,5): (Warning 307) logic qualifier is deprecated, please remove it from the source program. In case your program verifies with the qualifier annotated but not without it, please try to minimize the example and file a github issue
Unable to open hints file: hints/Handshake.fsti.hints; ran without hints
StatefulPlain.fst(75,0-75,5): (Warning 307) logic qualifier is deprecated, please remove it from the source program. In case your program verifies with the qualifier annotated but not without it, please try to minimize the example and file a github issue
StatefulPlain.fst(80,0-80,5): (Warning 307) logic qualifier is deprecated, please remove it from the source program. In case your program verifies with the qualifier annotated but not without it, please try to minimize the example and file a github issue
Unable to open hints file: hints/Connection.fst.hints; ran without hints
StatefulPlain.fst(75,0-75,5): (Warning 307) logic qualifier is deprecated, please remove it from the source program. In case your program verifies with the qualifier annotated but not without it, please try to minimize the example and file a github issue
StatefulPlain.fst(80,0-80,5): (Warning 307) logic qualifier is deprecated, please remove it from the source program. In case your program verifies with the qualifier annotated but not without it, please try to minimize the example and file a github issue
StatefulPlain.fst(75,0-75,5): (Warning 307) logic qualifier is deprecated, please remove it from the source program. In case your program verifies with the qualifier annotated but not without it, please try to minimize the example and file a github issue
StatefulPlain.fst(80,0-80,5): (Warning 307) logic qualifier is deprecated, please remove it from the source program. In case your program verifies with the qualifier annotated but not without it, please try to minimize the example and file a github issue
Unable to open hints file: hints/Test.Main.fst.hints; ran without hints
StatefulPlain.fst(75,0-75,5): (Warning 307) logic qualifier is deprecated, please remove it from the source program. In case your program verifies with the qualifier annotated but not without it, please try to minimize the example and file a github issue
StatefulPlain.fst(80,0-80,5): (Warning 307) logic qualifier is deprecated, please remove it from the source program. In case your program verifies with the qualifier annotated but not without it, please try to minimize the example and file a github issue
Unable to open hints file: hints/Test.Handshake.fst.hints; ran without hints
Test.Handshake.fst(23,0-23,35): (Warning 272) Top-level let-bindings must be total; this term may have effects
StatefulPlain.fst(75,0-75,5): (Warning 307) logic qualifier is deprecated, please remove it from the source program. In case your program verifies with the qualifier annotated but not without it, please try to minimize the example and file a github issue
StatefulPlain.fst(80,0-80,5): (Warning 307) logic qualifier is deprecated, please remove it from the source program. In case your program verifies with the qualifier annotated but not without it, please try to minimize the example and file a github issue
Unable to open hints file: hints/Connection.fst.hints; ran without hints
StatefulPlain.fst(75,0-75,5): (Warning 307) logic qualifier is deprecated, please remove it from the source program. In case your program verifies with the qualifier annotated but not without it, please try to minimize the example and file a github issue
StatefulPlain.fst(80,0-80,5): (Warning 307) logic qualifier is deprecated, please remove it from the source program. In case your program verifies with the qualifier annotated but not without it, please try to minimize the example and file a github issue
StatefulPlain.fst(75,0-75,5): (Warning 307) logic qualifier is deprecated, please remove it from the source program. In case your program verifies with the qualifier annotated but not without it, please try to minimize the example and file a github issue
StatefulPlain.fst(80,0-80,5): (Warning 307) logic qualifier is deprecated, please remove it from the source program. In case your program verifies with the qualifier annotated but not without it, please try to minimize the example and file a github issue
Unable to open hints file: hints/Handshake.fst.hints; ran without hints
StatefulPlain.fst(75,0-75,5): (Warning 307) logic qualifier is deprecated, please remove it from the source program. In case your program verifies with the qualifier annotated but not without it, please try to minimize the example and file a github issue
StatefulPlain.fst(80,0-80,5): (Warning 307) logic qualifier is deprecated, please remove it from the source program. In case your program verifies with the qualifier annotated but not without it, please try to minimize the example and file a github issue
Unable to open hints file: hints/Test.Main.fst.hints; ran without hints
StatefulPlain.fst(75,0-75,5): (Warning 307) logic qualifier is deprecated, please remove it from the source program. In case your program verifies with the qualifier annotated but not without it, please try to minimize the example and file a github issue
StatefulPlain.fst(80,0-80,5): (Warning 307) logic qualifier is deprecated, please remove it from the source program. In case your program verifies with the qualifier annotated but not without it, please try to minimize the example and file a github issue
Unable to open hints file: hints/TLS.fst.hints; ran without hints
StatefulPlain.fst(75,0-75,5): (Warning 307) logic qualifier is deprecated, please remove it from the source program. In case your program verifies with the qualifier annotated but not without it, please try to minimize the example and file a github issue
StatefulPlain.fst(80,0-80,5): (Warning 307) logic qualifier is deprecated, please remove it from the source program. In case your program verifies with the qualifier annotated but not without it, please try to minimize the example and file a github issue
StatefulPlain.fst(75,0-75,5): (Warning 307) logic qualifier is deprecated, please remove it from the source program. In case your program verifies with the qualifier annotated but not without it, please try to minimize the example and file a github issue
StatefulPlain.fst(80,0-80,5): (Warning 307) logic qualifier is deprecated, please remove it from the source program. In case your program verifies with the qualifier annotated but not without it, please try to minimize the example and file a github issue
Unable to open hints file: hints/Handshake.fst.hints; ran without hints
StatefulPlain.fst(75,0-75,5): (Warning 307) logic qualifier is deprecated, please remove it from the source program. In case your program verifies with the qualifier annotated but not without it, please try to minimize the example and file a github issue
StatefulPlain.fst(80,0-80,5): (Warning 307) logic qualifier is deprecated, please remove it from the source program. In case your program verifies with the qualifier annotated but not without it, please try to minimize the example and file a github issue
StatefulPlain.fst(75,0-75,5): (Warning 307) logic qualifier is deprecated, please remove it from the source program. In case your program verifies with the qualifier annotated but not without it, please try to minimize the example and file a github issue
StatefulPlain.fst(80,0-80,5): (Warning 307) logic qualifier is deprecated, please remove it from the source program. In case your program verifies with the qualifier annotated but not without it, please try to minimize the example and file a github issue
Unable to open hints file: hints/FFI.fst.hints; ran without hints
StatefulPlain.fst(75,0-75,5): (Warning 307) logic qualifier is deprecated, please remove it from the source program. In case your program verifies with the qualifier annotated but not without it, please try to minimize the example and file a github issue
StatefulPlain.fst(80,0-80,5): (Warning 307) logic qualifier is deprecated, please remove it from the source program. In case your program verifies with the qualifier annotated but not without it, please try to minimize the example and file a github issue
Unable to open hints file: hints/TLS.fst.hints; ran without hints
StatefulPlain.fst(75,0-75,5): (Warning 307) logic qualifier is deprecated, please remove it from the source program. In case your program verifies with the qualifier annotated but not without it, please try to minimize the example and file a github issue
StatefulPlain.fst(80,0-80,5): (Warning 307) logic qualifier is deprecated, please remove it from the source program. In case your program verifies with the qualifier annotated but not without it, please try to minimize the example and file a github issue
StatefulPlain.fst(75,0-75,5): (Warning 307) logic qualifier is deprecated, please remove it from the source program. In case your program verifies with the qualifier annotated but not without it, please try to minimize the example and file a github issue
StatefulPlain.fst(80,0-80,5): (Warning 307) logic qualifier is deprecated, please remove it from the source program. In case your program verifies with the qualifier annotated but not without it, please try to minimize the example and file a github issue
StatefulPlain.fst(75,0-75,5): (Warning 307) logic qualifier is deprecated, please remove it from the source program. In case your program verifies with the qualifier annotated but not without it, please try to minimize the example and file a github issue
StatefulPlain.fst(80,0-80,5): (Warning 307) logic qualifier is deprecated, please remove it from the source program. In case your program verifies with the qualifier annotated but not without it, please try to minimize the example and file a github issue
StatefulPlain.fst(75,0-75,5): (Warning 307) logic qualifier is deprecated, please remove it from the source program. In case your program verifies with the qualifier annotated but not without it, please try to minimize the example and file a github issue
StatefulPlain.fst(80,0-80,5): (Warning 307) logic qualifier is deprecated, please remove it from the source program. In case your program verifies with the qualifier annotated but not without it, please try to minimize the example and file a github issue
Unable to open hints file: hints/QUIC.fst.hints; ran without hints
StatefulPlain.fst(75,0-75,5): (Warning 307) logic qualifier is deprecated, please remove it from the source program. In case your program verifies with the qualifier annotated but not without it, please try to minimize the example and file a github issue
StatefulPlain.fst(80,0-80,5): (Warning 307) logic qualifier is deprecated, please remove it from the source program. In case your program verifies with the qualifier annotated but not without it, please try to minimize the example and file a github issue
Unable to open hints file: hints/FFI.fst.hints; ran without hints
StatefulPlain.fst(75,0-75,5): (Warning 307) logic qualifier is deprecated, please remove it from the source program. In case your program verifies with the qualifier annotated but not without it, please try to minimize the example and file a github issue
StatefulPlain.fst(80,0-80,5): (Warning 307) logic qualifier is deprecated, please remove it from the source program. In case your program verifies with the qualifier annotated but not without it, please try to minimize the example and file a github issue
StatefulPlain.fst(75,0-75,5): (Warning 307) logic qualifier is deprecated, please remove it from the source program. In case your program verifies with the qualifier annotated but not without it, please try to minimize the example and file a github issue
StatefulPlain.fst(80,0-80,5): (Warning 307) logic qualifier is deprecated, please remove it from the source program. In case your program verifies with the qualifier annotated but not without it, please try to minimize the example and file a github issue
StatefulPlain.fst(75,0-75,5): (Warning 307) logic qualifier is deprecated, please remove it from the source program. In case your program verifies with the qualifier annotated but not without it, please try to minimize the example and file a github issue
StatefulPlain.fst(80,0-80,5): (Warning 307) logic qualifier is deprecated, please remove it from the source program. In case your program verifies with the qualifier annotated but not without it, please try to minimize the example and file a github issue
StatefulPlain.fst(75,0-75,5): (Warning 307) logic qualifier is deprecated, please remove it from the source program. In case your program verifies with the qualifier annotated but not without it, please try to minimize the example and file a github issue
StatefulPlain.fst(80,0-80,5): (Warning 307) logic qualifier is deprecated, please remove it from the source program. In case your program verifies with the qualifier annotated but not without it, please try to minimize the example and file a github issue
Unable to open hints file: hints/QUIC.fst.hints; ran without hints
StatefulPlain.fst(75,0-75,5): (Warning 307) logic qualifier is deprecated, please remove it from the source program. In case your program verifies with the qualifier annotated but not without it, please try to minimize the example and file a github issue
StatefulPlain.fst(80,0-80,5): (Warning 307) logic qualifier is deprecated, please remove it from the source program. In case your program verifies with the qualifier annotated but not without it, please try to minimize the example and file a github issue
Not extracting type definition Handshake.hs_invT to KreMLin (assumed type)
StatefulPlain.fst(75,0-75,5): (Warning 307) logic qualifier is deprecated, please remove it from the source program. In case your program verifies with the qualifier annotated but not without it, please try to minimize the example and file a github issue
StatefulPlain.fst(80,0-80,5): (Warning 307) logic qualifier is deprecated, please remove it from the source program. In case your program verifies with the qualifier annotated but not without it, please try to minimize the example and file a github issue
StatefulPlain.fst(75,0-75,5): (Warning 307) logic qualifier is deprecated, please remove it from the source program. In case your program verifies with the qualifier annotated but not without it, please try to minimize the example and file a github issue
StatefulPlain.fst(80,0-80,5): (Warning 307) logic qualifier is deprecated, please remove it from the source program. In case your program verifies with the qualifier annotated but not without it, please try to minimize the example and file a github issue
StatefulPlain.fst(75,0-75,5): (Warning 307) logic qualifier is deprecated, please remove it from the source program. In case your program verifies with the qualifier annotated but not without it, please try to minimize the example and file a github issue
StatefulPlain.fst(80,0-80,5): (Warning 307) logic qualifier is deprecated, please remove it from the source program. In case your program verifies with the qualifier annotated but not without it, please try to minimize the example and file a github issue
make[1]: Target 'all' not remade because of errors.
make: *** [Makefile:10: ocaml-all] Error 2
StatefulPlain.fst(75,0-75,5): (Warning 307) logic qualifier is deprecated, please remove it from the source program. In case your program verifies with the qualifier annotated but not without it, please try to minimize the example and file a github issue
StatefulPlain.fst(80,0-80,5): (Warning 307) logic qualifier is deprecated, please remove it from the source program. In case your program verifies with the qualifier annotated but not without it, please try to minimize the example and file a github issue
StatefulPlain.fst(75,0-75,5): (Warning 307) logic qualifier is deprecated, please remove it from the source program. In case your program verifies with the qualifier annotated but not without it, please try to minimize the example and file a github issue
StatefulPlain.fst(80,0-80,5): (Warning 307) logic qualifier is deprecated, please remove it from the source program. In case your program verifies with the qualifier annotated but not without it, please try to minimize the example and file a github issue
Warning 10: : -drop is deprecated
use a combination of -bundle and -d reachability to make sure the functions are eliminated as you wish
Warning 13: : C.exit_code, a monomorphic instance, is first used, and therefore inserted, in file C which is about to be dropped; you may get a C compiler error about C_exit_code if any other module uses this definition
Warning 13: : FFICallbacks.callbacks, a monomorphic instance, is first used, and therefore inserted, in file FFICallbacks which is about to be dropped; you may get a C compiler error about FFICallbacks_callbacks if any other module uses this definition
Warning 13: : Crypto.AEAD.Main.eternal_region, a monomorphic instance, is first used, and therefore inserted, in file Crypto_AEAD_Main which is about to be dropped; you may get a C compiler error about Crypto_AEAD_Main_eternal_region if any other module uses this definition
Warning 13: : Crypto.AEAD.Main.aadlen_32, a monomorphic instance, is first used, and therefore inserted, in file Crypto_AEAD_Main which is about to be dropped; you may get a C compiler error about Crypto_AEAD_Main_aadlen_32 if any other module uses this definition
Warning 10: : -drop is deprecated
use a combination of -bundle and -d reachability to make sure the functions are eliminated as you wish
Warning 2: in the definition of suffix1, after the definition of prefix, in top-level declaration FFI.split_string, in file FFI: Reference to FStar.String.strlen has no corresponding implementation; please provide a C implementation
Warning 2: in the scrutinee, in the definition of ogl, after the definition of ngl1, in top-level declaration FFI.ffiSetNamedGroups, in file FFI: Reference to FStar.String.strlen has no corresponding implementation; please provide a C implementation
Warning 2: in the scrutinee, in top-level declaration FFI.encodeALPN, in file FFI: Reference to FStar.String.strlen has no corresponding implementation; please provide a C implementation
Warning 13: : Crypto.AEAD.Main.eternal_region, a monomorphic instance, is first used, and therefore inserted, in file Crypto_AEAD_Main which is about to be dropped; you may get a C compiler error about Crypto_AEAD_Main_eternal_region if any other module uses this definition
Warning 13: : Crypto.AEAD.Main.aadlen_32, a monomorphic instance, is first used, and therefore inserted, in file Crypto_AEAD_Main which is about to be dropped; you may get a C compiler error about Crypto_AEAD_Main_aadlen_32 if any other module uses this definition
/usr/lib/gcc/x86_64-w64-mingw32/5.4.0/../../../../x86_64-w64-mingw32/bin/ld: cannot find -levercrypt
collect2: error: ld returned 1 exit status
make[2]: *** [Makefile:97: test.exe] Error 1
make[2]: Target 'all' not remade because of errors.
make[1]: *** [Makefile.Kremlin:152: build-internal-test] Error 2
/usr/lib/gcc/x86_64-w64-mingw32/5.4.0/../../../../x86_64-w64-mingw32/bin/ld: cannot find -levercrypt
collect2: error: ld returned 1 exit status
make[2]: *** [Makefile:109: libmitls.dll] Error 1
make[2]: Target 'all' not remade because of errors.
make[1]: *** [Makefile.Kremlin:186: build-library] Error 2
make[1]: Target 'all' not remade because of errors.
make: *** [Makefile:13: kremlin-all] Error 2
make: Target 'all' not remade because of errors.
