Cloning into 'fstar'...
Checking out files:  27% (801/2962)   Checking out files:  28% (830/2962)   Checking out files:  29% (859/2962)   Checking out files:  30% (889/2962)   Checking out files:  31% (919/2962)   Checking out files:  32% (948/2962)   Checking out files:  33% (978/2962)   Checking out files:  34% (1008/2962)   Checking out files:  35% (1037/2962)   Checking out files:  36% (1067/2962)   Checking out files:  37% (1096/2962)   Checking out files:  38% (1126/2962)   Checking out files:  39% (1156/2962)   Checking out files:  40% (1185/2962)   Checking out files:  41% (1215/2962)   Checking out files:  42% (1245/2962)   Checking out files:  43% (1274/2962)   Checking out files:  44% (1304/2962)   Checking out files:  45% (1333/2962)   Checking out files:  46% (1363/2962)   Checking out files:  47% (1393/2962)   Checking out files:  48% (1422/2962)   Checking out files:  49% (1452/2962)   Checking out files:  50% (1481/2962)   Checking out files:  51% (1511/2962)   Checking out files:  52% (1541/2962)   Checking out files:  53% (1570/2962)   Checking out files:  53% (1579/2962)   Checking out files:  54% (1600/2962)   Checking out files:  55% (1630/2962)   Checking out files:  56% (1659/2962)   Checking out files:  57% (1689/2962)   Checking out files:  58% (1718/2962)   Checking out files:  59% (1748/2962)   Checking out files:  60% (1778/2962)   Checking out files:  61% (1807/2962)   Checking out files:  62% (1837/2962)   Checking out files:  63% (1867/2962)   Checking out files:  64% (1896/2962)   Checking out files:  65% (1926/2962)   Checking out files:  66% (1955/2962)   Checking out files:  67% (1985/2962)   Checking out files:  68% (2015/2962)   Checking out files:  69% (2044/2962)   Checking out files:  70% (2074/2962)   Checking out files:  71% (2104/2962)   Checking out files:  72% (2133/2962)   Checking out files:  73% (2163/2962)   Checking out files:  74% (2192/2962)   Checking out files:  75% (2222/2962)   Checking out files:  76% (2252/2962)   Checking out files:  77% (2281/2962)   Checking out files:  77% (2291/2962)   Checking out files:  78% (2311/2962)   Checking out files:  79% (2340/2962)   Checking out files:  80% (2370/2962)   Checking out files:  81% (2400/2962)   Checking out files:  82% (2429/2962)   Checking out files:  83% (2459/2962)   Checking out files:  84% (2489/2962)   Checking out files:  85% (2518/2962)   Checking out files:  86% (2548/2962)   Checking out files:  87% (2577/2962)   Checking out files:  88% (2607/2962)   Checking out files:  89% (2637/2962)   Checking out files:  90% (2666/2962)   Checking out files:  91% (2696/2962)   Checking out files:  92% (2726/2962)   Checking out files:  93% (2755/2962)   Checking out files:  94% (2785/2962)   Checking out files:  95% (2814/2962)   Checking out files:  96% (2844/2962)   Checking out files:  97% (2874/2962)   Checking out files:  98% (2903/2962)   Checking out files:  99% (2933/2962)   Checking out files: 100% (2962/2962)   Checking out files: 100% (2962/2962), done.
Warning: you are using the standard library and/or the %inline keyword. We
recommend switching on --infer in order to avoid obscure type error messages.
Cloning into 'kremlin'...
Not extracting type definition FStar.Ghost.erased to KreMLin (assumed type)
Not extracting type definition FStar.Monotonic.Witnessed.get to KreMLin (assumed type)
Not extracting type definition FStar.Monotonic.Witnessed.set to KreMLin (assumed type)
Not extracting type definition FStar.Date.dateTime to KreMLin (assumed type)
Not extracting type definition FStar.Date.timeSpan to KreMLin (assumed type)
Not extracting FStar.Exn.raise to KreMLin (polymorphic assumes are not supported)
Not extracting FStar.ST.gst_witness to KreMLin (polymorphic assumes are not supported)
Not extracting FStar.ST.gst_recall to KreMLin (polymorphic assumes are not supported)
Not extracting FStar.All.pipe_right to KreMLin (polymorphic assumes are not supported)
Not extracting FStar.All.pipe_left to KreMLin (polymorphic assumes are not supported)
Not extracting FStar.All.exit to KreMLin (polymorphic assumes are not supported)
Not extracting FStar.All.try_with to KreMLin (polymorphic assumes are not supported)
Not extracting exception Failure to KreMLin (exceptions unsupported)
Not extracting FStar.All.failwith to KreMLin (polymorphic assumes are not supported)
Not extracting type definition FStar.Dyn.dyn to KreMLin (assumed type)
Not extracting FStar.Dyn.mkdyn to KreMLin (polymorphic assumes are not supported)
Not extracting FStar.Dyn.undyn to KreMLin (polymorphic assumes are not supported)
Not extracting FStar.HyperStack.ST.gst_witness to KreMLin (polymorphic assumes are not supported)
Not extracting FStar.HyperStack.ST.gst_recall to KreMLin (polymorphic assumes are not supported)
Not extracting FStar.HyperStack.All.pipe_right to KreMLin (polymorphic assumes are not supported)
Not extracting FStar.HyperStack.All.pipe_left to KreMLin (polymorphic assumes are not supported)
Not extracting FStar.HyperStack.All.failwith to KreMLin (polymorphic assumes are not supported)
Not extracting FStar.HyperStack.All.exit to KreMLin (polymorphic assumes are not supported)
Not extracting FStar.HyperStack.All.try_with to KreMLin (polymorphic assumes are not supported)
Not extracting type definition FStar.Float.float to KreMLin (assumed type)
(Warning 250) Error while extracting FStar.List.filter_map to KreMLin (Failure("Internal error: name not found filter_map_acc\n"))

(Warning 250) Error while extracting FStar.List.index to KreMLin (Failure("Internal error: name not found index1\n"))

Not extracting type definition FStar.Char.char to KreMLin (assumed type)
Not extracting exception EOF to KreMLin (exceptions unsupported)
Not extracting type definition FStar.IO.fd_read to KreMLin (assumed type)
Not extracting type definition FStar.IO.fd_write to KreMLin (assumed type)
Not extracting FStar.IO.print_any to KreMLin (polymorphic assumes are not supported)
Not extracting type definition FStar.Bytes.bytes to KreMLin (assumed type)
Spec.Loops.fst(14,8-14,19): (Warning 288) FStar.Seq.Base.createEmpty is deprecated, use Seq.empty instead
Spec.Loops.fst(28,31-28,42): (Warning 288) FStar.Seq.Base.createEmpty is deprecated, use Seq.empty instead
Unable to open hints file: C:\build\agent1\_work\15\s\kremlin\kremlib\Spec.Loops.fst.hints; ran without hints
Unable to open hints file: C:\build\agent1\_work\15\s\kremlin\kremlib\C.Nullity.fsti.hints; ran without hints
Not extracting C.Nullity.is_null to KreMLin (polymorphic assumes are not supported)
Not extracting C.Nullity.null to KreMLin (polymorphic assumes are not supported)
FStar.Kremlin.Endianness.fst(85,4-85,15): (Warning 288) FStar.Seq.Base.createEmpty is deprecated, use Seq.empty instead
FStar.Kremlin.Endianness.fst(105,4-105,15): (Warning 288) FStar.Seq.Base.createEmpty is deprecated, use Seq.empty instead
Unable to open hints file: C:\build\agent1\_work\15\s\kremlin\kremlib\FStar.Kremlin.Endianness.fst.hints; ran without hints
Unable to open hints file: C:\build\agent1\_work\15\s\kremlin\kremlib\C.Endianness.fst.hints; ran without hints
Unable to open hints file: C:\build\agent1\_work\15\s\kremlin\kremlib\C.fst.hints; ran without hints
Not extracting type definition C.channel to KreMLin (assumed type)
Not extracting type definition C.intptr_t to KreMLin (assumed type)
Not extracting type definition C.char to KreMLin (assumed type)
Not extracting type definition C.int to KreMLin (assumed type)
Not extracting type definition C.clock_t to KreMLin (assumed type)
Unable to open hints file: C:\build\agent1\_work\15\s\kremlin\kremlib\C.String.fst.hints; ran without hints
Unable to open hints file: C:\build\agent1\_work\15\s\kremlin\kremlib\C.Failure.fst.hints; ran without hints
Unable to open hints file: C:\build\agent1\_work\15\s\kremlin\kremlib\TestLib.fsti.hints; ran without hints
Not extracting type definition TestLib.cycles to KreMLin (assumed type)
Unable to open hints file: C:\build\agent1\_work\15\s\kremlin\kremlib\C.Loops.fst.hints; ran without hints
/bin/bash: krml: command not found
make[1]: *** [Makefile:78: extracted/Makefile.include] Error 127
make[1]: *** Waiting for unfinished jobs....
/bin/bash: krml: command not found
make[1]: *** [Makefile:84: uint128/Makefile.include] Error 127
make: *** [Makefile:22: kremlib] Error 2
Not extracting type definition FStar.Ghost.erased to KreMLin (assumed type)
Not extracting type definition FStar.Monotonic.Witnessed.get to KreMLin (assumed type)
Not extracting type definition FStar.Monotonic.Witnessed.set to KreMLin (assumed type)
Not extracting type definition FStar.Date.dateTime to KreMLin (assumed type)
Not extracting type definition FStar.Date.timeSpan to KreMLin (assumed type)
Not extracting FStar.Exn.raise to KreMLin (polymorphic assumes are not supported)
Not extracting FStar.ST.gst_witness to KreMLin (polymorphic assumes are not supported)
Not extracting FStar.ST.gst_recall to KreMLin (polymorphic assumes are not supported)
Not extracting FStar.All.pipe_right to KreMLin (polymorphic assumes are not supported)
Not extracting FStar.All.pipe_left to KreMLin (polymorphic assumes are not supported)
Not extracting FStar.All.exit to KreMLin (polymorphic assumes are not supported)
Not extracting FStar.All.try_with to KreMLin (polymorphic assumes are not supported)
Not extracting exception Failure to KreMLin (exceptions unsupported)
Not extracting FStar.All.failwith to KreMLin (polymorphic assumes are not supported)
Not extracting type definition FStar.Dyn.dyn to KreMLin (assumed type)
Not extracting FStar.Dyn.mkdyn to KreMLin (polymorphic assumes are not supported)
Not extracting FStar.Dyn.undyn to KreMLin (polymorphic assumes are not supported)
Not extracting FStar.HyperStack.ST.gst_witness to KreMLin (polymorphic assumes are not supported)
Not extracting FStar.HyperStack.ST.gst_recall to KreMLin (polymorphic assumes are not supported)
Not extracting FStar.HyperStack.All.pipe_right to KreMLin (polymorphic assumes are not supported)
Not extracting FStar.HyperStack.All.pipe_left to KreMLin (polymorphic assumes are not supported)
Not extracting FStar.HyperStack.All.failwith to KreMLin (polymorphic assumes are not supported)
Not extracting FStar.HyperStack.All.exit to KreMLin (polymorphic assumes are not supported)
Not extracting FStar.HyperStack.All.try_with to KreMLin (polymorphic assumes are not supported)
Not extracting type definition FStar.Float.float to KreMLin (assumed type)
(Warning 250) Error while extracting FStar.List.filter_map to KreMLin (Failure("Internal error: name not found filter_map_acc\n"))

(Warning 250) Error while extracting FStar.List.index to KreMLin (Failure("Internal error: name not found index1\n"))

Not extracting type definition FStar.Char.char to KreMLin (assumed type)
Not extracting exception EOF to KreMLin (exceptions unsupported)
Not extracting type definition FStar.IO.fd_read to KreMLin (assumed type)
Not extracting type definition FStar.IO.fd_write to KreMLin (assumed type)
Not extracting FStar.IO.print_any to KreMLin (polymorphic assumes are not supported)
Not extracting type definition FStar.Bytes.bytes to KreMLin (assumed type)
Spec.Loops.fst(14,8-14,19): (Warning 288) FStar.Seq.Base.createEmpty is deprecated, use Seq.empty instead
Spec.Loops.fst(28,31-28,42): (Warning 288) FStar.Seq.Base.createEmpty is deprecated, use Seq.empty instead
Unable to open hints file: C:\build\agent1\_work\15\s\kremlin\kremlib\Spec.Loops.fst.hints; ran without hints
Unable to open hints file: C:\build\agent1\_work\15\s\kremlin\kremlib\C.Nullity.fsti.hints; ran without hints
Not extracting C.Nullity.is_null to KreMLin (polymorphic assumes are not supported)
Not extracting C.Nullity.null to KreMLin (polymorphic assumes are not supported)
FStar.Kremlin.Endianness.fst(85,4-85,15): (Warning 288) FStar.Seq.Base.createEmpty is deprecated, use Seq.empty instead
FStar.Kremlin.Endianness.fst(105,4-105,15): (Warning 288) FStar.Seq.Base.createEmpty is deprecated, use Seq.empty instead
Unable to open hints file: C:\build\agent1\_work\15\s\kremlin\kremlib\FStar.Kremlin.Endianness.fst.hints; ran without hints
Unable to open hints file: C:\build\agent1\_work\15\s\kremlin\kremlib\C.Endianness.fst.hints; ran without hints
Unable to open hints file: C:\build\agent1\_work\15\s\kremlin\kremlib\C.fst.hints; ran without hints
Not extracting type definition C.channel to KreMLin (assumed type)
Not extracting type definition C.intptr_t to KreMLin (assumed type)
Not extracting type definition C.char to KreMLin (assumed type)
Not extracting type definition C.int to KreMLin (assumed type)
Not extracting type definition C.clock_t to KreMLin (assumed type)
Unable to open hints file: C:\build\agent1\_work\15\s\kremlin\kremlib\C.String.fst.hints; ran without hints
Unable to open hints file: C:\build\agent1\_work\15\s\kremlin\kremlib\C.Failure.fst.hints; ran without hints
Unable to open hints file: C:\build\agent1\_work\15\s\kremlin\kremlib\TestLib.fsti.hints; ran without hints
Not extracting type definition TestLib.cycles to KreMLin (assumed type)
Unable to open hints file: C:\build\agent1\_work\15\s\kremlin\kremlib\C.Loops.fst.hints; ran without hints
/bin/bash: krml: command not found
make[1]: *** [Makefile:78: extracted/Makefile.include] Error 127
make[1]: *** Waiting for unfinished jobs....
/bin/bash: krml: command not found
make[1]: *** [Makefile:84: uint128/Makefile.include] Error 127
make: *** [Makefile:22: kremlib] Error 2
/bin/bash: krml: command not found
make: *** [Makefile:78: extracted/Makefile.include] Error 127
make: *** Waiting for unfinished jobs....
/bin/bash: krml: command not found
make: *** [Makefile:84: uint128/Makefile.include] Error 127
Cloning into 'hacl-star'...
Checking out files:  12% (651/5288)   Checking out files:  13% (688/5288)   Checking out files:  14% (741/5288)   Checking out files:  15% (794/5288)   Checking out files:  16% (847/5288)   Checking out files:  17% (899/5288)   Checking out files:  18% (952/5288)   Checking out files:  19% (1005/5288)   Checking out files:  20% (1058/5288)   Checking out files:  21% (1111/5288)   Checking out files:  22% (1164/5288)   Checking out files:  23% (1217/5288)   Checking out files:  24% (1270/5288)   Checking out files:  24% (1305/5288)   Checking out files:  25% (1322/5288)   Checking out files:  26% (1375/5288)   Checking out files:  27% (1428/5288)   Checking out files:  28% (1481/5288)   Checking out files:  29% (1534/5288)   Checking out files:  30% (1587/5288)   Checking out files:  31% (1640/5288)   Checking out files:  32% (1693/5288)   Checking out files:  33% (1746/5288)   Checking out files:  34% (1798/5288)   Checking out files:  35% (1851/5288)   Checking out files:  36% (1904/5288)   Checking out files:  37% (1957/5288)   Checking out files:  38% (2010/5288)   Checking out files:  38% (2020/5288)   Checking out files:  39% (2063/5288)   Checking out files:  40% (2116/5288)   Checking out files:  41% (2169/5288)   Checking out files:  42% (2221/5288)   Checking out files:  43% (2274/5288)   Checking out files:  44% (2327/5288)   Checking out files:  45% (2380/5288)   Checking out files:  46% (2433/5288)   Checking out files:  47% (2486/5288)   Checking out files:  48% (2539/5288)   Checking out files:  49% (2592/5288)   Checking out files:  50% (2644/5288)   Checking out files:  50% (2675/5288)   Checking out files:  51% (2697/5288)   Checking out files:  52% (2750/5288)   Checking out files:  53% (2803/5288)   Checking out files:  54% (2856/5288)   Checking out files:  55% (2909/5288)   Checking out files:  56% (2962/5288)   Checking out files:  57% (3015/5288)   Checking out files:  58% (3068/5288)   Checking out files:  59% (3120/5288)   Checking out files:  60% (3173/5288)   Checking out files:  61% (3226/5288)   Checking out files:  62% (3279/5288)   Checking out files:  63% (3332/5288)   Checking out files:  63% (3381/5288)   Checking out files:  64% (3385/5288)   Checking out files:  65% (3438/5288)   Checking out files:  66% (3491/5288)   Checking out files:  67% (3543/5288)   Checking out files:  68% (3596/5288)   Checking out files:  69% (3649/5288)   Checking out files:  70% (3702/5288)   Checking out files:  71% (3755/5288)   Checking out files:  72% (3808/5288)   Checking out files:  73% (3861/5288)   Checking out files:  74% (3914/5288)   Checking out files:  75% (3966/5288)   Checking out files:  76% (4019/5288)   Checking out files:  77% (4072/5288)   Checking out files:  77% (4086/5288)   Checking out files:  78% (4125/5288)   Checking out files:  79% (4178/5288)   Checking out files:  80% (4231/5288)   Checking out files:  81% (4284/5288)   Checking out files:  82% (4337/5288)   Checking out files:  83% (4390/5288)   Checking out files:  84% (4442/5288)   Checking out files:  85% (4495/5288)   Checking out files:  86% (4548/5288)   Checking out files:  87% (4601/5288)   Checking out files:  88% (4654/5288)   Checking out files:  89% (4707/5288)   Checking out files:  89% (4738/5288)   Checking out files:  90% (4760/5288)   Checking out files:  91% (4813/5288)   Checking out files:  92% (4865/5288)   Checking out files:  93% (4918/5288)   Checking out files:  94% (4971/5288)   Checking out files:  95% (5024/5288)   Checking out files:  96% (5077/5288)   Checking out files:  97% (5130/5288)   Checking out files:  98% (5183/5288)   Checking out files:  99% (5236/5288)   Checking out files: 100% (5288/5288)   Checking out files: 100% (5288/5288), done.
Cloning into 'mlcrypto'...
Submodule 'openssl' (https://github.com/openssl/openssl) registered for path 'openssl'
Cloning into '/cygdrive/c/build/agent1/_work/15/s/mlcrypto/openssl'...
crypto/asn1/x_int64.c: In function 'uint64_print':
crypto/asn1/x_int64.c:105:32: warning: unknown conversion type character 'j' in format [-Wformat=]
return BIO_printf(out, "%jd\n", **(int64_t **)pval);
^
crypto/asn1/x_int64.c:105:32: warning: too many arguments for format [-Wformat-extra-args]
crypto/asn1/x_int64.c:106:28: warning: unknown conversion type character 'j' in format [-Wformat=]
return BIO_printf(out, "%ju\n", **(uint64_t **)pval);
^
crypto/asn1/x_int64.c:106:28: warning: too many arguments for format [-Wformat-extra-args]
crypto/bio/b_sock2.c: In function 'BIO_socket':
crypto/bio/b_sock2.c:45:16: warning: overflow in implicit constant conversion [-Woverflow]
return INVALID_SOCKET;
^
crypto/bio/b_sock2.c:51:16: warning: overflow in implicit constant conversion [-Woverflow]
return INVALID_SOCKET;
^
crypto/bio/b_sock2.c: In function 'BIO_accept_ex':
crypto/bio/b_sock2.c:263:16: warning: overflow in implicit constant conversion [-Woverflow]
return INVALID_SOCKET;
^
crypto/bio/b_sock2.c:268:16: warning: overflow in implicit constant conversion [-Woverflow]
return INVALID_SOCKET;
^
crypto/bio/b_sock.c: In function 'BIO_get_accept_socket':
crypto/bio/b_sock.c:202:13: warning: overflow in implicit constant conversion [-Woverflow]
int s = INVALID_SOCKET;
^
crypto/bio/b_sock.c:207:16: warning: overflow in implicit constant conversion [-Woverflow]
return INVALID_SOCKET;
^
crypto/bio/b_sock.c:210:16: warning: overflow in implicit constant conversion [-Woverflow]
return INVALID_SOCKET;
^
crypto/bio/b_sock.c:217:13: warning: overflow in implicit constant conversion [-Woverflow]
s = INVALID_SOCKET;
^
crypto/bio/b_sock.c:224:13: warning: overflow in implicit constant conversion [-Woverflow]
s = INVALID_SOCKET;
^
In file included from crypto/bn/bn_print.c:15:0:
crypto/bn/bn_print.c: In function 'BN_bn2dec':
crypto/bn/bn_lcl.h:94:27: warning: unknown conversion type character 'l' in format [-Wformat=]
#  define BN_DEC_FMT1     "%llu"
^
crypto/bn/bn_print.c:104:57: note: in expansion of macro 'BN_DEC_FMT1'
n = BIO_snprintf(p, tbytes - (size_t)(p - buf), BN_DEC_FMT1, *lp);
^
crypto/bn/bn_lcl.h:94:27: warning: too many arguments for format [-Wformat-extra-args]
#  define BN_DEC_FMT1     "%llu"
^
crypto/bn/bn_print.c:104:57: note: in expansion of macro 'BN_DEC_FMT1'
n = BIO_snprintf(p, tbytes - (size_t)(p - buf), BN_DEC_FMT1, *lp);
^
crypto/bn/bn_lcl.h:95:27: warning: unknown conversion type character 'l' in format [-Wformat=]
#  define BN_DEC_FMT2     "%019llu"
^
crypto/bn/bn_print.c:110:61: note: in expansion of macro 'BN_DEC_FMT2'
n = BIO_snprintf(p, tbytes - (size_t)(p - buf), BN_DEC_FMT2, *lp);
^
crypto/bn/bn_lcl.h:95:27: warning: too many arguments for format [-Wformat-extra-args]
#  define BN_DEC_FMT2     "%019llu"
^
crypto/bn/bn_print.c:110:61: note: in expansion of macro 'BN_DEC_FMT2'
n = BIO_snprintf(p, tbytes - (size_t)(p - buf), BN_DEC_FMT2, *lp);
^
crypto/bn/bn_print.c: In function 'BN_options':
crypto/bn/bn_print.c:340:42: warning: unknown conversion type character 'z' in format [-Wformat=]
BIO_snprintf(data, sizeof(data), "bn(%zu,%zu)",
^
crypto/bn/bn_print.c:340:42: warning: unknown conversion type character 'z' in format [-Wformat=]
crypto/bn/bn_print.c:340:42: warning: too many arguments for format [-Wformat-extra-args]
crypto/threads_win.c: In function 'CRYPTO_atomic_add':
crypto/threads_win.c:132:35: warning: passing argument 1 of '_InterlockedExchangeAdd' from incompatible pointer type [-Wincompatible-pointer-types]
*ret = InterlockedExchangeAdd(val, amount) + amount;
^
In file included from /usr/x86_64-w64-mingw32/sys-root/mingw/include/winnt.h:27:0,
from /usr/x86_64-w64-mingw32/sys-root/mingw/include/minwindef.h:163,
from /usr/x86_64-w64-mingw32/sys-root/mingw/include/windef.h:8,
from /usr/x86_64-w64-mingw32/sys-root/mingw/include/windows.h:69,
from crypto/threads_win.c:11:
/usr/x86_64-w64-mingw32/sys-root/mingw/include/psdk_inc/intrin-impl.h:1026:10: note: expected 'volatile long int *' but argument is of type 'int *'
__LONG32 _InterlockedExchangeAdd(__LONG32 volatile *Addend, __LONG32 Value) {
^
crypto/threads_win.c: In function 'CRYPTO_atomic_read':
crypto/threads_win.c:138:39: warning: passing argument 1 of '_InterlockedCompareExchange' from incompatible pointer type [-Wincompatible-pointer-types]
*ret = InterlockedCompareExchange(val, 0, 0);
^
In file included from /usr/x86_64-w64-mingw32/sys-root/mingw/include/winnt.h:27:0,
from /usr/x86_64-w64-mingw32/sys-root/mingw/include/minwindef.h:163,
from /usr/x86_64-w64-mingw32/sys-root/mingw/include/windef.h:8,
from /usr/x86_64-w64-mingw32/sys-root/mingw/include/windows.h:69,
from crypto/threads_win.c:11:
/usr/x86_64-w64-mingw32/sys-root/mingw/include/psdk_inc/intrin-impl.h:1037:10: note: expected 'volatile long int *' but argument is of type 'int *'
__LONG32 _InterlockedCompareExchange(__LONG32 volatile *Destination, __LONG32 ExChange, __LONG32 Comperand) {
^
crypto/threads_win.c: In function 'CRYPTO_atomic_write':
crypto/threads_win.c:144:25: warning: passing argument 1 of '_InterlockedExchange' from incompatible pointer type [-Wincompatible-pointer-types]
InterlockedExchange(val, n);
^
In file included from /usr/x86_64-w64-mingw32/sys-root/mingw/include/winnt.h:27:0,
from /usr/x86_64-w64-mingw32/sys-root/mingw/include/minwindef.h:163,
from /usr/x86_64-w64-mingw32/sys-root/mingw/include/windef.h:8,
from /usr/x86_64-w64-mingw32/sys-root/mingw/include/windows.h:69,
from crypto/threads_win.c:11:
/usr/x86_64-w64-mingw32/sys-root/mingw/include/psdk_inc/intrin-impl.h:1088:10: note: expected 'volatile long int *' but argument is of type 'int *'
__LONG32 _InterlockedExchange(__LONG32 volatile *Target, __LONG32 Value) {
^
test/testutil/tests.c: In function 'test_size_t_eq':
test/testutil/tests.c:196:27: warning: unknown conversion type character 'z' in format [-Wformat=]
"[" fmt "] compared to [" fmt "]",            \
^
test/testutil/tests.c:202:5: note: in expansion of macro 'DEFINE_COMPARISON'
DEFINE_COMPARISON(type, name, eq, ==, fmt)                          \
^
test/testutil/tests.c:215:1: note: in expansion of macro 'DEFINE_COMPARISONS'
DEFINE_COMPARISONS(size_t, size_t, "%zu")
^
test/testutil/tests.c:196:27: warning: unknown conversion type character 'z' in format [-Wformat=]
"[" fmt "] compared to [" fmt "]",            \
^
test/testutil/tests.c:202:5: note: in expansion of macro 'DEFINE_COMPARISON'
DEFINE_COMPARISON(type, name, eq, ==, fmt)                          \
^
test/testutil/tests.c:215:1: note: in expansion of macro 'DEFINE_COMPARISONS'
DEFINE_COMPARISONS(size_t, size_t, "%zu")
^
test/testutil/tests.c:196:27: warning: too many arguments for format [-Wformat-extra-args]
"[" fmt "] compared to [" fmt "]",            \
^
test/testutil/tests.c:202:5: note: in expansion of macro 'DEFINE_COMPARISON'
DEFINE_COMPARISON(type, name, eq, ==, fmt)                          \
^
test/testutil/tests.c:215:1: note: in expansion of macro 'DEFINE_COMPARISONS'
DEFINE_COMPARISONS(size_t, size_t, "%zu")
^
test/testutil/tests.c: In function 'test_size_t_ne':
test/testutil/tests.c:196:27: warning: unknown conversion type character 'z' in format [-Wformat=]
"[" fmt "] compared to [" fmt "]",            \
^
test/testutil/tests.c:203:5: note: in expansion of macro 'DEFINE_COMPARISON'
DEFINE_COMPARISON(type, name, ne, !=, fmt)                          \
^
test/testutil/tests.c:215:1: note: in expansion of macro 'DEFINE_COMPARISONS'
DEFINE_COMPARISONS(size_t, size_t, "%zu")
^
test/testutil/tests.c:196:27: warning: unknown conversion type character 'z' in format [-Wformat=]
"[" fmt "] compared to [" fmt "]",            \
^
test/testutil/tests.c:203:5: note: in expansion of macro 'DEFINE_COMPARISON'
DEFINE_COMPARISON(type, name, ne, !=, fmt)                          \
^
test/testutil/tests.c:215:1: note: in expansion of macro 'DEFINE_COMPARISONS'
DEFINE_COMPARISONS(size_t, size_t, "%zu")
^
test/testutil/tests.c:196:27: warning: too many arguments for format [-Wformat-extra-args]
"[" fmt "] compared to [" fmt "]",            \
^
test/testutil/tests.c:203:5: note: in expansion of macro 'DEFINE_COMPARISON'
DEFINE_COMPARISON(type, name, ne, !=, fmt)                          \
^
test/testutil/tests.c:215:1: note: in expansion of macro 'DEFINE_COMPARISONS'
DEFINE_COMPARISONS(size_t, size_t, "%zu")
^
test/testutil/tests.c: In function 'test_size_t_lt':
test/testutil/tests.c:196:27: warning: unknown conversion type character 'z' in format [-Wformat=]
"[" fmt "] compared to [" fmt "]",            \
^
test/testutil/tests.c:204:5: note: in expansion of macro 'DEFINE_COMPARISON'
DEFINE_COMPARISON(type, name, lt, <, fmt)                           \
^
test/testutil/tests.c:215:1: note: in expansion of macro 'DEFINE_COMPARISONS'
DEFINE_COMPARISONS(size_t, size_t, "%zu")
^
test/testutil/tests.c:196:27: warning: unknown conversion type character 'z' in format [-Wformat=]
"[" fmt "] compared to [" fmt "]",            \
^
test/testutil/tests.c:204:5: note: in expansion of macro 'DEFINE_COMPARISON'
DEFINE_COMPARISON(type, name, lt, <, fmt)                           \
^
test/testutil/tests.c:215:1: note: in expansion of macro 'DEFINE_COMPARISONS'
DEFINE_COMPARISONS(size_t, size_t, "%zu")
^
test/testutil/tests.c:196:27: warning: too many arguments for format [-Wformat-extra-args]
"[" fmt "] compared to [" fmt "]",            \
^
test/testutil/tests.c:204:5: note: in expansion of macro 'DEFINE_COMPARISON'
DEFINE_COMPARISON(type, name, lt, <, fmt)                           \
^
test/testutil/tests.c:215:1: note: in expansion of macro 'DEFINE_COMPARISONS'
DEFINE_COMPARISONS(size_t, size_t, "%zu")
^
test/testutil/tests.c: In function 'test_size_t_le':
test/testutil/tests.c:196:27: warning: unknown conversion type character 'z' in format [-Wformat=]
"[" fmt "] compared to [" fmt "]",            \
^
test/testutil/tests.c:205:5: note: in expansion of macro 'DEFINE_COMPARISON'
DEFINE_COMPARISON(type, name, le, <=, fmt)                          \
^
test/testutil/tests.c:215:1: note: in expansion of macro 'DEFINE_COMPARISONS'
DEFINE_COMPARISONS(size_t, size_t, "%zu")
^
test/testutil/tests.c:196:27: warning: unknown conversion type character 'z' in format [-Wformat=]
"[" fmt "] compared to [" fmt "]",            \
^
test/testutil/tests.c:205:5: note: in expansion of macro 'DEFINE_COMPARISON'
DEFINE_COMPARISON(type, name, le, <=, fmt)                          \
^
test/testutil/tests.c:215:1: note: in expansion of macro 'DEFINE_COMPARISONS'
DEFINE_COMPARISONS(size_t, size_t, "%zu")
^
test/testutil/tests.c:196:27: warning: too many arguments for format [-Wformat-extra-args]
"[" fmt "] compared to [" fmt "]",            \
^
test/testutil/tests.c:205:5: note: in expansion of macro 'DEFINE_COMPARISON'
DEFINE_COMPARISON(type, name, le, <=, fmt)                          \
^
test/testutil/tests.c:215:1: note: in expansion of macro 'DEFINE_COMPARISONS'
DEFINE_COMPARISONS(size_t, size_t, "%zu")
^
test/testutil/tests.c: In function 'test_size_t_gt':
test/testutil/tests.c:196:27: warning: unknown conversion type character 'z' in format [-Wformat=]
"[" fmt "] compared to [" fmt "]",            \
^
test/testutil/tests.c:206:5: note: in expansion of macro 'DEFINE_COMPARISON'
DEFINE_COMPARISON(type, name, gt, >, fmt)                           \
^
test/testutil/tests.c:215:1: note: in expansion of macro 'DEFINE_COMPARISONS'
DEFINE_COMPARISONS(size_t, size_t, "%zu")
^
test/testutil/tests.c:196:27: warning: unknown conversion type character 'z' in format [-Wformat=]
"[" fmt "] compared to [" fmt "]",            \
^
test/testutil/tests.c:206:5: note: in expansion of macro 'DEFINE_COMPARISON'
DEFINE_COMPARISON(type, name, gt, >, fmt)                           \
^
test/testutil/tests.c:215:1: note: in expansion of macro 'DEFINE_COMPARISONS'
DEFINE_COMPARISONS(size_t, size_t, "%zu")
^
test/testutil/tests.c:196:27: warning: too many arguments for format [-Wformat-extra-args]
"[" fmt "] compared to [" fmt "]",            \
^
test/testutil/tests.c:206:5: note: in expansion of macro 'DEFINE_COMPARISON'
DEFINE_COMPARISON(type, name, gt, >, fmt)                           \
^
test/testutil/tests.c:215:1: note: in expansion of macro 'DEFINE_COMPARISONS'
DEFINE_COMPARISONS(size_t, size_t, "%zu")
^
test/testutil/tests.c: In function 'test_size_t_ge':
test/testutil/tests.c:196:27: warning: unknown conversion type character 'z' in format [-Wformat=]
"[" fmt "] compared to [" fmt "]",            \
^
test/testutil/tests.c:207:5: note: in expansion of macro 'DEFINE_COMPARISON'
DEFINE_COMPARISON(type, name, ge, >=, fmt)
^
test/testutil/tests.c:215:1: note: in expansion of macro 'DEFINE_COMPARISONS'
DEFINE_COMPARISONS(size_t, size_t, "%zu")
^
test/testutil/tests.c:196:27: warning: unknown conversion type character 'z' in format [-Wformat=]
"[" fmt "] compared to [" fmt "]",            \
^
test/testutil/tests.c:207:5: note: in expansion of macro 'DEFINE_COMPARISON'
DEFINE_COMPARISON(type, name, ge, >=, fmt)
^
test/testutil/tests.c:215:1: note: in expansion of macro 'DEFINE_COMPARISONS'
DEFINE_COMPARISONS(size_t, size_t, "%zu")
^
test/testutil/tests.c:196:27: warning: too many arguments for format [-Wformat-extra-args]
"[" fmt "] compared to [" fmt "]",            \
^
test/testutil/tests.c:207:5: note: in expansion of macro 'DEFINE_COMPARISON'
DEFINE_COMPARISON(type, name, ge, >=, fmt)
^
test/testutil/tests.c:215:1: note: in expansion of macro 'DEFINE_COMPARISONS'
DEFINE_COMPARISONS(size_t, size_t, "%zu")
^
ar: creating libssl.a
ar: creating test/libtestutil.a
ar: creating libcrypto.a
openssl_stub.c: In function ‘ocaml_load_chain’:
openssl_stub.c:2187:16: warning: variable ‘first’ set but not used [-Wunused-but-set-variable]
X509 *x509, *first = NULL;
^
Warning 10: : -drop is deprecated
use a combination of -bundle and -d reachability to make sure the functions are eliminated as you wish
Warning 10: : -drop is deprecated
use a combination of -bundle and -d reachability to make sure the functions are eliminated as you wish
Warning 10: : -drop is deprecated
use a combination of -bundle and -d reachability to make sure the functions are eliminated as you wish
Warning 13: : FStar.Monotonic.HyperStack.mem, a monomorphic instance, is first used, and therefore inserted, in file FStar which is about to be dropped; you may get a C compiler error about FStar_Monotonic_HyperStack_mem if any other module uses this definition
Warning 13: : FStar.UInt128.t, a monomorphic instance, is first used, and therefore inserted, in file FStar which is about to be dropped; you may get a C compiler error about FStar_UInt128_t if any other module uses this definition
Warning 13: : Hacl.UInt128.t, a monomorphic instance, is first used, and therefore inserted, in file Hacl_UInt128 which is about to be dropped; you may get a C compiler error about Hacl_UInt128_t if any other module uses this definition
Warning 13: : Hacl.Types.u32, a monomorphic instance, is first used, and therefore inserted, in file Hacl_Types which is about to be dropped; you may get a C compiler error about Hacl_Types_u32 if any other module uses this definition
Warning 13: : Hacl.Types.h8, a monomorphic instance, is first used, and therefore inserted, in file Hacl_Types which is about to be dropped; you may get a C compiler error about Hacl_Types_h8 if any other module uses this definition
Warning 13: : Hacl.Types.uint8_p, a monomorphic instance, is first used, and therefore inserted, in file Hacl_Types which is about to be dropped; you may get a C compiler error about Hacl_Types_uint8_p if any other module uses this definition
Warning 10: : -drop is deprecated
use a combination of -bundle and -d reachability to make sure the functions are eliminated as you wish
Warning 13: : Hacl.UInt128.t, a monomorphic instance, is first used, and therefore inserted, in file Hacl_UInt128 which is about to be dropped; you may get a C compiler error about Hacl_UInt128_t if any other module uses this definition
Warning 13: : Hacl.Types.u32, a monomorphic instance, is first used, and therefore inserted, in file Hacl_Types which is about to be dropped; you may get a C compiler error about Hacl_Types_u32 if any other module uses this definition
Warning 13: : Hacl.Types.h8, a monomorphic instance, is first used, and therefore inserted, in file Hacl_Types which is about to be dropped; you may get a C compiler error about Hacl_Types_h8 if any other module uses this definition
Warning 13: : Hacl.Types.uint8_p, a monomorphic instance, is first used, and therefore inserted, in file Hacl_Types which is about to be dropped; you may get a C compiler error about Hacl_Types_uint8_p if any other module uses this definition
Warning 13: : Hacl.Constants.u32, a monomorphic instance, is first used, and therefore inserted, in file Hacl_Constants which is about to be dropped; you may get a C compiler error about Hacl_Constants_u32 if any other module uses this definition
Warning 13: : Hacl.Constants.u64, a monomorphic instance, is first used, and therefore inserted, in file Hacl_Constants which is about to be dropped; you may get a C compiler error about Hacl_Constants_u64 if any other module uses this definition
Warning 13: : Hacl.Constants.h8, a monomorphic instance, is first used, and therefore inserted, in file Hacl_Constants which is about to be dropped; you may get a C compiler error about Hacl_Constants_h8 if any other module uses this definition
Warning 13: : Hacl.Constants.uint8_p, a monomorphic instance, is first used, and therefore inserted, in file Hacl_Constants which is about to be dropped; you may get a C compiler error about Hacl_Constants_uint8_p if any other module uses this definition
Warning 13: : Prims.nat, a monomorphic instance, is first used, and therefore inserted, in file Prims which is about to be dropped; you may get a C compiler error about Prims_nat if any other module uses this definition
Warning 10: : -drop is deprecated
use a combination of -bundle and -d reachability to make sure the functions are eliminated as you wish
Warning 10: : -drop is deprecated
use a combination of -bundle and -d reachability to make sure the functions are eliminated as you wish
Warning 10: : -drop is deprecated
use a combination of -bundle and -d reachability to make sure the functions are eliminated as you wish
Warning 10: : -drop is deprecated
use a combination of -bundle and -d reachability to make sure the functions are eliminated as you wish
Warning 13: : FStar.Monotonic.HyperStack.mem, a monomorphic instance, is first used, and therefore inserted, in file FStar which is about to be dropped; you may get a C compiler error about FStar_Monotonic_HyperStack_mem if any other module uses this definition
Warning 13: : FStar.UInt128.t, a monomorphic instance, is first used, and therefore inserted, in file FStar which is about to be dropped; you may get a C compiler error about FStar_UInt128_t if any other module uses this definition
Warning 13: : Hacl.UInt128.t, a monomorphic instance, is first used, and therefore inserted, in file Hacl_UInt128 which is about to be dropped; you may get a C compiler error about Hacl_UInt128_t if any other module uses this definition
Warning 13: : Prims.nat, a monomorphic instance, is first used, and therefore inserted, in file Prims which is about to be dropped; you may get a C compiler error about Prims_nat if any other module uses this definition
Warning 10: : -drop is deprecated
use a combination of -bundle and -d reachability to make sure the functions are eliminated as you wish
Warning 13: : FStar.Monotonic.HyperStack.mem, a monomorphic instance, is first used, and therefore inserted, in file FStar which is about to be dropped; you may get a C compiler error about FStar_Monotonic_HyperStack_mem if any other module uses this definition
Warning 13: : FStar.UInt128.t, a monomorphic instance, is first used, and therefore inserted, in file FStar which is about to be dropped; you may get a C compiler error about FStar_UInt128_t if any other module uses this definition
Warning 13: : Hacl.UInt128.t, a monomorphic instance, is first used, and therefore inserted, in file Hacl_UInt128 which is about to be dropped; you may get a C compiler error about Hacl_UInt128_t if any other module uses this definition
Warning 13: : Prims.nat, a monomorphic instance, is first used, and therefore inserted, in file Prims which is about to be dropped; you may get a C compiler error about Prims_nat if any other module uses this definition
Warning 10: : -drop is deprecated
use a combination of -bundle and -d reachability to make sure the functions are eliminated as you wish
Warning 10: : -drop is deprecated
use a combination of -bundle and -d reachability to make sure the functions are eliminated as you wish
Warning 6: in the definition of mac, after the definition of macsize, in the last element of the sequence, in top-level declaration Hacl.Test.Poly1305_32.main, in file Hacl_Test_Poly1305_32: stack newbuf 0uint8 @0 is a non-constant size, stack-allocated array; this is not supported by CompCert and requires the use of alloca(3) for MSVC
Warning 13: : FStar.Monotonic.HyperStack.mem, a monomorphic instance, is first used, and therefore inserted, in file FStar which is about to be dropped; you may get a C compiler error about FStar_Monotonic_HyperStack_mem if any other module uses this definition
Warning 13: : FStar.UInt128.t, a monomorphic instance, is first used, and therefore inserted, in file FStar which is about to be dropped; you may get a C compiler error about FStar_UInt128_t if any other module uses this definition
Warning 13: : Hacl.UInt128.t, a monomorphic instance, is first used, and therefore inserted, in file Hacl_UInt128 which is about to be dropped; you may get a C compiler error about Hacl_UInt128_t if any other module uses this definition
Warning 13: : Prims.nat, a monomorphic instance, is first used, and therefore inserted, in file Prims which is about to be dropped; you may get a C compiler error about Prims_nat if any other module uses this definition
Warning 14: : C.String.of_literal is not Low*; it uses F*'s Prims.string type and will leak memory; you need to link with a garbage-collector; if this declaration is for specification purposes only, consider marking it noextract or using -bundle <name-of-the-module> to only keep reachable definitions; if you are looking to use C strings, look into C.String (in kremlib/) and Server (in test/). See the KreMLin tutorial for more information.
Warning 10: : -drop is deprecated
use a combination of -bundle and -d reachability to make sure the functions are eliminated as you wish
Warning 10: : -drop is deprecated
use a combination of -bundle and -d reachability to make sure the functions are eliminated as you wish
Warning 6: in the definition of output, after the definition of output_len, in the last element of the sequence, in top-level declaration Hacl.Test.HMAC.SHA2_256.test_1, in file Hacl_Test_HMAC_SHA2_256: stack newbuf 0uint8 @0 is a non-constant size, stack-allocated array; this is not supported by CompCert and requires the use of alloca(3) for MSVC
Warning 6: in the definition of key1, after the definition of key_len1, in the last element of the sequence, in top-level declaration Hacl.Test.HMAC.SHA2_256.test_1, in file Hacl_Test_HMAC_SHA2_256: stack newbuf 0x0buint8 @0 is a non-constant size, stack-allocated array; this is not supported by CompCert and requires the use of alloca(3) for MSVC
Warning 6: in the definition of output, after the definition of output_len, in the last element of the sequence, in top-level declaration Hacl.Test.HMAC.SHA2_256.test_2, in file Hacl_Test_HMAC_SHA2_256: stack newbuf 0uint8 @0 is a non-constant size, stack-allocated array; this is not supported by CompCert and requires the use of alloca(3) for MSVC
Warning 6: in the definition of output, after the definition of output_len, in the last element of the sequence, in top-level declaration Hacl.Test.HMAC.SHA2_256.test_3, in file Hacl_Test_HMAC_SHA2_256: stack newbuf 0uint8 @0 is a non-constant size, stack-allocated array; this is not supported by CompCert and requires the use of alloca(3) for MSVC
Warning 6: in the definition of key1, after the definition of key_len1, in the last element of the sequence, in top-level declaration Hacl.Test.HMAC.SHA2_256.test_3, in file Hacl_Test_HMAC_SHA2_256: stack newbuf 0xaauint8 @0 is a non-constant size, stack-allocated array; this is not supported by CompCert and requires the use of alloca(3) for MSVC
Warning 6: in the definition of data, after the definition of data_len, in the last element of the sequence, in top-level declaration Hacl.Test.HMAC.SHA2_256.test_3, in file Hacl_Test_HMAC_SHA2_256: stack newbuf 0xdduint8 @0 is a non-constant size, stack-allocated array; this is not supported by CompCert and requires the use of alloca(3) for MSVC
Warning 6: in the definition of output, after the definition of output_len, in the last element of the sequence, in top-level declaration Hacl.Test.HMAC.SHA2_256.test_4, in file Hacl_Test_HMAC_SHA2_256: stack newbuf 0uint8 @0 is a non-constant size, stack-allocated array; this is not supported by CompCert and requires the use of alloca(3) for MSVC
Warning 6: in the definition of data, after the definition of data_len, in the last element of the sequence, in top-level declaration Hacl.Test.HMAC.SHA2_256.test_4, in file Hacl_Test_HMAC_SHA2_256: stack newbuf 0xcduint8 @0 is a non-constant size, stack-allocated array; this is not supported by CompCert and requires the use of alloca(3) for MSVC
Warning 6: in the definition of output, after the definition of output_len, in the last element of the sequence, in top-level declaration Hacl.Test.HMAC.SHA2_256.test_5, in file Hacl_Test_HMAC_SHA2_256: stack newbuf 0x00uint8 @0 is a non-constant size, stack-allocated array; this is not supported by CompCert and requires the use of alloca(3) for MSVC
Warning 6: in the definition of key, after the definition of key_len, in the last element of the sequence, in top-level declaration Hacl.Test.HMAC.SHA2_256.test_5, in file Hacl_Test_HMAC_SHA2_256: stack newbuf 0x0cuint8 @0 is a non-constant size, stack-allocated array; this is not supported by CompCert and requires the use of alloca(3) for MSVC
Warning 6: in the definition of output, after the definition of output_len, in the last element of the sequence, in top-level declaration Hacl.Test.HMAC.SHA2_256.test_6, in file Hacl_Test_HMAC_SHA2_256: stack newbuf 0uint8 @0 is a non-constant size, stack-allocated array; this is not supported by CompCert and requires the use of alloca(3) for MSVC
Warning 6: in the definition of key, after the definition of key_len, in the last element of the sequence, in top-level declaration Hacl.Test.HMAC.SHA2_256.test_6, in file Hacl_Test_HMAC_SHA2_256: stack newbuf 0xaauint8 @0 is a non-constant size, stack-allocated array; this is not supported by CompCert and requires the use of alloca(3) for MSVC
Warning 6: in the definition of output, after the definition of output_len, in the last element of the sequence, in top-level declaration Hacl.Test.HMAC.SHA2_256.test_7, in file Hacl_Test_HMAC_SHA2_256: stack newbuf 0uint8 @0 is a non-constant size, stack-allocated array; this is not supported by CompCert and requires the use of alloca(3) for MSVC
Warning 6: in the definition of key, after the definition of key_len, in the last element of the sequence, in top-level declaration Hacl.Test.HMAC.SHA2_256.test_7, in file Hacl_Test_HMAC_SHA2_256: stack newbuf 0xaauint8 @0 is a non-constant size, stack-allocated array; this is not supported by CompCert and requires the use of alloca(3) for MSVC
Warning 13: : FStar.Monotonic.HyperStack.mem, a monomorphic instance, is first used, and therefore inserted, in file FStar which is about to be dropped; you may get a C compiler error about FStar_Monotonic_HyperStack_mem if any other module uses this definition
Warning 13: : FStar.UInt128.t, a monomorphic instance, is first used, and therefore inserted, in file FStar which is about to be dropped; you may get a C compiler error about FStar_UInt128_t if any other module uses this definition
Warning 13: : Prims.nat, a monomorphic instance, is first used, and therefore inserted, in file Prims which is about to be dropped; you may get a C compiler error about Prims_nat if any other module uses this definition
Warning 14: : C.String.of_literal is not Low*; it uses F*'s Prims.string type and will leak memory; you need to link with a garbage-collector; if this declaration is for specification purposes only, consider marking it noextract or using -bundle <name-of-the-module> to only keep reachable definitions; if you are looking to use C strings, look into C.String (in kremlib/) and Server (in test/). See the KreMLin tutorial for more information.
Warning 10: : -drop is deprecated
use a combination of -bundle and -d reachability to make sure the functions are eliminated as you wish
Warning 10: : -drop is deprecated
use a combination of -bundle and -d reachability to make sure the functions are eliminated as you wish
Warning 10: : -drop is deprecated
use a combination of -bundle and -d reachability to make sure the functions are eliminated as you wish
Warning 13: : Prims.nat, a monomorphic instance, is first used, and therefore inserted, in file Prims which is about to be dropped; you may get a C compiler error about Prims_nat if any other module uses this definition
Warning 14: : C.String.of_literal is not Low*; it uses F*'s Prims.string type and will leak memory; you need to link with a garbage-collector; if this declaration is for specification purposes only, consider marking it noextract or using -bundle <name-of-the-module> to only keep reachable definitions; if you are looking to use C strings, look into C.String (in kremlib/) and Server (in test/). See the KreMLin tutorial for more information.
Warning 10: : -drop is deprecated
use a combination of -bundle and -d reachability to make sure the functions are eliminated as you wish
Warning 6: in the definition of output, after the definition of output_len, in the last element of the sequence, in top-level declaration Hacl.Test.SHA2_256.test_1a, in file Hacl_Test_SHA2_256: stack newbuf 0uint8 @0 is a non-constant size, stack-allocated array; this is not supported by CompCert and requires the use of alloca(3) for MSVC
Warning 6: in the definition of output, after the definition of output_len, in the last element of the sequence, in top-level declaration Hacl.Test.SHA2_256.test_1b, in file Hacl_Test_SHA2_256: stack newbuf 0uint8 @0 is a non-constant size, stack-allocated array; this is not supported by CompCert and requires the use of alloca(3) for MSVC
Warning 6: in the definition of output, after the definition of output_len, in the last element of the sequence, in top-level declaration Hacl.Test.SHA2_256.test_2a, in file Hacl_Test_SHA2_256: stack newbuf 0uint8 @0 is a non-constant size, stack-allocated array; this is not supported by CompCert and requires the use of alloca(3) for MSVC
Warning 6: in the definition of output, after the definition of output_len, in the last element of the sequence, in top-level declaration Hacl.Test.SHA2_256.test_2b, in file Hacl_Test_SHA2_256: stack newbuf 0uint8 @0 is a non-constant size, stack-allocated array; this is not supported by CompCert and requires the use of alloca(3) for MSVC
Warning 6: in the definition of output, after the definition of output_len, in the last element of the sequence, in top-level declaration Hacl.Test.SHA2_256.test_3a, in file Hacl_Test_SHA2_256: stack newbuf 0uint8 @0 is a non-constant size, stack-allocated array; this is not supported by CompCert and requires the use of alloca(3) for MSVC
Warning 6: in the definition of output, after the definition of output_len, in the last element of the sequence, in top-level declaration Hacl.Test.SHA2_256.test_3b, in file Hacl_Test_SHA2_256: stack newbuf 0uint8 @0 is a non-constant size, stack-allocated array; this is not supported by CompCert and requires the use of alloca(3) for MSVC
Warning 6: in the definition of output, after the definition of output_len, in the last element of the sequence, in top-level declaration Hacl.Test.SHA2_256.test_4a, in file Hacl_Test_SHA2_256: stack newbuf 0uint8 @0 is a non-constant size, stack-allocated array; this is not supported by CompCert and requires the use of alloca(3) for MSVC
Warning 6: in the definition of output, after the definition of output_len, in the last element of the sequence, in top-level declaration Hacl.Test.SHA2_256.test_4b, in file Hacl_Test_SHA2_256: stack newbuf 0uint8 @0 is a non-constant size, stack-allocated array; this is not supported by CompCert and requires the use of alloca(3) for MSVC
Warning 6: in the definition of output, after the definition of output_len, in the last element of the sequence, in top-level declaration Hacl.Test.SHA2_256.test_5, in file Hacl_Test_SHA2_256: stack newbuf 0uint8 @0 is a non-constant size, stack-allocated array; this is not supported by CompCert and requires the use of alloca(3) for MSVC
Warning 6: in the definition of plaintext, after the definition of plaintext_len, in the last element of the sequence, in top-level declaration Hacl.Test.SHA2_256.test_5, in file Hacl_Test_SHA2_256: stack newbuf 0x61uint8 @0 is a non-constant size, stack-allocated array; this is not supported by CompCert and requires the use of alloca(3) for MSVC
Warning 6: in the definition of output, after the definition of output_len, in the last element of the sequence, in top-level declaration Hacl.Test.SHA2_256.test_6, in file Hacl_Test_SHA2_256: stack newbuf 0uint8 @0 is a non-constant size, stack-allocated array; this is not supported by CompCert and requires the use of alloca(3) for MSVC
Warning 13: : Prims.nat, a monomorphic instance, is first used, and therefore inserted, in file Prims which is about to be dropped; you may get a C compiler error about Prims_nat if any other module uses this definition
Warning 14: : C.String.of_literal is not Low*; it uses F*'s Prims.string type and will leak memory; you need to link with a garbage-collector; if this declaration is for specification purposes only, consider marking it noextract or using -bundle <name-of-the-module> to only keep reachable definitions; if you are looking to use C strings, look into C.String (in kremlib/) and Server (in test/). See the KreMLin tutorial for more information.
Warning 10: : -drop is deprecated
use a combination of -bundle and -d reachability to make sure the functions are eliminated as you wish
Warning 13: : Hacl.UInt128.t, a monomorphic instance, is first used, and therefore inserted, in file Hacl_UInt128 which is about to be dropped; you may get a C compiler error about Hacl_UInt128_t if any other module uses this definition
Warning 13: : Prims.nat, a monomorphic instance, is first used, and therefore inserted, in file Prims which is about to be dropped; you may get a C compiler error about Prims_nat if any other module uses this definition
Warning 14: : C.String.of_literal is not Low*; it uses F*'s Prims.string type and will leak memory; you need to link with a garbage-collector; if this declaration is for specification purposes only, consider marking it noextract or using -bundle <name-of-the-module> to only keep reachable definitions; if you are looking to use C strings, look into C.String (in kremlib/) and Server (in test/). See the KreMLin tutorial for more information.
Warning 10: : -drop is deprecated
use a combination of -bundle and -d reachability to make sure the functions are eliminated as you wish
Warning 6: in the definition of output, after the definition of output_len, in the last element of the sequence, in top-level declaration Hacl.Test.SHA2_384.test_1a, in file Hacl_Test_SHA2_384: stack newbuf 0uint8 @0 is a non-constant size, stack-allocated array; this is not supported by CompCert and requires the use of alloca(3) for MSVC
Warning 6: in the definition of output, after the definition of output_len, in the last element of the sequence, in top-level declaration Hacl.Test.SHA2_384.test_1b, in file Hacl_Test_SHA2_384: stack newbuf 0uint8 @0 is a non-constant size, stack-allocated array; this is not supported by CompCert and requires the use of alloca(3) for MSVC
Warning 6: in the definition of output, after the definition of output_len, in the last element of the sequence, in top-level declaration Hacl.Test.SHA2_384.test_2a, in file Hacl_Test_SHA2_384: stack newbuf 0uint8 @0 is a non-constant size, stack-allocated array; this is not supported by CompCert and requires the use of alloca(3) for MSVC
Warning 6: in the definition of output, after the definition of output_len, in the last element of the sequence, in top-level declaration Hacl.Test.SHA2_384.test_2b, in file Hacl_Test_SHA2_384: stack newbuf 0uint8 @0 is a non-constant size, stack-allocated array; this is not supported by CompCert and requires the use of alloca(3) for MSVC
Warning 6: in the definition of output, after the definition of output_len, in the last element of the sequence, in top-level declaration Hacl.Test.SHA2_384.test_3a, in file Hacl_Test_SHA2_384: stack newbuf 0uint8 @0 is a non-constant size, stack-allocated array; this is not supported by CompCert and requires the use of alloca(3) for MSVC
Warning 6: in the definition of output, after the definition of output_len, in the last element of the sequence, in top-level declaration Hacl.Test.SHA2_384.test_3b, in file Hacl_Test_SHA2_384: stack newbuf 0uint8 @0 is a non-constant size, stack-allocated array; this is not supported by CompCert and requires the use of alloca(3) for MSVC
Warning 6: in the definition of output, after the definition of output_len, in the last element of the sequence, in top-level declaration Hacl.Test.SHA2_384.test_4a, in file Hacl_Test_SHA2_384: stack newbuf 0uint8 @0 is a non-constant size, stack-allocated array; this is not supported by CompCert and requires the use of alloca(3) for MSVC
Warning 6: in the definition of output, after the definition of output_len, in the last element of the sequence, in top-level declaration Hacl.Test.SHA2_384.test_4b, in file Hacl_Test_SHA2_384: stack newbuf 0uint8 @0 is a non-constant size, stack-allocated array; this is not supported by CompCert and requires the use of alloca(3) for MSVC
Warning 6: in the definition of output, after the definition of output_len, in the last element of the sequence, in top-level declaration Hacl.Test.SHA2_384.test_5, in file Hacl_Test_SHA2_384: stack newbuf 0uint8 @0 is a non-constant size, stack-allocated array; this is not supported by CompCert and requires the use of alloca(3) for MSVC
Warning 6: in the definition of plaintext, after the definition of plaintext_len, in the last element of the sequence, in top-level declaration Hacl.Test.SHA2_384.test_5, in file Hacl_Test_SHA2_384: stack newbuf 0x61uint8 @0 is a non-constant size, stack-allocated array; this is not supported by CompCert and requires the use of alloca(3) for MSVC
Warning 6: in the definition of output, after the definition of output_len, in the last element of the sequence, in top-level declaration Hacl.Test.SHA2_384.test_6, in file Hacl_Test_SHA2_384: stack newbuf 0uint8 @0 is a non-constant size, stack-allocated array; this is not supported by CompCert and requires the use of alloca(3) for MSVC
Warning 13: : Hacl.UInt128.t, a monomorphic instance, is first used, and therefore inserted, in file Hacl_UInt128 which is about to be dropped; you may get a C compiler error about Hacl_UInt128_t if any other module uses this definition
Warning 13: : Prims.nat, a monomorphic instance, is first used, and therefore inserted, in file Prims which is about to be dropped; you may get a C compiler error about Prims_nat if any other module uses this definition
Warning 14: : C.String.of_literal is not Low*; it uses F*'s Prims.string type and will leak memory; you need to link with a garbage-collector; if this declaration is for specification purposes only, consider marking it noextract or using -bundle <name-of-the-module> to only keep reachable definitions; if you are looking to use C strings, look into C.String (in kremlib/) and Server (in test/). See the KreMLin tutorial for more information.
Warning 10: : -drop is deprecated
use a combination of -bundle and -d reachability to make sure the functions are eliminated as you wish
Warning 13: : Hacl.UInt128.t, a monomorphic instance, is first used, and therefore inserted, in file Hacl_UInt128 which is about to be dropped; you may get a C compiler error about Hacl_UInt128_t if any other module uses this definition
Warning 13: : Prims.nat, a monomorphic instance, is first used, and therefore inserted, in file Prims which is about to be dropped; you may get a C compiler error about Prims_nat if any other module uses this definition
Warning 14: : C.String.of_literal is not Low*; it uses F*'s Prims.string type and will leak memory; you need to link with a garbage-collector; if this declaration is for specification purposes only, consider marking it noextract or using -bundle <name-of-the-module> to only keep reachable definitions; if you are looking to use C strings, look into C.String (in kremlib/) and Server (in test/). See the KreMLin tutorial for more information.
Warning 10: : -drop is deprecated
use a combination of -bundle and -d reachability to make sure the functions are eliminated as you wish
Warning 6: in the definition of output, after the definition of output_len, in the last element of the sequence, in top-level declaration Hacl.Test.SHA2_512.test_1a, in file Hacl_Test_SHA2_512: stack newbuf 0uint8 @0 is a non-constant size, stack-allocated array; this is not supported by CompCert and requires the use of alloca(3) for MSVC
Warning 6: in the definition of output, after the definition of output_len, in the last element of the sequence, in top-level declaration Hacl.Test.SHA2_512.test_1b, in file Hacl_Test_SHA2_512: stack newbuf 0uint8 @0 is a non-constant size, stack-allocated array; this is not supported by CompCert and requires the use of alloca(3) for MSVC
Warning 6: in the definition of output, after the definition of output_len, in the last element of the sequence, in top-level declaration Hacl.Test.SHA2_512.test_2a, in file Hacl_Test_SHA2_512: stack newbuf 0uint8 @0 is a non-constant size, stack-allocated array; this is not supported by CompCert and requires the use of alloca(3) for MSVC
Warning 6: in the definition of output, after the definition of output_len, in the last element of the sequence, in top-level declaration Hacl.Test.SHA2_512.test_2b, in file Hacl_Test_SHA2_512: stack newbuf 0uint8 @0 is a non-constant size, stack-allocated array; this is not supported by CompCert and requires the use of alloca(3) for MSVC
Warning 6: in the definition of output, after the definition of output_len, in the last element of the sequence, in top-level declaration Hacl.Test.SHA2_512.test_3a, in file Hacl_Test_SHA2_512: stack newbuf 0uint8 @0 is a non-constant size, stack-allocated array; this is not supported by CompCert and requires the use of alloca(3) for MSVC
Warning 6: in the definition of output, after the definition of output_len, in the last element of the sequence, in top-level declaration Hacl.Test.SHA2_512.test_3b, in file Hacl_Test_SHA2_512: stack newbuf 0uint8 @0 is a non-constant size, stack-allocated array; this is not supported by CompCert and requires the use of alloca(3) for MSVC
Warning 6: in the definition of output, after the definition of output_len, in the last element of the sequence, in top-level declaration Hacl.Test.SHA2_512.test_4a, in file Hacl_Test_SHA2_512: stack newbuf 0uint8 @0 is a non-constant size, stack-allocated array; this is not supported by CompCert and requires the use of alloca(3) for MSVC
Warning 6: in the definition of output, after the definition of output_len, in the last element of the sequence, in top-level declaration Hacl.Test.SHA2_512.test_4b, in file Hacl_Test_SHA2_512: stack newbuf 0uint8 @0 is a non-constant size, stack-allocated array; this is not supported by CompCert and requires the use of alloca(3) for MSVC
Warning 6: in the definition of output, after the definition of output_len, in the last element of the sequence, in top-level declaration Hacl.Test.SHA2_512.test_5, in file Hacl_Test_SHA2_512: stack newbuf 0uint8 @0 is a non-constant size, stack-allocated array; this is not supported by CompCert and requires the use of alloca(3) for MSVC
Warning 6: in the definition of plaintext, after the definition of plaintext_len, in the last element of the sequence, in top-level declaration Hacl.Test.SHA2_512.test_5, in file Hacl_Test_SHA2_512: stack newbuf 0x61uint8 @0 is a non-constant size, stack-allocated array; this is not supported by CompCert and requires the use of alloca(3) for MSVC
Warning 6: in the definition of output, after the definition of output_len, in the last element of the sequence, in top-level declaration Hacl.Test.SHA2_512.test_6, in file Hacl_Test_SHA2_512: stack newbuf 0uint8 @0 is a non-constant size, stack-allocated array; this is not supported by CompCert and requires the use of alloca(3) for MSVC
Warning 13: : Hacl.UInt128.t, a monomorphic instance, is first used, and therefore inserted, in file Hacl_UInt128 which is about to be dropped; you may get a C compiler error about Hacl_UInt128_t if any other module uses this definition
Warning 13: : Prims.nat, a monomorphic instance, is first used, and therefore inserted, in file Prims which is about to be dropped; you may get a C compiler error about Prims_nat if any other module uses this definition
Warning 14: : C.String.of_literal is not Low*; it uses F*'s Prims.string type and will leak memory; you need to link with a garbage-collector; if this declaration is for specification purposes only, consider marking it noextract or using -bundle <name-of-the-module> to only keep reachable definitions; if you are looking to use C strings, look into C.String (in kremlib/) and Server (in test/). See the KreMLin tutorial for more information.
Not extracting type definition FStar.Ghost.erased to KreMLin (assumed type)
Not extracting FStar.Exn.raise to KreMLin (polymorphic assumes are not supported)
Not extracting type definition FStar.Monotonic.Witnessed.get to KreMLin (assumed type)
Not extracting type definition FStar.Monotonic.Witnessed.set to KreMLin (assumed type)
Not extracting FStar.ST.gst_witness to KreMLin (polymorphic assumes are not supported)
Not extracting FStar.ST.gst_recall to KreMLin (polymorphic assumes are not supported)
Not extracting FStar.All.pipe_right to KreMLin (polymorphic assumes are not supported)
Not extracting FStar.All.pipe_left to KreMLin (polymorphic assumes are not supported)
Not extracting FStar.All.exit to KreMLin (polymorphic assumes are not supported)
Not extracting FStar.All.try_with to KreMLin (polymorphic assumes are not supported)
Not extracting exception Failure to KreMLin (exceptions unsupported)
Not extracting FStar.All.failwith to KreMLin (polymorphic assumes are not supported)
Not extracting type definition FStar.Dyn.dyn to KreMLin (assumed type)
Not extracting FStar.Dyn.mkdyn to KreMLin (polymorphic assumes are not supported)
Not extracting FStar.Dyn.undyn to KreMLin (polymorphic assumes are not supported)
(Warning 250) Error while extracting FStar.List.filter_map to KreMLin (Failure("Internal error: name not found filter_map_acc\n"))

(Warning 250) Error while extracting FStar.List.index to KreMLin (Failure("Internal error: name not found index1\n"))

Not extracting FStar.HyperStack.ST.gst_witness to KreMLin (polymorphic assumes are not supported)
Not extracting FStar.HyperStack.ST.gst_recall to KreMLin (polymorphic assumes are not supported)
Not extracting FStar.HyperStack.All.pipe_right to KreMLin (polymorphic assumes are not supported)
Not extracting FStar.HyperStack.All.pipe_left to KreMLin (polymorphic assumes are not supported)
Not extracting FStar.HyperStack.All.failwith to KreMLin (polymorphic assumes are not supported)
Not extracting FStar.HyperStack.All.exit to KreMLin (polymorphic assumes are not supported)
Not extracting FStar.HyperStack.All.try_with to KreMLin (polymorphic assumes are not supported)
Not extracting type definition FStar.Char.char to KreMLin (assumed type)
Not extracting type definition FStar.Bytes.bytes to KreMLin (assumed type)
Not extracting C.Nullity.is_null to KreMLin (polymorphic assumes are not supported)
Not extracting C.Nullity.null to KreMLin (polymorphic assumes are not supported)
C:/build/agent1/_work/15/s/hacl-star/code/lib/kremlin/FStar.Endianness.fst(190,8-190,19): (Warning 288) FStar.Seq.Base.createEmpty is deprecated, use Seq.empty instead
C:/build/agent1/_work/15/s/hacl-star/code/lib/kremlin/FStar.Endianness.fst(309,16-309,27): (Warning 288) FStar.Seq.Base.createEmpty is deprecated, use Seq.empty instead
C:/build/agent1/_work/15/s/hacl-star/code/lib/kremlin/FStar.Endianness.fst(330,16-330,27): (Warning 288) FStar.Seq.Base.createEmpty is deprecated, use Seq.empty instead
C:/build/agent1/_work/15/s/hacl-star/code/lib/kremlin/FStar.Endianness.fst(354,8-354,19): (Warning 288) FStar.Seq.Base.createEmpty is deprecated, use Seq.empty instead
Not extracting type definition C.channel to KreMLin (assumed type)
Not extracting type definition C.intptr_t to KreMLin (assumed type)
Not extracting type definition C.char to KreMLin (assumed type)
Not extracting type definition C.int to KreMLin (assumed type)
Not extracting type definition C.clock_t to KreMLin (assumed type)
C:/build/agent1/_work/15/s/hacl-star/code/lib/kremlin/Hacl.Spec.Endianness.fst(48,31-48,42): (Warning 288) FStar.Seq.Base.createEmpty is deprecated, use Seq.empty instead
C:/build/agent1/_work/15/s/hacl-star/specs/Spec.Poly1305.fst(50,25-50,36): (Warning 288) FStar.Seq.Base.createEmpty is deprecated, use Seq.empty instead
C:/build/agent1/_work/15/s/hacl-star/specs/Spec.Lib.fst(109,18-109,29): (Warning 288) FStar.Seq.Base.createEmpty is deprecated, use Seq.empty instead
C:/build/agent1/_work/15/s/hacl-star/specs/Spec.Lib.fst(126,18-126,29): (Warning 288) FStar.Seq.Base.createEmpty is deprecated, use Seq.empty instead
C:/build/agent1/_work/15/s/hacl-star/specs/Spec.Lib.fst(135,18-135,29): (Warning 288) FStar.Seq.Base.createEmpty is deprecated, use Seq.empty instead
C:/build/agent1/_work/15/s/hacl-star/specs/Spec.Lib.fst(143,18-143,29): (Warning 288) FStar.Seq.Base.createEmpty is deprecated, use Seq.empty instead
C:/build/agent1/_work/15/s/hacl-star/specs/Spec.Lib.fst(153,18-153,29): (Warning 288) FStar.Seq.Base.createEmpty is deprecated, use Seq.empty instead
C:/build/agent1/_work/15/s/hacl-star/specs/Spec.Lib.fst(161,18-161,29): (Warning 288) FStar.Seq.Base.createEmpty is deprecated, use Seq.empty instead
C:/build/agent1/_work/15/s/hacl-star/specs/Spec.Lib.fst(170,18-170,29): (Warning 288) FStar.Seq.Base.createEmpty is deprecated, use Seq.empty instead
C:/build/agent1/_work/15/s/hacl-star/specs/Spec.Lib.fst(178,18-178,29): (Warning 288) FStar.Seq.Base.createEmpty is deprecated, use Seq.empty instead
C:/build/agent1/_work/15/s/hacl-star/specs/Spec.Lib.fst(189,32-189,43): (Warning 288) FStar.Seq.Base.createEmpty is deprecated, use Seq.empty instead
C:/build/agent1/_work/15/s/hacl-star/specs/Spec.Lib.fst(199,30-199,41): (Warning 288) FStar.Seq.Base.createEmpty is deprecated, use Seq.empty instead
C:/build/agent1/_work/15/s/hacl-star/specs/Spec.Lib.fst(208,32-208,43): (Warning 288) FStar.Seq.Base.createEmpty is deprecated, use Seq.empty instead
C:/build/agent1/_work/15/s/hacl-star/specs/Spec.Lib.fst(218,30-218,41): (Warning 288) FStar.Seq.Base.createEmpty is deprecated, use Seq.empty instead
C:/build/agent1/_work/15/s/hacl-star/specs/Spec.Lib.fst(227,32-227,43): (Warning 288) FStar.Seq.Base.createEmpty is deprecated, use Seq.empty instead
C:/build/agent1/_work/15/s/hacl-star/specs/Spec.Lib.fst(237,30-237,41): (Warning 288) FStar.Seq.Base.createEmpty is deprecated, use Seq.empty instead
C:/build/agent1/_work/15/s/hacl-star/specs/Spec.Lib.fst(282,35-282,46): (Warning 288) FStar.Seq.Base.createEmpty is deprecated, use Seq.empty instead
C:/build/agent1/_work/15/s/hacl-star/specs/Spec.Lib.fst(331,37-331,48): (Warning 288) FStar.Seq.Base.createEmpty is deprecated, use Seq.empty instead
C:/build/agent1/_work/15/s/hacl-star/specs/Spec.Lib.fst(362,65-362,76): (Warning 288) FStar.Seq.Base.createEmpty is deprecated, use Seq.empty instead
C:/build/agent1/_work/15/s/hacl-star/specs/Spec.Lib.fst(363,45-363,56): (Warning 288) FStar.Seq.Base.createEmpty is deprecated, use Seq.empty instead
C:/build/agent1/_work/15/s/hacl-star/specs/Spec.Lib.fst(388,55-388,66): (Warning 288) FStar.Seq.Base.createEmpty is deprecated, use Seq.empty instead
C:/build/agent1/_work/15/s/hacl-star/specs/Spec.Lib.fst(389,43-389,54): (Warning 288) FStar.Seq.Base.createEmpty is deprecated, use Seq.empty instead
C:/build/agent1/_work/15/s/hacl-star/specs/Spec.CTR.fst(41,22-41,33): (Warning 288) FStar.Seq.Base.createEmpty is deprecated, use Seq.empty instead
C:/build/agent1/_work/15/s/hacl-star/specs/Spec.CTR.fst(82,9-82,20): (Warning 288) FStar.Seq.Base.createEmpty is deprecated, use Seq.empty instead
C:/build/agent1/_work/15/s/hacl-star/code/salsa-family/Hacl.Lib.LoadStore32.fst(63,60-63,71): (Warning 288) FStar.Seq.Base.createEmpty is deprecated, use Seq.empty instead
C:/build/agent1/_work/15/s/hacl-star/code/salsa-family/Hacl.Lib.LoadStore32.fst(120,60-120,71): (Warning 288) FStar.Seq.Base.createEmpty is deprecated, use Seq.empty instead
C:/build/agent1/_work/15/s/hacl-star/specs/Spec.SHA2_256.fst(336,28-336,39): (Warning 288) FStar.Seq.Base.createEmpty is deprecated, use Seq.empty instead
C:/build/agent1/_work/15/s/hacl-star/code/salsa-family/Hacl.Impl.Xor.Lemmas.fst(19,65-19,76): (Warning 288) FStar.Seq.Base.createEmpty is deprecated, use Seq.empty instead
C:/build/agent1/_work/15/s/hacl-star/code/poly1305/Hacl.Spec.Poly1305_64.Lemmas1.fst(50,40-50,51): (Warning 288) FStar.Seq.Base.createEmpty is deprecated, use Seq.empty instead
C:/build/agent1/_work/15/s/hacl-star/code/poly1305/Hacl.Spec.Poly1305_64.Lemmas1.fst(126,8-126,19): (Warning 288) FStar.Seq.Base.createEmpty is deprecated, use Seq.empty instead
C:/build/agent1/_work/15/s/hacl-star/code/poly1305/Hacl.Spec.Poly1305_64.Lemmas1.fst(127,57-127,68): (Warning 288) FStar.Seq.Base.createEmpty is deprecated, use Seq.empty instead
C:/build/agent1/_work/15/s/hacl-star/code/salsa-family/Hacl.Impl.Chacha20.fst(524,39-524,50): (Warning 288) FStar.Seq.Base.createEmpty is deprecated, use Seq.empty instead
C:/build/agent1/_work/15/s/hacl-star/code/salsa-family/Hacl.Impl.Chacha20.fst(526,37-526,48): (Warning 288) FStar.Seq.Base.createEmpty is deprecated, use Seq.empty instead
C:/build/agent1/_work/15/s/hacl-star/code/salsa-family/Hacl.Impl.Chacha20.fst(562,12-562,23): (Warning 288) FStar.Seq.Base.createEmpty is deprecated, use Seq.empty instead
C:/build/agent1/_work/15/s/hacl-star/code/salsa-family/Hacl.Impl.Chacha20.fst(565,44-565,55): (Warning 288) FStar.Seq.Base.createEmpty is deprecated, use Seq.empty instead
C:/build/agent1/_work/15/s/hacl-star/code/salsa-family/Hacl.Impl.Chacha20.fst(669,12-669,23): (Warning 288) FStar.Seq.Base.createEmpty is deprecated, use Seq.empty instead
C:/build/agent1/_work/15/s/hacl-star/code/salsa-family/Hacl.Impl.Chacha20.fst(672,27-672,38): (Warning 288) FStar.Seq.Base.createEmpty is deprecated, use Seq.empty instead
C:/build/agent1/_work/15/s/hacl-star/code/salsa-family/Hacl.Impl.Chacha20.fst(744,59-744,70): (Warning 288) FStar.Seq.Base.createEmpty is deprecated, use Seq.empty instead
C:/build/agent1/_work/15/s/hacl-star/code/salsa-family/Hacl.Impl.Chacha20.fst(745,60-745,71): (Warning 288) FStar.Seq.Base.createEmpty is deprecated, use Seq.empty instead
C:/build/agent1/_work/15/s/hacl-star/code/salsa-family/Hacl.Impl.Chacha20.fst(791,56-791,67): (Warning 288) FStar.Seq.Base.createEmpty is deprecated, use Seq.empty instead
C:/build/agent1/_work/15/s/hacl-star/code/poly1305/Hacl.Spec.Poly1305_64.fst(332,19-332,30): (Warning 288) FStar.Seq.Base.createEmpty is deprecated, use Seq.empty instead
C:/build/agent1/_work/15/s/hacl-star/code/poly1305/Hacl.Spe.Poly1305_64.fst(163,54-163,65): (Warning 288) FStar.Seq.Base.createEmpty is deprecated, use Seq.empty instead
C:/build/agent1/_work/15/s/hacl-star/code/poly1305/Hacl.Spe.Poly1305_64.fst(210,8-210,19): (Warning 288) FStar.Seq.Base.createEmpty is deprecated, use Seq.empty instead
C:/build/agent1/_work/15/s/hacl-star/code/poly1305/Hacl.Spe.Poly1305_64.fst(211,57-211,68): (Warning 288) FStar.Seq.Base.createEmpty is deprecated, use Seq.empty instead
C:/build/agent1/_work/15/s/hacl-star/code/poly1305/Hacl.Impl.Poly1305_64.fst(192,22-192,33): (Warning 288) FStar.Seq.Base.createEmpty is deprecated, use Seq.empty instead
Warning 6: in the definition of plaintext', after the definition of iv', in the last element of the sequence, after the definition of i, in top-level declaration EverCrypt.aes128_gcm_encrypt, in file EverCrypt: stack newbuf 0uint8 (*,uint32) (/,uint32) (+,uint32) @5 15uint32 16uint32 16uint32 is a non-constant size, stack-allocated array; this is not supported by CompCert and requires the use of alloca(3) for MSVC
Warning 6: in the definition of cipher', after the definition of plaintext', in the last element of the sequence, after the definition of i, in top-level declaration EverCrypt.aes128_gcm_encrypt, in file EverCrypt: stack newbuf 0uint8 (*,uint32) (/,uint32) (+,uint32) @6 15uint32 16uint32 16uint32 is a non-constant size, stack-allocated array; this is not supported by CompCert and requires the use of alloca(3) for MSVC
Warning 6: in the definition of ad', after the definition of cipher', in the last element of the sequence, after the definition of i, in top-level declaration EverCrypt.aes128_gcm_encrypt, in file EverCrypt: stack newbuf 0uint8 (*,uint32) (/,uint32) (+,uint32) @9 15uint32 16uint32 16uint32 is a non-constant size, stack-allocated array; this is not supported by CompCert and requires the use of alloca(3) for MSVC
Warning 6: in the definition of plaintext', after the definition of iv', in the last element of the sequence, after the definition of i, in top-level declaration EverCrypt.aes128_gcm_decrypt, in file EverCrypt: stack newbuf 0uint8 (*,uint32) (/,uint32) (+,uint32) @5 15uint32 16uint32 16uint32 is a non-constant size, stack-allocated array; this is not supported by CompCert and requires the use of alloca(3) for MSVC
Warning 6: in the definition of cipher', after the definition of plaintext', in the last element of the sequence, after the definition of i, in top-level declaration EverCrypt.aes128_gcm_decrypt, in file EverCrypt: stack newbuf 0uint8 (*,uint32) (/,uint32) (+,uint32) @6 15uint32 16uint32 16uint32 is a non-constant size, stack-allocated array; this is not supported by CompCert and requires the use of alloca(3) for MSVC
Warning 6: in the definition of ad', after the definition of cipher', in the last element of the sequence, after the definition of i, in top-level declaration EverCrypt.aes128_gcm_decrypt, in file EverCrypt: stack newbuf 0uint8 (*,uint32) (/,uint32) (+,uint32) @9 15uint32 16uint32 16uint32 is a non-constant size, stack-allocated array; this is not supported by CompCert and requires the use of alloca(3) for MSVC
Warning 7: : After inlining, AEAD.Poly1305_64.state (going into AEAD_Poly1305_64) calls Hacl.Impl.Poly1305_64.State.poly1305_state (going into Hacl_Chacha20) -- removing the static qualifier from Hacl.Impl.Poly1305_64.State.poly1305_state
Warning 7: : After inlining, AEAD.Poly1305_64.mk_state (going into AEAD_Poly1305_64) calls Hacl.Impl.Poly1305_64.mk_state (going into Hacl_Chacha20) -- removing the static qualifier from Hacl.Impl.Poly1305_64.mk_state
Warning 7: : After inlining, AEAD.Poly1305_64.pad_last (going into AEAD_Poly1305_64) calls Hacl.Impl.Poly1305_64.poly1305_update (going into Hacl_Chacha20) -- removing the static qualifier from Hacl.Impl.Poly1305_64.poly1305_update
Warning 8: : After inlining, AEAD.Poly1305_64.pad_last (going into AEAD_Poly1305_64) calls Hacl.Impl.Poly1305_64.poly1305_update (going into Hacl_Chacha20). This is a call across translation units but Hacl.Impl.Poly1305_64.poly1305_update has a C "inline" qualifier. The C standard allows removing Hacl.Impl.Poly1305_64.poly1305_update from its translation unit (see C11 6.7.3 §5), and CompCert will do it. 
Warning 7: : After inlining, AEAD.Poly1305_64.poly1305_blocks_init (going into AEAD_Poly1305_64) calls Hacl.Standalone.Poly1305_64.poly1305_partial (going into Hacl_Chacha20) -- removing the static qualifier from Hacl.Standalone.Poly1305_64.poly1305_partial
Warning 7: : After inlining, AEAD.Poly1305_64.poly1305_blocks_continue (going into AEAD_Poly1305_64) calls Hacl.Standalone.Poly1305_64.poly1305_blocks (going into Hacl_Chacha20) -- removing the static qualifier from Hacl.Standalone.Poly1305_64.poly1305_blocks
Warning 7: : After inlining, AEAD.Poly1305_64.poly1305_blocks_finish (going into AEAD_Poly1305_64) calls Hacl.Impl.Poly1305_64.poly1305_process_last_block (going into Hacl_Chacha20) -- removing the static qualifier from Hacl.Impl.Poly1305_64.poly1305_process_last_block
Warning 8: : After inlining, AEAD.Poly1305_64.poly1305_blocks_finish (going into AEAD_Poly1305_64) calls Hacl.Impl.Poly1305_64.poly1305_process_last_block (going into Hacl_Chacha20). This is a call across translation units but Hacl.Impl.Poly1305_64.poly1305_process_last_block has a C "inline" qualifier. The C standard allows removing Hacl.Impl.Poly1305_64.poly1305_process_last_block from its translation unit (see C11 6.7.3 §5), and CompCert will do it. 
Warning 7: : After inlining, AEAD.Poly1305_64.poly1305_blocks_finish (going into AEAD_Poly1305_64) calls Hacl.Impl.Poly1305_64.poly1305_last_pass (going into Hacl_Chacha20) -- removing the static qualifier from Hacl.Impl.Poly1305_64.poly1305_last_pass
Warning 14: : C.String.of_literal is not Low*; it uses F*'s Prims.string type and will leak memory; you need to link with a garbage-collector; if this declaration is for specification purposes only, consider marking it noextract or using -bundle <name-of-the-module> to only keep reachable definitions; if you are looking to use C strings, look into C.String (in kremlib/) and Server (in test/). See the KreMLin tutorial for more information.
Warning 14: : Prims.string_of_int is not Low*; it uses mathematical integers and runtime checks may fail; rewrite your code to use machine integers, or if you must, use -add-include '"kremlin/internal/compat.h"'; if this declaration is for specification purposes only, consider marking it noextract or using -bundle <name-of-the-module> to only keep reachable definitions.
Warning 14: : Prims.string_of_int is not Low*; it uses F*'s Prims.string type and will leak memory; you need to link with a garbage-collector; if this declaration is for specification purposes only, consider marking it noextract or using -bundle <name-of-the-module> to only keep reachable definitions; if you are looking to use C strings, look into C.String (in kremlib/) and Server (in test/). See the KreMLin tutorial for more information.
Warning 14: : Prims.strcat is not Low*; it uses F*'s Prims.string type and will leak memory; you need to link with a garbage-collector; if this declaration is for specification purposes only, consider marking it noextract or using -bundle <name-of-the-module> to only keep reachable definitions; if you are looking to use C strings, look into C.String (in kremlib/) and Server (in test/). See the KreMLin tutorial for more information.
Warning 14: : Prims.abs is not Low*; it uses mathematical integers and runtime checks may fail; rewrite your code to use machine integers, or if you must, use -add-include '"kremlin/internal/compat.h"'; if this declaration is for specification purposes only, consider marking it noextract or using -bundle <name-of-the-module> to only keep reachable definitions.
Warning 14: : Prims.pow2 is not Low*; it uses mathematical integers and runtime checks may fail; rewrite your code to use machine integers, or if you must, use -add-include '"kremlin/internal/compat.h"'; if this declaration is for specification purposes only, consider marking it noextract or using -bundle <name-of-the-module> to only keep reachable definitions.
Warning 14: : Prims.op_LessThan is not Low*; it uses mathematical integers and runtime checks may fail; rewrite your code to use machine integers, or if you must, use -add-include '"kremlin/internal/compat.h"'; if this declaration is for specification purposes only, consider marking it noextract or using -bundle <name-of-the-module> to only keep reachable definitions.
Warning 14: : Prims.op_GreaterThanOrEqual is not Low*; it uses mathematical integers and runtime checks may fail; rewrite your code to use machine integers, or if you must, use -add-include '"kremlin/internal/compat.h"'; if this declaration is for specification purposes only, consider marking it noextract or using -bundle <name-of-the-module> to only keep reachable definitions.
Warning 14: : Prims.op_GreaterThan is not Low*; it uses mathematical integers and runtime checks may fail; rewrite your code to use machine integers, or if you must, use -add-include '"kremlin/internal/compat.h"'; if this declaration is for specification purposes only, consider marking it noextract or using -bundle <name-of-the-module> to only keep reachable definitions.
Warning 14: : Prims.op_LessThanOrEqual is not Low*; it uses mathematical integers and runtime checks may fail; rewrite your code to use machine integers, or if you must, use -add-include '"kremlin/internal/compat.h"'; if this declaration is for specification purposes only, consider marking it noextract or using -bundle <name-of-the-module> to only keep reachable definitions.
Warning 14: : Prims.op_Modulus is not Low*; it uses mathematical integers and runtime checks may fail; rewrite your code to use machine integers, or if you must, use -add-include '"kremlin/internal/compat.h"'; if this declaration is for specification purposes only, consider marking it noextract or using -bundle <name-of-the-module> to only keep reachable definitions.
Warning 14: : Prims.op_Minus is not Low*; it uses mathematical integers and runtime checks may fail; rewrite your code to use machine integers, or if you must, use -add-include '"kremlin/internal/compat.h"'; if this declaration is for specification purposes only, consider marking it noextract or using -bundle <name-of-the-module> to only keep reachable definitions.
Warning 14: : Prims.op_Addition is not Low*; it uses mathematical integers and runtime checks may fail; rewrite your code to use machine integers, or if you must, use -add-include '"kremlin/internal/compat.h"'; if this declaration is for specification purposes only, consider marking it noextract or using -bundle <name-of-the-module> to only keep reachable definitions.
Warning 14: : Prims.op_Subtraction is not Low*; it uses mathematical integers and runtime checks may fail; rewrite your code to use machine integers, or if you must, use -add-include '"kremlin/internal/compat.h"'; if this declaration is for specification purposes only, consider marking it noextract or using -bundle <name-of-the-module> to only keep reachable definitions.
Warning 14: : Prims.op_Division is not Low*; it uses mathematical integers and runtime checks may fail; rewrite your code to use machine integers, or if you must, use -add-include '"kremlin/internal/compat.h"'; if this declaration is for specification purposes only, consider marking it noextract or using -bundle <name-of-the-module> to only keep reachable definitions.
Warning 14: : Prims.op_Multiply is not Low*; it uses mathematical integers and runtime checks may fail; rewrite your code to use machine integers, or if you must, use -add-include '"kremlin/internal/compat.h"'; if this declaration is for specification purposes only, consider marking it noextract or using -bundle <name-of-the-module> to only keep reachable definitions.
evercrypt/c/evercrypt_bytes.c:1:43: fatal error: kremlib/extracted/FStar_Bytes.h: No such file or directory
compilation terminated.
evercrypt/c/evercrypt_bytes.c:1:43: fatal error: kremlib/extracted/FStar_Bytes.h: No such file or directory
compilation terminated.
evercrypt/c/evercrypt_bytes.c:1:43: fatal error: kremlib/extracted/FStar_Bytes.h: No such file or directory
compilation terminated.
make[1]: *** [<builtin>: evercrypt/c/evercrypt_bytes.o] Error 1
make[1]: *** Waiting for unfinished jobs....
make: *** [Makefile:45: all] Error 2
