Cloning into 'fstar'...
Checking out files:  20% (594/2829)   Checking out files:  21% (595/2829)   Checking out files:  22% (623/2829)   Checking out files:  23% (651/2829)   Checking out files:  24% (679/2829)   Checking out files:  25% (708/2829)   Checking out files:  26% (736/2829)   Checking out files:  27% (764/2829)   Checking out files:  28% (793/2829)   Checking out files:  29% (821/2829)   Checking out files:  30% (849/2829)   Checking out files:  31% (877/2829)   Checking out files:  32% (906/2829)   Checking out files:  33% (934/2829)   Checking out files:  34% (962/2829)   Checking out files:  35% (991/2829)   Checking out files:  36% (1019/2829)   Checking out files:  37% (1047/2829)   Checking out files:  38% (1076/2829)   Checking out files:  39% (1104/2829)   Checking out files:  40% (1132/2829)   Checking out files:  41% (1160/2829)   Checking out files:  42% (1189/2829)   Checking out files:  42% (1192/2829)   Checking out files:  43% (1217/2829)   Checking out files:  44% (1245/2829)   Checking out files:  45% (1274/2829)   Checking out files:  46% (1302/2829)   Checking out files:  47% (1330/2829)   Checking out files:  48% (1358/2829)   Checking out files:  49% (1387/2829)   Checking out files:  50% (1415/2829)   Checking out files:  51% (1443/2829)   Checking out files:  52% (1472/2829)   Checking out files:  53% (1500/2829)   Checking out files:  54% (1528/2829)   Checking out files:  55% (1556/2829)   Checking out files:  56% (1585/2829)   Checking out files:  57% (1613/2829)   Checking out files:  58% (1641/2829)   Checking out files:  59% (1670/2829)   Checking out files:  60% (1698/2829)   Checking out files:  61% (1726/2829)   Checking out files:  62% (1754/2829)   Checking out files:  62% (1773/2829)   Checking out files:  63% (1783/2829)   Checking out files:  64% (1811/2829)   Checking out files:  65% (1839/2829)   Checking out files:  66% (1868/2829)   Checking out files:  67% (1896/2829)   Checking out files:  68% (1924/2829)   Checking out files:  69% (1953/2829)   Checking out files:  70% (1981/2829)   Checking out files:  71% (2009/2829)   Checking out files:  72% (2037/2829)   Checking out files:  73% (2066/2829)   Checking out files:  74% (2094/2829)   Checking out files:  75% (2122/2829)   Checking out files:  76% (2151/2829)   Checking out files:  77% (2179/2829)   Checking out files:  78% (2207/2829)   Checking out files:  79% (2235/2829)   Checking out files:  80% (2264/2829)   Checking out files:  81% (2292/2829)   Checking out files:  82% (2320/2829)   Checking out files:  82% (2324/2829)   Checking out files:  83% (2349/2829)   Checking out files:  84% (2377/2829)   Checking out files:  85% (2405/2829)   Checking out files:  86% (2433/2829)   Checking out files:  87% (2462/2829)   Checking out files:  88% (2490/2829)   Checking out files:  89% (2518/2829)   Checking out files:  90% (2547/2829)   Checking out files:  91% (2575/2829)   Checking out files:  92% (2603/2829)   Checking out files:  93% (2631/2829)   Checking out files:  94% (2660/2829)   Checking out files:  95% (2688/2829)   Checking out files:  96% (2716/2829)   Checking out files:  97% (2745/2829)   Checking out files:  98% (2773/2829)   Checking out files:  99% (2801/2829)   Checking out files: 100% (2829/2829)   Checking out files: 100% (2829/2829), done.
Warning: you are using the standard library and/or the %inline keyword. We
recommend switching on --infer in order to avoid obscure type error messages.
Cloning into 'kremlin'...
Cloning into 'hacl-star'...
Checking out files:  10% (576/5288)   Checking out files:  11% (582/5288)   Checking out files:  12% (635/5288)   Checking out files:  13% (688/5288)   Checking out files:  14% (741/5288)   Checking out files:  15% (794/5288)   Checking out files:  16% (847/5288)   Checking out files:  17% (899/5288)   Checking out files:  18% (952/5288)   Checking out files:  19% (1005/5288)   Checking out files:  20% (1058/5288)   Checking out files:  21% (1111/5288)   Checking out files:  22% (1164/5288)   Checking out files:  23% (1217/5288)   Checking out files:  23% (1222/5288)   Checking out files:  24% (1270/5288)   Checking out files:  25% (1322/5288)   Checking out files:  26% (1375/5288)   Checking out files:  27% (1428/5288)   Checking out files:  28% (1481/5288)   Checking out files:  29% (1534/5288)   Checking out files:  30% (1587/5288)   Checking out files:  31% (1640/5288)   Checking out files:  32% (1693/5288)   Checking out files:  33% (1746/5288)   Checking out files:  33% (1772/5288)   Checking out files:  34% (1798/5288)   Checking out files:  35% (1851/5288)   Checking out files:  36% (1904/5288)   Checking out files:  37% (1957/5288)   Checking out files:  38% (2010/5288)   Checking out files:  39% (2063/5288)   Checking out files:  40% (2116/5288)   Checking out files:  41% (2169/5288)   Checking out files:  42% (2221/5288)   Checking out files:  43% (2274/5288)   Checking out files:  44% (2327/5288)   Checking out files:  44% (2368/5288)   Checking out files:  45% (2380/5288)   Checking out files:  46% (2433/5288)   Checking out files:  47% (2486/5288)   Checking out files:  48% (2539/5288)   Checking out files:  49% (2592/5288)   Checking out files:  50% (2644/5288)   Checking out files:  51% (2697/5288)   Checking out files:  52% (2750/5288)   Checking out files:  53% (2803/5288)   Checking out files:  54% (2856/5288)   Checking out files:  55% (2909/5288)   Checking out files:  56% (2962/5288)   Checking out files:  56% (2973/5288)   Checking out files:  57% (3015/5288)   Checking out files:  58% (3068/5288)   Checking out files:  59% (3120/5288)   Checking out files:  60% (3173/5288)   Checking out files:  61% (3226/5288)   Checking out files:  62% (3279/5288)   Checking out files:  63% (3332/5288)   Checking out files:  64% (3385/5288)   Checking out files:  65% (3438/5288)   Checking out files:  66% (3491/5288)   Checking out files:  67% (3543/5288)   Checking out files:  67% (3549/5288)   Checking out files:  68% (3596/5288)   Checking out files:  69% (3649/5288)   Checking out files:  70% (3702/5288)   Checking out files:  71% (3755/5288)   Checking out files:  72% (3808/5288)   Checking out files:  73% (3861/5288)   Checking out files:  74% (3914/5288)   Checking out files:  75% (3966/5288)   Checking out files:  76% (4019/5288)   Checking out files:  77% (4072/5288)   Checking out files:  77% (4074/5288)   Checking out files:  78% (4125/5288)   Checking out files:  79% (4178/5288)   Checking out files:  80% (4231/5288)   Checking out files:  81% (4284/5288)   Checking out files:  82% (4337/5288)   Checking out files:  83% (4390/5288)   Checking out files:  84% (4442/5288)   Checking out files:  85% (4495/5288)   Checking out files:  86% (4548/5288)   Checking out files:  87% (4601/5288)   Checking out files:  87% (4634/5288)   Checking out files:  88% (4654/5288)   Checking out files:  89% (4707/5288)   Checking out files:  90% (4760/5288)   Checking out files:  91% (4813/5288)   Checking out files:  92% (4865/5288)   Checking out files:  93% (4918/5288)   Checking out files:  94% (4971/5288)   Checking out files:  95% (5024/5288)   Checking out files:  96% (5077/5288)   Checking out files:  97% (5130/5288)   Checking out files:  98% (5183/5288)   Checking out files:  98% (5226/5288)   Checking out files:  99% (5236/5288)   Checking out files: 100% (5288/5288)   Checking out files: 100% (5288/5288), done.
Cloning into 'mlcrypto'...
Submodule 'openssl' (https://github.com/openssl/openssl) registered for path 'openssl'
Cloning into '/cygdrive/c/build/agent1/_work/2/s/mlcrypto/openssl'...
crypto/asn1/x_int64.c: In function 'uint64_print':
crypto/asn1/x_int64.c:105:32: warning: unknown conversion type character 'j' in format [-Wformat=]
return BIO_printf(out, "%jd\n", **(int64_t **)pval);
^
crypto/asn1/x_int64.c:105:32: warning: too many arguments for format [-Wformat-extra-args]
crypto/asn1/x_int64.c:106:28: warning: unknown conversion type character 'j' in format [-Wformat=]
return BIO_printf(out, "%ju\n", **(uint64_t **)pval);
^
crypto/asn1/x_int64.c:106:28: warning: too many arguments for format [-Wformat-extra-args]
crypto/bio/b_sock2.c: In function 'BIO_socket':
crypto/bio/b_sock2.c:45:16: warning: overflow in implicit constant conversion [-Woverflow]
return INVALID_SOCKET;
^
crypto/bio/b_sock2.c:51:16: warning: overflow in implicit constant conversion [-Woverflow]
return INVALID_SOCKET;
^
crypto/bio/b_sock2.c: In function 'BIO_accept_ex':
crypto/bio/b_sock2.c:263:16: warning: overflow in implicit constant conversion [-Woverflow]
return INVALID_SOCKET;
^
crypto/bio/b_sock2.c:268:16: warning: overflow in implicit constant conversion [-Woverflow]
return INVALID_SOCKET;
^
crypto/bio/b_sock.c: In function 'BIO_get_accept_socket':
crypto/bio/b_sock.c:202:13: warning: overflow in implicit constant conversion [-Woverflow]
int s = INVALID_SOCKET;
^
crypto/bio/b_sock.c:207:16: warning: overflow in implicit constant conversion [-Woverflow]
return INVALID_SOCKET;
^
crypto/bio/b_sock.c:210:16: warning: overflow in implicit constant conversion [-Woverflow]
return INVALID_SOCKET;
^
crypto/bio/b_sock.c:217:13: warning: overflow in implicit constant conversion [-Woverflow]
s = INVALID_SOCKET;
^
crypto/bio/b_sock.c:224:13: warning: overflow in implicit constant conversion [-Woverflow]
s = INVALID_SOCKET;
^
In file included from crypto/bn/bn_print.c:15:0:
crypto/bn/bn_print.c: In function 'BN_bn2dec':
crypto/bn/bn_lcl.h:94:27: warning: unknown conversion type character 'l' in format [-Wformat=]
#  define BN_DEC_FMT1     "%llu"
^
crypto/bn/bn_print.c:104:57: note: in expansion of macro 'BN_DEC_FMT1'
n = BIO_snprintf(p, tbytes - (size_t)(p - buf), BN_DEC_FMT1, *lp);
^
crypto/bn/bn_lcl.h:94:27: warning: too many arguments for format [-Wformat-extra-args]
#  define BN_DEC_FMT1     "%llu"
^
crypto/bn/bn_print.c:104:57: note: in expansion of macro 'BN_DEC_FMT1'
n = BIO_snprintf(p, tbytes - (size_t)(p - buf), BN_DEC_FMT1, *lp);
^
crypto/bn/bn_lcl.h:95:27: warning: unknown conversion type character 'l' in format [-Wformat=]
#  define BN_DEC_FMT2     "%019llu"
^
crypto/bn/bn_print.c:110:61: note: in expansion of macro 'BN_DEC_FMT2'
n = BIO_snprintf(p, tbytes - (size_t)(p - buf), BN_DEC_FMT2, *lp);
^
crypto/bn/bn_lcl.h:95:27: warning: too many arguments for format [-Wformat-extra-args]
#  define BN_DEC_FMT2     "%019llu"
^
crypto/bn/bn_print.c:110:61: note: in expansion of macro 'BN_DEC_FMT2'
n = BIO_snprintf(p, tbytes - (size_t)(p - buf), BN_DEC_FMT2, *lp);
^
crypto/bn/bn_print.c: In function 'BN_options':
crypto/bn/bn_print.c:340:42: warning: unknown conversion type character 'z' in format [-Wformat=]
BIO_snprintf(data, sizeof(data), "bn(%zu,%zu)",
^
crypto/bn/bn_print.c:340:42: warning: unknown conversion type character 'z' in format [-Wformat=]
crypto/bn/bn_print.c:340:42: warning: too many arguments for format [-Wformat-extra-args]
crypto/threads_win.c: In function 'CRYPTO_atomic_add':
crypto/threads_win.c:132:35: warning: passing argument 1 of '_InterlockedExchangeAdd' from incompatible pointer type [-Wincompatible-pointer-types]
*ret = InterlockedExchangeAdd(val, amount) + amount;
^
In file included from /usr/x86_64-w64-mingw32/sys-root/mingw/include/winnt.h:27:0,
from /usr/x86_64-w64-mingw32/sys-root/mingw/include/minwindef.h:163,
from /usr/x86_64-w64-mingw32/sys-root/mingw/include/windef.h:8,
from /usr/x86_64-w64-mingw32/sys-root/mingw/include/windows.h:69,
from crypto/threads_win.c:11:
/usr/x86_64-w64-mingw32/sys-root/mingw/include/psdk_inc/intrin-impl.h:1026:10: note: expected 'volatile long int *' but argument is of type 'int *'
__LONG32 _InterlockedExchangeAdd(__LONG32 volatile *Addend, __LONG32 Value) {
^
crypto/threads_win.c: In function 'CRYPTO_atomic_read':
crypto/threads_win.c:138:39: warning: passing argument 1 of '_InterlockedCompareExchange' from incompatible pointer type [-Wincompatible-pointer-types]
*ret = InterlockedCompareExchange(val, 0, 0);
^
In file included from /usr/x86_64-w64-mingw32/sys-root/mingw/include/winnt.h:27:0,
from /usr/x86_64-w64-mingw32/sys-root/mingw/include/minwindef.h:163,
from /usr/x86_64-w64-mingw32/sys-root/mingw/include/windef.h:8,
from /usr/x86_64-w64-mingw32/sys-root/mingw/include/windows.h:69,
from crypto/threads_win.c:11:
/usr/x86_64-w64-mingw32/sys-root/mingw/include/psdk_inc/intrin-impl.h:1037:10: note: expected 'volatile long int *' but argument is of type 'int *'
__LONG32 _InterlockedCompareExchange(__LONG32 volatile *Destination, __LONG32 ExChange, __LONG32 Comperand) {
^
crypto/threads_win.c: In function 'CRYPTO_atomic_write':
crypto/threads_win.c:144:25: warning: passing argument 1 of '_InterlockedExchange' from incompatible pointer type [-Wincompatible-pointer-types]
InterlockedExchange(val, n);
^
In file included from /usr/x86_64-w64-mingw32/sys-root/mingw/include/winnt.h:27:0,
from /usr/x86_64-w64-mingw32/sys-root/mingw/include/minwindef.h:163,
from /usr/x86_64-w64-mingw32/sys-root/mingw/include/windef.h:8,
from /usr/x86_64-w64-mingw32/sys-root/mingw/include/windows.h:69,
from crypto/threads_win.c:11:
/usr/x86_64-w64-mingw32/sys-root/mingw/include/psdk_inc/intrin-impl.h:1088:10: note: expected 'volatile long int *' but argument is of type 'int *'
__LONG32 _InterlockedExchange(__LONG32 volatile *Target, __LONG32 Value) {
^
test/testutil/tests.c: In function 'test_size_t_eq':
test/testutil/tests.c:196:27: warning: unknown conversion type character 'z' in format [-Wformat=]
"[" fmt "] compared to [" fmt "]",            \
^
test/testutil/tests.c:202:5: note: in expansion of macro 'DEFINE_COMPARISON'
DEFINE_COMPARISON(type, name, eq, ==, fmt)                          \
^
test/testutil/tests.c:215:1: note: in expansion of macro 'DEFINE_COMPARISONS'
DEFINE_COMPARISONS(size_t, size_t, "%zu")
^
test/testutil/tests.c:196:27: warning: unknown conversion type character 'z' in format [-Wformat=]
"[" fmt "] compared to [" fmt "]",            \
^
test/testutil/tests.c:202:5: note: in expansion of macro 'DEFINE_COMPARISON'
DEFINE_COMPARISON(type, name, eq, ==, fmt)                          \
^
test/testutil/tests.c:215:1: note: in expansion of macro 'DEFINE_COMPARISONS'
DEFINE_COMPARISONS(size_t, size_t, "%zu")
^
test/testutil/tests.c:196:27: warning: too many arguments for format [-Wformat-extra-args]
"[" fmt "] compared to [" fmt "]",            \
^
test/testutil/tests.c:202:5: note: in expansion of macro 'DEFINE_COMPARISON'
DEFINE_COMPARISON(type, name, eq, ==, fmt)                          \
^
test/testutil/tests.c:215:1: note: in expansion of macro 'DEFINE_COMPARISONS'
DEFINE_COMPARISONS(size_t, size_t, "%zu")
^
test/testutil/tests.c: In function 'test_size_t_ne':
test/testutil/tests.c:196:27: warning: unknown conversion type character 'z' in format [-Wformat=]
"[" fmt "] compared to [" fmt "]",            \
^
test/testutil/tests.c:203:5: note: in expansion of macro 'DEFINE_COMPARISON'
DEFINE_COMPARISON(type, name, ne, !=, fmt)                          \
^
test/testutil/tests.c:215:1: note: in expansion of macro 'DEFINE_COMPARISONS'
DEFINE_COMPARISONS(size_t, size_t, "%zu")
^
test/testutil/tests.c:196:27: warning: unknown conversion type character 'z' in format [-Wformat=]
"[" fmt "] compared to [" fmt "]",            \
^
test/testutil/tests.c:203:5: note: in expansion of macro 'DEFINE_COMPARISON'
DEFINE_COMPARISON(type, name, ne, !=, fmt)                          \
^
test/testutil/tests.c:215:1: note: in expansion of macro 'DEFINE_COMPARISONS'
DEFINE_COMPARISONS(size_t, size_t, "%zu")
^
test/testutil/tests.c:196:27: warning: too many arguments for format [-Wformat-extra-args]
"[" fmt "] compared to [" fmt "]",            \
^
test/testutil/tests.c:203:5: note: in expansion of macro 'DEFINE_COMPARISON'
DEFINE_COMPARISON(type, name, ne, !=, fmt)                          \
^
test/testutil/tests.c:215:1: note: in expansion of macro 'DEFINE_COMPARISONS'
DEFINE_COMPARISONS(size_t, size_t, "%zu")
^
test/testutil/tests.c: In function 'test_size_t_lt':
test/testutil/tests.c:196:27: warning: unknown conversion type character 'z' in format [-Wformat=]
"[" fmt "] compared to [" fmt "]",            \
^
test/testutil/tests.c:204:5: note: in expansion of macro 'DEFINE_COMPARISON'
DEFINE_COMPARISON(type, name, lt, <, fmt)                           \
^
test/testutil/tests.c:215:1: note: in expansion of macro 'DEFINE_COMPARISONS'
DEFINE_COMPARISONS(size_t, size_t, "%zu")
^
test/testutil/tests.c:196:27: warning: unknown conversion type character 'z' in format [-Wformat=]
"[" fmt "] compared to [" fmt "]",            \
^
test/testutil/tests.c:204:5: note: in expansion of macro 'DEFINE_COMPARISON'
DEFINE_COMPARISON(type, name, lt, <, fmt)                           \
^
test/testutil/tests.c:215:1: note: in expansion of macro 'DEFINE_COMPARISONS'
DEFINE_COMPARISONS(size_t, size_t, "%zu")
^
test/testutil/tests.c:196:27: warning: too many arguments for format [-Wformat-extra-args]
"[" fmt "] compared to [" fmt "]",            \
^
test/testutil/tests.c:204:5: note: in expansion of macro 'DEFINE_COMPARISON'
DEFINE_COMPARISON(type, name, lt, <, fmt)                           \
^
test/testutil/tests.c:215:1: note: in expansion of macro 'DEFINE_COMPARISONS'
DEFINE_COMPARISONS(size_t, size_t, "%zu")
^
test/testutil/tests.c: In function 'test_size_t_le':
test/testutil/tests.c:196:27: warning: unknown conversion type character 'z' in format [-Wformat=]
"[" fmt "] compared to [" fmt "]",            \
^
test/testutil/tests.c:205:5: note: in expansion of macro 'DEFINE_COMPARISON'
DEFINE_COMPARISON(type, name, le, <=, fmt)                          \
^
test/testutil/tests.c:215:1: note: in expansion of macro 'DEFINE_COMPARISONS'
DEFINE_COMPARISONS(size_t, size_t, "%zu")
^
test/testutil/tests.c:196:27: warning: unknown conversion type character 'z' in format [-Wformat=]
"[" fmt "] compared to [" fmt "]",            \
^
test/testutil/tests.c:205:5: note: in expansion of macro 'DEFINE_COMPARISON'
DEFINE_COMPARISON(type, name, le, <=, fmt)                          \
^
test/testutil/tests.c:215:1: note: in expansion of macro 'DEFINE_COMPARISONS'
DEFINE_COMPARISONS(size_t, size_t, "%zu")
^
test/testutil/tests.c:196:27: warning: too many arguments for format [-Wformat-extra-args]
"[" fmt "] compared to [" fmt "]",            \
^
test/testutil/tests.c:205:5: note: in expansion of macro 'DEFINE_COMPARISON'
DEFINE_COMPARISON(type, name, le, <=, fmt)                          \
^
test/testutil/tests.c:215:1: note: in expansion of macro 'DEFINE_COMPARISONS'
DEFINE_COMPARISONS(size_t, size_t, "%zu")
^
test/testutil/tests.c: In function 'test_size_t_gt':
test/testutil/tests.c:196:27: warning: unknown conversion type character 'z' in format [-Wformat=]
"[" fmt "] compared to [" fmt "]",            \
^
test/testutil/tests.c:206:5: note: in expansion of macro 'DEFINE_COMPARISON'
DEFINE_COMPARISON(type, name, gt, >, fmt)                           \
^
test/testutil/tests.c:215:1: note: in expansion of macro 'DEFINE_COMPARISONS'
DEFINE_COMPARISONS(size_t, size_t, "%zu")
^
test/testutil/tests.c:196:27: warning: unknown conversion type character 'z' in format [-Wformat=]
"[" fmt "] compared to [" fmt "]",            \
^
test/testutil/tests.c:206:5: note: in expansion of macro 'DEFINE_COMPARISON'
DEFINE_COMPARISON(type, name, gt, >, fmt)                           \
^
test/testutil/tests.c:215:1: note: in expansion of macro 'DEFINE_COMPARISONS'
DEFINE_COMPARISONS(size_t, size_t, "%zu")
^
test/testutil/tests.c:196:27: warning: too many arguments for format [-Wformat-extra-args]
"[" fmt "] compared to [" fmt "]",            \
^
test/testutil/tests.c:206:5: note: in expansion of macro 'DEFINE_COMPARISON'
DEFINE_COMPARISON(type, name, gt, >, fmt)                           \
^
test/testutil/tests.c:215:1: note: in expansion of macro 'DEFINE_COMPARISONS'
DEFINE_COMPARISONS(size_t, size_t, "%zu")
^
test/testutil/tests.c: In function 'test_size_t_ge':
test/testutil/tests.c:196:27: warning: unknown conversion type character 'z' in format [-Wformat=]
"[" fmt "] compared to [" fmt "]",            \
^
test/testutil/tests.c:207:5: note: in expansion of macro 'DEFINE_COMPARISON'
DEFINE_COMPARISON(type, name, ge, >=, fmt)
^
test/testutil/tests.c:215:1: note: in expansion of macro 'DEFINE_COMPARISONS'
DEFINE_COMPARISONS(size_t, size_t, "%zu")
^
test/testutil/tests.c:196:27: warning: unknown conversion type character 'z' in format [-Wformat=]
"[" fmt "] compared to [" fmt "]",            \
^
test/testutil/tests.c:207:5: note: in expansion of macro 'DEFINE_COMPARISON'
DEFINE_COMPARISON(type, name, ge, >=, fmt)
^
test/testutil/tests.c:215:1: note: in expansion of macro 'DEFINE_COMPARISONS'
DEFINE_COMPARISONS(size_t, size_t, "%zu")
^
test/testutil/tests.c:196:27: warning: too many arguments for format [-Wformat-extra-args]
"[" fmt "] compared to [" fmt "]",            \
^
test/testutil/tests.c:207:5: note: in expansion of macro 'DEFINE_COMPARISON'
DEFINE_COMPARISON(type, name, ge, >=, fmt)
^
test/testutil/tests.c:215:1: note: in expansion of macro 'DEFINE_COMPARISONS'
DEFINE_COMPARISONS(size_t, size_t, "%zu")
^
ar: creating libssl.a
ar: creating test/libtestutil.a
ar: creating libcrypto.a
openssl_stub.c: In function ‘ocaml_load_chain’:
openssl_stub.c:2187:16: warning: variable ‘first’ set but not used [-Wunused-but-set-variable]
X509 *x509, *first = NULL;
^
Warning 10: : -drop is deprecated
use a combination of -bundle and -d reachability to make sure the functions are eliminated as you wish
Warning 10: : -drop is deprecated
use a combination of -bundle and -d reachability to make sure the functions are eliminated as you wish
Warning 2: in the definition of b0', after the definition of b4', in top-level declaration Hacl.Bignum.Modulo.carry_top_wide, in file Hacl_Curve25519: Reference to FStar.UInt128.mul_wide has no corresponding implementation; please provide a C implementation
Warning 2: after the definition of yi, in the definition of f', in the last element of the sequence, after the definition of h0, in top-level declaration Hacl.Bignum.Fproduct.sum_scalar_multiplication_, in file Hacl_Curve25519: Reference to FStar.UInt128.mul_wide has no corresponding implementation; please provide a C implementation
Warning 2: after the definition of xi, in the definition of f', in the last element of the sequence, after the definition of h0, in top-level declaration Hacl.Bignum.Fscalar.fscalar, in file Hacl_Curve25519: Reference to FStar.UInt128.mul_wide has no corresponding implementation; please provide a C implementation
Warning 2: in the definition of s0, after the definition of d4, in top-level declaration Hacl.Bignum.Fsquare.fsquare__, in file Hacl_Curve25519: Reference to FStar.UInt128.mul_wide has no corresponding implementation; please provide a C implementation
Warning 2: in the definition of s0, after the definition of d4, in top-level declaration Hacl.Bignum.Fsquare.fsquare__, in file Hacl_Curve25519: Reference to FStar.UInt128.mul_wide has no corresponding implementation; please provide a C implementation
Warning 2: in the definition of s0, after the definition of d4, in top-level declaration Hacl.Bignum.Fsquare.fsquare__, in file Hacl_Curve25519: Reference to FStar.UInt128.mul_wide has no corresponding implementation; please provide a C implementation
Warning 2: in the definition of s1, after the definition of s0, in top-level declaration Hacl.Bignum.Fsquare.fsquare__, in file Hacl_Curve25519: Reference to FStar.UInt128.mul_wide has no corresponding implementation; please provide a C implementation
Warning 2: in the definition of s1, after the definition of s0, in top-level declaration Hacl.Bignum.Fsquare.fsquare__, in file Hacl_Curve25519: Reference to FStar.UInt128.mul_wide has no corresponding implementation; please provide a C implementation
Warning 2: in the definition of s1, after the definition of s0, in top-level declaration Hacl.Bignum.Fsquare.fsquare__, in file Hacl_Curve25519: Reference to FStar.UInt128.mul_wide has no corresponding implementation; please provide a C implementation
Warning 2: in the definition of s2, after the definition of s1, in top-level declaration Hacl.Bignum.Fsquare.fsquare__, in file Hacl_Curve25519: Reference to FStar.UInt128.mul_wide has no corresponding implementation; please provide a C implementation
Warning 2: in the definition of s2, after the definition of s1, in top-level declaration Hacl.Bignum.Fsquare.fsquare__, in file Hacl_Curve25519: Reference to FStar.UInt128.mul_wide has no corresponding implementation; please provide a C implementation
Warning 2: in the definition of s2, after the definition of s1, in top-level declaration Hacl.Bignum.Fsquare.fsquare__, in file Hacl_Curve25519: Reference to FStar.UInt128.mul_wide has no corresponding implementation; please provide a C implementation
Warning 2: in the definition of s3, after the definition of s2, in top-level declaration Hacl.Bignum.Fsquare.fsquare__, in file Hacl_Curve25519: Reference to FStar.UInt128.mul_wide has no corresponding implementation; please provide a C implementation
Warning 2: in the definition of s3, after the definition of s2, in top-level declaration Hacl.Bignum.Fsquare.fsquare__, in file Hacl_Curve25519: Reference to FStar.UInt128.mul_wide has no corresponding implementation; please provide a C implementation
Warning 2: in the definition of s3, after the definition of s2, in top-level declaration Hacl.Bignum.Fsquare.fsquare__, in file Hacl_Curve25519: Reference to FStar.UInt128.mul_wide has no corresponding implementation; please provide a C implementation
Warning 2: in the definition of s4, after the definition of s3, in top-level declaration Hacl.Bignum.Fsquare.fsquare__, in file Hacl_Curve25519: Reference to FStar.UInt128.mul_wide has no corresponding implementation; please provide a C implementation
Warning 2: in the definition of s4, after the definition of s3, in top-level declaration Hacl.Bignum.Fsquare.fsquare__, in file Hacl_Curve25519: Reference to FStar.UInt128.mul_wide has no corresponding implementation; please provide a C implementation
Warning 2: in the definition of s4, after the definition of s3, in top-level declaration Hacl.Bignum.Fsquare.fsquare__, in file Hacl_Curve25519: Reference to FStar.UInt128.mul_wide has no corresponding implementation; please provide a C implementation
Warning 13: : Prims.nat, a monomorphic instance, is first used, and therefore inserted, in file Prims which is about to be dropped; you may get a C compiler error about Prims_nat if any other module uses this definition
Warning 13: : C.exit_code, a monomorphic instance, is first used, and therefore inserted, in file C which is about to be dropped; you may get a C compiler error about C_exit_code if any other module uses this definition
Warning 13: : FStar.Monotonic.HyperStack.mem, a monomorphic instance, is first used, and therefore inserted, in file FStar which is about to be dropped; you may get a C compiler error about FStar_Monotonic_HyperStack_mem if any other module uses this definition
Warning 13: : FStar.UInt128.t, a monomorphic instance, is first used, and therefore inserted, in file FStar which is about to be dropped; you may get a C compiler error about FStar_UInt128_t if any other module uses this definition
Warning 13: : Hacl.UInt128.t, a monomorphic instance, is first used, and therefore inserted, in file Hacl_UInt128 which is about to be dropped; you may get a C compiler error about Hacl_UInt128_t if any other module uses this definition
Warning 7: : After inlining, Hacl.Test.X25519.main (going into Hacl_Test_X25519) calls Hacl.EC.crypto_scalarmult (going into Hacl_Curve25519) -- removing the static qualifier from Hacl.EC.crypto_scalarmult
Makefile.extract:230: *** The Chacha20Poly1305 directory is ../code/api/aead-c and I cannot find ../code/api/aead-c/Hacl_Chacha20Poly1305.c -- please run `make -C ../code/api/aead-c/.. extract-c`.  Stop.
make[1]: *** [Makefile:29: hacl_aes_abstract_id] Error 2
make[1]: *** Waiting for unfinished jobs....
Makefile.extract:230: *** The Chacha20Poly1305 directory is ../code/api/aead-c and I cannot find ../code/api/aead-c/Hacl_Chacha20Poly1305.c -- please run `make -C ../code/api/aead-c/.. extract-c`.  Stop.
make[1]: *** [Makefile:26: vale_aes_abstract_id] Error 2
Makefile.extract:230: *** The Chacha20Poly1305 directory is ../code/api/aead-c and I cannot find ../code/api/aead-c/Hacl_Chacha20Poly1305.c -- please run `make -C ../code/api/aead-c/.. extract-c`.  Stop.
make[1]: *** [Makefile:17: runtime_switch] Error 2
make: *** [Makefile:5: all] Error 2
